==========================================
  ___  ______  ___ ______       _ 
 / _ \ | ___ \/   ||  ___|     | |
/ /_\ \| |_/ / /| || |_ ___  __| |
|  _  ||  __/ /_| ||  _/ _ \/ _` |
| | | || |  \___  || ||  __/ (_| |
\_| |_/\_|      |_/\_| \___|\__,_| v.1.5.0

==========================================
Simulation Started!
List of the Architectural Patterns enabled:
Client Registry ✅
Client Selector ✅
 AP Parameters: {'selection_strategy': 'Resource-Based', 'selection_criteria': 'CPU', 'selection_value': 2}
==========================================
Client Client 23 participates in this round. (CPU: 2, RAM: 4)
Client Client 27 has insufficient CPU (1). Will not participate in the next FL round.
Client Client 25 participates in this round. (CPU: 2, RAM: 4)
Client Client 28 has insufficient CPU (1). Will not participate in the next FL round.
Client Client 26 has insufficient CPU (1). Will not participate in the next FL round.
Client Client 24 participates in this round. (CPU: 2, RAM: 4)
Results Aggregated in 75.06 seconds.
{'CNN 64k': {'train_loss': [1.334402708053589], 'train_accuracy': [0.4912], 'train_f1': [0.10759428677080887], 'train_mae': [1.9477333333333333], 'val_loss': [3.8214104479471844], 'val_accuracy': [0.11696666666666666], 'val_f1': [0.029266381778047156], 'val_mae': [3.154], 'jsd': [(0, 0, 0, 0.35067171963499644, 0.3410877212234671, 0.3545698196912417)]}}
Client Client 23 participates in this round. (CPU: 2, RAM: 4)
Client Client 28 has insufficient CPU (1). Will not participate in the next FL round.
Client Client 26 has insufficient CPU (1). Will not participate in the next FL round.
Client Client 25 participates in this round. (CPU: 2, RAM: 4)
Client Client 24 participates in this round. (CPU: 2, RAM: 4)
Client Client 27 has insufficient CPU (1). Will not participate in the next FL round.
Results Aggregated in 76.49 seconds.
{'CNN 64k': {'train_loss': [1.334402708053589, 1.3339090291023254], 'train_accuracy': [0.4912, 0.4826], 'train_f1': [0.10759428677080887, 0.18966461874086635], 'train_mae': [1.9477333333333333, 2.1302], 'val_loss': [3.8214104479471844, 3.3717321623484295], 'val_accuracy': [0.11696666666666666, 0.19443333333333335], 'val_f1': [0.029266381778047156, 0.10311944737766304], 'val_mae': [3.154, 3.1595666666666666], 'jsd': [(0, 0, 0, 0.35067171963499644, 0.3410877212234671, 0.3545698196912417), (0, 0, 0, 0.22783103405493843, 0.2295118125533616, 0.35313127297330194)]}}
Client Client 24 participates in this round. (CPU: 2, RAM: 4)
Client Client 27 has insufficient CPU (1). Will not participate in the next FL round.
Client Client 23 participates in this round. (CPU: 2, RAM: 4)
Client Client 26 has insufficient CPU (1). Will not participate in the next FL round.
Client Client 28 has insufficient CPU (1). Will not participate in the next FL round.
Client Client 25 participates in this round. (CPU: 2, RAM: 4)
Results Aggregated in 81.85 seconds.
{'CNN 64k': {'train_loss': [1.334402708053589, 1.3339090291023254, 1.409441552013821], 'train_accuracy': [0.4912, 0.4826, 0.4802222222222222], 'train_f1': [0.10759428677080887, 0.18966461874086635, 0.22981038117481614], 'train_mae': [1.9477333333333333, 2.1302, 1.8438222222222223], 'val_loss': [3.8214104479471844, 3.3717321623484295, 2.769593370437622], 'val_accuracy': [0.11696666666666666, 0.19443333333333335, 0.23023333333333335], 'val_f1': [0.029266381778047156, 0.10311944737766304, 0.14305306935152587], 'val_mae': [3.154, 3.1595666666666666, 2.9402], 'jsd': [(0, 0, 0, 0.35067171963499644, 0.3410877212234671, 0.3545698196912417), (0, 0, 0, 0.22783103405493843, 0.2295118125533616, 0.35313127297330194), (0, 0, 0, 0.2256539090216683, 0.16209417261001346, 0.1658633395687623)]}}
Client Client 28 has insufficient CPU (1). Will not participate in the next FL round.
Client Client 27 has insufficient CPU (1). Will not participate in the next FL round.
Client Client 23 participates in this round. (CPU: 2, RAM: 4)
Client Client 26 has insufficient CPU (1). Will not participate in the next FL round.
Client Client 24 participates in this round. (CPU: 2, RAM: 4)
Client Client 25 participates in this round. (CPU: 2, RAM: 4)
Results Aggregated in 85.54 seconds.
{'CNN 64k': {'train_loss': [1.334402708053589, 1.3339090291023254, 1.409441552013821, 1.1748565536816915], 'train_accuracy': [0.4912, 0.4826, 0.4802222222222222, 0.5806666666666667], 'train_f1': [0.10759428677080887, 0.18966461874086635, 0.22981038117481614, 0.31199255819916266], 'train_mae': [1.9477333333333333, 2.1302, 1.8438222222222223, 1.5146333333333333], 'val_loss': [3.8214104479471844, 3.3717321623484295, 2.769593370437622, 2.5647909166971843], 'val_accuracy': [0.11696666666666666, 0.19443333333333335, 0.23023333333333335, 0.2868], 'val_f1': [0.029266381778047156, 0.10311944737766304, 0.14305306935152587, 0.19767619726556665], 'val_mae': [3.154, 3.1595666666666666, 2.9402, 2.8287], 'jsd': [(0, 0, 0, 0.35067171963499644, 0.3410877212234671, 0.3545698196912417), (0, 0, 0, 0.22783103405493843, 0.2295118125533616, 0.35313127297330194), (0, 0, 0, 0.2256539090216683, 0.16209417261001346, 0.1658633395687623), (0, 0, 0, 0.2710701766146261, 0.1133486615482677, 0.2153683757520724)]}}
Client Client 27 has insufficient CPU (1). Will not participate in the next FL round.
Client Client 28 has insufficient CPU (1). Will not participate in the next FL round.
Client Client 23 participates in this round. (CPU: 2, RAM: 4)
Client Client 24 participates in this round. (CPU: 2, RAM: 4)
Client Client 26 has insufficient CPU (1). Will not participate in the next FL round.
Client Client 25 participates in this round. (CPU: 2, RAM: 4)
Results Aggregated in 91.08 seconds.
{'CNN 64k': {'train_loss': [1.334402708053589, 1.3339090291023254, 1.409441552013821, 1.1748565536816915, 1.3600324708048503], 'train_accuracy': [0.4912, 0.4826, 0.4802222222222222, 0.5806666666666667, 0.50528], 'train_f1': [0.10759428677080887, 0.18966461874086635, 0.22981038117481614, 0.31199255819916266, 0.3557364802641636], 'train_mae': [1.9477333333333333, 2.1302, 1.8438222222222223, 1.5146333333333333, 1.9690133333333333], 'val_loss': [3.8214104479471844, 3.3717321623484295, 2.769593370437622, 2.5647909166971843, 2.307770982615153], 'val_accuracy': [0.11696666666666666, 0.19443333333333335, 0.23023333333333335, 0.2868, 0.3221333333333333], 'val_f1': [0.029266381778047156, 0.10311944737766304, 0.14305306935152587, 0.19767619726556665, 0.2540525339727593], 'val_mae': [3.154, 3.1595666666666666, 2.9402, 2.8287, 2.6263], 'jsd': [(0, 0, 0, 0.35067171963499644, 0.3410877212234671, 0.3545698196912417), (0, 0, 0, 0.22783103405493843, 0.2295118125533616, 0.35313127297330194), (0, 0, 0, 0.2256539090216683, 0.16209417261001346, 0.1658633395687623), (0, 0, 0, 0.2710701766146261, 0.1133486615482677, 0.2153683757520724), (0, 0, 0, 0.11672925105713552, 0.12633732244116747, 0.12222265068023189)]}}
Client Client 28 has insufficient CPU (1). Will not participate in the next FL round.
Client Client 23 participates in this round. (CPU: 2, RAM: 4)
Client Client 25 participates in this round. (CPU: 2, RAM: 4)
Client Client 27 has insufficient CPU (1). Will not participate in the next FL round.
Client Client 26 has insufficient CPU (1). Will not participate in the next FL round.
Client Client 24 participates in this round. (CPU: 2, RAM: 4)
Results Aggregated in 95.49 seconds.
{'CNN 64k': {'train_loss': [1.334402708053589, 1.3339090291023254, 1.409441552013821, 1.1748565536816915, 1.3600324708048503, 0.840388316933314], 'train_accuracy': [0.4912, 0.4826, 0.4802222222222222, 0.5806666666666667, 0.50528, 0.7150222222222222], 'train_f1': [0.10759428677080887, 0.18966461874086635, 0.22981038117481614, 0.31199255819916266, 0.3557364802641636, 0.3562106958034888], 'train_mae': [1.9477333333333333, 2.1302, 1.8438222222222223, 1.5146333333333333, 1.9690133333333333, 1.0270444444444444], 'val_loss': [3.8214104479471844, 3.3717321623484295, 2.769593370437622, 2.5647909166971843, 2.307770982615153, 2.696487922223409], 'val_accuracy': [0.11696666666666666, 0.19443333333333335, 0.23023333333333335, 0.2868, 0.3221333333333333, 0.3013], 'val_f1': [0.029266381778047156, 0.10311944737766304, 0.14305306935152587, 0.19767619726556665, 0.2540525339727593, 0.22884573386902607], 'val_mae': [3.154, 3.1595666666666666, 2.9402, 2.8287, 2.6263, 2.762], 'jsd': [(0, 0, 0, 0.35067171963499644, 0.3410877212234671, 0.3545698196912417), (0, 0, 0, 0.22783103405493843, 0.2295118125533616, 0.35313127297330194), (0, 0, 0, 0.2256539090216683, 0.16209417261001346, 0.1658633395687623), (0, 0, 0, 0.2710701766146261, 0.1133486615482677, 0.2153683757520724), (0, 0, 0, 0.11672925105713552, 0.12633732244116747, 0.12222265068023189), (0, 0, 0, 0.44429003519601745, 0.14779627075033716, 0.2575670848236561)]}}
Client Client 28 has insufficient CPU (1). Will not participate in the next FL round.
Client Client 24 participates in this round. (CPU: 2, RAM: 4)
Client Client 27 has insufficient CPU (1). Will not participate in the next FL round.
Client Client 26 has insufficient CPU (1). Will not participate in the next FL round.
Client Client 23 participates in this round. (CPU: 2, RAM: 4)
Client Client 25 participates in this round. (CPU: 2, RAM: 4)
Results Aggregated in 98.70 seconds.
{'CNN 64k': {'train_loss': [1.334402708053589, 1.3339090291023254, 1.409441552013821, 1.1748565536816915, 1.3600324708048503, 0.840388316933314, 1.0244778540429615], 'train_accuracy': [0.4912, 0.4826, 0.4802222222222222, 0.5806666666666667, 0.50528, 0.7150222222222222, 0.6276571428571428], 'train_f1': [0.10759428677080887, 0.18966461874086635, 0.22981038117481614, 0.31199255819916266, 0.3557364802641636, 0.3562106958034888, 0.4051480932468018], 'train_mae': [1.9477333333333333, 2.1302, 1.8438222222222223, 1.5146333333333333, 1.9690133333333333, 1.0270444444444444, 1.0552380952380953], 'val_loss': [3.8214104479471844, 3.3717321623484295, 2.769593370437622, 2.5647909166971843, 2.307770982615153, 2.696487922223409, 2.3907963298797608], 'val_accuracy': [0.11696666666666666, 0.19443333333333335, 0.23023333333333335, 0.2868, 0.3221333333333333, 0.3013, 0.3417], 'val_f1': [0.029266381778047156, 0.10311944737766304, 0.14305306935152587, 0.19767619726556665, 0.2540525339727593, 0.22884573386902607, 0.2856673933711373], 'val_mae': [3.154, 3.1595666666666666, 2.9402, 2.8287, 2.6263, 2.762, 2.3278], 'jsd': [(0, 0, 0, 0.35067171963499644, 0.3410877212234671, 0.3545698196912417), (0, 0, 0, 0.22783103405493843, 0.2295118125533616, 0.35313127297330194), (0, 0, 0, 0.2256539090216683, 0.16209417261001346, 0.1658633395687623), (0, 0, 0, 0.2710701766146261, 0.1133486615482677, 0.2153683757520724), (0, 0, 0, 0.11672925105713552, 0.12633732244116747, 0.12222265068023189), (0, 0, 0, 0.44429003519601745, 0.14779627075033716, 0.2575670848236561), (0, 0, 0, 0.32086324827451074, 0.27238952702522967, 0.09893601988079073)]}}
Client Client 23 participates in this round. (CPU: 2, RAM: 4)
Client Client 28 has insufficient CPU (1). Will not participate in the next FL round.
Client Client 27 has insufficient CPU (1). Will not participate in the next FL round.
Client Client 24 participates in this round. (CPU: 2, RAM: 4)
Client Client 26 has insufficient CPU (1). Will not participate in the next FL round.
Client Client 25 participates in this round. (CPU: 2, RAM: 4)
Results Aggregated in 102.48 seconds.
{'CNN 64k': {'train_loss': [1.334402708053589, 1.3339090291023254, 1.409441552013821, 1.1748565536816915, 1.3600324708048503, 0.840388316933314, 1.0244778540429615, 0.8455894423007965], 'train_accuracy': [0.4912, 0.4826, 0.4802222222222222, 0.5806666666666667, 0.50528, 0.7150222222222222, 0.6276571428571428, 0.6956166666666667], 'train_f1': [0.10759428677080887, 0.18966461874086635, 0.22981038117481614, 0.31199255819916266, 0.3557364802641636, 0.3562106958034888, 0.4051480932468018, 0.3920549021912559], 'train_mae': [1.9477333333333333, 2.1302, 1.8438222222222223, 1.5146333333333333, 1.9690133333333333, 1.0270444444444444, 1.0552380952380953, 0.7926333333333333], 'val_loss': [3.8214104479471844, 3.3717321623484295, 2.769593370437622, 2.5647909166971843, 2.307770982615153, 2.696487922223409, 2.3907963298797608, 2.7185246631622313], 'val_accuracy': [0.11696666666666666, 0.19443333333333335, 0.23023333333333335, 0.2868, 0.3221333333333333, 0.3013, 0.3417, 0.3219666666666667], 'val_f1': [0.029266381778047156, 0.10311944737766304, 0.14305306935152587, 0.19767619726556665, 0.2540525339727593, 0.22884573386902607, 0.2856673933711373, 0.24175810683880108], 'val_mae': [3.154, 3.1595666666666666, 2.9402, 2.8287, 2.6263, 2.762, 2.3278, 2.669233333333333], 'jsd': [(0, 0, 0, 0.35067171963499644, 0.3410877212234671, 0.3545698196912417), (0, 0, 0, 0.22783103405493843, 0.2295118125533616, 0.35313127297330194), (0, 0, 0, 0.2256539090216683, 0.16209417261001346, 0.1658633395687623), (0, 0, 0, 0.2710701766146261, 0.1133486615482677, 0.2153683757520724), (0, 0, 0, 0.11672925105713552, 0.12633732244116747, 0.12222265068023189), (0, 0, 0, 0.44429003519601745, 0.14779627075033716, 0.2575670848236561), (0, 0, 0, 0.32086324827451074, 0.27238952702522967, 0.09893601988079073), (0, 0, 0, 0.3823073713735734, 0.1940620489951173, 0.2657158485352224)]}}
Client Client 28 has insufficient CPU (1). Will not participate in the next FL round.
Client Client 23 participates in this round. (CPU: 2, RAM: 4)
Client Client 25 participates in this round. (CPU: 2, RAM: 4)
Client Client 24 participates in this round. (CPU: 2, RAM: 4)
Client Client 27 has insufficient CPU (1). Will not participate in the next FL round.
Client Client 26 has insufficient CPU (1). Will not participate in the next FL round.
Results Aggregated in 106.63 seconds.
{'CNN 64k': {'train_loss': [1.334402708053589, 1.3339090291023254, 1.409441552013821, 1.1748565536816915, 1.3600324708048503, 0.840388316933314, 1.0244778540429615, 0.8455894423007965, 0.8960701887166058], 'train_accuracy': [0.4912, 0.4826, 0.4802222222222222, 0.5806666666666667, 0.50528, 0.7150222222222222, 0.6276571428571428, 0.6956166666666667, 0.6802962962962963], 'train_f1': [0.10759428677080887, 0.18966461874086635, 0.22981038117481614, 0.31199255819916266, 0.3557364802641636, 0.3562106958034888, 0.4051480932468018, 0.3920549021912559, 0.47774679716786594], 'train_mae': [1.9477333333333333, 2.1302, 1.8438222222222223, 1.5146333333333333, 1.9690133333333333, 1.0270444444444444, 1.0552380952380953, 0.7926333333333333, 1.1590814814814814], 'val_loss': [3.8214104479471844, 3.3717321623484295, 2.769593370437622, 2.5647909166971843, 2.307770982615153, 2.696487922223409, 2.3907963298797608, 2.7185246631622313, 2.307647787666321], 'val_accuracy': [0.11696666666666666, 0.19443333333333335, 0.23023333333333335, 0.2868, 0.3221333333333333, 0.3013, 0.3417, 0.3219666666666667, 0.3979], 'val_f1': [0.029266381778047156, 0.10311944737766304, 0.14305306935152587, 0.19767619726556665, 0.2540525339727593, 0.22884573386902607, 0.2856673933711373, 0.24175810683880108, 0.3410609553784012], 'val_mae': [3.154, 3.1595666666666666, 2.9402, 2.8287, 2.6263, 2.762, 2.3278, 2.669233333333333, 2.1083666666666665], 'jsd': [(0, 0, 0, 0.35067171963499644, 0.3410877212234671, 0.3545698196912417), (0, 0, 0, 0.22783103405493843, 0.2295118125533616, 0.35313127297330194), (0, 0, 0, 0.2256539090216683, 0.16209417261001346, 0.1658633395687623), (0, 0, 0, 0.2710701766146261, 0.1133486615482677, 0.2153683757520724), (0, 0, 0, 0.11672925105713552, 0.12633732244116747, 0.12222265068023189), (0, 0, 0, 0.44429003519601745, 0.14779627075033716, 0.2575670848236561), (0, 0, 0, 0.32086324827451074, 0.27238952702522967, 0.09893601988079073), (0, 0, 0, 0.3823073713735734, 0.1940620489951173, 0.2657158485352224), (0, 0, 0, 0.12170772884857461, 0.13816117335654646, 0.2998064072823914)]}}
Client Client 23 participates in this round. (CPU: 2, RAM: 4)
Client Client 28 has insufficient CPU (1). Will not participate in the next FL round.
Client Client 24 participates in this round. (CPU: 2, RAM: 4)
Client Client 27 has insufficient CPU (1). Will not participate in the next FL round.
Client Client 25 participates in this round. (CPU: 2, RAM: 4)
Client Client 26 has insufficient CPU (1). Will not participate in the next FL round.
Results Aggregated in 109.69 seconds.
{'CNN 64k': {'train_loss': [1.334402708053589, 1.3339090291023254, 1.409441552013821, 1.1748565536816915, 1.3600324708048503, 0.840388316933314, 1.0244778540429615, 0.8455894423007965, 0.8960701887166058, 0.8170955084482828], 'train_accuracy': [0.4912, 0.4826, 0.4802222222222222, 0.5806666666666667, 0.50528, 0.7150222222222222, 0.6276571428571428, 0.6956166666666667, 0.6802962962962963, 0.7129333333333333], 'train_f1': [0.10759428677080887, 0.18966461874086635, 0.22981038117481614, 0.31199255819916266, 0.3557364802641636, 0.3562106958034888, 0.4051480932468018, 0.3920549021912559, 0.47774679716786594, 0.5157676758313511], 'train_mae': [1.9477333333333333, 2.1302, 1.8438222222222223, 1.5146333333333333, 1.9690133333333333, 1.0270444444444444, 1.0552380952380953, 0.7926333333333333, 1.1590814814814814, 1.1744133333333333], 'val_loss': [3.8214104479471844, 3.3717321623484295, 2.769593370437622, 2.5647909166971843, 2.307770982615153, 2.696487922223409, 2.3907963298797608, 2.7185246631622313, 2.307647787666321, 2.4790290179570516], 'val_accuracy': [0.11696666666666666, 0.19443333333333335, 0.23023333333333335, 0.2868, 0.3221333333333333, 0.3013, 0.3417, 0.3219666666666667, 0.3979, 0.43116666666666664], 'val_f1': [0.029266381778047156, 0.10311944737766304, 0.14305306935152587, 0.19767619726556665, 0.2540525339727593, 0.22884573386902607, 0.2856673933711373, 0.24175810683880108, 0.3410609553784012, 0.3639814757871236], 'val_mae': [3.154, 3.1595666666666666, 2.9402, 2.8287, 2.6263, 2.762, 2.3278, 2.669233333333333, 2.1083666666666665, 2.1781], 'jsd': [(0, 0, 0, 0.35067171963499644, 0.3410877212234671, 0.3545698196912417), (0, 0, 0, 0.22783103405493843, 0.2295118125533616, 0.35313127297330194), (0, 0, 0, 0.2256539090216683, 0.16209417261001346, 0.1658633395687623), (0, 0, 0, 0.2710701766146261, 0.1133486615482677, 0.2153683757520724), (0, 0, 0, 0.11672925105713552, 0.12633732244116747, 0.12222265068023189), (0, 0, 0, 0.44429003519601745, 0.14779627075033716, 0.2575670848236561), (0, 0, 0, 0.32086324827451074, 0.27238952702522967, 0.09893601988079073), (0, 0, 0, 0.3823073713735734, 0.1940620489951173, 0.2657158485352224), (0, 0, 0, 0.12170772884857461, 0.13816117335654646, 0.2998064072823914), (0, 0, 0, 0.1512592619867218, 0.29469855425675856, 0.10357828891021759)]}}
Client Client 28 has insufficient CPU (1). Will not participate in the next FL round.
Client Client 23 participates in this round. (CPU: 2, RAM: 4)
Client Client 26 has insufficient CPU (1). Will not participate in the next FL round.
Client Client 25 participates in this round. (CPU: 2, RAM: 4)
Client Client 27 has insufficient CPU (1). Will not participate in the next FL round.
Client Client 24 participates in this round. (CPU: 2, RAM: 4)
Results Aggregated in 114.43 seconds.
{'CNN 64k': {'train_loss': [1.334402708053589, 1.3339090291023254, 1.409441552013821, 1.1748565536816915, 1.3600324708048503, 0.840388316933314, 1.0244778540429615, 0.8455894423007965, 0.8960701887166058, 0.8170955084482828, 0.9065991360490973], 'train_accuracy': [0.4912, 0.4826, 0.4802222222222222, 0.5806666666666667, 0.50528, 0.7150222222222222, 0.6276571428571428, 0.6956166666666667, 0.6802962962962963, 0.7129333333333333, 0.6722787878787879], 'train_f1': [0.10759428677080887, 0.18966461874086635, 0.22981038117481614, 0.31199255819916266, 0.3557364802641636, 0.3562106958034888, 0.4051480932468018, 0.3920549021912559, 0.47774679716786594, 0.5157676758313511, 0.5506113756253043], 'train_mae': [1.9477333333333333, 2.1302, 1.8438222222222223, 1.5146333333333333, 1.9690133333333333, 1.0270444444444444, 1.0552380952380953, 0.7926333333333333, 1.1590814814814814, 1.1744133333333333, 1.0599272727272728], 'val_loss': [3.8214104479471844, 3.3717321623484295, 2.769593370437622, 2.5647909166971843, 2.307770982615153, 2.696487922223409, 2.3907963298797608, 2.7185246631622313, 2.307647787666321, 2.4790290179570516, 2.0465445631345114], 'val_accuracy': [0.11696666666666666, 0.19443333333333335, 0.23023333333333335, 0.2868, 0.3221333333333333, 0.3013, 0.3417, 0.3219666666666667, 0.3979, 0.43116666666666664, 0.4558], 'val_f1': [0.029266381778047156, 0.10311944737766304, 0.14305306935152587, 0.19767619726556665, 0.2540525339727593, 0.22884573386902607, 0.2856673933711373, 0.24175810683880108, 0.3410609553784012, 0.3639814757871236, 0.41147248972307443], 'val_mae': [3.154, 3.1595666666666666, 2.9402, 2.8287, 2.6263, 2.762, 2.3278, 2.669233333333333, 2.1083666666666665, 2.1781, 2.0444], 'jsd': [(0, 0, 0, 0.35067171963499644, 0.3410877212234671, 0.3545698196912417), (0, 0, 0, 0.22783103405493843, 0.2295118125533616, 0.35313127297330194), (0, 0, 0, 0.2256539090216683, 0.16209417261001346, 0.1658633395687623), (0, 0, 0, 0.2710701766146261, 0.1133486615482677, 0.2153683757520724), (0, 0, 0, 0.11672925105713552, 0.12633732244116747, 0.12222265068023189), (0, 0, 0, 0.44429003519601745, 0.14779627075033716, 0.2575670848236561), (0, 0, 0, 0.32086324827451074, 0.27238952702522967, 0.09893601988079073), (0, 0, 0, 0.3823073713735734, 0.1940620489951173, 0.2657158485352224), (0, 0, 0, 0.12170772884857461, 0.13816117335654646, 0.2998064072823914), (0, 0, 0, 0.1512592619867218, 0.29469855425675856, 0.10357828891021759), (0, 0, 0, 0.07977071270293903, 0.14190978290527495, 0.2478461544189175)]}}
Client Client 23 participates in this round. (CPU: 2, RAM: 4)
Client Client 26 has insufficient CPU (1). Will not participate in the next FL round.
Client Client 25 participates in this round. (CPU: 2, RAM: 4)
Client Client 27 has insufficient CPU (1). Will not participate in the next FL round.
Client Client 28 has insufficient CPU (1). Will not participate in the next FL round.
Client Client 24 participates in this round. (CPU: 2, RAM: 4)
Results Aggregated in 118.44 seconds.
{'CNN 64k': {'train_loss': [1.334402708053589, 1.3339090291023254, 1.409441552013821, 1.1748565536816915, 1.3600324708048503, 0.840388316933314, 1.0244778540429615, 0.8455894423007965, 0.8960701887166058, 0.8170955084482828, 0.9065991360490973, 0.7834854346911112], 'train_accuracy': [0.4912, 0.4826, 0.4802222222222222, 0.5806666666666667, 0.50528, 0.7150222222222222, 0.6276571428571428, 0.6956166666666667, 0.6802962962962963, 0.7129333333333333, 0.6722787878787879, 0.7279222222222222], 'train_f1': [0.10759428677080887, 0.18966461874086635, 0.22981038117481614, 0.31199255819916266, 0.3557364802641636, 0.3562106958034888, 0.4051480932468018, 0.3920549021912559, 0.47774679716786594, 0.5157676758313511, 0.5506113756253043, 0.5885688825195244], 'train_mae': [1.9477333333333333, 2.1302, 1.8438222222222223, 1.5146333333333333, 1.9690133333333333, 1.0270444444444444, 1.0552380952380953, 0.7926333333333333, 1.1590814814814814, 1.1744133333333333, 1.0599272727272728, 0.9393777777777778], 'val_loss': [3.8214104479471844, 3.3717321623484295, 2.769593370437622, 2.5647909166971843, 2.307770982615153, 2.696487922223409, 2.3907963298797608, 2.7185246631622313, 2.307647787666321, 2.4790290179570516, 2.0465445631345114, 1.9457260809580486], 'val_accuracy': [0.11696666666666666, 0.19443333333333335, 0.23023333333333335, 0.2868, 0.3221333333333333, 0.3013, 0.3417, 0.3219666666666667, 0.3979, 0.43116666666666664, 0.4558, 0.47323333333333334], 'val_f1': [0.029266381778047156, 0.10311944737766304, 0.14305306935152587, 0.19767619726556665, 0.2540525339727593, 0.22884573386902607, 0.2856673933711373, 0.24175810683880108, 0.3410609553784012, 0.3639814757871236, 0.41147248972307443, 0.4294553223279153], 'val_mae': [3.154, 3.1595666666666666, 2.9402, 2.8287, 2.6263, 2.762, 2.3278, 2.669233333333333, 2.1083666666666665, 2.1781, 2.0444, 1.9706], 'jsd': [(0, 0, 0, 0.35067171963499644, 0.3410877212234671, 0.3545698196912417), (0, 0, 0, 0.22783103405493843, 0.2295118125533616, 0.35313127297330194), (0, 0, 0, 0.2256539090216683, 0.16209417261001346, 0.1658633395687623), (0, 0, 0, 0.2710701766146261, 0.1133486615482677, 0.2153683757520724), (0, 0, 0, 0.11672925105713552, 0.12633732244116747, 0.12222265068023189), (0, 0, 0, 0.44429003519601745, 0.14779627075033716, 0.2575670848236561), (0, 0, 0, 0.32086324827451074, 0.27238952702522967, 0.09893601988079073), (0, 0, 0, 0.3823073713735734, 0.1940620489951173, 0.2657158485352224), (0, 0, 0, 0.12170772884857461, 0.13816117335654646, 0.2998064072823914), (0, 0, 0, 0.1512592619867218, 0.29469855425675856, 0.10357828891021759), (0, 0, 0, 0.07977071270293903, 0.14190978290527495, 0.2478461544189175), (0, 0, 0, 0.15237758089911452, 0.1593084196474183, 0.21987314766525226)]}}
Client Client 27 has insufficient CPU (1). Will not participate in the next FL round.
Client Client 28 has insufficient CPU (1). Will not participate in the next FL round.
Client Client 23 participates in this round. (CPU: 2, RAM: 4)
Client Client 24 participates in this round. (CPU: 2, RAM: 4)
Client Client 26 has insufficient CPU (1). Will not participate in the next FL round.
Client Client 25 participates in this round. (CPU: 2, RAM: 4)
Results Aggregated in 123.98 seconds.
{'CNN 64k': {'train_loss': [1.334402708053589, 1.3339090291023254, 1.409441552013821, 1.1748565536816915, 1.3600324708048503, 0.840388316933314, 1.0244778540429615, 0.8455894423007965, 0.8960701887166058, 0.8170955084482828, 0.9065991360490973, 0.7834854346911112, 0.7123287557822008], 'train_accuracy': [0.4912, 0.4826, 0.4802222222222222, 0.5806666666666667, 0.50528, 0.7150222222222222, 0.6276571428571428, 0.6956166666666667, 0.6802962962962963, 0.7129333333333333, 0.6722787878787879, 0.7279222222222222, 0.7591794871794871], 'train_f1': [0.10759428677080887, 0.18966461874086635, 0.22981038117481614, 0.31199255819916266, 0.3557364802641636, 0.3562106958034888, 0.4051480932468018, 0.3920549021912559, 0.47774679716786594, 0.5157676758313511, 0.5506113756253043, 0.5885688825195244, 0.6005252906708054], 'train_mae': [1.9477333333333333, 2.1302, 1.8438222222222223, 1.5146333333333333, 1.9690133333333333, 1.0270444444444444, 1.0552380952380953, 0.7926333333333333, 1.1590814814814814, 1.1744133333333333, 1.0599272727272728, 0.9393777777777778, 0.7890153846153846], 'val_loss': [3.8214104479471844, 3.3717321623484295, 2.769593370437622, 2.5647909166971843, 2.307770982615153, 2.696487922223409, 2.3907963298797608, 2.7185246631622313, 2.307647787666321, 2.4790290179570516, 2.0465445631345114, 1.9457260809580486, 1.8957146293004354], 'val_accuracy': [0.11696666666666666, 0.19443333333333335, 0.23023333333333335, 0.2868, 0.3221333333333333, 0.3013, 0.3417, 0.3219666666666667, 0.3979, 0.43116666666666664, 0.4558, 0.47323333333333334, 0.47813333333333335], 'val_f1': [0.029266381778047156, 0.10311944737766304, 0.14305306935152587, 0.19767619726556665, 0.2540525339727593, 0.22884573386902607, 0.2856673933711373, 0.24175810683880108, 0.3410609553784012, 0.3639814757871236, 0.41147248972307443, 0.4294553223279153, 0.4320711281454176], 'val_mae': [3.154, 3.1595666666666666, 2.9402, 2.8287, 2.6263, 2.762, 2.3278, 2.669233333333333, 2.1083666666666665, 2.1781, 2.0444, 1.9706, 1.9823333333333333], 'jsd': [(0, 0, 0, 0.35067171963499644, 0.3410877212234671, 0.3545698196912417), (0, 0, 0, 0.22783103405493843, 0.2295118125533616, 0.35313127297330194), (0, 0, 0, 0.2256539090216683, 0.16209417261001346, 0.1658633395687623), (0, 0, 0, 0.2710701766146261, 0.1133486615482677, 0.2153683757520724), (0, 0, 0, 0.11672925105713552, 0.12633732244116747, 0.12222265068023189), (0, 0, 0, 0.44429003519601745, 0.14779627075033716, 0.2575670848236561), (0, 0, 0, 0.32086324827451074, 0.27238952702522967, 0.09893601988079073), (0, 0, 0, 0.3823073713735734, 0.1940620489951173, 0.2657158485352224), (0, 0, 0, 0.12170772884857461, 0.13816117335654646, 0.2998064072823914), (0, 0, 0, 0.1512592619867218, 0.29469855425675856, 0.10357828891021759), (0, 0, 0, 0.07977071270293903, 0.14190978290527495, 0.2478461544189175), (0, 0, 0, 0.15237758089911452, 0.1593084196474183, 0.21987314766525226), (0, 0, 0, 0.16945748463119556, 0.22411863746220687, 0.17430198147558956)]}}
Client Client 25 participates in this round. (CPU: 2, RAM: 4)
Client Client 23 participates in this round. (CPU: 2, RAM: 4)
Client Client 28 has insufficient CPU (1). Will not participate in the next FL round.
Client Client 26 has insufficient CPU (1). Will not participate in the next FL round.
Client Client 24 participates in this round. (CPU: 2, RAM: 4)
Client Client 27 has insufficient CPU (1). Will not participate in the next FL round.
Results Aggregated in 126.38 seconds.
{'CNN 64k': {'train_loss': [1.334402708053589, 1.3339090291023254, 1.409441552013821, 1.1748565536816915, 1.3600324708048503, 0.840388316933314, 1.0244778540429615, 0.8455894423007965, 0.8960701887166058, 0.8170955084482828, 0.9065991360490973, 0.7834854346911112, 0.7123287557822008, 0.7333358277275449], 'train_accuracy': [0.4912, 0.4826, 0.4802222222222222, 0.5806666666666667, 0.50528, 0.7150222222222222, 0.6276571428571428, 0.6956166666666667, 0.6802962962962963, 0.7129333333333333, 0.6722787878787879, 0.7279222222222222, 0.7591794871794871, 0.7472666666666666], 'train_f1': [0.10759428677080887, 0.18966461874086635, 0.22981038117481614, 0.31199255819916266, 0.3557364802641636, 0.3562106958034888, 0.4051480932468018, 0.3920549021912559, 0.47774679716786594, 0.5157676758313511, 0.5506113756253043, 0.5885688825195244, 0.6005252906708054, 0.617856643856686], 'train_mae': [1.9477333333333333, 2.1302, 1.8438222222222223, 1.5146333333333333, 1.9690133333333333, 1.0270444444444444, 1.0552380952380953, 0.7926333333333333, 1.1590814814814814, 1.1744133333333333, 1.0599272727272728, 0.9393777777777778, 0.7890153846153846, 0.8088095238095238], 'val_loss': [3.8214104479471844, 3.3717321623484295, 2.769593370437622, 2.5647909166971843, 2.307770982615153, 2.696487922223409, 2.3907963298797608, 2.7185246631622313, 2.307647787666321, 2.4790290179570516, 2.0465445631345114, 1.9457260809580486, 1.8957146293004354, 1.855205203183492], 'val_accuracy': [0.11696666666666666, 0.19443333333333335, 0.23023333333333335, 0.2868, 0.3221333333333333, 0.3013, 0.3417, 0.3219666666666667, 0.3979, 0.43116666666666664, 0.4558, 0.47323333333333334, 0.47813333333333335, 0.5014666666666666], 'val_f1': [0.029266381778047156, 0.10311944737766304, 0.14305306935152587, 0.19767619726556665, 0.2540525339727593, 0.22884573386902607, 0.2856673933711373, 0.24175810683880108, 0.3410609553784012, 0.3639814757871236, 0.41147248972307443, 0.4294553223279153, 0.4320711281454176, 0.45434835643177607], 'val_mae': [3.154, 3.1595666666666666, 2.9402, 2.8287, 2.6263, 2.762, 2.3278, 2.669233333333333, 2.1083666666666665, 2.1781, 2.0444, 1.9706, 1.9823333333333333, 1.8447], 'jsd': [(0, 0, 0, 0.35067171963499644, 0.3410877212234671, 0.3545698196912417), (0, 0, 0, 0.22783103405493843, 0.2295118125533616, 0.35313127297330194), (0, 0, 0, 0.2256539090216683, 0.16209417261001346, 0.1658633395687623), (0, 0, 0, 0.2710701766146261, 0.1133486615482677, 0.2153683757520724), (0, 0, 0, 0.11672925105713552, 0.12633732244116747, 0.12222265068023189), (0, 0, 0, 0.44429003519601745, 0.14779627075033716, 0.2575670848236561), (0, 0, 0, 0.32086324827451074, 0.27238952702522967, 0.09893601988079073), (0, 0, 0, 0.3823073713735734, 0.1940620489951173, 0.2657158485352224), (0, 0, 0, 0.12170772884857461, 0.13816117335654646, 0.2998064072823914), (0, 0, 0, 0.1512592619867218, 0.29469855425675856, 0.10357828891021759), (0, 0, 0, 0.07977071270293903, 0.14190978290527495, 0.2478461544189175), (0, 0, 0, 0.15237758089911452, 0.1593084196474183, 0.21987314766525226), (0, 0, 0, 0.16945748463119556, 0.22411863746220687, 0.17430198147558956), (0, 0, 0, 0.08705486716742941, 0.14879539466633057, 0.2605977131548618)]}}
Client Client 23 participates in this round. (CPU: 2, RAM: 4)
Client Client 26 has insufficient CPU (1). Will not participate in the next FL round.
Client Client 25 participates in this round. (CPU: 2, RAM: 4)
Client Client 28 has insufficient CPU (1). Will not participate in the next FL round.
Client Client 27 has insufficient CPU (1). Will not participate in the next FL round.
Client Client 24 participates in this round. (CPU: 2, RAM: 4)
Results Aggregated in 132.17 seconds.
{'CNN 64k': {'train_loss': [1.334402708053589, 1.3339090291023254, 1.409441552013821, 1.1748565536816915, 1.3600324708048503, 0.840388316933314, 1.0244778540429615, 0.8455894423007965, 0.8960701887166058, 0.8170955084482828, 0.9065991360490973, 0.7834854346911112, 0.7123287557822008, 0.7333358277275449, 0.779683694697486], 'train_accuracy': [0.4912, 0.4826, 0.4802222222222222, 0.5806666666666667, 0.50528, 0.7150222222222222, 0.6276571428571428, 0.6956166666666667, 0.6802962962962963, 0.7129333333333333, 0.6722787878787879, 0.7279222222222222, 0.7591794871794871, 0.7472666666666666, 0.7203022222222222], 'train_f1': [0.10759428677080887, 0.18966461874086635, 0.22981038117481614, 0.31199255819916266, 0.3557364802641636, 0.3562106958034888, 0.4051480932468018, 0.3920549021912559, 0.47774679716786594, 0.5157676758313511, 0.5506113756253043, 0.5885688825195244, 0.6005252906708054, 0.617856643856686, 0.6199352116234002], 'train_mae': [1.9477333333333333, 2.1302, 1.8438222222222223, 1.5146333333333333, 1.9690133333333333, 1.0270444444444444, 1.0552380952380953, 0.7926333333333333, 1.1590814814814814, 1.1744133333333333, 1.0599272727272728, 0.9393777777777778, 0.7890153846153846, 0.8088095238095238, 0.8383911111111111], 'val_loss': [3.8214104479471844, 3.3717321623484295, 2.769593370437622, 2.5647909166971843, 2.307770982615153, 2.696487922223409, 2.3907963298797608, 2.7185246631622313, 2.307647787666321, 2.4790290179570516, 2.0465445631345114, 1.9457260809580486, 1.8957146293004354, 1.855205203183492, 1.844269089571635], 'val_accuracy': [0.11696666666666666, 0.19443333333333335, 0.23023333333333335, 0.2868, 0.3221333333333333, 0.3013, 0.3417, 0.3219666666666667, 0.3979, 0.43116666666666664, 0.4558, 0.47323333333333334, 0.47813333333333335, 0.5014666666666666, 0.5023333333333333], 'val_f1': [0.029266381778047156, 0.10311944737766304, 0.14305306935152587, 0.19767619726556665, 0.2540525339727593, 0.22884573386902607, 0.2856673933711373, 0.24175810683880108, 0.3410609553784012, 0.3639814757871236, 0.41147248972307443, 0.4294553223279153, 0.4320711281454176, 0.45434835643177607, 0.45597984792518326], 'val_mae': [3.154, 3.1595666666666666, 2.9402, 2.8287, 2.6263, 2.762, 2.3278, 2.669233333333333, 2.1083666666666665, 2.1781, 2.0444, 1.9706, 1.9823333333333333, 1.8447, 1.8288], 'jsd': [(0, 0, 0, 0.35067171963499644, 0.3410877212234671, 0.3545698196912417), (0, 0, 0, 0.22783103405493843, 0.2295118125533616, 0.35313127297330194), (0, 0, 0, 0.2256539090216683, 0.16209417261001346, 0.1658633395687623), (0, 0, 0, 0.2710701766146261, 0.1133486615482677, 0.2153683757520724), (0, 0, 0, 0.11672925105713552, 0.12633732244116747, 0.12222265068023189), (0, 0, 0, 0.44429003519601745, 0.14779627075033716, 0.2575670848236561), (0, 0, 0, 0.32086324827451074, 0.27238952702522967, 0.09893601988079073), (0, 0, 0, 0.3823073713735734, 0.1940620489951173, 0.2657158485352224), (0, 0, 0, 0.12170772884857461, 0.13816117335654646, 0.2998064072823914), (0, 0, 0, 0.1512592619867218, 0.29469855425675856, 0.10357828891021759), (0, 0, 0, 0.07977071270293903, 0.14190978290527495, 0.2478461544189175), (0, 0, 0, 0.15237758089911452, 0.1593084196474183, 0.21987314766525226), (0, 0, 0, 0.16945748463119556, 0.22411863746220687, 0.17430198147558956), (0, 0, 0, 0.08705486716742941, 0.14879539466633057, 0.2605977131548618), (0, 0, 0, 0.08130549797914102, 0.23209219738976508, 0.12105749616066726)]}}
Client Client 28 has insufficient CPU (1). Will not participate in the next FL round.
Client Client 27 has insufficient CPU (1). Will not participate in the next FL round.
Client Client 25 participates in this round. (CPU: 2, RAM: 4)
Client Client 26 has insufficient CPU (1). Will not participate in the next FL round.
Client Client 23 participates in this round. (CPU: 2, RAM: 4)
Client Client 24 participates in this round. (CPU: 2, RAM: 4)
Results Aggregated in 136.87 seconds.
{'CNN 64k': {'train_loss': [1.334402708053589, 1.3339090291023254, 1.409441552013821, 1.1748565536816915, 1.3600324708048503, 0.840388316933314, 1.0244778540429615, 0.8455894423007965, 0.8960701887166058, 0.8170955084482828, 0.9065991360490973, 0.7834854346911112, 0.7123287557822008, 0.7333358277275449, 0.779683694697486, 0.6952099719683329], 'train_accuracy': [0.4912, 0.4826, 0.4802222222222222, 0.5806666666666667, 0.50528, 0.7150222222222222, 0.6276571428571428, 0.6956166666666667, 0.6802962962962963, 0.7129333333333333, 0.6722787878787879, 0.7279222222222222, 0.7591794871794871, 0.7472666666666666, 0.7203022222222222, 0.75285], 'train_f1': [0.10759428677080887, 0.18966461874086635, 0.22981038117481614, 0.31199255819916266, 0.3557364802641636, 0.3562106958034888, 0.4051480932468018, 0.3920549021912559, 0.47774679716786594, 0.5157676758313511, 0.5506113756253043, 0.5885688825195244, 0.6005252906708054, 0.617856643856686, 0.6199352116234002, 0.7055887844586554], 'train_mae': [1.9477333333333333, 2.1302, 1.8438222222222223, 1.5146333333333333, 1.9690133333333333, 1.0270444444444444, 1.0552380952380953, 0.7926333333333333, 1.1590814814814814, 1.1744133333333333, 1.0599272727272728, 0.9393777777777778, 0.7890153846153846, 0.8088095238095238, 0.8383911111111111, 0.8997833333333334], 'val_loss': [3.8214104479471844, 3.3717321623484295, 2.769593370437622, 2.5647909166971843, 2.307770982615153, 2.696487922223409, 2.3907963298797608, 2.7185246631622313, 2.307647787666321, 2.4790290179570516, 2.0465445631345114, 1.9457260809580486, 1.8957146293004354, 1.855205203183492, 1.844269089571635, 1.7705173641204834], 'val_accuracy': [0.11696666666666666, 0.19443333333333335, 0.23023333333333335, 0.2868, 0.3221333333333333, 0.3013, 0.3417, 0.3219666666666667, 0.3979, 0.43116666666666664, 0.4558, 0.47323333333333334, 0.47813333333333335, 0.5014666666666666, 0.5023333333333333, 0.5539666666666667], 'val_f1': [0.029266381778047156, 0.10311944737766304, 0.14305306935152587, 0.19767619726556665, 0.2540525339727593, 0.22884573386902607, 0.2856673933711373, 0.24175810683880108, 0.3410609553784012, 0.3639814757871236, 0.41147248972307443, 0.4294553223279153, 0.4320711281454176, 0.45434835643177607, 0.45597984792518326, 0.5303643871673297], 'val_mae': [3.154, 3.1595666666666666, 2.9402, 2.8287, 2.6263, 2.762, 2.3278, 2.669233333333333, 2.1083666666666665, 2.1781, 2.0444, 1.9706, 1.9823333333333333, 1.8447, 1.8288, 1.5205], 'jsd': [(0, 0, 0, 0.35067171963499644, 0.3410877212234671, 0.3545698196912417), (0, 0, 0, 0.22783103405493843, 0.2295118125533616, 0.35313127297330194), (0, 0, 0, 0.2256539090216683, 0.16209417261001346, 0.1658633395687623), (0, 0, 0, 0.2710701766146261, 0.1133486615482677, 0.2153683757520724), (0, 0, 0, 0.11672925105713552, 0.12633732244116747, 0.12222265068023189), (0, 0, 0, 0.44429003519601745, 0.14779627075033716, 0.2575670848236561), (0, 0, 0, 0.32086324827451074, 0.27238952702522967, 0.09893601988079073), (0, 0, 0, 0.3823073713735734, 0.1940620489951173, 0.2657158485352224), (0, 0, 0, 0.12170772884857461, 0.13816117335654646, 0.2998064072823914), (0, 0, 0, 0.1512592619867218, 0.29469855425675856, 0.10357828891021759), (0, 0, 0, 0.07977071270293903, 0.14190978290527495, 0.2478461544189175), (0, 0, 0, 0.15237758089911452, 0.1593084196474183, 0.21987314766525226), (0, 0, 0, 0.16945748463119556, 0.22411863746220687, 0.17430198147558956), (0, 0, 0, 0.08705486716742941, 0.14879539466633057, 0.2605977131548618), (0, 0, 0, 0.08130549797914102, 0.23209219738976508, 0.12105749616066726), (0, 0, 0, 0.14156573151255958, 0.1839058946530173, 0.07734860837139591)]}}
Client Client 25 participates in this round. (CPU: 2, RAM: 4)
Client Client 28 has insufficient CPU (1). Will not participate in the next FL round.
Client Client 27 has insufficient CPU (1). Will not participate in the next FL round.
Client Client 23 participates in this round. (CPU: 2, RAM: 4)
Client Client 26 has insufficient CPU (1). Will not participate in the next FL round.
Client Client 24 participates in this round. (CPU: 2, RAM: 4)
Results Aggregated in 140.64 seconds.
{'CNN 64k': {'train_loss': [1.334402708053589, 1.3339090291023254, 1.409441552013821, 1.1748565536816915, 1.3600324708048503, 0.840388316933314, 1.0244778540429615, 0.8455894423007965, 0.8960701887166058, 0.8170955084482828, 0.9065991360490973, 0.7834854346911112, 0.7123287557822008, 0.7333358277275449, 0.779683694697486, 0.6952099719683329, 0.6266541032435847], 'train_accuracy': [0.4912, 0.4826, 0.4802222222222222, 0.5806666666666667, 0.50528, 0.7150222222222222, 0.6276571428571428, 0.6956166666666667, 0.6802962962962963, 0.7129333333333333, 0.6722787878787879, 0.7279222222222222, 0.7591794871794871, 0.7472666666666666, 0.7203022222222222, 0.75285, 0.7852], 'train_f1': [0.10759428677080887, 0.18966461874086635, 0.22981038117481614, 0.31199255819916266, 0.3557364802641636, 0.3562106958034888, 0.4051480932468018, 0.3920549021912559, 0.47774679716786594, 0.5157676758313511, 0.5506113756253043, 0.5885688825195244, 0.6005252906708054, 0.617856643856686, 0.6199352116234002, 0.7055887844586554, 0.6936730479618423], 'train_mae': [1.9477333333333333, 2.1302, 1.8438222222222223, 1.5146333333333333, 1.9690133333333333, 1.0270444444444444, 1.0552380952380953, 0.7926333333333333, 1.1590814814814814, 1.1744133333333333, 1.0599272727272728, 0.9393777777777778, 0.7890153846153846, 0.8088095238095238, 0.8383911111111111, 0.8997833333333334, 0.7733098039215687], 'val_loss': [3.8214104479471844, 3.3717321623484295, 2.769593370437622, 2.5647909166971843, 2.307770982615153, 2.696487922223409, 2.3907963298797608, 2.7185246631622313, 2.307647787666321, 2.4790290179570516, 2.0465445631345114, 1.9457260809580486, 1.8957146293004354, 1.855205203183492, 1.844269089571635, 1.7705173641204834, 1.886125083732605], 'val_accuracy': [0.11696666666666666, 0.19443333333333335, 0.23023333333333335, 0.2868, 0.3221333333333333, 0.3013, 0.3417, 0.3219666666666667, 0.3979, 0.43116666666666664, 0.4558, 0.47323333333333334, 0.47813333333333335, 0.5014666666666666, 0.5023333333333333, 0.5539666666666667, 0.5528333333333333], 'val_f1': [0.029266381778047156, 0.10311944737766304, 0.14305306935152587, 0.19767619726556665, 0.2540525339727593, 0.22884573386902607, 0.2856673933711373, 0.24175810683880108, 0.3410609553784012, 0.3639814757871236, 0.41147248972307443, 0.4294553223279153, 0.4320711281454176, 0.45434835643177607, 0.45597984792518326, 0.5303643871673297, 0.5176165546301263], 'val_mae': [3.154, 3.1595666666666666, 2.9402, 2.8287, 2.6263, 2.762, 2.3278, 2.669233333333333, 2.1083666666666665, 2.1781, 2.0444, 1.9706, 1.9823333333333333, 1.8447, 1.8288, 1.5205, 1.6141666666666667], 'jsd': [(0, 0, 0, 0.35067171963499644, 0.3410877212234671, 0.3545698196912417), (0, 0, 0, 0.22783103405493843, 0.2295118125533616, 0.35313127297330194), (0, 0, 0, 0.2256539090216683, 0.16209417261001346, 0.1658633395687623), (0, 0, 0, 0.2710701766146261, 0.1133486615482677, 0.2153683757520724), (0, 0, 0, 0.11672925105713552, 0.12633732244116747, 0.12222265068023189), (0, 0, 0, 0.44429003519601745, 0.14779627075033716, 0.2575670848236561), (0, 0, 0, 0.32086324827451074, 0.27238952702522967, 0.09893601988079073), (0, 0, 0, 0.3823073713735734, 0.1940620489951173, 0.2657158485352224), (0, 0, 0, 0.12170772884857461, 0.13816117335654646, 0.2998064072823914), (0, 0, 0, 0.1512592619867218, 0.29469855425675856, 0.10357828891021759), (0, 0, 0, 0.07977071270293903, 0.14190978290527495, 0.2478461544189175), (0, 0, 0, 0.15237758089911452, 0.1593084196474183, 0.21987314766525226), (0, 0, 0, 0.16945748463119556, 0.22411863746220687, 0.17430198147558956), (0, 0, 0, 0.08705486716742941, 0.14879539466633057, 0.2605977131548618), (0, 0, 0, 0.08130549797914102, 0.23209219738976508, 0.12105749616066726), (0, 0, 0, 0.14156573151255958, 0.1839058946530173, 0.07734860837139591), (0, 0, 0, 0.08726467737215218, 0.20256407973182525, 0.1523625873137454)]}}
Client Client 27 has insufficient CPU (1). Will not participate in the next FL round.
Client Client 23 participates in this round. (CPU: 2, RAM: 4)
Client Client 28 has insufficient CPU (1). Will not participate in the next FL round.
Client Client 25 participates in this round. (CPU: 2, RAM: 4)
Client Client 26 has insufficient CPU (1). Will not participate in the next FL round.
Client Client 24 participates in this round. (CPU: 2, RAM: 4)
Results Aggregated in 145.43 seconds.
{'CNN 64k': {'train_loss': [1.334402708053589, 1.3339090291023254, 1.409441552013821, 1.1748565536816915, 1.3600324708048503, 0.840388316933314, 1.0244778540429615, 0.8455894423007965, 0.8960701887166058, 0.8170955084482828, 0.9065991360490973, 0.7834854346911112, 0.7123287557822008, 0.7333358277275449, 0.779683694697486, 0.6952099719683329, 0.6266541032435847, 0.6654631148656209], 'train_accuracy': [0.4912, 0.4826, 0.4802222222222222, 0.5806666666666667, 0.50528, 0.7150222222222222, 0.6276571428571428, 0.6956166666666667, 0.6802962962962963, 0.7129333333333333, 0.6722787878787879, 0.7279222222222222, 0.7591794871794871, 0.7472666666666666, 0.7203022222222222, 0.75285, 0.7852, 0.7700074074074074], 'train_f1': [0.10759428677080887, 0.18966461874086635, 0.22981038117481614, 0.31199255819916266, 0.3557364802641636, 0.3562106958034888, 0.4051480932468018, 0.3920549021912559, 0.47774679716786594, 0.5157676758313511, 0.5506113756253043, 0.5885688825195244, 0.6005252906708054, 0.617856643856686, 0.6199352116234002, 0.7055887844586554, 0.6936730479618423, 0.7296133123895718], 'train_mae': [1.9477333333333333, 2.1302, 1.8438222222222223, 1.5146333333333333, 1.9690133333333333, 1.0270444444444444, 1.0552380952380953, 0.7926333333333333, 1.1590814814814814, 1.1744133333333333, 1.0599272727272728, 0.9393777777777778, 0.7890153846153846, 0.8088095238095238, 0.8383911111111111, 0.8997833333333334, 0.7733098039215687, 0.816962962962963], 'val_loss': [3.8214104479471844, 3.3717321623484295, 2.769593370437622, 2.5647909166971843, 2.307770982615153, 2.696487922223409, 2.3907963298797608, 2.7185246631622313, 2.307647787666321, 2.4790290179570516, 2.0465445631345114, 1.9457260809580486, 1.8957146293004354, 1.855205203183492, 1.844269089571635, 1.7705173641204834, 1.886125083732605, 1.6725478099823], 'val_accuracy': [0.11696666666666666, 0.19443333333333335, 0.23023333333333335, 0.2868, 0.3221333333333333, 0.3013, 0.3417, 0.3219666666666667, 0.3979, 0.43116666666666664, 0.4558, 0.47323333333333334, 0.47813333333333335, 0.5014666666666666, 0.5023333333333333, 0.5539666666666667, 0.5528333333333333, 0.5729], 'val_f1': [0.029266381778047156, 0.10311944737766304, 0.14305306935152587, 0.19767619726556665, 0.2540525339727593, 0.22884573386902607, 0.2856673933711373, 0.24175810683880108, 0.3410609553784012, 0.3639814757871236, 0.41147248972307443, 0.4294553223279153, 0.4320711281454176, 0.45434835643177607, 0.45597984792518326, 0.5303643871673297, 0.5176165546301263, 0.5491257535382958], 'val_mae': [3.154, 3.1595666666666666, 2.9402, 2.8287, 2.6263, 2.762, 2.3278, 2.669233333333333, 2.1083666666666665, 2.1781, 2.0444, 1.9706, 1.9823333333333333, 1.8447, 1.8288, 1.5205, 1.6141666666666667, 1.4782333333333333], 'jsd': [(0, 0, 0, 0.35067171963499644, 0.3410877212234671, 0.3545698196912417), (0, 0, 0, 0.22783103405493843, 0.2295118125533616, 0.35313127297330194), (0, 0, 0, 0.2256539090216683, 0.16209417261001346, 0.1658633395687623), (0, 0, 0, 0.2710701766146261, 0.1133486615482677, 0.2153683757520724), (0, 0, 0, 0.11672925105713552, 0.12633732244116747, 0.12222265068023189), (0, 0, 0, 0.44429003519601745, 0.14779627075033716, 0.2575670848236561), (0, 0, 0, 0.32086324827451074, 0.27238952702522967, 0.09893601988079073), (0, 0, 0, 0.3823073713735734, 0.1940620489951173, 0.2657158485352224), (0, 0, 0, 0.12170772884857461, 0.13816117335654646, 0.2998064072823914), (0, 0, 0, 0.1512592619867218, 0.29469855425675856, 0.10357828891021759), (0, 0, 0, 0.07977071270293903, 0.14190978290527495, 0.2478461544189175), (0, 0, 0, 0.15237758089911452, 0.1593084196474183, 0.21987314766525226), (0, 0, 0, 0.16945748463119556, 0.22411863746220687, 0.17430198147558956), (0, 0, 0, 0.08705486716742941, 0.14879539466633057, 0.2605977131548618), (0, 0, 0, 0.08130549797914102, 0.23209219738976508, 0.12105749616066726), (0, 0, 0, 0.14156573151255958, 0.1839058946530173, 0.07734860837139591), (0, 0, 0, 0.08726467737215218, 0.20256407973182525, 0.1523625873137454), (0, 0, 0, 0.12520240272398359, 0.12323525059436287, 0.09845455825061322)]}}
Client Client 28 has insufficient CPU (1). Will not participate in the next FL round.
Client Client 26 has insufficient CPU (1). Will not participate in the next FL round.
Client Client 27 has insufficient CPU (1). Will not participate in the next FL round.
Client Client 25 participates in this round. (CPU: 2, RAM: 4)
Client Client 24 participates in this round. (CPU: 2, RAM: 4)
Client Client 23 participates in this round. (CPU: 2, RAM: 4)
Results Aggregated in 147.20 seconds.
{'CNN 64k': {'train_loss': [1.334402708053589, 1.3339090291023254, 1.409441552013821, 1.1748565536816915, 1.3600324708048503, 0.840388316933314, 1.0244778540429615, 0.8455894423007965, 0.8960701887166058, 0.8170955084482828, 0.9065991360490973, 0.7834854346911112, 0.7123287557822008, 0.7333358277275449, 0.779683694697486, 0.6952099719683329, 0.6266541032435847, 0.6654631148656209, 0.6128773139058498], 'train_accuracy': [0.4912, 0.4826, 0.4802222222222222, 0.5806666666666667, 0.50528, 0.7150222222222222, 0.6276571428571428, 0.6956166666666667, 0.6802962962962963, 0.7129333333333333, 0.6722787878787879, 0.7279222222222222, 0.7591794871794871, 0.7472666666666666, 0.7203022222222222, 0.75285, 0.7852, 0.7700074074074074, 0.7789052631578948], 'train_f1': [0.10759428677080887, 0.18966461874086635, 0.22981038117481614, 0.31199255819916266, 0.3557364802641636, 0.3562106958034888, 0.4051480932468018, 0.3920549021912559, 0.47774679716786594, 0.5157676758313511, 0.5506113756253043, 0.5885688825195244, 0.6005252906708054, 0.617856643856686, 0.6199352116234002, 0.7055887844586554, 0.6936730479618423, 0.7296133123895718, 0.723369920008372], 'train_mae': [1.9477333333333333, 2.1302, 1.8438222222222223, 1.5146333333333333, 1.9690133333333333, 1.0270444444444444, 1.0552380952380953, 0.7926333333333333, 1.1590814814814814, 1.1744133333333333, 1.0599272727272728, 0.9393777777777778, 0.7890153846153846, 0.8088095238095238, 0.8383911111111111, 0.8997833333333334, 0.7733098039215687, 0.816962962962963, 0.7270877192982456], 'val_loss': [3.8214104479471844, 3.3717321623484295, 2.769593370437622, 2.5647909166971843, 2.307770982615153, 2.696487922223409, 2.3907963298797608, 2.7185246631622313, 2.307647787666321, 2.4790290179570516, 2.0465445631345114, 1.9457260809580486, 1.8957146293004354, 1.855205203183492, 1.844269089571635, 1.7705173641204834, 1.886125083732605, 1.6725478099823, 1.7354287434577942], 'val_accuracy': [0.11696666666666666, 0.19443333333333335, 0.23023333333333335, 0.2868, 0.3221333333333333, 0.3013, 0.3417, 0.3219666666666667, 0.3979, 0.43116666666666664, 0.4558, 0.47323333333333334, 0.47813333333333335, 0.5014666666666666, 0.5023333333333333, 0.5539666666666667, 0.5528333333333333, 0.5729, 0.5543333333333333], 'val_f1': [0.029266381778047156, 0.10311944737766304, 0.14305306935152587, 0.19767619726556665, 0.2540525339727593, 0.22884573386902607, 0.2856673933711373, 0.24175810683880108, 0.3410609553784012, 0.3639814757871236, 0.41147248972307443, 0.4294553223279153, 0.4320711281454176, 0.45434835643177607, 0.45597984792518326, 0.5303643871673297, 0.5176165546301263, 0.5491257535382958, 0.5271317677061151], 'val_mae': [3.154, 3.1595666666666666, 2.9402, 2.8287, 2.6263, 2.762, 2.3278, 2.669233333333333, 2.1083666666666665, 2.1781, 2.0444, 1.9706, 1.9823333333333333, 1.8447, 1.8288, 1.5205, 1.6141666666666667, 1.4782333333333333, 1.5912666666666666], 'jsd': [(0, 0, 0, 0.35067171963499644, 0.3410877212234671, 0.3545698196912417), (0, 0, 0, 0.22783103405493843, 0.2295118125533616, 0.35313127297330194), (0, 0, 0, 0.2256539090216683, 0.16209417261001346, 0.1658633395687623), (0, 0, 0, 0.2710701766146261, 0.1133486615482677, 0.2153683757520724), (0, 0, 0, 0.11672925105713552, 0.12633732244116747, 0.12222265068023189), (0, 0, 0, 0.44429003519601745, 0.14779627075033716, 0.2575670848236561), (0, 0, 0, 0.32086324827451074, 0.27238952702522967, 0.09893601988079073), (0, 0, 0, 0.3823073713735734, 0.1940620489951173, 0.2657158485352224), (0, 0, 0, 0.12170772884857461, 0.13816117335654646, 0.2998064072823914), (0, 0, 0, 0.1512592619867218, 0.29469855425675856, 0.10357828891021759), (0, 0, 0, 0.07977071270293903, 0.14190978290527495, 0.2478461544189175), (0, 0, 0, 0.15237758089911452, 0.1593084196474183, 0.21987314766525226), (0, 0, 0, 0.16945748463119556, 0.22411863746220687, 0.17430198147558956), (0, 0, 0, 0.08705486716742941, 0.14879539466633057, 0.2605977131548618), (0, 0, 0, 0.08130549797914102, 0.23209219738976508, 0.12105749616066726), (0, 0, 0, 0.14156573151255958, 0.1839058946530173, 0.07734860837139591), (0, 0, 0, 0.08726467737215218, 0.20256407973182525, 0.1523625873137454), (0, 0, 0, 0.12520240272398359, 0.12323525059436287, 0.09845455825061322), (0, 0, 0, 0.06579007047893297, 0.2587048650345776, 0.2127670898549322)]}}
Client Client 28 has insufficient CPU (1). Will not participate in the next FL round.
Client Client 25 participates in this round. (CPU: 2, RAM: 4)
Client Client 23 participates in this round. (CPU: 2, RAM: 4)
Client Client 27 has insufficient CPU (1). Will not participate in the next FL round.
Client Client 26 has insufficient CPU (1). Will not participate in the next FL round.
Client Client 24 participates in this round. (CPU: 2, RAM: 4)
Results Aggregated in 154.02 seconds.
{'CNN 64k': {'train_loss': [1.334402708053589, 1.3339090291023254, 1.409441552013821, 1.1748565536816915, 1.3600324708048503, 0.840388316933314, 1.0244778540429615, 0.8455894423007965, 0.8960701887166058, 0.8170955084482828, 0.9065991360490973, 0.7834854346911112, 0.7123287557822008, 0.7333358277275449, 0.779683694697486, 0.6952099719683329, 0.6266541032435847, 0.6654631148656209, 0.6128773139058498, 0.5533413127756118], 'train_accuracy': [0.4912, 0.4826, 0.4802222222222222, 0.5806666666666667, 0.50528, 0.7150222222222222, 0.6276571428571428, 0.6956166666666667, 0.6802962962962963, 0.7129333333333333, 0.6722787878787879, 0.7279222222222222, 0.7591794871794871, 0.7472666666666666, 0.7203022222222222, 0.75285, 0.7852, 0.7700074074074074, 0.7789052631578948, 0.8051133333333333], 'train_f1': [0.10759428677080887, 0.18966461874086635, 0.22981038117481614, 0.31199255819916266, 0.3557364802641636, 0.3562106958034888, 0.4051480932468018, 0.3920549021912559, 0.47774679716786594, 0.5157676758313511, 0.5506113756253043, 0.5885688825195244, 0.6005252906708054, 0.617856643856686, 0.6199352116234002, 0.7055887844586554, 0.6936730479618423, 0.7296133123895718, 0.723369920008372, 0.7279629668414385], 'train_mae': [1.9477333333333333, 2.1302, 1.8438222222222223, 1.5146333333333333, 1.9690133333333333, 1.0270444444444444, 1.0552380952380953, 0.7926333333333333, 1.1590814814814814, 1.1744133333333333, 1.0599272727272728, 0.9393777777777778, 0.7890153846153846, 0.8088095238095238, 0.8383911111111111, 0.8997833333333334, 0.7733098039215687, 0.816962962962963, 0.7270877192982456, 0.69924], 'val_loss': [3.8214104479471844, 3.3717321623484295, 2.769593370437622, 2.5647909166971843, 2.307770982615153, 2.696487922223409, 2.3907963298797608, 2.7185246631622313, 2.307647787666321, 2.4790290179570516, 2.0465445631345114, 1.9457260809580486, 1.8957146293004354, 1.855205203183492, 1.844269089571635, 1.7705173641204834, 1.886125083732605, 1.6725478099823, 1.7354287434577942, 1.8374744472503661], 'val_accuracy': [0.11696666666666666, 0.19443333333333335, 0.23023333333333335, 0.2868, 0.3221333333333333, 0.3013, 0.3417, 0.3219666666666667, 0.3979, 0.43116666666666664, 0.4558, 0.47323333333333334, 0.47813333333333335, 0.5014666666666666, 0.5023333333333333, 0.5539666666666667, 0.5528333333333333, 0.5729, 0.5543333333333333, 0.5588333333333333], 'val_f1': [0.029266381778047156, 0.10311944737766304, 0.14305306935152587, 0.19767619726556665, 0.2540525339727593, 0.22884573386902607, 0.2856673933711373, 0.24175810683880108, 0.3410609553784012, 0.3639814757871236, 0.41147248972307443, 0.4294553223279153, 0.4320711281454176, 0.45434835643177607, 0.45597984792518326, 0.5303643871673297, 0.5176165546301263, 0.5491257535382958, 0.5271317677061151, 0.528485284936572], 'val_mae': [3.154, 3.1595666666666666, 2.9402, 2.8287, 2.6263, 2.762, 2.3278, 2.669233333333333, 2.1083666666666665, 2.1781, 2.0444, 1.9706, 1.9823333333333333, 1.8447, 1.8288, 1.5205, 1.6141666666666667, 1.4782333333333333, 1.5912666666666666, 1.5303], 'jsd': [(0, 0, 0, 0.35067171963499644, 0.3410877212234671, 0.3545698196912417), (0, 0, 0, 0.22783103405493843, 0.2295118125533616, 0.35313127297330194), (0, 0, 0, 0.2256539090216683, 0.16209417261001346, 0.1658633395687623), (0, 0, 0, 0.2710701766146261, 0.1133486615482677, 0.2153683757520724), (0, 0, 0, 0.11672925105713552, 0.12633732244116747, 0.12222265068023189), (0, 0, 0, 0.44429003519601745, 0.14779627075033716, 0.2575670848236561), (0, 0, 0, 0.32086324827451074, 0.27238952702522967, 0.09893601988079073), (0, 0, 0, 0.3823073713735734, 0.1940620489951173, 0.2657158485352224), (0, 0, 0, 0.12170772884857461, 0.13816117335654646, 0.2998064072823914), (0, 0, 0, 0.1512592619867218, 0.29469855425675856, 0.10357828891021759), (0, 0, 0, 0.07977071270293903, 0.14190978290527495, 0.2478461544189175), (0, 0, 0, 0.15237758089911452, 0.1593084196474183, 0.21987314766525226), (0, 0, 0, 0.16945748463119556, 0.22411863746220687, 0.17430198147558956), (0, 0, 0, 0.08705486716742941, 0.14879539466633057, 0.2605977131548618), (0, 0, 0, 0.08130549797914102, 0.23209219738976508, 0.12105749616066726), (0, 0, 0, 0.14156573151255958, 0.1839058946530173, 0.07734860837139591), (0, 0, 0, 0.08726467737215218, 0.20256407973182525, 0.1523625873137454), (0, 0, 0, 0.12520240272398359, 0.12323525059436287, 0.09845455825061322), (0, 0, 0, 0.06579007047893297, 0.2587048650345776, 0.2127670898549322), (0, 0, 0, 0.19439904584338383, 0.12515345097175246, 0.1455702910733093)]}}
