==========================================
  ___  ______  ___ ______       _ 
 / _ \ | ___ \/   ||  ___|     | |
/ /_\ \| |_/ / /| || |_ ___  __| |
|  _  ||  __/ /_| ||  _/ _ \/ _` |
| | | || |  \___  || ||  __/ (_| |
\_| |_/\_|      |_/\_| \___|\__,_| v.1.5.0

==========================================
Simulation Started!
List of the Architectural Patterns enabled:
Adaptation Enabled ✅
Random activation criterion
Client Registry ✅
Message Compressor ✅
==========================================
client Client 25 injecting delay of 10 seconds
client Client 32 injecting delay of 5 seconds
client Client 23 injecting delay of 6 seconds
client Client 26 injecting delay of 1 seconds
client Client 27 injecting delay of 9 seconds
client Client 31 injecting delay of 0 seconds
Local parameters compressed: reduced 5301 bytes (7.18%)
client Client 29 injecting delay of 4 seconds
client Client 28 injecting delay of 5 seconds
client Client 30 injecting delay of 8 seconds
Local parameters compressed: reduced 5301 bytes (7.18%)
client Client 24 injecting delay of 4 seconds
Local parameters compressed: reduced 5271 bytes (7.14%)
Local parameters compressed: reduced 5312 bytes (7.20%)
Local parameters compressed: reduced 5293 bytes (7.17%)
Local parameters compressed: reduced 5261 bytes (7.13%)
Local parameters compressed: reduced 5300 bytes (7.18%)
Local parameters compressed: reduced 5297 bytes (7.18%)
Local parameters compressed: reduced 5274 bytes (7.15%)
Local parameters compressed: reduced 5286 bytes (7.16%)
Results Aggregated in 36.39 seconds.
{'TextMLP': {'train_loss': [0.6193937811374665], 'train_accuracy': [0.7776866666666666], 'train_f1': [0.7769038987598941], 'train_mae': [0.36000166666666666], 'val_loss': [0.6279085721969605], 'val_accuracy': [0.7709868421052631], 'val_f1': [0.7700753354606265], 'val_mae': [0.3686842105263158], 'jsd': [(0, 0, 0, 0, 0, 0, 0, 0, 0, 0)]}}
AdaptationManager: Configuring next round...
{'client_registry': {'enabled': True, 'params': {}}, 'client_selector': {'enabled': False, 'params': {}}, 'client_cluster': {'enabled': False, 'params': {}}, 'message_compressor': {'enabled': True, 'params': {}}, 'model_co-versioning_registry': {'enabled': False, 'params': {}}, 'multi-task_model_trainer': {'enabled': False, 'params': {}}, 'heterogeneous_data_handler': {'enabled': False, 'params': {}}}
{'client_selector': {'enabled': False}, 'client_cluster': {'enabled': False}, 'message_compressor': {'enabled': True}, 'model_co-versioning_registry': {'enabled': False}, 'multi-task_model_trainer': {'enabled': False}, 'heterogeneous_data_handler': {'enabled': False}, 'client_registry': {'enabled': True, 'params': {}}}
message_compressor de-activated ❌
client Client 27 injecting delay of 6 seconds
client Client 26 injecting delay of 9 seconds
client Client 25 injecting delay of 5 seconds
client Client 32 injecting delay of 5 seconds
client Client 29 injecting delay of 0 seconds
client Client 23 injecting delay of 1 seconds
client Client 30 injecting delay of 7 seconds
client Client 24 injecting delay of 3 seconds
client Client 28 injecting delay of 7 seconds
client Client 31 injecting delay of 6 seconds
Results Aggregated in 19.14 seconds.
{'TextMLP': {'train_loss': [0.6193937811374665, 0.5182236016043027], 'train_accuracy': [0.7776866666666666, 0.8131833333333334], 'train_f1': [0.7769038987598941, 0.8127001747875456], 'train_mae': [0.36000166666666666, 0.29823916666666667], 'val_loss': [0.6279085721969605, 0.5341794917395241], 'val_accuracy': [0.7709868421052631, 0.8044473684210526], 'val_f1': [0.7700753354606265, 0.803930540689503], 'val_mae': [0.3686842105263158, 0.3126973684210526], 'jsd': [(0, 0, 0, 0, 0, 0, 0, 0, 0, 0), (0, 0, 0, 0, 0, 0, 0, 0, 0, 0)]}}
AdaptationManager: Configuring next round...
{'client_registry': {'enabled': True, 'params': {}}, 'client_selector': {'enabled': False, 'params': {}}, 'client_cluster': {'enabled': False, 'params': {}}, 'message_compressor': {'enabled': True, 'params': {}}, 'model_co-versioning_registry': {'enabled': False, 'params': {}}, 'multi-task_model_trainer': {'enabled': False, 'params': {}}, 'heterogeneous_data_handler': {'enabled': False, 'params': {}}}
{'client_selector': {'enabled': False}, 'client_cluster': {'enabled': False}, 'message_compressor': {'enabled': False}, 'model_co-versioning_registry': {'enabled': False}, 'multi-task_model_trainer': {'enabled': False}, 'heterogeneous_data_handler': {'enabled': False}, 'client_registry': {'enabled': True, 'params': {}}}
message_compressor de-activated ❌
client Client 26 injecting delay of 4 seconds
client Client 27 injecting delay of 0 seconds
client Client 32 injecting delay of 6 seconds
client Client 24 injecting delay of 7 seconds
client Client 25 injecting delay of 0 seconds
client Client 31 injecting delay of 7 seconds
client Client 23 injecting delay of 2 seconds
client Client 28 injecting delay of 1 seconds
client Client 29 injecting delay of 10 seconds
client Client 30 injecting delay of 6 seconds
Results Aggregated in 20.90 seconds.
{'TextMLP': {'train_loss': [0.6193937811374665, 0.5182236016043027, 0.4868551731936137], 'train_accuracy': [0.7776866666666666, 0.8131833333333334, 0.8232083333333333], 'train_f1': [0.7769038987598941, 0.8127001747875456, 0.8222918783454586], 'train_mae': [0.36000166666666666, 0.29823916666666667, 0.27864], 'val_loss': [0.6279085721969605, 0.5341794917395241, 0.5049553457937743], 'val_accuracy': [0.7709868421052631, 0.8044473684210526, 0.8151447368421052], 'val_f1': [0.7700753354606265, 0.803930540689503, 0.8141635984085166], 'val_mae': [0.3686842105263158, 0.3126973684210526, 0.29109210526315793], 'jsd': [(0, 0, 0, 0, 0, 0, 0, 0, 0, 0), (0, 0, 0, 0, 0, 0, 0, 0, 0, 0), (0, 0, 0, 0, 0, 0, 0, 0, 0, 0)]}}
AdaptationManager: Configuring next round...
{'client_registry': {'enabled': True, 'params': {}}, 'client_selector': {'enabled': False, 'params': {}}, 'client_cluster': {'enabled': False, 'params': {}}, 'message_compressor': {'enabled': True, 'params': {}}, 'model_co-versioning_registry': {'enabled': False, 'params': {}}, 'multi-task_model_trainer': {'enabled': False, 'params': {}}, 'heterogeneous_data_handler': {'enabled': False, 'params': {}}}
{'client_selector': {'enabled': False}, 'client_cluster': {'enabled': False}, 'message_compressor': {'enabled': False}, 'model_co-versioning_registry': {'enabled': False}, 'multi-task_model_trainer': {'enabled': False}, 'heterogeneous_data_handler': {'enabled': False}, 'client_registry': {'enabled': True, 'params': {}}}
message_compressor activated ✅
client Client 23 injecting delay of 1 seconds
client Client 26 injecting delay of 4 seconds
client Client 31 injecting delay of 1 seconds
client Client 25 injecting delay of 9 seconds
client Client 32 injecting delay of 2 seconds
client Client 29 injecting delay of 10 seconds
client Client 24 injecting delay of 4 seconds
client Client 27 injecting delay of 1 seconds
client Client 30 injecting delay of 5 seconds
Local parameters compressed: reduced 5158 bytes (6.99%)
Local parameters compressed: reduced 5192 bytes (7.04%)
client Client 28 injecting delay of 8 seconds
Local parameters compressed: reduced 5186 bytes (7.03%)
Local parameters compressed: reduced 5198 bytes (7.04%)
Local parameters compressed: reduced 5181 bytes (7.02%)
Local parameters compressed: reduced 5206 bytes (7.06%)
Local parameters compressed: reduced 5157 bytes (6.99%)
Local parameters compressed: reduced 5187 bytes (7.03%)
Local parameters compressed: reduced 5210 bytes (7.06%)
Local parameters compressed: reduced 5230 bytes (7.09%)
Results Aggregated in 19.84 seconds.
{'TextMLP': {'train_loss': [0.6193937811374665, 0.5182236016043027, 0.4868551731936137, 0.47076965833266576], 'train_accuracy': [0.7776866666666666, 0.8131833333333334, 0.8232083333333333, 0.8282933333333333], 'train_f1': [0.7769038987598941, 0.8127001747875456, 0.8222918783454586, 0.8278007253954395], 'train_mae': [0.36000166666666666, 0.29823916666666667, 0.27864, 0.2695458333333333], 'val_loss': [0.6279085721969605, 0.5341794917395241, 0.5049553457937743, 0.4903803734904841], 'val_accuracy': [0.7709868421052631, 0.8044473684210526, 0.8151447368421052, 0.8191578947368421], 'val_f1': [0.7700753354606265, 0.803930540689503, 0.8141635984085166, 0.8186085962418975], 'val_mae': [0.3686842105263158, 0.3126973684210526, 0.29109210526315793, 0.2829210526315789], 'jsd': [(0, 0, 0, 0, 0, 0, 0, 0, 0, 0), (0, 0, 0, 0, 0, 0, 0, 0, 0, 0), (0, 0, 0, 0, 0, 0, 0, 0, 0, 0), (0, 0, 0, 0, 0, 0, 0, 0, 0, 0)]}}
AdaptationManager: Configuring next round...
{'client_registry': {'enabled': True, 'params': {}}, 'client_selector': {'enabled': False, 'params': {}}, 'client_cluster': {'enabled': False, 'params': {}}, 'message_compressor': {'enabled': True, 'params': {}}, 'model_co-versioning_registry': {'enabled': False, 'params': {}}, 'multi-task_model_trainer': {'enabled': False, 'params': {}}, 'heterogeneous_data_handler': {'enabled': False, 'params': {}}}
{'client_selector': {'enabled': False}, 'client_cluster': {'enabled': False}, 'message_compressor': {'enabled': True, 'params': {'enabled_clients': ['Client 23', 'Client 24', 'Client 28', 'Client 29', 'Client 30', 'Client 32']}}, 'model_co-versioning_registry': {'enabled': False}, 'multi-task_model_trainer': {'enabled': False}, 'heterogeneous_data_handler': {'enabled': False}, 'client_registry': {'enabled': True, 'params': {}}}
message_compressor de-activated ❌
client Client 23 injecting delay of 7 seconds
client Client 31 injecting delay of 0 seconds
client Client 26 injecting delay of 10 seconds
client Client 27 injecting delay of 10 seconds
client Client 30 injecting delay of 7 seconds
client Client 28 injecting delay of 2 seconds
client Client 32 injecting delay of 3 seconds
client Client 24 injecting delay of 5 seconds
client Client 29 injecting delay of 9 seconds
client Client 25 injecting delay of 1 seconds
Results Aggregated in 20.41 seconds.
{'TextMLP': {'train_loss': [0.6193937811374665, 0.5182236016043027, 0.4868551731936137, 0.47076965833266576, 0.45896987083594004], 'train_accuracy': [0.7776866666666666, 0.8131833333333334, 0.8232083333333333, 0.8282933333333333, 0.8324441666666667], 'train_f1': [0.7769038987598941, 0.8127001747875456, 0.8222918783454586, 0.8278007253954395, 0.8321036819367409], 'train_mae': [0.36000166666666666, 0.29823916666666667, 0.27864, 0.2695458333333333, 0.26319916666666665], 'val_loss': [0.6279085721969605, 0.5341794917395241, 0.5049553457937743, 0.4903803734904841, 0.4789673257689727], 'val_accuracy': [0.7709868421052631, 0.8044473684210526, 0.8151447368421052, 0.8191578947368421, 0.8236842105263157], 'val_f1': [0.7700753354606265, 0.803930540689503, 0.8141635984085166, 0.8186085962418975, 0.8232814356560573], 'val_mae': [0.3686842105263158, 0.3126973684210526, 0.29109210526315793, 0.2829210526315789, 0.27661842105263157], 'jsd': [(0, 0, 0, 0, 0, 0, 0, 0, 0, 0), (0, 0, 0, 0, 0, 0, 0, 0, 0, 0), (0, 0, 0, 0, 0, 0, 0, 0, 0, 0), (0, 0, 0, 0, 0, 0, 0, 0, 0, 0), (0, 0, 0, 0, 0, 0, 0, 0, 0, 0)]}}
AdaptationManager: Configuring next round...
{'client_registry': {'enabled': True, 'params': {}}, 'client_selector': {'enabled': False, 'params': {}}, 'client_cluster': {'enabled': False, 'params': {}}, 'message_compressor': {'enabled': True, 'params': {}}, 'model_co-versioning_registry': {'enabled': False, 'params': {}}, 'multi-task_model_trainer': {'enabled': False, 'params': {}}, 'heterogeneous_data_handler': {'enabled': False, 'params': {}}}
{'client_selector': {'enabled': False}, 'client_cluster': {'enabled': False}, 'message_compressor': {'enabled': False, 'params': {'enabled_clients': ['Client 23', 'Client 24', 'Client 28', 'Client 29', 'Client 30', 'Client 32']}}, 'model_co-versioning_registry': {'enabled': False}, 'multi-task_model_trainer': {'enabled': False}, 'heterogeneous_data_handler': {'enabled': False}, 'client_registry': {'enabled': True, 'params': {}}}
message_compressor de-activated ❌
client Client 25 injecting delay of 3 seconds
client Client 32 injecting delay of 2 seconds
client Client 26 injecting delay of 7 seconds
client Client 23 injecting delay of 5 seconds
client Client 31 injecting delay of 7 seconds
client Client 29 injecting delay of 9 seconds
client Client 30 injecting delay of 10 seconds
client Client 24 injecting delay of 1 seconds
client Client 27 injecting delay of 5 seconds
client Client 28 injecting delay of 0 seconds
Results Aggregated in 20.34 seconds.
{'TextMLP': {'train_loss': [0.6193937811374665, 0.5182236016043027, 0.4868551731936137, 0.47076965833266576, 0.45896987083594004, 0.4569292281484604], 'train_accuracy': [0.7776866666666666, 0.8131833333333334, 0.8232083333333333, 0.8282933333333333, 0.8324441666666667, 0.832515], 'train_f1': [0.7769038987598941, 0.8127001747875456, 0.8222918783454586, 0.8278007253954395, 0.8321036819367409, 0.8318948958955446], 'train_mae': [0.36000166666666666, 0.29823916666666667, 0.27864, 0.2695458333333333, 0.26319916666666665, 0.26095666666666667], 'val_loss': [0.6279085721969605, 0.5341794917395241, 0.5049553457937743, 0.4903803734904841, 0.4789673257689727, 0.476938178388696], 'val_accuracy': [0.7709868421052631, 0.8044473684210526, 0.8151447368421052, 0.8191578947368421, 0.8236842105263157, 0.8239736842105263], 'val_f1': [0.7700753354606265, 0.803930540689503, 0.8141635984085166, 0.8186085962418975, 0.8232814356560573, 0.8232873784014373], 'val_mae': [0.3686842105263158, 0.3126973684210526, 0.29109210526315793, 0.2829210526315789, 0.27661842105263157, 0.2735789473684211], 'jsd': [(0, 0, 0, 0, 0, 0, 0, 0, 0, 0), (0, 0, 0, 0, 0, 0, 0, 0, 0, 0), (0, 0, 0, 0, 0, 0, 0, 0, 0, 0), (0, 0, 0, 0, 0, 0, 0, 0, 0, 0), (0, 0, 0, 0, 0, 0, 0, 0, 0, 0), (0, 0, 0, 0, 0, 0, 0, 0, 0, 0)]}}
AdaptationManager: Configuring next round...
{'client_registry': {'enabled': True, 'params': {}}, 'client_selector': {'enabled': False, 'params': {}}, 'client_cluster': {'enabled': False, 'params': {}}, 'message_compressor': {'enabled': True, 'params': {}}, 'model_co-versioning_registry': {'enabled': False, 'params': {}}, 'multi-task_model_trainer': {'enabled': False, 'params': {}}, 'heterogeneous_data_handler': {'enabled': False, 'params': {}}}
{'client_selector': {'enabled': False}, 'client_cluster': {'enabled': False}, 'message_compressor': {'enabled': False, 'params': {'enabled_clients': ['Client 23', 'Client 24', 'Client 28', 'Client 29', 'Client 30', 'Client 32']}}, 'model_co-versioning_registry': {'enabled': False}, 'multi-task_model_trainer': {'enabled': False}, 'heterogeneous_data_handler': {'enabled': False}, 'client_registry': {'enabled': True, 'params': {}}}
message_compressor de-activated ❌
client Client 26 injecting delay of 9 seconds
client Client 23 injecting delay of 4 seconds
client Client 32 injecting delay of 3 seconds
client Client 25 injecting delay of 1 seconds
client Client 31 injecting delay of 1 seconds
client Client 28 injecting delay of 8 seconds
client Client 29 injecting delay of 8 seconds
client Client 24 injecting delay of 10 seconds
client Client 30 injecting delay of 4 seconds
client Client 27 injecting delay of 8 seconds
Results Aggregated in 20.71 seconds.
{'TextMLP': {'train_loss': [0.6193937811374665, 0.5182236016043027, 0.4868551731936137, 0.47076965833266576, 0.45896987083594004, 0.4569292281484604, 0.4426232567246755], 'train_accuracy': [0.7776866666666666, 0.8131833333333334, 0.8232083333333333, 0.8282933333333333, 0.8324441666666667, 0.832515, 0.8382516666666666], 'train_f1': [0.7769038987598941, 0.8127001747875456, 0.8222918783454586, 0.8278007253954395, 0.8321036819367409, 0.8318948958955446, 0.8378180492518434], 'train_mae': [0.36000166666666666, 0.29823916666666667, 0.27864, 0.2695458333333333, 0.26319916666666665, 0.26095666666666667, 0.25771166666666667], 'val_loss': [0.6279085721969605, 0.5341794917395241, 0.5049553457937743, 0.4903803734904841, 0.4789673257689727, 0.476938178388696, 0.4634683029777126], 'val_accuracy': [0.7709868421052631, 0.8044473684210526, 0.8151447368421052, 0.8191578947368421, 0.8236842105263157, 0.8239736842105263, 0.8292236842105263], 'val_f1': [0.7700753354606265, 0.803930540689503, 0.8141635984085166, 0.8186085962418975, 0.8232814356560573, 0.8232873784014373, 0.8287016024828344], 'val_mae': [0.3686842105263158, 0.3126973684210526, 0.29109210526315793, 0.2829210526315789, 0.27661842105263157, 0.2735789473684211, 0.2709605263157895], 'jsd': [(0, 0, 0, 0, 0, 0, 0, 0, 0, 0), (0, 0, 0, 0, 0, 0, 0, 0, 0, 0), (0, 0, 0, 0, 0, 0, 0, 0, 0, 0), (0, 0, 0, 0, 0, 0, 0, 0, 0, 0), (0, 0, 0, 0, 0, 0, 0, 0, 0, 0), (0, 0, 0, 0, 0, 0, 0, 0, 0, 0), (0, 0, 0, 0, 0, 0, 0, 0, 0, 0)]}}
AdaptationManager: Configuring next round...
{'client_registry': {'enabled': True, 'params': {}}, 'client_selector': {'enabled': False, 'params': {}}, 'client_cluster': {'enabled': False, 'params': {}}, 'message_compressor': {'enabled': True, 'params': {}}, 'model_co-versioning_registry': {'enabled': False, 'params': {}}, 'multi-task_model_trainer': {'enabled': False, 'params': {}}, 'heterogeneous_data_handler': {'enabled': False, 'params': {}}}
{'client_selector': {'enabled': False}, 'client_cluster': {'enabled': False}, 'message_compressor': {'enabled': False, 'params': {'enabled_clients': ['Client 23', 'Client 24', 'Client 28', 'Client 29', 'Client 30', 'Client 32']}}, 'model_co-versioning_registry': {'enabled': False}, 'multi-task_model_trainer': {'enabled': False}, 'heterogeneous_data_handler': {'enabled': False}, 'client_registry': {'enabled': True, 'params': {}}}
message_compressor activated ✅
client Client 24 injecting delay of 7 seconds
client Client 23 injecting delay of 0 seconds
Local parameters compressed: reduced 5169 bytes (7.01%)
client Client 25 injecting delay of 3 seconds
client Client 26 injecting delay of 0 seconds
Local parameters compressed: reduced 5144 bytes (6.97%)
client Client 32 injecting delay of 4 seconds
client Client 30 injecting delay of 0 seconds
Local parameters compressed: reduced 5145 bytes (6.97%)
client Client 27 injecting delay of 1 seconds
client Client 29 injecting delay of 1 seconds
client Client 28 injecting delay of 1 seconds
client Client 31 injecting delay of 3 seconds
Local parameters compressed: reduced 5147 bytes (6.98%)
Local parameters compressed: reduced 5137 bytes (6.96%)
Local parameters compressed: reduced 5110 bytes (6.93%)
Local parameters compressed: reduced 5145 bytes (6.97%)
Local parameters compressed: reduced 5178 bytes (7.02%)
Local parameters compressed: reduced 5165 bytes (7.00%)
Local parameters compressed: reduced 5168 bytes (7.00%)
Results Aggregated in 15.97 seconds.
{'TextMLP': {'train_loss': [0.6193937811374665, 0.5182236016043027, 0.4868551731936137, 0.47076965833266576, 0.45896987083594004, 0.4569292281484604, 0.4426232567246755, 0.44546955567558605], 'train_accuracy': [0.7776866666666666, 0.8131833333333334, 0.8232083333333333, 0.8282933333333333, 0.8324441666666667, 0.832515, 0.8382516666666666, 0.8365583333333333], 'train_f1': [0.7769038987598941, 0.8127001747875456, 0.8222918783454586, 0.8278007253954395, 0.8321036819367409, 0.8318948958955446, 0.8378180492518434, 0.836191863260411], 'train_mae': [0.36000166666666666, 0.29823916666666667, 0.27864, 0.2695458333333333, 0.26319916666666665, 0.26095666666666667, 0.25771166666666667, 0.25921], 'val_loss': [0.6279085721969605, 0.5341794917395241, 0.5049553457937743, 0.4903803734904841, 0.4789673257689727, 0.476938178388696, 0.4634683029777126, 0.4657072115258166], 'val_accuracy': [0.7709868421052631, 0.8044473684210526, 0.8151447368421052, 0.8191578947368421, 0.8236842105263157, 0.8239736842105263, 0.8292236842105263, 0.8285263157894737], 'val_f1': [0.7700753354606265, 0.803930540689503, 0.8141635984085166, 0.8186085962418975, 0.8232814356560573, 0.8232873784014373, 0.8287016024828344, 0.828114846678952], 'val_mae': [0.3686842105263158, 0.3126973684210526, 0.29109210526315793, 0.2829210526315789, 0.27661842105263157, 0.2735789473684211, 0.2709605263157895, 0.27103947368421055], 'jsd': [(0, 0, 0, 0, 0, 0, 0, 0, 0, 0), (0, 0, 0, 0, 0, 0, 0, 0, 0, 0), (0, 0, 0, 0, 0, 0, 0, 0, 0, 0), (0, 0, 0, 0, 0, 0, 0, 0, 0, 0), (0, 0, 0, 0, 0, 0, 0, 0, 0, 0), (0, 0, 0, 0, 0, 0, 0, 0, 0, 0), (0, 0, 0, 0, 0, 0, 0, 0, 0, 0), (0, 0, 0, 0, 0, 0, 0, 0, 0, 0)]}}
AdaptationManager: Configuring next round...
{'client_registry': {'enabled': True, 'params': {}}, 'client_selector': {'enabled': False, 'params': {}}, 'client_cluster': {'enabled': False, 'params': {}}, 'message_compressor': {'enabled': True, 'params': {}}, 'model_co-versioning_registry': {'enabled': False, 'params': {}}, 'multi-task_model_trainer': {'enabled': False, 'params': {}}, 'heterogeneous_data_handler': {'enabled': False, 'params': {}}}
{'client_selector': {'enabled': False}, 'client_cluster': {'enabled': False}, 'message_compressor': {'enabled': True, 'params': {'enabled_clients': ['Client 23', 'Client 24', 'Client 25', 'Client 26', 'Client 27', 'Client 29', 'Client 30', 'Client 32']}}, 'model_co-versioning_registry': {'enabled': False}, 'multi-task_model_trainer': {'enabled': False}, 'heterogeneous_data_handler': {'enabled': False}, 'client_registry': {'enabled': True, 'params': {}}}
message_compressor activated ✅
client Client 23 injecting delay of 0 seconds
Local parameters compressed: reduced 5114 bytes (6.93%)
client Client 26 injecting delay of 5 seconds
client Client 31 injecting delay of 9 seconds
client Client 25 injecting delay of 1 seconds
client Client 32 injecting delay of 0 seconds
Local parameters compressed: reduced 5154 bytes (6.98%)
client Client 24 injecting delay of 5 seconds
client Client 27 injecting delay of 4 seconds
client Client 29 injecting delay of 1 seconds
client Client 30 injecting delay of 1 seconds
Local parameters compressed: reduced 5133 bytes (6.96%)
Local parameters compressed: reduced 5143 bytes (6.97%)
Local parameters compressed: reduced 5096 bytes (6.91%)
client Client 28 injecting delay of 7 seconds
Local parameters compressed: reduced 5132 bytes (6.96%)
Local parameters compressed: reduced 5163 bytes (7.00%)
Local parameters compressed: reduced 5134 bytes (6.96%)
Local parameters compressed: reduced 5136 bytes (6.96%)
Local parameters compressed: reduced 5128 bytes (6.95%)
Results Aggregated in 19.01 seconds.
{'TextMLP': {'train_loss': [0.6193937811374665, 0.5182236016043027, 0.4868551731936137, 0.47076965833266576, 0.45896987083594004, 0.4569292281484604, 0.4426232567246755, 0.44546955567558605, 0.43681908821503324], 'train_accuracy': [0.7776866666666666, 0.8131833333333334, 0.8232083333333333, 0.8282933333333333, 0.8324441666666667, 0.832515, 0.8382516666666666, 0.8365583333333333, 0.8400908333333333], 'train_f1': [0.7769038987598941, 0.8127001747875456, 0.8222918783454586, 0.8278007253954395, 0.8321036819367409, 0.8318948958955446, 0.8378180492518434, 0.836191863260411, 0.8397906174486327], 'train_mae': [0.36000166666666666, 0.29823916666666667, 0.27864, 0.2695458333333333, 0.26319916666666665, 0.26095666666666667, 0.25771166666666667, 0.25921, 0.2536058333333333], 'val_loss': [0.6279085721969605, 0.5341794917395241, 0.5049553457937743, 0.4903803734904841, 0.4789673257689727, 0.476938178388696, 0.4634683029777126, 0.4657072115258166, 0.4569523040809129], 'val_accuracy': [0.7709868421052631, 0.8044473684210526, 0.8151447368421052, 0.8191578947368421, 0.8236842105263157, 0.8239736842105263, 0.8292236842105263, 0.8285263157894737, 0.8323157894736841], 'val_f1': [0.7700753354606265, 0.803930540689503, 0.8141635984085166, 0.8186085962418975, 0.8232814356560573, 0.8232873784014373, 0.8287016024828344, 0.828114846678952, 0.8319631942159791], 'val_mae': [0.3686842105263158, 0.3126973684210526, 0.29109210526315793, 0.2829210526315789, 0.27661842105263157, 0.2735789473684211, 0.2709605263157895, 0.27103947368421055, 0.26490789473684206], 'jsd': [(0, 0, 0, 0, 0, 0, 0, 0, 0, 0), (0, 0, 0, 0, 0, 0, 0, 0, 0, 0), (0, 0, 0, 0, 0, 0, 0, 0, 0, 0), (0, 0, 0, 0, 0, 0, 0, 0, 0, 0), (0, 0, 0, 0, 0, 0, 0, 0, 0, 0), (0, 0, 0, 0, 0, 0, 0, 0, 0, 0), (0, 0, 0, 0, 0, 0, 0, 0, 0, 0), (0, 0, 0, 0, 0, 0, 0, 0, 0, 0), (0, 0, 0, 0, 0, 0, 0, 0, 0, 0)]}}
AdaptationManager: Configuring next round...
{'client_registry': {'enabled': True, 'params': {}}, 'client_selector': {'enabled': False, 'params': {}}, 'client_cluster': {'enabled': False, 'params': {}}, 'message_compressor': {'enabled': True, 'params': {}}, 'model_co-versioning_registry': {'enabled': False, 'params': {}}, 'multi-task_model_trainer': {'enabled': False, 'params': {}}, 'heterogeneous_data_handler': {'enabled': False, 'params': {}}}
{'client_selector': {'enabled': False}, 'client_cluster': {'enabled': False}, 'message_compressor': {'enabled': True, 'params': {'enabled_clients': ['Client 23', 'Client 24', 'Client 28', 'Client 29']}}, 'model_co-versioning_registry': {'enabled': False}, 'multi-task_model_trainer': {'enabled': False}, 'heterogeneous_data_handler': {'enabled': False}, 'client_registry': {'enabled': True, 'params': {}}}
message_compressor activated ✅
client Client 26 injecting delay of 10 seconds
client Client 32 injecting delay of 6 seconds
client Client 27 injecting delay of 5 seconds
client Client 28 injecting delay of 6 seconds
client Client 30 injecting delay of 9 seconds
client Client 23 injecting delay of 4 seconds
client Client 29 injecting delay of 0 seconds
Local parameters compressed: reduced 5137 bytes (6.96%)
client Client 31 injecting delay of 10 seconds
client Client 24 injecting delay of 3 seconds
client Client 25 injecting delay of 9 seconds
Local parameters compressed: reduced 5122 bytes (6.94%)
Local parameters compressed: reduced 5134 bytes (6.96%)
Local parameters compressed: reduced 5112 bytes (6.93%)
Local parameters compressed: reduced 5136 bytes (6.96%)
Local parameters compressed: reduced 5138 bytes (6.96%)
Local parameters compressed: reduced 5150 bytes (6.98%)
Local parameters compressed: reduced 5122 bytes (6.94%)
Local parameters compressed: reduced 5171 bytes (7.01%)
Local parameters compressed: reduced 5151 bytes (6.98%)
Results Aggregated in 20.52 seconds.
{'TextMLP': {'train_loss': [0.6193937811374665, 0.5182236016043027, 0.4868551731936137, 0.47076965833266576, 0.45896987083594004, 0.4569292281484604, 0.4426232567246755, 0.44546955567558605, 0.43681908821503324, 0.43751135513067246], 'train_accuracy': [0.7776866666666666, 0.8131833333333334, 0.8232083333333333, 0.8282933333333333, 0.8324441666666667, 0.832515, 0.8382516666666666, 0.8365583333333333, 0.8400908333333333, 0.8395975], 'train_f1': [0.7769038987598941, 0.8127001747875456, 0.8222918783454586, 0.8278007253954395, 0.8321036819367409, 0.8318948958955446, 0.8378180492518434, 0.836191863260411, 0.8397906174486327, 0.839308920174371], 'train_mae': [0.36000166666666666, 0.29823916666666667, 0.27864, 0.2695458333333333, 0.26319916666666665, 0.26095666666666667, 0.25771166666666667, 0.25921, 0.2536058333333333, 0.2552075], 'val_loss': [0.6279085721969605, 0.5341794917395241, 0.5049553457937743, 0.4903803734904841, 0.4789673257689727, 0.476938178388696, 0.4634683029777126, 0.4657072115258166, 0.4569523040809129, 0.4578198849276492], 'val_accuracy': [0.7709868421052631, 0.8044473684210526, 0.8151447368421052, 0.8191578947368421, 0.8236842105263157, 0.8239736842105263, 0.8292236842105263, 0.8285263157894737, 0.8323157894736841, 0.8317631578947368], 'val_f1': [0.7700753354606265, 0.803930540689503, 0.8141635984085166, 0.8186085962418975, 0.8232814356560573, 0.8232873784014373, 0.8287016024828344, 0.828114846678952, 0.8319631942159791, 0.8314161338117878], 'val_mae': [0.3686842105263158, 0.3126973684210526, 0.29109210526315793, 0.2829210526315789, 0.27661842105263157, 0.2735789473684211, 0.2709605263157895, 0.27103947368421055, 0.26490789473684206, 0.26613157894736844], 'jsd': [(0, 0, 0, 0, 0, 0, 0, 0, 0, 0), (0, 0, 0, 0, 0, 0, 0, 0, 0, 0), (0, 0, 0, 0, 0, 0, 0, 0, 0, 0), (0, 0, 0, 0, 0, 0, 0, 0, 0, 0), (0, 0, 0, 0, 0, 0, 0, 0, 0, 0), (0, 0, 0, 0, 0, 0, 0, 0, 0, 0), (0, 0, 0, 0, 0, 0, 0, 0, 0, 0), (0, 0, 0, 0, 0, 0, 0, 0, 0, 0), (0, 0, 0, 0, 0, 0, 0, 0, 0, 0), (0, 0, 0, 0, 0, 0, 0, 0, 0, 0)]}}
AdaptationManager: Configuring next round...
{'client_registry': {'enabled': True, 'params': {}}, 'client_selector': {'enabled': False, 'params': {}}, 'client_cluster': {'enabled': False, 'params': {}}, 'message_compressor': {'enabled': True, 'params': {}}, 'model_co-versioning_registry': {'enabled': False, 'params': {}}, 'multi-task_model_trainer': {'enabled': False, 'params': {}}, 'heterogeneous_data_handler': {'enabled': False, 'params': {}}}
{'client_selector': {'enabled': False}, 'client_cluster': {'enabled': False}, 'message_compressor': {'enabled': True, 'params': {'enabled_clients': ['Client 23', 'Client 25', 'Client 26', 'Client 27', 'Client 28', 'Client 30', 'Client 31', 'Client 32']}}, 'model_co-versioning_registry': {'enabled': False}, 'multi-task_model_trainer': {'enabled': False}, 'heterogeneous_data_handler': {'enabled': False}, 'client_registry': {'enabled': True, 'params': {}}}
message_compressor de-activated ❌
client Client 27 injecting delay of 7 seconds
client Client 25 injecting delay of 4 seconds
client Client 24 injecting delay of 6 seconds
client Client 26 injecting delay of 5 seconds
client Client 23 injecting delay of 8 seconds
client Client 28 injecting delay of 4 seconds
client Client 30 injecting delay of 0 seconds
client Client 32 injecting delay of 4 seconds
client Client 31 injecting delay of 6 seconds
client Client 29 injecting delay of 4 seconds
Results Aggregated in 18.72 seconds.
{'TextMLP': {'train_loss': [0.6193937811374665, 0.5182236016043027, 0.4868551731936137, 0.47076965833266576, 0.45896987083594004, 0.4569292281484604, 0.4426232567246755, 0.44546955567558605, 0.43681908821503324, 0.43751135513067246, 0.44248000341176985], 'train_accuracy': [0.7776866666666666, 0.8131833333333334, 0.8232083333333333, 0.8282933333333333, 0.8324441666666667, 0.832515, 0.8382516666666666, 0.8365583333333333, 0.8400908333333333, 0.8395975, 0.837055], 'train_f1': [0.7769038987598941, 0.8127001747875456, 0.8222918783454586, 0.8278007253954395, 0.8321036819367409, 0.8318948958955446, 0.8378180492518434, 0.836191863260411, 0.8397906174486327, 0.839308920174371, 0.83652626973853], 'train_mae': [0.36000166666666666, 0.29823916666666667, 0.27864, 0.2695458333333333, 0.26319916666666665, 0.26095666666666667, 0.25771166666666667, 0.25921, 0.2536058333333333, 0.2552075, 0.26004], 'val_loss': [0.6279085721969605, 0.5341794917395241, 0.5049553457937743, 0.4903803734904841, 0.4789673257689727, 0.476938178388696, 0.4634683029777126, 0.4657072115258166, 0.4569523040809129, 0.4578198849276492, 0.4634542032668465], 'val_accuracy': [0.7709868421052631, 0.8044473684210526, 0.8151447368421052, 0.8191578947368421, 0.8236842105263157, 0.8239736842105263, 0.8292236842105263, 0.8285263157894737, 0.8323157894736841, 0.8317631578947368, 0.8300657894736843], 'val_f1': [0.7700753354606265, 0.803930540689503, 0.8141635984085166, 0.8186085962418975, 0.8232814356560573, 0.8232873784014373, 0.8287016024828344, 0.828114846678952, 0.8319631942159791, 0.8314161338117878, 0.8293767337742844], 'val_mae': [0.3686842105263158, 0.3126973684210526, 0.29109210526315793, 0.2829210526315789, 0.27661842105263157, 0.2735789473684211, 0.2709605263157895, 0.27103947368421055, 0.26490789473684206, 0.26613157894736844, 0.26982894736842106], 'jsd': [(0, 0, 0, 0, 0, 0, 0, 0, 0, 0), (0, 0, 0, 0, 0, 0, 0, 0, 0, 0), (0, 0, 0, 0, 0, 0, 0, 0, 0, 0), (0, 0, 0, 0, 0, 0, 0, 0, 0, 0), (0, 0, 0, 0, 0, 0, 0, 0, 0, 0), (0, 0, 0, 0, 0, 0, 0, 0, 0, 0), (0, 0, 0, 0, 0, 0, 0, 0, 0, 0), (0, 0, 0, 0, 0, 0, 0, 0, 0, 0), (0, 0, 0, 0, 0, 0, 0, 0, 0, 0), (0, 0, 0, 0, 0, 0, 0, 0, 0, 0), (0, 0, 0, 0, 0, 0, 0, 0, 0, 0)]}}
AdaptationManager: Configuring next round...
{'client_registry': {'enabled': True, 'params': {}}, 'client_selector': {'enabled': False, 'params': {}}, 'client_cluster': {'enabled': False, 'params': {}}, 'message_compressor': {'enabled': True, 'params': {}}, 'model_co-versioning_registry': {'enabled': False, 'params': {}}, 'multi-task_model_trainer': {'enabled': False, 'params': {}}, 'heterogeneous_data_handler': {'enabled': False, 'params': {}}}
{'client_selector': {'enabled': False}, 'client_cluster': {'enabled': False}, 'message_compressor': {'enabled': False, 'params': {'enabled_clients': ['Client 23', 'Client 25', 'Client 26', 'Client 27', 'Client 28', 'Client 30', 'Client 31', 'Client 32']}}, 'model_co-versioning_registry': {'enabled': False}, 'multi-task_model_trainer': {'enabled': False}, 'heterogeneous_data_handler': {'enabled': False}, 'client_registry': {'enabled': True, 'params': {}}}
message_compressor activated ✅
client Client 32 injecting delay of 5 seconds
client Client 25 injecting delay of 0 seconds
Local parameters compressed: reduced 5124 bytes (6.94%)
client Client 26 injecting delay of 9 seconds
client Client 23 injecting delay of 7 seconds
client Client 24 injecting delay of 2 seconds
client Client 29 injecting delay of 10 seconds
client Client 31 injecting delay of 8 seconds
client Client 27 injecting delay of 9 seconds
client Client 30 injecting delay of 7 seconds
client Client 28 injecting delay of 1 seconds
Local parameters compressed: reduced 5104 bytes (6.92%)
Local parameters compressed: reduced 5153 bytes (6.98%)
Local parameters compressed: reduced 5136 bytes (6.96%)
Local parameters compressed: reduced 5127 bytes (6.95%)
Local parameters compressed: reduced 5161 bytes (6.99%)
Local parameters compressed: reduced 5138 bytes (6.96%)
Local parameters compressed: reduced 5122 bytes (6.94%)
Local parameters compressed: reduced 5142 bytes (6.97%)
Local parameters compressed: reduced 5128 bytes (6.95%)
Results Aggregated in 19.34 seconds.
{'TextMLP': {'train_loss': [0.6193937811374665, 0.5182236016043027, 0.4868551731936137, 0.47076965833266576, 0.45896987083594004, 0.4569292281484604, 0.4426232567246755, 0.44546955567558605, 0.43681908821503324, 0.43751135513067246, 0.44248000341176985, 0.43208079540888467], 'train_accuracy': [0.7776866666666666, 0.8131833333333334, 0.8232083333333333, 0.8282933333333333, 0.8324441666666667, 0.832515, 0.8382516666666666, 0.8365583333333333, 0.8400908333333333, 0.8395975, 0.837055, 0.8416516666666667], 'train_f1': [0.7769038987598941, 0.8127001747875456, 0.8222918783454586, 0.8278007253954395, 0.8321036819367409, 0.8318948958955446, 0.8378180492518434, 0.836191863260411, 0.8397906174486327, 0.839308920174371, 0.83652626973853, 0.8411907050567341], 'train_mae': [0.36000166666666666, 0.29823916666666667, 0.27864, 0.2695458333333333, 0.26319916666666665, 0.26095666666666667, 0.25771166666666667, 0.25921, 0.2536058333333333, 0.2552075, 0.26004, 0.25240083333333335], 'val_loss': [0.6279085721969605, 0.5341794917395241, 0.5049553457937743, 0.4903803734904841, 0.4789673257689727, 0.476938178388696, 0.4634683029777126, 0.4657072115258166, 0.4569523040809129, 0.4578198849276492, 0.4634542032668465, 0.4525591175744408], 'val_accuracy': [0.7709868421052631, 0.8044473684210526, 0.8151447368421052, 0.8191578947368421, 0.8236842105263157, 0.8239736842105263, 0.8292236842105263, 0.8285263157894737, 0.8323157894736841, 0.8317631578947368, 0.8300657894736843, 0.8330394736842105], 'val_f1': [0.7700753354606265, 0.803930540689503, 0.8141635984085166, 0.8186085962418975, 0.8232814356560573, 0.8232873784014373, 0.8287016024828344, 0.828114846678952, 0.8319631942159791, 0.8314161338117878, 0.8293767337742844, 0.8324584167285073], 'val_mae': [0.3686842105263158, 0.3126973684210526, 0.29109210526315793, 0.2829210526315789, 0.27661842105263157, 0.2735789473684211, 0.2709605263157895, 0.27103947368421055, 0.26490789473684206, 0.26613157894736844, 0.26982894736842106, 0.26421052631578945], 'jsd': [(0, 0, 0, 0, 0, 0, 0, 0, 0, 0), (0, 0, 0, 0, 0, 0, 0, 0, 0, 0), (0, 0, 0, 0, 0, 0, 0, 0, 0, 0), (0, 0, 0, 0, 0, 0, 0, 0, 0, 0), (0, 0, 0, 0, 0, 0, 0, 0, 0, 0), (0, 0, 0, 0, 0, 0, 0, 0, 0, 0), (0, 0, 0, 0, 0, 0, 0, 0, 0, 0), (0, 0, 0, 0, 0, 0, 0, 0, 0, 0), (0, 0, 0, 0, 0, 0, 0, 0, 0, 0), (0, 0, 0, 0, 0, 0, 0, 0, 0, 0), (0, 0, 0, 0, 0, 0, 0, 0, 0, 0), (0, 0, 0, 0, 0, 0, 0, 0, 0, 0)]}}
AdaptationManager: Configuring next round...
{'client_registry': {'enabled': True, 'params': {}}, 'client_selector': {'enabled': False, 'params': {}}, 'client_cluster': {'enabled': False, 'params': {}}, 'message_compressor': {'enabled': True, 'params': {}}, 'model_co-versioning_registry': {'enabled': False, 'params': {}}, 'multi-task_model_trainer': {'enabled': False, 'params': {}}, 'heterogeneous_data_handler': {'enabled': False, 'params': {}}}
{'client_selector': {'enabled': False}, 'client_cluster': {'enabled': False}, 'message_compressor': {'enabled': True, 'params': {'enabled_clients': ['Client 23', 'Client 24', 'Client 25', 'Client 27', 'Client 28', 'Client 31']}}, 'model_co-versioning_registry': {'enabled': False}, 'multi-task_model_trainer': {'enabled': False}, 'heterogeneous_data_handler': {'enabled': False}, 'client_registry': {'enabled': True, 'params': {}}}
message_compressor activated ✅
client Client 32 injecting delay of 0 seconds
Local parameters compressed: reduced 5111 bytes (6.93%)
client Client 26 injecting delay of 10 seconds
client Client 25 injecting delay of 3 seconds
client Client 23 injecting delay of 10 seconds
client Client 27 injecting delay of 9 seconds
client Client 29 injecting delay of 9 seconds
client Client 28 injecting delay of 8 seconds
client Client 24 injecting delay of 3 seconds
client Client 30 injecting delay of 10 seconds
client Client 31 injecting delay of 5 seconds
Local parameters compressed: reduced 5115 bytes (6.93%)
Local parameters compressed: reduced 5122 bytes (6.94%)
Local parameters compressed: reduced 5144 bytes (6.97%)
Local parameters compressed: reduced 5128 bytes (6.95%)
Local parameters compressed: reduced 5151 bytes (6.98%)
Local parameters compressed: reduced 5122 bytes (6.94%)
Local parameters compressed: reduced 5136 bytes (6.96%)
Local parameters compressed: reduced 5155 bytes (6.99%)
Local parameters compressed: reduced 5105 bytes (6.92%)
Results Aggregated in 19.94 seconds.
{'TextMLP': {'train_loss': [0.6193937811374665, 0.5182236016043027, 0.4868551731936137, 0.47076965833266576, 0.45896987083594004, 0.4569292281484604, 0.4426232567246755, 0.44546955567558605, 0.43681908821503324, 0.43751135513067246, 0.44248000341176985, 0.43208079540888467, 0.4336185075191657], 'train_accuracy': [0.7776866666666666, 0.8131833333333334, 0.8232083333333333, 0.8282933333333333, 0.8324441666666667, 0.832515, 0.8382516666666666, 0.8365583333333333, 0.8400908333333333, 0.8395975, 0.837055, 0.8416516666666667, 0.8411658333333333], 'train_f1': [0.7769038987598941, 0.8127001747875456, 0.8222918783454586, 0.8278007253954395, 0.8321036819367409, 0.8318948958955446, 0.8378180492518434, 0.836191863260411, 0.8397906174486327, 0.839308920174371, 0.83652626973853, 0.8411907050567341, 0.8405310495841228], 'train_mae': [0.36000166666666666, 0.29823916666666667, 0.27864, 0.2695458333333333, 0.26319916666666665, 0.26095666666666667, 0.25771166666666667, 0.25921, 0.2536058333333333, 0.2552075, 0.26004, 0.25240083333333335, 0.25120333333333333], 'val_loss': [0.6279085721969605, 0.5341794917395241, 0.5049553457937743, 0.4903803734904841, 0.4789673257689727, 0.476938178388696, 0.4634683029777126, 0.4657072115258166, 0.4569523040809129, 0.4578198849276492, 0.4634542032668465, 0.4525591175744408, 0.4543147534194746], 'val_accuracy': [0.7709868421052631, 0.8044473684210526, 0.8151447368421052, 0.8191578947368421, 0.8236842105263157, 0.8239736842105263, 0.8292236842105263, 0.8285263157894737, 0.8323157894736841, 0.8317631578947368, 0.8300657894736843, 0.8330394736842105, 0.8338552631578947], 'val_f1': [0.7700753354606265, 0.803930540689503, 0.8141635984085166, 0.8186085962418975, 0.8232814356560573, 0.8232873784014373, 0.8287016024828344, 0.828114846678952, 0.8319631942159791, 0.8314161338117878, 0.8293767337742844, 0.8324584167285073, 0.8331141196830268], 'val_mae': [0.3686842105263158, 0.3126973684210526, 0.29109210526315793, 0.2829210526315789, 0.27661842105263157, 0.2735789473684211, 0.2709605263157895, 0.27103947368421055, 0.26490789473684206, 0.26613157894736844, 0.26982894736842106, 0.26421052631578945, 0.26153947368421054], 'jsd': [(0, 0, 0, 0, 0, 0, 0, 0, 0, 0), (0, 0, 0, 0, 0, 0, 0, 0, 0, 0), (0, 0, 0, 0, 0, 0, 0, 0, 0, 0), (0, 0, 0, 0, 0, 0, 0, 0, 0, 0), (0, 0, 0, 0, 0, 0, 0, 0, 0, 0), (0, 0, 0, 0, 0, 0, 0, 0, 0, 0), (0, 0, 0, 0, 0, 0, 0, 0, 0, 0), (0, 0, 0, 0, 0, 0, 0, 0, 0, 0), (0, 0, 0, 0, 0, 0, 0, 0, 0, 0), (0, 0, 0, 0, 0, 0, 0, 0, 0, 0), (0, 0, 0, 0, 0, 0, 0, 0, 0, 0), (0, 0, 0, 0, 0, 0, 0, 0, 0, 0), (0, 0, 0, 0, 0, 0, 0, 0, 0, 0)]}}
AdaptationManager: Configuring next round...
{'client_registry': {'enabled': True, 'params': {}}, 'client_selector': {'enabled': False, 'params': {}}, 'client_cluster': {'enabled': False, 'params': {}}, 'message_compressor': {'enabled': True, 'params': {}}, 'model_co-versioning_registry': {'enabled': False, 'params': {}}, 'multi-task_model_trainer': {'enabled': False, 'params': {}}, 'heterogeneous_data_handler': {'enabled': False, 'params': {}}}
{'client_selector': {'enabled': False}, 'client_cluster': {'enabled': False}, 'message_compressor': {'enabled': True, 'params': {'enabled_clients': ['Client 23', 'Client 24', 'Client 26', 'Client 28', 'Client 30']}}, 'model_co-versioning_registry': {'enabled': False}, 'multi-task_model_trainer': {'enabled': False}, 'heterogeneous_data_handler': {'enabled': False}, 'client_registry': {'enabled': True, 'params': {}}}
message_compressor de-activated ❌
client Client 26 injecting delay of 10 seconds
client Client 31 injecting delay of 1 seconds
client Client 23 injecting delay of 8 seconds
client Client 29 injecting delay of 7 seconds
client Client 27 injecting delay of 8 seconds
client Client 32 injecting delay of 2 seconds
client Client 24 injecting delay of 10 seconds
client Client 25 injecting delay of 10 seconds
client Client 30 injecting delay of 2 seconds
client Client 28 injecting delay of 9 seconds
Results Aggregated in 21.43 seconds.
{'TextMLP': {'train_loss': [0.6193937811374665, 0.5182236016043027, 0.4868551731936137, 0.47076965833266576, 0.45896987083594004, 0.4569292281484604, 0.4426232567246755, 0.44546955567558605, 0.43681908821503324, 0.43751135513067246, 0.44248000341176985, 0.43208079540888467, 0.4336185075191657, 0.43331353761434555], 'train_accuracy': [0.7776866666666666, 0.8131833333333334, 0.8232083333333333, 0.8282933333333333, 0.8324441666666667, 0.832515, 0.8382516666666666, 0.8365583333333333, 0.8400908333333333, 0.8395975, 0.837055, 0.8416516666666667, 0.8411658333333333, 0.8407933333333333], 'train_f1': [0.7769038987598941, 0.8127001747875456, 0.8222918783454586, 0.8278007253954395, 0.8321036819367409, 0.8318948958955446, 0.8378180492518434, 0.836191863260411, 0.8397906174486327, 0.839308920174371, 0.83652626973853, 0.8411907050567341, 0.8405310495841228, 0.8403692792181229], 'train_mae': [0.36000166666666666, 0.29823916666666667, 0.27864, 0.2695458333333333, 0.26319916666666665, 0.26095666666666667, 0.25771166666666667, 0.25921, 0.2536058333333333, 0.2552075, 0.26004, 0.25240083333333335, 0.25120333333333333, 0.25445], 'val_loss': [0.6279085721969605, 0.5341794917395241, 0.5049553457937743, 0.4903803734904841, 0.4789673257689727, 0.476938178388696, 0.4634683029777126, 0.4657072115258166, 0.4569523040809129, 0.4578198849276492, 0.4634542032668465, 0.4525591175744408, 0.4543147534194746, 0.4540680886444292], 'val_accuracy': [0.7709868421052631, 0.8044473684210526, 0.8151447368421052, 0.8191578947368421, 0.8236842105263157, 0.8239736842105263, 0.8292236842105263, 0.8285263157894737, 0.8323157894736841, 0.8317631578947368, 0.8300657894736843, 0.8330394736842105, 0.8338552631578947, 0.8321447368421052], 'val_f1': [0.7700753354606265, 0.803930540689503, 0.8141635984085166, 0.8186085962418975, 0.8232814356560573, 0.8232873784014373, 0.8287016024828344, 0.828114846678952, 0.8319631942159791, 0.8314161338117878, 0.8293767337742844, 0.8324584167285073, 0.8331141196830268, 0.8316512122154976], 'val_mae': [0.3686842105263158, 0.3126973684210526, 0.29109210526315793, 0.2829210526315789, 0.27661842105263157, 0.2735789473684211, 0.2709605263157895, 0.27103947368421055, 0.26490789473684206, 0.26613157894736844, 0.26982894736842106, 0.26421052631578945, 0.26153947368421054, 0.2667894736842105], 'jsd': [(0, 0, 0, 0, 0, 0, 0, 0, 0, 0), (0, 0, 0, 0, 0, 0, 0, 0, 0, 0), (0, 0, 0, 0, 0, 0, 0, 0, 0, 0), (0, 0, 0, 0, 0, 0, 0, 0, 0, 0), (0, 0, 0, 0, 0, 0, 0, 0, 0, 0), (0, 0, 0, 0, 0, 0, 0, 0, 0, 0), (0, 0, 0, 0, 0, 0, 0, 0, 0, 0), (0, 0, 0, 0, 0, 0, 0, 0, 0, 0), (0, 0, 0, 0, 0, 0, 0, 0, 0, 0), (0, 0, 0, 0, 0, 0, 0, 0, 0, 0), (0, 0, 0, 0, 0, 0, 0, 0, 0, 0), (0, 0, 0, 0, 0, 0, 0, 0, 0, 0), (0, 0, 0, 0, 0, 0, 0, 0, 0, 0), (0, 0, 0, 0, 0, 0, 0, 0, 0, 0)]}}
AdaptationManager: Configuring next round...
{'client_registry': {'enabled': True, 'params': {}}, 'client_selector': {'enabled': False, 'params': {}}, 'client_cluster': {'enabled': False, 'params': {}}, 'message_compressor': {'enabled': True, 'params': {}}, 'model_co-versioning_registry': {'enabled': False, 'params': {}}, 'multi-task_model_trainer': {'enabled': False, 'params': {}}, 'heterogeneous_data_handler': {'enabled': False, 'params': {}}}
{'client_selector': {'enabled': False}, 'client_cluster': {'enabled': False}, 'message_compressor': {'enabled': False, 'params': {'enabled_clients': ['Client 23', 'Client 24', 'Client 26', 'Client 28', 'Client 30']}}, 'model_co-versioning_registry': {'enabled': False}, 'multi-task_model_trainer': {'enabled': False}, 'heterogeneous_data_handler': {'enabled': False}, 'client_registry': {'enabled': True, 'params': {}}}
message_compressor de-activated ❌
client Client 25 injecting delay of 10 seconds
client Client 26 injecting delay of 6 seconds
client Client 23 injecting delay of 9 seconds
client Client 32 injecting delay of 5 seconds
client Client 24 injecting delay of 2 seconds
client Client 30 injecting delay of 4 seconds
client Client 31 injecting delay of 7 seconds
client Client 29 injecting delay of 2 seconds
client Client 28 injecting delay of 4 seconds
client Client 27 injecting delay of 10 seconds
Results Aggregated in 20.77 seconds.
{'TextMLP': {'train_loss': [0.6193937811374665, 0.5182236016043027, 0.4868551731936137, 0.47076965833266576, 0.45896987083594004, 0.4569292281484604, 0.4426232567246755, 0.44546955567558605, 0.43681908821503324, 0.43751135513067246, 0.44248000341176985, 0.43208079540888467, 0.4336185075191657, 0.43331353761434555, 0.43060214806397756], 'train_accuracy': [0.7776866666666666, 0.8131833333333334, 0.8232083333333333, 0.8282933333333333, 0.8324441666666667, 0.832515, 0.8382516666666666, 0.8365583333333333, 0.8400908333333333, 0.8395975, 0.837055, 0.8416516666666667, 0.8411658333333333, 0.8407933333333333, 0.8419658333333333], 'train_f1': [0.7769038987598941, 0.8127001747875456, 0.8222918783454586, 0.8278007253954395, 0.8321036819367409, 0.8318948958955446, 0.8378180492518434, 0.836191863260411, 0.8397906174486327, 0.839308920174371, 0.83652626973853, 0.8411907050567341, 0.8405310495841228, 0.8403692792181229, 0.8415711667810578], 'train_mae': [0.36000166666666666, 0.29823916666666667, 0.27864, 0.2695458333333333, 0.26319916666666665, 0.26095666666666667, 0.25771166666666667, 0.25921, 0.2536058333333333, 0.2552075, 0.26004, 0.25240083333333335, 0.25120333333333333, 0.25445, 0.25197833333333336], 'val_loss': [0.6279085721969605, 0.5341794917395241, 0.5049553457937743, 0.4903803734904841, 0.4789673257689727, 0.476938178388696, 0.4634683029777126, 0.4657072115258166, 0.4569523040809129, 0.4578198849276492, 0.4634542032668465, 0.4525591175744408, 0.4543147534194746, 0.4540680886444292, 0.4517974347629045], 'val_accuracy': [0.7709868421052631, 0.8044473684210526, 0.8151447368421052, 0.8191578947368421, 0.8236842105263157, 0.8239736842105263, 0.8292236842105263, 0.8285263157894737, 0.8323157894736841, 0.8317631578947368, 0.8300657894736843, 0.8330394736842105, 0.8338552631578947, 0.8321447368421052, 0.8347631578947369], 'val_f1': [0.7700753354606265, 0.803930540689503, 0.8141635984085166, 0.8186085962418975, 0.8232814356560573, 0.8232873784014373, 0.8287016024828344, 0.828114846678952, 0.8319631942159791, 0.8314161338117878, 0.8293767337742844, 0.8324584167285073, 0.8331141196830268, 0.8316512122154976, 0.8342632157709556], 'val_mae': [0.3686842105263158, 0.3126973684210526, 0.29109210526315793, 0.2829210526315789, 0.27661842105263157, 0.2735789473684211, 0.2709605263157895, 0.27103947368421055, 0.26490789473684206, 0.26613157894736844, 0.26982894736842106, 0.26421052631578945, 0.26153947368421054, 0.2667894736842105, 0.2625], 'jsd': [(0, 0, 0, 0, 0, 0, 0, 0, 0, 0), (0, 0, 0, 0, 0, 0, 0, 0, 0, 0), (0, 0, 0, 0, 0, 0, 0, 0, 0, 0), (0, 0, 0, 0, 0, 0, 0, 0, 0, 0), (0, 0, 0, 0, 0, 0, 0, 0, 0, 0), (0, 0, 0, 0, 0, 0, 0, 0, 0, 0), (0, 0, 0, 0, 0, 0, 0, 0, 0, 0), (0, 0, 0, 0, 0, 0, 0, 0, 0, 0), (0, 0, 0, 0, 0, 0, 0, 0, 0, 0), (0, 0, 0, 0, 0, 0, 0, 0, 0, 0), (0, 0, 0, 0, 0, 0, 0, 0, 0, 0), (0, 0, 0, 0, 0, 0, 0, 0, 0, 0), (0, 0, 0, 0, 0, 0, 0, 0, 0, 0), (0, 0, 0, 0, 0, 0, 0, 0, 0, 0), (0, 0, 0, 0, 0, 0, 0, 0, 0, 0)]}}
AdaptationManager: Configuring next round...
{'client_registry': {'enabled': True, 'params': {}}, 'client_selector': {'enabled': False, 'params': {}}, 'client_cluster': {'enabled': False, 'params': {}}, 'message_compressor': {'enabled': True, 'params': {}}, 'model_co-versioning_registry': {'enabled': False, 'params': {}}, 'multi-task_model_trainer': {'enabled': False, 'params': {}}, 'heterogeneous_data_handler': {'enabled': False, 'params': {}}}
{'client_selector': {'enabled': False}, 'client_cluster': {'enabled': False}, 'message_compressor': {'enabled': False, 'params': {'enabled_clients': ['Client 23', 'Client 24', 'Client 26', 'Client 28', 'Client 30']}}, 'model_co-versioning_registry': {'enabled': False}, 'multi-task_model_trainer': {'enabled': False}, 'heterogeneous_data_handler': {'enabled': False}, 'client_registry': {'enabled': True, 'params': {}}}
message_compressor activated ✅
client Client 26 injecting delay of 9 seconds
client Client 23 injecting delay of 5 seconds
client Client 32 injecting delay of 3 seconds
client Client 25 injecting delay of 9 seconds
client Client 24 injecting delay of 7 seconds
client Client 31 injecting delay of 5 seconds
client Client 29 injecting delay of 8 seconds
client Client 28 injecting delay of 6 seconds
client Client 27 injecting delay of 2 seconds
client Client 30 injecting delay of 2 seconds
Local parameters compressed: reduced 5153 bytes (6.98%)
Local parameters compressed: reduced 5125 bytes (6.95%)
Local parameters compressed: reduced 5138 bytes (6.96%)
Local parameters compressed: reduced 5132 bytes (6.96%)
Local parameters compressed: reduced 5113 bytes (6.93%)
Local parameters compressed: reduced 5101 bytes (6.91%)
Local parameters compressed: reduced 5089 bytes (6.90%)
Local parameters compressed: reduced 5108 bytes (6.92%)
Local parameters compressed: reduced 5136 bytes (6.96%)
Local parameters compressed: reduced 5122 bytes (6.94%)
Results Aggregated in 18.14 seconds.
{'TextMLP': {'train_loss': [0.6193937811374665, 0.5182236016043027, 0.4868551731936137, 0.47076965833266576, 0.45896987083594004, 0.4569292281484604, 0.4426232567246755, 0.44546955567558605, 0.43681908821503324, 0.43751135513067246, 0.44248000341176985, 0.43208079540888467, 0.4336185075191657, 0.43331353761434555, 0.43060214806397756, 0.4285956745433807], 'train_accuracy': [0.7776866666666666, 0.8131833333333334, 0.8232083333333333, 0.8282933333333333, 0.8324441666666667, 0.832515, 0.8382516666666666, 0.8365583333333333, 0.8400908333333333, 0.8395975, 0.837055, 0.8416516666666667, 0.8411658333333333, 0.8407933333333333, 0.8419658333333333, 0.842885], 'train_f1': [0.7769038987598941, 0.8127001747875456, 0.8222918783454586, 0.8278007253954395, 0.8321036819367409, 0.8318948958955446, 0.8378180492518434, 0.836191863260411, 0.8397906174486327, 0.839308920174371, 0.83652626973853, 0.8411907050567341, 0.8405310495841228, 0.8403692792181229, 0.8415711667810578, 0.8422203878988989], 'train_mae': [0.36000166666666666, 0.29823916666666667, 0.27864, 0.2695458333333333, 0.26319916666666665, 0.26095666666666667, 0.25771166666666667, 0.25921, 0.2536058333333333, 0.2552075, 0.26004, 0.25240083333333335, 0.25120333333333333, 0.25445, 0.25197833333333336, 0.248585], 'val_loss': [0.6279085721969605, 0.5341794917395241, 0.5049553457937743, 0.4903803734904841, 0.4789673257689727, 0.476938178388696, 0.4634683029777126, 0.4657072115258166, 0.4569523040809129, 0.4578198849276492, 0.4634542032668465, 0.4525591175744408, 0.4543147534194746, 0.4540680886444292, 0.4517974347629045, 0.4495299015045166], 'val_accuracy': [0.7709868421052631, 0.8044473684210526, 0.8151447368421052, 0.8191578947368421, 0.8236842105263157, 0.8239736842105263, 0.8292236842105263, 0.8285263157894737, 0.8323157894736841, 0.8317631578947368, 0.8300657894736843, 0.8330394736842105, 0.8338552631578947, 0.8321447368421052, 0.8347631578947369, 0.83525], 'val_f1': [0.7700753354606265, 0.803930540689503, 0.8141635984085166, 0.8186085962418975, 0.8232814356560573, 0.8232873784014373, 0.8287016024828344, 0.828114846678952, 0.8319631942159791, 0.8314161338117878, 0.8293767337742844, 0.8324584167285073, 0.8331141196830268, 0.8316512122154976, 0.8342632157709556, 0.8344892362262639], 'val_mae': [0.3686842105263158, 0.3126973684210526, 0.29109210526315793, 0.2829210526315789, 0.27661842105263157, 0.2735789473684211, 0.2709605263157895, 0.27103947368421055, 0.26490789473684206, 0.26613157894736844, 0.26982894736842106, 0.26421052631578945, 0.26153947368421054, 0.2667894736842105, 0.2625, 0.25943421052631577], 'jsd': [(0, 0, 0, 0, 0, 0, 0, 0, 0, 0), (0, 0, 0, 0, 0, 0, 0, 0, 0, 0), (0, 0, 0, 0, 0, 0, 0, 0, 0, 0), (0, 0, 0, 0, 0, 0, 0, 0, 0, 0), (0, 0, 0, 0, 0, 0, 0, 0, 0, 0), (0, 0, 0, 0, 0, 0, 0, 0, 0, 0), (0, 0, 0, 0, 0, 0, 0, 0, 0, 0), (0, 0, 0, 0, 0, 0, 0, 0, 0, 0), (0, 0, 0, 0, 0, 0, 0, 0, 0, 0), (0, 0, 0, 0, 0, 0, 0, 0, 0, 0), (0, 0, 0, 0, 0, 0, 0, 0, 0, 0), (0, 0, 0, 0, 0, 0, 0, 0, 0, 0), (0, 0, 0, 0, 0, 0, 0, 0, 0, 0), (0, 0, 0, 0, 0, 0, 0, 0, 0, 0), (0, 0, 0, 0, 0, 0, 0, 0, 0, 0), (0, 0, 0, 0, 0, 0, 0, 0, 0, 0)]}}
AdaptationManager: Configuring next round...
{'client_registry': {'enabled': True, 'params': {}}, 'client_selector': {'enabled': False, 'params': {}}, 'client_cluster': {'enabled': False, 'params': {}}, 'message_compressor': {'enabled': True, 'params': {}}, 'model_co-versioning_registry': {'enabled': False, 'params': {}}, 'multi-task_model_trainer': {'enabled': False, 'params': {}}, 'heterogeneous_data_handler': {'enabled': False, 'params': {}}}
{'client_selector': {'enabled': False}, 'client_cluster': {'enabled': False}, 'message_compressor': {'enabled': True, 'params': {'enabled_clients': ['Client 25', 'Client 29']}}, 'model_co-versioning_registry': {'enabled': False}, 'multi-task_model_trainer': {'enabled': False}, 'heterogeneous_data_handler': {'enabled': False}, 'client_registry': {'enabled': True, 'params': {}}}
message_compressor de-activated ❌
client Client 28 injecting delay of 8 seconds
client Client 25 injecting delay of 4 seconds
client Client 30 injecting delay of 6 seconds
client Client 24 injecting delay of 3 seconds
client Client 27 injecting delay of 5 seconds
client Client 26 injecting delay of 0 seconds
client Client 29 injecting delay of 1 seconds
client Client 32 injecting delay of 9 seconds
client Client 23 injecting delay of 10 seconds
client Client 31 injecting delay of 9 seconds
Results Aggregated in 22.39 seconds.
{'TextMLP': {'train_loss': [0.6193937811374665, 0.5182236016043027, 0.4868551731936137, 0.47076965833266576, 0.45896987083594004, 0.4569292281484604, 0.4426232567246755, 0.44546955567558605, 0.43681908821503324, 0.43751135513067246, 0.44248000341176985, 0.43208079540888467, 0.4336185075191657, 0.43331353761434555, 0.43060214806397756, 0.4285956745433807, 0.42648557644526164], 'train_accuracy': [0.7776866666666666, 0.8131833333333334, 0.8232083333333333, 0.8282933333333333, 0.8324441666666667, 0.832515, 0.8382516666666666, 0.8365583333333333, 0.8400908333333333, 0.8395975, 0.837055, 0.8416516666666667, 0.8411658333333333, 0.8407933333333333, 0.8419658333333333, 0.842885, 0.8437275], 'train_f1': [0.7769038987598941, 0.8127001747875456, 0.8222918783454586, 0.8278007253954395, 0.8321036819367409, 0.8318948958955446, 0.8378180492518434, 0.836191863260411, 0.8397906174486327, 0.839308920174371, 0.83652626973853, 0.8411907050567341, 0.8405310495841228, 0.8403692792181229, 0.8415711667810578, 0.8422203878988989, 0.8431522623082089], 'train_mae': [0.36000166666666666, 0.29823916666666667, 0.27864, 0.2695458333333333, 0.26319916666666665, 0.26095666666666667, 0.25771166666666667, 0.25921, 0.2536058333333333, 0.2552075, 0.26004, 0.25240083333333335, 0.25120333333333333, 0.25445, 0.25197833333333336, 0.248585, 0.24702166666666667], 'val_loss': [0.6279085721969605, 0.5341794917395241, 0.5049553457937743, 0.4903803734904841, 0.4789673257689727, 0.476938178388696, 0.4634683029777126, 0.4657072115258166, 0.4569523040809129, 0.4578198849276492, 0.4634542032668465, 0.4525591175744408, 0.4543147534194746, 0.4540680886444292, 0.4517974347629045, 0.4495299015045166, 0.4475684370178925], 'val_accuracy': [0.7709868421052631, 0.8044473684210526, 0.8151447368421052, 0.8191578947368421, 0.8236842105263157, 0.8239736842105263, 0.8292236842105263, 0.8285263157894737, 0.8323157894736841, 0.8317631578947368, 0.8300657894736843, 0.8330394736842105, 0.8338552631578947, 0.8321447368421052, 0.8347631578947369, 0.83525, 0.8367631578947369], 'val_f1': [0.7700753354606265, 0.803930540689503, 0.8141635984085166, 0.8186085962418975, 0.8232814356560573, 0.8232873784014373, 0.8287016024828344, 0.828114846678952, 0.8319631942159791, 0.8314161338117878, 0.8293767337742844, 0.8324584167285073, 0.8331141196830268, 0.8316512122154976, 0.8342632157709556, 0.8344892362262639, 0.8361095515237099], 'val_mae': [0.3686842105263158, 0.3126973684210526, 0.29109210526315793, 0.2829210526315789, 0.27661842105263157, 0.2735789473684211, 0.2709605263157895, 0.27103947368421055, 0.26490789473684206, 0.26613157894736844, 0.26982894736842106, 0.26421052631578945, 0.26153947368421054, 0.2667894736842105, 0.2625, 0.25943421052631577, 0.25784210526315793], 'jsd': [(0, 0, 0, 0, 0, 0, 0, 0, 0, 0), (0, 0, 0, 0, 0, 0, 0, 0, 0, 0), (0, 0, 0, 0, 0, 0, 0, 0, 0, 0), (0, 0, 0, 0, 0, 0, 0, 0, 0, 0), (0, 0, 0, 0, 0, 0, 0, 0, 0, 0), (0, 0, 0, 0, 0, 0, 0, 0, 0, 0), (0, 0, 0, 0, 0, 0, 0, 0, 0, 0), (0, 0, 0, 0, 0, 0, 0, 0, 0, 0), (0, 0, 0, 0, 0, 0, 0, 0, 0, 0), (0, 0, 0, 0, 0, 0, 0, 0, 0, 0), (0, 0, 0, 0, 0, 0, 0, 0, 0, 0), (0, 0, 0, 0, 0, 0, 0, 0, 0, 0), (0, 0, 0, 0, 0, 0, 0, 0, 0, 0), (0, 0, 0, 0, 0, 0, 0, 0, 0, 0), (0, 0, 0, 0, 0, 0, 0, 0, 0, 0), (0, 0, 0, 0, 0, 0, 0, 0, 0, 0), (0, 0, 0, 0, 0, 0, 0, 0, 0, 0)]}}
AdaptationManager: Configuring next round...
{'client_registry': {'enabled': True, 'params': {}}, 'client_selector': {'enabled': False, 'params': {}}, 'client_cluster': {'enabled': False, 'params': {}}, 'message_compressor': {'enabled': True, 'params': {}}, 'model_co-versioning_registry': {'enabled': False, 'params': {}}, 'multi-task_model_trainer': {'enabled': False, 'params': {}}, 'heterogeneous_data_handler': {'enabled': False, 'params': {}}}
{'client_selector': {'enabled': False}, 'client_cluster': {'enabled': False}, 'message_compressor': {'enabled': False, 'params': {'enabled_clients': ['Client 25', 'Client 29']}}, 'model_co-versioning_registry': {'enabled': False}, 'multi-task_model_trainer': {'enabled': False}, 'heterogeneous_data_handler': {'enabled': False}, 'client_registry': {'enabled': True, 'params': {}}}
message_compressor de-activated ❌
client Client 25 injecting delay of 10 seconds
client Client 26 injecting delay of 3 seconds
client Client 23 injecting delay of 0 seconds
client Client 27 injecting delay of 8 seconds
client Client 32 injecting delay of 8 seconds
client Client 24 injecting delay of 10 seconds
client Client 31 injecting delay of 0 seconds
client Client 30 injecting delay of 0 seconds
client Client 29 injecting delay of 4 seconds
client Client 28 injecting delay of 3 seconds
Results Aggregated in 20.29 seconds.
{'TextMLP': {'train_loss': [0.6193937811374665, 0.5182236016043027, 0.4868551731936137, 0.47076965833266576, 0.45896987083594004, 0.4569292281484604, 0.4426232567246755, 0.44546955567558605, 0.43681908821503324, 0.43751135513067246, 0.44248000341176985, 0.43208079540888467, 0.4336185075191657, 0.43331353761434555, 0.43060214806397756, 0.4285956745433807, 0.42648557644526164, 0.4288915468565623], 'train_accuracy': [0.7776866666666666, 0.8131833333333334, 0.8232083333333333, 0.8282933333333333, 0.8324441666666667, 0.832515, 0.8382516666666666, 0.8365583333333333, 0.8400908333333333, 0.8395975, 0.837055, 0.8416516666666667, 0.8411658333333333, 0.8407933333333333, 0.8419658333333333, 0.842885, 0.8437275, 0.8425858333333334], 'train_f1': [0.7769038987598941, 0.8127001747875456, 0.8222918783454586, 0.8278007253954395, 0.8321036819367409, 0.8318948958955446, 0.8378180492518434, 0.836191863260411, 0.8397906174486327, 0.839308920174371, 0.83652626973853, 0.8411907050567341, 0.8405310495841228, 0.8403692792181229, 0.8415711667810578, 0.8422203878988989, 0.8431522623082089, 0.8421908457909589], 'train_mae': [0.36000166666666666, 0.29823916666666667, 0.27864, 0.2695458333333333, 0.26319916666666665, 0.26095666666666667, 0.25771166666666667, 0.25921, 0.2536058333333333, 0.2552075, 0.26004, 0.25240083333333335, 0.25120333333333333, 0.25445, 0.25197833333333336, 0.248585, 0.24702166666666667, 0.2502066666666667], 'val_loss': [0.6279085721969605, 0.5341794917395241, 0.5049553457937743, 0.4903803734904841, 0.4789673257689727, 0.476938178388696, 0.4634683029777126, 0.4657072115258166, 0.4569523040809129, 0.4578198849276492, 0.4634542032668465, 0.4525591175744408, 0.4543147534194746, 0.4540680886444292, 0.4517974347629045, 0.4495299015045166, 0.4475684370178925, 0.4498107425099925], 'val_accuracy': [0.7709868421052631, 0.8044473684210526, 0.8151447368421052, 0.8191578947368421, 0.8236842105263157, 0.8239736842105263, 0.8292236842105263, 0.8285263157894737, 0.8323157894736841, 0.8317631578947368, 0.8300657894736843, 0.8330394736842105, 0.8338552631578947, 0.8321447368421052, 0.8347631578947369, 0.83525, 0.8367631578947369, 0.8359605263157895], 'val_f1': [0.7700753354606265, 0.803930540689503, 0.8141635984085166, 0.8186085962418975, 0.8232814356560573, 0.8232873784014373, 0.8287016024828344, 0.828114846678952, 0.8319631942159791, 0.8314161338117878, 0.8293767337742844, 0.8324584167285073, 0.8331141196830268, 0.8316512122154976, 0.8342632157709556, 0.8344892362262639, 0.8361095515237099, 0.8355287310618431], 'val_mae': [0.3686842105263158, 0.3126973684210526, 0.29109210526315793, 0.2829210526315789, 0.27661842105263157, 0.2735789473684211, 0.2709605263157895, 0.27103947368421055, 0.26490789473684206, 0.26613157894736844, 0.26982894736842106, 0.26421052631578945, 0.26153947368421054, 0.2667894736842105, 0.2625, 0.25943421052631577, 0.25784210526315793, 0.26], 'jsd': [(0, 0, 0, 0, 0, 0, 0, 0, 0, 0), (0, 0, 0, 0, 0, 0, 0, 0, 0, 0), (0, 0, 0, 0, 0, 0, 0, 0, 0, 0), (0, 0, 0, 0, 0, 0, 0, 0, 0, 0), (0, 0, 0, 0, 0, 0, 0, 0, 0, 0), (0, 0, 0, 0, 0, 0, 0, 0, 0, 0), (0, 0, 0, 0, 0, 0, 0, 0, 0, 0), (0, 0, 0, 0, 0, 0, 0, 0, 0, 0), (0, 0, 0, 0, 0, 0, 0, 0, 0, 0), (0, 0, 0, 0, 0, 0, 0, 0, 0, 0), (0, 0, 0, 0, 0, 0, 0, 0, 0, 0), (0, 0, 0, 0, 0, 0, 0, 0, 0, 0), (0, 0, 0, 0, 0, 0, 0, 0, 0, 0), (0, 0, 0, 0, 0, 0, 0, 0, 0, 0), (0, 0, 0, 0, 0, 0, 0, 0, 0, 0), (0, 0, 0, 0, 0, 0, 0, 0, 0, 0), (0, 0, 0, 0, 0, 0, 0, 0, 0, 0), (0, 0, 0, 0, 0, 0, 0, 0, 0, 0)]}}
AdaptationManager: Configuring next round...
{'client_registry': {'enabled': True, 'params': {}}, 'client_selector': {'enabled': False, 'params': {}}, 'client_cluster': {'enabled': False, 'params': {}}, 'message_compressor': {'enabled': True, 'params': {}}, 'model_co-versioning_registry': {'enabled': False, 'params': {}}, 'multi-task_model_trainer': {'enabled': False, 'params': {}}, 'heterogeneous_data_handler': {'enabled': False, 'params': {}}}
{'client_selector': {'enabled': False}, 'client_cluster': {'enabled': False}, 'message_compressor': {'enabled': False, 'params': {'enabled_clients': ['Client 25', 'Client 29']}}, 'model_co-versioning_registry': {'enabled': False}, 'multi-task_model_trainer': {'enabled': False}, 'heterogeneous_data_handler': {'enabled': False}, 'client_registry': {'enabled': True, 'params': {}}}
message_compressor activated ✅
client Client 25 injecting delay of 2 seconds
client Client 26 injecting delay of 5 seconds
client Client 24 injecting delay of 4 seconds
client Client 32 injecting delay of 8 seconds
client Client 29 injecting delay of 10 seconds
client Client 31 injecting delay of 7 seconds
client Client 27 injecting delay of 8 seconds
client Client 30 injecting delay of 9 seconds
client Client 28 injecting delay of 9 seconds
client Client 23 injecting delay of 5 seconds
Local parameters compressed: reduced 5128 bytes (6.95%)
Local parameters compressed: reduced 5128 bytes (6.95%)
Local parameters compressed: reduced 5111 bytes (6.93%)
Local parameters compressed: reduced 5106 bytes (6.92%)
Local parameters compressed: reduced 5122 bytes (6.94%)
Local parameters compressed: reduced 5124 bytes (6.94%)
Local parameters compressed: reduced 5075 bytes (6.88%)
Local parameters compressed: reduced 5111 bytes (6.93%)
Local parameters compressed: reduced 5130 bytes (6.95%)
Local parameters compressed: reduced 5105 bytes (6.92%)
Results Aggregated in 19.11 seconds.
{'TextMLP': {'train_loss': [0.6193937811374665, 0.5182236016043027, 0.4868551731936137, 0.47076965833266576, 0.45896987083594004, 0.4569292281484604, 0.4426232567246755, 0.44546955567558605, 0.43681908821503324, 0.43751135513067246, 0.44248000341176985, 0.43208079540888467, 0.4336185075191657, 0.43331353761434555, 0.43060214806397756, 0.4285956745433807, 0.42648557644526164, 0.4288915468565623, 0.42602506952444713], 'train_accuracy': [0.7776866666666666, 0.8131833333333334, 0.8232083333333333, 0.8282933333333333, 0.8324441666666667, 0.832515, 0.8382516666666666, 0.8365583333333333, 0.8400908333333333, 0.8395975, 0.837055, 0.8416516666666667, 0.8411658333333333, 0.8407933333333333, 0.8419658333333333, 0.842885, 0.8437275, 0.8425858333333334, 0.843645], 'train_f1': [0.7769038987598941, 0.8127001747875456, 0.8222918783454586, 0.8278007253954395, 0.8321036819367409, 0.8318948958955446, 0.8378180492518434, 0.836191863260411, 0.8397906174486327, 0.839308920174371, 0.83652626973853, 0.8411907050567341, 0.8405310495841228, 0.8403692792181229, 0.8415711667810578, 0.8422203878988989, 0.8431522623082089, 0.8421908457909589, 0.8431883414603998], 'train_mae': [0.36000166666666666, 0.29823916666666667, 0.27864, 0.2695458333333333, 0.26319916666666665, 0.26095666666666667, 0.25771166666666667, 0.25921, 0.2536058333333333, 0.2552075, 0.26004, 0.25240083333333335, 0.25120333333333333, 0.25445, 0.25197833333333336, 0.248585, 0.24702166666666667, 0.2502066666666667, 0.24875166666666668], 'val_loss': [0.6279085721969605, 0.5341794917395241, 0.5049553457937743, 0.4903803734904841, 0.4789673257689727, 0.476938178388696, 0.4634683029777126, 0.4657072115258166, 0.4569523040809129, 0.4578198849276492, 0.4634542032668465, 0.4525591175744408, 0.4543147534194746, 0.4540680886444292, 0.4517974347629045, 0.4495299015045166, 0.4475684370178925, 0.4498107425099925, 0.44726622375689057], 'val_accuracy': [0.7709868421052631, 0.8044473684210526, 0.8151447368421052, 0.8191578947368421, 0.8236842105263157, 0.8239736842105263, 0.8292236842105263, 0.8285263157894737, 0.8323157894736841, 0.8317631578947368, 0.8300657894736843, 0.8330394736842105, 0.8338552631578947, 0.8321447368421052, 0.8347631578947369, 0.83525, 0.8367631578947369, 0.8359605263157895, 0.8367763157894736], 'val_f1': [0.7700753354606265, 0.803930540689503, 0.8141635984085166, 0.8186085962418975, 0.8232814356560573, 0.8232873784014373, 0.8287016024828344, 0.828114846678952, 0.8319631942159791, 0.8314161338117878, 0.8293767337742844, 0.8324584167285073, 0.8331141196830268, 0.8316512122154976, 0.8342632157709556, 0.8344892362262639, 0.8361095515237099, 0.8355287310618431, 0.8362299434231057], 'val_mae': [0.3686842105263158, 0.3126973684210526, 0.29109210526315793, 0.2829210526315789, 0.27661842105263157, 0.2735789473684211, 0.2709605263157895, 0.27103947368421055, 0.26490789473684206, 0.26613157894736844, 0.26982894736842106, 0.26421052631578945, 0.26153947368421054, 0.2667894736842105, 0.2625, 0.25943421052631577, 0.25784210526315793, 0.26, 0.25992105263157894], 'jsd': [(0, 0, 0, 0, 0, 0, 0, 0, 0, 0), (0, 0, 0, 0, 0, 0, 0, 0, 0, 0), (0, 0, 0, 0, 0, 0, 0, 0, 0, 0), (0, 0, 0, 0, 0, 0, 0, 0, 0, 0), (0, 0, 0, 0, 0, 0, 0, 0, 0, 0), (0, 0, 0, 0, 0, 0, 0, 0, 0, 0), (0, 0, 0, 0, 0, 0, 0, 0, 0, 0), (0, 0, 0, 0, 0, 0, 0, 0, 0, 0), (0, 0, 0, 0, 0, 0, 0, 0, 0, 0), (0, 0, 0, 0, 0, 0, 0, 0, 0, 0), (0, 0, 0, 0, 0, 0, 0, 0, 0, 0), (0, 0, 0, 0, 0, 0, 0, 0, 0, 0), (0, 0, 0, 0, 0, 0, 0, 0, 0, 0), (0, 0, 0, 0, 0, 0, 0, 0, 0, 0), (0, 0, 0, 0, 0, 0, 0, 0, 0, 0), (0, 0, 0, 0, 0, 0, 0, 0, 0, 0), (0, 0, 0, 0, 0, 0, 0, 0, 0, 0), (0, 0, 0, 0, 0, 0, 0, 0, 0, 0), (0, 0, 0, 0, 0, 0, 0, 0, 0, 0)]}}
AdaptationManager: Configuring next round...
{'client_registry': {'enabled': True, 'params': {}}, 'client_selector': {'enabled': False, 'params': {}}, 'client_cluster': {'enabled': False, 'params': {}}, 'message_compressor': {'enabled': True, 'params': {}}, 'model_co-versioning_registry': {'enabled': False, 'params': {}}, 'multi-task_model_trainer': {'enabled': False, 'params': {}}, 'heterogeneous_data_handler': {'enabled': False, 'params': {}}}
{'client_selector': {'enabled': False}, 'client_cluster': {'enabled': False}, 'message_compressor': {'enabled': True, 'params': {'enabled_clients': ['Client 25', 'Client 26', 'Client 31']}}, 'model_co-versioning_registry': {'enabled': False}, 'multi-task_model_trainer': {'enabled': False}, 'heterogeneous_data_handler': {'enabled': False}, 'client_registry': {'enabled': True, 'params': {}}}
message_compressor de-activated ❌
client Client 26 injecting delay of 4 seconds
client Client 32 injecting delay of 6 seconds
client Client 24 injecting delay of 10 seconds
client Client 23 injecting delay of 0 seconds
client Client 25 injecting delay of 2 seconds
client Client 27 injecting delay of 9 seconds
client Client 29 injecting delay of 5 seconds
client Client 31 injecting delay of 7 seconds
client Client 28 injecting delay of 8 seconds
client Client 30 injecting delay of 8 seconds
Results Aggregated in 19.94 seconds.
{'TextMLP': {'train_loss': [0.6193937811374665, 0.5182236016043027, 0.4868551731936137, 0.47076965833266576, 0.45896987083594004, 0.4569292281484604, 0.4426232567246755, 0.44546955567558605, 0.43681908821503324, 0.43751135513067246, 0.44248000341176985, 0.43208079540888467, 0.4336185075191657, 0.43331353761434555, 0.43060214806397756, 0.4285956745433807, 0.42648557644526164, 0.4288915468565623, 0.42602506952444713, 0.42295953654130297], 'train_accuracy': [0.7776866666666666, 0.8131833333333334, 0.8232083333333333, 0.8282933333333333, 0.8324441666666667, 0.832515, 0.8382516666666666, 0.8365583333333333, 0.8400908333333333, 0.8395975, 0.837055, 0.8416516666666667, 0.8411658333333333, 0.8407933333333333, 0.8419658333333333, 0.842885, 0.8437275, 0.8425858333333334, 0.843645, 0.8450383333333333], 'train_f1': [0.7769038987598941, 0.8127001747875456, 0.8222918783454586, 0.8278007253954395, 0.8321036819367409, 0.8318948958955446, 0.8378180492518434, 0.836191863260411, 0.8397906174486327, 0.839308920174371, 0.83652626973853, 0.8411907050567341, 0.8405310495841228, 0.8403692792181229, 0.8415711667810578, 0.8422203878988989, 0.8431522623082089, 0.8421908457909589, 0.8431883414603998, 0.8444581505389993], 'train_mae': [0.36000166666666666, 0.29823916666666667, 0.27864, 0.2695458333333333, 0.26319916666666665, 0.26095666666666667, 0.25771166666666667, 0.25921, 0.2536058333333333, 0.2552075, 0.26004, 0.25240083333333335, 0.25120333333333333, 0.25445, 0.25197833333333336, 0.248585, 0.24702166666666667, 0.2502066666666667, 0.24875166666666668, 0.24686583333333334], 'val_loss': [0.6279085721969605, 0.5341794917395241, 0.5049553457937743, 0.4903803734904841, 0.4789673257689727, 0.476938178388696, 0.4634683029777126, 0.4657072115258166, 0.4569523040809129, 0.4578198849276492, 0.4634542032668465, 0.4525591175744408, 0.4543147534194746, 0.4540680886444292, 0.4517974347629045, 0.4495299015045166, 0.4475684370178925, 0.4498107425099925, 0.44726622375689057, 0.4449516895382028], 'val_accuracy': [0.7709868421052631, 0.8044473684210526, 0.8151447368421052, 0.8191578947368421, 0.8236842105263157, 0.8239736842105263, 0.8292236842105263, 0.8285263157894737, 0.8323157894736841, 0.8317631578947368, 0.8300657894736843, 0.8330394736842105, 0.8338552631578947, 0.8321447368421052, 0.8347631578947369, 0.83525, 0.8367631578947369, 0.8359605263157895, 0.8367763157894736, 0.838], 'val_f1': [0.7700753354606265, 0.803930540689503, 0.8141635984085166, 0.8186085962418975, 0.8232814356560573, 0.8232873784014373, 0.8287016024828344, 0.828114846678952, 0.8319631942159791, 0.8314161338117878, 0.8293767337742844, 0.8324584167285073, 0.8331141196830268, 0.8316512122154976, 0.8342632157709556, 0.8344892362262639, 0.8361095515237099, 0.8355287310618431, 0.8362299434231057, 0.837346009552978], 'val_mae': [0.3686842105263158, 0.3126973684210526, 0.29109210526315793, 0.2829210526315789, 0.27661842105263157, 0.2735789473684211, 0.2709605263157895, 0.27103947368421055, 0.26490789473684206, 0.26613157894736844, 0.26982894736842106, 0.26421052631578945, 0.26153947368421054, 0.2667894736842105, 0.2625, 0.25943421052631577, 0.25784210526315793, 0.26, 0.25992105263157894, 0.25751315789473683], 'jsd': [(0, 0, 0, 0, 0, 0, 0, 0, 0, 0), (0, 0, 0, 0, 0, 0, 0, 0, 0, 0), (0, 0, 0, 0, 0, 0, 0, 0, 0, 0), (0, 0, 0, 0, 0, 0, 0, 0, 0, 0), (0, 0, 0, 0, 0, 0, 0, 0, 0, 0), (0, 0, 0, 0, 0, 0, 0, 0, 0, 0), (0, 0, 0, 0, 0, 0, 0, 0, 0, 0), (0, 0, 0, 0, 0, 0, 0, 0, 0, 0), (0, 0, 0, 0, 0, 0, 0, 0, 0, 0), (0, 0, 0, 0, 0, 0, 0, 0, 0, 0), (0, 0, 0, 0, 0, 0, 0, 0, 0, 0), (0, 0, 0, 0, 0, 0, 0, 0, 0, 0), (0, 0, 0, 0, 0, 0, 0, 0, 0, 0), (0, 0, 0, 0, 0, 0, 0, 0, 0, 0), (0, 0, 0, 0, 0, 0, 0, 0, 0, 0), (0, 0, 0, 0, 0, 0, 0, 0, 0, 0), (0, 0, 0, 0, 0, 0, 0, 0, 0, 0), (0, 0, 0, 0, 0, 0, 0, 0, 0, 0), (0, 0, 0, 0, 0, 0, 0, 0, 0, 0), (0, 0, 0, 0, 0, 0, 0, 0, 0, 0)]}}
AdaptationManager: Configuring next round...
{'client_registry': {'enabled': True, 'params': {}}, 'client_selector': {'enabled': False, 'params': {}}, 'client_cluster': {'enabled': False, 'params': {}}, 'message_compressor': {'enabled': True, 'params': {}}, 'model_co-versioning_registry': {'enabled': False, 'params': {}}, 'multi-task_model_trainer': {'enabled': False, 'params': {}}, 'heterogeneous_data_handler': {'enabled': False, 'params': {}}}
{'client_selector': {'enabled': False}, 'client_cluster': {'enabled': False}, 'message_compressor': {'enabled': False, 'params': {'enabled_clients': ['Client 25', 'Client 26', 'Client 31']}}, 'model_co-versioning_registry': {'enabled': False}, 'multi-task_model_trainer': {'enabled': False}, 'heterogeneous_data_handler': {'enabled': False}, 'client_registry': {'enabled': True, 'params': {}}}
message_compressor de-activated ❌
