==========================================
  ___  ______  ___ ______       _ 
 / _ \ | ___ \/   ||  ___|     | |
/ /_\ \| |_/ / /| || |_ ___  __| |
|  _  ||  __/ /_| ||  _/ _ \/ _` |
| | | || |  \___  || ||  __/ (_| |
\_| |_/\_|      |_/\_| \___|\__,_| v.1.5.0

==========================================
Simulation Started!
List of the Architectural Patterns enabled:
Adaptation Enabled ✅
Global Metric: time, comparison with fixed value: 20.0
Client Registry ✅
Message Compressor ✅
==========================================
client Client 32 injecting delay of 0 seconds
Local parameters compressed: reduced 5293 bytes (7.17%)
client Client 23 injecting delay of 0 seconds
Local parameters compressed: reduced 5248 bytes (7.11%)
client Client 31 injecting delay of 7 seconds
client Client 28 injecting delay of 9 seconds
client Client 26 injecting delay of 4 seconds
client Client 25 injecting delay of 6 seconds
client Client 27 injecting delay of 1 seconds
client Client 30 injecting delay of 10 seconds
client Client 29 injecting delay of 2 seconds
client Client 24 injecting delay of 10 seconds
Local parameters compressed: reduced 5283 bytes (7.16%)
Local parameters compressed: reduced 5286 bytes (7.16%)
Local parameters compressed: reduced 5257 bytes (7.12%)
Local parameters compressed: reduced 5238 bytes (7.10%)
Local parameters compressed: reduced 5309 bytes (7.20%)
Local parameters compressed: reduced 5262 bytes (7.13%)
Local parameters compressed: reduced 5283 bytes (7.16%)
Local parameters compressed: reduced 5259 bytes (7.13%)
Results Aggregated in 38.76 seconds.
{'TextMLP': {'train_loss': [0.34002155849734944], 'train_accuracy': [0.8734516666666666], 'train_f1': [0.8093702181713035], 'train_mae': [0.18954916666666666], 'val_loss': [2.930551957632366], 'val_accuracy': [0.5848289473684211], 'val_f1': [0.5069982090288584], 'val_mae': [0.7548947368421053], 'jsd': [(0, 0, 0, 0, 0, 0, 0, 0, 0, 0)]}}
AdaptationManager: Configuring next round...
{'client_registry': {'enabled': True, 'params': {}}, 'client_selector': {'enabled': False, 'params': {}}, 'client_cluster': {'enabled': False, 'params': {}}, 'message_compressor': {'enabled': True, 'params': {}}, 'model_co-versioning_registry': {'enabled': False, 'params': {}}, 'multi-task_model_trainer': {'enabled': False, 'params': {}}, 'heterogeneous_data_handler': {'enabled': False, 'params': {}}}
{'client_selector': {'enabled': False}, 'client_cluster': {'enabled': False}, 'message_compressor': {'enabled': True}, 'model_co-versioning_registry': {'enabled': False}, 'multi-task_model_trainer': {'enabled': False}, 'heterogeneous_data_handler': {'enabled': False}, 'client_registry': {'enabled': True, 'params': {}}}
time=38.75850200653076, message_compressor activated ✅
client Client 23 injecting delay of 9 seconds
client Client 26 injecting delay of 2 seconds
client Client 31 injecting delay of 2 seconds
client Client 24 injecting delay of 1 seconds
client Client 30 injecting delay of 0 seconds
Local parameters compressed: reduced 5223 bytes (7.08%)
client Client 32 injecting delay of 9 seconds
client Client 27 injecting delay of 10 seconds
client Client 29 injecting delay of 1 seconds
client Client 25 injecting delay of 4 seconds
client Client 28 injecting delay of 10 seconds
Local parameters compressed: reduced 5271 bytes (7.14%)
Local parameters compressed: reduced 5256 bytes (7.12%)
Local parameters compressed: reduced 5247 bytes (7.11%)
Local parameters compressed: reduced 5248 bytes (7.11%)
Local parameters compressed: reduced 5250 bytes (7.12%)
Local parameters compressed: reduced 5237 bytes (7.10%)
Local parameters compressed: reduced 5256 bytes (7.12%)
Local parameters compressed: reduced 5237 bytes (7.10%)
Local parameters compressed: reduced 5215 bytes (7.07%)
Results Aggregated in 20.01 seconds.
{'TextMLP': {'train_loss': [0.34002155849734944, 0.2828654299346606], 'train_accuracy': [0.8734516666666666, 0.8934125], 'train_f1': [0.8093702181713035, 0.8464280121468668], 'train_mae': [0.18954916666666666, 0.16160833333333333], 'val_loss': [2.930551957632366, 3.915731311697709], 'val_accuracy': [0.5848289473684211, 0.6214078947368421], 'val_f1': [0.5069982090288584, 0.538963438034395], 'val_mae': [0.7548947368421053, 0.6642236842105264], 'jsd': [(0, 0, 0, 0, 0, 0, 0, 0, 0, 0), (0, 0, 0, 0, 0, 0, 0, 0, 0, 0)]}}
AdaptationManager: Configuring next round...
{'client_registry': {'enabled': True, 'params': {}}, 'client_selector': {'enabled': False, 'params': {}}, 'client_cluster': {'enabled': False, 'params': {}}, 'message_compressor': {'enabled': True, 'params': {}}, 'model_co-versioning_registry': {'enabled': False, 'params': {}}, 'multi-task_model_trainer': {'enabled': False, 'params': {}}, 'heterogeneous_data_handler': {'enabled': False, 'params': {}}}
{'client_selector': {'enabled': False}, 'client_cluster': {'enabled': False}, 'message_compressor': {'enabled': True}, 'model_co-versioning_registry': {'enabled': False}, 'multi-task_model_trainer': {'enabled': False}, 'heterogeneous_data_handler': {'enabled': False}, 'client_registry': {'enabled': True, 'params': {}}}
time=20.007930040359497, message_compressor activated ✅
client Client 23 injecting delay of 3 seconds
client Client 32 injecting delay of 1 seconds
client Client 27 injecting delay of 1 seconds
client Client 31 injecting delay of 2 seconds
client Client 25 injecting delay of 8 seconds
client Client 24 injecting delay of 0 seconds
Local parameters compressed: reduced 5211 bytes (7.06%)
client Client 30 injecting delay of 10 seconds
client Client 26 injecting delay of 6 seconds
client Client 28 injecting delay of 2 seconds
Local parameters compressed: reduced 5179 bytes (7.02%)
Local parameters compressed: reduced 5199 bytes (7.05%)
client Client 29 injecting delay of 6 seconds
Local parameters compressed: reduced 5255 bytes (7.12%)
Local parameters compressed: reduced 5238 bytes (7.10%)
Local parameters compressed: reduced 5204 bytes (7.05%)
Local parameters compressed: reduced 5193 bytes (7.04%)
Local parameters compressed: reduced 5216 bytes (7.07%)
Local parameters compressed: reduced 5249 bytes (7.11%)
Local parameters compressed: reduced 5195 bytes (7.04%)
Results Aggregated in 19.84 seconds.
{'TextMLP': {'train_loss': [0.34002155849734944, 0.2828654299346606, 0.26450962391972543], 'train_accuracy': [0.8734516666666666, 0.8934125, 0.8998741666666666], 'train_f1': [0.8093702181713035, 0.8464280121468668, 0.8581945219176899], 'train_mae': [0.18954916666666666, 0.16160833333333333, 0.152125], 'val_loss': [2.930551957632366, 3.915731311697709, 5.198540402261834], 'val_accuracy': [0.5848289473684211, 0.6214078947368421, 0.6343947368421052], 'val_f1': [0.5069982090288584, 0.538963438034395, 0.5495533600981004], 'val_mae': [0.7548947368421053, 0.6642236842105264, 0.6468157894736841], 'jsd': [(0, 0, 0, 0, 0, 0, 0, 0, 0, 0), (0, 0, 0, 0, 0, 0, 0, 0, 0, 0), (0, 0, 0, 0, 0, 0, 0, 0, 0, 0)]}}
AdaptationManager: Configuring next round...
{'client_registry': {'enabled': True, 'params': {}}, 'client_selector': {'enabled': False, 'params': {}}, 'client_cluster': {'enabled': False, 'params': {}}, 'message_compressor': {'enabled': True, 'params': {}}, 'model_co-versioning_registry': {'enabled': False, 'params': {}}, 'multi-task_model_trainer': {'enabled': False, 'params': {}}, 'heterogeneous_data_handler': {'enabled': False, 'params': {}}}
{'client_selector': {'enabled': False}, 'client_cluster': {'enabled': False}, 'message_compressor': {'enabled': True}, 'model_co-versioning_registry': {'enabled': False}, 'multi-task_model_trainer': {'enabled': False}, 'heterogeneous_data_handler': {'enabled': False}, 'client_registry': {'enabled': True, 'params': {}}}
time=19.835089921951294, message_compressor de-activated ❌
client Client 26 injecting delay of 0 seconds
client Client 23 injecting delay of 2 seconds
client Client 25 injecting delay of 7 seconds
client Client 24 injecting delay of 1 seconds
client Client 30 injecting delay of 3 seconds
client Client 28 injecting delay of 8 seconds
client Client 29 injecting delay of 10 seconds
client Client 32 injecting delay of 3 seconds
client Client 31 injecting delay of 1 seconds
client Client 27 injecting delay of 8 seconds
Results Aggregated in 20.74 seconds.
{'TextMLP': {'train_loss': [0.34002155849734944, 0.2828654299346606, 0.26450962391972543, 0.25227780553082624], 'train_accuracy': [0.8734516666666666, 0.8934125, 0.8998741666666666, 0.9048108333333333], 'train_f1': [0.8093702181713035, 0.8464280121468668, 0.8581945219176899, 0.8649814264280676], 'train_mae': [0.18954916666666666, 0.16160833333333333, 0.152125, 0.14598666666666665], 'val_loss': [2.930551957632366, 3.915731311697709, 5.198540402261834, 5.895123722176804], 'val_accuracy': [0.5848289473684211, 0.6214078947368421, 0.6343947368421052, 0.6327763157894737], 'val_f1': [0.5069982090288584, 0.538963438034395, 0.5495533600981004, 0.5495557512146335], 'val_mae': [0.7548947368421053, 0.6642236842105264, 0.6468157894736841, 0.6455526315789474], 'jsd': [(0, 0, 0, 0, 0, 0, 0, 0, 0, 0), (0, 0, 0, 0, 0, 0, 0, 0, 0, 0), (0, 0, 0, 0, 0, 0, 0, 0, 0, 0), (0.22129893392959865, 0.22129893392959865, 0.22129893392959865, 0.22129893392959865, 0.22129893392959865, 0.22129893392959865, 0.22129893392959865, 0.22129893392959865, 0.22129893392959865, 0.22129893392959865)]}}
AdaptationManager: Configuring next round...
{'client_registry': {'enabled': True, 'params': {}}, 'client_selector': {'enabled': False, 'params': {}}, 'client_cluster': {'enabled': False, 'params': {}}, 'message_compressor': {'enabled': True, 'params': {}}, 'model_co-versioning_registry': {'enabled': False, 'params': {}}, 'multi-task_model_trainer': {'enabled': False, 'params': {}}, 'heterogeneous_data_handler': {'enabled': False, 'params': {}}}
{'client_selector': {'enabled': False}, 'client_cluster': {'enabled': False}, 'message_compressor': {'enabled': False}, 'model_co-versioning_registry': {'enabled': False}, 'multi-task_model_trainer': {'enabled': False}, 'heterogeneous_data_handler': {'enabled': False}, 'client_registry': {'enabled': True, 'params': {}}}
time=20.74043846130371, message_compressor activated ✅
client Client 23 injecting delay of 6 seconds
client Client 27 injecting delay of 1 seconds
client Client 26 injecting delay of 5 seconds
client Client 31 injecting delay of 2 seconds
client Client 28 injecting delay of 5 seconds
client Client 25 injecting delay of 10 seconds
client Client 24 injecting delay of 9 seconds
client Client 29 injecting delay of 8 seconds
Local parameters compressed: reduced 5207 bytes (7.06%)
client Client 32 injecting delay of 7 seconds
client Client 30 injecting delay of 8 seconds
Local parameters compressed: reduced 5208 bytes (7.06%)
Local parameters compressed: reduced 5176 bytes (7.01%)
Local parameters compressed: reduced 5174 bytes (7.01%)
Local parameters compressed: reduced 5209 bytes (7.06%)
Local parameters compressed: reduced 5177 bytes (7.02%)
Local parameters compressed: reduced 5150 bytes (6.98%)
Local parameters compressed: reduced 5163 bytes (7.00%)
Local parameters compressed: reduced 5150 bytes (6.98%)
Local parameters compressed: reduced 5184 bytes (7.03%)
Results Aggregated in 19.63 seconds.
{'TextMLP': {'train_loss': [0.34002155849734944, 0.2828654299346606, 0.26450962391972543, 0.25227780553082624, 0.24574196538925172], 'train_accuracy': [0.8734516666666666, 0.8934125, 0.8998741666666666, 0.9048108333333333, 0.9076025], 'train_f1': [0.8093702181713035, 0.8464280121468668, 0.8581945219176899, 0.8649814264280676, 0.8704150287693485], 'train_mae': [0.18954916666666666, 0.16160833333333333, 0.152125, 0.14598666666666665, 0.14155833333333334], 'val_loss': [2.930551957632366, 3.915731311697709, 5.198540402261834, 5.895123722176804, 5.9485915320547], 'val_accuracy': [0.5848289473684211, 0.6214078947368421, 0.6343947368421052, 0.6327763157894737, 0.6412894736842106], 'val_f1': [0.5069982090288584, 0.538963438034395, 0.5495533600981004, 0.5495557512146335, 0.5561497475857089], 'val_mae': [0.7548947368421053, 0.6642236842105264, 0.6468157894736841, 0.6455526315789474, 0.6261447368421053], 'jsd': [(0, 0, 0, 0, 0, 0, 0, 0, 0, 0), (0, 0, 0, 0, 0, 0, 0, 0, 0, 0), (0, 0, 0, 0, 0, 0, 0, 0, 0, 0), (0.22129893392959865, 0.22129893392959865, 0.22129893392959865, 0.22129893392959865, 0.22129893392959865, 0.22129893392959865, 0.22129893392959865, 0.22129893392959865, 0.22129893392959865, 0.22129893392959865), (0, 0, 0, 0, 0, 0, 0, 0, 0, 0)]}}
AdaptationManager: Configuring next round...
{'client_registry': {'enabled': True, 'params': {}}, 'client_selector': {'enabled': False, 'params': {}}, 'client_cluster': {'enabled': False, 'params': {}}, 'message_compressor': {'enabled': True, 'params': {}}, 'model_co-versioning_registry': {'enabled': False, 'params': {}}, 'multi-task_model_trainer': {'enabled': False, 'params': {}}, 'heterogeneous_data_handler': {'enabled': False, 'params': {}}}
{'client_selector': {'enabled': False}, 'client_cluster': {'enabled': False}, 'message_compressor': {'enabled': True}, 'model_co-versioning_registry': {'enabled': False}, 'multi-task_model_trainer': {'enabled': False}, 'heterogeneous_data_handler': {'enabled': False}, 'client_registry': {'enabled': True, 'params': {}}}
time=19.627155780792236, message_compressor de-activated ❌
client Client 24 injecting delay of 5 seconds
client Client 26 injecting delay of 0 seconds
client Client 27 injecting delay of 7 seconds
client Client 28 injecting delay of 9 seconds
client Client 30 injecting delay of 8 seconds
client Client 31 injecting delay of 9 seconds
client Client 29 injecting delay of 8 seconds
client Client 23 injecting delay of 1 seconds
client Client 32 injecting delay of 8 seconds
client Client 25 injecting delay of 7 seconds
Results Aggregated in 19.79 seconds.
{'TextMLP': {'train_loss': [0.34002155849734944, 0.2828654299346606, 0.26450962391972543, 0.25227780553082624, 0.24574196538925172, 0.24068834102153777], 'train_accuracy': [0.8734516666666666, 0.8934125, 0.8998741666666666, 0.9048108333333333, 0.9076025, 0.9098833333333334], 'train_f1': [0.8093702181713035, 0.8464280121468668, 0.8581945219176899, 0.8649814264280676, 0.8704150287693485, 0.8740877190534945], 'train_mae': [0.18954916666666666, 0.16160833333333333, 0.152125, 0.14598666666666665, 0.14155833333333334, 0.13824416666666667], 'val_loss': [2.930551957632366, 3.915731311697709, 5.198540402261834, 5.895123722176804, 5.9485915320547, 6.030771247763383], 'val_accuracy': [0.5848289473684211, 0.6214078947368421, 0.6343947368421052, 0.6327763157894737, 0.6412894736842106, 0.6440394736842104], 'val_f1': [0.5069982090288584, 0.538963438034395, 0.5495533600981004, 0.5495557512146335, 0.5561497475857089, 0.5586775001787412], 'val_mae': [0.7548947368421053, 0.6642236842105264, 0.6468157894736841, 0.6455526315789474, 0.6261447368421053, 0.608], 'jsd': [(0, 0, 0, 0, 0, 0, 0, 0, 0, 0), (0, 0, 0, 0, 0, 0, 0, 0, 0, 0), (0, 0, 0, 0, 0, 0, 0, 0, 0, 0), (0.22129893392959865, 0.22129893392959865, 0.22129893392959865, 0.22129893392959865, 0.22129893392959865, 0.22129893392959865, 0.22129893392959865, 0.22129893392959865, 0.22129893392959865, 0.22129893392959865), (0, 0, 0, 0, 0, 0, 0, 0, 0, 0), (0.22129893392959865, 0.22129893392959865, 0.22129893392959865, 0.22129893392959865, 0.22129893392959865, 0.22129893392959865, 0.22129893392959865, 0.22129893392959865, 0.22129893392959865, 0.22129893392959865)]}}
AdaptationManager: Configuring next round...
{'client_registry': {'enabled': True, 'params': {}}, 'client_selector': {'enabled': False, 'params': {}}, 'client_cluster': {'enabled': False, 'params': {}}, 'message_compressor': {'enabled': True, 'params': {}}, 'model_co-versioning_registry': {'enabled': False, 'params': {}}, 'multi-task_model_trainer': {'enabled': False, 'params': {}}, 'heterogeneous_data_handler': {'enabled': False, 'params': {}}}
{'client_selector': {'enabled': False}, 'client_cluster': {'enabled': False}, 'message_compressor': {'enabled': False}, 'model_co-versioning_registry': {'enabled': False}, 'multi-task_model_trainer': {'enabled': False}, 'heterogeneous_data_handler': {'enabled': False}, 'client_registry': {'enabled': True, 'params': {}}}
time=19.786811113357544, message_compressor de-activated ❌
client Client 26 injecting delay of 6 seconds
client Client 24 injecting delay of 2 seconds
client Client 25 injecting delay of 2 seconds
client Client 32 injecting delay of 8 seconds
client Client 31 injecting delay of 6 seconds
client Client 29 injecting delay of 0 seconds
client Client 28 injecting delay of 8 seconds
client Client 27 injecting delay of 2 seconds
client Client 23 injecting delay of 8 seconds
client Client 30 injecting delay of 0 seconds
Results Aggregated in 19.73 seconds.
{'TextMLP': {'train_loss': [0.34002155849734944, 0.2828654299346606, 0.26450962391972543, 0.25227780553082624, 0.24574196538925172, 0.24068834102153777, 0.23900080243607363], 'train_accuracy': [0.8734516666666666, 0.8934125, 0.8998741666666666, 0.9048108333333333, 0.9076025, 0.9098833333333334, 0.9100975], 'train_f1': [0.8093702181713035, 0.8464280121468668, 0.8581945219176899, 0.8649814264280676, 0.8704150287693485, 0.8740877190534945, 0.8739298706201538], 'train_mae': [0.18954916666666666, 0.16160833333333333, 0.152125, 0.14598666666666665, 0.14155833333333334, 0.13824416666666667, 0.13762416666666666], 'val_loss': [2.930551957632366, 3.915731311697709, 5.198540402261834, 5.895123722176804, 5.9485915320547, 6.030771247763383, 6.012606787129453], 'val_accuracy': [0.5848289473684211, 0.6214078947368421, 0.6343947368421052, 0.6327763157894737, 0.6412894736842106, 0.6440394736842104, 0.6422368421052632], 'val_f1': [0.5069982090288584, 0.538963438034395, 0.5495533600981004, 0.5495557512146335, 0.5561497475857089, 0.5586775001787412, 0.5567306000314037], 'val_mae': [0.7548947368421053, 0.6642236842105264, 0.6468157894736841, 0.6455526315789474, 0.6261447368421053, 0.608, 0.6261052631578947], 'jsd': [(0, 0, 0, 0, 0, 0, 0, 0, 0, 0), (0, 0, 0, 0, 0, 0, 0, 0, 0, 0), (0, 0, 0, 0, 0, 0, 0, 0, 0, 0), (0.22129893392959865, 0.22129893392959865, 0.22129893392959865, 0.22129893392959865, 0.22129893392959865, 0.22129893392959865, 0.22129893392959865, 0.22129893392959865, 0.22129893392959865, 0.22129893392959865), (0, 0, 0, 0, 0, 0, 0, 0, 0, 0), (0.22129893392959865, 0.22129893392959865, 0.22129893392959865, 0.22129893392959865, 0.22129893392959865, 0.22129893392959865, 0.22129893392959865, 0.22129893392959865, 0.22129893392959865, 0.22129893392959865), (0.22129893392959865, 0.22129893392959865, 0.22129893392959865, 0.22129893392959865, 0.22129893392959865, 0.22129893392959865, 0.22129893392959865, 0.22129893392959865, 0.22129893392959865, 0.22129893392959865)]}}
AdaptationManager: Configuring next round...
{'client_registry': {'enabled': True, 'params': {}}, 'client_selector': {'enabled': False, 'params': {}}, 'client_cluster': {'enabled': False, 'params': {}}, 'message_compressor': {'enabled': True, 'params': {}}, 'model_co-versioning_registry': {'enabled': False, 'params': {}}, 'multi-task_model_trainer': {'enabled': False, 'params': {}}, 'heterogeneous_data_handler': {'enabled': False, 'params': {}}}
{'client_selector': {'enabled': False}, 'client_cluster': {'enabled': False}, 'message_compressor': {'enabled': False}, 'model_co-versioning_registry': {'enabled': False}, 'multi-task_model_trainer': {'enabled': False}, 'heterogeneous_data_handler': {'enabled': False}, 'client_registry': {'enabled': True, 'params': {}}}
time=19.725890159606934, message_compressor de-activated ❌
client Client 23 injecting delay of 7 seconds
client Client 29 injecting delay of 8 seconds
client Client 28 injecting delay of 0 seconds
client Client 26 injecting delay of 8 seconds
client Client 30 injecting delay of 2 seconds
client Client 24 injecting delay of 8 seconds
client Client 31 injecting delay of 3 seconds
client Client 27 injecting delay of 1 seconds
client Client 32 injecting delay of 1 seconds
client Client 25 injecting delay of 7 seconds
Results Aggregated in 19.61 seconds.
{'TextMLP': {'train_loss': [0.34002155849734944, 0.2828654299346606, 0.26450962391972543, 0.25227780553082624, 0.24574196538925172, 0.24068834102153777, 0.23900080243607363, 0.23624393068710964], 'train_accuracy': [0.8734516666666666, 0.8934125, 0.8998741666666666, 0.9048108333333333, 0.9076025, 0.9098833333333334, 0.9100975, 0.9113941666666666], 'train_f1': [0.8093702181713035, 0.8464280121468668, 0.8581945219176899, 0.8649814264280676, 0.8704150287693485, 0.8740877190534945, 0.8739298706201538, 0.8755878907247114], 'train_mae': [0.18954916666666666, 0.16160833333333333, 0.152125, 0.14598666666666665, 0.14155833333333334, 0.13824416666666667, 0.13762416666666666, 0.13633333333333333], 'val_loss': [2.930551957632366, 3.915731311697709, 5.198540402261834, 5.895123722176804, 5.9485915320547, 6.030771247763383, 6.012606787129453, 6.140297709314447], 'val_accuracy': [0.5848289473684211, 0.6214078947368421, 0.6343947368421052, 0.6327763157894737, 0.6412894736842106, 0.6440394736842104, 0.6422368421052632, 0.6413026315789474], 'val_f1': [0.5069982090288584, 0.538963438034395, 0.5495533600981004, 0.5495557512146335, 0.5561497475857089, 0.5586775001787412, 0.5567306000314037, 0.5561873463160111], 'val_mae': [0.7548947368421053, 0.6642236842105264, 0.6468157894736841, 0.6455526315789474, 0.6261447368421053, 0.608, 0.6261052631578947, 0.6292894736842105], 'jsd': [(0, 0, 0, 0, 0, 0, 0, 0, 0, 0), (0, 0, 0, 0, 0, 0, 0, 0, 0, 0), (0, 0, 0, 0, 0, 0, 0, 0, 0, 0), (0.22129893392959865, 0.22129893392959865, 0.22129893392959865, 0.22129893392959865, 0.22129893392959865, 0.22129893392959865, 0.22129893392959865, 0.22129893392959865, 0.22129893392959865, 0.22129893392959865), (0, 0, 0, 0, 0, 0, 0, 0, 0, 0), (0.22129893392959865, 0.22129893392959865, 0.22129893392959865, 0.22129893392959865, 0.22129893392959865, 0.22129893392959865, 0.22129893392959865, 0.22129893392959865, 0.22129893392959865, 0.22129893392959865), (0.22129893392959865, 0.22129893392959865, 0.22129893392959865, 0.22129893392959865, 0.22129893392959865, 0.22129893392959865, 0.22129893392959865, 0.22129893392959865, 0.22129893392959865, 0.22129893392959865), (0.22129893392959865, 0.22129893392959865, 0.22129893392959865, 0.22129893392959865, 0.22129893392959865, 0.22129893392959865, 0.22129893392959865, 0.22129893392959865, 0.22129893392959865, 0.22129893392959865)]}}
AdaptationManager: Configuring next round...
{'client_registry': {'enabled': True, 'params': {}}, 'client_selector': {'enabled': False, 'params': {}}, 'client_cluster': {'enabled': False, 'params': {}}, 'message_compressor': {'enabled': True, 'params': {}}, 'model_co-versioning_registry': {'enabled': False, 'params': {}}, 'multi-task_model_trainer': {'enabled': False, 'params': {}}, 'heterogeneous_data_handler': {'enabled': False, 'params': {}}}
{'client_selector': {'enabled': False}, 'client_cluster': {'enabled': False}, 'message_compressor': {'enabled': False}, 'model_co-versioning_registry': {'enabled': False}, 'multi-task_model_trainer': {'enabled': False}, 'heterogeneous_data_handler': {'enabled': False}, 'client_registry': {'enabled': True, 'params': {}}}
time=19.613531827926636, message_compressor de-activated ❌
client Client 23 injecting delay of 8 seconds
client Client 29 injecting delay of 4 seconds
client Client 26 injecting delay of 7 seconds
client Client 32 injecting delay of 8 seconds
client Client 25 injecting delay of 3 seconds
client Client 30 injecting delay of 2 seconds
client Client 27 injecting delay of 9 seconds
client Client 31 injecting delay of 0 seconds
client Client 28 injecting delay of 0 seconds
client Client 24 injecting delay of 1 seconds
Results Aggregated in 20.39 seconds.
{'TextMLP': {'train_loss': [0.34002155849734944, 0.2828654299346606, 0.26450962391972543, 0.25227780553082624, 0.24574196538925172, 0.24068834102153777, 0.23900080243607363, 0.23624393068710964, 0.23687410305221876], 'train_accuracy': [0.8734516666666666, 0.8934125, 0.8998741666666666, 0.9048108333333333, 0.9076025, 0.9098833333333334, 0.9100975, 0.9113941666666666, 0.9110516666666667], 'train_f1': [0.8093702181713035, 0.8464280121468668, 0.8581945219176899, 0.8649814264280676, 0.8704150287693485, 0.8740877190534945, 0.8739298706201538, 0.8755878907247114, 0.8754235006757177], 'train_mae': [0.18954916666666666, 0.16160833333333333, 0.152125, 0.14598666666666665, 0.14155833333333334, 0.13824416666666667, 0.13762416666666666, 0.13633333333333333, 0.13617083333333332], 'val_loss': [2.930551957632366, 3.915731311697709, 5.198540402261834, 5.895123722176804, 5.9485915320547, 6.030771247763383, 6.012606787129453, 6.140297709314447, 6.234081290094476], 'val_accuracy': [0.5848289473684211, 0.6214078947368421, 0.6343947368421052, 0.6327763157894737, 0.6412894736842106, 0.6440394736842104, 0.6422368421052632, 0.6413026315789474, 0.6429605263157895], 'val_f1': [0.5069982090288584, 0.538963438034395, 0.5495533600981004, 0.5495557512146335, 0.5561497475857089, 0.5586775001787412, 0.5567306000314037, 0.5561873463160111, 0.5573474074195085], 'val_mae': [0.7548947368421053, 0.6642236842105264, 0.6468157894736841, 0.6455526315789474, 0.6261447368421053, 0.608, 0.6261052631578947, 0.6292894736842105, 0.6165921052631579], 'jsd': [(0, 0, 0, 0, 0, 0, 0, 0, 0, 0), (0, 0, 0, 0, 0, 0, 0, 0, 0, 0), (0, 0, 0, 0, 0, 0, 0, 0, 0, 0), (0.22129893392959865, 0.22129893392959865, 0.22129893392959865, 0.22129893392959865, 0.22129893392959865, 0.22129893392959865, 0.22129893392959865, 0.22129893392959865, 0.22129893392959865, 0.22129893392959865), (0, 0, 0, 0, 0, 0, 0, 0, 0, 0), (0.22129893392959865, 0.22129893392959865, 0.22129893392959865, 0.22129893392959865, 0.22129893392959865, 0.22129893392959865, 0.22129893392959865, 0.22129893392959865, 0.22129893392959865, 0.22129893392959865), (0.22129893392959865, 0.22129893392959865, 0.22129893392959865, 0.22129893392959865, 0.22129893392959865, 0.22129893392959865, 0.22129893392959865, 0.22129893392959865, 0.22129893392959865, 0.22129893392959865), (0.22129893392959865, 0.22129893392959865, 0.22129893392959865, 0.22129893392959865, 0.22129893392959865, 0.22129893392959865, 0.22129893392959865, 0.22129893392959865, 0.22129893392959865, 0.22129893392959865), (0.22129893392959865, 0.22129893392959865, 0.22129893392959865, 0.22129893392959865, 0.22129893392959865, 0.22129893392959865, 0.22129893392959865, 0.22129893392959865, 0.22129893392959865, 0.22129893392959865)]}}
AdaptationManager: Configuring next round...
{'client_registry': {'enabled': True, 'params': {}}, 'client_selector': {'enabled': False, 'params': {}}, 'client_cluster': {'enabled': False, 'params': {}}, 'message_compressor': {'enabled': True, 'params': {}}, 'model_co-versioning_registry': {'enabled': False, 'params': {}}, 'multi-task_model_trainer': {'enabled': False, 'params': {}}, 'heterogeneous_data_handler': {'enabled': False, 'params': {}}}
{'client_selector': {'enabled': False}, 'client_cluster': {'enabled': False}, 'message_compressor': {'enabled': False}, 'model_co-versioning_registry': {'enabled': False}, 'multi-task_model_trainer': {'enabled': False}, 'heterogeneous_data_handler': {'enabled': False}, 'client_registry': {'enabled': True, 'params': {}}}
time=20.38813328742981, message_compressor activated ✅
client Client 26 injecting delay of 2 seconds
client Client 23 injecting delay of 8 seconds
client Client 30 injecting delay of 2 seconds
client Client 29 injecting delay of 1 seconds
client Client 27 injecting delay of 1 seconds
client Client 24 injecting delay of 7 seconds
client Client 32 injecting delay of 5 seconds
client Client 28 injecting delay of 7 seconds
client Client 31 injecting delay of 10 seconds
client Client 25 injecting delay of 4 seconds
Local parameters compressed: reduced 5156 bytes (6.99%)
Local parameters compressed: reduced 5161 bytes (6.99%)
Local parameters compressed: reduced 5137 bytes (6.96%)
Local parameters compressed: reduced 5140 bytes (6.97%)
Local parameters compressed: reduced 5125 bytes (6.95%)
Local parameters compressed: reduced 5117 bytes (6.93%)
Local parameters compressed: reduced 5172 bytes (7.01%)
Local parameters compressed: reduced 5129 bytes (6.95%)
Local parameters compressed: reduced 5150 bytes (6.98%)
Local parameters compressed: reduced 5135 bytes (6.96%)
Results Aggregated in 20.01 seconds.
{'TextMLP': {'train_loss': [0.34002155849734944, 0.2828654299346606, 0.26450962391972543, 0.25227780553082624, 0.24574196538925172, 0.24068834102153777, 0.23900080243607363, 0.23624393068710964, 0.23687410305221876, 0.23219483235796293], 'train_accuracy': [0.8734516666666666, 0.8934125, 0.8998741666666666, 0.9048108333333333, 0.9076025, 0.9098833333333334, 0.9100975, 0.9113941666666666, 0.9110516666666667, 0.9131775], 'train_f1': [0.8093702181713035, 0.8464280121468668, 0.8581945219176899, 0.8649814264280676, 0.8704150287693485, 0.8740877190534945, 0.8739298706201538, 0.8755878907247114, 0.8754235006757177, 0.8780127550415827], 'train_mae': [0.18954916666666666, 0.16160833333333333, 0.152125, 0.14598666666666665, 0.14155833333333334, 0.13824416666666667, 0.13762416666666666, 0.13633333333333333, 0.13617083333333332, 0.1337375], 'val_loss': [2.930551957632366, 3.915731311697709, 5.198540402261834, 5.895123722176804, 5.9485915320547, 6.030771247763383, 6.012606787129453, 6.140297709314447, 6.234081290094476, 6.272267537869905], 'val_accuracy': [0.5848289473684211, 0.6214078947368421, 0.6343947368421052, 0.6327763157894737, 0.6412894736842106, 0.6440394736842104, 0.6422368421052632, 0.6413026315789474, 0.6429605263157895, 0.6406842105263159], 'val_f1': [0.5069982090288584, 0.538963438034395, 0.5495533600981004, 0.5495557512146335, 0.5561497475857089, 0.5586775001787412, 0.5567306000314037, 0.5561873463160111, 0.5573474074195085, 0.5558079512154799], 'val_mae': [0.7548947368421053, 0.6642236842105264, 0.6468157894736841, 0.6455526315789474, 0.6261447368421053, 0.608, 0.6261052631578947, 0.6292894736842105, 0.6165921052631579, 0.6251842105263158], 'jsd': [(0, 0, 0, 0, 0, 0, 0, 0, 0, 0), (0, 0, 0, 0, 0, 0, 0, 0, 0, 0), (0, 0, 0, 0, 0, 0, 0, 0, 0, 0), (0.22129893392959865, 0.22129893392959865, 0.22129893392959865, 0.22129893392959865, 0.22129893392959865, 0.22129893392959865, 0.22129893392959865, 0.22129893392959865, 0.22129893392959865, 0.22129893392959865), (0, 0, 0, 0, 0, 0, 0, 0, 0, 0), (0.22129893392959865, 0.22129893392959865, 0.22129893392959865, 0.22129893392959865, 0.22129893392959865, 0.22129893392959865, 0.22129893392959865, 0.22129893392959865, 0.22129893392959865, 0.22129893392959865), (0.22129893392959865, 0.22129893392959865, 0.22129893392959865, 0.22129893392959865, 0.22129893392959865, 0.22129893392959865, 0.22129893392959865, 0.22129893392959865, 0.22129893392959865, 0.22129893392959865), (0.22129893392959865, 0.22129893392959865, 0.22129893392959865, 0.22129893392959865, 0.22129893392959865, 0.22129893392959865, 0.22129893392959865, 0.22129893392959865, 0.22129893392959865, 0.22129893392959865), (0.22129893392959865, 0.22129893392959865, 0.22129893392959865, 0.22129893392959865, 0.22129893392959865, 0.22129893392959865, 0.22129893392959865, 0.22129893392959865, 0.22129893392959865, 0.22129893392959865), (0, 0, 0, 0, 0, 0, 0, 0, 0, 0)]}}
AdaptationManager: Configuring next round...
{'client_registry': {'enabled': True, 'params': {}}, 'client_selector': {'enabled': False, 'params': {}}, 'client_cluster': {'enabled': False, 'params': {}}, 'message_compressor': {'enabled': True, 'params': {}}, 'model_co-versioning_registry': {'enabled': False, 'params': {}}, 'multi-task_model_trainer': {'enabled': False, 'params': {}}, 'heterogeneous_data_handler': {'enabled': False, 'params': {}}}
{'client_selector': {'enabled': False}, 'client_cluster': {'enabled': False}, 'message_compressor': {'enabled': True}, 'model_co-versioning_registry': {'enabled': False}, 'multi-task_model_trainer': {'enabled': False}, 'heterogeneous_data_handler': {'enabled': False}, 'client_registry': {'enabled': True, 'params': {}}}
time=20.006944179534912, message_compressor activated ✅
client Client 28 injecting delay of 8 seconds
client Client 23 injecting delay of 1 seconds
client Client 25 injecting delay of 9 seconds
client Client 30 injecting delay of 4 seconds
client Client 32 injecting delay of 6 seconds
client Client 31 injecting delay of 2 seconds
client Client 24 injecting delay of 9 seconds
client Client 29 injecting delay of 5 seconds
client Client 27 injecting delay of 7 seconds
client Client 26 injecting delay of 9 seconds
Local parameters compressed: reduced 5122 bytes (6.94%)
Local parameters compressed: reduced 5108 bytes (6.92%)
Local parameters compressed: reduced 5137 bytes (6.96%)
Local parameters compressed: reduced 5144 bytes (6.97%)
Local parameters compressed: reduced 5133 bytes (6.96%)
Local parameters compressed: reduced 5147 bytes (6.98%)
Local parameters compressed: reduced 5118 bytes (6.94%)
Local parameters compressed: reduced 5106 bytes (6.92%)
Local parameters compressed: reduced 5136 bytes (6.96%)
Local parameters compressed: reduced 5125 bytes (6.95%)
Results Aggregated in 19.48 seconds.
{'TextMLP': {'train_loss': [0.34002155849734944, 0.2828654299346606, 0.26450962391972543, 0.25227780553082624, 0.24574196538925172, 0.24068834102153777, 0.23900080243607363, 0.23624393068710964, 0.23687410305221876, 0.23219483235796293, 0.2298992435067892], 'train_accuracy': [0.8734516666666666, 0.8934125, 0.8998741666666666, 0.9048108333333333, 0.9076025, 0.9098833333333334, 0.9100975, 0.9113941666666666, 0.9110516666666667, 0.9131775, 0.9141916666666666], 'train_f1': [0.8093702181713035, 0.8464280121468668, 0.8581945219176899, 0.8649814264280676, 0.8704150287693485, 0.8740877190534945, 0.8739298706201538, 0.8755878907247114, 0.8754235006757177, 0.8780127550415827, 0.8795103019039185], 'train_mae': [0.18954916666666666, 0.16160833333333333, 0.152125, 0.14598666666666665, 0.14155833333333334, 0.13824416666666667, 0.13762416666666666, 0.13633333333333333, 0.13617083333333332, 0.1337375, 0.13213916666666667], 'val_loss': [2.930551957632366, 3.915731311697709, 5.198540402261834, 5.895123722176804, 5.9485915320547, 6.030771247763383, 6.012606787129453, 6.140297709314447, 6.234081290094476, 6.272267537869905, 6.3236897896214534], 'val_accuracy': [0.5848289473684211, 0.6214078947368421, 0.6343947368421052, 0.6327763157894737, 0.6412894736842106, 0.6440394736842104, 0.6422368421052632, 0.6413026315789474, 0.6429605263157895, 0.6406842105263159, 0.6424736842105263], 'val_f1': [0.5069982090288584, 0.538963438034395, 0.5495533600981004, 0.5495557512146335, 0.5561497475857089, 0.5586775001787412, 0.5567306000314037, 0.5561873463160111, 0.5573474074195085, 0.5558079512154799, 0.5572474734377875], 'val_mae': [0.7548947368421053, 0.6642236842105264, 0.6468157894736841, 0.6455526315789474, 0.6261447368421053, 0.608, 0.6261052631578947, 0.6292894736842105, 0.6165921052631579, 0.6251842105263158, 0.6183157894736842], 'jsd': [(0, 0, 0, 0, 0, 0, 0, 0, 0, 0), (0, 0, 0, 0, 0, 0, 0, 0, 0, 0), (0, 0, 0, 0, 0, 0, 0, 0, 0, 0), (0.22129893392959865, 0.22129893392959865, 0.22129893392959865, 0.22129893392959865, 0.22129893392959865, 0.22129893392959865, 0.22129893392959865, 0.22129893392959865, 0.22129893392959865, 0.22129893392959865), (0, 0, 0, 0, 0, 0, 0, 0, 0, 0), (0.22129893392959865, 0.22129893392959865, 0.22129893392959865, 0.22129893392959865, 0.22129893392959865, 0.22129893392959865, 0.22129893392959865, 0.22129893392959865, 0.22129893392959865, 0.22129893392959865), (0.22129893392959865, 0.22129893392959865, 0.22129893392959865, 0.22129893392959865, 0.22129893392959865, 0.22129893392959865, 0.22129893392959865, 0.22129893392959865, 0.22129893392959865, 0.22129893392959865), (0.22129893392959865, 0.22129893392959865, 0.22129893392959865, 0.22129893392959865, 0.22129893392959865, 0.22129893392959865, 0.22129893392959865, 0.22129893392959865, 0.22129893392959865, 0.22129893392959865), (0.22129893392959865, 0.22129893392959865, 0.22129893392959865, 0.22129893392959865, 0.22129893392959865, 0.22129893392959865, 0.22129893392959865, 0.22129893392959865, 0.22129893392959865, 0.22129893392959865), (0, 0, 0, 0, 0, 0, 0, 0, 0, 0), (0, 0, 0, 0, 0, 0, 0, 0, 0, 0)]}}
AdaptationManager: Configuring next round...
{'client_registry': {'enabled': True, 'params': {}}, 'client_selector': {'enabled': False, 'params': {}}, 'client_cluster': {'enabled': False, 'params': {}}, 'message_compressor': {'enabled': True, 'params': {}}, 'model_co-versioning_registry': {'enabled': False, 'params': {}}, 'multi-task_model_trainer': {'enabled': False, 'params': {}}, 'heterogeneous_data_handler': {'enabled': False, 'params': {}}}
{'client_selector': {'enabled': False}, 'client_cluster': {'enabled': False}, 'message_compressor': {'enabled': True}, 'model_co-versioning_registry': {'enabled': False}, 'multi-task_model_trainer': {'enabled': False}, 'heterogeneous_data_handler': {'enabled': False}, 'client_registry': {'enabled': True, 'params': {}}}
time=19.476810216903687, message_compressor de-activated ❌
client Client 25 injecting delay of 10 seconds
client Client 26 injecting delay of 2 seconds
client Client 31 injecting delay of 5 seconds
client Client 32 injecting delay of 7 seconds
client Client 23 injecting delay of 4 seconds
client Client 28 injecting delay of 10 seconds
client Client 27 injecting delay of 1 seconds
client Client 24 injecting delay of 4 seconds
client Client 29 injecting delay of 2 seconds
client Client 30 injecting delay of 2 seconds
Results Aggregated in 21.01 seconds.
{'TextMLP': {'train_loss': [0.34002155849734944, 0.2828654299346606, 0.26450962391972543, 0.25227780553082624, 0.24574196538925172, 0.24068834102153777, 0.23900080243607363, 0.23624393068710964, 0.23687410305221876, 0.23219483235796293, 0.2298992435067892, 0.2298251719822486], 'train_accuracy': [0.8734516666666666, 0.8934125, 0.8998741666666666, 0.9048108333333333, 0.9076025, 0.9098833333333334, 0.9100975, 0.9113941666666666, 0.9110516666666667, 0.9131775, 0.9141916666666666, 0.9139425], 'train_f1': [0.8093702181713035, 0.8464280121468668, 0.8581945219176899, 0.8649814264280676, 0.8704150287693485, 0.8740877190534945, 0.8739298706201538, 0.8755878907247114, 0.8754235006757177, 0.8780127550415827, 0.8795103019039185, 0.8787649522643775], 'train_mae': [0.18954916666666666, 0.16160833333333333, 0.152125, 0.14598666666666665, 0.14155833333333334, 0.13824416666666667, 0.13762416666666666, 0.13633333333333333, 0.13617083333333332, 0.1337375, 0.13213916666666667, 0.1323875], 'val_loss': [2.930551957632366, 3.915731311697709, 5.198540402261834, 5.895123722176804, 5.9485915320547, 6.030771247763383, 6.012606787129453, 6.140297709314447, 6.234081290094476, 6.272267537869905, 6.3236897896214534, 6.352819077642341], 'val_accuracy': [0.5848289473684211, 0.6214078947368421, 0.6343947368421052, 0.6327763157894737, 0.6412894736842106, 0.6440394736842104, 0.6422368421052632, 0.6413026315789474, 0.6429605263157895, 0.6406842105263159, 0.6424736842105263, 0.6425394736842105], 'val_f1': [0.5069982090288584, 0.538963438034395, 0.5495533600981004, 0.5495557512146335, 0.5561497475857089, 0.5586775001787412, 0.5567306000314037, 0.5561873463160111, 0.5573474074195085, 0.5558079512154799, 0.5572474734377875, 0.5567042280321924], 'val_mae': [0.7548947368421053, 0.6642236842105264, 0.6468157894736841, 0.6455526315789474, 0.6261447368421053, 0.608, 0.6261052631578947, 0.6292894736842105, 0.6165921052631579, 0.6251842105263158, 0.6183157894736842, 0.6375921052631579], 'jsd': [(0, 0, 0, 0, 0, 0, 0, 0, 0, 0), (0, 0, 0, 0, 0, 0, 0, 0, 0, 0), (0, 0, 0, 0, 0, 0, 0, 0, 0, 0), (0.22129893392959865, 0.22129893392959865, 0.22129893392959865, 0.22129893392959865, 0.22129893392959865, 0.22129893392959865, 0.22129893392959865, 0.22129893392959865, 0.22129893392959865, 0.22129893392959865), (0, 0, 0, 0, 0, 0, 0, 0, 0, 0), (0.22129893392959865, 0.22129893392959865, 0.22129893392959865, 0.22129893392959865, 0.22129893392959865, 0.22129893392959865, 0.22129893392959865, 0.22129893392959865, 0.22129893392959865, 0.22129893392959865), (0.22129893392959865, 0.22129893392959865, 0.22129893392959865, 0.22129893392959865, 0.22129893392959865, 0.22129893392959865, 0.22129893392959865, 0.22129893392959865, 0.22129893392959865, 0.22129893392959865), (0.22129893392959865, 0.22129893392959865, 0.22129893392959865, 0.22129893392959865, 0.22129893392959865, 0.22129893392959865, 0.22129893392959865, 0.22129893392959865, 0.22129893392959865, 0.22129893392959865), (0.22129893392959865, 0.22129893392959865, 0.22129893392959865, 0.22129893392959865, 0.22129893392959865, 0.22129893392959865, 0.22129893392959865, 0.22129893392959865, 0.22129893392959865, 0.22129893392959865), (0, 0, 0, 0, 0, 0, 0, 0, 0, 0), (0, 0, 0, 0, 0, 0, 0, 0, 0, 0), (0.22129893392959865, 0.22129893392959865, 0.22129893392959865, 0.22129893392959865, 0.22129893392959865, 0.22129893392959865, 0.22129893392959865, 0.22129893392959865, 0.22129893392959865, 0.22129893392959865)]}}
AdaptationManager: Configuring next round...
{'client_registry': {'enabled': True, 'params': {}}, 'client_selector': {'enabled': False, 'params': {}}, 'client_cluster': {'enabled': False, 'params': {}}, 'message_compressor': {'enabled': True, 'params': {}}, 'model_co-versioning_registry': {'enabled': False, 'params': {}}, 'multi-task_model_trainer': {'enabled': False, 'params': {}}, 'heterogeneous_data_handler': {'enabled': False, 'params': {}}}
{'client_selector': {'enabled': False}, 'client_cluster': {'enabled': False}, 'message_compressor': {'enabled': False}, 'model_co-versioning_registry': {'enabled': False}, 'multi-task_model_trainer': {'enabled': False}, 'heterogeneous_data_handler': {'enabled': False}, 'client_registry': {'enabled': True, 'params': {}}}
time=21.008833408355713, message_compressor activated ✅
client Client 26 injecting delay of 5 seconds
client Client 25 injecting delay of 6 seconds
client Client 24 injecting delay of 3 seconds
client Client 30 injecting delay of 5 seconds
client Client 31 injecting delay of 3 seconds
client Client 29 injecting delay of 10 seconds
client Client 32 injecting delay of 4 seconds
client Client 23 injecting delay of 0 seconds
Local parameters compressed: reduced 5142 bytes (6.97%)
client Client 27 injecting delay of 10 seconds
client Client 28 injecting delay of 0 seconds
Local parameters compressed: reduced 5116 bytes (6.93%)
Local parameters compressed: reduced 5111 bytes (6.93%)
Local parameters compressed: reduced 5106 bytes (6.92%)
Local parameters compressed: reduced 5125 bytes (6.95%)
Local parameters compressed: reduced 5144 bytes (6.97%)
Local parameters compressed: reduced 5122 bytes (6.94%)
Local parameters compressed: reduced 5140 bytes (6.97%)
Local parameters compressed: reduced 5081 bytes (6.89%)
Local parameters compressed: reduced 5138 bytes (6.96%)
Results Aggregated in 19.80 seconds.
{'TextMLP': {'train_loss': [0.34002155849734944, 0.2828654299346606, 0.26450962391972543, 0.25227780553082624, 0.24574196538925172, 0.24068834102153777, 0.23900080243607363, 0.23624393068710964, 0.23687410305221876, 0.23219483235796293, 0.2298992435067892, 0.2298251719822486, 0.2252001215273142], 'train_accuracy': [0.8734516666666666, 0.8934125, 0.8998741666666666, 0.9048108333333333, 0.9076025, 0.9098833333333334, 0.9100975, 0.9113941666666666, 0.9110516666666667, 0.9131775, 0.9141916666666666, 0.9139425, 0.9160366666666667], 'train_f1': [0.8093702181713035, 0.8464280121468668, 0.8581945219176899, 0.8649814264280676, 0.8704150287693485, 0.8740877190534945, 0.8739298706201538, 0.8755878907247114, 0.8754235006757177, 0.8780127550415827, 0.8795103019039185, 0.8787649522643775, 0.8820084175344423], 'train_mae': [0.18954916666666666, 0.16160833333333333, 0.152125, 0.14598666666666665, 0.14155833333333334, 0.13824416666666667, 0.13762416666666666, 0.13633333333333333, 0.13617083333333332, 0.1337375, 0.13213916666666667, 0.1323875, 0.1294575], 'val_loss': [2.930551957632366, 3.915731311697709, 5.198540402261834, 5.895123722176804, 5.9485915320547, 6.030771247763383, 6.012606787129453, 6.140297709314447, 6.234081290094476, 6.272267537869905, 6.3236897896214534, 6.352819077642341, 6.302611326217652], 'val_accuracy': [0.5848289473684211, 0.6214078947368421, 0.6343947368421052, 0.6327763157894737, 0.6412894736842106, 0.6440394736842104, 0.6422368421052632, 0.6413026315789474, 0.6429605263157895, 0.6406842105263159, 0.6424736842105263, 0.6425394736842105, 0.6435394736842105], 'val_f1': [0.5069982090288584, 0.538963438034395, 0.5495533600981004, 0.5495557512146335, 0.5561497475857089, 0.5586775001787412, 0.5567306000314037, 0.5561873463160111, 0.5573474074195085, 0.5558079512154799, 0.5572474734377875, 0.5567042280321924, 0.558235156014965], 'val_mae': [0.7548947368421053, 0.6642236842105264, 0.6468157894736841, 0.6455526315789474, 0.6261447368421053, 0.608, 0.6261052631578947, 0.6292894736842105, 0.6165921052631579, 0.6251842105263158, 0.6183157894736842, 0.6375921052631579, 0.61875], 'jsd': [(0, 0, 0, 0, 0, 0, 0, 0, 0, 0), (0, 0, 0, 0, 0, 0, 0, 0, 0, 0), (0, 0, 0, 0, 0, 0, 0, 0, 0, 0), (0.22129893392959865, 0.22129893392959865, 0.22129893392959865, 0.22129893392959865, 0.22129893392959865, 0.22129893392959865, 0.22129893392959865, 0.22129893392959865, 0.22129893392959865, 0.22129893392959865), (0, 0, 0, 0, 0, 0, 0, 0, 0, 0), (0.22129893392959865, 0.22129893392959865, 0.22129893392959865, 0.22129893392959865, 0.22129893392959865, 0.22129893392959865, 0.22129893392959865, 0.22129893392959865, 0.22129893392959865, 0.22129893392959865), (0.22129893392959865, 0.22129893392959865, 0.22129893392959865, 0.22129893392959865, 0.22129893392959865, 0.22129893392959865, 0.22129893392959865, 0.22129893392959865, 0.22129893392959865, 0.22129893392959865), (0.22129893392959865, 0.22129893392959865, 0.22129893392959865, 0.22129893392959865, 0.22129893392959865, 0.22129893392959865, 0.22129893392959865, 0.22129893392959865, 0.22129893392959865, 0.22129893392959865), (0.22129893392959865, 0.22129893392959865, 0.22129893392959865, 0.22129893392959865, 0.22129893392959865, 0.22129893392959865, 0.22129893392959865, 0.22129893392959865, 0.22129893392959865, 0.22129893392959865), (0, 0, 0, 0, 0, 0, 0, 0, 0, 0), (0, 0, 0, 0, 0, 0, 0, 0, 0, 0), (0.22129893392959865, 0.22129893392959865, 0.22129893392959865, 0.22129893392959865, 0.22129893392959865, 0.22129893392959865, 0.22129893392959865, 0.22129893392959865, 0.22129893392959865, 0.22129893392959865), (0, 0, 0, 0, 0, 0, 0, 0, 0, 0)]}}
AdaptationManager: Configuring next round...
{'client_registry': {'enabled': True, 'params': {}}, 'client_selector': {'enabled': False, 'params': {}}, 'client_cluster': {'enabled': False, 'params': {}}, 'message_compressor': {'enabled': True, 'params': {}}, 'model_co-versioning_registry': {'enabled': False, 'params': {}}, 'multi-task_model_trainer': {'enabled': False, 'params': {}}, 'heterogeneous_data_handler': {'enabled': False, 'params': {}}}
{'client_selector': {'enabled': False}, 'client_cluster': {'enabled': False}, 'message_compressor': {'enabled': True}, 'model_co-versioning_registry': {'enabled': False}, 'multi-task_model_trainer': {'enabled': False}, 'heterogeneous_data_handler': {'enabled': False}, 'client_registry': {'enabled': True, 'params': {}}}
time=19.79931926727295, message_compressor de-activated ❌
client Client 26 injecting delay of 4 seconds
client Client 31 injecting delay of 3 seconds
client Client 23 injecting delay of 4 seconds
client Client 25 injecting delay of 3 seconds
client Client 24 injecting delay of 9 seconds
client Client 29 injecting delay of 10 seconds
client Client 32 injecting delay of 5 seconds
client Client 27 injecting delay of 5 seconds
client Client 28 injecting delay of 7 seconds
client Client 30 injecting delay of 5 seconds
Results Aggregated in 20.49 seconds.
{'TextMLP': {'train_loss': [0.34002155849734944, 0.2828654299346606, 0.26450962391972543, 0.25227780553082624, 0.24574196538925172, 0.24068834102153777, 0.23900080243607363, 0.23624393068710964, 0.23687410305221876, 0.23219483235796293, 0.2298992435067892, 0.2298251719822486, 0.2252001215273142, 0.22022675081094106], 'train_accuracy': [0.8734516666666666, 0.8934125, 0.8998741666666666, 0.9048108333333333, 0.9076025, 0.9098833333333334, 0.9100975, 0.9113941666666666, 0.9110516666666667, 0.9131775, 0.9141916666666666, 0.9139425, 0.9160366666666667, 0.9186616666666667], 'train_f1': [0.8093702181713035, 0.8464280121468668, 0.8581945219176899, 0.8649814264280676, 0.8704150287693485, 0.8740877190534945, 0.8739298706201538, 0.8755878907247114, 0.8754235006757177, 0.8780127550415827, 0.8795103019039185, 0.8787649522643775, 0.8820084175344423, 0.886214358583978], 'train_mae': [0.18954916666666666, 0.16160833333333333, 0.152125, 0.14598666666666665, 0.14155833333333334, 0.13824416666666667, 0.13762416666666666, 0.13633333333333333, 0.13617083333333332, 0.1337375, 0.13213916666666667, 0.1323875, 0.1294575, 0.12577083333333333], 'val_loss': [2.930551957632366, 3.915731311697709, 5.198540402261834, 5.895123722176804, 5.9485915320547, 6.030771247763383, 6.012606787129453, 6.140297709314447, 6.234081290094476, 6.272267537869905, 6.3236897896214534, 6.352819077642341, 6.302611326217652, 6.1756918362065365], 'val_accuracy': [0.5848289473684211, 0.6214078947368421, 0.6343947368421052, 0.6327763157894737, 0.6412894736842106, 0.6440394736842104, 0.6422368421052632, 0.6413026315789474, 0.6429605263157895, 0.6406842105263159, 0.6424736842105263, 0.6425394736842105, 0.6435394736842105, 0.6504605263157895], 'val_f1': [0.5069982090288584, 0.538963438034395, 0.5495533600981004, 0.5495557512146335, 0.5561497475857089, 0.5586775001787412, 0.5567306000314037, 0.5561873463160111, 0.5573474074195085, 0.5558079512154799, 0.5572474734377875, 0.5567042280321924, 0.558235156014965, 0.5637221125199237], 'val_mae': [0.7548947368421053, 0.6642236842105264, 0.6468157894736841, 0.6455526315789474, 0.6261447368421053, 0.608, 0.6261052631578947, 0.6292894736842105, 0.6165921052631579, 0.6251842105263158, 0.6183157894736842, 0.6375921052631579, 0.61875, 0.5924868421052633], 'jsd': [(0, 0, 0, 0, 0, 0, 0, 0, 0, 0), (0, 0, 0, 0, 0, 0, 0, 0, 0, 0), (0, 0, 0, 0, 0, 0, 0, 0, 0, 0), (0.22129893392959865, 0.22129893392959865, 0.22129893392959865, 0.22129893392959865, 0.22129893392959865, 0.22129893392959865, 0.22129893392959865, 0.22129893392959865, 0.22129893392959865, 0.22129893392959865), (0, 0, 0, 0, 0, 0, 0, 0, 0, 0), (0.22129893392959865, 0.22129893392959865, 0.22129893392959865, 0.22129893392959865, 0.22129893392959865, 0.22129893392959865, 0.22129893392959865, 0.22129893392959865, 0.22129893392959865, 0.22129893392959865), (0.22129893392959865, 0.22129893392959865, 0.22129893392959865, 0.22129893392959865, 0.22129893392959865, 0.22129893392959865, 0.22129893392959865, 0.22129893392959865, 0.22129893392959865, 0.22129893392959865), (0.22129893392959865, 0.22129893392959865, 0.22129893392959865, 0.22129893392959865, 0.22129893392959865, 0.22129893392959865, 0.22129893392959865, 0.22129893392959865, 0.22129893392959865, 0.22129893392959865), (0.22129893392959865, 0.22129893392959865, 0.22129893392959865, 0.22129893392959865, 0.22129893392959865, 0.22129893392959865, 0.22129893392959865, 0.22129893392959865, 0.22129893392959865, 0.22129893392959865), (0, 0, 0, 0, 0, 0, 0, 0, 0, 0), (0, 0, 0, 0, 0, 0, 0, 0, 0, 0), (0.22129893392959865, 0.22129893392959865, 0.22129893392959865, 0.22129893392959865, 0.22129893392959865, 0.22129893392959865, 0.22129893392959865, 0.22129893392959865, 0.22129893392959865, 0.22129893392959865), (0, 0, 0, 0, 0, 0, 0, 0, 0, 0), (0.22129893392959865, 0.22129893392959865, 0.22129893392959865, 0.22129893392959865, 0.22129893392959865, 0.22129893392959865, 0.22129893392959865, 0.22129893392959865, 0.22129893392959865, 0.22129893392959865)]}}
AdaptationManager: Configuring next round...
{'client_registry': {'enabled': True, 'params': {}}, 'client_selector': {'enabled': False, 'params': {}}, 'client_cluster': {'enabled': False, 'params': {}}, 'message_compressor': {'enabled': True, 'params': {}}, 'model_co-versioning_registry': {'enabled': False, 'params': {}}, 'multi-task_model_trainer': {'enabled': False, 'params': {}}, 'heterogeneous_data_handler': {'enabled': False, 'params': {}}}
{'client_selector': {'enabled': False}, 'client_cluster': {'enabled': False}, 'message_compressor': {'enabled': False}, 'model_co-versioning_registry': {'enabled': False}, 'multi-task_model_trainer': {'enabled': False}, 'heterogeneous_data_handler': {'enabled': False}, 'client_registry': {'enabled': True, 'params': {}}}
time=20.493489503860474, message_compressor activated ✅
client Client 26 injecting delay of 0 seconds
Local parameters compressed: reduced 5082 bytes (6.89%)
client Client 32 injecting delay of 6 seconds
client Client 29 injecting delay of 2 seconds
client Client 31 injecting delay of 1 seconds
client Client 23 injecting delay of 8 seconds
client Client 30 injecting delay of 1 seconds
client Client 28 injecting delay of 6 seconds
client Client 27 injecting delay of 6 seconds
client Client 25 injecting delay of 7 seconds
Local parameters compressed: reduced 5086 bytes (6.89%)
Local parameters compressed: reduced 5120 bytes (6.94%)
client Client 24 injecting delay of 8 seconds
Local parameters compressed: reduced 5116 bytes (6.93%)
Local parameters compressed: reduced 5094 bytes (6.90%)
Local parameters compressed: reduced 5131 bytes (6.95%)
Local parameters compressed: reduced 5097 bytes (6.91%)
Local parameters compressed: reduced 5128 bytes (6.95%)
Local parameters compressed: reduced 5138 bytes (6.96%)
Local parameters compressed: reduced 5119 bytes (6.94%)
Results Aggregated in 19.05 seconds.
{'TextMLP': {'train_loss': [0.34002155849734944, 0.2828654299346606, 0.26450962391972543, 0.25227780553082624, 0.24574196538925172, 0.24068834102153777, 0.23900080243607363, 0.23624393068710964, 0.23687410305221876, 0.23219483235796293, 0.2298992435067892, 0.2298251719822486, 0.2252001215273142, 0.22022675081094106, 0.21980865443110467], 'train_accuracy': [0.8734516666666666, 0.8934125, 0.8998741666666666, 0.9048108333333333, 0.9076025, 0.9098833333333334, 0.9100975, 0.9113941666666666, 0.9110516666666667, 0.9131775, 0.9141916666666666, 0.9139425, 0.9160366666666667, 0.9186616666666667, 0.9185241666666667], 'train_f1': [0.8093702181713035, 0.8464280121468668, 0.8581945219176899, 0.8649814264280676, 0.8704150287693485, 0.8740877190534945, 0.8739298706201538, 0.8755878907247114, 0.8754235006757177, 0.8780127550415827, 0.8795103019039185, 0.8787649522643775, 0.8820084175344423, 0.886214358583978, 0.8853927569966524], 'train_mae': [0.18954916666666666, 0.16160833333333333, 0.152125, 0.14598666666666665, 0.14155833333333334, 0.13824416666666667, 0.13762416666666666, 0.13633333333333333, 0.13617083333333332, 0.1337375, 0.13213916666666667, 0.1323875, 0.1294575, 0.12577083333333333, 0.1261175], 'val_loss': [2.930551957632366, 3.915731311697709, 5.198540402261834, 5.895123722176804, 5.9485915320547, 6.030771247763383, 6.012606787129453, 6.140297709314447, 6.234081290094476, 6.272267537869905, 6.3236897896214534, 6.352819077642341, 6.302611326217652, 6.1756918362065365, 6.186234579989784], 'val_accuracy': [0.5848289473684211, 0.6214078947368421, 0.6343947368421052, 0.6327763157894737, 0.6412894736842106, 0.6440394736842104, 0.6422368421052632, 0.6413026315789474, 0.6429605263157895, 0.6406842105263159, 0.6424736842105263, 0.6425394736842105, 0.6435394736842105, 0.6504605263157895, 0.6462368421052631], 'val_f1': [0.5069982090288584, 0.538963438034395, 0.5495533600981004, 0.5495557512146335, 0.5561497475857089, 0.5586775001787412, 0.5567306000314037, 0.5561873463160111, 0.5573474074195085, 0.5558079512154799, 0.5572474734377875, 0.5567042280321924, 0.558235156014965, 0.5637221125199237, 0.5602565955356938], 'val_mae': [0.7548947368421053, 0.6642236842105264, 0.6468157894736841, 0.6455526315789474, 0.6261447368421053, 0.608, 0.6261052631578947, 0.6292894736842105, 0.6165921052631579, 0.6251842105263158, 0.6183157894736842, 0.6375921052631579, 0.61875, 0.5924868421052633, 0.6154342105263159], 'jsd': [(0, 0, 0, 0, 0, 0, 0, 0, 0, 0), (0, 0, 0, 0, 0, 0, 0, 0, 0, 0), (0, 0, 0, 0, 0, 0, 0, 0, 0, 0), (0.22129893392959865, 0.22129893392959865, 0.22129893392959865, 0.22129893392959865, 0.22129893392959865, 0.22129893392959865, 0.22129893392959865, 0.22129893392959865, 0.22129893392959865, 0.22129893392959865), (0, 0, 0, 0, 0, 0, 0, 0, 0, 0), (0.22129893392959865, 0.22129893392959865, 0.22129893392959865, 0.22129893392959865, 0.22129893392959865, 0.22129893392959865, 0.22129893392959865, 0.22129893392959865, 0.22129893392959865, 0.22129893392959865), (0.22129893392959865, 0.22129893392959865, 0.22129893392959865, 0.22129893392959865, 0.22129893392959865, 0.22129893392959865, 0.22129893392959865, 0.22129893392959865, 0.22129893392959865, 0.22129893392959865), (0.22129893392959865, 0.22129893392959865, 0.22129893392959865, 0.22129893392959865, 0.22129893392959865, 0.22129893392959865, 0.22129893392959865, 0.22129893392959865, 0.22129893392959865, 0.22129893392959865), (0.22129893392959865, 0.22129893392959865, 0.22129893392959865, 0.22129893392959865, 0.22129893392959865, 0.22129893392959865, 0.22129893392959865, 0.22129893392959865, 0.22129893392959865, 0.22129893392959865), (0, 0, 0, 0, 0, 0, 0, 0, 0, 0), (0, 0, 0, 0, 0, 0, 0, 0, 0, 0), (0.22129893392959865, 0.22129893392959865, 0.22129893392959865, 0.22129893392959865, 0.22129893392959865, 0.22129893392959865, 0.22129893392959865, 0.22129893392959865, 0.22129893392959865, 0.22129893392959865), (0, 0, 0, 0, 0, 0, 0, 0, 0, 0), (0.22129893392959865, 0.22129893392959865, 0.22129893392959865, 0.22129893392959865, 0.22129893392959865, 0.22129893392959865, 0.22129893392959865, 0.22129893392959865, 0.22129893392959865, 0.22129893392959865), (0, 0, 0, 0, 0, 0, 0, 0, 0, 0)]}}
AdaptationManager: Configuring next round...
{'client_registry': {'enabled': True, 'params': {}}, 'client_selector': {'enabled': False, 'params': {}}, 'client_cluster': {'enabled': False, 'params': {}}, 'message_compressor': {'enabled': True, 'params': {}}, 'model_co-versioning_registry': {'enabled': False, 'params': {}}, 'multi-task_model_trainer': {'enabled': False, 'params': {}}, 'heterogeneous_data_handler': {'enabled': False, 'params': {}}}
{'client_selector': {'enabled': False}, 'client_cluster': {'enabled': False}, 'message_compressor': {'enabled': True}, 'model_co-versioning_registry': {'enabled': False}, 'multi-task_model_trainer': {'enabled': False}, 'heterogeneous_data_handler': {'enabled': False}, 'client_registry': {'enabled': True, 'params': {}}}
time=19.048057794570923, message_compressor de-activated ❌
client Client 26 injecting delay of 0 seconds
client Client 24 injecting delay of 7 seconds
client Client 27 injecting delay of 0 seconds
client Client 23 injecting delay of 0 seconds
client Client 29 injecting delay of 8 seconds
client Client 31 injecting delay of 6 seconds
client Client 25 injecting delay of 1 seconds
client Client 28 injecting delay of 5 seconds
client Client 30 injecting delay of 5 seconds
client Client 32 injecting delay of 9 seconds
Results Aggregated in 21.43 seconds.
{'TextMLP': {'train_loss': [0.34002155849734944, 0.2828654299346606, 0.26450962391972543, 0.25227780553082624, 0.24574196538925172, 0.24068834102153777, 0.23900080243607363, 0.23624393068710964, 0.23687410305221876, 0.23219483235796293, 0.2298992435067892, 0.2298251719822486, 0.2252001215273142, 0.22022675081094106, 0.21980865443110467, 0.2185322895383835], 'train_accuracy': [0.8734516666666666, 0.8934125, 0.8998741666666666, 0.9048108333333333, 0.9076025, 0.9098833333333334, 0.9100975, 0.9113941666666666, 0.9110516666666667, 0.9131775, 0.9141916666666666, 0.9139425, 0.9160366666666667, 0.9186616666666667, 0.9185241666666667, 0.9193075], 'train_f1': [0.8093702181713035, 0.8464280121468668, 0.8581945219176899, 0.8649814264280676, 0.8704150287693485, 0.8740877190534945, 0.8739298706201538, 0.8755878907247114, 0.8754235006757177, 0.8780127550415827, 0.8795103019039185, 0.8787649522643775, 0.8820084175344423, 0.886214358583978, 0.8853927569966524, 0.8865275396160993], 'train_mae': [0.18954916666666666, 0.16160833333333333, 0.152125, 0.14598666666666665, 0.14155833333333334, 0.13824416666666667, 0.13762416666666666, 0.13633333333333333, 0.13617083333333332, 0.1337375, 0.13213916666666667, 0.1323875, 0.1294575, 0.12577083333333333, 0.1261175, 0.125015], 'val_loss': [2.930551957632366, 3.915731311697709, 5.198540402261834, 5.895123722176804, 5.9485915320547, 6.030771247763383, 6.012606787129453, 6.140297709314447, 6.234081290094476, 6.272267537869905, 6.3236897896214534, 6.352819077642341, 6.302611326217652, 6.1756918362065365, 6.186234579989784, 6.109404984223215], 'val_accuracy': [0.5848289473684211, 0.6214078947368421, 0.6343947368421052, 0.6327763157894737, 0.6412894736842106, 0.6440394736842104, 0.6422368421052632, 0.6413026315789474, 0.6429605263157895, 0.6406842105263159, 0.6424736842105263, 0.6425394736842105, 0.6435394736842105, 0.6504605263157895, 0.6462368421052631, 0.6472105263157896], 'val_f1': [0.5069982090288584, 0.538963438034395, 0.5495533600981004, 0.5495557512146335, 0.5561497475857089, 0.5586775001787412, 0.5567306000314037, 0.5561873463160111, 0.5573474074195085, 0.5558079512154799, 0.5572474734377875, 0.5567042280321924, 0.558235156014965, 0.5637221125199237, 0.5602565955356938, 0.5611133550524451], 'val_mae': [0.7548947368421053, 0.6642236842105264, 0.6468157894736841, 0.6455526315789474, 0.6261447368421053, 0.608, 0.6261052631578947, 0.6292894736842105, 0.6165921052631579, 0.6251842105263158, 0.6183157894736842, 0.6375921052631579, 0.61875, 0.5924868421052633, 0.6154342105263159, 0.6110131578947369], 'jsd': [(0, 0, 0, 0, 0, 0, 0, 0, 0, 0), (0, 0, 0, 0, 0, 0, 0, 0, 0, 0), (0, 0, 0, 0, 0, 0, 0, 0, 0, 0), (0.22129893392959865, 0.22129893392959865, 0.22129893392959865, 0.22129893392959865, 0.22129893392959865, 0.22129893392959865, 0.22129893392959865, 0.22129893392959865, 0.22129893392959865, 0.22129893392959865), (0, 0, 0, 0, 0, 0, 0, 0, 0, 0), (0.22129893392959865, 0.22129893392959865, 0.22129893392959865, 0.22129893392959865, 0.22129893392959865, 0.22129893392959865, 0.22129893392959865, 0.22129893392959865, 0.22129893392959865, 0.22129893392959865), (0.22129893392959865, 0.22129893392959865, 0.22129893392959865, 0.22129893392959865, 0.22129893392959865, 0.22129893392959865, 0.22129893392959865, 0.22129893392959865, 0.22129893392959865, 0.22129893392959865), (0.22129893392959865, 0.22129893392959865, 0.22129893392959865, 0.22129893392959865, 0.22129893392959865, 0.22129893392959865, 0.22129893392959865, 0.22129893392959865, 0.22129893392959865, 0.22129893392959865), (0.22129893392959865, 0.22129893392959865, 0.22129893392959865, 0.22129893392959865, 0.22129893392959865, 0.22129893392959865, 0.22129893392959865, 0.22129893392959865, 0.22129893392959865, 0.22129893392959865), (0, 0, 0, 0, 0, 0, 0, 0, 0, 0), (0, 0, 0, 0, 0, 0, 0, 0, 0, 0), (0.22129893392959865, 0.22129893392959865, 0.22129893392959865, 0.22129893392959865, 0.22129893392959865, 0.22129893392959865, 0.22129893392959865, 0.22129893392959865, 0.22129893392959865, 0.22129893392959865), (0, 0, 0, 0, 0, 0, 0, 0, 0, 0), (0.22129893392959865, 0.22129893392959865, 0.22129893392959865, 0.22129893392959865, 0.22129893392959865, 0.22129893392959865, 0.22129893392959865, 0.22129893392959865, 0.22129893392959865, 0.22129893392959865), (0, 0, 0, 0, 0, 0, 0, 0, 0, 0), (0.22129893392959865, 0.22129893392959865, 0.22129893392959865, 0.22129893392959865, 0.22129893392959865, 0.22129893392959865, 0.22129893392959865, 0.22129893392959865, 0.22129893392959865, 0.22129893392959865)]}}
AdaptationManager: Configuring next round...
{'client_registry': {'enabled': True, 'params': {}}, 'client_selector': {'enabled': False, 'params': {}}, 'client_cluster': {'enabled': False, 'params': {}}, 'message_compressor': {'enabled': True, 'params': {}}, 'model_co-versioning_registry': {'enabled': False, 'params': {}}, 'multi-task_model_trainer': {'enabled': False, 'params': {}}, 'heterogeneous_data_handler': {'enabled': False, 'params': {}}}
{'client_selector': {'enabled': False}, 'client_cluster': {'enabled': False}, 'message_compressor': {'enabled': False}, 'model_co-versioning_registry': {'enabled': False}, 'multi-task_model_trainer': {'enabled': False}, 'heterogeneous_data_handler': {'enabled': False}, 'client_registry': {'enabled': True, 'params': {}}}
time=21.434828758239746, message_compressor activated ✅
client Client 26 injecting delay of 3 seconds
client Client 23 injecting delay of 6 seconds
client Client 24 injecting delay of 6 seconds
client Client 31 injecting delay of 9 seconds
client Client 27 injecting delay of 0 seconds
Local parameters compressed: reduced 5093 bytes (6.90%)
client Client 28 injecting delay of 6 seconds
client Client 32 injecting delay of 2 seconds
client Client 25 injecting delay of 4 seconds
client Client 29 injecting delay of 3 seconds
client Client 30 injecting delay of 3 seconds
Local parameters compressed: reduced 5132 bytes (6.96%)
Local parameters compressed: reduced 5109 bytes (6.92%)
Local parameters compressed: reduced 5101 bytes (6.91%)
Local parameters compressed: reduced 5104 bytes (6.92%)
Local parameters compressed: reduced 5116 bytes (6.93%)
Local parameters compressed: reduced 5119 bytes (6.94%)
Local parameters compressed: reduced 5144 bytes (6.97%)
Local parameters compressed: reduced 5126 bytes (6.95%)
Local parameters compressed: reduced 5087 bytes (6.89%)
Results Aggregated in 18.85 seconds.
{'TextMLP': {'train_loss': [0.34002155849734944, 0.2828654299346606, 0.26450962391972543, 0.25227780553082624, 0.24574196538925172, 0.24068834102153777, 0.23900080243607363, 0.23624393068710964, 0.23687410305221876, 0.23219483235796293, 0.2298992435067892, 0.2298251719822486, 0.2252001215273142, 0.22022675081094106, 0.21980865443110467, 0.2185322895383835, 0.21539404613256455], 'train_accuracy': [0.8734516666666666, 0.8934125, 0.8998741666666666, 0.9048108333333333, 0.9076025, 0.9098833333333334, 0.9100975, 0.9113941666666666, 0.9110516666666667, 0.9131775, 0.9141916666666666, 0.9139425, 0.9160366666666667, 0.9186616666666667, 0.9185241666666667, 0.9193075, 0.9203866666666667], 'train_f1': [0.8093702181713035, 0.8464280121468668, 0.8581945219176899, 0.8649814264280676, 0.8704150287693485, 0.8740877190534945, 0.8739298706201538, 0.8755878907247114, 0.8754235006757177, 0.8780127550415827, 0.8795103019039185, 0.8787649522643775, 0.8820084175344423, 0.886214358583978, 0.8853927569966524, 0.8865275396160993, 0.8882050951861582], 'train_mae': [0.18954916666666666, 0.16160833333333333, 0.152125, 0.14598666666666665, 0.14155833333333334, 0.13824416666666667, 0.13762416666666666, 0.13633333333333333, 0.13617083333333332, 0.1337375, 0.13213916666666667, 0.1323875, 0.1294575, 0.12577083333333333, 0.1261175, 0.125015, 0.12258666666666666], 'val_loss': [2.930551957632366, 3.915731311697709, 5.198540402261834, 5.895123722176804, 5.9485915320547, 6.030771247763383, 6.012606787129453, 6.140297709314447, 6.234081290094476, 6.272267537869905, 6.3236897896214534, 6.352819077642341, 6.302611326217652, 6.1756918362065365, 6.186234579989784, 6.109404984223215, 6.169506741473549], 'val_accuracy': [0.5848289473684211, 0.6214078947368421, 0.6343947368421052, 0.6327763157894737, 0.6412894736842106, 0.6440394736842104, 0.6422368421052632, 0.6413026315789474, 0.6429605263157895, 0.6406842105263159, 0.6424736842105263, 0.6425394736842105, 0.6435394736842105, 0.6504605263157895, 0.6462368421052631, 0.6472105263157896, 0.65325], 'val_f1': [0.5069982090288584, 0.538963438034395, 0.5495533600981004, 0.5495557512146335, 0.5561497475857089, 0.5586775001787412, 0.5567306000314037, 0.5561873463160111, 0.5573474074195085, 0.5558079512154799, 0.5572474734377875, 0.5567042280321924, 0.558235156014965, 0.5637221125199237, 0.5602565955356938, 0.5611133550524451, 0.5653807861602285], 'val_mae': [0.7548947368421053, 0.6642236842105264, 0.6468157894736841, 0.6455526315789474, 0.6261447368421053, 0.608, 0.6261052631578947, 0.6292894736842105, 0.6165921052631579, 0.6251842105263158, 0.6183157894736842, 0.6375921052631579, 0.61875, 0.5924868421052633, 0.6154342105263159, 0.6110131578947369, 0.5994605263157895], 'jsd': [(0, 0, 0, 0, 0, 0, 0, 0, 0, 0), (0, 0, 0, 0, 0, 0, 0, 0, 0, 0), (0, 0, 0, 0, 0, 0, 0, 0, 0, 0), (0.22129893392959865, 0.22129893392959865, 0.22129893392959865, 0.22129893392959865, 0.22129893392959865, 0.22129893392959865, 0.22129893392959865, 0.22129893392959865, 0.22129893392959865, 0.22129893392959865), (0, 0, 0, 0, 0, 0, 0, 0, 0, 0), (0.22129893392959865, 0.22129893392959865, 0.22129893392959865, 0.22129893392959865, 0.22129893392959865, 0.22129893392959865, 0.22129893392959865, 0.22129893392959865, 0.22129893392959865, 0.22129893392959865), (0.22129893392959865, 0.22129893392959865, 0.22129893392959865, 0.22129893392959865, 0.22129893392959865, 0.22129893392959865, 0.22129893392959865, 0.22129893392959865, 0.22129893392959865, 0.22129893392959865), (0.22129893392959865, 0.22129893392959865, 0.22129893392959865, 0.22129893392959865, 0.22129893392959865, 0.22129893392959865, 0.22129893392959865, 0.22129893392959865, 0.22129893392959865, 0.22129893392959865), (0.22129893392959865, 0.22129893392959865, 0.22129893392959865, 0.22129893392959865, 0.22129893392959865, 0.22129893392959865, 0.22129893392959865, 0.22129893392959865, 0.22129893392959865, 0.22129893392959865), (0, 0, 0, 0, 0, 0, 0, 0, 0, 0), (0, 0, 0, 0, 0, 0, 0, 0, 0, 0), (0.22129893392959865, 0.22129893392959865, 0.22129893392959865, 0.22129893392959865, 0.22129893392959865, 0.22129893392959865, 0.22129893392959865, 0.22129893392959865, 0.22129893392959865, 0.22129893392959865), (0, 0, 0, 0, 0, 0, 0, 0, 0, 0), (0.22129893392959865, 0.22129893392959865, 0.22129893392959865, 0.22129893392959865, 0.22129893392959865, 0.22129893392959865, 0.22129893392959865, 0.22129893392959865, 0.22129893392959865, 0.22129893392959865), (0, 0, 0, 0, 0, 0, 0, 0, 0, 0), (0.22129893392959865, 0.22129893392959865, 0.22129893392959865, 0.22129893392959865, 0.22129893392959865, 0.22129893392959865, 0.22129893392959865, 0.22129893392959865, 0.22129893392959865, 0.22129893392959865), (0, 0, 0, 0, 0, 0, 0, 0, 0, 0)]}}
AdaptationManager: Configuring next round...
{'client_registry': {'enabled': True, 'params': {}}, 'client_selector': {'enabled': False, 'params': {}}, 'client_cluster': {'enabled': False, 'params': {}}, 'message_compressor': {'enabled': True, 'params': {}}, 'model_co-versioning_registry': {'enabled': False, 'params': {}}, 'multi-task_model_trainer': {'enabled': False, 'params': {}}, 'heterogeneous_data_handler': {'enabled': False, 'params': {}}}
{'client_selector': {'enabled': False}, 'client_cluster': {'enabled': False}, 'message_compressor': {'enabled': True}, 'model_co-versioning_registry': {'enabled': False}, 'multi-task_model_trainer': {'enabled': False}, 'heterogeneous_data_handler': {'enabled': False}, 'client_registry': {'enabled': True, 'params': {}}}
time=18.846132516860962, message_compressor de-activated ❌
client Client 24 injecting delay of 2 seconds
client Client 26 injecting delay of 7 seconds
client Client 28 injecting delay of 2 seconds
client Client 31 injecting delay of 2 seconds
client Client 30 injecting delay of 3 seconds
client Client 25 injecting delay of 6 seconds
client Client 29 injecting delay of 6 seconds
client Client 32 injecting delay of 8 seconds
client Client 27 injecting delay of 6 seconds
client Client 23 injecting delay of 4 seconds
Results Aggregated in 19.02 seconds.
{'TextMLP': {'train_loss': [0.34002155849734944, 0.2828654299346606, 0.26450962391972543, 0.25227780553082624, 0.24574196538925172, 0.24068834102153777, 0.23900080243607363, 0.23624393068710964, 0.23687410305221876, 0.23219483235796293, 0.2298992435067892, 0.2298251719822486, 0.2252001215273142, 0.22022675081094106, 0.21980865443110467, 0.2185322895383835, 0.21539404613256455, 0.21287168429454167], 'train_accuracy': [0.8734516666666666, 0.8934125, 0.8998741666666666, 0.9048108333333333, 0.9076025, 0.9098833333333334, 0.9100975, 0.9113941666666666, 0.9110516666666667, 0.9131775, 0.9141916666666666, 0.9139425, 0.9160366666666667, 0.9186616666666667, 0.9185241666666667, 0.9193075, 0.9203866666666667, 0.920845], 'train_f1': [0.8093702181713035, 0.8464280121468668, 0.8581945219176899, 0.8649814264280676, 0.8704150287693485, 0.8740877190534945, 0.8739298706201538, 0.8755878907247114, 0.8754235006757177, 0.8780127550415827, 0.8795103019039185, 0.8787649522643775, 0.8820084175344423, 0.886214358583978, 0.8853927569966524, 0.8865275396160993, 0.8882050951861582, 0.8887684026436395], 'train_mae': [0.18954916666666666, 0.16160833333333333, 0.152125, 0.14598666666666665, 0.14155833333333334, 0.13824416666666667, 0.13762416666666666, 0.13633333333333333, 0.13617083333333332, 0.1337375, 0.13213916666666667, 0.1323875, 0.1294575, 0.12577083333333333, 0.1261175, 0.125015, 0.12258666666666666, 0.12117833333333333], 'val_loss': [2.930551957632366, 3.915731311697709, 5.198540402261834, 5.895123722176804, 5.9485915320547, 6.030771247763383, 6.012606787129453, 6.140297709314447, 6.234081290094476, 6.272267537869905, 6.3236897896214534, 6.352819077642341, 6.302611326217652, 6.1756918362065365, 6.186234579989784, 6.109404984223215, 6.169506741473549, 6.173451619098061], 'val_accuracy': [0.5848289473684211, 0.6214078947368421, 0.6343947368421052, 0.6327763157894737, 0.6412894736842106, 0.6440394736842104, 0.6422368421052632, 0.6413026315789474, 0.6429605263157895, 0.6406842105263159, 0.6424736842105263, 0.6425394736842105, 0.6435394736842105, 0.6504605263157895, 0.6462368421052631, 0.6472105263157896, 0.65325, 0.6528157894736841], 'val_f1': [0.5069982090288584, 0.538963438034395, 0.5495533600981004, 0.5495557512146335, 0.5561497475857089, 0.5586775001787412, 0.5567306000314037, 0.5561873463160111, 0.5573474074195085, 0.5558079512154799, 0.5572474734377875, 0.5567042280321924, 0.558235156014965, 0.5637221125199237, 0.5602565955356938, 0.5611133550524451, 0.5653807861602285, 0.5649834590488753], 'val_mae': [0.7548947368421053, 0.6642236842105264, 0.6468157894736841, 0.6455526315789474, 0.6261447368421053, 0.608, 0.6261052631578947, 0.6292894736842105, 0.6165921052631579, 0.6251842105263158, 0.6183157894736842, 0.6375921052631579, 0.61875, 0.5924868421052633, 0.6154342105263159, 0.6110131578947369, 0.5994605263157895, 0.5965789473684211], 'jsd': [(0, 0, 0, 0, 0, 0, 0, 0, 0, 0), (0, 0, 0, 0, 0, 0, 0, 0, 0, 0), (0, 0, 0, 0, 0, 0, 0, 0, 0, 0), (0.22129893392959865, 0.22129893392959865, 0.22129893392959865, 0.22129893392959865, 0.22129893392959865, 0.22129893392959865, 0.22129893392959865, 0.22129893392959865, 0.22129893392959865, 0.22129893392959865), (0, 0, 0, 0, 0, 0, 0, 0, 0, 0), (0.22129893392959865, 0.22129893392959865, 0.22129893392959865, 0.22129893392959865, 0.22129893392959865, 0.22129893392959865, 0.22129893392959865, 0.22129893392959865, 0.22129893392959865, 0.22129893392959865), (0.22129893392959865, 0.22129893392959865, 0.22129893392959865, 0.22129893392959865, 0.22129893392959865, 0.22129893392959865, 0.22129893392959865, 0.22129893392959865, 0.22129893392959865, 0.22129893392959865), (0.22129893392959865, 0.22129893392959865, 0.22129893392959865, 0.22129893392959865, 0.22129893392959865, 0.22129893392959865, 0.22129893392959865, 0.22129893392959865, 0.22129893392959865, 0.22129893392959865), (0.22129893392959865, 0.22129893392959865, 0.22129893392959865, 0.22129893392959865, 0.22129893392959865, 0.22129893392959865, 0.22129893392959865, 0.22129893392959865, 0.22129893392959865, 0.22129893392959865), (0, 0, 0, 0, 0, 0, 0, 0, 0, 0), (0, 0, 0, 0, 0, 0, 0, 0, 0, 0), (0.22129893392959865, 0.22129893392959865, 0.22129893392959865, 0.22129893392959865, 0.22129893392959865, 0.22129893392959865, 0.22129893392959865, 0.22129893392959865, 0.22129893392959865, 0.22129893392959865), (0, 0, 0, 0, 0, 0, 0, 0, 0, 0), (0.22129893392959865, 0.22129893392959865, 0.22129893392959865, 0.22129893392959865, 0.22129893392959865, 0.22129893392959865, 0.22129893392959865, 0.22129893392959865, 0.22129893392959865, 0.22129893392959865), (0, 0, 0, 0, 0, 0, 0, 0, 0, 0), (0.22129893392959865, 0.22129893392959865, 0.22129893392959865, 0.22129893392959865, 0.22129893392959865, 0.22129893392959865, 0.22129893392959865, 0.22129893392959865, 0.22129893392959865, 0.22129893392959865), (0, 0, 0, 0, 0, 0, 0, 0, 0, 0), (0.22129893392959865, 0.22129893392959865, 0.22129893392959865, 0.22129893392959865, 0.22129893392959865, 0.22129893392959865, 0.22129893392959865, 0.22129893392959865, 0.22129893392959865, 0.22129893392959865)]}}
AdaptationManager: Configuring next round...
{'client_registry': {'enabled': True, 'params': {}}, 'client_selector': {'enabled': False, 'params': {}}, 'client_cluster': {'enabled': False, 'params': {}}, 'message_compressor': {'enabled': True, 'params': {}}, 'model_co-versioning_registry': {'enabled': False, 'params': {}}, 'multi-task_model_trainer': {'enabled': False, 'params': {}}, 'heterogeneous_data_handler': {'enabled': False, 'params': {}}}
{'client_selector': {'enabled': False}, 'client_cluster': {'enabled': False}, 'message_compressor': {'enabled': False}, 'model_co-versioning_registry': {'enabled': False}, 'multi-task_model_trainer': {'enabled': False}, 'heterogeneous_data_handler': {'enabled': False}, 'client_registry': {'enabled': True, 'params': {}}}
time=19.024759531021118, message_compressor de-activated ❌
client Client 23 injecting delay of 5 seconds
client Client 27 injecting delay of 3 seconds
client Client 31 injecting delay of 3 seconds
client Client 26 injecting delay of 2 seconds
client Client 24 injecting delay of 1 seconds
client Client 30 injecting delay of 6 seconds
client Client 29 injecting delay of 2 seconds
client Client 32 injecting delay of 3 seconds
client Client 25 injecting delay of 6 seconds
client Client 28 injecting delay of 2 seconds
Results Aggregated in 16.92 seconds.
{'TextMLP': {'train_loss': [0.34002155849734944, 0.2828654299346606, 0.26450962391972543, 0.25227780553082624, 0.24574196538925172, 0.24068834102153777, 0.23900080243607363, 0.23624393068710964, 0.23687410305221876, 0.23219483235796293, 0.2298992435067892, 0.2298251719822486, 0.2252001215273142, 0.22022675081094106, 0.21980865443110467, 0.2185322895383835, 0.21539404613256455, 0.21287168429454167, 0.2104771305845181], 'train_accuracy': [0.8734516666666666, 0.8934125, 0.8998741666666666, 0.9048108333333333, 0.9076025, 0.9098833333333334, 0.9100975, 0.9113941666666666, 0.9110516666666667, 0.9131775, 0.9141916666666666, 0.9139425, 0.9160366666666667, 0.9186616666666667, 0.9185241666666667, 0.9193075, 0.9203866666666667, 0.920845, 0.92237], 'train_f1': [0.8093702181713035, 0.8464280121468668, 0.8581945219176899, 0.8649814264280676, 0.8704150287693485, 0.8740877190534945, 0.8739298706201538, 0.8755878907247114, 0.8754235006757177, 0.8780127550415827, 0.8795103019039185, 0.8787649522643775, 0.8820084175344423, 0.886214358583978, 0.8853927569966524, 0.8865275396160993, 0.8882050951861582, 0.8887684026436395, 0.8904165827073127], 'train_mae': [0.18954916666666666, 0.16160833333333333, 0.152125, 0.14598666666666665, 0.14155833333333334, 0.13824416666666667, 0.13762416666666666, 0.13633333333333333, 0.13617083333333332, 0.1337375, 0.13213916666666667, 0.1323875, 0.1294575, 0.12577083333333333, 0.1261175, 0.125015, 0.12258666666666666, 0.12117833333333333, 0.12031583333333333], 'val_loss': [2.930551957632366, 3.915731311697709, 5.198540402261834, 5.895123722176804, 5.9485915320547, 6.030771247763383, 6.012606787129453, 6.140297709314447, 6.234081290094476, 6.272267537869905, 6.3236897896214534, 6.352819077642341, 6.302611326217652, 6.1756918362065365, 6.186234579989784, 6.109404984223215, 6.169506741473549, 6.173451619098061, 6.261263720462196], 'val_accuracy': [0.5848289473684211, 0.6214078947368421, 0.6343947368421052, 0.6327763157894737, 0.6412894736842106, 0.6440394736842104, 0.6422368421052632, 0.6413026315789474, 0.6429605263157895, 0.6406842105263159, 0.6424736842105263, 0.6425394736842105, 0.6435394736842105, 0.6504605263157895, 0.6462368421052631, 0.6472105263157896, 0.65325, 0.6528157894736841, 0.6480921052631579], 'val_f1': [0.5069982090288584, 0.538963438034395, 0.5495533600981004, 0.5495557512146335, 0.5561497475857089, 0.5586775001787412, 0.5567306000314037, 0.5561873463160111, 0.5573474074195085, 0.5558079512154799, 0.5572474734377875, 0.5567042280321924, 0.558235156014965, 0.5637221125199237, 0.5602565955356938, 0.5611133550524451, 0.5653807861602285, 0.5649834590488753, 0.5620526670431425], 'val_mae': [0.7548947368421053, 0.6642236842105264, 0.6468157894736841, 0.6455526315789474, 0.6261447368421053, 0.608, 0.6261052631578947, 0.6292894736842105, 0.6165921052631579, 0.6251842105263158, 0.6183157894736842, 0.6375921052631579, 0.61875, 0.5924868421052633, 0.6154342105263159, 0.6110131578947369, 0.5994605263157895, 0.5965789473684211, 0.6071184210526316], 'jsd': [(0, 0, 0, 0, 0, 0, 0, 0, 0, 0), (0, 0, 0, 0, 0, 0, 0, 0, 0, 0), (0, 0, 0, 0, 0, 0, 0, 0, 0, 0), (0.22129893392959865, 0.22129893392959865, 0.22129893392959865, 0.22129893392959865, 0.22129893392959865, 0.22129893392959865, 0.22129893392959865, 0.22129893392959865, 0.22129893392959865, 0.22129893392959865), (0, 0, 0, 0, 0, 0, 0, 0, 0, 0), (0.22129893392959865, 0.22129893392959865, 0.22129893392959865, 0.22129893392959865, 0.22129893392959865, 0.22129893392959865, 0.22129893392959865, 0.22129893392959865, 0.22129893392959865, 0.22129893392959865), (0.22129893392959865, 0.22129893392959865, 0.22129893392959865, 0.22129893392959865, 0.22129893392959865, 0.22129893392959865, 0.22129893392959865, 0.22129893392959865, 0.22129893392959865, 0.22129893392959865), (0.22129893392959865, 0.22129893392959865, 0.22129893392959865, 0.22129893392959865, 0.22129893392959865, 0.22129893392959865, 0.22129893392959865, 0.22129893392959865, 0.22129893392959865, 0.22129893392959865), (0.22129893392959865, 0.22129893392959865, 0.22129893392959865, 0.22129893392959865, 0.22129893392959865, 0.22129893392959865, 0.22129893392959865, 0.22129893392959865, 0.22129893392959865, 0.22129893392959865), (0, 0, 0, 0, 0, 0, 0, 0, 0, 0), (0, 0, 0, 0, 0, 0, 0, 0, 0, 0), (0.22129893392959865, 0.22129893392959865, 0.22129893392959865, 0.22129893392959865, 0.22129893392959865, 0.22129893392959865, 0.22129893392959865, 0.22129893392959865, 0.22129893392959865, 0.22129893392959865), (0, 0, 0, 0, 0, 0, 0, 0, 0, 0), (0.22129893392959865, 0.22129893392959865, 0.22129893392959865, 0.22129893392959865, 0.22129893392959865, 0.22129893392959865, 0.22129893392959865, 0.22129893392959865, 0.22129893392959865, 0.22129893392959865), (0, 0, 0, 0, 0, 0, 0, 0, 0, 0), (0.22129893392959865, 0.22129893392959865, 0.22129893392959865, 0.22129893392959865, 0.22129893392959865, 0.22129893392959865, 0.22129893392959865, 0.22129893392959865, 0.22129893392959865, 0.22129893392959865), (0, 0, 0, 0, 0, 0, 0, 0, 0, 0), (0.22129893392959865, 0.22129893392959865, 0.22129893392959865, 0.22129893392959865, 0.22129893392959865, 0.22129893392959865, 0.22129893392959865, 0.22129893392959865, 0.22129893392959865, 0.22129893392959865), (0.22129893392959865, 0.22129893392959865, 0.22129893392959865, 0.22129893392959865, 0.22129893392959865, 0.22129893392959865, 0.22129893392959865, 0.22129893392959865, 0.22129893392959865, 0.22129893392959865)]}}
AdaptationManager: Configuring next round...
{'client_registry': {'enabled': True, 'params': {}}, 'client_selector': {'enabled': False, 'params': {}}, 'client_cluster': {'enabled': False, 'params': {}}, 'message_compressor': {'enabled': True, 'params': {}}, 'model_co-versioning_registry': {'enabled': False, 'params': {}}, 'multi-task_model_trainer': {'enabled': False, 'params': {}}, 'heterogeneous_data_handler': {'enabled': False, 'params': {}}}
{'client_selector': {'enabled': False}, 'client_cluster': {'enabled': False}, 'message_compressor': {'enabled': False}, 'model_co-versioning_registry': {'enabled': False}, 'multi-task_model_trainer': {'enabled': False}, 'heterogeneous_data_handler': {'enabled': False}, 'client_registry': {'enabled': True, 'params': {}}}
time=16.922433137893677, message_compressor de-activated ❌
client Client 26 injecting delay of 9 seconds
client Client 32 injecting delay of 9 seconds
client Client 29 injecting delay of 9 seconds
client Client 30 injecting delay of 1 seconds
client Client 24 injecting delay of 8 seconds
client Client 25 injecting delay of 2 seconds
client Client 27 injecting delay of 7 seconds
client Client 31 injecting delay of 3 seconds
client Client 23 injecting delay of 3 seconds
client Client 28 injecting delay of 0 seconds
Results Aggregated in 19.48 seconds.
{'TextMLP': {'train_loss': [0.34002155849734944, 0.2828654299346606, 0.26450962391972543, 0.25227780553082624, 0.24574196538925172, 0.24068834102153777, 0.23900080243607363, 0.23624393068710964, 0.23687410305221876, 0.23219483235796293, 0.2298992435067892, 0.2298251719822486, 0.2252001215273142, 0.22022675081094106, 0.21980865443110467, 0.2185322895383835, 0.21539404613256455, 0.21287168429454167, 0.2104771305845181, 0.20611552719533444], 'train_accuracy': [0.8734516666666666, 0.8934125, 0.8998741666666666, 0.9048108333333333, 0.9076025, 0.9098833333333334, 0.9100975, 0.9113941666666666, 0.9110516666666667, 0.9131775, 0.9141916666666666, 0.9139425, 0.9160366666666667, 0.9186616666666667, 0.9185241666666667, 0.9193075, 0.9203866666666667, 0.920845, 0.92237, 0.92378], 'train_f1': [0.8093702181713035, 0.8464280121468668, 0.8581945219176899, 0.8649814264280676, 0.8704150287693485, 0.8740877190534945, 0.8739298706201538, 0.8755878907247114, 0.8754235006757177, 0.8780127550415827, 0.8795103019039185, 0.8787649522643775, 0.8820084175344423, 0.886214358583978, 0.8853927569966524, 0.8865275396160993, 0.8882050951861582, 0.8887684026436395, 0.8904165827073127, 0.8931442926187563], 'train_mae': [0.18954916666666666, 0.16160833333333333, 0.152125, 0.14598666666666665, 0.14155833333333334, 0.13824416666666667, 0.13762416666666666, 0.13633333333333333, 0.13617083333333332, 0.1337375, 0.13213916666666667, 0.1323875, 0.1294575, 0.12577083333333333, 0.1261175, 0.125015, 0.12258666666666666, 0.12117833333333333, 0.12031583333333333, 0.11787583333333333], 'val_loss': [2.930551957632366, 3.915731311697709, 5.198540402261834, 5.895123722176804, 5.9485915320547, 6.030771247763383, 6.012606787129453, 6.140297709314447, 6.234081290094476, 6.272267537869905, 6.3236897896214534, 6.352819077642341, 6.302611326217652, 6.1756918362065365, 6.186234579989784, 6.109404984223215, 6.169506741473549, 6.173451619098061, 6.261263720462196, 6.266304331126966], 'val_accuracy': [0.5848289473684211, 0.6214078947368421, 0.6343947368421052, 0.6327763157894737, 0.6412894736842106, 0.6440394736842104, 0.6422368421052632, 0.6413026315789474, 0.6429605263157895, 0.6406842105263159, 0.6424736842105263, 0.6425394736842105, 0.6435394736842105, 0.6504605263157895, 0.6462368421052631, 0.6472105263157896, 0.65325, 0.6528157894736841, 0.6480921052631579, 0.6565263157894737], 'val_f1': [0.5069982090288584, 0.538963438034395, 0.5495533600981004, 0.5495557512146335, 0.5561497475857089, 0.5586775001787412, 0.5567306000314037, 0.5561873463160111, 0.5573474074195085, 0.5558079512154799, 0.5572474734377875, 0.5567042280321924, 0.558235156014965, 0.5637221125199237, 0.5602565955356938, 0.5611133550524451, 0.5653807861602285, 0.5649834590488753, 0.5620526670431425, 0.5684947481811542], 'val_mae': [0.7548947368421053, 0.6642236842105264, 0.6468157894736841, 0.6455526315789474, 0.6261447368421053, 0.608, 0.6261052631578947, 0.6292894736842105, 0.6165921052631579, 0.6251842105263158, 0.6183157894736842, 0.6375921052631579, 0.61875, 0.5924868421052633, 0.6154342105263159, 0.6110131578947369, 0.5994605263157895, 0.5965789473684211, 0.6071184210526316, 0.5860921052631579], 'jsd': [(0, 0, 0, 0, 0, 0, 0, 0, 0, 0), (0, 0, 0, 0, 0, 0, 0, 0, 0, 0), (0, 0, 0, 0, 0, 0, 0, 0, 0, 0), (0.22129893392959865, 0.22129893392959865, 0.22129893392959865, 0.22129893392959865, 0.22129893392959865, 0.22129893392959865, 0.22129893392959865, 0.22129893392959865, 0.22129893392959865, 0.22129893392959865), (0, 0, 0, 0, 0, 0, 0, 0, 0, 0), (0.22129893392959865, 0.22129893392959865, 0.22129893392959865, 0.22129893392959865, 0.22129893392959865, 0.22129893392959865, 0.22129893392959865, 0.22129893392959865, 0.22129893392959865, 0.22129893392959865), (0.22129893392959865, 0.22129893392959865, 0.22129893392959865, 0.22129893392959865, 0.22129893392959865, 0.22129893392959865, 0.22129893392959865, 0.22129893392959865, 0.22129893392959865, 0.22129893392959865), (0.22129893392959865, 0.22129893392959865, 0.22129893392959865, 0.22129893392959865, 0.22129893392959865, 0.22129893392959865, 0.22129893392959865, 0.22129893392959865, 0.22129893392959865, 0.22129893392959865), (0.22129893392959865, 0.22129893392959865, 0.22129893392959865, 0.22129893392959865, 0.22129893392959865, 0.22129893392959865, 0.22129893392959865, 0.22129893392959865, 0.22129893392959865, 0.22129893392959865), (0, 0, 0, 0, 0, 0, 0, 0, 0, 0), (0, 0, 0, 0, 0, 0, 0, 0, 0, 0), (0.22129893392959865, 0.22129893392959865, 0.22129893392959865, 0.22129893392959865, 0.22129893392959865, 0.22129893392959865, 0.22129893392959865, 0.22129893392959865, 0.22129893392959865, 0.22129893392959865), (0, 0, 0, 0, 0, 0, 0, 0, 0, 0), (0.22129893392959865, 0.22129893392959865, 0.22129893392959865, 0.22129893392959865, 0.22129893392959865, 0.22129893392959865, 0.22129893392959865, 0.22129893392959865, 0.22129893392959865, 0.22129893392959865), (0, 0, 0, 0, 0, 0, 0, 0, 0, 0), (0.22129893392959865, 0.22129893392959865, 0.22129893392959865, 0.22129893392959865, 0.22129893392959865, 0.22129893392959865, 0.22129893392959865, 0.22129893392959865, 0.22129893392959865, 0.22129893392959865), (0, 0, 0, 0, 0, 0, 0, 0, 0, 0), (0.22129893392959865, 0.22129893392959865, 0.22129893392959865, 0.22129893392959865, 0.22129893392959865, 0.22129893392959865, 0.22129893392959865, 0.22129893392959865, 0.22129893392959865, 0.22129893392959865), (0.22129893392959865, 0.22129893392959865, 0.22129893392959865, 0.22129893392959865, 0.22129893392959865, 0.22129893392959865, 0.22129893392959865, 0.22129893392959865, 0.22129893392959865, 0.22129893392959865), (0.22129893392959865, 0.22129893392959865, 0.22129893392959865, 0.22129893392959865, 0.22129893392959865, 0.22129893392959865, 0.22129893392959865, 0.22129893392959865, 0.22129893392959865, 0.22129893392959865)]}}
AdaptationManager: Configuring next round...
{'client_registry': {'enabled': True, 'params': {}}, 'client_selector': {'enabled': False, 'params': {}}, 'client_cluster': {'enabled': False, 'params': {}}, 'message_compressor': {'enabled': True, 'params': {}}, 'model_co-versioning_registry': {'enabled': False, 'params': {}}, 'multi-task_model_trainer': {'enabled': False, 'params': {}}, 'heterogeneous_data_handler': {'enabled': False, 'params': {}}}
{'client_selector': {'enabled': False}, 'client_cluster': {'enabled': False}, 'message_compressor': {'enabled': False}, 'model_co-versioning_registry': {'enabled': False}, 'multi-task_model_trainer': {'enabled': False}, 'heterogeneous_data_handler': {'enabled': False}, 'client_registry': {'enabled': True, 'params': {}}}
time=19.482760429382324, message_compressor de-activated ❌
