==========================================
  ___  ______  ___ ______       _ 
 / _ \ | ___ \/   ||  ___|     | |
/ /_\ \| |_/ / /| || |_ ___  __| |
|  _  ||  __/ /_| ||  _/ _ \/ _` |
| | | || |  \___  || ||  __/ (_| |
\_| |_/\_|      |_/\_| \___|\__,_| v.1.5.0

==========================================
Simulation Started!
List of the Architectural Patterns enabled:
Adaptation Enabled ✅
Metric: val_f1, comparison with fixed value: 0.4
Client Registry ✅
Client Selector ✅
 AP Parameters: {'selection_strategy': 'Resource-Based', 'selection_criteria': 'CPU', 'selection_value': 2}
==========================================
Client Client 8 participates in this round. (CPU: 2, RAM: 2)
Client Client 12 has insufficient CPU (1). Will not participate in the next FL round.
Client Client 11 has insufficient CPU (1). Will not participate in the next FL round.
Client Client 7 participates in this round. (CPU: 2, RAM: 2)
Client Client 10 has insufficient CPU (1). Will not participate in the next FL round.
Client Client 2 participates in this round. (CPU: 2, RAM: 2)
Client Client 5 participates in this round. (CPU: 2, RAM: 2)
Client Client 1 participates in this round. (CPU: 2, RAM: 2)
Client Client 6 participates in this round. (CPU: 2, RAM: 2)
Client Client 3 participates in this round. (CPU: 2, RAM: 2)
Client Client 4 participates in this round. (CPU: 2, RAM: 2)
Client Client 9 has insufficient CPU (1). Will not participate in the next FL round.
Results Aggregated in 63.58 seconds.
{'CNN 16k': {'train_loss': [3364.1043508797884], 'train_accuracy': [0.23025], 'train_f1': [0.1737308781594038], 'train_mae': [2.88864004611969], 'val_loss': [672.0854524672031], 'val_accuracy': [0.23395], 'val_f1': [0.17553397454321384], 'val_mae': [2.8834250271320343]}}
AdaptationManager: Configuring next round...
{'client_registry': {'enabled': True, 'params': {}}, 'client_selector': {'enabled': True, 'params': {'selection_strategy': 'Resource-Based', 'selection_criteria': 'CPU', 'selection_value': 2}}, 'client_cluster': {'enabled': False, 'params': {}}, 'message_compressor': {'enabled': False, 'params': {}}, 'model_co-versioning_registry': {'enabled': False, 'params': {}}, 'multi-task_model_trainer': {'enabled': False, 'params': {}}, 'heterogeneous_data_handler': {'enabled': False, 'params': {}}}
{'client_selector': {'enabled': True}, 'client_cluster': {'enabled': False}, 'message_compressor': {'enabled': False}, 'model_co-versioning_registry': {'enabled': False}, 'multi-task_model_trainer': {'enabled': False}, 'heterogeneous_data_handler': {'enabled': False}, 'client_registry': {'enabled': True}}
AdaptationManager: Less than 2 rounds completed. Keeping default config.
Client Client 3 participates in this round. (CPU: 2, RAM: 2)
Client Client 7 participates in this round. (CPU: 2, RAM: 2)
Client Client 1 participates in this round. (CPU: 2, RAM: 2)
Client Client 11 has insufficient CPU (1). Will not participate in the next FL round.
Client Client 2 participates in this round. (CPU: 2, RAM: 2)
Client Client 8 participates in this round. (CPU: 2, RAM: 2)
Client Client 5 participates in this round. (CPU: 2, RAM: 2)
Client Client 4 participates in this round. (CPU: 2, RAM: 2)
Client Client 6 participates in this round. (CPU: 2, RAM: 2)
Client Client 9 has insufficient CPU (1). Will not participate in the next FL round.
Client Client 12 has insufficient CPU (1). Will not participate in the next FL round.
Client Client 10 has insufficient CPU (1). Will not participate in the next FL round.
Results Aggregated in 59.13 seconds.
{'CNN 16k': {'train_loss': [3364.1043508797884, 3109.4674111902714], 'train_accuracy': [0.23025, 0.2791025], 'train_f1': [0.1737308781594038, 0.2403363734483719], 'train_mae': [2.88864004611969, 2.6235074400901794], 'val_loss': [672.0854524672031, 618.6639771908522], 'val_accuracy': [0.23395, 0.2848375], 'val_f1': [0.17553397454321384, 0.24638357385993004], 'val_mae': [2.8834250271320343, 2.574412524700165]}}
AdaptationManager: Configuring next round...
{'client_registry': {'enabled': True, 'params': {}}, 'client_selector': {'enabled': True, 'params': {'selection_strategy': 'Resource-Based', 'selection_criteria': 'CPU', 'selection_value': 2}}, 'client_cluster': {'enabled': False, 'params': {}}, 'message_compressor': {'enabled': False, 'params': {}}, 'model_co-versioning_registry': {'enabled': False, 'params': {}}, 'multi-task_model_trainer': {'enabled': False, 'params': {}}, 'heterogeneous_data_handler': {'enabled': False, 'params': {}}}
{'client_selector': {'enabled': True}, 'client_cluster': {'enabled': False}, 'message_compressor': {'enabled': False}, 'model_co-versioning_registry': {'enabled': False}, 'multi-task_model_trainer': {'enabled': False}, 'heterogeneous_data_handler': {'enabled': False}, 'client_registry': {'enabled': True}}
Accuracy too low or decreasing, Selector de-activated ❌
Accuracy too low or decreasing, Selector de-activated ❌
Results Aggregated in 66.30 seconds.
{'CNN 16k': {'train_loss': [3364.1043508797884, 3109.4674111902714, 2348.2998532483675], 'train_accuracy': [0.23025, 0.2791025, 0.356605], 'train_f1': [0.1737308781594038, 0.2403363734483719, 0.33522191691185704], 'train_mae': [2.88864004611969, 2.6235074400901794, 2.303740015455882], 'val_loss': [672.0854524672031, 618.6639771908522, 468.7138188126723], 'val_accuracy': [0.23395, 0.2848375, 0.3600333333333333], 'val_f1': [0.17553397454321384, 0.24638357385993004, 0.33805981297472054], 'val_mae': [2.8834250271320343, 2.574412524700165, 2.279925000921885]}}
AdaptationManager: Configuring next round...
{'client_registry': {'enabled': True, 'params': {}}, 'client_selector': {'enabled': True, 'params': {'selection_strategy': 'Resource-Based', 'selection_criteria': 'CPU', 'selection_value': 2}}, 'client_cluster': {'enabled': False, 'params': {}}, 'message_compressor': {'enabled': False, 'params': {}}, 'model_co-versioning_registry': {'enabled': False, 'params': {}}, 'multi-task_model_trainer': {'enabled': False, 'params': {}}, 'heterogeneous_data_handler': {'enabled': False, 'params': {}}}
{'client_selector': {'enabled': False}, 'client_cluster': {'enabled': False}, 'message_compressor': {'enabled': False}, 'model_co-versioning_registry': {'enabled': False}, 'multi-task_model_trainer': {'enabled': False}, 'heterogeneous_data_handler': {'enabled': False}, 'client_registry': {'enabled': False}}
Accuracy too low or decreasing, Selector de-activated ❌
Accuracy too low or decreasing, Selector de-activated ❌
Results Aggregated in 67.71 seconds.
{'CNN 16k': {'train_loss': [3364.1043508797884, 3109.4674111902714, 2348.2998532483675, 2041.2999609034523], 'train_accuracy': [0.23025, 0.2791025, 0.356605, 0.43686166666666665], 'train_f1': [0.1737308781594038, 0.2403363734483719, 0.33522191691185704, 0.4268950210594762], 'train_mae': [2.88864004611969, 2.6235074400901794, 2.303740015455882, 2.056058352139791], 'val_loss': [672.0854524672031, 618.6639771908522, 468.7138188126723, 408.4692226527691], 'val_accuracy': [0.23395, 0.2848375, 0.3600333333333333, 0.4383416666666667], 'val_f1': [0.17553397454321384, 0.24638357385993004, 0.33805981297472054, 0.4281867844568602], 'val_mae': [2.8834250271320343, 2.574412524700165, 2.279925000921885, 2.0425249647776287]}}
AdaptationManager: Configuring next round...
{'client_registry': {'enabled': True, 'params': {}}, 'client_selector': {'enabled': True, 'params': {'selection_strategy': 'Resource-Based', 'selection_criteria': 'CPU', 'selection_value': 2}}, 'client_cluster': {'enabled': False, 'params': {}}, 'message_compressor': {'enabled': False, 'params': {}}, 'model_co-versioning_registry': {'enabled': False, 'params': {}}, 'multi-task_model_trainer': {'enabled': False, 'params': {}}, 'heterogeneous_data_handler': {'enabled': False, 'params': {}}}
{'client_selector': {'enabled': False}, 'client_cluster': {'enabled': False}, 'message_compressor': {'enabled': False}, 'model_co-versioning_registry': {'enabled': False}, 'multi-task_model_trainer': {'enabled': False}, 'heterogeneous_data_handler': {'enabled': False}, 'client_registry': {'enabled': False}}
Accuracy ok: Selector activated ✅
Accuracy ok: Selector activated ✅
Client Client 1 participates in this round. (CPU: 2, RAM: 2)
Client Client 5 participates in this round. (CPU: 2, RAM: 2)
Client Client 12 has insufficient CPU (1). Will not participate in the next FL round.
Client Client 8 participates in this round. (CPU: 2, RAM: 2)
Client Client 4 participates in this round. (CPU: 2, RAM: 2)
Client Client 6 participates in this round. (CPU: 2, RAM: 2)
Client Client 3 participates in this round. (CPU: 2, RAM: 2)
Client Client 11 has insufficient CPU (1). Will not participate in the next FL round.
Client Client 7 participates in this round. (CPU: 2, RAM: 2)
Client Client 9 has insufficient CPU (1). Will not participate in the next FL round.
Client Client 10 has insufficient CPU (1). Will not participate in the next FL round.
Client Client 2 participates in this round. (CPU: 2, RAM: 2)
Results Aggregated in 63.20 seconds.
{'CNN 16k': {'train_loss': [3364.1043508797884, 3109.4674111902714, 2348.2998532483675, 2041.2999609034523, 2290.677228398621], 'train_accuracy': [0.23025, 0.2791025, 0.356605, 0.43686166666666665, 0.470335], 'train_f1': [0.1737308781594038, 0.2403363734483719, 0.33522191691185704, 0.4268950210594762, 0.4644138999283314], 'train_mae': [2.88864004611969, 2.6235074400901794, 2.303740015455882, 2.056058352139791, 1.9378624856472015], 'val_loss': [672.0854524672031, 618.6639771908522, 468.7138188126723, 408.4692226527691, 460.81225553154945], 'val_accuracy': [0.23395, 0.2848375, 0.3600333333333333, 0.4383416666666667, 0.46855], 'val_f1': [0.17553397454321384, 0.24638357385993004, 0.33805981297472054, 0.4281867844568602, 0.4624972306191921], 'val_mae': [2.8834250271320343, 2.574412524700165, 2.279925000921885, 2.0425249647776287, 1.935125008225441]}}
AdaptationManager: Configuring next round...
{'client_registry': {'enabled': True, 'params': {}}, 'client_selector': {'enabled': True, 'params': {'selection_strategy': 'Resource-Based', 'selection_criteria': 'CPU', 'selection_value': 2}}, 'client_cluster': {'enabled': False, 'params': {}}, 'message_compressor': {'enabled': False, 'params': {}}, 'model_co-versioning_registry': {'enabled': False, 'params': {}}, 'multi-task_model_trainer': {'enabled': False, 'params': {}}, 'heterogeneous_data_handler': {'enabled': False, 'params': {}}}
{'client_selector': {'enabled': True}, 'client_cluster': {'enabled': False}, 'message_compressor': {'enabled': False}, 'model_co-versioning_registry': {'enabled': False}, 'multi-task_model_trainer': {'enabled': False}, 'heterogeneous_data_handler': {'enabled': False}, 'client_registry': {'enabled': True}}
Accuracy ok: Selector activated ✅
Accuracy ok: Selector activated ✅
Client Client 5 participates in this round. (CPU: 2, RAM: 2)
Client Client 12 has insufficient CPU (1). Will not participate in the next FL round.
Client Client 4 participates in this round. (CPU: 2, RAM: 2)
Client Client 6 participates in this round. (CPU: 2, RAM: 2)
Client Client 3 participates in this round. (CPU: 2, RAM: 2)
Client Client 1 participates in this round. (CPU: 2, RAM: 2)
Client Client 11 has insufficient CPU (1). Will not participate in the next FL round.
Client Client 7 participates in this round. (CPU: 2, RAM: 2)
Client Client 8 participates in this round. (CPU: 2, RAM: 2)
Client Client 2 participates in this round. (CPU: 2, RAM: 2)
Client Client 9 has insufficient CPU (1). Will not participate in the next FL round.
Client Client 10 has insufficient CPU (1). Will not participate in the next FL round.
Results Aggregated in 67.77 seconds.
{'CNN 16k': {'train_loss': [3364.1043508797884, 3109.4674111902714, 2348.2998532483675, 2041.2999609034523, 2290.677228398621, 2219.435515217483], 'train_accuracy': [0.23025, 0.2791025, 0.356605, 0.43686166666666665, 0.470335, 0.4870725], 'train_f1': [0.1737308781594038, 0.2403363734483719, 0.33522191691185704, 0.4268950210594762, 0.4644138999283314, 0.480393685400486], 'train_mae': [2.88864004611969, 2.6235074400901794, 2.303740015455882, 2.056058352139791, 1.9378624856472015, 1.8801249861717224], 'val_loss': [672.0854524672031, 618.6639771908522, 468.7138188126723, 408.4692226527691, 460.81225553154945, 448.03940729796886], 'val_accuracy': [0.23395, 0.2848375, 0.3600333333333333, 0.4383416666666667, 0.46855, 0.4838875], 'val_f1': [0.17553397454321384, 0.24638357385993004, 0.33805981297472054, 0.4281867844568602, 0.4624972306191921, 0.47675934061408043], 'val_mae': [2.8834250271320343, 2.574412524700165, 2.279925000921885, 2.0425249647776287, 1.935125008225441, 1.88348750770092]}}
AdaptationManager: Configuring next round...
{'client_registry': {'enabled': True, 'params': {}}, 'client_selector': {'enabled': True, 'params': {'selection_strategy': 'Resource-Based', 'selection_criteria': 'CPU', 'selection_value': 2}}, 'client_cluster': {'enabled': False, 'params': {}}, 'message_compressor': {'enabled': False, 'params': {}}, 'model_co-versioning_registry': {'enabled': False, 'params': {}}, 'multi-task_model_trainer': {'enabled': False, 'params': {}}, 'heterogeneous_data_handler': {'enabled': False, 'params': {}}}
{'client_selector': {'enabled': True}, 'client_cluster': {'enabled': False}, 'message_compressor': {'enabled': False}, 'model_co-versioning_registry': {'enabled': False}, 'multi-task_model_trainer': {'enabled': False}, 'heterogeneous_data_handler': {'enabled': False}, 'client_registry': {'enabled': True}}
Accuracy ok: Selector activated ✅
Accuracy ok: Selector activated ✅
Client Client 7 participates in this round. (CPU: 2, RAM: 2)
Client Client 11 has insufficient CPU (1). Will not participate in the next FL round.
Client Client 12 has insufficient CPU (1). Will not participate in the next FL round.
Client Client 5 participates in this round. (CPU: 2, RAM: 2)
Client Client 3 participates in this round. (CPU: 2, RAM: 2)
Client Client 4 participates in this round. (CPU: 2, RAM: 2)
Client Client 8 participates in this round. (CPU: 2, RAM: 2)
Client Client 6 participates in this round. (CPU: 2, RAM: 2)
Client Client 10 has insufficient CPU (1). Will not participate in the next FL round.
Client Client 2 participates in this round. (CPU: 2, RAM: 2)
Client Client 9 has insufficient CPU (1). Will not participate in the next FL round.
Client Client 1 participates in this round. (CPU: 2, RAM: 2)
Results Aggregated in 63.22 seconds.
{'CNN 16k': {'train_loss': [3364.1043508797884, 3109.4674111902714, 2348.2998532483675, 2041.2999609034523, 2290.677228398621, 2219.435515217483, 2187.8022299706936], 'train_accuracy': [0.23025, 0.2791025, 0.356605, 0.43686166666666665, 0.470335, 0.4870725, 0.4957725], 'train_f1': [0.1737308781594038, 0.2403363734483719, 0.33522191691185704, 0.4268950210594762, 0.4644138999283314, 0.480393685400486, 0.4908278286457062], 'train_mae': [2.88864004611969, 2.6235074400901794, 2.303740015455882, 2.056058352139791, 1.9378624856472015, 1.8801249861717224, 1.8433949947357178], 'val_loss': [672.0854524672031, 618.6639771908522, 468.7138188126723, 408.4692226527691, 460.81225553154945, 448.03940729796886, 443.36558947712183], 'val_accuracy': [0.23395, 0.2848375, 0.3600333333333333, 0.4383416666666667, 0.46855, 0.4838875, 0.48815], 'val_f1': [0.17553397454321384, 0.24638357385993004, 0.33805981297472054, 0.4281867844568602, 0.4624972306191921, 0.47675934061408043, 0.48284318670630455], 'val_mae': [2.8834250271320343, 2.574412524700165, 2.279925000921885, 2.0425249647776287, 1.935125008225441, 1.88348750770092, 1.8565500229597092]}}
AdaptationManager: Configuring next round...
{'client_registry': {'enabled': True, 'params': {}}, 'client_selector': {'enabled': True, 'params': {'selection_strategy': 'Resource-Based', 'selection_criteria': 'CPU', 'selection_value': 2}}, 'client_cluster': {'enabled': False, 'params': {}}, 'message_compressor': {'enabled': False, 'params': {}}, 'model_co-versioning_registry': {'enabled': False, 'params': {}}, 'multi-task_model_trainer': {'enabled': False, 'params': {}}, 'heterogeneous_data_handler': {'enabled': False, 'params': {}}}
{'client_selector': {'enabled': True}, 'client_cluster': {'enabled': False}, 'message_compressor': {'enabled': False}, 'model_co-versioning_registry': {'enabled': False}, 'multi-task_model_trainer': {'enabled': False}, 'heterogeneous_data_handler': {'enabled': False}, 'client_registry': {'enabled': True}}
Accuracy ok: Selector activated ✅
Accuracy ok: Selector activated ✅
Client Client 1 participates in this round. (CPU: 2, RAM: 2)
Client Client 7 participates in this round. (CPU: 2, RAM: 2)
Client Client 3 participates in this round. (CPU: 2, RAM: 2)
Client Client 8 participates in this round. (CPU: 2, RAM: 2)
Client Client 2 participates in this round. (CPU: 2, RAM: 2)
Client Client 5 participates in this round. (CPU: 2, RAM: 2)
Client Client 4 participates in this round. (CPU: 2, RAM: 2)
Client Client 9 has insufficient CPU (1). Will not participate in the next FL round.
Client Client 6 participates in this round. (CPU: 2, RAM: 2)
Client Client 12 has insufficient CPU (1). Will not participate in the next FL round.
Client Client 10 has insufficient CPU (1). Will not participate in the next FL round.
Client Client 11 has insufficient CPU (1). Will not participate in the next FL round.
Results Aggregated in 59.44 seconds.
{'CNN 16k': {'train_loss': [3364.1043508797884, 3109.4674111902714, 2348.2998532483675, 2041.2999609034523, 2290.677228398621, 2219.435515217483, 2187.8022299706936, 2139.5793877616525], 'train_accuracy': [0.23025, 0.2791025, 0.356605, 0.43686166666666665, 0.470335, 0.4870725, 0.4957725, 0.5085], 'train_f1': [0.1737308781594038, 0.2403363734483719, 0.33522191691185704, 0.4268950210594762, 0.4644138999283314, 0.480393685400486, 0.4908278286457062, 0.5031442977488041], 'train_mae': [2.88864004611969, 2.6235074400901794, 2.303740015455882, 2.056058352139791, 1.9378624856472015, 1.8801249861717224, 1.8433949947357178, 1.798000007867813], 'val_loss': [672.0854524672031, 618.6639771908522, 468.7138188126723, 408.4692226527691, 460.81225553154945, 448.03940729796886, 443.36558947712183, 435.1839740425348], 'val_accuracy': [0.23395, 0.2848375, 0.3600333333333333, 0.4383416666666667, 0.46855, 0.4838875, 0.48815, 0.4986875], 'val_f1': [0.17553397454321384, 0.24638357385993004, 0.33805981297472054, 0.4281867844568602, 0.4624972306191921, 0.47675934061408043, 0.48284318670630455, 0.4929465353488922], 'val_mae': [2.8834250271320343, 2.574412524700165, 2.279925000921885, 2.0425249647776287, 1.935125008225441, 1.88348750770092, 1.8565500229597092, 1.8149375170469284]}}
AdaptationManager: Configuring next round...
{'client_registry': {'enabled': True, 'params': {}}, 'client_selector': {'enabled': True, 'params': {'selection_strategy': 'Resource-Based', 'selection_criteria': 'CPU', 'selection_value': 2}}, 'client_cluster': {'enabled': False, 'params': {}}, 'message_compressor': {'enabled': False, 'params': {}}, 'model_co-versioning_registry': {'enabled': False, 'params': {}}, 'multi-task_model_trainer': {'enabled': False, 'params': {}}, 'heterogeneous_data_handler': {'enabled': False, 'params': {}}}
{'client_selector': {'enabled': True}, 'client_cluster': {'enabled': False}, 'message_compressor': {'enabled': False}, 'model_co-versioning_registry': {'enabled': False}, 'multi-task_model_trainer': {'enabled': False}, 'heterogeneous_data_handler': {'enabled': False}, 'client_registry': {'enabled': True}}
Accuracy ok: Selector activated ✅
Accuracy ok: Selector activated ✅
Client Client 4 participates in this round. (CPU: 2, RAM: 2)
Client Client 6 participates in this round. (CPU: 2, RAM: 2)
Client Client 7 participates in this round. (CPU: 2, RAM: 2)
Client Client 5 participates in this round. (CPU: 2, RAM: 2)
Client Client 11 has insufficient CPU (1). Will not participate in the next FL round.
Client Client 8 participates in this round. (CPU: 2, RAM: 2)
Client Client 2 participates in this round. (CPU: 2, RAM: 2)
Client Client 1 participates in this round. (CPU: 2, RAM: 2)
Client Client 3 participates in this round. (CPU: 2, RAM: 2)
Client Client 10 has insufficient CPU (1). Will not participate in the next FL round.
Client Client 9 has insufficient CPU (1). Will not participate in the next FL round.
Client Client 12 has insufficient CPU (1). Will not participate in the next FL round.
Results Aggregated in 60.35 seconds.
{'CNN 16k': {'train_loss': [3364.1043508797884, 3109.4674111902714, 2348.2998532483675, 2041.2999609034523, 2290.677228398621, 2219.435515217483, 2187.8022299706936, 2139.5793877616525, 2100.7492526993155], 'train_accuracy': [0.23025, 0.2791025, 0.356605, 0.43686166666666665, 0.470335, 0.4870725, 0.4957725, 0.5085, 0.51591], 'train_f1': [0.1737308781594038, 0.2403363734483719, 0.33522191691185704, 0.4268950210594762, 0.4644138999283314, 0.480393685400486, 0.4908278286457062, 0.5031442977488041, 0.5101207792758942], 'train_mae': [2.88864004611969, 2.6235074400901794, 2.303740015455882, 2.056058352139791, 1.9378624856472015, 1.8801249861717224, 1.8433949947357178, 1.798000007867813, 1.7748974859714508], 'val_loss': [672.0854524672031, 618.6639771908522, 468.7138188126723, 408.4692226527691, 460.81225553154945, 448.03940729796886, 443.36558947712183, 435.1839740425348, 429.3221769332886], 'val_accuracy': [0.23395, 0.2848375, 0.3600333333333333, 0.4383416666666667, 0.46855, 0.4838875, 0.48815, 0.4986875, 0.5055125], 'val_f1': [0.17553397454321384, 0.24638357385993004, 0.33805981297472054, 0.4281867844568602, 0.4624972306191921, 0.47675934061408043, 0.48284318670630455, 0.4929465353488922, 0.4989243671298027], 'val_mae': [2.8834250271320343, 2.574412524700165, 2.279925000921885, 2.0425249647776287, 1.935125008225441, 1.88348750770092, 1.8565500229597092, 1.8149375170469284, 1.8002500236034393]}}
AdaptationManager: Configuring next round...
{'client_registry': {'enabled': True, 'params': {}}, 'client_selector': {'enabled': True, 'params': {'selection_strategy': 'Resource-Based', 'selection_criteria': 'CPU', 'selection_value': 2}}, 'client_cluster': {'enabled': False, 'params': {}}, 'message_compressor': {'enabled': False, 'params': {}}, 'model_co-versioning_registry': {'enabled': False, 'params': {}}, 'multi-task_model_trainer': {'enabled': False, 'params': {}}, 'heterogeneous_data_handler': {'enabled': False, 'params': {}}}
{'client_selector': {'enabled': True}, 'client_cluster': {'enabled': False}, 'message_compressor': {'enabled': False}, 'model_co-versioning_registry': {'enabled': False}, 'multi-task_model_trainer': {'enabled': False}, 'heterogeneous_data_handler': {'enabled': False}, 'client_registry': {'enabled': True}}
Accuracy ok: Selector activated ✅
Accuracy ok: Selector activated ✅
Client Client 6 participates in this round. (CPU: 2, RAM: 2)
Client Client 8 participates in this round. (CPU: 2, RAM: 2)
Client Client 1 participates in this round. (CPU: 2, RAM: 2)
Client Client 2 participates in this round. (CPU: 2, RAM: 2)
Client Client 9 has insufficient CPU (1). Will not participate in the next FL round.
Client Client 3 participates in this round. (CPU: 2, RAM: 2)
Client Client 7 participates in this round. (CPU: 2, RAM: 2)
Client Client 11 has insufficient CPU (1). Will not participate in the next FL round.
Client Client 5 participates in this round. (CPU: 2, RAM: 2)
Client Client 12 has insufficient CPU (1). Will not participate in the next FL round.
Client Client 10 has insufficient CPU (1). Will not participate in the next FL round.
Client Client 4 participates in this round. (CPU: 2, RAM: 2)
Results Aggregated in 59.13 seconds.
{'CNN 16k': {'train_loss': [3364.1043508797884, 3109.4674111902714, 2348.2998532483675, 2041.2999609034523, 2290.677228398621, 2219.435515217483, 2187.8022299706936, 2139.5793877616525, 2100.7492526993155, 2074.7479543834925], 'train_accuracy': [0.23025, 0.2791025, 0.356605, 0.43686166666666665, 0.470335, 0.4870725, 0.4957725, 0.5085, 0.51591, 0.5231675], 'train_f1': [0.1737308781594038, 0.2403363734483719, 0.33522191691185704, 0.4268950210594762, 0.4644138999283314, 0.480393685400486, 0.4908278286457062, 0.5031442977488041, 0.5101207792758942, 0.5163349136710167], 'train_mae': [2.88864004611969, 2.6235074400901794, 2.303740015455882, 2.056058352139791, 1.9378624856472015, 1.8801249861717224, 1.8433949947357178, 1.798000007867813, 1.7748974859714508, 1.7415100038051605], 'val_loss': [672.0854524672031, 618.6639771908522, 468.7138188126723, 408.4692226527691, 460.81225553154945, 448.03940729796886, 443.36558947712183, 435.1839740425348, 429.3221769332886, 425.6090642362833], 'val_accuracy': [0.23395, 0.2848375, 0.3600333333333333, 0.4383416666666667, 0.46855, 0.4838875, 0.48815, 0.4986875, 0.5055125, 0.5092625], 'val_f1': [0.17553397454321384, 0.24638357385993004, 0.33805981297472054, 0.4281867844568602, 0.4624972306191921, 0.47675934061408043, 0.48284318670630455, 0.4929465353488922, 0.4989243671298027, 0.5015566721558571], 'val_mae': [2.8834250271320343, 2.574412524700165, 2.279925000921885, 2.0425249647776287, 1.935125008225441, 1.88348750770092, 1.8565500229597092, 1.8149375170469284, 1.8002500236034393, 1.7717750072479248]}}
AdaptationManager: Configuring next round...
{'client_registry': {'enabled': True, 'params': {}}, 'client_selector': {'enabled': True, 'params': {'selection_strategy': 'Resource-Based', 'selection_criteria': 'CPU', 'selection_value': 2}}, 'client_cluster': {'enabled': False, 'params': {}}, 'message_compressor': {'enabled': False, 'params': {}}, 'model_co-versioning_registry': {'enabled': False, 'params': {}}, 'multi-task_model_trainer': {'enabled': False, 'params': {}}, 'heterogeneous_data_handler': {'enabled': False, 'params': {}}}
{'client_selector': {'enabled': True}, 'client_cluster': {'enabled': False}, 'message_compressor': {'enabled': False}, 'model_co-versioning_registry': {'enabled': False}, 'multi-task_model_trainer': {'enabled': False}, 'heterogeneous_data_handler': {'enabled': False}, 'client_registry': {'enabled': True}}
Accuracy ok: Selector activated ✅
Accuracy ok: Selector activated ✅
Client Client 10 has insufficient CPU (1). Will not participate in the next FL round.
Client Client 8 participates in this round. (CPU: 2, RAM: 2)
Client Client 12 has insufficient CPU (1). Will not participate in the next FL round.
Client Client 11 has insufficient CPU (1). Will not participate in the next FL round.
Client Client 7 participates in this round. (CPU: 2, RAM: 2)
Client Client 1 participates in this round. (CPU: 2, RAM: 2)
Client Client 3 participates in this round. (CPU: 2, RAM: 2)
Client Client 9 has insufficient CPU (1). Will not participate in the next FL round.
Client Client 4 participates in this round. (CPU: 2, RAM: 2)
Client Client 6 participates in this round. (CPU: 2, RAM: 2)
Client Client 2 participates in this round. (CPU: 2, RAM: 2)
Client Client 5 participates in this round. (CPU: 2, RAM: 2)
Results Aggregated in 61.09 seconds.
{'CNN 16k': {'train_loss': [3364.1043508797884, 3109.4674111902714, 2348.2998532483675, 2041.2999609034523, 2290.677228398621, 2219.435515217483, 2187.8022299706936, 2139.5793877616525, 2100.7492526993155, 2074.7479543834925, 2047.4627561420202], 'train_accuracy': [0.23025, 0.2791025, 0.356605, 0.43686166666666665, 0.470335, 0.4870725, 0.4957725, 0.5085, 0.51591, 0.5231675, 0.5304225], 'train_f1': [0.1737308781594038, 0.2403363734483719, 0.33522191691185704, 0.4268950210594762, 0.4644138999283314, 0.480393685400486, 0.4908278286457062, 0.5031442977488041, 0.5101207792758942, 0.5163349136710167, 0.5255430936813354], 'train_mae': [2.88864004611969, 2.6235074400901794, 2.303740015455882, 2.056058352139791, 1.9378624856472015, 1.8801249861717224, 1.8433949947357178, 1.798000007867813, 1.7748974859714508, 1.7415100038051605, 1.7221950143575668], 'val_loss': [672.0854524672031, 618.6639771908522, 468.7138188126723, 408.4692226527691, 460.81225553154945, 448.03940729796886, 443.36558947712183, 435.1839740425348, 429.3221769332886, 425.6090642362833, 422.6145969480276], 'val_accuracy': [0.23395, 0.2848375, 0.3600333333333333, 0.4383416666666667, 0.46855, 0.4838875, 0.48815, 0.4986875, 0.5055125, 0.5092625, 0.5150875], 'val_f1': [0.17553397454321384, 0.24638357385993004, 0.33805981297472054, 0.4281867844568602, 0.4624972306191921, 0.47675934061408043, 0.48284318670630455, 0.4929465353488922, 0.4989243671298027, 0.5015566721558571, 0.5094770640134811], 'val_mae': [2.8834250271320343, 2.574412524700165, 2.279925000921885, 2.0425249647776287, 1.935125008225441, 1.88348750770092, 1.8565500229597092, 1.8149375170469284, 1.8002500236034393, 1.7717750072479248, 1.7637625187635422]}}
AdaptationManager: Configuring next round...
{'client_registry': {'enabled': True, 'params': {}}, 'client_selector': {'enabled': True, 'params': {'selection_strategy': 'Resource-Based', 'selection_criteria': 'CPU', 'selection_value': 2}}, 'client_cluster': {'enabled': False, 'params': {}}, 'message_compressor': {'enabled': False, 'params': {}}, 'model_co-versioning_registry': {'enabled': False, 'params': {}}, 'multi-task_model_trainer': {'enabled': False, 'params': {}}, 'heterogeneous_data_handler': {'enabled': False, 'params': {}}}
{'client_selector': {'enabled': True}, 'client_cluster': {'enabled': False}, 'message_compressor': {'enabled': False}, 'model_co-versioning_registry': {'enabled': False}, 'multi-task_model_trainer': {'enabled': False}, 'heterogeneous_data_handler': {'enabled': False}, 'client_registry': {'enabled': True}}
Accuracy ok: Selector activated ✅
Accuracy ok: Selector activated ✅
Client Client 10 has insufficient CPU (1). Will not participate in the next FL round.
Client Client 4 participates in this round. (CPU: 2, RAM: 2)
Client Client 8 participates in this round. (CPU: 2, RAM: 2)
Client Client 7 participates in this round. (CPU: 2, RAM: 2)
Client Client 6 participates in this round. (CPU: 2, RAM: 2)
Client Client 2 participates in this round. (CPU: 2, RAM: 2)
Client Client 3 participates in this round. (CPU: 2, RAM: 2)
Client Client 12 has insufficient CPU (1). Will not participate in the next FL round.
Client Client 5 participates in this round. (CPU: 2, RAM: 2)
Client Client 11 has insufficient CPU (1). Will not participate in the next FL round.
Client Client 9 has insufficient CPU (1). Will not participate in the next FL round.
Client Client 1 participates in this round. (CPU: 2, RAM: 2)
Results Aggregated in 59.79 seconds.
{'CNN 16k': {'train_loss': [3364.1043508797884, 3109.4674111902714, 2348.2998532483675, 2041.2999609034523, 2290.677228398621, 2219.435515217483, 2187.8022299706936, 2139.5793877616525, 2100.7492526993155, 2074.7479543834925, 2047.4627561420202, 2031.243658527732], 'train_accuracy': [0.23025, 0.2791025, 0.356605, 0.43686166666666665, 0.470335, 0.4870725, 0.4957725, 0.5085, 0.51591, 0.5231675, 0.5304225, 0.5351675], 'train_f1': [0.1737308781594038, 0.2403363734483719, 0.33522191691185704, 0.4268950210594762, 0.4644138999283314, 0.480393685400486, 0.4908278286457062, 0.5031442977488041, 0.5101207792758942, 0.5163349136710167, 0.5255430936813354, 0.5304698795080185], 'train_mae': [2.88864004611969, 2.6235074400901794, 2.303740015455882, 2.056058352139791, 1.9378624856472015, 1.8801249861717224, 1.8433949947357178, 1.798000007867813, 1.7748974859714508, 1.7415100038051605, 1.7221950143575668, 1.6857975125312805], 'val_loss': [672.0854524672031, 618.6639771908522, 468.7138188126723, 408.4692226527691, 460.81225553154945, 448.03940729796886, 443.36558947712183, 435.1839740425348, 429.3221769332886, 425.6090642362833, 422.6145969480276, 421.0696509629488], 'val_accuracy': [0.23395, 0.2848375, 0.3600333333333333, 0.4383416666666667, 0.46855, 0.4838875, 0.48815, 0.4986875, 0.5055125, 0.5092625, 0.5150875, 0.5163], 'val_f1': [0.17553397454321384, 0.24638357385993004, 0.33805981297472054, 0.4281867844568602, 0.4624972306191921, 0.47675934061408043, 0.48284318670630455, 0.4929465353488922, 0.4989243671298027, 0.5015566721558571, 0.5094770640134811, 0.5106385871767998], 'val_mae': [2.8834250271320343, 2.574412524700165, 2.279925000921885, 2.0425249647776287, 1.935125008225441, 1.88348750770092, 1.8565500229597092, 1.8149375170469284, 1.8002500236034393, 1.7717750072479248, 1.7637625187635422, 1.739587515592575]}}
AdaptationManager: Configuring next round...
{'client_registry': {'enabled': True, 'params': {}}, 'client_selector': {'enabled': True, 'params': {'selection_strategy': 'Resource-Based', 'selection_criteria': 'CPU', 'selection_value': 2}}, 'client_cluster': {'enabled': False, 'params': {}}, 'message_compressor': {'enabled': False, 'params': {}}, 'model_co-versioning_registry': {'enabled': False, 'params': {}}, 'multi-task_model_trainer': {'enabled': False, 'params': {}}, 'heterogeneous_data_handler': {'enabled': False, 'params': {}}}
{'client_selector': {'enabled': True}, 'client_cluster': {'enabled': False}, 'message_compressor': {'enabled': False}, 'model_co-versioning_registry': {'enabled': False}, 'multi-task_model_trainer': {'enabled': False}, 'heterogeneous_data_handler': {'enabled': False}, 'client_registry': {'enabled': True}}
Accuracy ok: Selector activated ✅
Accuracy ok: Selector activated ✅
Client Client 11 has insufficient CPU (1). Will not participate in the next FL round.
Client Client 5 participates in this round. (CPU: 2, RAM: 2)
Client Client 10 has insufficient CPU (1). Will not participate in the next FL round.
Client Client 9 has insufficient CPU (1). Will not participate in the next FL round.
Client Client 2 participates in this round. (CPU: 2, RAM: 2)
Client Client 7 participates in this round. (CPU: 2, RAM: 2)
Client Client 8 participates in this round. (CPU: 2, RAM: 2)
Client Client 6 participates in this round. (CPU: 2, RAM: 2)
Client Client 3 participates in this round. (CPU: 2, RAM: 2)
Client Client 4 participates in this round. (CPU: 2, RAM: 2)
Client Client 1 participates in this round. (CPU: 2, RAM: 2)
Client Client 12 has insufficient CPU (1). Will not participate in the next FL round.
Results Aggregated in 61.61 seconds.
{'CNN 16k': {'train_loss': [3364.1043508797884, 3109.4674111902714, 2348.2998532483675, 2041.2999609034523, 2290.677228398621, 2219.435515217483, 2187.8022299706936, 2139.5793877616525, 2100.7492526993155, 2074.7479543834925, 2047.4627561420202, 2031.243658527732, 1993.6264673247933], 'train_accuracy': [0.23025, 0.2791025, 0.356605, 0.43686166666666665, 0.470335, 0.4870725, 0.4957725, 0.5085, 0.51591, 0.5231675, 0.5304225, 0.5351675, 0.542645], 'train_f1': [0.1737308781594038, 0.2403363734483719, 0.33522191691185704, 0.4268950210594762, 0.4644138999283314, 0.480393685400486, 0.4908278286457062, 0.5031442977488041, 0.5101207792758942, 0.5163349136710167, 0.5255430936813354, 0.5304698795080185, 0.5366062447428703], 'train_mae': [2.88864004611969, 2.6235074400901794, 2.303740015455882, 2.056058352139791, 1.9378624856472015, 1.8801249861717224, 1.8433949947357178, 1.798000007867813, 1.7748974859714508, 1.7415100038051605, 1.7221950143575668, 1.6857975125312805, 1.6489749997854233], 'val_loss': [672.0854524672031, 618.6639771908522, 468.7138188126723, 408.4692226527691, 460.81225553154945, 448.03940729796886, 443.36558947712183, 435.1839740425348, 429.3221769332886, 425.6090642362833, 422.6145969480276, 421.0696509629488, 415.5031519308686], 'val_accuracy': [0.23395, 0.2848375, 0.3600333333333333, 0.4383416666666667, 0.46855, 0.4838875, 0.48815, 0.4986875, 0.5055125, 0.5092625, 0.5150875, 0.5163, 0.52245], 'val_f1': [0.17553397454321384, 0.24638357385993004, 0.33805981297472054, 0.4281867844568602, 0.4624972306191921, 0.47675934061408043, 0.48284318670630455, 0.4929465353488922, 0.4989243671298027, 0.5015566721558571, 0.5094770640134811, 0.5106385871767998, 0.5159840881824493], 'val_mae': [2.8834250271320343, 2.574412524700165, 2.279925000921885, 2.0425249647776287, 1.935125008225441, 1.88348750770092, 1.8565500229597092, 1.8149375170469284, 1.8002500236034393, 1.7717750072479248, 1.7637625187635422, 1.739587515592575, 1.7097250074148178]}}
AdaptationManager: Configuring next round...
{'client_registry': {'enabled': True, 'params': {}}, 'client_selector': {'enabled': True, 'params': {'selection_strategy': 'Resource-Based', 'selection_criteria': 'CPU', 'selection_value': 2}}, 'client_cluster': {'enabled': False, 'params': {}}, 'message_compressor': {'enabled': False, 'params': {}}, 'model_co-versioning_registry': {'enabled': False, 'params': {}}, 'multi-task_model_trainer': {'enabled': False, 'params': {}}, 'heterogeneous_data_handler': {'enabled': False, 'params': {}}}
{'client_selector': {'enabled': True}, 'client_cluster': {'enabled': False}, 'message_compressor': {'enabled': False}, 'model_co-versioning_registry': {'enabled': False}, 'multi-task_model_trainer': {'enabled': False}, 'heterogeneous_data_handler': {'enabled': False}, 'client_registry': {'enabled': True}}
Accuracy ok: Selector activated ✅
Accuracy ok: Selector activated ✅
Client Client 4 participates in this round. (CPU: 2, RAM: 2)
Client Client 3 participates in this round. (CPU: 2, RAM: 2)
Client Client 12 has insufficient CPU (1). Will not participate in the next FL round.
Client Client 10 has insufficient CPU (1). Will not participate in the next FL round.
Client Client 6 participates in this round. (CPU: 2, RAM: 2)
Client Client 1 participates in this round. (CPU: 2, RAM: 2)
Client Client 9 has insufficient CPU (1). Will not participate in the next FL round.
Client Client 2 participates in this round. (CPU: 2, RAM: 2)
Client Client 8 participates in this round. (CPU: 2, RAM: 2)
Client Client 5 participates in this round. (CPU: 2, RAM: 2)
Client Client 7 participates in this round. (CPU: 2, RAM: 2)
Client Client 11 has insufficient CPU (1). Will not participate in the next FL round.
Results Aggregated in 60.36 seconds.
{'CNN 16k': {'train_loss': [3364.1043508797884, 3109.4674111902714, 2348.2998532483675, 2041.2999609034523, 2290.677228398621, 2219.435515217483, 2187.8022299706936, 2139.5793877616525, 2100.7492526993155, 2074.7479543834925, 2047.4627561420202, 2031.243658527732, 1993.6264673247933, 1963.3116302639246], 'train_accuracy': [0.23025, 0.2791025, 0.356605, 0.43686166666666665, 0.470335, 0.4870725, 0.4957725, 0.5085, 0.51591, 0.5231675, 0.5304225, 0.5351675, 0.542645, 0.55151], 'train_f1': [0.1737308781594038, 0.2403363734483719, 0.33522191691185704, 0.4268950210594762, 0.4644138999283314, 0.480393685400486, 0.4908278286457062, 0.5031442977488041, 0.5101207792758942, 0.5163349136710167, 0.5255430936813354, 0.5304698795080185, 0.5366062447428703, 0.5473638623952866], 'train_mae': [2.88864004611969, 2.6235074400901794, 2.303740015455882, 2.056058352139791, 1.9378624856472015, 1.8801249861717224, 1.8433949947357178, 1.798000007867813, 1.7748974859714508, 1.7415100038051605, 1.7221950143575668, 1.6857975125312805, 1.6489749997854233, 1.6124199777841568], 'val_loss': [672.0854524672031, 618.6639771908522, 468.7138188126723, 408.4692226527691, 460.81225553154945, 448.03940729796886, 443.36558947712183, 435.1839740425348, 429.3221769332886, 425.6090642362833, 422.6145969480276, 421.0696509629488, 415.5031519308686, 410.80208909511566], 'val_accuracy': [0.23395, 0.2848375, 0.3600333333333333, 0.4383416666666667, 0.46855, 0.4838875, 0.48815, 0.4986875, 0.5055125, 0.5092625, 0.5150875, 0.5163, 0.52245, 0.529575], 'val_f1': [0.17553397454321384, 0.24638357385993004, 0.33805981297472054, 0.4281867844568602, 0.4624972306191921, 0.47675934061408043, 0.48284318670630455, 0.4929465353488922, 0.4989243671298027, 0.5015566721558571, 0.5094770640134811, 0.5106385871767998, 0.5159840881824493, 0.5248523131012917], 'val_mae': [2.8834250271320343, 2.574412524700165, 2.279925000921885, 2.0425249647776287, 1.935125008225441, 1.88348750770092, 1.8565500229597092, 1.8149375170469284, 1.8002500236034393, 1.7717750072479248, 1.7637625187635422, 1.739587515592575, 1.7097250074148178, 1.6799000054597855]}}
AdaptationManager: Configuring next round...
{'client_registry': {'enabled': True, 'params': {}}, 'client_selector': {'enabled': True, 'params': {'selection_strategy': 'Resource-Based', 'selection_criteria': 'CPU', 'selection_value': 2}}, 'client_cluster': {'enabled': False, 'params': {}}, 'message_compressor': {'enabled': False, 'params': {}}, 'model_co-versioning_registry': {'enabled': False, 'params': {}}, 'multi-task_model_trainer': {'enabled': False, 'params': {}}, 'heterogeneous_data_handler': {'enabled': False, 'params': {}}}
{'client_selector': {'enabled': True}, 'client_cluster': {'enabled': False}, 'message_compressor': {'enabled': False}, 'model_co-versioning_registry': {'enabled': False}, 'multi-task_model_trainer': {'enabled': False}, 'heterogeneous_data_handler': {'enabled': False}, 'client_registry': {'enabled': True}}
Accuracy ok: Selector activated ✅
Accuracy ok: Selector activated ✅
Client Client 7 participates in this round. (CPU: 2, RAM: 2)
Client Client 1 participates in this round. (CPU: 2, RAM: 2)
Client Client 10 has insufficient CPU (1). Will not participate in the next FL round.
Client Client 6 participates in this round. (CPU: 2, RAM: 2)
Client Client 8 participates in this round. (CPU: 2, RAM: 2)
Client Client 9 has insufficient CPU (1). Will not participate in the next FL round.
Client Client 11 has insufficient CPU (1). Will not participate in the next FL round.
Client Client 5 participates in this round. (CPU: 2, RAM: 2)
Client Client 12 has insufficient CPU (1). Will not participate in the next FL round.
Client Client 4 participates in this round. (CPU: 2, RAM: 2)
Client Client 3 participates in this round. (CPU: 2, RAM: 2)
Client Client 2 participates in this round. (CPU: 2, RAM: 2)
Results Aggregated in 61.89 seconds.
{'CNN 16k': {'train_loss': [3364.1043508797884, 3109.4674111902714, 2348.2998532483675, 2041.2999609034523, 2290.677228398621, 2219.435515217483, 2187.8022299706936, 2139.5793877616525, 2100.7492526993155, 2074.7479543834925, 2047.4627561420202, 2031.243658527732, 1993.6264673247933, 1963.3116302639246, 1946.4593738093972], 'train_accuracy': [0.23025, 0.2791025, 0.356605, 0.43686166666666665, 0.470335, 0.4870725, 0.4957725, 0.5085, 0.51591, 0.5231675, 0.5304225, 0.5351675, 0.542645, 0.55151, 0.5555975], 'train_f1': [0.1737308781594038, 0.2403363734483719, 0.33522191691185704, 0.4268950210594762, 0.4644138999283314, 0.480393685400486, 0.4908278286457062, 0.5031442977488041, 0.5101207792758942, 0.5163349136710167, 0.5255430936813354, 0.5304698795080185, 0.5366062447428703, 0.5473638623952866, 0.5513470768928528], 'train_mae': [2.88864004611969, 2.6235074400901794, 2.303740015455882, 2.056058352139791, 1.9378624856472015, 1.8801249861717224, 1.8433949947357178, 1.798000007867813, 1.7748974859714508, 1.7415100038051605, 1.7221950143575668, 1.6857975125312805, 1.6489749997854233, 1.6124199777841568, 1.6073150038719177], 'val_loss': [672.0854524672031, 618.6639771908522, 468.7138188126723, 408.4692226527691, 460.81225553154945, 448.03940729796886, 443.36558947712183, 435.1839740425348, 429.3221769332886, 425.6090642362833, 422.6145969480276, 421.0696509629488, 415.5031519308686, 410.80208909511566, 409.0782208144665], 'val_accuracy': [0.23395, 0.2848375, 0.3600333333333333, 0.4383416666666667, 0.46855, 0.4838875, 0.48815, 0.4986875, 0.5055125, 0.5092625, 0.5150875, 0.5163, 0.52245, 0.529575, 0.5318625], 'val_f1': [0.17553397454321384, 0.24638357385993004, 0.33805981297472054, 0.4281867844568602, 0.4624972306191921, 0.47675934061408043, 0.48284318670630455, 0.4929465353488922, 0.4989243671298027, 0.5015566721558571, 0.5094770640134811, 0.5106385871767998, 0.5159840881824493, 0.5248523131012917, 0.5269164517521858], 'val_mae': [2.8834250271320343, 2.574412524700165, 2.279925000921885, 2.0425249647776287, 1.935125008225441, 1.88348750770092, 1.8565500229597092, 1.8149375170469284, 1.8002500236034393, 1.7717750072479248, 1.7637625187635422, 1.739587515592575, 1.7097250074148178, 1.6799000054597855, 1.684437483549118]}}
AdaptationManager: Configuring next round...
{'client_registry': {'enabled': True, 'params': {}}, 'client_selector': {'enabled': True, 'params': {'selection_strategy': 'Resource-Based', 'selection_criteria': 'CPU', 'selection_value': 2}}, 'client_cluster': {'enabled': False, 'params': {}}, 'message_compressor': {'enabled': False, 'params': {}}, 'model_co-versioning_registry': {'enabled': False, 'params': {}}, 'multi-task_model_trainer': {'enabled': False, 'params': {}}, 'heterogeneous_data_handler': {'enabled': False, 'params': {}}}
{'client_selector': {'enabled': True}, 'client_cluster': {'enabled': False}, 'message_compressor': {'enabled': False}, 'model_co-versioning_registry': {'enabled': False}, 'multi-task_model_trainer': {'enabled': False}, 'heterogeneous_data_handler': {'enabled': False}, 'client_registry': {'enabled': True}}
Accuracy ok: Selector activated ✅
Accuracy ok: Selector activated ✅
Client Client 5 participates in this round. (CPU: 2, RAM: 2)
Client Client 4 participates in this round. (CPU: 2, RAM: 2)
Client Client 8 participates in this round. (CPU: 2, RAM: 2)
Client Client 6 participates in this round. (CPU: 2, RAM: 2)
Client Client 12 has insufficient CPU (1). Will not participate in the next FL round.
Client Client 3 participates in this round. (CPU: 2, RAM: 2)
Client Client 1 participates in this round. (CPU: 2, RAM: 2)
Client Client 7 participates in this round. (CPU: 2, RAM: 2)
Client Client 11 has insufficient CPU (1). Will not participate in the next FL round.
Client Client 2 participates in this round. (CPU: 2, RAM: 2)
Client Client 10 has insufficient CPU (1). Will not participate in the next FL round.
Client Client 9 has insufficient CPU (1). Will not participate in the next FL round.
Results Aggregated in 60.99 seconds.
{'CNN 16k': {'train_loss': [3364.1043508797884, 3109.4674111902714, 2348.2998532483675, 2041.2999609034523, 2290.677228398621, 2219.435515217483, 2187.8022299706936, 2139.5793877616525, 2100.7492526993155, 2074.7479543834925, 2047.4627561420202, 2031.243658527732, 1993.6264673247933, 1963.3116302639246, 1946.4593738093972, 1924.677922360599], 'train_accuracy': [0.23025, 0.2791025, 0.356605, 0.43686166666666665, 0.470335, 0.4870725, 0.4957725, 0.5085, 0.51591, 0.5231675, 0.5304225, 0.5351675, 0.542645, 0.55151, 0.5555975, 0.56075], 'train_f1': [0.1737308781594038, 0.2403363734483719, 0.33522191691185704, 0.4268950210594762, 0.4644138999283314, 0.480393685400486, 0.4908278286457062, 0.5031442977488041, 0.5101207792758942, 0.5163349136710167, 0.5255430936813354, 0.5304698795080185, 0.5366062447428703, 0.5473638623952866, 0.5513470768928528, 0.5572012290358543], 'train_mae': [2.88864004611969, 2.6235074400901794, 2.303740015455882, 2.056058352139791, 1.9378624856472015, 1.8801249861717224, 1.8433949947357178, 1.798000007867813, 1.7748974859714508, 1.7415100038051605, 1.7221950143575668, 1.6857975125312805, 1.6489749997854233, 1.6124199777841568, 1.6073150038719177, 1.573907494544983], 'val_loss': [672.0854524672031, 618.6639771908522, 468.7138188126723, 408.4692226527691, 460.81225553154945, 448.03940729796886, 443.36558947712183, 435.1839740425348, 429.3221769332886, 425.6090642362833, 422.6145969480276, 421.0696509629488, 415.5031519308686, 410.80208909511566, 409.0782208144665, 406.8394441008568], 'val_accuracy': [0.23395, 0.2848375, 0.3600333333333333, 0.4383416666666667, 0.46855, 0.4838875, 0.48815, 0.4986875, 0.5055125, 0.5092625, 0.5150875, 0.5163, 0.52245, 0.529575, 0.5318625, 0.5349875], 'val_f1': [0.17553397454321384, 0.24638357385993004, 0.33805981297472054, 0.4281867844568602, 0.4624972306191921, 0.47675934061408043, 0.48284318670630455, 0.4929465353488922, 0.4989243671298027, 0.5015566721558571, 0.5094770640134811, 0.5106385871767998, 0.5159840881824493, 0.5248523131012917, 0.5269164517521858, 0.5306303426623344], 'val_mae': [2.8834250271320343, 2.574412524700165, 2.279925000921885, 2.0425249647776287, 1.935125008225441, 1.88348750770092, 1.8565500229597092, 1.8149375170469284, 1.8002500236034393, 1.7717750072479248, 1.7637625187635422, 1.739587515592575, 1.7097250074148178, 1.6799000054597855, 1.684437483549118, 1.6628499925136566]}}
AdaptationManager: Configuring next round...
{'client_registry': {'enabled': True, 'params': {}}, 'client_selector': {'enabled': True, 'params': {'selection_strategy': 'Resource-Based', 'selection_criteria': 'CPU', 'selection_value': 2}}, 'client_cluster': {'enabled': False, 'params': {}}, 'message_compressor': {'enabled': False, 'params': {}}, 'model_co-versioning_registry': {'enabled': False, 'params': {}}, 'multi-task_model_trainer': {'enabled': False, 'params': {}}, 'heterogeneous_data_handler': {'enabled': False, 'params': {}}}
{'client_selector': {'enabled': True}, 'client_cluster': {'enabled': False}, 'message_compressor': {'enabled': False}, 'model_co-versioning_registry': {'enabled': False}, 'multi-task_model_trainer': {'enabled': False}, 'heterogeneous_data_handler': {'enabled': False}, 'client_registry': {'enabled': True}}
Accuracy ok: Selector activated ✅
Accuracy ok: Selector activated ✅
Client Client 6 participates in this round. (CPU: 2, RAM: 2)
Client Client 11 has insufficient CPU (1). Will not participate in the next FL round.
Client Client 1 participates in this round. (CPU: 2, RAM: 2)
Client Client 8 participates in this round. (CPU: 2, RAM: 2)
Client Client 5 participates in this round. (CPU: 2, RAM: 2)
Client Client 3 participates in this round. (CPU: 2, RAM: 2)
Client Client 2 participates in this round. (CPU: 2, RAM: 2)
Client Client 4 participates in this round. (CPU: 2, RAM: 2)
Client Client 10 has insufficient CPU (1). Will not participate in the next FL round.
Client Client 9 has insufficient CPU (1). Will not participate in the next FL round.
Client Client 12 has insufficient CPU (1). Will not participate in the next FL round.
Client Client 7 participates in this round. (CPU: 2, RAM: 2)
Results Aggregated in 59.87 seconds.
{'CNN 16k': {'train_loss': [3364.1043508797884, 3109.4674111902714, 2348.2998532483675, 2041.2999609034523, 2290.677228398621, 2219.435515217483, 2187.8022299706936, 2139.5793877616525, 2100.7492526993155, 2074.7479543834925, 2047.4627561420202, 2031.243658527732, 1993.6264673247933, 1963.3116302639246, 1946.4593738093972, 1924.677922360599, 1907.6980546563864], 'train_accuracy': [0.23025, 0.2791025, 0.356605, 0.43686166666666665, 0.470335, 0.4870725, 0.4957725, 0.5085, 0.51591, 0.5231675, 0.5304225, 0.5351675, 0.542645, 0.55151, 0.5555975, 0.56075, 0.565485], 'train_f1': [0.1737308781594038, 0.2403363734483719, 0.33522191691185704, 0.4268950210594762, 0.4644138999283314, 0.480393685400486, 0.4908278286457062, 0.5031442977488041, 0.5101207792758942, 0.5163349136710167, 0.5255430936813354, 0.5304698795080185, 0.5366062447428703, 0.5473638623952866, 0.5513470768928528, 0.5572012290358543, 0.5612017437815666], 'train_mae': [2.88864004611969, 2.6235074400901794, 2.303740015455882, 2.056058352139791, 1.9378624856472015, 1.8801249861717224, 1.8433949947357178, 1.798000007867813, 1.7748974859714508, 1.7415100038051605, 1.7221950143575668, 1.6857975125312805, 1.6489749997854233, 1.6124199777841568, 1.6073150038719177, 1.573907494544983, 1.5611774921417236], 'val_loss': [672.0854524672031, 618.6639771908522, 468.7138188126723, 408.4692226527691, 460.81225553154945, 448.03940729796886, 443.36558947712183, 435.1839740425348, 429.3221769332886, 425.6090642362833, 422.6145969480276, 421.0696509629488, 415.5031519308686, 410.80208909511566, 409.0782208144665, 406.8394441008568, 405.56653621047735], 'val_accuracy': [0.23395, 0.2848375, 0.3600333333333333, 0.4383416666666667, 0.46855, 0.4838875, 0.48815, 0.4986875, 0.5055125, 0.5092625, 0.5150875, 0.5163, 0.52245, 0.529575, 0.5318625, 0.5349875, 0.536075], 'val_f1': [0.17553397454321384, 0.24638357385993004, 0.33805981297472054, 0.4281867844568602, 0.4624972306191921, 0.47675934061408043, 0.48284318670630455, 0.4929465353488922, 0.4989243671298027, 0.5015566721558571, 0.5094770640134811, 0.5106385871767998, 0.5159840881824493, 0.5248523131012917, 0.5269164517521858, 0.5306303426623344, 0.531284898519516], 'val_mae': [2.8834250271320343, 2.574412524700165, 2.279925000921885, 2.0425249647776287, 1.935125008225441, 1.88348750770092, 1.8565500229597092, 1.8149375170469284, 1.8002500236034393, 1.7717750072479248, 1.7637625187635422, 1.739587515592575, 1.7097250074148178, 1.6799000054597855, 1.684437483549118, 1.6628499925136566, 1.6646499931812286]}}
AdaptationManager: Configuring next round...
{'client_registry': {'enabled': True, 'params': {}}, 'client_selector': {'enabled': True, 'params': {'selection_strategy': 'Resource-Based', 'selection_criteria': 'CPU', 'selection_value': 2}}, 'client_cluster': {'enabled': False, 'params': {}}, 'message_compressor': {'enabled': False, 'params': {}}, 'model_co-versioning_registry': {'enabled': False, 'params': {}}, 'multi-task_model_trainer': {'enabled': False, 'params': {}}, 'heterogeneous_data_handler': {'enabled': False, 'params': {}}}
{'client_selector': {'enabled': True}, 'client_cluster': {'enabled': False}, 'message_compressor': {'enabled': False}, 'model_co-versioning_registry': {'enabled': False}, 'multi-task_model_trainer': {'enabled': False}, 'heterogeneous_data_handler': {'enabled': False}, 'client_registry': {'enabled': True}}
Accuracy ok: Selector activated ✅
Accuracy ok: Selector activated ✅
Client Client 11 has insufficient CPU (1). Will not participate in the next FL round.
Client Client 12 has insufficient CPU (1). Will not participate in the next FL round.
Client Client 3 participates in this round. (CPU: 2, RAM: 2)
Client Client 9 has insufficient CPU (1). Will not participate in the next FL round.
Client Client 7 participates in this round. (CPU: 2, RAM: 2)
Client Client 1 participates in this round. (CPU: 2, RAM: 2)
Client Client 4 participates in this round. (CPU: 2, RAM: 2)
Client Client 8 participates in this round. (CPU: 2, RAM: 2)
Client Client 2 participates in this round. (CPU: 2, RAM: 2)
Client Client 6 participates in this round. (CPU: 2, RAM: 2)
Client Client 10 has insufficient CPU (1). Will not participate in the next FL round.
Client Client 5 participates in this round. (CPU: 2, RAM: 2)
Results Aggregated in 59.31 seconds.
{'CNN 16k': {'train_loss': [3364.1043508797884, 3109.4674111902714, 2348.2998532483675, 2041.2999609034523, 2290.677228398621, 2219.435515217483, 2187.8022299706936, 2139.5793877616525, 2100.7492526993155, 2074.7479543834925, 2047.4627561420202, 2031.243658527732, 1993.6264673247933, 1963.3116302639246, 1946.4593738093972, 1924.677922360599, 1907.6980546563864, 1894.2976741716266], 'train_accuracy': [0.23025, 0.2791025, 0.356605, 0.43686166666666665, 0.470335, 0.4870725, 0.4957725, 0.5085, 0.51591, 0.5231675, 0.5304225, 0.5351675, 0.542645, 0.55151, 0.5555975, 0.56075, 0.565485, 0.5707825], 'train_f1': [0.1737308781594038, 0.2403363734483719, 0.33522191691185704, 0.4268950210594762, 0.4644138999283314, 0.480393685400486, 0.4908278286457062, 0.5031442977488041, 0.5101207792758942, 0.5163349136710167, 0.5255430936813354, 0.5304698795080185, 0.5366062447428703, 0.5473638623952866, 0.5513470768928528, 0.5572012290358543, 0.5612017437815666, 0.5686878636479378], 'train_mae': [2.88864004611969, 2.6235074400901794, 2.303740015455882, 2.056058352139791, 1.9378624856472015, 1.8801249861717224, 1.8433949947357178, 1.798000007867813, 1.7748974859714508, 1.7415100038051605, 1.7221950143575668, 1.6857975125312805, 1.6489749997854233, 1.6124199777841568, 1.6073150038719177, 1.573907494544983, 1.5611774921417236, 1.5357449799776077], 'val_loss': [672.0854524672031, 618.6639771908522, 468.7138188126723, 408.4692226527691, 460.81225553154945, 448.03940729796886, 443.36558947712183, 435.1839740425348, 429.3221769332886, 425.6090642362833, 422.6145969480276, 421.0696509629488, 415.5031519308686, 410.80208909511566, 409.0782208144665, 406.8394441008568, 405.56653621047735, 404.5360229611397], 'val_accuracy': [0.23395, 0.2848375, 0.3600333333333333, 0.4383416666666667, 0.46855, 0.4838875, 0.48815, 0.4986875, 0.5055125, 0.5092625, 0.5150875, 0.5163, 0.52245, 0.529575, 0.5318625, 0.5349875, 0.536075, 0.540275], 'val_f1': [0.17553397454321384, 0.24638357385993004, 0.33805981297472054, 0.4281867844568602, 0.4624972306191921, 0.47675934061408043, 0.48284318670630455, 0.4929465353488922, 0.4989243671298027, 0.5015566721558571, 0.5094770640134811, 0.5106385871767998, 0.5159840881824493, 0.5248523131012917, 0.5269164517521858, 0.5306303426623344, 0.531284898519516, 0.537888191640377], 'val_mae': [2.8834250271320343, 2.574412524700165, 2.279925000921885, 2.0425249647776287, 1.935125008225441, 1.88348750770092, 1.8565500229597092, 1.8149375170469284, 1.8002500236034393, 1.7717750072479248, 1.7637625187635422, 1.739587515592575, 1.7097250074148178, 1.6799000054597855, 1.684437483549118, 1.6628499925136566, 1.6646499931812286, 1.644137516617775]}}
AdaptationManager: Configuring next round...
{'client_registry': {'enabled': True, 'params': {}}, 'client_selector': {'enabled': True, 'params': {'selection_strategy': 'Resource-Based', 'selection_criteria': 'CPU', 'selection_value': 2}}, 'client_cluster': {'enabled': False, 'params': {}}, 'message_compressor': {'enabled': False, 'params': {}}, 'model_co-versioning_registry': {'enabled': False, 'params': {}}, 'multi-task_model_trainer': {'enabled': False, 'params': {}}, 'heterogeneous_data_handler': {'enabled': False, 'params': {}}}
{'client_selector': {'enabled': True}, 'client_cluster': {'enabled': False}, 'message_compressor': {'enabled': False}, 'model_co-versioning_registry': {'enabled': False}, 'multi-task_model_trainer': {'enabled': False}, 'heterogeneous_data_handler': {'enabled': False}, 'client_registry': {'enabled': True}}
Accuracy ok: Selector activated ✅
Accuracy ok: Selector activated ✅
Client Client 5 participates in this round. (CPU: 2, RAM: 2)
Client Client 2 participates in this round. (CPU: 2, RAM: 2)
Client Client 3 participates in this round. (CPU: 2, RAM: 2)
Client Client 11 has insufficient CPU (1). Will not participate in the next FL round.
Client Client 9 has insufficient CPU (1). Will not participate in the next FL round.
Client Client 8 participates in this round. (CPU: 2, RAM: 2)
Client Client 12 has insufficient CPU (1). Will not participate in the next FL round.
Client Client 1 participates in this round. (CPU: 2, RAM: 2)
Client Client 10 has insufficient CPU (1). Will not participate in the next FL round.
Client Client 7 participates in this round. (CPU: 2, RAM: 2)
Client Client 6 participates in this round. (CPU: 2, RAM: 2)
Client Client 4 participates in this round. (CPU: 2, RAM: 2)
Results Aggregated in 61.38 seconds.
{'CNN 16k': {'train_loss': [3364.1043508797884, 3109.4674111902714, 2348.2998532483675, 2041.2999609034523, 2290.677228398621, 2219.435515217483, 2187.8022299706936, 2139.5793877616525, 2100.7492526993155, 2074.7479543834925, 2047.4627561420202, 2031.243658527732, 1993.6264673247933, 1963.3116302639246, 1946.4593738093972, 1924.677922360599, 1907.6980546563864, 1894.2976741716266, 1879.8833743929863], 'train_accuracy': [0.23025, 0.2791025, 0.356605, 0.43686166666666665, 0.470335, 0.4870725, 0.4957725, 0.5085, 0.51591, 0.5231675, 0.5304225, 0.5351675, 0.542645, 0.55151, 0.5555975, 0.56075, 0.565485, 0.5707825, 0.57265], 'train_f1': [0.1737308781594038, 0.2403363734483719, 0.33522191691185704, 0.4268950210594762, 0.4644138999283314, 0.480393685400486, 0.4908278286457062, 0.5031442977488041, 0.5101207792758942, 0.5163349136710167, 0.5255430936813354, 0.5304698795080185, 0.5366062447428703, 0.5473638623952866, 0.5513470768928528, 0.5572012290358543, 0.5612017437815666, 0.5686878636479378, 0.5688459053635597], 'train_mae': [2.88864004611969, 2.6235074400901794, 2.303740015455882, 2.056058352139791, 1.9378624856472015, 1.8801249861717224, 1.8433949947357178, 1.798000007867813, 1.7748974859714508, 1.7415100038051605, 1.7221950143575668, 1.6857975125312805, 1.6489749997854233, 1.6124199777841568, 1.6073150038719177, 1.573907494544983, 1.5611774921417236, 1.5357449799776077, 1.5294725000858307], 'val_loss': [672.0854524672031, 618.6639771908522, 468.7138188126723, 408.4692226527691, 460.81225553154945, 448.03940729796886, 443.36558947712183, 435.1839740425348, 429.3221769332886, 425.6090642362833, 422.6145969480276, 421.0696509629488, 415.5031519308686, 410.80208909511566, 409.0782208144665, 406.8394441008568, 405.56653621047735, 404.5360229611397, 403.97003630548716], 'val_accuracy': [0.23395, 0.2848375, 0.3600333333333333, 0.4383416666666667, 0.46855, 0.4838875, 0.48815, 0.4986875, 0.5055125, 0.5092625, 0.5150875, 0.5163, 0.52245, 0.529575, 0.5318625, 0.5349875, 0.536075, 0.540275, 0.5410125], 'val_f1': [0.17553397454321384, 0.24638357385993004, 0.33805981297472054, 0.4281867844568602, 0.4624972306191921, 0.47675934061408043, 0.48284318670630455, 0.4929465353488922, 0.4989243671298027, 0.5015566721558571, 0.5094770640134811, 0.5106385871767998, 0.5159840881824493, 0.5248523131012917, 0.5269164517521858, 0.5306303426623344, 0.531284898519516, 0.537888191640377, 0.5367573946714401], 'val_mae': [2.8834250271320343, 2.574412524700165, 2.279925000921885, 2.0425249647776287, 1.935125008225441, 1.88348750770092, 1.8565500229597092, 1.8149375170469284, 1.8002500236034393, 1.7717750072479248, 1.7637625187635422, 1.739587515592575, 1.7097250074148178, 1.6799000054597855, 1.684437483549118, 1.6628499925136566, 1.6646499931812286, 1.644137516617775, 1.642737478017807]}}
AdaptationManager: Configuring next round...
{'client_registry': {'enabled': True, 'params': {}}, 'client_selector': {'enabled': True, 'params': {'selection_strategy': 'Resource-Based', 'selection_criteria': 'CPU', 'selection_value': 2}}, 'client_cluster': {'enabled': False, 'params': {}}, 'message_compressor': {'enabled': False, 'params': {}}, 'model_co-versioning_registry': {'enabled': False, 'params': {}}, 'multi-task_model_trainer': {'enabled': False, 'params': {}}, 'heterogeneous_data_handler': {'enabled': False, 'params': {}}}
{'client_selector': {'enabled': True}, 'client_cluster': {'enabled': False}, 'message_compressor': {'enabled': False}, 'model_co-versioning_registry': {'enabled': False}, 'multi-task_model_trainer': {'enabled': False}, 'heterogeneous_data_handler': {'enabled': False}, 'client_registry': {'enabled': True}}
Accuracy too low or decreasing, Selector de-activated ❌
Accuracy too low or decreasing, Selector de-activated ❌
Results Aggregated in 70.52 seconds.
{'CNN 16k': {'train_loss': [3364.1043508797884, 3109.4674111902714, 2348.2998532483675, 2041.2999609034523, 2290.677228398621, 2219.435515217483, 2187.8022299706936, 2139.5793877616525, 2100.7492526993155, 2074.7479543834925, 2047.4627561420202, 2031.243658527732, 1993.6264673247933, 1963.3116302639246, 1946.4593738093972, 1924.677922360599, 1907.6980546563864, 1894.2976741716266, 1879.8833743929863, 1562.7853211992724], 'train_accuracy': [0.23025, 0.2791025, 0.356605, 0.43686166666666665, 0.470335, 0.4870725, 0.4957725, 0.5085, 0.51591, 0.5231675, 0.5304225, 0.5351675, 0.542645, 0.55151, 0.5555975, 0.56075, 0.565485, 0.5707825, 0.57265, 0.5704933333333333], 'train_f1': [0.1737308781594038, 0.2403363734483719, 0.33522191691185704, 0.4268950210594762, 0.4644138999283314, 0.480393685400486, 0.4908278286457062, 0.5031442977488041, 0.5101207792758942, 0.5163349136710167, 0.5255430936813354, 0.5304698795080185, 0.5366062447428703, 0.5473638623952866, 0.5513470768928528, 0.5572012290358543, 0.5612017437815666, 0.5686878636479378, 0.5688459053635597, 0.5639003689759442], 'train_mae': [2.88864004611969, 2.6235074400901794, 2.303740015455882, 2.056058352139791, 1.9378624856472015, 1.8801249861717224, 1.8433949947357178, 1.798000007867813, 1.7748974859714508, 1.7415100038051605, 1.7221950143575668, 1.6857975125312805, 1.6489749997854233, 1.6124199777841568, 1.6073150038719177, 1.573907494544983, 1.5611774921417236, 1.5357449799776077, 1.5294725000858307, 1.5500683372910817], 'val_loss': [672.0854524672031, 618.6639771908522, 468.7138188126723, 408.4692226527691, 460.81225553154945, 448.03940729796886, 443.36558947712183, 435.1839740425348, 429.3221769332886, 425.6090642362833, 422.6145969480276, 421.0696509629488, 415.5031519308686, 410.80208909511566, 409.0782208144665, 406.8394441008568, 405.56653621047735, 404.5360229611397, 403.97003630548716, 337.46532486466566], 'val_accuracy': [0.23395, 0.2848375, 0.3600333333333333, 0.4383416666666667, 0.46855, 0.4838875, 0.48815, 0.4986875, 0.5055125, 0.5092625, 0.5150875, 0.5163, 0.52245, 0.529575, 0.5318625, 0.5349875, 0.536075, 0.540275, 0.5410125, 0.5382583333333333], 'val_f1': [0.17553397454321384, 0.24638357385993004, 0.33805981297472054, 0.4281867844568602, 0.4624972306191921, 0.47675934061408043, 0.48284318670630455, 0.4929465353488922, 0.4989243671298027, 0.5015566721558571, 0.5094770640134811, 0.5106385871767998, 0.5159840881824493, 0.5248523131012917, 0.5269164517521858, 0.5306303426623344, 0.531284898519516, 0.537888191640377, 0.5367573946714401, 0.5310825194215641], 'val_mae': [2.8834250271320343, 2.574412524700165, 2.279925000921885, 2.0425249647776287, 1.935125008225441, 1.88348750770092, 1.8565500229597092, 1.8149375170469284, 1.8002500236034393, 1.7717750072479248, 1.7637625187635422, 1.739587515592575, 1.7097250074148178, 1.6799000054597855, 1.684437483549118, 1.6628499925136566, 1.6646499931812286, 1.644137516617775, 1.642737478017807, 1.6642166832923888]}}
AdaptationManager: Configuring next round...
{'client_registry': {'enabled': True, 'params': {}}, 'client_selector': {'enabled': True, 'params': {'selection_strategy': 'Resource-Based', 'selection_criteria': 'CPU', 'selection_value': 2}}, 'client_cluster': {'enabled': False, 'params': {}}, 'message_compressor': {'enabled': False, 'params': {}}, 'model_co-versioning_registry': {'enabled': False, 'params': {}}, 'multi-task_model_trainer': {'enabled': False, 'params': {}}, 'heterogeneous_data_handler': {'enabled': False, 'params': {}}}
{'client_selector': {'enabled': False}, 'client_cluster': {'enabled': False}, 'message_compressor': {'enabled': False}, 'model_co-versioning_registry': {'enabled': False}, 'multi-task_model_trainer': {'enabled': False}, 'heterogeneous_data_handler': {'enabled': False}, 'client_registry': {'enabled': False}}
Accuracy too low or decreasing, Selector de-activated ❌
Accuracy too low or decreasing, Selector de-activated ❌
