==========================================
  ___  ______  ___ ______       _ 
 / _ \ | ___ \/   ||  ___|     | |
/ /_\ \| |_/ / /| || |_ ___  __| |
|  _  ||  __/ /_| ||  _/ _ \/ _` |
| | | || |  \___  || ||  __/ (_| |
\_| |_/\_|      |_/\_| \___|\__,_| v.1.5.0

==========================================
Simulation Started!
List of the Architectural Patterns enabled:
Client Registry ✅
==========================================
client Client 28 injecting delay of 2 seconds
client Client 25 injecting delay of 1 seconds
client Client 26 injecting delay of 1 seconds
client Client 24 injecting delay of 4 seconds
client Client 27 injecting delay of 8 seconds
client Client 23 injecting delay of 9 seconds
Results Aggregated in 38.51 seconds.
{'TextMLP': {'train_loss': [0.6180490544160208], 'train_accuracy': [0.7752194444444445], 'train_f1': [0.7745558760916982], 'train_mae': [0.35749305555555555], 'val_loss': [0.6275277287081669], 'val_accuracy': [0.7700877192982456], 'val_f1': [0.7694805384404776], 'val_mae': [0.3617982456140351], 'jsd': [(0, 0, 0, 0, 0, 0)]}}
client Client 25 injecting delay of 9 seconds
client Client 28 injecting delay of 2 seconds
client Client 26 injecting delay of 3 seconds
client Client 23 injecting delay of 3 seconds
client Client 24 injecting delay of 6 seconds
client Client 27 injecting delay of 4 seconds
Results Aggregated in 18.65 seconds.
{'TextMLP': {'train_loss': [0.6180490544160208, 0.5274345590167575], 'train_accuracy': [0.7752194444444445, 0.8090708333333333], 'train_f1': [0.7745558760916982, 0.8080625861229768], 'train_mae': [0.35749305555555555, 0.3012138888888889], 'val_loss': [0.6275277287081669, 0.5414137765399196], 'val_accuracy': [0.7700877192982456, 0.7998464912280703], 'val_f1': [0.7694805384404776, 0.7988121002919621], 'val_mae': [0.3617982456140351, 0.31407894736842107], 'jsd': [(0, 0, 0, 0, 0, 0), (0, 0, 0, 0, 0, 0)]}}
client Client 26 injecting delay of 1 seconds
client Client 28 injecting delay of 4 seconds
client Client 25 injecting delay of 7 seconds
client Client 23 injecting delay of 4 seconds
client Client 27 injecting delay of 8 seconds
client Client 24 injecting delay of 2 seconds
Results Aggregated in 19.31 seconds.
{'TextMLP': {'train_loss': [0.6180490544160208, 0.5274345590167575, 0.49189894029166964], 'train_accuracy': [0.7752194444444445, 0.8090708333333333, 0.8224319444444445], 'train_f1': [0.7745558760916982, 0.8080625861229768, 0.8216680518349881], 'train_mae': [0.35749305555555555, 0.3012138888888889, 0.2804], 'val_loss': [0.6275277287081669, 0.5414137765399196, 0.5066036587953567], 'val_accuracy': [0.7700877192982456, 0.7998464912280703, 0.8119517543859649], 'val_f1': [0.7694805384404776, 0.7988121002919621, 0.8111395394332385], 'val_mae': [0.3617982456140351, 0.31407894736842107, 0.29526315789473684], 'jsd': [(0, 0, 0, 0, 0, 0), (0, 0, 0, 0, 0, 0), (0, 0, 0, 0, 0, 0)]}}
client Client 28 injecting delay of 1 seconds
client Client 25 injecting delay of 10 seconds
client Client 26 injecting delay of 4 seconds
client Client 24 injecting delay of 0 seconds
client Client 23 injecting delay of 7 seconds
client Client 27 injecting delay of 8 seconds
Results Aggregated in 19.83 seconds.
{'TextMLP': {'train_loss': [0.6180490544160208, 0.5274345590167575, 0.49189894029166964, 0.4715375261677636], 'train_accuracy': [0.7752194444444445, 0.8090708333333333, 0.8224319444444445, 0.829225], 'train_f1': [0.7745558760916982, 0.8080625861229768, 0.8216680518349881, 0.8282955990053522], 'train_mae': [0.35749305555555555, 0.3012138888888889, 0.2804, 0.26950555555555555], 'val_loss': [0.6275277287081669, 0.5414137765399196, 0.5066036587953567, 0.48661698248302726], 'val_accuracy': [0.7700877192982456, 0.7998464912280703, 0.8119517543859649, 0.8206359649122807], 'val_f1': [0.7694805384404776, 0.7988121002919621, 0.8111395394332385, 0.8195348827197989], 'val_mae': [0.3617982456140351, 0.31407894736842107, 0.29526315789473684, 0.28309210526315787], 'jsd': [(0, 0, 0, 0, 0, 0), (0, 0, 0, 0, 0, 0), (0, 0, 0, 0, 0, 0), (0, 0, 0, 0, 0, 0)]}}
client Client 25 injecting delay of 4 seconds
client Client 24 injecting delay of 2 seconds
client Client 28 injecting delay of 3 seconds
client Client 23 injecting delay of 9 seconds
client Client 26 injecting delay of 4 seconds
client Client 27 injecting delay of 10 seconds
Results Aggregated in 22.97 seconds.
{'TextMLP': {'train_loss': [0.6180490544160208, 0.5274345590167575, 0.49189894029166964, 0.4715375261677636, 0.462383798052205], 'train_accuracy': [0.7752194444444445, 0.8090708333333333, 0.8224319444444445, 0.829225, 0.83225], 'train_f1': [0.7745558760916982, 0.8080625861229768, 0.8216680518349881, 0.8282955990053522, 0.8319719027560876], 'train_mae': [0.35749305555555555, 0.3012138888888889, 0.2804, 0.26950555555555555, 0.26134305555555554], 'val_loss': [0.6275277287081669, 0.5414137765399196, 0.5066036587953567, 0.48661698248302726, 0.4773595925695018], 'val_accuracy': [0.7700877192982456, 0.7998464912280703, 0.8119517543859649, 0.8206359649122807, 0.824188596491228], 'val_f1': [0.7694805384404776, 0.7988121002919621, 0.8111395394332385, 0.8195348827197989, 0.8238705091297793], 'val_mae': [0.3617982456140351, 0.31407894736842107, 0.29526315789473684, 0.28309210526315787, 0.2730482456140351], 'jsd': [(0, 0, 0, 0, 0, 0), (0, 0, 0, 0, 0, 0), (0, 0, 0, 0, 0, 0), (0, 0, 0, 0, 0, 0), (0, 0, 0, 0, 0, 0)]}}
client Client 26 injecting delay of 9 seconds
client Client 27 injecting delay of 5 seconds
client Client 23 injecting delay of 5 seconds
client Client 24 injecting delay of 0 seconds
client Client 25 injecting delay of 10 seconds
client Client 28 injecting delay of 7 seconds
Results Aggregated in 20.54 seconds.
{'TextMLP': {'train_loss': [0.6180490544160208, 0.5274345590167575, 0.49189894029166964, 0.4715375261677636, 0.462383798052205, 0.4543928247862392], 'train_accuracy': [0.7752194444444445, 0.8090708333333333, 0.8224319444444445, 0.829225, 0.83225, 0.8347180555555556], 'train_f1': [0.7745558760916982, 0.8080625861229768, 0.8216680518349881, 0.8282955990053522, 0.8319719027560876, 0.8341783007395516], 'train_mae': [0.35749305555555555, 0.3012138888888889, 0.2804, 0.26950555555555555, 0.26134305555555554, 0.2608736111111111], 'val_loss': [0.6275277287081669, 0.5414137765399196, 0.5066036587953567, 0.48661698248302726, 0.4773595925695018, 0.4713548224432426], 'val_accuracy': [0.7700877192982456, 0.7998464912280703, 0.8119517543859649, 0.8206359649122807, 0.824188596491228, 0.8260964912280703], 'val_f1': [0.7694805384404776, 0.7988121002919621, 0.8111395394332385, 0.8195348827197989, 0.8238705091297793, 0.8255197607782563], 'val_mae': [0.3617982456140351, 0.31407894736842107, 0.29526315789473684, 0.28309210526315787, 0.2730482456140351, 0.2731578947368421], 'jsd': [(0, 0, 0, 0, 0, 0), (0, 0, 0, 0, 0, 0), (0, 0, 0, 0, 0, 0), (0, 0, 0, 0, 0, 0), (0, 0, 0, 0, 0, 0), (0, 0, 0, 0, 0, 0)]}}
client Client 24 injecting delay of 10 seconds
client Client 25 injecting delay of 3 seconds
client Client 27 injecting delay of 4 seconds
client Client 28 injecting delay of 5 seconds
client Client 26 injecting delay of 3 seconds
client Client 23 injecting delay of 0 seconds
Results Aggregated in 20.19 seconds.
{'TextMLP': {'train_loss': [0.6180490544160208, 0.5274345590167575, 0.49189894029166964, 0.4715375261677636, 0.462383798052205, 0.4543928247862392, 0.44593971391916276], 'train_accuracy': [0.7752194444444445, 0.8090708333333333, 0.8224319444444445, 0.829225, 0.83225, 0.8347180555555556, 0.8381138888888889], 'train_f1': [0.7745558760916982, 0.8080625861229768, 0.8216680518349881, 0.8282955990053522, 0.8319719027560876, 0.8341783007395516, 0.8376476493342652], 'train_mae': [0.35749305555555555, 0.3012138888888889, 0.2804, 0.26950555555555555, 0.26134305555555554, 0.2608736111111111, 0.2550513888888889], 'val_loss': [0.6275277287081669, 0.5414137765399196, 0.5066036587953567, 0.48661698248302726, 0.4773595925695018, 0.4713548224432426, 0.46355024918129567], 'val_accuracy': [0.7700877192982456, 0.7998464912280703, 0.8119517543859649, 0.8206359649122807, 0.824188596491228, 0.8260964912280703, 0.8292982456140351], 'val_f1': [0.7694805384404776, 0.7988121002919621, 0.8111395394332385, 0.8195348827197989, 0.8238705091297793, 0.8255197607782563, 0.8287346118886428], 'val_mae': [0.3617982456140351, 0.31407894736842107, 0.29526315789473684, 0.28309210526315787, 0.2730482456140351, 0.2731578947368421, 0.26760964912280705], 'jsd': [(0, 0, 0, 0, 0, 0), (0, 0, 0, 0, 0, 0), (0, 0, 0, 0, 0, 0), (0, 0, 0, 0, 0, 0), (0, 0, 0, 0, 0, 0), (0, 0, 0, 0, 0, 0), (0, 0, 0, 0, 0, 0)]}}
client Client 26 injecting delay of 6 seconds
client Client 28 injecting delay of 0 seconds
client Client 25 injecting delay of 6 seconds
client Client 23 injecting delay of 7 seconds
client Client 24 injecting delay of 0 seconds
client Client 27 injecting delay of 4 seconds
Results Aggregated in 18.52 seconds.
{'TextMLP': {'train_loss': [0.6180490544160208, 0.5274345590167575, 0.49189894029166964, 0.4715375261677636, 0.462383798052205, 0.4543928247862392, 0.44593971391916276, 0.44547007053560683], 'train_accuracy': [0.7752194444444445, 0.8090708333333333, 0.8224319444444445, 0.829225, 0.83225, 0.8347180555555556, 0.8381138888888889, 0.8375736111111111], 'train_f1': [0.7745558760916982, 0.8080625861229768, 0.8216680518349881, 0.8282955990053522, 0.8319719027560876, 0.8341783007395516, 0.8376476493342652, 0.8373180817630133], 'train_mae': [0.35749305555555555, 0.3012138888888889, 0.2804, 0.26950555555555555, 0.26134305555555554, 0.2608736111111111, 0.2550513888888889, 0.25955555555555554], 'val_loss': [0.6275277287081669, 0.5414137765399196, 0.5066036587953567, 0.48661698248302726, 0.4773595925695018, 0.4713548224432426, 0.46355024918129567, 0.4642328175013526], 'val_accuracy': [0.7700877192982456, 0.7998464912280703, 0.8119517543859649, 0.8206359649122807, 0.824188596491228, 0.8260964912280703, 0.8292982456140351, 0.8285087719298246], 'val_f1': [0.7694805384404776, 0.7988121002919621, 0.8111395394332385, 0.8195348827197989, 0.8238705091297793, 0.8255197607782563, 0.8287346118886428, 0.828212837442681], 'val_mae': [0.3617982456140351, 0.31407894736842107, 0.29526315789473684, 0.28309210526315787, 0.2730482456140351, 0.2731578947368421, 0.26760964912280705, 0.2727631578947368], 'jsd': [(0, 0, 0, 0, 0, 0), (0, 0, 0, 0, 0, 0), (0, 0, 0, 0, 0, 0), (0, 0, 0, 0, 0, 0), (0, 0, 0, 0, 0, 0), (0, 0, 0, 0, 0, 0), (0, 0, 0, 0, 0, 0), (0, 0, 0, 0, 0, 0)]}}
client Client 24 injecting delay of 10 seconds
client Client 25 injecting delay of 8 seconds
client Client 26 injecting delay of 9 seconds
client Client 28 injecting delay of 6 seconds
client Client 27 injecting delay of 5 seconds
client Client 23 injecting delay of 10 seconds
Results Aggregated in 22.70 seconds.
{'TextMLP': {'train_loss': [0.6180490544160208, 0.5274345590167575, 0.49189894029166964, 0.4715375261677636, 0.462383798052205, 0.4543928247862392, 0.44593971391916276, 0.44547007053560683, 0.44195989919371076], 'train_accuracy': [0.7752194444444445, 0.8090708333333333, 0.8224319444444445, 0.829225, 0.83225, 0.8347180555555556, 0.8381138888888889, 0.8375736111111111, 0.8383763888888889], 'train_f1': [0.7745558760916982, 0.8080625861229768, 0.8216680518349881, 0.8282955990053522, 0.8319719027560876, 0.8341783007395516, 0.8376476493342652, 0.8373180817630133, 0.8379853909809448], 'train_mae': [0.35749305555555555, 0.3012138888888889, 0.2804, 0.26950555555555555, 0.26134305555555554, 0.2608736111111111, 0.2550513888888889, 0.25955555555555554, 0.2559138888888889], 'val_loss': [0.6275277287081669, 0.5414137765399196, 0.5066036587953567, 0.48661698248302726, 0.4773595925695018, 0.4713548224432426, 0.46355024918129567, 0.4642328175013526, 0.4601621401309967], 'val_accuracy': [0.7700877192982456, 0.7998464912280703, 0.8119517543859649, 0.8206359649122807, 0.824188596491228, 0.8260964912280703, 0.8292982456140351, 0.8285087719298246, 0.8301535087719297], 'val_f1': [0.7694805384404776, 0.7988121002919621, 0.8111395394332385, 0.8195348827197989, 0.8238705091297793, 0.8255197607782563, 0.8287346118886428, 0.828212837442681, 0.8297551470800141], 'val_mae': [0.3617982456140351, 0.31407894736842107, 0.29526315789473684, 0.28309210526315787, 0.2730482456140351, 0.2731578947368421, 0.26760964912280705, 0.2727631578947368, 0.2671710526315789], 'jsd': [(0, 0, 0, 0, 0, 0), (0, 0, 0, 0, 0, 0), (0, 0, 0, 0, 0, 0), (0, 0, 0, 0, 0, 0), (0, 0, 0, 0, 0, 0), (0, 0, 0, 0, 0, 0), (0, 0, 0, 0, 0, 0), (0, 0, 0, 0, 0, 0), (0, 0, 0, 0, 0, 0)]}}
client Client 24 injecting delay of 10 seconds
client Client 25 injecting delay of 9 seconds
client Client 28 injecting delay of 4 seconds
client Client 27 injecting delay of 10 seconds
client Client 23 injecting delay of 8 seconds
client Client 26 injecting delay of 9 seconds
Results Aggregated in 20.62 seconds.
{'TextMLP': {'train_loss': [0.6180490544160208, 0.5274345590167575, 0.49189894029166964, 0.4715375261677636, 0.462383798052205, 0.4543928247862392, 0.44593971391916276, 0.44547007053560683, 0.44195989919371076, 0.4408455619070265], 'train_accuracy': [0.7752194444444445, 0.8090708333333333, 0.8224319444444445, 0.829225, 0.83225, 0.8347180555555556, 0.8381138888888889, 0.8375736111111111, 0.8383763888888889, 0.8388597222222223], 'train_f1': [0.7745558760916982, 0.8080625861229768, 0.8216680518349881, 0.8282955990053522, 0.8319719027560876, 0.8341783007395516, 0.8376476493342652, 0.8373180817630133, 0.8379853909809448, 0.8388995608112136], 'train_mae': [0.35749305555555555, 0.3012138888888889, 0.2804, 0.26950555555555555, 0.26134305555555554, 0.2608736111111111, 0.2550513888888889, 0.25955555555555554, 0.2559138888888889, 0.25608055555555553], 'val_loss': [0.6275277287081669, 0.5414137765399196, 0.5066036587953567, 0.48661698248302726, 0.4773595925695018, 0.4713548224432426, 0.46355024918129567, 0.4642328175013526, 0.4601621401309967, 0.460096301258656], 'val_accuracy': [0.7700877192982456, 0.7998464912280703, 0.8119517543859649, 0.8206359649122807, 0.824188596491228, 0.8260964912280703, 0.8292982456140351, 0.8285087719298246, 0.8301535087719297, 0.830592105263158], 'val_f1': [0.7694805384404776, 0.7988121002919621, 0.8111395394332385, 0.8195348827197989, 0.8238705091297793, 0.8255197607782563, 0.8287346118886428, 0.828212837442681, 0.8297551470800141, 0.8306176194004301], 'val_mae': [0.3617982456140351, 0.31407894736842107, 0.29526315789473684, 0.28309210526315787, 0.2730482456140351, 0.2731578947368421, 0.26760964912280705, 0.2727631578947368, 0.2671710526315789, 0.2677412280701754], 'jsd': [(0, 0, 0, 0, 0, 0), (0, 0, 0, 0, 0, 0), (0, 0, 0, 0, 0, 0), (0, 0, 0, 0, 0, 0), (0, 0, 0, 0, 0, 0), (0, 0, 0, 0, 0, 0), (0, 0, 0, 0, 0, 0), (0, 0, 0, 0, 0, 0), (0, 0, 0, 0, 0, 0), (0, 0, 0, 0, 0, 0)]}}
client Client 25 injecting delay of 10 seconds
client Client 23 injecting delay of 4 seconds
client Client 26 injecting delay of 6 seconds
client Client 24 injecting delay of 5 seconds
client Client 28 injecting delay of 6 seconds
client Client 27 injecting delay of 10 seconds
Results Aggregated in 21.38 seconds.
{'TextMLP': {'train_loss': [0.6180490544160208, 0.5274345590167575, 0.49189894029166964, 0.4715375261677636, 0.462383798052205, 0.4543928247862392, 0.44593971391916276, 0.44547007053560683, 0.44195989919371076, 0.4408455619070265, 0.44171254852215447], 'train_accuracy': [0.7752194444444445, 0.8090708333333333, 0.8224319444444445, 0.829225, 0.83225, 0.8347180555555556, 0.8381138888888889, 0.8375736111111111, 0.8383763888888889, 0.8388597222222223, 0.8380819444444444], 'train_f1': [0.7745558760916982, 0.8080625861229768, 0.8216680518349881, 0.8282955990053522, 0.8319719027560876, 0.8341783007395516, 0.8376476493342652, 0.8373180817630133, 0.8379853909809448, 0.8388995608112136, 0.8378654444741263], 'train_mae': [0.35749305555555555, 0.3012138888888889, 0.2804, 0.26950555555555555, 0.26134305555555554, 0.2608736111111111, 0.2550513888888889, 0.25955555555555554, 0.2559138888888889, 0.25608055555555553, 0.2558486111111111], 'val_loss': [0.6275277287081669, 0.5414137765399196, 0.5066036587953567, 0.48661698248302726, 0.4773595925695018, 0.4713548224432426, 0.46355024918129567, 0.4642328175013526, 0.4601621401309967, 0.460096301258656, 0.4609787766452421], 'val_accuracy': [0.7700877192982456, 0.7998464912280703, 0.8119517543859649, 0.8206359649122807, 0.824188596491228, 0.8260964912280703, 0.8292982456140351, 0.8285087719298246, 0.8301535087719297, 0.830592105263158, 0.8298903508771931], 'val_f1': [0.7694805384404776, 0.7988121002919621, 0.8111395394332385, 0.8195348827197989, 0.8238705091297793, 0.8255197607782563, 0.8287346118886428, 0.828212837442681, 0.8297551470800141, 0.8306176194004301, 0.8296158816675387], 'val_mae': [0.3617982456140351, 0.31407894736842107, 0.29526315789473684, 0.28309210526315787, 0.2730482456140351, 0.2731578947368421, 0.26760964912280705, 0.2727631578947368, 0.2671710526315789, 0.2677412280701754, 0.2670175438596491], 'jsd': [(0, 0, 0, 0, 0, 0), (0, 0, 0, 0, 0, 0), (0, 0, 0, 0, 0, 0), (0, 0, 0, 0, 0, 0), (0, 0, 0, 0, 0, 0), (0, 0, 0, 0, 0, 0), (0, 0, 0, 0, 0, 0), (0, 0, 0, 0, 0, 0), (0, 0, 0, 0, 0, 0), (0, 0, 0, 0, 0, 0), (0, 0, 0, 0, 0, 0)]}}
client Client 28 injecting delay of 0 seconds
client Client 25 injecting delay of 4 seconds
client Client 26 injecting delay of 2 seconds
client Client 23 injecting delay of 6 seconds
client Client 24 injecting delay of 1 seconds
client Client 27 injecting delay of 8 seconds
Results Aggregated in 18.77 seconds.
{'TextMLP': {'train_loss': [0.6180490544160208, 0.5274345590167575, 0.49189894029166964, 0.4715375261677636, 0.462383798052205, 0.4543928247862392, 0.44593971391916276, 0.44547007053560683, 0.44195989919371076, 0.4408455619070265, 0.44171254852215447, 0.43911062483655083], 'train_accuracy': [0.7752194444444445, 0.8090708333333333, 0.8224319444444445, 0.829225, 0.83225, 0.8347180555555556, 0.8381138888888889, 0.8375736111111111, 0.8383763888888889, 0.8388597222222223, 0.8380819444444444, 0.8386847222222222], 'train_f1': [0.7745558760916982, 0.8080625861229768, 0.8216680518349881, 0.8282955990053522, 0.8319719027560876, 0.8341783007395516, 0.8376476493342652, 0.8373180817630133, 0.8379853909809448, 0.8388995608112136, 0.8378654444741263, 0.8383561140331903], 'train_mae': [0.35749305555555555, 0.3012138888888889, 0.2804, 0.26950555555555555, 0.26134305555555554, 0.2608736111111111, 0.2550513888888889, 0.25955555555555554, 0.2559138888888889, 0.25608055555555553, 0.2558486111111111, 0.2551847222222222], 'val_loss': [0.6275277287081669, 0.5414137765399196, 0.5066036587953567, 0.48661698248302726, 0.4773595925695018, 0.4713548224432426, 0.46355024918129567, 0.4642328175013526, 0.4601621401309967, 0.460096301258656, 0.4609787766452421, 0.45861909854830357], 'val_accuracy': [0.7700877192982456, 0.7998464912280703, 0.8119517543859649, 0.8206359649122807, 0.824188596491228, 0.8260964912280703, 0.8292982456140351, 0.8285087719298246, 0.8301535087719297, 0.830592105263158, 0.8298903508771931, 0.8303070175438597], 'val_f1': [0.7694805384404776, 0.7988121002919621, 0.8111395394332385, 0.8195348827197989, 0.8238705091297793, 0.8255197607782563, 0.8287346118886428, 0.828212837442681, 0.8297551470800141, 0.8306176194004301, 0.8296158816675387, 0.8299353190617074], 'val_mae': [0.3617982456140351, 0.31407894736842107, 0.29526315789473684, 0.28309210526315787, 0.2730482456140351, 0.2731578947368421, 0.26760964912280705, 0.2727631578947368, 0.2671710526315789, 0.2677412280701754, 0.2670175438596491, 0.26712719298245613], 'jsd': [(0, 0, 0, 0, 0, 0), (0, 0, 0, 0, 0, 0), (0, 0, 0, 0, 0, 0), (0, 0, 0, 0, 0, 0), (0, 0, 0, 0, 0, 0), (0, 0, 0, 0, 0, 0), (0, 0, 0, 0, 0, 0), (0, 0, 0, 0, 0, 0), (0, 0, 0, 0, 0, 0), (0, 0, 0, 0, 0, 0), (0, 0, 0, 0, 0, 0), (0, 0, 0, 0, 0, 0)]}}
client Client 25 injecting delay of 0 seconds
client Client 26 injecting delay of 0 seconds
client Client 23 injecting delay of 8 seconds
client Client 28 injecting delay of 4 seconds
client Client 27 injecting delay of 2 seconds
client Client 24 injecting delay of 5 seconds
Results Aggregated in 18.26 seconds.
{'TextMLP': {'train_loss': [0.6180490544160208, 0.5274345590167575, 0.49189894029166964, 0.4715375261677636, 0.462383798052205, 0.4543928247862392, 0.44593971391916276, 0.44547007053560683, 0.44195989919371076, 0.4408455619070265, 0.44171254852215447, 0.43911062483655083, 0.43360715872579153], 'train_accuracy': [0.7752194444444445, 0.8090708333333333, 0.8224319444444445, 0.829225, 0.83225, 0.8347180555555556, 0.8381138888888889, 0.8375736111111111, 0.8383763888888889, 0.8388597222222223, 0.8380819444444444, 0.8386847222222222, 0.8409916666666667], 'train_f1': [0.7745558760916982, 0.8080625861229768, 0.8216680518349881, 0.8282955990053522, 0.8319719027560876, 0.8341783007395516, 0.8376476493342652, 0.8373180817630133, 0.8379853909809448, 0.8388995608112136, 0.8378654444741263, 0.8383561140331903, 0.8405027305349216], 'train_mae': [0.35749305555555555, 0.3012138888888889, 0.2804, 0.26950555555555555, 0.26134305555555554, 0.2608736111111111, 0.2550513888888889, 0.25955555555555554, 0.2559138888888889, 0.25608055555555553, 0.2558486111111111, 0.2551847222222222, 0.25005694444444443], 'val_loss': [0.6275277287081669, 0.5414137765399196, 0.5066036587953567, 0.48661698248302726, 0.4773595925695018, 0.4713548224432426, 0.46355024918129567, 0.4642328175013526, 0.4601621401309967, 0.460096301258656, 0.4609787766452421, 0.45861909854830357, 0.45330104477572863], 'val_accuracy': [0.7700877192982456, 0.7998464912280703, 0.8119517543859649, 0.8206359649122807, 0.824188596491228, 0.8260964912280703, 0.8292982456140351, 0.8285087719298246, 0.8301535087719297, 0.830592105263158, 0.8298903508771931, 0.8303070175438597, 0.8319736842105264], 'val_f1': [0.7694805384404776, 0.7988121002919621, 0.8111395394332385, 0.8195348827197989, 0.8238705091297793, 0.8255197607782563, 0.8287346118886428, 0.828212837442681, 0.8297551470800141, 0.8306176194004301, 0.8296158816675387, 0.8299353190617074, 0.831410917788748], 'val_mae': [0.3617982456140351, 0.31407894736842107, 0.29526315789473684, 0.28309210526315787, 0.2730482456140351, 0.2731578947368421, 0.26760964912280705, 0.2727631578947368, 0.2671710526315789, 0.2677412280701754, 0.2670175438596491, 0.26712719298245613, 0.26285087719298245], 'jsd': [(0, 0, 0, 0, 0, 0), (0, 0, 0, 0, 0, 0), (0, 0, 0, 0, 0, 0), (0, 0, 0, 0, 0, 0), (0, 0, 0, 0, 0, 0), (0, 0, 0, 0, 0, 0), (0, 0, 0, 0, 0, 0), (0, 0, 0, 0, 0, 0), (0, 0, 0, 0, 0, 0), (0, 0, 0, 0, 0, 0), (0, 0, 0, 0, 0, 0), (0, 0, 0, 0, 0, 0), (0, 0, 0, 0, 0, 0)]}}
client Client 25 injecting delay of 10 seconds
client Client 28 injecting delay of 8 seconds
client Client 26 injecting delay of 8 seconds
client Client 27 injecting delay of 9 seconds
client Client 24 injecting delay of 7 seconds
client Client 23 injecting delay of 5 seconds
Results Aggregated in 20.23 seconds.
{'TextMLP': {'train_loss': [0.6180490544160208, 0.5274345590167575, 0.49189894029166964, 0.4715375261677636, 0.462383798052205, 0.4543928247862392, 0.44593971391916276, 0.44547007053560683, 0.44195989919371076, 0.4408455619070265, 0.44171254852215447, 0.43911062483655083, 0.43360715872579153, 0.431351469567087], 'train_accuracy': [0.7752194444444445, 0.8090708333333333, 0.8224319444444445, 0.829225, 0.83225, 0.8347180555555556, 0.8381138888888889, 0.8375736111111111, 0.8383763888888889, 0.8388597222222223, 0.8380819444444444, 0.8386847222222222, 0.8409916666666667, 0.8422444444444445], 'train_f1': [0.7745558760916982, 0.8080625861229768, 0.8216680518349881, 0.8282955990053522, 0.8319719027560876, 0.8341783007395516, 0.8376476493342652, 0.8373180817630133, 0.8379853909809448, 0.8388995608112136, 0.8378654444741263, 0.8383561140331903, 0.8405027305349216, 0.8416756763765266], 'train_mae': [0.35749305555555555, 0.3012138888888889, 0.2804, 0.26950555555555555, 0.26134305555555554, 0.2608736111111111, 0.2550513888888889, 0.25955555555555554, 0.2559138888888889, 0.25608055555555553, 0.2558486111111111, 0.2551847222222222, 0.25005694444444443, 0.25150833333333333], 'val_loss': [0.6275277287081669, 0.5414137765399196, 0.5066036587953567, 0.48661698248302726, 0.4773595925695018, 0.4713548224432426, 0.46355024918129567, 0.4642328175013526, 0.4601621401309967, 0.460096301258656, 0.4609787766452421, 0.45861909854830357, 0.45330104477572863, 0.4522041031247691], 'val_accuracy': [0.7700877192982456, 0.7998464912280703, 0.8119517543859649, 0.8206359649122807, 0.824188596491228, 0.8260964912280703, 0.8292982456140351, 0.8285087719298246, 0.8301535087719297, 0.830592105263158, 0.8298903508771931, 0.8303070175438597, 0.8319736842105264, 0.8342105263157895], 'val_f1': [0.7694805384404776, 0.7988121002919621, 0.8111395394332385, 0.8195348827197989, 0.8238705091297793, 0.8255197607782563, 0.8287346118886428, 0.828212837442681, 0.8297551470800141, 0.8306176194004301, 0.8296158816675387, 0.8299353190617074, 0.831410917788748, 0.8335407866199666], 'val_mae': [0.3617982456140351, 0.31407894736842107, 0.29526315789473684, 0.28309210526315787, 0.2730482456140351, 0.2731578947368421, 0.26760964912280705, 0.2727631578947368, 0.2671710526315789, 0.2677412280701754, 0.2670175438596491, 0.26712719298245613, 0.26285087719298245, 0.2625], 'jsd': [(0, 0, 0, 0, 0, 0), (0, 0, 0, 0, 0, 0), (0, 0, 0, 0, 0, 0), (0, 0, 0, 0, 0, 0), (0, 0, 0, 0, 0, 0), (0, 0, 0, 0, 0, 0), (0, 0, 0, 0, 0, 0), (0, 0, 0, 0, 0, 0), (0, 0, 0, 0, 0, 0), (0, 0, 0, 0, 0, 0), (0, 0, 0, 0, 0, 0), (0, 0, 0, 0, 0, 0), (0, 0, 0, 0, 0, 0), (0, 0, 0, 0, 0, 0)]}}
client Client 28 injecting delay of 1 seconds
client Client 23 injecting delay of 2 seconds
client Client 24 injecting delay of 3 seconds
client Client 25 injecting delay of 0 seconds
client Client 26 injecting delay of 5 seconds
client Client 27 injecting delay of 2 seconds
Results Aggregated in 15.42 seconds.
{'TextMLP': {'train_loss': [0.6180490544160208, 0.5274345590167575, 0.49189894029166964, 0.4715375261677636, 0.462383798052205, 0.4543928247862392, 0.44593971391916276, 0.44547007053560683, 0.44195989919371076, 0.4408455619070265, 0.44171254852215447, 0.43911062483655083, 0.43360715872579153, 0.431351469567087, 0.43244310266706676], 'train_accuracy': [0.7752194444444445, 0.8090708333333333, 0.8224319444444445, 0.829225, 0.83225, 0.8347180555555556, 0.8381138888888889, 0.8375736111111111, 0.8383763888888889, 0.8388597222222223, 0.8380819444444444, 0.8386847222222222, 0.8409916666666667, 0.8422444444444445, 0.8416347222222222], 'train_f1': [0.7745558760916982, 0.8080625861229768, 0.8216680518349881, 0.8282955990053522, 0.8319719027560876, 0.8341783007395516, 0.8376476493342652, 0.8373180817630133, 0.8379853909809448, 0.8388995608112136, 0.8378654444741263, 0.8383561140331903, 0.8405027305349216, 0.8416756763765266, 0.8414936354005795], 'train_mae': [0.35749305555555555, 0.3012138888888889, 0.2804, 0.26950555555555555, 0.26134305555555554, 0.2608736111111111, 0.2550513888888889, 0.25955555555555554, 0.2559138888888889, 0.25608055555555553, 0.2558486111111111, 0.2551847222222222, 0.25005694444444443, 0.25150833333333333, 0.25169861111111114], 'val_loss': [0.6275277287081669, 0.5414137765399196, 0.5066036587953567, 0.48661698248302726, 0.4773595925695018, 0.4713548224432426, 0.46355024918129567, 0.4642328175013526, 0.4601621401309967, 0.460096301258656, 0.4609787766452421, 0.45861909854830357, 0.45330104477572863, 0.4522041031247691, 0.45264330091183647], 'val_accuracy': [0.7700877192982456, 0.7998464912280703, 0.8119517543859649, 0.8206359649122807, 0.824188596491228, 0.8260964912280703, 0.8292982456140351, 0.8285087719298246, 0.8301535087719297, 0.830592105263158, 0.8298903508771931, 0.8303070175438597, 0.8319736842105264, 0.8342105263157895, 0.8326315789473685], 'val_f1': [0.7694805384404776, 0.7988121002919621, 0.8111395394332385, 0.8195348827197989, 0.8238705091297793, 0.8255197607782563, 0.8287346118886428, 0.828212837442681, 0.8297551470800141, 0.8306176194004301, 0.8296158816675387, 0.8299353190617074, 0.831410917788748, 0.8335407866199666, 0.8324399226875033], 'val_mae': [0.3617982456140351, 0.31407894736842107, 0.29526315789473684, 0.28309210526315787, 0.2730482456140351, 0.2731578947368421, 0.26760964912280705, 0.2727631578947368, 0.2671710526315789, 0.2677412280701754, 0.2670175438596491, 0.26712719298245613, 0.26285087719298245, 0.2625, 0.2650657894736842], 'jsd': [(0, 0, 0, 0, 0, 0), (0, 0, 0, 0, 0, 0), (0, 0, 0, 0, 0, 0), (0, 0, 0, 0, 0, 0), (0, 0, 0, 0, 0, 0), (0, 0, 0, 0, 0, 0), (0, 0, 0, 0, 0, 0), (0, 0, 0, 0, 0, 0), (0, 0, 0, 0, 0, 0), (0, 0, 0, 0, 0, 0), (0, 0, 0, 0, 0, 0), (0, 0, 0, 0, 0, 0), (0, 0, 0, 0, 0, 0), (0, 0, 0, 0, 0, 0), (0, 0, 0, 0, 0, 0)]}}
client Client 26 injecting delay of 2 seconds
client Client 25 injecting delay of 9 seconds
client Client 28 injecting delay of 4 seconds
client Client 24 injecting delay of 0 seconds
client Client 23 injecting delay of 0 seconds
client Client 27 injecting delay of 7 seconds
Results Aggregated in 19.92 seconds.
{'TextMLP': {'train_loss': [0.6180490544160208, 0.5274345590167575, 0.49189894029166964, 0.4715375261677636, 0.462383798052205, 0.4543928247862392, 0.44593971391916276, 0.44547007053560683, 0.44195989919371076, 0.4408455619070265, 0.44171254852215447, 0.43911062483655083, 0.43360715872579153, 0.431351469567087, 0.43244310266706676, 0.43073675281471674], 'train_accuracy': [0.7752194444444445, 0.8090708333333333, 0.8224319444444445, 0.829225, 0.83225, 0.8347180555555556, 0.8381138888888889, 0.8375736111111111, 0.8383763888888889, 0.8388597222222223, 0.8380819444444444, 0.8386847222222222, 0.8409916666666667, 0.8422444444444445, 0.8416347222222222, 0.8420402777777778], 'train_f1': [0.7745558760916982, 0.8080625861229768, 0.8216680518349881, 0.8282955990053522, 0.8319719027560876, 0.8341783007395516, 0.8376476493342652, 0.8373180817630133, 0.8379853909809448, 0.8388995608112136, 0.8378654444741263, 0.8383561140331903, 0.8405027305349216, 0.8416756763765266, 0.8414936354005795, 0.8413754242709507], 'train_mae': [0.35749305555555555, 0.3012138888888889, 0.2804, 0.26950555555555555, 0.26134305555555554, 0.2608736111111111, 0.2550513888888889, 0.25955555555555554, 0.2559138888888889, 0.25608055555555553, 0.2558486111111111, 0.2551847222222222, 0.25005694444444443, 0.25150833333333333, 0.25169861111111114, 0.2481375], 'val_loss': [0.6275277287081669, 0.5414137765399196, 0.5066036587953567, 0.48661698248302726, 0.4773595925695018, 0.4713548224432426, 0.46355024918129567, 0.4642328175013526, 0.4601621401309967, 0.460096301258656, 0.4609787766452421, 0.45861909854830357, 0.45330104477572863, 0.4522041031247691, 0.45264330091183647, 0.45116576809632153], 'val_accuracy': [0.7700877192982456, 0.7998464912280703, 0.8119517543859649, 0.8206359649122807, 0.824188596491228, 0.8260964912280703, 0.8292982456140351, 0.8285087719298246, 0.8301535087719297, 0.830592105263158, 0.8298903508771931, 0.8303070175438597, 0.8319736842105264, 0.8342105263157895, 0.8326315789473685, 0.8343421052631579], 'val_f1': [0.7694805384404776, 0.7988121002919621, 0.8111395394332385, 0.8195348827197989, 0.8238705091297793, 0.8255197607782563, 0.8287346118886428, 0.828212837442681, 0.8297551470800141, 0.8306176194004301, 0.8296158816675387, 0.8299353190617074, 0.831410917788748, 0.8335407866199666, 0.8324399226875033, 0.8336116937058214], 'val_mae': [0.3617982456140351, 0.31407894736842107, 0.29526315789473684, 0.28309210526315787, 0.2730482456140351, 0.2731578947368421, 0.26760964912280705, 0.2727631578947368, 0.2671710526315789, 0.2677412280701754, 0.2670175438596491, 0.26712719298245613, 0.26285087719298245, 0.2625, 0.2650657894736842, 0.2598245614035088], 'jsd': [(0, 0, 0, 0, 0, 0), (0, 0, 0, 0, 0, 0), (0, 0, 0, 0, 0, 0), (0, 0, 0, 0, 0, 0), (0, 0, 0, 0, 0, 0), (0, 0, 0, 0, 0, 0), (0, 0, 0, 0, 0, 0), (0, 0, 0, 0, 0, 0), (0, 0, 0, 0, 0, 0), (0, 0, 0, 0, 0, 0), (0, 0, 0, 0, 0, 0), (0, 0, 0, 0, 0, 0), (0, 0, 0, 0, 0, 0), (0, 0, 0, 0, 0, 0), (0, 0, 0, 0, 0, 0), (0, 0, 0, 0, 0, 0)]}}
client Client 25 injecting delay of 3 seconds
client Client 28 injecting delay of 8 seconds
client Client 24 injecting delay of 3 seconds
client Client 26 injecting delay of 6 seconds
client Client 23 injecting delay of 10 seconds
client Client 27 injecting delay of 9 seconds
Results Aggregated in 19.97 seconds.
{'TextMLP': {'train_loss': [0.6180490544160208, 0.5274345590167575, 0.49189894029166964, 0.4715375261677636, 0.462383798052205, 0.4543928247862392, 0.44593971391916276, 0.44547007053560683, 0.44195989919371076, 0.4408455619070265, 0.44171254852215447, 0.43911062483655083, 0.43360715872579153, 0.431351469567087, 0.43244310266706676, 0.43073675281471674, 0.4282048676709334], 'train_accuracy': [0.7752194444444445, 0.8090708333333333, 0.8224319444444445, 0.829225, 0.83225, 0.8347180555555556, 0.8381138888888889, 0.8375736111111111, 0.8383763888888889, 0.8388597222222223, 0.8380819444444444, 0.8386847222222222, 0.8409916666666667, 0.8422444444444445, 0.8416347222222222, 0.8420402777777778, 0.8430291666666667], 'train_f1': [0.7745558760916982, 0.8080625861229768, 0.8216680518349881, 0.8282955990053522, 0.8319719027560876, 0.8341783007395516, 0.8376476493342652, 0.8373180817630133, 0.8379853909809448, 0.8388995608112136, 0.8378654444741263, 0.8383561140331903, 0.8405027305349216, 0.8416756763765266, 0.8414936354005795, 0.8413754242709507, 0.8425898044974179], 'train_mae': [0.35749305555555555, 0.3012138888888889, 0.2804, 0.26950555555555555, 0.26134305555555554, 0.2608736111111111, 0.2550513888888889, 0.25955555555555554, 0.2559138888888889, 0.25608055555555553, 0.2558486111111111, 0.2551847222222222, 0.25005694444444443, 0.25150833333333333, 0.25169861111111114, 0.2481375, 0.24872777777777777], 'val_loss': [0.6275277287081669, 0.5414137765399196, 0.5066036587953567, 0.48661698248302726, 0.4773595925695018, 0.4713548224432426, 0.46355024918129567, 0.4642328175013526, 0.4601621401309967, 0.460096301258656, 0.4609787766452421, 0.45861909854830357, 0.45330104477572863, 0.4522041031247691, 0.45264330091183647, 0.45116576809632153, 0.44964776254536815], 'val_accuracy': [0.7700877192982456, 0.7998464912280703, 0.8119517543859649, 0.8206359649122807, 0.824188596491228, 0.8260964912280703, 0.8292982456140351, 0.8285087719298246, 0.8301535087719297, 0.830592105263158, 0.8298903508771931, 0.8303070175438597, 0.8319736842105264, 0.8342105263157895, 0.8326315789473685, 0.8343421052631579, 0.835657894736842], 'val_f1': [0.7694805384404776, 0.7988121002919621, 0.8111395394332385, 0.8195348827197989, 0.8238705091297793, 0.8255197607782563, 0.8287346118886428, 0.828212837442681, 0.8297551470800141, 0.8306176194004301, 0.8296158816675387, 0.8299353190617074, 0.831410917788748, 0.8335407866199666, 0.8324399226875033, 0.8336116937058214, 0.8351636894665708], 'val_mae': [0.3617982456140351, 0.31407894736842107, 0.29526315789473684, 0.28309210526315787, 0.2730482456140351, 0.2731578947368421, 0.26760964912280705, 0.2727631578947368, 0.2671710526315789, 0.2677412280701754, 0.2670175438596491, 0.26712719298245613, 0.26285087719298245, 0.2625, 0.2650657894736842, 0.2598245614035088, 0.25967105263157897], 'jsd': [(0, 0, 0, 0, 0, 0), (0, 0, 0, 0, 0, 0), (0, 0, 0, 0, 0, 0), (0, 0, 0, 0, 0, 0), (0, 0, 0, 0, 0, 0), (0, 0, 0, 0, 0, 0), (0, 0, 0, 0, 0, 0), (0, 0, 0, 0, 0, 0), (0, 0, 0, 0, 0, 0), (0, 0, 0, 0, 0, 0), (0, 0, 0, 0, 0, 0), (0, 0, 0, 0, 0, 0), (0, 0, 0, 0, 0, 0), (0, 0, 0, 0, 0, 0), (0, 0, 0, 0, 0, 0), (0, 0, 0, 0, 0, 0), (0, 0, 0, 0, 0, 0)]}}
client Client 25 injecting delay of 1 seconds
client Client 26 injecting delay of 8 seconds
client Client 28 injecting delay of 6 seconds
client Client 27 injecting delay of 7 seconds
client Client 24 injecting delay of 10 seconds
client Client 23 injecting delay of 7 seconds
Results Aggregated in 20.91 seconds.
{'TextMLP': {'train_loss': [0.6180490544160208, 0.5274345590167575, 0.49189894029166964, 0.4715375261677636, 0.462383798052205, 0.4543928247862392, 0.44593971391916276, 0.44547007053560683, 0.44195989919371076, 0.4408455619070265, 0.44171254852215447, 0.43911062483655083, 0.43360715872579153, 0.431351469567087, 0.43244310266706676, 0.43073675281471674, 0.4282048676709334, 0.42906534019178816], 'train_accuracy': [0.7752194444444445, 0.8090708333333333, 0.8224319444444445, 0.829225, 0.83225, 0.8347180555555556, 0.8381138888888889, 0.8375736111111111, 0.8383763888888889, 0.8388597222222223, 0.8380819444444444, 0.8386847222222222, 0.8409916666666667, 0.8422444444444445, 0.8416347222222222, 0.8420402777777778, 0.8430291666666667, 0.8427652777777778], 'train_f1': [0.7745558760916982, 0.8080625861229768, 0.8216680518349881, 0.8282955990053522, 0.8319719027560876, 0.8341783007395516, 0.8376476493342652, 0.8373180817630133, 0.8379853909809448, 0.8388995608112136, 0.8378654444741263, 0.8383561140331903, 0.8405027305349216, 0.8416756763765266, 0.8414936354005795, 0.8413754242709507, 0.8425898044974179, 0.8426282596177989], 'train_mae': [0.35749305555555555, 0.3012138888888889, 0.2804, 0.26950555555555555, 0.26134305555555554, 0.2608736111111111, 0.2550513888888889, 0.25955555555555554, 0.2559138888888889, 0.25608055555555553, 0.2558486111111111, 0.2551847222222222, 0.25005694444444443, 0.25150833333333333, 0.25169861111111114, 0.2481375, 0.24872777777777777, 0.2519875], 'val_loss': [0.6275277287081669, 0.5414137765399196, 0.5066036587953567, 0.48661698248302726, 0.4773595925695018, 0.4713548224432426, 0.46355024918129567, 0.4642328175013526, 0.4601621401309967, 0.460096301258656, 0.4609787766452421, 0.45861909854830357, 0.45330104477572863, 0.4522041031247691, 0.45264330091183647, 0.45116576809632153, 0.44964776254536815, 0.4504918426693532], 'val_accuracy': [0.7700877192982456, 0.7998464912280703, 0.8119517543859649, 0.8206359649122807, 0.824188596491228, 0.8260964912280703, 0.8292982456140351, 0.8285087719298246, 0.8301535087719297, 0.830592105263158, 0.8298903508771931, 0.8303070175438597, 0.8319736842105264, 0.8342105263157895, 0.8326315789473685, 0.8343421052631579, 0.835657894736842, 0.8356359649122808], 'val_f1': [0.7694805384404776, 0.7988121002919621, 0.8111395394332385, 0.8195348827197989, 0.8238705091297793, 0.8255197607782563, 0.8287346118886428, 0.828212837442681, 0.8297551470800141, 0.8306176194004301, 0.8296158816675387, 0.8299353190617074, 0.831410917788748, 0.8335407866199666, 0.8324399226875033, 0.8336116937058214, 0.8351636894665708, 0.8354496498647765], 'val_mae': [0.3617982456140351, 0.31407894736842107, 0.29526315789473684, 0.28309210526315787, 0.2730482456140351, 0.2731578947368421, 0.26760964912280705, 0.2727631578947368, 0.2671710526315789, 0.2677412280701754, 0.2670175438596491, 0.26712719298245613, 0.26285087719298245, 0.2625, 0.2650657894736842, 0.2598245614035088, 0.25967105263157897, 0.26276315789473687], 'jsd': [(0, 0, 0, 0, 0, 0), (0, 0, 0, 0, 0, 0), (0, 0, 0, 0, 0, 0), (0, 0, 0, 0, 0, 0), (0, 0, 0, 0, 0, 0), (0, 0, 0, 0, 0, 0), (0, 0, 0, 0, 0, 0), (0, 0, 0, 0, 0, 0), (0, 0, 0, 0, 0, 0), (0, 0, 0, 0, 0, 0), (0, 0, 0, 0, 0, 0), (0, 0, 0, 0, 0, 0), (0, 0, 0, 0, 0, 0), (0, 0, 0, 0, 0, 0), (0, 0, 0, 0, 0, 0), (0, 0, 0, 0, 0, 0), (0, 0, 0, 0, 0, 0), (0, 0, 0, 0, 0, 0)]}}
client Client 24 injecting delay of 1 seconds
client Client 23 injecting delay of 6 seconds
client Client 28 injecting delay of 8 seconds
client Client 26 injecting delay of 2 seconds
client Client 25 injecting delay of 10 seconds
client Client 27 injecting delay of 5 seconds
Results Aggregated in 20.63 seconds.
{'TextMLP': {'train_loss': [0.6180490544160208, 0.5274345590167575, 0.49189894029166964, 0.4715375261677636, 0.462383798052205, 0.4543928247862392, 0.44593971391916276, 0.44547007053560683, 0.44195989919371076, 0.4408455619070265, 0.44171254852215447, 0.43911062483655083, 0.43360715872579153, 0.431351469567087, 0.43244310266706676, 0.43073675281471674, 0.4282048676709334, 0.42906534019178816, 0.4267145339396265], 'train_accuracy': [0.7752194444444445, 0.8090708333333333, 0.8224319444444445, 0.829225, 0.83225, 0.8347180555555556, 0.8381138888888889, 0.8375736111111111, 0.8383763888888889, 0.8388597222222223, 0.8380819444444444, 0.8386847222222222, 0.8409916666666667, 0.8422444444444445, 0.8416347222222222, 0.8420402777777778, 0.8430291666666667, 0.8427652777777778, 0.8433305555555556], 'train_f1': [0.7745558760916982, 0.8080625861229768, 0.8216680518349881, 0.8282955990053522, 0.8319719027560876, 0.8341783007395516, 0.8376476493342652, 0.8373180817630133, 0.8379853909809448, 0.8388995608112136, 0.8378654444741263, 0.8383561140331903, 0.8405027305349216, 0.8416756763765266, 0.8414936354005795, 0.8413754242709507, 0.8425898044974179, 0.8426282596177989, 0.8430417711565676], 'train_mae': [0.35749305555555555, 0.3012138888888889, 0.2804, 0.26950555555555555, 0.26134305555555554, 0.2608736111111111, 0.2550513888888889, 0.25955555555555554, 0.2559138888888889, 0.25608055555555553, 0.2558486111111111, 0.2551847222222222, 0.25005694444444443, 0.25150833333333333, 0.25169861111111114, 0.2481375, 0.24872777777777777, 0.2519875, 0.25146944444444447], 'val_loss': [0.6275277287081669, 0.5414137765399196, 0.5066036587953567, 0.48661698248302726, 0.4773595925695018, 0.4713548224432426, 0.46355024918129567, 0.4642328175013526, 0.4601621401309967, 0.460096301258656, 0.4609787766452421, 0.45861909854830357, 0.45330104477572863, 0.4522041031247691, 0.45264330091183647, 0.45116576809632153, 0.44964776254536815, 0.4504918426693532, 0.44847000569628], 'val_accuracy': [0.7700877192982456, 0.7998464912280703, 0.8119517543859649, 0.8206359649122807, 0.824188596491228, 0.8260964912280703, 0.8292982456140351, 0.8285087719298246, 0.8301535087719297, 0.830592105263158, 0.8298903508771931, 0.8303070175438597, 0.8319736842105264, 0.8342105263157895, 0.8326315789473685, 0.8343421052631579, 0.835657894736842, 0.8356359649122808, 0.8357675438596492], 'val_f1': [0.7694805384404776, 0.7988121002919621, 0.8111395394332385, 0.8195348827197989, 0.8238705091297793, 0.8255197607782563, 0.8287346118886428, 0.828212837442681, 0.8297551470800141, 0.8306176194004301, 0.8296158816675387, 0.8299353190617074, 0.831410917788748, 0.8335407866199666, 0.8324399226875033, 0.8336116937058214, 0.8351636894665708, 0.8354496498647765, 0.8354333421296152], 'val_mae': [0.3617982456140351, 0.31407894736842107, 0.29526315789473684, 0.28309210526315787, 0.2730482456140351, 0.2731578947368421, 0.26760964912280705, 0.2727631578947368, 0.2671710526315789, 0.2677412280701754, 0.2670175438596491, 0.26712719298245613, 0.26285087719298245, 0.2625, 0.2650657894736842, 0.2598245614035088, 0.25967105263157897, 0.26276315789473687, 0.26307017543859645], 'jsd': [(0, 0, 0, 0, 0, 0), (0, 0, 0, 0, 0, 0), (0, 0, 0, 0, 0, 0), (0, 0, 0, 0, 0, 0), (0, 0, 0, 0, 0, 0), (0, 0, 0, 0, 0, 0), (0, 0, 0, 0, 0, 0), (0, 0, 0, 0, 0, 0), (0, 0, 0, 0, 0, 0), (0, 0, 0, 0, 0, 0), (0, 0, 0, 0, 0, 0), (0, 0, 0, 0, 0, 0), (0, 0, 0, 0, 0, 0), (0, 0, 0, 0, 0, 0), (0, 0, 0, 0, 0, 0), (0, 0, 0, 0, 0, 0), (0, 0, 0, 0, 0, 0), (0, 0, 0, 0, 0, 0), (0, 0, 0, 0, 0, 0)]}}
client Client 25 injecting delay of 4 seconds
client Client 28 injecting delay of 8 seconds
client Client 26 injecting delay of 1 seconds
client Client 24 injecting delay of 2 seconds
client Client 23 injecting delay of 4 seconds
client Client 27 injecting delay of 8 seconds
Results Aggregated in 19.54 seconds.
{'TextMLP': {'train_loss': [0.6180490544160208, 0.5274345590167575, 0.49189894029166964, 0.4715375261677636, 0.462383798052205, 0.4543928247862392, 0.44593971391916276, 0.44547007053560683, 0.44195989919371076, 0.4408455619070265, 0.44171254852215447, 0.43911062483655083, 0.43360715872579153, 0.431351469567087, 0.43244310266706676, 0.43073675281471674, 0.4282048676709334, 0.42906534019178816, 0.4267145339396265, 0.4278827217155033], 'train_accuracy': [0.7752194444444445, 0.8090708333333333, 0.8224319444444445, 0.829225, 0.83225, 0.8347180555555556, 0.8381138888888889, 0.8375736111111111, 0.8383763888888889, 0.8388597222222223, 0.8380819444444444, 0.8386847222222222, 0.8409916666666667, 0.8422444444444445, 0.8416347222222222, 0.8420402777777778, 0.8430291666666667, 0.8427652777777778, 0.8433305555555556, 0.8427402777777778], 'train_f1': [0.7745558760916982, 0.8080625861229768, 0.8216680518349881, 0.8282955990053522, 0.8319719027560876, 0.8341783007395516, 0.8376476493342652, 0.8373180817630133, 0.8379853909809448, 0.8388995608112136, 0.8378654444741263, 0.8383561140331903, 0.8405027305349216, 0.8416756763765266, 0.8414936354005795, 0.8413754242709507, 0.8425898044974179, 0.8426282596177989, 0.8430417711565676, 0.8420347512941059], 'train_mae': [0.35749305555555555, 0.3012138888888889, 0.2804, 0.26950555555555555, 0.26134305555555554, 0.2608736111111111, 0.2550513888888889, 0.25955555555555554, 0.2559138888888889, 0.25608055555555553, 0.2558486111111111, 0.2551847222222222, 0.25005694444444443, 0.25150833333333333, 0.25169861111111114, 0.2481375, 0.24872777777777777, 0.2519875, 0.25146944444444447, 0.25100833333333333], 'val_loss': [0.6275277287081669, 0.5414137765399196, 0.5066036587953567, 0.48661698248302726, 0.4773595925695018, 0.4713548224432426, 0.46355024918129567, 0.4642328175013526, 0.4601621401309967, 0.460096301258656, 0.4609787766452421, 0.45861909854830357, 0.45330104477572863, 0.4522041031247691, 0.45264330091183647, 0.45116576809632153, 0.44964776254536815, 0.4504918426693532, 0.44847000569628, 0.4501247634908609], 'val_accuracy': [0.7700877192982456, 0.7998464912280703, 0.8119517543859649, 0.8206359649122807, 0.824188596491228, 0.8260964912280703, 0.8292982456140351, 0.8285087719298246, 0.8301535087719297, 0.830592105263158, 0.8298903508771931, 0.8303070175438597, 0.8319736842105264, 0.8342105263157895, 0.8326315789473685, 0.8343421052631579, 0.835657894736842, 0.8356359649122808, 0.8357675438596492, 0.8338157894736842], 'val_f1': [0.7694805384404776, 0.7988121002919621, 0.8111395394332385, 0.8195348827197989, 0.8238705091297793, 0.8255197607782563, 0.8287346118886428, 0.828212837442681, 0.8297551470800141, 0.8306176194004301, 0.8296158816675387, 0.8299353190617074, 0.831410917788748, 0.8335407866199666, 0.8324399226875033, 0.8336116937058214, 0.8351636894665708, 0.8354496498647765, 0.8354333421296152, 0.8330170866985364], 'val_mae': [0.3617982456140351, 0.31407894736842107, 0.29526315789473684, 0.28309210526315787, 0.2730482456140351, 0.2731578947368421, 0.26760964912280705, 0.2727631578947368, 0.2671710526315789, 0.2677412280701754, 0.2670175438596491, 0.26712719298245613, 0.26285087719298245, 0.2625, 0.2650657894736842, 0.2598245614035088, 0.25967105263157897, 0.26276315789473687, 0.26307017543859645, 0.26403508771929823], 'jsd': [(0, 0, 0, 0, 0, 0), (0, 0, 0, 0, 0, 0), (0, 0, 0, 0, 0, 0), (0, 0, 0, 0, 0, 0), (0, 0, 0, 0, 0, 0), (0, 0, 0, 0, 0, 0), (0, 0, 0, 0, 0, 0), (0, 0, 0, 0, 0, 0), (0, 0, 0, 0, 0, 0), (0, 0, 0, 0, 0, 0), (0, 0, 0, 0, 0, 0), (0, 0, 0, 0, 0, 0), (0, 0, 0, 0, 0, 0), (0, 0, 0, 0, 0, 0), (0, 0, 0, 0, 0, 0), (0, 0, 0, 0, 0, 0), (0, 0, 0, 0, 0, 0), (0, 0, 0, 0, 0, 0), (0, 0, 0, 0, 0, 0), (0, 0, 0, 0, 0, 0)]}}
