==========================================
  ___  ______  ___ ______       _ 
 / _ \ | ___ \/   ||  ___|     | |
/ /_\ \| |_/ / /| || |_ ___  __| |
|  _  ||  __/ /_| ||  _/ _ \/ _` |
| | | || |  \___  || ||  __/ (_| |
\_| |_/\_|      |_/\_| \___|\__,_| v.1.5.0

==========================================
Simulation Started!
List of the Architectural Patterns enabled:
Adaptation Enabled ✅
Metric: val_f1, predictor-based: predictors/f1overtime_tree_compressor_10579.pkl
Client Registry ✅
Message Compressor ✅
==========================================
Local parameters compressed: reduced 18456 bytes (7.43%)
Local parameters compressed: reduced 18463 bytes (7.43%)
Local parameters compressed: reduced 18462 bytes (7.43%)
Local parameters compressed: reduced 18477 bytes (7.44%)
Local parameters compressed: reduced 18491 bytes (7.44%)
Local parameters compressed: reduced 18413 bytes (7.41%)
Results Aggregated in 76.76 seconds.
{'CNN 64k': {'train_loss': [1.466758435789744], 'train_accuracy': [0.4680166666666667], 'train_f1': [0.4577925791057274], 'train_mae': [1.9364433333333333], 'val_loss': [1.4671423806508381], 'val_accuracy': [0.46946666666666664], 'val_f1': [0.4586327204749374], 'val_mae': [1.9287333333333334], 'jsd': [(0, 0, 0, 0, 0, 0)]}}
AdaptationManager: Configuring next round...
{'client_registry': {'enabled': True, 'params': {}}, 'client_selector': {'enabled': False, 'params': {}}, 'client_cluster': {'enabled': False, 'params': {}}, 'message_compressor': {'enabled': True, 'params': {}}, 'model_co-versioning_registry': {'enabled': False, 'params': {}}, 'multi-task_model_trainer': {'enabled': False, 'params': {}}, 'heterogeneous_data_handler': {'enabled': False, 'params': {}}}
{'client_selector': {'enabled': False}, 'client_cluster': {'enabled': False}, 'message_compressor': {'enabled': True}, 'model_co-versioning_registry': {'enabled': False}, 'multi-task_model_trainer': {'enabled': False}, 'heterogeneous_data_handler': {'enabled': False}, 'client_registry': {'enabled': True, 'params': {}}}
100.0-iid clients, predicted wo:83.9400 vs w:72.3400, message_compressor activated ✅
Local parameters compressed: reduced 18374 bytes (7.39%)
Local parameters compressed: reduced 18497 bytes (7.44%)
Local parameters compressed: reduced 18337 bytes (7.38%)
Local parameters compressed: reduced 18384 bytes (7.40%)
Local parameters compressed: reduced 18429 bytes (7.42%)
Local parameters compressed: reduced 18386 bytes (7.40%)
Results Aggregated in 73.77 seconds.
{'CNN 64k': {'train_loss': [1.466758435789744, 1.3196379779974619], 'train_accuracy': [0.4680166666666667, 0.5257033333333333], 'train_f1': [0.4577925791057274, 0.5161436416298453], 'train_mae': [1.9364433333333333, 1.72102], 'val_loss': [1.4671423806508381, 1.33722226228714], 'val_accuracy': [0.46946666666666664, 0.5182333333333333], 'val_f1': [0.4586327204749374, 0.5081421392322981], 'val_mae': [1.9287333333333334, 1.7516333333333334], 'jsd': [(0, 0, 0, 0, 0, 0), (0, 0, 0, 0, 0, 0)]}}
AdaptationManager: Configuring next round...
{'client_registry': {'enabled': True, 'params': {}}, 'client_selector': {'enabled': False, 'params': {}}, 'client_cluster': {'enabled': False, 'params': {}}, 'message_compressor': {'enabled': True, 'params': {}}, 'model_co-versioning_registry': {'enabled': False, 'params': {}}, 'multi-task_model_trainer': {'enabled': False, 'params': {}}, 'heterogeneous_data_handler': {'enabled': False, 'params': {}}}
{'client_selector': {'enabled': False}, 'client_cluster': {'enabled': False}, 'message_compressor': {'enabled': True}, 'model_co-versioning_registry': {'enabled': False}, 'multi-task_model_trainer': {'enabled': False}, 'heterogeneous_data_handler': {'enabled': False}, 'client_registry': {'enabled': True, 'params': {}}}
100.0-iid clients, predicted wo:83.9400 vs w:72.3400, message_compressor activated ✅
Local parameters compressed: reduced 18191 bytes (7.32%)
Local parameters compressed: reduced 18174 bytes (7.31%)
Local parameters compressed: reduced 18239 bytes (7.34%)
Local parameters compressed: reduced 18268 bytes (7.35%)
Local parameters compressed: reduced 18190 bytes (7.32%)
Local parameters compressed: reduced 18235 bytes (7.34%)
Results Aggregated in 73.55 seconds.
{'CNN 64k': {'train_loss': [1.466758435789744, 1.3196379779974619, 1.2022439513397216], 'train_accuracy': [0.4680166666666667, 0.5257033333333333, 0.5705466666666666], 'train_f1': [0.4577925791057274, 0.5161436416298453, 0.5645918307099494], 'train_mae': [1.9364433333333333, 1.72102, 1.5373666666666668], 'val_loss': [1.4671423806508381, 1.33722226228714, 1.2408942159016927], 'val_accuracy': [0.46946666666666664, 0.5182333333333333, 0.55585], 'val_f1': [0.4586327204749374, 0.5081421392322981, 0.5494244289135006], 'val_mae': [1.9287333333333334, 1.7516333333333334, 1.5909166666666668], 'jsd': [(0, 0, 0, 0, 0, 0), (0, 0, 0, 0, 0, 0), (0, 0, 0, 0, 0, 0)]}}
AdaptationManager: Configuring next round...
{'client_registry': {'enabled': True, 'params': {}}, 'client_selector': {'enabled': False, 'params': {}}, 'client_cluster': {'enabled': False, 'params': {}}, 'message_compressor': {'enabled': True, 'params': {}}, 'model_co-versioning_registry': {'enabled': False, 'params': {}}, 'multi-task_model_trainer': {'enabled': False, 'params': {}}, 'heterogeneous_data_handler': {'enabled': False, 'params': {}}}
{'client_selector': {'enabled': False}, 'client_cluster': {'enabled': False}, 'message_compressor': {'enabled': True}, 'model_co-versioning_registry': {'enabled': False}, 'multi-task_model_trainer': {'enabled': False}, 'heterogeneous_data_handler': {'enabled': False}, 'client_registry': {'enabled': True, 'params': {}}}
100.0-iid clients, predicted wo:83.9400 vs w:72.3400, message_compressor activated ✅
Local parameters compressed: reduced 18098 bytes (7.28%)
Local parameters compressed: reduced 18006 bytes (7.25%)
Local parameters compressed: reduced 18018 bytes (7.25%)
Local parameters compressed: reduced 18083 bytes (7.28%)
Local parameters compressed: reduced 18053 bytes (7.26%)
Local parameters compressed: reduced 17947 bytes (7.22%)
Results Aggregated in 74.14 seconds.
{'CNN 64k': {'train_loss': [1.466758435789744, 1.3196379779974619, 1.2022439513397216, 1.109633199195862], 'train_accuracy': [0.4680166666666667, 0.5257033333333333, 0.5705466666666666, 0.6077533333333334], 'train_f1': [0.4577925791057274, 0.5161436416298453, 0.5645918307099494, 0.602505666129303], 'train_mae': [1.9364433333333333, 1.72102, 1.5373666666666668, 1.3935766666666667], 'val_loss': [1.4671423806508381, 1.33722226228714, 1.2408942159016927, 1.1773246913592021], 'val_accuracy': [0.46946666666666664, 0.5182333333333333, 0.55585, 0.5860333333333333], 'val_f1': [0.4586327204749374, 0.5081421392322981, 0.5494244289135006, 0.5800394747232765], 'val_mae': [1.9287333333333334, 1.7516333333333334, 1.5909166666666668, 1.4705], 'jsd': [(0, 0, 0, 0, 0, 0), (0, 0, 0, 0, 0, 0), (0, 0, 0, 0, 0, 0), (0, 0, 0, 0, 0, 0)]}}
AdaptationManager: Configuring next round...
{'client_registry': {'enabled': True, 'params': {}}, 'client_selector': {'enabled': False, 'params': {}}, 'client_cluster': {'enabled': False, 'params': {}}, 'message_compressor': {'enabled': True, 'params': {}}, 'model_co-versioning_registry': {'enabled': False, 'params': {}}, 'multi-task_model_trainer': {'enabled': False, 'params': {}}, 'heterogeneous_data_handler': {'enabled': False, 'params': {}}}
{'client_selector': {'enabled': False}, 'client_cluster': {'enabled': False}, 'message_compressor': {'enabled': True}, 'model_co-versioning_registry': {'enabled': False}, 'multi-task_model_trainer': {'enabled': False}, 'heterogeneous_data_handler': {'enabled': False}, 'client_registry': {'enabled': True, 'params': {}}}
100.0-iid clients, predicted wo:83.9400 vs w:72.3400, message_compressor activated ✅
Local parameters compressed: reduced 17900 bytes (7.20%)
Local parameters compressed: reduced 17852 bytes (7.18%)
Local parameters compressed: reduced 17855 bytes (7.19%)
Local parameters compressed: reduced 17886 bytes (7.20%)
Local parameters compressed: reduced 17784 bytes (7.16%)
Local parameters compressed: reduced 17868 bytes (7.19%)
Results Aggregated in 78.86 seconds.
{'CNN 64k': {'train_loss': [1.466758435789744, 1.3196379779974619, 1.2022439513397216, 1.109633199195862, 1.0321310909493764], 'train_accuracy': [0.4680166666666667, 0.5257033333333333, 0.5705466666666666, 0.6077533333333334, 0.63679], 'train_f1': [0.4577925791057274, 0.5161436416298453, 0.5645918307099494, 0.602505666129303, 0.6346777615744835], 'train_mae': [1.9364433333333333, 1.72102, 1.5373666666666668, 1.3935766666666667, 1.2676166666666666], 'val_loss': [1.4671423806508381, 1.33722226228714, 1.2408942159016927, 1.1773246913592021, 1.125057544294993], 'val_accuracy': [0.46946666666666664, 0.5182333333333333, 0.55585, 0.5860333333333333, 0.6047333333333333], 'val_f1': [0.4586327204749374, 0.5081421392322981, 0.5494244289135006, 0.5800394747232765, 0.6022059700313648], 'val_mae': [1.9287333333333334, 1.7516333333333334, 1.5909166666666668, 1.4705, 1.38685], 'jsd': [(0, 0, 0, 0, 0, 0), (0, 0, 0, 0, 0, 0), (0, 0, 0, 0, 0, 0), (0, 0, 0, 0, 0, 0), (0, 0, 0, 0, 0, 0)]}}
AdaptationManager: Configuring next round...
{'client_registry': {'enabled': True, 'params': {}}, 'client_selector': {'enabled': False, 'params': {}}, 'client_cluster': {'enabled': False, 'params': {}}, 'message_compressor': {'enabled': True, 'params': {}}, 'model_co-versioning_registry': {'enabled': False, 'params': {}}, 'multi-task_model_trainer': {'enabled': False, 'params': {}}, 'heterogeneous_data_handler': {'enabled': False, 'params': {}}}
{'client_selector': {'enabled': False}, 'client_cluster': {'enabled': False}, 'message_compressor': {'enabled': True}, 'model_co-versioning_registry': {'enabled': False}, 'multi-task_model_trainer': {'enabled': False}, 'heterogeneous_data_handler': {'enabled': False}, 'client_registry': {'enabled': True, 'params': {}}}
100.0-iid clients, predicted wo:83.9400 vs w:72.3400, message_compressor activated ✅
Local parameters compressed: reduced 17738 bytes (7.14%)
Local parameters compressed: reduced 17771 bytes (7.15%)
Local parameters compressed: reduced 17735 bytes (7.14%)
Local parameters compressed: reduced 17745 bytes (7.14%)
Local parameters compressed: reduced 17694 bytes (7.12%)
Local parameters compressed: reduced 17792 bytes (7.16%)
Results Aggregated in 78.64 seconds.
{'CNN 64k': {'train_loss': [1.466758435789744, 1.3196379779974619, 1.2022439513397216, 1.109633199195862, 1.0321310909493764, 0.9954444857501984], 'train_accuracy': [0.4680166666666667, 0.5257033333333333, 0.5705466666666666, 0.6077533333333334, 0.63679, 0.64739], 'train_f1': [0.4577925791057274, 0.5161436416298453, 0.5645918307099494, 0.602505666129303, 0.6346777615744835, 0.6434895580244856], 'train_mae': [1.9364433333333333, 1.72102, 1.5373666666666668, 1.3935766666666667, 1.2676166666666666, 1.2328866666666667], 'val_loss': [1.4671423806508381, 1.33722226228714, 1.2408942159016927, 1.1773246913592021, 1.125057544294993, 1.1234456851323447], 'val_accuracy': [0.46946666666666664, 0.5182333333333333, 0.55585, 0.5860333333333333, 0.6047333333333333, 0.6089333333333333], 'val_f1': [0.4586327204749374, 0.5081421392322981, 0.5494244289135006, 0.5800394747232765, 0.6022059700313648, 0.6045594054321981], 'val_mae': [1.9287333333333334, 1.7516333333333334, 1.5909166666666668, 1.4705, 1.38685, 1.3877333333333333], 'jsd': [(0, 0, 0, 0, 0, 0), (0, 0, 0, 0, 0, 0), (0, 0, 0, 0, 0, 0), (0, 0, 0, 0, 0, 0), (0, 0, 0, 0, 0, 0), (0, 0, 0, 0, 0, 0)]}}
AdaptationManager: Configuring next round...
{'client_registry': {'enabled': True, 'params': {}}, 'client_selector': {'enabled': False, 'params': {}}, 'client_cluster': {'enabled': False, 'params': {}}, 'message_compressor': {'enabled': True, 'params': {}}, 'model_co-versioning_registry': {'enabled': False, 'params': {}}, 'multi-task_model_trainer': {'enabled': False, 'params': {}}, 'heterogeneous_data_handler': {'enabled': False, 'params': {}}}
{'client_selector': {'enabled': False}, 'client_cluster': {'enabled': False}, 'message_compressor': {'enabled': True}, 'model_co-versioning_registry': {'enabled': False}, 'multi-task_model_trainer': {'enabled': False}, 'heterogeneous_data_handler': {'enabled': False}, 'client_registry': {'enabled': True, 'params': {}}}
100.0-iid clients, predicted wo:83.9400 vs w:72.3400, message_compressor activated ✅
Local parameters compressed: reduced 17645 bytes (7.10%)
Local parameters compressed: reduced 17666 bytes (7.11%)
Local parameters compressed: reduced 17698 bytes (7.12%)
Local parameters compressed: reduced 17635 bytes (7.10%)
Local parameters compressed: reduced 17636 bytes (7.10%)
Local parameters compressed: reduced 17606 bytes (7.09%)
Results Aggregated in 77.93 seconds.
{'CNN 64k': {'train_loss': [1.466758435789744, 1.3196379779974619, 1.2022439513397216, 1.109633199195862, 1.0321310909493764, 0.9954444857501984, 0.9335356144364675], 'train_accuracy': [0.4680166666666667, 0.5257033333333333, 0.5705466666666666, 0.6077533333333334, 0.63679, 0.64739, 0.6732933333333333], 'train_f1': [0.4577925791057274, 0.5161436416298453, 0.5645918307099494, 0.602505666129303, 0.6346777615744835, 0.6434895580244856, 0.6711871222983135], 'train_mae': [1.9364433333333333, 1.72102, 1.5373666666666668, 1.3935766666666667, 1.2676166666666666, 1.2328866666666667, 1.1325433333333332], 'val_loss': [1.4671423806508381, 1.33722226228714, 1.2408942159016927, 1.1773246913592021, 1.125057544294993, 1.1234456851323447, 1.0832025363604227], 'val_accuracy': [0.46946666666666664, 0.5182333333333333, 0.55585, 0.5860333333333333, 0.6047333333333333, 0.6089333333333333, 0.6256666666666667], 'val_f1': [0.4586327204749374, 0.5081421392322981, 0.5494244289135006, 0.5800394747232765, 0.6022059700313648, 0.6045594054321981, 0.62334066625617], 'val_mae': [1.9287333333333334, 1.7516333333333334, 1.5909166666666668, 1.4705, 1.38685, 1.3877333333333333, 1.3200833333333333], 'jsd': [(0, 0, 0, 0, 0, 0), (0, 0, 0, 0, 0, 0), (0, 0, 0, 0, 0, 0), (0, 0, 0, 0, 0, 0), (0, 0, 0, 0, 0, 0), (0, 0, 0, 0, 0, 0), (0, 0, 0, 0, 0, 0)]}}
AdaptationManager: Configuring next round...
{'client_registry': {'enabled': True, 'params': {}}, 'client_selector': {'enabled': False, 'params': {}}, 'client_cluster': {'enabled': False, 'params': {}}, 'message_compressor': {'enabled': True, 'params': {}}, 'model_co-versioning_registry': {'enabled': False, 'params': {}}, 'multi-task_model_trainer': {'enabled': False, 'params': {}}, 'heterogeneous_data_handler': {'enabled': False, 'params': {}}}
{'client_selector': {'enabled': False}, 'client_cluster': {'enabled': False}, 'message_compressor': {'enabled': True}, 'model_co-versioning_registry': {'enabled': False}, 'multi-task_model_trainer': {'enabled': False}, 'heterogeneous_data_handler': {'enabled': False}, 'client_registry': {'enabled': True, 'params': {}}}
100.0-iid clients, predicted wo:83.9400 vs w:72.3400, message_compressor activated ✅
Local parameters compressed: reduced 17623 bytes (7.09%)
Local parameters compressed: reduced 17540 bytes (7.06%)
Local parameters compressed: reduced 17572 bytes (7.07%)
Local parameters compressed: reduced 17575 bytes (7.07%)
Local parameters compressed: reduced 17546 bytes (7.06%)
Local parameters compressed: reduced 17438 bytes (7.02%)
Results Aggregated in 77.33 seconds.
{'CNN 64k': {'train_loss': [1.466758435789744, 1.3196379779974619, 1.2022439513397216, 1.109633199195862, 1.0321310909493764, 0.9954444857501984, 0.9335356144364675, 0.8900184623034795], 'train_accuracy': [0.4680166666666667, 0.5257033333333333, 0.5705466666666666, 0.6077533333333334, 0.63679, 0.64739, 0.6732933333333333, 0.6887233333333334], 'train_f1': [0.4577925791057274, 0.5161436416298453, 0.5645918307099494, 0.602505666129303, 0.6346777615744835, 0.6434895580244856, 0.6711871222983135, 0.6848461588384988], 'train_mae': [1.9364433333333333, 1.72102, 1.5373666666666668, 1.3935766666666667, 1.2676166666666666, 1.2328866666666667, 1.1325433333333332, 1.0824933333333333], 'val_loss': [1.4671423806508381, 1.33722226228714, 1.2408942159016927, 1.1773246913592021, 1.125057544294993, 1.1234456851323447, 1.0832025363604227, 1.0696384087721507], 'val_accuracy': [0.46946666666666664, 0.5182333333333333, 0.55585, 0.5860333333333333, 0.6047333333333333, 0.6089333333333333, 0.6256666666666667, 0.6300166666666667], 'val_f1': [0.4586327204749374, 0.5081421392322981, 0.5494244289135006, 0.5800394747232765, 0.6022059700313648, 0.6045594054321981, 0.62334066625617, 0.6259910692943049], 'val_mae': [1.9287333333333334, 1.7516333333333334, 1.5909166666666668, 1.4705, 1.38685, 1.3877333333333333, 1.3200833333333333, 1.3123], 'jsd': [(0, 0, 0, 0, 0, 0), (0, 0, 0, 0, 0, 0), (0, 0, 0, 0, 0, 0), (0, 0, 0, 0, 0, 0), (0, 0, 0, 0, 0, 0), (0, 0, 0, 0, 0, 0), (0, 0, 0, 0, 0, 0), (0, 0, 0, 0, 0, 0)]}}
AdaptationManager: Configuring next round...
{'client_registry': {'enabled': True, 'params': {}}, 'client_selector': {'enabled': False, 'params': {}}, 'client_cluster': {'enabled': False, 'params': {}}, 'message_compressor': {'enabled': True, 'params': {}}, 'model_co-versioning_registry': {'enabled': False, 'params': {}}, 'multi-task_model_trainer': {'enabled': False, 'params': {}}, 'heterogeneous_data_handler': {'enabled': False, 'params': {}}}
{'client_selector': {'enabled': False}, 'client_cluster': {'enabled': False}, 'message_compressor': {'enabled': True}, 'model_co-versioning_registry': {'enabled': False}, 'multi-task_model_trainer': {'enabled': False}, 'heterogeneous_data_handler': {'enabled': False}, 'client_registry': {'enabled': True, 'params': {}}}
100.0-iid clients, predicted wo:83.9400 vs w:72.3400, message_compressor activated ✅
Local parameters compressed: reduced 17516 bytes (7.05%)
Local parameters compressed: reduced 17471 bytes (7.03%)
Local parameters compressed: reduced 17446 bytes (7.02%)
Local parameters compressed: reduced 17478 bytes (7.03%)
Local parameters compressed: reduced 17445 bytes (7.02%)
Local parameters compressed: reduced 17463 bytes (7.03%)
Results Aggregated in 78.66 seconds.
{'CNN 64k': {'train_loss': [1.466758435789744, 1.3196379779974619, 1.2022439513397216, 1.109633199195862, 1.0321310909493764, 0.9954444857501984, 0.9335356144364675, 0.8900184623034795, 0.8440105936272939], 'train_accuracy': [0.4680166666666667, 0.5257033333333333, 0.5705466666666666, 0.6077533333333334, 0.63679, 0.64739, 0.6732933333333333, 0.6887233333333334, 0.7043133333333333], 'train_f1': [0.4577925791057274, 0.5161436416298453, 0.5645918307099494, 0.602505666129303, 0.6346777615744835, 0.6434895580244856, 0.6711871222983135, 0.6848461588384988, 0.7023003866472489], 'train_mae': [1.9364433333333333, 1.72102, 1.5373666666666668, 1.3935766666666667, 1.2676166666666666, 1.2328866666666667, 1.1325433333333332, 1.0824933333333333, 1.01552], 'val_loss': [1.4671423806508381, 1.33722226228714, 1.2408942159016927, 1.1773246913592021, 1.125057544294993, 1.1234456851323447, 1.0832025363604227, 1.0696384087721507, 1.0550897097269694], 'val_accuracy': [0.46946666666666664, 0.5182333333333333, 0.55585, 0.5860333333333333, 0.6047333333333333, 0.6089333333333333, 0.6256666666666667, 0.6300166666666667, 0.6381333333333333], 'val_f1': [0.4586327204749374, 0.5081421392322981, 0.5494244289135006, 0.5800394747232765, 0.6022059700313648, 0.6045594054321981, 0.62334066625617, 0.6259910692943049, 0.6356142129088819], 'val_mae': [1.9287333333333334, 1.7516333333333334, 1.5909166666666668, 1.4705, 1.38685, 1.3877333333333333, 1.3200833333333333, 1.3123, 1.27705], 'jsd': [(0, 0, 0, 0, 0, 0), (0, 0, 0, 0, 0, 0), (0, 0, 0, 0, 0, 0), (0, 0, 0, 0, 0, 0), (0, 0, 0, 0, 0, 0), (0, 0, 0, 0, 0, 0), (0, 0, 0, 0, 0, 0), (0, 0, 0, 0, 0, 0), (0, 0, 0, 0, 0, 0)]}}
AdaptationManager: Configuring next round...
{'client_registry': {'enabled': True, 'params': {}}, 'client_selector': {'enabled': False, 'params': {}}, 'client_cluster': {'enabled': False, 'params': {}}, 'message_compressor': {'enabled': True, 'params': {}}, 'model_co-versioning_registry': {'enabled': False, 'params': {}}, 'multi-task_model_trainer': {'enabled': False, 'params': {}}, 'heterogeneous_data_handler': {'enabled': False, 'params': {}}}
{'client_selector': {'enabled': False}, 'client_cluster': {'enabled': False}, 'message_compressor': {'enabled': True}, 'model_co-versioning_registry': {'enabled': False}, 'multi-task_model_trainer': {'enabled': False}, 'heterogeneous_data_handler': {'enabled': False}, 'client_registry': {'enabled': True, 'params': {}}}
100.0-iid clients, predicted wo:83.9400 vs w:72.3400, message_compressor activated ✅
Local parameters compressed: reduced 17398 bytes (7.00%)
Local parameters compressed: reduced 17456 bytes (7.02%)
Local parameters compressed: reduced 17454 bytes (7.02%)
Local parameters compressed: reduced 17405 bytes (7.00%)
Local parameters compressed: reduced 17446 bytes (7.02%)
Local parameters compressed: reduced 17436 bytes (7.02%)
Results Aggregated in 77.28 seconds.
{'CNN 64k': {'train_loss': [1.466758435789744, 1.3196379779974619, 1.2022439513397216, 1.109633199195862, 1.0321310909493764, 0.9954444857501984, 0.9335356144364675, 0.8900184623034795, 0.8440105936272939, 0.7990252603896459], 'train_accuracy': [0.4680166666666667, 0.5257033333333333, 0.5705466666666666, 0.6077533333333334, 0.63679, 0.64739, 0.6732933333333333, 0.6887233333333334, 0.7043133333333333, 0.7208933333333334], 'train_f1': [0.4577925791057274, 0.5161436416298453, 0.5645918307099494, 0.602505666129303, 0.6346777615744835, 0.6434895580244856, 0.6711871222983135, 0.6848461588384988, 0.7023003866472489, 0.7220881342713537], 'train_mae': [1.9364433333333333, 1.72102, 1.5373666666666668, 1.3935766666666667, 1.2676166666666666, 1.2328866666666667, 1.1325433333333332, 1.0824933333333333, 1.01552, 0.93205], 'val_loss': [1.4671423806508381, 1.33722226228714, 1.2408942159016927, 1.1773246913592021, 1.125057544294993, 1.1234456851323447, 1.0832025363604227, 1.0696384087721507, 1.0550897097269694, 1.0475347873369854], 'val_accuracy': [0.46946666666666664, 0.5182333333333333, 0.55585, 0.5860333333333333, 0.6047333333333333, 0.6089333333333333, 0.6256666666666667, 0.6300166666666667, 0.6381333333333333, 0.6433333333333333], 'val_f1': [0.4586327204749374, 0.5081421392322981, 0.5494244289135006, 0.5800394747232765, 0.6022059700313648, 0.6045594054321981, 0.62334066625617, 0.6259910692943049, 0.6356142129088819, 0.644544489771153], 'val_mae': [1.9287333333333334, 1.7516333333333334, 1.5909166666666668, 1.4705, 1.38685, 1.3877333333333333, 1.3200833333333333, 1.3123, 1.27705, 1.2285333333333333], 'jsd': [(0, 0, 0, 0, 0, 0), (0, 0, 0, 0, 0, 0), (0, 0, 0, 0, 0, 0), (0, 0, 0, 0, 0, 0), (0, 0, 0, 0, 0, 0), (0, 0, 0, 0, 0, 0), (0, 0, 0, 0, 0, 0), (0, 0, 0, 0, 0, 0), (0, 0, 0, 0, 0, 0), (0, 0, 0, 0, 0, 0)]}}
AdaptationManager: Configuring next round...
{'client_registry': {'enabled': True, 'params': {}}, 'client_selector': {'enabled': False, 'params': {}}, 'client_cluster': {'enabled': False, 'params': {}}, 'message_compressor': {'enabled': True, 'params': {}}, 'model_co-versioning_registry': {'enabled': False, 'params': {}}, 'multi-task_model_trainer': {'enabled': False, 'params': {}}, 'heterogeneous_data_handler': {'enabled': False, 'params': {}}}
{'client_selector': {'enabled': False}, 'client_cluster': {'enabled': False}, 'message_compressor': {'enabled': True}, 'model_co-versioning_registry': {'enabled': False}, 'multi-task_model_trainer': {'enabled': False}, 'heterogeneous_data_handler': {'enabled': False}, 'client_registry': {'enabled': True, 'params': {}}}
100.0-iid clients, predicted wo:83.9400 vs w:72.3400, message_compressor activated ✅
Local parameters compressed: reduced 17315 bytes (6.97%)
Local parameters compressed: reduced 17358 bytes (6.99%)
Local parameters compressed: reduced 17406 bytes (7.00%)
Local parameters compressed: reduced 17367 bytes (6.99%)
Local parameters compressed: reduced 17363 bytes (6.99%)
Local parameters compressed: reduced 17378 bytes (6.99%)
Results Aggregated in 77.11 seconds.
{'CNN 64k': {'train_loss': [1.466758435789744, 1.3196379779974619, 1.2022439513397216, 1.109633199195862, 1.0321310909493764, 0.9954444857501984, 0.9335356144364675, 0.8900184623034795, 0.8440105936272939, 0.7990252603896459, 0.7698154075988134], 'train_accuracy': [0.4680166666666667, 0.5257033333333333, 0.5705466666666666, 0.6077533333333334, 0.63679, 0.64739, 0.6732933333333333, 0.6887233333333334, 0.7043133333333333, 0.7208933333333334, 0.72982], 'train_f1': [0.4577925791057274, 0.5161436416298453, 0.5645918307099494, 0.602505666129303, 0.6346777615744835, 0.6434895580244856, 0.6711871222983135, 0.6848461588384988, 0.7023003866472489, 0.7220881342713537, 0.7292770494298352], 'train_mae': [1.9364433333333333, 1.72102, 1.5373666666666668, 1.3935766666666667, 1.2676166666666666, 1.2328866666666667, 1.1325433333333332, 1.0824933333333333, 1.01552, 0.93205, 0.9234333333333333], 'val_loss': [1.4671423806508381, 1.33722226228714, 1.2408942159016927, 1.1773246913592021, 1.125057544294993, 1.1234456851323447, 1.0832025363604227, 1.0696384087721507, 1.0550897097269694, 1.0475347873369854, 1.0477864178498586], 'val_accuracy': [0.46946666666666664, 0.5182333333333333, 0.55585, 0.5860333333333333, 0.6047333333333333, 0.6089333333333333, 0.6256666666666667, 0.6300166666666667, 0.6381333333333333, 0.6433333333333333, 0.6432666666666667], 'val_f1': [0.4586327204749374, 0.5081421392322981, 0.5494244289135006, 0.5800394747232765, 0.6022059700313648, 0.6045594054321981, 0.62334066625617, 0.6259910692943049, 0.6356142129088819, 0.644544489771153, 0.6424992470621722], 'val_mae': [1.9287333333333334, 1.7516333333333334, 1.5909166666666668, 1.4705, 1.38685, 1.3877333333333333, 1.3200833333333333, 1.3123, 1.27705, 1.2285333333333333, 1.2532], 'jsd': [(0, 0, 0, 0, 0, 0), (0, 0, 0, 0, 0, 0), (0, 0, 0, 0, 0, 0), (0, 0, 0, 0, 0, 0), (0, 0, 0, 0, 0, 0), (0, 0, 0, 0, 0, 0), (0, 0, 0, 0, 0, 0), (0, 0, 0, 0, 0, 0), (0, 0, 0, 0, 0, 0), (0, 0, 0, 0, 0, 0), (0, 0, 0, 0, 0, 0)]}}
AdaptationManager: Configuring next round...
{'client_registry': {'enabled': True, 'params': {}}, 'client_selector': {'enabled': False, 'params': {}}, 'client_cluster': {'enabled': False, 'params': {}}, 'message_compressor': {'enabled': True, 'params': {}}, 'model_co-versioning_registry': {'enabled': False, 'params': {}}, 'multi-task_model_trainer': {'enabled': False, 'params': {}}, 'heterogeneous_data_handler': {'enabled': False, 'params': {}}}
{'client_selector': {'enabled': False}, 'client_cluster': {'enabled': False}, 'message_compressor': {'enabled': True}, 'model_co-versioning_registry': {'enabled': False}, 'multi-task_model_trainer': {'enabled': False}, 'heterogeneous_data_handler': {'enabled': False}, 'client_registry': {'enabled': True, 'params': {}}}
100.0-iid clients, predicted wo:83.9400 vs w:72.3400, message_compressor activated ✅
Local parameters compressed: reduced 17311 bytes (6.97%)
Local parameters compressed: reduced 17288 bytes (6.96%)
Local parameters compressed: reduced 17300 bytes (6.96%)
Local parameters compressed: reduced 17300 bytes (6.96%)
Local parameters compressed: reduced 17328 bytes (6.97%)
Local parameters compressed: reduced 17294 bytes (6.96%)
Results Aggregated in 77.02 seconds.
{'CNN 64k': {'train_loss': [1.466758435789744, 1.3196379779974619, 1.2022439513397216, 1.109633199195862, 1.0321310909493764, 0.9954444857501984, 0.9335356144364675, 0.8900184623034795, 0.8440105936272939, 0.7990252603896459, 0.7698154075988134, 0.7285749187310536], 'train_accuracy': [0.4680166666666667, 0.5257033333333333, 0.5705466666666666, 0.6077533333333334, 0.63679, 0.64739, 0.6732933333333333, 0.6887233333333334, 0.7043133333333333, 0.7208933333333334, 0.72982, 0.7452633333333334], 'train_f1': [0.4577925791057274, 0.5161436416298453, 0.5645918307099494, 0.602505666129303, 0.6346777615744835, 0.6434895580244856, 0.6711871222983135, 0.6848461588384988, 0.7023003866472489, 0.7220881342713537, 0.7292770494298352, 0.7442199498831029], 'train_mae': [1.9364433333333333, 1.72102, 1.5373666666666668, 1.3935766666666667, 1.2676166666666666, 1.2328866666666667, 1.1325433333333332, 1.0824933333333333, 1.01552, 0.93205, 0.9234333333333333, 0.8447866666666667], 'val_loss': [1.4671423806508381, 1.33722226228714, 1.2408942159016927, 1.1773246913592021, 1.125057544294993, 1.1234456851323447, 1.0832025363604227, 1.0696384087721507, 1.0550897097269694, 1.0475347873369854, 1.0477864178498586, 1.0425497539520263], 'val_accuracy': [0.46946666666666664, 0.5182333333333333, 0.55585, 0.5860333333333333, 0.6047333333333333, 0.6089333333333333, 0.6256666666666667, 0.6300166666666667, 0.6381333333333333, 0.6433333333333333, 0.6432666666666667, 0.65115], 'val_f1': [0.4586327204749374, 0.5081421392322981, 0.5494244289135006, 0.5800394747232765, 0.6022059700313648, 0.6045594054321981, 0.62334066625617, 0.6259910692943049, 0.6356142129088819, 0.644544489771153, 0.6424992470621722, 0.6495822168015705], 'val_mae': [1.9287333333333334, 1.7516333333333334, 1.5909166666666668, 1.4705, 1.38685, 1.3877333333333333, 1.3200833333333333, 1.3123, 1.27705, 1.2285333333333333, 1.2532, 1.2096666666666667], 'jsd': [(0, 0, 0, 0, 0, 0), (0, 0, 0, 0, 0, 0), (0, 0, 0, 0, 0, 0), (0, 0, 0, 0, 0, 0), (0, 0, 0, 0, 0, 0), (0, 0, 0, 0, 0, 0), (0, 0, 0, 0, 0, 0), (0, 0, 0, 0, 0, 0), (0, 0, 0, 0, 0, 0), (0, 0, 0, 0, 0, 0), (0, 0, 0, 0, 0, 0), (0, 0, 0, 0, 0, 0)]}}
AdaptationManager: Configuring next round...
{'client_registry': {'enabled': True, 'params': {}}, 'client_selector': {'enabled': False, 'params': {}}, 'client_cluster': {'enabled': False, 'params': {}}, 'message_compressor': {'enabled': True, 'params': {}}, 'model_co-versioning_registry': {'enabled': False, 'params': {}}, 'multi-task_model_trainer': {'enabled': False, 'params': {}}, 'heterogeneous_data_handler': {'enabled': False, 'params': {}}}
{'client_selector': {'enabled': False}, 'client_cluster': {'enabled': False}, 'message_compressor': {'enabled': True}, 'model_co-versioning_registry': {'enabled': False}, 'multi-task_model_trainer': {'enabled': False}, 'heterogeneous_data_handler': {'enabled': False}, 'client_registry': {'enabled': True, 'params': {}}}
100.0-iid clients, predicted wo:83.9400 vs w:72.3400, message_compressor activated ✅
Local parameters compressed: reduced 17282 bytes (6.95%)
Local parameters compressed: reduced 17324 bytes (6.97%)
Local parameters compressed: reduced 17303 bytes (6.96%)
Local parameters compressed: reduced 17209 bytes (6.93%)
Local parameters compressed: reduced 17281 bytes (6.95%)
Local parameters compressed: reduced 17291 bytes (6.96%)
Results Aggregated in 78.17 seconds.
{'CNN 64k': {'train_loss': [1.466758435789744, 1.3196379779974619, 1.2022439513397216, 1.109633199195862, 1.0321310909493764, 0.9954444857501984, 0.9335356144364675, 0.8900184623034795, 0.8440105936272939, 0.7990252603896459, 0.7698154075988134, 0.7285749187310536, 0.696731265985171], 'train_accuracy': [0.4680166666666667, 0.5257033333333333, 0.5705466666666666, 0.6077533333333334, 0.63679, 0.64739, 0.6732933333333333, 0.6887233333333334, 0.7043133333333333, 0.7208933333333334, 0.72982, 0.7452633333333334, 0.7562666666666666], 'train_f1': [0.4577925791057274, 0.5161436416298453, 0.5645918307099494, 0.602505666129303, 0.6346777615744835, 0.6434895580244856, 0.6711871222983135, 0.6848461588384988, 0.7023003866472489, 0.7220881342713537, 0.7292770494298352, 0.7442199498831029, 0.7550607366560569], 'train_mae': [1.9364433333333333, 1.72102, 1.5373666666666668, 1.3935766666666667, 1.2676166666666666, 1.2328866666666667, 1.1325433333333332, 1.0824933333333333, 1.01552, 0.93205, 0.9234333333333333, 0.8447866666666667, 0.8141366666666666], 'val_loss': [1.4671423806508381, 1.33722226228714, 1.2408942159016927, 1.1773246913592021, 1.125057544294993, 1.1234456851323447, 1.0832025363604227, 1.0696384087721507, 1.0550897097269694, 1.0475347873369854, 1.0477864178498586, 1.0425497539520263, 1.0454021430651348], 'val_accuracy': [0.46946666666666664, 0.5182333333333333, 0.55585, 0.5860333333333333, 0.6047333333333333, 0.6089333333333333, 0.6256666666666667, 0.6300166666666667, 0.6381333333333333, 0.6433333333333333, 0.6432666666666667, 0.65115, 0.64935], 'val_f1': [0.4586327204749374, 0.5081421392322981, 0.5494244289135006, 0.5800394747232765, 0.6022059700313648, 0.6045594054321981, 0.62334066625617, 0.6259910692943049, 0.6356142129088819, 0.644544489771153, 0.6424992470621722, 0.6495822168015705, 0.6477081625371383], 'val_mae': [1.9287333333333334, 1.7516333333333334, 1.5909166666666668, 1.4705, 1.38685, 1.3877333333333333, 1.3200833333333333, 1.3123, 1.27705, 1.2285333333333333, 1.2532, 1.2096666666666667, 1.22285], 'jsd': [(0, 0, 0, 0, 0, 0), (0, 0, 0, 0, 0, 0), (0, 0, 0, 0, 0, 0), (0, 0, 0, 0, 0, 0), (0, 0, 0, 0, 0, 0), (0, 0, 0, 0, 0, 0), (0, 0, 0, 0, 0, 0), (0, 0, 0, 0, 0, 0), (0, 0, 0, 0, 0, 0), (0, 0, 0, 0, 0, 0), (0, 0, 0, 0, 0, 0), (0, 0, 0, 0, 0, 0), (0, 0, 0, 0, 0, 0)]}}
AdaptationManager: Configuring next round...
{'client_registry': {'enabled': True, 'params': {}}, 'client_selector': {'enabled': False, 'params': {}}, 'client_cluster': {'enabled': False, 'params': {}}, 'message_compressor': {'enabled': True, 'params': {}}, 'model_co-versioning_registry': {'enabled': False, 'params': {}}, 'multi-task_model_trainer': {'enabled': False, 'params': {}}, 'heterogeneous_data_handler': {'enabled': False, 'params': {}}}
{'client_selector': {'enabled': False}, 'client_cluster': {'enabled': False}, 'message_compressor': {'enabled': True}, 'model_co-versioning_registry': {'enabled': False}, 'multi-task_model_trainer': {'enabled': False}, 'heterogeneous_data_handler': {'enabled': False}, 'client_registry': {'enabled': True, 'params': {}}}
100.0-iid clients, predicted wo:83.9400 vs w:72.3400, message_compressor activated ✅
Local parameters compressed: reduced 17265 bytes (6.95%)
Local parameters compressed: reduced 17282 bytes (6.95%)
Local parameters compressed: reduced 17281 bytes (6.95%)
Local parameters compressed: reduced 17225 bytes (6.93%)
Local parameters compressed: reduced 17263 bytes (6.95%)
Local parameters compressed: reduced 17211 bytes (6.93%)
Results Aggregated in 78.87 seconds.
{'CNN 64k': {'train_loss': [1.466758435789744, 1.3196379779974619, 1.2022439513397216, 1.109633199195862, 1.0321310909493764, 0.9954444857501984, 0.9335356144364675, 0.8900184623034795, 0.8440105936272939, 0.7990252603896459, 0.7698154075988134, 0.7285749187310536, 0.696731265985171, 0.6655614229631424], 'train_accuracy': [0.4680166666666667, 0.5257033333333333, 0.5705466666666666, 0.6077533333333334, 0.63679, 0.64739, 0.6732933333333333, 0.6887233333333334, 0.7043133333333333, 0.7208933333333334, 0.72982, 0.7452633333333334, 0.7562666666666666, 0.7675433333333334], 'train_f1': [0.4577925791057274, 0.5161436416298453, 0.5645918307099494, 0.602505666129303, 0.6346777615744835, 0.6434895580244856, 0.6711871222983135, 0.6848461588384988, 0.7023003866472489, 0.7220881342713537, 0.7292770494298352, 0.7442199498831029, 0.7550607366560569, 0.7655693255068785], 'train_mae': [1.9364433333333333, 1.72102, 1.5373666666666668, 1.3935766666666667, 1.2676166666666666, 1.2328866666666667, 1.1325433333333332, 1.0824933333333333, 1.01552, 0.93205, 0.9234333333333333, 0.8447866666666667, 0.8141366666666666, 0.77773], 'val_loss': [1.4671423806508381, 1.33722226228714, 1.2408942159016927, 1.1773246913592021, 1.125057544294993, 1.1234456851323447, 1.0832025363604227, 1.0696384087721507, 1.0550897097269694, 1.0475347873369854, 1.0477864178498586, 1.0425497539520263, 1.0454021430651348, 1.0476011847178142], 'val_accuracy': [0.46946666666666664, 0.5182333333333333, 0.55585, 0.5860333333333333, 0.6047333333333333, 0.6089333333333333, 0.6256666666666667, 0.6300166666666667, 0.6381333333333333, 0.6433333333333333, 0.6432666666666667, 0.65115, 0.64935, 0.6523333333333333], 'val_f1': [0.4586327204749374, 0.5081421392322981, 0.5494244289135006, 0.5800394747232765, 0.6022059700313648, 0.6045594054321981, 0.62334066625617, 0.6259910692943049, 0.6356142129088819, 0.644544489771153, 0.6424992470621722, 0.6495822168015705, 0.6477081625371383, 0.6495588220884564], 'val_mae': [1.9287333333333334, 1.7516333333333334, 1.5909166666666668, 1.4705, 1.38685, 1.3877333333333333, 1.3200833333333333, 1.3123, 1.27705, 1.2285333333333333, 1.2532, 1.2096666666666667, 1.22285, 1.2153833333333333], 'jsd': [(0, 0, 0, 0, 0, 0), (0, 0, 0, 0, 0, 0), (0, 0, 0, 0, 0, 0), (0, 0, 0, 0, 0, 0), (0, 0, 0, 0, 0, 0), (0, 0, 0, 0, 0, 0), (0, 0, 0, 0, 0, 0), (0, 0, 0, 0, 0, 0), (0, 0, 0, 0, 0, 0), (0, 0, 0, 0, 0, 0), (0, 0, 0, 0, 0, 0), (0, 0, 0, 0, 0, 0), (0, 0, 0, 0, 0, 0), (0, 0, 0, 0, 0, 0)]}}
AdaptationManager: Configuring next round...
{'client_registry': {'enabled': True, 'params': {}}, 'client_selector': {'enabled': False, 'params': {}}, 'client_cluster': {'enabled': False, 'params': {}}, 'message_compressor': {'enabled': True, 'params': {}}, 'model_co-versioning_registry': {'enabled': False, 'params': {}}, 'multi-task_model_trainer': {'enabled': False, 'params': {}}, 'heterogeneous_data_handler': {'enabled': False, 'params': {}}}
{'client_selector': {'enabled': False}, 'client_cluster': {'enabled': False}, 'message_compressor': {'enabled': True}, 'model_co-versioning_registry': {'enabled': False}, 'multi-task_model_trainer': {'enabled': False}, 'heterogeneous_data_handler': {'enabled': False}, 'client_registry': {'enabled': True, 'params': {}}}
100.0-iid clients, predicted wo:83.9400 vs w:72.3400, message_compressor activated ✅
Local parameters compressed: reduced 17292 bytes (6.96%)
Local parameters compressed: reduced 17297 bytes (6.96%)
Local parameters compressed: reduced 17239 bytes (6.94%)
Local parameters compressed: reduced 17265 bytes (6.95%)
Local parameters compressed: reduced 17281 bytes (6.95%)
Local parameters compressed: reduced 17270 bytes (6.95%)
Results Aggregated in 76.54 seconds.
{'CNN 64k': {'train_loss': [1.466758435789744, 1.3196379779974619, 1.2022439513397216, 1.109633199195862, 1.0321310909493764, 0.9954444857501984, 0.9335356144364675, 0.8900184623034795, 0.8440105936272939, 0.7990252603896459, 0.7698154075988134, 0.7285749187310536, 0.696731265985171, 0.6655614229631424, 0.6427802322673798], 'train_accuracy': [0.4680166666666667, 0.5257033333333333, 0.5705466666666666, 0.6077533333333334, 0.63679, 0.64739, 0.6732933333333333, 0.6887233333333334, 0.7043133333333333, 0.7208933333333334, 0.72982, 0.7452633333333334, 0.7562666666666666, 0.7675433333333334, 0.7748966666666667], 'train_f1': [0.4577925791057274, 0.5161436416298453, 0.5645918307099494, 0.602505666129303, 0.6346777615744835, 0.6434895580244856, 0.6711871222983135, 0.6848461588384988, 0.7023003866472489, 0.7220881342713537, 0.7292770494298352, 0.7442199498831029, 0.7550607366560569, 0.7655693255068785, 0.7748622584709436], 'train_mae': [1.9364433333333333, 1.72102, 1.5373666666666668, 1.3935766666666667, 1.2676166666666666, 1.2328866666666667, 1.1325433333333332, 1.0824933333333333, 1.01552, 0.93205, 0.9234333333333333, 0.8447866666666667, 0.8141366666666666, 0.77773, 0.7516966666666667], 'val_loss': [1.4671423806508381, 1.33722226228714, 1.2408942159016927, 1.1773246913592021, 1.125057544294993, 1.1234456851323447, 1.0832025363604227, 1.0696384087721507, 1.0550897097269694, 1.0475347873369854, 1.0477864178498586, 1.0425497539520263, 1.0454021430651348, 1.0476011847178142, 1.0704811388969422], 'val_accuracy': [0.46946666666666664, 0.5182333333333333, 0.55585, 0.5860333333333333, 0.6047333333333333, 0.6089333333333333, 0.6256666666666667, 0.6300166666666667, 0.6381333333333333, 0.6433333333333333, 0.6432666666666667, 0.65115, 0.64935, 0.6523333333333333, 0.6503666666666666], 'val_f1': [0.4586327204749374, 0.5081421392322981, 0.5494244289135006, 0.5800394747232765, 0.6022059700313648, 0.6045594054321981, 0.62334066625617, 0.6259910692943049, 0.6356142129088819, 0.644544489771153, 0.6424992470621722, 0.6495822168015705, 0.6477081625371383, 0.6495588220884564, 0.6499793552373724], 'val_mae': [1.9287333333333334, 1.7516333333333334, 1.5909166666666668, 1.4705, 1.38685, 1.3877333333333333, 1.3200833333333333, 1.3123, 1.27705, 1.2285333333333333, 1.2532, 1.2096666666666667, 1.22285, 1.2153833333333333, 1.2247], 'jsd': [(0, 0, 0, 0, 0, 0), (0, 0, 0, 0, 0, 0), (0, 0, 0, 0, 0, 0), (0, 0, 0, 0, 0, 0), (0, 0, 0, 0, 0, 0), (0, 0, 0, 0, 0, 0), (0, 0, 0, 0, 0, 0), (0, 0, 0, 0, 0, 0), (0, 0, 0, 0, 0, 0), (0, 0, 0, 0, 0, 0), (0, 0, 0, 0, 0, 0), (0, 0, 0, 0, 0, 0), (0, 0, 0, 0, 0, 0), (0, 0, 0, 0, 0, 0), (0, 0, 0, 0, 0, 0)]}}
AdaptationManager: Configuring next round...
{'client_registry': {'enabled': True, 'params': {}}, 'client_selector': {'enabled': False, 'params': {}}, 'client_cluster': {'enabled': False, 'params': {}}, 'message_compressor': {'enabled': True, 'params': {}}, 'model_co-versioning_registry': {'enabled': False, 'params': {}}, 'multi-task_model_trainer': {'enabled': False, 'params': {}}, 'heterogeneous_data_handler': {'enabled': False, 'params': {}}}
{'client_selector': {'enabled': False}, 'client_cluster': {'enabled': False}, 'message_compressor': {'enabled': True}, 'model_co-versioning_registry': {'enabled': False}, 'multi-task_model_trainer': {'enabled': False}, 'heterogeneous_data_handler': {'enabled': False}, 'client_registry': {'enabled': True, 'params': {}}}
100.0-iid clients, predicted wo:83.9400 vs w:72.3400, message_compressor activated ✅
Local parameters compressed: reduced 17257 bytes (6.94%)
Local parameters compressed: reduced 17221 bytes (6.93%)
Local parameters compressed: reduced 17257 bytes (6.94%)
Local parameters compressed: reduced 17217 bytes (6.93%)
Local parameters compressed: reduced 17227 bytes (6.93%)
Local parameters compressed: reduced 17168 bytes (6.91%)
Results Aggregated in 76.02 seconds.
{'CNN 64k': {'train_loss': [1.466758435789744, 1.3196379779974619, 1.2022439513397216, 1.109633199195862, 1.0321310909493764, 0.9954444857501984, 0.9335356144364675, 0.8900184623034795, 0.8440105936272939, 0.7990252603896459, 0.7698154075988134, 0.7285749187310536, 0.696731265985171, 0.6655614229631424, 0.6427802322673798, 0.6181564377752939], 'train_accuracy': [0.4680166666666667, 0.5257033333333333, 0.5705466666666666, 0.6077533333333334, 0.63679, 0.64739, 0.6732933333333333, 0.6887233333333334, 0.7043133333333333, 0.7208933333333334, 0.72982, 0.7452633333333334, 0.7562666666666666, 0.7675433333333334, 0.7748966666666667, 0.7832333333333333], 'train_f1': [0.4577925791057274, 0.5161436416298453, 0.5645918307099494, 0.602505666129303, 0.6346777615744835, 0.6434895580244856, 0.6711871222983135, 0.6848461588384988, 0.7023003866472489, 0.7220881342713537, 0.7292770494298352, 0.7442199498831029, 0.7550607366560569, 0.7655693255068785, 0.7748622584709436, 0.7835045960779635], 'train_mae': [1.9364433333333333, 1.72102, 1.5373666666666668, 1.3935766666666667, 1.2676166666666666, 1.2328866666666667, 1.1325433333333332, 1.0824933333333333, 1.01552, 0.93205, 0.9234333333333333, 0.8447866666666667, 0.8141366666666666, 0.77773, 0.7516966666666667, 0.71204], 'val_loss': [1.4671423806508381, 1.33722226228714, 1.2408942159016927, 1.1773246913592021, 1.125057544294993, 1.1234456851323447, 1.0832025363604227, 1.0696384087721507, 1.0550897097269694, 1.0475347873369854, 1.0477864178498586, 1.0425497539520263, 1.0454021430651348, 1.0476011847178142, 1.0704811388969422, 1.090746015993754], 'val_accuracy': [0.46946666666666664, 0.5182333333333333, 0.55585, 0.5860333333333333, 0.6047333333333333, 0.6089333333333333, 0.6256666666666667, 0.6300166666666667, 0.6381333333333333, 0.6433333333333333, 0.6432666666666667, 0.65115, 0.64935, 0.6523333333333333, 0.6503666666666666, 0.6487833333333334], 'val_f1': [0.4586327204749374, 0.5081421392322981, 0.5494244289135006, 0.5800394747232765, 0.6022059700313648, 0.6045594054321981, 0.62334066625617, 0.6259910692943049, 0.6356142129088819, 0.644544489771153, 0.6424992470621722, 0.6495822168015705, 0.6477081625371383, 0.6495588220884564, 0.6499793552373724, 0.6489939398333316], 'val_mae': [1.9287333333333334, 1.7516333333333334, 1.5909166666666668, 1.4705, 1.38685, 1.3877333333333333, 1.3200833333333333, 1.3123, 1.27705, 1.2285333333333333, 1.2532, 1.2096666666666667, 1.22285, 1.2153833333333333, 1.2247, 1.2274333333333334], 'jsd': [(0, 0, 0, 0, 0, 0), (0, 0, 0, 0, 0, 0), (0, 0, 0, 0, 0, 0), (0, 0, 0, 0, 0, 0), (0, 0, 0, 0, 0, 0), (0, 0, 0, 0, 0, 0), (0, 0, 0, 0, 0, 0), (0, 0, 0, 0, 0, 0), (0, 0, 0, 0, 0, 0), (0, 0, 0, 0, 0, 0), (0, 0, 0, 0, 0, 0), (0, 0, 0, 0, 0, 0), (0, 0, 0, 0, 0, 0), (0, 0, 0, 0, 0, 0), (0, 0, 0, 0, 0, 0), (0, 0, 0, 0, 0, 0)]}}
AdaptationManager: Configuring next round...
{'client_registry': {'enabled': True, 'params': {}}, 'client_selector': {'enabled': False, 'params': {}}, 'client_cluster': {'enabled': False, 'params': {}}, 'message_compressor': {'enabled': True, 'params': {}}, 'model_co-versioning_registry': {'enabled': False, 'params': {}}, 'multi-task_model_trainer': {'enabled': False, 'params': {}}, 'heterogeneous_data_handler': {'enabled': False, 'params': {}}}
{'client_selector': {'enabled': False}, 'client_cluster': {'enabled': False}, 'message_compressor': {'enabled': True}, 'model_co-versioning_registry': {'enabled': False}, 'multi-task_model_trainer': {'enabled': False}, 'heterogeneous_data_handler': {'enabled': False}, 'client_registry': {'enabled': True, 'params': {}}}
100.0-iid clients, predicted wo:83.9400 vs w:72.3400, message_compressor activated ✅
Local parameters compressed: reduced 17169 bytes (6.91%)
Local parameters compressed: reduced 17214 bytes (6.93%)
Local parameters compressed: reduced 17157 bytes (6.90%)
Local parameters compressed: reduced 17216 bytes (6.93%)
Local parameters compressed: reduced 17155 bytes (6.90%)
Local parameters compressed: reduced 17145 bytes (6.90%)
Results Aggregated in 78.33 seconds.
{'CNN 64k': {'train_loss': [1.466758435789744, 1.3196379779974619, 1.2022439513397216, 1.109633199195862, 1.0321310909493764, 0.9954444857501984, 0.9335356144364675, 0.8900184623034795, 0.8440105936272939, 0.7990252603896459, 0.7698154075988134, 0.7285749187310536, 0.696731265985171, 0.6655614229631424, 0.6427802322673798, 0.6181564377752939, 0.5921151407432557], 'train_accuracy': [0.4680166666666667, 0.5257033333333333, 0.5705466666666666, 0.6077533333333334, 0.63679, 0.64739, 0.6732933333333333, 0.6887233333333334, 0.7043133333333333, 0.7208933333333334, 0.72982, 0.7452633333333334, 0.7562666666666666, 0.7675433333333334, 0.7748966666666667, 0.7832333333333333, 0.7922], 'train_f1': [0.4577925791057274, 0.5161436416298453, 0.5645918307099494, 0.602505666129303, 0.6346777615744835, 0.6434895580244856, 0.6711871222983135, 0.6848461588384988, 0.7023003866472489, 0.7220881342713537, 0.7292770494298352, 0.7442199498831029, 0.7550607366560569, 0.7655693255068785, 0.7748622584709436, 0.7835045960779635, 0.7910446982326748], 'train_mae': [1.9364433333333333, 1.72102, 1.5373666666666668, 1.3935766666666667, 1.2676166666666666, 1.2328866666666667, 1.1325433333333332, 1.0824933333333333, 1.01552, 0.93205, 0.9234333333333333, 0.8447866666666667, 0.8141366666666666, 0.77773, 0.7516966666666667, 0.71204, 0.6862533333333334], 'val_loss': [1.4671423806508381, 1.33722226228714, 1.2408942159016927, 1.1773246913592021, 1.125057544294993, 1.1234456851323447, 1.0832025363604227, 1.0696384087721507, 1.0550897097269694, 1.0475347873369854, 1.0477864178498586, 1.0425497539520263, 1.0454021430651348, 1.0476011847178142, 1.0704811388969422, 1.090746015993754, 1.0953180747350058], 'val_accuracy': [0.46946666666666664, 0.5182333333333333, 0.55585, 0.5860333333333333, 0.6047333333333333, 0.6089333333333333, 0.6256666666666667, 0.6300166666666667, 0.6381333333333333, 0.6433333333333333, 0.6432666666666667, 0.65115, 0.64935, 0.6523333333333333, 0.6503666666666666, 0.6487833333333334, 0.6508333333333334], 'val_f1': [0.4586327204749374, 0.5081421392322981, 0.5494244289135006, 0.5800394747232765, 0.6022059700313648, 0.6045594054321981, 0.62334066625617, 0.6259910692943049, 0.6356142129088819, 0.644544489771153, 0.6424992470621722, 0.6495822168015705, 0.6477081625371383, 0.6495588220884564, 0.6499793552373724, 0.6489939398333316, 0.6487344114655097], 'val_mae': [1.9287333333333334, 1.7516333333333334, 1.5909166666666668, 1.4705, 1.38685, 1.3877333333333333, 1.3200833333333333, 1.3123, 1.27705, 1.2285333333333333, 1.2532, 1.2096666666666667, 1.22285, 1.2153833333333333, 1.2247, 1.2274333333333334, 1.2297166666666666], 'jsd': [(0, 0, 0, 0, 0, 0), (0, 0, 0, 0, 0, 0), (0, 0, 0, 0, 0, 0), (0, 0, 0, 0, 0, 0), (0, 0, 0, 0, 0, 0), (0, 0, 0, 0, 0, 0), (0, 0, 0, 0, 0, 0), (0, 0, 0, 0, 0, 0), (0, 0, 0, 0, 0, 0), (0, 0, 0, 0, 0, 0), (0, 0, 0, 0, 0, 0), (0, 0, 0, 0, 0, 0), (0, 0, 0, 0, 0, 0), (0, 0, 0, 0, 0, 0), (0, 0, 0, 0, 0, 0), (0, 0, 0, 0, 0, 0), (0, 0, 0, 0, 0, 0)]}}
AdaptationManager: Configuring next round...
{'client_registry': {'enabled': True, 'params': {}}, 'client_selector': {'enabled': False, 'params': {}}, 'client_cluster': {'enabled': False, 'params': {}}, 'message_compressor': {'enabled': True, 'params': {}}, 'model_co-versioning_registry': {'enabled': False, 'params': {}}, 'multi-task_model_trainer': {'enabled': False, 'params': {}}, 'heterogeneous_data_handler': {'enabled': False, 'params': {}}}
{'client_selector': {'enabled': False}, 'client_cluster': {'enabled': False}, 'message_compressor': {'enabled': True}, 'model_co-versioning_registry': {'enabled': False}, 'multi-task_model_trainer': {'enabled': False}, 'heterogeneous_data_handler': {'enabled': False}, 'client_registry': {'enabled': True, 'params': {}}}
100.0-iid clients, predicted wo:83.9400 vs w:72.3400, message_compressor activated ✅
Local parameters compressed: reduced 17182 bytes (6.91%)
Local parameters compressed: reduced 17256 bytes (6.94%)
Local parameters compressed: reduced 17163 bytes (6.91%)
Local parameters compressed: reduced 17200 bytes (6.92%)
Local parameters compressed: reduced 17214 bytes (6.93%)
Local parameters compressed: reduced 17151 bytes (6.90%)
Results Aggregated in 78.48 seconds.
{'CNN 64k': {'train_loss': [1.466758435789744, 1.3196379779974619, 1.2022439513397216, 1.109633199195862, 1.0321310909493764, 0.9954444857501984, 0.9335356144364675, 0.8900184623034795, 0.8440105936272939, 0.7990252603896459, 0.7698154075988134, 0.7285749187310536, 0.696731265985171, 0.6655614229631424, 0.6427802322673798, 0.6181564377752939, 0.5921151407432557, 0.5639409155845642], 'train_accuracy': [0.4680166666666667, 0.5257033333333333, 0.5705466666666666, 0.6077533333333334, 0.63679, 0.64739, 0.6732933333333333, 0.6887233333333334, 0.7043133333333333, 0.7208933333333334, 0.72982, 0.7452633333333334, 0.7562666666666666, 0.7675433333333334, 0.7748966666666667, 0.7832333333333333, 0.7922, 0.80346], 'train_f1': [0.4577925791057274, 0.5161436416298453, 0.5645918307099494, 0.602505666129303, 0.6346777615744835, 0.6434895580244856, 0.6711871222983135, 0.6848461588384988, 0.7023003866472489, 0.7220881342713537, 0.7292770494298352, 0.7442199498831029, 0.7550607366560569, 0.7655693255068785, 0.7748622584709436, 0.7835045960779635, 0.7910446982326748, 0.8040230923978474], 'train_mae': [1.9364433333333333, 1.72102, 1.5373666666666668, 1.3935766666666667, 1.2676166666666666, 1.2328866666666667, 1.1325433333333332, 1.0824933333333333, 1.01552, 0.93205, 0.9234333333333333, 0.8447866666666667, 0.8141366666666666, 0.77773, 0.7516966666666667, 0.71204, 0.6862533333333334, 0.64246], 'val_loss': [1.4671423806508381, 1.33722226228714, 1.2408942159016927, 1.1773246913592021, 1.125057544294993, 1.1234456851323447, 1.0832025363604227, 1.0696384087721507, 1.0550897097269694, 1.0475347873369854, 1.0477864178498586, 1.0425497539520263, 1.0454021430651348, 1.0476011847178142, 1.0704811388969422, 1.090746015993754, 1.0953180747350058, 1.112659336344401], 'val_accuracy': [0.46946666666666664, 0.5182333333333333, 0.55585, 0.5860333333333333, 0.6047333333333333, 0.6089333333333333, 0.6256666666666667, 0.6300166666666667, 0.6381333333333333, 0.6433333333333333, 0.6432666666666667, 0.65115, 0.64935, 0.6523333333333333, 0.6503666666666666, 0.6487833333333334, 0.6508333333333334, 0.6512666666666667], 'val_f1': [0.4586327204749374, 0.5081421392322981, 0.5494244289135006, 0.5800394747232765, 0.6022059700313648, 0.6045594054321981, 0.62334066625617, 0.6259910692943049, 0.6356142129088819, 0.644544489771153, 0.6424992470621722, 0.6495822168015705, 0.6477081625371383, 0.6495588220884564, 0.6499793552373724, 0.6489939398333316, 0.6487344114655097, 0.6516035904206546], 'val_mae': [1.9287333333333334, 1.7516333333333334, 1.5909166666666668, 1.4705, 1.38685, 1.3877333333333333, 1.3200833333333333, 1.3123, 1.27705, 1.2285333333333333, 1.2532, 1.2096666666666667, 1.22285, 1.2153833333333333, 1.2247, 1.2274333333333334, 1.2297166666666666, 1.2225], 'jsd': [(0, 0, 0, 0, 0, 0), (0, 0, 0, 0, 0, 0), (0, 0, 0, 0, 0, 0), (0, 0, 0, 0, 0, 0), (0, 0, 0, 0, 0, 0), (0, 0, 0, 0, 0, 0), (0, 0, 0, 0, 0, 0), (0, 0, 0, 0, 0, 0), (0, 0, 0, 0, 0, 0), (0, 0, 0, 0, 0, 0), (0, 0, 0, 0, 0, 0), (0, 0, 0, 0, 0, 0), (0, 0, 0, 0, 0, 0), (0, 0, 0, 0, 0, 0), (0, 0, 0, 0, 0, 0), (0, 0, 0, 0, 0, 0), (0, 0, 0, 0, 0, 0), (0, 0, 0, 0, 0, 0)]}}
AdaptationManager: Configuring next round...
{'client_registry': {'enabled': True, 'params': {}}, 'client_selector': {'enabled': False, 'params': {}}, 'client_cluster': {'enabled': False, 'params': {}}, 'message_compressor': {'enabled': True, 'params': {}}, 'model_co-versioning_registry': {'enabled': False, 'params': {}}, 'multi-task_model_trainer': {'enabled': False, 'params': {}}, 'heterogeneous_data_handler': {'enabled': False, 'params': {}}}
{'client_selector': {'enabled': False}, 'client_cluster': {'enabled': False}, 'message_compressor': {'enabled': True}, 'model_co-versioning_registry': {'enabled': False}, 'multi-task_model_trainer': {'enabled': False}, 'heterogeneous_data_handler': {'enabled': False}, 'client_registry': {'enabled': True, 'params': {}}}
100.0-iid clients, predicted wo:83.9400 vs w:72.3400, message_compressor activated ✅
Local parameters compressed: reduced 17196 bytes (6.92%)
Local parameters compressed: reduced 17179 bytes (6.91%)
Local parameters compressed: reduced 17212 bytes (6.93%)
Local parameters compressed: reduced 17195 bytes (6.92%)
Local parameters compressed: reduced 17107 bytes (6.88%)
Local parameters compressed: reduced 17185 bytes (6.92%)
Results Aggregated in 77.79 seconds.
{'CNN 64k': {'train_loss': [1.466758435789744, 1.3196379779974619, 1.2022439513397216, 1.109633199195862, 1.0321310909493764, 0.9954444857501984, 0.9335356144364675, 0.8900184623034795, 0.8440105936272939, 0.7990252603896459, 0.7698154075988134, 0.7285749187310536, 0.696731265985171, 0.6655614229631424, 0.6427802322673798, 0.6181564377752939, 0.5921151407432557, 0.5639409155845642, 0.5424653049246471], 'train_accuracy': [0.4680166666666667, 0.5257033333333333, 0.5705466666666666, 0.6077533333333334, 0.63679, 0.64739, 0.6732933333333333, 0.6887233333333334, 0.7043133333333333, 0.7208933333333334, 0.72982, 0.7452633333333334, 0.7562666666666666, 0.7675433333333334, 0.7748966666666667, 0.7832333333333333, 0.7922, 0.80346, 0.8108233333333333], 'train_f1': [0.4577925791057274, 0.5161436416298453, 0.5645918307099494, 0.602505666129303, 0.6346777615744835, 0.6434895580244856, 0.6711871222983135, 0.6848461588384988, 0.7023003866472489, 0.7220881342713537, 0.7292770494298352, 0.7442199498831029, 0.7550607366560569, 0.7655693255068785, 0.7748622584709436, 0.7835045960779635, 0.7910446982326748, 0.8040230923978474, 0.8108222516114556], 'train_mae': [1.9364433333333333, 1.72102, 1.5373666666666668, 1.3935766666666667, 1.2676166666666666, 1.2328866666666667, 1.1325433333333332, 1.0824933333333333, 1.01552, 0.93205, 0.9234333333333333, 0.8447866666666667, 0.8141366666666666, 0.77773, 0.7516966666666667, 0.71204, 0.6862533333333334, 0.64246, 0.6165566666666666], 'val_loss': [1.4671423806508381, 1.33722226228714, 1.2408942159016927, 1.1773246913592021, 1.125057544294993, 1.1234456851323447, 1.0832025363604227, 1.0696384087721507, 1.0550897097269694, 1.0475347873369854, 1.0477864178498586, 1.0425497539520263, 1.0454021430651348, 1.0476011847178142, 1.0704811388969422, 1.090746015993754, 1.0953180747350058, 1.112659336344401, 1.129809194421768], 'val_accuracy': [0.46946666666666664, 0.5182333333333333, 0.55585, 0.5860333333333333, 0.6047333333333333, 0.6089333333333333, 0.6256666666666667, 0.6300166666666667, 0.6381333333333333, 0.6433333333333333, 0.6432666666666667, 0.65115, 0.64935, 0.6523333333333333, 0.6503666666666666, 0.6487833333333334, 0.6508333333333334, 0.6512666666666667, 0.64995], 'val_f1': [0.4586327204749374, 0.5081421392322981, 0.5494244289135006, 0.5800394747232765, 0.6022059700313648, 0.6045594054321981, 0.62334066625617, 0.6259910692943049, 0.6356142129088819, 0.644544489771153, 0.6424992470621722, 0.6495822168015705, 0.6477081625371383, 0.6495588220884564, 0.6499793552373724, 0.6489939398333316, 0.6487344114655097, 0.6516035904206546, 0.6493133017984949], 'val_mae': [1.9287333333333334, 1.7516333333333334, 1.5909166666666668, 1.4705, 1.38685, 1.3877333333333333, 1.3200833333333333, 1.3123, 1.27705, 1.2285333333333333, 1.2532, 1.2096666666666667, 1.22285, 1.2153833333333333, 1.2247, 1.2274333333333334, 1.2297166666666666, 1.2225, 1.2245833333333334], 'jsd': [(0, 0, 0, 0, 0, 0), (0, 0, 0, 0, 0, 0), (0, 0, 0, 0, 0, 0), (0, 0, 0, 0, 0, 0), (0, 0, 0, 0, 0, 0), (0, 0, 0, 0, 0, 0), (0, 0, 0, 0, 0, 0), (0, 0, 0, 0, 0, 0), (0, 0, 0, 0, 0, 0), (0, 0, 0, 0, 0, 0), (0, 0, 0, 0, 0, 0), (0, 0, 0, 0, 0, 0), (0, 0, 0, 0, 0, 0), (0, 0, 0, 0, 0, 0), (0, 0, 0, 0, 0, 0), (0, 0, 0, 0, 0, 0), (0, 0, 0, 0, 0, 0), (0, 0, 0, 0, 0, 0), (0, 0, 0, 0, 0, 0)]}}
AdaptationManager: Configuring next round...
{'client_registry': {'enabled': True, 'params': {}}, 'client_selector': {'enabled': False, 'params': {}}, 'client_cluster': {'enabled': False, 'params': {}}, 'message_compressor': {'enabled': True, 'params': {}}, 'model_co-versioning_registry': {'enabled': False, 'params': {}}, 'multi-task_model_trainer': {'enabled': False, 'params': {}}, 'heterogeneous_data_handler': {'enabled': False, 'params': {}}}
{'client_selector': {'enabled': False}, 'client_cluster': {'enabled': False}, 'message_compressor': {'enabled': True}, 'model_co-versioning_registry': {'enabled': False}, 'multi-task_model_trainer': {'enabled': False}, 'heterogeneous_data_handler': {'enabled': False}, 'client_registry': {'enabled': True, 'params': {}}}
100.0-iid clients, predicted wo:83.9400 vs w:72.3400, message_compressor activated ✅
Local parameters compressed: reduced 17182 bytes (6.91%)
Local parameters compressed: reduced 17073 bytes (6.87%)
Local parameters compressed: reduced 17094 bytes (6.88%)
Local parameters compressed: reduced 17123 bytes (6.89%)
Local parameters compressed: reduced 17156 bytes (6.90%)
Local parameters compressed: reduced 17151 bytes (6.90%)
Results Aggregated in 75.77 seconds.
{'CNN 64k': {'train_loss': [1.466758435789744, 1.3196379779974619, 1.2022439513397216, 1.109633199195862, 1.0321310909493764, 0.9954444857501984, 0.9335356144364675, 0.8900184623034795, 0.8440105936272939, 0.7990252603896459, 0.7698154075988134, 0.7285749187310536, 0.696731265985171, 0.6655614229631424, 0.6427802322673798, 0.6181564377752939, 0.5921151407432557, 0.5639409155845642, 0.5424653049246471, 0.5248341227563222], 'train_accuracy': [0.4680166666666667, 0.5257033333333333, 0.5705466666666666, 0.6077533333333334, 0.63679, 0.64739, 0.6732933333333333, 0.6887233333333334, 0.7043133333333333, 0.7208933333333334, 0.72982, 0.7452633333333334, 0.7562666666666666, 0.7675433333333334, 0.7748966666666667, 0.7832333333333333, 0.7922, 0.80346, 0.8108233333333333, 0.8154666666666667], 'train_f1': [0.4577925791057274, 0.5161436416298453, 0.5645918307099494, 0.602505666129303, 0.6346777615744835, 0.6434895580244856, 0.6711871222983135, 0.6848461588384988, 0.7023003866472489, 0.7220881342713537, 0.7292770494298352, 0.7442199498831029, 0.7550607366560569, 0.7655693255068785, 0.7748622584709436, 0.7835045960779635, 0.7910446982326748, 0.8040230923978474, 0.8108222516114556, 0.8146343546382135], 'train_mae': [1.9364433333333333, 1.72102, 1.5373666666666668, 1.3935766666666667, 1.2676166666666666, 1.2328866666666667, 1.1325433333333332, 1.0824933333333333, 1.01552, 0.93205, 0.9234333333333333, 0.8447866666666667, 0.8141366666666666, 0.77773, 0.7516966666666667, 0.71204, 0.6862533333333334, 0.64246, 0.6165566666666666, 0.6028833333333333], 'val_loss': [1.4671423806508381, 1.33722226228714, 1.2408942159016927, 1.1773246913592021, 1.125057544294993, 1.1234456851323447, 1.0832025363604227, 1.0696384087721507, 1.0550897097269694, 1.0475347873369854, 1.0477864178498586, 1.0425497539520263, 1.0454021430651348, 1.0476011847178142, 1.0704811388969422, 1.090746015993754, 1.0953180747350058, 1.112659336344401, 1.129809194421768, 1.154311831108729], 'val_accuracy': [0.46946666666666664, 0.5182333333333333, 0.55585, 0.5860333333333333, 0.6047333333333333, 0.6089333333333333, 0.6256666666666667, 0.6300166666666667, 0.6381333333333333, 0.6433333333333333, 0.6432666666666667, 0.65115, 0.64935, 0.6523333333333333, 0.6503666666666666, 0.6487833333333334, 0.6508333333333334, 0.6512666666666667, 0.64995, 0.6490833333333333], 'val_f1': [0.4586327204749374, 0.5081421392322981, 0.5494244289135006, 0.5800394747232765, 0.6022059700313648, 0.6045594054321981, 0.62334066625617, 0.6259910692943049, 0.6356142129088819, 0.644544489771153, 0.6424992470621722, 0.6495822168015705, 0.6477081625371383, 0.6495588220884564, 0.6499793552373724, 0.6489939398333316, 0.6487344114655097, 0.6516035904206546, 0.6493133017984949, 0.6473148795987359], 'val_mae': [1.9287333333333334, 1.7516333333333334, 1.5909166666666668, 1.4705, 1.38685, 1.3877333333333333, 1.3200833333333333, 1.3123, 1.27705, 1.2285333333333333, 1.2532, 1.2096666666666667, 1.22285, 1.2153833333333333, 1.2247, 1.2274333333333334, 1.2297166666666666, 1.2225, 1.2245833333333334, 1.2310166666666666], 'jsd': [(0, 0, 0, 0, 0, 0), (0, 0, 0, 0, 0, 0), (0, 0, 0, 0, 0, 0), (0, 0, 0, 0, 0, 0), (0, 0, 0, 0, 0, 0), (0, 0, 0, 0, 0, 0), (0, 0, 0, 0, 0, 0), (0, 0, 0, 0, 0, 0), (0, 0, 0, 0, 0, 0), (0, 0, 0, 0, 0, 0), (0, 0, 0, 0, 0, 0), (0, 0, 0, 0, 0, 0), (0, 0, 0, 0, 0, 0), (0, 0, 0, 0, 0, 0), (0, 0, 0, 0, 0, 0), (0, 0, 0, 0, 0, 0), (0, 0, 0, 0, 0, 0), (0, 0, 0, 0, 0, 0), (0, 0, 0, 0, 0, 0), (0, 0, 0, 0, 0, 0)]}}
AdaptationManager: Configuring next round...
{'client_registry': {'enabled': True, 'params': {}}, 'client_selector': {'enabled': False, 'params': {}}, 'client_cluster': {'enabled': False, 'params': {}}, 'message_compressor': {'enabled': True, 'params': {}}, 'model_co-versioning_registry': {'enabled': False, 'params': {}}, 'multi-task_model_trainer': {'enabled': False, 'params': {}}, 'heterogeneous_data_handler': {'enabled': False, 'params': {}}}
{'client_selector': {'enabled': False}, 'client_cluster': {'enabled': False}, 'message_compressor': {'enabled': True}, 'model_co-versioning_registry': {'enabled': False}, 'multi-task_model_trainer': {'enabled': False}, 'heterogeneous_data_handler': {'enabled': False}, 'client_registry': {'enabled': True, 'params': {}}}
100.0-iid clients, predicted wo:83.9400 vs w:72.3400, message_compressor activated ✅
