==========================================
  ___  ______  ___ ______       _ 
 / _ \ | ___ \/   ||  ___|     | |
/ /_\ \| |_/ / /| || |_ ___  __| |
|  _  ||  __/ /_| ||  _/ _ \/ _` |
| | | || |  \___  || ||  __/ (_| |
\_| |_/\_|      |_/\_| \___|\__,_| v.1.5.0

==========================================
Simulation Started!
List of the Architectural Patterns enabled:
Adaptation Enabled ✅
Random activation criterion
Client Registry ✅
Client Selector ✅
 AP Parameters: {'selection_strategy': 'Resource-Based', 'selection_criteria': 'CPU', 'selection_value': 2}
==========================================
Client Client 24 has insufficient CPU (1). Will not participate in the next FL round.
Client Client 22 participates in this round. (CPU: 2, RAM: 2)
Client Client 23 has insufficient CPU (1). Will not participate in the next FL round.
Client Client 25 has insufficient CPU (1). Will not participate in the next FL round.
Client Client 21 participates in this round. (CPU: 2, RAM: 2)
Client Client 26 has insufficient CPU (1). Will not participate in the next FL round.
Results Aggregated in 62.32 seconds.
{'CNN 16k': {'train_loss': [0.9831606108665466], 'train_accuracy': [0.66274], 'train_f1': [0.24263941884609028], 'train_mae': [1.46823], 'val_loss': [3.4231957328796385], 'val_accuracy': [0.23315], 'val_f1': [0.1172023409204123], 'val_mae': [2.69195]}}
AdaptationManager: Configuring next round...
{'client_registry': {'enabled': True, 'params': {}}, 'client_selector': {'enabled': True, 'params': {'selection_strategy': 'Resource-Based', 'selection_criteria': 'CPU', 'selection_value': 2}}, 'client_cluster': {'enabled': False, 'params': {}}, 'message_compressor': {'enabled': False, 'params': {}}, 'model_co-versioning_registry': {'enabled': False, 'params': {}}, 'multi-task_model_trainer': {'enabled': False, 'params': {}}, 'heterogeneous_data_handler': {'enabled': False, 'params': {}}}
{'client_selector': {'enabled': True}, 'client_cluster': {'enabled': False}, 'message_compressor': {'enabled': False}, 'model_co-versioning_registry': {'enabled': False}, 'multi-task_model_trainer': {'enabled': False}, 'heterogeneous_data_handler': {'enabled': False}, 'client_registry': {'enabled': True}}
AdaptationManager: Less than 2 rounds completed. Keeping default config.
Client Client 23 has insufficient CPU (1). Will not participate in the next FL round.
Client Client 24 has insufficient CPU (1). Will not participate in the next FL round.
Client Client 26 has insufficient CPU (1). Will not participate in the next FL round.
Client Client 25 has insufficient CPU (1). Will not participate in the next FL round.
Client Client 21 participates in this round. (CPU: 2, RAM: 2)
Client Client 22 participates in this round. (CPU: 2, RAM: 2)
Results Aggregated in 54.96 seconds.
{'CNN 16k': {'train_loss': [0.9831606108665466, 0.8765355741405487], 'train_accuracy': [0.66274, 0.70606], 'train_f1': [0.24263941884609028, 0.34745491819484997], 'train_mae': [1.46823, 1.24763], 'val_loss': [3.4231957328796385, 3.0946070169448854], 'val_accuracy': [0.23315, 0.29965], 'val_f1': [0.1172023409204123, 0.21340113615233386], 'val_mae': [2.69195, 2.4749]}}
AdaptationManager: Configuring next round...
{'client_registry': {'enabled': True, 'params': {}}, 'client_selector': {'enabled': True, 'params': {'selection_strategy': 'Resource-Based', 'selection_criteria': 'CPU', 'selection_value': 2}}, 'client_cluster': {'enabled': False, 'params': {}}, 'message_compressor': {'enabled': False, 'params': {}}, 'model_co-versioning_registry': {'enabled': False, 'params': {}}, 'multi-task_model_trainer': {'enabled': False, 'params': {}}, 'heterogeneous_data_handler': {'enabled': False, 'params': {}}}
{'client_selector': {'enabled': True}, 'client_cluster': {'enabled': False}, 'message_compressor': {'enabled': False}, 'model_co-versioning_registry': {'enabled': False}, 'multi-task_model_trainer': {'enabled': False}, 'heterogeneous_data_handler': {'enabled': False}, 'client_registry': {'enabled': True}}
Selector de-activated ❌
Selector activated ✅
Client Client 26 has insufficient CPU (1). Will not participate in the next FL round.
Client Client 21 participates in this round. (CPU: 2, RAM: 2)
Client Client 22 participates in this round. (CPU: 2, RAM: 2)
Client Client 25 has insufficient CPU (1). Will not participate in the next FL round.
Client Client 24 has insufficient CPU (1). Will not participate in the next FL round.
Client Client 23 has insufficient CPU (1). Will not participate in the next FL round.
Results Aggregated in 54.70 seconds.
{'CNN 16k': {'train_loss': [0.9831606108665466, 0.8765355741405487, 0.8018398224163056], 'train_accuracy': [0.66274, 0.70606, 0.72899], 'train_f1': [0.24263941884609028, 0.34745491819484997, 0.3902279108079779], 'train_mae': [1.46823, 1.24763, 1.11874], 'val_loss': [3.4231957328796385, 3.0946070169448854, 3.225581863975525], 'val_accuracy': [0.23315, 0.29965, 0.3243], 'val_f1': [0.1172023409204123, 0.21340113615233386, 0.24713362483188037], 'val_mae': [2.69195, 2.4749, 2.3982]}}
AdaptationManager: Configuring next round...
{'client_registry': {'enabled': True, 'params': {}}, 'client_selector': {'enabled': True, 'params': {'selection_strategy': 'Resource-Based', 'selection_criteria': 'CPU', 'selection_value': 2}}, 'client_cluster': {'enabled': False, 'params': {}}, 'message_compressor': {'enabled': False, 'params': {}}, 'model_co-versioning_registry': {'enabled': False, 'params': {}}, 'multi-task_model_trainer': {'enabled': False, 'params': {}}, 'heterogeneous_data_handler': {'enabled': False, 'params': {}}}
{'client_selector': {'enabled': True}, 'client_cluster': {'enabled': False}, 'message_compressor': {'enabled': False}, 'model_co-versioning_registry': {'enabled': False}, 'multi-task_model_trainer': {'enabled': False}, 'heterogeneous_data_handler': {'enabled': False}, 'client_registry': {'enabled': False}}
Selector de-activated ❌
Selector activated ✅
Client Client 25 has insufficient CPU (1). Will not participate in the next FL round.
Client Client 24 has insufficient CPU (1). Will not participate in the next FL round.
Client Client 26 has insufficient CPU (1). Will not participate in the next FL round.
Client Client 22 participates in this round. (CPU: 2, RAM: 2)
Client Client 23 has insufficient CPU (1). Will not participate in the next FL round.
Client Client 21 participates in this round. (CPU: 2, RAM: 2)
Results Aggregated in 56.56 seconds.
{'CNN 16k': {'train_loss': [0.9831606108665466, 0.8765355741405487, 0.8018398224163056, 0.7672455625915527], 'train_accuracy': [0.66274, 0.70606, 0.72899, 0.74038], 'train_f1': [0.24263941884609028, 0.34745491819484997, 0.3902279108079779, 0.4256081573528472], 'train_mae': [1.46823, 1.24763, 1.11874, 1.04539], 'val_loss': [3.4231957328796385, 3.0946070169448854, 3.225581863975525, 3.2601878730773928], 'val_accuracy': [0.23315, 0.29965, 0.3243, 0.34865], 'val_f1': [0.1172023409204123, 0.21340113615233386, 0.24713362483188037, 0.2797134369047896], 'val_mae': [2.69195, 2.4749, 2.3982, 2.25375]}}
AdaptationManager: Configuring next round...
{'client_registry': {'enabled': True, 'params': {}}, 'client_selector': {'enabled': True, 'params': {'selection_strategy': 'Resource-Based', 'selection_criteria': 'CPU', 'selection_value': 2}}, 'client_cluster': {'enabled': False, 'params': {}}, 'message_compressor': {'enabled': False, 'params': {}}, 'model_co-versioning_registry': {'enabled': False, 'params': {}}, 'multi-task_model_trainer': {'enabled': False, 'params': {}}, 'heterogeneous_data_handler': {'enabled': False, 'params': {}}}
{'client_selector': {'enabled': True}, 'client_cluster': {'enabled': False}, 'message_compressor': {'enabled': False}, 'model_co-versioning_registry': {'enabled': False}, 'multi-task_model_trainer': {'enabled': False}, 'heterogeneous_data_handler': {'enabled': False}, 'client_registry': {'enabled': False}}
Selector de-activated ❌
Selector de-activated ❌
Results Aggregated in 57.86 seconds.
{'CNN 16k': {'train_loss': [0.9831606108665466, 0.8765355741405487, 0.8018398224163056, 0.7672455625915527, 0.9393862665692965], 'train_accuracy': [0.66274, 0.70606, 0.72899, 0.74038, 0.6685833333333333], 'train_f1': [0.24263941884609028, 0.34745491819484997, 0.3902279108079779, 0.4256081573528472, 0.48008101285990135], 'train_mae': [1.46823, 1.24763, 1.11874, 1.04539, 1.2719833333333332], 'val_loss': [3.4231957328796385, 3.0946070169448854, 3.225581863975525, 3.2601878730773928, 2.670361658287048], 'val_accuracy': [0.23315, 0.29965, 0.3243, 0.34865, 0.39805], 'val_f1': [0.1172023409204123, 0.21340113615233386, 0.24713362483188037, 0.2797134369047896, 0.3423625432607026], 'val_mae': [2.69195, 2.4749, 2.3982, 2.25375, 2.1926]}}
AdaptationManager: Configuring next round...
{'client_registry': {'enabled': True, 'params': {}}, 'client_selector': {'enabled': True, 'params': {'selection_strategy': 'Resource-Based', 'selection_criteria': 'CPU', 'selection_value': 2}}, 'client_cluster': {'enabled': False, 'params': {}}, 'message_compressor': {'enabled': False, 'params': {}}, 'model_co-versioning_registry': {'enabled': False, 'params': {}}, 'multi-task_model_trainer': {'enabled': False, 'params': {}}, 'heterogeneous_data_handler': {'enabled': False, 'params': {}}}
{'client_selector': {'enabled': False}, 'client_cluster': {'enabled': False}, 'message_compressor': {'enabled': False}, 'model_co-versioning_registry': {'enabled': False}, 'multi-task_model_trainer': {'enabled': False}, 'heterogeneous_data_handler': {'enabled': False}, 'client_registry': {'enabled': False}}
Selector activated ✅
Selector de-activated ❌
Results Aggregated in 62.05 seconds.
{'CNN 16k': {'train_loss': [0.9831606108665466, 0.8765355741405487, 0.8018398224163056, 0.7672455625915527, 0.9393862665692965, 0.9069727806536356], 'train_accuracy': [0.66274, 0.70606, 0.72899, 0.74038, 0.6685833333333333, 0.68203], 'train_f1': [0.24263941884609028, 0.34745491819484997, 0.3902279108079779, 0.4256081573528472, 0.48008101285990135, 0.498489991257916], 'train_mae': [1.46823, 1.24763, 1.11874, 1.04539, 1.2719833333333332, 1.19438], 'val_loss': [3.4231957328796385, 3.0946070169448854, 3.225581863975525, 3.2601878730773928, 2.670361658287048, 2.5270109073956806], 'val_accuracy': [0.23315, 0.29965, 0.3243, 0.34865, 0.39805, 0.40118333333333334], 'val_f1': [0.1172023409204123, 0.21340113615233386, 0.24713362483188037, 0.2797134369047896, 0.3423625432607026, 0.35285457625821115], 'val_mae': [2.69195, 2.4749, 2.3982, 2.25375, 2.1926, 2.1243833333333333]}}
AdaptationManager: Configuring next round...
{'client_registry': {'enabled': True, 'params': {}}, 'client_selector': {'enabled': True, 'params': {'selection_strategy': 'Resource-Based', 'selection_criteria': 'CPU', 'selection_value': 2}}, 'client_cluster': {'enabled': False, 'params': {}}, 'message_compressor': {'enabled': False, 'params': {}}, 'model_co-versioning_registry': {'enabled': False, 'params': {}}, 'multi-task_model_trainer': {'enabled': False, 'params': {}}, 'heterogeneous_data_handler': {'enabled': False, 'params': {}}}
{'client_selector': {'enabled': False}, 'client_cluster': {'enabled': False}, 'message_compressor': {'enabled': False}, 'model_co-versioning_registry': {'enabled': False}, 'multi-task_model_trainer': {'enabled': False}, 'heterogeneous_data_handler': {'enabled': False}, 'client_registry': {'enabled': True}}
Selector activated ✅
Selector activated ✅
Client Client 24 has insufficient CPU (1). Will not participate in the next FL round.
Client Client 21 participates in this round. (CPU: 2, RAM: 2)
Client Client 23 has insufficient CPU (1). Will not participate in the next FL round.
Client Client 25 has insufficient CPU (1). Will not participate in the next FL round.
Client Client 22 participates in this round. (CPU: 2, RAM: 2)
Client Client 26 has insufficient CPU (1). Will not participate in the next FL round.
Results Aggregated in 56.17 seconds.
{'CNN 16k': {'train_loss': [0.9831606108665466, 0.8765355741405487, 0.8018398224163056, 0.7672455625915527, 0.9393862665692965, 0.9069727806536356, 0.6801573995113372], 'train_accuracy': [0.66274, 0.70606, 0.72899, 0.74038, 0.6685833333333333, 0.68203, 0.77113], 'train_f1': [0.24263941884609028, 0.34745491819484997, 0.3902279108079779, 0.4256081573528472, 0.48008101285990135, 0.498489991257916, 0.4975776991896813], 'train_mae': [1.46823, 1.24763, 1.11874, 1.04539, 1.2719833333333332, 1.19438, 0.94565], 'val_loss': [3.4231957328796385, 3.0946070169448854, 3.225581863975525, 3.2601878730773928, 2.670361658287048, 2.5270109073956806, 2.71299946641922], 'val_accuracy': [0.23315, 0.29965, 0.3243, 0.34865, 0.39805, 0.40118333333333334, 0.37975], 'val_f1': [0.1172023409204123, 0.21340113615233386, 0.24713362483188037, 0.2797134369047896, 0.3423625432607026, 0.35285457625821115, 0.32151654434134525], 'val_mae': [2.69195, 2.4749, 2.3982, 2.25375, 2.1926, 2.1243833333333333, 2.23135]}}
AdaptationManager: Configuring next round...
{'client_registry': {'enabled': True, 'params': {}}, 'client_selector': {'enabled': True, 'params': {'selection_strategy': 'Resource-Based', 'selection_criteria': 'CPU', 'selection_value': 2}}, 'client_cluster': {'enabled': False, 'params': {}}, 'message_compressor': {'enabled': False, 'params': {}}, 'model_co-versioning_registry': {'enabled': False, 'params': {}}, 'multi-task_model_trainer': {'enabled': False, 'params': {}}, 'heterogeneous_data_handler': {'enabled': False, 'params': {}}}
{'client_selector': {'enabled': True}, 'client_cluster': {'enabled': False}, 'message_compressor': {'enabled': False}, 'model_co-versioning_registry': {'enabled': False}, 'multi-task_model_trainer': {'enabled': False}, 'heterogeneous_data_handler': {'enabled': False}, 'client_registry': {'enabled': True}}
Selector de-activated ❌
Selector de-activated ❌
Results Aggregated in 57.86 seconds.
{'CNN 16k': {'train_loss': [0.9831606108665466, 0.8765355741405487, 0.8018398224163056, 0.7672455625915527, 0.9393862665692965, 0.9069727806536356, 0.6801573995113372, 0.8643564110088349], 'train_accuracy': [0.66274, 0.70606, 0.72899, 0.74038, 0.6685833333333333, 0.68203, 0.77113, 0.6949933333333334], 'train_f1': [0.24263941884609028, 0.34745491819484997, 0.3902279108079779, 0.4256081573528472, 0.48008101285990135, 0.498489991257916, 0.4975776991896813, 0.5133663454181594], 'train_mae': [1.46823, 1.24763, 1.11874, 1.04539, 1.2719833333333332, 1.19438, 0.94565, 1.13913], 'val_loss': [3.4231957328796385, 3.0946070169448854, 3.225581863975525, 3.2601878730773928, 2.670361658287048, 2.5270109073956806, 2.71299946641922, 2.6299554719924925], 'val_accuracy': [0.23315, 0.29965, 0.3243, 0.34865, 0.39805, 0.40118333333333334, 0.37975, 0.4061166666666667], 'val_f1': [0.1172023409204123, 0.21340113615233386, 0.24713362483188037, 0.2797134369047896, 0.3423625432607026, 0.35285457625821115, 0.32151654434134525, 0.35872312268627776], 'val_mae': [2.69195, 2.4749, 2.3982, 2.25375, 2.1926, 2.1243833333333333, 2.23135, 2.1353]}}
AdaptationManager: Configuring next round...
{'client_registry': {'enabled': True, 'params': {}}, 'client_selector': {'enabled': True, 'params': {'selection_strategy': 'Resource-Based', 'selection_criteria': 'CPU', 'selection_value': 2}}, 'client_cluster': {'enabled': False, 'params': {}}, 'message_compressor': {'enabled': False, 'params': {}}, 'model_co-versioning_registry': {'enabled': False, 'params': {}}, 'multi-task_model_trainer': {'enabled': False, 'params': {}}, 'heterogeneous_data_handler': {'enabled': False, 'params': {}}}
{'client_selector': {'enabled': False}, 'client_cluster': {'enabled': False}, 'message_compressor': {'enabled': False}, 'model_co-versioning_registry': {'enabled': False}, 'multi-task_model_trainer': {'enabled': False}, 'heterogeneous_data_handler': {'enabled': False}, 'client_registry': {'enabled': False}}
Selector de-activated ❌
Selector de-activated ❌
Results Aggregated in 59.66 seconds.
{'CNN 16k': {'train_loss': [0.9831606108665466, 0.8765355741405487, 0.8018398224163056, 0.7672455625915527, 0.9393862665692965, 0.9069727806536356, 0.6801573995113372, 0.8643564110088349, 0.8470992603603998], 'train_accuracy': [0.66274, 0.70606, 0.72899, 0.74038, 0.6685833333333333, 0.68203, 0.77113, 0.6949933333333334, 0.7019233333333333], 'train_f1': [0.24263941884609028, 0.34745491819484997, 0.3902279108079779, 0.4256081573528472, 0.48008101285990135, 0.498489991257916, 0.4975776991896813, 0.5133663454181594, 0.5428053162150764], 'train_mae': [1.46823, 1.24763, 1.11874, 1.04539, 1.2719833333333332, 1.19438, 0.94565, 1.13913, 1.1429433333333334], 'val_loss': [3.4231957328796385, 3.0946070169448854, 3.225581863975525, 3.2601878730773928, 2.670361658287048, 2.5270109073956806, 2.71299946641922, 2.6299554719924925, 2.411137895266215], 'val_accuracy': [0.23315, 0.29965, 0.3243, 0.34865, 0.39805, 0.40118333333333334, 0.37975, 0.4061166666666667, 0.42491666666666666], 'val_f1': [0.1172023409204123, 0.21340113615233386, 0.24713362483188037, 0.2797134369047896, 0.3423625432607026, 0.35285457625821115, 0.32151654434134525, 0.35872312268627776, 0.38002153245965825], 'val_mae': [2.69195, 2.4749, 2.3982, 2.25375, 2.1926, 2.1243833333333333, 2.23135, 2.1353, 2.0759333333333334]}}
AdaptationManager: Configuring next round...
{'client_registry': {'enabled': True, 'params': {}}, 'client_selector': {'enabled': True, 'params': {'selection_strategy': 'Resource-Based', 'selection_criteria': 'CPU', 'selection_value': 2}}, 'client_cluster': {'enabled': False, 'params': {}}, 'message_compressor': {'enabled': False, 'params': {}}, 'model_co-versioning_registry': {'enabled': False, 'params': {}}, 'multi-task_model_trainer': {'enabled': False, 'params': {}}, 'heterogeneous_data_handler': {'enabled': False, 'params': {}}}
{'client_selector': {'enabled': False}, 'client_cluster': {'enabled': False}, 'message_compressor': {'enabled': False}, 'model_co-versioning_registry': {'enabled': False}, 'multi-task_model_trainer': {'enabled': False}, 'heterogeneous_data_handler': {'enabled': False}, 'client_registry': {'enabled': False}}
Selector activated ✅
Selector de-activated ❌
Results Aggregated in 58.50 seconds.
{'CNN 16k': {'train_loss': [0.9831606108665466, 0.8765355741405487, 0.8018398224163056, 0.7672455625915527, 0.9393862665692965, 0.9069727806536356, 0.6801573995113372, 0.8643564110088349, 0.8470992603603998, 0.8307584721517562], 'train_accuracy': [0.66274, 0.70606, 0.72899, 0.74038, 0.6685833333333333, 0.68203, 0.77113, 0.6949933333333334, 0.7019233333333333, 0.7080066666666667], 'train_f1': [0.24263941884609028, 0.34745491819484997, 0.3902279108079779, 0.4256081573528472, 0.48008101285990135, 0.498489991257916, 0.4975776991896813, 0.5133663454181594, 0.5428053162150764, 0.5498034172186271], 'train_mae': [1.46823, 1.24763, 1.11874, 1.04539, 1.2719833333333332, 1.19438, 0.94565, 1.13913, 1.1429433333333334, 1.09337], 'val_loss': [3.4231957328796385, 3.0946070169448854, 3.225581863975525, 3.2601878730773928, 2.670361658287048, 2.5270109073956806, 2.71299946641922, 2.6299554719924925, 2.411137895266215, 2.382422106965383], 'val_accuracy': [0.23315, 0.29965, 0.3243, 0.34865, 0.39805, 0.40118333333333334, 0.37975, 0.4061166666666667, 0.42491666666666666, 0.42346666666666666], 'val_f1': [0.1172023409204123, 0.21340113615233386, 0.24713362483188037, 0.2797134369047896, 0.3423625432607026, 0.35285457625821115, 0.32151654434134525, 0.35872312268627776, 0.38002153245965825, 0.381102026055101], 'val_mae': [2.69195, 2.4749, 2.3982, 2.25375, 2.1926, 2.1243833333333333, 2.23135, 2.1353, 2.0759333333333334, 2.071616666666667]}}
AdaptationManager: Configuring next round...
{'client_registry': {'enabled': True, 'params': {}}, 'client_selector': {'enabled': True, 'params': {'selection_strategy': 'Resource-Based', 'selection_criteria': 'CPU', 'selection_value': 2}}, 'client_cluster': {'enabled': False, 'params': {}}, 'message_compressor': {'enabled': False, 'params': {}}, 'model_co-versioning_registry': {'enabled': False, 'params': {}}, 'multi-task_model_trainer': {'enabled': False, 'params': {}}, 'heterogeneous_data_handler': {'enabled': False, 'params': {}}}
{'client_selector': {'enabled': False}, 'client_cluster': {'enabled': False}, 'message_compressor': {'enabled': False}, 'model_co-versioning_registry': {'enabled': False}, 'multi-task_model_trainer': {'enabled': False}, 'heterogeneous_data_handler': {'enabled': False}, 'client_registry': {'enabled': True}}
Selector activated ✅
Selector de-activated ❌
Results Aggregated in 58.10 seconds.
{'CNN 16k': {'train_loss': [0.9831606108665466, 0.8765355741405487, 0.8018398224163056, 0.7672455625915527, 0.9393862665692965, 0.9069727806536356, 0.6801573995113372, 0.8643564110088349, 0.8470992603603998, 0.8307584721517562, 0.8146378285551071], 'train_accuracy': [0.66274, 0.70606, 0.72899, 0.74038, 0.6685833333333333, 0.68203, 0.77113, 0.6949933333333334, 0.7019233333333333, 0.7080066666666667, 0.7143966666666667], 'train_f1': [0.24263941884609028, 0.34745491819484997, 0.3902279108079779, 0.4256081573528472, 0.48008101285990135, 0.498489991257916, 0.4975776991896813, 0.5133663454181594, 0.5428053162150764, 0.5498034172186271, 0.5558952195575928], 'train_mae': [1.46823, 1.24763, 1.11874, 1.04539, 1.2719833333333332, 1.19438, 0.94565, 1.13913, 1.1429433333333334, 1.09337, 1.07675], 'val_loss': [3.4231957328796385, 3.0946070169448854, 3.225581863975525, 3.2601878730773928, 2.670361658287048, 2.5270109073956806, 2.71299946641922, 2.6299554719924925, 2.411137895266215, 2.382422106965383, 2.353182969824473], 'val_accuracy': [0.23315, 0.29965, 0.3243, 0.34865, 0.39805, 0.40118333333333334, 0.37975, 0.4061166666666667, 0.42491666666666666, 0.42346666666666666, 0.4232666666666667], 'val_f1': [0.1172023409204123, 0.21340113615233386, 0.24713362483188037, 0.2797134369047896, 0.3423625432607026, 0.35285457625821115, 0.32151654434134525, 0.35872312268627776, 0.38002153245965825, 0.381102026055101, 0.38096811758392923], 'val_mae': [2.69195, 2.4749, 2.3982, 2.25375, 2.1926, 2.1243833333333333, 2.23135, 2.1353, 2.0759333333333334, 2.071616666666667, 2.0591833333333334]}}
AdaptationManager: Configuring next round...
{'client_registry': {'enabled': True, 'params': {}}, 'client_selector': {'enabled': True, 'params': {'selection_strategy': 'Resource-Based', 'selection_criteria': 'CPU', 'selection_value': 2}}, 'client_cluster': {'enabled': False, 'params': {}}, 'message_compressor': {'enabled': False, 'params': {}}, 'model_co-versioning_registry': {'enabled': False, 'params': {}}, 'multi-task_model_trainer': {'enabled': False, 'params': {}}, 'heterogeneous_data_handler': {'enabled': False, 'params': {}}}
{'client_selector': {'enabled': False}, 'client_cluster': {'enabled': False}, 'message_compressor': {'enabled': False}, 'model_co-versioning_registry': {'enabled': False}, 'multi-task_model_trainer': {'enabled': False}, 'heterogeneous_data_handler': {'enabled': False}, 'client_registry': {'enabled': True}}
Selector de-activated ❌
Selector activated ✅
Client Client 22 participates in this round. (CPU: 2, RAM: 2)
Client Client 23 has insufficient CPU (1). Will not participate in the next FL round.
Client Client 26 has insufficient CPU (1). Will not participate in the next FL round.
Client Client 24 has insufficient CPU (1). Will not participate in the next FL round.
Client Client 25 has insufficient CPU (1). Will not participate in the next FL round.
Client Client 21 participates in this round. (CPU: 2, RAM: 2)
Results Aggregated in 54.91 seconds.
{'CNN 16k': {'train_loss': [0.9831606108665466, 0.8765355741405487, 0.8018398224163056, 0.7672455625915527, 0.9393862665692965, 0.9069727806536356, 0.6801573995113372, 0.8643564110088349, 0.8470992603603998, 0.8307584721517562, 0.8146378285551071, 0.6258368228840828], 'train_accuracy': [0.66274, 0.70606, 0.72899, 0.74038, 0.6685833333333333, 0.68203, 0.77113, 0.6949933333333334, 0.7019233333333333, 0.7080066666666667, 0.7143966666666667, 0.78794], 'train_f1': [0.24263941884609028, 0.34745491819484997, 0.3902279108079779, 0.4256081573528472, 0.48008101285990135, 0.498489991257916, 0.4975776991896813, 0.5133663454181594, 0.5428053162150764, 0.5498034172186271, 0.5558952195575928, 0.5395541171899852], 'train_mae': [1.46823, 1.24763, 1.11874, 1.04539, 1.2719833333333332, 1.19438, 0.94565, 1.13913, 1.1429433333333334, 1.09337, 1.07675, 0.88416], 'val_loss': [3.4231957328796385, 3.0946070169448854, 3.225581863975525, 3.2601878730773928, 2.670361658287048, 2.5270109073956806, 2.71299946641922, 2.6299554719924925, 2.411137895266215, 2.382422106965383, 2.353182969824473, 2.7657413368225097], 'val_accuracy': [0.23315, 0.29965, 0.3243, 0.34865, 0.39805, 0.40118333333333334, 0.37975, 0.4061166666666667, 0.42491666666666666, 0.42346666666666666, 0.4232666666666667, 0.38745], 'val_f1': [0.1172023409204123, 0.21340113615233386, 0.24713362483188037, 0.2797134369047896, 0.3423625432607026, 0.35285457625821115, 0.32151654434134525, 0.35872312268627776, 0.38002153245965825, 0.381102026055101, 0.38096811758392923, 0.3335929622375076], 'val_mae': [2.69195, 2.4749, 2.3982, 2.25375, 2.1926, 2.1243833333333333, 2.23135, 2.1353, 2.0759333333333334, 2.071616666666667, 2.0591833333333334, 2.2065]}}
AdaptationManager: Configuring next round...
{'client_registry': {'enabled': True, 'params': {}}, 'client_selector': {'enabled': True, 'params': {'selection_strategy': 'Resource-Based', 'selection_criteria': 'CPU', 'selection_value': 2}}, 'client_cluster': {'enabled': False, 'params': {}}, 'message_compressor': {'enabled': False, 'params': {}}, 'model_co-versioning_registry': {'enabled': False, 'params': {}}, 'multi-task_model_trainer': {'enabled': False, 'params': {}}, 'heterogeneous_data_handler': {'enabled': False, 'params': {}}}
{'client_selector': {'enabled': True}, 'client_cluster': {'enabled': False}, 'message_compressor': {'enabled': False}, 'model_co-versioning_registry': {'enabled': False}, 'multi-task_model_trainer': {'enabled': False}, 'heterogeneous_data_handler': {'enabled': False}, 'client_registry': {'enabled': False}}
Selector de-activated ❌
Selector activated ✅
Client Client 25 has insufficient CPU (1). Will not participate in the next FL round.
Client Client 22 participates in this round. (CPU: 2, RAM: 2)
Client Client 21 participates in this round. (CPU: 2, RAM: 2)
Client Client 24 has insufficient CPU (1). Will not participate in the next FL round.
Client Client 26 has insufficient CPU (1). Will not participate in the next FL round.
Client Client 23 has insufficient CPU (1). Will not participate in the next FL round.
Results Aggregated in 54.81 seconds.
{'CNN 16k': {'train_loss': [0.9831606108665466, 0.8765355741405487, 0.8018398224163056, 0.7672455625915527, 0.9393862665692965, 0.9069727806536356, 0.6801573995113372, 0.8643564110088349, 0.8470992603603998, 0.8307584721517562, 0.8146378285551071, 0.6258368228840828, 0.5727946632909775], 'train_accuracy': [0.66274, 0.70606, 0.72899, 0.74038, 0.6685833333333333, 0.68203, 0.77113, 0.6949933333333334, 0.7019233333333333, 0.7080066666666667, 0.7143966666666667, 0.78794, 0.80967], 'train_f1': [0.24263941884609028, 0.34745491819484997, 0.3902279108079779, 0.4256081573528472, 0.48008101285990135, 0.498489991257916, 0.4975776991896813, 0.5133663454181594, 0.5428053162150764, 0.5498034172186271, 0.5558952195575928, 0.5395541171899852, 0.5963679354966122], 'train_mae': [1.46823, 1.24763, 1.11874, 1.04539, 1.2719833333333332, 1.19438, 0.94565, 1.13913, 1.1429433333333334, 1.09337, 1.07675, 0.88416, 0.76533], 'val_loss': [3.4231957328796385, 3.0946070169448854, 3.225581863975525, 3.2601878730773928, 2.670361658287048, 2.5270109073956806, 2.71299946641922, 2.6299554719924925, 2.411137895266215, 2.382422106965383, 2.353182969824473, 2.7657413368225097, 2.7819032631874085], 'val_accuracy': [0.23315, 0.29965, 0.3243, 0.34865, 0.39805, 0.40118333333333334, 0.37975, 0.4061166666666667, 0.42491666666666666, 0.42346666666666666, 0.4232666666666667, 0.38745, 0.4204], 'val_f1': [0.1172023409204123, 0.21340113615233386, 0.24713362483188037, 0.2797134369047896, 0.3423625432607026, 0.35285457625821115, 0.32151654434134525, 0.35872312268627776, 0.38002153245965825, 0.381102026055101, 0.38096811758392923, 0.3335929622375076, 0.3784151580284255], 'val_mae': [2.69195, 2.4749, 2.3982, 2.25375, 2.1926, 2.1243833333333333, 2.23135, 2.1353, 2.0759333333333334, 2.071616666666667, 2.0591833333333334, 2.2065, 2.08075]}}
AdaptationManager: Configuring next round...
{'client_registry': {'enabled': True, 'params': {}}, 'client_selector': {'enabled': True, 'params': {'selection_strategy': 'Resource-Based', 'selection_criteria': 'CPU', 'selection_value': 2}}, 'client_cluster': {'enabled': False, 'params': {}}, 'message_compressor': {'enabled': False, 'params': {}}, 'model_co-versioning_registry': {'enabled': False, 'params': {}}, 'multi-task_model_trainer': {'enabled': False, 'params': {}}, 'heterogeneous_data_handler': {'enabled': False, 'params': {}}}
{'client_selector': {'enabled': True}, 'client_cluster': {'enabled': False}, 'message_compressor': {'enabled': False}, 'model_co-versioning_registry': {'enabled': False}, 'multi-task_model_trainer': {'enabled': False}, 'heterogeneous_data_handler': {'enabled': False}, 'client_registry': {'enabled': False}}
Selector activated ✅
Selector activated ✅
Client Client 21 participates in this round. (CPU: 2, RAM: 2)
Client Client 25 has insufficient CPU (1). Will not participate in the next FL round.
Client Client 26 has insufficient CPU (1). Will not participate in the next FL round.
Client Client 22 participates in this round. (CPU: 2, RAM: 2)
Client Client 24 has insufficient CPU (1). Will not participate in the next FL round.
Client Client 23 has insufficient CPU (1). Will not participate in the next FL round.
Results Aggregated in 54.16 seconds.
{'CNN 16k': {'train_loss': [0.9831606108665466, 0.8765355741405487, 0.8018398224163056, 0.7672455625915527, 0.9393862665692965, 0.9069727806536356, 0.6801573995113372, 0.8643564110088349, 0.8470992603603998, 0.8307584721517562, 0.8146378285551071, 0.6258368228840828, 0.5727946632909775, 0.5553803635931015], 'train_accuracy': [0.66274, 0.70606, 0.72899, 0.74038, 0.6685833333333333, 0.68203, 0.77113, 0.6949933333333334, 0.7019233333333333, 0.7080066666666667, 0.7143966666666667, 0.78794, 0.80967, 0.81547], 'train_f1': [0.24263941884609028, 0.34745491819484997, 0.3902279108079779, 0.4256081573528472, 0.48008101285990135, 0.498489991257916, 0.4975776991896813, 0.5133663454181594, 0.5428053162150764, 0.5498034172186271, 0.5558952195575928, 0.5395541171899852, 0.5963679354966122, 0.5905537714412336], 'train_mae': [1.46823, 1.24763, 1.11874, 1.04539, 1.2719833333333332, 1.19438, 0.94565, 1.13913, 1.1429433333333334, 1.09337, 1.07675, 0.88416, 0.76533, 0.733], 'val_loss': [3.4231957328796385, 3.0946070169448854, 3.225581863975525, 3.2601878730773928, 2.670361658287048, 2.5270109073956806, 2.71299946641922, 2.6299554719924925, 2.411137895266215, 2.382422106965383, 2.353182969824473, 2.7657413368225097, 2.7819032631874085, 2.961634263896942], 'val_accuracy': [0.23315, 0.29965, 0.3243, 0.34865, 0.39805, 0.40118333333333334, 0.37975, 0.4061166666666667, 0.42491666666666666, 0.42346666666666666, 0.4232666666666667, 0.38745, 0.4204, 0.40225], 'val_f1': [0.1172023409204123, 0.21340113615233386, 0.24713362483188037, 0.2797134369047896, 0.3423625432607026, 0.35285457625821115, 0.32151654434134525, 0.35872312268627776, 0.38002153245965825, 0.381102026055101, 0.38096811758392923, 0.3335929622375076, 0.3784151580284255, 0.35448422352952785], 'val_mae': [2.69195, 2.4749, 2.3982, 2.25375, 2.1926, 2.1243833333333333, 2.23135, 2.1353, 2.0759333333333334, 2.071616666666667, 2.0591833333333334, 2.2065, 2.08075, 2.10755]}}
AdaptationManager: Configuring next round...
{'client_registry': {'enabled': True, 'params': {}}, 'client_selector': {'enabled': True, 'params': {'selection_strategy': 'Resource-Based', 'selection_criteria': 'CPU', 'selection_value': 2}}, 'client_cluster': {'enabled': False, 'params': {}}, 'message_compressor': {'enabled': False, 'params': {}}, 'model_co-versioning_registry': {'enabled': False, 'params': {}}, 'multi-task_model_trainer': {'enabled': False, 'params': {}}, 'heterogeneous_data_handler': {'enabled': False, 'params': {}}}
{'client_selector': {'enabled': True}, 'client_cluster': {'enabled': False}, 'message_compressor': {'enabled': False}, 'model_co-versioning_registry': {'enabled': False}, 'multi-task_model_trainer': {'enabled': False}, 'heterogeneous_data_handler': {'enabled': False}, 'client_registry': {'enabled': True}}
Selector de-activated ❌
Selector activated ✅
Client Client 22 participates in this round. (CPU: 2, RAM: 2)
Client Client 21 participates in this round. (CPU: 2, RAM: 2)
Client Client 23 has insufficient CPU (1). Will not participate in the next FL round.
Client Client 25 has insufficient CPU (1). Will not participate in the next FL round.
Client Client 26 has insufficient CPU (1). Will not participate in the next FL round.
Client Client 24 has insufficient CPU (1). Will not participate in the next FL round.
Results Aggregated in 54.87 seconds.
{'CNN 16k': {'train_loss': [0.9831606108665466, 0.8765355741405487, 0.8018398224163056, 0.7672455625915527, 0.9393862665692965, 0.9069727806536356, 0.6801573995113372, 0.8643564110088349, 0.8470992603603998, 0.8307584721517562, 0.8146378285551071, 0.6258368228840828, 0.5727946632909775, 0.5553803635931015, 0.5355854854750633], 'train_accuracy': [0.66274, 0.70606, 0.72899, 0.74038, 0.6685833333333333, 0.68203, 0.77113, 0.6949933333333334, 0.7019233333333333, 0.7080066666666667, 0.7143966666666667, 0.78794, 0.80967, 0.81547, 0.82373], 'train_f1': [0.24263941884609028, 0.34745491819484997, 0.3902279108079779, 0.4256081573528472, 0.48008101285990135, 0.498489991257916, 0.4975776991896813, 0.5133663454181594, 0.5428053162150764, 0.5498034172186271, 0.5558952195575928, 0.5395541171899852, 0.5963679354966122, 0.5905537714412336, 0.6089318711843358], 'train_mae': [1.46823, 1.24763, 1.11874, 1.04539, 1.2719833333333332, 1.19438, 0.94565, 1.13913, 1.1429433333333334, 1.09337, 1.07675, 0.88416, 0.76533, 0.733, 0.71071], 'val_loss': [3.4231957328796385, 3.0946070169448854, 3.225581863975525, 3.2601878730773928, 2.670361658287048, 2.5270109073956806, 2.71299946641922, 2.6299554719924925, 2.411137895266215, 2.382422106965383, 2.353182969824473, 2.7657413368225097, 2.7819032631874085, 2.961634263896942, 3.172341562461853], 'val_accuracy': [0.23315, 0.29965, 0.3243, 0.34865, 0.39805, 0.40118333333333334, 0.37975, 0.4061166666666667, 0.42491666666666666, 0.42346666666666666, 0.4232666666666667, 0.38745, 0.4204, 0.40225, 0.40865], 'val_f1': [0.1172023409204123, 0.21340113615233386, 0.24713362483188037, 0.2797134369047896, 0.3423625432607026, 0.35285457625821115, 0.32151654434134525, 0.35872312268627776, 0.38002153245965825, 0.381102026055101, 0.38096811758392923, 0.3335929622375076, 0.3784151580284255, 0.35448422352952785, 0.36611729227332324], 'val_mae': [2.69195, 2.4749, 2.3982, 2.25375, 2.1926, 2.1243833333333333, 2.23135, 2.1353, 2.0759333333333334, 2.071616666666667, 2.0591833333333334, 2.2065, 2.08075, 2.10755, 2.08385]}}
AdaptationManager: Configuring next round...
{'client_registry': {'enabled': True, 'params': {}}, 'client_selector': {'enabled': True, 'params': {'selection_strategy': 'Resource-Based', 'selection_criteria': 'CPU', 'selection_value': 2}}, 'client_cluster': {'enabled': False, 'params': {}}, 'message_compressor': {'enabled': False, 'params': {}}, 'model_co-versioning_registry': {'enabled': False, 'params': {}}, 'multi-task_model_trainer': {'enabled': False, 'params': {}}, 'heterogeneous_data_handler': {'enabled': False, 'params': {}}}
{'client_selector': {'enabled': True}, 'client_cluster': {'enabled': False}, 'message_compressor': {'enabled': False}, 'model_co-versioning_registry': {'enabled': False}, 'multi-task_model_trainer': {'enabled': False}, 'heterogeneous_data_handler': {'enabled': False}, 'client_registry': {'enabled': False}}
Selector activated ✅
Selector de-activated ❌
Results Aggregated in 58.10 seconds.
{'CNN 16k': {'train_loss': [0.9831606108665466, 0.8765355741405487, 0.8018398224163056, 0.7672455625915527, 0.9393862665692965, 0.9069727806536356, 0.6801573995113372, 0.8643564110088349, 0.8470992603603998, 0.8307584721517562, 0.8146378285551071, 0.6258368228840828, 0.5727946632909775, 0.5553803635931015, 0.5355854854750633, 0.7697916356372834], 'train_accuracy': [0.66274, 0.70606, 0.72899, 0.74038, 0.6685833333333333, 0.68203, 0.77113, 0.6949933333333334, 0.7019233333333333, 0.7080066666666667, 0.7143966666666667, 0.78794, 0.80967, 0.81547, 0.82373, 0.7318066666666667], 'train_f1': [0.24263941884609028, 0.34745491819484997, 0.3902279108079779, 0.4256081573528472, 0.48008101285990135, 0.498489991257916, 0.4975776991896813, 0.5133663454181594, 0.5428053162150764, 0.5498034172186271, 0.5558952195575928, 0.5395541171899852, 0.5963679354966122, 0.5905537714412336, 0.6089318711843358, 0.5848584006990784], 'train_mae': [1.46823, 1.24763, 1.11874, 1.04539, 1.2719833333333332, 1.19438, 0.94565, 1.13913, 1.1429433333333334, 1.09337, 1.07675, 0.88416, 0.76533, 0.733, 0.71071, 1.0134433333333333], 'val_loss': [3.4231957328796385, 3.0946070169448854, 3.225581863975525, 3.2601878730773928, 2.670361658287048, 2.5270109073956806, 2.71299946641922, 2.6299554719924925, 2.411137895266215, 2.382422106965383, 2.353182969824473, 2.7657413368225097, 2.7819032631874085, 2.961634263896942, 3.172341562461853, 2.5471577656110127], 'val_accuracy': [0.23315, 0.29965, 0.3243, 0.34865, 0.39805, 0.40118333333333334, 0.37975, 0.4061166666666667, 0.42491666666666666, 0.42346666666666666, 0.4232666666666667, 0.38745, 0.4204, 0.40225, 0.40865, 0.4382333333333333], 'val_f1': [0.1172023409204123, 0.21340113615233386, 0.24713362483188037, 0.2797134369047896, 0.3423625432607026, 0.35285457625821115, 0.32151654434134525, 0.35872312268627776, 0.38002153245965825, 0.381102026055101, 0.38096811758392923, 0.3335929622375076, 0.3784151580284255, 0.35448422352952785, 0.36611729227332324, 0.39444555003770726], 'val_mae': [2.69195, 2.4749, 2.3982, 2.25375, 2.1926, 2.1243833333333333, 2.23135, 2.1353, 2.0759333333333334, 2.071616666666667, 2.0591833333333334, 2.2065, 2.08075, 2.10755, 2.08385, 2.0526166666666668]}}
AdaptationManager: Configuring next round...
{'client_registry': {'enabled': True, 'params': {}}, 'client_selector': {'enabled': True, 'params': {'selection_strategy': 'Resource-Based', 'selection_criteria': 'CPU', 'selection_value': 2}}, 'client_cluster': {'enabled': False, 'params': {}}, 'message_compressor': {'enabled': False, 'params': {}}, 'model_co-versioning_registry': {'enabled': False, 'params': {}}, 'multi-task_model_trainer': {'enabled': False, 'params': {}}, 'heterogeneous_data_handler': {'enabled': False, 'params': {}}}
{'client_selector': {'enabled': False}, 'client_cluster': {'enabled': False}, 'message_compressor': {'enabled': False}, 'model_co-versioning_registry': {'enabled': False}, 'multi-task_model_trainer': {'enabled': False}, 'heterogeneous_data_handler': {'enabled': False}, 'client_registry': {'enabled': True}}
Selector activated ✅
Selector activated ✅
Client Client 23 has insufficient CPU (1). Will not participate in the next FL round.
Client Client 24 has insufficient CPU (1). Will not participate in the next FL round.
Client Client 25 has insufficient CPU (1). Will not participate in the next FL round.
Client Client 22 participates in this round. (CPU: 2, RAM: 2)
Client Client 21 participates in this round. (CPU: 2, RAM: 2)
Client Client 26 has insufficient CPU (1). Will not participate in the next FL round.
Results Aggregated in 55.10 seconds.
{'CNN 16k': {'train_loss': [0.9831606108665466, 0.8765355741405487, 0.8018398224163056, 0.7672455625915527, 0.9393862665692965, 0.9069727806536356, 0.6801573995113372, 0.8643564110088349, 0.8470992603603998, 0.8307584721517562, 0.8146378285551071, 0.6258368228840828, 0.5727946632909775, 0.5553803635931015, 0.5355854854750633, 0.7697916356372834, 0.5182615511989593], 'train_accuracy': [0.66274, 0.70606, 0.72899, 0.74038, 0.6685833333333333, 0.68203, 0.77113, 0.6949933333333334, 0.7019233333333333, 0.7080066666666667, 0.7143966666666667, 0.78794, 0.80967, 0.81547, 0.82373, 0.7318066666666667, 0.82738], 'train_f1': [0.24263941884609028, 0.34745491819484997, 0.3902279108079779, 0.4256081573528472, 0.48008101285990135, 0.498489991257916, 0.4975776991896813, 0.5133663454181594, 0.5428053162150764, 0.5498034172186271, 0.5558952195575928, 0.5395541171899852, 0.5963679354966122, 0.5905537714412336, 0.6089318711843358, 0.5848584006990784, 0.6227352568653968], 'train_mae': [1.46823, 1.24763, 1.11874, 1.04539, 1.2719833333333332, 1.19438, 0.94565, 1.13913, 1.1429433333333334, 1.09337, 1.07675, 0.88416, 0.76533, 0.733, 0.71071, 1.0134433333333333, 0.68812], 'val_loss': [3.4231957328796385, 3.0946070169448854, 3.225581863975525, 3.2601878730773928, 2.670361658287048, 2.5270109073956806, 2.71299946641922, 2.6299554719924925, 2.411137895266215, 2.382422106965383, 2.353182969824473, 2.7657413368225097, 2.7819032631874085, 2.961634263896942, 3.172341562461853, 2.5471577656110127, 2.7076569905281067], 'val_accuracy': [0.23315, 0.29965, 0.3243, 0.34865, 0.39805, 0.40118333333333334, 0.37975, 0.4061166666666667, 0.42491666666666666, 0.42346666666666666, 0.4232666666666667, 0.38745, 0.4204, 0.40225, 0.40865, 0.4382333333333333, 0.4234], 'val_f1': [0.1172023409204123, 0.21340113615233386, 0.24713362483188037, 0.2797134369047896, 0.3423625432607026, 0.35285457625821115, 0.32151654434134525, 0.35872312268627776, 0.38002153245965825, 0.381102026055101, 0.38096811758392923, 0.3335929622375076, 0.3784151580284255, 0.35448422352952785, 0.36611729227332324, 0.39444555003770726, 0.3809968499191155], 'val_mae': [2.69195, 2.4749, 2.3982, 2.25375, 2.1926, 2.1243833333333333, 2.23135, 2.1353, 2.0759333333333334, 2.071616666666667, 2.0591833333333334, 2.2065, 2.08075, 2.10755, 2.08385, 2.0526166666666668, 2.0628]}}
AdaptationManager: Configuring next round...
{'client_registry': {'enabled': True, 'params': {}}, 'client_selector': {'enabled': True, 'params': {'selection_strategy': 'Resource-Based', 'selection_criteria': 'CPU', 'selection_value': 2}}, 'client_cluster': {'enabled': False, 'params': {}}, 'message_compressor': {'enabled': False, 'params': {}}, 'model_co-versioning_registry': {'enabled': False, 'params': {}}, 'multi-task_model_trainer': {'enabled': False, 'params': {}}, 'heterogeneous_data_handler': {'enabled': False, 'params': {}}}
{'client_selector': {'enabled': True}, 'client_cluster': {'enabled': False}, 'message_compressor': {'enabled': False}, 'model_co-versioning_registry': {'enabled': False}, 'multi-task_model_trainer': {'enabled': False}, 'heterogeneous_data_handler': {'enabled': False}, 'client_registry': {'enabled': True}}
Selector activated ✅
Selector de-activated ❌
Results Aggregated in 58.41 seconds.
{'CNN 16k': {'train_loss': [0.9831606108665466, 0.8765355741405487, 0.8018398224163056, 0.7672455625915527, 0.9393862665692965, 0.9069727806536356, 0.6801573995113372, 0.8643564110088349, 0.8470992603603998, 0.8307584721517562, 0.8146378285551071, 0.6258368228840828, 0.5727946632909775, 0.5553803635931015, 0.5355854854750633, 0.7697916356372834, 0.5182615511989593, 0.7526614078402519], 'train_accuracy': [0.66274, 0.70606, 0.72899, 0.74038, 0.6685833333333333, 0.68203, 0.77113, 0.6949933333333334, 0.7019233333333333, 0.7080066666666667, 0.7143966666666667, 0.78794, 0.80967, 0.81547, 0.82373, 0.7318066666666667, 0.82738, 0.73764], 'train_f1': [0.24263941884609028, 0.34745491819484997, 0.3902279108079779, 0.4256081573528472, 0.48008101285990135, 0.498489991257916, 0.4975776991896813, 0.5133663454181594, 0.5428053162150764, 0.5498034172186271, 0.5558952195575928, 0.5395541171899852, 0.5963679354966122, 0.5905537714412336, 0.6089318711843358, 0.5848584006990784, 0.6227352568653968, 0.5916659215587919], 'train_mae': [1.46823, 1.24763, 1.11874, 1.04539, 1.2719833333333332, 1.19438, 0.94565, 1.13913, 1.1429433333333334, 1.09337, 1.07675, 0.88416, 0.76533, 0.733, 0.71071, 1.0134433333333333, 0.68812, 0.9756433333333333], 'val_loss': [3.4231957328796385, 3.0946070169448854, 3.225581863975525, 3.2601878730773928, 2.670361658287048, 2.5270109073956806, 2.71299946641922, 2.6299554719924925, 2.411137895266215, 2.382422106965383, 2.353182969824473, 2.7657413368225097, 2.7819032631874085, 2.961634263896942, 3.172341562461853, 2.5471577656110127, 2.7076569905281067, 2.517473312139511], 'val_accuracy': [0.23315, 0.29965, 0.3243, 0.34865, 0.39805, 0.40118333333333334, 0.37975, 0.4061166666666667, 0.42491666666666666, 0.42346666666666666, 0.4232666666666667, 0.38745, 0.4204, 0.40225, 0.40865, 0.4382333333333333, 0.4234, 0.4364], 'val_f1': [0.1172023409204123, 0.21340113615233386, 0.24713362483188037, 0.2797134369047896, 0.3423625432607026, 0.35285457625821115, 0.32151654434134525, 0.35872312268627776, 0.38002153245965825, 0.381102026055101, 0.38096811758392923, 0.3335929622375076, 0.3784151580284255, 0.35448422352952785, 0.36611729227332324, 0.39444555003770726, 0.3809968499191155, 0.3955117003252384], 'val_mae': [2.69195, 2.4749, 2.3982, 2.25375, 2.1926, 2.1243833333333333, 2.23135, 2.1353, 2.0759333333333334, 2.071616666666667, 2.0591833333333334, 2.2065, 2.08075, 2.10755, 2.08385, 2.0526166666666668, 2.0628, 2.01735]}}
AdaptationManager: Configuring next round...
{'client_registry': {'enabled': True, 'params': {}}, 'client_selector': {'enabled': True, 'params': {'selection_strategy': 'Resource-Based', 'selection_criteria': 'CPU', 'selection_value': 2}}, 'client_cluster': {'enabled': False, 'params': {}}, 'message_compressor': {'enabled': False, 'params': {}}, 'model_co-versioning_registry': {'enabled': False, 'params': {}}, 'multi-task_model_trainer': {'enabled': False, 'params': {}}, 'heterogeneous_data_handler': {'enabled': False, 'params': {}}}
{'client_selector': {'enabled': False}, 'client_cluster': {'enabled': False}, 'message_compressor': {'enabled': False}, 'model_co-versioning_registry': {'enabled': False}, 'multi-task_model_trainer': {'enabled': False}, 'heterogeneous_data_handler': {'enabled': False}, 'client_registry': {'enabled': True}}
Selector de-activated ❌
Selector de-activated ❌
Results Aggregated in 58.86 seconds.
{'CNN 16k': {'train_loss': [0.9831606108665466, 0.8765355741405487, 0.8018398224163056, 0.7672455625915527, 0.9393862665692965, 0.9069727806536356, 0.6801573995113372, 0.8643564110088349, 0.8470992603603998, 0.8307584721517562, 0.8146378285551071, 0.6258368228840828, 0.5727946632909775, 0.5553803635931015, 0.5355854854750633, 0.7697916356372834, 0.5182615511989593, 0.7526614078402519, 0.7272306909791628], 'train_accuracy': [0.66274, 0.70606, 0.72899, 0.74038, 0.6685833333333333, 0.68203, 0.77113, 0.6949933333333334, 0.7019233333333333, 0.7080066666666667, 0.7143966666666667, 0.78794, 0.80967, 0.81547, 0.82373, 0.7318066666666667, 0.82738, 0.73764, 0.74726], 'train_f1': [0.24263941884609028, 0.34745491819484997, 0.3902279108079779, 0.4256081573528472, 0.48008101285990135, 0.498489991257916, 0.4975776991896813, 0.5133663454181594, 0.5428053162150764, 0.5498034172186271, 0.5558952195575928, 0.5395541171899852, 0.5963679354966122, 0.5905537714412336, 0.6089318711843358, 0.5848584006990784, 0.6227352568653968, 0.5916659215587919, 0.6025404005985012], 'train_mae': [1.46823, 1.24763, 1.11874, 1.04539, 1.2719833333333332, 1.19438, 0.94565, 1.13913, 1.1429433333333334, 1.09337, 1.07675, 0.88416, 0.76533, 0.733, 0.71071, 1.0134433333333333, 0.68812, 0.9756433333333333, 0.9338966666666667], 'val_loss': [3.4231957328796385, 3.0946070169448854, 3.225581863975525, 3.2601878730773928, 2.670361658287048, 2.5270109073956806, 2.71299946641922, 2.6299554719924925, 2.411137895266215, 2.382422106965383, 2.353182969824473, 2.7657413368225097, 2.7819032631874085, 2.961634263896942, 3.172341562461853, 2.5471577656110127, 2.7076569905281067, 2.517473312139511, 2.4380475954055787], 'val_accuracy': [0.23315, 0.29965, 0.3243, 0.34865, 0.39805, 0.40118333333333334, 0.37975, 0.4061166666666667, 0.42491666666666666, 0.42346666666666666, 0.4232666666666667, 0.38745, 0.4204, 0.40225, 0.40865, 0.4382333333333333, 0.4234, 0.4364, 0.4378], 'val_f1': [0.1172023409204123, 0.21340113615233386, 0.24713362483188037, 0.2797134369047896, 0.3423625432607026, 0.35285457625821115, 0.32151654434134525, 0.35872312268627776, 0.38002153245965825, 0.381102026055101, 0.38096811758392923, 0.3335929622375076, 0.3784151580284255, 0.35448422352952785, 0.36611729227332324, 0.39444555003770726, 0.3809968499191155, 0.3955117003252384, 0.3965894249734235], 'val_mae': [2.69195, 2.4749, 2.3982, 2.25375, 2.1926, 2.1243833333333333, 2.23135, 2.1353, 2.0759333333333334, 2.071616666666667, 2.0591833333333334, 2.2065, 2.08075, 2.10755, 2.08385, 2.0526166666666668, 2.0628, 2.01735, 2.0148]}}
AdaptationManager: Configuring next round...
{'client_registry': {'enabled': True, 'params': {}}, 'client_selector': {'enabled': True, 'params': {'selection_strategy': 'Resource-Based', 'selection_criteria': 'CPU', 'selection_value': 2}}, 'client_cluster': {'enabled': False, 'params': {}}, 'message_compressor': {'enabled': False, 'params': {}}, 'model_co-versioning_registry': {'enabled': False, 'params': {}}, 'multi-task_model_trainer': {'enabled': False, 'params': {}}, 'heterogeneous_data_handler': {'enabled': False, 'params': {}}}
{'client_selector': {'enabled': False}, 'client_cluster': {'enabled': False}, 'message_compressor': {'enabled': False}, 'model_co-versioning_registry': {'enabled': False}, 'multi-task_model_trainer': {'enabled': False}, 'heterogeneous_data_handler': {'enabled': False}, 'client_registry': {'enabled': False}}
Selector activated ✅
Selector de-activated ❌
Results Aggregated in 66.02 seconds.
{'CNN 16k': {'train_loss': [0.9831606108665466, 0.8765355741405487, 0.8018398224163056, 0.7672455625915527, 0.9393862665692965, 0.9069727806536356, 0.6801573995113372, 0.8643564110088349, 0.8470992603603998, 0.8307584721517562, 0.8146378285551071, 0.6258368228840828, 0.5727946632909775, 0.5553803635931015, 0.5355854854750633, 0.7697916356372834, 0.5182615511989593, 0.7526614078402519, 0.7272306909791628, 0.7224941209260622], 'train_accuracy': [0.66274, 0.70606, 0.72899, 0.74038, 0.6685833333333333, 0.68203, 0.77113, 0.6949933333333334, 0.7019233333333333, 0.7080066666666667, 0.7143966666666667, 0.78794, 0.80967, 0.81547, 0.82373, 0.7318066666666667, 0.82738, 0.73764, 0.74726, 0.7489366666666667], 'train_f1': [0.24263941884609028, 0.34745491819484997, 0.3902279108079779, 0.4256081573528472, 0.48008101285990135, 0.498489991257916, 0.4975776991896813, 0.5133663454181594, 0.5428053162150764, 0.5498034172186271, 0.5558952195575928, 0.5395541171899852, 0.5963679354966122, 0.5905537714412336, 0.6089318711843358, 0.5848584006990784, 0.6227352568653968, 0.5916659215587919, 0.6025404005985012, 0.612515550771342], 'train_mae': [1.46823, 1.24763, 1.11874, 1.04539, 1.2719833333333332, 1.19438, 0.94565, 1.13913, 1.1429433333333334, 1.09337, 1.07675, 0.88416, 0.76533, 0.733, 0.71071, 1.0134433333333333, 0.68812, 0.9756433333333333, 0.9338966666666667, 0.9374766666666666], 'val_loss': [3.4231957328796385, 3.0946070169448854, 3.225581863975525, 3.2601878730773928, 2.670361658287048, 2.5270109073956806, 2.71299946641922, 2.6299554719924925, 2.411137895266215, 2.382422106965383, 2.353182969824473, 2.7657413368225097, 2.7819032631874085, 2.961634263896942, 3.172341562461853, 2.5471577656110127, 2.7076569905281067, 2.517473312139511, 2.4380475954055787, 2.3135565406481424], 'val_accuracy': [0.23315, 0.29965, 0.3243, 0.34865, 0.39805, 0.40118333333333334, 0.37975, 0.4061166666666667, 0.42491666666666666, 0.42346666666666666, 0.4232666666666667, 0.38745, 0.4204, 0.40225, 0.40865, 0.4382333333333333, 0.4234, 0.4364, 0.4378, 0.4513333333333333], 'val_f1': [0.1172023409204123, 0.21340113615233386, 0.24713362483188037, 0.2797134369047896, 0.3423625432607026, 0.35285457625821115, 0.32151654434134525, 0.35872312268627776, 0.38002153245965825, 0.381102026055101, 0.38096811758392923, 0.3335929622375076, 0.3784151580284255, 0.35448422352952785, 0.36611729227332324, 0.39444555003770726, 0.3809968499191155, 0.3955117003252384, 0.3965894249734235, 0.4124889832169922], 'val_mae': [2.69195, 2.4749, 2.3982, 2.25375, 2.1926, 2.1243833333333333, 2.23135, 2.1353, 2.0759333333333334, 2.071616666666667, 2.0591833333333334, 2.2065, 2.08075, 2.10755, 2.08385, 2.0526166666666668, 2.0628, 2.01735, 2.0148, 1.9686]}}
AdaptationManager: Configuring next round...
{'client_registry': {'enabled': True, 'params': {}}, 'client_selector': {'enabled': True, 'params': {'selection_strategy': 'Resource-Based', 'selection_criteria': 'CPU', 'selection_value': 2}}, 'client_cluster': {'enabled': False, 'params': {}}, 'message_compressor': {'enabled': False, 'params': {}}, 'model_co-versioning_registry': {'enabled': False, 'params': {}}, 'multi-task_model_trainer': {'enabled': False, 'params': {}}, 'heterogeneous_data_handler': {'enabled': False, 'params': {}}}
{'client_selector': {'enabled': False}, 'client_cluster': {'enabled': False}, 'message_compressor': {'enabled': False}, 'model_co-versioning_registry': {'enabled': False}, 'multi-task_model_trainer': {'enabled': False}, 'heterogeneous_data_handler': {'enabled': False}, 'client_registry': {'enabled': True}}
Selector activated ✅
Selector activated ✅
