==========================================
  ___  ______  ___ ______       _ 
 / _ \ | ___ \/   ||  ___|     | |
/ /_\ \| |_/ / /| || |_ ___  __| |
|  _  ||  __/ /_| ||  _/ _ \/ _` |
| | | || |  \___  || ||  __/ (_| |
\_| |_/\_|      |_/\_| \___|\__,_| v.1.5.0

==========================================
Simulation Started!
List of the Architectural Patterns enabled:
Client Registry ✅
Message Compressor ✅
==========================================
Local parameters compressed: reduced 118517 bytes (8.17%)
Local parameters compressed: reduced 118618 bytes (8.17%)
Local parameters compressed: reduced 118586 bytes (8.17%)
Local parameters compressed: reduced 118563 bytes (8.17%)
Local parameters compressed: reduced 118719 bytes (8.18%)
Local parameters compressed: reduced 118678 bytes (8.18%)
Local parameters compressed: reduced 118753 bytes (8.18%)
Local parameters compressed: reduced 118595 bytes (8.17%)
Local parameters compressed: reduced 118612 bytes (8.17%)
Local parameters compressed: reduced 118706 bytes (8.18%)
Results Aggregated in 206.73 seconds.
{'shufflenet_v2_x0_5': {'train_loss': [1.7202043373031617], 'train_accuracy': [0.363898], 'train_f1': [0.3476815414237175], 'train_mae': [2.397654], 'val_loss': [1.7448334931373597], 'val_accuracy': [0.35642], 'val_f1': [0.3401331790152901], 'val_mae': [2.41182], 'jsd': [(0, 0, 0, 0, 0, 0, 0, 0, 0, 0)]}}
Local parameters compressed: reduced 118109 bytes (8.14%)
Local parameters compressed: reduced 118036 bytes (8.13%)
Local parameters compressed: reduced 118259 bytes (8.15%)
Local parameters compressed: reduced 118067 bytes (8.13%)
Local parameters compressed: reduced 118114 bytes (8.14%)
Local parameters compressed: reduced 118157 bytes (8.14%)
Local parameters compressed: reduced 117929 bytes (8.13%)
Local parameters compressed: reduced 118070 bytes (8.13%)
Local parameters compressed: reduced 118129 bytes (8.14%)
Local parameters compressed: reduced 118127 bytes (8.14%)
Results Aggregated in 197.08 seconds.
{'shufflenet_v2_x0_5': {'train_loss': [1.7202043373031617, 1.481999315311432], 'train_accuracy': [0.363898, 0.45731], 'train_f1': [0.3476815414237175, 0.4497976945082776], 'train_mae': [2.397654, 2.039324], 'val_loss': [1.7448334931373597, 1.5120736409378053], 'val_accuracy': [0.35642, 0.44332], 'val_f1': [0.3401331790152901, 0.4354495319891141], 'val_mae': [2.41182, 2.08871], 'jsd': [(0, 0, 0, 0, 0, 0, 0, 0, 0, 0), (0, 0, 0, 0, 0, 0, 0, 0, 0, 0)]}}
Local parameters compressed: reduced 116795 bytes (8.05%)
Local parameters compressed: reduced 117103 bytes (8.07%)
Local parameters compressed: reduced 116803 bytes (8.05%)
Local parameters compressed: reduced 116855 bytes (8.05%)
Local parameters compressed: reduced 116835 bytes (8.05%)
Local parameters compressed: reduced 116778 bytes (8.05%)
Local parameters compressed: reduced 116842 bytes (8.05%)
Local parameters compressed: reduced 116801 bytes (8.05%)
Local parameters compressed: reduced 116854 bytes (8.05%)
Local parameters compressed: reduced 116808 bytes (8.05%)
Results Aggregated in 204.85 seconds.
{'shufflenet_v2_x0_5': {'train_loss': [1.7202043373031617, 1.481999315311432, 1.3088373585662842], 'train_accuracy': [0.363898, 0.45731, 0.526654], 'train_f1': [0.3476815414237175, 0.4497976945082776, 0.5218143413247083], 'train_mae': [2.397654, 2.039324, 1.737144], 'val_loss': [1.7448334931373597, 1.5120736409378053, 1.355591857776642], 'val_accuracy': [0.35642, 0.44332, 0.50657], 'val_f1': [0.3401331790152901, 0.4354495319891141, 0.5014046341717413], 'val_mae': [2.41182, 2.08871, 1.8205], 'jsd': [(0, 0, 0, 0, 0, 0, 0, 0, 0, 0), (0, 0, 0, 0, 0, 0, 0, 0, 0, 0), (0, 0, 0, 0, 0, 0, 0, 0, 0, 0)]}}
Local parameters compressed: reduced 115282 bytes (7.94%)
Local parameters compressed: reduced 115126 bytes (7.93%)
Local parameters compressed: reduced 115083 bytes (7.93%)
Local parameters compressed: reduced 115382 bytes (7.95%)
Local parameters compressed: reduced 115126 bytes (7.93%)
Local parameters compressed: reduced 115502 bytes (7.96%)
Local parameters compressed: reduced 115326 bytes (7.95%)
Local parameters compressed: reduced 115097 bytes (7.93%)
Local parameters compressed: reduced 115356 bytes (7.95%)
Local parameters compressed: reduced 115347 bytes (7.95%)
Results Aggregated in 197.90 seconds.
{'shufflenet_v2_x0_5': {'train_loss': [1.7202043373031617, 1.481999315311432, 1.3088373585662842, 1.1867155556659699], 'train_accuracy': [0.363898, 0.45731, 0.526654, 0.573898], 'train_f1': [0.3476815414237175, 0.4497976945082776, 0.5218143413247083, 0.5711068395855725], 'train_mae': [2.397654, 2.039324, 1.737144, 1.54273], 'val_loss': [1.7448334931373597, 1.5120736409378053, 1.355591857776642, 1.2529640814781189], 'val_accuracy': [0.35642, 0.44332, 0.50657, 0.54961], 'val_f1': [0.3401331790152901, 0.4354495319891141, 0.5014046341717413, 0.5462356559260183], 'val_mae': [2.41182, 2.08871, 1.8205, 1.63955], 'jsd': [(0, 0, 0, 0, 0, 0, 0, 0, 0, 0), (0, 0, 0, 0, 0, 0, 0, 0, 0, 0), (0, 0, 0, 0, 0, 0, 0, 0, 0, 0), (0, 0, 0, 0, 0, 0, 0, 0, 0, 0)]}}
Local parameters compressed: reduced 114196 bytes (7.87%)
Local parameters compressed: reduced 114049 bytes (7.86%)
Local parameters compressed: reduced 114057 bytes (7.86%)
Local parameters compressed: reduced 114048 bytes (7.86%)
Local parameters compressed: reduced 114278 bytes (7.87%)
Local parameters compressed: reduced 114146 bytes (7.86%)
Local parameters compressed: reduced 114266 bytes (7.87%)
Local parameters compressed: reduced 114117 bytes (7.86%)
Local parameters compressed: reduced 114304 bytes (7.88%)
Local parameters compressed: reduced 114224 bytes (7.87%)
Results Aggregated in 196.13 seconds.
{'shufflenet_v2_x0_5': {'train_loss': [1.7202043373031617, 1.481999315311432, 1.3088373585662842, 1.1867155556659699, 1.1000113597717285], 'train_accuracy': [0.363898, 0.45731, 0.526654, 0.573898, 0.60724], 'train_f1': [0.3476815414237175, 0.4497976945082776, 0.5218143413247083, 0.5711068395855725, 0.6039694158256081], 'train_mae': [2.397654, 2.039324, 1.737144, 1.54273, 1.407358], 'val_loss': [1.7448334931373597, 1.5120736409378053, 1.355591857776642, 1.2529640814781189, 1.1883190463161468], 'val_accuracy': [0.35642, 0.44332, 0.50657, 0.54961, 0.57403], 'val_f1': [0.3401331790152901, 0.4354495319891141, 0.5014046341717413, 0.5462356559260183, 0.5705517592437928], 'val_mae': [2.41182, 2.08871, 1.8205, 1.63955, 1.53672], 'jsd': [(0, 0, 0, 0, 0, 0, 0, 0, 0, 0), (0, 0, 0, 0, 0, 0, 0, 0, 0, 0), (0, 0, 0, 0, 0, 0, 0, 0, 0, 0), (0, 0, 0, 0, 0, 0, 0, 0, 0, 0), (0, 0, 0, 0, 0, 0, 0, 0, 0, 0)]}}
Local parameters compressed: reduced 113121 bytes (7.79%)
Local parameters compressed: reduced 113095 bytes (7.79%)
Local parameters compressed: reduced 113012 bytes (7.79%)
Local parameters compressed: reduced 113108 bytes (7.79%)
Local parameters compressed: reduced 113203 bytes (7.80%)
Local parameters compressed: reduced 113141 bytes (7.80%)
Local parameters compressed: reduced 113055 bytes (7.79%)
Local parameters compressed: reduced 113165 bytes (7.80%)
Local parameters compressed: reduced 113266 bytes (7.80%)
Local parameters compressed: reduced 113145 bytes (7.80%)
Results Aggregated in 194.43 seconds.
{'shufflenet_v2_x0_5': {'train_loss': [1.7202043373031617, 1.481999315311432, 1.3088373585662842, 1.1867155556659699, 1.1000113597717285, 1.0243907776737213], 'train_accuracy': [0.363898, 0.45731, 0.526654, 0.573898, 0.60724, 0.635918], 'train_f1': [0.3476815414237175, 0.4497976945082776, 0.5218143413247083, 0.5711068395855725, 0.6039694158256081, 0.633730428397169], 'train_mae': [2.397654, 2.039324, 1.737144, 1.54273, 1.407358, 1.298876], 'val_loss': [1.7448334931373597, 1.5120736409378053, 1.355591857776642, 1.2529640814781189, 1.1883190463161468, 1.1297207259178161], 'val_accuracy': [0.35642, 0.44332, 0.50657, 0.54961, 0.57403, 0.59573], 'val_f1': [0.3401331790152901, 0.4354495319891141, 0.5014046341717413, 0.5462356559260183, 0.5705517592437928, 0.5930774642183261], 'val_mae': [2.41182, 2.08871, 1.8205, 1.63955, 1.53672, 1.44857], 'jsd': [(0, 0, 0, 0, 0, 0, 0, 0, 0, 0), (0, 0, 0, 0, 0, 0, 0, 0, 0, 0), (0, 0, 0, 0, 0, 0, 0, 0, 0, 0), (0, 0, 0, 0, 0, 0, 0, 0, 0, 0), (0, 0, 0, 0, 0, 0, 0, 0, 0, 0), (0, 0, 0, 0, 0, 0, 0, 0, 0, 0)]}}
Local parameters compressed: reduced 112376 bytes (7.74%)
Local parameters compressed: reduced 112422 bytes (7.75%)
Local parameters compressed: reduced 112160 bytes (7.73%)
Local parameters compressed: reduced 112038 bytes (7.72%)
Local parameters compressed: reduced 112417 bytes (7.75%)
Local parameters compressed: reduced 112383 bytes (7.74%)
Local parameters compressed: reduced 112240 bytes (7.73%)
Local parameters compressed: reduced 112427 bytes (7.75%)
Local parameters compressed: reduced 112340 bytes (7.74%)
Local parameters compressed: reduced 112400 bytes (7.74%)
Results Aggregated in 197.80 seconds.
{'shufflenet_v2_x0_5': {'train_loss': [1.7202043373031617, 1.481999315311432, 1.3088373585662842, 1.1867155556659699, 1.1000113597717285, 1.0243907776737213, 0.9659075775909424], 'train_accuracy': [0.363898, 0.45731, 0.526654, 0.573898, 0.60724, 0.635918, 0.657354], 'train_f1': [0.3476815414237175, 0.4497976945082776, 0.5218143413247083, 0.5711068395855725, 0.6039694158256081, 0.633730428397169, 0.6557506985930796], 'train_mae': [2.397654, 2.039324, 1.737144, 1.54273, 1.407358, 1.298876, 1.224844], 'val_loss': [1.7448334931373597, 1.5120736409378053, 1.355591857776642, 1.2529640814781189, 1.1883190463161468, 1.1297207259178161, 1.0914771609306335], 'val_accuracy': [0.35642, 0.44332, 0.50657, 0.54961, 0.57403, 0.59573, 0.60932], 'val_f1': [0.3401331790152901, 0.4354495319891141, 0.5014046341717413, 0.5462356559260183, 0.5705517592437928, 0.5930774642183261, 0.6073348794098473], 'val_mae': [2.41182, 2.08871, 1.8205, 1.63955, 1.53672, 1.44857, 1.4036], 'jsd': [(0, 0, 0, 0, 0, 0, 0, 0, 0, 0), (0, 0, 0, 0, 0, 0, 0, 0, 0, 0), (0, 0, 0, 0, 0, 0, 0, 0, 0, 0), (0, 0, 0, 0, 0, 0, 0, 0, 0, 0), (0, 0, 0, 0, 0, 0, 0, 0, 0, 0), (0, 0, 0, 0, 0, 0, 0, 0, 0, 0), (0, 0, 0, 0, 0, 0, 0, 0, 0, 0)]}}
Local parameters compressed: reduced 111729 bytes (7.70%)
Local parameters compressed: reduced 111787 bytes (7.70%)
Local parameters compressed: reduced 111732 bytes (7.70%)
Local parameters compressed: reduced 111860 bytes (7.71%)
Local parameters compressed: reduced 111904 bytes (7.71%)
Local parameters compressed: reduced 111915 bytes (7.71%)
Local parameters compressed: reduced 111775 bytes (7.70%)
Local parameters compressed: reduced 112121 bytes (7.73%)
Local parameters compressed: reduced 111673 bytes (7.69%)
Local parameters compressed: reduced 111789 bytes (7.70%)
Results Aggregated in 193.75 seconds.
{'shufflenet_v2_x0_5': {'train_loss': [1.7202043373031617, 1.481999315311432, 1.3088373585662842, 1.1867155556659699, 1.1000113597717285, 1.0243907776737213, 0.9659075775909424, 0.9135922482414246], 'train_accuracy': [0.363898, 0.45731, 0.526654, 0.573898, 0.60724, 0.635918, 0.657354, 0.67857], 'train_f1': [0.3476815414237175, 0.4497976945082776, 0.5218143413247083, 0.5711068395855725, 0.6039694158256081, 0.633730428397169, 0.6557506985930796, 0.6771361291204333], 'train_mae': [2.397654, 2.039324, 1.737144, 1.54273, 1.407358, 1.298876, 1.224844, 1.14568], 'val_loss': [1.7448334931373597, 1.5120736409378053, 1.355591857776642, 1.2529640814781189, 1.1883190463161468, 1.1297207259178161, 1.0914771609306335, 1.0610631601428986], 'val_accuracy': [0.35642, 0.44332, 0.50657, 0.54961, 0.57403, 0.59573, 0.60932, 0.6221], 'val_f1': [0.3401331790152901, 0.4354495319891141, 0.5014046341717413, 0.5462356559260183, 0.5705517592437928, 0.5930774642183261, 0.6073348794098473, 0.6200691313121223], 'val_mae': [2.41182, 2.08871, 1.8205, 1.63955, 1.53672, 1.44857, 1.4036, 1.35474], 'jsd': [(0, 0, 0, 0, 0, 0, 0, 0, 0, 0), (0, 0, 0, 0, 0, 0, 0, 0, 0, 0), (0, 0, 0, 0, 0, 0, 0, 0, 0, 0), (0, 0, 0, 0, 0, 0, 0, 0, 0, 0), (0, 0, 0, 0, 0, 0, 0, 0, 0, 0), (0, 0, 0, 0, 0, 0, 0, 0, 0, 0), (0, 0, 0, 0, 0, 0, 0, 0, 0, 0), (0, 0, 0, 0, 0, 0, 0, 0, 0, 0)]}}
Local parameters compressed: reduced 111308 bytes (7.67%)
Local parameters compressed: reduced 111651 bytes (7.69%)
Local parameters compressed: reduced 111556 bytes (7.69%)
Local parameters compressed: reduced 111585 bytes (7.69%)
Local parameters compressed: reduced 111640 bytes (7.69%)
Local parameters compressed: reduced 111462 bytes (7.68%)
Local parameters compressed: reduced 111332 bytes (7.67%)
Local parameters compressed: reduced 110975 bytes (7.65%)
Local parameters compressed: reduced 111639 bytes (7.69%)
Local parameters compressed: reduced 111550 bytes (7.69%)
Results Aggregated in 197.51 seconds.
{'shufflenet_v2_x0_5': {'train_loss': [1.7202043373031617, 1.481999315311432, 1.3088373585662842, 1.1867155556659699, 1.1000113597717285, 1.0243907776737213, 0.9659075775909424, 0.9135922482414246, 0.8933738322963715], 'train_accuracy': [0.363898, 0.45731, 0.526654, 0.573898, 0.60724, 0.635918, 0.657354, 0.67857, 0.689592], 'train_f1': [0.3476815414237175, 0.4497976945082776, 0.5218143413247083, 0.5711068395855725, 0.6039694158256081, 0.633730428397169, 0.6557506985930796, 0.6771361291204333, 0.6890216225770819], 'train_mae': [2.397654, 2.039324, 1.737144, 1.54273, 1.407358, 1.298876, 1.224844, 1.14568, 1.10685], 'val_loss': [1.7448334931373597, 1.5120736409378053, 1.355591857776642, 1.2529640814781189, 1.1883190463161468, 1.1297207259178161, 1.0914771609306335, 1.0610631601428986, 1.059027499141693], 'val_accuracy': [0.35642, 0.44332, 0.50657, 0.54961, 0.57403, 0.59573, 0.60932, 0.6221, 0.63019], 'val_f1': [0.3401331790152901, 0.4354495319891141, 0.5014046341717413, 0.5462356559260183, 0.5705517592437928, 0.5930774642183261, 0.6073348794098473, 0.6200691313121223, 0.6290758728925563], 'val_mae': [2.41182, 2.08871, 1.8205, 1.63955, 1.53672, 1.44857, 1.4036, 1.35474, 1.32488], 'jsd': [(0, 0, 0, 0, 0, 0, 0, 0, 0, 0), (0, 0, 0, 0, 0, 0, 0, 0, 0, 0), (0, 0, 0, 0, 0, 0, 0, 0, 0, 0), (0, 0, 0, 0, 0, 0, 0, 0, 0, 0), (0, 0, 0, 0, 0, 0, 0, 0, 0, 0), (0, 0, 0, 0, 0, 0, 0, 0, 0, 0), (0, 0, 0, 0, 0, 0, 0, 0, 0, 0), (0, 0, 0, 0, 0, 0, 0, 0, 0, 0), (0, 0, 0, 0, 0, 0, 0, 0, 0, 0)]}}
Local parameters compressed: reduced 111155 bytes (7.66%)
Local parameters compressed: reduced 111087 bytes (7.65%)
Local parameters compressed: reduced 111430 bytes (7.68%)
Local parameters compressed: reduced 110990 bytes (7.65%)
Local parameters compressed: reduced 111199 bytes (7.66%)
Local parameters compressed: reduced 110927 bytes (7.64%)
Local parameters compressed: reduced 111230 bytes (7.66%)
Local parameters compressed: reduced 111208 bytes (7.66%)
Local parameters compressed: reduced 111047 bytes (7.65%)
Local parameters compressed: reduced 111016 bytes (7.65%)
Results Aggregated in 201.16 seconds.
{'shufflenet_v2_x0_5': {'train_loss': [1.7202043373031617, 1.481999315311432, 1.3088373585662842, 1.1867155556659699, 1.1000113597717285, 1.0243907776737213, 0.9659075775909424, 0.9135922482414246, 0.8933738322963715, 0.8703051852464676], 'train_accuracy': [0.363898, 0.45731, 0.526654, 0.573898, 0.60724, 0.635918, 0.657354, 0.67857, 0.689592, 0.704346], 'train_f1': [0.3476815414237175, 0.4497976945082776, 0.5218143413247083, 0.5711068395855725, 0.6039694158256081, 0.633730428397169, 0.6557506985930796, 0.6771361291204333, 0.6890216225770819, 0.7036040849398392], 'train_mae': [2.397654, 2.039324, 1.737144, 1.54273, 1.407358, 1.298876, 1.224844, 1.14568, 1.10685, 1.038336], 'val_loss': [1.7448334931373597, 1.5120736409378053, 1.355591857776642, 1.2529640814781189, 1.1883190463161468, 1.1297207259178161, 1.0914771609306335, 1.0610631601428986, 1.059027499141693, 1.064865096988678], 'val_accuracy': [0.35642, 0.44332, 0.50657, 0.54961, 0.57403, 0.59573, 0.60932, 0.6221, 0.63019, 0.63589], 'val_f1': [0.3401331790152901, 0.4354495319891141, 0.5014046341717413, 0.5462356559260183, 0.5705517592437928, 0.5930774642183261, 0.6073348794098473, 0.6200691313121223, 0.6290758728925563, 0.6348139105166443], 'val_mae': [2.41182, 2.08871, 1.8205, 1.63955, 1.53672, 1.44857, 1.4036, 1.35474, 1.32488, 1.2887], 'jsd': [(0, 0, 0, 0, 0, 0, 0, 0, 0, 0), (0, 0, 0, 0, 0, 0, 0, 0, 0, 0), (0, 0, 0, 0, 0, 0, 0, 0, 0, 0), (0, 0, 0, 0, 0, 0, 0, 0, 0, 0), (0, 0, 0, 0, 0, 0, 0, 0, 0, 0), (0, 0, 0, 0, 0, 0, 0, 0, 0, 0), (0, 0, 0, 0, 0, 0, 0, 0, 0, 0), (0, 0, 0, 0, 0, 0, 0, 0, 0, 0), (0, 0, 0, 0, 0, 0, 0, 0, 0, 0), (0, 0, 0, 0, 0, 0, 0, 0, 0, 0)]}}
Local parameters compressed: reduced 110854 bytes (7.64%)
Local parameters compressed: reduced 110793 bytes (7.63%)
Local parameters compressed: reduced 110868 bytes (7.64%)
Local parameters compressed: reduced 110853 bytes (7.64%)
Local parameters compressed: reduced 110932 bytes (7.64%)
Local parameters compressed: reduced 110811 bytes (7.63%)
Local parameters compressed: reduced 110872 bytes (7.64%)
Local parameters compressed: reduced 110845 bytes (7.64%)
Local parameters compressed: reduced 110824 bytes (7.64%)
Local parameters compressed: reduced 110791 bytes (7.63%)
Results Aggregated in 203.73 seconds.
{'shufflenet_v2_x0_5': {'train_loss': [1.7202043373031617, 1.481999315311432, 1.3088373585662842, 1.1867155556659699, 1.1000113597717285, 1.0243907776737213, 0.9659075775909424, 0.9135922482414246, 0.8933738322963715, 0.8703051852464676, 0.8481959414081574], 'train_accuracy': [0.363898, 0.45731, 0.526654, 0.573898, 0.60724, 0.635918, 0.657354, 0.67857, 0.689592, 0.704346, 0.71002], 'train_f1': [0.3476815414237175, 0.4497976945082776, 0.5218143413247083, 0.5711068395855725, 0.6039694158256081, 0.633730428397169, 0.6557506985930796, 0.6771361291204333, 0.6890216225770819, 0.7036040849398392, 0.7087803475764501], 'train_mae': [2.397654, 2.039324, 1.737144, 1.54273, 1.407358, 1.298876, 1.224844, 1.14568, 1.10685, 1.038336, 1.031542], 'val_loss': [1.7448334931373597, 1.5120736409378053, 1.355591857776642, 1.2529640814781189, 1.1883190463161468, 1.1297207259178161, 1.0914771609306335, 1.0610631601428986, 1.059027499141693, 1.064865096988678, 1.0450935981941223], 'val_accuracy': [0.35642, 0.44332, 0.50657, 0.54961, 0.57403, 0.59573, 0.60932, 0.6221, 0.63019, 0.63589, 0.63952], 'val_f1': [0.3401331790152901, 0.4354495319891141, 0.5014046341717413, 0.5462356559260183, 0.5705517592437928, 0.5930774642183261, 0.6073348794098473, 0.6200691313121223, 0.6290758728925563, 0.6348139105166443, 0.637737937336513], 'val_mae': [2.41182, 2.08871, 1.8205, 1.63955, 1.53672, 1.44857, 1.4036, 1.35474, 1.32488, 1.2887, 1.29212], 'jsd': [(0, 0, 0, 0, 0, 0, 0, 0, 0, 0), (0, 0, 0, 0, 0, 0, 0, 0, 0, 0), (0, 0, 0, 0, 0, 0, 0, 0, 0, 0), (0, 0, 0, 0, 0, 0, 0, 0, 0, 0), (0, 0, 0, 0, 0, 0, 0, 0, 0, 0), (0, 0, 0, 0, 0, 0, 0, 0, 0, 0), (0, 0, 0, 0, 0, 0, 0, 0, 0, 0), (0, 0, 0, 0, 0, 0, 0, 0, 0, 0), (0, 0, 0, 0, 0, 0, 0, 0, 0, 0), (0, 0, 0, 0, 0, 0, 0, 0, 0, 0), (0, 0, 0, 0, 0, 0, 0, 0, 0, 0)]}}
Local parameters compressed: reduced 110489 bytes (7.61%)
Local parameters compressed: reduced 110644 bytes (7.62%)
Local parameters compressed: reduced 110377 bytes (7.60%)
Local parameters compressed: reduced 110300 bytes (7.60%)
Local parameters compressed: reduced 110464 bytes (7.61%)
Local parameters compressed: reduced 110582 bytes (7.62%)
Local parameters compressed: reduced 110502 bytes (7.61%)
Local parameters compressed: reduced 110398 bytes (7.61%)
Local parameters compressed: reduced 110668 bytes (7.63%)
Local parameters compressed: reduced 110575 bytes (7.62%)
Results Aggregated in 204.21 seconds.
{'shufflenet_v2_x0_5': {'train_loss': [1.7202043373031617, 1.481999315311432, 1.3088373585662842, 1.1867155556659699, 1.1000113597717285, 1.0243907776737213, 0.9659075775909424, 0.9135922482414246, 0.8933738322963715, 0.8703051852464676, 0.8481959414081574, 0.7685231694202423], 'train_accuracy': [0.363898, 0.45731, 0.526654, 0.573898, 0.60724, 0.635918, 0.657354, 0.67857, 0.689592, 0.704346, 0.71002, 0.731468], 'train_f1': [0.3476815414237175, 0.4497976945082776, 0.5218143413247083, 0.5711068395855725, 0.6039694158256081, 0.633730428397169, 0.6557506985930796, 0.6771361291204333, 0.6890216225770819, 0.7036040849398392, 0.7087803475764501, 0.7310355276719559], 'train_mae': [2.397654, 2.039324, 1.737144, 1.54273, 1.407358, 1.298876, 1.224844, 1.14568, 1.10685, 1.038336, 1.031542, 0.940852], 'val_loss': [1.7448334931373597, 1.5120736409378053, 1.355591857776642, 1.2529640814781189, 1.1883190463161468, 1.1297207259178161, 1.0914771609306335, 1.0610631601428986, 1.059027499141693, 1.064865096988678, 1.0450935981941223, 0.9974749153709411], 'val_accuracy': [0.35642, 0.44332, 0.50657, 0.54961, 0.57403, 0.59573, 0.60932, 0.6221, 0.63019, 0.63589, 0.63952, 0.6527], 'val_f1': [0.3401331790152901, 0.4354495319891141, 0.5014046341717413, 0.5462356559260183, 0.5705517592437928, 0.5930774642183261, 0.6073348794098473, 0.6200691313121223, 0.6290758728925563, 0.6348139105166443, 0.637737937336513, 0.6520368877336696], 'val_mae': [2.41182, 2.08871, 1.8205, 1.63955, 1.53672, 1.44857, 1.4036, 1.35474, 1.32488, 1.2887, 1.29212, 1.22676], 'jsd': [(0, 0, 0, 0, 0, 0, 0, 0, 0, 0), (0, 0, 0, 0, 0, 0, 0, 0, 0, 0), (0, 0, 0, 0, 0, 0, 0, 0, 0, 0), (0, 0, 0, 0, 0, 0, 0, 0, 0, 0), (0, 0, 0, 0, 0, 0, 0, 0, 0, 0), (0, 0, 0, 0, 0, 0, 0, 0, 0, 0), (0, 0, 0, 0, 0, 0, 0, 0, 0, 0), (0, 0, 0, 0, 0, 0, 0, 0, 0, 0), (0, 0, 0, 0, 0, 0, 0, 0, 0, 0), (0, 0, 0, 0, 0, 0, 0, 0, 0, 0), (0, 0, 0, 0, 0, 0, 0, 0, 0, 0), (0, 0, 0, 0, 0, 0, 0, 0, 0, 0)]}}
Local parameters compressed: reduced 110029 bytes (7.58%)
Local parameters compressed: reduced 110162 bytes (7.59%)
Local parameters compressed: reduced 109916 bytes (7.57%)
Local parameters compressed: reduced 110325 bytes (7.60%)
Local parameters compressed: reduced 109970 bytes (7.58%)
Local parameters compressed: reduced 110324 bytes (7.60%)
Local parameters compressed: reduced 110424 bytes (7.61%)
Local parameters compressed: reduced 110327 bytes (7.60%)
Local parameters compressed: reduced 110177 bytes (7.59%)
Local parameters compressed: reduced 110335 bytes (7.60%)
Results Aggregated in 204.05 seconds.
{'shufflenet_v2_x0_5': {'train_loss': [1.7202043373031617, 1.481999315311432, 1.3088373585662842, 1.1867155556659699, 1.1000113597717285, 1.0243907776737213, 0.9659075775909424, 0.9135922482414246, 0.8933738322963715, 0.8703051852464676, 0.8481959414081574, 0.7685231694202423, 0.870843178565979], 'train_accuracy': [0.363898, 0.45731, 0.526654, 0.573898, 0.60724, 0.635918, 0.657354, 0.67857, 0.689592, 0.704346, 0.71002, 0.731468, 0.735246], 'train_f1': [0.3476815414237175, 0.4497976945082776, 0.5218143413247083, 0.5711068395855725, 0.6039694158256081, 0.633730428397169, 0.6557506985930796, 0.6771361291204333, 0.6890216225770819, 0.7036040849398392, 0.7087803475764501, 0.7310355276719559, 0.7346729734507809], 'train_mae': [2.397654, 2.039324, 1.737144, 1.54273, 1.407358, 1.298876, 1.224844, 1.14568, 1.10685, 1.038336, 1.031542, 0.940852, 0.935474], 'val_loss': [1.7448334931373597, 1.5120736409378053, 1.355591857776642, 1.2529640814781189, 1.1883190463161468, 1.1297207259178161, 1.0914771609306335, 1.0610631601428986, 1.059027499141693, 1.064865096988678, 1.0450935981941223, 0.9974749153709411, 1.0996401900291444], 'val_accuracy': [0.35642, 0.44332, 0.50657, 0.54961, 0.57403, 0.59573, 0.60932, 0.6221, 0.63019, 0.63589, 0.63952, 0.6527, 0.65121], 'val_f1': [0.3401331790152901, 0.4354495319891141, 0.5014046341717413, 0.5462356559260183, 0.5705517592437928, 0.5930774642183261, 0.6073348794098473, 0.6200691313121223, 0.6290758728925563, 0.6348139105166443, 0.637737937336513, 0.6520368877336696, 0.650456100812792], 'val_mae': [2.41182, 2.08871, 1.8205, 1.63955, 1.53672, 1.44857, 1.4036, 1.35474, 1.32488, 1.2887, 1.29212, 1.22676, 1.23942], 'jsd': [(0, 0, 0, 0, 0, 0, 0, 0, 0, 0), (0, 0, 0, 0, 0, 0, 0, 0, 0, 0), (0, 0, 0, 0, 0, 0, 0, 0, 0, 0), (0, 0, 0, 0, 0, 0, 0, 0, 0, 0), (0, 0, 0, 0, 0, 0, 0, 0, 0, 0), (0, 0, 0, 0, 0, 0, 0, 0, 0, 0), (0, 0, 0, 0, 0, 0, 0, 0, 0, 0), (0, 0, 0, 0, 0, 0, 0, 0, 0, 0), (0, 0, 0, 0, 0, 0, 0, 0, 0, 0), (0, 0, 0, 0, 0, 0, 0, 0, 0, 0), (0, 0, 0, 0, 0, 0, 0, 0, 0, 0), (0, 0, 0, 0, 0, 0, 0, 0, 0, 0), (0, 0, 0, 0, 0, 0, 0, 0, 0, 0)]}}
Local parameters compressed: reduced 110093 bytes (7.59%)
Local parameters compressed: reduced 109934 bytes (7.57%)
Local parameters compressed: reduced 109975 bytes (7.58%)
Local parameters compressed: reduced 109951 bytes (7.58%)
Local parameters compressed: reduced 109777 bytes (7.56%)
Local parameters compressed: reduced 109970 bytes (7.58%)
Local parameters compressed: reduced 109993 bytes (7.58%)
Local parameters compressed: reduced 110129 bytes (7.59%)
Local parameters compressed: reduced 110187 bytes (7.59%)
Local parameters compressed: reduced 110062 bytes (7.58%)
Results Aggregated in 199.30 seconds.
{'shufflenet_v2_x0_5': {'train_loss': [1.7202043373031617, 1.481999315311432, 1.3088373585662842, 1.1867155556659699, 1.1000113597717285, 1.0243907776737213, 0.9659075775909424, 0.9135922482414246, 0.8933738322963715, 0.8703051852464676, 0.8481959414081574, 0.7685231694202423, 0.870843178565979, 0.7598978588256836], 'train_accuracy': [0.363898, 0.45731, 0.526654, 0.573898, 0.60724, 0.635918, 0.657354, 0.67857, 0.689592, 0.704346, 0.71002, 0.731468, 0.735246, 0.74643], 'train_f1': [0.3476815414237175, 0.4497976945082776, 0.5218143413247083, 0.5711068395855725, 0.6039694158256081, 0.633730428397169, 0.6557506985930796, 0.6771361291204333, 0.6890216225770819, 0.7036040849398392, 0.7087803475764501, 0.7310355276719559, 0.7346729734507809, 0.745049639191214], 'train_mae': [2.397654, 2.039324, 1.737144, 1.54273, 1.407358, 1.298876, 1.224844, 1.14568, 1.10685, 1.038336, 1.031542, 0.940852, 0.935474, 0.88457], 'val_loss': [1.7448334931373597, 1.5120736409378053, 1.355591857776642, 1.2529640814781189, 1.1883190463161468, 1.1297207259178161, 1.0914771609306335, 1.0610631601428986, 1.059027499141693, 1.064865096988678, 1.0450935981941223, 0.9974749153709411, 1.0996401900291444, 1.0236608924770356], 'val_accuracy': [0.35642, 0.44332, 0.50657, 0.54961, 0.57403, 0.59573, 0.60932, 0.6221, 0.63019, 0.63589, 0.63952, 0.6527, 0.65121, 0.65795], 'val_f1': [0.3401331790152901, 0.4354495319891141, 0.5014046341717413, 0.5462356559260183, 0.5705517592437928, 0.5930774642183261, 0.6073348794098473, 0.6200691313121223, 0.6290758728925563, 0.6348139105166443, 0.637737937336513, 0.6520368877336696, 0.650456100812792, 0.6560517948339536], 'val_mae': [2.41182, 2.08871, 1.8205, 1.63955, 1.53672, 1.44857, 1.4036, 1.35474, 1.32488, 1.2887, 1.29212, 1.22676, 1.23942, 1.20636], 'jsd': [(0, 0, 0, 0, 0, 0, 0, 0, 0, 0), (0, 0, 0, 0, 0, 0, 0, 0, 0, 0), (0, 0, 0, 0, 0, 0, 0, 0, 0, 0), (0, 0, 0, 0, 0, 0, 0, 0, 0, 0), (0, 0, 0, 0, 0, 0, 0, 0, 0, 0), (0, 0, 0, 0, 0, 0, 0, 0, 0, 0), (0, 0, 0, 0, 0, 0, 0, 0, 0, 0), (0, 0, 0, 0, 0, 0, 0, 0, 0, 0), (0, 0, 0, 0, 0, 0, 0, 0, 0, 0), (0, 0, 0, 0, 0, 0, 0, 0, 0, 0), (0, 0, 0, 0, 0, 0, 0, 0, 0, 0), (0, 0, 0, 0, 0, 0, 0, 0, 0, 0), (0, 0, 0, 0, 0, 0, 0, 0, 0, 0), (0, 0, 0, 0, 0, 0, 0, 0, 0, 0)]}}
Local parameters compressed: reduced 109896 bytes (7.57%)
Local parameters compressed: reduced 109844 bytes (7.57%)
Local parameters compressed: reduced 109789 bytes (7.56%)
Local parameters compressed: reduced 109903 bytes (7.57%)
Local parameters compressed: reduced 109835 bytes (7.57%)
Local parameters compressed: reduced 109845 bytes (7.57%)
Local parameters compressed: reduced 109658 bytes (7.56%)
Local parameters compressed: reduced 109852 bytes (7.57%)
Local parameters compressed: reduced 109708 bytes (7.56%)
Local parameters compressed: reduced 109989 bytes (7.58%)
Results Aggregated in 196.28 seconds.
{'shufflenet_v2_x0_5': {'train_loss': [1.7202043373031617, 1.481999315311432, 1.3088373585662842, 1.1867155556659699, 1.1000113597717285, 1.0243907776737213, 0.9659075775909424, 0.9135922482414246, 0.8933738322963715, 0.8703051852464676, 0.8481959414081574, 0.7685231694202423, 0.870843178565979, 0.7598978588256836, 0.8406411750116348], 'train_accuracy': [0.363898, 0.45731, 0.526654, 0.573898, 0.60724, 0.635918, 0.657354, 0.67857, 0.689592, 0.704346, 0.71002, 0.731468, 0.735246, 0.74643, 0.750964], 'train_f1': [0.3476815414237175, 0.4497976945082776, 0.5218143413247083, 0.5711068395855725, 0.6039694158256081, 0.633730428397169, 0.6557506985930796, 0.6771361291204333, 0.6890216225770819, 0.7036040849398392, 0.7087803475764501, 0.7310355276719559, 0.7346729734507809, 0.745049639191214, 0.7500231462110672], 'train_mae': [2.397654, 2.039324, 1.737144, 1.54273, 1.407358, 1.298876, 1.224844, 1.14568, 1.10685, 1.038336, 1.031542, 0.940852, 0.935474, 0.88457, 0.876154], 'val_loss': [1.7448334931373597, 1.5120736409378053, 1.355591857776642, 1.2529640814781189, 1.1883190463161468, 1.1297207259178161, 1.0914771609306335, 1.0610631601428986, 1.059027499141693, 1.064865096988678, 1.0450935981941223, 0.9974749153709411, 1.0996401900291444, 1.0236608924770356, 1.1103318999958038], 'val_accuracy': [0.35642, 0.44332, 0.50657, 0.54961, 0.57403, 0.59573, 0.60932, 0.6221, 0.63019, 0.63589, 0.63952, 0.6527, 0.65121, 0.65795, 0.65713], 'val_f1': [0.3401331790152901, 0.4354495319891141, 0.5014046341717413, 0.5462356559260183, 0.5705517592437928, 0.5930774642183261, 0.6073348794098473, 0.6200691313121223, 0.6290758728925563, 0.6348139105166443, 0.637737937336513, 0.6520368877336696, 0.650456100812792, 0.6560517948339536, 0.6558246077933528], 'val_mae': [2.41182, 2.08871, 1.8205, 1.63955, 1.53672, 1.44857, 1.4036, 1.35474, 1.32488, 1.2887, 1.29212, 1.22676, 1.23942, 1.20636, 1.21904], 'jsd': [(0, 0, 0, 0, 0, 0, 0, 0, 0, 0), (0, 0, 0, 0, 0, 0, 0, 0, 0, 0), (0, 0, 0, 0, 0, 0, 0, 0, 0, 0), (0, 0, 0, 0, 0, 0, 0, 0, 0, 0), (0, 0, 0, 0, 0, 0, 0, 0, 0, 0), (0, 0, 0, 0, 0, 0, 0, 0, 0, 0), (0, 0, 0, 0, 0, 0, 0, 0, 0, 0), (0, 0, 0, 0, 0, 0, 0, 0, 0, 0), (0, 0, 0, 0, 0, 0, 0, 0, 0, 0), (0, 0, 0, 0, 0, 0, 0, 0, 0, 0), (0, 0, 0, 0, 0, 0, 0, 0, 0, 0), (0, 0, 0, 0, 0, 0, 0, 0, 0, 0), (0, 0, 0, 0, 0, 0, 0, 0, 0, 0), (0, 0, 0, 0, 0, 0, 0, 0, 0, 0), (0, 0, 0, 0, 0, 0, 0, 0, 0, 0)]}}
Local parameters compressed: reduced 109731 bytes (7.56%)
Local parameters compressed: reduced 109805 bytes (7.57%)
Local parameters compressed: reduced 109596 bytes (7.55%)
Local parameters compressed: reduced 109623 bytes (7.55%)
Local parameters compressed: reduced 109710 bytes (7.56%)
Local parameters compressed: reduced 109737 bytes (7.56%)
Local parameters compressed: reduced 109577 bytes (7.55%)
Local parameters compressed: reduced 109716 bytes (7.56%)
Local parameters compressed: reduced 109603 bytes (7.55%)
Local parameters compressed: reduced 109849 bytes (7.57%)
Results Aggregated in 196.89 seconds.
{'shufflenet_v2_x0_5': {'train_loss': [1.7202043373031617, 1.481999315311432, 1.3088373585662842, 1.1867155556659699, 1.1000113597717285, 1.0243907776737213, 0.9659075775909424, 0.9135922482414246, 0.8933738322963715, 0.8703051852464676, 0.8481959414081574, 0.7685231694202423, 0.870843178565979, 0.7598978588256836, 0.8406411750116348, 0.8769780195064545], 'train_accuracy': [0.363898, 0.45731, 0.526654, 0.573898, 0.60724, 0.635918, 0.657354, 0.67857, 0.689592, 0.704346, 0.71002, 0.731468, 0.735246, 0.74643, 0.750964, 0.756182], 'train_f1': [0.3476815414237175, 0.4497976945082776, 0.5218143413247083, 0.5711068395855725, 0.6039694158256081, 0.633730428397169, 0.6557506985930796, 0.6771361291204333, 0.6890216225770819, 0.7036040849398392, 0.7087803475764501, 0.7310355276719559, 0.7346729734507809, 0.745049639191214, 0.7500231462110672, 0.756257849254369], 'train_mae': [2.397654, 2.039324, 1.737144, 1.54273, 1.407358, 1.298876, 1.224844, 1.14568, 1.10685, 1.038336, 1.031542, 0.940852, 0.935474, 0.88457, 0.876154, 0.860422], 'val_loss': [1.7448334931373597, 1.5120736409378053, 1.355591857776642, 1.2529640814781189, 1.1883190463161468, 1.1297207259178161, 1.0914771609306335, 1.0610631601428986, 1.059027499141693, 1.064865096988678, 1.0450935981941223, 0.9974749153709411, 1.0996401900291444, 1.0236608924770356, 1.1103318999958038, 1.1380847375392913], 'val_accuracy': [0.35642, 0.44332, 0.50657, 0.54961, 0.57403, 0.59573, 0.60932, 0.6221, 0.63019, 0.63589, 0.63952, 0.6527, 0.65121, 0.65795, 0.65713, 0.65665], 'val_f1': [0.3401331790152901, 0.4354495319891141, 0.5014046341717413, 0.5462356559260183, 0.5705517592437928, 0.5930774642183261, 0.6073348794098473, 0.6200691313121223, 0.6290758728925563, 0.6348139105166443, 0.637737937336513, 0.6520368877336696, 0.650456100812792, 0.6560517948339536, 0.6558246077933528, 0.6566406112005968], 'val_mae': [2.41182, 2.08871, 1.8205, 1.63955, 1.53672, 1.44857, 1.4036, 1.35474, 1.32488, 1.2887, 1.29212, 1.22676, 1.23942, 1.20636, 1.21904, 1.21938], 'jsd': [(0, 0, 0, 0, 0, 0, 0, 0, 0, 0), (0, 0, 0, 0, 0, 0, 0, 0, 0, 0), (0, 0, 0, 0, 0, 0, 0, 0, 0, 0), (0, 0, 0, 0, 0, 0, 0, 0, 0, 0), (0, 0, 0, 0, 0, 0, 0, 0, 0, 0), (0, 0, 0, 0, 0, 0, 0, 0, 0, 0), (0, 0, 0, 0, 0, 0, 0, 0, 0, 0), (0, 0, 0, 0, 0, 0, 0, 0, 0, 0), (0, 0, 0, 0, 0, 0, 0, 0, 0, 0), (0, 0, 0, 0, 0, 0, 0, 0, 0, 0), (0, 0, 0, 0, 0, 0, 0, 0, 0, 0), (0, 0, 0, 0, 0, 0, 0, 0, 0, 0), (0, 0, 0, 0, 0, 0, 0, 0, 0, 0), (0, 0, 0, 0, 0, 0, 0, 0, 0, 0), (0, 0, 0, 0, 0, 0, 0, 0, 0, 0), (0, 0, 0, 0, 0, 0, 0, 0, 0, 0)]}}
Local parameters compressed: reduced 109410 bytes (7.54%)
Local parameters compressed: reduced 109514 bytes (7.55%)
Local parameters compressed: reduced 109626 bytes (7.55%)
Local parameters compressed: reduced 109507 bytes (7.55%)
Local parameters compressed: reduced 109432 bytes (7.54%)
Local parameters compressed: reduced 109603 bytes (7.55%)
Local parameters compressed: reduced 109264 bytes (7.53%)
Local parameters compressed: reduced 109616 bytes (7.55%)
Local parameters compressed: reduced 109488 bytes (7.54%)
Local parameters compressed: reduced 109458 bytes (7.54%)
Results Aggregated in 200.72 seconds.
{'shufflenet_v2_x0_5': {'train_loss': [1.7202043373031617, 1.481999315311432, 1.3088373585662842, 1.1867155556659699, 1.1000113597717285, 1.0243907776737213, 0.9659075775909424, 0.9135922482414246, 0.8933738322963715, 0.8703051852464676, 0.8481959414081574, 0.7685231694202423, 0.870843178565979, 0.7598978588256836, 0.8406411750116348, 0.8769780195064545, 0.8083878619351387], 'train_accuracy': [0.363898, 0.45731, 0.526654, 0.573898, 0.60724, 0.635918, 0.657354, 0.67857, 0.689592, 0.704346, 0.71002, 0.731468, 0.735246, 0.74643, 0.750964, 0.756182, 0.767168], 'train_f1': [0.3476815414237175, 0.4497976945082776, 0.5218143413247083, 0.5711068395855725, 0.6039694158256081, 0.633730428397169, 0.6557506985930796, 0.6771361291204333, 0.6890216225770819, 0.7036040849398392, 0.7087803475764501, 0.7310355276719559, 0.7346729734507809, 0.745049639191214, 0.7500231462110672, 0.756257849254369, 0.7672536731975516], 'train_mae': [2.397654, 2.039324, 1.737144, 1.54273, 1.407358, 1.298876, 1.224844, 1.14568, 1.10685, 1.038336, 1.031542, 0.940852, 0.935474, 0.88457, 0.876154, 0.860422, 0.822056], 'val_loss': [1.7448334931373597, 1.5120736409378053, 1.355591857776642, 1.2529640814781189, 1.1883190463161468, 1.1297207259178161, 1.0914771609306335, 1.0610631601428986, 1.059027499141693, 1.064865096988678, 1.0450935981941223, 0.9974749153709411, 1.0996401900291444, 1.0236608924770356, 1.1103318999958038, 1.1380847375392913, 1.1219735626125336], 'val_accuracy': [0.35642, 0.44332, 0.50657, 0.54961, 0.57403, 0.59573, 0.60932, 0.6221, 0.63019, 0.63589, 0.63952, 0.6527, 0.65121, 0.65795, 0.65713, 0.65665, 0.66212], 'val_f1': [0.3401331790152901, 0.4354495319891141, 0.5014046341717413, 0.5462356559260183, 0.5705517592437928, 0.5930774642183261, 0.6073348794098473, 0.6200691313121223, 0.6290758728925563, 0.6348139105166443, 0.637737937336513, 0.6520368877336696, 0.650456100812792, 0.6560517948339536, 0.6558246077933528, 0.6566406112005968, 0.6621223778407496], 'val_mae': [2.41182, 2.08871, 1.8205, 1.63955, 1.53672, 1.44857, 1.4036, 1.35474, 1.32488, 1.2887, 1.29212, 1.22676, 1.23942, 1.20636, 1.21904, 1.21938, 1.20216], 'jsd': [(0, 0, 0, 0, 0, 0, 0, 0, 0, 0), (0, 0, 0, 0, 0, 0, 0, 0, 0, 0), (0, 0, 0, 0, 0, 0, 0, 0, 0, 0), (0, 0, 0, 0, 0, 0, 0, 0, 0, 0), (0, 0, 0, 0, 0, 0, 0, 0, 0, 0), (0, 0, 0, 0, 0, 0, 0, 0, 0, 0), (0, 0, 0, 0, 0, 0, 0, 0, 0, 0), (0, 0, 0, 0, 0, 0, 0, 0, 0, 0), (0, 0, 0, 0, 0, 0, 0, 0, 0, 0), (0, 0, 0, 0, 0, 0, 0, 0, 0, 0), (0, 0, 0, 0, 0, 0, 0, 0, 0, 0), (0, 0, 0, 0, 0, 0, 0, 0, 0, 0), (0, 0, 0, 0, 0, 0, 0, 0, 0, 0), (0, 0, 0, 0, 0, 0, 0, 0, 0, 0), (0, 0, 0, 0, 0, 0, 0, 0, 0, 0), (0, 0, 0, 0, 0, 0, 0, 0, 0, 0), (0, 0, 0, 0, 0, 0, 0, 0, 0, 0)]}}
Local parameters compressed: reduced 109582 bytes (7.55%)
Local parameters compressed: reduced 109302 bytes (7.53%)
Local parameters compressed: reduced 109265 bytes (7.53%)
Local parameters compressed: reduced 109434 bytes (7.54%)
Local parameters compressed: reduced 109381 bytes (7.54%)
Local parameters compressed: reduced 109658 bytes (7.56%)
Local parameters compressed: reduced 109199 bytes (7.52%)
Local parameters compressed: reduced 109398 bytes (7.54%)
Local parameters compressed: reduced 109497 bytes (7.54%)
Local parameters compressed: reduced 109413 bytes (7.54%)
Results Aggregated in 199.86 seconds.
{'shufflenet_v2_x0_5': {'train_loss': [1.7202043373031617, 1.481999315311432, 1.3088373585662842, 1.1867155556659699, 1.1000113597717285, 1.0243907776737213, 0.9659075775909424, 0.9135922482414246, 0.8933738322963715, 0.8703051852464676, 0.8481959414081574, 0.7685231694202423, 0.870843178565979, 0.7598978588256836, 0.8406411750116348, 0.8769780195064545, 0.8083878619351387, 0.8105621854424476], 'train_accuracy': [0.363898, 0.45731, 0.526654, 0.573898, 0.60724, 0.635918, 0.657354, 0.67857, 0.689592, 0.704346, 0.71002, 0.731468, 0.735246, 0.74643, 0.750964, 0.756182, 0.767168, 0.773312], 'train_f1': [0.3476815414237175, 0.4497976945082776, 0.5218143413247083, 0.5711068395855725, 0.6039694158256081, 0.633730428397169, 0.6557506985930796, 0.6771361291204333, 0.6890216225770819, 0.7036040849398392, 0.7087803475764501, 0.7310355276719559, 0.7346729734507809, 0.745049639191214, 0.7500231462110672, 0.756257849254369, 0.7672536731975516, 0.7733216606134553], 'train_mae': [2.397654, 2.039324, 1.737144, 1.54273, 1.407358, 1.298876, 1.224844, 1.14568, 1.10685, 1.038336, 1.031542, 0.940852, 0.935474, 0.88457, 0.876154, 0.860422, 0.822056, 0.799326], 'val_loss': [1.7448334931373597, 1.5120736409378053, 1.355591857776642, 1.2529640814781189, 1.1883190463161468, 1.1297207259178161, 1.0914771609306335, 1.0610631601428986, 1.059027499141693, 1.064865096988678, 1.0450935981941223, 0.9974749153709411, 1.0996401900291444, 1.0236608924770356, 1.1103318999958038, 1.1380847375392913, 1.1219735626125336, 1.1269372532939912], 'val_accuracy': [0.35642, 0.44332, 0.50657, 0.54961, 0.57403, 0.59573, 0.60932, 0.6221, 0.63019, 0.63589, 0.63952, 0.6527, 0.65121, 0.65795, 0.65713, 0.65665, 0.66212, 0.66151], 'val_f1': [0.3401331790152901, 0.4354495319891141, 0.5014046341717413, 0.5462356559260183, 0.5705517592437928, 0.5930774642183261, 0.6073348794098473, 0.6200691313121223, 0.6290758728925563, 0.6348139105166443, 0.637737937336513, 0.6520368877336696, 0.650456100812792, 0.6560517948339536, 0.6558246077933528, 0.6566406112005968, 0.6621223778407496, 0.6613425792556165], 'val_mae': [2.41182, 2.08871, 1.8205, 1.63955, 1.53672, 1.44857, 1.4036, 1.35474, 1.32488, 1.2887, 1.29212, 1.22676, 1.23942, 1.20636, 1.21904, 1.21938, 1.20216, 1.20161], 'jsd': [(0, 0, 0, 0, 0, 0, 0, 0, 0, 0), (0, 0, 0, 0, 0, 0, 0, 0, 0, 0), (0, 0, 0, 0, 0, 0, 0, 0, 0, 0), (0, 0, 0, 0, 0, 0, 0, 0, 0, 0), (0, 0, 0, 0, 0, 0, 0, 0, 0, 0), (0, 0, 0, 0, 0, 0, 0, 0, 0, 0), (0, 0, 0, 0, 0, 0, 0, 0, 0, 0), (0, 0, 0, 0, 0, 0, 0, 0, 0, 0), (0, 0, 0, 0, 0, 0, 0, 0, 0, 0), (0, 0, 0, 0, 0, 0, 0, 0, 0, 0), (0, 0, 0, 0, 0, 0, 0, 0, 0, 0), (0, 0, 0, 0, 0, 0, 0, 0, 0, 0), (0, 0, 0, 0, 0, 0, 0, 0, 0, 0), (0, 0, 0, 0, 0, 0, 0, 0, 0, 0), (0, 0, 0, 0, 0, 0, 0, 0, 0, 0), (0, 0, 0, 0, 0, 0, 0, 0, 0, 0), (0, 0, 0, 0, 0, 0, 0, 0, 0, 0), (0, 0, 0, 0, 0, 0, 0, 0, 0, 0)]}}
Local parameters compressed: reduced 109075 bytes (7.52%)
Local parameters compressed: reduced 109250 bytes (7.53%)
Local parameters compressed: reduced 109331 bytes (7.53%)
Local parameters compressed: reduced 109328 bytes (7.53%)
Local parameters compressed: reduced 109199 bytes (7.52%)
Local parameters compressed: reduced 109187 bytes (7.52%)
Local parameters compressed: reduced 109198 bytes (7.52%)
Local parameters compressed: reduced 109196 bytes (7.52%)
Local parameters compressed: reduced 109303 bytes (7.53%)
Local parameters compressed: reduced 109367 bytes (7.54%)
Results Aggregated in 203.00 seconds.
{'shufflenet_v2_x0_5': {'train_loss': [1.7202043373031617, 1.481999315311432, 1.3088373585662842, 1.1867155556659699, 1.1000113597717285, 1.0243907776737213, 0.9659075775909424, 0.9135922482414246, 0.8933738322963715, 0.8703051852464676, 0.8481959414081574, 0.7685231694202423, 0.870843178565979, 0.7598978588256836, 0.8406411750116348, 0.8769780195064545, 0.8083878619351387, 0.8105621854424476, 0.8645757989311218], 'train_accuracy': [0.363898, 0.45731, 0.526654, 0.573898, 0.60724, 0.635918, 0.657354, 0.67857, 0.689592, 0.704346, 0.71002, 0.731468, 0.735246, 0.74643, 0.750964, 0.756182, 0.767168, 0.773312, 0.777658], 'train_f1': [0.3476815414237175, 0.4497976945082776, 0.5218143413247083, 0.5711068395855725, 0.6039694158256081, 0.633730428397169, 0.6557506985930796, 0.6771361291204333, 0.6890216225770819, 0.7036040849398392, 0.7087803475764501, 0.7310355276719559, 0.7346729734507809, 0.745049639191214, 0.7500231462110672, 0.756257849254369, 0.7672536731975516, 0.7733216606134553, 0.7774467393044758], 'train_mae': [2.397654, 2.039324, 1.737144, 1.54273, 1.407358, 1.298876, 1.224844, 1.14568, 1.10685, 1.038336, 1.031542, 0.940852, 0.935474, 0.88457, 0.876154, 0.860422, 0.822056, 0.799326, 0.787292], 'val_loss': [1.7448334931373597, 1.5120736409378053, 1.355591857776642, 1.2529640814781189, 1.1883190463161468, 1.1297207259178161, 1.0914771609306335, 1.0610631601428986, 1.059027499141693, 1.064865096988678, 1.0450935981941223, 0.9974749153709411, 1.0996401900291444, 1.0236608924770356, 1.1103318999958038, 1.1380847375392913, 1.1219735626125336, 1.1269372532939912, 1.1789106736278534], 'val_accuracy': [0.35642, 0.44332, 0.50657, 0.54961, 0.57403, 0.59573, 0.60932, 0.6221, 0.63019, 0.63589, 0.63952, 0.6527, 0.65121, 0.65795, 0.65713, 0.65665, 0.66212, 0.66151, 0.66103], 'val_f1': [0.3401331790152901, 0.4354495319891141, 0.5014046341717413, 0.5462356559260183, 0.5705517592437928, 0.5930774642183261, 0.6073348794098473, 0.6200691313121223, 0.6290758728925563, 0.6348139105166443, 0.637737937336513, 0.6520368877336696, 0.650456100812792, 0.6560517948339536, 0.6558246077933528, 0.6566406112005968, 0.6621223778407496, 0.6613425792556165, 0.6606678218996697], 'val_mae': [2.41182, 2.08871, 1.8205, 1.63955, 1.53672, 1.44857, 1.4036, 1.35474, 1.32488, 1.2887, 1.29212, 1.22676, 1.23942, 1.20636, 1.21904, 1.21938, 1.20216, 1.20161, 1.21376], 'jsd': [(0, 0, 0, 0, 0, 0, 0, 0, 0, 0), (0, 0, 0, 0, 0, 0, 0, 0, 0, 0), (0, 0, 0, 0, 0, 0, 0, 0, 0, 0), (0, 0, 0, 0, 0, 0, 0, 0, 0, 0), (0, 0, 0, 0, 0, 0, 0, 0, 0, 0), (0, 0, 0, 0, 0, 0, 0, 0, 0, 0), (0, 0, 0, 0, 0, 0, 0, 0, 0, 0), (0, 0, 0, 0, 0, 0, 0, 0, 0, 0), (0, 0, 0, 0, 0, 0, 0, 0, 0, 0), (0, 0, 0, 0, 0, 0, 0, 0, 0, 0), (0, 0, 0, 0, 0, 0, 0, 0, 0, 0), (0, 0, 0, 0, 0, 0, 0, 0, 0, 0), (0, 0, 0, 0, 0, 0, 0, 0, 0, 0), (0, 0, 0, 0, 0, 0, 0, 0, 0, 0), (0, 0, 0, 0, 0, 0, 0, 0, 0, 0), (0, 0, 0, 0, 0, 0, 0, 0, 0, 0), (0, 0, 0, 0, 0, 0, 0, 0, 0, 0), (0, 0, 0, 0, 0, 0, 0, 0, 0, 0), (0, 0, 0, 0, 0, 0, 0, 0, 0, 0)]}}
Local parameters compressed: reduced 109011 bytes (7.51%)
Local parameters compressed: reduced 109230 bytes (7.53%)
Local parameters compressed: reduced 108968 bytes (7.51%)
Local parameters compressed: reduced 109075 bytes (7.52%)
Local parameters compressed: reduced 109273 bytes (7.53%)
Local parameters compressed: reduced 109154 bytes (7.52%)
Local parameters compressed: reduced 108993 bytes (7.51%)
Local parameters compressed: reduced 108920 bytes (7.50%)
Local parameters compressed: reduced 109320 bytes (7.53%)
Local parameters compressed: reduced 109076 bytes (7.52%)
Results Aggregated in 197.71 seconds.
{'shufflenet_v2_x0_5': {'train_loss': [1.7202043373031617, 1.481999315311432, 1.3088373585662842, 1.1867155556659699, 1.1000113597717285, 1.0243907776737213, 0.9659075775909424, 0.9135922482414246, 0.8933738322963715, 0.8703051852464676, 0.8481959414081574, 0.7685231694202423, 0.870843178565979, 0.7598978588256836, 0.8406411750116348, 0.8769780195064545, 0.8083878619351387, 0.8105621854424476, 0.8645757989311218, 1.2705440014648437], 'train_accuracy': [0.363898, 0.45731, 0.526654, 0.573898, 0.60724, 0.635918, 0.657354, 0.67857, 0.689592, 0.704346, 0.71002, 0.731468, 0.735246, 0.74643, 0.750964, 0.756182, 0.767168, 0.773312, 0.777658, 0.779126], 'train_f1': [0.3476815414237175, 0.4497976945082776, 0.5218143413247083, 0.5711068395855725, 0.6039694158256081, 0.633730428397169, 0.6557506985930796, 0.6771361291204333, 0.6890216225770819, 0.7036040849398392, 0.7087803475764501, 0.7310355276719559, 0.7346729734507809, 0.745049639191214, 0.7500231462110672, 0.756257849254369, 0.7672536731975516, 0.7733216606134553, 0.7774467393044758, 0.7793043177849927], 'train_mae': [2.397654, 2.039324, 1.737144, 1.54273, 1.407358, 1.298876, 1.224844, 1.14568, 1.10685, 1.038336, 1.031542, 0.940852, 0.935474, 0.88457, 0.876154, 0.860422, 0.822056, 0.799326, 0.787292, 0.782198], 'val_loss': [1.7448334931373597, 1.5120736409378053, 1.355591857776642, 1.2529640814781189, 1.1883190463161468, 1.1297207259178161, 1.0914771609306335, 1.0610631601428986, 1.059027499141693, 1.064865096988678, 1.0450935981941223, 0.9974749153709411, 1.0996401900291444, 1.0236608924770356, 1.1103318999958038, 1.1380847375392913, 1.1219735626125336, 1.1269372532939912, 1.1789106736278534, 1.5639174000930787], 'val_accuracy': [0.35642, 0.44332, 0.50657, 0.54961, 0.57403, 0.59573, 0.60932, 0.6221, 0.63019, 0.63589, 0.63952, 0.6527, 0.65121, 0.65795, 0.65713, 0.65665, 0.66212, 0.66151, 0.66103, 0.65864], 'val_f1': [0.3401331790152901, 0.4354495319891141, 0.5014046341717413, 0.5462356559260183, 0.5705517592437928, 0.5930774642183261, 0.6073348794098473, 0.6200691313121223, 0.6290758728925563, 0.6348139105166443, 0.637737937336513, 0.6520368877336696, 0.650456100812792, 0.6560517948339536, 0.6558246077933528, 0.6566406112005968, 0.6621223778407496, 0.6613425792556165, 0.6606678218996697, 0.6589184458159902], 'val_mae': [2.41182, 2.08871, 1.8205, 1.63955, 1.53672, 1.44857, 1.4036, 1.35474, 1.32488, 1.2887, 1.29212, 1.22676, 1.23942, 1.20636, 1.21904, 1.21938, 1.20216, 1.20161, 1.21376, 1.21247], 'jsd': [(0, 0, 0, 0, 0, 0, 0, 0, 0, 0), (0, 0, 0, 0, 0, 0, 0, 0, 0, 0), (0, 0, 0, 0, 0, 0, 0, 0, 0, 0), (0, 0, 0, 0, 0, 0, 0, 0, 0, 0), (0, 0, 0, 0, 0, 0, 0, 0, 0, 0), (0, 0, 0, 0, 0, 0, 0, 0, 0, 0), (0, 0, 0, 0, 0, 0, 0, 0, 0, 0), (0, 0, 0, 0, 0, 0, 0, 0, 0, 0), (0, 0, 0, 0, 0, 0, 0, 0, 0, 0), (0, 0, 0, 0, 0, 0, 0, 0, 0, 0), (0, 0, 0, 0, 0, 0, 0, 0, 0, 0), (0, 0, 0, 0, 0, 0, 0, 0, 0, 0), (0, 0, 0, 0, 0, 0, 0, 0, 0, 0), (0, 0, 0, 0, 0, 0, 0, 0, 0, 0), (0, 0, 0, 0, 0, 0, 0, 0, 0, 0), (0, 0, 0, 0, 0, 0, 0, 0, 0, 0), (0, 0, 0, 0, 0, 0, 0, 0, 0, 0), (0, 0, 0, 0, 0, 0, 0, 0, 0, 0), (0, 0, 0, 0, 0, 0, 0, 0, 0, 0), (0, 0, 0, 0, 0, 0, 0, 0, 0, 0)]}}
