==========================================
  ___  ______  ___ ______       _ 
 / _ \ | ___ \/   ||  ___|     | |
/ /_\ \| |_/ / /| || |_ ___  __| |
|  _  ||  __/ /_| ||  _/ _ \/ _` |
| | | || |  \___  || ||  __/ (_| |
\_| |_/\_|      |_/\_| \___|\__,_| v.1.5.0

==========================================
Simulation Started!
List of the Architectural Patterns enabled:
Adaptation Enabled ✅
Metric: val_f1, online learning with alpha 0.1
Client Registry ✅
Client Selector ✅
 AP Parameters: {'selection_strategy': 'Resource-Based', 'selection_criteria': 'CPU', 'selection_value': 2}
==========================================
Client Client 12 has insufficient CPU (1). Will not participate in the next FL round.
Client Client 10 has insufficient CPU (1). Will not participate in the next FL round.
Client Client 3 participates in this round. (CPU: 2, RAM: 4)
Client Client 8 participates in this round. (CPU: 2, RAM: 4)
Client Client 5 participates in this round. (CPU: 2, RAM: 4)
Client Client 1 participates in this round. (CPU: 2, RAM: 4)
Client Client 7 participates in this round. (CPU: 2, RAM: 4)
Client Client 4 participates in this round. (CPU: 2, RAM: 4)
Client Client 9 has insufficient CPU (1). Will not participate in the next FL round.
Client Client 2 participates in this round. (CPU: 2, RAM: 4)
Client Client 6 participates in this round. (CPU: 2, RAM: 4)
Client Client 11 has insufficient CPU (1). Will not participate in the next FL round.
Results Aggregated in 83.43 seconds.
{'CNN 16k': {'train_loss': [1.5816325364637376], 'train_accuracy': [0.421745], 'train_f1': [0.4111720087679505], 'train_mae': [2.1684175], 'val_loss': [1.582382107925415], 'val_accuracy': [0.4192], 'val_f1': [0.4082362788856185], 'val_mae': [2.179525], 'jsd': [(0, 0, 0, 0, 0, 0, 0, 0, 0, 0, 0, 0)]}}
AdaptationManager: Configuring next round...
{'client_registry': {'enabled': True, 'params': {}}, 'client_selector': {'enabled': True, 'params': {'selection_strategy': 'Resource-Based', 'selection_criteria': 'CPU', 'selection_value': 2}}, 'client_cluster': {'enabled': False, 'params': {}}, 'message_compressor': {'enabled': False, 'params': {}}, 'model_co-versioning_registry': {'enabled': False, 'params': {}}, 'multi-task_model_trainer': {'enabled': False, 'params': {}}, 'heterogeneous_data_handler': {'enabled': False, 'params': {}}}
{'client_selector': {'enabled': True}, 'client_cluster': {'enabled': False}, 'message_compressor': {'enabled': False}, 'model_co-versioning_registry': {'enabled': False}, 'multi-task_model_trainer': {'enabled': False}, 'heterogeneous_data_handler': {'enabled': False}, 'client_registry': {'enabled': True, 'params': {}}}
client_selector de-activated ❌
Results Aggregated in 85.52 seconds.
{'CNN 16k': {'train_loss': [1.5816325364637376, 1.4838225123119355], 'train_accuracy': [0.421745, 0.45991666666666664], 'train_f1': [0.4111720087679505, 0.44861358076834607], 'train_mae': [2.1684175, 2.0097933333333335], 'val_loss': [1.582382107925415, 1.493936337629954], 'val_accuracy': [0.4192, 0.44875], 'val_f1': [0.4082362788856185, 0.43680590027198485], 'val_mae': [2.179525, 2.0546416666666665], 'jsd': [(0, 0, 0, 0, 0, 0, 0, 0, 0, 0, 0, 0), (0, 0, 0, 0, 0, 0, 0, 0, 0, 0, 0, 0)]}}
AdaptationManager: Configuring next round...
{'client_registry': {'enabled': True, 'params': {}}, 'client_selector': {'enabled': True, 'params': {'selection_strategy': 'Resource-Based', 'selection_criteria': 'CPU', 'selection_value': 2}}, 'client_cluster': {'enabled': False, 'params': {}}, 'message_compressor': {'enabled': False, 'params': {}}, 'model_co-versioning_registry': {'enabled': False, 'params': {}}, 'multi-task_model_trainer': {'enabled': False, 'params': {}}, 'heterogeneous_data_handler': {'enabled': False, 'params': {}}}
{'client_selector': {'enabled': False}, 'client_cluster': {'enabled': False}, 'message_compressor': {'enabled': False}, 'model_co-versioning_registry': {'enabled': False}, 'multi-task_model_trainer': {'enabled': False}, 'heterogeneous_data_handler': {'enabled': False}, 'client_registry': {'enabled': True, 'params': {}}}
client_selector activated ✅
Client Client 3 participates in this round. (CPU: 2, RAM: 4)
Client Client 5 participates in this round. (CPU: 2, RAM: 4)
Client Client 4 participates in this round. (CPU: 2, RAM: 4)
Client Client 12 has insufficient CPU (1). Will not participate in the next FL round.
Client Client 8 participates in this round. (CPU: 2, RAM: 4)
Client Client 10 has insufficient CPU (1). Will not participate in the next FL round.
Client Client 11 has insufficient CPU (1). Will not participate in the next FL round.
Client Client 7 participates in this round. (CPU: 2, RAM: 4)
Client Client 2 participates in this round. (CPU: 2, RAM: 4)
Client Client 9 has insufficient CPU (1). Will not participate in the next FL round.
Client Client 6 participates in this round. (CPU: 2, RAM: 4)
Client Client 1 participates in this round. (CPU: 2, RAM: 4)
Results Aggregated in 82.31 seconds.
{'CNN 16k': {'train_loss': [1.5816325364637376, 1.4838225123119355, 1.4029963441324234], 'train_accuracy': [0.421745, 0.45991666666666664, 0.493915], 'train_f1': [0.4111720087679505, 0.44861358076834607, 0.4865876612976384], 'train_mae': [2.1684175, 2.0097933333333335, 1.8720725], 'val_loss': [1.582382107925415, 1.493936337629954, 1.4220985404491424], 'val_accuracy': [0.4192, 0.44875, 0.4797], 'val_f1': [0.4082362788856185, 0.43680590027198485, 0.4718156512848625], 'val_mae': [2.179525, 2.0546416666666665, 1.92955], 'jsd': [(0, 0, 0, 0, 0, 0, 0, 0, 0, 0, 0, 0), (0, 0, 0, 0, 0, 0, 0, 0, 0, 0, 0, 0), (0, 0, 0, 0, 0, 0, 0, 0, 0, 0, 0, 0)]}}
AdaptationManager: Configuring next round...
{'client_registry': {'enabled': True, 'params': {}}, 'client_selector': {'enabled': True, 'params': {'selection_strategy': 'Resource-Based', 'selection_criteria': 'CPU', 'selection_value': 2}}, 'client_cluster': {'enabled': False, 'params': {}}, 'message_compressor': {'enabled': False, 'params': {}}, 'model_co-versioning_registry': {'enabled': False, 'params': {}}, 'multi-task_model_trainer': {'enabled': False, 'params': {}}, 'heterogeneous_data_handler': {'enabled': False, 'params': {}}}
{'client_selector': {'enabled': True}, 'client_cluster': {'enabled': False}, 'message_compressor': {'enabled': False}, 'model_co-versioning_registry': {'enabled': False}, 'multi-task_model_trainer': {'enabled': False}, 'heterogeneous_data_handler': {'enabled': False}, 'client_registry': {'enabled': True, 'params': {}}}
client_selector de-activated ❌
Results Aggregated in 84.48 seconds.
{'CNN 16k': {'train_loss': [1.5816325364637376, 1.4838225123119355, 1.4029963441324234, 1.3559945482349396], 'train_accuracy': [0.421745, 0.45991666666666664, 0.493915, 0.514315], 'train_f1': [0.4111720087679505, 0.44861358076834607, 0.4865876612976384, 0.5080017168569704], 'train_mae': [2.1684175, 2.0097933333333335, 1.8720725, 1.76359], 'val_loss': [1.582382107925415, 1.493936337629954, 1.4220985404491424, 1.3858479982058207], 'val_accuracy': [0.4192, 0.44875, 0.4797, 0.4973666666666667], 'val_f1': [0.4082362788856185, 0.43680590027198485, 0.4718156512848625, 0.4901487055428987], 'val_mae': [2.179525, 2.0546416666666665, 1.92955, 1.8267], 'jsd': [(0, 0, 0, 0, 0, 0, 0, 0, 0, 0, 0, 0), (0, 0, 0, 0, 0, 0, 0, 0, 0, 0, 0, 0), (0, 0, 0, 0, 0, 0, 0, 0, 0, 0, 0, 0), (0, 0, 0, 0, 0, 0, 0, 0, 0, 0, 0, 0)]}}
AdaptationManager: Configuring next round...
{'client_registry': {'enabled': True, 'params': {}}, 'client_selector': {'enabled': True, 'params': {'selection_strategy': 'Resource-Based', 'selection_criteria': 'CPU', 'selection_value': 2}}, 'client_cluster': {'enabled': False, 'params': {}}, 'message_compressor': {'enabled': False, 'params': {}}, 'model_co-versioning_registry': {'enabled': False, 'params': {}}, 'multi-task_model_trainer': {'enabled': False, 'params': {}}, 'heterogeneous_data_handler': {'enabled': False, 'params': {}}}
{'client_selector': {'enabled': False}, 'client_cluster': {'enabled': False}, 'message_compressor': {'enabled': False}, 'model_co-versioning_registry': {'enabled': False}, 'multi-task_model_trainer': {'enabled': False}, 'heterogeneous_data_handler': {'enabled': False}, 'client_registry': {'enabled': True, 'params': {}}}
client_selector activated ✅
Client Client 1 participates in this round. (CPU: 2, RAM: 4)
Client Client 11 has insufficient CPU (1). Will not participate in the next FL round.
Client Client 4 participates in this round. (CPU: 2, RAM: 4)
Client Client 3 participates in this round. (CPU: 2, RAM: 4)
Client Client 5 participates in this round. (CPU: 2, RAM: 4)
Client Client 7 participates in this round. (CPU: 2, RAM: 4)
Client Client 8 participates in this round. (CPU: 2, RAM: 4)
Client Client 2 participates in this round. (CPU: 2, RAM: 4)
Client Client 10 has insufficient CPU (1). Will not participate in the next FL round.
Client Client 6 participates in this round. (CPU: 2, RAM: 4)
Client Client 12 has insufficient CPU (1). Will not participate in the next FL round.
Client Client 9 has insufficient CPU (1). Will not participate in the next FL round.
Results Aggregated in 83.42 seconds.
{'CNN 16k': {'train_loss': [1.5816325364637376, 1.4838225123119355, 1.4029963441324234, 1.3559945482349396, 1.302172893910408], 'train_accuracy': [0.421745, 0.45991666666666664, 0.493915, 0.514315, 0.5357525], 'train_f1': [0.4111720087679505, 0.44861358076834607, 0.4865876612976384, 0.5080017168569704, 0.531543816326886], 'train_mae': [2.1684175, 2.0097933333333335, 1.8720725, 1.76359, 1.65812], 'val_loss': [1.582382107925415, 1.493936337629954, 1.4220985404491424, 1.3858479982058207, 1.3456508155584335], 'val_accuracy': [0.4192, 0.44875, 0.4797, 0.4973666666666667, 0.51555], 'val_f1': [0.4082362788856185, 0.43680590027198485, 0.4718156512848625, 0.4901487055428987, 0.5107495659958122], 'val_mae': [2.179525, 2.0546416666666665, 1.92955, 1.8267, 1.7420625], 'jsd': [(0, 0, 0, 0, 0, 0, 0, 0, 0, 0, 0, 0), (0, 0, 0, 0, 0, 0, 0, 0, 0, 0, 0, 0), (0, 0, 0, 0, 0, 0, 0, 0, 0, 0, 0, 0), (0, 0, 0, 0, 0, 0, 0, 0, 0, 0, 0, 0), (0, 0, 0, 0, 0, 0, 0, 0, 0, 0, 0, 0)]}}
AdaptationManager: Configuring next round...
{'client_registry': {'enabled': True, 'params': {}}, 'client_selector': {'enabled': True, 'params': {'selection_strategy': 'Resource-Based', 'selection_criteria': 'CPU', 'selection_value': 2}}, 'client_cluster': {'enabled': False, 'params': {}}, 'message_compressor': {'enabled': False, 'params': {}}, 'model_co-versioning_registry': {'enabled': False, 'params': {}}, 'multi-task_model_trainer': {'enabled': False, 'params': {}}, 'heterogeneous_data_handler': {'enabled': False, 'params': {}}}
{'client_selector': {'enabled': True}, 'client_cluster': {'enabled': False}, 'message_compressor': {'enabled': False}, 'model_co-versioning_registry': {'enabled': False}, 'multi-task_model_trainer': {'enabled': False}, 'heterogeneous_data_handler': {'enabled': False}, 'client_registry': {'enabled': True, 'params': {}}}
client_selector de-activated ❌
Results Aggregated in 86.95 seconds.
{'CNN 16k': {'train_loss': [1.5816325364637376, 1.4838225123119355, 1.4029963441324234, 1.3559945482349396, 1.302172893910408, 1.2615039357233047], 'train_accuracy': [0.421745, 0.45991666666666664, 0.493915, 0.514315, 0.5357525, 0.5512816666666667], 'train_f1': [0.4111720087679505, 0.44861358076834607, 0.4865876612976384, 0.5080017168569704, 0.531543816326886, 0.5450790462243856], 'train_mae': [2.1684175, 2.0097933333333335, 1.8720725, 1.76359, 1.65812, 1.62407], 'val_loss': [1.582382107925415, 1.493936337629954, 1.4220985404491424, 1.3858479982058207, 1.3456508155584335, 1.3165440014839171], 'val_accuracy': [0.4192, 0.44875, 0.4797, 0.4973666666666667, 0.51555, 0.5272166666666667], 'val_f1': [0.4082362788856185, 0.43680590027198485, 0.4718156512848625, 0.4901487055428987, 0.5107495659958122, 0.5205220938456558], 'val_mae': [2.179525, 2.0546416666666665, 1.92955, 1.8267, 1.7420625, 1.7208833333333333], 'jsd': [(0, 0, 0, 0, 0, 0, 0, 0, 0, 0, 0, 0), (0, 0, 0, 0, 0, 0, 0, 0, 0, 0, 0, 0), (0, 0, 0, 0, 0, 0, 0, 0, 0, 0, 0, 0), (0, 0, 0, 0, 0, 0, 0, 0, 0, 0, 0, 0), (0, 0, 0, 0, 0, 0, 0, 0, 0, 0, 0, 0), (0, 0, 0, 0, 0, 0, 0, 0, 0, 0, 0, 0)]}}
AdaptationManager: Configuring next round...
{'client_registry': {'enabled': True, 'params': {}}, 'client_selector': {'enabled': True, 'params': {'selection_strategy': 'Resource-Based', 'selection_criteria': 'CPU', 'selection_value': 2}}, 'client_cluster': {'enabled': False, 'params': {}}, 'message_compressor': {'enabled': False, 'params': {}}, 'model_co-versioning_registry': {'enabled': False, 'params': {}}, 'multi-task_model_trainer': {'enabled': False, 'params': {}}, 'heterogeneous_data_handler': {'enabled': False, 'params': {}}}
{'client_selector': {'enabled': False}, 'client_cluster': {'enabled': False}, 'message_compressor': {'enabled': False}, 'model_co-versioning_registry': {'enabled': False}, 'multi-task_model_trainer': {'enabled': False}, 'heterogeneous_data_handler': {'enabled': False}, 'client_registry': {'enabled': True, 'params': {}}}
client_selector activated ✅
Client Client 3 participates in this round. (CPU: 2, RAM: 4)
Client Client 6 participates in this round. (CPU: 2, RAM: 4)
Client Client 2 participates in this round. (CPU: 2, RAM: 4)
Client Client 10 has insufficient CPU (1). Will not participate in the next FL round.
Client Client 9 has insufficient CPU (1). Will not participate in the next FL round.
Client Client 7 participates in this round. (CPU: 2, RAM: 4)
Client Client 11 has insufficient CPU (1). Will not participate in the next FL round.
Client Client 12 has insufficient CPU (1). Will not participate in the next FL round.
Client Client 1 participates in this round. (CPU: 2, RAM: 4)
Client Client 8 participates in this round. (CPU: 2, RAM: 4)
Client Client 4 participates in this round. (CPU: 2, RAM: 4)
Client Client 5 participates in this round. (CPU: 2, RAM: 4)
Results Aggregated in 80.93 seconds.
{'CNN 16k': {'train_loss': [1.5816325364637376, 1.4838225123119355, 1.4029963441324234, 1.3559945482349396, 1.302172893910408, 1.2615039357233047, 1.2260831026005745], 'train_accuracy': [0.421745, 0.45991666666666664, 0.493915, 0.514315, 0.5357525, 0.5512816666666667, 0.5643325], 'train_f1': [0.4111720087679505, 0.44861358076834607, 0.4865876612976384, 0.5080017168569704, 0.531543816326886, 0.5450790462243856, 0.5608596197489132], 'train_mae': [2.1684175, 2.0097933333333335, 1.8720725, 1.76359, 1.65812, 1.62407, 1.554345], 'val_loss': [1.582382107925415, 1.493936337629954, 1.4220985404491424, 1.3858479982058207, 1.3456508155584335, 1.3165440014839171, 1.2977198911190033], 'val_accuracy': [0.4192, 0.44875, 0.4797, 0.4973666666666667, 0.51555, 0.5272166666666667, 0.53545], 'val_f1': [0.4082362788856185, 0.43680590027198485, 0.4718156512848625, 0.4901487055428987, 0.5107495659958122, 0.5205220938456558, 0.5313386313263655], 'val_mae': [2.179525, 2.0546416666666665, 1.92955, 1.8267, 1.7420625, 1.7208833333333333, 1.6676375], 'jsd': [(0, 0, 0, 0, 0, 0, 0, 0, 0, 0, 0, 0), (0, 0, 0, 0, 0, 0, 0, 0, 0, 0, 0, 0), (0, 0, 0, 0, 0, 0, 0, 0, 0, 0, 0, 0), (0, 0, 0, 0, 0, 0, 0, 0, 0, 0, 0, 0), (0, 0, 0, 0, 0, 0, 0, 0, 0, 0, 0, 0), (0, 0, 0, 0, 0, 0, 0, 0, 0, 0, 0, 0), (0, 0, 0, 0, 0, 0, 0, 0, 0, 0, 0, 0)]}}
AdaptationManager: Configuring next round...
{'client_registry': {'enabled': True, 'params': {}}, 'client_selector': {'enabled': True, 'params': {'selection_strategy': 'Resource-Based', 'selection_criteria': 'CPU', 'selection_value': 2}}, 'client_cluster': {'enabled': False, 'params': {}}, 'message_compressor': {'enabled': False, 'params': {}}, 'model_co-versioning_registry': {'enabled': False, 'params': {}}, 'multi-task_model_trainer': {'enabled': False, 'params': {}}, 'heterogeneous_data_handler': {'enabled': False, 'params': {}}}
{'client_selector': {'enabled': True}, 'client_cluster': {'enabled': False}, 'message_compressor': {'enabled': False}, 'model_co-versioning_registry': {'enabled': False}, 'multi-task_model_trainer': {'enabled': False}, 'heterogeneous_data_handler': {'enabled': False}, 'client_registry': {'enabled': True, 'params': {}}}
client_selector de-activated ❌
Results Aggregated in 83.36 seconds.
{'CNN 16k': {'train_loss': [1.5816325364637376, 1.4838225123119355, 1.4029963441324234, 1.3559945482349396, 1.302172893910408, 1.2615039357233047, 1.2260831026005745, 1.2001863924455642], 'train_accuracy': [0.421745, 0.45991666666666664, 0.493915, 0.514315, 0.5357525, 0.5512816666666667, 0.5643325, 0.5744366666666667], 'train_f1': [0.4111720087679505, 0.44861358076834607, 0.4865876612976384, 0.5080017168569704, 0.531543816326886, 0.5450790462243856, 0.5608596197489132, 0.5710654424503008], 'train_mae': [2.1684175, 2.0097933333333335, 1.8720725, 1.76359, 1.65812, 1.62407, 1.554345, 1.5132133333333333], 'val_loss': [1.582382107925415, 1.493936337629954, 1.4220985404491424, 1.3858479982058207, 1.3456508155584335, 1.3165440014839171, 1.2977198911190033, 1.2785843206246694], 'val_accuracy': [0.4192, 0.44875, 0.4797, 0.4973666666666667, 0.51555, 0.5272166666666667, 0.53545, 0.5452583333333333], 'val_f1': [0.4082362788856185, 0.43680590027198485, 0.4718156512848625, 0.4901487055428987, 0.5107495659958122, 0.5205220938456558, 0.5313386313263655, 0.5411474646773033], 'val_mae': [2.179525, 2.0546416666666665, 1.92955, 1.8267, 1.7420625, 1.7208833333333333, 1.6676375, 1.6228666666666667], 'jsd': [(0, 0, 0, 0, 0, 0, 0, 0, 0, 0, 0, 0), (0, 0, 0, 0, 0, 0, 0, 0, 0, 0, 0, 0), (0, 0, 0, 0, 0, 0, 0, 0, 0, 0, 0, 0), (0, 0, 0, 0, 0, 0, 0, 0, 0, 0, 0, 0), (0, 0, 0, 0, 0, 0, 0, 0, 0, 0, 0, 0), (0, 0, 0, 0, 0, 0, 0, 0, 0, 0, 0, 0), (0, 0, 0, 0, 0, 0, 0, 0, 0, 0, 0, 0), (0, 0, 0, 0, 0, 0, 0, 0, 0, 0, 0, 0)]}}
AdaptationManager: Configuring next round...
{'client_registry': {'enabled': True, 'params': {}}, 'client_selector': {'enabled': True, 'params': {'selection_strategy': 'Resource-Based', 'selection_criteria': 'CPU', 'selection_value': 2}}, 'client_cluster': {'enabled': False, 'params': {}}, 'message_compressor': {'enabled': False, 'params': {}}, 'model_co-versioning_registry': {'enabled': False, 'params': {}}, 'multi-task_model_trainer': {'enabled': False, 'params': {}}, 'heterogeneous_data_handler': {'enabled': False, 'params': {}}}
{'client_selector': {'enabled': False}, 'client_cluster': {'enabled': False}, 'message_compressor': {'enabled': False}, 'model_co-versioning_registry': {'enabled': False}, 'multi-task_model_trainer': {'enabled': False}, 'heterogeneous_data_handler': {'enabled': False}, 'client_registry': {'enabled': True, 'params': {}}}
client_selector activated ✅
Client Client 1 participates in this round. (CPU: 2, RAM: 4)
Client Client 4 participates in this round. (CPU: 2, RAM: 4)
Client Client 7 participates in this round. (CPU: 2, RAM: 4)
Client Client 2 participates in this round. (CPU: 2, RAM: 4)
Client Client 3 participates in this round. (CPU: 2, RAM: 4)
Client Client 5 participates in this round. (CPU: 2, RAM: 4)
Client Client 10 has insufficient CPU (1). Will not participate in the next FL round.
Client Client 12 has insufficient CPU (1). Will not participate in the next FL round.
Client Client 8 participates in this round. (CPU: 2, RAM: 4)
Client Client 9 has insufficient CPU (1). Will not participate in the next FL round.
Client Client 11 has insufficient CPU (1). Will not participate in the next FL round.
Client Client 6 participates in this round. (CPU: 2, RAM: 4)
Results Aggregated in 83.79 seconds.
{'CNN 16k': {'train_loss': [1.5816325364637376, 1.4838225123119355, 1.4029963441324234, 1.3559945482349396, 1.302172893910408, 1.2615039357233047, 1.2260831026005745, 1.2001863924455642, 1.1772210496020317], 'train_accuracy': [0.421745, 0.45991666666666664, 0.493915, 0.514315, 0.5357525, 0.5512816666666667, 0.5643325, 0.5744366666666667, 0.582705], 'train_f1': [0.4111720087679505, 0.44861358076834607, 0.4865876612976384, 0.5080017168569704, 0.531543816326886, 0.5450790462243856, 0.5608596197489132, 0.5710654424503008, 0.5790207140822562], 'train_mae': [2.1684175, 2.0097933333333335, 1.8720725, 1.76359, 1.65812, 1.62407, 1.554345, 1.5132133333333333, 1.477645], 'val_loss': [1.582382107925415, 1.493936337629954, 1.4220985404491424, 1.3858479982058207, 1.3456508155584335, 1.3165440014839171, 1.2977198911190033, 1.2785843206246694, 1.265185890197754], 'val_accuracy': [0.4192, 0.44875, 0.4797, 0.4973666666666667, 0.51555, 0.5272166666666667, 0.53545, 0.5452583333333333, 0.55005], 'val_f1': [0.4082362788856185, 0.43680590027198485, 0.4718156512848625, 0.4901487055428987, 0.5107495659958122, 0.5205220938456558, 0.5313386313263655, 0.5411474646773033, 0.5455704105978973], 'val_mae': [2.179525, 2.0546416666666665, 1.92955, 1.8267, 1.7420625, 1.7208833333333333, 1.6676375, 1.6228666666666667, 1.603625], 'jsd': [(0, 0, 0, 0, 0, 0, 0, 0, 0, 0, 0, 0), (0, 0, 0, 0, 0, 0, 0, 0, 0, 0, 0, 0), (0, 0, 0, 0, 0, 0, 0, 0, 0, 0, 0, 0), (0, 0, 0, 0, 0, 0, 0, 0, 0, 0, 0, 0), (0, 0, 0, 0, 0, 0, 0, 0, 0, 0, 0, 0), (0, 0, 0, 0, 0, 0, 0, 0, 0, 0, 0, 0), (0, 0, 0, 0, 0, 0, 0, 0, 0, 0, 0, 0), (0, 0, 0, 0, 0, 0, 0, 0, 0, 0, 0, 0), (0, 0, 0, 0, 0, 0, 0, 0, 0, 0, 0, 0)]}}
AdaptationManager: Configuring next round...
{'client_registry': {'enabled': True, 'params': {}}, 'client_selector': {'enabled': True, 'params': {'selection_strategy': 'Resource-Based', 'selection_criteria': 'CPU', 'selection_value': 2}}, 'client_cluster': {'enabled': False, 'params': {}}, 'message_compressor': {'enabled': False, 'params': {}}, 'model_co-versioning_registry': {'enabled': False, 'params': {}}, 'multi-task_model_trainer': {'enabled': False, 'params': {}}, 'heterogeneous_data_handler': {'enabled': False, 'params': {}}}
{'client_selector': {'enabled': True}, 'client_cluster': {'enabled': False}, 'message_compressor': {'enabled': False}, 'model_co-versioning_registry': {'enabled': False}, 'multi-task_model_trainer': {'enabled': False}, 'heterogeneous_data_handler': {'enabled': False}, 'client_registry': {'enabled': True, 'params': {}}}
client_selector de-activated ❌
Results Aggregated in 85.07 seconds.
{'CNN 16k': {'train_loss': [1.5816325364637376, 1.4838225123119355, 1.4029963441324234, 1.3559945482349396, 1.302172893910408, 1.2615039357233047, 1.2260831026005745, 1.2001863924455642, 1.1772210496020317, 1.1486623514636358], 'train_accuracy': [0.421745, 0.45991666666666664, 0.493915, 0.514315, 0.5357525, 0.5512816666666667, 0.5643325, 0.5744366666666667, 0.582705, 0.594335], 'train_f1': [0.4111720087679505, 0.44861358076834607, 0.4865876612976384, 0.5080017168569704, 0.531543816326886, 0.5450790462243856, 0.5608596197489132, 0.5710654424503008, 0.5790207140822562, 0.5917307016038371], 'train_mae': [2.1684175, 2.0097933333333335, 1.8720725, 1.76359, 1.65812, 1.62407, 1.554345, 1.5132133333333333, 1.477645, 1.4373783333333334], 'val_loss': [1.582382107925415, 1.493936337629954, 1.4220985404491424, 1.3858479982058207, 1.3456508155584335, 1.3165440014839171, 1.2977198911190033, 1.2785843206246694, 1.265185890197754, 1.24823627743721], 'val_accuracy': [0.4192, 0.44875, 0.4797, 0.4973666666666667, 0.51555, 0.5272166666666667, 0.53545, 0.5452583333333333, 0.55005, 0.559225], 'val_f1': [0.4082362788856185, 0.43680590027198485, 0.4718156512848625, 0.4901487055428987, 0.5107495659958122, 0.5205220938456558, 0.5313386313263655, 0.5411474646773033, 0.5455704105978973, 0.5561300654497543], 'val_mae': [2.179525, 2.0546416666666665, 1.92955, 1.8267, 1.7420625, 1.7208833333333333, 1.6676375, 1.6228666666666667, 1.603625, 1.5669], 'jsd': [(0, 0, 0, 0, 0, 0, 0, 0, 0, 0, 0, 0), (0, 0, 0, 0, 0, 0, 0, 0, 0, 0, 0, 0), (0, 0, 0, 0, 0, 0, 0, 0, 0, 0, 0, 0), (0, 0, 0, 0, 0, 0, 0, 0, 0, 0, 0, 0), (0, 0, 0, 0, 0, 0, 0, 0, 0, 0, 0, 0), (0, 0, 0, 0, 0, 0, 0, 0, 0, 0, 0, 0), (0, 0, 0, 0, 0, 0, 0, 0, 0, 0, 0, 0), (0, 0, 0, 0, 0, 0, 0, 0, 0, 0, 0, 0), (0, 0, 0, 0, 0, 0, 0, 0, 0, 0, 0, 0), (0, 0, 0, 0, 0, 0, 0, 0, 0, 0, 0, 0)]}}
AdaptationManager: Configuring next round...
{'client_registry': {'enabled': True, 'params': {}}, 'client_selector': {'enabled': True, 'params': {'selection_strategy': 'Resource-Based', 'selection_criteria': 'CPU', 'selection_value': 2}}, 'client_cluster': {'enabled': False, 'params': {}}, 'message_compressor': {'enabled': False, 'params': {}}, 'model_co-versioning_registry': {'enabled': False, 'params': {}}, 'multi-task_model_trainer': {'enabled': False, 'params': {}}, 'heterogeneous_data_handler': {'enabled': False, 'params': {}}}
{'client_selector': {'enabled': False}, 'client_cluster': {'enabled': False}, 'message_compressor': {'enabled': False}, 'model_co-versioning_registry': {'enabled': False}, 'multi-task_model_trainer': {'enabled': False}, 'heterogeneous_data_handler': {'enabled': False}, 'client_registry': {'enabled': True, 'params': {}}}
client_selector activated ✅
Client Client 3 participates in this round. (CPU: 2, RAM: 4)
Client Client 5 participates in this round. (CPU: 2, RAM: 4)
Client Client 12 has insufficient CPU (1). Will not participate in the next FL round.
Client Client 1 participates in this round. (CPU: 2, RAM: 4)
Client Client 6 participates in this round. (CPU: 2, RAM: 4)
Client Client 10 has insufficient CPU (1). Will not participate in the next FL round.
Client Client 8 participates in this round. (CPU: 2, RAM: 4)
Client Client 2 participates in this round. (CPU: 2, RAM: 4)
Client Client 7 participates in this round. (CPU: 2, RAM: 4)
Client Client 4 participates in this round. (CPU: 2, RAM: 4)
Client Client 11 has insufficient CPU (1). Will not participate in the next FL round.
Client Client 9 has insufficient CPU (1). Will not participate in the next FL round.
Results Aggregated in 79.85 seconds.
{'CNN 16k': {'train_loss': [1.5816325364637376, 1.4838225123119355, 1.4029963441324234, 1.3559945482349396, 1.302172893910408, 1.2615039357233047, 1.2260831026005745, 1.2001863924455642, 1.1772210496020317, 1.1486623514636358, 1.1331637400674819], 'train_accuracy': [0.421745, 0.45991666666666664, 0.493915, 0.514315, 0.5357525, 0.5512816666666667, 0.5643325, 0.5744366666666667, 0.582705, 0.594335, 0.5989175], 'train_f1': [0.4111720087679505, 0.44861358076834607, 0.4865876612976384, 0.5080017168569704, 0.531543816326886, 0.5450790462243856, 0.5608596197489132, 0.5710654424503008, 0.5790207140822562, 0.5917307016038371, 0.5957096949226804], 'train_mae': [2.1684175, 2.0097933333333335, 1.8720725, 1.76359, 1.65812, 1.62407, 1.554345, 1.5132133333333333, 1.477645, 1.4373783333333334, 1.416855], 'val_loss': [1.582382107925415, 1.493936337629954, 1.4220985404491424, 1.3858479982058207, 1.3456508155584335, 1.3165440014839171, 1.2977198911190033, 1.2785843206246694, 1.265185890197754, 1.24823627743721, 1.244335797905922], 'val_accuracy': [0.4192, 0.44875, 0.4797, 0.4973666666666667, 0.51555, 0.5272166666666667, 0.53545, 0.5452583333333333, 0.55005, 0.559225, 0.558625], 'val_f1': [0.4082362788856185, 0.43680590027198485, 0.4718156512848625, 0.4901487055428987, 0.5107495659958122, 0.5205220938456558, 0.5313386313263655, 0.5411474646773033, 0.5455704105978973, 0.5561300654497543, 0.5549715088743766], 'val_mae': [2.179525, 2.0546416666666665, 1.92955, 1.8267, 1.7420625, 1.7208833333333333, 1.6676375, 1.6228666666666667, 1.603625, 1.5669, 1.5718875], 'jsd': [(0, 0, 0, 0, 0, 0, 0, 0, 0, 0, 0, 0), (0, 0, 0, 0, 0, 0, 0, 0, 0, 0, 0, 0), (0, 0, 0, 0, 0, 0, 0, 0, 0, 0, 0, 0), (0, 0, 0, 0, 0, 0, 0, 0, 0, 0, 0, 0), (0, 0, 0, 0, 0, 0, 0, 0, 0, 0, 0, 0), (0, 0, 0, 0, 0, 0, 0, 0, 0, 0, 0, 0), (0, 0, 0, 0, 0, 0, 0, 0, 0, 0, 0, 0), (0, 0, 0, 0, 0, 0, 0, 0, 0, 0, 0, 0), (0, 0, 0, 0, 0, 0, 0, 0, 0, 0, 0, 0), (0, 0, 0, 0, 0, 0, 0, 0, 0, 0, 0, 0), (0, 0, 0, 0, 0, 0, 0, 0, 0, 0, 0, 0)]}}
AdaptationManager: Configuring next round...
{'client_registry': {'enabled': True, 'params': {}}, 'client_selector': {'enabled': True, 'params': {'selection_strategy': 'Resource-Based', 'selection_criteria': 'CPU', 'selection_value': 2}}, 'client_cluster': {'enabled': False, 'params': {}}, 'message_compressor': {'enabled': False, 'params': {}}, 'model_co-versioning_registry': {'enabled': False, 'params': {}}, 'multi-task_model_trainer': {'enabled': False, 'params': {}}, 'heterogeneous_data_handler': {'enabled': False, 'params': {}}}
{'client_selector': {'enabled': True}, 'client_cluster': {'enabled': False}, 'message_compressor': {'enabled': False}, 'model_co-versioning_registry': {'enabled': False}, 'multi-task_model_trainer': {'enabled': False}, 'heterogeneous_data_handler': {'enabled': False}, 'client_registry': {'enabled': True, 'params': {}}}
client_selector de-activated ❌
Results Aggregated in 85.76 seconds.
{'CNN 16k': {'train_loss': [1.5816325364637376, 1.4838225123119355, 1.4029963441324234, 1.3559945482349396, 1.302172893910408, 1.2615039357233047, 1.2260831026005745, 1.2001863924455642, 1.1772210496020317, 1.1486623514636358, 1.1331637400674819, 1.1134796861775715], 'train_accuracy': [0.421745, 0.45991666666666664, 0.493915, 0.514315, 0.5357525, 0.5512816666666667, 0.5643325, 0.5744366666666667, 0.582705, 0.594335, 0.5989175, 0.6063883333333333], 'train_f1': [0.4111720087679505, 0.44861358076834607, 0.4865876612976384, 0.5080017168569704, 0.531543816326886, 0.5450790462243856, 0.5608596197489132, 0.5710654424503008, 0.5790207140822562, 0.5917307016038371, 0.5957096949226804, 0.6033178102401631], 'train_mae': [2.1684175, 2.0097933333333335, 1.8720725, 1.76359, 1.65812, 1.62407, 1.554345, 1.5132133333333333, 1.477645, 1.4373783333333334, 1.416855, 1.3856533333333334], 'val_loss': [1.582382107925415, 1.493936337629954, 1.4220985404491424, 1.3858479982058207, 1.3456508155584335, 1.3165440014839171, 1.2977198911190033, 1.2785843206246694, 1.265185890197754, 1.24823627743721, 1.244335797905922, 1.2376300501028696], 'val_accuracy': [0.4192, 0.44875, 0.4797, 0.4973666666666667, 0.51555, 0.5272166666666667, 0.53545, 0.5452583333333333, 0.55005, 0.559225, 0.558625, 0.564925], 'val_f1': [0.4082362788856185, 0.43680590027198485, 0.4718156512848625, 0.4901487055428987, 0.5107495659958122, 0.5205220938456558, 0.5313386313263655, 0.5411474646773033, 0.5455704105978973, 0.5561300654497543, 0.5549715088743766, 0.5613188879860408], 'val_mae': [2.179525, 2.0546416666666665, 1.92955, 1.8267, 1.7420625, 1.7208833333333333, 1.6676375, 1.6228666666666667, 1.603625, 1.5669, 1.5718875, 1.5457583333333333], 'jsd': [(0, 0, 0, 0, 0, 0, 0, 0, 0, 0, 0, 0), (0, 0, 0, 0, 0, 0, 0, 0, 0, 0, 0, 0), (0, 0, 0, 0, 0, 0, 0, 0, 0, 0, 0, 0), (0, 0, 0, 0, 0, 0, 0, 0, 0, 0, 0, 0), (0, 0, 0, 0, 0, 0, 0, 0, 0, 0, 0, 0), (0, 0, 0, 0, 0, 0, 0, 0, 0, 0, 0, 0), (0, 0, 0, 0, 0, 0, 0, 0, 0, 0, 0, 0), (0, 0, 0, 0, 0, 0, 0, 0, 0, 0, 0, 0), (0, 0, 0, 0, 0, 0, 0, 0, 0, 0, 0, 0), (0, 0, 0, 0, 0, 0, 0, 0, 0, 0, 0, 0), (0, 0, 0, 0, 0, 0, 0, 0, 0, 0, 0, 0), (0, 0, 0, 0, 0, 0, 0, 0, 0, 0, 0, 0)]}}
AdaptationManager: Configuring next round...
{'client_registry': {'enabled': True, 'params': {}}, 'client_selector': {'enabled': True, 'params': {'selection_strategy': 'Resource-Based', 'selection_criteria': 'CPU', 'selection_value': 2}}, 'client_cluster': {'enabled': False, 'params': {}}, 'message_compressor': {'enabled': False, 'params': {}}, 'model_co-versioning_registry': {'enabled': False, 'params': {}}, 'multi-task_model_trainer': {'enabled': False, 'params': {}}, 'heterogeneous_data_handler': {'enabled': False, 'params': {}}}
{'client_selector': {'enabled': False}, 'client_cluster': {'enabled': False}, 'message_compressor': {'enabled': False}, 'model_co-versioning_registry': {'enabled': False}, 'multi-task_model_trainer': {'enabled': False}, 'heterogeneous_data_handler': {'enabled': False}, 'client_registry': {'enabled': True, 'params': {}}}
client_selector activated ✅
Client Client 2 participates in this round. (CPU: 2, RAM: 4)
Client Client 3 participates in this round. (CPU: 2, RAM: 4)
Client Client 5 participates in this round. (CPU: 2, RAM: 4)
Client Client 11 has insufficient CPU (1). Will not participate in the next FL round.
Client Client 4 participates in this round. (CPU: 2, RAM: 4)
Client Client 1 participates in this round. (CPU: 2, RAM: 4)
Client Client 8 participates in this round. (CPU: 2, RAM: 4)
Client Client 7 participates in this round. (CPU: 2, RAM: 4)
Client Client 10 has insufficient CPU (1). Will not participate in the next FL round.
Client Client 9 has insufficient CPU (1). Will not participate in the next FL round.
Client Client 12 has insufficient CPU (1). Will not participate in the next FL round.
Client Client 6 participates in this round. (CPU: 2, RAM: 4)
Results Aggregated in 83.50 seconds.
{'CNN 16k': {'train_loss': [1.5816325364637376, 1.4838225123119355, 1.4029963441324234, 1.3559945482349396, 1.302172893910408, 1.2615039357233047, 1.2260831026005745, 1.2001863924455642, 1.1772210496020317, 1.1486623514636358, 1.1331637400674819, 1.1134796861775715, 1.1016642833018302], 'train_accuracy': [0.421745, 0.45991666666666664, 0.493915, 0.514315, 0.5357525, 0.5512816666666667, 0.5643325, 0.5744366666666667, 0.582705, 0.594335, 0.5989175, 0.6063883333333333, 0.6109125], 'train_f1': [0.4111720087679505, 0.44861358076834607, 0.4865876612976384, 0.5080017168569704, 0.531543816326886, 0.5450790462243856, 0.5608596197489132, 0.5710654424503008, 0.5790207140822562, 0.5917307016038371, 0.5957096949226804, 0.6033178102401631, 0.608328672874254], 'train_mae': [2.1684175, 2.0097933333333335, 1.8720725, 1.76359, 1.65812, 1.62407, 1.554345, 1.5132133333333333, 1.477645, 1.4373783333333334, 1.416855, 1.3856533333333334, 1.3722675], 'val_loss': [1.582382107925415, 1.493936337629954, 1.4220985404491424, 1.3858479982058207, 1.3456508155584335, 1.3165440014839171, 1.2977198911190033, 1.2785843206246694, 1.265185890197754, 1.24823627743721, 1.244335797905922, 1.2376300501028696, 1.2298573159694672], 'val_accuracy': [0.4192, 0.44875, 0.4797, 0.4973666666666667, 0.51555, 0.5272166666666667, 0.53545, 0.5452583333333333, 0.55005, 0.559225, 0.558625, 0.564925, 0.5685125], 'val_f1': [0.4082362788856185, 0.43680590027198485, 0.4718156512848625, 0.4901487055428987, 0.5107495659958122, 0.5205220938456558, 0.5313386313263655, 0.5411474646773033, 0.5455704105978973, 0.5561300654497543, 0.5549715088743766, 0.5613188879860408, 0.5657133465190083], 'val_mae': [2.179525, 2.0546416666666665, 1.92955, 1.8267, 1.7420625, 1.7208833333333333, 1.6676375, 1.6228666666666667, 1.603625, 1.5669, 1.5718875, 1.5457583333333333, 1.538675], 'jsd': [(0, 0, 0, 0, 0, 0, 0, 0, 0, 0, 0, 0), (0, 0, 0, 0, 0, 0, 0, 0, 0, 0, 0, 0), (0, 0, 0, 0, 0, 0, 0, 0, 0, 0, 0, 0), (0, 0, 0, 0, 0, 0, 0, 0, 0, 0, 0, 0), (0, 0, 0, 0, 0, 0, 0, 0, 0, 0, 0, 0), (0, 0, 0, 0, 0, 0, 0, 0, 0, 0, 0, 0), (0, 0, 0, 0, 0, 0, 0, 0, 0, 0, 0, 0), (0, 0, 0, 0, 0, 0, 0, 0, 0, 0, 0, 0), (0, 0, 0, 0, 0, 0, 0, 0, 0, 0, 0, 0), (0, 0, 0, 0, 0, 0, 0, 0, 0, 0, 0, 0), (0, 0, 0, 0, 0, 0, 0, 0, 0, 0, 0, 0), (0, 0, 0, 0, 0, 0, 0, 0, 0, 0, 0, 0), (0, 0, 0, 0, 0, 0, 0, 0, 0, 0, 0, 0)]}}
AdaptationManager: Configuring next round...
{'client_registry': {'enabled': True, 'params': {}}, 'client_selector': {'enabled': True, 'params': {'selection_strategy': 'Resource-Based', 'selection_criteria': 'CPU', 'selection_value': 2}}, 'client_cluster': {'enabled': False, 'params': {}}, 'message_compressor': {'enabled': False, 'params': {}}, 'model_co-versioning_registry': {'enabled': False, 'params': {}}, 'multi-task_model_trainer': {'enabled': False, 'params': {}}, 'heterogeneous_data_handler': {'enabled': False, 'params': {}}}
{'client_selector': {'enabled': True}, 'client_cluster': {'enabled': False}, 'message_compressor': {'enabled': False}, 'model_co-versioning_registry': {'enabled': False}, 'multi-task_model_trainer': {'enabled': False}, 'heterogeneous_data_handler': {'enabled': False}, 'client_registry': {'enabled': True, 'params': {}}}
client_selector de-activated ❌
Results Aggregated in 83.88 seconds.
{'CNN 16k': {'train_loss': [1.5816325364637376, 1.4838225123119355, 1.4029963441324234, 1.3559945482349396, 1.302172893910408, 1.2615039357233047, 1.2260831026005745, 1.2001863924455642, 1.1772210496020317, 1.1486623514636358, 1.1331637400674819, 1.1134796861775715, 1.1016642833018302, 1.0868736213429768], 'train_accuracy': [0.421745, 0.45991666666666664, 0.493915, 0.514315, 0.5357525, 0.5512816666666667, 0.5643325, 0.5744366666666667, 0.582705, 0.594335, 0.5989175, 0.6063883333333333, 0.6109125, 0.6159566666666667], 'train_f1': [0.4111720087679505, 0.44861358076834607, 0.4865876612976384, 0.5080017168569704, 0.531543816326886, 0.5450790462243856, 0.5608596197489132, 0.5710654424503008, 0.5790207140822562, 0.5917307016038371, 0.5957096949226804, 0.6033178102401631, 0.608328672874254, 0.6127163400469828], 'train_mae': [2.1684175, 2.0097933333333335, 1.8720725, 1.76359, 1.65812, 1.62407, 1.554345, 1.5132133333333333, 1.477645, 1.4373783333333334, 1.416855, 1.3856533333333334, 1.3722675, 1.344825], 'val_loss': [1.582382107925415, 1.493936337629954, 1.4220985404491424, 1.3858479982058207, 1.3456508155584335, 1.3165440014839171, 1.2977198911190033, 1.2785843206246694, 1.265185890197754, 1.24823627743721, 1.244335797905922, 1.2376300501028696, 1.2298573159694672, 1.2260134521961212], 'val_accuracy': [0.4192, 0.44875, 0.4797, 0.4973666666666667, 0.51555, 0.5272166666666667, 0.53545, 0.5452583333333333, 0.55005, 0.559225, 0.558625, 0.564925, 0.5685125, 0.5705833333333333], 'val_f1': [0.4082362788856185, 0.43680590027198485, 0.4718156512848625, 0.4901487055428987, 0.5107495659958122, 0.5205220938456558, 0.5313386313263655, 0.5411474646773033, 0.5455704105978973, 0.5561300654497543, 0.5549715088743766, 0.5613188879860408, 0.5657133465190083, 0.5668982238040934], 'val_mae': [2.179525, 2.0546416666666665, 1.92955, 1.8267, 1.7420625, 1.7208833333333333, 1.6676375, 1.6228666666666667, 1.603625, 1.5669, 1.5718875, 1.5457583333333333, 1.538675, 1.522125], 'jsd': [(0, 0, 0, 0, 0, 0, 0, 0, 0, 0, 0, 0), (0, 0, 0, 0, 0, 0, 0, 0, 0, 0, 0, 0), (0, 0, 0, 0, 0, 0, 0, 0, 0, 0, 0, 0), (0, 0, 0, 0, 0, 0, 0, 0, 0, 0, 0, 0), (0, 0, 0, 0, 0, 0, 0, 0, 0, 0, 0, 0), (0, 0, 0, 0, 0, 0, 0, 0, 0, 0, 0, 0), (0, 0, 0, 0, 0, 0, 0, 0, 0, 0, 0, 0), (0, 0, 0, 0, 0, 0, 0, 0, 0, 0, 0, 0), (0, 0, 0, 0, 0, 0, 0, 0, 0, 0, 0, 0), (0, 0, 0, 0, 0, 0, 0, 0, 0, 0, 0, 0), (0, 0, 0, 0, 0, 0, 0, 0, 0, 0, 0, 0), (0, 0, 0, 0, 0, 0, 0, 0, 0, 0, 0, 0), (0, 0, 0, 0, 0, 0, 0, 0, 0, 0, 0, 0), (0, 0, 0, 0, 0, 0, 0, 0, 0, 0, 0, 0)]}}
AdaptationManager: Configuring next round...
{'client_registry': {'enabled': True, 'params': {}}, 'client_selector': {'enabled': True, 'params': {'selection_strategy': 'Resource-Based', 'selection_criteria': 'CPU', 'selection_value': 2}}, 'client_cluster': {'enabled': False, 'params': {}}, 'message_compressor': {'enabled': False, 'params': {}}, 'model_co-versioning_registry': {'enabled': False, 'params': {}}, 'multi-task_model_trainer': {'enabled': False, 'params': {}}, 'heterogeneous_data_handler': {'enabled': False, 'params': {}}}
{'client_selector': {'enabled': False}, 'client_cluster': {'enabled': False}, 'message_compressor': {'enabled': False}, 'model_co-versioning_registry': {'enabled': False}, 'multi-task_model_trainer': {'enabled': False}, 'heterogeneous_data_handler': {'enabled': False}, 'client_registry': {'enabled': True, 'params': {}}}
client_selector activated ✅
Client Client 6 participates in this round. (CPU: 2, RAM: 4)
Client Client 8 participates in this round. (CPU: 2, RAM: 4)
Client Client 12 has insufficient CPU (1). Will not participate in the next FL round.
Client Client 2 participates in this round. (CPU: 2, RAM: 4)
Client Client 1 participates in this round. (CPU: 2, RAM: 4)
Client Client 4 participates in this round. (CPU: 2, RAM: 4)
Client Client 7 participates in this round. (CPU: 2, RAM: 4)
Client Client 3 participates in this round. (CPU: 2, RAM: 4)
Client Client 10 has insufficient CPU (1). Will not participate in the next FL round.
Client Client 11 has insufficient CPU (1). Will not participate in the next FL round.
Client Client 5 participates in this round. (CPU: 2, RAM: 4)
Client Client 9 has insufficient CPU (1). Will not participate in the next FL round.
Results Aggregated in 81.21 seconds.
{'CNN 16k': {'train_loss': [1.5816325364637376, 1.4838225123119355, 1.4029963441324234, 1.3559945482349396, 1.302172893910408, 1.2615039357233047, 1.2260831026005745, 1.2001863924455642, 1.1772210496020317, 1.1486623514636358, 1.1331637400674819, 1.1134796861775715, 1.1016642833018302, 1.0868736213429768, 1.0668420683407784], 'train_accuracy': [0.421745, 0.45991666666666664, 0.493915, 0.514315, 0.5357525, 0.5512816666666667, 0.5643325, 0.5744366666666667, 0.582705, 0.594335, 0.5989175, 0.6063883333333333, 0.6109125, 0.6159566666666667, 0.62289], 'train_f1': [0.4111720087679505, 0.44861358076834607, 0.4865876612976384, 0.5080017168569704, 0.531543816326886, 0.5450790462243856, 0.5608596197489132, 0.5710654424503008, 0.5790207140822562, 0.5917307016038371, 0.5957096949226804, 0.6033178102401631, 0.608328672874254, 0.6127163400469828, 0.6190021741574409], 'train_mae': [2.1684175, 2.0097933333333335, 1.8720725, 1.76359, 1.65812, 1.62407, 1.554345, 1.5132133333333333, 1.477645, 1.4373783333333334, 1.416855, 1.3856533333333334, 1.3722675, 1.344825, 1.32374], 'val_loss': [1.582382107925415, 1.493936337629954, 1.4220985404491424, 1.3858479982058207, 1.3456508155584335, 1.3165440014839171, 1.2977198911190033, 1.2785843206246694, 1.265185890197754, 1.24823627743721, 1.244335797905922, 1.2376300501028696, 1.2298573159694672, 1.2260134521961212, 1.217180653500557], 'val_accuracy': [0.4192, 0.44875, 0.4797, 0.4973666666666667, 0.51555, 0.5272166666666667, 0.53545, 0.5452583333333333, 0.55005, 0.559225, 0.558625, 0.564925, 0.5685125, 0.5705833333333333, 0.5742375], 'val_f1': [0.4082362788856185, 0.43680590027198485, 0.4718156512848625, 0.4901487055428987, 0.5107495659958122, 0.5205220938456558, 0.5313386313263655, 0.5411474646773033, 0.5455704105978973, 0.5561300654497543, 0.5549715088743766, 0.5613188879860408, 0.5657133465190083, 0.5668982238040934, 0.5700065411390925], 'val_mae': [2.179525, 2.0546416666666665, 1.92955, 1.8267, 1.7420625, 1.7208833333333333, 1.6676375, 1.6228666666666667, 1.603625, 1.5669, 1.5718875, 1.5457583333333333, 1.538675, 1.522125, 1.5089625], 'jsd': [(0, 0, 0, 0, 0, 0, 0, 0, 0, 0, 0, 0), (0, 0, 0, 0, 0, 0, 0, 0, 0, 0, 0, 0), (0, 0, 0, 0, 0, 0, 0, 0, 0, 0, 0, 0), (0, 0, 0, 0, 0, 0, 0, 0, 0, 0, 0, 0), (0, 0, 0, 0, 0, 0, 0, 0, 0, 0, 0, 0), (0, 0, 0, 0, 0, 0, 0, 0, 0, 0, 0, 0), (0, 0, 0, 0, 0, 0, 0, 0, 0, 0, 0, 0), (0, 0, 0, 0, 0, 0, 0, 0, 0, 0, 0, 0), (0, 0, 0, 0, 0, 0, 0, 0, 0, 0, 0, 0), (0, 0, 0, 0, 0, 0, 0, 0, 0, 0, 0, 0), (0, 0, 0, 0, 0, 0, 0, 0, 0, 0, 0, 0), (0, 0, 0, 0, 0, 0, 0, 0, 0, 0, 0, 0), (0, 0, 0, 0, 0, 0, 0, 0, 0, 0, 0, 0), (0, 0, 0, 0, 0, 0, 0, 0, 0, 0, 0, 0), (0, 0, 0, 0, 0, 0, 0, 0, 0, 0, 0, 0)]}}
AdaptationManager: Configuring next round...
{'client_registry': {'enabled': True, 'params': {}}, 'client_selector': {'enabled': True, 'params': {'selection_strategy': 'Resource-Based', 'selection_criteria': 'CPU', 'selection_value': 2}}, 'client_cluster': {'enabled': False, 'params': {}}, 'message_compressor': {'enabled': False, 'params': {}}, 'model_co-versioning_registry': {'enabled': False, 'params': {}}, 'multi-task_model_trainer': {'enabled': False, 'params': {}}, 'heterogeneous_data_handler': {'enabled': False, 'params': {}}}
{'client_selector': {'enabled': True}, 'client_cluster': {'enabled': False}, 'message_compressor': {'enabled': False}, 'model_co-versioning_registry': {'enabled': False}, 'multi-task_model_trainer': {'enabled': False}, 'heterogeneous_data_handler': {'enabled': False}, 'client_registry': {'enabled': True, 'params': {}}}
client_selector de-activated ❌
Results Aggregated in 84.33 seconds.
{'CNN 16k': {'train_loss': [1.5816325364637376, 1.4838225123119355, 1.4029963441324234, 1.3559945482349396, 1.302172893910408, 1.2615039357233047, 1.2260831026005745, 1.2001863924455642, 1.1772210496020317, 1.1486623514636358, 1.1331637400674819, 1.1134796861775715, 1.1016642833018302, 1.0868736213429768, 1.0668420683407784, 1.0624082302061717], 'train_accuracy': [0.421745, 0.45991666666666664, 0.493915, 0.514315, 0.5357525, 0.5512816666666667, 0.5643325, 0.5744366666666667, 0.582705, 0.594335, 0.5989175, 0.6063883333333333, 0.6109125, 0.6159566666666667, 0.62289, 0.6251466666666666], 'train_f1': [0.4111720087679505, 0.44861358076834607, 0.4865876612976384, 0.5080017168569704, 0.531543816326886, 0.5450790462243856, 0.5608596197489132, 0.5710654424503008, 0.5790207140822562, 0.5917307016038371, 0.5957096949226804, 0.6033178102401631, 0.608328672874254, 0.6127163400469828, 0.6190021741574409, 0.6225617842245262], 'train_mae': [2.1684175, 2.0097933333333335, 1.8720725, 1.76359, 1.65812, 1.62407, 1.554345, 1.5132133333333333, 1.477645, 1.4373783333333334, 1.416855, 1.3856533333333334, 1.3722675, 1.344825, 1.32374, 1.305535], 'val_loss': [1.582382107925415, 1.493936337629954, 1.4220985404491424, 1.3858479982058207, 1.3456508155584335, 1.3165440014839171, 1.2977198911190033, 1.2785843206246694, 1.265185890197754, 1.24823627743721, 1.244335797905922, 1.2376300501028696, 1.2298573159694672, 1.2260134521961212, 1.217180653500557, 1.2206241638978321], 'val_accuracy': [0.4192, 0.44875, 0.4797, 0.4973666666666667, 0.51555, 0.5272166666666667, 0.53545, 0.5452583333333333, 0.55005, 0.559225, 0.558625, 0.564925, 0.5685125, 0.5705833333333333, 0.5742375, 0.5737083333333334], 'val_f1': [0.4082362788856185, 0.43680590027198485, 0.4718156512848625, 0.4901487055428987, 0.5107495659958122, 0.5205220938456558, 0.5313386313263655, 0.5411474646773033, 0.5455704105978973, 0.5561300654497543, 0.5549715088743766, 0.5613188879860408, 0.5657133465190083, 0.5668982238040934, 0.5700065411390925, 0.5706330353570779], 'val_mae': [2.179525, 2.0546416666666665, 1.92955, 1.8267, 1.7420625, 1.7208833333333333, 1.6676375, 1.6228666666666667, 1.603625, 1.5669, 1.5718875, 1.5457583333333333, 1.538675, 1.522125, 1.5089625, 1.4987416666666666], 'jsd': [(0, 0, 0, 0, 0, 0, 0, 0, 0, 0, 0, 0), (0, 0, 0, 0, 0, 0, 0, 0, 0, 0, 0, 0), (0, 0, 0, 0, 0, 0, 0, 0, 0, 0, 0, 0), (0, 0, 0, 0, 0, 0, 0, 0, 0, 0, 0, 0), (0, 0, 0, 0, 0, 0, 0, 0, 0, 0, 0, 0), (0, 0, 0, 0, 0, 0, 0, 0, 0, 0, 0, 0), (0, 0, 0, 0, 0, 0, 0, 0, 0, 0, 0, 0), (0, 0, 0, 0, 0, 0, 0, 0, 0, 0, 0, 0), (0, 0, 0, 0, 0, 0, 0, 0, 0, 0, 0, 0), (0, 0, 0, 0, 0, 0, 0, 0, 0, 0, 0, 0), (0, 0, 0, 0, 0, 0, 0, 0, 0, 0, 0, 0), (0, 0, 0, 0, 0, 0, 0, 0, 0, 0, 0, 0), (0, 0, 0, 0, 0, 0, 0, 0, 0, 0, 0, 0), (0, 0, 0, 0, 0, 0, 0, 0, 0, 0, 0, 0), (0, 0, 0, 0, 0, 0, 0, 0, 0, 0, 0, 0), (0, 0, 0, 0, 0, 0, 0, 0, 0, 0, 0, 0)]}}
AdaptationManager: Configuring next round...
{'client_registry': {'enabled': True, 'params': {}}, 'client_selector': {'enabled': True, 'params': {'selection_strategy': 'Resource-Based', 'selection_criteria': 'CPU', 'selection_value': 2}}, 'client_cluster': {'enabled': False, 'params': {}}, 'message_compressor': {'enabled': False, 'params': {}}, 'model_co-versioning_registry': {'enabled': False, 'params': {}}, 'multi-task_model_trainer': {'enabled': False, 'params': {}}, 'heterogeneous_data_handler': {'enabled': False, 'params': {}}}
{'client_selector': {'enabled': False}, 'client_cluster': {'enabled': False}, 'message_compressor': {'enabled': False}, 'model_co-versioning_registry': {'enabled': False}, 'multi-task_model_trainer': {'enabled': False}, 'heterogeneous_data_handler': {'enabled': False}, 'client_registry': {'enabled': True, 'params': {}}}
client_selector activated ✅
Client Client 2 participates in this round. (CPU: 2, RAM: 4)
Client Client 6 participates in this round. (CPU: 2, RAM: 4)
Client Client 12 has insufficient CPU (1). Will not participate in the next FL round.
Client Client 3 participates in this round. (CPU: 2, RAM: 4)
Client Client 5 participates in this round. (CPU: 2, RAM: 4)
Client Client 9 has insufficient CPU (1). Will not participate in the next FL round.
Client Client 4 participates in this round. (CPU: 2, RAM: 4)
Client Client 1 participates in this round. (CPU: 2, RAM: 4)
Client Client 11 has insufficient CPU (1). Will not participate in the next FL round.
Client Client 10 has insufficient CPU (1). Will not participate in the next FL round.
Client Client 8 participates in this round. (CPU: 2, RAM: 4)
Client Client 7 participates in this round. (CPU: 2, RAM: 4)
Results Aggregated in 82.71 seconds.
{'CNN 16k': {'train_loss': [1.5816325364637376, 1.4838225123119355, 1.4029963441324234, 1.3559945482349396, 1.302172893910408, 1.2615039357233047, 1.2260831026005745, 1.2001863924455642, 1.1772210496020317, 1.1486623514636358, 1.1331637400674819, 1.1134796861775715, 1.1016642833018302, 1.0868736213429768, 1.0668420683407784, 1.0624082302061717, 1.051302595562935], 'train_accuracy': [0.421745, 0.45991666666666664, 0.493915, 0.514315, 0.5357525, 0.5512816666666667, 0.5643325, 0.5744366666666667, 0.582705, 0.594335, 0.5989175, 0.6063883333333333, 0.6109125, 0.6159566666666667, 0.62289, 0.6251466666666666, 0.6283275], 'train_f1': [0.4111720087679505, 0.44861358076834607, 0.4865876612976384, 0.5080017168569704, 0.531543816326886, 0.5450790462243856, 0.5608596197489132, 0.5710654424503008, 0.5790207140822562, 0.5917307016038371, 0.5957096949226804, 0.6033178102401631, 0.608328672874254, 0.6127163400469828, 0.6190021741574409, 0.6225617842245262, 0.6254212460234014], 'train_mae': [2.1684175, 2.0097933333333335, 1.8720725, 1.76359, 1.65812, 1.62407, 1.554345, 1.5132133333333333, 1.477645, 1.4373783333333334, 1.416855, 1.3856533333333334, 1.3722675, 1.344825, 1.32374, 1.305535, 1.2965225], 'val_loss': [1.582382107925415, 1.493936337629954, 1.4220985404491424, 1.3858479982058207, 1.3456508155584335, 1.3165440014839171, 1.2977198911190033, 1.2785843206246694, 1.265185890197754, 1.24823627743721, 1.244335797905922, 1.2376300501028696, 1.2298573159694672, 1.2260134521961212, 1.217180653500557, 1.2206241638978321, 1.217169658589363], 'val_accuracy': [0.4192, 0.44875, 0.4797, 0.4973666666666667, 0.51555, 0.5272166666666667, 0.53545, 0.5452583333333333, 0.55005, 0.559225, 0.558625, 0.564925, 0.5685125, 0.5705833333333333, 0.5742375, 0.5737083333333334, 0.5749125], 'val_f1': [0.4082362788856185, 0.43680590027198485, 0.4718156512848625, 0.4901487055428987, 0.5107495659958122, 0.5205220938456558, 0.5313386313263655, 0.5411474646773033, 0.5455704105978973, 0.5561300654497543, 0.5549715088743766, 0.5613188879860408, 0.5657133465190083, 0.5668982238040934, 0.5700065411390925, 0.5706330353570779, 0.571342355294368], 'val_mae': [2.179525, 2.0546416666666665, 1.92955, 1.8267, 1.7420625, 1.7208833333333333, 1.6676375, 1.6228666666666667, 1.603625, 1.5669, 1.5718875, 1.5457583333333333, 1.538675, 1.522125, 1.5089625, 1.4987416666666666, 1.49085], 'jsd': [(0, 0, 0, 0, 0, 0, 0, 0, 0, 0, 0, 0), (0, 0, 0, 0, 0, 0, 0, 0, 0, 0, 0, 0), (0, 0, 0, 0, 0, 0, 0, 0, 0, 0, 0, 0), (0, 0, 0, 0, 0, 0, 0, 0, 0, 0, 0, 0), (0, 0, 0, 0, 0, 0, 0, 0, 0, 0, 0, 0), (0, 0, 0, 0, 0, 0, 0, 0, 0, 0, 0, 0), (0, 0, 0, 0, 0, 0, 0, 0, 0, 0, 0, 0), (0, 0, 0, 0, 0, 0, 0, 0, 0, 0, 0, 0), (0, 0, 0, 0, 0, 0, 0, 0, 0, 0, 0, 0), (0, 0, 0, 0, 0, 0, 0, 0, 0, 0, 0, 0), (0, 0, 0, 0, 0, 0, 0, 0, 0, 0, 0, 0), (0, 0, 0, 0, 0, 0, 0, 0, 0, 0, 0, 0), (0, 0, 0, 0, 0, 0, 0, 0, 0, 0, 0, 0), (0, 0, 0, 0, 0, 0, 0, 0, 0, 0, 0, 0), (0, 0, 0, 0, 0, 0, 0, 0, 0, 0, 0, 0), (0, 0, 0, 0, 0, 0, 0, 0, 0, 0, 0, 0), (0, 0, 0, 0, 0, 0, 0, 0, 0, 0, 0, 0)]}}
AdaptationManager: Configuring next round...
{'client_registry': {'enabled': True, 'params': {}}, 'client_selector': {'enabled': True, 'params': {'selection_strategy': 'Resource-Based', 'selection_criteria': 'CPU', 'selection_value': 2}}, 'client_cluster': {'enabled': False, 'params': {}}, 'message_compressor': {'enabled': False, 'params': {}}, 'model_co-versioning_registry': {'enabled': False, 'params': {}}, 'multi-task_model_trainer': {'enabled': False, 'params': {}}, 'heterogeneous_data_handler': {'enabled': False, 'params': {}}}
{'client_selector': {'enabled': True}, 'client_cluster': {'enabled': False}, 'message_compressor': {'enabled': False}, 'model_co-versioning_registry': {'enabled': False}, 'multi-task_model_trainer': {'enabled': False}, 'heterogeneous_data_handler': {'enabled': False}, 'client_registry': {'enabled': True, 'params': {}}}
client_selector de-activated ❌
Results Aggregated in 85.40 seconds.
{'CNN 16k': {'train_loss': [1.5816325364637376, 1.4838225123119355, 1.4029963441324234, 1.3559945482349396, 1.302172893910408, 1.2615039357233047, 1.2260831026005745, 1.2001863924455642, 1.1772210496020317, 1.1486623514636358, 1.1331637400674819, 1.1134796861775715, 1.1016642833018302, 1.0868736213429768, 1.0668420683407784, 1.0624082302061717, 1.051302595562935, 1.0348985514640807], 'train_accuracy': [0.421745, 0.45991666666666664, 0.493915, 0.514315, 0.5357525, 0.5512816666666667, 0.5643325, 0.5744366666666667, 0.582705, 0.594335, 0.5989175, 0.6063883333333333, 0.6109125, 0.6159566666666667, 0.62289, 0.6251466666666666, 0.6283275, 0.6352166666666667], 'train_f1': [0.4111720087679505, 0.44861358076834607, 0.4865876612976384, 0.5080017168569704, 0.531543816326886, 0.5450790462243856, 0.5608596197489132, 0.5710654424503008, 0.5790207140822562, 0.5917307016038371, 0.5957096949226804, 0.6033178102401631, 0.608328672874254, 0.6127163400469828, 0.6190021741574409, 0.6225617842245262, 0.6254212460234014, 0.6327130506315328], 'train_mae': [2.1684175, 2.0097933333333335, 1.8720725, 1.76359, 1.65812, 1.62407, 1.554345, 1.5132133333333333, 1.477645, 1.4373783333333334, 1.416855, 1.3856533333333334, 1.3722675, 1.344825, 1.32374, 1.305535, 1.2965225, 1.2665583333333332], 'val_loss': [1.582382107925415, 1.493936337629954, 1.4220985404491424, 1.3858479982058207, 1.3456508155584335, 1.3165440014839171, 1.2977198911190033, 1.2785843206246694, 1.265185890197754, 1.24823627743721, 1.244335797905922, 1.2376300501028696, 1.2298573159694672, 1.2260134521961212, 1.217180653500557, 1.2206241638978321, 1.217169658589363, 1.2108526197433471], 'val_accuracy': [0.4192, 0.44875, 0.4797, 0.4973666666666667, 0.51555, 0.5272166666666667, 0.53545, 0.5452583333333333, 0.55005, 0.559225, 0.558625, 0.564925, 0.5685125, 0.5705833333333333, 0.5742375, 0.5737083333333334, 0.5749125, 0.5776333333333333], 'val_f1': [0.4082362788856185, 0.43680590027198485, 0.4718156512848625, 0.4901487055428987, 0.5107495659958122, 0.5205220938456558, 0.5313386313263655, 0.5411474646773033, 0.5455704105978973, 0.5561300654497543, 0.5549715088743766, 0.5613188879860408, 0.5657133465190083, 0.5668982238040934, 0.5700065411390925, 0.5706330353570779, 0.571342355294368, 0.5744320955978097], 'val_mae': [2.179525, 2.0546416666666665, 1.92955, 1.8267, 1.7420625, 1.7208833333333333, 1.6676375, 1.6228666666666667, 1.603625, 1.5669, 1.5718875, 1.5457583333333333, 1.538675, 1.522125, 1.5089625, 1.4987416666666666, 1.49085, 1.486025], 'jsd': [(0, 0, 0, 0, 0, 0, 0, 0, 0, 0, 0, 0), (0, 0, 0, 0, 0, 0, 0, 0, 0, 0, 0, 0), (0, 0, 0, 0, 0, 0, 0, 0, 0, 0, 0, 0), (0, 0, 0, 0, 0, 0, 0, 0, 0, 0, 0, 0), (0, 0, 0, 0, 0, 0, 0, 0, 0, 0, 0, 0), (0, 0, 0, 0, 0, 0, 0, 0, 0, 0, 0, 0), (0, 0, 0, 0, 0, 0, 0, 0, 0, 0, 0, 0), (0, 0, 0, 0, 0, 0, 0, 0, 0, 0, 0, 0), (0, 0, 0, 0, 0, 0, 0, 0, 0, 0, 0, 0), (0, 0, 0, 0, 0, 0, 0, 0, 0, 0, 0, 0), (0, 0, 0, 0, 0, 0, 0, 0, 0, 0, 0, 0), (0, 0, 0, 0, 0, 0, 0, 0, 0, 0, 0, 0), (0, 0, 0, 0, 0, 0, 0, 0, 0, 0, 0, 0), (0, 0, 0, 0, 0, 0, 0, 0, 0, 0, 0, 0), (0, 0, 0, 0, 0, 0, 0, 0, 0, 0, 0, 0), (0, 0, 0, 0, 0, 0, 0, 0, 0, 0, 0, 0), (0, 0, 0, 0, 0, 0, 0, 0, 0, 0, 0, 0), (0, 0, 0, 0, 0, 0, 0, 0, 0, 0, 0, 0)]}}
AdaptationManager: Configuring next round...
{'client_registry': {'enabled': True, 'params': {}}, 'client_selector': {'enabled': True, 'params': {'selection_strategy': 'Resource-Based', 'selection_criteria': 'CPU', 'selection_value': 2}}, 'client_cluster': {'enabled': False, 'params': {}}, 'message_compressor': {'enabled': False, 'params': {}}, 'model_co-versioning_registry': {'enabled': False, 'params': {}}, 'multi-task_model_trainer': {'enabled': False, 'params': {}}, 'heterogeneous_data_handler': {'enabled': False, 'params': {}}}
{'client_selector': {'enabled': False}, 'client_cluster': {'enabled': False}, 'message_compressor': {'enabled': False}, 'model_co-versioning_registry': {'enabled': False}, 'multi-task_model_trainer': {'enabled': False}, 'heterogeneous_data_handler': {'enabled': False}, 'client_registry': {'enabled': True, 'params': {}}}
client_selector activated ✅
Client Client 3 participates in this round. (CPU: 2, RAM: 4)
Client Client 10 has insufficient CPU (1). Will not participate in the next FL round.
Client Client 5 participates in this round. (CPU: 2, RAM: 4)
Client Client 4 participates in this round. (CPU: 2, RAM: 4)
Client Client 11 has insufficient CPU (1). Will not participate in the next FL round.
Client Client 6 participates in this round. (CPU: 2, RAM: 4)
Client Client 7 participates in this round. (CPU: 2, RAM: 4)
Client Client 12 has insufficient CPU (1). Will not participate in the next FL round.
Client Client 9 has insufficient CPU (1). Will not participate in the next FL round.
Client Client 1 participates in this round. (CPU: 2, RAM: 4)
Client Client 2 participates in this round. (CPU: 2, RAM: 4)
Client Client 8 participates in this round. (CPU: 2, RAM: 4)
Results Aggregated in 83.79 seconds.
{'CNN 16k': {'train_loss': [1.5816325364637376, 1.4838225123119355, 1.4029963441324234, 1.3559945482349396, 1.302172893910408, 1.2615039357233047, 1.2260831026005745, 1.2001863924455642, 1.1772210496020317, 1.1486623514636358, 1.1331637400674819, 1.1134796861775715, 1.1016642833018302, 1.0868736213429768, 1.0668420683407784, 1.0624082302061717, 1.051302595562935, 1.0348985514640807, 1.0258183280682565], 'train_accuracy': [0.421745, 0.45991666666666664, 0.493915, 0.514315, 0.5357525, 0.5512816666666667, 0.5643325, 0.5744366666666667, 0.582705, 0.594335, 0.5989175, 0.6063883333333333, 0.6109125, 0.6159566666666667, 0.62289, 0.6251466666666666, 0.6283275, 0.6352166666666667, 0.638055], 'train_f1': [0.4111720087679505, 0.44861358076834607, 0.4865876612976384, 0.5080017168569704, 0.531543816326886, 0.5450790462243856, 0.5608596197489132, 0.5710654424503008, 0.5790207140822562, 0.5917307016038371, 0.5957096949226804, 0.6033178102401631, 0.608328672874254, 0.6127163400469828, 0.6190021741574409, 0.6225617842245262, 0.6254212460234014, 0.6327130506315328, 0.6352609594339284], 'train_mae': [2.1684175, 2.0097933333333335, 1.8720725, 1.76359, 1.65812, 1.62407, 1.554345, 1.5132133333333333, 1.477645, 1.4373783333333334, 1.416855, 1.3856533333333334, 1.3722675, 1.344825, 1.32374, 1.305535, 1.2965225, 1.2665583333333332, 1.26112], 'val_loss': [1.582382107925415, 1.493936337629954, 1.4220985404491424, 1.3858479982058207, 1.3456508155584335, 1.3165440014839171, 1.2977198911190033, 1.2785843206246694, 1.265185890197754, 1.24823627743721, 1.244335797905922, 1.2376300501028696, 1.2298573159694672, 1.2260134521961212, 1.217180653500557, 1.2206241638978321, 1.217169658589363, 1.2108526197433471, 1.2096014616966249], 'val_accuracy': [0.4192, 0.44875, 0.4797, 0.4973666666666667, 0.51555, 0.5272166666666667, 0.53545, 0.5452583333333333, 0.55005, 0.559225, 0.558625, 0.564925, 0.5685125, 0.5705833333333333, 0.5742375, 0.5737083333333334, 0.5749125, 0.5776333333333333, 0.580775], 'val_f1': [0.4082362788856185, 0.43680590027198485, 0.4718156512848625, 0.4901487055428987, 0.5107495659958122, 0.5205220938456558, 0.5313386313263655, 0.5411474646773033, 0.5455704105978973, 0.5561300654497543, 0.5549715088743766, 0.5613188879860408, 0.5657133465190083, 0.5668982238040934, 0.5700065411390925, 0.5706330353570779, 0.571342355294368, 0.5744320955978097, 0.5773271276700163], 'val_mae': [2.179525, 2.0546416666666665, 1.92955, 1.8267, 1.7420625, 1.7208833333333333, 1.6676375, 1.6228666666666667, 1.603625, 1.5669, 1.5718875, 1.5457583333333333, 1.538675, 1.522125, 1.5089625, 1.4987416666666666, 1.49085, 1.486025, 1.4795125], 'jsd': [(0, 0, 0, 0, 0, 0, 0, 0, 0, 0, 0, 0), (0, 0, 0, 0, 0, 0, 0, 0, 0, 0, 0, 0), (0, 0, 0, 0, 0, 0, 0, 0, 0, 0, 0, 0), (0, 0, 0, 0, 0, 0, 0, 0, 0, 0, 0, 0), (0, 0, 0, 0, 0, 0, 0, 0, 0, 0, 0, 0), (0, 0, 0, 0, 0, 0, 0, 0, 0, 0, 0, 0), (0, 0, 0, 0, 0, 0, 0, 0, 0, 0, 0, 0), (0, 0, 0, 0, 0, 0, 0, 0, 0, 0, 0, 0), (0, 0, 0, 0, 0, 0, 0, 0, 0, 0, 0, 0), (0, 0, 0, 0, 0, 0, 0, 0, 0, 0, 0, 0), (0, 0, 0, 0, 0, 0, 0, 0, 0, 0, 0, 0), (0, 0, 0, 0, 0, 0, 0, 0, 0, 0, 0, 0), (0, 0, 0, 0, 0, 0, 0, 0, 0, 0, 0, 0), (0, 0, 0, 0, 0, 0, 0, 0, 0, 0, 0, 0), (0, 0, 0, 0, 0, 0, 0, 0, 0, 0, 0, 0), (0, 0, 0, 0, 0, 0, 0, 0, 0, 0, 0, 0), (0, 0, 0, 0, 0, 0, 0, 0, 0, 0, 0, 0), (0, 0, 0, 0, 0, 0, 0, 0, 0, 0, 0, 0), (0, 0, 0, 0, 0, 0, 0, 0, 0, 0, 0, 0)]}}
AdaptationManager: Configuring next round...
{'client_registry': {'enabled': True, 'params': {}}, 'client_selector': {'enabled': True, 'params': {'selection_strategy': 'Resource-Based', 'selection_criteria': 'CPU', 'selection_value': 2}}, 'client_cluster': {'enabled': False, 'params': {}}, 'message_compressor': {'enabled': False, 'params': {}}, 'model_co-versioning_registry': {'enabled': False, 'params': {}}, 'multi-task_model_trainer': {'enabled': False, 'params': {}}, 'heterogeneous_data_handler': {'enabled': False, 'params': {}}}
{'client_selector': {'enabled': True}, 'client_cluster': {'enabled': False}, 'message_compressor': {'enabled': False}, 'model_co-versioning_registry': {'enabled': False}, 'multi-task_model_trainer': {'enabled': False}, 'heterogeneous_data_handler': {'enabled': False}, 'client_registry': {'enabled': True, 'params': {}}}
client_selector de-activated ❌
Results Aggregated in 83.08 seconds.
{'CNN 16k': {'train_loss': [1.5816325364637376, 1.4838225123119355, 1.4029963441324234, 1.3559945482349396, 1.302172893910408, 1.2615039357233047, 1.2260831026005745, 1.2001863924455642, 1.1772210496020317, 1.1486623514636358, 1.1331637400674819, 1.1134796861775715, 1.1016642833018302, 1.0868736213429768, 1.0668420683407784, 1.0624082302061717, 1.051302595562935, 1.0348985514640807, 1.0258183280682565, 1.0206968219153085], 'train_accuracy': [0.421745, 0.45991666666666664, 0.493915, 0.514315, 0.5357525, 0.5512816666666667, 0.5643325, 0.5744366666666667, 0.582705, 0.594335, 0.5989175, 0.6063883333333333, 0.6109125, 0.6159566666666667, 0.62289, 0.6251466666666666, 0.6283275, 0.6352166666666667, 0.638055, 0.6399383333333334], 'train_f1': [0.4111720087679505, 0.44861358076834607, 0.4865876612976384, 0.5080017168569704, 0.531543816326886, 0.5450790462243856, 0.5608596197489132, 0.5710654424503008, 0.5790207140822562, 0.5917307016038371, 0.5957096949226804, 0.6033178102401631, 0.608328672874254, 0.6127163400469828, 0.6190021741574409, 0.6225617842245262, 0.6254212460234014, 0.6327130506315328, 0.6352609594339284, 0.6382115484767964], 'train_mae': [2.1684175, 2.0097933333333335, 1.8720725, 1.76359, 1.65812, 1.62407, 1.554345, 1.5132133333333333, 1.477645, 1.4373783333333334, 1.416855, 1.3856533333333334, 1.3722675, 1.344825, 1.32374, 1.305535, 1.2965225, 1.2665583333333332, 1.26112, 1.25532], 'val_loss': [1.582382107925415, 1.493936337629954, 1.4220985404491424, 1.3858479982058207, 1.3456508155584335, 1.3165440014839171, 1.2977198911190033, 1.2785843206246694, 1.265185890197754, 1.24823627743721, 1.244335797905922, 1.2376300501028696, 1.2298573159694672, 1.2260134521961212, 1.217180653500557, 1.2206241638978321, 1.217169658589363, 1.2108526197433471, 1.2096014616966249, 1.2131707795302074], 'val_accuracy': [0.4192, 0.44875, 0.4797, 0.4973666666666667, 0.51555, 0.5272166666666667, 0.53545, 0.5452583333333333, 0.55005, 0.559225, 0.558625, 0.564925, 0.5685125, 0.5705833333333333, 0.5742375, 0.5737083333333334, 0.5749125, 0.5776333333333333, 0.580775, 0.57925], 'val_f1': [0.4082362788856185, 0.43680590027198485, 0.4718156512848625, 0.4901487055428987, 0.5107495659958122, 0.5205220938456558, 0.5313386313263655, 0.5411474646773033, 0.5455704105978973, 0.5561300654497543, 0.5549715088743766, 0.5613188879860408, 0.5657133465190083, 0.5668982238040934, 0.5700065411390925, 0.5706330353570779, 0.571342355294368, 0.5744320955978097, 0.5773271276700163, 0.5770329047432015], 'val_mae': [2.179525, 2.0546416666666665, 1.92955, 1.8267, 1.7420625, 1.7208833333333333, 1.6676375, 1.6228666666666667, 1.603625, 1.5669, 1.5718875, 1.5457583333333333, 1.538675, 1.522125, 1.5089625, 1.4987416666666666, 1.49085, 1.486025, 1.4795125, 1.4863166666666667], 'jsd': [(0, 0, 0, 0, 0, 0, 0, 0, 0, 0, 0, 0), (0, 0, 0, 0, 0, 0, 0, 0, 0, 0, 0, 0), (0, 0, 0, 0, 0, 0, 0, 0, 0, 0, 0, 0), (0, 0, 0, 0, 0, 0, 0, 0, 0, 0, 0, 0), (0, 0, 0, 0, 0, 0, 0, 0, 0, 0, 0, 0), (0, 0, 0, 0, 0, 0, 0, 0, 0, 0, 0, 0), (0, 0, 0, 0, 0, 0, 0, 0, 0, 0, 0, 0), (0, 0, 0, 0, 0, 0, 0, 0, 0, 0, 0, 0), (0, 0, 0, 0, 0, 0, 0, 0, 0, 0, 0, 0), (0, 0, 0, 0, 0, 0, 0, 0, 0, 0, 0, 0), (0, 0, 0, 0, 0, 0, 0, 0, 0, 0, 0, 0), (0, 0, 0, 0, 0, 0, 0, 0, 0, 0, 0, 0), (0, 0, 0, 0, 0, 0, 0, 0, 0, 0, 0, 0), (0, 0, 0, 0, 0, 0, 0, 0, 0, 0, 0, 0), (0, 0, 0, 0, 0, 0, 0, 0, 0, 0, 0, 0), (0, 0, 0, 0, 0, 0, 0, 0, 0, 0, 0, 0), (0, 0, 0, 0, 0, 0, 0, 0, 0, 0, 0, 0), (0, 0, 0, 0, 0, 0, 0, 0, 0, 0, 0, 0), (0, 0, 0, 0, 0, 0, 0, 0, 0, 0, 0, 0), (0, 0, 0, 0, 0, 0, 0, 0, 0, 0, 0, 0)]}}
AdaptationManager: Configuring next round...
{'client_registry': {'enabled': True, 'params': {}}, 'client_selector': {'enabled': True, 'params': {'selection_strategy': 'Resource-Based', 'selection_criteria': 'CPU', 'selection_value': 2}}, 'client_cluster': {'enabled': False, 'params': {}}, 'message_compressor': {'enabled': False, 'params': {}}, 'model_co-versioning_registry': {'enabled': False, 'params': {}}, 'multi-task_model_trainer': {'enabled': False, 'params': {}}, 'heterogeneous_data_handler': {'enabled': False, 'params': {}}}
{'client_selector': {'enabled': False}, 'client_cluster': {'enabled': False}, 'message_compressor': {'enabled': False}, 'model_co-versioning_registry': {'enabled': False}, 'multi-task_model_trainer': {'enabled': False}, 'heterogeneous_data_handler': {'enabled': False}, 'client_registry': {'enabled': True, 'params': {}}}
client_selector activated ✅
