==========================================
  ___  ______  ___ ______       _ 
 / _ \ | ___ \/   ||  ___|     | |
/ /_\ \| |_/ / /| || |_ ___  __| |
|  _  ||  __/ /_| ||  _/ _ \/ _` |
| | | || |  \___  || ||  __/ (_| |
\_| |_/\_|      |_/\_| \___|\__,_| v.1.5.0

==========================================
Simulation Started!
List of the Architectural Patterns enabled:
Adaptation Enabled ✅
Metric: val_f1, predictor-based: predictors/f1overtime_tree_regressor_2000.pkl
Client Registry ✅
Client Selector ✅
 AP Parameters: {'selection_strategy': 'Resource-Based', 'selection_criteria': 'CPU', 'selection_value': 2}
==========================================
Client Client 6 has insufficient CPU (1). Will not participate in the next FL round.
Client Client 1 participates in this round. (CPU: 2, RAM: 2)
Client Client 2 participates in this round. (CPU: 2, RAM: 2)
Client Client 4 participates in this round. (CPU: 2, RAM: 2)
Client Client 5 has insufficient CPU (1). Will not participate in the next FL round.
Client Client 3 participates in this round. (CPU: 2, RAM: 2)
Results Aggregated in 73.72 seconds.
{'CNN 16k': {'train_loss': [1.989193662463759], 'train_accuracy': [0.26151842948717946], 'train_f1': [0.06476127858332159], 'train_mae': [2.335436698717949], 'val_loss': [2.4964370413892163], 'val_accuracy': [0.11225035056089744], 'val_f1': [0.030335503578107288], 'val_mae': [2.9863010717147436], 'jsd': [(0.1282945070035074, 0.12257161745214415, 0.11234626679844532, 0.09876253837764824, 0, 0)]}}
AdaptationManager: Configuring next round...
{'client_registry': {'enabled': True, 'params': {}}, 'client_selector': {'enabled': True, 'params': {'selection_strategy': 'Resource-Based', 'selection_criteria': 'CPU', 'selection_value': 2}}, 'client_cluster': {'enabled': False, 'params': {}}, 'message_compressor': {'enabled': False, 'params': {}}, 'model_co-versioning_registry': {'enabled': False, 'params': {}}, 'multi-task_model_trainer': {'enabled': False, 'params': {}}, 'heterogeneous_data_handler': {'enabled': False, 'params': {}}}
{'client_selector': {'enabled': True}, 'client_cluster': {'enabled': False}, 'message_compressor': {'enabled': False}, 'model_co-versioning_registry': {'enabled': False}, 'multi-task_model_trainer': {'enabled': False}, 'heterogeneous_data_handler': {'enabled': False}, 'client_registry': {'enabled': True, 'params': {}}}
0.0-iid clients, predicted wo:0.0027 vs w:0.0027, client_selector activated ✅
Client Client 2 participates in this round. (CPU: 2, RAM: 2)
Client Client 3 participates in this round. (CPU: 2, RAM: 2)
Client Client 4 participates in this round. (CPU: 2, RAM: 2)
Client Client 6 has insufficient CPU (1). Will not participate in the next FL round.
Client Client 5 has insufficient CPU (1). Will not participate in the next FL round.
Client Client 1 participates in this round. (CPU: 2, RAM: 2)
Results Aggregated in 73.15 seconds.
{'CNN 16k': {'train_loss': [1.989193662463759, 1.7898419289182337], 'train_accuracy': [0.26151842948717946, 0.33827061649319456], 'train_f1': [0.06476127858332159, 0.16413723802003072], 'train_mae': [2.335436698717949, 2.161379103282626], 'val_loss': [2.4964370413892163, 2.7295286055897217], 'val_accuracy': [0.11225035056089744, 0.18205067554043233], 'val_f1': [0.030335503578107288, 0.10574722359286466], 'val_mae': [2.9863010717147436, 3.0035316503202565], 'jsd': [(0.1282945070035074, 0.12257161745214415, 0.11234626679844532, 0.09876253837764824, 0, 0), (0.14710859446462826, 0.17294715281284528, 0.13916098846749247, 0.12253657388329312, 0, 0)]}}
AdaptationManager: Configuring next round...
{'client_registry': {'enabled': True, 'params': {}}, 'client_selector': {'enabled': True, 'params': {'selection_strategy': 'Resource-Based', 'selection_criteria': 'CPU', 'selection_value': 2}}, 'client_cluster': {'enabled': False, 'params': {}}, 'message_compressor': {'enabled': False, 'params': {}}, 'model_co-versioning_registry': {'enabled': False, 'params': {}}, 'multi-task_model_trainer': {'enabled': False, 'params': {}}, 'heterogeneous_data_handler': {'enabled': False, 'params': {}}}
{'client_selector': {'enabled': True}, 'client_cluster': {'enabled': False}, 'message_compressor': {'enabled': False}, 'model_co-versioning_registry': {'enabled': False}, 'multi-task_model_trainer': {'enabled': False}, 'heterogeneous_data_handler': {'enabled': False}, 'client_registry': {'enabled': True, 'params': {}}}
0.0-iid clients, predicted wo:0.0027 vs w:0.0027, client_selector activated ✅
Client Client 2 participates in this round. (CPU: 2, RAM: 2)
Client Client 1 participates in this round. (CPU: 2, RAM: 2)
Client Client 4 participates in this round. (CPU: 2, RAM: 2)
Client Client 6 has insufficient CPU (1). Will not participate in the next FL round.
Client Client 5 has insufficient CPU (1). Will not participate in the next FL round.
Client Client 3 participates in this round. (CPU: 2, RAM: 2)
Results Aggregated in 73.66 seconds.
{'CNN 16k': {'train_loss': [1.989193662463759, 1.7898419289182337, 1.6480065353541014], 'train_accuracy': [0.26151842948717946, 0.33827061649319456, 0.3692425707901144], 'train_f1': [0.06476127858332159, 0.16413723802003072, 0.20567618593486914], 'train_mae': [2.335436698717949, 2.161379103282626, 2.1638595203948903], 'val_loss': [2.4964370413892163, 2.7295286055897217, 2.773279844527586], 'val_accuracy': [0.11225035056089744, 0.18205067554043233, 0.21872450055031184], 'val_f1': [0.030335503578107288, 0.10574722359286466, 0.14429648145872032], 'val_mae': [2.9863010717147436, 3.0035316503202565, 2.943163689424007], 'jsd': [(0.1282945070035074, 0.12257161745214415, 0.11234626679844532, 0.09876253837764824, 0, 0), (0.14710859446462826, 0.17294715281284528, 0.13916098846749247, 0.12253657388329312, 0, 0), (0.1210513403463806, 0.09727140431663932, 0.11578905404425519, 0.2588374223891454, 0, 0)]}}
AdaptationManager: Configuring next round...
{'client_registry': {'enabled': True, 'params': {}}, 'client_selector': {'enabled': True, 'params': {'selection_strategy': 'Resource-Based', 'selection_criteria': 'CPU', 'selection_value': 2}}, 'client_cluster': {'enabled': False, 'params': {}}, 'message_compressor': {'enabled': False, 'params': {}}, 'model_co-versioning_registry': {'enabled': False, 'params': {}}, 'multi-task_model_trainer': {'enabled': False, 'params': {}}, 'heterogeneous_data_handler': {'enabled': False, 'params': {}}}
{'client_selector': {'enabled': True}, 'client_cluster': {'enabled': False}, 'message_compressor': {'enabled': False}, 'model_co-versioning_registry': {'enabled': False}, 'multi-task_model_trainer': {'enabled': False}, 'heterogeneous_data_handler': {'enabled': False}, 'client_registry': {'enabled': True, 'params': {}}}
0.0-iid clients, predicted wo:0.0035 vs w:0.0035, client_selector activated ✅
Client Client 2 participates in this round. (CPU: 2, RAM: 2)
Client Client 3 participates in this round. (CPU: 2, RAM: 2)
Client Client 1 participates in this round. (CPU: 2, RAM: 2)
Client Client 4 participates in this round. (CPU: 2, RAM: 2)
Client Client 5 has insufficient CPU (1). Will not participate in the next FL round.
Client Client 6 has insufficient CPU (1). Will not participate in the next FL round.
Results Aggregated in 74.46 seconds.
{'CNN 16k': {'train_loss': [1.989193662463759, 1.7898419289182337, 1.6480065353541014, 1.3262049193458225], 'train_accuracy': [0.26151842948717946, 0.33827061649319456, 0.3692425707901144, 0.5245204691524745], 'train_f1': [0.06476127858332159, 0.16413723802003072, 0.20567618593486914, 0.2728167252608759], 'train_mae': [2.335436698717949, 2.161379103282626, 2.1638595203948903, 1.9004676519868957], 'val_loss': [2.4964370413892163, 2.7295286055897217, 2.773279844527586, 2.7033915069994108], 'val_accuracy': [0.11225035056089744, 0.18205067554043233, 0.21872450055031184, 0.2585530147297872], 'val_f1': [0.030335503578107288, 0.10574722359286466, 0.14429648145872032, 0.18202888386830135], 'val_mae': [2.9863010717147436, 3.0035316503202565, 2.943163689424007, 2.911034671268162], 'jsd': [(0.1282945070035074, 0.12257161745214415, 0.11234626679844532, 0.09876253837764824, 0, 0), (0.14710859446462826, 0.17294715281284528, 0.13916098846749247, 0.12253657388329312, 0, 0), (0.1210513403463806, 0.09727140431663932, 0.11578905404425519, 0.2588374223891454, 0, 0), (0.3086654324216147, 0.25625039777755854, 0.0823220460231148, 0.1069963014794015, 0, 0)]}}
AdaptationManager: Configuring next round...
{'client_registry': {'enabled': True, 'params': {}}, 'client_selector': {'enabled': True, 'params': {'selection_strategy': 'Resource-Based', 'selection_criteria': 'CPU', 'selection_value': 2}}, 'client_cluster': {'enabled': False, 'params': {}}, 'message_compressor': {'enabled': False, 'params': {}}, 'model_co-versioning_registry': {'enabled': False, 'params': {}}, 'multi-task_model_trainer': {'enabled': False, 'params': {}}, 'heterogeneous_data_handler': {'enabled': False, 'params': {}}}
{'client_selector': {'enabled': True}, 'client_cluster': {'enabled': False}, 'message_compressor': {'enabled': False}, 'model_co-versioning_registry': {'enabled': False}, 'multi-task_model_trainer': {'enabled': False}, 'heterogeneous_data_handler': {'enabled': False}, 'client_registry': {'enabled': True, 'params': {}}}
0.0-iid clients, predicted wo:0.0035 vs w:0.0035, client_selector activated ✅
Client Client 4 participates in this round. (CPU: 2, RAM: 2)
Client Client 2 participates in this round. (CPU: 2, RAM: 2)
Client Client 1 participates in this round. (CPU: 2, RAM: 2)
Client Client 5 has insufficient CPU (1). Will not participate in the next FL round.
Client Client 6 has insufficient CPU (1). Will not participate in the next FL round.
Client Client 3 participates in this round. (CPU: 2, RAM: 2)
Results Aggregated in 83.13 seconds.
{'CNN 16k': {'train_loss': [1.989193662463759, 1.7898419289182337, 1.6480065353541014, 1.3262049193458225, 1.4925634753723864], 'train_accuracy': [0.26151842948717946, 0.33827061649319456, 0.3692425707901144, 0.5245204691524745, 0.46896193010182646], 'train_f1': [0.06476127858332159, 0.16413723802003072, 0.20567618593486914, 0.2728167252608759, 0.35415075483390124], 'train_mae': [2.335436698717949, 2.161379103282626, 2.1638595203948903, 1.9004676519868957, 2.037509752535659], 'val_loss': [2.4964370413892163, 2.7295286055897217, 2.773279844527586, 2.7033915069994108, 2.173956845790106], 'val_accuracy': [0.11225035056089744, 0.18205067554043233, 0.21872450055031184, 0.2585530147297872, 0.33332455838518016], 'val_f1': [0.030335503578107288, 0.10574722359286466, 0.14429648145872032, 0.18202888386830135, 0.28579055903252054], 'val_mae': [2.9863010717147436, 3.0035316503202565, 2.943163689424007, 2.911034671268162, 2.493961790065417], 'jsd': [(0.1282945070035074, 0.12257161745214415, 0.11234626679844532, 0.09876253837764824, 0, 0), (0.14710859446462826, 0.17294715281284528, 0.13916098846749247, 0.12253657388329312, 0, 0), (0.1210513403463806, 0.09727140431663932, 0.11578905404425519, 0.2588374223891454, 0, 0), (0.3086654324216147, 0.25625039777755854, 0.0823220460231148, 0.1069963014794015, 0, 0), (0.14862226124588662, 0.07697084285719215, 0.10421260297237517, 0.10878469992295005, 0, 0)]}}
AdaptationManager: Configuring next round...
{'client_registry': {'enabled': True, 'params': {}}, 'client_selector': {'enabled': True, 'params': {'selection_strategy': 'Resource-Based', 'selection_criteria': 'CPU', 'selection_value': 2}}, 'client_cluster': {'enabled': False, 'params': {}}, 'message_compressor': {'enabled': False, 'params': {}}, 'model_co-versioning_registry': {'enabled': False, 'params': {}}, 'multi-task_model_trainer': {'enabled': False, 'params': {}}, 'heterogeneous_data_handler': {'enabled': False, 'params': {}}}
{'client_selector': {'enabled': True}, 'client_cluster': {'enabled': False}, 'message_compressor': {'enabled': False}, 'model_co-versioning_registry': {'enabled': False}, 'multi-task_model_trainer': {'enabled': False}, 'heterogeneous_data_handler': {'enabled': False}, 'client_registry': {'enabled': True, 'params': {}}}
0.0-iid clients, predicted wo:0.0035 vs w:0.0035, client_selector activated ✅
Client Client 4 participates in this round. (CPU: 2, RAM: 2)
Client Client 2 participates in this round. (CPU: 2, RAM: 2)
Client Client 6 has insufficient CPU (1). Will not participate in the next FL round.
Client Client 1 participates in this round. (CPU: 2, RAM: 2)
Client Client 3 participates in this round. (CPU: 2, RAM: 2)
Client Client 5 has insufficient CPU (1). Will not participate in the next FL round.
Results Aggregated in 87.42 seconds.
{'CNN 16k': {'train_loss': [1.989193662463759, 1.7898419289182337, 1.6480065353541014, 1.3262049193458225, 1.4925634753723864, 1.2863481176910487], 'train_accuracy': [0.26151842948717946, 0.33827061649319456, 0.3692425707901144, 0.5245204691524745, 0.46896193010182646, 0.5377857059500192], 'train_f1': [0.06476127858332159, 0.16413723802003072, 0.20567618593486914, 0.2728167252608759, 0.35415075483390124, 0.3067392557618354], 'train_mae': [2.335436698717949, 2.161379103282626, 2.1638595203948903, 1.9004676519868957, 2.037509752535659, 1.8178984045479551], 'val_loss': [2.4964370413892163, 2.7295286055897217, 2.773279844527586, 2.7033915069994108, 2.173956845790106, 2.37926614467053], 'val_accuracy': [0.11225035056089744, 0.18205067554043233, 0.21872450055031184, 0.2585530147297872, 0.33332455838518016, 0.2909504993081373], 'val_f1': [0.030335503578107288, 0.10574722359286466, 0.14429648145872032, 0.18202888386830135, 0.28579055903252054, 0.2076582542630361], 'val_mae': [2.9863010717147436, 3.0035316503202565, 2.943163689424007, 2.911034671268162, 2.493961790065417, 2.5546736708734143], 'jsd': [(0.1282945070035074, 0.12257161745214415, 0.11234626679844532, 0.09876253837764824, 0, 0), (0.14710859446462826, 0.17294715281284528, 0.13916098846749247, 0.12253657388329312, 0, 0), (0.1210513403463806, 0.09727140431663932, 0.11578905404425519, 0.2588374223891454, 0, 0), (0.3086654324216147, 0.25625039777755854, 0.0823220460231148, 0.1069963014794015, 0, 0), (0.14862226124588662, 0.07697084285719215, 0.10421260297237517, 0.10878469992295005, 0, 0), (0.1721723401178893, 0.13507556426793565, 0.12617860341250037, 0.2028605032800716, 0, 0)]}}
AdaptationManager: Configuring next round...
{'client_registry': {'enabled': True, 'params': {}}, 'client_selector': {'enabled': True, 'params': {'selection_strategy': 'Resource-Based', 'selection_criteria': 'CPU', 'selection_value': 2}}, 'client_cluster': {'enabled': False, 'params': {}}, 'message_compressor': {'enabled': False, 'params': {}}, 'model_co-versioning_registry': {'enabled': False, 'params': {}}, 'multi-task_model_trainer': {'enabled': False, 'params': {}}, 'heterogeneous_data_handler': {'enabled': False, 'params': {}}}
{'client_selector': {'enabled': True}, 'client_cluster': {'enabled': False}, 'message_compressor': {'enabled': False}, 'model_co-versioning_registry': {'enabled': False}, 'multi-task_model_trainer': {'enabled': False}, 'heterogeneous_data_handler': {'enabled': False}, 'client_registry': {'enabled': True, 'params': {}}}
0.0-iid clients, predicted wo:0.0035 vs w:0.0035, client_selector activated ✅
Client Client 2 participates in this round. (CPU: 2, RAM: 2)
Client Client 1 participates in this round. (CPU: 2, RAM: 2)
Client Client 4 participates in this round. (CPU: 2, RAM: 2)
Client Client 6 has insufficient CPU (1). Will not participate in the next FL round.
Client Client 3 participates in this round. (CPU: 2, RAM: 2)
Client Client 5 has insufficient CPU (1). Will not participate in the next FL round.
Results Aggregated in 89.48 seconds.
{'CNN 16k': {'train_loss': [1.989193662463759, 1.7898419289182337, 1.6480065353541014, 1.3262049193458225, 1.4925634753723864, 1.2863481176910487, 1.3412521651522167], 'train_accuracy': [0.26151842948717946, 0.33827061649319456, 0.3692425707901144, 0.5245204691524745, 0.46896193010182646, 0.5377857059500192, 0.5024791735135676], 'train_f1': [0.06476127858332159, 0.16413723802003072, 0.20567618593486914, 0.2728167252608759, 0.35415075483390124, 0.3067392557618354, 0.38228986633295303], 'train_mae': [2.335436698717949, 2.161379103282626, 2.1638595203948903, 1.9004676519868957, 2.037509752535659, 1.8178984045479551, 1.6339825386165212], 'val_loss': [2.4964370413892163, 2.7295286055897217, 2.773279844527586, 2.7033915069994108, 2.173956845790106, 2.37926614467053, 2.557912610818992], 'val_accuracy': [0.11225035056089744, 0.18205067554043233, 0.21872450055031184, 0.2585530147297872, 0.33332455838518016, 0.2909504993081373, 0.33785001643256224], 'val_f1': [0.030335503578107288, 0.10574722359286466, 0.14429648145872032, 0.18202888386830135, 0.28579055903252054, 0.2076582542630361, 0.2834282152680867], 'val_mae': [2.9863010717147436, 3.0035316503202565, 2.943163689424007, 2.911034671268162, 2.493961790065417, 2.5546736708734143, 2.382779353557292], 'jsd': [(0.1282945070035074, 0.12257161745214415, 0.11234626679844532, 0.09876253837764824, 0, 0), (0.14710859446462826, 0.17294715281284528, 0.13916098846749247, 0.12253657388329312, 0, 0), (0.1210513403463806, 0.09727140431663932, 0.11578905404425519, 0.2588374223891454, 0, 0), (0.3086654324216147, 0.25625039777755854, 0.0823220460231148, 0.1069963014794015, 0, 0), (0.14862226124588662, 0.07697084285719215, 0.10421260297237517, 0.10878469992295005, 0, 0), (0.1721723401178893, 0.13507556426793565, 0.12617860341250037, 0.2028605032800716, 0, 0), (0.1468597649088964, 0.1319447571853761, 0.22059990393665665, 0.14491151579109424, 0, 0)]}}
AdaptationManager: Configuring next round...
{'client_registry': {'enabled': True, 'params': {}}, 'client_selector': {'enabled': True, 'params': {'selection_strategy': 'Resource-Based', 'selection_criteria': 'CPU', 'selection_value': 2}}, 'client_cluster': {'enabled': False, 'params': {}}, 'message_compressor': {'enabled': False, 'params': {}}, 'model_co-versioning_registry': {'enabled': False, 'params': {}}, 'multi-task_model_trainer': {'enabled': False, 'params': {}}, 'heterogeneous_data_handler': {'enabled': False, 'params': {}}}
{'client_selector': {'enabled': True}, 'client_cluster': {'enabled': False}, 'message_compressor': {'enabled': False}, 'model_co-versioning_registry': {'enabled': False}, 'multi-task_model_trainer': {'enabled': False}, 'heterogeneous_data_handler': {'enabled': False}, 'client_registry': {'enabled': True, 'params': {}}}
0.0-iid clients, predicted wo:0.0035 vs w:0.0035, client_selector activated ✅
Client Client 4 participates in this round. (CPU: 2, RAM: 2)
Client Client 2 participates in this round. (CPU: 2, RAM: 2)
Client Client 6 has insufficient CPU (1). Will not participate in the next FL round.
Client Client 3 participates in this round. (CPU: 2, RAM: 2)
Client Client 5 has insufficient CPU (1). Will not participate in the next FL round.
Client Client 1 participates in this round. (CPU: 2, RAM: 2)
Results Aggregated in 92.53 seconds.
{'CNN 16k': {'train_loss': [1.989193662463759, 1.7898419289182337, 1.6480065353541014, 1.3262049193458225, 1.4925634753723864, 1.2863481176910487, 1.3412521651522167, 1.3615297696176873], 'train_accuracy': [0.26151842948717946, 0.33827061649319456, 0.3692425707901144, 0.5245204691524745, 0.46896193010182646, 0.5377857059500192, 0.5024791735135676, 0.5023379091340985], 'train_f1': [0.06476127858332159, 0.16413723802003072, 0.20567618593486914, 0.2728167252608759, 0.35415075483390124, 0.3067392557618354, 0.38228986633295303, 0.3867536287768298], 'train_mae': [2.335436698717949, 2.161379103282626, 2.1638595203948903, 1.9004676519868957, 2.037509752535659, 1.8178984045479551, 1.6339825386165212, 1.5939289375640737], 'val_loss': [2.4964370413892163, 2.7295286055897217, 2.773279844527586, 2.7033915069994108, 2.173956845790106, 2.37926614467053, 2.557912610818992, 2.176110002336883], 'val_accuracy': [0.11225035056089744, 0.18205067554043233, 0.21872450055031184, 0.2585530147297872, 0.33332455838518016, 0.2909504993081373, 0.33785001643256224, 0.35757464681319234], 'val_f1': [0.030335503578107288, 0.10574722359286466, 0.14429648145872032, 0.18202888386830135, 0.28579055903252054, 0.2076582542630361, 0.2834282152680867, 0.29304502301986396], 'val_mae': [2.9863010717147436, 3.0035316503202565, 2.943163689424007, 2.911034671268162, 2.493961790065417, 2.5546736708734143, 2.382779353557292, 2.4750243767659343], 'jsd': [(0.1282945070035074, 0.12257161745214415, 0.11234626679844532, 0.09876253837764824, 0, 0), (0.14710859446462826, 0.17294715281284528, 0.13916098846749247, 0.12253657388329312, 0, 0), (0.1210513403463806, 0.09727140431663932, 0.11578905404425519, 0.2588374223891454, 0, 0), (0.3086654324216147, 0.25625039777755854, 0.0823220460231148, 0.1069963014794015, 0, 0), (0.14862226124588662, 0.07697084285719215, 0.10421260297237517, 0.10878469992295005, 0, 0), (0.1721723401178893, 0.13507556426793565, 0.12617860341250037, 0.2028605032800716, 0, 0), (0.1468597649088964, 0.1319447571853761, 0.22059990393665665, 0.14491151579109424, 0, 0), (0.11846542732933087, 0.09974829286444056, 0.08394761935996084, 0.1427632912466859, 0, 0)]}}
AdaptationManager: Configuring next round...
{'client_registry': {'enabled': True, 'params': {}}, 'client_selector': {'enabled': True, 'params': {'selection_strategy': 'Resource-Based', 'selection_criteria': 'CPU', 'selection_value': 2}}, 'client_cluster': {'enabled': False, 'params': {}}, 'message_compressor': {'enabled': False, 'params': {}}, 'model_co-versioning_registry': {'enabled': False, 'params': {}}, 'multi-task_model_trainer': {'enabled': False, 'params': {}}, 'heterogeneous_data_handler': {'enabled': False, 'params': {}}}
{'client_selector': {'enabled': True}, 'client_cluster': {'enabled': False}, 'message_compressor': {'enabled': False}, 'model_co-versioning_registry': {'enabled': False}, 'multi-task_model_trainer': {'enabled': False}, 'heterogeneous_data_handler': {'enabled': False}, 'client_registry': {'enabled': True, 'params': {}}}
0.0-iid clients, predicted wo:0.0035 vs w:0.0035, client_selector activated ✅
Client Client 3 participates in this round. (CPU: 2, RAM: 2)
Client Client 2 participates in this round. (CPU: 2, RAM: 2)
Client Client 4 participates in this round. (CPU: 2, RAM: 2)
Client Client 6 has insufficient CPU (1). Will not participate in the next FL round.
Client Client 1 participates in this round. (CPU: 2, RAM: 2)
Client Client 5 has insufficient CPU (1). Will not participate in the next FL round.
Results Aggregated in 102.35 seconds.
{'CNN 16k': {'train_loss': [1.989193662463759, 1.7898419289182337, 1.6480065353541014, 1.3262049193458225, 1.4925634753723864, 1.2863481176910487, 1.3412521651522167, 1.3615297696176873, 1.1071528157784076], 'train_accuracy': [0.26151842948717946, 0.33827061649319456, 0.3692425707901144, 0.5245204691524745, 0.46896193010182646, 0.5377857059500192, 0.5024791735135676, 0.5023379091340985, 0.6224259598822026], 'train_f1': [0.06476127858332159, 0.16413723802003072, 0.20567618593486914, 0.2728167252608759, 0.35415075483390124, 0.3067392557618354, 0.38228986633295303, 0.3867536287768298, 0.3878833210281967], 'train_mae': [2.335436698717949, 2.161379103282626, 2.1638595203948903, 1.9004676519868957, 2.037509752535659, 1.8178984045479551, 1.6339825386165212, 1.5939289375640737, 1.5655942657109518], 'val_loss': [2.4964370413892163, 2.7295286055897217, 2.773279844527586, 2.7033915069994108, 2.173956845790106, 2.37926614467053, 2.557912610818992, 2.176110002336883, 2.2326919254118955], 'val_accuracy': [0.11225035056089744, 0.18205067554043233, 0.21872450055031184, 0.2585530147297872, 0.33332455838518016, 0.2909504993081373, 0.33785001643256224, 0.35757464681319234, 0.3423990954047897], 'val_f1': [0.030335503578107288, 0.10574722359286466, 0.14429648145872032, 0.18202888386830135, 0.28579055903252054, 0.2076582542630361, 0.2834282152680867, 0.29304502301986396, 0.280458323512565], 'val_mae': [2.9863010717147436, 3.0035316503202565, 2.943163689424007, 2.911034671268162, 2.493961790065417, 2.5546736708734143, 2.382779353557292, 2.4750243767659343, 2.4532049574929156], 'jsd': [(0.1282945070035074, 0.12257161745214415, 0.11234626679844532, 0.09876253837764824, 0, 0), (0.14710859446462826, 0.17294715281284528, 0.13916098846749247, 0.12253657388329312, 0, 0), (0.1210513403463806, 0.09727140431663932, 0.11578905404425519, 0.2588374223891454, 0, 0), (0.3086654324216147, 0.25625039777755854, 0.0823220460231148, 0.1069963014794015, 0, 0), (0.14862226124588662, 0.07697084285719215, 0.10421260297237517, 0.10878469992295005, 0, 0), (0.1721723401178893, 0.13507556426793565, 0.12617860341250037, 0.2028605032800716, 0, 0), (0.1468597649088964, 0.1319447571853761, 0.22059990393665665, 0.14491151579109424, 0, 0), (0.11846542732933087, 0.09974829286444056, 0.08394761935996084, 0.1427632912466859, 0, 0), (0.20201626276668982, 0.08900873653971816, 0.14492704502943585, 0.2805313487042177, 0, 0)]}}
AdaptationManager: Configuring next round...
{'client_registry': {'enabled': True, 'params': {}}, 'client_selector': {'enabled': True, 'params': {'selection_strategy': 'Resource-Based', 'selection_criteria': 'CPU', 'selection_value': 2}}, 'client_cluster': {'enabled': False, 'params': {}}, 'message_compressor': {'enabled': False, 'params': {}}, 'model_co-versioning_registry': {'enabled': False, 'params': {}}, 'multi-task_model_trainer': {'enabled': False, 'params': {}}, 'heterogeneous_data_handler': {'enabled': False, 'params': {}}}
{'client_selector': {'enabled': True}, 'client_cluster': {'enabled': False}, 'message_compressor': {'enabled': False}, 'model_co-versioning_registry': {'enabled': False}, 'multi-task_model_trainer': {'enabled': False}, 'heterogeneous_data_handler': {'enabled': False}, 'client_registry': {'enabled': True, 'params': {}}}
0.0-iid clients, predicted wo:0.0035 vs w:0.0035, client_selector activated ✅
Client Client 1 participates in this round. (CPU: 2, RAM: 2)
Client Client 6 has insufficient CPU (1). Will not participate in the next FL round.
Client Client 2 participates in this round. (CPU: 2, RAM: 2)
Client Client 3 participates in this round. (CPU: 2, RAM: 2)
Client Client 4 participates in this round. (CPU: 2, RAM: 2)
Client Client 5 has insufficient CPU (1). Will not participate in the next FL round.
Results Aggregated in 99.74 seconds.
{'CNN 16k': {'train_loss': [1.989193662463759, 1.7898419289182337, 1.6480065353541014, 1.3262049193458225, 1.4925634753723864, 1.2863481176910487, 1.3412521651522167, 1.3615297696176873, 1.1071528157784076, 1.126342571585354], 'train_accuracy': [0.26151842948717946, 0.33827061649319456, 0.3692425707901144, 0.5245204691524745, 0.46896193010182646, 0.5377857059500192, 0.5024791735135676, 0.5023379091340985, 0.6224259598822026, 0.5933315332073245], 'train_f1': [0.06476127858332159, 0.16413723802003072, 0.20567618593486914, 0.2728167252608759, 0.35415075483390124, 0.3067392557618354, 0.38228986633295303, 0.3867536287768298, 0.3878833210281967, 0.40017319584357186], 'train_mae': [2.335436698717949, 2.161379103282626, 2.1638595203948903, 1.9004676519868957, 2.037509752535659, 1.8178984045479551, 1.6339825386165212, 1.5939289375640737, 1.5655942657109518, 1.6605562389367257], 'val_loss': [2.4964370413892163, 2.7295286055897217, 2.773279844527586, 2.7033915069994108, 2.173956845790106, 2.37926614467053, 2.557912610818992, 2.176110002336883, 2.2326919254118955, 2.216995474813835], 'val_accuracy': [0.11225035056089744, 0.18205067554043233, 0.21872450055031184, 0.2585530147297872, 0.33332455838518016, 0.2909504993081373, 0.33785001643256224, 0.35757464681319234, 0.3423990954047897, 0.3556986349044433], 'val_f1': [0.030335503578107288, 0.10574722359286466, 0.14429648145872032, 0.18202888386830135, 0.28579055903252054, 0.2076582542630361, 0.2834282152680867, 0.29304502301986396, 0.280458323512565, 0.290513220349505], 'val_mae': [2.9863010717147436, 3.0035316503202565, 2.943163689424007, 2.911034671268162, 2.493961790065417, 2.5546736708734143, 2.382779353557292, 2.4750243767659343, 2.4532049574929156, 2.345607414519016], 'jsd': [(0.1282945070035074, 0.12257161745214415, 0.11234626679844532, 0.09876253837764824, 0, 0), (0.14710859446462826, 0.17294715281284528, 0.13916098846749247, 0.12253657388329312, 0, 0), (0.1210513403463806, 0.09727140431663932, 0.11578905404425519, 0.2588374223891454, 0, 0), (0.3086654324216147, 0.25625039777755854, 0.0823220460231148, 0.1069963014794015, 0, 0), (0.14862226124588662, 0.07697084285719215, 0.10421260297237517, 0.10878469992295005, 0, 0), (0.1721723401178893, 0.13507556426793565, 0.12617860341250037, 0.2028605032800716, 0, 0), (0.1468597649088964, 0.1319447571853761, 0.22059990393665665, 0.14491151579109424, 0, 0), (0.11846542732933087, 0.09974829286444056, 0.08394761935996084, 0.1427632912466859, 0, 0), (0.20201626276668982, 0.08900873653971816, 0.14492704502943585, 0.2805313487042177, 0, 0), (0.13814700256903273, 0.07720887970714857, 0.20970135253167665, 0.2647552358400296, 0, 0)]}}
AdaptationManager: Configuring next round...
{'client_registry': {'enabled': True, 'params': {}}, 'client_selector': {'enabled': True, 'params': {'selection_strategy': 'Resource-Based', 'selection_criteria': 'CPU', 'selection_value': 2}}, 'client_cluster': {'enabled': False, 'params': {}}, 'message_compressor': {'enabled': False, 'params': {}}, 'model_co-versioning_registry': {'enabled': False, 'params': {}}, 'multi-task_model_trainer': {'enabled': False, 'params': {}}, 'heterogeneous_data_handler': {'enabled': False, 'params': {}}}
{'client_selector': {'enabled': True}, 'client_cluster': {'enabled': False}, 'message_compressor': {'enabled': False}, 'model_co-versioning_registry': {'enabled': False}, 'multi-task_model_trainer': {'enabled': False}, 'heterogeneous_data_handler': {'enabled': False}, 'client_registry': {'enabled': True, 'params': {}}}
0.0-iid clients, predicted wo:0.0035 vs w:0.0035, client_selector activated ✅
Client Client 2 participates in this round. (CPU: 2, RAM: 2)
Client Client 3 participates in this round. (CPU: 2, RAM: 2)
Client Client 5 has insufficient CPU (1). Will not participate in the next FL round.
Client Client 6 has insufficient CPU (1). Will not participate in the next FL round.
Client Client 1 participates in this round. (CPU: 2, RAM: 2)
Client Client 4 participates in this round. (CPU: 2, RAM: 2)
Results Aggregated in 103.28 seconds.
{'CNN 16k': {'train_loss': [1.989193662463759, 1.7898419289182337, 1.6480065353541014, 1.3262049193458225, 1.4925634753723864, 1.2863481176910487, 1.3412521651522167, 1.3615297696176873, 1.1071528157784076, 1.126342571585354, 0.9936046377572255], 'train_accuracy': [0.26151842948717946, 0.33827061649319456, 0.3692425707901144, 0.5245204691524745, 0.46896193010182646, 0.5377857059500192, 0.5024791735135676, 0.5023379091340985, 0.6224259598822026, 0.5933315332073245, 0.6323010619726506], 'train_f1': [0.06476127858332159, 0.16413723802003072, 0.20567618593486914, 0.2728167252608759, 0.35415075483390124, 0.3067392557618354, 0.38228986633295303, 0.3867536287768298, 0.3878833210281967, 0.40017319584357186, 0.39290412952922854], 'train_mae': [2.335436698717949, 2.161379103282626, 2.1638595203948903, 1.9004676519868957, 2.037509752535659, 1.8178984045479551, 1.6339825386165212, 1.5939289375640737, 1.5655942657109518, 1.6605562389367257, 1.0532259237707302], 'val_loss': [2.4964370413892163, 2.7295286055897217, 2.773279844527586, 2.7033915069994108, 2.173956845790106, 2.37926614467053, 2.557912610818992, 2.176110002336883, 2.2326919254118955, 2.216995474813835, 2.519926722947074], 'val_accuracy': [0.11225035056089744, 0.18205067554043233, 0.21872450055031184, 0.2585530147297872, 0.33332455838518016, 0.2909504993081373, 0.33785001643256224, 0.35757464681319234, 0.3423990954047897, 0.3556986349044433, 0.34059981724614485], 'val_f1': [0.030335503578107288, 0.10574722359286466, 0.14429648145872032, 0.18202888386830135, 0.28579055903252054, 0.2076582542630361, 0.2834282152680867, 0.29304502301986396, 0.280458323512565, 0.290513220349505, 0.27585048765575987], 'val_mae': [2.9863010717147436, 3.0035316503202565, 2.943163689424007, 2.911034671268162, 2.493961790065417, 2.5546736708734143, 2.382779353557292, 2.4750243767659343, 2.4532049574929156, 2.345607414519016, 2.3032287314518474], 'jsd': [(0.1282945070035074, 0.12257161745214415, 0.11234626679844532, 0.09876253837764824, 0, 0), (0.14710859446462826, 0.17294715281284528, 0.13916098846749247, 0.12253657388329312, 0, 0), (0.1210513403463806, 0.09727140431663932, 0.11578905404425519, 0.2588374223891454, 0, 0), (0.3086654324216147, 0.25625039777755854, 0.0823220460231148, 0.1069963014794015, 0, 0), (0.14862226124588662, 0.07697084285719215, 0.10421260297237517, 0.10878469992295005, 0, 0), (0.1721723401178893, 0.13507556426793565, 0.12617860341250037, 0.2028605032800716, 0, 0), (0.1468597649088964, 0.1319447571853761, 0.22059990393665665, 0.14491151579109424, 0, 0), (0.11846542732933087, 0.09974829286444056, 0.08394761935996084, 0.1427632912466859, 0, 0), (0.20201626276668982, 0.08900873653971816, 0.14492704502943585, 0.2805313487042177, 0, 0), (0.13814700256903273, 0.07720887970714857, 0.20970135253167665, 0.2647552358400296, 0, 0), (0.20897312844654034, 0.2334542079119353, 0.2874745574046557, 0.3244867404862398, 0, 0)]}}
AdaptationManager: Configuring next round...
{'client_registry': {'enabled': True, 'params': {}}, 'client_selector': {'enabled': True, 'params': {'selection_strategy': 'Resource-Based', 'selection_criteria': 'CPU', 'selection_value': 2}}, 'client_cluster': {'enabled': False, 'params': {}}, 'message_compressor': {'enabled': False, 'params': {}}, 'model_co-versioning_registry': {'enabled': False, 'params': {}}, 'multi-task_model_trainer': {'enabled': False, 'params': {}}, 'heterogeneous_data_handler': {'enabled': False, 'params': {}}}
{'client_selector': {'enabled': True}, 'client_cluster': {'enabled': False}, 'message_compressor': {'enabled': False}, 'model_co-versioning_registry': {'enabled': False}, 'multi-task_model_trainer': {'enabled': False}, 'heterogeneous_data_handler': {'enabled': False}, 'client_registry': {'enabled': True, 'params': {}}}
0.0-iid clients, predicted wo:0.0035 vs w:0.0035, client_selector activated ✅
Client Client 1 participates in this round. (CPU: 2, RAM: 2)
Client Client 6 has insufficient CPU (1). Will not participate in the next FL round.
Client Client 2 participates in this round. (CPU: 2, RAM: 2)
Client Client 3 participates in this round. (CPU: 2, RAM: 2)
Client Client 5 has insufficient CPU (1). Will not participate in the next FL round.
Client Client 4 participates in this round. (CPU: 2, RAM: 2)
Results Aggregated in 109.89 seconds.
{'CNN 16k': {'train_loss': [1.989193662463759, 1.7898419289182337, 1.6480065353541014, 1.3262049193458225, 1.4925634753723864, 1.2863481176910487, 1.3412521651522167, 1.3615297696176873, 1.1071528157784076, 1.126342571585354, 0.9936046377572255, 1.20026073075111], 'train_accuracy': [0.26151842948717946, 0.33827061649319456, 0.3692425707901144, 0.5245204691524745, 0.46896193010182646, 0.5377857059500192, 0.5024791735135676, 0.5023379091340985, 0.6224259598822026, 0.5933315332073245, 0.6323010619726506, 0.5545897021319154], 'train_f1': [0.06476127858332159, 0.16413723802003072, 0.20567618593486914, 0.2728167252608759, 0.35415075483390124, 0.3067392557618354, 0.38228986633295303, 0.3867536287768298, 0.3878833210281967, 0.40017319584357186, 0.39290412952922854, 0.48617959822801715], 'train_mae': [2.335436698717949, 2.161379103282626, 2.1638595203948903, 1.9004676519868957, 2.037509752535659, 1.8178984045479551, 1.6339825386165212, 1.5939289375640737, 1.5655942657109518, 1.6605562389367257, 1.0532259237707302, 1.687955261447169], 'val_loss': [2.4964370413892163, 2.7295286055897217, 2.773279844527586, 2.7033915069994108, 2.173956845790106, 2.37926614467053, 2.557912610818992, 2.176110002336883, 2.2326919254118955, 2.216995474813835, 2.519926722947074, 2.0720338558368416], 'val_accuracy': [0.11225035056089744, 0.18205067554043233, 0.21872450055031184, 0.2585530147297872, 0.33332455838518016, 0.2909504993081373, 0.33785001643256224, 0.35757464681319234, 0.3423990954047897, 0.3556986349044433, 0.34059981724614485, 0.420549713299885], 'val_f1': [0.030335503578107288, 0.10574722359286466, 0.14429648145872032, 0.18202888386830135, 0.28579055903252054, 0.2076582542630361, 0.2834282152680867, 0.29304502301986396, 0.280458323512565, 0.290513220349505, 0.27585048765575987, 0.3829548645224716], 'val_mae': [2.9863010717147436, 3.0035316503202565, 2.943163689424007, 2.911034671268162, 2.493961790065417, 2.5546736708734143, 2.382779353557292, 2.4750243767659343, 2.4532049574929156, 2.345607414519016, 2.3032287314518474, 2.1180266572766824], 'jsd': [(0.1282945070035074, 0.12257161745214415, 0.11234626679844532, 0.09876253837764824, 0, 0), (0.14710859446462826, 0.17294715281284528, 0.13916098846749247, 0.12253657388329312, 0, 0), (0.1210513403463806, 0.09727140431663932, 0.11578905404425519, 0.2588374223891454, 0, 0), (0.3086654324216147, 0.25625039777755854, 0.0823220460231148, 0.1069963014794015, 0, 0), (0.14862226124588662, 0.07697084285719215, 0.10421260297237517, 0.10878469992295005, 0, 0), (0.1721723401178893, 0.13507556426793565, 0.12617860341250037, 0.2028605032800716, 0, 0), (0.1468597649088964, 0.1319447571853761, 0.22059990393665665, 0.14491151579109424, 0, 0), (0.11846542732933087, 0.09974829286444056, 0.08394761935996084, 0.1427632912466859, 0, 0), (0.20201626276668982, 0.08900873653971816, 0.14492704502943585, 0.2805313487042177, 0, 0), (0.13814700256903273, 0.07720887970714857, 0.20970135253167665, 0.2647552358400296, 0, 0), (0.20897312844654034, 0.2334542079119353, 0.2874745574046557, 0.3244867404862398, 0, 0), (0.13114972459192123, 0.09948837161850874, 0.14551319254572498, 0.06606734866613136, 0, 0)]}}
AdaptationManager: Configuring next round...
{'client_registry': {'enabled': True, 'params': {}}, 'client_selector': {'enabled': True, 'params': {'selection_strategy': 'Resource-Based', 'selection_criteria': 'CPU', 'selection_value': 2}}, 'client_cluster': {'enabled': False, 'params': {}}, 'message_compressor': {'enabled': False, 'params': {}}, 'model_co-versioning_registry': {'enabled': False, 'params': {}}, 'multi-task_model_trainer': {'enabled': False, 'params': {}}, 'heterogeneous_data_handler': {'enabled': False, 'params': {}}}
{'client_selector': {'enabled': True}, 'client_cluster': {'enabled': False}, 'message_compressor': {'enabled': False}, 'model_co-versioning_registry': {'enabled': False}, 'multi-task_model_trainer': {'enabled': False}, 'heterogeneous_data_handler': {'enabled': False}, 'client_registry': {'enabled': True, 'params': {}}}
0.0-iid clients, predicted wo:0.0042 vs w:0.0049, client_selector activated ✅
Client Client 6 has insufficient CPU (1). Will not participate in the next FL round.
Client Client 3 participates in this round. (CPU: 2, RAM: 2)
Client Client 1 participates in this round. (CPU: 2, RAM: 2)
Client Client 4 participates in this round. (CPU: 2, RAM: 2)
Client Client 2 participates in this round. (CPU: 2, RAM: 2)
Client Client 5 has insufficient CPU (1). Will not participate in the next FL round.
Results Aggregated in 112.16 seconds.
{'CNN 16k': {'train_loss': [1.989193662463759, 1.7898419289182337, 1.6480065353541014, 1.3262049193458225, 1.4925634753723864, 1.2863481176910487, 1.3412521651522167, 1.3615297696176873, 1.1071528157784076, 1.126342571585354, 0.9936046377572255, 1.20026073075111, 1.0891521789882992], 'train_accuracy': [0.26151842948717946, 0.33827061649319456, 0.3692425707901144, 0.5245204691524745, 0.46896193010182646, 0.5377857059500192, 0.5024791735135676, 0.5023379091340985, 0.6224259598822026, 0.5933315332073245, 0.6323010619726506, 0.5545897021319154, 0.6117398161326307], 'train_f1': [0.06476127858332159, 0.16413723802003072, 0.20567618593486914, 0.2728167252608759, 0.35415075483390124, 0.3067392557618354, 0.38228986633295303, 0.3867536287768298, 0.3878833210281967, 0.40017319584357186, 0.39290412952922854, 0.48617959822801715, 0.46895218212432216], 'train_mae': [2.335436698717949, 2.161379103282626, 2.1638595203948903, 1.9004676519868957, 2.037509752535659, 1.8178984045479551, 1.6339825386165212, 1.5939289375640737, 1.5655942657109518, 1.6605562389367257, 1.0532259237707302, 1.687955261447169, 1.421817902065623], 'val_loss': [2.4964370413892163, 2.7295286055897217, 2.773279844527586, 2.7033915069994108, 2.173956845790106, 2.37926614467053, 2.557912610818992, 2.176110002336883, 2.2326919254118955, 2.216995474813835, 2.519926722947074, 2.0720338558368416, 2.2094403136036287], 'val_accuracy': [0.11225035056089744, 0.18205067554043233, 0.21872450055031184, 0.2585530147297872, 0.33332455838518016, 0.2909504993081373, 0.33785001643256224, 0.35757464681319234, 0.3423990954047897, 0.3556986349044433, 0.34059981724614485, 0.420549713299885, 0.40509986536908105], 'val_f1': [0.030335503578107288, 0.10574722359286466, 0.14429648145872032, 0.18202888386830135, 0.28579055903252054, 0.2076582542630361, 0.2834282152680867, 0.29304502301986396, 0.280458323512565, 0.290513220349505, 0.27585048765575987, 0.3829548645224716, 0.34534164620975055], 'val_mae': [2.9863010717147436, 3.0035316503202565, 2.943163689424007, 2.911034671268162, 2.493961790065417, 2.5546736708734143, 2.382779353557292, 2.4750243767659343, 2.4532049574929156, 2.345607414519016, 2.3032287314518474, 2.1180266572766824, 2.2388225826056853], 'jsd': [(0.1282945070035074, 0.12257161745214415, 0.11234626679844532, 0.09876253837764824, 0, 0), (0.14710859446462826, 0.17294715281284528, 0.13916098846749247, 0.12253657388329312, 0, 0), (0.1210513403463806, 0.09727140431663932, 0.11578905404425519, 0.2588374223891454, 0, 0), (0.3086654324216147, 0.25625039777755854, 0.0823220460231148, 0.1069963014794015, 0, 0), (0.14862226124588662, 0.07697084285719215, 0.10421260297237517, 0.10878469992295005, 0, 0), (0.1721723401178893, 0.13507556426793565, 0.12617860341250037, 0.2028605032800716, 0, 0), (0.1468597649088964, 0.1319447571853761, 0.22059990393665665, 0.14491151579109424, 0, 0), (0.11846542732933087, 0.09974829286444056, 0.08394761935996084, 0.1427632912466859, 0, 0), (0.20201626276668982, 0.08900873653971816, 0.14492704502943585, 0.2805313487042177, 0, 0), (0.13814700256903273, 0.07720887970714857, 0.20970135253167665, 0.2647552358400296, 0, 0), (0.20897312844654034, 0.2334542079119353, 0.2874745574046557, 0.3244867404862398, 0, 0), (0.13114972459192123, 0.09948837161850874, 0.14551319254572498, 0.06606734866613136, 0, 0), (0.1775730887193722, 0.15801811922105807, 0.11044903635241507, 0.0922793743595447, 0, 0)]}}
AdaptationManager: Configuring next round...
{'client_registry': {'enabled': True, 'params': {}}, 'client_selector': {'enabled': True, 'params': {'selection_strategy': 'Resource-Based', 'selection_criteria': 'CPU', 'selection_value': 2}}, 'client_cluster': {'enabled': False, 'params': {}}, 'message_compressor': {'enabled': False, 'params': {}}, 'model_co-versioning_registry': {'enabled': False, 'params': {}}, 'multi-task_model_trainer': {'enabled': False, 'params': {}}, 'heterogeneous_data_handler': {'enabled': False, 'params': {}}}
{'client_selector': {'enabled': True}, 'client_cluster': {'enabled': False}, 'message_compressor': {'enabled': False}, 'model_co-versioning_registry': {'enabled': False}, 'multi-task_model_trainer': {'enabled': False}, 'heterogeneous_data_handler': {'enabled': False}, 'client_registry': {'enabled': True, 'params': {}}}
0.0-iid clients, predicted wo:0.0035 vs w:0.0035, client_selector activated ✅
Client Client 6 has insufficient CPU (1). Will not participate in the next FL round.
Client Client 1 participates in this round. (CPU: 2, RAM: 2)
Client Client 4 participates in this round. (CPU: 2, RAM: 2)
Client Client 5 has insufficient CPU (1). Will not participate in the next FL round.
Client Client 2 participates in this round. (CPU: 2, RAM: 2)
Client Client 3 participates in this round. (CPU: 2, RAM: 2)
Results Aggregated in 118.85 seconds.
{'CNN 16k': {'train_loss': [1.989193662463759, 1.7898419289182337, 1.6480065353541014, 1.3262049193458225, 1.4925634753723864, 1.2863481176910487, 1.3412521651522167, 1.3615297696176873, 1.1071528157784076, 1.126342571585354, 0.9936046377572255, 1.20026073075111, 1.0891521789882992, 1.0110735165931994], 'train_accuracy': [0.26151842948717946, 0.33827061649319456, 0.3692425707901144, 0.5245204691524745, 0.46896193010182646, 0.5377857059500192, 0.5024791735135676, 0.5023379091340985, 0.6224259598822026, 0.5933315332073245, 0.6323010619726506, 0.5545897021319154, 0.6117398161326307, 0.6437286585801437], 'train_f1': [0.06476127858332159, 0.16413723802003072, 0.20567618593486914, 0.2728167252608759, 0.35415075483390124, 0.3067392557618354, 0.38228986633295303, 0.3867536287768298, 0.3878833210281967, 0.40017319584357186, 0.39290412952922854, 0.48617959822801715, 0.46895218212432216, 0.5192225380382041], 'train_mae': [2.335436698717949, 2.161379103282626, 2.1638595203948903, 1.9004676519868957, 2.037509752535659, 1.8178984045479551, 1.6339825386165212, 1.5939289375640737, 1.5655942657109518, 1.6605562389367257, 1.0532259237707302, 1.687955261447169, 1.421817902065623, 1.4002400240024002], 'val_loss': [2.4964370413892163, 2.7295286055897217, 2.773279844527586, 2.7033915069994108, 2.173956845790106, 2.37926614467053, 2.557912610818992, 2.176110002336883, 2.2326919254118955, 2.216995474813835, 2.519926722947074, 2.0720338558368416, 2.2094403136036287, 1.9312423296090029], 'val_accuracy': [0.11225035056089744, 0.18205067554043233, 0.21872450055031184, 0.2585530147297872, 0.33332455838518016, 0.2909504993081373, 0.33785001643256224, 0.35757464681319234, 0.3423990954047897, 0.3556986349044433, 0.34059981724614485, 0.420549713299885, 0.40509986536908105, 0.44282480390896234], 'val_f1': [0.030335503578107288, 0.10574722359286466, 0.14429648145872032, 0.18202888386830135, 0.28579055903252054, 0.2076582542630361, 0.2834282152680867, 0.29304502301986396, 0.280458323512565, 0.290513220349505, 0.27585048765575987, 0.3829548645224716, 0.34534164620975055, 0.3999239206589393], 'val_mae': [2.9863010717147436, 3.0035316503202565, 2.943163689424007, 2.911034671268162, 2.493961790065417, 2.5546736708734143, 2.382779353557292, 2.4750243767659343, 2.4532049574929156, 2.345607414519016, 2.3032287314518474, 2.1180266572766824, 2.2388225826056853, 2.0566758775877587], 'jsd': [(0.1282945070035074, 0.12257161745214415, 0.11234626679844532, 0.09876253837764824, 0, 0), (0.14710859446462826, 0.17294715281284528, 0.13916098846749247, 0.12253657388329312, 0, 0), (0.1210513403463806, 0.09727140431663932, 0.11578905404425519, 0.2588374223891454, 0, 0), (0.3086654324216147, 0.25625039777755854, 0.0823220460231148, 0.1069963014794015, 0, 0), (0.14862226124588662, 0.07697084285719215, 0.10421260297237517, 0.10878469992295005, 0, 0), (0.1721723401178893, 0.13507556426793565, 0.12617860341250037, 0.2028605032800716, 0, 0), (0.1468597649088964, 0.1319447571853761, 0.22059990393665665, 0.14491151579109424, 0, 0), (0.11846542732933087, 0.09974829286444056, 0.08394761935996084, 0.1427632912466859, 0, 0), (0.20201626276668982, 0.08900873653971816, 0.14492704502943585, 0.2805313487042177, 0, 0), (0.13814700256903273, 0.07720887970714857, 0.20970135253167665, 0.2647552358400296, 0, 0), (0.20897312844654034, 0.2334542079119353, 0.2874745574046557, 0.3244867404862398, 0, 0), (0.13114972459192123, 0.09948837161850874, 0.14551319254572498, 0.06606734866613136, 0, 0), (0.1775730887193722, 0.15801811922105807, 0.11044903635241507, 0.0922793743595447, 0, 0), (0.18363785667118548, 0.1027411254681069, 0.1528741991827891, 0.1314182923047929, 0, 0)]}}
AdaptationManager: Configuring next round...
{'client_registry': {'enabled': True, 'params': {}}, 'client_selector': {'enabled': True, 'params': {'selection_strategy': 'Resource-Based', 'selection_criteria': 'CPU', 'selection_value': 2}}, 'client_cluster': {'enabled': False, 'params': {}}, 'message_compressor': {'enabled': False, 'params': {}}, 'model_co-versioning_registry': {'enabled': False, 'params': {}}, 'multi-task_model_trainer': {'enabled': False, 'params': {}}, 'heterogeneous_data_handler': {'enabled': False, 'params': {}}}
{'client_selector': {'enabled': True}, 'client_cluster': {'enabled': False}, 'message_compressor': {'enabled': False}, 'model_co-versioning_registry': {'enabled': False}, 'multi-task_model_trainer': {'enabled': False}, 'heterogeneous_data_handler': {'enabled': False}, 'client_registry': {'enabled': True, 'params': {}}}
0.0-iid clients, predicted wo:0.0035 vs w:0.0035, client_selector activated ✅
Client Client 6 has insufficient CPU (1). Will not participate in the next FL round.
Client Client 2 participates in this round. (CPU: 2, RAM: 2)
Client Client 4 participates in this round. (CPU: 2, RAM: 2)
Client Client 1 participates in this round. (CPU: 2, RAM: 2)
Client Client 5 has insufficient CPU (1). Will not participate in the next FL round.
Client Client 3 participates in this round. (CPU: 2, RAM: 2)
Results Aggregated in 120.96 seconds.
{'CNN 16k': {'train_loss': [1.989193662463759, 1.7898419289182337, 1.6480065353541014, 1.3262049193458225, 1.4925634753723864, 1.2863481176910487, 1.3412521651522167, 1.3615297696176873, 1.1071528157784076, 1.126342571585354, 0.9936046377572255, 1.20026073075111, 1.0891521789882992, 1.0110735165931994, 1.0001345052199948], 'train_accuracy': [0.26151842948717946, 0.33827061649319456, 0.3692425707901144, 0.5245204691524745, 0.46896193010182646, 0.5377857059500192, 0.5024791735135676, 0.5023379091340985, 0.6224259598822026, 0.5933315332073245, 0.6323010619726506, 0.5545897021319154, 0.6117398161326307, 0.6437286585801437, 0.6392039203920392], 'train_f1': [0.06476127858332159, 0.16413723802003072, 0.20567618593486914, 0.2728167252608759, 0.35415075483390124, 0.3067392557618354, 0.38228986633295303, 0.3867536287768298, 0.3878833210281967, 0.40017319584357186, 0.39290412952922854, 0.48617959822801715, 0.46895218212432216, 0.5192225380382041, 0.5163034324375576], 'train_mae': [2.335436698717949, 2.161379103282626, 2.1638595203948903, 1.9004676519868957, 2.037509752535659, 1.8178984045479551, 1.6339825386165212, 1.5939289375640737, 1.5655942657109518, 1.6605562389367257, 1.0532259237707302, 1.687955261447169, 1.421817902065623, 1.4002400240024002, 1.3557289062239557], 'val_loss': [2.4964370413892163, 2.7295286055897217, 2.773279844527586, 2.7033915069994108, 2.173956845790106, 2.37926614467053, 2.557912610818992, 2.176110002336883, 2.2326919254118955, 2.216995474813835, 2.519926722947074, 2.0720338558368416, 2.2094403136036287, 1.9312423296090029, 2.0891615047835885], 'val_accuracy': [0.11225035056089744, 0.18205067554043233, 0.21872450055031184, 0.2585530147297872, 0.33332455838518016, 0.2909504993081373, 0.33785001643256224, 0.35757464681319234, 0.3423990954047897, 0.3556986349044433, 0.34059981724614485, 0.420549713299885, 0.40509986536908105, 0.44282480390896234, 0.4356749274927493], 'val_f1': [0.030335503578107288, 0.10574722359286466, 0.14429648145872032, 0.18202888386830135, 0.28579055903252054, 0.2076582542630361, 0.2834282152680867, 0.29304502301986396, 0.280458323512565, 0.290513220349505, 0.27585048765575987, 0.3829548645224716, 0.34534164620975055, 0.3999239206589393, 0.39025899545150383], 'val_mae': [2.9863010717147436, 3.0035316503202565, 2.943163689424007, 2.911034671268162, 2.493961790065417, 2.5546736708734143, 2.382779353557292, 2.4750243767659343, 2.4532049574929156, 2.345607414519016, 2.3032287314518474, 2.1180266572766824, 2.2388225826056853, 2.0566758775877587, 2.1056994732806613], 'jsd': [(0.1282945070035074, 0.12257161745214415, 0.11234626679844532, 0.09876253837764824, 0, 0), (0.14710859446462826, 0.17294715281284528, 0.13916098846749247, 0.12253657388329312, 0, 0), (0.1210513403463806, 0.09727140431663932, 0.11578905404425519, 0.2588374223891454, 0, 0), (0.3086654324216147, 0.25625039777755854, 0.0823220460231148, 0.1069963014794015, 0, 0), (0.14862226124588662, 0.07697084285719215, 0.10421260297237517, 0.10878469992295005, 0, 0), (0.1721723401178893, 0.13507556426793565, 0.12617860341250037, 0.2028605032800716, 0, 0), (0.1468597649088964, 0.1319447571853761, 0.22059990393665665, 0.14491151579109424, 0, 0), (0.11846542732933087, 0.09974829286444056, 0.08394761935996084, 0.1427632912466859, 0, 0), (0.20201626276668982, 0.08900873653971816, 0.14492704502943585, 0.2805313487042177, 0, 0), (0.13814700256903273, 0.07720887970714857, 0.20970135253167665, 0.2647552358400296, 0, 0), (0.20897312844654034, 0.2334542079119353, 0.2874745574046557, 0.3244867404862398, 0, 0), (0.13114972459192123, 0.09948837161850874, 0.14551319254572498, 0.06606734866613136, 0, 0), (0.1775730887193722, 0.15801811922105807, 0.11044903635241507, 0.0922793743595447, 0, 0), (0.18363785667118548, 0.1027411254681069, 0.1528741991827891, 0.1314182923047929, 0, 0), (0.07732447792661361, 0.18693838916283906, 0.16875773842158212, 0.15110032406123367, 0, 0)]}}
AdaptationManager: Configuring next round...
{'client_registry': {'enabled': True, 'params': {}}, 'client_selector': {'enabled': True, 'params': {'selection_strategy': 'Resource-Based', 'selection_criteria': 'CPU', 'selection_value': 2}}, 'client_cluster': {'enabled': False, 'params': {}}, 'message_compressor': {'enabled': False, 'params': {}}, 'model_co-versioning_registry': {'enabled': False, 'params': {}}, 'multi-task_model_trainer': {'enabled': False, 'params': {}}, 'heterogeneous_data_handler': {'enabled': False, 'params': {}}}
{'client_selector': {'enabled': True}, 'client_cluster': {'enabled': False}, 'message_compressor': {'enabled': False}, 'model_co-versioning_registry': {'enabled': False}, 'multi-task_model_trainer': {'enabled': False}, 'heterogeneous_data_handler': {'enabled': False}, 'client_registry': {'enabled': True, 'params': {}}}
0.0-iid clients, predicted wo:0.0035 vs w:0.0035, client_selector activated ✅
Client Client 4 participates in this round. (CPU: 2, RAM: 2)
Client Client 6 has insufficient CPU (1). Will not participate in the next FL round.
Client Client 2 participates in this round. (CPU: 2, RAM: 2)
Client Client 1 participates in this round. (CPU: 2, RAM: 2)
Client Client 5 has insufficient CPU (1). Will not participate in the next FL round.
Client Client 3 participates in this round. (CPU: 2, RAM: 2)
Results Aggregated in 124.62 seconds.
{'CNN 16k': {'train_loss': [1.989193662463759, 1.7898419289182337, 1.6480065353541014, 1.3262049193458225, 1.4925634753723864, 1.2863481176910487, 1.3412521651522167, 1.3615297696176873, 1.1071528157784076, 1.126342571585354, 0.9936046377572255, 1.20026073075111, 1.0891521789882992, 1.0110735165931994, 1.0001345052199948, 0.9785074256314193], 'train_accuracy': [0.26151842948717946, 0.33827061649319456, 0.3692425707901144, 0.5245204691524745, 0.46896193010182646, 0.5377857059500192, 0.5024791735135676, 0.5023379091340985, 0.6224259598822026, 0.5933315332073245, 0.6323010619726506, 0.5545897021319154, 0.6117398161326307, 0.6437286585801437, 0.6392039203920392, 0.6395849610901022], 'train_f1': [0.06476127858332159, 0.16413723802003072, 0.20567618593486914, 0.2728167252608759, 0.35415075483390124, 0.3067392557618354, 0.38228986633295303, 0.3867536287768298, 0.3878833210281967, 0.40017319584357186, 0.39290412952922854, 0.48617959822801715, 0.46895218212432216, 0.5192225380382041, 0.5163034324375576, 0.476362013317052], 'train_mae': [2.335436698717949, 2.161379103282626, 2.1638595203948903, 1.9004676519868957, 2.037509752535659, 1.8178984045479551, 1.6339825386165212, 1.5939289375640737, 1.5655942657109518, 1.6605562389367257, 1.0532259237707302, 1.687955261447169, 1.421817902065623, 1.4002400240024002, 1.3557289062239557, 1.122855267681345], 'val_loss': [2.4964370413892163, 2.7295286055897217, 2.773279844527586, 2.7033915069994108, 2.173956845790106, 2.37926614467053, 2.557912610818992, 2.176110002336883, 2.2326919254118955, 2.216995474813835, 2.519926722947074, 2.0720338558368416, 2.2094403136036287, 1.9312423296090029, 2.0891615047835885, 2.1497610953924813], 'val_accuracy': [0.11225035056089744, 0.18205067554043233, 0.21872450055031184, 0.2585530147297872, 0.33332455838518016, 0.2909504993081373, 0.33785001643256224, 0.35757464681319234, 0.3423990954047897, 0.3556986349044433, 0.34059981724614485, 0.420549713299885, 0.40509986536908105, 0.44282480390896234, 0.4356749274927493, 0.4037247610713504], 'val_f1': [0.030335503578107288, 0.10574722359286466, 0.14429648145872032, 0.18202888386830135, 0.28579055903252054, 0.2076582542630361, 0.2834282152680867, 0.29304502301986396, 0.280458323512565, 0.290513220349505, 0.27585048765575987, 0.3829548645224716, 0.34534164620975055, 0.3999239206589393, 0.39025899545150383, 0.34545972901199895], 'val_mae': [2.9863010717147436, 3.0035316503202565, 2.943163689424007, 2.911034671268162, 2.493961790065417, 2.5546736708734143, 2.382779353557292, 2.4750243767659343, 2.4532049574929156, 2.345607414519016, 2.3032287314518474, 2.1180266572766824, 2.2388225826056853, 2.0566758775877587, 2.1056994732806613, 2.2438757364752946], 'jsd': [(0.1282945070035074, 0.12257161745214415, 0.11234626679844532, 0.09876253837764824, 0, 0), (0.14710859446462826, 0.17294715281284528, 0.13916098846749247, 0.12253657388329312, 0, 0), (0.1210513403463806, 0.09727140431663932, 0.11578905404425519, 0.2588374223891454, 0, 0), (0.3086654324216147, 0.25625039777755854, 0.0823220460231148, 0.1069963014794015, 0, 0), (0.14862226124588662, 0.07697084285719215, 0.10421260297237517, 0.10878469992295005, 0, 0), (0.1721723401178893, 0.13507556426793565, 0.12617860341250037, 0.2028605032800716, 0, 0), (0.1468597649088964, 0.1319447571853761, 0.22059990393665665, 0.14491151579109424, 0, 0), (0.11846542732933087, 0.09974829286444056, 0.08394761935996084, 0.1427632912466859, 0, 0), (0.20201626276668982, 0.08900873653971816, 0.14492704502943585, 0.2805313487042177, 0, 0), (0.13814700256903273, 0.07720887970714857, 0.20970135253167665, 0.2647552358400296, 0, 0), (0.20897312844654034, 0.2334542079119353, 0.2874745574046557, 0.3244867404862398, 0, 0), (0.13114972459192123, 0.09948837161850874, 0.14551319254572498, 0.06606734866613136, 0, 0), (0.1775730887193722, 0.15801811922105807, 0.11044903635241507, 0.0922793743595447, 0, 0), (0.18363785667118548, 0.1027411254681069, 0.1528741991827891, 0.1314182923047929, 0, 0), (0.07732447792661361, 0.18693838916283906, 0.16875773842158212, 0.15110032406123367, 0, 0), (0.17322183239490324, 0.17542931847587134, 0.13587920746285798, 0.24122507916107708, 0, 0)]}}
AdaptationManager: Configuring next round...
{'client_registry': {'enabled': True, 'params': {}}, 'client_selector': {'enabled': True, 'params': {'selection_strategy': 'Resource-Based', 'selection_criteria': 'CPU', 'selection_value': 2}}, 'client_cluster': {'enabled': False, 'params': {}}, 'message_compressor': {'enabled': False, 'params': {}}, 'model_co-versioning_registry': {'enabled': False, 'params': {}}, 'multi-task_model_trainer': {'enabled': False, 'params': {}}, 'heterogeneous_data_handler': {'enabled': False, 'params': {}}}
{'client_selector': {'enabled': True}, 'client_cluster': {'enabled': False}, 'message_compressor': {'enabled': False}, 'model_co-versioning_registry': {'enabled': False}, 'multi-task_model_trainer': {'enabled': False}, 'heterogeneous_data_handler': {'enabled': False}, 'client_registry': {'enabled': True, 'params': {}}}
0.0-iid clients, predicted wo:0.0035 vs w:0.0035, client_selector activated ✅
Client Client 6 has insufficient CPU (1). Will not participate in the next FL round.
Client Client 2 participates in this round. (CPU: 2, RAM: 2)
Client Client 4 participates in this round. (CPU: 2, RAM: 2)
Client Client 1 participates in this round. (CPU: 2, RAM: 2)
Client Client 3 participates in this round. (CPU: 2, RAM: 2)
Client Client 5 has insufficient CPU (1). Will not participate in the next FL round.
Results Aggregated in 129.07 seconds.
{'CNN 16k': {'train_loss': [1.989193662463759, 1.7898419289182337, 1.6480065353541014, 1.3262049193458225, 1.4925634753723864, 1.2863481176910487, 1.3412521651522167, 1.3615297696176873, 1.1071528157784076, 1.126342571585354, 0.9936046377572255, 1.20026073075111, 1.0891521789882992, 1.0110735165931994, 1.0001345052199948, 0.9785074256314193, 0.9269124750182571], 'train_accuracy': [0.26151842948717946, 0.33827061649319456, 0.3692425707901144, 0.5245204691524745, 0.46896193010182646, 0.5377857059500192, 0.5024791735135676, 0.5023379091340985, 0.6224259598822026, 0.5933315332073245, 0.6323010619726506, 0.5545897021319154, 0.6117398161326307, 0.6437286585801437, 0.6392039203920392, 0.6395849610901022, 0.672327983810241], 'train_f1': [0.06476127858332159, 0.16413723802003072, 0.20567618593486914, 0.2728167252608759, 0.35415075483390124, 0.3067392557618354, 0.38228986633295303, 0.3867536287768298, 0.3878833210281967, 0.40017319584357186, 0.39290412952922854, 0.48617959822801715, 0.46895218212432216, 0.5192225380382041, 0.5163034324375576, 0.476362013317052, 0.5091468134657042], 'train_mae': [2.335436698717949, 2.161379103282626, 2.1638595203948903, 1.9004676519868957, 2.037509752535659, 1.8178984045479551, 1.6339825386165212, 1.5939289375640737, 1.5655942657109518, 1.6605562389367257, 1.0532259237707302, 1.687955261447169, 1.421817902065623, 1.4002400240024002, 1.3557289062239557, 1.122855267681345, 1.1434546780873494], 'val_loss': [2.4964370413892163, 2.7295286055897217, 2.773279844527586, 2.7033915069994108, 2.173956845790106, 2.37926614467053, 2.557912610818992, 2.176110002336883, 2.2326919254118955, 2.216995474813835, 2.519926722947074, 2.0720338558368416, 2.2094403136036287, 1.9312423296090029, 2.0891615047835885, 2.1497610953924813, 2.197045673370361], 'val_accuracy': [0.11225035056089744, 0.18205067554043233, 0.21872450055031184, 0.2585530147297872, 0.33332455838518016, 0.2909504993081373, 0.33785001643256224, 0.35757464681319234, 0.3423990954047897, 0.3556986349044433, 0.34059981724614485, 0.420549713299885, 0.40509986536908105, 0.44282480390896234, 0.4356749274927493, 0.4037247610713504, 0.424325], 'val_f1': [0.030335503578107288, 0.10574722359286466, 0.14429648145872032, 0.18202888386830135, 0.28579055903252054, 0.2076582542630361, 0.2834282152680867, 0.29304502301986396, 0.280458323512565, 0.290513220349505, 0.27585048765575987, 0.3829548645224716, 0.34534164620975055, 0.3999239206589393, 0.39025899545150383, 0.34545972901199895, 0.3718165213576224], 'val_mae': [2.9863010717147436, 3.0035316503202565, 2.943163689424007, 2.911034671268162, 2.493961790065417, 2.5546736708734143, 2.382779353557292, 2.4750243767659343, 2.4532049574929156, 2.345607414519016, 2.3032287314518474, 2.1180266572766824, 2.2388225826056853, 2.0566758775877587, 2.1056994732806613, 2.2438757364752946, 2.103625], 'jsd': [(0.1282945070035074, 0.12257161745214415, 0.11234626679844532, 0.09876253837764824, 0, 0), (0.14710859446462826, 0.17294715281284528, 0.13916098846749247, 0.12253657388329312, 0, 0), (0.1210513403463806, 0.09727140431663932, 0.11578905404425519, 0.2588374223891454, 0, 0), (0.3086654324216147, 0.25625039777755854, 0.0823220460231148, 0.1069963014794015, 0, 0), (0.14862226124588662, 0.07697084285719215, 0.10421260297237517, 0.10878469992295005, 0, 0), (0.1721723401178893, 0.13507556426793565, 0.12617860341250037, 0.2028605032800716, 0, 0), (0.1468597649088964, 0.1319447571853761, 0.22059990393665665, 0.14491151579109424, 0, 0), (0.11846542732933087, 0.09974829286444056, 0.08394761935996084, 0.1427632912466859, 0, 0), (0.20201626276668982, 0.08900873653971816, 0.14492704502943585, 0.2805313487042177, 0, 0), (0.13814700256903273, 0.07720887970714857, 0.20970135253167665, 0.2647552358400296, 0, 0), (0.20897312844654034, 0.2334542079119353, 0.2874745574046557, 0.3244867404862398, 0, 0), (0.13114972459192123, 0.09948837161850874, 0.14551319254572498, 0.06606734866613136, 0, 0), (0.1775730887193722, 0.15801811922105807, 0.11044903635241507, 0.0922793743595447, 0, 0), (0.18363785667118548, 0.1027411254681069, 0.1528741991827891, 0.1314182923047929, 0, 0), (0.07732447792661361, 0.18693838916283906, 0.16875773842158212, 0.15110032406123367, 0, 0), (0.17322183239490324, 0.17542931847587134, 0.13587920746285798, 0.24122507916107708, 0, 0), (0.22132410247491885, 0.14933996982373407, 0.1860675681864378, 0.1355331085478859, 0, 0)]}}
AdaptationManager: Configuring next round...
{'client_registry': {'enabled': True, 'params': {}}, 'client_selector': {'enabled': True, 'params': {'selection_strategy': 'Resource-Based', 'selection_criteria': 'CPU', 'selection_value': 2}}, 'client_cluster': {'enabled': False, 'params': {}}, 'message_compressor': {'enabled': False, 'params': {}}, 'model_co-versioning_registry': {'enabled': False, 'params': {}}, 'multi-task_model_trainer': {'enabled': False, 'params': {}}, 'heterogeneous_data_handler': {'enabled': False, 'params': {}}}
{'client_selector': {'enabled': True}, 'client_cluster': {'enabled': False}, 'message_compressor': {'enabled': False}, 'model_co-versioning_registry': {'enabled': False}, 'multi-task_model_trainer': {'enabled': False}, 'heterogeneous_data_handler': {'enabled': False}, 'client_registry': {'enabled': True, 'params': {}}}
0.0-iid clients, predicted wo:0.0035 vs w:0.0035, client_selector activated ✅
Client Client 2 participates in this round. (CPU: 2, RAM: 2)
Client Client 4 participates in this round. (CPU: 2, RAM: 2)
Client Client 6 has insufficient CPU (1). Will not participate in the next FL round.
Client Client 1 participates in this round. (CPU: 2, RAM: 2)
Client Client 3 participates in this round. (CPU: 2, RAM: 2)
Client Client 5 has insufficient CPU (1). Will not participate in the next FL round.
Results Aggregated in 128.00 seconds.
{'CNN 16k': {'train_loss': [1.989193662463759, 1.7898419289182337, 1.6480065353541014, 1.3262049193458225, 1.4925634753723864, 1.2863481176910487, 1.3412521651522167, 1.3615297696176873, 1.1071528157784076, 1.126342571585354, 0.9936046377572255, 1.20026073075111, 1.0891521789882992, 1.0110735165931994, 1.0001345052199948, 0.9785074256314193, 0.9269124750182571, 0.9957765383634798], 'train_accuracy': [0.26151842948717946, 0.33827061649319456, 0.3692425707901144, 0.5245204691524745, 0.46896193010182646, 0.5377857059500192, 0.5024791735135676, 0.5023379091340985, 0.6224259598822026, 0.5933315332073245, 0.6323010619726506, 0.5545897021319154, 0.6117398161326307, 0.6437286585801437, 0.6392039203920392, 0.6395849610901022, 0.672327983810241, 0.6434794203929238], 'train_f1': [0.06476127858332159, 0.16413723802003072, 0.20567618593486914, 0.2728167252608759, 0.35415075483390124, 0.3067392557618354, 0.38228986633295303, 0.3867536287768298, 0.3878833210281967, 0.40017319584357186, 0.39290412952922854, 0.48617959822801715, 0.46895218212432216, 0.5192225380382041, 0.5163034324375576, 0.476362013317052, 0.5091468134657042, 0.5239617020995029], 'train_mae': [2.335436698717949, 2.161379103282626, 2.1638595203948903, 1.9004676519868957, 2.037509752535659, 1.8178984045479551, 1.6339825386165212, 1.5939289375640737, 1.5655942657109518, 1.6605562389367257, 1.0532259237707302, 1.687955261447169, 1.421817902065623, 1.4002400240024002, 1.3557289062239557, 1.122855267681345, 1.1434546780873494, 1.1662981153880345], 'val_loss': [2.4964370413892163, 2.7295286055897217, 2.773279844527586, 2.7033915069994108, 2.173956845790106, 2.37926614467053, 2.557912610818992, 2.176110002336883, 2.2326919254118955, 2.216995474813835, 2.519926722947074, 2.0720338558368416, 2.2094403136036287, 1.9312423296090029, 2.0891615047835885, 2.1497610953924813, 2.197045673370361, 2.0252950036858324], 'val_accuracy': [0.11225035056089744, 0.18205067554043233, 0.21872450055031184, 0.2585530147297872, 0.33332455838518016, 0.2909504993081373, 0.33785001643256224, 0.35757464681319234, 0.3423990954047897, 0.3556986349044433, 0.34059981724614485, 0.420549713299885, 0.40509986536908105, 0.44282480390896234, 0.4356749274927493, 0.4037247610713504, 0.424325, 0.447401085096453], 'val_f1': [0.030335503578107288, 0.10574722359286466, 0.14429648145872032, 0.18202888386830135, 0.28579055903252054, 0.2076582542630361, 0.2834282152680867, 0.29304502301986396, 0.280458323512565, 0.290513220349505, 0.27585048765575987, 0.3829548645224716, 0.34534164620975055, 0.3999239206589393, 0.39025899545150383, 0.34545972901199895, 0.3718165213576224, 0.395369731577569], 'val_mae': [2.9863010717147436, 3.0035316503202565, 2.943163689424007, 2.911034671268162, 2.493961790065417, 2.5546736708734143, 2.382779353557292, 2.4750243767659343, 2.4532049574929156, 2.345607414519016, 2.3032287314518474, 2.1180266572766824, 2.2388225826056853, 2.0566758775877587, 2.1056994732806613, 2.2438757364752946, 2.103625, 2.0557959757534], 'jsd': [(0.1282945070035074, 0.12257161745214415, 0.11234626679844532, 0.09876253837764824, 0, 0), (0.14710859446462826, 0.17294715281284528, 0.13916098846749247, 0.12253657388329312, 0, 0), (0.1210513403463806, 0.09727140431663932, 0.11578905404425519, 0.2588374223891454, 0, 0), (0.3086654324216147, 0.25625039777755854, 0.0823220460231148, 0.1069963014794015, 0, 0), (0.14862226124588662, 0.07697084285719215, 0.10421260297237517, 0.10878469992295005, 0, 0), (0.1721723401178893, 0.13507556426793565, 0.12617860341250037, 0.2028605032800716, 0, 0), (0.1468597649088964, 0.1319447571853761, 0.22059990393665665, 0.14491151579109424, 0, 0), (0.11846542732933087, 0.09974829286444056, 0.08394761935996084, 0.1427632912466859, 0, 0), (0.20201626276668982, 0.08900873653971816, 0.14492704502943585, 0.2805313487042177, 0, 0), (0.13814700256903273, 0.07720887970714857, 0.20970135253167665, 0.2647552358400296, 0, 0), (0.20897312844654034, 0.2334542079119353, 0.2874745574046557, 0.3244867404862398, 0, 0), (0.13114972459192123, 0.09948837161850874, 0.14551319254572498, 0.06606734866613136, 0, 0), (0.1775730887193722, 0.15801811922105807, 0.11044903635241507, 0.0922793743595447, 0, 0), (0.18363785667118548, 0.1027411254681069, 0.1528741991827891, 0.1314182923047929, 0, 0), (0.07732447792661361, 0.18693838916283906, 0.16875773842158212, 0.15110032406123367, 0, 0), (0.17322183239490324, 0.17542931847587134, 0.13587920746285798, 0.24122507916107708, 0, 0), (0.22132410247491885, 0.14933996982373407, 0.1860675681864378, 0.1355331085478859, 0, 0), (0.08361210793519848, 0.25137588134148936, 0.07016941818875415, 0.14347094671237615, 0, 0)]}}
AdaptationManager: Configuring next round...
{'client_registry': {'enabled': True, 'params': {}}, 'client_selector': {'enabled': True, 'params': {'selection_strategy': 'Resource-Based', 'selection_criteria': 'CPU', 'selection_value': 2}}, 'client_cluster': {'enabled': False, 'params': {}}, 'message_compressor': {'enabled': False, 'params': {}}, 'model_co-versioning_registry': {'enabled': False, 'params': {}}, 'multi-task_model_trainer': {'enabled': False, 'params': {}}, 'heterogeneous_data_handler': {'enabled': False, 'params': {}}}
{'client_selector': {'enabled': True}, 'client_cluster': {'enabled': False}, 'message_compressor': {'enabled': False}, 'model_co-versioning_registry': {'enabled': False}, 'multi-task_model_trainer': {'enabled': False}, 'heterogeneous_data_handler': {'enabled': False}, 'client_registry': {'enabled': True, 'params': {}}}
0.0-iid clients, predicted wo:0.0035 vs w:0.0035, client_selector activated ✅
Client Client 6 has insufficient CPU (1). Will not participate in the next FL round.
Client Client 3 participates in this round. (CPU: 2, RAM: 2)
Client Client 1 participates in this round. (CPU: 2, RAM: 2)
Client Client 4 participates in this round. (CPU: 2, RAM: 2)
Client Client 2 participates in this round. (CPU: 2, RAM: 2)
Client Client 5 has insufficient CPU (1). Will not participate in the next FL round.
Results Aggregated in 133.24 seconds.
{'CNN 16k': {'train_loss': [1.989193662463759, 1.7898419289182337, 1.6480065353541014, 1.3262049193458225, 1.4925634753723864, 1.2863481176910487, 1.3412521651522167, 1.3615297696176873, 1.1071528157784076, 1.126342571585354, 0.9936046377572255, 1.20026073075111, 1.0891521789882992, 1.0110735165931994, 1.0001345052199948, 0.9785074256314193, 0.9269124750182571, 0.9957765383634798, 1.0518937025547903], 'train_accuracy': [0.26151842948717946, 0.33827061649319456, 0.3692425707901144, 0.5245204691524745, 0.46896193010182646, 0.5377857059500192, 0.5024791735135676, 0.5023379091340985, 0.6224259598822026, 0.5933315332073245, 0.6323010619726506, 0.5545897021319154, 0.6117398161326307, 0.6437286585801437, 0.6392039203920392, 0.6395849610901022, 0.672327983810241, 0.6434794203929238, 0.6149509687810887], 'train_f1': [0.06476127858332159, 0.16413723802003072, 0.20567618593486914, 0.2728167252608759, 0.35415075483390124, 0.3067392557618354, 0.38228986633295303, 0.3867536287768298, 0.3878833210281967, 0.40017319584357186, 0.39290412952922854, 0.48617959822801715, 0.46895218212432216, 0.5192225380382041, 0.5163034324375576, 0.476362013317052, 0.5091468134657042, 0.5239617020995029, 0.5382500633677395], 'train_mae': [2.335436698717949, 2.161379103282626, 2.1638595203948903, 1.9004676519868957, 2.037509752535659, 1.8178984045479551, 1.6339825386165212, 1.5939289375640737, 1.5655942657109518, 1.6605562389367257, 1.0532259237707302, 1.687955261447169, 1.421817902065623, 1.4002400240024002, 1.3557289062239557, 1.122855267681345, 1.1434546780873494, 1.1662981153880345, 1.2811754859696496], 'val_loss': [2.4964370413892163, 2.7295286055897217, 2.773279844527586, 2.7033915069994108, 2.173956845790106, 2.37926614467053, 2.557912610818992, 2.176110002336883, 2.2326919254118955, 2.216995474813835, 2.519926722947074, 2.0720338558368416, 2.2094403136036287, 1.9312423296090029, 2.0891615047835885, 2.1497610953924813, 2.197045673370361, 2.0252950036858324, 2.0517963561940156], 'val_accuracy': [0.11225035056089744, 0.18205067554043233, 0.21872450055031184, 0.2585530147297872, 0.33332455838518016, 0.2909504993081373, 0.33785001643256224, 0.35757464681319234, 0.3423990954047897, 0.3556986349044433, 0.34059981724614485, 0.420549713299885, 0.40509986536908105, 0.44282480390896234, 0.4356749274927493, 0.4037247610713504, 0.424325, 0.447401085096453, 0.4543498828830251], 'val_f1': [0.030335503578107288, 0.10574722359286466, 0.14429648145872032, 0.18202888386830135, 0.28579055903252054, 0.2076582542630361, 0.2834282152680867, 0.29304502301986396, 0.280458323512565, 0.290513220349505, 0.27585048765575987, 0.3829548645224716, 0.34534164620975055, 0.3999239206589393, 0.39025899545150383, 0.34545972901199895, 0.3718165213576224, 0.395369731577569, 0.41820956080645555], 'val_mae': [2.9863010717147436, 3.0035316503202565, 2.943163689424007, 2.911034671268162, 2.493961790065417, 2.5546736708734143, 2.382779353557292, 2.4750243767659343, 2.4532049574929156, 2.345607414519016, 2.3032287314518474, 2.1180266572766824, 2.2388225826056853, 2.0566758775877587, 2.1056994732806613, 2.2438757364752946, 2.103625, 2.0557959757534, 1.935775579136861], 'jsd': [(0.1282945070035074, 0.12257161745214415, 0.11234626679844532, 0.09876253837764824, 0, 0), (0.14710859446462826, 0.17294715281284528, 0.13916098846749247, 0.12253657388329312, 0, 0), (0.1210513403463806, 0.09727140431663932, 0.11578905404425519, 0.2588374223891454, 0, 0), (0.3086654324216147, 0.25625039777755854, 0.0823220460231148, 0.1069963014794015, 0, 0), (0.14862226124588662, 0.07697084285719215, 0.10421260297237517, 0.10878469992295005, 0, 0), (0.1721723401178893, 0.13507556426793565, 0.12617860341250037, 0.2028605032800716, 0, 0), (0.1468597649088964, 0.1319447571853761, 0.22059990393665665, 0.14491151579109424, 0, 0), (0.11846542732933087, 0.09974829286444056, 0.08394761935996084, 0.1427632912466859, 0, 0), (0.20201626276668982, 0.08900873653971816, 0.14492704502943585, 0.2805313487042177, 0, 0), (0.13814700256903273, 0.07720887970714857, 0.20970135253167665, 0.2647552358400296, 0, 0), (0.20897312844654034, 0.2334542079119353, 0.2874745574046557, 0.3244867404862398, 0, 0), (0.13114972459192123, 0.09948837161850874, 0.14551319254572498, 0.06606734866613136, 0, 0), (0.1775730887193722, 0.15801811922105807, 0.11044903635241507, 0.0922793743595447, 0, 0), (0.18363785667118548, 0.1027411254681069, 0.1528741991827891, 0.1314182923047929, 0, 0), (0.07732447792661361, 0.18693838916283906, 0.16875773842158212, 0.15110032406123367, 0, 0), (0.17322183239490324, 0.17542931847587134, 0.13587920746285798, 0.24122507916107708, 0, 0), (0.22132410247491885, 0.14933996982373407, 0.1860675681864378, 0.1355331085478859, 0, 0), (0.08361210793519848, 0.25137588134148936, 0.07016941818875415, 0.14347094671237615, 0, 0), (0.1014807717988252, 0.1227076368027409, 0.1647041650537083, 0.08687714515088232, 0, 0)]}}
AdaptationManager: Configuring next round...
{'client_registry': {'enabled': True, 'params': {}}, 'client_selector': {'enabled': True, 'params': {'selection_strategy': 'Resource-Based', 'selection_criteria': 'CPU', 'selection_value': 2}}, 'client_cluster': {'enabled': False, 'params': {}}, 'message_compressor': {'enabled': False, 'params': {}}, 'model_co-versioning_registry': {'enabled': False, 'params': {}}, 'multi-task_model_trainer': {'enabled': False, 'params': {}}, 'heterogeneous_data_handler': {'enabled': False, 'params': {}}}
{'client_selector': {'enabled': True}, 'client_cluster': {'enabled': False}, 'message_compressor': {'enabled': False}, 'model_co-versioning_registry': {'enabled': False}, 'multi-task_model_trainer': {'enabled': False}, 'heterogeneous_data_handler': {'enabled': False}, 'client_registry': {'enabled': True, 'params': {}}}
0.0-iid clients, predicted wo:0.0035 vs w:0.0035, client_selector activated ✅
Client Client 6 has insufficient CPU (1). Will not participate in the next FL round.
Client Client 3 participates in this round. (CPU: 2, RAM: 2)
Client Client 1 participates in this round. (CPU: 2, RAM: 2)
Client Client 4 participates in this round. (CPU: 2, RAM: 2)
Client Client 5 has insufficient CPU (1). Will not participate in the next FL round.
Client Client 2 participates in this round. (CPU: 2, RAM: 2)
Results Aggregated in 147.57 seconds.
{'CNN 16k': {'train_loss': [1.989193662463759, 1.7898419289182337, 1.6480065353541014, 1.3262049193458225, 1.4925634753723864, 1.2863481176910487, 1.3412521651522167, 1.3615297696176873, 1.1071528157784076, 1.126342571585354, 0.9936046377572255, 1.20026073075111, 1.0891521789882992, 1.0110735165931994, 1.0001345052199948, 0.9785074256314193, 0.9269124750182571, 0.9957765383634798, 1.0518937025547903, 0.9209964150333404], 'train_accuracy': [0.26151842948717946, 0.33827061649319456, 0.3692425707901144, 0.5245204691524745, 0.46896193010182646, 0.5377857059500192, 0.5024791735135676, 0.5023379091340985, 0.6224259598822026, 0.5933315332073245, 0.6323010619726506, 0.5545897021319154, 0.6117398161326307, 0.6437286585801437, 0.6392039203920392, 0.6395849610901022, 0.672327983810241, 0.6434794203929238, 0.6149509687810887, 0.667335], 'train_f1': [0.06476127858332159, 0.16413723802003072, 0.20567618593486914, 0.2728167252608759, 0.35415075483390124, 0.3067392557618354, 0.38228986633295303, 0.3867536287768298, 0.3878833210281967, 0.40017319584357186, 0.39290412952922854, 0.48617959822801715, 0.46895218212432216, 0.5192225380382041, 0.5163034324375576, 0.476362013317052, 0.5091468134657042, 0.5239617020995029, 0.5382500633677395, 0.516287613469957], 'train_mae': [2.335436698717949, 2.161379103282626, 2.1638595203948903, 1.9004676519868957, 2.037509752535659, 1.8178984045479551, 1.6339825386165212, 1.5939289375640737, 1.5655942657109518, 1.6605562389367257, 1.0532259237707302, 1.687955261447169, 1.421817902065623, 1.4002400240024002, 1.3557289062239557, 1.122855267681345, 1.1434546780873494, 1.1662981153880345, 1.2811754859696496, 1.32139], 'val_loss': [2.4964370413892163, 2.7295286055897217, 2.773279844527586, 2.7033915069994108, 2.173956845790106, 2.37926614467053, 2.557912610818992, 2.176110002336883, 2.2326919254118955, 2.216995474813835, 2.519926722947074, 2.0720338558368416, 2.2094403136036287, 1.9312423296090029, 2.0891615047835885, 2.1497610953924813, 2.197045673370361, 2.0252950036858324, 2.0517963561940156, 2.126775314092636], 'val_accuracy': [0.11225035056089744, 0.18205067554043233, 0.21872450055031184, 0.2585530147297872, 0.33332455838518016, 0.2909504993081373, 0.33785001643256224, 0.35757464681319234, 0.3423990954047897, 0.3556986349044433, 0.34059981724614485, 0.420549713299885, 0.40509986536908105, 0.44282480390896234, 0.4356749274927493, 0.4037247610713504, 0.424325, 0.447401085096453, 0.4543498828830251, 0.425575], 'val_f1': [0.030335503578107288, 0.10574722359286466, 0.14429648145872032, 0.18202888386830135, 0.28579055903252054, 0.2076582542630361, 0.2834282152680867, 0.29304502301986396, 0.280458323512565, 0.290513220349505, 0.27585048765575987, 0.3829548645224716, 0.34534164620975055, 0.3999239206589393, 0.39025899545150383, 0.34545972901199895, 0.3718165213576224, 0.395369731577569, 0.41820956080645555, 0.37466043684416805], 'val_mae': [2.9863010717147436, 3.0035316503202565, 2.943163689424007, 2.911034671268162, 2.493961790065417, 2.5546736708734143, 2.382779353557292, 2.4750243767659343, 2.4532049574929156, 2.345607414519016, 2.3032287314518474, 2.1180266572766824, 2.2388225826056853, 2.0566758775877587, 2.1056994732806613, 2.2438757364752946, 2.103625, 2.0557959757534, 1.935775579136861, 2.1186], 'jsd': [(0.1282945070035074, 0.12257161745214415, 0.11234626679844532, 0.09876253837764824, 0, 0), (0.14710859446462826, 0.17294715281284528, 0.13916098846749247, 0.12253657388329312, 0, 0), (0.1210513403463806, 0.09727140431663932, 0.11578905404425519, 0.2588374223891454, 0, 0), (0.3086654324216147, 0.25625039777755854, 0.0823220460231148, 0.1069963014794015, 0, 0), (0.14862226124588662, 0.07697084285719215, 0.10421260297237517, 0.10878469992295005, 0, 0), (0.1721723401178893, 0.13507556426793565, 0.12617860341250037, 0.2028605032800716, 0, 0), (0.1468597649088964, 0.1319447571853761, 0.22059990393665665, 0.14491151579109424, 0, 0), (0.11846542732933087, 0.09974829286444056, 0.08394761935996084, 0.1427632912466859, 0, 0), (0.20201626276668982, 0.08900873653971816, 0.14492704502943585, 0.2805313487042177, 0, 0), (0.13814700256903273, 0.07720887970714857, 0.20970135253167665, 0.2647552358400296, 0, 0), (0.20897312844654034, 0.2334542079119353, 0.2874745574046557, 0.3244867404862398, 0, 0), (0.13114972459192123, 0.09948837161850874, 0.14551319254572498, 0.06606734866613136, 0, 0), (0.1775730887193722, 0.15801811922105807, 0.11044903635241507, 0.0922793743595447, 0, 0), (0.18363785667118548, 0.1027411254681069, 0.1528741991827891, 0.1314182923047929, 0, 0), (0.07732447792661361, 0.18693838916283906, 0.16875773842158212, 0.15110032406123367, 0, 0), (0.17322183239490324, 0.17542931847587134, 0.13587920746285798, 0.24122507916107708, 0, 0), (0.22132410247491885, 0.14933996982373407, 0.1860675681864378, 0.1355331085478859, 0, 0), (0.08361210793519848, 0.25137588134148936, 0.07016941818875415, 0.14347094671237615, 0, 0), (0.1014807717988252, 0.1227076368027409, 0.1647041650537083, 0.08687714515088232, 0, 0), (0.09500369118281426, 0.12539904644691352, 0.2604117901113712, 0.19376360490491523, 0, 0)]}}
AdaptationManager: Configuring next round...
{'client_registry': {'enabled': True, 'params': {}}, 'client_selector': {'enabled': True, 'params': {'selection_strategy': 'Resource-Based', 'selection_criteria': 'CPU', 'selection_value': 2}}, 'client_cluster': {'enabled': False, 'params': {}}, 'message_compressor': {'enabled': False, 'params': {}}, 'model_co-versioning_registry': {'enabled': False, 'params': {}}, 'multi-task_model_trainer': {'enabled': False, 'params': {}}, 'heterogeneous_data_handler': {'enabled': False, 'params': {}}}
{'client_selector': {'enabled': True}, 'client_cluster': {'enabled': False}, 'message_compressor': {'enabled': False}, 'model_co-versioning_registry': {'enabled': False}, 'multi-task_model_trainer': {'enabled': False}, 'heterogeneous_data_handler': {'enabled': False}, 'client_registry': {'enabled': True, 'params': {}}}
0.0-iid clients, predicted wo:0.0035 vs w:0.0035, client_selector activated ✅
