==========================================
  ___  ______  ___ ______       _ 
 / _ \ | ___ \/   ||  ___|     | |
/ /_\ \| |_/ / /| || |_ ___  __| |
|  _  ||  __/ /_| ||  _/ _ \/ _` |
| | | || |  \___  || ||  __/ (_| |
\_| |_/\_|      |_/\_| \___|\__,_| v.1.5.0

==========================================
Simulation Started!
List of the Architectural Patterns enabled:
Adaptation Enabled ✅
Metric: val_f1, bo-based: predictors/bo_model.pkl
Metric: val_f1,jsd, bo-based: predictors/bo_model_hdh.pkl
Client Registry ✅
Client Selector ✅
 AP Parameters: {'selection_strategy': 'Resource-Based', 'selection_criteria': 'CPU', 'selection_value': 2}
Heterogeneous Data Handler ✅
 AP Parameters: {'enabled_clients': []}
==========================================
Client Client 27 has insufficient CPU (1). Will not participate in the next FL round.
Client Client 26 has insufficient CPU (1). Will not participate in the next FL round.
Client Client 24 participates in this round. (CPU: 2, RAM: 4)
Client Client 23 participates in this round. (CPU: 2, RAM: 4)
Client Client 28 has insufficient CPU (1). Will not participate in the next FL round.
Client Client 25 participates in this round. (CPU: 2, RAM: 4)
Results Aggregated in 126.50 seconds.
{'CNN 16k': {'train_loss': [1.4710873222478231], 'train_accuracy': [0.47168666666666664], 'train_f1': [0.3723507903506051], 'train_mae': [1.9516133333333334], 'val_loss': [2.698636604309082], 'val_accuracy': [0.3533], 'val_f1': [0.2981725110737373], 'val_mae': [2.5263], 'jsd': [(0, 0.10032376063960331, 0.08871511753057906, 0.0785681200593559, 0, 0)]}}
AdaptationManager: Configuring next round...
{'client_registry': {'enabled': True, 'params': {}}, 'client_selector': {'enabled': True, 'params': {'selection_strategy': 'Resource-Based', 'selection_criteria': 'CPU', 'selection_value': 2}}, 'client_cluster': {'enabled': False, 'params': {}}, 'message_compressor': {'enabled': False, 'params': {}}, 'model_co-versioning_registry': {'enabled': False, 'params': {}}, 'multi-task_model_trainer': {'enabled': False, 'params': {}}, 'heterogeneous_data_handler': {'enabled': True, 'params': {'enabled_clients': []}}}
{'client_selector': {'enabled': True}, 'client_cluster': {'enabled': False}, 'message_compressor': {'enabled': False}, 'model_co-versioning_registry': {'enabled': False}, 'multi-task_model_trainer': {'enabled': False}, 'heterogeneous_data_handler': {'enabled': True}, 'client_registry': {'enabled': True, 'params': {}}}
round 2, 3 high, 3 low, 0.0-iid clients, predicted best policy: client_selector de-activated ❌
heterogeneous_data_handler activated ✅ for clients: ['Client 23', 'Client 24', 'Client 25', 'Client 26', 'Client 27', 'Client 28']
Results Aggregated in 62.76 seconds.
{'CNN 16k': {'train_loss': [1.4710873222478231, 1.3470805247130218], 'train_accuracy': [0.47168666666666664, 0.47871851851851854], 'train_f1': [0.3723507903506051, 0.4613009773724689], 'train_mae': [1.9516133333333334, 1.825625925925926], 'val_loss': [2.698636604309082, 2.458932278728485], 'val_accuracy': [0.3533, 0.3899], 'val_f1': [0.2981725110737373, 0.3463510278319643], 'val_mae': [2.5263, 2.3117833333333335], 'jsd': [(0, 0.10032376063960331, 0.08871511753057906, 0.0785681200593559, 0, 0), (0.051899160321315516, 0.051899160321315516, 0.051899160321315516, 0.051899160321315516, 0.051899160321315516, 0.051899160321315516)]}}
AdaptationManager: Configuring next round...
{'client_registry': {'enabled': True, 'params': {}}, 'client_selector': {'enabled': True, 'params': {'selection_strategy': 'Resource-Based', 'selection_criteria': 'CPU', 'selection_value': 2}}, 'client_cluster': {'enabled': False, 'params': {}}, 'message_compressor': {'enabled': False, 'params': {}}, 'model_co-versioning_registry': {'enabled': False, 'params': {}}, 'multi-task_model_trainer': {'enabled': False, 'params': {}}, 'heterogeneous_data_handler': {'enabled': True, 'params': {'enabled_clients': []}}}
{'client_selector': {'enabled': False}, 'client_cluster': {'enabled': False}, 'message_compressor': {'enabled': False}, 'model_co-versioning_registry': {'enabled': False}, 'multi-task_model_trainer': {'enabled': False}, 'heterogeneous_data_handler': {'enabled': True, 'params': {'enabled_clients': ['Client 23', 'Client 24', 'Client 25', 'Client 26', 'Client 27', 'Client 28']}}, 'client_registry': {'enabled': True, 'params': {}}}
round 3, 3 high, 3 low, 0.0-iid clients, predicted best policy: client_selector activated ✅
heterogeneous_data_handler activated ✅ for clients: ['Client 23', 'Client 24', 'Client 25', 'Client 26', 'Client 27', 'Client 28']
Client Client 23 participates in this round. (CPU: 2, RAM: 4)
Client Client 28 has insufficient CPU (1). Will not participate in the next FL round.
Client Client 27 has insufficient CPU (1). Will not participate in the next FL round.
Client Client 24 participates in this round. (CPU: 2, RAM: 4)
Client Client 26 has insufficient CPU (1). Will not participate in the next FL round.
Client Client 25 participates in this round. (CPU: 2, RAM: 4)
Results Aggregated in 19.10 seconds.
{'CNN 16k': {'train_loss': [1.4710873222478231, 1.3470805247130218, 1.2382132941281354], 'train_accuracy': [0.47168666666666664, 0.47871851851851854, 0.5352370370370371], 'train_f1': [0.3723507903506051, 0.4613009773724689, 0.521881090164146], 'train_mae': [1.9516133333333334, 1.825625925925926, 1.626762962962963], 'val_loss': [2.698636604309082, 2.458932278728485, 2.324740757115682], 'val_accuracy': [0.3533, 0.3899, 0.4249], 'val_f1': [0.2981725110737373, 0.3463510278319643, 0.3841844795351948], 'val_mae': [2.5263, 2.3117833333333335, 2.1692666666666667], 'jsd': [(0, 0.10032376063960331, 0.08871511753057906, 0.0785681200593559, 0, 0), (0.051899160321315516, 0.051899160321315516, 0.051899160321315516, 0.051899160321315516, 0.051899160321315516, 0.051899160321315516), (0, 0.051899160321315516, 0.051899160321315516, 0.051899160321315516, 0, 0)]}}
AdaptationManager: Configuring next round...
{'client_registry': {'enabled': True, 'params': {}}, 'client_selector': {'enabled': True, 'params': {'selection_strategy': 'Resource-Based', 'selection_criteria': 'CPU', 'selection_value': 2}}, 'client_cluster': {'enabled': False, 'params': {}}, 'message_compressor': {'enabled': False, 'params': {}}, 'model_co-versioning_registry': {'enabled': False, 'params': {}}, 'multi-task_model_trainer': {'enabled': False, 'params': {}}, 'heterogeneous_data_handler': {'enabled': True, 'params': {'enabled_clients': []}}}
{'client_selector': {'enabled': True}, 'client_cluster': {'enabled': False}, 'message_compressor': {'enabled': False}, 'model_co-versioning_registry': {'enabled': False}, 'multi-task_model_trainer': {'enabled': False}, 'heterogeneous_data_handler': {'enabled': True, 'params': {'enabled_clients': ['Client 23', 'Client 24', 'Client 25', 'Client 26', 'Client 27', 'Client 28']}}, 'client_registry': {'enabled': True, 'params': {}}}
round 4, 3 high, 3 low, 0.0-iid clients, predicted best policy: client_selector activated ✅
heterogeneous_data_handler activated ✅ for clients: ['Client 23', 'Client 24', 'Client 25', 'Client 26', 'Client 27', 'Client 28']
Client Client 24 participates in this round. (CPU: 2, RAM: 4)
Client Client 26 has insufficient CPU (1). Will not participate in the next FL round.
Client Client 25 participates in this round. (CPU: 2, RAM: 4)
Client Client 23 participates in this round. (CPU: 2, RAM: 4)
Client Client 28 has insufficient CPU (1). Will not participate in the next FL round.
Client Client 27 has insufficient CPU (1). Will not participate in the next FL round.
Results Aggregated in 18.05 seconds.
{'CNN 16k': {'train_loss': [1.4710873222478231, 1.3470805247130218, 1.2382132941281354, 1.1890302166303], 'train_accuracy': [0.47168666666666664, 0.47871851851851854, 0.5352370370370371, 0.5586666666666666], 'train_f1': [0.3723507903506051, 0.4613009773724689, 0.521881090164146, 0.5496182262972922], 'train_mae': [1.9516133333333334, 1.825625925925926, 1.626762962962963, 1.564762962962963], 'val_loss': [2.698636604309082, 2.458932278728485, 2.324740757115682, 2.2495710875829062], 'val_accuracy': [0.3533, 0.3899, 0.4249, 0.4467333333333333], 'val_f1': [0.2981725110737373, 0.3463510278319643, 0.3841844795351948, 0.409554926855462], 'val_mae': [2.5263, 2.3117833333333335, 2.1692666666666667, 2.099666666666667], 'jsd': [(0, 0.10032376063960331, 0.08871511753057906, 0.0785681200593559, 0, 0), (0.051899160321315516, 0.051899160321315516, 0.051899160321315516, 0.051899160321315516, 0.051899160321315516, 0.051899160321315516), (0, 0.051899160321315516, 0.051899160321315516, 0.051899160321315516, 0, 0), (0, 0.051899160321315516, 0.051899160321315516, 0.051899160321315516, 0, 0)]}}
AdaptationManager: Configuring next round...
{'client_registry': {'enabled': True, 'params': {}}, 'client_selector': {'enabled': True, 'params': {'selection_strategy': 'Resource-Based', 'selection_criteria': 'CPU', 'selection_value': 2}}, 'client_cluster': {'enabled': False, 'params': {}}, 'message_compressor': {'enabled': False, 'params': {}}, 'model_co-versioning_registry': {'enabled': False, 'params': {}}, 'multi-task_model_trainer': {'enabled': False, 'params': {}}, 'heterogeneous_data_handler': {'enabled': True, 'params': {'enabled_clients': []}}}
{'client_selector': {'enabled': True}, 'client_cluster': {'enabled': False}, 'message_compressor': {'enabled': False}, 'model_co-versioning_registry': {'enabled': False}, 'multi-task_model_trainer': {'enabled': False}, 'heterogeneous_data_handler': {'enabled': True, 'params': {'enabled_clients': ['Client 23', 'Client 24', 'Client 25', 'Client 26', 'Client 27', 'Client 28']}}, 'client_registry': {'enabled': True, 'params': {}}}
round 5, 3 high, 3 low, 0.0-iid clients, predicted best policy: client_selector activated ✅
heterogeneous_data_handler activated ✅ for clients: ['Client 23', 'Client 24', 'Client 25', 'Client 26', 'Client 27', 'Client 28']
Client Client 28 has insufficient CPU (1). Will not participate in the next FL round.
Client Client 24 participates in this round. (CPU: 2, RAM: 4)
Client Client 25 participates in this round. (CPU: 2, RAM: 4)
Client Client 26 has insufficient CPU (1). Will not participate in the next FL round.
Client Client 27 has insufficient CPU (1). Will not participate in the next FL round.
Client Client 23 participates in this round. (CPU: 2, RAM: 4)
Results Aggregated in 19.98 seconds.
{'CNN 16k': {'train_loss': [1.4710873222478231, 1.3470805247130218, 1.2382132941281354, 1.1890302166303, 1.1493887541029189], 'train_accuracy': [0.47168666666666664, 0.47871851851851854, 0.5352370370370371, 0.5586666666666666, 0.5764370370370372], 'train_f1': [0.3723507903506051, 0.4613009773724689, 0.521881090164146, 0.5496182262972922, 0.5689604378959398], 'train_mae': [1.9516133333333334, 1.825625925925926, 1.626762962962963, 1.564762962962963, 1.4978222222222222], 'val_loss': [2.698636604309082, 2.458932278728485, 2.324740757115682, 2.2495710875829062, 2.235525271034241], 'val_accuracy': [0.3533, 0.3899, 0.4249, 0.4467333333333333, 0.4635], 'val_f1': [0.2981725110737373, 0.3463510278319643, 0.3841844795351948, 0.409554926855462, 0.42821069106837073], 'val_mae': [2.5263, 2.3117833333333335, 2.1692666666666667, 2.099666666666667, 1.9942], 'jsd': [(0, 0.10032376063960331, 0.08871511753057906, 0.0785681200593559, 0, 0), (0.051899160321315516, 0.051899160321315516, 0.051899160321315516, 0.051899160321315516, 0.051899160321315516, 0.051899160321315516), (0, 0.051899160321315516, 0.051899160321315516, 0.051899160321315516, 0, 0), (0, 0.051899160321315516, 0.051899160321315516, 0.051899160321315516, 0, 0), (0, 0.051899160321315516, 0.051899160321315516, 0.051899160321315516, 0, 0)]}}
AdaptationManager: Configuring next round...
{'client_registry': {'enabled': True, 'params': {}}, 'client_selector': {'enabled': True, 'params': {'selection_strategy': 'Resource-Based', 'selection_criteria': 'CPU', 'selection_value': 2}}, 'client_cluster': {'enabled': False, 'params': {}}, 'message_compressor': {'enabled': False, 'params': {}}, 'model_co-versioning_registry': {'enabled': False, 'params': {}}, 'multi-task_model_trainer': {'enabled': False, 'params': {}}, 'heterogeneous_data_handler': {'enabled': True, 'params': {'enabled_clients': []}}}
{'client_selector': {'enabled': True}, 'client_cluster': {'enabled': False}, 'message_compressor': {'enabled': False}, 'model_co-versioning_registry': {'enabled': False}, 'multi-task_model_trainer': {'enabled': False}, 'heterogeneous_data_handler': {'enabled': True, 'params': {'enabled_clients': ['Client 23', 'Client 24', 'Client 25', 'Client 26', 'Client 27', 'Client 28']}}, 'client_registry': {'enabled': True, 'params': {}}}
round 6, 3 high, 3 low, 0.0-iid clients, predicted best policy: client_selector activated ✅
heterogeneous_data_handler activated ✅ for clients: ['Client 23', 'Client 24', 'Client 25', 'Client 26', 'Client 27', 'Client 28']
Client Client 23 participates in this round. (CPU: 2, RAM: 4)
Client Client 27 has insufficient CPU (1). Will not participate in the next FL round.
Client Client 26 has insufficient CPU (1). Will not participate in the next FL round.
Client Client 28 has insufficient CPU (1). Will not participate in the next FL round.
Client Client 25 participates in this round. (CPU: 2, RAM: 4)
Client Client 24 participates in this round. (CPU: 2, RAM: 4)
Results Aggregated in 20.62 seconds.
{'CNN 16k': {'train_loss': [1.4710873222478231, 1.3470805247130218, 1.2382132941281354, 1.1890302166303, 1.1493887541029189, 1.1186365083906387], 'train_accuracy': [0.47168666666666664, 0.47871851851851854, 0.5352370370370371, 0.5586666666666666, 0.5764370370370372, 0.5826962962962963], 'train_f1': [0.3723507903506051, 0.4613009773724689, 0.521881090164146, 0.5496182262972922, 0.5689604378959398, 0.5773151673214131], 'train_mae': [1.9516133333333334, 1.825625925925926, 1.626762962962963, 1.564762962962963, 1.4978222222222222, 1.504], 'val_loss': [2.698636604309082, 2.458932278728485, 2.324740757115682, 2.2495710875829062, 2.235525271034241, 2.2221362166722614], 'val_accuracy': [0.3533, 0.3899, 0.4249, 0.4467333333333333, 0.4635, 0.46926666666666667], 'val_f1': [0.2981725110737373, 0.3463510278319643, 0.3841844795351948, 0.409554926855462, 0.42821069106837073, 0.43528222839658565], 'val_mae': [2.5263, 2.3117833333333335, 2.1692666666666667, 2.099666666666667, 1.9942, 2.064], 'jsd': [(0, 0.10032376063960331, 0.08871511753057906, 0.0785681200593559, 0, 0), (0.051899160321315516, 0.051899160321315516, 0.051899160321315516, 0.051899160321315516, 0.051899160321315516, 0.051899160321315516), (0, 0.051899160321315516, 0.051899160321315516, 0.051899160321315516, 0, 0), (0, 0.051899160321315516, 0.051899160321315516, 0.051899160321315516, 0, 0), (0, 0.051899160321315516, 0.051899160321315516, 0.051899160321315516, 0, 0), (0, 0.051899160321315516, 0.051899160321315516, 0.051899160321315516, 0, 0)]}}
AdaptationManager: Configuring next round...
{'client_registry': {'enabled': True, 'params': {}}, 'client_selector': {'enabled': True, 'params': {'selection_strategy': 'Resource-Based', 'selection_criteria': 'CPU', 'selection_value': 2}}, 'client_cluster': {'enabled': False, 'params': {}}, 'message_compressor': {'enabled': False, 'params': {}}, 'model_co-versioning_registry': {'enabled': False, 'params': {}}, 'multi-task_model_trainer': {'enabled': False, 'params': {}}, 'heterogeneous_data_handler': {'enabled': True, 'params': {'enabled_clients': []}}}
{'client_selector': {'enabled': True}, 'client_cluster': {'enabled': False}, 'message_compressor': {'enabled': False}, 'model_co-versioning_registry': {'enabled': False}, 'multi-task_model_trainer': {'enabled': False}, 'heterogeneous_data_handler': {'enabled': True, 'params': {'enabled_clients': ['Client 23', 'Client 24', 'Client 25', 'Client 26', 'Client 27', 'Client 28']}}, 'client_registry': {'enabled': True, 'params': {}}}
round 7, 3 high, 3 low, 0.0-iid clients, predicted best policy: client_selector activated ✅
heterogeneous_data_handler activated ✅ for clients: ['Client 23', 'Client 24', 'Client 25', 'Client 26', 'Client 27', 'Client 28']
Client Client 24 participates in this round. (CPU: 2, RAM: 4)
Client Client 25 participates in this round. (CPU: 2, RAM: 4)
Client Client 28 has insufficient CPU (1). Will not participate in the next FL round.
Client Client 26 has insufficient CPU (1). Will not participate in the next FL round.
Client Client 27 has insufficient CPU (1). Will not participate in the next FL round.
Client Client 23 participates in this round. (CPU: 2, RAM: 4)
Results Aggregated in 18.87 seconds.
{'CNN 16k': {'train_loss': [1.4710873222478231, 1.3470805247130218, 1.2382132941281354, 1.1890302166303, 1.1493887541029189, 1.1186365083906387, 1.0977678117752074], 'train_accuracy': [0.47168666666666664, 0.47871851851851854, 0.5352370370370371, 0.5586666666666666, 0.5764370370370372, 0.5826962962962963, 0.5920814814814814], 'train_f1': [0.3723507903506051, 0.4613009773724689, 0.521881090164146, 0.5496182262972922, 0.5689604378959398, 0.5773151673214131, 0.5872911688823356], 'train_mae': [1.9516133333333334, 1.825625925925926, 1.626762962962963, 1.564762962962963, 1.4978222222222222, 1.504, 1.4354962962962963], 'val_loss': [2.698636604309082, 2.458932278728485, 2.324740757115682, 2.2495710875829062, 2.235525271034241, 2.2221362166722614, 2.2526797594070436], 'val_accuracy': [0.3533, 0.3899, 0.4249, 0.4467333333333333, 0.4635, 0.46926666666666667, 0.4722], 'val_f1': [0.2981725110737373, 0.3463510278319643, 0.3841844795351948, 0.409554926855462, 0.42821069106837073, 0.43528222839658565, 0.43836048558181434], 'val_mae': [2.5263, 2.3117833333333335, 2.1692666666666667, 2.099666666666667, 1.9942, 2.064, 2.0059666666666667], 'jsd': [(0, 0.10032376063960331, 0.08871511753057906, 0.0785681200593559, 0, 0), (0.051899160321315516, 0.051899160321315516, 0.051899160321315516, 0.051899160321315516, 0.051899160321315516, 0.051899160321315516), (0, 0.051899160321315516, 0.051899160321315516, 0.051899160321315516, 0, 0), (0, 0.051899160321315516, 0.051899160321315516, 0.051899160321315516, 0, 0), (0, 0.051899160321315516, 0.051899160321315516, 0.051899160321315516, 0, 0), (0, 0.051899160321315516, 0.051899160321315516, 0.051899160321315516, 0, 0), (0, 0.051899160321315516, 0.051899160321315516, 0.051899160321315516, 0, 0)]}}
AdaptationManager: Configuring next round...
{'client_registry': {'enabled': True, 'params': {}}, 'client_selector': {'enabled': True, 'params': {'selection_strategy': 'Resource-Based', 'selection_criteria': 'CPU', 'selection_value': 2}}, 'client_cluster': {'enabled': False, 'params': {}}, 'message_compressor': {'enabled': False, 'params': {}}, 'model_co-versioning_registry': {'enabled': False, 'params': {}}, 'multi-task_model_trainer': {'enabled': False, 'params': {}}, 'heterogeneous_data_handler': {'enabled': True, 'params': {'enabled_clients': []}}}
{'client_selector': {'enabled': True}, 'client_cluster': {'enabled': False}, 'message_compressor': {'enabled': False}, 'model_co-versioning_registry': {'enabled': False}, 'multi-task_model_trainer': {'enabled': False}, 'heterogeneous_data_handler': {'enabled': True, 'params': {'enabled_clients': ['Client 23', 'Client 24', 'Client 25', 'Client 26', 'Client 27', 'Client 28']}}, 'client_registry': {'enabled': True, 'params': {}}}
round 8, 3 high, 3 low, 0.0-iid clients, predicted best policy: client_selector activated ✅
heterogeneous_data_handler activated ✅ for clients: ['Client 23', 'Client 24', 'Client 25', 'Client 26', 'Client 27', 'Client 28']
Client Client 25 participates in this round. (CPU: 2, RAM: 4)
Client Client 24 participates in this round. (CPU: 2, RAM: 4)
Client Client 23 participates in this round. (CPU: 2, RAM: 4)
Client Client 26 has insufficient CPU (1). Will not participate in the next FL round.
Client Client 27 has insufficient CPU (1). Will not participate in the next FL round.
Client Client 28 has insufficient CPU (1). Will not participate in the next FL round.
Results Aggregated in 18.05 seconds.
{'CNN 16k': {'train_loss': [1.4710873222478231, 1.3470805247130218, 1.2382132941281354, 1.1890302166303, 1.1493887541029189, 1.1186365083906387, 1.0977678117752074, 1.0523153379687558], 'train_accuracy': [0.47168666666666664, 0.47871851851851854, 0.5352370370370371, 0.5586666666666666, 0.5764370370370372, 0.5826962962962963, 0.5920814814814814, 0.6111555555555556], 'train_f1': [0.3723507903506051, 0.4613009773724689, 0.521881090164146, 0.5496182262972922, 0.5689604378959398, 0.5773151673214131, 0.5872911688823356, 0.6058718091734355], 'train_mae': [1.9516133333333334, 1.825625925925926, 1.626762962962963, 1.564762962962963, 1.4978222222222222, 1.504, 1.4354962962962963, 1.3326444444444445], 'val_loss': [2.698636604309082, 2.458932278728485, 2.324740757115682, 2.2495710875829062, 2.235525271034241, 2.2221362166722614, 2.2526797594070436, 2.1816560035705566], 'val_accuracy': [0.3533, 0.3899, 0.4249, 0.4467333333333333, 0.4635, 0.46926666666666667, 0.4722, 0.48736666666666667], 'val_f1': [0.2981725110737373, 0.3463510278319643, 0.3841844795351948, 0.409554926855462, 0.42821069106837073, 0.43528222839658565, 0.43836048558181434, 0.4507841444497309], 'val_mae': [2.5263, 2.3117833333333335, 2.1692666666666667, 2.099666666666667, 1.9942, 2.064, 2.0059666666666667, 1.9394333333333333], 'jsd': [(0, 0.10032376063960331, 0.08871511753057906, 0.0785681200593559, 0, 0), (0.051899160321315516, 0.051899160321315516, 0.051899160321315516, 0.051899160321315516, 0.051899160321315516, 0.051899160321315516), (0, 0.051899160321315516, 0.051899160321315516, 0.051899160321315516, 0, 0), (0, 0.051899160321315516, 0.051899160321315516, 0.051899160321315516, 0, 0), (0, 0.051899160321315516, 0.051899160321315516, 0.051899160321315516, 0, 0), (0, 0.051899160321315516, 0.051899160321315516, 0.051899160321315516, 0, 0), (0, 0.051899160321315516, 0.051899160321315516, 0.051899160321315516, 0, 0), (0, 0.051899160321315516, 0.051899160321315516, 0.051899160321315516, 0, 0)]}}
AdaptationManager: Configuring next round...
{'client_registry': {'enabled': True, 'params': {}}, 'client_selector': {'enabled': True, 'params': {'selection_strategy': 'Resource-Based', 'selection_criteria': 'CPU', 'selection_value': 2}}, 'client_cluster': {'enabled': False, 'params': {}}, 'message_compressor': {'enabled': False, 'params': {}}, 'model_co-versioning_registry': {'enabled': False, 'params': {}}, 'multi-task_model_trainer': {'enabled': False, 'params': {}}, 'heterogeneous_data_handler': {'enabled': True, 'params': {'enabled_clients': []}}}
{'client_selector': {'enabled': True}, 'client_cluster': {'enabled': False}, 'message_compressor': {'enabled': False}, 'model_co-versioning_registry': {'enabled': False}, 'multi-task_model_trainer': {'enabled': False}, 'heterogeneous_data_handler': {'enabled': True, 'params': {'enabled_clients': ['Client 23', 'Client 24', 'Client 25', 'Client 26', 'Client 27', 'Client 28']}}, 'client_registry': {'enabled': True, 'params': {}}}
round 9, 3 high, 3 low, 0.0-iid clients, predicted best policy: client_selector activated ✅
heterogeneous_data_handler activated ✅ for clients: ['Client 23', 'Client 24', 'Client 25', 'Client 26', 'Client 27', 'Client 28']
Client Client 25 participates in this round. (CPU: 2, RAM: 4)
Client Client 28 has insufficient CPU (1). Will not participate in the next FL round.
Client Client 24 participates in this round. (CPU: 2, RAM: 4)
Client Client 26 has insufficient CPU (1). Will not participate in the next FL round.
Client Client 23 participates in this round. (CPU: 2, RAM: 4)
Client Client 27 has insufficient CPU (1). Will not participate in the next FL round.
Results Aggregated in 18.61 seconds.
{'CNN 16k': {'train_loss': [1.4710873222478231, 1.3470805247130218, 1.2382132941281354, 1.1890302166303, 1.1493887541029189, 1.1186365083906387, 1.0977678117752074, 1.0523153379687558, 1.062284497027927], 'train_accuracy': [0.47168666666666664, 0.47871851851851854, 0.5352370370370371, 0.5586666666666666, 0.5764370370370372, 0.5826962962962963, 0.5920814814814814, 0.6111555555555556, 0.6061481481481481], 'train_f1': [0.3723507903506051, 0.4613009773724689, 0.521881090164146, 0.5496182262972922, 0.5689604378959398, 0.5773151673214131, 0.5872911688823356, 0.6058718091734355, 0.5988343909134665], 'train_mae': [1.9516133333333334, 1.825625925925926, 1.626762962962963, 1.564762962962963, 1.4978222222222222, 1.504, 1.4354962962962963, 1.3326444444444445, 1.3604148148148147], 'val_loss': [2.698636604309082, 2.458932278728485, 2.324740757115682, 2.2495710875829062, 2.235525271034241, 2.2221362166722614, 2.2526797594070436, 2.1816560035705566, 2.1446640476226806], 'val_accuracy': [0.3533, 0.3899, 0.4249, 0.4467333333333333, 0.4635, 0.46926666666666667, 0.4722, 0.48736666666666667, 0.4827666666666667], 'val_f1': [0.2981725110737373, 0.3463510278319643, 0.3841844795351948, 0.409554926855462, 0.42821069106837073, 0.43528222839658565, 0.43836048558181434, 0.4507841444497309, 0.44623509869244854], 'val_mae': [2.5263, 2.3117833333333335, 2.1692666666666667, 2.099666666666667, 1.9942, 2.064, 2.0059666666666667, 1.9394333333333333, 1.9759333333333333], 'jsd': [(0, 0.10032376063960331, 0.08871511753057906, 0.0785681200593559, 0, 0), (0.051899160321315516, 0.051899160321315516, 0.051899160321315516, 0.051899160321315516, 0.051899160321315516, 0.051899160321315516), (0, 0.051899160321315516, 0.051899160321315516, 0.051899160321315516, 0, 0), (0, 0.051899160321315516, 0.051899160321315516, 0.051899160321315516, 0, 0), (0, 0.051899160321315516, 0.051899160321315516, 0.051899160321315516, 0, 0), (0, 0.051899160321315516, 0.051899160321315516, 0.051899160321315516, 0, 0), (0, 0.051899160321315516, 0.051899160321315516, 0.051899160321315516, 0, 0), (0, 0.051899160321315516, 0.051899160321315516, 0.051899160321315516, 0, 0), (0, 0.051899160321315516, 0.051899160321315516, 0.051899160321315516, 0, 0)]}}
AdaptationManager: Configuring next round...
{'client_registry': {'enabled': True, 'params': {}}, 'client_selector': {'enabled': True, 'params': {'selection_strategy': 'Resource-Based', 'selection_criteria': 'CPU', 'selection_value': 2}}, 'client_cluster': {'enabled': False, 'params': {}}, 'message_compressor': {'enabled': False, 'params': {}}, 'model_co-versioning_registry': {'enabled': False, 'params': {}}, 'multi-task_model_trainer': {'enabled': False, 'params': {}}, 'heterogeneous_data_handler': {'enabled': True, 'params': {'enabled_clients': []}}}
{'client_selector': {'enabled': True}, 'client_cluster': {'enabled': False}, 'message_compressor': {'enabled': False}, 'model_co-versioning_registry': {'enabled': False}, 'multi-task_model_trainer': {'enabled': False}, 'heterogeneous_data_handler': {'enabled': True, 'params': {'enabled_clients': ['Client 23', 'Client 24', 'Client 25', 'Client 26', 'Client 27', 'Client 28']}}, 'client_registry': {'enabled': True, 'params': {}}}
round 10, 3 high, 3 low, 0.0-iid clients, predicted best policy: client_selector activated ✅
heterogeneous_data_handler activated ✅ for clients: ['Client 23', 'Client 24', 'Client 25', 'Client 26', 'Client 27', 'Client 28']
Client Client 24 participates in this round. (CPU: 2, RAM: 4)
Client Client 27 has insufficient CPU (1). Will not participate in the next FL round.
Client Client 28 has insufficient CPU (1). Will not participate in the next FL round.
Client Client 25 participates in this round. (CPU: 2, RAM: 4)
Client Client 23 participates in this round. (CPU: 2, RAM: 4)
Client Client 26 has insufficient CPU (1). Will not participate in the next FL round.
Results Aggregated in 18.58 seconds.
{'CNN 16k': {'train_loss': [1.4710873222478231, 1.3470805247130218, 1.2382132941281354, 1.1890302166303, 1.1493887541029189, 1.1186365083906387, 1.0977678117752074, 1.0523153379687558, 1.062284497027927, 1.0307603268411425], 'train_accuracy': [0.47168666666666664, 0.47871851851851854, 0.5352370370370371, 0.5586666666666666, 0.5764370370370372, 0.5826962962962963, 0.5920814814814814, 0.6111555555555556, 0.6061481481481481, 0.6198444444444444], 'train_f1': [0.3723507903506051, 0.4613009773724689, 0.521881090164146, 0.5496182262972922, 0.5689604378959398, 0.5773151673214131, 0.5872911688823356, 0.6058718091734355, 0.5988343909134665, 0.6165425050187369], 'train_mae': [1.9516133333333334, 1.825625925925926, 1.626762962962963, 1.564762962962963, 1.4978222222222222, 1.504, 1.4354962962962963, 1.3326444444444445, 1.3604148148148147, 1.3239185185185185], 'val_loss': [2.698636604309082, 2.458932278728485, 2.324740757115682, 2.2495710875829062, 2.235525271034241, 2.2221362166722614, 2.2526797594070436, 2.1816560035705566, 2.1446640476226806, 2.1894109560012818], 'val_accuracy': [0.3533, 0.3899, 0.4249, 0.4467333333333333, 0.4635, 0.46926666666666667, 0.4722, 0.48736666666666667, 0.4827666666666667, 0.4925], 'val_f1': [0.2981725110737373, 0.3463510278319643, 0.3841844795351948, 0.409554926855462, 0.42821069106837073, 0.43528222839658565, 0.43836048558181434, 0.4507841444497309, 0.44623509869244854, 0.45828819115359637], 'val_mae': [2.5263, 2.3117833333333335, 2.1692666666666667, 2.099666666666667, 1.9942, 2.064, 2.0059666666666667, 1.9394333333333333, 1.9759333333333333, 1.9598], 'jsd': [(0, 0.10032376063960331, 0.08871511753057906, 0.0785681200593559, 0, 0), (0.051899160321315516, 0.051899160321315516, 0.051899160321315516, 0.051899160321315516, 0.051899160321315516, 0.051899160321315516), (0, 0.051899160321315516, 0.051899160321315516, 0.051899160321315516, 0, 0), (0, 0.051899160321315516, 0.051899160321315516, 0.051899160321315516, 0, 0), (0, 0.051899160321315516, 0.051899160321315516, 0.051899160321315516, 0, 0), (0, 0.051899160321315516, 0.051899160321315516, 0.051899160321315516, 0, 0), (0, 0.051899160321315516, 0.051899160321315516, 0.051899160321315516, 0, 0), (0, 0.051899160321315516, 0.051899160321315516, 0.051899160321315516, 0, 0), (0, 0.051899160321315516, 0.051899160321315516, 0.051899160321315516, 0, 0), (0, 0.051899160321315516, 0.051899160321315516, 0.051899160321315516, 0, 0)]}}
AdaptationManager: Configuring next round...
{'client_registry': {'enabled': True, 'params': {}}, 'client_selector': {'enabled': True, 'params': {'selection_strategy': 'Resource-Based', 'selection_criteria': 'CPU', 'selection_value': 2}}, 'client_cluster': {'enabled': False, 'params': {}}, 'message_compressor': {'enabled': False, 'params': {}}, 'model_co-versioning_registry': {'enabled': False, 'params': {}}, 'multi-task_model_trainer': {'enabled': False, 'params': {}}, 'heterogeneous_data_handler': {'enabled': True, 'params': {'enabled_clients': []}}}
{'client_selector': {'enabled': True}, 'client_cluster': {'enabled': False}, 'message_compressor': {'enabled': False}, 'model_co-versioning_registry': {'enabled': False}, 'multi-task_model_trainer': {'enabled': False}, 'heterogeneous_data_handler': {'enabled': True, 'params': {'enabled_clients': ['Client 23', 'Client 24', 'Client 25', 'Client 26', 'Client 27', 'Client 28']}}, 'client_registry': {'enabled': True, 'params': {}}}
round 11, 3 high, 3 low, 0.0-iid clients, predicted best policy: client_selector activated ✅
heterogeneous_data_handler activated ✅ for clients: ['Client 23', 'Client 24', 'Client 25', 'Client 26', 'Client 27', 'Client 28']
Client Client 24 participates in this round. (CPU: 2, RAM: 4)
Client Client 27 has insufficient CPU (1). Will not participate in the next FL round.
Client Client 26 has insufficient CPU (1). Will not participate in the next FL round.
Client Client 28 has insufficient CPU (1). Will not participate in the next FL round.
Client Client 25 participates in this round. (CPU: 2, RAM: 4)
Client Client 23 participates in this round. (CPU: 2, RAM: 4)
Results Aggregated in 19.32 seconds.
{'CNN 16k': {'train_loss': [1.4710873222478231, 1.3470805247130218, 1.2382132941281354, 1.1890302166303, 1.1493887541029189, 1.1186365083906387, 1.0977678117752074, 1.0523153379687558, 1.062284497027927, 1.0307603268411425, 1.0093089345296224], 'train_accuracy': [0.47168666666666664, 0.47871851851851854, 0.5352370370370371, 0.5586666666666666, 0.5764370370370372, 0.5826962962962963, 0.5920814814814814, 0.6111555555555556, 0.6061481481481481, 0.6198444444444444, 0.6274], 'train_f1': [0.3723507903506051, 0.4613009773724689, 0.521881090164146, 0.5496182262972922, 0.5689604378959398, 0.5773151673214131, 0.5872911688823356, 0.6058718091734355, 0.5988343909134665, 0.6165425050187369, 0.6233658121777099], 'train_mae': [1.9516133333333334, 1.825625925925926, 1.626762962962963, 1.564762962962963, 1.4978222222222222, 1.504, 1.4354962962962963, 1.3326444444444445, 1.3604148148148147, 1.3239185185185185, 1.308637037037037], 'val_loss': [2.698636604309082, 2.458932278728485, 2.324740757115682, 2.2495710875829062, 2.235525271034241, 2.2221362166722614, 2.2526797594070436, 2.1816560035705566, 2.1446640476226806, 2.1894109560012818, 2.1278221206029255], 'val_accuracy': [0.3533, 0.3899, 0.4249, 0.4467333333333333, 0.4635, 0.46926666666666667, 0.4722, 0.48736666666666667, 0.4827666666666667, 0.4925, 0.4991333333333333], 'val_f1': [0.2981725110737373, 0.3463510278319643, 0.3841844795351948, 0.409554926855462, 0.42821069106837073, 0.43528222839658565, 0.43836048558181434, 0.4507841444497309, 0.44623509869244854, 0.45828819115359637, 0.46471573854664555], 'val_mae': [2.5263, 2.3117833333333335, 2.1692666666666667, 2.099666666666667, 1.9942, 2.064, 2.0059666666666667, 1.9394333333333333, 1.9759333333333333, 1.9598, 1.9261], 'jsd': [(0, 0.10032376063960331, 0.08871511753057906, 0.0785681200593559, 0, 0), (0.051899160321315516, 0.051899160321315516, 0.051899160321315516, 0.051899160321315516, 0.051899160321315516, 0.051899160321315516), (0, 0.051899160321315516, 0.051899160321315516, 0.051899160321315516, 0, 0), (0, 0.051899160321315516, 0.051899160321315516, 0.051899160321315516, 0, 0), (0, 0.051899160321315516, 0.051899160321315516, 0.051899160321315516, 0, 0), (0, 0.051899160321315516, 0.051899160321315516, 0.051899160321315516, 0, 0), (0, 0.051899160321315516, 0.051899160321315516, 0.051899160321315516, 0, 0), (0, 0.051899160321315516, 0.051899160321315516, 0.051899160321315516, 0, 0), (0, 0.051899160321315516, 0.051899160321315516, 0.051899160321315516, 0, 0), (0, 0.051899160321315516, 0.051899160321315516, 0.051899160321315516, 0, 0), (0, 0.051899160321315516, 0.051899160321315516, 0.051899160321315516, 0, 0)]}}
AdaptationManager: Configuring next round...
{'client_registry': {'enabled': True, 'params': {}}, 'client_selector': {'enabled': True, 'params': {'selection_strategy': 'Resource-Based', 'selection_criteria': 'CPU', 'selection_value': 2}}, 'client_cluster': {'enabled': False, 'params': {}}, 'message_compressor': {'enabled': False, 'params': {}}, 'model_co-versioning_registry': {'enabled': False, 'params': {}}, 'multi-task_model_trainer': {'enabled': False, 'params': {}}, 'heterogeneous_data_handler': {'enabled': True, 'params': {'enabled_clients': []}}}
{'client_selector': {'enabled': True}, 'client_cluster': {'enabled': False}, 'message_compressor': {'enabled': False}, 'model_co-versioning_registry': {'enabled': False}, 'multi-task_model_trainer': {'enabled': False}, 'heterogeneous_data_handler': {'enabled': True, 'params': {'enabled_clients': ['Client 23', 'Client 24', 'Client 25', 'Client 26', 'Client 27', 'Client 28']}}, 'client_registry': {'enabled': True, 'params': {}}}
round 12, 3 high, 3 low, 0.0-iid clients, predicted best policy: client_selector activated ✅
heterogeneous_data_handler activated ✅ for clients: ['Client 23', 'Client 27', 'Client 28']
Client Client 26 has insufficient CPU (1). Will not participate in the next FL round.
Client Client 25 participates in this round. (CPU: 2, RAM: 4)
Client Client 24 participates in this round. (CPU: 2, RAM: 4)
Client Client 23 participates in this round. (CPU: 2, RAM: 4)
Client Client 28 has insufficient CPU (1). Will not participate in the next FL round.
Client Client 27 has insufficient CPU (1). Will not participate in the next FL round.
Results Aggregated in 17.43 seconds.
{'CNN 16k': {'train_loss': [1.4710873222478231, 1.3470805247130218, 1.2382132941281354, 1.1890302166303, 1.1493887541029189, 1.1186365083906387, 1.0977678117752074, 1.0523153379687558, 1.062284497027927, 1.0307603268411425, 1.0093089345296224, 0.9979906618330214], 'train_accuracy': [0.47168666666666664, 0.47871851851851854, 0.5352370370370371, 0.5586666666666666, 0.5764370370370372, 0.5826962962962963, 0.5920814814814814, 0.6111555555555556, 0.6061481481481481, 0.6198444444444444, 0.6274, 0.6324962962962963], 'train_f1': [0.3723507903506051, 0.4613009773724689, 0.521881090164146, 0.5496182262972922, 0.5689604378959398, 0.5773151673214131, 0.5872911688823356, 0.6058718091734355, 0.5988343909134665, 0.6165425050187369, 0.6233658121777099, 0.6231698986783636], 'train_mae': [1.9516133333333334, 1.825625925925926, 1.626762962962963, 1.564762962962963, 1.4978222222222222, 1.504, 1.4354962962962963, 1.3326444444444445, 1.3604148148148147, 1.3239185185185185, 1.308637037037037, 1.3032], 'val_loss': [2.698636604309082, 2.458932278728485, 2.324740757115682, 2.2495710875829062, 2.235525271034241, 2.2221362166722614, 2.2526797594070436, 2.1816560035705566, 2.1446640476226806, 2.1894109560012818, 2.1278221206029255, 2.1320127964019777], 'val_accuracy': [0.3533, 0.3899, 0.4249, 0.4467333333333333, 0.4635, 0.46926666666666667, 0.4722, 0.48736666666666667, 0.4827666666666667, 0.4925, 0.4991333333333333, 0.4969], 'val_f1': [0.2981725110737373, 0.3463510278319643, 0.3841844795351948, 0.409554926855462, 0.42821069106837073, 0.43528222839658565, 0.43836048558181434, 0.4507841444497309, 0.44623509869244854, 0.45828819115359637, 0.46471573854664555, 0.4610152284287925], 'val_mae': [2.5263, 2.3117833333333335, 2.1692666666666667, 2.099666666666667, 1.9942, 2.064, 2.0059666666666667, 1.9394333333333333, 1.9759333333333333, 1.9598, 1.9261, 1.9275], 'jsd': [(0, 0.10032376063960331, 0.08871511753057906, 0.0785681200593559, 0, 0), (0.051899160321315516, 0.051899160321315516, 0.051899160321315516, 0.051899160321315516, 0.051899160321315516, 0.051899160321315516), (0, 0.051899160321315516, 0.051899160321315516, 0.051899160321315516, 0, 0), (0, 0.051899160321315516, 0.051899160321315516, 0.051899160321315516, 0, 0), (0, 0.051899160321315516, 0.051899160321315516, 0.051899160321315516, 0, 0), (0, 0.051899160321315516, 0.051899160321315516, 0.051899160321315516, 0, 0), (0, 0.051899160321315516, 0.051899160321315516, 0.051899160321315516, 0, 0), (0, 0.051899160321315516, 0.051899160321315516, 0.051899160321315516, 0, 0), (0, 0.051899160321315516, 0.051899160321315516, 0.051899160321315516, 0, 0), (0, 0.051899160321315516, 0.051899160321315516, 0.051899160321315516, 0, 0), (0, 0.051899160321315516, 0.051899160321315516, 0.051899160321315516, 0, 0), (0, 0.051899160321315516, 0.051899160321315516, 0.051899160321315516, 0, 0)]}}
AdaptationManager: Configuring next round...
{'client_registry': {'enabled': True, 'params': {}}, 'client_selector': {'enabled': True, 'params': {'selection_strategy': 'Resource-Based', 'selection_criteria': 'CPU', 'selection_value': 2}}, 'client_cluster': {'enabled': False, 'params': {}}, 'message_compressor': {'enabled': False, 'params': {}}, 'model_co-versioning_registry': {'enabled': False, 'params': {}}, 'multi-task_model_trainer': {'enabled': False, 'params': {}}, 'heterogeneous_data_handler': {'enabled': True, 'params': {'enabled_clients': []}}}
{'client_selector': {'enabled': True}, 'client_cluster': {'enabled': False}, 'message_compressor': {'enabled': False}, 'model_co-versioning_registry': {'enabled': False}, 'multi-task_model_trainer': {'enabled': False}, 'heterogeneous_data_handler': {'enabled': True, 'params': {'enabled_clients': ['Client 23', 'Client 27', 'Client 28']}}, 'client_registry': {'enabled': True, 'params': {}}}
round 13, 3 high, 3 low, 0.0-iid clients, predicted best policy: client_selector activated ✅
heterogeneous_data_handler de-activated ❌
Client Client 24 participates in this round. (CPU: 2, RAM: 4)
Client Client 23 participates in this round. (CPU: 2, RAM: 4)
Client Client 25 participates in this round. (CPU: 2, RAM: 4)
Client Client 28 has insufficient CPU (1). Will not participate in the next FL round.
Client Client 27 has insufficient CPU (1). Will not participate in the next FL round.
Client Client 26 has insufficient CPU (1). Will not participate in the next FL round.
Results Aggregated in 16.91 seconds.
{'CNN 16k': {'train_loss': [1.4710873222478231, 1.3470805247130218, 1.2382132941281354, 1.1890302166303, 1.1493887541029189, 1.1186365083906387, 1.0977678117752074, 1.0523153379687558, 1.062284497027927, 1.0307603268411425, 1.0093089345296224, 0.9979906618330214, 1.0120319592935068], 'train_accuracy': [0.47168666666666664, 0.47871851851851854, 0.5352370370370371, 0.5586666666666666, 0.5764370370370372, 0.5826962962962963, 0.5920814814814814, 0.6111555555555556, 0.6061481481481481, 0.6198444444444444, 0.6274, 0.6324962962962963, 0.6267407407407407], 'train_f1': [0.3723507903506051, 0.4613009773724689, 0.521881090164146, 0.5496182262972922, 0.5689604378959398, 0.5773151673214131, 0.5872911688823356, 0.6058718091734355, 0.5988343909134665, 0.6165425050187369, 0.6233658121777099, 0.6231698986783636, 0.617859271574405], 'train_mae': [1.9516133333333334, 1.825625925925926, 1.626762962962963, 1.564762962962963, 1.4978222222222222, 1.504, 1.4354962962962963, 1.3326444444444445, 1.3604148148148147, 1.3239185185185185, 1.308637037037037, 1.3032, 1.3133777777777778], 'val_loss': [2.698636604309082, 2.458932278728485, 2.324740757115682, 2.2495710875829062, 2.235525271034241, 2.2221362166722614, 2.2526797594070436, 2.1816560035705566, 2.1446640476226806, 2.1894109560012818, 2.1278221206029255, 2.1320127964019777, 2.186612169710795], 'val_accuracy': [0.3533, 0.3899, 0.4249, 0.4467333333333333, 0.4635, 0.46926666666666667, 0.4722, 0.48736666666666667, 0.4827666666666667, 0.4925, 0.4991333333333333, 0.4969, 0.4898], 'val_f1': [0.2981725110737373, 0.3463510278319643, 0.3841844795351948, 0.409554926855462, 0.42821069106837073, 0.43528222839658565, 0.43836048558181434, 0.4507841444497309, 0.44623509869244854, 0.45828819115359637, 0.46471573854664555, 0.4610152284287925, 0.4534353623470007], 'val_mae': [2.5263, 2.3117833333333335, 2.1692666666666667, 2.099666666666667, 1.9942, 2.064, 2.0059666666666667, 1.9394333333333333, 1.9759333333333333, 1.9598, 1.9261, 1.9275, 1.9072666666666667], 'jsd': [(0, 0.10032376063960331, 0.08871511753057906, 0.0785681200593559, 0, 0), (0.051899160321315516, 0.051899160321315516, 0.051899160321315516, 0.051899160321315516, 0.051899160321315516, 0.051899160321315516), (0, 0.051899160321315516, 0.051899160321315516, 0.051899160321315516, 0, 0), (0, 0.051899160321315516, 0.051899160321315516, 0.051899160321315516, 0, 0), (0, 0.051899160321315516, 0.051899160321315516, 0.051899160321315516, 0, 0), (0, 0.051899160321315516, 0.051899160321315516, 0.051899160321315516, 0, 0), (0, 0.051899160321315516, 0.051899160321315516, 0.051899160321315516, 0, 0), (0, 0.051899160321315516, 0.051899160321315516, 0.051899160321315516, 0, 0), (0, 0.051899160321315516, 0.051899160321315516, 0.051899160321315516, 0, 0), (0, 0.051899160321315516, 0.051899160321315516, 0.051899160321315516, 0, 0), (0, 0.051899160321315516, 0.051899160321315516, 0.051899160321315516, 0, 0), (0, 0.051899160321315516, 0.051899160321315516, 0.051899160321315516, 0, 0), (0, 0.051899160321315516, 0.051899160321315516, 0.051899160321315516, 0, 0)]}}
AdaptationManager: Configuring next round...
{'client_registry': {'enabled': True, 'params': {}}, 'client_selector': {'enabled': True, 'params': {'selection_strategy': 'Resource-Based', 'selection_criteria': 'CPU', 'selection_value': 2}}, 'client_cluster': {'enabled': False, 'params': {}}, 'message_compressor': {'enabled': False, 'params': {}}, 'model_co-versioning_registry': {'enabled': False, 'params': {}}, 'multi-task_model_trainer': {'enabled': False, 'params': {}}, 'heterogeneous_data_handler': {'enabled': True, 'params': {'enabled_clients': []}}}
{'client_selector': {'enabled': True}, 'client_cluster': {'enabled': False}, 'message_compressor': {'enabled': False}, 'model_co-versioning_registry': {'enabled': False}, 'multi-task_model_trainer': {'enabled': False}, 'heterogeneous_data_handler': {'enabled': False, 'params': {'enabled_clients': ['Client 23', 'Client 27', 'Client 28']}}, 'client_registry': {'enabled': True, 'params': {}}}
round 14, 3 high, 3 low, 0.0-iid clients, predicted best policy: client_selector activated ✅
heterogeneous_data_handler de-activated ❌
Client Client 28 has insufficient CPU (1). Will not participate in the next FL round.
Client Client 26 has insufficient CPU (1). Will not participate in the next FL round.
Client Client 27 has insufficient CPU (1). Will not participate in the next FL round.
Client Client 24 participates in this round. (CPU: 2, RAM: 4)
Client Client 23 participates in this round. (CPU: 2, RAM: 4)
Client Client 25 participates in this round. (CPU: 2, RAM: 4)
Results Aggregated in 17.67 seconds.
{'CNN 16k': {'train_loss': [1.4710873222478231, 1.3470805247130218, 1.2382132941281354, 1.1890302166303, 1.1493887541029189, 1.1186365083906387, 1.0977678117752074, 1.0523153379687558, 1.062284497027927, 1.0307603268411425, 1.0093089345296224, 0.9979906618330214, 1.0120319592935068, 0.9731167369206747], 'train_accuracy': [0.47168666666666664, 0.47871851851851854, 0.5352370370370371, 0.5586666666666666, 0.5764370370370372, 0.5826962962962963, 0.5920814814814814, 0.6111555555555556, 0.6061481481481481, 0.6198444444444444, 0.6274, 0.6324962962962963, 0.6267407407407407, 0.6419481481481482], 'train_f1': [0.3723507903506051, 0.4613009773724689, 0.521881090164146, 0.5496182262972922, 0.5689604378959398, 0.5773151673214131, 0.5872911688823356, 0.6058718091734355, 0.5988343909134665, 0.6165425050187369, 0.6233658121777099, 0.6231698986783636, 0.617859271574405, 0.6395410243694909], 'train_mae': [1.9516133333333334, 1.825625925925926, 1.626762962962963, 1.564762962962963, 1.4978222222222222, 1.504, 1.4354962962962963, 1.3326444444444445, 1.3604148148148147, 1.3239185185185185, 1.308637037037037, 1.3032, 1.3133777777777778, 1.249548148148148], 'val_loss': [2.698636604309082, 2.458932278728485, 2.324740757115682, 2.2495710875829062, 2.235525271034241, 2.2221362166722614, 2.2526797594070436, 2.1816560035705566, 2.1446640476226806, 2.1894109560012818, 2.1278221206029255, 2.1320127964019777, 2.186612169710795, 2.1359849409739176], 'val_accuracy': [0.3533, 0.3899, 0.4249, 0.4467333333333333, 0.4635, 0.46926666666666667, 0.4722, 0.48736666666666667, 0.4827666666666667, 0.4925, 0.4991333333333333, 0.4969, 0.4898, 0.4993], 'val_f1': [0.2981725110737373, 0.3463510278319643, 0.3841844795351948, 0.409554926855462, 0.42821069106837073, 0.43528222839658565, 0.43836048558181434, 0.4507841444497309, 0.44623509869244854, 0.45828819115359637, 0.46471573854664555, 0.4610152284287925, 0.4534353623470007, 0.4668286964130784], 'val_mae': [2.5263, 2.3117833333333335, 2.1692666666666667, 2.099666666666667, 1.9942, 2.064, 2.0059666666666667, 1.9394333333333333, 1.9759333333333333, 1.9598, 1.9261, 1.9275, 1.9072666666666667, 1.9002666666666668], 'jsd': [(0, 0.10032376063960331, 0.08871511753057906, 0.0785681200593559, 0, 0), (0.051899160321315516, 0.051899160321315516, 0.051899160321315516, 0.051899160321315516, 0.051899160321315516, 0.051899160321315516), (0, 0.051899160321315516, 0.051899160321315516, 0.051899160321315516, 0, 0), (0, 0.051899160321315516, 0.051899160321315516, 0.051899160321315516, 0, 0), (0, 0.051899160321315516, 0.051899160321315516, 0.051899160321315516, 0, 0), (0, 0.051899160321315516, 0.051899160321315516, 0.051899160321315516, 0, 0), (0, 0.051899160321315516, 0.051899160321315516, 0.051899160321315516, 0, 0), (0, 0.051899160321315516, 0.051899160321315516, 0.051899160321315516, 0, 0), (0, 0.051899160321315516, 0.051899160321315516, 0.051899160321315516, 0, 0), (0, 0.051899160321315516, 0.051899160321315516, 0.051899160321315516, 0, 0), (0, 0.051899160321315516, 0.051899160321315516, 0.051899160321315516, 0, 0), (0, 0.051899160321315516, 0.051899160321315516, 0.051899160321315516, 0, 0), (0, 0.051899160321315516, 0.051899160321315516, 0.051899160321315516, 0, 0), (0, 0.051899160321315516, 0.051899160321315516, 0.051899160321315516, 0, 0)]}}
AdaptationManager: Configuring next round...
{'client_registry': {'enabled': True, 'params': {}}, 'client_selector': {'enabled': True, 'params': {'selection_strategy': 'Resource-Based', 'selection_criteria': 'CPU', 'selection_value': 2}}, 'client_cluster': {'enabled': False, 'params': {}}, 'message_compressor': {'enabled': False, 'params': {}}, 'model_co-versioning_registry': {'enabled': False, 'params': {}}, 'multi-task_model_trainer': {'enabled': False, 'params': {}}, 'heterogeneous_data_handler': {'enabled': True, 'params': {'enabled_clients': []}}}
{'client_selector': {'enabled': True}, 'client_cluster': {'enabled': False}, 'message_compressor': {'enabled': False}, 'model_co-versioning_registry': {'enabled': False}, 'multi-task_model_trainer': {'enabled': False}, 'heterogeneous_data_handler': {'enabled': False, 'params': {'enabled_clients': ['Client 23', 'Client 27', 'Client 28']}}, 'client_registry': {'enabled': True, 'params': {}}}
round 15, 3 high, 3 low, 0.0-iid clients, predicted best policy: client_selector activated ✅
heterogeneous_data_handler activated ✅ for clients: ['Client 23', 'Client 27', 'Client 28']
Client Client 25 participates in this round. (CPU: 2, RAM: 4)
Client Client 26 has insufficient CPU (1). Will not participate in the next FL round.
Client Client 24 participates in this round. (CPU: 2, RAM: 4)
Client Client 27 has insufficient CPU (1). Will not participate in the next FL round.
Client Client 28 has insufficient CPU (1). Will not participate in the next FL round.
Client Client 23 participates in this round. (CPU: 2, RAM: 4)
Results Aggregated in 19.24 seconds.
{'CNN 16k': {'train_loss': [1.4710873222478231, 1.3470805247130218, 1.2382132941281354, 1.1890302166303, 1.1493887541029189, 1.1186365083906387, 1.0977678117752074, 1.0523153379687558, 1.062284497027927, 1.0307603268411425, 1.0093089345296224, 0.9979906618330214, 1.0120319592935068, 0.9731167369206747, 0.9644354815518414], 'train_accuracy': [0.47168666666666664, 0.47871851851851854, 0.5352370370370371, 0.5586666666666666, 0.5764370370370372, 0.5826962962962963, 0.5920814814814814, 0.6111555555555556, 0.6061481481481481, 0.6198444444444444, 0.6274, 0.6324962962962963, 0.6267407407407407, 0.6419481481481482, 0.6430222222222223], 'train_f1': [0.3723507903506051, 0.4613009773724689, 0.521881090164146, 0.5496182262972922, 0.5689604378959398, 0.5773151673214131, 0.5872911688823356, 0.6058718091734355, 0.5988343909134665, 0.6165425050187369, 0.6233658121777099, 0.6231698986783636, 0.617859271574405, 0.6395410243694909, 0.6402839771684473], 'train_mae': [1.9516133333333334, 1.825625925925926, 1.626762962962963, 1.564762962962963, 1.4978222222222222, 1.504, 1.4354962962962963, 1.3326444444444445, 1.3604148148148147, 1.3239185185185185, 1.308637037037037, 1.3032, 1.3133777777777778, 1.249548148148148, 1.2510444444444444], 'val_loss': [2.698636604309082, 2.458932278728485, 2.324740757115682, 2.2495710875829062, 2.235525271034241, 2.2221362166722614, 2.2526797594070436, 2.1816560035705566, 2.1446640476226806, 2.1894109560012818, 2.1278221206029255, 2.1320127964019777, 2.186612169710795, 2.1359849409739176, 2.117732733599345], 'val_accuracy': [0.3533, 0.3899, 0.4249, 0.4467333333333333, 0.4635, 0.46926666666666667, 0.4722, 0.48736666666666667, 0.4827666666666667, 0.4925, 0.4991333333333333, 0.4969, 0.4898, 0.4993, 0.5013333333333333], 'val_f1': [0.2981725110737373, 0.3463510278319643, 0.3841844795351948, 0.409554926855462, 0.42821069106837073, 0.43528222839658565, 0.43836048558181434, 0.4507841444497309, 0.44623509869244854, 0.45828819115359637, 0.46471573854664555, 0.4610152284287925, 0.4534353623470007, 0.4668286964130784, 0.46926785854620967], 'val_mae': [2.5263, 2.3117833333333335, 2.1692666666666667, 2.099666666666667, 1.9942, 2.064, 2.0059666666666667, 1.9394333333333333, 1.9759333333333333, 1.9598, 1.9261, 1.9275, 1.9072666666666667, 1.9002666666666668, 1.9243666666666666], 'jsd': [(0, 0.10032376063960331, 0.08871511753057906, 0.0785681200593559, 0, 0), (0.051899160321315516, 0.051899160321315516, 0.051899160321315516, 0.051899160321315516, 0.051899160321315516, 0.051899160321315516), (0, 0.051899160321315516, 0.051899160321315516, 0.051899160321315516, 0, 0), (0, 0.051899160321315516, 0.051899160321315516, 0.051899160321315516, 0, 0), (0, 0.051899160321315516, 0.051899160321315516, 0.051899160321315516, 0, 0), (0, 0.051899160321315516, 0.051899160321315516, 0.051899160321315516, 0, 0), (0, 0.051899160321315516, 0.051899160321315516, 0.051899160321315516, 0, 0), (0, 0.051899160321315516, 0.051899160321315516, 0.051899160321315516, 0, 0), (0, 0.051899160321315516, 0.051899160321315516, 0.051899160321315516, 0, 0), (0, 0.051899160321315516, 0.051899160321315516, 0.051899160321315516, 0, 0), (0, 0.051899160321315516, 0.051899160321315516, 0.051899160321315516, 0, 0), (0, 0.051899160321315516, 0.051899160321315516, 0.051899160321315516, 0, 0), (0, 0.051899160321315516, 0.051899160321315516, 0.051899160321315516, 0, 0), (0, 0.051899160321315516, 0.051899160321315516, 0.051899160321315516, 0, 0), (0, 0.051899160321315516, 0.051899160321315516, 0.051899160321315516, 0, 0)]}}
AdaptationManager: Configuring next round...
{'client_registry': {'enabled': True, 'params': {}}, 'client_selector': {'enabled': True, 'params': {'selection_strategy': 'Resource-Based', 'selection_criteria': 'CPU', 'selection_value': 2}}, 'client_cluster': {'enabled': False, 'params': {}}, 'message_compressor': {'enabled': False, 'params': {}}, 'model_co-versioning_registry': {'enabled': False, 'params': {}}, 'multi-task_model_trainer': {'enabled': False, 'params': {}}, 'heterogeneous_data_handler': {'enabled': True, 'params': {'enabled_clients': []}}}
{'client_selector': {'enabled': True}, 'client_cluster': {'enabled': False}, 'message_compressor': {'enabled': False}, 'model_co-versioning_registry': {'enabled': False}, 'multi-task_model_trainer': {'enabled': False}, 'heterogeneous_data_handler': {'enabled': True, 'params': {'enabled_clients': ['Client 23', 'Client 27', 'Client 28']}}, 'client_registry': {'enabled': True, 'params': {}}}
round 16, 3 high, 3 low, 0.0-iid clients, predicted best policy: client_selector activated ✅
heterogeneous_data_handler activated ✅ for clients: ['Client 23', 'Client 24', 'Client 25', 'Client 26', 'Client 27', 'Client 28']
Client Client 26 has insufficient CPU (1). Will not participate in the next FL round.
Client Client 25 participates in this round. (CPU: 2, RAM: 4)
Client Client 24 participates in this round. (CPU: 2, RAM: 4)
Client Client 23 participates in this round. (CPU: 2, RAM: 4)
Client Client 28 has insufficient CPU (1). Will not participate in the next FL round.
Client Client 27 has insufficient CPU (1). Will not participate in the next FL round.
Results Aggregated in 18.37 seconds.
{'CNN 16k': {'train_loss': [1.4710873222478231, 1.3470805247130218, 1.2382132941281354, 1.1890302166303, 1.1493887541029189, 1.1186365083906387, 1.0977678117752074, 1.0523153379687558, 1.062284497027927, 1.0307603268411425, 1.0093089345296224, 0.9979906618330214, 1.0120319592935068, 0.9731167369206747, 0.9644354815518414, 0.9524666590796577], 'train_accuracy': [0.47168666666666664, 0.47871851851851854, 0.5352370370370371, 0.5586666666666666, 0.5764370370370372, 0.5826962962962963, 0.5920814814814814, 0.6111555555555556, 0.6061481481481481, 0.6198444444444444, 0.6274, 0.6324962962962963, 0.6267407407407407, 0.6419481481481482, 0.6430222222222223, 0.6510074074074074], 'train_f1': [0.3723507903506051, 0.4613009773724689, 0.521881090164146, 0.5496182262972922, 0.5689604378959398, 0.5773151673214131, 0.5872911688823356, 0.6058718091734355, 0.5988343909134665, 0.6165425050187369, 0.6233658121777099, 0.6231698986783636, 0.617859271574405, 0.6395410243694909, 0.6402839771684473, 0.6461639615611994], 'train_mae': [1.9516133333333334, 1.825625925925926, 1.626762962962963, 1.564762962962963, 1.4978222222222222, 1.504, 1.4354962962962963, 1.3326444444444445, 1.3604148148148147, 1.3239185185185185, 1.308637037037037, 1.3032, 1.3133777777777778, 1.249548148148148, 1.2510444444444444, 1.2062666666666666], 'val_loss': [2.698636604309082, 2.458932278728485, 2.324740757115682, 2.2495710875829062, 2.235525271034241, 2.2221362166722614, 2.2526797594070436, 2.1816560035705566, 2.1446640476226806, 2.1894109560012818, 2.1278221206029255, 2.1320127964019777, 2.186612169710795, 2.1359849409739176, 2.117732733599345, 2.134401547431946], 'val_accuracy': [0.3533, 0.3899, 0.4249, 0.4467333333333333, 0.4635, 0.46926666666666667, 0.4722, 0.48736666666666667, 0.4827666666666667, 0.4925, 0.4991333333333333, 0.4969, 0.4898, 0.4993, 0.5013333333333333, 0.5070333333333333], 'val_f1': [0.2981725110737373, 0.3463510278319643, 0.3841844795351948, 0.409554926855462, 0.42821069106837073, 0.43528222839658565, 0.43836048558181434, 0.4507841444497309, 0.44623509869244854, 0.45828819115359637, 0.46471573854664555, 0.4610152284287925, 0.4534353623470007, 0.4668286964130784, 0.46926785854620967, 0.4737445403552769], 'val_mae': [2.5263, 2.3117833333333335, 2.1692666666666667, 2.099666666666667, 1.9942, 2.064, 2.0059666666666667, 1.9394333333333333, 1.9759333333333333, 1.9598, 1.9261, 1.9275, 1.9072666666666667, 1.9002666666666668, 1.9243666666666666, 1.9050333333333334], 'jsd': [(0, 0.10032376063960331, 0.08871511753057906, 0.0785681200593559, 0, 0), (0.051899160321315516, 0.051899160321315516, 0.051899160321315516, 0.051899160321315516, 0.051899160321315516, 0.051899160321315516), (0, 0.051899160321315516, 0.051899160321315516, 0.051899160321315516, 0, 0), (0, 0.051899160321315516, 0.051899160321315516, 0.051899160321315516, 0, 0), (0, 0.051899160321315516, 0.051899160321315516, 0.051899160321315516, 0, 0), (0, 0.051899160321315516, 0.051899160321315516, 0.051899160321315516, 0, 0), (0, 0.051899160321315516, 0.051899160321315516, 0.051899160321315516, 0, 0), (0, 0.051899160321315516, 0.051899160321315516, 0.051899160321315516, 0, 0), (0, 0.051899160321315516, 0.051899160321315516, 0.051899160321315516, 0, 0), (0, 0.051899160321315516, 0.051899160321315516, 0.051899160321315516, 0, 0), (0, 0.051899160321315516, 0.051899160321315516, 0.051899160321315516, 0, 0), (0, 0.051899160321315516, 0.051899160321315516, 0.051899160321315516, 0, 0), (0, 0.051899160321315516, 0.051899160321315516, 0.051899160321315516, 0, 0), (0, 0.051899160321315516, 0.051899160321315516, 0.051899160321315516, 0, 0), (0, 0.051899160321315516, 0.051899160321315516, 0.051899160321315516, 0, 0), (0, 0.051899160321315516, 0.051899160321315516, 0.051899160321315516, 0, 0)]}}
AdaptationManager: Configuring next round...
{'client_registry': {'enabled': True, 'params': {}}, 'client_selector': {'enabled': True, 'params': {'selection_strategy': 'Resource-Based', 'selection_criteria': 'CPU', 'selection_value': 2}}, 'client_cluster': {'enabled': False, 'params': {}}, 'message_compressor': {'enabled': False, 'params': {}}, 'model_co-versioning_registry': {'enabled': False, 'params': {}}, 'multi-task_model_trainer': {'enabled': False, 'params': {}}, 'heterogeneous_data_handler': {'enabled': True, 'params': {'enabled_clients': []}}}
{'client_selector': {'enabled': True}, 'client_cluster': {'enabled': False}, 'message_compressor': {'enabled': False}, 'model_co-versioning_registry': {'enabled': False}, 'multi-task_model_trainer': {'enabled': False}, 'heterogeneous_data_handler': {'enabled': True, 'params': {'enabled_clients': ['Client 23', 'Client 24', 'Client 25', 'Client 26', 'Client 27', 'Client 28']}}, 'client_registry': {'enabled': True, 'params': {}}}
round 17, 3 high, 3 low, 0.0-iid clients, predicted best policy: client_selector activated ✅
heterogeneous_data_handler activated ✅ for clients: ['Client 23', 'Client 24', 'Client 25', 'Client 26', 'Client 27', 'Client 28']
Client Client 24 participates in this round. (CPU: 2, RAM: 4)
Client Client 26 has insufficient CPU (1). Will not participate in the next FL round.
Client Client 23 participates in this round. (CPU: 2, RAM: 4)
Client Client 25 participates in this round. (CPU: 2, RAM: 4)
Client Client 27 has insufficient CPU (1). Will not participate in the next FL round.
Client Client 28 has insufficient CPU (1). Will not participate in the next FL round.
Results Aggregated in 18.91 seconds.
{'CNN 16k': {'train_loss': [1.4710873222478231, 1.3470805247130218, 1.2382132941281354, 1.1890302166303, 1.1493887541029189, 1.1186365083906387, 1.0977678117752074, 1.0523153379687558, 1.062284497027927, 1.0307603268411425, 1.0093089345296224, 0.9979906618330214, 1.0120319592935068, 0.9731167369206747, 0.9644354815518414, 0.9524666590796577, 0.9663177082309017], 'train_accuracy': [0.47168666666666664, 0.47871851851851854, 0.5352370370370371, 0.5586666666666666, 0.5764370370370372, 0.5826962962962963, 0.5920814814814814, 0.6111555555555556, 0.6061481481481481, 0.6198444444444444, 0.6274, 0.6324962962962963, 0.6267407407407407, 0.6419481481481482, 0.6430222222222223, 0.6510074074074074, 0.6446814814814815], 'train_f1': [0.3723507903506051, 0.4613009773724689, 0.521881090164146, 0.5496182262972922, 0.5689604378959398, 0.5773151673214131, 0.5872911688823356, 0.6058718091734355, 0.5988343909134665, 0.6165425050187369, 0.6233658121777099, 0.6231698986783636, 0.617859271574405, 0.6395410243694909, 0.6402839771684473, 0.6461639615611994, 0.6434362092561334], 'train_mae': [1.9516133333333334, 1.825625925925926, 1.626762962962963, 1.564762962962963, 1.4978222222222222, 1.504, 1.4354962962962963, 1.3326444444444445, 1.3604148148148147, 1.3239185185185185, 1.308637037037037, 1.3032, 1.3133777777777778, 1.249548148148148, 1.2510444444444444, 1.2062666666666666, 1.2388592592592593], 'val_loss': [2.698636604309082, 2.458932278728485, 2.324740757115682, 2.2495710875829062, 2.235525271034241, 2.2221362166722614, 2.2526797594070436, 2.1816560035705566, 2.1446640476226806, 2.1894109560012818, 2.1278221206029255, 2.1320127964019777, 2.186612169710795, 2.1359849409739176, 2.117732733599345, 2.134401547431946, 2.164083018430074], 'val_accuracy': [0.3533, 0.3899, 0.4249, 0.4467333333333333, 0.4635, 0.46926666666666667, 0.4722, 0.48736666666666667, 0.4827666666666667, 0.4925, 0.4991333333333333, 0.4969, 0.4898, 0.4993, 0.5013333333333333, 0.5070333333333333, 0.4987333333333333], 'val_f1': [0.2981725110737373, 0.3463510278319643, 0.3841844795351948, 0.409554926855462, 0.42821069106837073, 0.43528222839658565, 0.43836048558181434, 0.4507841444497309, 0.44623509869244854, 0.45828819115359637, 0.46471573854664555, 0.4610152284287925, 0.4534353623470007, 0.4668286964130784, 0.46926785854620967, 0.4737445403552769, 0.46366971876385094], 'val_mae': [2.5263, 2.3117833333333335, 2.1692666666666667, 2.099666666666667, 1.9942, 2.064, 2.0059666666666667, 1.9394333333333333, 1.9759333333333333, 1.9598, 1.9261, 1.9275, 1.9072666666666667, 1.9002666666666668, 1.9243666666666666, 1.9050333333333334, 1.9331333333333334], 'jsd': [(0, 0.10032376063960331, 0.08871511753057906, 0.0785681200593559, 0, 0), (0.051899160321315516, 0.051899160321315516, 0.051899160321315516, 0.051899160321315516, 0.051899160321315516, 0.051899160321315516), (0, 0.051899160321315516, 0.051899160321315516, 0.051899160321315516, 0, 0), (0, 0.051899160321315516, 0.051899160321315516, 0.051899160321315516, 0, 0), (0, 0.051899160321315516, 0.051899160321315516, 0.051899160321315516, 0, 0), (0, 0.051899160321315516, 0.051899160321315516, 0.051899160321315516, 0, 0), (0, 0.051899160321315516, 0.051899160321315516, 0.051899160321315516, 0, 0), (0, 0.051899160321315516, 0.051899160321315516, 0.051899160321315516, 0, 0), (0, 0.051899160321315516, 0.051899160321315516, 0.051899160321315516, 0, 0), (0, 0.051899160321315516, 0.051899160321315516, 0.051899160321315516, 0, 0), (0, 0.051899160321315516, 0.051899160321315516, 0.051899160321315516, 0, 0), (0, 0.051899160321315516, 0.051899160321315516, 0.051899160321315516, 0, 0), (0, 0.051899160321315516, 0.051899160321315516, 0.051899160321315516, 0, 0), (0, 0.051899160321315516, 0.051899160321315516, 0.051899160321315516, 0, 0), (0, 0.051899160321315516, 0.051899160321315516, 0.051899160321315516, 0, 0), (0, 0.051899160321315516, 0.051899160321315516, 0.051899160321315516, 0, 0), (0, 0.051899160321315516, 0.051899160321315516, 0.051899160321315516, 0, 0)]}}
AdaptationManager: Configuring next round...
{'client_registry': {'enabled': True, 'params': {}}, 'client_selector': {'enabled': True, 'params': {'selection_strategy': 'Resource-Based', 'selection_criteria': 'CPU', 'selection_value': 2}}, 'client_cluster': {'enabled': False, 'params': {}}, 'message_compressor': {'enabled': False, 'params': {}}, 'model_co-versioning_registry': {'enabled': False, 'params': {}}, 'multi-task_model_trainer': {'enabled': False, 'params': {}}, 'heterogeneous_data_handler': {'enabled': True, 'params': {'enabled_clients': []}}}
{'client_selector': {'enabled': True}, 'client_cluster': {'enabled': False}, 'message_compressor': {'enabled': False}, 'model_co-versioning_registry': {'enabled': False}, 'multi-task_model_trainer': {'enabled': False}, 'heterogeneous_data_handler': {'enabled': True, 'params': {'enabled_clients': ['Client 23', 'Client 24', 'Client 25', 'Client 26', 'Client 27', 'Client 28']}}, 'client_registry': {'enabled': True, 'params': {}}}
round 18, 3 high, 3 low, 0.0-iid clients, predicted best policy: client_selector activated ✅
heterogeneous_data_handler activated ✅ for clients: ['Client 23', 'Client 24', 'Client 25', 'Client 26', 'Client 27', 'Client 28']
Client Client 23 participates in this round. (CPU: 2, RAM: 4)
Client Client 28 has insufficient CPU (1). Will not participate in the next FL round.
Client Client 27 has insufficient CPU (1). Will not participate in the next FL round.
Client Client 26 has insufficient CPU (1). Will not participate in the next FL round.
Client Client 24 participates in this round. (CPU: 2, RAM: 4)
Client Client 25 participates in this round. (CPU: 2, RAM: 4)
Results Aggregated in 18.06 seconds.
{'CNN 16k': {'train_loss': [1.4710873222478231, 1.3470805247130218, 1.2382132941281354, 1.1890302166303, 1.1493887541029189, 1.1186365083906387, 1.0977678117752074, 1.0523153379687558, 1.062284497027927, 1.0307603268411425, 1.0093089345296224, 0.9979906618330214, 1.0120319592935068, 0.9731167369206747, 0.9644354815518414, 0.9524666590796577, 0.9663177082309017, 0.9449306310300474], 'train_accuracy': [0.47168666666666664, 0.47871851851851854, 0.5352370370370371, 0.5586666666666666, 0.5764370370370372, 0.5826962962962963, 0.5920814814814814, 0.6111555555555556, 0.6061481481481481, 0.6198444444444444, 0.6274, 0.6324962962962963, 0.6267407407407407, 0.6419481481481482, 0.6430222222222223, 0.6510074074074074, 0.6446814814814815, 0.6509777777777778], 'train_f1': [0.3723507903506051, 0.4613009773724689, 0.521881090164146, 0.5496182262972922, 0.5689604378959398, 0.5773151673214131, 0.5872911688823356, 0.6058718091734355, 0.5988343909134665, 0.6165425050187369, 0.6233658121777099, 0.6231698986783636, 0.617859271574405, 0.6395410243694909, 0.6402839771684473, 0.6461639615611994, 0.6434362092561334, 0.6477265489436391], 'train_mae': [1.9516133333333334, 1.825625925925926, 1.626762962962963, 1.564762962962963, 1.4978222222222222, 1.504, 1.4354962962962963, 1.3326444444444445, 1.3604148148148147, 1.3239185185185185, 1.308637037037037, 1.3032, 1.3133777777777778, 1.249548148148148, 1.2510444444444444, 1.2062666666666666, 1.2388592592592593, 1.2044444444444444], 'val_loss': [2.698636604309082, 2.458932278728485, 2.324740757115682, 2.2495710875829062, 2.235525271034241, 2.2221362166722614, 2.2526797594070436, 2.1816560035705566, 2.1446640476226806, 2.1894109560012818, 2.1278221206029255, 2.1320127964019777, 2.186612169710795, 2.1359849409739176, 2.117732733599345, 2.134401547431946, 2.164083018430074, 2.161258693440755], 'val_accuracy': [0.3533, 0.3899, 0.4249, 0.4467333333333333, 0.4635, 0.46926666666666667, 0.4722, 0.48736666666666667, 0.4827666666666667, 0.4925, 0.4991333333333333, 0.4969, 0.4898, 0.4993, 0.5013333333333333, 0.5070333333333333, 0.4987333333333333, 0.5033666666666666], 'val_f1': [0.2981725110737373, 0.3463510278319643, 0.3841844795351948, 0.409554926855462, 0.42821069106837073, 0.43528222839658565, 0.43836048558181434, 0.4507841444497309, 0.44623509869244854, 0.45828819115359637, 0.46471573854664555, 0.4610152284287925, 0.4534353623470007, 0.4668286964130784, 0.46926785854620967, 0.4737445403552769, 0.46366971876385094, 0.47177895689945], 'val_mae': [2.5263, 2.3117833333333335, 2.1692666666666667, 2.099666666666667, 1.9942, 2.064, 2.0059666666666667, 1.9394333333333333, 1.9759333333333333, 1.9598, 1.9261, 1.9275, 1.9072666666666667, 1.9002666666666668, 1.9243666666666666, 1.9050333333333334, 1.9331333333333334, 1.8721666666666668], 'jsd': [(0, 0.10032376063960331, 0.08871511753057906, 0.0785681200593559, 0, 0), (0.051899160321315516, 0.051899160321315516, 0.051899160321315516, 0.051899160321315516, 0.051899160321315516, 0.051899160321315516), (0, 0.051899160321315516, 0.051899160321315516, 0.051899160321315516, 0, 0), (0, 0.051899160321315516, 0.051899160321315516, 0.051899160321315516, 0, 0), (0, 0.051899160321315516, 0.051899160321315516, 0.051899160321315516, 0, 0), (0, 0.051899160321315516, 0.051899160321315516, 0.051899160321315516, 0, 0), (0, 0.051899160321315516, 0.051899160321315516, 0.051899160321315516, 0, 0), (0, 0.051899160321315516, 0.051899160321315516, 0.051899160321315516, 0, 0), (0, 0.051899160321315516, 0.051899160321315516, 0.051899160321315516, 0, 0), (0, 0.051899160321315516, 0.051899160321315516, 0.051899160321315516, 0, 0), (0, 0.051899160321315516, 0.051899160321315516, 0.051899160321315516, 0, 0), (0, 0.051899160321315516, 0.051899160321315516, 0.051899160321315516, 0, 0), (0, 0.051899160321315516, 0.051899160321315516, 0.051899160321315516, 0, 0), (0, 0.051899160321315516, 0.051899160321315516, 0.051899160321315516, 0, 0), (0, 0.051899160321315516, 0.051899160321315516, 0.051899160321315516, 0, 0), (0, 0.051899160321315516, 0.051899160321315516, 0.051899160321315516, 0, 0), (0, 0.051899160321315516, 0.051899160321315516, 0.051899160321315516, 0, 0), (0, 0.051899160321315516, 0.051899160321315516, 0.051899160321315516, 0, 0)]}}
AdaptationManager: Configuring next round...
{'client_registry': {'enabled': True, 'params': {}}, 'client_selector': {'enabled': True, 'params': {'selection_strategy': 'Resource-Based', 'selection_criteria': 'CPU', 'selection_value': 2}}, 'client_cluster': {'enabled': False, 'params': {}}, 'message_compressor': {'enabled': False, 'params': {}}, 'model_co-versioning_registry': {'enabled': False, 'params': {}}, 'multi-task_model_trainer': {'enabled': False, 'params': {}}, 'heterogeneous_data_handler': {'enabled': True, 'params': {'enabled_clients': []}}}
{'client_selector': {'enabled': True}, 'client_cluster': {'enabled': False}, 'message_compressor': {'enabled': False}, 'model_co-versioning_registry': {'enabled': False}, 'multi-task_model_trainer': {'enabled': False}, 'heterogeneous_data_handler': {'enabled': True, 'params': {'enabled_clients': ['Client 23', 'Client 24', 'Client 25', 'Client 26', 'Client 27', 'Client 28']}}, 'client_registry': {'enabled': True, 'params': {}}}
round 19, 3 high, 3 low, 0.0-iid clients, predicted best policy: client_selector activated ✅
heterogeneous_data_handler de-activated ❌
Client Client 28 has insufficient CPU (1). Will not participate in the next FL round.
Client Client 27 has insufficient CPU (1). Will not participate in the next FL round.
Client Client 24 participates in this round. (CPU: 2, RAM: 4)
Client Client 26 has insufficient CPU (1). Will not participate in the next FL round.
Client Client 23 participates in this round. (CPU: 2, RAM: 4)
Client Client 25 participates in this round. (CPU: 2, RAM: 4)
Results Aggregated in 16.93 seconds.
{'CNN 16k': {'train_loss': [1.4710873222478231, 1.3470805247130218, 1.2382132941281354, 1.1890302166303, 1.1493887541029189, 1.1186365083906387, 1.0977678117752074, 1.0523153379687558, 1.062284497027927, 1.0307603268411425, 1.0093089345296224, 0.9979906618330214, 1.0120319592935068, 0.9731167369206747, 0.9644354815518414, 0.9524666590796577, 0.9663177082309017, 0.9449306310300474, 0.9453315505804839], 'train_accuracy': [0.47168666666666664, 0.47871851851851854, 0.5352370370370371, 0.5586666666666666, 0.5764370370370372, 0.5826962962962963, 0.5920814814814814, 0.6111555555555556, 0.6061481481481481, 0.6198444444444444, 0.6274, 0.6324962962962963, 0.6267407407407407, 0.6419481481481482, 0.6430222222222223, 0.6510074074074074, 0.6446814814814815, 0.6509777777777778, 0.6513851851851852], 'train_f1': [0.3723507903506051, 0.4613009773724689, 0.521881090164146, 0.5496182262972922, 0.5689604378959398, 0.5773151673214131, 0.5872911688823356, 0.6058718091734355, 0.5988343909134665, 0.6165425050187369, 0.6233658121777099, 0.6231698986783636, 0.617859271574405, 0.6395410243694909, 0.6402839771684473, 0.6461639615611994, 0.6434362092561334, 0.6477265489436391, 0.64854125417609], 'train_mae': [1.9516133333333334, 1.825625925925926, 1.626762962962963, 1.564762962962963, 1.4978222222222222, 1.504, 1.4354962962962963, 1.3326444444444445, 1.3604148148148147, 1.3239185185185185, 1.308637037037037, 1.3032, 1.3133777777777778, 1.249548148148148, 1.2510444444444444, 1.2062666666666666, 1.2388592592592593, 1.2044444444444444, 1.178725925925926], 'val_loss': [2.698636604309082, 2.458932278728485, 2.324740757115682, 2.2495710875829062, 2.235525271034241, 2.2221362166722614, 2.2526797594070436, 2.1816560035705566, 2.1446640476226806, 2.1894109560012818, 2.1278221206029255, 2.1320127964019777, 2.186612169710795, 2.1359849409739176, 2.117732733599345, 2.134401547431946, 2.164083018430074, 2.161258693440755, 2.121102946917216], 'val_accuracy': [0.3533, 0.3899, 0.4249, 0.4467333333333333, 0.4635, 0.46926666666666667, 0.4722, 0.48736666666666667, 0.4827666666666667, 0.4925, 0.4991333333333333, 0.4969, 0.4898, 0.4993, 0.5013333333333333, 0.5070333333333333, 0.4987333333333333, 0.5033666666666666, 0.5023], 'val_f1': [0.2981725110737373, 0.3463510278319643, 0.3841844795351948, 0.409554926855462, 0.42821069106837073, 0.43528222839658565, 0.43836048558181434, 0.4507841444497309, 0.44623509869244854, 0.45828819115359637, 0.46471573854664555, 0.4610152284287925, 0.4534353623470007, 0.4668286964130784, 0.46926785854620967, 0.4737445403552769, 0.46366971876385094, 0.47177895689945, 0.4684751736713478], 'val_mae': [2.5263, 2.3117833333333335, 2.1692666666666667, 2.099666666666667, 1.9942, 2.064, 2.0059666666666667, 1.9394333333333333, 1.9759333333333333, 1.9598, 1.9261, 1.9275, 1.9072666666666667, 1.9002666666666668, 1.9243666666666666, 1.9050333333333334, 1.9331333333333334, 1.8721666666666668, 1.8718333333333332], 'jsd': [(0, 0.10032376063960331, 0.08871511753057906, 0.0785681200593559, 0, 0), (0.051899160321315516, 0.051899160321315516, 0.051899160321315516, 0.051899160321315516, 0.051899160321315516, 0.051899160321315516), (0, 0.051899160321315516, 0.051899160321315516, 0.051899160321315516, 0, 0), (0, 0.051899160321315516, 0.051899160321315516, 0.051899160321315516, 0, 0), (0, 0.051899160321315516, 0.051899160321315516, 0.051899160321315516, 0, 0), (0, 0.051899160321315516, 0.051899160321315516, 0.051899160321315516, 0, 0), (0, 0.051899160321315516, 0.051899160321315516, 0.051899160321315516, 0, 0), (0, 0.051899160321315516, 0.051899160321315516, 0.051899160321315516, 0, 0), (0, 0.051899160321315516, 0.051899160321315516, 0.051899160321315516, 0, 0), (0, 0.051899160321315516, 0.051899160321315516, 0.051899160321315516, 0, 0), (0, 0.051899160321315516, 0.051899160321315516, 0.051899160321315516, 0, 0), (0, 0.051899160321315516, 0.051899160321315516, 0.051899160321315516, 0, 0), (0, 0.051899160321315516, 0.051899160321315516, 0.051899160321315516, 0, 0), (0, 0.051899160321315516, 0.051899160321315516, 0.051899160321315516, 0, 0), (0, 0.051899160321315516, 0.051899160321315516, 0.051899160321315516, 0, 0), (0, 0.051899160321315516, 0.051899160321315516, 0.051899160321315516, 0, 0), (0, 0.051899160321315516, 0.051899160321315516, 0.051899160321315516, 0, 0), (0, 0.051899160321315516, 0.051899160321315516, 0.051899160321315516, 0, 0), (0, 0.051899160321315516, 0.051899160321315516, 0.051899160321315516, 0, 0)]}}
AdaptationManager: Configuring next round...
{'client_registry': {'enabled': True, 'params': {}}, 'client_selector': {'enabled': True, 'params': {'selection_strategy': 'Resource-Based', 'selection_criteria': 'CPU', 'selection_value': 2}}, 'client_cluster': {'enabled': False, 'params': {}}, 'message_compressor': {'enabled': False, 'params': {}}, 'model_co-versioning_registry': {'enabled': False, 'params': {}}, 'multi-task_model_trainer': {'enabled': False, 'params': {}}, 'heterogeneous_data_handler': {'enabled': True, 'params': {'enabled_clients': []}}}
{'client_selector': {'enabled': True}, 'client_cluster': {'enabled': False}, 'message_compressor': {'enabled': False}, 'model_co-versioning_registry': {'enabled': False}, 'multi-task_model_trainer': {'enabled': False}, 'heterogeneous_data_handler': {'enabled': False, 'params': {'enabled_clients': ['Client 23', 'Client 24', 'Client 25', 'Client 26', 'Client 27', 'Client 28']}}, 'client_registry': {'enabled': True, 'params': {}}}
round 20, 3 high, 3 low, 0.0-iid clients, predicted best policy: client_selector activated ✅
heterogeneous_data_handler de-activated ❌
Client Client 25 participates in this round. (CPU: 2, RAM: 4)
Client Client 27 has insufficient CPU (1). Will not participate in the next FL round.
Client Client 23 participates in this round. (CPU: 2, RAM: 4)
Client Client 28 has insufficient CPU (1). Will not participate in the next FL round.
Client Client 26 has insufficient CPU (1). Will not participate in the next FL round.
Client Client 24 participates in this round. (CPU: 2, RAM: 4)
Results Aggregated in 16.57 seconds.
{'CNN 16k': {'train_loss': [1.4710873222478231, 1.3470805247130218, 1.2382132941281354, 1.1890302166303, 1.1493887541029189, 1.1186365083906387, 1.0977678117752074, 1.0523153379687558, 1.062284497027927, 1.0307603268411425, 1.0093089345296224, 0.9979906618330214, 1.0120319592935068, 0.9731167369206747, 0.9644354815518414, 0.9524666590796577, 0.9663177082309017, 0.9449306310300474, 0.9453315505804839, 0.9357958023265556], 'train_accuracy': [0.47168666666666664, 0.47871851851851854, 0.5352370370370371, 0.5586666666666666, 0.5764370370370372, 0.5826962962962963, 0.5920814814814814, 0.6111555555555556, 0.6061481481481481, 0.6198444444444444, 0.6274, 0.6324962962962963, 0.6267407407407407, 0.6419481481481482, 0.6430222222222223, 0.6510074074074074, 0.6446814814814815, 0.6509777777777778, 0.6513851851851852, 0.6549185185185186], 'train_f1': [0.3723507903506051, 0.4613009773724689, 0.521881090164146, 0.5496182262972922, 0.5689604378959398, 0.5773151673214131, 0.5872911688823356, 0.6058718091734355, 0.5988343909134665, 0.6165425050187369, 0.6233658121777099, 0.6231698986783636, 0.617859271574405, 0.6395410243694909, 0.6402839771684473, 0.6461639615611994, 0.6434362092561334, 0.6477265489436391, 0.64854125417609, 0.6500165301921], 'train_mae': [1.9516133333333334, 1.825625925925926, 1.626762962962963, 1.564762962962963, 1.4978222222222222, 1.504, 1.4354962962962963, 1.3326444444444445, 1.3604148148148147, 1.3239185185185185, 1.308637037037037, 1.3032, 1.3133777777777778, 1.249548148148148, 1.2510444444444444, 1.2062666666666666, 1.2388592592592593, 1.2044444444444444, 1.178725925925926, 1.2050518518518518], 'val_loss': [2.698636604309082, 2.458932278728485, 2.324740757115682, 2.2495710875829062, 2.235525271034241, 2.2221362166722614, 2.2526797594070436, 2.1816560035705566, 2.1446640476226806, 2.1894109560012818, 2.1278221206029255, 2.1320127964019777, 2.186612169710795, 2.1359849409739176, 2.117732733599345, 2.134401547431946, 2.164083018430074, 2.161258693440755, 2.121102946917216, 2.151305375289917], 'val_accuracy': [0.3533, 0.3899, 0.4249, 0.4467333333333333, 0.4635, 0.46926666666666667, 0.4722, 0.48736666666666667, 0.4827666666666667, 0.4925, 0.4991333333333333, 0.4969, 0.4898, 0.4993, 0.5013333333333333, 0.5070333333333333, 0.4987333333333333, 0.5033666666666666, 0.5023, 0.5004666666666666], 'val_f1': [0.2981725110737373, 0.3463510278319643, 0.3841844795351948, 0.409554926855462, 0.42821069106837073, 0.43528222839658565, 0.43836048558181434, 0.4507841444497309, 0.44623509869244854, 0.45828819115359637, 0.46471573854664555, 0.4610152284287925, 0.4534353623470007, 0.4668286964130784, 0.46926785854620967, 0.4737445403552769, 0.46366971876385094, 0.47177895689945, 0.4684751736713478, 0.46840809600773115], 'val_mae': [2.5263, 2.3117833333333335, 2.1692666666666667, 2.099666666666667, 1.9942, 2.064, 2.0059666666666667, 1.9394333333333333, 1.9759333333333333, 1.9598, 1.9261, 1.9275, 1.9072666666666667, 1.9002666666666668, 1.9243666666666666, 1.9050333333333334, 1.9331333333333334, 1.8721666666666668, 1.8718333333333332, 1.9069333333333334], 'jsd': [(0, 0.10032376063960331, 0.08871511753057906, 0.0785681200593559, 0, 0), (0.051899160321315516, 0.051899160321315516, 0.051899160321315516, 0.051899160321315516, 0.051899160321315516, 0.051899160321315516), (0, 0.051899160321315516, 0.051899160321315516, 0.051899160321315516, 0, 0), (0, 0.051899160321315516, 0.051899160321315516, 0.051899160321315516, 0, 0), (0, 0.051899160321315516, 0.051899160321315516, 0.051899160321315516, 0, 0), (0, 0.051899160321315516, 0.051899160321315516, 0.051899160321315516, 0, 0), (0, 0.051899160321315516, 0.051899160321315516, 0.051899160321315516, 0, 0), (0, 0.051899160321315516, 0.051899160321315516, 0.051899160321315516, 0, 0), (0, 0.051899160321315516, 0.051899160321315516, 0.051899160321315516, 0, 0), (0, 0.051899160321315516, 0.051899160321315516, 0.051899160321315516, 0, 0), (0, 0.051899160321315516, 0.051899160321315516, 0.051899160321315516, 0, 0), (0, 0.051899160321315516, 0.051899160321315516, 0.051899160321315516, 0, 0), (0, 0.051899160321315516, 0.051899160321315516, 0.051899160321315516, 0, 0), (0, 0.051899160321315516, 0.051899160321315516, 0.051899160321315516, 0, 0), (0, 0.051899160321315516, 0.051899160321315516, 0.051899160321315516, 0, 0), (0, 0.051899160321315516, 0.051899160321315516, 0.051899160321315516, 0, 0), (0, 0.051899160321315516, 0.051899160321315516, 0.051899160321315516, 0, 0), (0, 0.051899160321315516, 0.051899160321315516, 0.051899160321315516, 0, 0), (0, 0.051899160321315516, 0.051899160321315516, 0.051899160321315516, 0, 0), (0, 0.051899160321315516, 0.051899160321315516, 0.051899160321315516, 0, 0)]}}
AdaptationManager: Configuring next round...
{'client_registry': {'enabled': True, 'params': {}}, 'client_selector': {'enabled': True, 'params': {'selection_strategy': 'Resource-Based', 'selection_criteria': 'CPU', 'selection_value': 2}}, 'client_cluster': {'enabled': False, 'params': {}}, 'message_compressor': {'enabled': False, 'params': {}}, 'model_co-versioning_registry': {'enabled': False, 'params': {}}, 'multi-task_model_trainer': {'enabled': False, 'params': {}}, 'heterogeneous_data_handler': {'enabled': True, 'params': {'enabled_clients': []}}}
{'client_selector': {'enabled': True}, 'client_cluster': {'enabled': False}, 'message_compressor': {'enabled': False}, 'model_co-versioning_registry': {'enabled': False}, 'multi-task_model_trainer': {'enabled': False}, 'heterogeneous_data_handler': {'enabled': False, 'params': {'enabled_clients': ['Client 23', 'Client 24', 'Client 25', 'Client 26', 'Client 27', 'Client 28']}}, 'client_registry': {'enabled': True, 'params': {}}}
round 21, 3 high, 3 low, 0.0-iid clients, predicted best policy: client_selector activated ✅
heterogeneous_data_handler de-activated ❌
