==========================================
  ___  ______  ___ ______       _ 
 / _ \ | ___ \/   ||  ___|     | |
/ /_\ \| |_/ / /| || |_ ___  __| |
|  _  ||  __/ /_| ||  _/ _ \/ _` |
| | | || |  \___  || ||  __/ (_| |
\_| |_/\_|      |_/\_| \___|\__,_| v.1.5.0

==========================================
Simulation Started!
List of the Architectural Patterns enabled:
Adaptation Enabled ✅
Metric: val_f1, bo-based: predictors/bo_model_selector_text_new.pkl
Client Registry ✅
Client Selector ✅
 AP Parameters: {'selection_strategy': 'Resource-Based', 'selection_criteria': 'CPU', 'selection_value': 2}
==========================================
Client Client 10 has insufficient CPU (1). Will not participate in the next FL round.
Client Client 5 has insufficient CPU (1). Will not participate in the next FL round.
Client Client 2 participates in this round. (CPU: 2, RAM: 4)
Client Client 7 has insufficient CPU (1). Will not participate in the next FL round.
Client Client 12 has insufficient CPU (1). Will not participate in the next FL round.
Client Client 3 participates in this round. (CPU: 2, RAM: 4)
Client Client 11 has insufficient CPU (1). Will not participate in the next FL round.
Client Client 6 has insufficient CPU (1). Will not participate in the next FL round.
Client Client 9 has insufficient CPU (1). Will not participate in the next FL round.
Client Client 4 participates in this round. (CPU: 2, RAM: 4)
Client Client 1 participates in this round. (CPU: 2, RAM: 4)
Client Client 8 has insufficient CPU (1). Will not participate in the next FL round.
Results Aggregated in 18.38 seconds.
{'TextMLP': {'train_loss': [0.44252868587772054], 'train_accuracy': [0.8538333333333333], 'train_f1': [0.385252981257749], 'train_mae': [0.16995833333333332], 'val_loss': [3.040102521494815], 'val_accuracy': [0.25], 'val_f1': [0.1], 'val_mae': [1.375], 'jsd': [(0, 0, 0, 0, 0.37636593565672816, 0.2981960650476329, 0.39504670890922783, 0.42440464723650284, 0, 0, 0, 0)]}}
AdaptationManager: Configuring next round...
{'client_registry': {'enabled': True, 'params': {}}, 'client_selector': {'enabled': True, 'params': {'selection_strategy': 'Resource-Based', 'selection_criteria': 'CPU', 'selection_value': 2}}, 'client_cluster': {'enabled': False, 'params': {}}, 'message_compressor': {'enabled': False, 'params': {}}, 'model_co-versioning_registry': {'enabled': False, 'params': {}}, 'multi-task_model_trainer': {'enabled': False, 'params': {}}, 'heterogeneous_data_handler': {'enabled': False, 'params': {}}}
{'client_selector': {'enabled': True}, 'client_cluster': {'enabled': False}, 'message_compressor': {'enabled': False}, 'model_co-versioning_registry': {'enabled': False}, 'multi-task_model_trainer': {'enabled': False}, 'heterogeneous_data_handler': {'enabled': False}, 'client_registry': {'enabled': True, 'params': {}}}
round 2, 4 high, 8 low, 0.0-iid clients, predicted best policy: client_selector activated ✅
Client Client 2 participates in this round. (CPU: 2, RAM: 4)
Client Client 6 has insufficient CPU (1). Will not participate in the next FL round.
Client Client 10 has insufficient CPU (1). Will not participate in the next FL round.
Client Client 11 has insufficient CPU (1). Will not participate in the next FL round.
Client Client 12 has insufficient CPU (1). Will not participate in the next FL round.
Client Client 8 has insufficient CPU (1). Will not participate in the next FL round.
Client Client 5 has insufficient CPU (1). Will not participate in the next FL round.
Client Client 1 participates in this round. (CPU: 2, RAM: 4)
Client Client 7 has insufficient CPU (1). Will not participate in the next FL round.
Client Client 3 participates in this round. (CPU: 2, RAM: 4)
Client Client 4 participates in this round. (CPU: 2, RAM: 4)
Client Client 9 has insufficient CPU (1). Will not participate in the next FL round.
Results Aggregated in 19.50 seconds.
{'TextMLP': {'train_loss': [0.44252868587772054, 0.8653979375362396], 'train_accuracy': [0.8538333333333333, 0.5947083333333333], 'train_f1': [0.385252981257749, 0.24824548702943955], 'train_mae': [0.16995833333333332, 0.6333333333333333], 'val_loss': [3.040102521494815, 2.8223645536523114], 'val_accuracy': [0.25, 0.25], 'val_f1': [0.1, 0.1000184346360476], 'val_mae': [1.375, 1.2502302631578948], 'jsd': [(0, 0, 0, 0, 0.37636593565672816, 0.2981960650476329, 0.39504670890922783, 0.42440464723650284, 0, 0, 0, 0), (0, 0, 0, 0, 0.21176745111766548, 0.16908769285817743, 0.2220478888848837, 0.25413018807379345, 0, 0, 0, 0)]}}
AdaptationManager: Configuring next round...
{'client_registry': {'enabled': True, 'params': {}}, 'client_selector': {'enabled': True, 'params': {'selection_strategy': 'Resource-Based', 'selection_criteria': 'CPU', 'selection_value': 2}}, 'client_cluster': {'enabled': False, 'params': {}}, 'message_compressor': {'enabled': False, 'params': {}}, 'model_co-versioning_registry': {'enabled': False, 'params': {}}, 'multi-task_model_trainer': {'enabled': False, 'params': {}}, 'heterogeneous_data_handler': {'enabled': False, 'params': {}}}
{'client_selector': {'enabled': True}, 'client_cluster': {'enabled': False}, 'message_compressor': {'enabled': False}, 'model_co-versioning_registry': {'enabled': False}, 'multi-task_model_trainer': {'enabled': False}, 'heterogeneous_data_handler': {'enabled': False}, 'client_registry': {'enabled': True, 'params': {}}}
round 3, 4 high, 8 low, 0.0-iid clients, predicted best policy: client_selector activated ✅
Client Client 7 has insufficient CPU (1). Will not participate in the next FL round.
Client Client 10 has insufficient CPU (1). Will not participate in the next FL round.
Client Client 12 has insufficient CPU (1). Will not participate in the next FL round.
Client Client 3 participates in this round. (CPU: 2, RAM: 4)
Client Client 1 participates in this round. (CPU: 2, RAM: 4)
Client Client 11 has insufficient CPU (1). Will not participate in the next FL round.
Client Client 8 has insufficient CPU (1). Will not participate in the next FL round.
Client Client 9 has insufficient CPU (1). Will not participate in the next FL round.
Client Client 2 participates in this round. (CPU: 2, RAM: 4)
Client Client 5 has insufficient CPU (1). Will not participate in the next FL round.
Client Client 4 participates in this round. (CPU: 2, RAM: 4)
Client Client 6 has insufficient CPU (1). Will not participate in the next FL round.
Results Aggregated in 19.33 seconds.
{'TextMLP': {'train_loss': [0.44252868587772054, 0.8653979375362396, 0.6882570565541585], 'train_accuracy': [0.8538333333333333, 0.5947083333333333, 0.7583611111111112], 'train_f1': [0.385252981257749, 0.24824548702943955, 0.4309161760353994], 'train_mae': [0.16995833333333332, 0.6333333333333333, 0.4000694444444444], 'val_loss': [3.040102521494815, 2.8223645536523114, 3.7382783347681947], 'val_accuracy': [0.25, 0.25, 0.3317763157894737], 'val_f1': [0.1, 0.1000184346360476, 0.20448373015635682], 'val_mae': [1.375, 1.2502302631578948, 1.1336842105263156], 'jsd': [(0, 0, 0, 0, 0.37636593565672816, 0.2981960650476329, 0.39504670890922783, 0.42440464723650284, 0, 0, 0, 0), (0, 0, 0, 0, 0.21176745111766548, 0.16908769285817743, 0.2220478888848837, 0.25413018807379345, 0, 0, 0, 0), (0, 0, 0, 0, 0.21217089471420067, 0.32204789830112157, 0.18809835387830245, 0.2730682816333988, 0, 0, 0, 0)]}}
AdaptationManager: Configuring next round...
{'client_registry': {'enabled': True, 'params': {}}, 'client_selector': {'enabled': True, 'params': {'selection_strategy': 'Resource-Based', 'selection_criteria': 'CPU', 'selection_value': 2}}, 'client_cluster': {'enabled': False, 'params': {}}, 'message_compressor': {'enabled': False, 'params': {}}, 'model_co-versioning_registry': {'enabled': False, 'params': {}}, 'multi-task_model_trainer': {'enabled': False, 'params': {}}, 'heterogeneous_data_handler': {'enabled': False, 'params': {}}}
{'client_selector': {'enabled': True}, 'client_cluster': {'enabled': False}, 'message_compressor': {'enabled': False}, 'model_co-versioning_registry': {'enabled': False}, 'multi-task_model_trainer': {'enabled': False}, 'heterogeneous_data_handler': {'enabled': False}, 'client_registry': {'enabled': True, 'params': {}}}
round 4, 4 high, 8 low, 0.0-iid clients, predicted best policy: client_selector activated ✅
Client Client 7 has insufficient CPU (1). Will not participate in the next FL round.
Client Client 11 has insufficient CPU (1). Will not participate in the next FL round.
Client Client 6 has insufficient CPU (1). Will not participate in the next FL round.
Client Client 12 has insufficient CPU (1). Will not participate in the next FL round.
Client Client 5 has insufficient CPU (1). Will not participate in the next FL round.
Client Client 2 participates in this round. (CPU: 2, RAM: 4)
Client Client 9 has insufficient CPU (1). Will not participate in the next FL round.
Client Client 3 participates in this round. (CPU: 2, RAM: 4)
Client Client 1 participates in this round. (CPU: 2, RAM: 4)
Client Client 4 participates in this round. (CPU: 2, RAM: 4)
Client Client 10 has insufficient CPU (1). Will not participate in the next FL round.
Client Client 8 has insufficient CPU (1). Will not participate in the next FL round.
Results Aggregated in 19.90 seconds.
{'TextMLP': {'train_loss': [0.44252868587772054, 0.8653979375362396, 0.6882570565541585, 0.5110911080141862], 'train_accuracy': [0.8538333333333333, 0.5947083333333333, 0.7583611111111112, 0.8072291666666667], 'train_f1': [0.385252981257749, 0.24824548702943955, 0.4309161760353994, 0.5040377245261168], 'train_mae': [0.16995833333333332, 0.6333333333333333, 0.4000694444444444, 0.31583333333333335], 'val_loss': [3.040102521494815, 2.8223645536523114, 3.7382783347681947, 4.329641060076263], 'val_accuracy': [0.25, 0.25, 0.3317763157894737, 0.3756578947368421], 'val_f1': [0.1, 0.1000184346360476, 0.20448373015635682, 0.25063298816947555], 'val_mae': [1.375, 1.2502302631578948, 1.1336842105263156, 1.0095394736842105], 'jsd': [(0, 0, 0, 0, 0.37636593565672816, 0.2981960650476329, 0.39504670890922783, 0.42440464723650284, 0, 0, 0, 0), (0, 0, 0, 0, 0.21176745111766548, 0.16908769285817743, 0.2220478888848837, 0.25413018807379345, 0, 0, 0, 0), (0, 0, 0, 0, 0.21217089471420067, 0.32204789830112157, 0.18809835387830245, 0.2730682816333988, 0, 0, 0, 0), (0, 0, 0, 0, 0.29707990655075733, 0.23701931350761388, 0.18785954777237332, 0.2674333471085494, 0, 0, 0, 0)]}}
AdaptationManager: Configuring next round...
{'client_registry': {'enabled': True, 'params': {}}, 'client_selector': {'enabled': True, 'params': {'selection_strategy': 'Resource-Based', 'selection_criteria': 'CPU', 'selection_value': 2}}, 'client_cluster': {'enabled': False, 'params': {}}, 'message_compressor': {'enabled': False, 'params': {}}, 'model_co-versioning_registry': {'enabled': False, 'params': {}}, 'multi-task_model_trainer': {'enabled': False, 'params': {}}, 'heterogeneous_data_handler': {'enabled': False, 'params': {}}}
{'client_selector': {'enabled': True}, 'client_cluster': {'enabled': False}, 'message_compressor': {'enabled': False}, 'model_co-versioning_registry': {'enabled': False}, 'multi-task_model_trainer': {'enabled': False}, 'heterogeneous_data_handler': {'enabled': False}, 'client_registry': {'enabled': True, 'params': {}}}
round 5, 4 high, 8 low, 0.0-iid clients, predicted best policy: client_selector activated ✅
Client Client 3 participates in this round. (CPU: 2, RAM: 4)
Client Client 10 has insufficient CPU (1). Will not participate in the next FL round.
Client Client 12 has insufficient CPU (1). Will not participate in the next FL round.
Client Client 11 has insufficient CPU (1). Will not participate in the next FL round.
Client Client 1 participates in this round. (CPU: 2, RAM: 4)
Client Client 7 has insufficient CPU (1). Will not participate in the next FL round.
Client Client 6 has insufficient CPU (1). Will not participate in the next FL round.
Client Client 5 has insufficient CPU (1). Will not participate in the next FL round.
Client Client 2 participates in this round. (CPU: 2, RAM: 4)
Client Client 9 has insufficient CPU (1). Will not participate in the next FL round.
Client Client 8 has insufficient CPU (1). Will not participate in the next FL round.
Client Client 4 participates in this round. (CPU: 2, RAM: 4)
Results Aggregated in 21.67 seconds.
{'TextMLP': {'train_loss': [0.44252868587772054, 0.8653979375362396, 0.6882570565541585, 0.5110911080141862, 0.40662587153514224], 'train_accuracy': [0.8538333333333333, 0.5947083333333333, 0.7583611111111112, 0.8072291666666667, 0.8442583333333333], 'train_f1': [0.385252981257749, 0.24824548702943955, 0.4309161760353994, 0.5040377245261168, 0.5587469889322688], 'train_mae': [0.16995833333333332, 0.6333333333333333, 0.4000694444444444, 0.31583333333333335, 0.24576666666666666], 'val_loss': [3.040102521494815, 2.8223645536523114, 3.7382783347681947, 4.329641060076263, 5.148105338498165], 'val_accuracy': [0.25, 0.25, 0.3317763157894737, 0.3756578947368421, 0.4149671052631579], 'val_f1': [0.1, 0.1000184346360476, 0.20448373015635682, 0.25063298816947555, 0.2891487241151368], 'val_mae': [1.375, 1.2502302631578948, 1.1336842105263156, 1.0095394736842105, 0.9220723684210527], 'jsd': [(0, 0, 0, 0, 0.37636593565672816, 0.2981960650476329, 0.39504670890922783, 0.42440464723650284, 0, 0, 0, 0), (0, 0, 0, 0, 0.21176745111766548, 0.16908769285817743, 0.2220478888848837, 0.25413018807379345, 0, 0, 0, 0), (0, 0, 0, 0, 0.21217089471420067, 0.32204789830112157, 0.18809835387830245, 0.2730682816333988, 0, 0, 0, 0), (0, 0, 0, 0, 0.29707990655075733, 0.23701931350761388, 0.18785954777237332, 0.2674333471085494, 0, 0, 0, 0), (0, 0, 0, 0, 0.2934831447462839, 0.2075548524137249, 0.29007488278363763, 0.2651792435601586, 0, 0, 0, 0)]}}
AdaptationManager: Configuring next round...
{'client_registry': {'enabled': True, 'params': {}}, 'client_selector': {'enabled': True, 'params': {'selection_strategy': 'Resource-Based', 'selection_criteria': 'CPU', 'selection_value': 2}}, 'client_cluster': {'enabled': False, 'params': {}}, 'message_compressor': {'enabled': False, 'params': {}}, 'model_co-versioning_registry': {'enabled': False, 'params': {}}, 'multi-task_model_trainer': {'enabled': False, 'params': {}}, 'heterogeneous_data_handler': {'enabled': False, 'params': {}}}
{'client_selector': {'enabled': True}, 'client_cluster': {'enabled': False}, 'message_compressor': {'enabled': False}, 'model_co-versioning_registry': {'enabled': False}, 'multi-task_model_trainer': {'enabled': False}, 'heterogeneous_data_handler': {'enabled': False}, 'client_registry': {'enabled': True, 'params': {}}}
round 6, 4 high, 8 low, 0.0-iid clients, predicted best policy: client_selector activated ✅
Client Client 3 participates in this round. (CPU: 2, RAM: 4)
Client Client 10 has insufficient CPU (1). Will not participate in the next FL round.
Client Client 7 has insufficient CPU (1). Will not participate in the next FL round.
Client Client 4 participates in this round. (CPU: 2, RAM: 4)
Client Client 5 has insufficient CPU (1). Will not participate in the next FL round.
Client Client 11 has insufficient CPU (1). Will not participate in the next FL round.
Client Client 1 participates in this round. (CPU: 2, RAM: 4)
Client Client 6 has insufficient CPU (1). Will not participate in the next FL round.
Client Client 8 has insufficient CPU (1). Will not participate in the next FL round.
Client Client 12 has insufficient CPU (1). Will not participate in the next FL round.
Client Client 2 participates in this round. (CPU: 2, RAM: 4)
Client Client 9 has insufficient CPU (1). Will not participate in the next FL round.
Results Aggregated in 21.46 seconds.
{'TextMLP': {'train_loss': [0.44252868587772054, 0.8653979375362396, 0.6882570565541585, 0.5110911080141862, 0.40662587153514224, 0.4063296196195814], 'train_accuracy': [0.8538333333333333, 0.5947083333333333, 0.7583611111111112, 0.8072291666666667, 0.8442583333333333, 0.8471736111111111], 'train_f1': [0.385252981257749, 0.24824548702943955, 0.4309161760353994, 0.5040377245261168, 0.5587469889322688, 0.6336284367829507], 'train_mae': [0.16995833333333332, 0.6333333333333333, 0.4000694444444444, 0.31583333333333335, 0.24576666666666666, 0.2265486111111111], 'val_loss': [3.040102521494815, 2.8223645536523114, 3.7382783347681947, 4.329641060076263, 5.148105338498165, 5.511479961244683], 'val_accuracy': [0.25, 0.25, 0.3317763157894737, 0.3756578947368421, 0.4149671052631579, 0.47963815789473685], 'val_f1': [0.1, 0.1000184346360476, 0.20448373015635682, 0.25063298816947555, 0.2891487241151368, 0.36503916431445643], 'val_mae': [1.375, 1.2502302631578948, 1.1336842105263156, 1.0095394736842105, 0.9220723684210527, 0.7570065789473684], 'jsd': [(0, 0, 0, 0, 0.37636593565672816, 0.2981960650476329, 0.39504670890922783, 0.42440464723650284, 0, 0, 0, 0), (0, 0, 0, 0, 0.21176745111766548, 0.16908769285817743, 0.2220478888848837, 0.25413018807379345, 0, 0, 0, 0), (0, 0, 0, 0, 0.21217089471420067, 0.32204789830112157, 0.18809835387830245, 0.2730682816333988, 0, 0, 0, 0), (0, 0, 0, 0, 0.29707990655075733, 0.23701931350761388, 0.18785954777237332, 0.2674333471085494, 0, 0, 0, 0), (0, 0, 0, 0, 0.2934831447462839, 0.2075548524137249, 0.29007488278363763, 0.2651792435601586, 0, 0, 0, 0), (0, 0, 0, 0, 0.2508810807438266, 0.2096193924335741, 0.2942582900686724, 0.2188810588490307, 0, 0, 0, 0)]}}
AdaptationManager: Configuring next round...
{'client_registry': {'enabled': True, 'params': {}}, 'client_selector': {'enabled': True, 'params': {'selection_strategy': 'Resource-Based', 'selection_criteria': 'CPU', 'selection_value': 2}}, 'client_cluster': {'enabled': False, 'params': {}}, 'message_compressor': {'enabled': False, 'params': {}}, 'model_co-versioning_registry': {'enabled': False, 'params': {}}, 'multi-task_model_trainer': {'enabled': False, 'params': {}}, 'heterogeneous_data_handler': {'enabled': False, 'params': {}}}
{'client_selector': {'enabled': True}, 'client_cluster': {'enabled': False}, 'message_compressor': {'enabled': False}, 'model_co-versioning_registry': {'enabled': False}, 'multi-task_model_trainer': {'enabled': False}, 'heterogeneous_data_handler': {'enabled': False}, 'client_registry': {'enabled': True, 'params': {}}}
round 7, 4 high, 8 low, 0.0-iid clients, predicted best policy: client_selector activated ✅
Client Client 7 has insufficient CPU (1). Will not participate in the next FL round.
Client Client 12 has insufficient CPU (1). Will not participate in the next FL round.
Client Client 2 participates in this round. (CPU: 2, RAM: 4)
Client Client 10 has insufficient CPU (1). Will not participate in the next FL round.
Client Client 6 has insufficient CPU (1). Will not participate in the next FL round.
Client Client 4 participates in this round. (CPU: 2, RAM: 4)
Client Client 5 has insufficient CPU (1). Will not participate in the next FL round.
Client Client 11 has insufficient CPU (1). Will not participate in the next FL round.
Client Client 3 participates in this round. (CPU: 2, RAM: 4)
Client Client 1 participates in this round. (CPU: 2, RAM: 4)
Client Client 8 has insufficient CPU (1). Will not participate in the next FL round.
Client Client 9 has insufficient CPU (1). Will not participate in the next FL round.
Results Aggregated in 22.63 seconds.
{'TextMLP': {'train_loss': [0.44252868587772054, 0.8653979375362396, 0.6882570565541585, 0.5110911080141862, 0.40662587153514224, 0.4063296196195814, 0.35011342266450324], 'train_accuracy': [0.8538333333333333, 0.5947083333333333, 0.7583611111111112, 0.8072291666666667, 0.8442583333333333, 0.8471736111111111, 0.8655833333333334], 'train_f1': [0.385252981257749, 0.24824548702943955, 0.4309161760353994, 0.5040377245261168, 0.5587469889322688, 0.6336284367829507, 0.6965076056807911], 'train_mae': [0.16995833333333332, 0.6333333333333333, 0.4000694444444444, 0.31583333333333335, 0.24576666666666666, 0.2265486111111111, 0.20356547619047619], 'val_loss': [3.040102521494815, 2.8223645536523114, 3.7382783347681947, 4.329641060076263, 5.148105338498165, 5.511479961244683, 5.7357981957887345], 'val_accuracy': [0.25, 0.25, 0.3317763157894737, 0.3756578947368421, 0.4149671052631579, 0.47963815789473685, 0.5088815789473684], 'val_f1': [0.1, 0.1000184346360476, 0.20448373015635682, 0.25063298816947555, 0.2891487241151368, 0.36503916431445643, 0.40971573364523095], 'val_mae': [1.375, 1.2502302631578948, 1.1336842105263156, 1.0095394736842105, 0.9220723684210527, 0.7570065789473684, 0.7645394736842106], 'jsd': [(0, 0, 0, 0, 0.37636593565672816, 0.2981960650476329, 0.39504670890922783, 0.42440464723650284, 0, 0, 0, 0), (0, 0, 0, 0, 0.21176745111766548, 0.16908769285817743, 0.2220478888848837, 0.25413018807379345, 0, 0, 0, 0), (0, 0, 0, 0, 0.21217089471420067, 0.32204789830112157, 0.18809835387830245, 0.2730682816333988, 0, 0, 0, 0), (0, 0, 0, 0, 0.29707990655075733, 0.23701931350761388, 0.18785954777237332, 0.2674333471085494, 0, 0, 0, 0), (0, 0, 0, 0, 0.2934831447462839, 0.2075548524137249, 0.29007488278363763, 0.2651792435601586, 0, 0, 0, 0), (0, 0, 0, 0, 0.2508810807438266, 0.2096193924335741, 0.2942582900686724, 0.2188810588490307, 0, 0, 0, 0), (0, 0, 0, 0, 0.2543123695231135, 0.1858294685031721, 0.29416063676304405, 0.23471319353625722, 0, 0, 0, 0)]}}
AdaptationManager: Configuring next round...
{'client_registry': {'enabled': True, 'params': {}}, 'client_selector': {'enabled': True, 'params': {'selection_strategy': 'Resource-Based', 'selection_criteria': 'CPU', 'selection_value': 2}}, 'client_cluster': {'enabled': False, 'params': {}}, 'message_compressor': {'enabled': False, 'params': {}}, 'model_co-versioning_registry': {'enabled': False, 'params': {}}, 'multi-task_model_trainer': {'enabled': False, 'params': {}}, 'heterogeneous_data_handler': {'enabled': False, 'params': {}}}
{'client_selector': {'enabled': True}, 'client_cluster': {'enabled': False}, 'message_compressor': {'enabled': False}, 'model_co-versioning_registry': {'enabled': False}, 'multi-task_model_trainer': {'enabled': False}, 'heterogeneous_data_handler': {'enabled': False}, 'client_registry': {'enabled': True, 'params': {}}}
round 8, 4 high, 8 low, 0.0-iid clients, predicted best policy: client_selector activated ✅
Client Client 12 has insufficient CPU (1). Will not participate in the next FL round.
Client Client 7 has insufficient CPU (1). Will not participate in the next FL round.
Client Client 6 has insufficient CPU (1). Will not participate in the next FL round.
Client Client 10 has insufficient CPU (1). Will not participate in the next FL round.
Client Client 11 has insufficient CPU (1). Will not participate in the next FL round.
Client Client 1 participates in this round. (CPU: 2, RAM: 4)
Client Client 2 participates in this round. (CPU: 2, RAM: 4)
Client Client 9 has insufficient CPU (1). Will not participate in the next FL round.
Client Client 3 participates in this round. (CPU: 2, RAM: 4)
Client Client 8 has insufficient CPU (1). Will not participate in the next FL round.
Client Client 4 participates in this round. (CPU: 2, RAM: 4)
Client Client 5 has insufficient CPU (1). Will not participate in the next FL round.
Results Aggregated in 22.62 seconds.
{'TextMLP': {'train_loss': [0.44252868587772054, 0.8653979375362396, 0.6882570565541585, 0.5110911080141862, 0.40662587153514224, 0.4063296196195814, 0.35011342266450324, 0.31914137697468203], 'train_accuracy': [0.8538333333333333, 0.5947083333333333, 0.7583611111111112, 0.8072291666666667, 0.8442583333333333, 0.8471736111111111, 0.8655833333333334, 0.87971875], 'train_f1': [0.385252981257749, 0.24824548702943955, 0.4309161760353994, 0.5040377245261168, 0.5587469889322688, 0.6336284367829507, 0.6965076056807911, 0.7981315799428206], 'train_mae': [0.16995833333333332, 0.6333333333333333, 0.4000694444444444, 0.31583333333333335, 0.24576666666666666, 0.2265486111111111, 0.20356547619047619, 0.18110416666666668], 'val_loss': [3.040102521494815, 2.8223645536523114, 3.7382783347681947, 4.329641060076263, 5.148105338498165, 5.511479961244683, 5.7357981957887345, 5.685168709253011], 'val_accuracy': [0.25, 0.25, 0.3317763157894737, 0.3756578947368421, 0.4149671052631579, 0.47963815789473685, 0.5088815789473684, 0.5740131578947368], 'val_f1': [0.1, 0.1000184346360476, 0.20448373015635682, 0.25063298816947555, 0.2891487241151368, 0.36503916431445643, 0.40971573364523095, 0.4923337154209231], 'val_mae': [1.375, 1.2502302631578948, 1.1336842105263156, 1.0095394736842105, 0.9220723684210527, 0.7570065789473684, 0.7645394736842106, 0.7204934210526317], 'jsd': [(0, 0, 0, 0, 0.37636593565672816, 0.2981960650476329, 0.39504670890922783, 0.42440464723650284, 0, 0, 0, 0), (0, 0, 0, 0, 0.21176745111766548, 0.16908769285817743, 0.2220478888848837, 0.25413018807379345, 0, 0, 0, 0), (0, 0, 0, 0, 0.21217089471420067, 0.32204789830112157, 0.18809835387830245, 0.2730682816333988, 0, 0, 0, 0), (0, 0, 0, 0, 0.29707990655075733, 0.23701931350761388, 0.18785954777237332, 0.2674333471085494, 0, 0, 0, 0), (0, 0, 0, 0, 0.2934831447462839, 0.2075548524137249, 0.29007488278363763, 0.2651792435601586, 0, 0, 0, 0), (0, 0, 0, 0, 0.2508810807438266, 0.2096193924335741, 0.2942582900686724, 0.2188810588490307, 0, 0, 0, 0), (0, 0, 0, 0, 0.2543123695231135, 0.1858294685031721, 0.29416063676304405, 0.23471319353625722, 0, 0, 0, 0), (0, 0, 0, 0, 0.2434349280421633, 0.1813616394780662, 0.2341569909328582, 0.2459921155390843, 0, 0, 0, 0)]}}
AdaptationManager: Configuring next round...
{'client_registry': {'enabled': True, 'params': {}}, 'client_selector': {'enabled': True, 'params': {'selection_strategy': 'Resource-Based', 'selection_criteria': 'CPU', 'selection_value': 2}}, 'client_cluster': {'enabled': False, 'params': {}}, 'message_compressor': {'enabled': False, 'params': {}}, 'model_co-versioning_registry': {'enabled': False, 'params': {}}, 'multi-task_model_trainer': {'enabled': False, 'params': {}}, 'heterogeneous_data_handler': {'enabled': False, 'params': {}}}
{'client_selector': {'enabled': True}, 'client_cluster': {'enabled': False}, 'message_compressor': {'enabled': False}, 'model_co-versioning_registry': {'enabled': False}, 'multi-task_model_trainer': {'enabled': False}, 'heterogeneous_data_handler': {'enabled': False}, 'client_registry': {'enabled': True, 'params': {}}}
round 9, 4 high, 8 low, 0.0-iid clients, predicted best policy: client_selector activated ✅
Client Client 6 has insufficient CPU (1). Will not participate in the next FL round.
Client Client 1 participates in this round. (CPU: 2, RAM: 4)
Client Client 10 has insufficient CPU (1). Will not participate in the next FL round.
Client Client 5 has insufficient CPU (1). Will not participate in the next FL round.
Client Client 11 has insufficient CPU (1). Will not participate in the next FL round.
Client Client 2 participates in this round. (CPU: 2, RAM: 4)
Client Client 12 has insufficient CPU (1). Will not participate in the next FL round.
Client Client 7 has insufficient CPU (1). Will not participate in the next FL round.
Client Client 8 has insufficient CPU (1). Will not participate in the next FL round.
Client Client 9 has insufficient CPU (1). Will not participate in the next FL round.
Client Client 4 participates in this round. (CPU: 2, RAM: 4)
Client Client 3 participates in this round. (CPU: 2, RAM: 4)
Results Aggregated in 25.59 seconds.
{'TextMLP': {'train_loss': [0.44252868587772054, 0.8653979375362396, 0.6882570565541585, 0.5110911080141862, 0.40662587153514224, 0.4063296196195814, 0.35011342266450324, 0.31914137697468203, 0.29068403132315035], 'train_accuracy': [0.8538333333333333, 0.5947083333333333, 0.7583611111111112, 0.8072291666666667, 0.8442583333333333, 0.8471736111111111, 0.8655833333333334, 0.87971875, 0.8892916666666667], 'train_f1': [0.385252981257749, 0.24824548702943955, 0.4309161760353994, 0.5040377245261168, 0.5587469889322688, 0.6336284367829507, 0.6965076056807911, 0.7981315799428206, 0.8196265167608594], 'train_mae': [0.16995833333333332, 0.6333333333333333, 0.4000694444444444, 0.31583333333333335, 0.24576666666666666, 0.2265486111111111, 0.20356547619047619, 0.18110416666666668, 0.1700648148148148], 'val_loss': [3.040102521494815, 2.8223645536523114, 3.7382783347681947, 4.329641060076263, 5.148105338498165, 5.511479961244683, 5.7357981957887345, 5.685168709253011, 5.6476435440465025], 'val_accuracy': [0.25, 0.25, 0.3317763157894737, 0.3756578947368421, 0.4149671052631579, 0.47963815789473685, 0.5088815789473684, 0.5740131578947368, 0.5871710526315789], 'val_f1': [0.1, 0.1000184346360476, 0.20448373015635682, 0.25063298816947555, 0.2891487241151368, 0.36503916431445643, 0.40971573364523095, 0.4923337154209231, 0.508520952601605], 'val_mae': [1.375, 1.2502302631578948, 1.1336842105263156, 1.0095394736842105, 0.9220723684210527, 0.7570065789473684, 0.7645394736842106, 0.7204934210526317, 0.7172368421052631], 'jsd': [(0, 0, 0, 0, 0.37636593565672816, 0.2981960650476329, 0.39504670890922783, 0.42440464723650284, 0, 0, 0, 0), (0, 0, 0, 0, 0.21176745111766548, 0.16908769285817743, 0.2220478888848837, 0.25413018807379345, 0, 0, 0, 0), (0, 0, 0, 0, 0.21217089471420067, 0.32204789830112157, 0.18809835387830245, 0.2730682816333988, 0, 0, 0, 0), (0, 0, 0, 0, 0.29707990655075733, 0.23701931350761388, 0.18785954777237332, 0.2674333471085494, 0, 0, 0, 0), (0, 0, 0, 0, 0.2934831447462839, 0.2075548524137249, 0.29007488278363763, 0.2651792435601586, 0, 0, 0, 0), (0, 0, 0, 0, 0.2508810807438266, 0.2096193924335741, 0.2942582900686724, 0.2188810588490307, 0, 0, 0, 0), (0, 0, 0, 0, 0.2543123695231135, 0.1858294685031721, 0.29416063676304405, 0.23471319353625722, 0, 0, 0, 0), (0, 0, 0, 0, 0.2434349280421633, 0.1813616394780662, 0.2341569909328582, 0.2459921155390843, 0, 0, 0, 0), (0, 0, 0, 0, 0.23249588725331213, 0.20581793706698598, 0.2638773516686664, 0.234537875268096, 0, 0, 0, 0)]}}
AdaptationManager: Configuring next round...
{'client_registry': {'enabled': True, 'params': {}}, 'client_selector': {'enabled': True, 'params': {'selection_strategy': 'Resource-Based', 'selection_criteria': 'CPU', 'selection_value': 2}}, 'client_cluster': {'enabled': False, 'params': {}}, 'message_compressor': {'enabled': False, 'params': {}}, 'model_co-versioning_registry': {'enabled': False, 'params': {}}, 'multi-task_model_trainer': {'enabled': False, 'params': {}}, 'heterogeneous_data_handler': {'enabled': False, 'params': {}}}
{'client_selector': {'enabled': True}, 'client_cluster': {'enabled': False}, 'message_compressor': {'enabled': False}, 'model_co-versioning_registry': {'enabled': False}, 'multi-task_model_trainer': {'enabled': False}, 'heterogeneous_data_handler': {'enabled': False}, 'client_registry': {'enabled': True, 'params': {}}}
round 10, 4 high, 8 low, 0.0-iid clients, predicted best policy: client_selector activated ✅
Client Client 7 has insufficient CPU (1). Will not participate in the next FL round.
Client Client 5 has insufficient CPU (1). Will not participate in the next FL round.
Client Client 6 has insufficient CPU (1). Will not participate in the next FL round.
Client Client 11 has insufficient CPU (1). Will not participate in the next FL round.
Client Client 10 has insufficient CPU (1). Will not participate in the next FL round.
Client Client 1 participates in this round. (CPU: 2, RAM: 4)
Client Client 9 has insufficient CPU (1). Will not participate in the next FL round.
Client Client 8 has insufficient CPU (1). Will not participate in the next FL round.
Client Client 4 participates in this round. (CPU: 2, RAM: 4)
Client Client 12 has insufficient CPU (1). Will not participate in the next FL round.
Client Client 3 participates in this round. (CPU: 2, RAM: 4)
Client Client 2 participates in this round. (CPU: 2, RAM: 4)
Results Aggregated in 22.85 seconds.
{'TextMLP': {'train_loss': [0.44252868587772054, 0.8653979375362396, 0.6882570565541585, 0.5110911080141862, 0.40662587153514224, 0.4063296196195814, 0.35011342266450324, 0.31914137697468203, 0.29068403132315035, 0.2592575860023498], 'train_accuracy': [0.8538333333333333, 0.5947083333333333, 0.7583611111111112, 0.8072291666666667, 0.8442583333333333, 0.8471736111111111, 0.8655833333333334, 0.87971875, 0.8892916666666667, 0.902525], 'train_f1': [0.385252981257749, 0.24824548702943955, 0.4309161760353994, 0.5040377245261168, 0.5587469889322688, 0.6336284367829507, 0.6965076056807911, 0.7981315799428206, 0.8196265167608594, 0.8382742129484996], 'train_mae': [0.16995833333333332, 0.6333333333333333, 0.4000694444444444, 0.31583333333333335, 0.24576666666666666, 0.2265486111111111, 0.20356547619047619, 0.18110416666666668, 0.1700648148148148, 0.15049583333333333], 'val_loss': [3.040102521494815, 2.8223645536523114, 3.7382783347681947, 4.329641060076263, 5.148105338498165, 5.511479961244683, 5.7357981957887345, 5.685168709253011, 5.6476435440465025, 5.488767293126959], 'val_accuracy': [0.25, 0.25, 0.3317763157894737, 0.3756578947368421, 0.4149671052631579, 0.47963815789473685, 0.5088815789473684, 0.5740131578947368, 0.5871710526315789, 0.606546052631579], 'val_f1': [0.1, 0.1000184346360476, 0.20448373015635682, 0.25063298816947555, 0.2891487241151368, 0.36503916431445643, 0.40971573364523095, 0.4923337154209231, 0.508520952601605, 0.5266260324431924], 'val_mae': [1.375, 1.2502302631578948, 1.1336842105263156, 1.0095394736842105, 0.9220723684210527, 0.7570065789473684, 0.7645394736842106, 0.7204934210526317, 0.7172368421052631, 0.680921052631579], 'jsd': [(0, 0, 0, 0, 0.37636593565672816, 0.2981960650476329, 0.39504670890922783, 0.42440464723650284, 0, 0, 0, 0), (0, 0, 0, 0, 0.21176745111766548, 0.16908769285817743, 0.2220478888848837, 0.25413018807379345, 0, 0, 0, 0), (0, 0, 0, 0, 0.21217089471420067, 0.32204789830112157, 0.18809835387830245, 0.2730682816333988, 0, 0, 0, 0), (0, 0, 0, 0, 0.29707990655075733, 0.23701931350761388, 0.18785954777237332, 0.2674333471085494, 0, 0, 0, 0), (0, 0, 0, 0, 0.2934831447462839, 0.2075548524137249, 0.29007488278363763, 0.2651792435601586, 0, 0, 0, 0), (0, 0, 0, 0, 0.2508810807438266, 0.2096193924335741, 0.2942582900686724, 0.2188810588490307, 0, 0, 0, 0), (0, 0, 0, 0, 0.2543123695231135, 0.1858294685031721, 0.29416063676304405, 0.23471319353625722, 0, 0, 0, 0), (0, 0, 0, 0, 0.2434349280421633, 0.1813616394780662, 0.2341569909328582, 0.2459921155390843, 0, 0, 0, 0), (0, 0, 0, 0, 0.23249588725331213, 0.20581793706698598, 0.2638773516686664, 0.234537875268096, 0, 0, 0, 0), (0, 0, 0, 0, 0.223380937985149, 0.23256072509228598, 0.28065658909215385, 0.24619759914812772, 0, 0, 0, 0)]}}
AdaptationManager: Configuring next round...
{'client_registry': {'enabled': True, 'params': {}}, 'client_selector': {'enabled': True, 'params': {'selection_strategy': 'Resource-Based', 'selection_criteria': 'CPU', 'selection_value': 2}}, 'client_cluster': {'enabled': False, 'params': {}}, 'message_compressor': {'enabled': False, 'params': {}}, 'model_co-versioning_registry': {'enabled': False, 'params': {}}, 'multi-task_model_trainer': {'enabled': False, 'params': {}}, 'heterogeneous_data_handler': {'enabled': False, 'params': {}}}
{'client_selector': {'enabled': True}, 'client_cluster': {'enabled': False}, 'message_compressor': {'enabled': False}, 'model_co-versioning_registry': {'enabled': False}, 'multi-task_model_trainer': {'enabled': False}, 'heterogeneous_data_handler': {'enabled': False}, 'client_registry': {'enabled': True, 'params': {}}}
round 11, 4 high, 8 low, 0.0-iid clients, predicted best policy: client_selector activated ✅
Client Client 10 has insufficient CPU (1). Will not participate in the next FL round.
Client Client 11 has insufficient CPU (1). Will not participate in the next FL round.
Client Client 12 has insufficient CPU (1). Will not participate in the next FL round.
Client Client 6 has insufficient CPU (1). Will not participate in the next FL round.
Client Client 3 participates in this round. (CPU: 2, RAM: 4)
Client Client 4 participates in this round. (CPU: 2, RAM: 4)
Client Client 5 has insufficient CPU (1). Will not participate in the next FL round.
Client Client 1 participates in this round. (CPU: 2, RAM: 4)
Client Client 9 has insufficient CPU (1). Will not participate in the next FL round.
Client Client 8 has insufficient CPU (1). Will not participate in the next FL round.
Client Client 2 participates in this round. (CPU: 2, RAM: 4)
Client Client 7 has insufficient CPU (1). Will not participate in the next FL round.
Results Aggregated in 24.41 seconds.
{'TextMLP': {'train_loss': [0.44252868587772054, 0.8653979375362396, 0.6882570565541585, 0.5110911080141862, 0.40662587153514224, 0.4063296196195814, 0.35011342266450324, 0.31914137697468203, 0.29068403132315035, 0.2592575860023498, 0.2569158473954056], 'train_accuracy': [0.8538333333333333, 0.5947083333333333, 0.7583611111111112, 0.8072291666666667, 0.8442583333333333, 0.8471736111111111, 0.8655833333333334, 0.87971875, 0.8892916666666667, 0.902525, 0.9038333333333334], 'train_f1': [0.385252981257749, 0.24824548702943955, 0.4309161760353994, 0.5040377245261168, 0.5587469889322688, 0.6336284367829507, 0.6965076056807911, 0.7981315799428206, 0.8196265167608594, 0.8382742129484996, 0.8487513437491533], 'train_mae': [0.16995833333333332, 0.6333333333333333, 0.4000694444444444, 0.31583333333333335, 0.24576666666666666, 0.2265486111111111, 0.20356547619047619, 0.18110416666666668, 0.1700648148148148, 0.15049583333333333, 0.15126136363636364], 'val_loss': [3.040102521494815, 2.8223645536523114, 3.7382783347681947, 4.329641060076263, 5.148105338498165, 5.511479961244683, 5.7357981957887345, 5.685168709253011, 5.6476435440465025, 5.488767293126959, 5.451609753809477], 'val_accuracy': [0.25, 0.25, 0.3317763157894737, 0.3756578947368421, 0.4149671052631579, 0.47963815789473685, 0.5088815789473684, 0.5740131578947368, 0.5871710526315789, 0.606546052631579, 0.6242434210526315], 'val_f1': [0.1, 0.1000184346360476, 0.20448373015635682, 0.25063298816947555, 0.2891487241151368, 0.36503916431445643, 0.40971573364523095, 0.4923337154209231, 0.508520952601605, 0.5266260324431924, 0.5407232606321807], 'val_mae': [1.375, 1.2502302631578948, 1.1336842105263156, 1.0095394736842105, 0.9220723684210527, 0.7570065789473684, 0.7645394736842106, 0.7204934210526317, 0.7172368421052631, 0.680921052631579, 0.6276315789473685], 'jsd': [(0, 0, 0, 0, 0.37636593565672816, 0.2981960650476329, 0.39504670890922783, 0.42440464723650284, 0, 0, 0, 0), (0, 0, 0, 0, 0.21176745111766548, 0.16908769285817743, 0.2220478888848837, 0.25413018807379345, 0, 0, 0, 0), (0, 0, 0, 0, 0.21217089471420067, 0.32204789830112157, 0.18809835387830245, 0.2730682816333988, 0, 0, 0, 0), (0, 0, 0, 0, 0.29707990655075733, 0.23701931350761388, 0.18785954777237332, 0.2674333471085494, 0, 0, 0, 0), (0, 0, 0, 0, 0.2934831447462839, 0.2075548524137249, 0.29007488278363763, 0.2651792435601586, 0, 0, 0, 0), (0, 0, 0, 0, 0.2508810807438266, 0.2096193924335741, 0.2942582900686724, 0.2188810588490307, 0, 0, 0, 0), (0, 0, 0, 0, 0.2543123695231135, 0.1858294685031721, 0.29416063676304405, 0.23471319353625722, 0, 0, 0, 0), (0, 0, 0, 0, 0.2434349280421633, 0.1813616394780662, 0.2341569909328582, 0.2459921155390843, 0, 0, 0, 0), (0, 0, 0, 0, 0.23249588725331213, 0.20581793706698598, 0.2638773516686664, 0.234537875268096, 0, 0, 0, 0), (0, 0, 0, 0, 0.223380937985149, 0.23256072509228598, 0.28065658909215385, 0.24619759914812772, 0, 0, 0, 0), (0, 0, 0, 0, 0.22299419164084838, 0.24133898641743812, 0.2484340682092796, 0.24620526659899916, 0, 0, 0, 0)]}}
AdaptationManager: Configuring next round...
{'client_registry': {'enabled': True, 'params': {}}, 'client_selector': {'enabled': True, 'params': {'selection_strategy': 'Resource-Based', 'selection_criteria': 'CPU', 'selection_value': 2}}, 'client_cluster': {'enabled': False, 'params': {}}, 'message_compressor': {'enabled': False, 'params': {}}, 'model_co-versioning_registry': {'enabled': False, 'params': {}}, 'multi-task_model_trainer': {'enabled': False, 'params': {}}, 'heterogeneous_data_handler': {'enabled': False, 'params': {}}}
{'client_selector': {'enabled': True}, 'client_cluster': {'enabled': False}, 'message_compressor': {'enabled': False}, 'model_co-versioning_registry': {'enabled': False}, 'multi-task_model_trainer': {'enabled': False}, 'heterogeneous_data_handler': {'enabled': False}, 'client_registry': {'enabled': True, 'params': {}}}
round 12, 4 high, 8 low, 0.0-iid clients, predicted best policy: client_selector activated ✅
Client Client 11 has insufficient CPU (1). Will not participate in the next FL round.
Client Client 7 has insufficient CPU (1). Will not participate in the next FL round.
Client Client 2 participates in this round. (CPU: 2, RAM: 4)
Client Client 10 has insufficient CPU (1). Will not participate in the next FL round.
Client Client 6 has insufficient CPU (1). Will not participate in the next FL round.
Client Client 9 has insufficient CPU (1). Will not participate in the next FL round.
Client Client 3 participates in this round. (CPU: 2, RAM: 4)
Client Client 4 participates in this round. (CPU: 2, RAM: 4)
Client Client 8 has insufficient CPU (1). Will not participate in the next FL round.
Client Client 1 participates in this round. (CPU: 2, RAM: 4)
Client Client 5 has insufficient CPU (1). Will not participate in the next FL round.
Client Client 12 has insufficient CPU (1). Will not participate in the next FL round.
Results Aggregated in 25.13 seconds.
{'TextMLP': {'train_loss': [0.44252868587772054, 0.8653979375362396, 0.6882570565541585, 0.5110911080141862, 0.40662587153514224, 0.4063296196195814, 0.35011342266450324, 0.31914137697468203, 0.29068403132315035, 0.2592575860023498, 0.2569158473954056, 0.2533552986664904], 'train_accuracy': [0.8538333333333333, 0.5947083333333333, 0.7583611111111112, 0.8072291666666667, 0.8442583333333333, 0.8471736111111111, 0.8655833333333334, 0.87971875, 0.8892916666666667, 0.902525, 0.9038333333333334, 0.9043645833333334], 'train_f1': [0.385252981257749, 0.24824548702943955, 0.4309161760353994, 0.5040377245261168, 0.5587469889322688, 0.6336284367829507, 0.6965076056807911, 0.7981315799428206, 0.8196265167608594, 0.8382742129484996, 0.8487513437491533, 0.8523265464285629], 'train_mae': [0.16995833333333332, 0.6333333333333333, 0.4000694444444444, 0.31583333333333335, 0.24576666666666666, 0.2265486111111111, 0.20356547619047619, 0.18110416666666668, 0.1700648148148148, 0.15049583333333333, 0.15126136363636364, 0.15055208333333334], 'val_loss': [3.040102521494815, 2.8223645536523114, 3.7382783347681947, 4.329641060076263, 5.148105338498165, 5.511479961244683, 5.7357981957887345, 5.685168709253011, 5.6476435440465025, 5.488767293126959, 5.451609753809477, 5.521691575552288], 'val_accuracy': [0.25, 0.25, 0.3317763157894737, 0.3756578947368421, 0.4149671052631579, 0.47963815789473685, 0.5088815789473684, 0.5740131578947368, 0.5871710526315789, 0.606546052631579, 0.6242434210526315, 0.6237828947368421], 'val_f1': [0.1, 0.1000184346360476, 0.20448373015635682, 0.25063298816947555, 0.2891487241151368, 0.36503916431445643, 0.40971573364523095, 0.4923337154209231, 0.508520952601605, 0.5266260324431924, 0.5407232606321807, 0.5408486696425567], 'val_mae': [1.375, 1.2502302631578948, 1.1336842105263156, 1.0095394736842105, 0.9220723684210527, 0.7570065789473684, 0.7645394736842106, 0.7204934210526317, 0.7172368421052631, 0.680921052631579, 0.6276315789473685, 0.6188157894736843], 'jsd': [(0, 0, 0, 0, 0.37636593565672816, 0.2981960650476329, 0.39504670890922783, 0.42440464723650284, 0, 0, 0, 0), (0, 0, 0, 0, 0.21176745111766548, 0.16908769285817743, 0.2220478888848837, 0.25413018807379345, 0, 0, 0, 0), (0, 0, 0, 0, 0.21217089471420067, 0.32204789830112157, 0.18809835387830245, 0.2730682816333988, 0, 0, 0, 0), (0, 0, 0, 0, 0.29707990655075733, 0.23701931350761388, 0.18785954777237332, 0.2674333471085494, 0, 0, 0, 0), (0, 0, 0, 0, 0.2934831447462839, 0.2075548524137249, 0.29007488278363763, 0.2651792435601586, 0, 0, 0, 0), (0, 0, 0, 0, 0.2508810807438266, 0.2096193924335741, 0.2942582900686724, 0.2188810588490307, 0, 0, 0, 0), (0, 0, 0, 0, 0.2543123695231135, 0.1858294685031721, 0.29416063676304405, 0.23471319353625722, 0, 0, 0, 0), (0, 0, 0, 0, 0.2434349280421633, 0.1813616394780662, 0.2341569909328582, 0.2459921155390843, 0, 0, 0, 0), (0, 0, 0, 0, 0.23249588725331213, 0.20581793706698598, 0.2638773516686664, 0.234537875268096, 0, 0, 0, 0), (0, 0, 0, 0, 0.223380937985149, 0.23256072509228598, 0.28065658909215385, 0.24619759914812772, 0, 0, 0, 0), (0, 0, 0, 0, 0.22299419164084838, 0.24133898641743812, 0.2484340682092796, 0.24620526659899916, 0, 0, 0, 0), (0, 0, 0, 0, 0.22125100785104868, 0.24612060092496169, 0.23769112895593006, 0.2411401199355566, 0, 0, 0, 0)]}}
AdaptationManager: Configuring next round...
{'client_registry': {'enabled': True, 'params': {}}, 'client_selector': {'enabled': True, 'params': {'selection_strategy': 'Resource-Based', 'selection_criteria': 'CPU', 'selection_value': 2}}, 'client_cluster': {'enabled': False, 'params': {}}, 'message_compressor': {'enabled': False, 'params': {}}, 'model_co-versioning_registry': {'enabled': False, 'params': {}}, 'multi-task_model_trainer': {'enabled': False, 'params': {}}, 'heterogeneous_data_handler': {'enabled': False, 'params': {}}}
{'client_selector': {'enabled': True}, 'client_cluster': {'enabled': False}, 'message_compressor': {'enabled': False}, 'model_co-versioning_registry': {'enabled': False}, 'multi-task_model_trainer': {'enabled': False}, 'heterogeneous_data_handler': {'enabled': False}, 'client_registry': {'enabled': True, 'params': {}}}
round 13, 4 high, 8 low, 0.0-iid clients, predicted best policy: client_selector activated ✅
Client Client 6 has insufficient CPU (1). Will not participate in the next FL round.
Client Client 11 has insufficient CPU (1). Will not participate in the next FL round.
Client Client 7 has insufficient CPU (1). Will not participate in the next FL round.
Client Client 10 has insufficient CPU (1). Will not participate in the next FL round.
Client Client 12 has insufficient CPU (1). Will not participate in the next FL round.
Client Client 8 has insufficient CPU (1). Will not participate in the next FL round.
Client Client 3 participates in this round. (CPU: 2, RAM: 4)
Client Client 2 participates in this round. (CPU: 2, RAM: 4)
Client Client 4 participates in this round. (CPU: 2, RAM: 4)
Client Client 1 participates in this round. (CPU: 2, RAM: 4)
Client Client 5 has insufficient CPU (1). Will not participate in the next FL round.
Client Client 9 has insufficient CPU (1). Will not participate in the next FL round.
Results Aggregated in 26.30 seconds.
{'TextMLP': {'train_loss': [0.44252868587772054, 0.8653979375362396, 0.6882570565541585, 0.5110911080141862, 0.40662587153514224, 0.4063296196195814, 0.35011342266450324, 0.31914137697468203, 0.29068403132315035, 0.2592575860023498, 0.2569158473954056, 0.2533552986664904, 0.2497633461700036], 'train_accuracy': [0.8538333333333333, 0.5947083333333333, 0.7583611111111112, 0.8072291666666667, 0.8442583333333333, 0.8471736111111111, 0.8655833333333334, 0.87971875, 0.8892916666666667, 0.902525, 0.9038333333333334, 0.9043645833333334, 0.9064711538461538], 'train_f1': [0.385252981257749, 0.24824548702943955, 0.4309161760353994, 0.5040377245261168, 0.5587469889322688, 0.6336284367829507, 0.6965076056807911, 0.7981315799428206, 0.8196265167608594, 0.8382742129484996, 0.8487513437491533, 0.8523265464285629, 0.8672161303829582], 'train_mae': [0.16995833333333332, 0.6333333333333333, 0.4000694444444444, 0.31583333333333335, 0.24576666666666666, 0.2265486111111111, 0.20356547619047619, 0.18110416666666668, 0.1700648148148148, 0.15049583333333333, 0.15126136363636364, 0.15055208333333334, 0.14313141025641027], 'val_loss': [3.040102521494815, 2.8223645536523114, 3.7382783347681947, 4.329641060076263, 5.148105338498165, 5.511479961244683, 5.7357981957887345, 5.685168709253011, 5.6476435440465025, 5.488767293126959, 5.451609753809477, 5.521691575552288, 5.409380475847344], 'val_accuracy': [0.25, 0.25, 0.3317763157894737, 0.3756578947368421, 0.4149671052631579, 0.47963815789473685, 0.5088815789473684, 0.5740131578947368, 0.5871710526315789, 0.606546052631579, 0.6242434210526315, 0.6237828947368421, 0.6360855263157895], 'val_f1': [0.1, 0.1000184346360476, 0.20448373015635682, 0.25063298816947555, 0.2891487241151368, 0.36503916431445643, 0.40971573364523095, 0.4923337154209231, 0.508520952601605, 0.5266260324431924, 0.5407232606321807, 0.5408486696425567, 0.5514955964301053], 'val_mae': [1.375, 1.2502302631578948, 1.1336842105263156, 1.0095394736842105, 0.9220723684210527, 0.7570065789473684, 0.7645394736842106, 0.7204934210526317, 0.7172368421052631, 0.680921052631579, 0.6276315789473685, 0.6188157894736843, 0.6272697368421052], 'jsd': [(0, 0, 0, 0, 0.37636593565672816, 0.2981960650476329, 0.39504670890922783, 0.42440464723650284, 0, 0, 0, 0), (0, 0, 0, 0, 0.21176745111766548, 0.16908769285817743, 0.2220478888848837, 0.25413018807379345, 0, 0, 0, 0), (0, 0, 0, 0, 0.21217089471420067, 0.32204789830112157, 0.18809835387830245, 0.2730682816333988, 0, 0, 0, 0), (0, 0, 0, 0, 0.29707990655075733, 0.23701931350761388, 0.18785954777237332, 0.2674333471085494, 0, 0, 0, 0), (0, 0, 0, 0, 0.2934831447462839, 0.2075548524137249, 0.29007488278363763, 0.2651792435601586, 0, 0, 0, 0), (0, 0, 0, 0, 0.2508810807438266, 0.2096193924335741, 0.2942582900686724, 0.2188810588490307, 0, 0, 0, 0), (0, 0, 0, 0, 0.2543123695231135, 0.1858294685031721, 0.29416063676304405, 0.23471319353625722, 0, 0, 0, 0), (0, 0, 0, 0, 0.2434349280421633, 0.1813616394780662, 0.2341569909328582, 0.2459921155390843, 0, 0, 0, 0), (0, 0, 0, 0, 0.23249588725331213, 0.20581793706698598, 0.2638773516686664, 0.234537875268096, 0, 0, 0, 0), (0, 0, 0, 0, 0.223380937985149, 0.23256072509228598, 0.28065658909215385, 0.24619759914812772, 0, 0, 0, 0), (0, 0, 0, 0, 0.22299419164084838, 0.24133898641743812, 0.2484340682092796, 0.24620526659899916, 0, 0, 0, 0), (0, 0, 0, 0, 0.22125100785104868, 0.24612060092496169, 0.23769112895593006, 0.2411401199355566, 0, 0, 0, 0), (0, 0, 0, 0, 0.22023597587155538, 0.23107867627317, 0.22203074436118903, 0.2192407668412996, 0, 0, 0, 0)]}}
AdaptationManager: Configuring next round...
{'client_registry': {'enabled': True, 'params': {}}, 'client_selector': {'enabled': True, 'params': {'selection_strategy': 'Resource-Based', 'selection_criteria': 'CPU', 'selection_value': 2}}, 'client_cluster': {'enabled': False, 'params': {}}, 'message_compressor': {'enabled': False, 'params': {}}, 'model_co-versioning_registry': {'enabled': False, 'params': {}}, 'multi-task_model_trainer': {'enabled': False, 'params': {}}, 'heterogeneous_data_handler': {'enabled': False, 'params': {}}}
{'client_selector': {'enabled': True}, 'client_cluster': {'enabled': False}, 'message_compressor': {'enabled': False}, 'model_co-versioning_registry': {'enabled': False}, 'multi-task_model_trainer': {'enabled': False}, 'heterogeneous_data_handler': {'enabled': False}, 'client_registry': {'enabled': True, 'params': {}}}
round 14, 4 high, 8 low, 0.0-iid clients, predicted best policy: client_selector activated ✅
Client Client 6 has insufficient CPU (1). Will not participate in the next FL round.
Client Client 7 has insufficient CPU (1). Will not participate in the next FL round.
Client Client 2 participates in this round. (CPU: 2, RAM: 4)
Client Client 3 participates in this round. (CPU: 2, RAM: 4)
Client Client 4 participates in this round. (CPU: 2, RAM: 4)
Client Client 5 has insufficient CPU (1). Will not participate in the next FL round.
Client Client 12 has insufficient CPU (1). Will not participate in the next FL round.
Client Client 10 has insufficient CPU (1). Will not participate in the next FL round.
Client Client 8 has insufficient CPU (1). Will not participate in the next FL round.
Client Client 1 participates in this round. (CPU: 2, RAM: 4)
Client Client 11 has insufficient CPU (1). Will not participate in the next FL round.
Client Client 9 has insufficient CPU (1). Will not participate in the next FL round.
Results Aggregated in 25.39 seconds.
{'TextMLP': {'train_loss': [0.44252868587772054, 0.8653979375362396, 0.6882570565541585, 0.5110911080141862, 0.40662587153514224, 0.4063296196195814, 0.35011342266450324, 0.31914137697468203, 0.29068403132315035, 0.2592575860023498, 0.2569158473954056, 0.2533552986664904, 0.2497633461700036, 0.2457078157613675], 'train_accuracy': [0.8538333333333333, 0.5947083333333333, 0.7583611111111112, 0.8072291666666667, 0.8442583333333333, 0.8471736111111111, 0.8655833333333334, 0.87971875, 0.8892916666666667, 0.902525, 0.9038333333333334, 0.9043645833333334, 0.9064711538461538, 0.9074523809523809], 'train_f1': [0.385252981257749, 0.24824548702943955, 0.4309161760353994, 0.5040377245261168, 0.5587469889322688, 0.6336284367829507, 0.6965076056807911, 0.7981315799428206, 0.8196265167608594, 0.8382742129484996, 0.8487513437491533, 0.8523265464285629, 0.8672161303829582, 0.8690816997241955], 'train_mae': [0.16995833333333332, 0.6333333333333333, 0.4000694444444444, 0.31583333333333335, 0.24576666666666666, 0.2265486111111111, 0.20356547619047619, 0.18110416666666668, 0.1700648148148148, 0.15049583333333333, 0.15126136363636364, 0.15055208333333334, 0.14313141025641027, 0.14341071428571428], 'val_loss': [3.040102521494815, 2.8223645536523114, 3.7382783347681947, 4.329641060076263, 5.148105338498165, 5.511479961244683, 5.7357981957887345, 5.685168709253011, 5.6476435440465025, 5.488767293126959, 5.451609753809477, 5.521691575552288, 5.409380475847344, 5.271940210743955], 'val_accuracy': [0.25, 0.25, 0.3317763157894737, 0.3756578947368421, 0.4149671052631579, 0.47963815789473685, 0.5088815789473684, 0.5740131578947368, 0.5871710526315789, 0.606546052631579, 0.6242434210526315, 0.6237828947368421, 0.6360855263157895, 0.6356907894736842], 'val_f1': [0.1, 0.1000184346360476, 0.20448373015635682, 0.25063298816947555, 0.2891487241151368, 0.36503916431445643, 0.40971573364523095, 0.4923337154209231, 0.508520952601605, 0.5266260324431924, 0.5407232606321807, 0.5408486696425567, 0.5514955964301053, 0.5517570393996634], 'val_mae': [1.375, 1.2502302631578948, 1.1336842105263156, 1.0095394736842105, 0.9220723684210527, 0.7570065789473684, 0.7645394736842106, 0.7204934210526317, 0.7172368421052631, 0.680921052631579, 0.6276315789473685, 0.6188157894736843, 0.6272697368421052, 0.6305592105263159], 'jsd': [(0, 0, 0, 0, 0.37636593565672816, 0.2981960650476329, 0.39504670890922783, 0.42440464723650284, 0, 0, 0, 0), (0, 0, 0, 0, 0.21176745111766548, 0.16908769285817743, 0.2220478888848837, 0.25413018807379345, 0, 0, 0, 0), (0, 0, 0, 0, 0.21217089471420067, 0.32204789830112157, 0.18809835387830245, 0.2730682816333988, 0, 0, 0, 0), (0, 0, 0, 0, 0.29707990655075733, 0.23701931350761388, 0.18785954777237332, 0.2674333471085494, 0, 0, 0, 0), (0, 0, 0, 0, 0.2934831447462839, 0.2075548524137249, 0.29007488278363763, 0.2651792435601586, 0, 0, 0, 0), (0, 0, 0, 0, 0.2508810807438266, 0.2096193924335741, 0.2942582900686724, 0.2188810588490307, 0, 0, 0, 0), (0, 0, 0, 0, 0.2543123695231135, 0.1858294685031721, 0.29416063676304405, 0.23471319353625722, 0, 0, 0, 0), (0, 0, 0, 0, 0.2434349280421633, 0.1813616394780662, 0.2341569909328582, 0.2459921155390843, 0, 0, 0, 0), (0, 0, 0, 0, 0.23249588725331213, 0.20581793706698598, 0.2638773516686664, 0.234537875268096, 0, 0, 0, 0), (0, 0, 0, 0, 0.223380937985149, 0.23256072509228598, 0.28065658909215385, 0.24619759914812772, 0, 0, 0, 0), (0, 0, 0, 0, 0.22299419164084838, 0.24133898641743812, 0.2484340682092796, 0.24620526659899916, 0, 0, 0, 0), (0, 0, 0, 0, 0.22125100785104868, 0.24612060092496169, 0.23769112895593006, 0.2411401199355566, 0, 0, 0, 0), (0, 0, 0, 0, 0.22023597587155538, 0.23107867627317, 0.22203074436118903, 0.2192407668412996, 0, 0, 0, 0), (0, 0, 0, 0, 0.23253807175773394, 0.22301256888203286, 0.21713905816945506, 0.21910792966778975, 0, 0, 0, 0)]}}
AdaptationManager: Configuring next round...
{'client_registry': {'enabled': True, 'params': {}}, 'client_selector': {'enabled': True, 'params': {'selection_strategy': 'Resource-Based', 'selection_criteria': 'CPU', 'selection_value': 2}}, 'client_cluster': {'enabled': False, 'params': {}}, 'message_compressor': {'enabled': False, 'params': {}}, 'model_co-versioning_registry': {'enabled': False, 'params': {}}, 'multi-task_model_trainer': {'enabled': False, 'params': {}}, 'heterogeneous_data_handler': {'enabled': False, 'params': {}}}
{'client_selector': {'enabled': True}, 'client_cluster': {'enabled': False}, 'message_compressor': {'enabled': False}, 'model_co-versioning_registry': {'enabled': False}, 'multi-task_model_trainer': {'enabled': False}, 'heterogeneous_data_handler': {'enabled': False}, 'client_registry': {'enabled': True, 'params': {}}}
round 15, 4 high, 8 low, 0.0-iid clients, predicted best policy: client_selector activated ✅
Client Client 5 has insufficient CPU (1). Will not participate in the next FL round.
Client Client 12 has insufficient CPU (1). Will not participate in the next FL round.
Client Client 1 participates in this round. (CPU: 2, RAM: 4)
Client Client 11 has insufficient CPU (1). Will not participate in the next FL round.
Client Client 10 has insufficient CPU (1). Will not participate in the next FL round.
Client Client 3 participates in this round. (CPU: 2, RAM: 4)
Client Client 6 has insufficient CPU (1). Will not participate in the next FL round.
Client Client 9 has insufficient CPU (1). Will not participate in the next FL round.
Client Client 2 participates in this round. (CPU: 2, RAM: 4)
Client Client 7 has insufficient CPU (1). Will not participate in the next FL round.
Client Client 4 participates in this round. (CPU: 2, RAM: 4)
Client Client 8 has insufficient CPU (1). Will not participate in the next FL round.
Results Aggregated in 25.76 seconds.
{'TextMLP': {'train_loss': [0.44252868587772054, 0.8653979375362396, 0.6882570565541585, 0.5110911080141862, 0.40662587153514224, 0.4063296196195814, 0.35011342266450324, 0.31914137697468203, 0.29068403132315035, 0.2592575860023498, 0.2569158473954056, 0.2533552986664904, 0.2497633461700036, 0.2457078157613675, 0.24388652485277917], 'train_accuracy': [0.8538333333333333, 0.5947083333333333, 0.7583611111111112, 0.8072291666666667, 0.8442583333333333, 0.8471736111111111, 0.8655833333333334, 0.87971875, 0.8892916666666667, 0.902525, 0.9038333333333334, 0.9043645833333334, 0.9064711538461538, 0.9074523809523809, 0.908625], 'train_f1': [0.385252981257749, 0.24824548702943955, 0.4309161760353994, 0.5040377245261168, 0.5587469889322688, 0.6336284367829507, 0.6965076056807911, 0.7981315799428206, 0.8196265167608594, 0.8382742129484996, 0.8487513437491533, 0.8523265464285629, 0.8672161303829582, 0.8690816997241955, 0.8675084245228913], 'train_mae': [0.16995833333333332, 0.6333333333333333, 0.4000694444444444, 0.31583333333333335, 0.24576666666666666, 0.2265486111111111, 0.20356547619047619, 0.18110416666666668, 0.1700648148148148, 0.15049583333333333, 0.15126136363636364, 0.15055208333333334, 0.14313141025641027, 0.14341071428571428, 0.14228055555555555], 'val_loss': [3.040102521494815, 2.8223645536523114, 3.7382783347681947, 4.329641060076263, 5.148105338498165, 5.511479961244683, 5.7357981957887345, 5.685168709253011, 5.6476435440465025, 5.488767293126959, 5.451609753809477, 5.521691575552288, 5.409380475847344, 5.271940210743955, 5.172332117683009], 'val_accuracy': [0.25, 0.25, 0.3317763157894737, 0.3756578947368421, 0.4149671052631579, 0.47963815789473685, 0.5088815789473684, 0.5740131578947368, 0.5871710526315789, 0.606546052631579, 0.6242434210526315, 0.6237828947368421, 0.6360855263157895, 0.6356907894736842, 0.6285526315789474], 'val_f1': [0.1, 0.1000184346360476, 0.20448373015635682, 0.25063298816947555, 0.2891487241151368, 0.36503916431445643, 0.40971573364523095, 0.4923337154209231, 0.508520952601605, 0.5266260324431924, 0.5407232606321807, 0.5408486696425567, 0.5514955964301053, 0.5517570393996634, 0.5462071825906345], 'val_mae': [1.375, 1.2502302631578948, 1.1336842105263156, 1.0095394736842105, 0.9220723684210527, 0.7570065789473684, 0.7645394736842106, 0.7204934210526317, 0.7172368421052631, 0.680921052631579, 0.6276315789473685, 0.6188157894736843, 0.6272697368421052, 0.6305592105263159, 0.645], 'jsd': [(0, 0, 0, 0, 0.37636593565672816, 0.2981960650476329, 0.39504670890922783, 0.42440464723650284, 0, 0, 0, 0), (0, 0, 0, 0, 0.21176745111766548, 0.16908769285817743, 0.2220478888848837, 0.25413018807379345, 0, 0, 0, 0), (0, 0, 0, 0, 0.21217089471420067, 0.32204789830112157, 0.18809835387830245, 0.2730682816333988, 0, 0, 0, 0), (0, 0, 0, 0, 0.29707990655075733, 0.23701931350761388, 0.18785954777237332, 0.2674333471085494, 0, 0, 0, 0), (0, 0, 0, 0, 0.2934831447462839, 0.2075548524137249, 0.29007488278363763, 0.2651792435601586, 0, 0, 0, 0), (0, 0, 0, 0, 0.2508810807438266, 0.2096193924335741, 0.2942582900686724, 0.2188810588490307, 0, 0, 0, 0), (0, 0, 0, 0, 0.2543123695231135, 0.1858294685031721, 0.29416063676304405, 0.23471319353625722, 0, 0, 0, 0), (0, 0, 0, 0, 0.2434349280421633, 0.1813616394780662, 0.2341569909328582, 0.2459921155390843, 0, 0, 0, 0), (0, 0, 0, 0, 0.23249588725331213, 0.20581793706698598, 0.2638773516686664, 0.234537875268096, 0, 0, 0, 0), (0, 0, 0, 0, 0.223380937985149, 0.23256072509228598, 0.28065658909215385, 0.24619759914812772, 0, 0, 0, 0), (0, 0, 0, 0, 0.22299419164084838, 0.24133898641743812, 0.2484340682092796, 0.24620526659899916, 0, 0, 0, 0), (0, 0, 0, 0, 0.22125100785104868, 0.24612060092496169, 0.23769112895593006, 0.2411401199355566, 0, 0, 0, 0), (0, 0, 0, 0, 0.22023597587155538, 0.23107867627317, 0.22203074436118903, 0.2192407668412996, 0, 0, 0, 0), (0, 0, 0, 0, 0.23253807175773394, 0.22301256888203286, 0.21713905816945506, 0.21910792966778975, 0, 0, 0, 0), (0, 0, 0, 0, 0.23809354958805487, 0.21736588026349019, 0.22549338513928563, 0.21951114526200233, 0, 0, 0, 0)]}}
AdaptationManager: Configuring next round...
{'client_registry': {'enabled': True, 'params': {}}, 'client_selector': {'enabled': True, 'params': {'selection_strategy': 'Resource-Based', 'selection_criteria': 'CPU', 'selection_value': 2}}, 'client_cluster': {'enabled': False, 'params': {}}, 'message_compressor': {'enabled': False, 'params': {}}, 'model_co-versioning_registry': {'enabled': False, 'params': {}}, 'multi-task_model_trainer': {'enabled': False, 'params': {}}, 'heterogeneous_data_handler': {'enabled': False, 'params': {}}}
{'client_selector': {'enabled': True}, 'client_cluster': {'enabled': False}, 'message_compressor': {'enabled': False}, 'model_co-versioning_registry': {'enabled': False}, 'multi-task_model_trainer': {'enabled': False}, 'heterogeneous_data_handler': {'enabled': False}, 'client_registry': {'enabled': True, 'params': {}}}
round 16, 4 high, 8 low, 0.0-iid clients, predicted best policy: client_selector activated ✅
Client Client 7 has insufficient CPU (1). Will not participate in the next FL round.
Client Client 12 has insufficient CPU (1). Will not participate in the next FL round.
Client Client 6 has insufficient CPU (1). Will not participate in the next FL round.
Client Client 3 participates in this round. (CPU: 2, RAM: 4)
Client Client 11 has insufficient CPU (1). Will not participate in the next FL round.
Client Client 10 has insufficient CPU (1). Will not participate in the next FL round.
Client Client 2 participates in this round. (CPU: 2, RAM: 4)
Client Client 4 participates in this round. (CPU: 2, RAM: 4)
Client Client 5 has insufficient CPU (1). Will not participate in the next FL round.
Client Client 1 participates in this round. (CPU: 2, RAM: 4)
Client Client 8 has insufficient CPU (1). Will not participate in the next FL round.
Client Client 9 has insufficient CPU (1). Will not participate in the next FL round.
Results Aggregated in 26.43 seconds.
{'TextMLP': {'train_loss': [0.44252868587772054, 0.8653979375362396, 0.6882570565541585, 0.5110911080141862, 0.40662587153514224, 0.4063296196195814, 0.35011342266450324, 0.31914137697468203, 0.29068403132315035, 0.2592575860023498, 0.2569158473954056, 0.2533552986664904, 0.2497633461700036, 0.2457078157613675, 0.24388652485277917, 0.2433386394698173], 'train_accuracy': [0.8538333333333333, 0.5947083333333333, 0.7583611111111112, 0.8072291666666667, 0.8442583333333333, 0.8471736111111111, 0.8655833333333334, 0.87971875, 0.8892916666666667, 0.902525, 0.9038333333333334, 0.9043645833333334, 0.9064711538461538, 0.9074523809523809, 0.908625, 0.9084609375], 'train_f1': [0.385252981257749, 0.24824548702943955, 0.4309161760353994, 0.5040377245261168, 0.5587469889322688, 0.6336284367829507, 0.6965076056807911, 0.7981315799428206, 0.8196265167608594, 0.8382742129484996, 0.8487513437491533, 0.8523265464285629, 0.8672161303829582, 0.8690816997241955, 0.8675084245228913, 0.870661669544214], 'train_mae': [0.16995833333333332, 0.6333333333333333, 0.4000694444444444, 0.31583333333333335, 0.24576666666666666, 0.2265486111111111, 0.20356547619047619, 0.18110416666666668, 0.1700648148148148, 0.15049583333333333, 0.15126136363636364, 0.15055208333333334, 0.14313141025641027, 0.14341071428571428, 0.14228055555555555, 0.14249479166666668], 'val_loss': [3.040102521494815, 2.8223645536523114, 3.7382783347681947, 4.329641060076263, 5.148105338498165, 5.511479961244683, 5.7357981957887345, 5.685168709253011, 5.6476435440465025, 5.488767293126959, 5.451609753809477, 5.521691575552288, 5.409380475847344, 5.271940210743955, 5.172332117683009, 5.593066304357429], 'val_accuracy': [0.25, 0.25, 0.3317763157894737, 0.3756578947368421, 0.4149671052631579, 0.47963815789473685, 0.5088815789473684, 0.5740131578947368, 0.5871710526315789, 0.606546052631579, 0.6242434210526315, 0.6237828947368421, 0.6360855263157895, 0.6356907894736842, 0.6285526315789474, 0.6369736842105264], 'val_f1': [0.1, 0.1000184346360476, 0.20448373015635682, 0.25063298816947555, 0.2891487241151368, 0.36503916431445643, 0.40971573364523095, 0.4923337154209231, 0.508520952601605, 0.5266260324431924, 0.5407232606321807, 0.5408486696425567, 0.5514955964301053, 0.5517570393996634, 0.5462071825906345, 0.5532724193566664], 'val_mae': [1.375, 1.2502302631578948, 1.1336842105263156, 1.0095394736842105, 0.9220723684210527, 0.7570065789473684, 0.7645394736842106, 0.7204934210526317, 0.7172368421052631, 0.680921052631579, 0.6276315789473685, 0.6188157894736843, 0.6272697368421052, 0.6305592105263159, 0.645, 0.6014144736842105], 'jsd': [(0, 0, 0, 0, 0.37636593565672816, 0.2981960650476329, 0.39504670890922783, 0.42440464723650284, 0, 0, 0, 0), (0, 0, 0, 0, 0.21176745111766548, 0.16908769285817743, 0.2220478888848837, 0.25413018807379345, 0, 0, 0, 0), (0, 0, 0, 0, 0.21217089471420067, 0.32204789830112157, 0.18809835387830245, 0.2730682816333988, 0, 0, 0, 0), (0, 0, 0, 0, 0.29707990655075733, 0.23701931350761388, 0.18785954777237332, 0.2674333471085494, 0, 0, 0, 0), (0, 0, 0, 0, 0.2934831447462839, 0.2075548524137249, 0.29007488278363763, 0.2651792435601586, 0, 0, 0, 0), (0, 0, 0, 0, 0.2508810807438266, 0.2096193924335741, 0.2942582900686724, 0.2188810588490307, 0, 0, 0, 0), (0, 0, 0, 0, 0.2543123695231135, 0.1858294685031721, 0.29416063676304405, 0.23471319353625722, 0, 0, 0, 0), (0, 0, 0, 0, 0.2434349280421633, 0.1813616394780662, 0.2341569909328582, 0.2459921155390843, 0, 0, 0, 0), (0, 0, 0, 0, 0.23249588725331213, 0.20581793706698598, 0.2638773516686664, 0.234537875268096, 0, 0, 0, 0), (0, 0, 0, 0, 0.223380937985149, 0.23256072509228598, 0.28065658909215385, 0.24619759914812772, 0, 0, 0, 0), (0, 0, 0, 0, 0.22299419164084838, 0.24133898641743812, 0.2484340682092796, 0.24620526659899916, 0, 0, 0, 0), (0, 0, 0, 0, 0.22125100785104868, 0.24612060092496169, 0.23769112895593006, 0.2411401199355566, 0, 0, 0, 0), (0, 0, 0, 0, 0.22023597587155538, 0.23107867627317, 0.22203074436118903, 0.2192407668412996, 0, 0, 0, 0), (0, 0, 0, 0, 0.23253807175773394, 0.22301256888203286, 0.21713905816945506, 0.21910792966778975, 0, 0, 0, 0), (0, 0, 0, 0, 0.23809354958805487, 0.21736588026349019, 0.22549338513928563, 0.21951114526200233, 0, 0, 0, 0), (0, 0, 0, 0, 0.23017136066651075, 0.20755338907739845, 0.22545592709578877, 0.2283453616662502, 0, 0, 0, 0)]}}
AdaptationManager: Configuring next round...
{'client_registry': {'enabled': True, 'params': {}}, 'client_selector': {'enabled': True, 'params': {'selection_strategy': 'Resource-Based', 'selection_criteria': 'CPU', 'selection_value': 2}}, 'client_cluster': {'enabled': False, 'params': {}}, 'message_compressor': {'enabled': False, 'params': {}}, 'model_co-versioning_registry': {'enabled': False, 'params': {}}, 'multi-task_model_trainer': {'enabled': False, 'params': {}}, 'heterogeneous_data_handler': {'enabled': False, 'params': {}}}
{'client_selector': {'enabled': True}, 'client_cluster': {'enabled': False}, 'message_compressor': {'enabled': False}, 'model_co-versioning_registry': {'enabled': False}, 'multi-task_model_trainer': {'enabled': False}, 'heterogeneous_data_handler': {'enabled': False}, 'client_registry': {'enabled': True, 'params': {}}}
round 17, 4 high, 8 low, 0.0-iid clients, predicted best policy: client_selector activated ✅
Client Client 1 participates in this round. (CPU: 2, RAM: 4)
Client Client 5 has insufficient CPU (1). Will not participate in the next FL round.
Client Client 6 has insufficient CPU (1). Will not participate in the next FL round.
Client Client 11 has insufficient CPU (1). Will not participate in the next FL round.
Client Client 10 has insufficient CPU (1). Will not participate in the next FL round.
Client Client 7 has insufficient CPU (1). Will not participate in the next FL round.
Client Client 3 participates in this round. (CPU: 2, RAM: 4)
Client Client 12 has insufficient CPU (1). Will not participate in the next FL round.
Client Client 2 participates in this round. (CPU: 2, RAM: 4)
Client Client 9 has insufficient CPU (1). Will not participate in the next FL round.
Client Client 8 has insufficient CPU (1). Will not participate in the next FL round.
Client Client 4 participates in this round. (CPU: 2, RAM: 4)
Results Aggregated in 29.35 seconds.
{'TextMLP': {'train_loss': [0.44252868587772054, 0.8653979375362396, 0.6882570565541585, 0.5110911080141862, 0.40662587153514224, 0.4063296196195814, 0.35011342266450324, 0.31914137697468203, 0.29068403132315035, 0.2592575860023498, 0.2569158473954056, 0.2533552986664904, 0.2497633461700036, 0.2457078157613675, 0.24388652485277917, 0.2433386394698173, 0.2404079375909824], 'train_accuracy': [0.8538333333333333, 0.5947083333333333, 0.7583611111111112, 0.8072291666666667, 0.8442583333333333, 0.8471736111111111, 0.8655833333333334, 0.87971875, 0.8892916666666667, 0.902525, 0.9038333333333334, 0.9043645833333334, 0.9064711538461538, 0.9074523809523809, 0.908625, 0.9084609375, 0.9095122549019607], 'train_f1': [0.385252981257749, 0.24824548702943955, 0.4309161760353994, 0.5040377245261168, 0.5587469889322688, 0.6336284367829507, 0.6965076056807911, 0.7981315799428206, 0.8196265167608594, 0.8382742129484996, 0.8487513437491533, 0.8523265464285629, 0.8672161303829582, 0.8690816997241955, 0.8675084245228913, 0.870661669544214, 0.8739251889648194], 'train_mae': [0.16995833333333332, 0.6333333333333333, 0.4000694444444444, 0.31583333333333335, 0.24576666666666666, 0.2265486111111111, 0.20356547619047619, 0.18110416666666668, 0.1700648148148148, 0.15049583333333333, 0.15126136363636364, 0.15055208333333334, 0.14313141025641027, 0.14341071428571428, 0.14228055555555555, 0.14249479166666668, 0.13973529411764707], 'val_loss': [3.040102521494815, 2.8223645536523114, 3.7382783347681947, 4.329641060076263, 5.148105338498165, 5.511479961244683, 5.7357981957887345, 5.685168709253011, 5.6476435440465025, 5.488767293126959, 5.451609753809477, 5.521691575552288, 5.409380475847344, 5.271940210743955, 5.172332117683009, 5.593066304357429, 5.702585187711215], 'val_accuracy': [0.25, 0.25, 0.3317763157894737, 0.3756578947368421, 0.4149671052631579, 0.47963815789473685, 0.5088815789473684, 0.5740131578947368, 0.5871710526315789, 0.606546052631579, 0.6242434210526315, 0.6237828947368421, 0.6360855263157895, 0.6356907894736842, 0.6285526315789474, 0.6369736842105264, 0.6348355263157894], 'val_f1': [0.1, 0.1000184346360476, 0.20448373015635682, 0.25063298816947555, 0.2891487241151368, 0.36503916431445643, 0.40971573364523095, 0.4923337154209231, 0.508520952601605, 0.5266260324431924, 0.5407232606321807, 0.5408486696425567, 0.5514955964301053, 0.5517570393996634, 0.5462071825906345, 0.5532724193566664, 0.5509834644392204], 'val_mae': [1.375, 1.2502302631578948, 1.1336842105263156, 1.0095394736842105, 0.9220723684210527, 0.7570065789473684, 0.7645394736842106, 0.7204934210526317, 0.7172368421052631, 0.680921052631579, 0.6276315789473685, 0.6188157894736843, 0.6272697368421052, 0.6305592105263159, 0.645, 0.6014144736842105, 0.6447697368421053], 'jsd': [(0, 0, 0, 0, 0.37636593565672816, 0.2981960650476329, 0.39504670890922783, 0.42440464723650284, 0, 0, 0, 0), (0, 0, 0, 0, 0.21176745111766548, 0.16908769285817743, 0.2220478888848837, 0.25413018807379345, 0, 0, 0, 0), (0, 0, 0, 0, 0.21217089471420067, 0.32204789830112157, 0.18809835387830245, 0.2730682816333988, 0, 0, 0, 0), (0, 0, 0, 0, 0.29707990655075733, 0.23701931350761388, 0.18785954777237332, 0.2674333471085494, 0, 0, 0, 0), (0, 0, 0, 0, 0.2934831447462839, 0.2075548524137249, 0.29007488278363763, 0.2651792435601586, 0, 0, 0, 0), (0, 0, 0, 0, 0.2508810807438266, 0.2096193924335741, 0.2942582900686724, 0.2188810588490307, 0, 0, 0, 0), (0, 0, 0, 0, 0.2543123695231135, 0.1858294685031721, 0.29416063676304405, 0.23471319353625722, 0, 0, 0, 0), (0, 0, 0, 0, 0.2434349280421633, 0.1813616394780662, 0.2341569909328582, 0.2459921155390843, 0, 0, 0, 0), (0, 0, 0, 0, 0.23249588725331213, 0.20581793706698598, 0.2638773516686664, 0.234537875268096, 0, 0, 0, 0), (0, 0, 0, 0, 0.223380937985149, 0.23256072509228598, 0.28065658909215385, 0.24619759914812772, 0, 0, 0, 0), (0, 0, 0, 0, 0.22299419164084838, 0.24133898641743812, 0.2484340682092796, 0.24620526659899916, 0, 0, 0, 0), (0, 0, 0, 0, 0.22125100785104868, 0.24612060092496169, 0.23769112895593006, 0.2411401199355566, 0, 0, 0, 0), (0, 0, 0, 0, 0.22023597587155538, 0.23107867627317, 0.22203074436118903, 0.2192407668412996, 0, 0, 0, 0), (0, 0, 0, 0, 0.23253807175773394, 0.22301256888203286, 0.21713905816945506, 0.21910792966778975, 0, 0, 0, 0), (0, 0, 0, 0, 0.23809354958805487, 0.21736588026349019, 0.22549338513928563, 0.21951114526200233, 0, 0, 0, 0), (0, 0, 0, 0, 0.23017136066651075, 0.20755338907739845, 0.22545592709578877, 0.2283453616662502, 0, 0, 0, 0), (0, 0, 0, 0, 0.21976057194626633, 0.21935580752164285, 0.22143841502644718, 0.21283478271743153, 0, 0, 0, 0)]}}
AdaptationManager: Configuring next round...
{'client_registry': {'enabled': True, 'params': {}}, 'client_selector': {'enabled': True, 'params': {'selection_strategy': 'Resource-Based', 'selection_criteria': 'CPU', 'selection_value': 2}}, 'client_cluster': {'enabled': False, 'params': {}}, 'message_compressor': {'enabled': False, 'params': {}}, 'model_co-versioning_registry': {'enabled': False, 'params': {}}, 'multi-task_model_trainer': {'enabled': False, 'params': {}}, 'heterogeneous_data_handler': {'enabled': False, 'params': {}}}
{'client_selector': {'enabled': True}, 'client_cluster': {'enabled': False}, 'message_compressor': {'enabled': False}, 'model_co-versioning_registry': {'enabled': False}, 'multi-task_model_trainer': {'enabled': False}, 'heterogeneous_data_handler': {'enabled': False}, 'client_registry': {'enabled': True, 'params': {}}}
round 18, 4 high, 8 low, 0.0-iid clients, predicted best policy: client_selector activated ✅
Client Client 1 participates in this round. (CPU: 2, RAM: 4)
Client Client 11 has insufficient CPU (1). Will not participate in the next FL round.
Client Client 6 has insufficient CPU (1). Will not participate in the next FL round.
Client Client 5 has insufficient CPU (1). Will not participate in the next FL round.
Client Client 2 participates in this round. (CPU: 2, RAM: 4)
Client Client 10 has insufficient CPU (1). Will not participate in the next FL round.
Client Client 12 has insufficient CPU (1). Will not participate in the next FL round.
Client Client 8 has insufficient CPU (1). Will not participate in the next FL round.
Client Client 3 participates in this round. (CPU: 2, RAM: 4)
Client Client 4 participates in this round. (CPU: 2, RAM: 4)
Client Client 9 has insufficient CPU (1). Will not participate in the next FL round.
Client Client 7 has insufficient CPU (1). Will not participate in the next FL round.
Results Aggregated in 28.31 seconds.
{'TextMLP': {'train_loss': [0.44252868587772054, 0.8653979375362396, 0.6882570565541585, 0.5110911080141862, 0.40662587153514224, 0.4063296196195814, 0.35011342266450324, 0.31914137697468203, 0.29068403132315035, 0.2592575860023498, 0.2569158473954056, 0.2533552986664904, 0.2497633461700036, 0.2457078157613675, 0.24388652485277917, 0.2433386394698173, 0.2404079375909824, 0.24010765818534074], 'train_accuracy': [0.8538333333333333, 0.5947083333333333, 0.7583611111111112, 0.8072291666666667, 0.8442583333333333, 0.8471736111111111, 0.8655833333333334, 0.87971875, 0.8892916666666667, 0.902525, 0.9038333333333334, 0.9043645833333334, 0.9064711538461538, 0.9074523809523809, 0.908625, 0.9084609375, 0.9095122549019607, 0.9100949074074074], 'train_f1': [0.385252981257749, 0.24824548702943955, 0.4309161760353994, 0.5040377245261168, 0.5587469889322688, 0.6336284367829507, 0.6965076056807911, 0.7981315799428206, 0.8196265167608594, 0.8382742129484996, 0.8487513437491533, 0.8523265464285629, 0.8672161303829582, 0.8690816997241955, 0.8675084245228913, 0.870661669544214, 0.8739251889648194, 0.8761987667370588], 'train_mae': [0.16995833333333332, 0.6333333333333333, 0.4000694444444444, 0.31583333333333335, 0.24576666666666666, 0.2265486111111111, 0.20356547619047619, 0.18110416666666668, 0.1700648148148148, 0.15049583333333333, 0.15126136363636364, 0.15055208333333334, 0.14313141025641027, 0.14341071428571428, 0.14228055555555555, 0.14249479166666668, 0.13973529411764707, 0.13787037037037037], 'val_loss': [3.040102521494815, 2.8223645536523114, 3.7382783347681947, 4.329641060076263, 5.148105338498165, 5.511479961244683, 5.7357981957887345, 5.685168709253011, 5.6476435440465025, 5.488767293126959, 5.451609753809477, 5.521691575552288, 5.409380475847344, 5.271940210743955, 5.172332117683009, 5.593066304357429, 5.702585187711215, 5.851947869501616], 'val_accuracy': [0.25, 0.25, 0.3317763157894737, 0.3756578947368421, 0.4149671052631579, 0.47963815789473685, 0.5088815789473684, 0.5740131578947368, 0.5871710526315789, 0.606546052631579, 0.6242434210526315, 0.6237828947368421, 0.6360855263157895, 0.6356907894736842, 0.6285526315789474, 0.6369736842105264, 0.6348355263157894, 0.6424013157894736], 'val_f1': [0.1, 0.1000184346360476, 0.20448373015635682, 0.25063298816947555, 0.2891487241151368, 0.36503916431445643, 0.40971573364523095, 0.4923337154209231, 0.508520952601605, 0.5266260324431924, 0.5407232606321807, 0.5408486696425567, 0.5514955964301053, 0.5517570393996634, 0.5462071825906345, 0.5532724193566664, 0.5509834644392204, 0.5568934543986912], 'val_mae': [1.375, 1.2502302631578948, 1.1336842105263156, 1.0095394736842105, 0.9220723684210527, 0.7570065789473684, 0.7645394736842106, 0.7204934210526317, 0.7172368421052631, 0.680921052631579, 0.6276315789473685, 0.6188157894736843, 0.6272697368421052, 0.6305592105263159, 0.645, 0.6014144736842105, 0.6447697368421053, 0.6082236842105263], 'jsd': [(0, 0, 0, 0, 0.37636593565672816, 0.2981960650476329, 0.39504670890922783, 0.42440464723650284, 0, 0, 0, 0), (0, 0, 0, 0, 0.21176745111766548, 0.16908769285817743, 0.2220478888848837, 0.25413018807379345, 0, 0, 0, 0), (0, 0, 0, 0, 0.21217089471420067, 0.32204789830112157, 0.18809835387830245, 0.2730682816333988, 0, 0, 0, 0), (0, 0, 0, 0, 0.29707990655075733, 0.23701931350761388, 0.18785954777237332, 0.2674333471085494, 0, 0, 0, 0), (0, 0, 0, 0, 0.2934831447462839, 0.2075548524137249, 0.29007488278363763, 0.2651792435601586, 0, 0, 0, 0), (0, 0, 0, 0, 0.2508810807438266, 0.2096193924335741, 0.2942582900686724, 0.2188810588490307, 0, 0, 0, 0), (0, 0, 0, 0, 0.2543123695231135, 0.1858294685031721, 0.29416063676304405, 0.23471319353625722, 0, 0, 0, 0), (0, 0, 0, 0, 0.2434349280421633, 0.1813616394780662, 0.2341569909328582, 0.2459921155390843, 0, 0, 0, 0), (0, 0, 0, 0, 0.23249588725331213, 0.20581793706698598, 0.2638773516686664, 0.234537875268096, 0, 0, 0, 0), (0, 0, 0, 0, 0.223380937985149, 0.23256072509228598, 0.28065658909215385, 0.24619759914812772, 0, 0, 0, 0), (0, 0, 0, 0, 0.22299419164084838, 0.24133898641743812, 0.2484340682092796, 0.24620526659899916, 0, 0, 0, 0), (0, 0, 0, 0, 0.22125100785104868, 0.24612060092496169, 0.23769112895593006, 0.2411401199355566, 0, 0, 0, 0), (0, 0, 0, 0, 0.22023597587155538, 0.23107867627317, 0.22203074436118903, 0.2192407668412996, 0, 0, 0, 0), (0, 0, 0, 0, 0.23253807175773394, 0.22301256888203286, 0.21713905816945506, 0.21910792966778975, 0, 0, 0, 0), (0, 0, 0, 0, 0.23809354958805487, 0.21736588026349019, 0.22549338513928563, 0.21951114526200233, 0, 0, 0, 0), (0, 0, 0, 0, 0.23017136066651075, 0.20755338907739845, 0.22545592709578877, 0.2283453616662502, 0, 0, 0, 0), (0, 0, 0, 0, 0.21976057194626633, 0.21935580752164285, 0.22143841502644718, 0.21283478271743153, 0, 0, 0, 0), (0, 0, 0, 0, 0.21976378643012517, 0.2234236422424856, 0.21707502272931234, 0.21004133517819717, 0, 0, 0, 0)]}}
AdaptationManager: Configuring next round...
{'client_registry': {'enabled': True, 'params': {}}, 'client_selector': {'enabled': True, 'params': {'selection_strategy': 'Resource-Based', 'selection_criteria': 'CPU', 'selection_value': 2}}, 'client_cluster': {'enabled': False, 'params': {}}, 'message_compressor': {'enabled': False, 'params': {}}, 'model_co-versioning_registry': {'enabled': False, 'params': {}}, 'multi-task_model_trainer': {'enabled': False, 'params': {}}, 'heterogeneous_data_handler': {'enabled': False, 'params': {}}}
{'client_selector': {'enabled': True}, 'client_cluster': {'enabled': False}, 'message_compressor': {'enabled': False}, 'model_co-versioning_registry': {'enabled': False}, 'multi-task_model_trainer': {'enabled': False}, 'heterogeneous_data_handler': {'enabled': False}, 'client_registry': {'enabled': True, 'params': {}}}
round 19, 4 high, 8 low, 0.0-iid clients, predicted best policy: client_selector activated ✅
Client Client 1 participates in this round. (CPU: 2, RAM: 4)
Client Client 10 has insufficient CPU (1). Will not participate in the next FL round.
Client Client 5 has insufficient CPU (1). Will not participate in the next FL round.
Client Client 12 has insufficient CPU (1). Will not participate in the next FL round.
Client Client 7 has insufficient CPU (1). Will not participate in the next FL round.
Client Client 6 has insufficient CPU (1). Will not participate in the next FL round.
Client Client 11 has insufficient CPU (1). Will not participate in the next FL round.
Client Client 4 participates in this round. (CPU: 2, RAM: 4)
Client Client 3 participates in this round. (CPU: 2, RAM: 4)
Client Client 9 has insufficient CPU (1). Will not participate in the next FL round.
Client Client 2 participates in this round. (CPU: 2, RAM: 4)
Client Client 8 has insufficient CPU (1). Will not participate in the next FL round.
Results Aggregated in 28.34 seconds.
{'TextMLP': {'train_loss': [0.44252868587772054, 0.8653979375362396, 0.6882570565541585, 0.5110911080141862, 0.40662587153514224, 0.4063296196195814, 0.35011342266450324, 0.31914137697468203, 0.29068403132315035, 0.2592575860023498, 0.2569158473954056, 0.2533552986664904, 0.2497633461700036, 0.2457078157613675, 0.24388652485277917, 0.2433386394698173, 0.2404079375909824, 0.24010765818534074, 0.2343523977350509], 'train_accuracy': [0.8538333333333333, 0.5947083333333333, 0.7583611111111112, 0.8072291666666667, 0.8442583333333333, 0.8471736111111111, 0.8655833333333334, 0.87971875, 0.8892916666666667, 0.902525, 0.9038333333333334, 0.9043645833333334, 0.9064711538461538, 0.9074523809523809, 0.908625, 0.9084609375, 0.9095122549019607, 0.9100949074074074, 0.9128245614035088], 'train_f1': [0.385252981257749, 0.24824548702943955, 0.4309161760353994, 0.5040377245261168, 0.5587469889322688, 0.6336284367829507, 0.6965076056807911, 0.7981315799428206, 0.8196265167608594, 0.8382742129484996, 0.8487513437491533, 0.8523265464285629, 0.8672161303829582, 0.8690816997241955, 0.8675084245228913, 0.870661669544214, 0.8739251889648194, 0.8761987667370588, 0.8775300323488525], 'train_mae': [0.16995833333333332, 0.6333333333333333, 0.4000694444444444, 0.31583333333333335, 0.24576666666666666, 0.2265486111111111, 0.20356547619047619, 0.18110416666666668, 0.1700648148148148, 0.15049583333333333, 0.15126136363636364, 0.15055208333333334, 0.14313141025641027, 0.14341071428571428, 0.14228055555555555, 0.14249479166666668, 0.13973529411764707, 0.13787037037037037, 0.13507894736842105], 'val_loss': [3.040102521494815, 2.8223645536523114, 3.7382783347681947, 4.329641060076263, 5.148105338498165, 5.511479961244683, 5.7357981957887345, 5.685168709253011, 5.6476435440465025, 5.488767293126959, 5.451609753809477, 5.521691575552288, 5.409380475847344, 5.271940210743955, 5.172332117683009, 5.593066304357429, 5.702585187711215, 5.851947869501616, 6.211801038290325], 'val_accuracy': [0.25, 0.25, 0.3317763157894737, 0.3756578947368421, 0.4149671052631579, 0.47963815789473685, 0.5088815789473684, 0.5740131578947368, 0.5871710526315789, 0.606546052631579, 0.6242434210526315, 0.6237828947368421, 0.6360855263157895, 0.6356907894736842, 0.6285526315789474, 0.6369736842105264, 0.6348355263157894, 0.6424013157894736, 0.64], 'val_f1': [0.1, 0.1000184346360476, 0.20448373015635682, 0.25063298816947555, 0.2891487241151368, 0.36503916431445643, 0.40971573364523095, 0.4923337154209231, 0.508520952601605, 0.5266260324431924, 0.5407232606321807, 0.5408486696425567, 0.5514955964301053, 0.5517570393996634, 0.5462071825906345, 0.5532724193566664, 0.5509834644392204, 0.5568934543986912, 0.5553540862380496], 'val_mae': [1.375, 1.2502302631578948, 1.1336842105263156, 1.0095394736842105, 0.9220723684210527, 0.7570065789473684, 0.7645394736842106, 0.7204934210526317, 0.7172368421052631, 0.680921052631579, 0.6276315789473685, 0.6188157894736843, 0.6272697368421052, 0.6305592105263159, 0.645, 0.6014144736842105, 0.6447697368421053, 0.6082236842105263, 0.6076973684210526], 'jsd': [(0, 0, 0, 0, 0.37636593565672816, 0.2981960650476329, 0.39504670890922783, 0.42440464723650284, 0, 0, 0, 0), (0, 0, 0, 0, 0.21176745111766548, 0.16908769285817743, 0.2220478888848837, 0.25413018807379345, 0, 0, 0, 0), (0, 0, 0, 0, 0.21217089471420067, 0.32204789830112157, 0.18809835387830245, 0.2730682816333988, 0, 0, 0, 0), (0, 0, 0, 0, 0.29707990655075733, 0.23701931350761388, 0.18785954777237332, 0.2674333471085494, 0, 0, 0, 0), (0, 0, 0, 0, 0.2934831447462839, 0.2075548524137249, 0.29007488278363763, 0.2651792435601586, 0, 0, 0, 0), (0, 0, 0, 0, 0.2508810807438266, 0.2096193924335741, 0.2942582900686724, 0.2188810588490307, 0, 0, 0, 0), (0, 0, 0, 0, 0.2543123695231135, 0.1858294685031721, 0.29416063676304405, 0.23471319353625722, 0, 0, 0, 0), (0, 0, 0, 0, 0.2434349280421633, 0.1813616394780662, 0.2341569909328582, 0.2459921155390843, 0, 0, 0, 0), (0, 0, 0, 0, 0.23249588725331213, 0.20581793706698598, 0.2638773516686664, 0.234537875268096, 0, 0, 0, 0), (0, 0, 0, 0, 0.223380937985149, 0.23256072509228598, 0.28065658909215385, 0.24619759914812772, 0, 0, 0, 0), (0, 0, 0, 0, 0.22299419164084838, 0.24133898641743812, 0.2484340682092796, 0.24620526659899916, 0, 0, 0, 0), (0, 0, 0, 0, 0.22125100785104868, 0.24612060092496169, 0.23769112895593006, 0.2411401199355566, 0, 0, 0, 0), (0, 0, 0, 0, 0.22023597587155538, 0.23107867627317, 0.22203074436118903, 0.2192407668412996, 0, 0, 0, 0), (0, 0, 0, 0, 0.23253807175773394, 0.22301256888203286, 0.21713905816945506, 0.21910792966778975, 0, 0, 0, 0), (0, 0, 0, 0, 0.23809354958805487, 0.21736588026349019, 0.22549338513928563, 0.21951114526200233, 0, 0, 0, 0), (0, 0, 0, 0, 0.23017136066651075, 0.20755338907739845, 0.22545592709578877, 0.2283453616662502, 0, 0, 0, 0), (0, 0, 0, 0, 0.21976057194626633, 0.21935580752164285, 0.22143841502644718, 0.21283478271743153, 0, 0, 0, 0), (0, 0, 0, 0, 0.21976378643012517, 0.2234236422424856, 0.21707502272931234, 0.21004133517819717, 0, 0, 0, 0), (0, 0, 0, 0, 0.22001408030841096, 0.2232711507505876, 0.22057373637988922, 0.22118254298430937, 0, 0, 0, 0)]}}
AdaptationManager: Configuring next round...
{'client_registry': {'enabled': True, 'params': {}}, 'client_selector': {'enabled': True, 'params': {'selection_strategy': 'Resource-Based', 'selection_criteria': 'CPU', 'selection_value': 2}}, 'client_cluster': {'enabled': False, 'params': {}}, 'message_compressor': {'enabled': False, 'params': {}}, 'model_co-versioning_registry': {'enabled': False, 'params': {}}, 'multi-task_model_trainer': {'enabled': False, 'params': {}}, 'heterogeneous_data_handler': {'enabled': False, 'params': {}}}
{'client_selector': {'enabled': True}, 'client_cluster': {'enabled': False}, 'message_compressor': {'enabled': False}, 'model_co-versioning_registry': {'enabled': False}, 'multi-task_model_trainer': {'enabled': False}, 'heterogeneous_data_handler': {'enabled': False}, 'client_registry': {'enabled': True, 'params': {}}}
round 20, 4 high, 8 low, 0.0-iid clients, predicted best policy: client_selector activated ✅
Client Client 2 participates in this round. (CPU: 2, RAM: 4)
Client Client 6 has insufficient CPU (1). Will not participate in the next FL round.
Client Client 11 has insufficient CPU (1). Will not participate in the next FL round.
Client Client 1 participates in this round. (CPU: 2, RAM: 4)
Client Client 7 has insufficient CPU (1). Will not participate in the next FL round.
Client Client 10 has insufficient CPU (1). Will not participate in the next FL round.
Client Client 12 has insufficient CPU (1). Will not participate in the next FL round.
Client Client 3 participates in this round. (CPU: 2, RAM: 4)
Client Client 5 has insufficient CPU (1). Will not participate in the next FL round.
Client Client 8 has insufficient CPU (1). Will not participate in the next FL round.
Client Client 9 has insufficient CPU (1). Will not participate in the next FL round.
Client Client 4 participates in this round. (CPU: 2, RAM: 4)
Results Aggregated in 28.46 seconds.
{'TextMLP': {'train_loss': [0.44252868587772054, 0.8653979375362396, 0.6882570565541585, 0.5110911080141862, 0.40662587153514224, 0.4063296196195814, 0.35011342266450324, 0.31914137697468203, 0.29068403132315035, 0.2592575860023498, 0.2569158473954056, 0.2533552986664904, 0.2497633461700036, 0.2457078157613675, 0.24388652485277917, 0.2433386394698173, 0.2404079375909824, 0.24010765818534074, 0.2343523977350509, 0.22972625929613907], 'train_accuracy': [0.8538333333333333, 0.5947083333333333, 0.7583611111111112, 0.8072291666666667, 0.8442583333333333, 0.8471736111111111, 0.8655833333333334, 0.87971875, 0.8892916666666667, 0.902525, 0.9038333333333334, 0.9043645833333334, 0.9064711538461538, 0.9074523809523809, 0.908625, 0.9084609375, 0.9095122549019607, 0.9100949074074074, 0.9128245614035088, 0.9146916666666667], 'train_f1': [0.385252981257749, 0.24824548702943955, 0.4309161760353994, 0.5040377245261168, 0.5587469889322688, 0.6336284367829507, 0.6965076056807911, 0.7981315799428206, 0.8196265167608594, 0.8382742129484996, 0.8487513437491533, 0.8523265464285629, 0.8672161303829582, 0.8690816997241955, 0.8675084245228913, 0.870661669544214, 0.8739251889648194, 0.8761987667370588, 0.8775300323488525, 0.8799991972772602], 'train_mae': [0.16995833333333332, 0.6333333333333333, 0.4000694444444444, 0.31583333333333335, 0.24576666666666666, 0.2265486111111111, 0.20356547619047619, 0.18110416666666668, 0.1700648148148148, 0.15049583333333333, 0.15126136363636364, 0.15055208333333334, 0.14313141025641027, 0.14341071428571428, 0.14228055555555555, 0.14249479166666668, 0.13973529411764707, 0.13787037037037037, 0.13507894736842105, 0.13147916666666667], 'val_loss': [3.040102521494815, 2.8223645536523114, 3.7382783347681947, 4.329641060076263, 5.148105338498165, 5.511479961244683, 5.7357981957887345, 5.685168709253011, 5.6476435440465025, 5.488767293126959, 5.451609753809477, 5.521691575552288, 5.409380475847344, 5.271940210743955, 5.172332117683009, 5.593066304357429, 5.702585187711215, 5.851947869501616, 6.211801038290325, 6.199449601675335], 'val_accuracy': [0.25, 0.25, 0.3317763157894737, 0.3756578947368421, 0.4149671052631579, 0.47963815789473685, 0.5088815789473684, 0.5740131578947368, 0.5871710526315789, 0.606546052631579, 0.6242434210526315, 0.6237828947368421, 0.6360855263157895, 0.6356907894736842, 0.6285526315789474, 0.6369736842105264, 0.6348355263157894, 0.6424013157894736, 0.64, 0.6418092105263158], 'val_f1': [0.1, 0.1000184346360476, 0.20448373015635682, 0.25063298816947555, 0.2891487241151368, 0.36503916431445643, 0.40971573364523095, 0.4923337154209231, 0.508520952601605, 0.5266260324431924, 0.5407232606321807, 0.5408486696425567, 0.5514955964301053, 0.5517570393996634, 0.5462071825906345, 0.5532724193566664, 0.5509834644392204, 0.5568934543986912, 0.5553540862380496, 0.5562621360433921], 'val_mae': [1.375, 1.2502302631578948, 1.1336842105263156, 1.0095394736842105, 0.9220723684210527, 0.7570065789473684, 0.7645394736842106, 0.7204934210526317, 0.7172368421052631, 0.680921052631579, 0.6276315789473685, 0.6188157894736843, 0.6272697368421052, 0.6305592105263159, 0.645, 0.6014144736842105, 0.6447697368421053, 0.6082236842105263, 0.6076973684210526, 0.6258881578947368], 'jsd': [(0, 0, 0, 0, 0.37636593565672816, 0.2981960650476329, 0.39504670890922783, 0.42440464723650284, 0, 0, 0, 0), (0, 0, 0, 0, 0.21176745111766548, 0.16908769285817743, 0.2220478888848837, 0.25413018807379345, 0, 0, 0, 0), (0, 0, 0, 0, 0.21217089471420067, 0.32204789830112157, 0.18809835387830245, 0.2730682816333988, 0, 0, 0, 0), (0, 0, 0, 0, 0.29707990655075733, 0.23701931350761388, 0.18785954777237332, 0.2674333471085494, 0, 0, 0, 0), (0, 0, 0, 0, 0.2934831447462839, 0.2075548524137249, 0.29007488278363763, 0.2651792435601586, 0, 0, 0, 0), (0, 0, 0, 0, 0.2508810807438266, 0.2096193924335741, 0.2942582900686724, 0.2188810588490307, 0, 0, 0, 0), (0, 0, 0, 0, 0.2543123695231135, 0.1858294685031721, 0.29416063676304405, 0.23471319353625722, 0, 0, 0, 0), (0, 0, 0, 0, 0.2434349280421633, 0.1813616394780662, 0.2341569909328582, 0.2459921155390843, 0, 0, 0, 0), (0, 0, 0, 0, 0.23249588725331213, 0.20581793706698598, 0.2638773516686664, 0.234537875268096, 0, 0, 0, 0), (0, 0, 0, 0, 0.223380937985149, 0.23256072509228598, 0.28065658909215385, 0.24619759914812772, 0, 0, 0, 0), (0, 0, 0, 0, 0.22299419164084838, 0.24133898641743812, 0.2484340682092796, 0.24620526659899916, 0, 0, 0, 0), (0, 0, 0, 0, 0.22125100785104868, 0.24612060092496169, 0.23769112895593006, 0.2411401199355566, 0, 0, 0, 0), (0, 0, 0, 0, 0.22023597587155538, 0.23107867627317, 0.22203074436118903, 0.2192407668412996, 0, 0, 0, 0), (0, 0, 0, 0, 0.23253807175773394, 0.22301256888203286, 0.21713905816945506, 0.21910792966778975, 0, 0, 0, 0), (0, 0, 0, 0, 0.23809354958805487, 0.21736588026349019, 0.22549338513928563, 0.21951114526200233, 0, 0, 0, 0), (0, 0, 0, 0, 0.23017136066651075, 0.20755338907739845, 0.22545592709578877, 0.2283453616662502, 0, 0, 0, 0), (0, 0, 0, 0, 0.21976057194626633, 0.21935580752164285, 0.22143841502644718, 0.21283478271743153, 0, 0, 0, 0), (0, 0, 0, 0, 0.21976378643012517, 0.2234236422424856, 0.21707502272931234, 0.21004133517819717, 0, 0, 0, 0), (0, 0, 0, 0, 0.22001408030841096, 0.2232711507505876, 0.22057373637988922, 0.22118254298430937, 0, 0, 0, 0), (0, 0, 0, 0, 0.22129893392959865, 0.22129893392959865, 0.22129893392959865, 0.22129893392959865, 0, 0, 0, 0)]}}
AdaptationManager: Configuring next round...
{'client_registry': {'enabled': True, 'params': {}}, 'client_selector': {'enabled': True, 'params': {'selection_strategy': 'Resource-Based', 'selection_criteria': 'CPU', 'selection_value': 2}}, 'client_cluster': {'enabled': False, 'params': {}}, 'message_compressor': {'enabled': False, 'params': {}}, 'model_co-versioning_registry': {'enabled': False, 'params': {}}, 'multi-task_model_trainer': {'enabled': False, 'params': {}}, 'heterogeneous_data_handler': {'enabled': False, 'params': {}}}
{'client_selector': {'enabled': True}, 'client_cluster': {'enabled': False}, 'message_compressor': {'enabled': False}, 'model_co-versioning_registry': {'enabled': False}, 'multi-task_model_trainer': {'enabled': False}, 'heterogeneous_data_handler': {'enabled': False}, 'client_registry': {'enabled': True, 'params': {}}}
round 21, 4 high, 8 low, 0.0-iid clients, predicted best policy: client_selector activated ✅
