==========================================
  ___  ______  ___ ______       _ 
 / _ \ | ___ \/   ||  ___|     | |
/ /_\ \| |_/ / /| || |_ ___  __| |
|  _  ||  __/ /_| ||  _/ _ \/ _` |
| | | || |  \___  || ||  __/ (_| |
\_| |_/\_|      |_/\_| \___|\__,_| v.1.5.0

==========================================
Simulation Started!
List of the Architectural Patterns enabled:
Adaptation Enabled ✅
Global Metric: val_f1, comparison with fixed value: 0.4
Local Metric: jsd, comparison with fixed value: 0.1
Client Registry ✅
Client Selector ✅
 AP Parameters: {'selection_strategy': 'Resource-Based', 'selection_criteria': 'CPU', 'selection_value': 2}
Heterogeneous Data Handler ✅
 AP Parameters: {'enabled_clients': []}
==========================================
Client Client 24 participates in this round. (CPU: 2, RAM: 4)
Client Client 23 participates in this round. (CPU: 2, RAM: 4)
Client Client 25 participates in this round. (CPU: 2, RAM: 4)
Client Client 28 has insufficient CPU (1). Will not participate in the next FL round.
Client Client 26 participates in this round. (CPU: 2, RAM: 4)
Client Client 27 has insufficient CPU (1). Will not participate in the next FL round.
Results Aggregated in 27.83 seconds.
{'TextMLP': {'train_loss': [0.36389656487902006], 'train_accuracy': [0.8694854166666667], 'train_f1': [0.8015376752085067], 'train_mae': [0.18965833333333335], 'val_loss': [3.0158714692216173], 'val_accuracy': [0.5812828947368421], 'val_f1': [0.5013173069562576], 'val_mae': [0.7445723684210527], 'jsd': [(0, 0, 0.22129893392959865, 0.22129893392959865, 0.22129893392959865, 0.22129893392959865)]}}
AdaptationManager: Configuring next round...
{'client_registry': {'enabled': True, 'params': {}}, 'client_selector': {'enabled': True, 'params': {'selection_strategy': 'Resource-Based', 'selection_criteria': 'CPU', 'selection_value': 2}}, 'client_cluster': {'enabled': False, 'params': {}}, 'message_compressor': {'enabled': False, 'params': {}}, 'model_co-versioning_registry': {'enabled': False, 'params': {}}, 'multi-task_model_trainer': {'enabled': False, 'params': {}}, 'heterogeneous_data_handler': {'enabled': True, 'params': {'enabled_clients': []}}}
{'client_selector': {'enabled': True}, 'client_cluster': {'enabled': False}, 'message_compressor': {'enabled': False}, 'model_co-versioning_registry': {'enabled': False}, 'multi-task_model_trainer': {'enabled': False}, 'heterogeneous_data_handler': {'enabled': True}, 'client_registry': {'enabled': True, 'params': {}}}
val_f1=0.5013173069562576, client_selector de-activated ❌
heterogeneous_data_handler activated ✅ for clients: ['Client 25', 'Client 26', 'Client 27', 'Client 28']
Results Aggregated in 49.84 seconds.
{'TextMLP': {'train_loss': [0.36389656487902006, 0.3821261591935158], 'train_accuracy': [0.8694854166666667, 0.8320666666666666], 'train_f1': [0.8015376752085067, 0.8100866766351116], 'train_mae': [0.18965833333333335, 0.21662166666666666], 'val_loss': [3.0158714692216173, 3.6169280398519414], 'val_accuracy': [0.5812828947368421, 0.6361776315789474], 'val_f1': [0.5013173069562576, 0.5504240872232314], 'val_mae': [0.7445723684210527, 0.6001184210526316], 'jsd': [(0, 0, 0.22129893392959865, 0.22129893392959865, 0.22129893392959865, 0.22129893392959865), (0.22129893392959865, 0.22129893392959865, 0.13792538097003013, 0.13792538097003013, 0.13792538097003013, 0.13792538097003013)]}}
AdaptationManager: Configuring next round...
{'client_registry': {'enabled': True, 'params': {}}, 'client_selector': {'enabled': True, 'params': {'selection_strategy': 'Resource-Based', 'selection_criteria': 'CPU', 'selection_value': 2}}, 'client_cluster': {'enabled': False, 'params': {}}, 'message_compressor': {'enabled': False, 'params': {}}, 'model_co-versioning_registry': {'enabled': False, 'params': {}}, 'multi-task_model_trainer': {'enabled': False, 'params': {}}, 'heterogeneous_data_handler': {'enabled': True, 'params': {'enabled_clients': []}}}
{'client_selector': {'enabled': False}, 'client_cluster': {'enabled': False}, 'message_compressor': {'enabled': False}, 'model_co-versioning_registry': {'enabled': False}, 'multi-task_model_trainer': {'enabled': False}, 'heterogeneous_data_handler': {'enabled': True, 'params': {'enabled_clients': ['Client 25', 'Client 26', 'Client 27', 'Client 28']}}, 'client_registry': {'enabled': True, 'params': {}}}
val_f1=0.5504240872232314, client_selector activated ✅
heterogeneous_data_handler activated ✅ for clients: ['Client 23', 'Client 24', 'Client 25', 'Client 26', 'Client 27', 'Client 28']
Client Client 27 has insufficient CPU (1). Will not participate in the next FL round.
Client Client 28 has insufficient CPU (1). Will not participate in the next FL round.
Client Client 26 participates in this round. (CPU: 2, RAM: 4)
Client Client 25 participates in this round. (CPU: 2, RAM: 4)
Client Client 23 participates in this round. (CPU: 2, RAM: 4)
Client Client 24 participates in this round. (CPU: 2, RAM: 4)
Results Aggregated in 35.75 seconds.
{'TextMLP': {'train_loss': [0.36389656487902006, 0.3821261591935158, 0.42269643160672415], 'train_accuracy': [0.8694854166666667, 0.8320666666666666, 0.8016952380952381], 'train_f1': [0.8015376752085067, 0.8100866766351116, 0.7955936619388759], 'train_mae': [0.18965833333333335, 0.21662166666666666, 0.2402190476190476], 'val_loss': [3.0158714692216173, 3.6169280398519414, 3.8751993690576767], 'val_accuracy': [0.5812828947368421, 0.6361776315789474, 0.6549060150375939], 'val_f1': [0.5013173069562576, 0.5504240872232314, 0.5660950969164332], 'val_mae': [0.7445723684210527, 0.6001184210526316, 0.5381954887218046], 'jsd': [(0, 0, 0.22129893392959865, 0.22129893392959865, 0.22129893392959865, 0.22129893392959865), (0.22129893392959865, 0.22129893392959865, 0.13792538097003013, 0.13792538097003013, 0.13792538097003013, 0.13792538097003013), (0, 0, 0.13792538097003013, 0.13792538097003013, 0.13792538097003013, 0.13792538097003013)]}}
AdaptationManager: Configuring next round...
{'client_registry': {'enabled': True, 'params': {}}, 'client_selector': {'enabled': True, 'params': {'selection_strategy': 'Resource-Based', 'selection_criteria': 'CPU', 'selection_value': 2}}, 'client_cluster': {'enabled': False, 'params': {}}, 'message_compressor': {'enabled': False, 'params': {}}, 'model_co-versioning_registry': {'enabled': False, 'params': {}}, 'multi-task_model_trainer': {'enabled': False, 'params': {}}, 'heterogeneous_data_handler': {'enabled': True, 'params': {'enabled_clients': []}}}
{'client_selector': {'enabled': True}, 'client_cluster': {'enabled': False}, 'message_compressor': {'enabled': False}, 'model_co-versioning_registry': {'enabled': False}, 'multi-task_model_trainer': {'enabled': False}, 'heterogeneous_data_handler': {'enabled': True, 'params': {'enabled_clients': ['Client 23', 'Client 24', 'Client 25', 'Client 26', 'Client 27', 'Client 28']}}, 'client_registry': {'enabled': True, 'params': {}}}
val_f1=0.5660950969164332, client_selector activated ✅
heterogeneous_data_handler activated ✅ for clients: ['Client 25', 'Client 26', 'Client 27', 'Client 28']
Client Client 23 participates in this round. (CPU: 2, RAM: 4)
Client Client 24 participates in this round. (CPU: 2, RAM: 4)
Client Client 25 participates in this round. (CPU: 2, RAM: 4)
Client Client 27 has insufficient CPU (1). Will not participate in the next FL round.
Client Client 26 participates in this round. (CPU: 2, RAM: 4)
Client Client 28 has insufficient CPU (1). Will not participate in the next FL round.
Results Aggregated in 10.16 seconds.
{'TextMLP': {'train_loss': [0.36389656487902006, 0.3821261591935158, 0.42269643160672415, 0.4066243405310313], 'train_accuracy': [0.8694854166666667, 0.8320666666666666, 0.8016952380952381, 0.8031715555555555], 'train_f1': [0.8015376752085067, 0.8100866766351116, 0.7955936619388759, 0.8003390503673932], 'train_mae': [0.18965833333333335, 0.21662166666666666, 0.2402190476190476, 0.23726577777777777], 'val_loss': [3.0158714692216173, 3.6169280398519414, 3.8751993690576767, 5.176214582764475], 'val_accuracy': [0.5812828947368421, 0.6361776315789474, 0.6549060150375939, 0.6608578947368422], 'val_f1': [0.5013173069562576, 0.5504240872232314, 0.5660950969164332, 0.5727496911183134], 'val_mae': [0.7445723684210527, 0.6001184210526316, 0.5381954887218046, 0.5106921052631579], 'jsd': [(0, 0, 0.22129893392959865, 0.22129893392959865, 0.22129893392959865, 0.22129893392959865), (0.22129893392959865, 0.22129893392959865, 0.13792538097003013, 0.13792538097003013, 0.13792538097003013, 0.13792538097003013), (0, 0, 0.13792538097003013, 0.13792538097003013, 0.13792538097003013, 0.13792538097003013), (0, 0, 0.13792538097003013, 0.13792538097003013, 0.13792538097003013, 0.13792538097003013)]}}
AdaptationManager: Configuring next round...
{'client_registry': {'enabled': True, 'params': {}}, 'client_selector': {'enabled': True, 'params': {'selection_strategy': 'Resource-Based', 'selection_criteria': 'CPU', 'selection_value': 2}}, 'client_cluster': {'enabled': False, 'params': {}}, 'message_compressor': {'enabled': False, 'params': {}}, 'model_co-versioning_registry': {'enabled': False, 'params': {}}, 'multi-task_model_trainer': {'enabled': False, 'params': {}}, 'heterogeneous_data_handler': {'enabled': True, 'params': {'enabled_clients': []}}}
{'client_selector': {'enabled': True}, 'client_cluster': {'enabled': False}, 'message_compressor': {'enabled': False}, 'model_co-versioning_registry': {'enabled': False}, 'multi-task_model_trainer': {'enabled': False}, 'heterogeneous_data_handler': {'enabled': True, 'params': {'enabled_clients': ['Client 25', 'Client 26', 'Client 27', 'Client 28']}}, 'client_registry': {'enabled': True, 'params': {}}}
val_f1=0.5727496911183134, client_selector activated ✅
heterogeneous_data_handler activated ✅ for clients: ['Client 25', 'Client 26', 'Client 27', 'Client 28']
Client Client 23 participates in this round. (CPU: 2, RAM: 4)
Client Client 24 participates in this round. (CPU: 2, RAM: 4)
Client Client 25 participates in this round. (CPU: 2, RAM: 4)
Client Client 27 has insufficient CPU (1). Will not participate in the next FL round.
Client Client 28 has insufficient CPU (1). Will not participate in the next FL round.
Client Client 26 participates in this round. (CPU: 2, RAM: 4)
Results Aggregated in 9.87 seconds.
{'TextMLP': {'train_loss': [0.36389656487902006, 0.3821261591935158, 0.42269643160672415, 0.4066243405310313, 0.40076856024490654], 'train_accuracy': [0.8694854166666667, 0.8320666666666666, 0.8016952380952381, 0.8031715555555555, 0.8036266879219804], 'train_f1': [0.8015376752085067, 0.8100866766351116, 0.7955936619388759, 0.8003390503673932, 0.801621812970708], 'train_mae': [0.18965833333333335, 0.21662166666666666, 0.2402190476190476, 0.23726577777777777, 0.23587928232058014], 'val_loss': [3.0158714692216173, 3.6169280398519414, 3.8751993690576767, 5.176214582764475, 5.900558025769825], 'val_accuracy': [0.5812828947368421, 0.6361776315789474, 0.6549060150375939, 0.6608578947368422, 0.6641729182295574], 'val_f1': [0.5013173069562576, 0.5504240872232314, 0.5660950969164332, 0.5727496911183134, 0.5764038594729779], 'val_mae': [0.7445723684210527, 0.6001184210526316, 0.5381954887218046, 0.5106921052631579, 0.4938418979744936], 'jsd': [(0, 0, 0.22129893392959865, 0.22129893392959865, 0.22129893392959865, 0.22129893392959865), (0.22129893392959865, 0.22129893392959865, 0.13792538097003013, 0.13792538097003013, 0.13792538097003013, 0.13792538097003013), (0, 0, 0.13792538097003013, 0.13792538097003013, 0.13792538097003013, 0.13792538097003013), (0, 0, 0.13792538097003013, 0.13792538097003013, 0.13792538097003013, 0.13792538097003013), (0, 0, 0.13792538097003013, 0.13792538097003013, 0.13792538097003013, 0.13792538097003013)]}}
AdaptationManager: Configuring next round...
{'client_registry': {'enabled': True, 'params': {}}, 'client_selector': {'enabled': True, 'params': {'selection_strategy': 'Resource-Based', 'selection_criteria': 'CPU', 'selection_value': 2}}, 'client_cluster': {'enabled': False, 'params': {}}, 'message_compressor': {'enabled': False, 'params': {}}, 'model_co-versioning_registry': {'enabled': False, 'params': {}}, 'multi-task_model_trainer': {'enabled': False, 'params': {}}, 'heterogeneous_data_handler': {'enabled': True, 'params': {'enabled_clients': []}}}
{'client_selector': {'enabled': True}, 'client_cluster': {'enabled': False}, 'message_compressor': {'enabled': False}, 'model_co-versioning_registry': {'enabled': False}, 'multi-task_model_trainer': {'enabled': False}, 'heterogeneous_data_handler': {'enabled': True, 'params': {'enabled_clients': ['Client 25', 'Client 26', 'Client 27', 'Client 28']}}, 'client_registry': {'enabled': True, 'params': {}}}
val_f1=0.5764038594729779, client_selector activated ✅
heterogeneous_data_handler activated ✅ for clients: ['Client 25', 'Client 26', 'Client 27', 'Client 28']
Client Client 24 participates in this round. (CPU: 2, RAM: 4)
Client Client 23 participates in this round. (CPU: 2, RAM: 4)
Client Client 28 has insufficient CPU (1). Will not participate in the next FL round.
Client Client 26 participates in this round. (CPU: 2, RAM: 4)
Client Client 27 has insufficient CPU (1). Will not participate in the next FL round.
Client Client 25 participates in this round. (CPU: 2, RAM: 4)
Results Aggregated in 10.03 seconds.
{'TextMLP': {'train_loss': [0.36389656487902006, 0.3821261591935158, 0.42269643160672415, 0.4066243405310313, 0.40076856024490654, 0.396772109088539], 'train_accuracy': [0.8694854166666667, 0.8320666666666666, 0.8016952380952381, 0.8031715555555555, 0.8036266879219804, 0.8085139606333772], 'train_f1': [0.8015376752085067, 0.8100866766351116, 0.7955936619388759, 0.8003390503673932, 0.801621812970708, 0.8056566012664235], 'train_mae': [0.18965833333333335, 0.21662166666666666, 0.2402190476190476, 0.23726577777777777, 0.23587928232058014, 0.23066275026165636], 'val_loss': [3.0158714692216173, 3.6169280398519414, 3.8751993690576767, 5.176214582764475, 5.900558025769825, 6.082050777776422], 'val_accuracy': [0.5812828947368421, 0.6361776315789474, 0.6549060150375939, 0.6608578947368422, 0.6641729182295574, 0.6655169601304994], 'val_f1': [0.5013173069562576, 0.5504240872232314, 0.5660950969164332, 0.5727496911183134, 0.5764038594729779, 0.5776587077037159], 'val_mae': [0.7445723684210527, 0.6001184210526316, 0.5381954887218046, 0.5106921052631579, 0.4938418979744936, 0.48903702681955574], 'jsd': [(0, 0, 0.22129893392959865, 0.22129893392959865, 0.22129893392959865, 0.22129893392959865), (0.22129893392959865, 0.22129893392959865, 0.13792538097003013, 0.13792538097003013, 0.13792538097003013, 0.13792538097003013), (0, 0, 0.13792538097003013, 0.13792538097003013, 0.13792538097003013, 0.13792538097003013), (0, 0, 0.13792538097003013, 0.13792538097003013, 0.13792538097003013, 0.13792538097003013), (0, 0, 0.13792538097003013, 0.13792538097003013, 0.13792538097003013, 0.13792538097003013), (0, 0, 0.13792538097003013, 0.13792538097003013, 0.13792538097003013, 0.13792538097003013)]}}
AdaptationManager: Configuring next round...
{'client_registry': {'enabled': True, 'params': {}}, 'client_selector': {'enabled': True, 'params': {'selection_strategy': 'Resource-Based', 'selection_criteria': 'CPU', 'selection_value': 2}}, 'client_cluster': {'enabled': False, 'params': {}}, 'message_compressor': {'enabled': False, 'params': {}}, 'model_co-versioning_registry': {'enabled': False, 'params': {}}, 'multi-task_model_trainer': {'enabled': False, 'params': {}}, 'heterogeneous_data_handler': {'enabled': True, 'params': {'enabled_clients': []}}}
{'client_selector': {'enabled': True}, 'client_cluster': {'enabled': False}, 'message_compressor': {'enabled': False}, 'model_co-versioning_registry': {'enabled': False}, 'multi-task_model_trainer': {'enabled': False}, 'heterogeneous_data_handler': {'enabled': True, 'params': {'enabled_clients': ['Client 25', 'Client 26', 'Client 27', 'Client 28']}}, 'client_registry': {'enabled': True, 'params': {}}}
val_f1=0.5776587077037159, client_selector activated ✅
heterogeneous_data_handler activated ✅ for clients: ['Client 25', 'Client 26', 'Client 27', 'Client 28']
Client Client 24 participates in this round. (CPU: 2, RAM: 4)
Client Client 23 participates in this round. (CPU: 2, RAM: 4)
Client Client 25 participates in this round. (CPU: 2, RAM: 4)
Client Client 28 has insufficient CPU (1). Will not participate in the next FL round.
Client Client 26 participates in this round. (CPU: 2, RAM: 4)
Client Client 27 has insufficient CPU (1). Will not participate in the next FL round.
Results Aggregated in 9.59 seconds.
{'TextMLP': {'train_loss': [0.36389656487902006, 0.3821261591935158, 0.42269643160672415, 0.4066243405310313, 0.40076856024490654, 0.396772109088539, 0.3912098160898755], 'train_accuracy': [0.8694854166666667, 0.8320666666666666, 0.8016952380952381, 0.8031715555555555, 0.8036266879219804, 0.8085139606333772, 0.8107752543620966], 'train_f1': [0.8015376752085067, 0.8100866766351116, 0.7955936619388759, 0.8003390503673932, 0.801621812970708, 0.8056566012664235, 0.8070790757407398], 'train_mae': [0.18965833333333335, 0.21662166666666666, 0.2402190476190476, 0.23726577777777777, 0.23587928232058014, 0.23066275026165636, 0.22653268317214006], 'val_loss': [3.0158714692216173, 3.6169280398519414, 3.8751993690576767, 5.176214582764475, 5.900558025769825, 6.082050777776422, 6.28547968011486], 'val_accuracy': [0.5812828947368421, 0.6361776315789474, 0.6549060150375939, 0.6608578947368422, 0.6641729182295574, 0.6655169601304994, 0.6655470368416799], 'val_f1': [0.5013173069562576, 0.5504240872232314, 0.5660950969164332, 0.5727496911183134, 0.5764038594729779, 0.5776587077037159, 0.5756046118034448], 'val_mae': [0.7445723684210527, 0.6001184210526316, 0.5381954887218046, 0.5106921052631579, 0.4938418979744936, 0.48903702681955574, 0.5073342315823504], 'jsd': [(0, 0, 0.22129893392959865, 0.22129893392959865, 0.22129893392959865, 0.22129893392959865), (0.22129893392959865, 0.22129893392959865, 0.13792538097003013, 0.13792538097003013, 0.13792538097003013, 0.13792538097003013), (0, 0, 0.13792538097003013, 0.13792538097003013, 0.13792538097003013, 0.13792538097003013), (0, 0, 0.13792538097003013, 0.13792538097003013, 0.13792538097003013, 0.13792538097003013), (0, 0, 0.13792538097003013, 0.13792538097003013, 0.13792538097003013, 0.13792538097003013), (0, 0, 0.13792538097003013, 0.13792538097003013, 0.13792538097003013, 0.13792538097003013), (0, 0, 0.13792538097003013, 0.13792538097003013, 0.13792538097003013, 0.13792538097003013)]}}
AdaptationManager: Configuring next round...
{'client_registry': {'enabled': True, 'params': {}}, 'client_selector': {'enabled': True, 'params': {'selection_strategy': 'Resource-Based', 'selection_criteria': 'CPU', 'selection_value': 2}}, 'client_cluster': {'enabled': False, 'params': {}}, 'message_compressor': {'enabled': False, 'params': {}}, 'model_co-versioning_registry': {'enabled': False, 'params': {}}, 'multi-task_model_trainer': {'enabled': False, 'params': {}}, 'heterogeneous_data_handler': {'enabled': True, 'params': {'enabled_clients': []}}}
{'client_selector': {'enabled': True}, 'client_cluster': {'enabled': False}, 'message_compressor': {'enabled': False}, 'model_co-versioning_registry': {'enabled': False}, 'multi-task_model_trainer': {'enabled': False}, 'heterogeneous_data_handler': {'enabled': True, 'params': {'enabled_clients': ['Client 25', 'Client 26', 'Client 27', 'Client 28']}}, 'client_registry': {'enabled': True, 'params': {}}}
val_f1=0.5756046118034448, client_selector de-activated ❌
heterogeneous_data_handler activated ✅ for clients: ['Client 25', 'Client 26', 'Client 27', 'Client 28']
Results Aggregated in 10.21 seconds.
{'TextMLP': {'train_loss': [0.36389656487902006, 0.3821261591935158, 0.42269643160672415, 0.4066243405310313, 0.40076856024490654, 0.396772109088539, 0.3912098160898755, 0.3873716646710987], 'train_accuracy': [0.8694854166666667, 0.8320666666666666, 0.8016952380952381, 0.8031715555555555, 0.8036266879219804, 0.8085139606333772, 0.8107752543620966, 0.8119089761869643], 'train_f1': [0.8015376752085067, 0.8100866766351116, 0.7955936619388759, 0.8003390503673932, 0.801621812970708, 0.8056566012664235, 0.8070790757407398, 0.808187363533712], 'train_mae': [0.18965833333333335, 0.21662166666666666, 0.2402190476190476, 0.23726577777777777, 0.23587928232058014, 0.23066275026165636, 0.22653268317214006, 0.22605175606798106], 'val_loss': [3.0158714692216173, 3.6169280398519414, 3.8751993690576767, 5.176214582764475, 5.900558025769825, 6.082050777776422, 6.28547968011486, 6.404414284870319], 'val_accuracy': [0.5812828947368421, 0.6361776315789474, 0.6549060150375939, 0.6608578947368422, 0.6641729182295574, 0.6655169601304994, 0.6655470368416799, 0.6659979450291248], 'val_f1': [0.5013173069562576, 0.5504240872232314, 0.5660950969164332, 0.5727496911183134, 0.5764038594729779, 0.5776587077037159, 0.5756046118034448, 0.5762245879621433], 'val_mae': [0.7445723684210527, 0.6001184210526316, 0.5381954887218046, 0.5106921052631579, 0.4938418979744936, 0.48903702681955574, 0.5073342315823504, 0.5108441408261546], 'jsd': [(0, 0, 0.22129893392959865, 0.22129893392959865, 0.22129893392959865, 0.22129893392959865), (0.22129893392959865, 0.22129893392959865, 0.13792538097003013, 0.13792538097003013, 0.13792538097003013, 0.13792538097003013), (0, 0, 0.13792538097003013, 0.13792538097003013, 0.13792538097003013, 0.13792538097003013), (0, 0, 0.13792538097003013, 0.13792538097003013, 0.13792538097003013, 0.13792538097003013), (0, 0, 0.13792538097003013, 0.13792538097003013, 0.13792538097003013, 0.13792538097003013), (0, 0, 0.13792538097003013, 0.13792538097003013, 0.13792538097003013, 0.13792538097003013), (0, 0, 0.13792538097003013, 0.13792538097003013, 0.13792538097003013, 0.13792538097003013), (0.13792538097003013, 0.13792538097003013, 0.13792538097003013, 0.13792538097003013, 0.13792538097003013, 0.13792538097003013)]}}
AdaptationManager: Configuring next round...
{'client_registry': {'enabled': True, 'params': {}}, 'client_selector': {'enabled': True, 'params': {'selection_strategy': 'Resource-Based', 'selection_criteria': 'CPU', 'selection_value': 2}}, 'client_cluster': {'enabled': False, 'params': {}}, 'message_compressor': {'enabled': False, 'params': {}}, 'model_co-versioning_registry': {'enabled': False, 'params': {}}, 'multi-task_model_trainer': {'enabled': False, 'params': {}}, 'heterogeneous_data_handler': {'enabled': True, 'params': {'enabled_clients': []}}}
{'client_selector': {'enabled': False}, 'client_cluster': {'enabled': False}, 'message_compressor': {'enabled': False}, 'model_co-versioning_registry': {'enabled': False}, 'multi-task_model_trainer': {'enabled': False}, 'heterogeneous_data_handler': {'enabled': True, 'params': {'enabled_clients': ['Client 25', 'Client 26', 'Client 27', 'Client 28']}}, 'client_registry': {'enabled': True, 'params': {}}}
val_f1=0.5762245879621433, client_selector activated ✅
heterogeneous_data_handler activated ✅ for clients: ['Client 23', 'Client 24', 'Client 25', 'Client 26', 'Client 27', 'Client 28']
Client Client 26 participates in this round. (CPU: 2, RAM: 4)
Client Client 25 participates in this round. (CPU: 2, RAM: 4)
Client Client 28 has insufficient CPU (1). Will not participate in the next FL round.
Client Client 27 has insufficient CPU (1). Will not participate in the next FL round.
Client Client 24 participates in this round. (CPU: 2, RAM: 4)
Client Client 23 participates in this round. (CPU: 2, RAM: 4)
Results Aggregated in 10.00 seconds.
{'TextMLP': {'train_loss': [0.36389656487902006, 0.3821261591935158, 0.42269643160672415, 0.4066243405310313, 0.40076856024490654, 0.396772109088539, 0.3912098160898755, 0.3873716646710987, 0.3850201860026], 'train_accuracy': [0.8694854166666667, 0.8320666666666666, 0.8016952380952381, 0.8031715555555555, 0.8036266879219804, 0.8085139606333772, 0.8107752543620966, 0.8119089761869643, 0.8129213200523191], 'train_f1': [0.8015376752085067, 0.8100866766351116, 0.7955936619388759, 0.8003390503673932, 0.801621812970708, 0.8056566012664235, 0.8070790757407398, 0.808187363533712, 0.8088626254403279], 'train_mae': [0.18965833333333335, 0.21662166666666666, 0.2402190476190476, 0.23726577777777777, 0.23587928232058014, 0.23066275026165636, 0.22653268317214006, 0.22605175606798106, 0.22528046081094677], 'val_loss': [3.0158714692216173, 3.6169280398519414, 3.8751993690576767, 5.176214582764475, 5.900558025769825, 6.082050777776422, 6.28547968011486, 6.404414284870319, 6.6569004365754605], 'val_accuracy': [0.5812828947368421, 0.6361776315789474, 0.6549060150375939, 0.6608578947368422, 0.6641729182295574, 0.6655169601304994, 0.6655470368416799, 0.6659979450291248, 0.665062453333757], 'val_f1': [0.5013173069562576, 0.5504240872232314, 0.5660950969164332, 0.5727496911183134, 0.5764038594729779, 0.5776587077037159, 0.5756046118034448, 0.5762245879621433, 0.576595642854898], 'val_mae': [0.7445723684210527, 0.6001184210526316, 0.5381954887218046, 0.5106921052631579, 0.4938418979744936, 0.48903702681955574, 0.5073342315823504, 0.5108441408261546, 0.5050768305082053], 'jsd': [(0, 0, 0.22129893392959865, 0.22129893392959865, 0.22129893392959865, 0.22129893392959865), (0.22129893392959865, 0.22129893392959865, 0.13792538097003013, 0.13792538097003013, 0.13792538097003013, 0.13792538097003013), (0, 0, 0.13792538097003013, 0.13792538097003013, 0.13792538097003013, 0.13792538097003013), (0, 0, 0.13792538097003013, 0.13792538097003013, 0.13792538097003013, 0.13792538097003013), (0, 0, 0.13792538097003013, 0.13792538097003013, 0.13792538097003013, 0.13792538097003013), (0, 0, 0.13792538097003013, 0.13792538097003013, 0.13792538097003013, 0.13792538097003013), (0, 0, 0.13792538097003013, 0.13792538097003013, 0.13792538097003013, 0.13792538097003013), (0.13792538097003013, 0.13792538097003013, 0.13792538097003013, 0.13792538097003013, 0.13792538097003013, 0.13792538097003013), (0, 0, 0.13792538097003013, 0.13792538097003013, 0.13792538097003013, 0.13792538097003013)]}}
AdaptationManager: Configuring next round...
{'client_registry': {'enabled': True, 'params': {}}, 'client_selector': {'enabled': True, 'params': {'selection_strategy': 'Resource-Based', 'selection_criteria': 'CPU', 'selection_value': 2}}, 'client_cluster': {'enabled': False, 'params': {}}, 'message_compressor': {'enabled': False, 'params': {}}, 'model_co-versioning_registry': {'enabled': False, 'params': {}}, 'multi-task_model_trainer': {'enabled': False, 'params': {}}, 'heterogeneous_data_handler': {'enabled': True, 'params': {'enabled_clients': []}}}
{'client_selector': {'enabled': True}, 'client_cluster': {'enabled': False}, 'message_compressor': {'enabled': False}, 'model_co-versioning_registry': {'enabled': False}, 'multi-task_model_trainer': {'enabled': False}, 'heterogeneous_data_handler': {'enabled': True, 'params': {'enabled_clients': ['Client 23', 'Client 24', 'Client 25', 'Client 26', 'Client 27', 'Client 28']}}, 'client_registry': {'enabled': True, 'params': {}}}
val_f1=0.576595642854898, client_selector activated ✅
heterogeneous_data_handler activated ✅ for clients: ['Client 25', 'Client 26', 'Client 27', 'Client 28']
Client Client 24 participates in this round. (CPU: 2, RAM: 4)
Client Client 23 participates in this round. (CPU: 2, RAM: 4)
Client Client 26 participates in this round. (CPU: 2, RAM: 4)
Client Client 27 has insufficient CPU (1). Will not participate in the next FL round.
Client Client 25 participates in this round. (CPU: 2, RAM: 4)
Client Client 28 has insufficient CPU (1). Will not participate in the next FL round.
Results Aggregated in 7.08 seconds.
{'TextMLP': {'train_loss': [0.36389656487902006, 0.3821261591935158, 0.42269643160672415, 0.4066243405310313, 0.40076856024490654, 0.396772109088539, 0.3912098160898755, 0.3873716646710987, 0.3850201860026, 0.3823236346461584], 'train_accuracy': [0.8694854166666667, 0.8320666666666666, 0.8016952380952381, 0.8031715555555555, 0.8036266879219804, 0.8085139606333772, 0.8107752543620966, 0.8119089761869643, 0.8129213200523191, 0.8138192892339463], 'train_f1': [0.8015376752085067, 0.8100866766351116, 0.7955936619388759, 0.8003390503673932, 0.801621812970708, 0.8056566012664235, 0.8070790757407398, 0.808187363533712, 0.8088626254403279, 0.8088502724464516], 'train_mae': [0.18965833333333335, 0.21662166666666666, 0.2402190476190476, 0.23726577777777777, 0.23587928232058014, 0.23066275026165636, 0.22653268317214006, 0.22605175606798106, 0.22528046081094677, 0.22421545177691513], 'val_loss': [3.0158714692216173, 3.6169280398519414, 3.8751993690576767, 5.176214582764475, 5.900558025769825, 6.082050777776422, 6.28547968011486, 6.404414284870319, 6.6569004365754605, 6.545787315663814], 'val_accuracy': [0.5812828947368421, 0.6361776315789474, 0.6549060150375939, 0.6608578947368422, 0.6641729182295574, 0.6655169601304994, 0.6655470368416799, 0.6659979450291248, 0.665062453333757, 0.6636421256941908], 'val_f1': [0.5013173069562576, 0.5504240872232314, 0.5660950969164332, 0.5727496911183134, 0.5764038594729779, 0.5776587077037159, 0.5756046118034448, 0.5762245879621433, 0.576595642854898, 0.5746414165768426], 'val_mae': [0.7445723684210527, 0.6001184210526316, 0.5381954887218046, 0.5106921052631579, 0.4938418979744936, 0.48903702681955574, 0.5073342315823504, 0.5108441408261546, 0.5050768305082053, 0.5146491898785901], 'jsd': [(0, 0, 0.22129893392959865, 0.22129893392959865, 0.22129893392959865, 0.22129893392959865), (0.22129893392959865, 0.22129893392959865, 0.13792538097003013, 0.13792538097003013, 0.13792538097003013, 0.13792538097003013), (0, 0, 0.13792538097003013, 0.13792538097003013, 0.13792538097003013, 0.13792538097003013), (0, 0, 0.13792538097003013, 0.13792538097003013, 0.13792538097003013, 0.13792538097003013), (0, 0, 0.13792538097003013, 0.13792538097003013, 0.13792538097003013, 0.13792538097003013), (0, 0, 0.13792538097003013, 0.13792538097003013, 0.13792538097003013, 0.13792538097003013), (0, 0, 0.13792538097003013, 0.13792538097003013, 0.13792538097003013, 0.13792538097003013), (0.13792538097003013, 0.13792538097003013, 0.13792538097003013, 0.13792538097003013, 0.13792538097003013, 0.13792538097003013), (0, 0, 0.13792538097003013, 0.13792538097003013, 0.13792538097003013, 0.13792538097003013), (0, 0, 0.13792538097003013, 0.13792538097003013, 0.13792538097003013, 0.13792538097003013)]}}
AdaptationManager: Configuring next round...
{'client_registry': {'enabled': True, 'params': {}}, 'client_selector': {'enabled': True, 'params': {'selection_strategy': 'Resource-Based', 'selection_criteria': 'CPU', 'selection_value': 2}}, 'client_cluster': {'enabled': False, 'params': {}}, 'message_compressor': {'enabled': False, 'params': {}}, 'model_co-versioning_registry': {'enabled': False, 'params': {}}, 'multi-task_model_trainer': {'enabled': False, 'params': {}}, 'heterogeneous_data_handler': {'enabled': True, 'params': {'enabled_clients': []}}}
{'client_selector': {'enabled': True}, 'client_cluster': {'enabled': False}, 'message_compressor': {'enabled': False}, 'model_co-versioning_registry': {'enabled': False}, 'multi-task_model_trainer': {'enabled': False}, 'heterogeneous_data_handler': {'enabled': True, 'params': {'enabled_clients': ['Client 25', 'Client 26', 'Client 27', 'Client 28']}}, 'client_registry': {'enabled': True, 'params': {}}}
val_f1=0.5746414165768426, client_selector de-activated ❌
heterogeneous_data_handler activated ✅ for clients: ['Client 25', 'Client 26', 'Client 27', 'Client 28']
Results Aggregated in 6.84 seconds.
{'TextMLP': {'train_loss': [0.36389656487902006, 0.3821261591935158, 0.42269643160672415, 0.4066243405310313, 0.40076856024490654, 0.396772109088539, 0.3912098160898755, 0.3873716646710987, 0.3850201860026, 0.3823236346461584, 0.38334904501642464], 'train_accuracy': [0.8694854166666667, 0.8320666666666666, 0.8016952380952381, 0.8031715555555555, 0.8036266879219804, 0.8085139606333772, 0.8107752543620966, 0.8119089761869643, 0.8129213200523191, 0.8138192892339463, 0.812700587567274], 'train_f1': [0.8015376752085067, 0.8100866766351116, 0.7955936619388759, 0.8003390503673932, 0.801621812970708, 0.8056566012664235, 0.8070790757407398, 0.808187363533712, 0.8088626254403279, 0.8088502724464516, 0.8079723839241577], 'train_mae': [0.18965833333333335, 0.21662166666666666, 0.2402190476190476, 0.23726577777777777, 0.23587928232058014, 0.23066275026165636, 0.22653268317214006, 0.22605175606798106, 0.22528046081094677, 0.22421545177691513, 0.22621340048387892], 'val_loss': [3.0158714692216173, 3.6169280398519414, 3.8751993690576767, 5.176214582764475, 5.900558025769825, 6.082050777776422, 6.28547968011486, 6.404414284870319, 6.6569004365754605, 6.545787315663814, 6.618668574895861], 'val_accuracy': [0.5812828947368421, 0.6361776315789474, 0.6549060150375939, 0.6608578947368422, 0.6641729182295574, 0.6655169601304994, 0.6655470368416799, 0.6659979450291248, 0.665062453333757, 0.6636421256941908, 0.6618759988773593], 'val_f1': [0.5013173069562576, 0.5504240872232314, 0.5660950969164332, 0.5727496911183134, 0.5764038594729779, 0.5776587077037159, 0.5756046118034448, 0.5762245879621433, 0.576595642854898, 0.5746414165768426, 0.5737752976813537], 'val_mae': [0.7445723684210527, 0.6001184210526316, 0.5381954887218046, 0.5106921052631579, 0.4938418979744936, 0.48903702681955574, 0.5073342315823504, 0.5108441408261546, 0.5050768305082053, 0.5146491898785901, 0.5158846252796857], 'jsd': [(0, 0, 0.22129893392959865, 0.22129893392959865, 0.22129893392959865, 0.22129893392959865), (0.22129893392959865, 0.22129893392959865, 0.13792538097003013, 0.13792538097003013, 0.13792538097003013, 0.13792538097003013), (0, 0, 0.13792538097003013, 0.13792538097003013, 0.13792538097003013, 0.13792538097003013), (0, 0, 0.13792538097003013, 0.13792538097003013, 0.13792538097003013, 0.13792538097003013), (0, 0, 0.13792538097003013, 0.13792538097003013, 0.13792538097003013, 0.13792538097003013), (0, 0, 0.13792538097003013, 0.13792538097003013, 0.13792538097003013, 0.13792538097003013), (0, 0, 0.13792538097003013, 0.13792538097003013, 0.13792538097003013, 0.13792538097003013), (0.13792538097003013, 0.13792538097003013, 0.13792538097003013, 0.13792538097003013, 0.13792538097003013, 0.13792538097003013), (0, 0, 0.13792538097003013, 0.13792538097003013, 0.13792538097003013, 0.13792538097003013), (0, 0, 0.13792538097003013, 0.13792538097003013, 0.13792538097003013, 0.13792538097003013), (0.13792538097003013, 0.13792538097003013, 0.13792538097003013, 0.13792538097003013, 0.13792538097003013, 0.13792538097003013)]}}
AdaptationManager: Configuring next round...
{'client_registry': {'enabled': True, 'params': {}}, 'client_selector': {'enabled': True, 'params': {'selection_strategy': 'Resource-Based', 'selection_criteria': 'CPU', 'selection_value': 2}}, 'client_cluster': {'enabled': False, 'params': {}}, 'message_compressor': {'enabled': False, 'params': {}}, 'model_co-versioning_registry': {'enabled': False, 'params': {}}, 'multi-task_model_trainer': {'enabled': False, 'params': {}}, 'heterogeneous_data_handler': {'enabled': True, 'params': {'enabled_clients': []}}}
{'client_selector': {'enabled': False}, 'client_cluster': {'enabled': False}, 'message_compressor': {'enabled': False}, 'model_co-versioning_registry': {'enabled': False}, 'multi-task_model_trainer': {'enabled': False}, 'heterogeneous_data_handler': {'enabled': True, 'params': {'enabled_clients': ['Client 25', 'Client 26', 'Client 27', 'Client 28']}}, 'client_registry': {'enabled': True, 'params': {}}}
val_f1=0.5737752976813537, client_selector de-activated ❌
heterogeneous_data_handler activated ✅ for clients: ['Client 23', 'Client 24', 'Client 25', 'Client 26', 'Client 27', 'Client 28']
Results Aggregated in 7.19 seconds.
{'TextMLP': {'train_loss': [0.36389656487902006, 0.3821261591935158, 0.42269643160672415, 0.4066243405310313, 0.40076856024490654, 0.396772109088539, 0.3912098160898755, 0.3873716646710987, 0.3850201860026, 0.3823236346461584, 0.38334904501642464, 0.38504622660040627], 'train_accuracy': [0.8694854166666667, 0.8320666666666666, 0.8016952380952381, 0.8031715555555555, 0.8036266879219804, 0.8085139606333772, 0.8107752543620966, 0.8119089761869643, 0.8129213200523191, 0.8138192892339463, 0.812700587567274, 0.8140357807073849], 'train_f1': [0.8015376752085067, 0.8100866766351116, 0.7955936619388759, 0.8003390503673932, 0.801621812970708, 0.8056566012664235, 0.8070790757407398, 0.808187363533712, 0.8088626254403279, 0.8088502724464516, 0.8079723839241577, 0.8094808007844001], 'train_mae': [0.18965833333333335, 0.21662166666666666, 0.2402190476190476, 0.23726577777777777, 0.23587928232058014, 0.23066275026165636, 0.22653268317214006, 0.22605175606798106, 0.22528046081094677, 0.22421545177691513, 0.22621340048387892, 0.22346483648512977], 'val_loss': [3.0158714692216173, 3.6169280398519414, 3.8751993690576767, 5.176214582764475, 5.900558025769825, 6.082050777776422, 6.28547968011486, 6.404414284870319, 6.6569004365754605, 6.545787315663814, 6.618668574895861, 6.600243580012621], 'val_accuracy': [0.5812828947368421, 0.6361776315789474, 0.6549060150375939, 0.6608578947368422, 0.6641729182295574, 0.6655169601304994, 0.6655470368416799, 0.6659979450291248, 0.665062453333757, 0.6636421256941908, 0.6618759988773593, 0.6688592430751], 'val_f1': [0.5013173069562576, 0.5504240872232314, 0.5660950969164332, 0.5727496911183134, 0.5764038594729779, 0.5776587077037159, 0.5756046118034448, 0.5762245879621433, 0.576595642854898, 0.5746414165768426, 0.5737752976813537, 0.5795764704157785], 'val_mae': [0.7445723684210527, 0.6001184210526316, 0.5381954887218046, 0.5106921052631579, 0.4938418979744936, 0.48903702681955574, 0.5073342315823504, 0.5108441408261546, 0.5050768305082053, 0.5146491898785901, 0.5158846252796857, 0.49268620048491835], 'jsd': [(0, 0, 0.22129893392959865, 0.22129893392959865, 0.22129893392959865, 0.22129893392959865), (0.22129893392959865, 0.22129893392959865, 0.13792538097003013, 0.13792538097003013, 0.13792538097003013, 0.13792538097003013), (0, 0, 0.13792538097003013, 0.13792538097003013, 0.13792538097003013, 0.13792538097003013), (0, 0, 0.13792538097003013, 0.13792538097003013, 0.13792538097003013, 0.13792538097003013), (0, 0, 0.13792538097003013, 0.13792538097003013, 0.13792538097003013, 0.13792538097003013), (0, 0, 0.13792538097003013, 0.13792538097003013, 0.13792538097003013, 0.13792538097003013), (0, 0, 0.13792538097003013, 0.13792538097003013, 0.13792538097003013, 0.13792538097003013), (0.13792538097003013, 0.13792538097003013, 0.13792538097003013, 0.13792538097003013, 0.13792538097003013, 0.13792538097003013), (0, 0, 0.13792538097003013, 0.13792538097003013, 0.13792538097003013, 0.13792538097003013), (0, 0, 0.13792538097003013, 0.13792538097003013, 0.13792538097003013, 0.13792538097003013), (0.13792538097003013, 0.13792538097003013, 0.13792538097003013, 0.13792538097003013, 0.13792538097003013, 0.13792538097003013), (0.13792538097003013, 0.13792538097003013, 0.13792538097003013, 0.13792538097003013, 0.13792538097003013, 0.13792538097003013)]}}
AdaptationManager: Configuring next round...
{'client_registry': {'enabled': True, 'params': {}}, 'client_selector': {'enabled': True, 'params': {'selection_strategy': 'Resource-Based', 'selection_criteria': 'CPU', 'selection_value': 2}}, 'client_cluster': {'enabled': False, 'params': {}}, 'message_compressor': {'enabled': False, 'params': {}}, 'model_co-versioning_registry': {'enabled': False, 'params': {}}, 'multi-task_model_trainer': {'enabled': False, 'params': {}}, 'heterogeneous_data_handler': {'enabled': True, 'params': {'enabled_clients': []}}}
{'client_selector': {'enabled': False}, 'client_cluster': {'enabled': False}, 'message_compressor': {'enabled': False}, 'model_co-versioning_registry': {'enabled': False}, 'multi-task_model_trainer': {'enabled': False}, 'heterogeneous_data_handler': {'enabled': True, 'params': {'enabled_clients': ['Client 23', 'Client 24', 'Client 25', 'Client 26', 'Client 27', 'Client 28']}}, 'client_registry': {'enabled': True, 'params': {}}}
val_f1=0.5795764704157785, client_selector activated ✅
heterogeneous_data_handler activated ✅ for clients: ['Client 23', 'Client 24', 'Client 25', 'Client 26', 'Client 27', 'Client 28']
Client Client 27 has insufficient CPU (1). Will not participate in the next FL round.
Client Client 25 participates in this round. (CPU: 2, RAM: 4)
Client Client 28 has insufficient CPU (1). Will not participate in the next FL round.
Client Client 26 participates in this round. (CPU: 2, RAM: 4)
Client Client 23 participates in this round. (CPU: 2, RAM: 4)
Client Client 24 participates in this round. (CPU: 2, RAM: 4)
Results Aggregated in 5.06 seconds.
{'TextMLP': {'train_loss': [0.36389656487902006, 0.3821261591935158, 0.42269643160672415, 0.4066243405310313, 0.40076856024490654, 0.396772109088539, 0.3912098160898755, 0.3873716646710987, 0.3850201860026, 0.3823236346461584, 0.38334904501642464, 0.38504622660040627, 0.39669533787385397], 'train_accuracy': [0.8694854166666667, 0.8320666666666666, 0.8016952380952381, 0.8031715555555555, 0.8036266879219804, 0.8085139606333772, 0.8107752543620966, 0.8119089761869643, 0.8129213200523191, 0.8138192892339463, 0.812700587567274, 0.8140357807073849, 0.8097615285160178], 'train_f1': [0.8015376752085067, 0.8100866766351116, 0.7955936619388759, 0.8003390503673932, 0.801621812970708, 0.8056566012664235, 0.8070790757407398, 0.808187363533712, 0.8088626254403279, 0.8088502724464516, 0.8079723839241577, 0.8094808007844001, 0.806616898979213], 'train_mae': [0.18965833333333335, 0.21662166666666666, 0.2402190476190476, 0.23726577777777777, 0.23587928232058014, 0.23066275026165636, 0.22653268317214006, 0.22605175606798106, 0.22528046081094677, 0.22421545177691513, 0.22621340048387892, 0.22346483648512977, 0.2302231480151319], 'val_loss': [3.0158714692216173, 3.6169280398519414, 3.8751993690576767, 5.176214582764475, 5.900558025769825, 6.082050777776422, 6.28547968011486, 6.404414284870319, 6.6569004365754605, 6.545787315663814, 6.618668574895861, 6.600243580012621, 6.648269490841996], 'val_accuracy': [0.5812828947368421, 0.6361776315789474, 0.6549060150375939, 0.6608578947368422, 0.6641729182295574, 0.6655169601304994, 0.6655470368416799, 0.6659979450291248, 0.665062453333757, 0.6636421256941908, 0.6618759988773593, 0.6688592430751, 0.6587861034031711], 'val_f1': [0.5013173069562576, 0.5504240872232314, 0.5660950969164332, 0.5727496911183134, 0.5764038594729779, 0.5776587077037159, 0.5756046118034448, 0.5762245879621433, 0.576595642854898, 0.5746414165768426, 0.5737752976813537, 0.5795764704157785, 0.5738370193817686], 'val_mae': [0.7445723684210527, 0.6001184210526316, 0.5381954887218046, 0.5106921052631579, 0.4938418979744936, 0.48903702681955574, 0.5073342315823504, 0.5108441408261546, 0.5050768305082053, 0.5146491898785901, 0.5158846252796857, 0.49268620048491835, 0.4922072127416659], 'jsd': [(0, 0, 0.22129893392959865, 0.22129893392959865, 0.22129893392959865, 0.22129893392959865), (0.22129893392959865, 0.22129893392959865, 0.13792538097003013, 0.13792538097003013, 0.13792538097003013, 0.13792538097003013), (0, 0, 0.13792538097003013, 0.13792538097003013, 0.13792538097003013, 0.13792538097003013), (0, 0, 0.13792538097003013, 0.13792538097003013, 0.13792538097003013, 0.13792538097003013), (0, 0, 0.13792538097003013, 0.13792538097003013, 0.13792538097003013, 0.13792538097003013), (0, 0, 0.13792538097003013, 0.13792538097003013, 0.13792538097003013, 0.13792538097003013), (0, 0, 0.13792538097003013, 0.13792538097003013, 0.13792538097003013, 0.13792538097003013), (0.13792538097003013, 0.13792538097003013, 0.13792538097003013, 0.13792538097003013, 0.13792538097003013, 0.13792538097003013), (0, 0, 0.13792538097003013, 0.13792538097003013, 0.13792538097003013, 0.13792538097003013), (0, 0, 0.13792538097003013, 0.13792538097003013, 0.13792538097003013, 0.13792538097003013), (0.13792538097003013, 0.13792538097003013, 0.13792538097003013, 0.13792538097003013, 0.13792538097003013, 0.13792538097003013), (0.13792538097003013, 0.13792538097003013, 0.13792538097003013, 0.13792538097003013, 0.13792538097003013, 0.13792538097003013), (0, 0, 0.13792538097003013, 0.13792538097003013, 0.13792538097003013, 0.13792538097003013)]}}
AdaptationManager: Configuring next round...
{'client_registry': {'enabled': True, 'params': {}}, 'client_selector': {'enabled': True, 'params': {'selection_strategy': 'Resource-Based', 'selection_criteria': 'CPU', 'selection_value': 2}}, 'client_cluster': {'enabled': False, 'params': {}}, 'message_compressor': {'enabled': False, 'params': {}}, 'model_co-versioning_registry': {'enabled': False, 'params': {}}, 'multi-task_model_trainer': {'enabled': False, 'params': {}}, 'heterogeneous_data_handler': {'enabled': True, 'params': {'enabled_clients': []}}}
{'client_selector': {'enabled': True}, 'client_cluster': {'enabled': False}, 'message_compressor': {'enabled': False}, 'model_co-versioning_registry': {'enabled': False}, 'multi-task_model_trainer': {'enabled': False}, 'heterogeneous_data_handler': {'enabled': True, 'params': {'enabled_clients': ['Client 23', 'Client 24', 'Client 25', 'Client 26', 'Client 27', 'Client 28']}}, 'client_registry': {'enabled': True, 'params': {}}}
val_f1=0.5738370193817686, client_selector de-activated ❌
heterogeneous_data_handler activated ✅ for clients: ['Client 25', 'Client 26', 'Client 27', 'Client 28']
Results Aggregated in 4.15 seconds.
{'TextMLP': {'train_loss': [0.36389656487902006, 0.3821261591935158, 0.42269643160672415, 0.4066243405310313, 0.40076856024490654, 0.396772109088539, 0.3912098160898755, 0.3873716646710987, 0.3850201860026, 0.3823236346461584, 0.38334904501642464, 0.38504622660040627, 0.39669533787385397, 0.38254102610219204], 'train_accuracy': [0.8694854166666667, 0.8320666666666666, 0.8016952380952381, 0.8031715555555555, 0.8036266879219804, 0.8085139606333772, 0.8107752543620966, 0.8119089761869643, 0.8129213200523191, 0.8138192892339463, 0.812700587567274, 0.8140357807073849, 0.8097615285160178, 0.8146901195547616], 'train_f1': [0.8015376752085067, 0.8100866766351116, 0.7955936619388759, 0.8003390503673932, 0.801621812970708, 0.8056566012664235, 0.8070790757407398, 0.808187363533712, 0.8088626254403279, 0.8088502724464516, 0.8079723839241577, 0.8094808007844001, 0.806616898979213, 0.810489451453364], 'train_mae': [0.18965833333333335, 0.21662166666666666, 0.2402190476190476, 0.23726577777777777, 0.23587928232058014, 0.23066275026165636, 0.22653268317214006, 0.22605175606798106, 0.22528046081094677, 0.22421545177691513, 0.22621340048387892, 0.22346483648512977, 0.2302231480151319, 0.22072969630342174], 'val_loss': [3.0158714692216173, 3.6169280398519414, 3.8751993690576767, 5.176214582764475, 5.900558025769825, 6.082050777776422, 6.28547968011486, 6.404414284870319, 6.6569004365754605, 6.545787315663814, 6.618668574895861, 6.600243580012621, 6.648269490841996, 6.540782648290591], 'val_accuracy': [0.5812828947368421, 0.6361776315789474, 0.6549060150375939, 0.6608578947368422, 0.6641729182295574, 0.6655169601304994, 0.6655470368416799, 0.6659979450291248, 0.665062453333757, 0.6636421256941908, 0.6618759988773593, 0.6688592430751, 0.6587861034031711, 0.6666876713220456], 'val_f1': [0.5013173069562576, 0.5504240872232314, 0.5660950969164332, 0.5727496911183134, 0.5764038594729779, 0.5776587077037159, 0.5756046118034448, 0.5762245879621433, 0.576595642854898, 0.5746414165768426, 0.5737752976813537, 0.5795764704157785, 0.5738370193817686, 0.5769802096351913], 'val_mae': [0.7445723684210527, 0.6001184210526316, 0.5381954887218046, 0.5106921052631579, 0.4938418979744936, 0.48903702681955574, 0.5073342315823504, 0.5108441408261546, 0.5050768305082053, 0.5146491898785901, 0.5158846252796857, 0.49268620048491835, 0.4922072127416659, 0.5013102746215545], 'jsd': [(0, 0, 0.22129893392959865, 0.22129893392959865, 0.22129893392959865, 0.22129893392959865), (0.22129893392959865, 0.22129893392959865, 0.13792538097003013, 0.13792538097003013, 0.13792538097003013, 0.13792538097003013), (0, 0, 0.13792538097003013, 0.13792538097003013, 0.13792538097003013, 0.13792538097003013), (0, 0, 0.13792538097003013, 0.13792538097003013, 0.13792538097003013, 0.13792538097003013), (0, 0, 0.13792538097003013, 0.13792538097003013, 0.13792538097003013, 0.13792538097003013), (0, 0, 0.13792538097003013, 0.13792538097003013, 0.13792538097003013, 0.13792538097003013), (0, 0, 0.13792538097003013, 0.13792538097003013, 0.13792538097003013, 0.13792538097003013), (0.13792538097003013, 0.13792538097003013, 0.13792538097003013, 0.13792538097003013, 0.13792538097003013, 0.13792538097003013), (0, 0, 0.13792538097003013, 0.13792538097003013, 0.13792538097003013, 0.13792538097003013), (0, 0, 0.13792538097003013, 0.13792538097003013, 0.13792538097003013, 0.13792538097003013), (0.13792538097003013, 0.13792538097003013, 0.13792538097003013, 0.13792538097003013, 0.13792538097003013, 0.13792538097003013), (0.13792538097003013, 0.13792538097003013, 0.13792538097003013, 0.13792538097003013, 0.13792538097003013, 0.13792538097003013), (0, 0, 0.13792538097003013, 0.13792538097003013, 0.13792538097003013, 0.13792538097003013), (0.13792538097003013, 0.13792538097003013, 0.13792538097003013, 0.13792538097003013, 0.13792538097003013, 0.13792538097003013)]}}
AdaptationManager: Configuring next round...
{'client_registry': {'enabled': True, 'params': {}}, 'client_selector': {'enabled': True, 'params': {'selection_strategy': 'Resource-Based', 'selection_criteria': 'CPU', 'selection_value': 2}}, 'client_cluster': {'enabled': False, 'params': {}}, 'message_compressor': {'enabled': False, 'params': {}}, 'model_co-versioning_registry': {'enabled': False, 'params': {}}, 'multi-task_model_trainer': {'enabled': False, 'params': {}}, 'heterogeneous_data_handler': {'enabled': True, 'params': {'enabled_clients': []}}}
{'client_selector': {'enabled': False}, 'client_cluster': {'enabled': False}, 'message_compressor': {'enabled': False}, 'model_co-versioning_registry': {'enabled': False}, 'multi-task_model_trainer': {'enabled': False}, 'heterogeneous_data_handler': {'enabled': True, 'params': {'enabled_clients': ['Client 25', 'Client 26', 'Client 27', 'Client 28']}}, 'client_registry': {'enabled': True, 'params': {}}}
val_f1=0.5769802096351913, client_selector activated ✅
heterogeneous_data_handler activated ✅ for clients: ['Client 23', 'Client 24', 'Client 25', 'Client 26', 'Client 27', 'Client 28']
Client Client 26 participates in this round. (CPU: 2, RAM: 4)
Client Client 27 has insufficient CPU (1). Will not participate in the next FL round.
Client Client 25 participates in this round. (CPU: 2, RAM: 4)
Client Client 28 has insufficient CPU (1). Will not participate in the next FL round.
Client Client 24 participates in this round. (CPU: 2, RAM: 4)
Client Client 23 participates in this round. (CPU: 2, RAM: 4)
Results Aggregated in 4.19 seconds.
{'TextMLP': {'train_loss': [0.36389656487902006, 0.3821261591935158, 0.42269643160672415, 0.4066243405310313, 0.40076856024490654, 0.396772109088539, 0.3912098160898755, 0.3873716646710987, 0.3850201860026, 0.3823236346461584, 0.38334904501642464, 0.38504622660040627, 0.39669533787385397, 0.38254102610219204, 0.3776991312589554], 'train_accuracy': [0.8694854166666667, 0.8320666666666666, 0.8016952380952381, 0.8031715555555555, 0.8036266879219804, 0.8085139606333772, 0.8107752543620966, 0.8119089761869643, 0.8129213200523191, 0.8138192892339463, 0.812700587567274, 0.8140357807073849, 0.8097615285160178, 0.8146901195547616, 0.817635336012284], 'train_f1': [0.8015376752085067, 0.8100866766351116, 0.7955936619388759, 0.8003390503673932, 0.801621812970708, 0.8056566012664235, 0.8070790757407398, 0.808187363533712, 0.8088626254403279, 0.8088502724464516, 0.8079723839241577, 0.8094808007844001, 0.806616898979213, 0.810489451453364, 0.8144430558190089], 'train_mae': [0.18965833333333335, 0.21662166666666666, 0.2402190476190476, 0.23726577777777777, 0.23587928232058014, 0.23066275026165636, 0.22653268317214006, 0.22605175606798106, 0.22528046081094677, 0.22421545177691513, 0.22621340048387892, 0.22346483648512977, 0.2302231480151319, 0.22072969630342174, 0.2212747884609102], 'val_loss': [3.0158714692216173, 3.6169280398519414, 3.8751993690576767, 5.176214582764475, 5.900558025769825, 6.082050777776422, 6.28547968011486, 6.404414284870319, 6.6569004365754605, 6.545787315663814, 6.618668574895861, 6.600243580012621, 6.648269490841996, 6.540782648290591, 6.608338403915632], 'val_accuracy': [0.5812828947368421, 0.6361776315789474, 0.6549060150375939, 0.6608578947368422, 0.6641729182295574, 0.6655169601304994, 0.6655470368416799, 0.6659979450291248, 0.665062453333757, 0.6636421256941908, 0.6618759988773593, 0.6688592430751, 0.6587861034031711, 0.6666876713220456, 0.6682695298596388], 'val_f1': [0.5013173069562576, 0.5504240872232314, 0.5660950969164332, 0.5727496911183134, 0.5764038594729779, 0.5776587077037159, 0.5756046118034448, 0.5762245879621433, 0.576595642854898, 0.5746414165768426, 0.5737752976813537, 0.5795764704157785, 0.5738370193817686, 0.5769802096351913, 0.5803753724262848], 'val_mae': [0.7445723684210527, 0.6001184210526316, 0.5381954887218046, 0.5106921052631579, 0.4938418979744936, 0.48903702681955574, 0.5073342315823504, 0.5108441408261546, 0.5050768305082053, 0.5146491898785901, 0.5158846252796857, 0.49268620048491835, 0.4922072127416659, 0.5013102746215545, 0.48604711849456045], 'jsd': [(0, 0, 0.22129893392959865, 0.22129893392959865, 0.22129893392959865, 0.22129893392959865), (0.22129893392959865, 0.22129893392959865, 0.13792538097003013, 0.13792538097003013, 0.13792538097003013, 0.13792538097003013), (0, 0, 0.13792538097003013, 0.13792538097003013, 0.13792538097003013, 0.13792538097003013), (0, 0, 0.13792538097003013, 0.13792538097003013, 0.13792538097003013, 0.13792538097003013), (0, 0, 0.13792538097003013, 0.13792538097003013, 0.13792538097003013, 0.13792538097003013), (0, 0, 0.13792538097003013, 0.13792538097003013, 0.13792538097003013, 0.13792538097003013), (0, 0, 0.13792538097003013, 0.13792538097003013, 0.13792538097003013, 0.13792538097003013), (0.13792538097003013, 0.13792538097003013, 0.13792538097003013, 0.13792538097003013, 0.13792538097003013, 0.13792538097003013), (0, 0, 0.13792538097003013, 0.13792538097003013, 0.13792538097003013, 0.13792538097003013), (0, 0, 0.13792538097003013, 0.13792538097003013, 0.13792538097003013, 0.13792538097003013), (0.13792538097003013, 0.13792538097003013, 0.13792538097003013, 0.13792538097003013, 0.13792538097003013, 0.13792538097003013), (0.13792538097003013, 0.13792538097003013, 0.13792538097003013, 0.13792538097003013, 0.13792538097003013, 0.13792538097003013), (0, 0, 0.13792538097003013, 0.13792538097003013, 0.13792538097003013, 0.13792538097003013), (0.13792538097003013, 0.13792538097003013, 0.13792538097003013, 0.13792538097003013, 0.13792538097003013, 0.13792538097003013), (0, 0, 0.13792538097003013, 0.13792538097003013, 0.13792538097003013, 0.13792538097003013)]}}
AdaptationManager: Configuring next round...
{'client_registry': {'enabled': True, 'params': {}}, 'client_selector': {'enabled': True, 'params': {'selection_strategy': 'Resource-Based', 'selection_criteria': 'CPU', 'selection_value': 2}}, 'client_cluster': {'enabled': False, 'params': {}}, 'message_compressor': {'enabled': False, 'params': {}}, 'model_co-versioning_registry': {'enabled': False, 'params': {}}, 'multi-task_model_trainer': {'enabled': False, 'params': {}}, 'heterogeneous_data_handler': {'enabled': True, 'params': {'enabled_clients': []}}}
{'client_selector': {'enabled': True}, 'client_cluster': {'enabled': False}, 'message_compressor': {'enabled': False}, 'model_co-versioning_registry': {'enabled': False}, 'multi-task_model_trainer': {'enabled': False}, 'heterogeneous_data_handler': {'enabled': True, 'params': {'enabled_clients': ['Client 23', 'Client 24', 'Client 25', 'Client 26', 'Client 27', 'Client 28']}}, 'client_registry': {'enabled': True, 'params': {}}}
val_f1=0.5803753724262848, client_selector activated ✅
heterogeneous_data_handler activated ✅ for clients: ['Client 25', 'Client 26', 'Client 27', 'Client 28']
Client Client 23 participates in this round. (CPU: 2, RAM: 4)
Client Client 24 participates in this round. (CPU: 2, RAM: 4)
Client Client 28 has insufficient CPU (1). Will not participate in the next FL round.
Client Client 26 participates in this round. (CPU: 2, RAM: 4)
Client Client 25 participates in this round. (CPU: 2, RAM: 4)
Client Client 27 has insufficient CPU (1). Will not participate in the next FL round.
Results Aggregated in 3.34 seconds.
{'TextMLP': {'train_loss': [0.36389656487902006, 0.3821261591935158, 0.42269643160672415, 0.4066243405310313, 0.40076856024490654, 0.396772109088539, 0.3912098160898755, 0.3873716646710987, 0.3850201860026, 0.3823236346461584, 0.38334904501642464, 0.38504622660040627, 0.39669533787385397, 0.38254102610219204, 0.3776991312589554, 0.376360093873437], 'train_accuracy': [0.8694854166666667, 0.8320666666666666, 0.8016952380952381, 0.8031715555555555, 0.8036266879219804, 0.8085139606333772, 0.8107752543620966, 0.8119089761869643, 0.8129213200523191, 0.8138192892339463, 0.812700587567274, 0.8140357807073849, 0.8097615285160178, 0.8146901195547616, 0.817635336012284, 0.8184538653366583], 'train_f1': [0.8015376752085067, 0.8100866766351116, 0.7955936619388759, 0.8003390503673932, 0.801621812970708, 0.8056566012664235, 0.8070790757407398, 0.808187363533712, 0.8088626254403279, 0.8088502724464516, 0.8079723839241577, 0.8094808007844001, 0.806616898979213, 0.810489451453364, 0.8144430558190089, 0.8156029700469826], 'train_mae': [0.18965833333333335, 0.21662166666666666, 0.2402190476190476, 0.23726577777777777, 0.23587928232058014, 0.23066275026165636, 0.22653268317214006, 0.22605175606798106, 0.22528046081094677, 0.22421545177691513, 0.22621340048387892, 0.22346483648512977, 0.2302231480151319, 0.22072969630342174, 0.2212747884609102, 0.2197506234413965], 'val_loss': [3.0158714692216173, 3.6169280398519414, 3.8751993690576767, 5.176214582764475, 5.900558025769825, 6.082050777776422, 6.28547968011486, 6.404414284870319, 6.6569004365754605, 6.545787315663814, 6.618668574895861, 6.600243580012621, 6.648269490841996, 6.540782648290591, 6.608338403915632, 6.69927504364281], 'val_accuracy': [0.5812828947368421, 0.6361776315789474, 0.6549060150375939, 0.6608578947368422, 0.6641729182295574, 0.6655169601304994, 0.6655470368416799, 0.6659979450291248, 0.665062453333757, 0.6636421256941908, 0.6618759988773593, 0.6688592430751, 0.6587861034031711, 0.6666876713220456, 0.6682695298596388, 0.6664976768604804], 'val_f1': [0.5013173069562576, 0.5504240872232314, 0.5660950969164332, 0.5727496911183134, 0.5764038594729779, 0.5776587077037159, 0.5756046118034448, 0.5762245879621433, 0.576595642854898, 0.5746414165768426, 0.5737752976813537, 0.5795764704157785, 0.5738370193817686, 0.5769802096351913, 0.5803753724262848, 0.579238299047326], 'val_mae': [0.7445723684210527, 0.6001184210526316, 0.5381954887218046, 0.5106921052631579, 0.4938418979744936, 0.48903702681955574, 0.5073342315823504, 0.5108441408261546, 0.5050768305082053, 0.5146491898785901, 0.5158846252796857, 0.49268620048491835, 0.4922072127416659, 0.5013102746215545, 0.48604711849456045, 0.4871882399264995], 'jsd': [(0, 0, 0.22129893392959865, 0.22129893392959865, 0.22129893392959865, 0.22129893392959865), (0.22129893392959865, 0.22129893392959865, 0.13792538097003013, 0.13792538097003013, 0.13792538097003013, 0.13792538097003013), (0, 0, 0.13792538097003013, 0.13792538097003013, 0.13792538097003013, 0.13792538097003013), (0, 0, 0.13792538097003013, 0.13792538097003013, 0.13792538097003013, 0.13792538097003013), (0, 0, 0.13792538097003013, 0.13792538097003013, 0.13792538097003013, 0.13792538097003013), (0, 0, 0.13792538097003013, 0.13792538097003013, 0.13792538097003013, 0.13792538097003013), (0, 0, 0.13792538097003013, 0.13792538097003013, 0.13792538097003013, 0.13792538097003013), (0.13792538097003013, 0.13792538097003013, 0.13792538097003013, 0.13792538097003013, 0.13792538097003013, 0.13792538097003013), (0, 0, 0.13792538097003013, 0.13792538097003013, 0.13792538097003013, 0.13792538097003013), (0, 0, 0.13792538097003013, 0.13792538097003013, 0.13792538097003013, 0.13792538097003013), (0.13792538097003013, 0.13792538097003013, 0.13792538097003013, 0.13792538097003013, 0.13792538097003013, 0.13792538097003013), (0.13792538097003013, 0.13792538097003013, 0.13792538097003013, 0.13792538097003013, 0.13792538097003013, 0.13792538097003013), (0, 0, 0.13792538097003013, 0.13792538097003013, 0.13792538097003013, 0.13792538097003013), (0.13792538097003013, 0.13792538097003013, 0.13792538097003013, 0.13792538097003013, 0.13792538097003013, 0.13792538097003013), (0, 0, 0.13792538097003013, 0.13792538097003013, 0.13792538097003013, 0.13792538097003013), (0, 0, 0.13792538097003013, 0.13792538097003013, 0.13792538097003013, 0.13792538097003013)]}}
AdaptationManager: Configuring next round...
{'client_registry': {'enabled': True, 'params': {}}, 'client_selector': {'enabled': True, 'params': {'selection_strategy': 'Resource-Based', 'selection_criteria': 'CPU', 'selection_value': 2}}, 'client_cluster': {'enabled': False, 'params': {}}, 'message_compressor': {'enabled': False, 'params': {}}, 'model_co-versioning_registry': {'enabled': False, 'params': {}}, 'multi-task_model_trainer': {'enabled': False, 'params': {}}, 'heterogeneous_data_handler': {'enabled': True, 'params': {'enabled_clients': []}}}
{'client_selector': {'enabled': True}, 'client_cluster': {'enabled': False}, 'message_compressor': {'enabled': False}, 'model_co-versioning_registry': {'enabled': False}, 'multi-task_model_trainer': {'enabled': False}, 'heterogeneous_data_handler': {'enabled': True, 'params': {'enabled_clients': ['Client 25', 'Client 26', 'Client 27', 'Client 28']}}, 'client_registry': {'enabled': True, 'params': {}}}
val_f1=0.579238299047326, client_selector de-activated ❌
heterogeneous_data_handler activated ✅ for clients: ['Client 25', 'Client 26', 'Client 27', 'Client 28']
Results Aggregated in 2.89 seconds.
{'TextMLP': {'train_loss': [0.36389656487902006, 0.3821261591935158, 0.42269643160672415, 0.4066243405310313, 0.40076856024490654, 0.396772109088539, 0.3912098160898755, 0.3873716646710987, 0.3850201860026, 0.3823236346461584, 0.38334904501642464, 0.38504622660040627, 0.39669533787385397, 0.38254102610219204, 0.3776991312589554, 0.376360093873437, 0.37490001976861703], 'train_accuracy': [0.8694854166666667, 0.8320666666666666, 0.8016952380952381, 0.8031715555555555, 0.8036266879219804, 0.8085139606333772, 0.8107752543620966, 0.8119089761869643, 0.8129213200523191, 0.8138192892339463, 0.812700587567274, 0.8140357807073849, 0.8097615285160178, 0.8146901195547616, 0.817635336012284, 0.8184538653366583, 0.8196469063816002], 'train_f1': [0.8015376752085067, 0.8100866766351116, 0.7955936619388759, 0.8003390503673932, 0.801621812970708, 0.8056566012664235, 0.8070790757407398, 0.808187363533712, 0.8088626254403279, 0.8088502724464516, 0.8079723839241577, 0.8094808007844001, 0.806616898979213, 0.810489451453364, 0.8144430558190089, 0.8156029700469826, 0.816335962426715], 'train_mae': [0.18965833333333335, 0.21662166666666666, 0.2402190476190476, 0.23726577777777777, 0.23587928232058014, 0.23066275026165636, 0.22653268317214006, 0.22605175606798106, 0.22528046081094677, 0.22421545177691513, 0.22621340048387892, 0.22346483648512977, 0.2302231480151319, 0.22072969630342174, 0.2212747884609102, 0.2197506234413965, 0.21848072562358276], 'val_loss': [3.0158714692216173, 3.6169280398519414, 3.8751993690576767, 5.176214582764475, 5.900558025769825, 6.082050777776422, 6.28547968011486, 6.404414284870319, 6.6569004365754605, 6.545787315663814, 6.618668574895861, 6.600243580012621, 6.648269490841996, 6.540782648290591, 6.608338403915632, 6.69927504364281, 6.626534383005537], 'val_accuracy': [0.5812828947368421, 0.6361776315789474, 0.6549060150375939, 0.6608578947368422, 0.6641729182295574, 0.6655169601304994, 0.6655470368416799, 0.6659979450291248, 0.665062453333757, 0.6636421256941908, 0.6618759988773593, 0.6688592430751, 0.6587861034031711, 0.6666876713220456, 0.6682695298596388, 0.6664976768604804, 0.6638357948442535], 'val_f1': [0.5013173069562576, 0.5504240872232314, 0.5660950969164332, 0.5727496911183134, 0.5764038594729779, 0.5776587077037159, 0.5756046118034448, 0.5762245879621433, 0.576595642854898, 0.5746414165768426, 0.5737752976813537, 0.5795764704157785, 0.5738370193817686, 0.5769802096351913, 0.5803753724262848, 0.579238299047326, 0.5744385592916648], 'val_mae': [0.7445723684210527, 0.6001184210526316, 0.5381954887218046, 0.5106921052631579, 0.4938418979744936, 0.48903702681955574, 0.5073342315823504, 0.5108441408261546, 0.5050768305082053, 0.5146491898785901, 0.5158846252796857, 0.49268620048491835, 0.4922072127416659, 0.5013102746215545, 0.48604711849456045, 0.4871882399264995, 0.521079752953813], 'jsd': [(0, 0, 0.22129893392959865, 0.22129893392959865, 0.22129893392959865, 0.22129893392959865), (0.22129893392959865, 0.22129893392959865, 0.13792538097003013, 0.13792538097003013, 0.13792538097003013, 0.13792538097003013), (0, 0, 0.13792538097003013, 0.13792538097003013, 0.13792538097003013, 0.13792538097003013), (0, 0, 0.13792538097003013, 0.13792538097003013, 0.13792538097003013, 0.13792538097003013), (0, 0, 0.13792538097003013, 0.13792538097003013, 0.13792538097003013, 0.13792538097003013), (0, 0, 0.13792538097003013, 0.13792538097003013, 0.13792538097003013, 0.13792538097003013), (0, 0, 0.13792538097003013, 0.13792538097003013, 0.13792538097003013, 0.13792538097003013), (0.13792538097003013, 0.13792538097003013, 0.13792538097003013, 0.13792538097003013, 0.13792538097003013, 0.13792538097003013), (0, 0, 0.13792538097003013, 0.13792538097003013, 0.13792538097003013, 0.13792538097003013), (0, 0, 0.13792538097003013, 0.13792538097003013, 0.13792538097003013, 0.13792538097003013), (0.13792538097003013, 0.13792538097003013, 0.13792538097003013, 0.13792538097003013, 0.13792538097003013, 0.13792538097003013), (0.13792538097003013, 0.13792538097003013, 0.13792538097003013, 0.13792538097003013, 0.13792538097003013, 0.13792538097003013), (0, 0, 0.13792538097003013, 0.13792538097003013, 0.13792538097003013, 0.13792538097003013), (0.13792538097003013, 0.13792538097003013, 0.13792538097003013, 0.13792538097003013, 0.13792538097003013, 0.13792538097003013), (0, 0, 0.13792538097003013, 0.13792538097003013, 0.13792538097003013, 0.13792538097003013), (0, 0, 0.13792538097003013, 0.13792538097003013, 0.13792538097003013, 0.13792538097003013), (0.13792538097003013, 0.13792538097003013, 0.13792538097003013, 0.13792538097003013, 0.13792538097003013, 0.13792538097003013)]}}
AdaptationManager: Configuring next round...
{'client_registry': {'enabled': True, 'params': {}}, 'client_selector': {'enabled': True, 'params': {'selection_strategy': 'Resource-Based', 'selection_criteria': 'CPU', 'selection_value': 2}}, 'client_cluster': {'enabled': False, 'params': {}}, 'message_compressor': {'enabled': False, 'params': {}}, 'model_co-versioning_registry': {'enabled': False, 'params': {}}, 'multi-task_model_trainer': {'enabled': False, 'params': {}}, 'heterogeneous_data_handler': {'enabled': True, 'params': {'enabled_clients': []}}}
{'client_selector': {'enabled': False}, 'client_cluster': {'enabled': False}, 'message_compressor': {'enabled': False}, 'model_co-versioning_registry': {'enabled': False}, 'multi-task_model_trainer': {'enabled': False}, 'heterogeneous_data_handler': {'enabled': True, 'params': {'enabled_clients': ['Client 25', 'Client 26', 'Client 27', 'Client 28']}}, 'client_registry': {'enabled': True, 'params': {}}}
val_f1=0.5744385592916648, client_selector de-activated ❌
heterogeneous_data_handler activated ✅ for clients: ['Client 23', 'Client 24', 'Client 25', 'Client 26', 'Client 27', 'Client 28']
Results Aggregated in 2.82 seconds.
{'TextMLP': {'train_loss': [0.36389656487902006, 0.3821261591935158, 0.42269643160672415, 0.4066243405310313, 0.40076856024490654, 0.396772109088539, 0.3912098160898755, 0.3873716646710987, 0.3850201860026, 0.3823236346461584, 0.38334904501642464, 0.38504622660040627, 0.39669533787385397, 0.38254102610219204, 0.3776991312589554, 0.376360093873437, 0.37490001976861703, 0.37064684737082165], 'train_accuracy': [0.8694854166666667, 0.8320666666666666, 0.8016952380952381, 0.8031715555555555, 0.8036266879219804, 0.8085139606333772, 0.8107752543620966, 0.8119089761869643, 0.8129213200523191, 0.8138192892339463, 0.812700587567274, 0.8140357807073849, 0.8097615285160178, 0.8146901195547616, 0.817635336012284, 0.8184538653366583, 0.8196469063816002, 0.8208284739320115], 'train_f1': [0.8015376752085067, 0.8100866766351116, 0.7955936619388759, 0.8003390503673932, 0.801621812970708, 0.8056566012664235, 0.8070790757407398, 0.808187363533712, 0.8088626254403279, 0.8088502724464516, 0.8079723839241577, 0.8094808007844001, 0.806616898979213, 0.810489451453364, 0.8144430558190089, 0.8156029700469826, 0.816335962426715, 0.8175409027430143], 'train_mae': [0.18965833333333335, 0.21662166666666666, 0.2402190476190476, 0.23726577777777777, 0.23587928232058014, 0.23066275026165636, 0.22653268317214006, 0.22605175606798106, 0.22528046081094677, 0.22421545177691513, 0.22621340048387892, 0.22346483648512977, 0.2302231480151319, 0.22072969630342174, 0.2212747884609102, 0.2197506234413965, 0.21848072562358276, 0.2148503304392899], 'val_loss': [3.0158714692216173, 3.6169280398519414, 3.8751993690576767, 5.176214582764475, 5.900558025769825, 6.082050777776422, 6.28547968011486, 6.404414284870319, 6.6569004365754605, 6.545787315663814, 6.618668574895861, 6.600243580012621, 6.648269490841996, 6.540782648290591, 6.608338403915632, 6.69927504364281, 6.626534383005537, 6.587897895549553], 'val_accuracy': [0.5812828947368421, 0.6361776315789474, 0.6549060150375939, 0.6608578947368422, 0.6641729182295574, 0.6655169601304994, 0.6655470368416799, 0.6659979450291248, 0.665062453333757, 0.6636421256941908, 0.6618759988773593, 0.6688592430751, 0.6587861034031711, 0.6666876713220456, 0.6682695298596388, 0.6664976768604804, 0.6638357948442535, 0.6691372090326893], 'val_f1': [0.5013173069562576, 0.5504240872232314, 0.5660950969164332, 0.5727496911183134, 0.5764038594729779, 0.5776587077037159, 0.5756046118034448, 0.5762245879621433, 0.576595642854898, 0.5746414165768426, 0.5737752976813537, 0.5795764704157785, 0.5738370193817686, 0.5769802096351913, 0.5803753724262848, 0.579238299047326, 0.5744385592916648, 0.5803224547670717], 'val_mae': [0.7445723684210527, 0.6001184210526316, 0.5381954887218046, 0.5106921052631579, 0.4938418979744936, 0.48903702681955574, 0.5073342315823504, 0.5108441408261546, 0.5050768305082053, 0.5146491898785901, 0.5158846252796857, 0.49268620048491835, 0.4922072127416659, 0.5013102746215545, 0.48604711849456045, 0.4871882399264995, 0.521079752953813, 0.48660784801838725], 'jsd': [(0, 0, 0.22129893392959865, 0.22129893392959865, 0.22129893392959865, 0.22129893392959865), (0.22129893392959865, 0.22129893392959865, 0.13792538097003013, 0.13792538097003013, 0.13792538097003013, 0.13792538097003013), (0, 0, 0.13792538097003013, 0.13792538097003013, 0.13792538097003013, 0.13792538097003013), (0, 0, 0.13792538097003013, 0.13792538097003013, 0.13792538097003013, 0.13792538097003013), (0, 0, 0.13792538097003013, 0.13792538097003013, 0.13792538097003013, 0.13792538097003013), (0, 0, 0.13792538097003013, 0.13792538097003013, 0.13792538097003013, 0.13792538097003013), (0, 0, 0.13792538097003013, 0.13792538097003013, 0.13792538097003013, 0.13792538097003013), (0.13792538097003013, 0.13792538097003013, 0.13792538097003013, 0.13792538097003013, 0.13792538097003013, 0.13792538097003013), (0, 0, 0.13792538097003013, 0.13792538097003013, 0.13792538097003013, 0.13792538097003013), (0, 0, 0.13792538097003013, 0.13792538097003013, 0.13792538097003013, 0.13792538097003013), (0.13792538097003013, 0.13792538097003013, 0.13792538097003013, 0.13792538097003013, 0.13792538097003013, 0.13792538097003013), (0.13792538097003013, 0.13792538097003013, 0.13792538097003013, 0.13792538097003013, 0.13792538097003013, 0.13792538097003013), (0, 0, 0.13792538097003013, 0.13792538097003013, 0.13792538097003013, 0.13792538097003013), (0.13792538097003013, 0.13792538097003013, 0.13792538097003013, 0.13792538097003013, 0.13792538097003013, 0.13792538097003013), (0, 0, 0.13792538097003013, 0.13792538097003013, 0.13792538097003013, 0.13792538097003013), (0, 0, 0.13792538097003013, 0.13792538097003013, 0.13792538097003013, 0.13792538097003013), (0.13792538097003013, 0.13792538097003013, 0.13792538097003013, 0.13792538097003013, 0.13792538097003013, 0.13792538097003013), (0.13792538097003013, 0.13792538097003013, 0.13792538097003013, 0.13792538097003013, 0.13792538097003013, 0.13792538097003013)]}}
AdaptationManager: Configuring next round...
{'client_registry': {'enabled': True, 'params': {}}, 'client_selector': {'enabled': True, 'params': {'selection_strategy': 'Resource-Based', 'selection_criteria': 'CPU', 'selection_value': 2}}, 'client_cluster': {'enabled': False, 'params': {}}, 'message_compressor': {'enabled': False, 'params': {}}, 'model_co-versioning_registry': {'enabled': False, 'params': {}}, 'multi-task_model_trainer': {'enabled': False, 'params': {}}, 'heterogeneous_data_handler': {'enabled': True, 'params': {'enabled_clients': []}}}
{'client_selector': {'enabled': False}, 'client_cluster': {'enabled': False}, 'message_compressor': {'enabled': False}, 'model_co-versioning_registry': {'enabled': False}, 'multi-task_model_trainer': {'enabled': False}, 'heterogeneous_data_handler': {'enabled': True, 'params': {'enabled_clients': ['Client 23', 'Client 24', 'Client 25', 'Client 26', 'Client 27', 'Client 28']}}, 'client_registry': {'enabled': True, 'params': {}}}
val_f1=0.5803224547670717, client_selector activated ✅
heterogeneous_data_handler activated ✅ for clients: ['Client 23', 'Client 24', 'Client 25', 'Client 26', 'Client 27', 'Client 28']
Client Client 26 participates in this round. (CPU: 2, RAM: 4)
Client Client 27 has insufficient CPU (1). Will not participate in the next FL round.
Client Client 28 has insufficient CPU (1). Will not participate in the next FL round.
Client Client 25 participates in this round. (CPU: 2, RAM: 4)
Client Client 24 participates in this round. (CPU: 2, RAM: 4)
Client Client 23 participates in this round. (CPU: 2, RAM: 4)
Results Aggregated in 2.45 seconds.
{'TextMLP': {'train_loss': [0.36389656487902006, 0.3821261591935158, 0.42269643160672415, 0.4066243405310313, 0.40076856024490654, 0.396772109088539, 0.3912098160898755, 0.3873716646710987, 0.3850201860026, 0.3823236346461584, 0.38334904501642464, 0.38504622660040627, 0.39669533787385397, 0.38254102610219204, 0.3776991312589554, 0.376360093873437, 0.37490001976861703, 0.37064684737082165, 0.37203686144226383], 'train_accuracy': [0.8694854166666667, 0.8320666666666666, 0.8016952380952381, 0.8031715555555555, 0.8036266879219804, 0.8085139606333772, 0.8107752543620966, 0.8119089761869643, 0.8129213200523191, 0.8138192892339463, 0.812700587567274, 0.8140357807073849, 0.8097615285160178, 0.8146901195547616, 0.817635336012284, 0.8184538653366583, 0.8196469063816002, 0.8208284739320115, 0.8214392713763556], 'train_f1': [0.8015376752085067, 0.8100866766351116, 0.7955936619388759, 0.8003390503673932, 0.801621812970708, 0.8056566012664235, 0.8070790757407398, 0.808187363533712, 0.8088626254403279, 0.8088502724464516, 0.8079723839241577, 0.8094808007844001, 0.806616898979213, 0.810489451453364, 0.8144430558190089, 0.8156029700469826, 0.816335962426715, 0.8175409027430143, 0.8168895327816916], 'train_mae': [0.18965833333333335, 0.21662166666666666, 0.2402190476190476, 0.23726577777777777, 0.23587928232058014, 0.23066275026165636, 0.22653268317214006, 0.22605175606798106, 0.22528046081094677, 0.22421545177691513, 0.22621340048387892, 0.22346483648512977, 0.2302231480151319, 0.22072969630342174, 0.2212747884609102, 0.2197506234413965, 0.21848072562358276, 0.2148503304392899, 0.21469231230151598], 'val_loss': [3.0158714692216173, 3.6169280398519414, 3.8751993690576767, 5.176214582764475, 5.900558025769825, 6.082050777776422, 6.28547968011486, 6.404414284870319, 6.6569004365754605, 6.545787315663814, 6.618668574895861, 6.600243580012621, 6.648269490841996, 6.540782648290591, 6.608338403915632, 6.69927504364281, 6.626534383005537, 6.587897895549553, 6.581464491583358], 'val_accuracy': [0.5812828947368421, 0.6361776315789474, 0.6549060150375939, 0.6608578947368422, 0.6641729182295574, 0.6655169601304994, 0.6655470368416799, 0.6659979450291248, 0.665062453333757, 0.6636421256941908, 0.6618759988773593, 0.6688592430751, 0.6587861034031711, 0.6666876713220456, 0.6682695298596388, 0.6664976768604804, 0.6638357948442535, 0.6691372090326893, 0.6690842455320397], 'val_f1': [0.5013173069562576, 0.5504240872232314, 0.5660950969164332, 0.5727496911183134, 0.5764038594729779, 0.5776587077037159, 0.5756046118034448, 0.5762245879621433, 0.576595642854898, 0.5746414165768426, 0.5737752976813537, 0.5795764704157785, 0.5738370193817686, 0.5769802096351913, 0.5803753724262848, 0.579238299047326, 0.5744385592916648, 0.5803224547670717, 0.579112773685369], 'val_mae': [0.7445723684210527, 0.6001184210526316, 0.5381954887218046, 0.5106921052631579, 0.4938418979744936, 0.48903702681955574, 0.5073342315823504, 0.5108441408261546, 0.5050768305082053, 0.5146491898785901, 0.5158846252796857, 0.49268620048491835, 0.4922072127416659, 0.5013102746215545, 0.48604711849456045, 0.4871882399264995, 0.521079752953813, 0.48660784801838725, 0.49971302402149553], 'jsd': [(0, 0, 0.22129893392959865, 0.22129893392959865, 0.22129893392959865, 0.22129893392959865), (0.22129893392959865, 0.22129893392959865, 0.13792538097003013, 0.13792538097003013, 0.13792538097003013, 0.13792538097003013), (0, 0, 0.13792538097003013, 0.13792538097003013, 0.13792538097003013, 0.13792538097003013), (0, 0, 0.13792538097003013, 0.13792538097003013, 0.13792538097003013, 0.13792538097003013), (0, 0, 0.13792538097003013, 0.13792538097003013, 0.13792538097003013, 0.13792538097003013), (0, 0, 0.13792538097003013, 0.13792538097003013, 0.13792538097003013, 0.13792538097003013), (0, 0, 0.13792538097003013, 0.13792538097003013, 0.13792538097003013, 0.13792538097003013), (0.13792538097003013, 0.13792538097003013, 0.13792538097003013, 0.13792538097003013, 0.13792538097003013, 0.13792538097003013), (0, 0, 0.13792538097003013, 0.13792538097003013, 0.13792538097003013, 0.13792538097003013), (0, 0, 0.13792538097003013, 0.13792538097003013, 0.13792538097003013, 0.13792538097003013), (0.13792538097003013, 0.13792538097003013, 0.13792538097003013, 0.13792538097003013, 0.13792538097003013, 0.13792538097003013), (0.13792538097003013, 0.13792538097003013, 0.13792538097003013, 0.13792538097003013, 0.13792538097003013, 0.13792538097003013), (0, 0, 0.13792538097003013, 0.13792538097003013, 0.13792538097003013, 0.13792538097003013), (0.13792538097003013, 0.13792538097003013, 0.13792538097003013, 0.13792538097003013, 0.13792538097003013, 0.13792538097003013), (0, 0, 0.13792538097003013, 0.13792538097003013, 0.13792538097003013, 0.13792538097003013), (0, 0, 0.13792538097003013, 0.13792538097003013, 0.13792538097003013, 0.13792538097003013), (0.13792538097003013, 0.13792538097003013, 0.13792538097003013, 0.13792538097003013, 0.13792538097003013, 0.13792538097003013), (0.13792538097003013, 0.13792538097003013, 0.13792538097003013, 0.13792538097003013, 0.13792538097003013, 0.13792538097003013), (0, 0, 0.13792538097003013, 0.13792538097003013, 0.13792538097003013, 0.13792538097003013)]}}
AdaptationManager: Configuring next round...
{'client_registry': {'enabled': True, 'params': {}}, 'client_selector': {'enabled': True, 'params': {'selection_strategy': 'Resource-Based', 'selection_criteria': 'CPU', 'selection_value': 2}}, 'client_cluster': {'enabled': False, 'params': {}}, 'message_compressor': {'enabled': False, 'params': {}}, 'model_co-versioning_registry': {'enabled': False, 'params': {}}, 'multi-task_model_trainer': {'enabled': False, 'params': {}}, 'heterogeneous_data_handler': {'enabled': True, 'params': {'enabled_clients': []}}}
{'client_selector': {'enabled': True}, 'client_cluster': {'enabled': False}, 'message_compressor': {'enabled': False}, 'model_co-versioning_registry': {'enabled': False}, 'multi-task_model_trainer': {'enabled': False}, 'heterogeneous_data_handler': {'enabled': True, 'params': {'enabled_clients': ['Client 23', 'Client 24', 'Client 25', 'Client 26', 'Client 27', 'Client 28']}}, 'client_registry': {'enabled': True, 'params': {}}}
val_f1=0.579112773685369, client_selector de-activated ❌
heterogeneous_data_handler activated ✅ for clients: ['Client 25', 'Client 26', 'Client 27', 'Client 28']
Results Aggregated in 2.10 seconds.
{'TextMLP': {'train_loss': [0.36389656487902006, 0.3821261591935158, 0.42269643160672415, 0.4066243405310313, 0.40076856024490654, 0.396772109088539, 0.3912098160898755, 0.3873716646710987, 0.3850201860026, 0.3823236346461584, 0.38334904501642464, 0.38504622660040627, 0.39669533787385397, 0.38254102610219204, 0.3776991312589554, 0.376360093873437, 0.37490001976861703, 0.37064684737082165, 0.37203686144226383, 0.3692205304410664], 'train_accuracy': [0.8694854166666667, 0.8320666666666666, 0.8016952380952381, 0.8031715555555555, 0.8036266879219804, 0.8085139606333772, 0.8107752543620966, 0.8119089761869643, 0.8129213200523191, 0.8138192892339463, 0.812700587567274, 0.8140357807073849, 0.8097615285160178, 0.8146901195547616, 0.817635336012284, 0.8184538653366583, 0.8196469063816002, 0.8208284739320115, 0.8214392713763556, 0.8231130690161527], 'train_f1': [0.8015376752085067, 0.8100866766351116, 0.7955936619388759, 0.8003390503673932, 0.801621812970708, 0.8056566012664235, 0.8070790757407398, 0.808187363533712, 0.8088626254403279, 0.8088502724464516, 0.8079723839241577, 0.8094808007844001, 0.806616898979213, 0.810489451453364, 0.8144430558190089, 0.8156029700469826, 0.816335962426715, 0.8175409027430143, 0.8168895327816916, 0.8197947307167469], 'train_mae': [0.18965833333333335, 0.21662166666666666, 0.2402190476190476, 0.23726577777777777, 0.23587928232058014, 0.23066275026165636, 0.22653268317214006, 0.22605175606798106, 0.22528046081094677, 0.22421545177691513, 0.22621340048387892, 0.22346483648512977, 0.2302231480151319, 0.22072969630342174, 0.2212747884609102, 0.2197506234413965, 0.21848072562358276, 0.2148503304392899, 0.21469231230151598, 0.21362701908957415], 'val_loss': [3.0158714692216173, 3.6169280398519414, 3.8751993690576767, 5.176214582764475, 5.900558025769825, 6.082050777776422, 6.28547968011486, 6.404414284870319, 6.6569004365754605, 6.545787315663814, 6.618668574895861, 6.600243580012621, 6.648269490841996, 6.540782648290591, 6.608338403915632, 6.69927504364281, 6.626534383005537, 6.587897895549553, 6.581464491583358, 6.498911242176943], 'val_accuracy': [0.5812828947368421, 0.6361776315789474, 0.6549060150375939, 0.6608578947368422, 0.6641729182295574, 0.6655169601304994, 0.6655470368416799, 0.6659979450291248, 0.665062453333757, 0.6636421256941908, 0.6618759988773593, 0.6688592430751, 0.6587861034031711, 0.6666876713220456, 0.6682695298596388, 0.6664976768604804, 0.6638357948442535, 0.6691372090326893, 0.6690842455320397, 0.666987085555298], 'val_f1': [0.5013173069562576, 0.5504240872232314, 0.5660950969164332, 0.5727496911183134, 0.5764038594729779, 0.5776587077037159, 0.5756046118034448, 0.5762245879621433, 0.576595642854898, 0.5746414165768426, 0.5737752976813537, 0.5795764704157785, 0.5738370193817686, 0.5769802096351913, 0.5803753724262848, 0.579238299047326, 0.5744385592916648, 0.5803224547670717, 0.579112773685369, 0.5792663901921576], 'val_mae': [0.7445723684210527, 0.6001184210526316, 0.5381954887218046, 0.5106921052631579, 0.4938418979744936, 0.48903702681955574, 0.5073342315823504, 0.5108441408261546, 0.5050768305082053, 0.5146491898785901, 0.5158846252796857, 0.49268620048491835, 0.4922072127416659, 0.5013102746215545, 0.48604711849456045, 0.4871882399264995, 0.521079752953813, 0.48660784801838725, 0.49971302402149553, 0.4881133665661952], 'jsd': [(0, 0, 0.22129893392959865, 0.22129893392959865, 0.22129893392959865, 0.22129893392959865), (0.22129893392959865, 0.22129893392959865, 0.13792538097003013, 0.13792538097003013, 0.13792538097003013, 0.13792538097003013), (0, 0, 0.13792538097003013, 0.13792538097003013, 0.13792538097003013, 0.13792538097003013), (0, 0, 0.13792538097003013, 0.13792538097003013, 0.13792538097003013, 0.13792538097003013), (0, 0, 0.13792538097003013, 0.13792538097003013, 0.13792538097003013, 0.13792538097003013), (0, 0, 0.13792538097003013, 0.13792538097003013, 0.13792538097003013, 0.13792538097003013), (0, 0, 0.13792538097003013, 0.13792538097003013, 0.13792538097003013, 0.13792538097003013), (0.13792538097003013, 0.13792538097003013, 0.13792538097003013, 0.13792538097003013, 0.13792538097003013, 0.13792538097003013), (0, 0, 0.13792538097003013, 0.13792538097003013, 0.13792538097003013, 0.13792538097003013), (0, 0, 0.13792538097003013, 0.13792538097003013, 0.13792538097003013, 0.13792538097003013), (0.13792538097003013, 0.13792538097003013, 0.13792538097003013, 0.13792538097003013, 0.13792538097003013, 0.13792538097003013), (0.13792538097003013, 0.13792538097003013, 0.13792538097003013, 0.13792538097003013, 0.13792538097003013, 0.13792538097003013), (0, 0, 0.13792538097003013, 0.13792538097003013, 0.13792538097003013, 0.13792538097003013), (0.13792538097003013, 0.13792538097003013, 0.13792538097003013, 0.13792538097003013, 0.13792538097003013, 0.13792538097003013), (0, 0, 0.13792538097003013, 0.13792538097003013, 0.13792538097003013, 0.13792538097003013), (0, 0, 0.13792538097003013, 0.13792538097003013, 0.13792538097003013, 0.13792538097003013), (0.13792538097003013, 0.13792538097003013, 0.13792538097003013, 0.13792538097003013, 0.13792538097003013, 0.13792538097003013), (0.13792538097003013, 0.13792538097003013, 0.13792538097003013, 0.13792538097003013, 0.13792538097003013, 0.13792538097003013), (0, 0, 0.13792538097003013, 0.13792538097003013, 0.13792538097003013, 0.13792538097003013), (0.13792538097003013, 0.13792538097003013, 0.13792538097003013, 0.13792538097003013, 0.13792538097003013, 0.13792538097003013)]}}
AdaptationManager: Configuring next round...
{'client_registry': {'enabled': True, 'params': {}}, 'client_selector': {'enabled': True, 'params': {'selection_strategy': 'Resource-Based', 'selection_criteria': 'CPU', 'selection_value': 2}}, 'client_cluster': {'enabled': False, 'params': {}}, 'message_compressor': {'enabled': False, 'params': {}}, 'model_co-versioning_registry': {'enabled': False, 'params': {}}, 'multi-task_model_trainer': {'enabled': False, 'params': {}}, 'heterogeneous_data_handler': {'enabled': True, 'params': {'enabled_clients': []}}}
{'client_selector': {'enabled': False}, 'client_cluster': {'enabled': False}, 'message_compressor': {'enabled': False}, 'model_co-versioning_registry': {'enabled': False}, 'multi-task_model_trainer': {'enabled': False}, 'heterogeneous_data_handler': {'enabled': True, 'params': {'enabled_clients': ['Client 25', 'Client 26', 'Client 27', 'Client 28']}}, 'client_registry': {'enabled': True, 'params': {}}}
val_f1=0.5792663901921576, client_selector activated ✅
heterogeneous_data_handler activated ✅ for clients: ['Client 23', 'Client 24', 'Client 25', 'Client 26', 'Client 27', 'Client 28']
