==========================================
  ___  ______  ___ ______       _ 
 / _ \ | ___ \/   ||  ___|     | |
/ /_\ \| |_/ / /| || |_ ___  __| |
|  _  ||  __/ /_| ||  _/ _ \/ _` |
| | | || |  \___  || ||  __/ (_| |
\_| |_/\_|      |_/\_| \___|\__,_| v.1.5.0

==========================================
Simulation Started!
List of the Architectural Patterns enabled:
Adaptation Enabled ✅
Global Metric: val_f1, comparison with fixed value: 0.4
Local Metric: jsd, comparison with fixed value: 0.1
Global Metric: time, comparison with fixed value: 85.0
Client Registry ✅
Client Selector ✅
 AP Parameters: {'selection_strategy': 'Resource-Based', 'selection_criteria': 'CPU', 'selection_value': 2}
Message Compressor ✅
Heterogeneous Data Handler ✅
 AP Parameters: {'enabled_clients': []}
==========================================
Client Client 5 has insufficient CPU (1). Will not participate in the next FL round.
Client Client 6 has insufficient CPU (1). Will not participate in the next FL round.
Client Client 3 participates in this round. (CPU: 2, RAM: 4)
Client Client 1 participates in this round. (CPU: 2, RAM: 4)
Client Client 2 participates in this round. (CPU: 2, RAM: 4)
Client Client 4 has insufficient CPU (1). Will not participate in the next FL round.
Local parameters compressed: reduced 18844 bytes (7.58%)
Local parameters compressed: reduced 18706 bytes (7.53%)
Local parameters compressed: reduced 18796 bytes (7.56%)
Results Aggregated in 69.62 seconds.
{'CNN 64k': {'train_loss': [1.1672510616501173], 'train_accuracy': [0.5792], 'train_f1': [0.11120626284057862], 'train_mae': [1.9985333333333333], 'val_loss': [4.110746268208822], 'val_accuracy': [0.11533333333333333], 'val_f1': [0.030192005642997833], 'val_mae': [3.5439333333333334], 'jsd': [(0, 0, 0, 0, 0, 0)]}}
AdaptationManager: Configuring next round...
{'client_registry': {'enabled': True, 'params': {}}, 'client_selector': {'enabled': True, 'params': {'selection_strategy': 'Resource-Based', 'selection_criteria': 'CPU', 'selection_value': 2}}, 'client_cluster': {'enabled': False, 'params': {}}, 'message_compressor': {'enabled': True, 'params': {}}, 'model_co-versioning_registry': {'enabled': False, 'params': {}}, 'multi-task_model_trainer': {'enabled': False, 'params': {}}, 'heterogeneous_data_handler': {'enabled': True, 'params': {'enabled_clients': []}}}
{'client_selector': {'enabled': True}, 'client_cluster': {'enabled': False}, 'message_compressor': {'enabled': True}, 'model_co-versioning_registry': {'enabled': False}, 'multi-task_model_trainer': {'enabled': False}, 'heterogeneous_data_handler': {'enabled': True}, 'client_registry': {'enabled': True, 'params': {}}}
val_f1=0.030192005642997833, client_selector de-activated ❌
time=69.62454724311829, message_compressor de-activated ❌
No client has jsd above 0.1, heterogeneous_data_handler de-activated ❌
Results Aggregated in 74.82 seconds.
{'CNN 64k': {'train_loss': [1.1672510616501173, 1.4502552799860637], 'train_accuracy': [0.5792, 0.47017777777777775], 'train_f1': [0.11120626284057862, 0.1641719398312799], 'train_mae': [1.9985333333333333, 1.8384], 'val_loss': [4.110746268208822, 3.525742743343777], 'val_accuracy': [0.11533333333333333, 0.1683111111111111], 'val_f1': [0.030192005642997833, 0.0774769175041234], 'val_mae': [3.5439333333333334, 3.121488888888889], 'jsd': [(0, 0, 0, 0, 0, 0), (0.19113540902487702, 0.20054479022518473, 0.2813762840831547, 0.2572169598307446, 0.3023168068098654, 0.3351902248794443)]}}
AdaptationManager: Configuring next round...
{'client_registry': {'enabled': True, 'params': {}}, 'client_selector': {'enabled': True, 'params': {'selection_strategy': 'Resource-Based', 'selection_criteria': 'CPU', 'selection_value': 2}}, 'client_cluster': {'enabled': False, 'params': {}}, 'message_compressor': {'enabled': True, 'params': {}}, 'model_co-versioning_registry': {'enabled': False, 'params': {}}, 'multi-task_model_trainer': {'enabled': False, 'params': {}}, 'heterogeneous_data_handler': {'enabled': True, 'params': {'enabled_clients': []}}}
{'client_selector': {'enabled': False}, 'client_cluster': {'enabled': False}, 'message_compressor': {'enabled': False}, 'model_co-versioning_registry': {'enabled': False}, 'multi-task_model_trainer': {'enabled': False}, 'heterogeneous_data_handler': {'enabled': False}, 'client_registry': {'enabled': True, 'params': {}}}
val_f1=0.0774769175041234, client_selector de-activated ❌
time=74.8230516910553, message_compressor de-activated ❌
heterogeneous_data_handler activated ✅ for clients: ['Client 1', 'Client 2', 'Client 3', 'Client 4', 'Client 5', 'Client 6']
Results Aggregated in 83.91 seconds.
{'CNN 64k': {'train_loss': [1.1672510616501173, 1.4502552799860637, 1.3252371435957186], 'train_accuracy': [0.5792, 0.47017777777777775, 0.48658353721095415], 'train_f1': [0.11120626284057862, 0.1641719398312799, 0.2648656194611045], 'train_mae': [1.9985333333333333, 1.8384, 1.906301791492384], 'val_loss': [4.110746268208822, 3.525742743343777, 3.2062896363787847], 'val_accuracy': [0.11533333333333333, 0.1683111111111111, 0.219361609186331], 'val_f1': [0.030192005642997833, 0.0774769175041234, 0.12156510263315086], 'val_mae': [3.5439333333333334, 3.121488888888889, 2.9998921415042226], 'jsd': [(0, 0, 0, 0, 0, 0), (0.19113540902487702, 0.20054479022518473, 0.2813762840831547, 0.2572169598307446, 0.3023168068098654, 0.3351902248794443), (0.07954297451295819, 0.11451421666585927, 0.07163628800088137, 0.09835331904093322, 0.11234360842283975, 0.09207016693108414)]}}
AdaptationManager: Configuring next round...
{'client_registry': {'enabled': True, 'params': {}}, 'client_selector': {'enabled': True, 'params': {'selection_strategy': 'Resource-Based', 'selection_criteria': 'CPU', 'selection_value': 2}}, 'client_cluster': {'enabled': False, 'params': {}}, 'message_compressor': {'enabled': True, 'params': {}}, 'model_co-versioning_registry': {'enabled': False, 'params': {}}, 'multi-task_model_trainer': {'enabled': False, 'params': {}}, 'heterogeneous_data_handler': {'enabled': True, 'params': {'enabled_clients': []}}}
{'client_selector': {'enabled': False}, 'client_cluster': {'enabled': False}, 'message_compressor': {'enabled': False}, 'model_co-versioning_registry': {'enabled': False}, 'multi-task_model_trainer': {'enabled': False}, 'heterogeneous_data_handler': {'enabled': True, 'params': {'enabled_clients': ['Client 1', 'Client 2', 'Client 3', 'Client 4', 'Client 5', 'Client 6']}}, 'client_registry': {'enabled': True, 'params': {}}}
val_f1=0.12156510263315086, client_selector de-activated ❌
time=83.90565061569214, message_compressor de-activated ❌
heterogeneous_data_handler activated ✅ for clients: ['Client 2', 'Client 5']
Results Aggregated in 85.92 seconds.
{'CNN 64k': {'train_loss': [1.1672510616501173, 1.4502552799860637, 1.3252371435957186, 1.2377278535553782], 'train_accuracy': [0.5792, 0.47017777777777775, 0.48658353721095415, 0.5465189176366932], 'train_f1': [0.11120626284057862, 0.1641719398312799, 0.2648656194611045, 0.2808897127996733], 'train_mae': [1.9985333333333333, 1.8384, 1.906301791492384, 1.5594469577593657], 'val_loss': [4.110746268208822, 3.525742743343777, 3.2062896363787847, 2.7333080986765474], 'val_accuracy': [0.11533333333333333, 0.1683111111111111, 0.219361609186331, 0.2571567325776445], 'val_f1': [0.030192005642997833, 0.0774769175041234, 0.12156510263315086, 0.1704679117211054], 'val_mae': [3.5439333333333334, 3.121488888888889, 2.9998921415042226, 2.749694542435487], 'jsd': [(0, 0, 0, 0, 0, 0), (0.19113540902487702, 0.20054479022518473, 0.2813762840831547, 0.2572169598307446, 0.3023168068098654, 0.3351902248794443), (0.07954297451295819, 0.11451421666585927, 0.07163628800088137, 0.09835331904093322, 0.11234360842283975, 0.09207016693108414), (0.17815133380784837, 0.09508355820083111, 0.1615115568757869, 0.23861703526517533, 0.09515912230786674, 0.2101912043976799)]}}
AdaptationManager: Configuring next round...
{'client_registry': {'enabled': True, 'params': {}}, 'client_selector': {'enabled': True, 'params': {'selection_strategy': 'Resource-Based', 'selection_criteria': 'CPU', 'selection_value': 2}}, 'client_cluster': {'enabled': False, 'params': {}}, 'message_compressor': {'enabled': True, 'params': {}}, 'model_co-versioning_registry': {'enabled': False, 'params': {}}, 'multi-task_model_trainer': {'enabled': False, 'params': {}}, 'heterogeneous_data_handler': {'enabled': True, 'params': {'enabled_clients': []}}}
{'client_selector': {'enabled': False}, 'client_cluster': {'enabled': False}, 'message_compressor': {'enabled': False}, 'model_co-versioning_registry': {'enabled': False}, 'multi-task_model_trainer': {'enabled': False}, 'heterogeneous_data_handler': {'enabled': True, 'params': {'enabled_clients': ['Client 2', 'Client 5']}}, 'client_registry': {'enabled': True, 'params': {}}}
val_f1=0.1704679117211054, client_selector de-activated ❌
time=85.92116498947144, message_compressor activated ✅
heterogeneous_data_handler activated ✅ for clients: ['Client 1', 'Client 3', 'Client 4', 'Client 6']
Local parameters compressed: reduced 18585 bytes (7.48%)
Local parameters compressed: reduced 18667 bytes (7.51%)
Local parameters compressed: reduced 18458 bytes (7.43%)
Local parameters compressed: reduced 18582 bytes (7.48%)
Local parameters compressed: reduced 18548 bytes (7.46%)
Local parameters compressed: reduced 18528 bytes (7.46%)
Results Aggregated in 91.26 seconds.
{'CNN 64k': {'train_loss': [1.1672510616501173, 1.4502552799860637, 1.3252371435957186, 1.2377278535553782, 1.1968677620590604], 'train_accuracy': [0.5792, 0.47017777777777775, 0.48658353721095415, 0.5465189176366932, 0.5490157863964139], 'train_f1': [0.11120626284057862, 0.1641719398312799, 0.2648656194611045, 0.2808897127996733, 0.33761948303425965], 'train_mae': [1.9985333333333333, 1.8384, 1.906301791492384, 1.5594469577593657, 1.6327226661469498], 'val_loss': [4.110746268208822, 3.525742743343777, 3.2062896363787847, 2.7333080986765474, 2.5903068965162364], 'val_accuracy': [0.11533333333333333, 0.1683111111111111, 0.219361609186331, 0.2571567325776445, 0.2903436537711947], 'val_f1': [0.030192005642997833, 0.0774769175041234, 0.12156510263315086, 0.1704679117211054, 0.20612334757678866], 'val_mae': [3.5439333333333334, 3.121488888888889, 2.9998921415042226, 2.749694542435487, 2.5775541025141298], 'jsd': [(0, 0, 0, 0, 0, 0), (0.19113540902487702, 0.20054479022518473, 0.2813762840831547, 0.2572169598307446, 0.3023168068098654, 0.3351902248794443), (0.07954297451295819, 0.11451421666585927, 0.07163628800088137, 0.09835331904093322, 0.11234360842283975, 0.09207016693108414), (0.17815133380784837, 0.09508355820083111, 0.1615115568757869, 0.23861703526517533, 0.09515912230786674, 0.2101912043976799), (0, 0, 0, 0, 0, 0)]}}
AdaptationManager: Configuring next round...
{'client_registry': {'enabled': True, 'params': {}}, 'client_selector': {'enabled': True, 'params': {'selection_strategy': 'Resource-Based', 'selection_criteria': 'CPU', 'selection_value': 2}}, 'client_cluster': {'enabled': False, 'params': {}}, 'message_compressor': {'enabled': True, 'params': {}}, 'model_co-versioning_registry': {'enabled': False, 'params': {}}, 'multi-task_model_trainer': {'enabled': False, 'params': {}}, 'heterogeneous_data_handler': {'enabled': True, 'params': {'enabled_clients': []}}}
{'client_selector': {'enabled': False}, 'client_cluster': {'enabled': False}, 'message_compressor': {'enabled': True}, 'model_co-versioning_registry': {'enabled': False}, 'multi-task_model_trainer': {'enabled': False}, 'heterogeneous_data_handler': {'enabled': True, 'params': {'enabled_clients': ['Client 1', 'Client 3', 'Client 4', 'Client 6']}}, 'client_registry': {'enabled': True, 'params': {}}}
val_f1=0.20612334757678866, client_selector de-activated ❌
time=91.26436710357666, message_compressor activated ✅
No client has jsd above 0.1, heterogeneous_data_handler de-activated ❌
Local parameters compressed: reduced 18509 bytes (7.45%)
Local parameters compressed: reduced 18522 bytes (7.45%)
Local parameters compressed: reduced 18460 bytes (7.43%)
Local parameters compressed: reduced 18605 bytes (7.49%)
Local parameters compressed: reduced 18487 bytes (7.44%)
Local parameters compressed: reduced 18603 bytes (7.49%)
Results Aggregated in 90.33 seconds.
{'CNN 64k': {'train_loss': [1.1672510616501173, 1.4502552799860637, 1.3252371435957186, 1.2377278535553782, 1.1968677620590604, 1.0656210533199888], 'train_accuracy': [0.5792, 0.47017777777777775, 0.48658353721095415, 0.5465189176366932, 0.5490157863964139, 0.6243151515151515], 'train_f1': [0.11120626284057862, 0.1641719398312799, 0.2648656194611045, 0.2808897127996733, 0.33761948303425965, 0.3651955745208686], 'train_mae': [1.9985333333333333, 1.8384, 1.906301791492384, 1.5594469577593657, 1.6327226661469498, 1.2807757575757577], 'val_loss': [4.110746268208822, 3.525742743343777, 3.2062896363787847, 2.7333080986765474, 2.5903068965162364, 2.482713933540113], 'val_accuracy': [0.11533333333333333, 0.1683111111111111, 0.219361609186331, 0.2571567325776445, 0.2903436537711947, 0.3179848484848485], 'val_f1': [0.030192005642997833, 0.0774769175041234, 0.12156510263315086, 0.1704679117211054, 0.20612334757678866, 0.24022967746596907], 'val_mae': [3.5439333333333334, 3.121488888888889, 2.9998921415042226, 2.749694542435487, 2.5775541025141298, 2.4797939393939394], 'jsd': [(0, 0, 0, 0, 0, 0), (0.19113540902487702, 0.20054479022518473, 0.2813762840831547, 0.2572169598307446, 0.3023168068098654, 0.3351902248794443), (0.07954297451295819, 0.11451421666585927, 0.07163628800088137, 0.09835331904093322, 0.11234360842283975, 0.09207016693108414), (0.17815133380784837, 0.09508355820083111, 0.1615115568757869, 0.23861703526517533, 0.09515912230786674, 0.2101912043976799), (0, 0, 0, 0, 0, 0), (0, 0, 0, 0, 0, 0)]}}
AdaptationManager: Configuring next round...
{'client_registry': {'enabled': True, 'params': {}}, 'client_selector': {'enabled': True, 'params': {'selection_strategy': 'Resource-Based', 'selection_criteria': 'CPU', 'selection_value': 2}}, 'client_cluster': {'enabled': False, 'params': {}}, 'message_compressor': {'enabled': True, 'params': {}}, 'model_co-versioning_registry': {'enabled': False, 'params': {}}, 'multi-task_model_trainer': {'enabled': False, 'params': {}}, 'heterogeneous_data_handler': {'enabled': True, 'params': {'enabled_clients': []}}}
{'client_selector': {'enabled': False}, 'client_cluster': {'enabled': False}, 'message_compressor': {'enabled': True}, 'model_co-versioning_registry': {'enabled': False}, 'multi-task_model_trainer': {'enabled': False}, 'heterogeneous_data_handler': {'enabled': False, 'params': {'enabled_clients': ['Client 1', 'Client 3', 'Client 4', 'Client 6']}}, 'client_registry': {'enabled': True, 'params': {}}}
val_f1=0.24022967746596907, client_selector de-activated ❌
time=90.33443880081177, message_compressor activated ✅
No client has jsd above 0.1, heterogeneous_data_handler de-activated ❌
Local parameters compressed: reduced 18478 bytes (7.44%)
Local parameters compressed: reduced 18442 bytes (7.42%)
Local parameters compressed: reduced 18474 bytes (7.43%)
Local parameters compressed: reduced 18416 bytes (7.41%)
Local parameters compressed: reduced 18488 bytes (7.44%)
Local parameters compressed: reduced 18433 bytes (7.42%)
Results Aggregated in 95.04 seconds.
{'CNN 64k': {'train_loss': [1.1672510616501173, 1.4502552799860637, 1.3252371435957186, 1.2377278535553782, 1.1968677620590604, 1.0656210533199888, 1.0640755099810086], 'train_accuracy': [0.5792, 0.47017777777777775, 0.48658353721095415, 0.5465189176366932, 0.5490157863964139, 0.6243151515151515, 0.6114974358974359], 'train_f1': [0.11120626284057862, 0.1641719398312799, 0.2648656194611045, 0.2808897127996733, 0.33761948303425965, 0.3651955745208686, 0.4442661417223903], 'train_mae': [1.9985333333333333, 1.8384, 1.906301791492384, 1.5594469577593657, 1.6327226661469498, 1.2807757575757577, 1.3903897435897437], 'val_loss': [4.110746268208822, 3.525742743343777, 3.2062896363787847, 2.7333080986765474, 2.5903068965162364, 2.482713933540113, 2.251676346001258], 'val_accuracy': [0.11533333333333333, 0.1683111111111111, 0.219361609186331, 0.2571567325776445, 0.2903436537711947, 0.3179848484848485, 0.3892538461538462], 'val_f1': [0.030192005642997833, 0.0774769175041234, 0.12156510263315086, 0.1704679117211054, 0.20612334757678866, 0.24022967746596907, 0.32768007571319974], 'val_mae': [3.5439333333333334, 3.121488888888889, 2.9998921415042226, 2.749694542435487, 2.5775541025141298, 2.4797939393939394, 2.309123076923077], 'jsd': [(0, 0, 0, 0, 0, 0), (0.19113540902487702, 0.20054479022518473, 0.2813762840831547, 0.2572169598307446, 0.3023168068098654, 0.3351902248794443), (0.07954297451295819, 0.11451421666585927, 0.07163628800088137, 0.09835331904093322, 0.11234360842283975, 0.09207016693108414), (0.17815133380784837, 0.09508355820083111, 0.1615115568757869, 0.23861703526517533, 0.09515912230786674, 0.2101912043976799), (0, 0, 0, 0, 0, 0), (0, 0, 0, 0, 0, 0), (0, 0, 0, 0, 0, 0)]}}
AdaptationManager: Configuring next round...
{'client_registry': {'enabled': True, 'params': {}}, 'client_selector': {'enabled': True, 'params': {'selection_strategy': 'Resource-Based', 'selection_criteria': 'CPU', 'selection_value': 2}}, 'client_cluster': {'enabled': False, 'params': {}}, 'message_compressor': {'enabled': True, 'params': {}}, 'model_co-versioning_registry': {'enabled': False, 'params': {}}, 'multi-task_model_trainer': {'enabled': False, 'params': {}}, 'heterogeneous_data_handler': {'enabled': True, 'params': {'enabled_clients': []}}}
{'client_selector': {'enabled': False}, 'client_cluster': {'enabled': False}, 'message_compressor': {'enabled': True}, 'model_co-versioning_registry': {'enabled': False}, 'multi-task_model_trainer': {'enabled': False}, 'heterogeneous_data_handler': {'enabled': False, 'params': {'enabled_clients': ['Client 1', 'Client 3', 'Client 4', 'Client 6']}}, 'client_registry': {'enabled': True, 'params': {}}}
val_f1=0.32768007571319974, client_selector de-activated ❌
time=95.03928804397583, message_compressor activated ✅
No client has jsd above 0.1, heterogeneous_data_handler de-activated ❌
Local parameters compressed: reduced 18455 bytes (7.43%)
Local parameters compressed: reduced 18388 bytes (7.40%)
Local parameters compressed: reduced 18434 bytes (7.42%)
Local parameters compressed: reduced 18362 bytes (7.39%)
Local parameters compressed: reduced 18345 bytes (7.38%)
Local parameters compressed: reduced 18434 bytes (7.42%)
Results Aggregated in 98.07 seconds.
{'CNN 64k': {'train_loss': [1.1672510616501173, 1.4502552799860637, 1.3252371435957186, 1.2377278535553782, 1.1968677620590604, 1.0656210533199888, 1.0640755099810086, 0.9799089563263788], 'train_accuracy': [0.5792, 0.47017777777777775, 0.48658353721095415, 0.5465189176366932, 0.5490157863964139, 0.6243151515151515, 0.6114974358974359, 0.6443377777777778], 'train_f1': [0.11120626284057862, 0.1641719398312799, 0.2648656194611045, 0.2808897127996733, 0.33761948303425965, 0.3651955745208686, 0.4442661417223903, 0.445402491928503], 'train_mae': [1.9985333333333333, 1.8384, 1.906301791492384, 1.5594469577593657, 1.6327226661469498, 1.2807757575757577, 1.3903897435897437, 1.3167822222222223], 'val_loss': [4.110746268208822, 3.525742743343777, 3.2062896363787847, 2.7333080986765474, 2.5903068965162364, 2.482713933540113, 2.251676346001258, 2.396408190583123], 'val_accuracy': [0.11533333333333333, 0.1683111111111111, 0.219361609186331, 0.2571567325776445, 0.2903436537711947, 0.3179848484848485, 0.3892538461538462, 0.3836888888888889], 'val_f1': [0.030192005642997833, 0.0774769175041234, 0.12156510263315086, 0.1704679117211054, 0.20612334757678866, 0.24022967746596907, 0.32768007571319974, 0.31701289954402245], 'val_mae': [3.5439333333333334, 3.121488888888889, 2.9998921415042226, 2.749694542435487, 2.5775541025141298, 2.4797939393939394, 2.309123076923077, 2.298626666666667], 'jsd': [(0, 0, 0, 0, 0, 0), (0.19113540902487702, 0.20054479022518473, 0.2813762840831547, 0.2572169598307446, 0.3023168068098654, 0.3351902248794443), (0.07954297451295819, 0.11451421666585927, 0.07163628800088137, 0.09835331904093322, 0.11234360842283975, 0.09207016693108414), (0.17815133380784837, 0.09508355820083111, 0.1615115568757869, 0.23861703526517533, 0.09515912230786674, 0.2101912043976799), (0, 0, 0, 0, 0, 0), (0, 0, 0, 0, 0, 0), (0, 0, 0, 0, 0, 0), (0, 0, 0, 0, 0, 0)]}}
AdaptationManager: Configuring next round...
{'client_registry': {'enabled': True, 'params': {}}, 'client_selector': {'enabled': True, 'params': {'selection_strategy': 'Resource-Based', 'selection_criteria': 'CPU', 'selection_value': 2}}, 'client_cluster': {'enabled': False, 'params': {}}, 'message_compressor': {'enabled': True, 'params': {}}, 'model_co-versioning_registry': {'enabled': False, 'params': {}}, 'multi-task_model_trainer': {'enabled': False, 'params': {}}, 'heterogeneous_data_handler': {'enabled': True, 'params': {'enabled_clients': []}}}
{'client_selector': {'enabled': False}, 'client_cluster': {'enabled': False}, 'message_compressor': {'enabled': True}, 'model_co-versioning_registry': {'enabled': False}, 'multi-task_model_trainer': {'enabled': False}, 'heterogeneous_data_handler': {'enabled': False, 'params': {'enabled_clients': ['Client 1', 'Client 3', 'Client 4', 'Client 6']}}, 'client_registry': {'enabled': True, 'params': {}}}
val_f1=0.31701289954402245, client_selector de-activated ❌
time=98.07228326797485, message_compressor activated ✅
No client has jsd above 0.1, heterogeneous_data_handler de-activated ❌
Local parameters compressed: reduced 18208 bytes (7.33%)
Local parameters compressed: reduced 18282 bytes (7.36%)
Local parameters compressed: reduced 18368 bytes (7.39%)
Local parameters compressed: reduced 18296 bytes (7.36%)
Local parameters compressed: reduced 18264 bytes (7.35%)
Local parameters compressed: reduced 18299 bytes (7.36%)
Results Aggregated in 101.37 seconds.
{'CNN 64k': {'train_loss': [1.1672510616501173, 1.4502552799860637, 1.3252371435957186, 1.2377278535553782, 1.1968677620590604, 1.0656210533199888, 1.0640755099810086, 0.9799089563263788, 0.9015610823425592], 'train_accuracy': [0.5792, 0.47017777777777775, 0.48658353721095415, 0.5465189176366932, 0.5490157863964139, 0.6243151515151515, 0.6114974358974359, 0.6443377777777778, 0.6849725490196078], 'train_f1': [0.11120626284057862, 0.1641719398312799, 0.2648656194611045, 0.2808897127996733, 0.33761948303425965, 0.3651955745208686, 0.4442661417223903, 0.445402491928503, 0.4676936004893208], 'train_mae': [1.9985333333333333, 1.8384, 1.906301791492384, 1.5594469577593657, 1.6327226661469498, 1.2807757575757577, 1.3903897435897437, 1.3167822222222223, 1.2312549019607844], 'val_loss': [4.110746268208822, 3.525742743343777, 3.2062896363787847, 2.7333080986765474, 2.5903068965162364, 2.482713933540113, 2.251676346001258, 2.396408190583123, 2.2641600621803133], 'val_accuracy': [0.11533333333333333, 0.1683111111111111, 0.219361609186331, 0.2571567325776445, 0.2903436537711947, 0.3179848484848485, 0.3892538461538462, 0.3836888888888889, 0.3962392156862745], 'val_f1': [0.030192005642997833, 0.0774769175041234, 0.12156510263315086, 0.1704679117211054, 0.20612334757678866, 0.24022967746596907, 0.32768007571319974, 0.31701289954402245, 0.33557250249152537], 'val_mae': [3.5439333333333334, 3.121488888888889, 2.9998921415042226, 2.749694542435487, 2.5775541025141298, 2.4797939393939394, 2.309123076923077, 2.298626666666667, 2.2532823529411763], 'jsd': [(0, 0, 0, 0, 0, 0), (0.19113540902487702, 0.20054479022518473, 0.2813762840831547, 0.2572169598307446, 0.3023168068098654, 0.3351902248794443), (0.07954297451295819, 0.11451421666585927, 0.07163628800088137, 0.09835331904093322, 0.11234360842283975, 0.09207016693108414), (0.17815133380784837, 0.09508355820083111, 0.1615115568757869, 0.23861703526517533, 0.09515912230786674, 0.2101912043976799), (0, 0, 0, 0, 0, 0), (0, 0, 0, 0, 0, 0), (0, 0, 0, 0, 0, 0), (0, 0, 0, 0, 0, 0), (0, 0, 0, 0, 0, 0)]}}
AdaptationManager: Configuring next round...
{'client_registry': {'enabled': True, 'params': {}}, 'client_selector': {'enabled': True, 'params': {'selection_strategy': 'Resource-Based', 'selection_criteria': 'CPU', 'selection_value': 2}}, 'client_cluster': {'enabled': False, 'params': {}}, 'message_compressor': {'enabled': True, 'params': {}}, 'model_co-versioning_registry': {'enabled': False, 'params': {}}, 'multi-task_model_trainer': {'enabled': False, 'params': {}}, 'heterogeneous_data_handler': {'enabled': True, 'params': {'enabled_clients': []}}}
{'client_selector': {'enabled': False}, 'client_cluster': {'enabled': False}, 'message_compressor': {'enabled': True}, 'model_co-versioning_registry': {'enabled': False}, 'multi-task_model_trainer': {'enabled': False}, 'heterogeneous_data_handler': {'enabled': False, 'params': {'enabled_clients': ['Client 1', 'Client 3', 'Client 4', 'Client 6']}}, 'client_registry': {'enabled': True, 'params': {}}}
val_f1=0.33557250249152537, client_selector de-activated ❌
time=101.36712980270386, message_compressor activated ✅
No client has jsd above 0.1, heterogeneous_data_handler de-activated ❌
Local parameters compressed: reduced 18104 bytes (7.29%)
Local parameters compressed: reduced 18174 bytes (7.31%)
Local parameters compressed: reduced 18128 bytes (7.30%)
Local parameters compressed: reduced 18102 bytes (7.28%)
Local parameters compressed: reduced 18162 bytes (7.31%)
Local parameters compressed: reduced 18168 bytes (7.31%)
Results Aggregated in 109.81 seconds.
{'CNN 64k': {'train_loss': [1.1672510616501173, 1.4502552799860637, 1.3252371435957186, 1.2377278535553782, 1.1968677620590604, 1.0656210533199888, 1.0640755099810086, 0.9799089563263788, 0.9015610823425592, 0.8141564189592997], 'train_accuracy': [0.5792, 0.47017777777777775, 0.48658353721095415, 0.5465189176366932, 0.5490157863964139, 0.6243151515151515, 0.6114974358974359, 0.6443377777777778, 0.6849725490196078, 0.7155368421052631], 'train_f1': [0.11120626284057862, 0.1641719398312799, 0.2648656194611045, 0.2808897127996733, 0.33761948303425965, 0.3651955745208686, 0.4442661417223903, 0.445402491928503, 0.4676936004893208, 0.5308104509019602], 'train_mae': [1.9985333333333333, 1.8384, 1.906301791492384, 1.5594469577593657, 1.6327226661469498, 1.2807757575757577, 1.3903897435897437, 1.3167822222222223, 1.2312549019607844, 1.169298245614035], 'val_loss': [4.110746268208822, 3.525742743343777, 3.2062896363787847, 2.7333080986765474, 2.5903068965162364, 2.482713933540113, 2.251676346001258, 2.396408190583123, 2.2641600621803133, 2.0950902147761563], 'val_accuracy': [0.11533333333333333, 0.1683111111111111, 0.219361609186331, 0.2571567325776445, 0.2903436537711947, 0.3179848484848485, 0.3892538461538462, 0.3836888888888889, 0.3962392156862745, 0.43813859649122805], 'val_f1': [0.030192005642997833, 0.0774769175041234, 0.12156510263315086, 0.1704679117211054, 0.20612334757678866, 0.24022967746596907, 0.32768007571319974, 0.31701289954402245, 0.33557250249152537, 0.3846818431943274], 'val_mae': [3.5439333333333334, 3.121488888888889, 2.9998921415042226, 2.749694542435487, 2.5775541025141298, 2.4797939393939394, 2.309123076923077, 2.298626666666667, 2.2532823529411763, 2.1919543859649124], 'jsd': [(0, 0, 0, 0, 0, 0), (0.19113540902487702, 0.20054479022518473, 0.2813762840831547, 0.2572169598307446, 0.3023168068098654, 0.3351902248794443), (0.07954297451295819, 0.11451421666585927, 0.07163628800088137, 0.09835331904093322, 0.11234360842283975, 0.09207016693108414), (0.17815133380784837, 0.09508355820083111, 0.1615115568757869, 0.23861703526517533, 0.09515912230786674, 0.2101912043976799), (0, 0, 0, 0, 0, 0), (0, 0, 0, 0, 0, 0), (0, 0, 0, 0, 0, 0), (0, 0, 0, 0, 0, 0), (0, 0, 0, 0, 0, 0), (0, 0, 0, 0, 0, 0)]}}
AdaptationManager: Configuring next round...
{'client_registry': {'enabled': True, 'params': {}}, 'client_selector': {'enabled': True, 'params': {'selection_strategy': 'Resource-Based', 'selection_criteria': 'CPU', 'selection_value': 2}}, 'client_cluster': {'enabled': False, 'params': {}}, 'message_compressor': {'enabled': True, 'params': {}}, 'model_co-versioning_registry': {'enabled': False, 'params': {}}, 'multi-task_model_trainer': {'enabled': False, 'params': {}}, 'heterogeneous_data_handler': {'enabled': True, 'params': {'enabled_clients': []}}}
{'client_selector': {'enabled': False}, 'client_cluster': {'enabled': False}, 'message_compressor': {'enabled': True}, 'model_co-versioning_registry': {'enabled': False}, 'multi-task_model_trainer': {'enabled': False}, 'heterogeneous_data_handler': {'enabled': False, 'params': {'enabled_clients': ['Client 1', 'Client 3', 'Client 4', 'Client 6']}}, 'client_registry': {'enabled': True, 'params': {}}}
val_f1=0.3846818431943274, client_selector de-activated ❌
time=109.80986785888672, message_compressor activated ✅
No client has jsd above 0.1, heterogeneous_data_handler de-activated ❌
Local parameters compressed: reduced 18038 bytes (7.26%)
Local parameters compressed: reduced 18091 bytes (7.28%)
Local parameters compressed: reduced 18090 bytes (7.28%)
Local parameters compressed: reduced 18054 bytes (7.27%)
Local parameters compressed: reduced 18079 bytes (7.28%)
Local parameters compressed: reduced 18063 bytes (7.27%)
Results Aggregated in 111.38 seconds.
{'CNN 64k': {'train_loss': [1.1672510616501173, 1.4502552799860637, 1.3252371435957186, 1.2377278535553782, 1.1968677620590604, 1.0656210533199888, 1.0640755099810086, 0.9799089563263788, 0.9015610823425592, 0.8141564189592997, 0.8942103910052587], 'train_accuracy': [0.5792, 0.47017777777777775, 0.48658353721095415, 0.5465189176366932, 0.5490157863964139, 0.6243151515151515, 0.6114974358974359, 0.6443377777777778, 0.6849725490196078, 0.7155368421052631, 0.6791238095238096], 'train_f1': [0.11120626284057862, 0.1641719398312799, 0.2648656194611045, 0.2808897127996733, 0.33761948303425965, 0.3651955745208686, 0.4442661417223903, 0.445402491928503, 0.4676936004893208, 0.5308104509019602, 0.5610486511778697], 'train_mae': [1.9985333333333333, 1.8384, 1.906301791492384, 1.5594469577593657, 1.6327226661469498, 1.2807757575757577, 1.3903897435897437, 1.3167822222222223, 1.2312549019607844, 1.169298245614035, 1.252463492063492], 'val_loss': [4.110746268208822, 3.525742743343777, 3.2062896363787847, 2.7333080986765474, 2.5903068965162364, 2.482713933540113, 2.251676346001258, 2.396408190583123, 2.2641600621803133, 2.0950902147761563, 1.9952248112390911], 'val_accuracy': [0.11533333333333333, 0.1683111111111111, 0.219361609186331, 0.2571567325776445, 0.2903436537711947, 0.3179848484848485, 0.3892538461538462, 0.3836888888888889, 0.3962392156862745, 0.43813859649122805, 0.46605555555555556], 'val_f1': [0.030192005642997833, 0.0774769175041234, 0.12156510263315086, 0.1704679117211054, 0.20612334757678866, 0.24022967746596907, 0.32768007571319974, 0.31701289954402245, 0.33557250249152537, 0.3846818431943274, 0.42110412545538894], 'val_mae': [3.5439333333333334, 3.121488888888889, 2.9998921415042226, 2.749694542435487, 2.5775541025141298, 2.4797939393939394, 2.309123076923077, 2.298626666666667, 2.2532823529411763, 2.1919543859649124, 1.9262428571428571], 'jsd': [(0, 0, 0, 0, 0, 0), (0.19113540902487702, 0.20054479022518473, 0.2813762840831547, 0.2572169598307446, 0.3023168068098654, 0.3351902248794443), (0.07954297451295819, 0.11451421666585927, 0.07163628800088137, 0.09835331904093322, 0.11234360842283975, 0.09207016693108414), (0.17815133380784837, 0.09508355820083111, 0.1615115568757869, 0.23861703526517533, 0.09515912230786674, 0.2101912043976799), (0, 0, 0, 0, 0, 0), (0, 0, 0, 0, 0, 0), (0, 0, 0, 0, 0, 0), (0, 0, 0, 0, 0, 0), (0, 0, 0, 0, 0, 0), (0, 0, 0, 0, 0, 0), (0, 0, 0, 0, 0, 0)]}}
AdaptationManager: Configuring next round...
{'client_registry': {'enabled': True, 'params': {}}, 'client_selector': {'enabled': True, 'params': {'selection_strategy': 'Resource-Based', 'selection_criteria': 'CPU', 'selection_value': 2}}, 'client_cluster': {'enabled': False, 'params': {}}, 'message_compressor': {'enabled': True, 'params': {}}, 'model_co-versioning_registry': {'enabled': False, 'params': {}}, 'multi-task_model_trainer': {'enabled': False, 'params': {}}, 'heterogeneous_data_handler': {'enabled': True, 'params': {'enabled_clients': []}}}
{'client_selector': {'enabled': False}, 'client_cluster': {'enabled': False}, 'message_compressor': {'enabled': True}, 'model_co-versioning_registry': {'enabled': False}, 'multi-task_model_trainer': {'enabled': False}, 'heterogeneous_data_handler': {'enabled': False, 'params': {'enabled_clients': ['Client 1', 'Client 3', 'Client 4', 'Client 6']}}, 'client_registry': {'enabled': True, 'params': {}}}
val_f1=0.42110412545538894, client_selector activated ✅
time=111.37845754623413, message_compressor activated ✅
No client has jsd above 0.1, heterogeneous_data_handler de-activated ❌
Client Client 3 participates in this round. (CPU: 2, RAM: 4)
Client Client 6 has insufficient CPU (1). Will not participate in the next FL round.
Client Client 5 has insufficient CPU (1). Will not participate in the next FL round.
Client Client 2 participates in this round. (CPU: 2, RAM: 4)
Client Client 1 participates in this round. (CPU: 2, RAM: 4)
Client Client 4 has insufficient CPU (1). Will not participate in the next FL round.
Local parameters compressed: reduced 17947 bytes (7.22%)
Local parameters compressed: reduced 17920 bytes (7.21%)
Local parameters compressed: reduced 17986 bytes (7.24%)
Results Aggregated in 108.88 seconds.
{'CNN 64k': {'train_loss': [1.1672510616501173, 1.4502552799860637, 1.3252371435957186, 1.2377278535553782, 1.1968677620590604, 1.0656210533199888, 1.0640755099810086, 0.9799089563263788, 0.9015610823425592, 0.8141564189592997, 0.8942103910052587, 0.8759700512568156], 'train_accuracy': [0.5792, 0.47017777777777775, 0.48658353721095415, 0.5465189176366932, 0.5490157863964139, 0.6243151515151515, 0.6114974358974359, 0.6443377777777778, 0.6849725490196078, 0.7155368421052631, 0.6791238095238096, 0.6873], 'train_f1': [0.11120626284057862, 0.1641719398312799, 0.2648656194611045, 0.2808897127996733, 0.33761948303425965, 0.3651955745208686, 0.4442661417223903, 0.445402491928503, 0.4676936004893208, 0.5308104509019602, 0.5610486511778697, 0.5689186052342141], 'train_mae': [1.9985333333333333, 1.8384, 1.906301791492384, 1.5594469577593657, 1.6327226661469498, 1.2807757575757577, 1.3903897435897437, 1.3167822222222223, 1.2312549019607844, 1.169298245614035, 1.252463492063492, 1.0393], 'val_loss': [4.110746268208822, 3.525742743343777, 3.2062896363787847, 2.7333080986765474, 2.5903068965162364, 2.482713933540113, 2.251676346001258, 2.396408190583123, 2.2641600621803133, 2.0950902147761563, 1.9952248112390911, 1.9682001439412435], 'val_accuracy': [0.11533333333333333, 0.1683111111111111, 0.219361609186331, 0.2571567325776445, 0.2903436537711947, 0.3179848484848485, 0.3892538461538462, 0.3836888888888889, 0.3962392156862745, 0.43813859649122805, 0.46605555555555556, 0.47096666666666664], 'val_f1': [0.030192005642997833, 0.0774769175041234, 0.12156510263315086, 0.1704679117211054, 0.20612334757678866, 0.24022967746596907, 0.32768007571319974, 0.31701289954402245, 0.33557250249152537, 0.3846818431943274, 0.42110412545538894, 0.4299922210218608], 'val_mae': [3.5439333333333334, 3.121488888888889, 2.9998921415042226, 2.749694542435487, 2.5775541025141298, 2.4797939393939394, 2.309123076923077, 2.298626666666667, 2.2532823529411763, 2.1919543859649124, 1.9262428571428571, 1.8191666666666666], 'jsd': [(0, 0, 0, 0, 0, 0), (0.19113540902487702, 0.20054479022518473, 0.2813762840831547, 0.2572169598307446, 0.3023168068098654, 0.3351902248794443), (0.07954297451295819, 0.11451421666585927, 0.07163628800088137, 0.09835331904093322, 0.11234360842283975, 0.09207016693108414), (0.17815133380784837, 0.09508355820083111, 0.1615115568757869, 0.23861703526517533, 0.09515912230786674, 0.2101912043976799), (0, 0, 0, 0, 0, 0), (0, 0, 0, 0, 0, 0), (0, 0, 0, 0, 0, 0), (0, 0, 0, 0, 0, 0), (0, 0, 0, 0, 0, 0), (0, 0, 0, 0, 0, 0), (0, 0, 0, 0, 0, 0), (0, 0, 0, 0, 0, 0)]}}
AdaptationManager: Configuring next round...
{'client_registry': {'enabled': True, 'params': {}}, 'client_selector': {'enabled': True, 'params': {'selection_strategy': 'Resource-Based', 'selection_criteria': 'CPU', 'selection_value': 2}}, 'client_cluster': {'enabled': False, 'params': {}}, 'message_compressor': {'enabled': True, 'params': {}}, 'model_co-versioning_registry': {'enabled': False, 'params': {}}, 'multi-task_model_trainer': {'enabled': False, 'params': {}}, 'heterogeneous_data_handler': {'enabled': True, 'params': {'enabled_clients': []}}}
{'client_selector': {'enabled': True}, 'client_cluster': {'enabled': False}, 'message_compressor': {'enabled': True}, 'model_co-versioning_registry': {'enabled': False}, 'multi-task_model_trainer': {'enabled': False}, 'heterogeneous_data_handler': {'enabled': False, 'params': {'enabled_clients': ['Client 1', 'Client 3', 'Client 4', 'Client 6']}}, 'client_registry': {'enabled': True, 'params': {}}}
val_f1=0.4299922210218608, client_selector activated ✅
time=108.88420629501343, message_compressor activated ✅
No client has jsd above 0.1, heterogeneous_data_handler de-activated ❌
Client Client 5 has insufficient CPU (1). Will not participate in the next FL round.
Client Client 2 participates in this round. (CPU: 2, RAM: 4)
Client Client 3 participates in this round. (CPU: 2, RAM: 4)
Client Client 6 has insufficient CPU (1). Will not participate in the next FL round.
Client Client 4 has insufficient CPU (1). Will not participate in the next FL round.
Client Client 1 participates in this round. (CPU: 2, RAM: 4)
Local parameters compressed: reduced 17887 bytes (7.20%)
Local parameters compressed: reduced 17976 bytes (7.23%)
Local parameters compressed: reduced 17865 bytes (7.19%)
Results Aggregated in 118.67 seconds.
{'CNN 64k': {'train_loss': [1.1672510616501173, 1.4502552799860637, 1.3252371435957186, 1.2377278535553782, 1.1968677620590604, 1.0656210533199888, 1.0640755099810086, 0.9799089563263788, 0.9015610823425592, 0.8141564189592997, 0.8942103910052587, 0.8759700512568156, 0.9171762440070128], 'train_accuracy': [0.5792, 0.47017777777777775, 0.48658353721095415, 0.5465189176366932, 0.5490157863964139, 0.6243151515151515, 0.6114974358974359, 0.6443377777777778, 0.6849725490196078, 0.7155368421052631, 0.6791238095238096, 0.6873, 0.6733025641025641], 'train_f1': [0.11120626284057862, 0.1641719398312799, 0.2648656194611045, 0.2808897127996733, 0.33761948303425965, 0.3651955745208686, 0.4442661417223903, 0.445402491928503, 0.4676936004893208, 0.5308104509019602, 0.5610486511778697, 0.5689186052342141, 0.579986374255197], 'train_mae': [1.9985333333333333, 1.8384, 1.906301791492384, 1.5594469577593657, 1.6327226661469498, 1.2807757575757577, 1.3903897435897437, 1.3167822222222223, 1.2312549019607844, 1.169298245614035, 1.252463492063492, 1.0393, 0.940502564102564], 'val_loss': [4.110746268208822, 3.525742743343777, 3.2062896363787847, 2.7333080986765474, 2.5903068965162364, 2.482713933540113, 2.251676346001258, 2.396408190583123, 2.2641600621803133, 2.0950902147761563, 1.9952248112390911, 1.9682001439412435, 2.056240046437581], 'val_accuracy': [0.11533333333333333, 0.1683111111111111, 0.219361609186331, 0.2571567325776445, 0.2903436537711947, 0.3179848484848485, 0.3892538461538462, 0.3836888888888889, 0.3962392156862745, 0.43813859649122805, 0.46605555555555556, 0.47096666666666664, 0.4631], 'val_f1': [0.030192005642997833, 0.0774769175041234, 0.12156510263315086, 0.1704679117211054, 0.20612334757678866, 0.24022967746596907, 0.32768007571319974, 0.31701289954402245, 0.33557250249152537, 0.3846818431943274, 0.42110412545538894, 0.4299922210218608, 0.4296822330864046], 'val_mae': [3.5439333333333334, 3.121488888888889, 2.9998921415042226, 2.749694542435487, 2.5775541025141298, 2.4797939393939394, 2.309123076923077, 2.298626666666667, 2.2532823529411763, 2.1919543859649124, 1.9262428571428571, 1.8191666666666666, 2.007], 'jsd': [(0, 0, 0, 0, 0, 0), (0.19113540902487702, 0.20054479022518473, 0.2813762840831547, 0.2572169598307446, 0.3023168068098654, 0.3351902248794443), (0.07954297451295819, 0.11451421666585927, 0.07163628800088137, 0.09835331904093322, 0.11234360842283975, 0.09207016693108414), (0.17815133380784837, 0.09508355820083111, 0.1615115568757869, 0.23861703526517533, 0.09515912230786674, 0.2101912043976799), (0, 0, 0, 0, 0, 0), (0, 0, 0, 0, 0, 0), (0, 0, 0, 0, 0, 0), (0, 0, 0, 0, 0, 0), (0, 0, 0, 0, 0, 0), (0, 0, 0, 0, 0, 0), (0, 0, 0, 0, 0, 0), (0, 0, 0, 0, 0, 0), (0, 0, 0, 0, 0, 0)]}}
AdaptationManager: Configuring next round...
{'client_registry': {'enabled': True, 'params': {}}, 'client_selector': {'enabled': True, 'params': {'selection_strategy': 'Resource-Based', 'selection_criteria': 'CPU', 'selection_value': 2}}, 'client_cluster': {'enabled': False, 'params': {}}, 'message_compressor': {'enabled': True, 'params': {}}, 'model_co-versioning_registry': {'enabled': False, 'params': {}}, 'multi-task_model_trainer': {'enabled': False, 'params': {}}, 'heterogeneous_data_handler': {'enabled': True, 'params': {'enabled_clients': []}}}
{'client_selector': {'enabled': True}, 'client_cluster': {'enabled': False}, 'message_compressor': {'enabled': True}, 'model_co-versioning_registry': {'enabled': False}, 'multi-task_model_trainer': {'enabled': False}, 'heterogeneous_data_handler': {'enabled': False, 'params': {'enabled_clients': ['Client 1', 'Client 3', 'Client 4', 'Client 6']}}, 'client_registry': {'enabled': True, 'params': {}}}
val_f1=0.4296822330864046, client_selector de-activated ❌
time=118.6707820892334, message_compressor activated ✅
No client has jsd above 0.1, heterogeneous_data_handler de-activated ❌
Local parameters compressed: reduced 17879 bytes (7.19%)
Local parameters compressed: reduced 17830 bytes (7.18%)
Local parameters compressed: reduced 17775 bytes (7.15%)
Local parameters compressed: reduced 17755 bytes (7.14%)
Local parameters compressed: reduced 17830 bytes (7.18%)
Local parameters compressed: reduced 17778 bytes (7.15%)
Results Aggregated in 112.11 seconds.
{'CNN 64k': {'train_loss': [1.1672510616501173, 1.4502552799860637, 1.3252371435957186, 1.2377278535553782, 1.1968677620590604, 1.0656210533199888, 1.0640755099810086, 0.9799089563263788, 0.9015610823425592, 0.8141564189592997, 0.8942103910052587, 0.8759700512568156, 0.9171762440070128, 0.7479060923042298], 'train_accuracy': [0.5792, 0.47017777777777775, 0.48658353721095415, 0.5465189176366932, 0.5490157863964139, 0.6243151515151515, 0.6114974358974359, 0.6443377777777778, 0.6849725490196078, 0.7155368421052631, 0.6791238095238096, 0.6873, 0.6733025641025641, 0.7351893333333334], 'train_f1': [0.11120626284057862, 0.1641719398312799, 0.2648656194611045, 0.2808897127996733, 0.33761948303425965, 0.3651955745208686, 0.4442661417223903, 0.445402491928503, 0.4676936004893208, 0.5308104509019602, 0.5610486511778697, 0.5689186052342141, 0.579986374255197, 0.6354978402759349], 'train_mae': [1.9985333333333333, 1.8384, 1.906301791492384, 1.5594469577593657, 1.6327226661469498, 1.2807757575757577, 1.3903897435897437, 1.3167822222222223, 1.2312549019607844, 1.169298245614035, 1.252463492063492, 1.0393, 0.940502564102564, 1.0005973333333333], 'val_loss': [4.110746268208822, 3.525742743343777, 3.2062896363787847, 2.7333080986765474, 2.5903068965162364, 2.482713933540113, 2.251676346001258, 2.396408190583123, 2.2641600621803133, 2.0950902147761563, 1.9952248112390911, 1.9682001439412435, 2.056240046437581, 1.79103370556132], 'val_accuracy': [0.11533333333333333, 0.1683111111111111, 0.219361609186331, 0.2571567325776445, 0.2903436537711947, 0.3179848484848485, 0.3892538461538462, 0.3836888888888889, 0.3962392156862745, 0.43813859649122805, 0.46605555555555556, 0.47096666666666664, 0.4631, 0.5031653333333334], 'val_f1': [0.030192005642997833, 0.0774769175041234, 0.12156510263315086, 0.1704679117211054, 0.20612334757678866, 0.24022967746596907, 0.32768007571319974, 0.31701289954402245, 0.33557250249152537, 0.3846818431943274, 0.42110412545538894, 0.4299922210218608, 0.4296822330864046, 0.47113229950943497], 'val_mae': [3.5439333333333334, 3.121488888888889, 2.9998921415042226, 2.749694542435487, 2.5775541025141298, 2.4797939393939394, 2.309123076923077, 2.298626666666667, 2.2532823529411763, 2.1919543859649124, 1.9262428571428571, 1.8191666666666666, 2.007, 1.786628], 'jsd': [(0, 0, 0, 0, 0, 0), (0.19113540902487702, 0.20054479022518473, 0.2813762840831547, 0.2572169598307446, 0.3023168068098654, 0.3351902248794443), (0.07954297451295819, 0.11451421666585927, 0.07163628800088137, 0.09835331904093322, 0.11234360842283975, 0.09207016693108414), (0.17815133380784837, 0.09508355820083111, 0.1615115568757869, 0.23861703526517533, 0.09515912230786674, 0.2101912043976799), (0, 0, 0, 0, 0, 0), (0, 0, 0, 0, 0, 0), (0, 0, 0, 0, 0, 0), (0, 0, 0, 0, 0, 0), (0, 0, 0, 0, 0, 0), (0, 0, 0, 0, 0, 0), (0, 0, 0, 0, 0, 0), (0, 0, 0, 0, 0, 0), (0, 0, 0, 0, 0, 0), (0, 0, 0, 0, 0, 0)]}}
AdaptationManager: Configuring next round...
{'client_registry': {'enabled': True, 'params': {}}, 'client_selector': {'enabled': True, 'params': {'selection_strategy': 'Resource-Based', 'selection_criteria': 'CPU', 'selection_value': 2}}, 'client_cluster': {'enabled': False, 'params': {}}, 'message_compressor': {'enabled': True, 'params': {}}, 'model_co-versioning_registry': {'enabled': False, 'params': {}}, 'multi-task_model_trainer': {'enabled': False, 'params': {}}, 'heterogeneous_data_handler': {'enabled': True, 'params': {'enabled_clients': []}}}
{'client_selector': {'enabled': False}, 'client_cluster': {'enabled': False}, 'message_compressor': {'enabled': True}, 'model_co-versioning_registry': {'enabled': False}, 'multi-task_model_trainer': {'enabled': False}, 'heterogeneous_data_handler': {'enabled': False, 'params': {'enabled_clients': ['Client 1', 'Client 3', 'Client 4', 'Client 6']}}, 'client_registry': {'enabled': True, 'params': {}}}
val_f1=0.47113229950943497, client_selector activated ✅
time=112.10965967178345, message_compressor activated ✅
No client has jsd above 0.1, heterogeneous_data_handler de-activated ❌
Client Client 2 participates in this round. (CPU: 2, RAM: 4)
Client Client 3 participates in this round. (CPU: 2, RAM: 4)
Client Client 4 has insufficient CPU (1). Will not participate in the next FL round.
Client Client 5 has insufficient CPU (1). Will not participate in the next FL round.
Client Client 6 has insufficient CPU (1). Will not participate in the next FL round.
Client Client 1 participates in this round. (CPU: 2, RAM: 4)
Local parameters compressed: reduced 17741 bytes (7.14%)
Local parameters compressed: reduced 17749 bytes (7.14%)
Local parameters compressed: reduced 17729 bytes (7.13%)
Results Aggregated in 122.26 seconds.
{'CNN 64k': {'train_loss': [1.1672510616501173, 1.4502552799860637, 1.3252371435957186, 1.2377278535553782, 1.1968677620590604, 1.0656210533199888, 1.0640755099810086, 0.9799089563263788, 0.9015610823425592, 0.8141564189592997, 0.8942103910052587, 0.8759700512568156, 0.9171762440070128, 0.7479060923042298, 0.7210924143600463], 'train_accuracy': [0.5792, 0.47017777777777775, 0.48658353721095415, 0.5465189176366932, 0.5490157863964139, 0.6243151515151515, 0.6114974358974359, 0.6443377777777778, 0.6849725490196078, 0.7155368421052631, 0.6791238095238096, 0.6873, 0.6733025641025641, 0.7351893333333334, 0.7472177777777778], 'train_f1': [0.11120626284057862, 0.1641719398312799, 0.2648656194611045, 0.2808897127996733, 0.33761948303425965, 0.3651955745208686, 0.4442661417223903, 0.445402491928503, 0.4676936004893208, 0.5308104509019602, 0.5610486511778697, 0.5689186052342141, 0.579986374255197, 0.6354978402759349, 0.6448396028508323], 'train_mae': [1.9985333333333333, 1.8384, 1.906301791492384, 1.5594469577593657, 1.6327226661469498, 1.2807757575757577, 1.3903897435897437, 1.3167822222222223, 1.2312549019607844, 1.169298245614035, 1.252463492063492, 1.0393, 0.940502564102564, 1.0005973333333333, 0.9571111111111111], 'val_loss': [4.110746268208822, 3.525742743343777, 3.2062896363787847, 2.7333080986765474, 2.5903068965162364, 2.482713933540113, 2.251676346001258, 2.396408190583123, 2.2641600621803133, 2.0950902147761563, 1.9952248112390911, 1.9682001439412435, 2.056240046437581, 1.79103370556132, 2.011399694697062], 'val_accuracy': [0.11533333333333333, 0.1683111111111111, 0.219361609186331, 0.2571567325776445, 0.2903436537711947, 0.3179848484848485, 0.3892538461538462, 0.3836888888888889, 0.3962392156862745, 0.43813859649122805, 0.46605555555555556, 0.47096666666666664, 0.4631, 0.5031653333333334, 0.5200333333333333], 'val_f1': [0.030192005642997833, 0.0774769175041234, 0.12156510263315086, 0.1704679117211054, 0.20612334757678866, 0.24022967746596907, 0.32768007571319974, 0.31701289954402245, 0.33557250249152537, 0.3846818431943274, 0.42110412545538894, 0.4299922210218608, 0.4296822330864046, 0.47113229950943497, 0.47246446047870533], 'val_mae': [3.5439333333333334, 3.121488888888889, 2.9998921415042226, 2.749694542435487, 2.5775541025141298, 2.4797939393939394, 2.309123076923077, 2.298626666666667, 2.2532823529411763, 2.1919543859649124, 1.9262428571428571, 1.8191666666666666, 2.007, 1.786628, 1.7316333333333334], 'jsd': [(0, 0, 0, 0, 0, 0), (0.19113540902487702, 0.20054479022518473, 0.2813762840831547, 0.2572169598307446, 0.3023168068098654, 0.3351902248794443), (0.07954297451295819, 0.11451421666585927, 0.07163628800088137, 0.09835331904093322, 0.11234360842283975, 0.09207016693108414), (0.17815133380784837, 0.09508355820083111, 0.1615115568757869, 0.23861703526517533, 0.09515912230786674, 0.2101912043976799), (0, 0, 0, 0, 0, 0), (0, 0, 0, 0, 0, 0), (0, 0, 0, 0, 0, 0), (0, 0, 0, 0, 0, 0), (0, 0, 0, 0, 0, 0), (0, 0, 0, 0, 0, 0), (0, 0, 0, 0, 0, 0), (0, 0, 0, 0, 0, 0), (0, 0, 0, 0, 0, 0), (0, 0, 0, 0, 0, 0), (0, 0, 0, 0, 0, 0)]}}
AdaptationManager: Configuring next round...
{'client_registry': {'enabled': True, 'params': {}}, 'client_selector': {'enabled': True, 'params': {'selection_strategy': 'Resource-Based', 'selection_criteria': 'CPU', 'selection_value': 2}}, 'client_cluster': {'enabled': False, 'params': {}}, 'message_compressor': {'enabled': True, 'params': {}}, 'model_co-versioning_registry': {'enabled': False, 'params': {}}, 'multi-task_model_trainer': {'enabled': False, 'params': {}}, 'heterogeneous_data_handler': {'enabled': True, 'params': {'enabled_clients': []}}}
{'client_selector': {'enabled': True}, 'client_cluster': {'enabled': False}, 'message_compressor': {'enabled': True}, 'model_co-versioning_registry': {'enabled': False}, 'multi-task_model_trainer': {'enabled': False}, 'heterogeneous_data_handler': {'enabled': False, 'params': {'enabled_clients': ['Client 1', 'Client 3', 'Client 4', 'Client 6']}}, 'client_registry': {'enabled': True, 'params': {}}}
val_f1=0.47246446047870533, client_selector activated ✅
time=122.25900769233704, message_compressor activated ✅
No client has jsd above 0.1, heterogeneous_data_handler de-activated ❌
Client Client 2 participates in this round. (CPU: 2, RAM: 4)
Client Client 5 has insufficient CPU (1). Will not participate in the next FL round.
Client Client 3 participates in this round. (CPU: 2, RAM: 4)
Client Client 1 participates in this round. (CPU: 2, RAM: 4)
Client Client 6 has insufficient CPU (1). Will not participate in the next FL round.
Client Client 4 has insufficient CPU (1). Will not participate in the next FL round.
Local parameters compressed: reduced 17596 bytes (7.08%)
Local parameters compressed: reduced 17651 bytes (7.10%)
Local parameters compressed: reduced 17675 bytes (7.11%)
Results Aggregated in 120.51 seconds.
{'CNN 64k': {'train_loss': [1.1672510616501173, 1.4502552799860637, 1.3252371435957186, 1.2377278535553782, 1.1968677620590604, 1.0656210533199888, 1.0640755099810086, 0.9799089563263788, 0.9015610823425592, 0.8141564189592997, 0.8942103910052587, 0.8759700512568156, 0.9171762440070128, 0.7479060923042298, 0.7210924143600463, 0.7364227018435796], 'train_accuracy': [0.5792, 0.47017777777777775, 0.48658353721095415, 0.5465189176366932, 0.5490157863964139, 0.6243151515151515, 0.6114974358974359, 0.6443377777777778, 0.6849725490196078, 0.7155368421052631, 0.6791238095238096, 0.6873, 0.6733025641025641, 0.7351893333333334, 0.7472177777777778, 0.7415], 'train_f1': [0.11120626284057862, 0.1641719398312799, 0.2648656194611045, 0.2808897127996733, 0.33761948303425965, 0.3651955745208686, 0.4442661417223903, 0.445402491928503, 0.4676936004893208, 0.5308104509019602, 0.5610486511778697, 0.5689186052342141, 0.579986374255197, 0.6354978402759349, 0.6448396028508323, 0.6454155706007921], 'train_mae': [1.9985333333333333, 1.8384, 1.906301791492384, 1.5594469577593657, 1.6327226661469498, 1.2807757575757577, 1.3903897435897437, 1.3167822222222223, 1.2312549019607844, 1.169298245614035, 1.252463492063492, 1.0393, 0.940502564102564, 1.0005973333333333, 0.9571111111111111, 0.6918166666666666], 'val_loss': [4.110746268208822, 3.525742743343777, 3.2062896363787847, 2.7333080986765474, 2.5903068965162364, 2.482713933540113, 2.251676346001258, 2.396408190583123, 2.2641600621803133, 2.0950902147761563, 1.9952248112390911, 1.9682001439412435, 2.056240046437581, 1.79103370556132, 2.011399694697062, 1.9139739776611329], 'val_accuracy': [0.11533333333333333, 0.1683111111111111, 0.219361609186331, 0.2571567325776445, 0.2903436537711947, 0.3179848484848485, 0.3892538461538462, 0.3836888888888889, 0.3962392156862745, 0.43813859649122805, 0.46605555555555556, 0.47096666666666664, 0.4631, 0.5031653333333334, 0.5200333333333333, 0.4927666666666667], 'val_f1': [0.030192005642997833, 0.0774769175041234, 0.12156510263315086, 0.1704679117211054, 0.20612334757678866, 0.24022967746596907, 0.32768007571319974, 0.31701289954402245, 0.33557250249152537, 0.3846818431943274, 0.42110412545538894, 0.4299922210218608, 0.4296822330864046, 0.47113229950943497, 0.47246446047870533, 0.45429558939797365], 'val_mae': [3.5439333333333334, 3.121488888888889, 2.9998921415042226, 2.749694542435487, 2.5775541025141298, 2.4797939393939394, 2.309123076923077, 2.298626666666667, 2.2532823529411763, 2.1919543859649124, 1.9262428571428571, 1.8191666666666666, 2.007, 1.786628, 1.7316333333333334, 1.9144], 'jsd': [(0, 0, 0, 0, 0, 0), (0.19113540902487702, 0.20054479022518473, 0.2813762840831547, 0.2572169598307446, 0.3023168068098654, 0.3351902248794443), (0.07954297451295819, 0.11451421666585927, 0.07163628800088137, 0.09835331904093322, 0.11234360842283975, 0.09207016693108414), (0.17815133380784837, 0.09508355820083111, 0.1615115568757869, 0.23861703526517533, 0.09515912230786674, 0.2101912043976799), (0, 0, 0, 0, 0, 0), (0, 0, 0, 0, 0, 0), (0, 0, 0, 0, 0, 0), (0, 0, 0, 0, 0, 0), (0, 0, 0, 0, 0, 0), (0, 0, 0, 0, 0, 0), (0, 0, 0, 0, 0, 0), (0, 0, 0, 0, 0, 0), (0, 0, 0, 0, 0, 0), (0, 0, 0, 0, 0, 0), (0, 0, 0, 0, 0, 0), (0, 0, 0, 0, 0, 0)]}}
AdaptationManager: Configuring next round...
{'client_registry': {'enabled': True, 'params': {}}, 'client_selector': {'enabled': True, 'params': {'selection_strategy': 'Resource-Based', 'selection_criteria': 'CPU', 'selection_value': 2}}, 'client_cluster': {'enabled': False, 'params': {}}, 'message_compressor': {'enabled': True, 'params': {}}, 'model_co-versioning_registry': {'enabled': False, 'params': {}}, 'multi-task_model_trainer': {'enabled': False, 'params': {}}, 'heterogeneous_data_handler': {'enabled': True, 'params': {'enabled_clients': []}}}
{'client_selector': {'enabled': True}, 'client_cluster': {'enabled': False}, 'message_compressor': {'enabled': True}, 'model_co-versioning_registry': {'enabled': False}, 'multi-task_model_trainer': {'enabled': False}, 'heterogeneous_data_handler': {'enabled': False, 'params': {'enabled_clients': ['Client 1', 'Client 3', 'Client 4', 'Client 6']}}, 'client_registry': {'enabled': True, 'params': {}}}
val_f1=0.45429558939797365, client_selector de-activated ❌
time=120.50867986679077, message_compressor activated ✅
No client has jsd above 0.1, heterogeneous_data_handler de-activated ❌
Local parameters compressed: reduced 17640 bytes (7.10%)
Local parameters compressed: reduced 17572 bytes (7.07%)
Local parameters compressed: reduced 17565 bytes (7.07%)
Local parameters compressed: reduced 17639 bytes (7.10%)
Local parameters compressed: reduced 17515 bytes (7.05%)
Local parameters compressed: reduced 17531 bytes (7.05%)
Results Aggregated in 130.90 seconds.
{'CNN 64k': {'train_loss': [1.1672510616501173, 1.4502552799860637, 1.3252371435957186, 1.2377278535553782, 1.1968677620590604, 1.0656210533199888, 1.0640755099810086, 0.9799089563263788, 0.9015610823425592, 0.8141564189592997, 0.8942103910052587, 0.8759700512568156, 0.9171762440070128, 0.7479060923042298, 0.7210924143600463, 0.7364227018435796, 0.6925657431955995], 'train_accuracy': [0.5792, 0.47017777777777775, 0.48658353721095415, 0.5465189176366932, 0.5490157863964139, 0.6243151515151515, 0.6114974358974359, 0.6443377777777778, 0.6849725490196078, 0.7155368421052631, 0.6791238095238096, 0.6873, 0.6733025641025641, 0.7351893333333334, 0.7472177777777778, 0.7415, 0.7565563218390805], 'train_f1': [0.11120626284057862, 0.1641719398312799, 0.2648656194611045, 0.2808897127996733, 0.33761948303425965, 0.3651955745208686, 0.4442661417223903, 0.445402491928503, 0.4676936004893208, 0.5308104509019602, 0.5610486511778697, 0.5689186052342141, 0.579986374255197, 0.6354978402759349, 0.6448396028508323, 0.6454155706007921, 0.6502826407094117], 'train_mae': [1.9985333333333333, 1.8384, 1.906301791492384, 1.5594469577593657, 1.6327226661469498, 1.2807757575757577, 1.3903897435897437, 1.3167822222222223, 1.2312549019607844, 1.169298245614035, 1.252463492063492, 1.0393, 0.940502564102564, 1.0005973333333333, 0.9571111111111111, 0.6918166666666666, 0.8037977011494253], 'val_loss': [4.110746268208822, 3.525742743343777, 3.2062896363787847, 2.7333080986765474, 2.5903068965162364, 2.482713933540113, 2.251676346001258, 2.396408190583123, 2.2641600621803133, 2.0950902147761563, 1.9952248112390911, 1.9682001439412435, 2.056240046437581, 1.79103370556132, 2.011399694697062, 1.9139739776611329, 1.998885636119185], 'val_accuracy': [0.11533333333333333, 0.1683111111111111, 0.219361609186331, 0.2571567325776445, 0.2903436537711947, 0.3179848484848485, 0.3892538461538462, 0.3836888888888889, 0.3962392156862745, 0.43813859649122805, 0.46605555555555556, 0.47096666666666664, 0.4631, 0.5031653333333334, 0.5200333333333333, 0.4927666666666667, 0.5060091954022988], 'val_f1': [0.030192005642997833, 0.0774769175041234, 0.12156510263315086, 0.1704679117211054, 0.20612334757678866, 0.24022967746596907, 0.32768007571319974, 0.31701289954402245, 0.33557250249152537, 0.3846818431943274, 0.42110412545538894, 0.4299922210218608, 0.4296822330864046, 0.47113229950943497, 0.47246446047870533, 0.45429558939797365, 0.46651799664581256], 'val_mae': [3.5439333333333334, 3.121488888888889, 2.9998921415042226, 2.749694542435487, 2.5775541025141298, 2.4797939393939394, 2.309123076923077, 2.298626666666667, 2.2532823529411763, 2.1919543859649124, 1.9262428571428571, 1.8191666666666666, 2.007, 1.786628, 1.7316333333333334, 1.9144, 1.7524298850574713], 'jsd': [(0, 0, 0, 0, 0, 0), (0.19113540902487702, 0.20054479022518473, 0.2813762840831547, 0.2572169598307446, 0.3023168068098654, 0.3351902248794443), (0.07954297451295819, 0.11451421666585927, 0.07163628800088137, 0.09835331904093322, 0.11234360842283975, 0.09207016693108414), (0.17815133380784837, 0.09508355820083111, 0.1615115568757869, 0.23861703526517533, 0.09515912230786674, 0.2101912043976799), (0, 0, 0, 0, 0, 0), (0, 0, 0, 0, 0, 0), (0, 0, 0, 0, 0, 0), (0, 0, 0, 0, 0, 0), (0, 0, 0, 0, 0, 0), (0, 0, 0, 0, 0, 0), (0, 0, 0, 0, 0, 0), (0, 0, 0, 0, 0, 0), (0, 0, 0, 0, 0, 0), (0, 0, 0, 0, 0, 0), (0, 0, 0, 0, 0, 0), (0, 0, 0, 0, 0, 0), (0, 0, 0, 0, 0, 0)]}}
AdaptationManager: Configuring next round...
{'client_registry': {'enabled': True, 'params': {}}, 'client_selector': {'enabled': True, 'params': {'selection_strategy': 'Resource-Based', 'selection_criteria': 'CPU', 'selection_value': 2}}, 'client_cluster': {'enabled': False, 'params': {}}, 'message_compressor': {'enabled': True, 'params': {}}, 'model_co-versioning_registry': {'enabled': False, 'params': {}}, 'multi-task_model_trainer': {'enabled': False, 'params': {}}, 'heterogeneous_data_handler': {'enabled': True, 'params': {'enabled_clients': []}}}
{'client_selector': {'enabled': False}, 'client_cluster': {'enabled': False}, 'message_compressor': {'enabled': True}, 'model_co-versioning_registry': {'enabled': False}, 'multi-task_model_trainer': {'enabled': False}, 'heterogeneous_data_handler': {'enabled': False, 'params': {'enabled_clients': ['Client 1', 'Client 3', 'Client 4', 'Client 6']}}, 'client_registry': {'enabled': True, 'params': {}}}
val_f1=0.46651799664581256, client_selector activated ✅
time=130.90085315704346, message_compressor activated ✅
No client has jsd above 0.1, heterogeneous_data_handler de-activated ❌
Client Client 2 participates in this round. (CPU: 2, RAM: 4)
Client Client 5 has insufficient CPU (1). Will not participate in the next FL round.
Client Client 6 has insufficient CPU (1). Will not participate in the next FL round.
Client Client 3 participates in this round. (CPU: 2, RAM: 4)
Client Client 1 participates in this round. (CPU: 2, RAM: 4)
Client Client 4 has insufficient CPU (1). Will not participate in the next FL round.
Local parameters compressed: reduced 17443 bytes (7.02%)
Local parameters compressed: reduced 17519 bytes (7.05%)
Local parameters compressed: reduced 17475 bytes (7.03%)
Results Aggregated in 135.63 seconds.
{'CNN 64k': {'train_loss': [1.1672510616501173, 1.4502552799860637, 1.3252371435957186, 1.2377278535553782, 1.1968677620590604, 1.0656210533199888, 1.0640755099810086, 0.9799089563263788, 0.9015610823425592, 0.8141564189592997, 0.8942103910052587, 0.8759700512568156, 0.9171762440070128, 0.7479060923042298, 0.7210924143600463, 0.7364227018435796, 0.6925657431955995, 0.7573316931371336], 'train_accuracy': [0.5792, 0.47017777777777775, 0.48658353721095415, 0.5465189176366932, 0.5490157863964139, 0.6243151515151515, 0.6114974358974359, 0.6443377777777778, 0.6849725490196078, 0.7155368421052631, 0.6791238095238096, 0.6873, 0.6733025641025641, 0.7351893333333334, 0.7472177777777778, 0.7415, 0.7565563218390805, 0.7283111111111111], 'train_f1': [0.11120626284057862, 0.1641719398312799, 0.2648656194611045, 0.2808897127996733, 0.33761948303425965, 0.3651955745208686, 0.4442661417223903, 0.445402491928503, 0.4676936004893208, 0.5308104509019602, 0.5610486511778697, 0.5689186052342141, 0.579986374255197, 0.6354978402759349, 0.6448396028508323, 0.6454155706007921, 0.6502826407094117, 0.6928937069218448], 'train_mae': [1.9985333333333333, 1.8384, 1.906301791492384, 1.5594469577593657, 1.6327226661469498, 1.2807757575757577, 1.3903897435897437, 1.3167822222222223, 1.2312549019607844, 1.169298245614035, 1.252463492063492, 1.0393, 0.940502564102564, 1.0005973333333333, 0.9571111111111111, 0.6918166666666666, 0.8037977011494253, 0.8928518518518519], 'val_loss': [4.110746268208822, 3.525742743343777, 3.2062896363787847, 2.7333080986765474, 2.5903068965162364, 2.482713933540113, 2.251676346001258, 2.396408190583123, 2.2641600621803133, 2.0950902147761563, 1.9952248112390911, 1.9682001439412435, 2.056240046437581, 1.79103370556132, 2.011399694697062, 1.9139739776611329, 1.998885636119185, 1.7584902434031169], 'val_accuracy': [0.11533333333333333, 0.1683111111111111, 0.219361609186331, 0.2571567325776445, 0.2903436537711947, 0.3179848484848485, 0.3892538461538462, 0.3836888888888889, 0.3962392156862745, 0.43813859649122805, 0.46605555555555556, 0.47096666666666664, 0.4631, 0.5031653333333334, 0.5200333333333333, 0.4927666666666667, 0.5060091954022988, 0.5475], 'val_f1': [0.030192005642997833, 0.0774769175041234, 0.12156510263315086, 0.1704679117211054, 0.20612334757678866, 0.24022967746596907, 0.32768007571319974, 0.31701289954402245, 0.33557250249152537, 0.3846818431943274, 0.42110412545538894, 0.4299922210218608, 0.4296822330864046, 0.47113229950943497, 0.47246446047870533, 0.45429558939797365, 0.46651799664581256, 0.5202481661851309], 'val_mae': [3.5439333333333334, 3.121488888888889, 2.9998921415042226, 2.749694542435487, 2.5775541025141298, 2.4797939393939394, 2.309123076923077, 2.298626666666667, 2.2532823529411763, 2.1919543859649124, 1.9262428571428571, 1.8191666666666666, 2.007, 1.786628, 1.7316333333333334, 1.9144, 1.7524298850574713, 1.5758333333333334], 'jsd': [(0, 0, 0, 0, 0, 0), (0.19113540902487702, 0.20054479022518473, 0.2813762840831547, 0.2572169598307446, 0.3023168068098654, 0.3351902248794443), (0.07954297451295819, 0.11451421666585927, 0.07163628800088137, 0.09835331904093322, 0.11234360842283975, 0.09207016693108414), (0.17815133380784837, 0.09508355820083111, 0.1615115568757869, 0.23861703526517533, 0.09515912230786674, 0.2101912043976799), (0, 0, 0, 0, 0, 0), (0, 0, 0, 0, 0, 0), (0, 0, 0, 0, 0, 0), (0, 0, 0, 0, 0, 0), (0, 0, 0, 0, 0, 0), (0, 0, 0, 0, 0, 0), (0, 0, 0, 0, 0, 0), (0, 0, 0, 0, 0, 0), (0, 0, 0, 0, 0, 0), (0, 0, 0, 0, 0, 0), (0, 0, 0, 0, 0, 0), (0, 0, 0, 0, 0, 0), (0, 0, 0, 0, 0, 0), (0, 0, 0, 0, 0, 0)]}}
AdaptationManager: Configuring next round...
{'client_registry': {'enabled': True, 'params': {}}, 'client_selector': {'enabled': True, 'params': {'selection_strategy': 'Resource-Based', 'selection_criteria': 'CPU', 'selection_value': 2}}, 'client_cluster': {'enabled': False, 'params': {}}, 'message_compressor': {'enabled': True, 'params': {}}, 'model_co-versioning_registry': {'enabled': False, 'params': {}}, 'multi-task_model_trainer': {'enabled': False, 'params': {}}, 'heterogeneous_data_handler': {'enabled': True, 'params': {'enabled_clients': []}}}
{'client_selector': {'enabled': True}, 'client_cluster': {'enabled': False}, 'message_compressor': {'enabled': True}, 'model_co-versioning_registry': {'enabled': False}, 'multi-task_model_trainer': {'enabled': False}, 'heterogeneous_data_handler': {'enabled': False, 'params': {'enabled_clients': ['Client 1', 'Client 3', 'Client 4', 'Client 6']}}, 'client_registry': {'enabled': True, 'params': {}}}
val_f1=0.5202481661851309, client_selector activated ✅
time=135.62810015678406, message_compressor activated ✅
No client has jsd above 0.1, heterogeneous_data_handler de-activated ❌
Client Client 6 has insufficient CPU (1). Will not participate in the next FL round.
Client Client 2 participates in this round. (CPU: 2, RAM: 4)
Client Client 3 participates in this round. (CPU: 2, RAM: 4)
Client Client 5 has insufficient CPU (1). Will not participate in the next FL round.
Client Client 1 participates in this round. (CPU: 2, RAM: 4)
Client Client 4 has insufficient CPU (1). Will not participate in the next FL round.
Local parameters compressed: reduced 17354 bytes (6.98%)
Local parameters compressed: reduced 17411 bytes (7.01%)
Local parameters compressed: reduced 17406 bytes (7.00%)
Results Aggregated in 141.15 seconds.
{'CNN 64k': {'train_loss': [1.1672510616501173, 1.4502552799860637, 1.3252371435957186, 1.2377278535553782, 1.1968677620590604, 1.0656210533199888, 1.0640755099810086, 0.9799089563263788, 0.9015610823425592, 0.8141564189592997, 0.8942103910052587, 0.8759700512568156, 0.9171762440070128, 0.7479060923042298, 0.7210924143600463, 0.7364227018435796, 0.6925657431955995, 0.7573316931371336, 0.676215932122448], 'train_accuracy': [0.5792, 0.47017777777777775, 0.48658353721095415, 0.5465189176366932, 0.5490157863964139, 0.6243151515151515, 0.6114974358974359, 0.6443377777777778, 0.6849725490196078, 0.7155368421052631, 0.6791238095238096, 0.6873, 0.6733025641025641, 0.7351893333333334, 0.7472177777777778, 0.7415, 0.7565563218390805, 0.7283111111111111, 0.7583017543859649], 'train_f1': [0.11120626284057862, 0.1641719398312799, 0.2648656194611045, 0.2808897127996733, 0.33761948303425965, 0.3651955745208686, 0.4442661417223903, 0.445402491928503, 0.4676936004893208, 0.5308104509019602, 0.5610486511778697, 0.5689186052342141, 0.579986374255197, 0.6354978402759349, 0.6448396028508323, 0.6454155706007921, 0.6502826407094117, 0.6928937069218448, 0.6935746161908712], 'train_mae': [1.9985333333333333, 1.8384, 1.906301791492384, 1.5594469577593657, 1.6327226661469498, 1.2807757575757577, 1.3903897435897437, 1.3167822222222223, 1.2312549019607844, 1.169298245614035, 1.252463492063492, 1.0393, 0.940502564102564, 1.0005973333333333, 0.9571111111111111, 0.6918166666666666, 0.8037977011494253, 0.8928518518518519, 0.7425894736842106], 'val_loss': [4.110746268208822, 3.525742743343777, 3.2062896363787847, 2.7333080986765474, 2.5903068965162364, 2.482713933540113, 2.251676346001258, 2.396408190583123, 2.2641600621803133, 2.0950902147761563, 1.9952248112390911, 1.9682001439412435, 2.056240046437581, 1.79103370556132, 2.011399694697062, 1.9139739776611329, 1.998885636119185, 1.7584902434031169, 1.806591747824351], 'val_accuracy': [0.11533333333333333, 0.1683111111111111, 0.219361609186331, 0.2571567325776445, 0.2903436537711947, 0.3179848484848485, 0.3892538461538462, 0.3836888888888889, 0.3962392156862745, 0.43813859649122805, 0.46605555555555556, 0.47096666666666664, 0.4631, 0.5031653333333334, 0.5200333333333333, 0.4927666666666667, 0.5060091954022988, 0.5475, 0.5265666666666666], 'val_f1': [0.030192005642997833, 0.0774769175041234, 0.12156510263315086, 0.1704679117211054, 0.20612334757678866, 0.24022967746596907, 0.32768007571319974, 0.31701289954402245, 0.33557250249152537, 0.3846818431943274, 0.42110412545538894, 0.4299922210218608, 0.4296822330864046, 0.47113229950943497, 0.47246446047870533, 0.45429558939797365, 0.46651799664581256, 0.5202481661851309, 0.48964445258223793], 'val_mae': [3.5439333333333334, 3.121488888888889, 2.9998921415042226, 2.749694542435487, 2.5775541025141298, 2.4797939393939394, 2.309123076923077, 2.298626666666667, 2.2532823529411763, 2.1919543859649124, 1.9262428571428571, 1.8191666666666666, 2.007, 1.786628, 1.7316333333333334, 1.9144, 1.7524298850574713, 1.5758333333333334, 1.7229], 'jsd': [(0, 0, 0, 0, 0, 0), (0.19113540902487702, 0.20054479022518473, 0.2813762840831547, 0.2572169598307446, 0.3023168068098654, 0.3351902248794443), (0.07954297451295819, 0.11451421666585927, 0.07163628800088137, 0.09835331904093322, 0.11234360842283975, 0.09207016693108414), (0.17815133380784837, 0.09508355820083111, 0.1615115568757869, 0.23861703526517533, 0.09515912230786674, 0.2101912043976799), (0, 0, 0, 0, 0, 0), (0, 0, 0, 0, 0, 0), (0, 0, 0, 0, 0, 0), (0, 0, 0, 0, 0, 0), (0, 0, 0, 0, 0, 0), (0, 0, 0, 0, 0, 0), (0, 0, 0, 0, 0, 0), (0, 0, 0, 0, 0, 0), (0, 0, 0, 0, 0, 0), (0, 0, 0, 0, 0, 0), (0, 0, 0, 0, 0, 0), (0, 0, 0, 0, 0, 0), (0, 0, 0, 0, 0, 0), (0, 0, 0, 0, 0, 0), (0, 0, 0, 0, 0, 0)]}}
AdaptationManager: Configuring next round...
{'client_registry': {'enabled': True, 'params': {}}, 'client_selector': {'enabled': True, 'params': {'selection_strategy': 'Resource-Based', 'selection_criteria': 'CPU', 'selection_value': 2}}, 'client_cluster': {'enabled': False, 'params': {}}, 'message_compressor': {'enabled': True, 'params': {}}, 'model_co-versioning_registry': {'enabled': False, 'params': {}}, 'multi-task_model_trainer': {'enabled': False, 'params': {}}, 'heterogeneous_data_handler': {'enabled': True, 'params': {'enabled_clients': []}}}
{'client_selector': {'enabled': True}, 'client_cluster': {'enabled': False}, 'message_compressor': {'enabled': True}, 'model_co-versioning_registry': {'enabled': False}, 'multi-task_model_trainer': {'enabled': False}, 'heterogeneous_data_handler': {'enabled': False, 'params': {'enabled_clients': ['Client 1', 'Client 3', 'Client 4', 'Client 6']}}, 'client_registry': {'enabled': True, 'params': {}}}
val_f1=0.48964445258223793, client_selector de-activated ❌
time=141.15330982208252, message_compressor activated ✅
No client has jsd above 0.1, heterogeneous_data_handler de-activated ❌
Local parameters compressed: reduced 17345 bytes (6.98%)
Local parameters compressed: reduced 17334 bytes (6.98%)
Local parameters compressed: reduced 17330 bytes (6.97%)
Local parameters compressed: reduced 17262 bytes (6.95%)
Local parameters compressed: reduced 17337 bytes (6.98%)
Local parameters compressed: reduced 17317 bytes (6.97%)
Results Aggregated in 143.21 seconds.
{'CNN 64k': {'train_loss': [1.1672510616501173, 1.4502552799860637, 1.3252371435957186, 1.2377278535553782, 1.1968677620590604, 1.0656210533199888, 1.0640755099810086, 0.9799089563263788, 0.9015610823425592, 0.8141564189592997, 0.8942103910052587, 0.8759700512568156, 0.9171762440070128, 0.7479060923042298, 0.7210924143600463, 0.7364227018435796, 0.6925657431955995, 0.7573316931371336, 0.676215932122448, 0.6260306895554668], 'train_accuracy': [0.5792, 0.47017777777777775, 0.48658353721095415, 0.5465189176366932, 0.5490157863964139, 0.6243151515151515, 0.6114974358974359, 0.6443377777777778, 0.6849725490196078, 0.7155368421052631, 0.6791238095238096, 0.6873, 0.6733025641025641, 0.7351893333333334, 0.7472177777777778, 0.7415, 0.7565563218390805, 0.7283111111111111, 0.7583017543859649, 0.7778343434343434], 'train_f1': [0.11120626284057862, 0.1641719398312799, 0.2648656194611045, 0.2808897127996733, 0.33761948303425965, 0.3651955745208686, 0.4442661417223903, 0.445402491928503, 0.4676936004893208, 0.5308104509019602, 0.5610486511778697, 0.5689186052342141, 0.579986374255197, 0.6354978402759349, 0.6448396028508323, 0.6454155706007921, 0.6502826407094117, 0.6928937069218448, 0.6935746161908712, 0.7035377345969233], 'train_mae': [1.9985333333333333, 1.8384, 1.906301791492384, 1.5594469577593657, 1.6327226661469498, 1.2807757575757577, 1.3903897435897437, 1.3167822222222223, 1.2312549019607844, 1.169298245614035, 1.252463492063492, 1.0393, 0.940502564102564, 1.0005973333333333, 0.9571111111111111, 0.6918166666666666, 0.8037977011494253, 0.8928518518518519, 0.7425894736842106, 0.7727272727272727], 'val_loss': [4.110746268208822, 3.525742743343777, 3.2062896363787847, 2.7333080986765474, 2.5903068965162364, 2.482713933540113, 2.251676346001258, 2.396408190583123, 2.2641600621803133, 2.0950902147761563, 1.9952248112390911, 1.9682001439412435, 2.056240046437581, 1.79103370556132, 2.011399694697062, 1.9139739776611329, 1.998885636119185, 1.7584902434031169, 1.806591747824351, 1.9145573660513366], 'val_accuracy': [0.11533333333333333, 0.1683111111111111, 0.219361609186331, 0.2571567325776445, 0.2903436537711947, 0.3179848484848485, 0.3892538461538462, 0.3836888888888889, 0.3962392156862745, 0.43813859649122805, 0.46605555555555556, 0.47096666666666664, 0.4631, 0.5031653333333334, 0.5200333333333333, 0.4927666666666667, 0.5060091954022988, 0.5475, 0.5265666666666666, 0.5372606060606061], 'val_f1': [0.030192005642997833, 0.0774769175041234, 0.12156510263315086, 0.1704679117211054, 0.20612334757678866, 0.24022967746596907, 0.32768007571319974, 0.31701289954402245, 0.33557250249152537, 0.3846818431943274, 0.42110412545538894, 0.4299922210218608, 0.4296822330864046, 0.47113229950943497, 0.47246446047870533, 0.45429558939797365, 0.46651799664581256, 0.5202481661851309, 0.48964445258223793, 0.4977641006978254], 'val_mae': [3.5439333333333334, 3.121488888888889, 2.9998921415042226, 2.749694542435487, 2.5775541025141298, 2.4797939393939394, 2.309123076923077, 2.298626666666667, 2.2532823529411763, 2.1919543859649124, 1.9262428571428571, 1.8191666666666666, 2.007, 1.786628, 1.7316333333333334, 1.9144, 1.7524298850574713, 1.5758333333333334, 1.7229, 1.623008080808081], 'jsd': [(0, 0, 0, 0, 0, 0), (0.19113540902487702, 0.20054479022518473, 0.2813762840831547, 0.2572169598307446, 0.3023168068098654, 0.3351902248794443), (0.07954297451295819, 0.11451421666585927, 0.07163628800088137, 0.09835331904093322, 0.11234360842283975, 0.09207016693108414), (0.17815133380784837, 0.09508355820083111, 0.1615115568757869, 0.23861703526517533, 0.09515912230786674, 0.2101912043976799), (0, 0, 0, 0, 0, 0), (0, 0, 0, 0, 0, 0), (0, 0, 0, 0, 0, 0), (0, 0, 0, 0, 0, 0), (0, 0, 0, 0, 0, 0), (0, 0, 0, 0, 0, 0), (0, 0, 0, 0, 0, 0), (0, 0, 0, 0, 0, 0), (0, 0, 0, 0, 0, 0), (0, 0, 0, 0, 0, 0), (0, 0, 0, 0, 0, 0), (0, 0, 0, 0, 0, 0), (0, 0, 0, 0, 0, 0), (0, 0, 0, 0, 0, 0), (0, 0, 0, 0, 0, 0), (0, 0, 0, 0, 0, 0)]}}
AdaptationManager: Configuring next round...
{'client_registry': {'enabled': True, 'params': {}}, 'client_selector': {'enabled': True, 'params': {'selection_strategy': 'Resource-Based', 'selection_criteria': 'CPU', 'selection_value': 2}}, 'client_cluster': {'enabled': False, 'params': {}}, 'message_compressor': {'enabled': True, 'params': {}}, 'model_co-versioning_registry': {'enabled': False, 'params': {}}, 'multi-task_model_trainer': {'enabled': False, 'params': {}}, 'heterogeneous_data_handler': {'enabled': True, 'params': {'enabled_clients': []}}}
{'client_selector': {'enabled': False}, 'client_cluster': {'enabled': False}, 'message_compressor': {'enabled': True}, 'model_co-versioning_registry': {'enabled': False}, 'multi-task_model_trainer': {'enabled': False}, 'heterogeneous_data_handler': {'enabled': False, 'params': {'enabled_clients': ['Client 1', 'Client 3', 'Client 4', 'Client 6']}}, 'client_registry': {'enabled': True, 'params': {}}}
val_f1=0.4977641006978254, client_selector activated ✅
time=143.2090015411377, message_compressor activated ✅
No client has jsd above 0.1, heterogeneous_data_handler de-activated ❌
