==========================================
  ___  ______  ___ ______       _ 
 / _ \ | ___ \/   ||  ___|     | |
/ /_\ \| |_/ / /| || |_ ___  __| |
|  _  ||  __/ /_| ||  _/ _ \/ _` |
| | | || |  \___  || ||  __/ (_| |
\_| |_/\_|      |_/\_| \___|\__,_| v.1.5.0

==========================================
Simulation Started!
List of the Architectural Patterns enabled:
Adaptation Enabled ✅
Metric: val_f1, predictor-based: predictors/f1overtime_tree_compressor_5320.pkl
Client Registry ✅
Message Compressor ✅
==========================================
Local parameters compressed: reduced 4825 bytes (7.54%)
Local parameters compressed: reduced 4835 bytes (7.55%)
Local parameters compressed: reduced 4862 bytes (7.60%)
Local parameters compressed: reduced 4852 bytes (7.58%)
Local parameters compressed: reduced 4892 bytes (7.64%)
Local parameters compressed: reduced 4831 bytes (7.55%)
Results Aggregated in 114.18 seconds.
{'CNN 16k': {'train_loss': [1.347776275138855], 'train_accuracy': [0.50698], 'train_f1': [0.3716662051698453], 'train_mae': [1.85051], 'val_loss': [3.053207763226827], 'val_accuracy': [0.34413333333333335], 'val_f1': [0.2772167090925628], 'val_mae': [2.3716833333333334], 'jsd': [(0, 0, 0, 0, 0, 0)]}}
AdaptationManager: Configuring next round...
{'client_registry': {'enabled': True, 'params': {}}, 'client_selector': {'enabled': False, 'params': {}}, 'client_cluster': {'enabled': False, 'params': {}}, 'message_compressor': {'enabled': True, 'params': {}}, 'model_co-versioning_registry': {'enabled': False, 'params': {}}, 'multi-task_model_trainer': {'enabled': False, 'params': {}}, 'heterogeneous_data_handler': {'enabled': False, 'params': {}}}
{'client_selector': {'enabled': False}, 'client_cluster': {'enabled': False}, 'message_compressor': {'enabled': True}, 'model_co-versioning_registry': {'enabled': False}, 'multi-task_model_trainer': {'enabled': False}, 'heterogeneous_data_handler': {'enabled': False}, 'client_registry': {'enabled': True, 'params': {}}}
0.0-iid clients, predicted wo:78.3100 vs w:68.3368, message_compressor activated ✅
Local parameters compressed: reduced 4829 bytes (7.54%)
Local parameters compressed: reduced 4832 bytes (7.55%)
Local parameters compressed: reduced 4816 bytes (7.52%)
Local parameters compressed: reduced 4818 bytes (7.53%)
Local parameters compressed: reduced 4842 bytes (7.56%)
Local parameters compressed: reduced 4815 bytes (7.52%)
Results Aggregated in 69.73 seconds.
{'CNN 16k': {'train_loss': [1.347776275138855, 1.2285828348096213], 'train_accuracy': [0.50698, 0.55122], 'train_f1': [0.3716662051698453, 0.42413965500364836], 'train_mae': [1.85051, 1.7031666666666667], 'val_loss': [3.053207763226827, 2.6622135618845624], 'val_accuracy': [0.34413333333333335, 0.3802833333333333], 'val_f1': [0.2772167090925628, 0.31721597310312216], 'val_mae': [2.3716833333333334, 2.2788833333333334], 'jsd': [(0, 0, 0, 0, 0, 0), (0, 0, 0, 0, 0, 0)]}}
AdaptationManager: Configuring next round...
{'client_registry': {'enabled': True, 'params': {}}, 'client_selector': {'enabled': False, 'params': {}}, 'client_cluster': {'enabled': False, 'params': {}}, 'message_compressor': {'enabled': True, 'params': {}}, 'model_co-versioning_registry': {'enabled': False, 'params': {}}, 'multi-task_model_trainer': {'enabled': False, 'params': {}}, 'heterogeneous_data_handler': {'enabled': False, 'params': {}}}
{'client_selector': {'enabled': False}, 'client_cluster': {'enabled': False}, 'message_compressor': {'enabled': True}, 'model_co-versioning_registry': {'enabled': False}, 'multi-task_model_trainer': {'enabled': False}, 'heterogeneous_data_handler': {'enabled': False}, 'client_registry': {'enabled': True, 'params': {}}}
0.0-iid clients, predicted wo:84.2367 vs w:67.0439, message_compressor activated ✅
Local parameters compressed: reduced 4745 bytes (7.41%)
Local parameters compressed: reduced 4748 bytes (7.42%)
Local parameters compressed: reduced 4758 bytes (7.43%)
Local parameters compressed: reduced 4761 bytes (7.44%)
Local parameters compressed: reduced 4791 bytes (7.49%)
Local parameters compressed: reduced 4805 bytes (7.51%)
Results Aggregated in 68.01 seconds.
{'CNN 16k': {'train_loss': [1.347776275138855, 1.2285828348096213, 1.1474461057758332], 'train_accuracy': [0.50698, 0.55122, 0.58216], 'train_f1': [0.3716662051698453, 0.42413965500364836, 0.4597744989751991], 'train_mae': [1.85051, 1.7031666666666667, 1.5981966666666667], 'val_loss': [3.053207763226827, 2.6622135618845624, 2.4704317204793296], 'val_accuracy': [0.34413333333333335, 0.3802833333333333, 0.40773333333333334], 'val_f1': [0.2772167090925628, 0.31721597310312216, 0.3450584690485195], 'val_mae': [2.3716833333333334, 2.2788833333333334, 2.1882333333333333], 'jsd': [(0, 0, 0, 0, 0, 0), (0, 0, 0, 0, 0, 0), (0, 0, 0, 0, 0, 0)]}}
AdaptationManager: Configuring next round...
{'client_registry': {'enabled': True, 'params': {}}, 'client_selector': {'enabled': False, 'params': {}}, 'client_cluster': {'enabled': False, 'params': {}}, 'message_compressor': {'enabled': True, 'params': {}}, 'model_co-versioning_registry': {'enabled': False, 'params': {}}, 'multi-task_model_trainer': {'enabled': False, 'params': {}}, 'heterogeneous_data_handler': {'enabled': False, 'params': {}}}
{'client_selector': {'enabled': False}, 'client_cluster': {'enabled': False}, 'message_compressor': {'enabled': True}, 'model_co-versioning_registry': {'enabled': False}, 'multi-task_model_trainer': {'enabled': False}, 'heterogeneous_data_handler': {'enabled': False}, 'client_registry': {'enabled': True, 'params': {}}}
0.0-iid clients, predicted wo:85.2356 vs w:72.2556, message_compressor activated ✅
Local parameters compressed: reduced 4723 bytes (7.38%)
Local parameters compressed: reduced 4733 bytes (7.39%)
Local parameters compressed: reduced 4694 bytes (7.33%)
Local parameters compressed: reduced 4764 bytes (7.44%)
Local parameters compressed: reduced 4750 bytes (7.42%)
Local parameters compressed: reduced 4738 bytes (7.40%)
Results Aggregated in 71.85 seconds.
{'CNN 16k': {'train_loss': [1.347776275138855, 1.2285828348096213, 1.1474461057758332, 1.0957535506916045], 'train_accuracy': [0.50698, 0.55122, 0.58216, 0.60165], 'train_f1': [0.3716662051698453, 0.42413965500364836, 0.4597744989751991, 0.48579169305670084], 'train_mae': [1.85051, 1.7031666666666667, 1.5981966666666667, 1.4961133333333334], 'val_loss': [3.053207763226827, 2.6622135618845624, 2.4704317204793296, 2.347793008073171], 'val_accuracy': [0.34413333333333335, 0.3802833333333333, 0.40773333333333334, 0.41936666666666667], 'val_f1': [0.2772167090925628, 0.31721597310312216, 0.3450584690485195, 0.3622498169870354], 'val_mae': [2.3716833333333334, 2.2788833333333334, 2.1882333333333333, 2.087083333333333], 'jsd': [(0, 0, 0, 0, 0, 0), (0, 0, 0, 0, 0, 0), (0, 0, 0, 0, 0, 0), (0, 0, 0, 0, 0, 0)]}}
AdaptationManager: Configuring next round...
{'client_registry': {'enabled': True, 'params': {}}, 'client_selector': {'enabled': False, 'params': {}}, 'client_cluster': {'enabled': False, 'params': {}}, 'message_compressor': {'enabled': True, 'params': {}}, 'model_co-versioning_registry': {'enabled': False, 'params': {}}, 'multi-task_model_trainer': {'enabled': False, 'params': {}}, 'heterogeneous_data_handler': {'enabled': False, 'params': {}}}
{'client_selector': {'enabled': False}, 'client_cluster': {'enabled': False}, 'message_compressor': {'enabled': True}, 'model_co-versioning_registry': {'enabled': False}, 'multi-task_model_trainer': {'enabled': False}, 'heterogeneous_data_handler': {'enabled': False}, 'client_registry': {'enabled': True, 'params': {}}}
0.0-iid clients, predicted wo:88.8117 vs w:67.0439, message_compressor activated ✅
Local parameters compressed: reduced 4700 bytes (7.34%)
Local parameters compressed: reduced 4713 bytes (7.36%)
Local parameters compressed: reduced 4698 bytes (7.34%)
Local parameters compressed: reduced 4716 bytes (7.37%)
Local parameters compressed: reduced 4710 bytes (7.36%)
Local parameters compressed: reduced 4728 bytes (7.39%)
Results Aggregated in 70.55 seconds.
{'CNN 16k': {'train_loss': [1.347776275138855, 1.2285828348096213, 1.1474461057758332, 1.0957535506916045, 1.055255882994334], 'train_accuracy': [0.50698, 0.55122, 0.58216, 0.60165, 0.6168566666666667], 'train_f1': [0.3716662051698453, 0.42413965500364836, 0.4597744989751991, 0.48579169305670084, 0.501665972055825], 'train_mae': [1.85051, 1.7031666666666667, 1.5981966666666667, 1.4961133333333334, 1.4501433333333333], 'val_loss': [3.053207763226827, 2.6622135618845624, 2.4704317204793296, 2.347793008073171, 2.3536606868426007], 'val_accuracy': [0.34413333333333335, 0.3802833333333333, 0.40773333333333334, 0.41936666666666667, 0.42955], 'val_f1': [0.2772167090925628, 0.31721597310312216, 0.3450584690485195, 0.3622498169870354, 0.3738391390886905], 'val_mae': [2.3716833333333334, 2.2788833333333334, 2.1882333333333333, 2.087083333333333, 2.08695], 'jsd': [(0, 0, 0, 0, 0, 0), (0, 0, 0, 0, 0, 0), (0, 0, 0, 0, 0, 0), (0, 0, 0, 0, 0, 0), (0, 0, 0, 0, 0, 0)]}}
AdaptationManager: Configuring next round...
{'client_registry': {'enabled': True, 'params': {}}, 'client_selector': {'enabled': False, 'params': {}}, 'client_cluster': {'enabled': False, 'params': {}}, 'message_compressor': {'enabled': True, 'params': {}}, 'model_co-versioning_registry': {'enabled': False, 'params': {}}, 'multi-task_model_trainer': {'enabled': False, 'params': {}}, 'heterogeneous_data_handler': {'enabled': False, 'params': {}}}
{'client_selector': {'enabled': False}, 'client_cluster': {'enabled': False}, 'message_compressor': {'enabled': True}, 'model_co-versioning_registry': {'enabled': False}, 'multi-task_model_trainer': {'enabled': False}, 'heterogeneous_data_handler': {'enabled': False}, 'client_registry': {'enabled': True, 'params': {}}}
0.0-iid clients, predicted wo:83.9672 vs w:68.4988, message_compressor activated ✅
Local parameters compressed: reduced 4645 bytes (7.26%)
Local parameters compressed: reduced 4670 bytes (7.30%)
Local parameters compressed: reduced 4673 bytes (7.30%)
Local parameters compressed: reduced 4655 bytes (7.27%)
Local parameters compressed: reduced 4635 bytes (7.24%)
Local parameters compressed: reduced 4690 bytes (7.33%)
Results Aggregated in 69.25 seconds.
{'CNN 16k': {'train_loss': [1.347776275138855, 1.2285828348096213, 1.1474461057758332, 1.0957535506916045, 1.055255882994334, 1.017552096748352], 'train_accuracy': [0.50698, 0.55122, 0.58216, 0.60165, 0.6168566666666667, 0.63155], 'train_f1': [0.3716662051698453, 0.42413965500364836, 0.4597744989751991, 0.48579169305670084, 0.501665972055825, 0.5209523165377872], 'train_mae': [1.85051, 1.7031666666666667, 1.5981966666666667, 1.4961133333333334, 1.4501433333333333, 1.38333], 'val_loss': [3.053207763226827, 2.6622135618845624, 2.4704317204793296, 2.347793008073171, 2.3536606868426007, 2.2747998674710592], 'val_accuracy': [0.34413333333333335, 0.3802833333333333, 0.40773333333333334, 0.41936666666666667, 0.42955, 0.4453], 'val_f1': [0.2772167090925628, 0.31721597310312216, 0.3450584690485195, 0.3622498169870354, 0.3738391390886905, 0.3909573266488266], 'val_mae': [2.3716833333333334, 2.2788833333333334, 2.1882333333333333, 2.087083333333333, 2.08695, 2.0394833333333335], 'jsd': [(0, 0, 0, 0, 0, 0), (0, 0, 0, 0, 0, 0), (0, 0, 0, 0, 0, 0), (0, 0, 0, 0, 0, 0), (0, 0, 0, 0, 0, 0), (0, 0, 0, 0, 0, 0)]}}
AdaptationManager: Configuring next round...
{'client_registry': {'enabled': True, 'params': {}}, 'client_selector': {'enabled': False, 'params': {}}, 'client_cluster': {'enabled': False, 'params': {}}, 'message_compressor': {'enabled': True, 'params': {}}, 'model_co-versioning_registry': {'enabled': False, 'params': {}}, 'multi-task_model_trainer': {'enabled': False, 'params': {}}, 'heterogeneous_data_handler': {'enabled': False, 'params': {}}}
{'client_selector': {'enabled': False}, 'client_cluster': {'enabled': False}, 'message_compressor': {'enabled': True}, 'model_co-versioning_registry': {'enabled': False}, 'multi-task_model_trainer': {'enabled': False}, 'heterogeneous_data_handler': {'enabled': False}, 'client_registry': {'enabled': True, 'params': {}}}
0.0-iid clients, predicted wo:83.9672 vs w:68.4988, message_compressor activated ✅
Local parameters compressed: reduced 4647 bytes (7.26%)
Local parameters compressed: reduced 4661 bytes (7.28%)
Local parameters compressed: reduced 4648 bytes (7.26%)
Local parameters compressed: reduced 4655 bytes (7.27%)
Local parameters compressed: reduced 4688 bytes (7.32%)
Local parameters compressed: reduced 4627 bytes (7.23%)
Results Aggregated in 70.51 seconds.
{'CNN 16k': {'train_loss': [1.347776275138855, 1.2285828348096213, 1.1474461057758332, 1.0957535506916045, 1.055255882994334, 1.017552096748352, 0.9916122162628174], 'train_accuracy': [0.50698, 0.55122, 0.58216, 0.60165, 0.6168566666666667, 0.63155, 0.64156], 'train_f1': [0.3716662051698453, 0.42413965500364836, 0.4597744989751991, 0.48579169305670084, 0.501665972055825, 0.5209523165377872, 0.5280812457331039], 'train_mae': [1.85051, 1.7031666666666667, 1.5981966666666667, 1.4961133333333334, 1.4501433333333333, 1.38333, 1.3283733333333334], 'val_loss': [3.053207763226827, 2.6622135618845624, 2.4704317204793296, 2.347793008073171, 2.3536606868426007, 2.2747998674710592, 2.3120882402102154], 'val_accuracy': [0.34413333333333335, 0.3802833333333333, 0.40773333333333334, 0.41936666666666667, 0.42955, 0.4453, 0.44925], 'val_f1': [0.2772167090925628, 0.31721597310312216, 0.3450584690485195, 0.3622498169870354, 0.3738391390886905, 0.3909573266488266, 0.3908761638396471], 'val_mae': [2.3716833333333334, 2.2788833333333334, 2.1882333333333333, 2.087083333333333, 2.08695, 2.0394833333333335, 2.0105666666666666], 'jsd': [(0, 0, 0, 0, 0, 0), (0, 0, 0, 0, 0, 0), (0, 0, 0, 0, 0, 0), (0, 0, 0, 0, 0, 0), (0, 0, 0, 0, 0, 0), (0, 0, 0, 0, 0, 0), (0, 0, 0, 0, 0, 0)]}}
AdaptationManager: Configuring next round...
{'client_registry': {'enabled': True, 'params': {}}, 'client_selector': {'enabled': False, 'params': {}}, 'client_cluster': {'enabled': False, 'params': {}}, 'message_compressor': {'enabled': True, 'params': {}}, 'model_co-versioning_registry': {'enabled': False, 'params': {}}, 'multi-task_model_trainer': {'enabled': False, 'params': {}}, 'heterogeneous_data_handler': {'enabled': False, 'params': {}}}
{'client_selector': {'enabled': False}, 'client_cluster': {'enabled': False}, 'message_compressor': {'enabled': True}, 'model_co-versioning_registry': {'enabled': False}, 'multi-task_model_trainer': {'enabled': False}, 'heterogeneous_data_handler': {'enabled': False}, 'client_registry': {'enabled': True, 'params': {}}}
0.0-iid clients, predicted wo:83.9672 vs w:68.4988, message_compressor activated ✅
Local parameters compressed: reduced 4641 bytes (7.25%)
Local parameters compressed: reduced 4616 bytes (7.21%)
Local parameters compressed: reduced 4637 bytes (7.24%)
Local parameters compressed: reduced 4637 bytes (7.24%)
Local parameters compressed: reduced 4650 bytes (7.26%)
Local parameters compressed: reduced 4662 bytes (7.28%)
Results Aggregated in 68.10 seconds.
{'CNN 16k': {'train_loss': [1.347776275138855, 1.2285828348096213, 1.1474461057758332, 1.0957535506916045, 1.055255882994334, 1.017552096748352, 0.9916122162628174, 0.9711088581593832], 'train_accuracy': [0.50698, 0.55122, 0.58216, 0.60165, 0.6168566666666667, 0.63155, 0.64156, 0.6485066666666667], 'train_f1': [0.3716662051698453, 0.42413965500364836, 0.4597744989751991, 0.48579169305670084, 0.501665972055825, 0.5209523165377872, 0.5280812457331039, 0.5348034405239739], 'train_mae': [1.85051, 1.7031666666666667, 1.5981966666666667, 1.4961133333333334, 1.4501433333333333, 1.38333, 1.3283733333333334, 1.2894766666666666], 'val_loss': [3.053207763226827, 2.6622135618845624, 2.4704317204793296, 2.347793008073171, 2.3536606868426007, 2.2747998674710592, 2.3120882402102154, 2.2726394564628603], 'val_accuracy': [0.34413333333333335, 0.3802833333333333, 0.40773333333333334, 0.41936666666666667, 0.42955, 0.4453, 0.44925, 0.4486], 'val_f1': [0.2772167090925628, 0.31721597310312216, 0.3450584690485195, 0.3622498169870354, 0.3738391390886905, 0.3909573266488266, 0.3908761638396471, 0.39289630388781493], 'val_mae': [2.3716833333333334, 2.2788833333333334, 2.1882333333333333, 2.087083333333333, 2.08695, 2.0394833333333335, 2.0105666666666666, 2.0049], 'jsd': [(0, 0, 0, 0, 0, 0), (0, 0, 0, 0, 0, 0), (0, 0, 0, 0, 0, 0), (0, 0, 0, 0, 0, 0), (0, 0, 0, 0, 0, 0), (0, 0, 0, 0, 0, 0), (0, 0, 0, 0, 0, 0), (0, 0, 0, 0, 0, 0)]}}
AdaptationManager: Configuring next round...
{'client_registry': {'enabled': True, 'params': {}}, 'client_selector': {'enabled': False, 'params': {}}, 'client_cluster': {'enabled': False, 'params': {}}, 'message_compressor': {'enabled': True, 'params': {}}, 'model_co-versioning_registry': {'enabled': False, 'params': {}}, 'multi-task_model_trainer': {'enabled': False, 'params': {}}, 'heterogeneous_data_handler': {'enabled': False, 'params': {}}}
{'client_selector': {'enabled': False}, 'client_cluster': {'enabled': False}, 'message_compressor': {'enabled': True}, 'model_co-versioning_registry': {'enabled': False}, 'multi-task_model_trainer': {'enabled': False}, 'heterogeneous_data_handler': {'enabled': False}, 'client_registry': {'enabled': True, 'params': {}}}
0.0-iid clients, predicted wo:83.9672 vs w:68.1637, message_compressor activated ✅
Local parameters compressed: reduced 4673 bytes (7.30%)
Local parameters compressed: reduced 4616 bytes (7.21%)
Local parameters compressed: reduced 4637 bytes (7.24%)
Local parameters compressed: reduced 4605 bytes (7.19%)
Local parameters compressed: reduced 4638 bytes (7.25%)
Local parameters compressed: reduced 4615 bytes (7.21%)
Results Aggregated in 69.04 seconds.
{'CNN 16k': {'train_loss': [1.347776275138855, 1.2285828348096213, 1.1474461057758332, 1.0957535506916045, 1.055255882994334, 1.017552096748352, 0.9916122162628174, 0.9711088581593832, 0.9537728514353434], 'train_accuracy': [0.50698, 0.55122, 0.58216, 0.60165, 0.6168566666666667, 0.63155, 0.64156, 0.6485066666666667, 0.6558066666666666], 'train_f1': [0.3716662051698453, 0.42413965500364836, 0.4597744989751991, 0.48579169305670084, 0.501665972055825, 0.5209523165377872, 0.5280812457331039, 0.5348034405239739, 0.5531366098825367], 'train_mae': [1.85051, 1.7031666666666667, 1.5981966666666667, 1.4961133333333334, 1.4501433333333333, 1.38333, 1.3283733333333334, 1.2894766666666666, 1.26718], 'val_loss': [3.053207763226827, 2.6622135618845624, 2.4704317204793296, 2.347793008073171, 2.3536606868426007, 2.2747998674710592, 2.3120882402102154, 2.2726394564628603, 2.234981854279836], 'val_accuracy': [0.34413333333333335, 0.3802833333333333, 0.40773333333333334, 0.41936666666666667, 0.42955, 0.4453, 0.44925, 0.4486, 0.45786666666666664], 'val_f1': [0.2772167090925628, 0.31721597310312216, 0.3450584690485195, 0.3622498169870354, 0.3738391390886905, 0.3909573266488266, 0.3908761638396471, 0.39289630388781493, 0.40782161905586756], 'val_mae': [2.3716833333333334, 2.2788833333333334, 2.1882333333333333, 2.087083333333333, 2.08695, 2.0394833333333335, 2.0105666666666666, 2.0049, 1.9589833333333333], 'jsd': [(0, 0, 0, 0, 0, 0), (0, 0, 0, 0, 0, 0), (0, 0, 0, 0, 0, 0), (0, 0, 0, 0, 0, 0), (0, 0, 0, 0, 0, 0), (0, 0, 0, 0, 0, 0), (0, 0, 0, 0, 0, 0), (0, 0, 0, 0, 0, 0), (0, 0, 0, 0, 0, 0)]}}
AdaptationManager: Configuring next round...
{'client_registry': {'enabled': True, 'params': {}}, 'client_selector': {'enabled': False, 'params': {}}, 'client_cluster': {'enabled': False, 'params': {}}, 'message_compressor': {'enabled': True, 'params': {}}, 'model_co-versioning_registry': {'enabled': False, 'params': {}}, 'multi-task_model_trainer': {'enabled': False, 'params': {}}, 'heterogeneous_data_handler': {'enabled': False, 'params': {}}}
{'client_selector': {'enabled': False}, 'client_cluster': {'enabled': False}, 'message_compressor': {'enabled': True}, 'model_co-versioning_registry': {'enabled': False}, 'multi-task_model_trainer': {'enabled': False}, 'heterogeneous_data_handler': {'enabled': False}, 'client_registry': {'enabled': True, 'params': {}}}
0.0-iid clients, predicted wo:83.9672 vs w:68.1637, message_compressor activated ✅
Local parameters compressed: reduced 4634 bytes (7.24%)
Local parameters compressed: reduced 4624 bytes (7.22%)
Local parameters compressed: reduced 4629 bytes (7.23%)
Local parameters compressed: reduced 4642 bytes (7.25%)
Local parameters compressed: reduced 4591 bytes (7.17%)
Local parameters compressed: reduced 4630 bytes (7.23%)
Results Aggregated in 66.80 seconds.
{'CNN 16k': {'train_loss': [1.347776275138855, 1.2285828348096213, 1.1474461057758332, 1.0957535506916045, 1.055255882994334, 1.017552096748352, 0.9916122162628174, 0.9711088581593832, 0.9537728514353434, 0.9325136852169037], 'train_accuracy': [0.50698, 0.55122, 0.58216, 0.60165, 0.6168566666666667, 0.63155, 0.64156, 0.6485066666666667, 0.6558066666666666, 0.6653866666666667], 'train_f1': [0.3716662051698453, 0.42413965500364836, 0.4597744989751991, 0.48579169305670084, 0.501665972055825, 0.5209523165377872, 0.5280812457331039, 0.5348034405239739, 0.5531366098825367, 0.5610993240351513], 'train_mae': [1.85051, 1.7031666666666667, 1.5981966666666667, 1.4961133333333334, 1.4501433333333333, 1.38333, 1.3283733333333334, 1.2894766666666666, 1.26718, 1.23566], 'val_loss': [3.053207763226827, 2.6622135618845624, 2.4704317204793296, 2.347793008073171, 2.3536606868426007, 2.2747998674710592, 2.3120882402102154, 2.2726394564628603, 2.234981854279836, 2.2381778141975404], 'val_accuracy': [0.34413333333333335, 0.3802833333333333, 0.40773333333333334, 0.41936666666666667, 0.42955, 0.4453, 0.44925, 0.4486, 0.45786666666666664, 0.4670166666666667], 'val_f1': [0.2772167090925628, 0.31721597310312216, 0.3450584690485195, 0.3622498169870354, 0.3738391390886905, 0.3909573266488266, 0.3908761638396471, 0.39289630388781493, 0.40782161905586756, 0.4158824392199761], 'val_mae': [2.3716833333333334, 2.2788833333333334, 2.1882333333333333, 2.087083333333333, 2.08695, 2.0394833333333335, 2.0105666666666666, 2.0049, 1.9589833333333333, 1.9311333333333334], 'jsd': [(0, 0, 0, 0, 0, 0), (0, 0, 0, 0, 0, 0), (0, 0, 0, 0, 0, 0), (0, 0, 0, 0, 0, 0), (0, 0, 0, 0, 0, 0), (0, 0, 0, 0, 0, 0), (0, 0, 0, 0, 0, 0), (0, 0, 0, 0, 0, 0), (0, 0, 0, 0, 0, 0), (0, 0, 0, 0, 0, 0)]}}
AdaptationManager: Configuring next round...
{'client_registry': {'enabled': True, 'params': {}}, 'client_selector': {'enabled': False, 'params': {}}, 'client_cluster': {'enabled': False, 'params': {}}, 'message_compressor': {'enabled': True, 'params': {}}, 'model_co-versioning_registry': {'enabled': False, 'params': {}}, 'multi-task_model_trainer': {'enabled': False, 'params': {}}, 'heterogeneous_data_handler': {'enabled': False, 'params': {}}}
{'client_selector': {'enabled': False}, 'client_cluster': {'enabled': False}, 'message_compressor': {'enabled': True}, 'model_co-versioning_registry': {'enabled': False}, 'multi-task_model_trainer': {'enabled': False}, 'heterogeneous_data_handler': {'enabled': False}, 'client_registry': {'enabled': True, 'params': {}}}
0.0-iid clients, predicted wo:83.9672 vs w:72.7700, message_compressor activated ✅
Local parameters compressed: reduced 4643 bytes (7.25%)
Local parameters compressed: reduced 4628 bytes (7.23%)
Local parameters compressed: reduced 4611 bytes (7.20%)
Local parameters compressed: reduced 4622 bytes (7.22%)
Local parameters compressed: reduced 4672 bytes (7.30%)
Local parameters compressed: reduced 4619 bytes (7.22%)
Results Aggregated in 71.02 seconds.
{'CNN 16k': {'train_loss': [1.347776275138855, 1.2285828348096213, 1.1474461057758332, 1.0957535506916045, 1.055255882994334, 1.017552096748352, 0.9916122162628174, 0.9711088581593832, 0.9537728514353434, 0.9325136852169037, 0.9108857587178548], 'train_accuracy': [0.50698, 0.55122, 0.58216, 0.60165, 0.6168566666666667, 0.63155, 0.64156, 0.6485066666666667, 0.6558066666666666, 0.6653866666666667, 0.67259], 'train_f1': [0.3716662051698453, 0.42413965500364836, 0.4597744989751991, 0.48579169305670084, 0.501665972055825, 0.5209523165377872, 0.5280812457331039, 0.5348034405239739, 0.5531366098825367, 0.5610993240351513, 0.5664830566485953], 'train_mae': [1.85051, 1.7031666666666667, 1.5981966666666667, 1.4961133333333334, 1.4501433333333333, 1.38333, 1.3283733333333334, 1.2894766666666666, 1.26718, 1.23566, 1.1894166666666666], 'val_loss': [3.053207763226827, 2.6622135618845624, 2.4704317204793296, 2.347793008073171, 2.3536606868426007, 2.2747998674710592, 2.3120882402102154, 2.2726394564628603, 2.234981854279836, 2.2381778141975404, 2.200045705095927], 'val_accuracy': [0.34413333333333335, 0.3802833333333333, 0.40773333333333334, 0.41936666666666667, 0.42955, 0.4453, 0.44925, 0.4486, 0.45786666666666664, 0.4670166666666667, 0.4672], 'val_f1': [0.2772167090925628, 0.31721597310312216, 0.3450584690485195, 0.3622498169870354, 0.3738391390886905, 0.3909573266488266, 0.3908761638396471, 0.39289630388781493, 0.40782161905586756, 0.4158824392199761, 0.41486296122702226], 'val_mae': [2.3716833333333334, 2.2788833333333334, 2.1882333333333333, 2.087083333333333, 2.08695, 2.0394833333333335, 2.0105666666666666, 2.0049, 1.9589833333333333, 1.9311333333333334, 1.9211166666666666], 'jsd': [(0, 0, 0, 0, 0, 0), (0, 0, 0, 0, 0, 0), (0, 0, 0, 0, 0, 0), (0, 0, 0, 0, 0, 0), (0, 0, 0, 0, 0, 0), (0, 0, 0, 0, 0, 0), (0, 0, 0, 0, 0, 0), (0, 0, 0, 0, 0, 0), (0, 0, 0, 0, 0, 0), (0, 0, 0, 0, 0, 0), (0, 0, 0, 0, 0, 0)]}}
AdaptationManager: Configuring next round...
{'client_registry': {'enabled': True, 'params': {}}, 'client_selector': {'enabled': False, 'params': {}}, 'client_cluster': {'enabled': False, 'params': {}}, 'message_compressor': {'enabled': True, 'params': {}}, 'model_co-versioning_registry': {'enabled': False, 'params': {}}, 'multi-task_model_trainer': {'enabled': False, 'params': {}}, 'heterogeneous_data_handler': {'enabled': False, 'params': {}}}
{'client_selector': {'enabled': False}, 'client_cluster': {'enabled': False}, 'message_compressor': {'enabled': True}, 'model_co-versioning_registry': {'enabled': False}, 'multi-task_model_trainer': {'enabled': False}, 'heterogeneous_data_handler': {'enabled': False}, 'client_registry': {'enabled': True, 'params': {}}}
0.0-iid clients, predicted wo:83.9672 vs w:68.1637, message_compressor activated ✅
Local parameters compressed: reduced 4642 bytes (7.25%)
Local parameters compressed: reduced 4603 bytes (7.19%)
Local parameters compressed: reduced 4656 bytes (7.27%)
Local parameters compressed: reduced 4622 bytes (7.22%)
Local parameters compressed: reduced 4656 bytes (7.27%)
Local parameters compressed: reduced 4601 bytes (7.19%)
Results Aggregated in 67.59 seconds.
{'CNN 16k': {'train_loss': [1.347776275138855, 1.2285828348096213, 1.1474461057758332, 1.0957535506916045, 1.055255882994334, 1.017552096748352, 0.9916122162628174, 0.9711088581593832, 0.9537728514353434, 0.9325136852169037, 0.9108857587178548, 0.8984985500129063], 'train_accuracy': [0.50698, 0.55122, 0.58216, 0.60165, 0.6168566666666667, 0.63155, 0.64156, 0.6485066666666667, 0.6558066666666666, 0.6653866666666667, 0.67259, 0.67754], 'train_f1': [0.3716662051698453, 0.42413965500364836, 0.4597744989751991, 0.48579169305670084, 0.501665972055825, 0.5209523165377872, 0.5280812457331039, 0.5348034405239739, 0.5531366098825367, 0.5610993240351513, 0.5664830566485953, 0.575754955682032], 'train_mae': [1.85051, 1.7031666666666667, 1.5981966666666667, 1.4961133333333334, 1.4501433333333333, 1.38333, 1.3283733333333334, 1.2894766666666666, 1.26718, 1.23566, 1.1894166666666666, 1.1850266666666667], 'val_loss': [3.053207763226827, 2.6622135618845624, 2.4704317204793296, 2.347793008073171, 2.3536606868426007, 2.2747998674710592, 2.3120882402102154, 2.2726394564628603, 2.234981854279836, 2.2381778141975404, 2.200045705095927, 2.173330515575409], 'val_accuracy': [0.34413333333333335, 0.3802833333333333, 0.40773333333333334, 0.41936666666666667, 0.42955, 0.4453, 0.44925, 0.4486, 0.45786666666666664, 0.4670166666666667, 0.4672, 0.47331666666666666], 'val_f1': [0.2772167090925628, 0.31721597310312216, 0.3450584690485195, 0.3622498169870354, 0.3738391390886905, 0.3909573266488266, 0.3908761638396471, 0.39289630388781493, 0.40782161905586756, 0.4158824392199761, 0.41486296122702226, 0.4213755661559403], 'val_mae': [2.3716833333333334, 2.2788833333333334, 2.1882333333333333, 2.087083333333333, 2.08695, 2.0394833333333335, 2.0105666666666666, 2.0049, 1.9589833333333333, 1.9311333333333334, 1.9211166666666666, 1.9423333333333332], 'jsd': [(0, 0, 0, 0, 0, 0), (0, 0, 0, 0, 0, 0), (0, 0, 0, 0, 0, 0), (0, 0, 0, 0, 0, 0), (0, 0, 0, 0, 0, 0), (0, 0, 0, 0, 0, 0), (0, 0, 0, 0, 0, 0), (0, 0, 0, 0, 0, 0), (0, 0, 0, 0, 0, 0), (0, 0, 0, 0, 0, 0), (0, 0, 0, 0, 0, 0), (0, 0, 0, 0, 0, 0)]}}
AdaptationManager: Configuring next round...
{'client_registry': {'enabled': True, 'params': {}}, 'client_selector': {'enabled': False, 'params': {}}, 'client_cluster': {'enabled': False, 'params': {}}, 'message_compressor': {'enabled': True, 'params': {}}, 'model_co-versioning_registry': {'enabled': False, 'params': {}}, 'multi-task_model_trainer': {'enabled': False, 'params': {}}, 'heterogeneous_data_handler': {'enabled': False, 'params': {}}}
{'client_selector': {'enabled': False}, 'client_cluster': {'enabled': False}, 'message_compressor': {'enabled': True}, 'model_co-versioning_registry': {'enabled': False}, 'multi-task_model_trainer': {'enabled': False}, 'heterogeneous_data_handler': {'enabled': False}, 'client_registry': {'enabled': True, 'params': {}}}
0.0-iid clients, predicted wo:83.9672 vs w:72.7700, message_compressor activated ✅
Local parameters compressed: reduced 4635 bytes (7.24%)
Local parameters compressed: reduced 4612 bytes (7.21%)
Local parameters compressed: reduced 4602 bytes (7.19%)
Local parameters compressed: reduced 4620 bytes (7.22%)
Local parameters compressed: reduced 4582 bytes (7.16%)
Local parameters compressed: reduced 4635 bytes (7.24%)
Results Aggregated in 67.76 seconds.
{'CNN 16k': {'train_loss': [1.347776275138855, 1.2285828348096213, 1.1474461057758332, 1.0957535506916045, 1.055255882994334, 1.017552096748352, 0.9916122162628174, 0.9711088581593832, 0.9537728514353434, 0.9325136852169037, 0.9108857587178548, 0.8984985500129063, 0.8813697342745463], 'train_accuracy': [0.50698, 0.55122, 0.58216, 0.60165, 0.6168566666666667, 0.63155, 0.64156, 0.6485066666666667, 0.6558066666666666, 0.6653866666666667, 0.67259, 0.67754, 0.68427], 'train_f1': [0.3716662051698453, 0.42413965500364836, 0.4597744989751991, 0.48579169305670084, 0.501665972055825, 0.5209523165377872, 0.5280812457331039, 0.5348034405239739, 0.5531366098825367, 0.5610993240351513, 0.5664830566485953, 0.575754955682032, 0.5793247700186068], 'train_mae': [1.85051, 1.7031666666666667, 1.5981966666666667, 1.4961133333333334, 1.4501433333333333, 1.38333, 1.3283733333333334, 1.2894766666666666, 1.26718, 1.23566, 1.1894166666666666, 1.1850266666666667, 1.17208], 'val_loss': [3.053207763226827, 2.6622135618845624, 2.4704317204793296, 2.347793008073171, 2.3536606868426007, 2.2747998674710592, 2.3120882402102154, 2.2726394564628603, 2.234981854279836, 2.2381778141975404, 2.200045705095927, 2.173330515575409, 2.21795775458018], 'val_accuracy': [0.34413333333333335, 0.3802833333333333, 0.40773333333333334, 0.41936666666666667, 0.42955, 0.4453, 0.44925, 0.4486, 0.45786666666666664, 0.4670166666666667, 0.4672, 0.47331666666666666, 0.47028333333333333], 'val_f1': [0.2772167090925628, 0.31721597310312216, 0.3450584690485195, 0.3622498169870354, 0.3738391390886905, 0.3909573266488266, 0.3908761638396471, 0.39289630388781493, 0.40782161905586756, 0.4158824392199761, 0.41486296122702226, 0.4213755661559403, 0.4165607002246109], 'val_mae': [2.3716833333333334, 2.2788833333333334, 2.1882333333333333, 2.087083333333333, 2.08695, 2.0394833333333335, 2.0105666666666666, 2.0049, 1.9589833333333333, 1.9311333333333334, 1.9211166666666666, 1.9423333333333332, 1.9568833333333333], 'jsd': [(0, 0, 0, 0, 0, 0), (0, 0, 0, 0, 0, 0), (0, 0, 0, 0, 0, 0), (0, 0, 0, 0, 0, 0), (0, 0, 0, 0, 0, 0), (0, 0, 0, 0, 0, 0), (0, 0, 0, 0, 0, 0), (0, 0, 0, 0, 0, 0), (0, 0, 0, 0, 0, 0), (0, 0, 0, 0, 0, 0), (0, 0, 0, 0, 0, 0), (0, 0, 0, 0, 0, 0), (0, 0, 0, 0, 0, 0)]}}
AdaptationManager: Configuring next round...
{'client_registry': {'enabled': True, 'params': {}}, 'client_selector': {'enabled': False, 'params': {}}, 'client_cluster': {'enabled': False, 'params': {}}, 'message_compressor': {'enabled': True, 'params': {}}, 'model_co-versioning_registry': {'enabled': False, 'params': {}}, 'multi-task_model_trainer': {'enabled': False, 'params': {}}, 'heterogeneous_data_handler': {'enabled': False, 'params': {}}}
{'client_selector': {'enabled': False}, 'client_cluster': {'enabled': False}, 'message_compressor': {'enabled': True}, 'model_co-versioning_registry': {'enabled': False}, 'multi-task_model_trainer': {'enabled': False}, 'heterogeneous_data_handler': {'enabled': False}, 'client_registry': {'enabled': True, 'params': {}}}
0.0-iid clients, predicted wo:83.9672 vs w:67.5715, message_compressor activated ✅
Local parameters compressed: reduced 4610 bytes (7.20%)
Local parameters compressed: reduced 4598 bytes (7.18%)
Local parameters compressed: reduced 4611 bytes (7.20%)
Local parameters compressed: reduced 4613 bytes (7.21%)
Local parameters compressed: reduced 4623 bytes (7.22%)
Local parameters compressed: reduced 4578 bytes (7.15%)
Results Aggregated in 72.48 seconds.
{'CNN 16k': {'train_loss': [1.347776275138855, 1.2285828348096213, 1.1474461057758332, 1.0957535506916045, 1.055255882994334, 1.017552096748352, 0.9916122162628174, 0.9711088581593832, 0.9537728514353434, 0.9325136852169037, 0.9108857587178548, 0.8984985500129063, 0.8813697342745463, 0.8691747200075786], 'train_accuracy': [0.50698, 0.55122, 0.58216, 0.60165, 0.6168566666666667, 0.63155, 0.64156, 0.6485066666666667, 0.6558066666666666, 0.6653866666666667, 0.67259, 0.67754, 0.68427, 0.6892133333333333], 'train_f1': [0.3716662051698453, 0.42413965500364836, 0.4597744989751991, 0.48579169305670084, 0.501665972055825, 0.5209523165377872, 0.5280812457331039, 0.5348034405239739, 0.5531366098825367, 0.5610993240351513, 0.5664830566485953, 0.575754955682032, 0.5793247700186068, 0.5886497540921275], 'train_mae': [1.85051, 1.7031666666666667, 1.5981966666666667, 1.4961133333333334, 1.4501433333333333, 1.38333, 1.3283733333333334, 1.2894766666666666, 1.26718, 1.23566, 1.1894166666666666, 1.1850266666666667, 1.17208, 1.1227333333333334], 'val_loss': [3.053207763226827, 2.6622135618845624, 2.4704317204793296, 2.347793008073171, 2.3536606868426007, 2.2747998674710592, 2.3120882402102154, 2.2726394564628603, 2.234981854279836, 2.2381778141975404, 2.200045705095927, 2.173330515575409, 2.21795775458018, 2.163057300345103], 'val_accuracy': [0.34413333333333335, 0.3802833333333333, 0.40773333333333334, 0.41936666666666667, 0.42955, 0.4453, 0.44925, 0.4486, 0.45786666666666664, 0.4670166666666667, 0.4672, 0.47331666666666666, 0.47028333333333333, 0.47395], 'val_f1': [0.2772167090925628, 0.31721597310312216, 0.3450584690485195, 0.3622498169870354, 0.3738391390886905, 0.3909573266488266, 0.3908761638396471, 0.39289630388781493, 0.40782161905586756, 0.4158824392199761, 0.41486296122702226, 0.4213755661559403, 0.4165607002246109, 0.42414793140606394], 'val_mae': [2.3716833333333334, 2.2788833333333334, 2.1882333333333333, 2.087083333333333, 2.08695, 2.0394833333333335, 2.0105666666666666, 2.0049, 1.9589833333333333, 1.9311333333333334, 1.9211166666666666, 1.9423333333333332, 1.9568833333333333, 1.8875166666666667], 'jsd': [(0, 0, 0, 0, 0, 0), (0, 0, 0, 0, 0, 0), (0, 0, 0, 0, 0, 0), (0, 0, 0, 0, 0, 0), (0, 0, 0, 0, 0, 0), (0, 0, 0, 0, 0, 0), (0, 0, 0, 0, 0, 0), (0, 0, 0, 0, 0, 0), (0, 0, 0, 0, 0, 0), (0, 0, 0, 0, 0, 0), (0, 0, 0, 0, 0, 0), (0, 0, 0, 0, 0, 0), (0, 0, 0, 0, 0, 0), (0, 0, 0, 0, 0, 0)]}}
AdaptationManager: Configuring next round...
{'client_registry': {'enabled': True, 'params': {}}, 'client_selector': {'enabled': False, 'params': {}}, 'client_cluster': {'enabled': False, 'params': {}}, 'message_compressor': {'enabled': True, 'params': {}}, 'model_co-versioning_registry': {'enabled': False, 'params': {}}, 'multi-task_model_trainer': {'enabled': False, 'params': {}}, 'heterogeneous_data_handler': {'enabled': False, 'params': {}}}
{'client_selector': {'enabled': False}, 'client_cluster': {'enabled': False}, 'message_compressor': {'enabled': True}, 'model_co-versioning_registry': {'enabled': False}, 'multi-task_model_trainer': {'enabled': False}, 'heterogeneous_data_handler': {'enabled': False}, 'client_registry': {'enabled': True, 'params': {}}}
0.0-iid clients, predicted wo:83.9672 vs w:68.1637, message_compressor activated ✅
Local parameters compressed: reduced 4600 bytes (7.19%)
Local parameters compressed: reduced 4624 bytes (7.22%)
Local parameters compressed: reduced 4574 bytes (7.15%)
Local parameters compressed: reduced 4610 bytes (7.20%)
Local parameters compressed: reduced 4563 bytes (7.13%)
Local parameters compressed: reduced 4637 bytes (7.24%)
Results Aggregated in 65.16 seconds.
{'CNN 16k': {'train_loss': [1.347776275138855, 1.2285828348096213, 1.1474461057758332, 1.0957535506916045, 1.055255882994334, 1.017552096748352, 0.9916122162628174, 0.9711088581593832, 0.9537728514353434, 0.9325136852169037, 0.9108857587178548, 0.8984985500129063, 0.8813697342745463, 0.8691747200075786, 0.8580601606384913], 'train_accuracy': [0.50698, 0.55122, 0.58216, 0.60165, 0.6168566666666667, 0.63155, 0.64156, 0.6485066666666667, 0.6558066666666666, 0.6653866666666667, 0.67259, 0.67754, 0.68427, 0.6892133333333333, 0.69196], 'train_f1': [0.3716662051698453, 0.42413965500364836, 0.4597744989751991, 0.48579169305670084, 0.501665972055825, 0.5209523165377872, 0.5280812457331039, 0.5348034405239739, 0.5531366098825367, 0.5610993240351513, 0.5664830566485953, 0.575754955682032, 0.5793247700186068, 0.5886497540921275, 0.5881103547668252], 'train_mae': [1.85051, 1.7031666666666667, 1.5981966666666667, 1.4961133333333334, 1.4501433333333333, 1.38333, 1.3283733333333334, 1.2894766666666666, 1.26718, 1.23566, 1.1894166666666666, 1.1850266666666667, 1.17208, 1.1227333333333334, 1.10762], 'val_loss': [3.053207763226827, 2.6622135618845624, 2.4704317204793296, 2.347793008073171, 2.3536606868426007, 2.2747998674710592, 2.3120882402102154, 2.2726394564628603, 2.234981854279836, 2.2381778141975404, 2.200045705095927, 2.173330515575409, 2.21795775458018, 2.163057300345103, 2.225762338256836], 'val_accuracy': [0.34413333333333335, 0.3802833333333333, 0.40773333333333334, 0.41936666666666667, 0.42955, 0.4453, 0.44925, 0.4486, 0.45786666666666664, 0.4670166666666667, 0.4672, 0.47331666666666666, 0.47028333333333333, 0.47395, 0.4743833333333333], 'val_f1': [0.2772167090925628, 0.31721597310312216, 0.3450584690485195, 0.3622498169870354, 0.3738391390886905, 0.3909573266488266, 0.3908761638396471, 0.39289630388781493, 0.40782161905586756, 0.4158824392199761, 0.41486296122702226, 0.4213755661559403, 0.4165607002246109, 0.42414793140606394, 0.42436719813780005], 'val_mae': [2.3716833333333334, 2.2788833333333334, 2.1882333333333333, 2.087083333333333, 2.08695, 2.0394833333333335, 2.0105666666666666, 2.0049, 1.9589833333333333, 1.9311333333333334, 1.9211166666666666, 1.9423333333333332, 1.9568833333333333, 1.8875166666666667, 1.8754833333333334], 'jsd': [(0, 0, 0, 0, 0, 0), (0, 0, 0, 0, 0, 0), (0, 0, 0, 0, 0, 0), (0, 0, 0, 0, 0, 0), (0, 0, 0, 0, 0, 0), (0, 0, 0, 0, 0, 0), (0, 0, 0, 0, 0, 0), (0, 0, 0, 0, 0, 0), (0, 0, 0, 0, 0, 0), (0, 0, 0, 0, 0, 0), (0, 0, 0, 0, 0, 0), (0, 0, 0, 0, 0, 0), (0, 0, 0, 0, 0, 0), (0, 0, 0, 0, 0, 0), (0, 0, 0, 0, 0, 0)]}}
AdaptationManager: Configuring next round...
{'client_registry': {'enabled': True, 'params': {}}, 'client_selector': {'enabled': False, 'params': {}}, 'client_cluster': {'enabled': False, 'params': {}}, 'message_compressor': {'enabled': True, 'params': {}}, 'model_co-versioning_registry': {'enabled': False, 'params': {}}, 'multi-task_model_trainer': {'enabled': False, 'params': {}}, 'heterogeneous_data_handler': {'enabled': False, 'params': {}}}
{'client_selector': {'enabled': False}, 'client_cluster': {'enabled': False}, 'message_compressor': {'enabled': True}, 'model_co-versioning_registry': {'enabled': False}, 'multi-task_model_trainer': {'enabled': False}, 'heterogeneous_data_handler': {'enabled': False}, 'client_registry': {'enabled': True, 'params': {}}}
0.0-iid clients, predicted wo:82.5357 vs w:65.5475, message_compressor activated ✅
Local parameters compressed: reduced 4615 bytes (7.21%)
Local parameters compressed: reduced 4621 bytes (7.22%)
Local parameters compressed: reduced 4620 bytes (7.22%)
Local parameters compressed: reduced 4606 bytes (7.20%)
Local parameters compressed: reduced 4626 bytes (7.23%)
Local parameters compressed: reduced 4582 bytes (7.16%)
Results Aggregated in 67.99 seconds.
{'CNN 16k': {'train_loss': [1.347776275138855, 1.2285828348096213, 1.1474461057758332, 1.0957535506916045, 1.055255882994334, 1.017552096748352, 0.9916122162628174, 0.9711088581593832, 0.9537728514353434, 0.9325136852169037, 0.9108857587178548, 0.8984985500129063, 0.8813697342745463, 0.8691747200075786, 0.8580601606384913, 0.8450379178937276], 'train_accuracy': [0.50698, 0.55122, 0.58216, 0.60165, 0.6168566666666667, 0.63155, 0.64156, 0.6485066666666667, 0.6558066666666666, 0.6653866666666667, 0.67259, 0.67754, 0.68427, 0.6892133333333333, 0.69196, 0.6982733333333333], 'train_f1': [0.3716662051698453, 0.42413965500364836, 0.4597744989751991, 0.48579169305670084, 0.501665972055825, 0.5209523165377872, 0.5280812457331039, 0.5348034405239739, 0.5531366098825367, 0.5610993240351513, 0.5664830566485953, 0.575754955682032, 0.5793247700186068, 0.5886497540921275, 0.5881103547668252, 0.6005199776298126], 'train_mae': [1.85051, 1.7031666666666667, 1.5981966666666667, 1.4961133333333334, 1.4501433333333333, 1.38333, 1.3283733333333334, 1.2894766666666666, 1.26718, 1.23566, 1.1894166666666666, 1.1850266666666667, 1.17208, 1.1227333333333334, 1.10762, 1.09878], 'val_loss': [3.053207763226827, 2.6622135618845624, 2.4704317204793296, 2.347793008073171, 2.3536606868426007, 2.2747998674710592, 2.3120882402102154, 2.2726394564628603, 2.234981854279836, 2.2381778141975404, 2.200045705095927, 2.173330515575409, 2.21795775458018, 2.163057300345103, 2.225762338256836, 2.1628422925313315], 'val_accuracy': [0.34413333333333335, 0.3802833333333333, 0.40773333333333334, 0.41936666666666667, 0.42955, 0.4453, 0.44925, 0.4486, 0.45786666666666664, 0.4670166666666667, 0.4672, 0.47331666666666666, 0.47028333333333333, 0.47395, 0.4743833333333333, 0.4802666666666667], 'val_f1': [0.2772167090925628, 0.31721597310312216, 0.3450584690485195, 0.3622498169870354, 0.3738391390886905, 0.3909573266488266, 0.3908761638396471, 0.39289630388781493, 0.40782161905586756, 0.4158824392199761, 0.41486296122702226, 0.4213755661559403, 0.4165607002246109, 0.42414793140606394, 0.42436719813780005, 0.4322316552767465], 'val_mae': [2.3716833333333334, 2.2788833333333334, 2.1882333333333333, 2.087083333333333, 2.08695, 2.0394833333333335, 2.0105666666666666, 2.0049, 1.9589833333333333, 1.9311333333333334, 1.9211166666666666, 1.9423333333333332, 1.9568833333333333, 1.8875166666666667, 1.8754833333333334, 1.8766833333333333], 'jsd': [(0, 0, 0, 0, 0, 0), (0, 0, 0, 0, 0, 0), (0, 0, 0, 0, 0, 0), (0, 0, 0, 0, 0, 0), (0, 0, 0, 0, 0, 0), (0, 0, 0, 0, 0, 0), (0, 0, 0, 0, 0, 0), (0, 0, 0, 0, 0, 0), (0, 0, 0, 0, 0, 0), (0, 0, 0, 0, 0, 0), (0, 0, 0, 0, 0, 0), (0, 0, 0, 0, 0, 0), (0, 0, 0, 0, 0, 0), (0, 0, 0, 0, 0, 0), (0, 0, 0, 0, 0, 0), (0, 0, 0, 0, 0, 0)]}}
AdaptationManager: Configuring next round...
{'client_registry': {'enabled': True, 'params': {}}, 'client_selector': {'enabled': False, 'params': {}}, 'client_cluster': {'enabled': False, 'params': {}}, 'message_compressor': {'enabled': True, 'params': {}}, 'model_co-versioning_registry': {'enabled': False, 'params': {}}, 'multi-task_model_trainer': {'enabled': False, 'params': {}}, 'heterogeneous_data_handler': {'enabled': False, 'params': {}}}
{'client_selector': {'enabled': False}, 'client_cluster': {'enabled': False}, 'message_compressor': {'enabled': True}, 'model_co-versioning_registry': {'enabled': False}, 'multi-task_model_trainer': {'enabled': False}, 'heterogeneous_data_handler': {'enabled': False}, 'client_registry': {'enabled': True, 'params': {}}}
0.0-iid clients, predicted wo:83.9672 vs w:68.1787, message_compressor activated ✅
Local parameters compressed: reduced 4626 bytes (7.23%)
Local parameters compressed: reduced 4603 bytes (7.19%)
Local parameters compressed: reduced 4592 bytes (7.17%)
Local parameters compressed: reduced 4597 bytes (7.18%)
Local parameters compressed: reduced 4608 bytes (7.20%)
Local parameters compressed: reduced 4579 bytes (7.15%)
Results Aggregated in 68.12 seconds.
{'CNN 16k': {'train_loss': [1.347776275138855, 1.2285828348096213, 1.1474461057758332, 1.0957535506916045, 1.055255882994334, 1.017552096748352, 0.9916122162628174, 0.9711088581593832, 0.9537728514353434, 0.9325136852169037, 0.9108857587178548, 0.8984985500129063, 0.8813697342745463, 0.8691747200075786, 0.8580601606384913, 0.8450379178937276, 0.8496019380394618], 'train_accuracy': [0.50698, 0.55122, 0.58216, 0.60165, 0.6168566666666667, 0.63155, 0.64156, 0.6485066666666667, 0.6558066666666666, 0.6653866666666667, 0.67259, 0.67754, 0.68427, 0.6892133333333333, 0.69196, 0.6982733333333333, 0.69634], 'train_f1': [0.3716662051698453, 0.42413965500364836, 0.4597744989751991, 0.48579169305670084, 0.501665972055825, 0.5209523165377872, 0.5280812457331039, 0.5348034405239739, 0.5531366098825367, 0.5610993240351513, 0.5664830566485953, 0.575754955682032, 0.5793247700186068, 0.5886497540921275, 0.5881103547668252, 0.6005199776298126, 0.5991603506373442], 'train_mae': [1.85051, 1.7031666666666667, 1.5981966666666667, 1.4961133333333334, 1.4501433333333333, 1.38333, 1.3283733333333334, 1.2894766666666666, 1.26718, 1.23566, 1.1894166666666666, 1.1850266666666667, 1.17208, 1.1227333333333334, 1.10762, 1.09878, 1.11145], 'val_loss': [3.053207763226827, 2.6622135618845624, 2.4704317204793296, 2.347793008073171, 2.3536606868426007, 2.2747998674710592, 2.3120882402102154, 2.2726394564628603, 2.234981854279836, 2.2381778141975404, 2.200045705095927, 2.173330515575409, 2.21795775458018, 2.163057300345103, 2.225762338256836, 2.1628422925313315, 2.176141859690348], 'val_accuracy': [0.34413333333333335, 0.3802833333333333, 0.40773333333333334, 0.41936666666666667, 0.42955, 0.4453, 0.44925, 0.4486, 0.45786666666666664, 0.4670166666666667, 0.4672, 0.47331666666666666, 0.47028333333333333, 0.47395, 0.4743833333333333, 0.4802666666666667, 0.47815], 'val_f1': [0.2772167090925628, 0.31721597310312216, 0.3450584690485195, 0.3622498169870354, 0.3738391390886905, 0.3909573266488266, 0.3908761638396471, 0.39289630388781493, 0.40782161905586756, 0.4158824392199761, 0.41486296122702226, 0.4213755661559403, 0.4165607002246109, 0.42414793140606394, 0.42436719813780005, 0.4322316552767465, 0.43024434868948175], 'val_mae': [2.3716833333333334, 2.2788833333333334, 2.1882333333333333, 2.087083333333333, 2.08695, 2.0394833333333335, 2.0105666666666666, 2.0049, 1.9589833333333333, 1.9311333333333334, 1.9211166666666666, 1.9423333333333332, 1.9568833333333333, 1.8875166666666667, 1.8754833333333334, 1.8766833333333333, 1.8841333333333334], 'jsd': [(0, 0, 0, 0, 0, 0), (0, 0, 0, 0, 0, 0), (0, 0, 0, 0, 0, 0), (0, 0, 0, 0, 0, 0), (0, 0, 0, 0, 0, 0), (0, 0, 0, 0, 0, 0), (0, 0, 0, 0, 0, 0), (0, 0, 0, 0, 0, 0), (0, 0, 0, 0, 0, 0), (0, 0, 0, 0, 0, 0), (0, 0, 0, 0, 0, 0), (0, 0, 0, 0, 0, 0), (0, 0, 0, 0, 0, 0), (0, 0, 0, 0, 0, 0), (0, 0, 0, 0, 0, 0), (0, 0, 0, 0, 0, 0), (0, 0, 0, 0, 0, 0)]}}
AdaptationManager: Configuring next round...
{'client_registry': {'enabled': True, 'params': {}}, 'client_selector': {'enabled': False, 'params': {}}, 'client_cluster': {'enabled': False, 'params': {}}, 'message_compressor': {'enabled': True, 'params': {}}, 'model_co-versioning_registry': {'enabled': False, 'params': {}}, 'multi-task_model_trainer': {'enabled': False, 'params': {}}, 'heterogeneous_data_handler': {'enabled': False, 'params': {}}}
{'client_selector': {'enabled': False}, 'client_cluster': {'enabled': False}, 'message_compressor': {'enabled': True}, 'model_co-versioning_registry': {'enabled': False}, 'multi-task_model_trainer': {'enabled': False}, 'heterogeneous_data_handler': {'enabled': False}, 'client_registry': {'enabled': True, 'params': {}}}
0.0-iid clients, predicted wo:83.9672 vs w:68.1787, message_compressor activated ✅
Local parameters compressed: reduced 4591 bytes (7.17%)
Local parameters compressed: reduced 4625 bytes (7.23%)
Local parameters compressed: reduced 4601 bytes (7.19%)
Local parameters compressed: reduced 4581 bytes (7.16%)
Local parameters compressed: reduced 4591 bytes (7.17%)
Local parameters compressed: reduced 4589 bytes (7.17%)
Results Aggregated in 68.37 seconds.
{'CNN 16k': {'train_loss': [1.347776275138855, 1.2285828348096213, 1.1474461057758332, 1.0957535506916045, 1.055255882994334, 1.017552096748352, 0.9916122162628174, 0.9711088581593832, 0.9537728514353434, 0.9325136852169037, 0.9108857587178548, 0.8984985500129063, 0.8813697342745463, 0.8691747200075786, 0.8580601606384913, 0.8450379178937276, 0.8496019380394618, 0.8313484415324529], 'train_accuracy': [0.50698, 0.55122, 0.58216, 0.60165, 0.6168566666666667, 0.63155, 0.64156, 0.6485066666666667, 0.6558066666666666, 0.6653866666666667, 0.67259, 0.67754, 0.68427, 0.6892133333333333, 0.69196, 0.6982733333333333, 0.69634, 0.7015266666666666], 'train_f1': [0.3716662051698453, 0.42413965500364836, 0.4597744989751991, 0.48579169305670084, 0.501665972055825, 0.5209523165377872, 0.5280812457331039, 0.5348034405239739, 0.5531366098825367, 0.5610993240351513, 0.5664830566485953, 0.575754955682032, 0.5793247700186068, 0.5886497540921275, 0.5881103547668252, 0.6005199776298126, 0.5991603506373442, 0.6058656664477621], 'train_mae': [1.85051, 1.7031666666666667, 1.5981966666666667, 1.4961133333333334, 1.4501433333333333, 1.38333, 1.3283733333333334, 1.2894766666666666, 1.26718, 1.23566, 1.1894166666666666, 1.1850266666666667, 1.17208, 1.1227333333333334, 1.10762, 1.09878, 1.11145, 1.0985266666666667], 'val_loss': [3.053207763226827, 2.6622135618845624, 2.4704317204793296, 2.347793008073171, 2.3536606868426007, 2.2747998674710592, 2.3120882402102154, 2.2726394564628603, 2.234981854279836, 2.2381778141975404, 2.200045705095927, 2.173330515575409, 2.21795775458018, 2.163057300345103, 2.225762338256836, 2.1628422925313315, 2.176141859690348, 2.1905738386154177], 'val_accuracy': [0.34413333333333335, 0.3802833333333333, 0.40773333333333334, 0.41936666666666667, 0.42955, 0.4453, 0.44925, 0.4486, 0.45786666666666664, 0.4670166666666667, 0.4672, 0.47331666666666666, 0.47028333333333333, 0.47395, 0.4743833333333333, 0.4802666666666667, 0.47815, 0.4785], 'val_f1': [0.2772167090925628, 0.31721597310312216, 0.3450584690485195, 0.3622498169870354, 0.3738391390886905, 0.3909573266488266, 0.3908761638396471, 0.39289630388781493, 0.40782161905586756, 0.4158824392199761, 0.41486296122702226, 0.4213755661559403, 0.4165607002246109, 0.42414793140606394, 0.42436719813780005, 0.4322316552767465, 0.43024434868948175, 0.4307845270543822], 'val_mae': [2.3716833333333334, 2.2788833333333334, 2.1882333333333333, 2.087083333333333, 2.08695, 2.0394833333333335, 2.0105666666666666, 2.0049, 1.9589833333333333, 1.9311333333333334, 1.9211166666666666, 1.9423333333333332, 1.9568833333333333, 1.8875166666666667, 1.8754833333333334, 1.8766833333333333, 1.8841333333333334, 1.9117166666666667], 'jsd': [(0, 0, 0, 0, 0, 0), (0, 0, 0, 0, 0, 0), (0, 0, 0, 0, 0, 0), (0, 0, 0, 0, 0, 0), (0, 0, 0, 0, 0, 0), (0, 0, 0, 0, 0, 0), (0, 0, 0, 0, 0, 0), (0, 0, 0, 0, 0, 0), (0, 0, 0, 0, 0, 0), (0, 0, 0, 0, 0, 0), (0, 0, 0, 0, 0, 0), (0, 0, 0, 0, 0, 0), (0, 0, 0, 0, 0, 0), (0, 0, 0, 0, 0, 0), (0, 0, 0, 0, 0, 0), (0, 0, 0, 0, 0, 0), (0, 0, 0, 0, 0, 0), (0, 0, 0, 0, 0, 0)]}}
AdaptationManager: Configuring next round...
{'client_registry': {'enabled': True, 'params': {}}, 'client_selector': {'enabled': False, 'params': {}}, 'client_cluster': {'enabled': False, 'params': {}}, 'message_compressor': {'enabled': True, 'params': {}}, 'model_co-versioning_registry': {'enabled': False, 'params': {}}, 'multi-task_model_trainer': {'enabled': False, 'params': {}}, 'heterogeneous_data_handler': {'enabled': False, 'params': {}}}
{'client_selector': {'enabled': False}, 'client_cluster': {'enabled': False}, 'message_compressor': {'enabled': True}, 'model_co-versioning_registry': {'enabled': False}, 'multi-task_model_trainer': {'enabled': False}, 'heterogeneous_data_handler': {'enabled': False}, 'client_registry': {'enabled': True, 'params': {}}}
0.0-iid clients, predicted wo:83.9672 vs w:64.4200, message_compressor activated ✅
Local parameters compressed: reduced 4593 bytes (7.18%)
Local parameters compressed: reduced 4603 bytes (7.19%)
Local parameters compressed: reduced 4561 bytes (7.13%)
Local parameters compressed: reduced 4609 bytes (7.20%)
Local parameters compressed: reduced 4570 bytes (7.14%)
Local parameters compressed: reduced 4581 bytes (7.16%)
Results Aggregated in 70.73 seconds.
{'CNN 16k': {'train_loss': [1.347776275138855, 1.2285828348096213, 1.1474461057758332, 1.0957535506916045, 1.055255882994334, 1.017552096748352, 0.9916122162628174, 0.9711088581593832, 0.9537728514353434, 0.9325136852169037, 0.9108857587178548, 0.8984985500129063, 0.8813697342745463, 0.8691747200075786, 0.8580601606384913, 0.8450379178937276, 0.8496019380394618, 0.8313484415324529, 0.8224817598056793], 'train_accuracy': [0.50698, 0.55122, 0.58216, 0.60165, 0.6168566666666667, 0.63155, 0.64156, 0.6485066666666667, 0.6558066666666666, 0.6653866666666667, 0.67259, 0.67754, 0.68427, 0.6892133333333333, 0.69196, 0.6982733333333333, 0.69634, 0.7015266666666666, 0.7051466666666667], 'train_f1': [0.3716662051698453, 0.42413965500364836, 0.4597744989751991, 0.48579169305670084, 0.501665972055825, 0.5209523165377872, 0.5280812457331039, 0.5348034405239739, 0.5531366098825367, 0.5610993240351513, 0.5664830566485953, 0.575754955682032, 0.5793247700186068, 0.5886497540921275, 0.5881103547668252, 0.6005199776298126, 0.5991603506373442, 0.6058656664477621, 0.6073376869430037], 'train_mae': [1.85051, 1.7031666666666667, 1.5981966666666667, 1.4961133333333334, 1.4501433333333333, 1.38333, 1.3283733333333334, 1.2894766666666666, 1.26718, 1.23566, 1.1894166666666666, 1.1850266666666667, 1.17208, 1.1227333333333334, 1.10762, 1.09878, 1.11145, 1.0985266666666667, 1.0684766666666667], 'val_loss': [3.053207763226827, 2.6622135618845624, 2.4704317204793296, 2.347793008073171, 2.3536606868426007, 2.2747998674710592, 2.3120882402102154, 2.2726394564628603, 2.234981854279836, 2.2381778141975404, 2.200045705095927, 2.173330515575409, 2.21795775458018, 2.163057300345103, 2.225762338256836, 2.1628422925313315, 2.176141859690348, 2.1905738386154177, 2.2114780687650044], 'val_accuracy': [0.34413333333333335, 0.3802833333333333, 0.40773333333333334, 0.41936666666666667, 0.42955, 0.4453, 0.44925, 0.4486, 0.45786666666666664, 0.4670166666666667, 0.4672, 0.47331666666666666, 0.47028333333333333, 0.47395, 0.4743833333333333, 0.4802666666666667, 0.47815, 0.4785, 0.4810333333333333], 'val_f1': [0.2772167090925628, 0.31721597310312216, 0.3450584690485195, 0.3622498169870354, 0.3738391390886905, 0.3909573266488266, 0.3908761638396471, 0.39289630388781493, 0.40782161905586756, 0.4158824392199761, 0.41486296122702226, 0.4213755661559403, 0.4165607002246109, 0.42414793140606394, 0.42436719813780005, 0.4322316552767465, 0.43024434868948175, 0.4307845270543822, 0.4335215034270967], 'val_mae': [2.3716833333333334, 2.2788833333333334, 2.1882333333333333, 2.087083333333333, 2.08695, 2.0394833333333335, 2.0105666666666666, 2.0049, 1.9589833333333333, 1.9311333333333334, 1.9211166666666666, 1.9423333333333332, 1.9568833333333333, 1.8875166666666667, 1.8754833333333334, 1.8766833333333333, 1.8841333333333334, 1.9117166666666667, 1.8651], 'jsd': [(0, 0, 0, 0, 0, 0), (0, 0, 0, 0, 0, 0), (0, 0, 0, 0, 0, 0), (0, 0, 0, 0, 0, 0), (0, 0, 0, 0, 0, 0), (0, 0, 0, 0, 0, 0), (0, 0, 0, 0, 0, 0), (0, 0, 0, 0, 0, 0), (0, 0, 0, 0, 0, 0), (0, 0, 0, 0, 0, 0), (0, 0, 0, 0, 0, 0), (0, 0, 0, 0, 0, 0), (0, 0, 0, 0, 0, 0), (0, 0, 0, 0, 0, 0), (0, 0, 0, 0, 0, 0), (0, 0, 0, 0, 0, 0), (0, 0, 0, 0, 0, 0), (0, 0, 0, 0, 0, 0), (0, 0, 0, 0, 0, 0)]}}
AdaptationManager: Configuring next round...
{'client_registry': {'enabled': True, 'params': {}}, 'client_selector': {'enabled': False, 'params': {}}, 'client_cluster': {'enabled': False, 'params': {}}, 'message_compressor': {'enabled': True, 'params': {}}, 'model_co-versioning_registry': {'enabled': False, 'params': {}}, 'multi-task_model_trainer': {'enabled': False, 'params': {}}, 'heterogeneous_data_handler': {'enabled': False, 'params': {}}}
{'client_selector': {'enabled': False}, 'client_cluster': {'enabled': False}, 'message_compressor': {'enabled': True}, 'model_co-versioning_registry': {'enabled': False}, 'multi-task_model_trainer': {'enabled': False}, 'heterogeneous_data_handler': {'enabled': False}, 'client_registry': {'enabled': True, 'params': {}}}
0.0-iid clients, predicted wo:83.9672 vs w:67.5715, message_compressor activated ✅
Local parameters compressed: reduced 4570 bytes (7.14%)
Local parameters compressed: reduced 4587 bytes (7.17%)
Local parameters compressed: reduced 4583 bytes (7.16%)
Local parameters compressed: reduced 4605 bytes (7.19%)
Local parameters compressed: reduced 4610 bytes (7.20%)
Local parameters compressed: reduced 4570 bytes (7.14%)
Results Aggregated in 65.79 seconds.
{'CNN 16k': {'train_loss': [1.347776275138855, 1.2285828348096213, 1.1474461057758332, 1.0957535506916045, 1.055255882994334, 1.017552096748352, 0.9916122162628174, 0.9711088581593832, 0.9537728514353434, 0.9325136852169037, 0.9108857587178548, 0.8984985500129063, 0.8813697342745463, 0.8691747200075786, 0.8580601606384913, 0.8450379178937276, 0.8496019380394618, 0.8313484415324529, 0.8224817598056793, 0.8092633889309565], 'train_accuracy': [0.50698, 0.55122, 0.58216, 0.60165, 0.6168566666666667, 0.63155, 0.64156, 0.6485066666666667, 0.6558066666666666, 0.6653866666666667, 0.67259, 0.67754, 0.68427, 0.6892133333333333, 0.69196, 0.6982733333333333, 0.69634, 0.7015266666666666, 0.7051466666666667, 0.70934], 'train_f1': [0.3716662051698453, 0.42413965500364836, 0.4597744989751991, 0.48579169305670084, 0.501665972055825, 0.5209523165377872, 0.5280812457331039, 0.5348034405239739, 0.5531366098825367, 0.5610993240351513, 0.5664830566485953, 0.575754955682032, 0.5793247700186068, 0.5886497540921275, 0.5881103547668252, 0.6005199776298126, 0.5991603506373442, 0.6058656664477621, 0.6073376869430037, 0.6147499449699143], 'train_mae': [1.85051, 1.7031666666666667, 1.5981966666666667, 1.4961133333333334, 1.4501433333333333, 1.38333, 1.3283733333333334, 1.2894766666666666, 1.26718, 1.23566, 1.1894166666666666, 1.1850266666666667, 1.17208, 1.1227333333333334, 1.10762, 1.09878, 1.11145, 1.0985266666666667, 1.0684766666666667, 1.0466833333333334], 'val_loss': [3.053207763226827, 2.6622135618845624, 2.4704317204793296, 2.347793008073171, 2.3536606868426007, 2.2747998674710592, 2.3120882402102154, 2.2726394564628603, 2.234981854279836, 2.2381778141975404, 2.200045705095927, 2.173330515575409, 2.21795775458018, 2.163057300345103, 2.225762338256836, 2.1628422925313315, 2.176141859690348, 2.1905738386154177, 2.2114780687650044, 2.169272578716278], 'val_accuracy': [0.34413333333333335, 0.3802833333333333, 0.40773333333333334, 0.41936666666666667, 0.42955, 0.4453, 0.44925, 0.4486, 0.45786666666666664, 0.4670166666666667, 0.4672, 0.47331666666666666, 0.47028333333333333, 0.47395, 0.4743833333333333, 0.4802666666666667, 0.47815, 0.4785, 0.4810333333333333, 0.48363333333333336], 'val_f1': [0.2772167090925628, 0.31721597310312216, 0.3450584690485195, 0.3622498169870354, 0.3738391390886905, 0.3909573266488266, 0.3908761638396471, 0.39289630388781493, 0.40782161905586756, 0.4158824392199761, 0.41486296122702226, 0.4213755661559403, 0.4165607002246109, 0.42414793140606394, 0.42436719813780005, 0.4322316552767465, 0.43024434868948175, 0.4307845270543822, 0.4335215034270967, 0.43692480087079555], 'val_mae': [2.3716833333333334, 2.2788833333333334, 2.1882333333333333, 2.087083333333333, 2.08695, 2.0394833333333335, 2.0105666666666666, 2.0049, 1.9589833333333333, 1.9311333333333334, 1.9211166666666666, 1.9423333333333332, 1.9568833333333333, 1.8875166666666667, 1.8754833333333334, 1.8766833333333333, 1.8841333333333334, 1.9117166666666667, 1.8651, 1.8823], 'jsd': [(0, 0, 0, 0, 0, 0), (0, 0, 0, 0, 0, 0), (0, 0, 0, 0, 0, 0), (0, 0, 0, 0, 0, 0), (0, 0, 0, 0, 0, 0), (0, 0, 0, 0, 0, 0), (0, 0, 0, 0, 0, 0), (0, 0, 0, 0, 0, 0), (0, 0, 0, 0, 0, 0), (0, 0, 0, 0, 0, 0), (0, 0, 0, 0, 0, 0), (0, 0, 0, 0, 0, 0), (0, 0, 0, 0, 0, 0), (0, 0, 0, 0, 0, 0), (0, 0, 0, 0, 0, 0), (0, 0, 0, 0, 0, 0), (0, 0, 0, 0, 0, 0), (0, 0, 0, 0, 0, 0), (0, 0, 0, 0, 0, 0), (0, 0, 0, 0, 0, 0)]}}
AdaptationManager: Configuring next round...
{'client_registry': {'enabled': True, 'params': {}}, 'client_selector': {'enabled': False, 'params': {}}, 'client_cluster': {'enabled': False, 'params': {}}, 'message_compressor': {'enabled': True, 'params': {}}, 'model_co-versioning_registry': {'enabled': False, 'params': {}}, 'multi-task_model_trainer': {'enabled': False, 'params': {}}, 'heterogeneous_data_handler': {'enabled': False, 'params': {}}}
{'client_selector': {'enabled': False}, 'client_cluster': {'enabled': False}, 'message_compressor': {'enabled': True}, 'model_co-versioning_registry': {'enabled': False}, 'multi-task_model_trainer': {'enabled': False}, 'heterogeneous_data_handler': {'enabled': False}, 'client_registry': {'enabled': True, 'params': {}}}
0.0-iid clients, predicted wo:84.6861 vs w:71.8100, message_compressor activated ✅
