==========================================
  ___  ______  ___ ______       _ 
 / _ \ | ___ \/   ||  ___|     | |
/ /_\ \| |_/ / /| || |_ ___  __| |
|  _  ||  __/ /_| ||  _/ _ \/ _` |
| | | || |  \___  || ||  __/ (_| |
\_| |_/\_|      |_/\_| \___|\__,_| v.1.5.0

==========================================
Simulation Started!
List of the Architectural Patterns enabled:
Adaptation Enabled ✅
Global Metric: val_f1, comparison with fixed value: 0.4
Local Metric: jsd, comparison with fixed value: 0.1
Client Registry ✅
Client Selector ✅
 AP Parameters: {'selection_strategy': 'Resource-Based', 'selection_criteria': 'CPU', 'selection_value': 2}
Heterogeneous Data Handler ✅
 AP Parameters: {'enabled_clients': []}
==========================================
Client Client 28 has insufficient CPU (1). Will not participate in the next FL round.
Client Client 27 has insufficient CPU (1). Will not participate in the next FL round.
Client Client 30 has insufficient CPU (1). Will not participate in the next FL round.
Client Client 29 has insufficient CPU (1). Will not participate in the next FL round.
Client Client 23 participates in this round. (CPU: 2, RAM: 4)
Client Client 31 has insufficient CPU (1). Will not participate in the next FL round.
Client Client 32 has insufficient CPU (1). Will not participate in the next FL round.
Client Client 26 has insufficient CPU (1). Will not participate in the next FL round.
Client Client 25 has insufficient CPU (1). Will not participate in the next FL round.
Client Client 24 participates in this round. (CPU: 2, RAM: 4)
Results Aggregated in 19.03 seconds.
{'TextMLP': {'train_loss': [0.5773876030047734], 'train_accuracy': [0.7609166666666667], 'train_f1': [0.3647565720805384], 'train_mae': [0.23908333333333334], 'val_loss': [3.033285169350474], 'val_accuracy': [0.25], 'val_f1': [0.1], 'val_mae': [1.0], 'jsd': [(0, 0, 0, 0, 0, 0, 0.22793804815651525, 0.4228147503508063, 0, 0)]}}
AdaptationManager: Configuring next round...
{'client_registry': {'enabled': True, 'params': {}}, 'client_selector': {'enabled': True, 'params': {'selection_strategy': 'Resource-Based', 'selection_criteria': 'CPU', 'selection_value': 2}}, 'client_cluster': {'enabled': False, 'params': {}}, 'message_compressor': {'enabled': False, 'params': {}}, 'model_co-versioning_registry': {'enabled': False, 'params': {}}, 'multi-task_model_trainer': {'enabled': False, 'params': {}}, 'heterogeneous_data_handler': {'enabled': True, 'params': {'enabled_clients': []}}}
{'client_selector': {'enabled': True}, 'client_cluster': {'enabled': False}, 'message_compressor': {'enabled': False}, 'model_co-versioning_registry': {'enabled': False}, 'multi-task_model_trainer': {'enabled': False}, 'heterogeneous_data_handler': {'enabled': True}, 'client_registry': {'enabled': True, 'params': {}}}
val_f1=0.1, client_selector de-activated ❌
heterogeneous_data_handler activated ✅ for clients: ['Client 29', 'Client 30']
Results Aggregated in 21.02 seconds.
{'TextMLP': {'train_loss': [0.5773876030047734, 0.5125210671784425], 'train_accuracy': [0.7609166666666667, 0.7771407407407407], 'train_f1': [0.3647565720805384, 0.3926461097460609], 'train_mae': [0.23908333333333334, 0.29743703703703706], 'val_loss': [3.033285169350474, 3.9750497441319697], 'val_accuracy': [0.25, 0.2499941520467836], 'val_f1': [0.1, 0.10002428284063956], 'val_mae': [1.0, 1.1778011695906434], 'jsd': [(0, 0, 0, 0, 0, 0, 0.22793804815651525, 0.4228147503508063, 0, 0), (0.20777898568965325, 0.3288521249086499, 0.19461981889994312, 0.5487949406953986, 0.38792325443865305, 0.21155024368509784, 0.13792538097003013, 0.31127812445913283, 0.5056953353933475, 0.5242297899570731)]}}
AdaptationManager: Configuring next round...
{'client_registry': {'enabled': True, 'params': {}}, 'client_selector': {'enabled': True, 'params': {'selection_strategy': 'Resource-Based', 'selection_criteria': 'CPU', 'selection_value': 2}}, 'client_cluster': {'enabled': False, 'params': {}}, 'message_compressor': {'enabled': False, 'params': {}}, 'model_co-versioning_registry': {'enabled': False, 'params': {}}, 'multi-task_model_trainer': {'enabled': False, 'params': {}}, 'heterogeneous_data_handler': {'enabled': True, 'params': {'enabled_clients': []}}}
{'client_selector': {'enabled': False}, 'client_cluster': {'enabled': False}, 'message_compressor': {'enabled': False}, 'model_co-versioning_registry': {'enabled': False}, 'multi-task_model_trainer': {'enabled': False}, 'heterogeneous_data_handler': {'enabled': True, 'params': {'enabled_clients': ['Client 29', 'Client 30']}}, 'client_registry': {'enabled': True, 'params': {}}}
val_f1=0.10002428284063956, client_selector de-activated ❌
heterogeneous_data_handler activated ✅ for clients: ['Client 23', 'Client 24', 'Client 25', 'Client 26', 'Client 27', 'Client 28', 'Client 29', 'Client 30', 'Client 31', 'Client 32']
Results Aggregated in 30.64 seconds.
{'TextMLP': {'train_loss': [0.5773876030047734, 0.5125210671784425, 0.8469900576844811], 'train_accuracy': [0.7609166666666667, 0.7771407407407407, 0.5549479166666667], 'train_f1': [0.3647565720805384, 0.3926461097460609, 0.49481396596550076], 'train_mae': [0.23908333333333334, 0.29743703703703706, 0.66253125], 'val_loss': [3.033285169350474, 3.9750497441319697, 4.047192464855156], 'val_accuracy': [0.25, 0.2499941520467836, 0.2921792763157895], 'val_f1': [0.1, 0.10002428284063956, 0.16809819217647098], 'val_mae': [1.0, 1.1778011695906434, 1.1276583059210525], 'jsd': [(0, 0, 0, 0, 0, 0, 0.22793804815651525, 0.4228147503508063, 0, 0), (0.20777898568965325, 0.3288521249086499, 0.19461981889994312, 0.5487949406953986, 0.38792325443865305, 0.21155024368509784, 0.13792538097003013, 0.31127812445913283, 0.5056953353933475, 0.5242297899570731), (0.13792538097003013, 0.13792538097003013, 0.13792538097003013, 0.13792538097003013, 0.13792538097003013, 0.13792538097003013, 0.13792538097003013, 0.31127812445913283, 0.13792538097003013, 0.13792538097003013)]}}
AdaptationManager: Configuring next round...
{'client_registry': {'enabled': True, 'params': {}}, 'client_selector': {'enabled': True, 'params': {'selection_strategy': 'Resource-Based', 'selection_criteria': 'CPU', 'selection_value': 2}}, 'client_cluster': {'enabled': False, 'params': {}}, 'message_compressor': {'enabled': False, 'params': {}}, 'model_co-versioning_registry': {'enabled': False, 'params': {}}, 'multi-task_model_trainer': {'enabled': False, 'params': {}}, 'heterogeneous_data_handler': {'enabled': True, 'params': {'enabled_clients': []}}}
{'client_selector': {'enabled': False}, 'client_cluster': {'enabled': False}, 'message_compressor': {'enabled': False}, 'model_co-versioning_registry': {'enabled': False}, 'multi-task_model_trainer': {'enabled': False}, 'heterogeneous_data_handler': {'enabled': True, 'params': {'enabled_clients': ['Client 23', 'Client 24', 'Client 25', 'Client 26', 'Client 27', 'Client 28', 'Client 29', 'Client 30', 'Client 31', 'Client 32']}}, 'client_registry': {'enabled': True, 'params': {}}}
val_f1=0.16809819217647098, client_selector de-activated ❌
heterogeneous_data_handler activated ✅ for clients: ['Client 23', 'Client 24', 'Client 25', 'Client 26', 'Client 27', 'Client 28', 'Client 29', 'Client 30', 'Client 31', 'Client 32']
Results Aggregated in 33.43 seconds.
{'TextMLP': {'train_loss': [0.5773876030047734, 0.5125210671784425, 0.8469900576844811, 0.8042509504283468], 'train_accuracy': [0.7609166666666667, 0.7771407407407407, 0.5549479166666667, 0.6148541666666667], 'train_f1': [0.3647565720805384, 0.3926461097460609, 0.49481396596550076, 0.5701805285561532], 'train_mae': [0.23908333333333334, 0.29743703703703706, 0.66253125, 0.5720833333333334], 'val_loss': [3.033285169350474, 3.9750497441319697, 4.047192464855156, 4.488273515418956], 'val_accuracy': [0.25, 0.2499941520467836, 0.2921792763157895, 0.33895148026315786], 'val_f1': [0.1, 0.10002428284063956, 0.16809819217647098, 0.22151325105248618], 'val_mae': [1.0, 1.1778011695906434, 1.1276583059210525, 1.1486307565789473], 'jsd': [(0, 0, 0, 0, 0, 0, 0.22793804815651525, 0.4228147503508063, 0, 0), (0.20777898568965325, 0.3288521249086499, 0.19461981889994312, 0.5487949406953986, 0.38792325443865305, 0.21155024368509784, 0.13792538097003013, 0.31127812445913283, 0.5056953353933475, 0.5242297899570731), (0.13792538097003013, 0.13792538097003013, 0.13792538097003013, 0.13792538097003013, 0.13792538097003013, 0.13792538097003013, 0.13792538097003013, 0.31127812445913283, 0.13792538097003013, 0.13792538097003013), (0.13792538097003013, 0.13792538097003013, 0.13792538097003013, 0.13792538097003013, 0.13792538097003013, 0.13792538097003013, 0.13792538097003013, 0.13792538097003013, 0.13792538097003013, 0.13792538097003013)]}}
AdaptationManager: Configuring next round...
{'client_registry': {'enabled': True, 'params': {}}, 'client_selector': {'enabled': True, 'params': {'selection_strategy': 'Resource-Based', 'selection_criteria': 'CPU', 'selection_value': 2}}, 'client_cluster': {'enabled': False, 'params': {}}, 'message_compressor': {'enabled': False, 'params': {}}, 'model_co-versioning_registry': {'enabled': False, 'params': {}}, 'multi-task_model_trainer': {'enabled': False, 'params': {}}, 'heterogeneous_data_handler': {'enabled': True, 'params': {'enabled_clients': []}}}
{'client_selector': {'enabled': False}, 'client_cluster': {'enabled': False}, 'message_compressor': {'enabled': False}, 'model_co-versioning_registry': {'enabled': False}, 'multi-task_model_trainer': {'enabled': False}, 'heterogeneous_data_handler': {'enabled': True, 'params': {'enabled_clients': ['Client 23', 'Client 24', 'Client 25', 'Client 26', 'Client 27', 'Client 28', 'Client 29', 'Client 30', 'Client 31', 'Client 32']}}, 'client_registry': {'enabled': True, 'params': {}}}
val_f1=0.22151325105248618, client_selector de-activated ❌
heterogeneous_data_handler activated ✅ for clients: ['Client 23', 'Client 24', 'Client 25', 'Client 26', 'Client 27', 'Client 28', 'Client 29', 'Client 30', 'Client 31', 'Client 32']
Results Aggregated in 39.38 seconds.
{'TextMLP': {'train_loss': [0.5773876030047734, 0.5125210671784425, 0.8469900576844811, 0.8042509504283468, 0.6969419724953868], 'train_accuracy': [0.7609166666666667, 0.7771407407407407, 0.5549479166666667, 0.6148541666666667, 0.6850899470899471], 'train_f1': [0.3647565720805384, 0.3926461097460609, 0.49481396596550076, 0.5701805285561532, 0.6580703389360701], 'train_mae': [0.23908333333333334, 0.29743703703703706, 0.66253125, 0.5720833333333334, 0.4281005291005291], 'val_loss': [3.033285169350474, 3.9750497441319697, 4.047192464855156, 4.488273515418956, 4.836004810703727], 'val_accuracy': [0.25, 0.2499941520467836, 0.2921792763157895, 0.33895148026315786, 0.4219204260651629], 'val_f1': [0.1, 0.10002428284063956, 0.16809819217647098, 0.22151325105248618, 0.3222582101819895], 'val_mae': [1.0, 1.1778011695906434, 1.1276583059210525, 1.1486307565789473, 0.9910338345864662], 'jsd': [(0, 0, 0, 0, 0, 0, 0.22793804815651525, 0.4228147503508063, 0, 0), (0.20777898568965325, 0.3288521249086499, 0.19461981889994312, 0.5487949406953986, 0.38792325443865305, 0.21155024368509784, 0.13792538097003013, 0.31127812445913283, 0.5056953353933475, 0.5242297899570731), (0.13792538097003013, 0.13792538097003013, 0.13792538097003013, 0.13792538097003013, 0.13792538097003013, 0.13792538097003013, 0.13792538097003013, 0.31127812445913283, 0.13792538097003013, 0.13792538097003013), (0.13792538097003013, 0.13792538097003013, 0.13792538097003013, 0.13792538097003013, 0.13792538097003013, 0.13792538097003013, 0.13792538097003013, 0.13792538097003013, 0.13792538097003013, 0.13792538097003013), (0.13792538097003013, 0.13792538097003013, 0.13792538097003013, 0.13792538097003013, 0.13792538097003013, 0.13792538097003013, 0.13792538097003013, 0.13792538097003013, 0.13792538097003013, 0.13792538097003013)]}}
AdaptationManager: Configuring next round...
{'client_registry': {'enabled': True, 'params': {}}, 'client_selector': {'enabled': True, 'params': {'selection_strategy': 'Resource-Based', 'selection_criteria': 'CPU', 'selection_value': 2}}, 'client_cluster': {'enabled': False, 'params': {}}, 'message_compressor': {'enabled': False, 'params': {}}, 'model_co-versioning_registry': {'enabled': False, 'params': {}}, 'multi-task_model_trainer': {'enabled': False, 'params': {}}, 'heterogeneous_data_handler': {'enabled': True, 'params': {'enabled_clients': []}}}
{'client_selector': {'enabled': False}, 'client_cluster': {'enabled': False}, 'message_compressor': {'enabled': False}, 'model_co-versioning_registry': {'enabled': False}, 'multi-task_model_trainer': {'enabled': False}, 'heterogeneous_data_handler': {'enabled': True, 'params': {'enabled_clients': ['Client 23', 'Client 24', 'Client 25', 'Client 26', 'Client 27', 'Client 28', 'Client 29', 'Client 30', 'Client 31', 'Client 32']}}, 'client_registry': {'enabled': True, 'params': {}}}
val_f1=0.3222582101819895, client_selector de-activated ❌
heterogeneous_data_handler activated ✅ for clients: ['Client 23', 'Client 24', 'Client 25', 'Client 26', 'Client 27', 'Client 28', 'Client 29', 'Client 30', 'Client 31', 'Client 32']
Results Aggregated in 45.41 seconds.
{'TextMLP': {'train_loss': [0.5773876030047734, 0.5125210671784425, 0.8469900576844811, 0.8042509504283468, 0.6969419724953868, 0.5481226362107147], 'train_accuracy': [0.7609166666666667, 0.7771407407407407, 0.5549479166666667, 0.6148541666666667, 0.6850899470899471, 0.7534444444444445], 'train_f1': [0.3647565720805384, 0.3926461097460609, 0.49481396596550076, 0.5701805285561532, 0.6580703389360701, 0.734249915072699], 'train_mae': [0.23908333333333334, 0.29743703703703706, 0.66253125, 0.5720833333333334, 0.4281005291005291, 0.32855555555555555], 'val_loss': [3.033285169350474, 3.9750497441319697, 4.047192464855156, 4.488273515418956, 4.836004810703727, 5.48510008265615], 'val_accuracy': [0.25, 0.2499941520467836, 0.2921792763157895, 0.33895148026315786, 0.4219204260651629, 0.49959767206477734], 'val_f1': [0.1, 0.10002428284063956, 0.16809819217647098, 0.22151325105248618, 0.3222582101819895, 0.41326073156607895], 'val_mae': [1.0, 1.1778011695906434, 1.1276583059210525, 1.1486307565789473, 0.9910338345864662, 0.8181072874493927], 'jsd': [(0, 0, 0, 0, 0, 0, 0.22793804815651525, 0.4228147503508063, 0, 0), (0.20777898568965325, 0.3288521249086499, 0.19461981889994312, 0.5487949406953986, 0.38792325443865305, 0.21155024368509784, 0.13792538097003013, 0.31127812445913283, 0.5056953353933475, 0.5242297899570731), (0.13792538097003013, 0.13792538097003013, 0.13792538097003013, 0.13792538097003013, 0.13792538097003013, 0.13792538097003013, 0.13792538097003013, 0.31127812445913283, 0.13792538097003013, 0.13792538097003013), (0.13792538097003013, 0.13792538097003013, 0.13792538097003013, 0.13792538097003013, 0.13792538097003013, 0.13792538097003013, 0.13792538097003013, 0.13792538097003013, 0.13792538097003013, 0.13792538097003013), (0.13792538097003013, 0.13792538097003013, 0.13792538097003013, 0.13792538097003013, 0.13792538097003013, 0.13792538097003013, 0.13792538097003013, 0.13792538097003013, 0.13792538097003013, 0.13792538097003013), (0.13792538097003013, 0.13792538097003013, 0.13792538097003013, 0.13792538097003013, 0.13792538097003013, 0.13792538097003013, 0.13792538097003013, 0.13792538097003013, 0.13792538097003013, 0.13792538097003013)]}}
AdaptationManager: Configuring next round...
{'client_registry': {'enabled': True, 'params': {}}, 'client_selector': {'enabled': True, 'params': {'selection_strategy': 'Resource-Based', 'selection_criteria': 'CPU', 'selection_value': 2}}, 'client_cluster': {'enabled': False, 'params': {}}, 'message_compressor': {'enabled': False, 'params': {}}, 'model_co-versioning_registry': {'enabled': False, 'params': {}}, 'multi-task_model_trainer': {'enabled': False, 'params': {}}, 'heterogeneous_data_handler': {'enabled': True, 'params': {'enabled_clients': []}}}
{'client_selector': {'enabled': False}, 'client_cluster': {'enabled': False}, 'message_compressor': {'enabled': False}, 'model_co-versioning_registry': {'enabled': False}, 'multi-task_model_trainer': {'enabled': False}, 'heterogeneous_data_handler': {'enabled': True, 'params': {'enabled_clients': ['Client 23', 'Client 24', 'Client 25', 'Client 26', 'Client 27', 'Client 28', 'Client 29', 'Client 30', 'Client 31', 'Client 32']}}, 'client_registry': {'enabled': True, 'params': {}}}
val_f1=0.41326073156607895, client_selector activated ✅
heterogeneous_data_handler activated ✅ for clients: ['Client 23', 'Client 24', 'Client 25', 'Client 26', 'Client 27', 'Client 28', 'Client 29', 'Client 30', 'Client 31', 'Client 32']
Client Client 24 participates in this round. (CPU: 2, RAM: 4)
Client Client 32 has insufficient CPU (1). Will not participate in the next FL round.
Client Client 28 has insufficient CPU (1). Will not participate in the next FL round.
Client Client 29 has insufficient CPU (1). Will not participate in the next FL round.
Client Client 30 has insufficient CPU (1). Will not participate in the next FL round.
Client Client 23 participates in this round. (CPU: 2, RAM: 4)
Client Client 25 has insufficient CPU (1). Will not participate in the next FL round.
Client Client 27 has insufficient CPU (1). Will not participate in the next FL round.
Client Client 31 has insufficient CPU (1). Will not participate in the next FL round.
Client Client 26 has insufficient CPU (1). Will not participate in the next FL round.
Results Aggregated in 47.98 seconds.
{'TextMLP': {'train_loss': [0.5773876030047734, 0.5125210671784425, 0.8469900576844811, 0.8042509504283468, 0.6969419724953868, 0.5481226362107147, 0.4481095632182227], 'train_accuracy': [0.7609166666666667, 0.7771407407407407, 0.5549479166666667, 0.6148541666666667, 0.6850899470899471, 0.7534444444444445, 0.790079365079365], 'train_f1': [0.3647565720805384, 0.3926461097460609, 0.49481396596550076, 0.5701805285561532, 0.6580703389360701, 0.734249915072699, 0.7863281081224932], 'train_mae': [0.23908333333333334, 0.29743703703703706, 0.66253125, 0.5720833333333334, 0.4281005291005291, 0.32855555555555555, 0.2708412698412698], 'val_loss': [3.033285169350474, 3.9750497441319697, 4.047192464855156, 4.488273515418956, 4.836004810703727, 5.48510008265615, 5.667450827548378], 'val_accuracy': [0.25, 0.2499941520467836, 0.2921792763157895, 0.33895148026315786, 0.4219204260651629, 0.49959767206477734, 0.6060526315789474], 'val_f1': [0.1, 0.10002428284063956, 0.16809819217647098, 0.22151325105248618, 0.3222582101819895, 0.41326073156607895, 0.5253311009091194], 'val_mae': [1.0, 1.1778011695906434, 1.1276583059210525, 1.1486307565789473, 0.9910338345864662, 0.8181072874493927, 0.625], 'jsd': [(0, 0, 0, 0, 0, 0, 0.22793804815651525, 0.4228147503508063, 0, 0), (0.20777898568965325, 0.3288521249086499, 0.19461981889994312, 0.5487949406953986, 0.38792325443865305, 0.21155024368509784, 0.13792538097003013, 0.31127812445913283, 0.5056953353933475, 0.5242297899570731), (0.13792538097003013, 0.13792538097003013, 0.13792538097003013, 0.13792538097003013, 0.13792538097003013, 0.13792538097003013, 0.13792538097003013, 0.31127812445913283, 0.13792538097003013, 0.13792538097003013), (0.13792538097003013, 0.13792538097003013, 0.13792538097003013, 0.13792538097003013, 0.13792538097003013, 0.13792538097003013, 0.13792538097003013, 0.13792538097003013, 0.13792538097003013, 0.13792538097003013), (0.13792538097003013, 0.13792538097003013, 0.13792538097003013, 0.13792538097003013, 0.13792538097003013, 0.13792538097003013, 0.13792538097003013, 0.13792538097003013, 0.13792538097003013, 0.13792538097003013), (0.13792538097003013, 0.13792538097003013, 0.13792538097003013, 0.13792538097003013, 0.13792538097003013, 0.13792538097003013, 0.13792538097003013, 0.13792538097003013, 0.13792538097003013, 0.13792538097003013), (0, 0, 0, 0, 0, 0, 0.13792538097003013, 0.13792538097003013, 0, 0)]}}
AdaptationManager: Configuring next round...
{'client_registry': {'enabled': True, 'params': {}}, 'client_selector': {'enabled': True, 'params': {'selection_strategy': 'Resource-Based', 'selection_criteria': 'CPU', 'selection_value': 2}}, 'client_cluster': {'enabled': False, 'params': {}}, 'message_compressor': {'enabled': False, 'params': {}}, 'model_co-versioning_registry': {'enabled': False, 'params': {}}, 'multi-task_model_trainer': {'enabled': False, 'params': {}}, 'heterogeneous_data_handler': {'enabled': True, 'params': {'enabled_clients': []}}}
{'client_selector': {'enabled': True}, 'client_cluster': {'enabled': False}, 'message_compressor': {'enabled': False}, 'model_co-versioning_registry': {'enabled': False}, 'multi-task_model_trainer': {'enabled': False}, 'heterogeneous_data_handler': {'enabled': True, 'params': {'enabled_clients': ['Client 23', 'Client 24', 'Client 25', 'Client 26', 'Client 27', 'Client 28', 'Client 29', 'Client 30', 'Client 31', 'Client 32']}}, 'client_registry': {'enabled': True, 'params': {}}}
val_f1=0.5253311009091194, client_selector activated ✅
heterogeneous_data_handler activated ✅ for clients: ['Client 29', 'Client 30']
Client Client 27 has insufficient CPU (1). Will not participate in the next FL round.
Client Client 25 has insufficient CPU (1). Will not participate in the next FL round.
Client Client 26 has insufficient CPU (1). Will not participate in the next FL round.
Client Client 31 has insufficient CPU (1). Will not participate in the next FL round.
Client Client 28 has insufficient CPU (1). Will not participate in the next FL round.
Client Client 23 participates in this round. (CPU: 2, RAM: 4)
Client Client 24 participates in this round. (CPU: 2, RAM: 4)
Client Client 32 has insufficient CPU (1). Will not participate in the next FL round.
Client Client 29 has insufficient CPU (1). Will not participate in the next FL round.
Client Client 30 has insufficient CPU (1). Will not participate in the next FL round.
Results Aggregated in 31.44 seconds.
{'TextMLP': {'train_loss': [0.5773876030047734, 0.5125210671784425, 0.8469900576844811, 0.8042509504283468, 0.6969419724953868, 0.5481226362107147, 0.4481095632182227, 0.32155348183214666], 'train_accuracy': [0.7609166666666667, 0.7771407407407407, 0.5549479166666667, 0.6148541666666667, 0.6850899470899471, 0.7534444444444445, 0.790079365079365, 0.8742291666666666], 'train_f1': [0.3647565720805384, 0.3926461097460609, 0.49481396596550076, 0.5701805285561532, 0.6580703389360701, 0.734249915072699, 0.7863281081224932, 0.8155639507730951], 'train_mae': [0.23908333333333334, 0.29743703703703706, 0.66253125, 0.5720833333333334, 0.4281005291005291, 0.32855555555555555, 0.2708412698412698, 0.1939375], 'val_loss': [3.033285169350474, 3.9750497441319697, 4.047192464855156, 4.488273515418956, 4.836004810703727, 5.48510008265615, 5.667450827548378, 5.811206259978445], 'val_accuracy': [0.25, 0.2499941520467836, 0.2921792763157895, 0.33895148026315786, 0.4219204260651629, 0.49959767206477734, 0.6060526315789474, 0.5913157894736842], 'val_f1': [0.1, 0.10002428284063956, 0.16809819217647098, 0.22151325105248618, 0.3222582101819895, 0.41326073156607895, 0.5253311009091194, 0.5148990641370729], 'val_mae': [1.0, 1.1778011695906434, 1.1276583059210525, 1.1486307565789473, 0.9910338345864662, 0.8181072874493927, 0.625, 0.7188157894736842], 'jsd': [(0, 0, 0, 0, 0, 0, 0.22793804815651525, 0.4228147503508063, 0, 0), (0.20777898568965325, 0.3288521249086499, 0.19461981889994312, 0.5487949406953986, 0.38792325443865305, 0.21155024368509784, 0.13792538097003013, 0.31127812445913283, 0.5056953353933475, 0.5242297899570731), (0.13792538097003013, 0.13792538097003013, 0.13792538097003013, 0.13792538097003013, 0.13792538097003013, 0.13792538097003013, 0.13792538097003013, 0.31127812445913283, 0.13792538097003013, 0.13792538097003013), (0.13792538097003013, 0.13792538097003013, 0.13792538097003013, 0.13792538097003013, 0.13792538097003013, 0.13792538097003013, 0.13792538097003013, 0.13792538097003013, 0.13792538097003013, 0.13792538097003013), (0.13792538097003013, 0.13792538097003013, 0.13792538097003013, 0.13792538097003013, 0.13792538097003013, 0.13792538097003013, 0.13792538097003013, 0.13792538097003013, 0.13792538097003013, 0.13792538097003013), (0.13792538097003013, 0.13792538097003013, 0.13792538097003013, 0.13792538097003013, 0.13792538097003013, 0.13792538097003013, 0.13792538097003013, 0.13792538097003013, 0.13792538097003013, 0.13792538097003013), (0, 0, 0, 0, 0, 0, 0.13792538097003013, 0.13792538097003013, 0, 0), (0, 0, 0, 0, 0, 0, 0.2479764102340586, 0.19055608136086177, 0, 0)]}}
AdaptationManager: Configuring next round...
{'client_registry': {'enabled': True, 'params': {}}, 'client_selector': {'enabled': True, 'params': {'selection_strategy': 'Resource-Based', 'selection_criteria': 'CPU', 'selection_value': 2}}, 'client_cluster': {'enabled': False, 'params': {}}, 'message_compressor': {'enabled': False, 'params': {}}, 'model_co-versioning_registry': {'enabled': False, 'params': {}}, 'multi-task_model_trainer': {'enabled': False, 'params': {}}, 'heterogeneous_data_handler': {'enabled': True, 'params': {'enabled_clients': []}}}
{'client_selector': {'enabled': True}, 'client_cluster': {'enabled': False}, 'message_compressor': {'enabled': False}, 'model_co-versioning_registry': {'enabled': False}, 'multi-task_model_trainer': {'enabled': False}, 'heterogeneous_data_handler': {'enabled': True, 'params': {'enabled_clients': ['Client 29', 'Client 30']}}, 'client_registry': {'enabled': True, 'params': {}}}
val_f1=0.5148990641370729, client_selector de-activated ❌
heterogeneous_data_handler activated ✅ for clients: ['Client 29', 'Client 30']
Results Aggregated in 33.43 seconds.
{'TextMLP': {'train_loss': [0.5773876030047734, 0.5125210671784425, 0.8469900576844811, 0.8042509504283468, 0.6969419724953868, 0.5481226362107147, 0.4481095632182227, 0.32155348183214666, 0.2846434688732107], 'train_accuracy': [0.7609166666666667, 0.7771407407407407, 0.5549479166666667, 0.6148541666666667, 0.6850899470899471, 0.7534444444444445, 0.790079365079365, 0.8742291666666666, 0.892005291005291], 'train_f1': [0.3647565720805384, 0.3926461097460609, 0.49481396596550076, 0.5701805285561532, 0.6580703389360701, 0.734249915072699, 0.7863281081224932, 0.8155639507730951, 0.8126835369158175], 'train_mae': [0.23908333333333334, 0.29743703703703706, 0.66253125, 0.5720833333333334, 0.4281005291005291, 0.32855555555555555, 0.2708412698412698, 0.1939375, 0.1661931216931217], 'val_loss': [3.033285169350474, 3.9750497441319697, 4.047192464855156, 4.488273515418956, 4.836004810703727, 5.48510008265615, 5.667450827548378, 5.811206259978445, 5.814024417155368], 'val_accuracy': [0.25, 0.2499941520467836, 0.2921792763157895, 0.33895148026315786, 0.4219204260651629, 0.49959767206477734, 0.6060526315789474, 0.5913157894736842, 0.5919924812030075], 'val_f1': [0.1, 0.10002428284063956, 0.16809819217647098, 0.22151325105248618, 0.3222582101819895, 0.41326073156607895, 0.5253311009091194, 0.5148990641370729, 0.5090752400812377], 'val_mae': [1.0, 1.1778011695906434, 1.1276583059210525, 1.1486307565789473, 0.9910338345864662, 0.8181072874493927, 0.625, 0.7188157894736842, 0.6877443609022557], 'jsd': [(0, 0, 0, 0, 0, 0, 0.22793804815651525, 0.4228147503508063, 0, 0), (0.20777898568965325, 0.3288521249086499, 0.19461981889994312, 0.5487949406953986, 0.38792325443865305, 0.21155024368509784, 0.13792538097003013, 0.31127812445913283, 0.5056953353933475, 0.5242297899570731), (0.13792538097003013, 0.13792538097003013, 0.13792538097003013, 0.13792538097003013, 0.13792538097003013, 0.13792538097003013, 0.13792538097003013, 0.31127812445913283, 0.13792538097003013, 0.13792538097003013), (0.13792538097003013, 0.13792538097003013, 0.13792538097003013, 0.13792538097003013, 0.13792538097003013, 0.13792538097003013, 0.13792538097003013, 0.13792538097003013, 0.13792538097003013, 0.13792538097003013), (0.13792538097003013, 0.13792538097003013, 0.13792538097003013, 0.13792538097003013, 0.13792538097003013, 0.13792538097003013, 0.13792538097003013, 0.13792538097003013, 0.13792538097003013, 0.13792538097003013), (0.13792538097003013, 0.13792538097003013, 0.13792538097003013, 0.13792538097003013, 0.13792538097003013, 0.13792538097003013, 0.13792538097003013, 0.13792538097003013, 0.13792538097003013, 0.13792538097003013), (0, 0, 0, 0, 0, 0, 0.13792538097003013, 0.13792538097003013, 0, 0), (0, 0, 0, 0, 0, 0, 0.2479764102340586, 0.19055608136086177, 0, 0), (0.2500029600962594, 0.1909796812368089, 0.21744858364900194, 0.380047970301869, 0.25189862935286944, 0.18560332762906684, 0.13792538097003013, 0.13792538097003013, 0.3410968381893561, 0.1498579220473646)]}}
AdaptationManager: Configuring next round...
{'client_registry': {'enabled': True, 'params': {}}, 'client_selector': {'enabled': True, 'params': {'selection_strategy': 'Resource-Based', 'selection_criteria': 'CPU', 'selection_value': 2}}, 'client_cluster': {'enabled': False, 'params': {}}, 'message_compressor': {'enabled': False, 'params': {}}, 'model_co-versioning_registry': {'enabled': False, 'params': {}}, 'multi-task_model_trainer': {'enabled': False, 'params': {}}, 'heterogeneous_data_handler': {'enabled': True, 'params': {'enabled_clients': []}}}
{'client_selector': {'enabled': False}, 'client_cluster': {'enabled': False}, 'message_compressor': {'enabled': False}, 'model_co-versioning_registry': {'enabled': False}, 'multi-task_model_trainer': {'enabled': False}, 'heterogeneous_data_handler': {'enabled': True, 'params': {'enabled_clients': ['Client 29', 'Client 30']}}, 'client_registry': {'enabled': True, 'params': {}}}
val_f1=0.5090752400812377, client_selector de-activated ❌
heterogeneous_data_handler activated ✅ for clients: ['Client 23', 'Client 24', 'Client 25', 'Client 26', 'Client 27', 'Client 28', 'Client 29', 'Client 30', 'Client 31', 'Client 32']
Results Aggregated in 53.29 seconds.
{'TextMLP': {'train_loss': [0.5773876030047734, 0.5125210671784425, 0.8469900576844811, 0.8042509504283468, 0.6969419724953868, 0.5481226362107147, 0.4481095632182227, 0.32155348183214666, 0.2846434688732107, 0.37002717713767674], 'train_accuracy': [0.7609166666666667, 0.7771407407407407, 0.5549479166666667, 0.6148541666666667, 0.6850899470899471, 0.7534444444444445, 0.790079365079365, 0.8742291666666666, 0.892005291005291, 0.8325789473684211], 'train_f1': [0.3647565720805384, 0.3926461097460609, 0.49481396596550076, 0.5701805285561532, 0.6580703389360701, 0.734249915072699, 0.7863281081224932, 0.8155639507730951, 0.8126835369158175, 0.8259524865272855], 'train_mae': [0.23908333333333334, 0.29743703703703706, 0.66253125, 0.5720833333333334, 0.4281005291005291, 0.32855555555555555, 0.2708412698412698, 0.1939375, 0.1661931216931217, 0.2136140350877193], 'val_loss': [3.033285169350474, 3.9750497441319697, 4.047192464855156, 4.488273515418956, 4.836004810703727, 5.48510008265615, 5.667450827548378, 5.811206259978445, 5.814024417155368, 5.444587428866992], 'val_accuracy': [0.25, 0.2499941520467836, 0.2921792763157895, 0.33895148026315786, 0.4219204260651629, 0.49959767206477734, 0.6060526315789474, 0.5913157894736842, 0.5919924812030075, 0.6424688365650969], 'val_f1': [0.1, 0.10002428284063956, 0.16809819217647098, 0.22151325105248618, 0.3222582101819895, 0.41326073156607895, 0.5253311009091194, 0.5148990641370729, 0.5090752400812377, 0.5570818248617472], 'val_mae': [1.0, 1.1778011695906434, 1.1276583059210525, 1.1486307565789473, 0.9910338345864662, 0.8181072874493927, 0.625, 0.7188157894736842, 0.6877443609022557, 0.5407409972299169], 'jsd': [(0, 0, 0, 0, 0, 0, 0.22793804815651525, 0.4228147503508063, 0, 0), (0.20777898568965325, 0.3288521249086499, 0.19461981889994312, 0.5487949406953986, 0.38792325443865305, 0.21155024368509784, 0.13792538097003013, 0.31127812445913283, 0.5056953353933475, 0.5242297899570731), (0.13792538097003013, 0.13792538097003013, 0.13792538097003013, 0.13792538097003013, 0.13792538097003013, 0.13792538097003013, 0.13792538097003013, 0.31127812445913283, 0.13792538097003013, 0.13792538097003013), (0.13792538097003013, 0.13792538097003013, 0.13792538097003013, 0.13792538097003013, 0.13792538097003013, 0.13792538097003013, 0.13792538097003013, 0.13792538097003013, 0.13792538097003013, 0.13792538097003013), (0.13792538097003013, 0.13792538097003013, 0.13792538097003013, 0.13792538097003013, 0.13792538097003013, 0.13792538097003013, 0.13792538097003013, 0.13792538097003013, 0.13792538097003013, 0.13792538097003013), (0.13792538097003013, 0.13792538097003013, 0.13792538097003013, 0.13792538097003013, 0.13792538097003013, 0.13792538097003013, 0.13792538097003013, 0.13792538097003013, 0.13792538097003013, 0.13792538097003013), (0, 0, 0, 0, 0, 0, 0.13792538097003013, 0.13792538097003013, 0, 0), (0, 0, 0, 0, 0, 0, 0.2479764102340586, 0.19055608136086177, 0, 0), (0.2500029600962594, 0.1909796812368089, 0.21744858364900194, 0.380047970301869, 0.25189862935286944, 0.18560332762906684, 0.13792538097003013, 0.13792538097003013, 0.3410968381893561, 0.1498579220473646), (0.13792538097003013, 0.13792538097003013, 0.13792538097003013, 0.13792538097003013, 0.13792538097003013, 0.13792538097003013, 0.13792538097003013, 0.13792538097003013, 0.13792538097003013, 0.13792538097003013)]}}
AdaptationManager: Configuring next round...
{'client_registry': {'enabled': True, 'params': {}}, 'client_selector': {'enabled': True, 'params': {'selection_strategy': 'Resource-Based', 'selection_criteria': 'CPU', 'selection_value': 2}}, 'client_cluster': {'enabled': False, 'params': {}}, 'message_compressor': {'enabled': False, 'params': {}}, 'model_co-versioning_registry': {'enabled': False, 'params': {}}, 'multi-task_model_trainer': {'enabled': False, 'params': {}}, 'heterogeneous_data_handler': {'enabled': True, 'params': {'enabled_clients': []}}}
{'client_selector': {'enabled': False}, 'client_cluster': {'enabled': False}, 'message_compressor': {'enabled': False}, 'model_co-versioning_registry': {'enabled': False}, 'multi-task_model_trainer': {'enabled': False}, 'heterogeneous_data_handler': {'enabled': True, 'params': {'enabled_clients': ['Client 23', 'Client 24', 'Client 25', 'Client 26', 'Client 27', 'Client 28', 'Client 29', 'Client 30', 'Client 31', 'Client 32']}}, 'client_registry': {'enabled': True, 'params': {}}}
val_f1=0.5570818248617472, client_selector activated ✅
heterogeneous_data_handler activated ✅ for clients: ['Client 23', 'Client 24', 'Client 25', 'Client 26', 'Client 27', 'Client 28', 'Client 29', 'Client 30', 'Client 31', 'Client 32']
Client Client 28 has insufficient CPU (1). Will not participate in the next FL round.
Client Client 29 has insufficient CPU (1). Will not participate in the next FL round.
Client Client 32 has insufficient CPU (1). Will not participate in the next FL round.
Client Client 24 participates in this round. (CPU: 2, RAM: 4)
Client Client 23 participates in this round. (CPU: 2, RAM: 4)
Client Client 30 has insufficient CPU (1). Will not participate in the next FL round.
Client Client 27 has insufficient CPU (1). Will not participate in the next FL round.
Client Client 25 has insufficient CPU (1). Will not participate in the next FL round.
Client Client 31 has insufficient CPU (1). Will not participate in the next FL round.
Client Client 26 has insufficient CPU (1). Will not participate in the next FL round.
Results Aggregated in 51.22 seconds.
{'TextMLP': {'train_loss': [0.5773876030047734, 0.5125210671784425, 0.8469900576844811, 0.8042509504283468, 0.6969419724953868, 0.5481226362107147, 0.4481095632182227, 0.32155348183214666, 0.2846434688732107, 0.37002717713767674, 0.3596756739592311], 'train_accuracy': [0.7609166666666667, 0.7771407407407407, 0.5549479166666667, 0.6148541666666667, 0.6850899470899471, 0.7534444444444445, 0.790079365079365, 0.8742291666666666, 0.892005291005291, 0.8325789473684211, 0.8234747474747475], 'train_f1': [0.3647565720805384, 0.3926461097460609, 0.49481396596550076, 0.5701805285561532, 0.6580703389360701, 0.734249915072699, 0.7863281081224932, 0.8155639507730951, 0.8126835369158175, 0.8259524865272855, 0.8215110502808384], 'train_mae': [0.23908333333333334, 0.29743703703703706, 0.66253125, 0.5720833333333334, 0.4281005291005291, 0.32855555555555555, 0.2708412698412698, 0.1939375, 0.1661931216931217, 0.2136140350877193, 0.22531313131313133], 'val_loss': [3.033285169350474, 3.9750497441319697, 4.047192464855156, 4.488273515418956, 4.836004810703727, 5.48510008265615, 5.667450827548378, 5.811206259978445, 5.814024417155368, 5.444587428866992, 5.414783020019531], 'val_accuracy': [0.25, 0.2499941520467836, 0.2921792763157895, 0.33895148026315786, 0.4219204260651629, 0.49959767206477734, 0.6060526315789474, 0.5913157894736842, 0.5919924812030075, 0.6424688365650969, 0.6473684210526316], 'val_f1': [0.1, 0.10002428284063956, 0.16809819217647098, 0.22151325105248618, 0.3222582101819895, 0.41326073156607895, 0.5253311009091194, 0.5148990641370729, 0.5090752400812377, 0.5570818248617472, 0.5650849941313549], 'val_mae': [1.0, 1.1778011695906434, 1.1276583059210525, 1.1486307565789473, 0.9910338345864662, 0.8181072874493927, 0.625, 0.7188157894736842, 0.6877443609022557, 0.5407409972299169, 0.51375], 'jsd': [(0, 0, 0, 0, 0, 0, 0.22793804815651525, 0.4228147503508063, 0, 0), (0.20777898568965325, 0.3288521249086499, 0.19461981889994312, 0.5487949406953986, 0.38792325443865305, 0.21155024368509784, 0.13792538097003013, 0.31127812445913283, 0.5056953353933475, 0.5242297899570731), (0.13792538097003013, 0.13792538097003013, 0.13792538097003013, 0.13792538097003013, 0.13792538097003013, 0.13792538097003013, 0.13792538097003013, 0.31127812445913283, 0.13792538097003013, 0.13792538097003013), (0.13792538097003013, 0.13792538097003013, 0.13792538097003013, 0.13792538097003013, 0.13792538097003013, 0.13792538097003013, 0.13792538097003013, 0.13792538097003013, 0.13792538097003013, 0.13792538097003013), (0.13792538097003013, 0.13792538097003013, 0.13792538097003013, 0.13792538097003013, 0.13792538097003013, 0.13792538097003013, 0.13792538097003013, 0.13792538097003013, 0.13792538097003013, 0.13792538097003013), (0.13792538097003013, 0.13792538097003013, 0.13792538097003013, 0.13792538097003013, 0.13792538097003013, 0.13792538097003013, 0.13792538097003013, 0.13792538097003013, 0.13792538097003013, 0.13792538097003013), (0, 0, 0, 0, 0, 0, 0.13792538097003013, 0.13792538097003013, 0, 0), (0, 0, 0, 0, 0, 0, 0.2479764102340586, 0.19055608136086177, 0, 0), (0.2500029600962594, 0.1909796812368089, 0.21744858364900194, 0.380047970301869, 0.25189862935286944, 0.18560332762906684, 0.13792538097003013, 0.13792538097003013, 0.3410968381893561, 0.1498579220473646), (0.13792538097003013, 0.13792538097003013, 0.13792538097003013, 0.13792538097003013, 0.13792538097003013, 0.13792538097003013, 0.13792538097003013, 0.13792538097003013, 0.13792538097003013, 0.13792538097003013), (0, 0, 0, 0, 0, 0, 0.13792538097003013, 0.13792538097003013, 0, 0)]}}
AdaptationManager: Configuring next round...
{'client_registry': {'enabled': True, 'params': {}}, 'client_selector': {'enabled': True, 'params': {'selection_strategy': 'Resource-Based', 'selection_criteria': 'CPU', 'selection_value': 2}}, 'client_cluster': {'enabled': False, 'params': {}}, 'message_compressor': {'enabled': False, 'params': {}}, 'model_co-versioning_registry': {'enabled': False, 'params': {}}, 'multi-task_model_trainer': {'enabled': False, 'params': {}}, 'heterogeneous_data_handler': {'enabled': True, 'params': {'enabled_clients': []}}}
{'client_selector': {'enabled': True}, 'client_cluster': {'enabled': False}, 'message_compressor': {'enabled': False}, 'model_co-versioning_registry': {'enabled': False}, 'multi-task_model_trainer': {'enabled': False}, 'heterogeneous_data_handler': {'enabled': True, 'params': {'enabled_clients': ['Client 23', 'Client 24', 'Client 25', 'Client 26', 'Client 27', 'Client 28', 'Client 29', 'Client 30', 'Client 31', 'Client 32']}}, 'client_registry': {'enabled': True, 'params': {}}}
val_f1=0.5650849941313549, client_selector activated ✅
heterogeneous_data_handler activated ✅ for clients: ['Client 29', 'Client 30']
Client Client 26 has insufficient CPU (1). Will not participate in the next FL round.
Client Client 28 has insufficient CPU (1). Will not participate in the next FL round.
Client Client 31 has insufficient CPU (1). Will not participate in the next FL round.
Client Client 25 has insufficient CPU (1). Will not participate in the next FL round.
Client Client 23 participates in this round. (CPU: 2, RAM: 4)
Client Client 32 has insufficient CPU (1). Will not participate in the next FL round.
Client Client 27 has insufficient CPU (1). Will not participate in the next FL round.
Client Client 24 participates in this round. (CPU: 2, RAM: 4)
Client Client 29 has insufficient CPU (1). Will not participate in the next FL round.
Client Client 30 has insufficient CPU (1). Will not participate in the next FL round.
Results Aggregated in 35.14 seconds.
{'TextMLP': {'train_loss': [0.5773876030047734, 0.5125210671784425, 0.8469900576844811, 0.8042509504283468, 0.6969419724953868, 0.5481226362107147, 0.4481095632182227, 0.32155348183214666, 0.2846434688732107, 0.37002717713767674, 0.3596756739592311, 0.26917685917682116], 'train_accuracy': [0.7609166666666667, 0.7771407407407407, 0.5549479166666667, 0.6148541666666667, 0.6850899470899471, 0.7534444444444445, 0.790079365079365, 0.8742291666666666, 0.892005291005291, 0.8325789473684211, 0.8234747474747475, 0.8973680555555555], 'train_f1': [0.3647565720805384, 0.3926461097460609, 0.49481396596550076, 0.5701805285561532, 0.6580703389360701, 0.734249915072699, 0.7863281081224932, 0.8155639507730951, 0.8126835369158175, 0.8259524865272855, 0.8215110502808384, 0.8649357629412844], 'train_mae': [0.23908333333333334, 0.29743703703703706, 0.66253125, 0.5720833333333334, 0.4281005291005291, 0.32855555555555555, 0.2708412698412698, 0.1939375, 0.1661931216931217, 0.2136140350877193, 0.22531313131313133, 0.1604375], 'val_loss': [3.033285169350474, 3.9750497441319697, 4.047192464855156, 4.488273515418956, 4.836004810703727, 5.48510008265615, 5.667450827548378, 5.811206259978445, 5.814024417155368, 5.444587428866992, 5.414783020019531, 5.507977642762033], 'val_accuracy': [0.25, 0.2499941520467836, 0.2921792763157895, 0.33895148026315786, 0.4219204260651629, 0.49959767206477734, 0.6060526315789474, 0.5913157894736842, 0.5919924812030075, 0.6424688365650969, 0.6473684210526316, 0.6352631578947369], 'val_f1': [0.1, 0.10002428284063956, 0.16809819217647098, 0.22151325105248618, 0.3222582101819895, 0.41326073156607895, 0.5253311009091194, 0.5148990641370729, 0.5090752400812377, 0.5570818248617472, 0.5650849941313549, 0.5510223712404884], 'val_mae': [1.0, 1.1778011695906434, 1.1276583059210525, 1.1486307565789473, 0.9910338345864662, 0.8181072874493927, 0.625, 0.7188157894736842, 0.6877443609022557, 0.5407409972299169, 0.51375, 0.6073026315789474], 'jsd': [(0, 0, 0, 0, 0, 0, 0.22793804815651525, 0.4228147503508063, 0, 0), (0.20777898568965325, 0.3288521249086499, 0.19461981889994312, 0.5487949406953986, 0.38792325443865305, 0.21155024368509784, 0.13792538097003013, 0.31127812445913283, 0.5056953353933475, 0.5242297899570731), (0.13792538097003013, 0.13792538097003013, 0.13792538097003013, 0.13792538097003013, 0.13792538097003013, 0.13792538097003013, 0.13792538097003013, 0.31127812445913283, 0.13792538097003013, 0.13792538097003013), (0.13792538097003013, 0.13792538097003013, 0.13792538097003013, 0.13792538097003013, 0.13792538097003013, 0.13792538097003013, 0.13792538097003013, 0.13792538097003013, 0.13792538097003013, 0.13792538097003013), (0.13792538097003013, 0.13792538097003013, 0.13792538097003013, 0.13792538097003013, 0.13792538097003013, 0.13792538097003013, 0.13792538097003013, 0.13792538097003013, 0.13792538097003013, 0.13792538097003013), (0.13792538097003013, 0.13792538097003013, 0.13792538097003013, 0.13792538097003013, 0.13792538097003013, 0.13792538097003013, 0.13792538097003013, 0.13792538097003013, 0.13792538097003013, 0.13792538097003013), (0, 0, 0, 0, 0, 0, 0.13792538097003013, 0.13792538097003013, 0, 0), (0, 0, 0, 0, 0, 0, 0.2479764102340586, 0.19055608136086177, 0, 0), (0.2500029600962594, 0.1909796812368089, 0.21744858364900194, 0.380047970301869, 0.25189862935286944, 0.18560332762906684, 0.13792538097003013, 0.13792538097003013, 0.3410968381893561, 0.1498579220473646), (0.13792538097003013, 0.13792538097003013, 0.13792538097003013, 0.13792538097003013, 0.13792538097003013, 0.13792538097003013, 0.13792538097003013, 0.13792538097003013, 0.13792538097003013, 0.13792538097003013), (0, 0, 0, 0, 0, 0, 0.13792538097003013, 0.13792538097003013, 0, 0), (0, 0, 0, 0, 0, 0, 0.2260062404676681, 0.19035738657161588, 0, 0)]}}
AdaptationManager: Configuring next round...
{'client_registry': {'enabled': True, 'params': {}}, 'client_selector': {'enabled': True, 'params': {'selection_strategy': 'Resource-Based', 'selection_criteria': 'CPU', 'selection_value': 2}}, 'client_cluster': {'enabled': False, 'params': {}}, 'message_compressor': {'enabled': False, 'params': {}}, 'model_co-versioning_registry': {'enabled': False, 'params': {}}, 'multi-task_model_trainer': {'enabled': False, 'params': {}}, 'heterogeneous_data_handler': {'enabled': True, 'params': {'enabled_clients': []}}}
{'client_selector': {'enabled': True}, 'client_cluster': {'enabled': False}, 'message_compressor': {'enabled': False}, 'model_co-versioning_registry': {'enabled': False}, 'multi-task_model_trainer': {'enabled': False}, 'heterogeneous_data_handler': {'enabled': True, 'params': {'enabled_clients': ['Client 29', 'Client 30']}}, 'client_registry': {'enabled': True, 'params': {}}}
val_f1=0.5510223712404884, client_selector de-activated ❌
heterogeneous_data_handler activated ✅ for clients: ['Client 29', 'Client 30']
Results Aggregated in 39.31 seconds.
{'TextMLP': {'train_loss': [0.5773876030047734, 0.5125210671784425, 0.8469900576844811, 0.8042509504283468, 0.6969419724953868, 0.5481226362107147, 0.4481095632182227, 0.32155348183214666, 0.2846434688732107, 0.37002717713767674, 0.3596756739592311, 0.26917685917682116, 0.25952368625998495], 'train_accuracy': [0.7609166666666667, 0.7771407407407407, 0.5549479166666667, 0.6148541666666667, 0.6850899470899471, 0.7534444444444445, 0.790079365079365, 0.8742291666666666, 0.892005291005291, 0.8325789473684211, 0.8234747474747475, 0.8973680555555555, 0.8993856589147287], 'train_f1': [0.3647565720805384, 0.3926461097460609, 0.49481396596550076, 0.5701805285561532, 0.6580703389360701, 0.734249915072699, 0.7863281081224932, 0.8155639507730951, 0.8126835369158175, 0.8259524865272855, 0.8215110502808384, 0.8649357629412844, 0.8420853738896767], 'train_mae': [0.23908333333333334, 0.29743703703703706, 0.66253125, 0.5720833333333334, 0.4281005291005291, 0.32855555555555555, 0.2708412698412698, 0.1939375, 0.1661931216931217, 0.2136140350877193, 0.22531313131313133, 0.1604375, 0.15155426356589147], 'val_loss': [3.033285169350474, 3.9750497441319697, 4.047192464855156, 4.488273515418956, 4.836004810703727, 5.48510008265615, 5.667450827548378, 5.811206259978445, 5.814024417155368, 5.444587428866992, 5.414783020019531, 5.507977642762033, 5.5983958366538795], 'val_accuracy': [0.25, 0.2499941520467836, 0.2921792763157895, 0.33895148026315786, 0.4219204260651629, 0.49959767206477734, 0.6060526315789474, 0.5913157894736842, 0.5919924812030075, 0.6424688365650969, 0.6473684210526316, 0.6352631578947369, 0.6196190330477356], 'val_f1': [0.1, 0.10002428284063956, 0.16809819217647098, 0.22151325105248618, 0.3222582101819895, 0.41326073156607895, 0.5253311009091194, 0.5148990641370729, 0.5090752400812377, 0.5570818248617472, 0.5650849941313549, 0.5510223712404884, 0.5367132273579286], 'val_mae': [1.0, 1.1778011695906434, 1.1276583059210525, 1.1486307565789473, 0.9910338345864662, 0.8181072874493927, 0.625, 0.7188157894736842, 0.6877443609022557, 0.5407409972299169, 0.51375, 0.6073026315789474, 0.6194752141982864], 'jsd': [(0, 0, 0, 0, 0, 0, 0.22793804815651525, 0.4228147503508063, 0, 0), (0.20777898568965325, 0.3288521249086499, 0.19461981889994312, 0.5487949406953986, 0.38792325443865305, 0.21155024368509784, 0.13792538097003013, 0.31127812445913283, 0.5056953353933475, 0.5242297899570731), (0.13792538097003013, 0.13792538097003013, 0.13792538097003013, 0.13792538097003013, 0.13792538097003013, 0.13792538097003013, 0.13792538097003013, 0.31127812445913283, 0.13792538097003013, 0.13792538097003013), (0.13792538097003013, 0.13792538097003013, 0.13792538097003013, 0.13792538097003013, 0.13792538097003013, 0.13792538097003013, 0.13792538097003013, 0.13792538097003013, 0.13792538097003013, 0.13792538097003013), (0.13792538097003013, 0.13792538097003013, 0.13792538097003013, 0.13792538097003013, 0.13792538097003013, 0.13792538097003013, 0.13792538097003013, 0.13792538097003013, 0.13792538097003013, 0.13792538097003013), (0.13792538097003013, 0.13792538097003013, 0.13792538097003013, 0.13792538097003013, 0.13792538097003013, 0.13792538097003013, 0.13792538097003013, 0.13792538097003013, 0.13792538097003013, 0.13792538097003013), (0, 0, 0, 0, 0, 0, 0.13792538097003013, 0.13792538097003013, 0, 0), (0, 0, 0, 0, 0, 0, 0.2479764102340586, 0.19055608136086177, 0, 0), (0.2500029600962594, 0.1909796812368089, 0.21744858364900194, 0.380047970301869, 0.25189862935286944, 0.18560332762906684, 0.13792538097003013, 0.13792538097003013, 0.3410968381893561, 0.1498579220473646), (0.13792538097003013, 0.13792538097003013, 0.13792538097003013, 0.13792538097003013, 0.13792538097003013, 0.13792538097003013, 0.13792538097003013, 0.13792538097003013, 0.13792538097003013, 0.13792538097003013), (0, 0, 0, 0, 0, 0, 0.13792538097003013, 0.13792538097003013, 0, 0), (0, 0, 0, 0, 0, 0, 0.2260062404676681, 0.19035738657161588, 0, 0), (0.22988466962390539, 0.20322774356664228, 0.2701791543455228, 0.3631016954668942, 0.22015485506836993, 0.14660398743465455, 0.13792538097003013, 0.13792538097003013, 0.3381295958025945, 0.14330239332085637)]}}
AdaptationManager: Configuring next round...
{'client_registry': {'enabled': True, 'params': {}}, 'client_selector': {'enabled': True, 'params': {'selection_strategy': 'Resource-Based', 'selection_criteria': 'CPU', 'selection_value': 2}}, 'client_cluster': {'enabled': False, 'params': {}}, 'message_compressor': {'enabled': False, 'params': {}}, 'model_co-versioning_registry': {'enabled': False, 'params': {}}, 'multi-task_model_trainer': {'enabled': False, 'params': {}}, 'heterogeneous_data_handler': {'enabled': True, 'params': {'enabled_clients': []}}}
{'client_selector': {'enabled': False}, 'client_cluster': {'enabled': False}, 'message_compressor': {'enabled': False}, 'model_co-versioning_registry': {'enabled': False}, 'multi-task_model_trainer': {'enabled': False}, 'heterogeneous_data_handler': {'enabled': True, 'params': {'enabled_clients': ['Client 29', 'Client 30']}}, 'client_registry': {'enabled': True, 'params': {}}}
val_f1=0.5367132273579286, client_selector de-activated ❌
heterogeneous_data_handler activated ✅ for clients: ['Client 23', 'Client 24', 'Client 25', 'Client 26', 'Client 27', 'Client 28', 'Client 29', 'Client 30', 'Client 31', 'Client 32']
Results Aggregated in 60.69 seconds.
{'TextMLP': {'train_loss': [0.5773876030047734, 0.5125210671784425, 0.8469900576844811, 0.8042509504283468, 0.6969419724953868, 0.5481226362107147, 0.4481095632182227, 0.32155348183214666, 0.2846434688732107, 0.37002717713767674, 0.3596756739592311, 0.26917685917682116, 0.25952368625998495, 0.36653671150406203], 'train_accuracy': [0.7609166666666667, 0.7771407407407407, 0.5549479166666667, 0.6148541666666667, 0.6850899470899471, 0.7534444444444445, 0.790079365079365, 0.8742291666666666, 0.892005291005291, 0.8325789473684211, 0.8234747474747475, 0.8973680555555555, 0.8993856589147287, 0.8319733333333333], 'train_f1': [0.3647565720805384, 0.3926461097460609, 0.49481396596550076, 0.5701805285561532, 0.6580703389360701, 0.734249915072699, 0.7863281081224932, 0.8155639507730951, 0.8126835369158175, 0.8259524865272855, 0.8215110502808384, 0.8649357629412844, 0.8420853738896767, 0.8286613628637299], 'train_mae': [0.23908333333333334, 0.29743703703703706, 0.66253125, 0.5720833333333334, 0.4281005291005291, 0.32855555555555555, 0.2708412698412698, 0.1939375, 0.1661931216931217, 0.2136140350877193, 0.22531313131313133, 0.1604375, 0.15155426356589147, 0.21378444444444444], 'val_loss': [3.033285169350474, 3.9750497441319697, 4.047192464855156, 4.488273515418956, 4.836004810703727, 5.48510008265615, 5.667450827548378, 5.811206259978445, 5.814024417155368, 5.444587428866992, 5.414783020019531, 5.507977642762033, 5.5983958366538795, 5.324532818382665], 'val_accuracy': [0.25, 0.2499941520467836, 0.2921792763157895, 0.33895148026315786, 0.4219204260651629, 0.49959767206477734, 0.6060526315789474, 0.5913157894736842, 0.5919924812030075, 0.6424688365650969, 0.6473684210526316, 0.6352631578947369, 0.6196190330477356, 0.6546565789473684], 'val_f1': [0.1, 0.10002428284063956, 0.16809819217647098, 0.22151325105248618, 0.3222582101819895, 0.41326073156607895, 0.5253311009091194, 0.5148990641370729, 0.5090752400812377, 0.5570818248617472, 0.5650849941313549, 0.5510223712404884, 0.5367132273579286, 0.5678908545563904], 'val_mae': [1.0, 1.1778011695906434, 1.1276583059210525, 1.1486307565789473, 0.9910338345864662, 0.8181072874493927, 0.625, 0.7188157894736842, 0.6877443609022557, 0.5407409972299169, 0.51375, 0.6073026315789474, 0.6194752141982864, 0.5377407894736842], 'jsd': [(0, 0, 0, 0, 0, 0, 0.22793804815651525, 0.4228147503508063, 0, 0), (0.20777898568965325, 0.3288521249086499, 0.19461981889994312, 0.5487949406953986, 0.38792325443865305, 0.21155024368509784, 0.13792538097003013, 0.31127812445913283, 0.5056953353933475, 0.5242297899570731), (0.13792538097003013, 0.13792538097003013, 0.13792538097003013, 0.13792538097003013, 0.13792538097003013, 0.13792538097003013, 0.13792538097003013, 0.31127812445913283, 0.13792538097003013, 0.13792538097003013), (0.13792538097003013, 0.13792538097003013, 0.13792538097003013, 0.13792538097003013, 0.13792538097003013, 0.13792538097003013, 0.13792538097003013, 0.13792538097003013, 0.13792538097003013, 0.13792538097003013), (0.13792538097003013, 0.13792538097003013, 0.13792538097003013, 0.13792538097003013, 0.13792538097003013, 0.13792538097003013, 0.13792538097003013, 0.13792538097003013, 0.13792538097003013, 0.13792538097003013), (0.13792538097003013, 0.13792538097003013, 0.13792538097003013, 0.13792538097003013, 0.13792538097003013, 0.13792538097003013, 0.13792538097003013, 0.13792538097003013, 0.13792538097003013, 0.13792538097003013), (0, 0, 0, 0, 0, 0, 0.13792538097003013, 0.13792538097003013, 0, 0), (0, 0, 0, 0, 0, 0, 0.2479764102340586, 0.19055608136086177, 0, 0), (0.2500029600962594, 0.1909796812368089, 0.21744858364900194, 0.380047970301869, 0.25189862935286944, 0.18560332762906684, 0.13792538097003013, 0.13792538097003013, 0.3410968381893561, 0.1498579220473646), (0.13792538097003013, 0.13792538097003013, 0.13792538097003013, 0.13792538097003013, 0.13792538097003013, 0.13792538097003013, 0.13792538097003013, 0.13792538097003013, 0.13792538097003013, 0.13792538097003013), (0, 0, 0, 0, 0, 0, 0.13792538097003013, 0.13792538097003013, 0, 0), (0, 0, 0, 0, 0, 0, 0.2260062404676681, 0.19035738657161588, 0, 0), (0.22988466962390539, 0.20322774356664228, 0.2701791543455228, 0.3631016954668942, 0.22015485506836993, 0.14660398743465455, 0.13792538097003013, 0.13792538097003013, 0.3381295958025945, 0.14330239332085637), (0.13792538097003013, 0.13792538097003013, 0.13792538097003013, 0.13792538097003013, 0.13792538097003013, 0.13792538097003013, 0.13792538097003013, 0.13792538097003013, 0.13792538097003013, 0.13792538097003013)]}}
AdaptationManager: Configuring next round...
{'client_registry': {'enabled': True, 'params': {}}, 'client_selector': {'enabled': True, 'params': {'selection_strategy': 'Resource-Based', 'selection_criteria': 'CPU', 'selection_value': 2}}, 'client_cluster': {'enabled': False, 'params': {}}, 'message_compressor': {'enabled': False, 'params': {}}, 'model_co-versioning_registry': {'enabled': False, 'params': {}}, 'multi-task_model_trainer': {'enabled': False, 'params': {}}, 'heterogeneous_data_handler': {'enabled': True, 'params': {'enabled_clients': []}}}
{'client_selector': {'enabled': False}, 'client_cluster': {'enabled': False}, 'message_compressor': {'enabled': False}, 'model_co-versioning_registry': {'enabled': False}, 'multi-task_model_trainer': {'enabled': False}, 'heterogeneous_data_handler': {'enabled': True, 'params': {'enabled_clients': ['Client 23', 'Client 24', 'Client 25', 'Client 26', 'Client 27', 'Client 28', 'Client 29', 'Client 30', 'Client 31', 'Client 32']}}, 'client_registry': {'enabled': True, 'params': {}}}
val_f1=0.5678908545563904, client_selector activated ✅
heterogeneous_data_handler activated ✅ for clients: ['Client 23', 'Client 24', 'Client 25', 'Client 26', 'Client 27', 'Client 28', 'Client 29', 'Client 30', 'Client 31', 'Client 32']
Client Client 28 has insufficient CPU (1). Will not participate in the next FL round.
Client Client 24 participates in this round. (CPU: 2, RAM: 4)
Client Client 29 has insufficient CPU (1). Will not participate in the next FL round.
Client Client 30 has insufficient CPU (1). Will not participate in the next FL round.
Client Client 32 has insufficient CPU (1). Will not participate in the next FL round.
Client Client 23 participates in this round. (CPU: 2, RAM: 4)
Client Client 25 has insufficient CPU (1). Will not participate in the next FL round.
Client Client 27 has insufficient CPU (1). Will not participate in the next FL round.
Client Client 31 has insufficient CPU (1). Will not participate in the next FL round.
Client Client 26 has insufficient CPU (1). Will not participate in the next FL round.
Results Aggregated in 63.26 seconds.
{'TextMLP': {'train_loss': [0.5773876030047734, 0.5125210671784425, 0.8469900576844811, 0.8042509504283468, 0.6969419724953868, 0.5481226362107147, 0.4481095632182227, 0.32155348183214666, 0.2846434688732107, 0.37002717713767674, 0.3596756739592311, 0.26917685917682116, 0.25952368625998495, 0.36653671150406203, 0.3769895277116034], 'train_accuracy': [0.7609166666666667, 0.7771407407407407, 0.5549479166666667, 0.6148541666666667, 0.6850899470899471, 0.7534444444444445, 0.790079365079365, 0.8742291666666666, 0.892005291005291, 0.8325789473684211, 0.8234747474747475, 0.8973680555555555, 0.8993856589147287, 0.8319733333333333, 0.8201333333333334], 'train_f1': [0.3647565720805384, 0.3926461097460609, 0.49481396596550076, 0.5701805285561532, 0.6580703389360701, 0.734249915072699, 0.7863281081224932, 0.8155639507730951, 0.8126835369158175, 0.8259524865272855, 0.8215110502808384, 0.8649357629412844, 0.8420853738896767, 0.8286613628637299, 0.8143215106225615], 'train_mae': [0.23908333333333334, 0.29743703703703706, 0.66253125, 0.5720833333333334, 0.4281005291005291, 0.32855555555555555, 0.2708412698412698, 0.1939375, 0.1661931216931217, 0.2136140350877193, 0.22531313131313133, 0.1604375, 0.15155426356589147, 0.21378444444444444, 0.22084444444444445], 'val_loss': [3.033285169350474, 3.9750497441319697, 4.047192464855156, 4.488273515418956, 4.836004810703727, 5.48510008265615, 5.667450827548378, 5.811206259978445, 5.814024417155368, 5.444587428866992, 5.414783020019531, 5.507977642762033, 5.5983958366538795, 5.324532818382665, 5.482226877714459], 'val_accuracy': [0.25, 0.2499941520467836, 0.2921792763157895, 0.33895148026315786, 0.4219204260651629, 0.49959767206477734, 0.6060526315789474, 0.5913157894736842, 0.5919924812030075, 0.6424688365650969, 0.6473684210526316, 0.6352631578947369, 0.6196190330477356, 0.6546565789473684, 0.6642763157894738], 'val_f1': [0.1, 0.10002428284063956, 0.16809819217647098, 0.22151325105248618, 0.3222582101819895, 0.41326073156607895, 0.5253311009091194, 0.5148990641370729, 0.5090752400812377, 0.5570818248617472, 0.5650849941313549, 0.5510223712404884, 0.5367132273579286, 0.5678908545563904, 0.5741132637916705], 'val_mae': [1.0, 1.1778011695906434, 1.1276583059210525, 1.1486307565789473, 0.9910338345864662, 0.8181072874493927, 0.625, 0.7188157894736842, 0.6877443609022557, 0.5407409972299169, 0.51375, 0.6073026315789474, 0.6194752141982864, 0.5377407894736842, 0.5288157894736841], 'jsd': [(0, 0, 0, 0, 0, 0, 0.22793804815651525, 0.4228147503508063, 0, 0), (0.20777898568965325, 0.3288521249086499, 0.19461981889994312, 0.5487949406953986, 0.38792325443865305, 0.21155024368509784, 0.13792538097003013, 0.31127812445913283, 0.5056953353933475, 0.5242297899570731), (0.13792538097003013, 0.13792538097003013, 0.13792538097003013, 0.13792538097003013, 0.13792538097003013, 0.13792538097003013, 0.13792538097003013, 0.31127812445913283, 0.13792538097003013, 0.13792538097003013), (0.13792538097003013, 0.13792538097003013, 0.13792538097003013, 0.13792538097003013, 0.13792538097003013, 0.13792538097003013, 0.13792538097003013, 0.13792538097003013, 0.13792538097003013, 0.13792538097003013), (0.13792538097003013, 0.13792538097003013, 0.13792538097003013, 0.13792538097003013, 0.13792538097003013, 0.13792538097003013, 0.13792538097003013, 0.13792538097003013, 0.13792538097003013, 0.13792538097003013), (0.13792538097003013, 0.13792538097003013, 0.13792538097003013, 0.13792538097003013, 0.13792538097003013, 0.13792538097003013, 0.13792538097003013, 0.13792538097003013, 0.13792538097003013, 0.13792538097003013), (0, 0, 0, 0, 0, 0, 0.13792538097003013, 0.13792538097003013, 0, 0), (0, 0, 0, 0, 0, 0, 0.2479764102340586, 0.19055608136086177, 0, 0), (0.2500029600962594, 0.1909796812368089, 0.21744858364900194, 0.380047970301869, 0.25189862935286944, 0.18560332762906684, 0.13792538097003013, 0.13792538097003013, 0.3410968381893561, 0.1498579220473646), (0.13792538097003013, 0.13792538097003013, 0.13792538097003013, 0.13792538097003013, 0.13792538097003013, 0.13792538097003013, 0.13792538097003013, 0.13792538097003013, 0.13792538097003013, 0.13792538097003013), (0, 0, 0, 0, 0, 0, 0.13792538097003013, 0.13792538097003013, 0, 0), (0, 0, 0, 0, 0, 0, 0.2260062404676681, 0.19035738657161588, 0, 0), (0.22988466962390539, 0.20322774356664228, 0.2701791543455228, 0.3631016954668942, 0.22015485506836993, 0.14660398743465455, 0.13792538097003013, 0.13792538097003013, 0.3381295958025945, 0.14330239332085637), (0.13792538097003013, 0.13792538097003013, 0.13792538097003013, 0.13792538097003013, 0.13792538097003013, 0.13792538097003013, 0.13792538097003013, 0.13792538097003013, 0.13792538097003013, 0.13792538097003013), (0, 0, 0, 0, 0, 0, 0.13792538097003013, 0.13792538097003013, 0, 0)]}}
AdaptationManager: Configuring next round...
{'client_registry': {'enabled': True, 'params': {}}, 'client_selector': {'enabled': True, 'params': {'selection_strategy': 'Resource-Based', 'selection_criteria': 'CPU', 'selection_value': 2}}, 'client_cluster': {'enabled': False, 'params': {}}, 'message_compressor': {'enabled': False, 'params': {}}, 'model_co-versioning_registry': {'enabled': False, 'params': {}}, 'multi-task_model_trainer': {'enabled': False, 'params': {}}, 'heterogeneous_data_handler': {'enabled': True, 'params': {'enabled_clients': []}}}
{'client_selector': {'enabled': True}, 'client_cluster': {'enabled': False}, 'message_compressor': {'enabled': False}, 'model_co-versioning_registry': {'enabled': False}, 'multi-task_model_trainer': {'enabled': False}, 'heterogeneous_data_handler': {'enabled': True, 'params': {'enabled_clients': ['Client 23', 'Client 24', 'Client 25', 'Client 26', 'Client 27', 'Client 28', 'Client 29', 'Client 30', 'Client 31', 'Client 32']}}, 'client_registry': {'enabled': True, 'params': {}}}
val_f1=0.5741132637916705, client_selector activated ✅
heterogeneous_data_handler activated ✅ for clients: ['Client 29', 'Client 30']
Client Client 31 has insufficient CPU (1). Will not participate in the next FL round.
Client Client 26 has insufficient CPU (1). Will not participate in the next FL round.
Client Client 23 participates in this round. (CPU: 2, RAM: 4)
Client Client 24 participates in this round. (CPU: 2, RAM: 4)
Client Client 28 has insufficient CPU (1). Will not participate in the next FL round.
Client Client 27 has insufficient CPU (1). Will not participate in the next FL round.
Client Client 32 has insufficient CPU (1). Will not participate in the next FL round.
Client Client 25 has insufficient CPU (1). Will not participate in the next FL round.
Client Client 29 has insufficient CPU (1). Will not participate in the next FL round.
Client Client 30 has insufficient CPU (1). Will not participate in the next FL round.
Results Aggregated in 34.99 seconds.
{'TextMLP': {'train_loss': [0.5773876030047734, 0.5125210671784425, 0.8469900576844811, 0.8042509504283468, 0.6969419724953868, 0.5481226362107147, 0.4481095632182227, 0.32155348183214666, 0.2846434688732107, 0.37002717713767674, 0.3596756739592311, 0.26917685917682116, 0.25952368625998495, 0.36653671150406203, 0.3769895277116034, 0.2345237786086897], 'train_accuracy': [0.7609166666666667, 0.7771407407407407, 0.5549479166666667, 0.6148541666666667, 0.6850899470899471, 0.7534444444444445, 0.790079365079365, 0.8742291666666666, 0.892005291005291, 0.8325789473684211, 0.8234747474747475, 0.8973680555555555, 0.8993856589147287, 0.8319733333333333, 0.8201333333333334, 0.9094635416666667], 'train_f1': [0.3647565720805384, 0.3926461097460609, 0.49481396596550076, 0.5701805285561532, 0.6580703389360701, 0.734249915072699, 0.7863281081224932, 0.8155639507730951, 0.8126835369158175, 0.8259524865272855, 0.8215110502808384, 0.8649357629412844, 0.8420853738896767, 0.8286613628637299, 0.8143215106225615, 0.8595743931445775], 'train_mae': [0.23908333333333334, 0.29743703703703706, 0.66253125, 0.5720833333333334, 0.4281005291005291, 0.32855555555555555, 0.2708412698412698, 0.1939375, 0.1661931216931217, 0.2136140350877193, 0.22531313131313133, 0.1604375, 0.15155426356589147, 0.21378444444444444, 0.22084444444444445, 0.14000520833333333], 'val_loss': [3.033285169350474, 3.9750497441319697, 4.047192464855156, 4.488273515418956, 4.836004810703727, 5.48510008265615, 5.667450827548378, 5.811206259978445, 5.814024417155368, 5.444587428866992, 5.414783020019531, 5.507977642762033, 5.5983958366538795, 5.324532818382665, 5.482226877714459, 5.862220924277055], 'val_accuracy': [0.25, 0.2499941520467836, 0.2921792763157895, 0.33895148026315786, 0.4219204260651629, 0.49959767206477734, 0.6060526315789474, 0.5913157894736842, 0.5919924812030075, 0.6424688365650969, 0.6473684210526316, 0.6352631578947369, 0.6196190330477356, 0.6546565789473684, 0.6642763157894738, 0.6225657894736842], 'val_f1': [0.1, 0.10002428284063956, 0.16809819217647098, 0.22151325105248618, 0.3222582101819895, 0.41326073156607895, 0.5253311009091194, 0.5148990641370729, 0.5090752400812377, 0.5570818248617472, 0.5650849941313549, 0.5510223712404884, 0.5367132273579286, 0.5678908545563904, 0.5741132637916705, 0.5414120420862494], 'val_mae': [1.0, 1.1778011695906434, 1.1276583059210525, 1.1486307565789473, 0.9910338345864662, 0.8181072874493927, 0.625, 0.7188157894736842, 0.6877443609022557, 0.5407409972299169, 0.51375, 0.6073026315789474, 0.6194752141982864, 0.5377407894736842, 0.5288157894736841, 0.6736184210526315], 'jsd': [(0, 0, 0, 0, 0, 0, 0.22793804815651525, 0.4228147503508063, 0, 0), (0.20777898568965325, 0.3288521249086499, 0.19461981889994312, 0.5487949406953986, 0.38792325443865305, 0.21155024368509784, 0.13792538097003013, 0.31127812445913283, 0.5056953353933475, 0.5242297899570731), (0.13792538097003013, 0.13792538097003013, 0.13792538097003013, 0.13792538097003013, 0.13792538097003013, 0.13792538097003013, 0.13792538097003013, 0.31127812445913283, 0.13792538097003013, 0.13792538097003013), (0.13792538097003013, 0.13792538097003013, 0.13792538097003013, 0.13792538097003013, 0.13792538097003013, 0.13792538097003013, 0.13792538097003013, 0.13792538097003013, 0.13792538097003013, 0.13792538097003013), (0.13792538097003013, 0.13792538097003013, 0.13792538097003013, 0.13792538097003013, 0.13792538097003013, 0.13792538097003013, 0.13792538097003013, 0.13792538097003013, 0.13792538097003013, 0.13792538097003013), (0.13792538097003013, 0.13792538097003013, 0.13792538097003013, 0.13792538097003013, 0.13792538097003013, 0.13792538097003013, 0.13792538097003013, 0.13792538097003013, 0.13792538097003013, 0.13792538097003013), (0, 0, 0, 0, 0, 0, 0.13792538097003013, 0.13792538097003013, 0, 0), (0, 0, 0, 0, 0, 0, 0.2479764102340586, 0.19055608136086177, 0, 0), (0.2500029600962594, 0.1909796812368089, 0.21744858364900194, 0.380047970301869, 0.25189862935286944, 0.18560332762906684, 0.13792538097003013, 0.13792538097003013, 0.3410968381893561, 0.1498579220473646), (0.13792538097003013, 0.13792538097003013, 0.13792538097003013, 0.13792538097003013, 0.13792538097003013, 0.13792538097003013, 0.13792538097003013, 0.13792538097003013, 0.13792538097003013, 0.13792538097003013), (0, 0, 0, 0, 0, 0, 0.13792538097003013, 0.13792538097003013, 0, 0), (0, 0, 0, 0, 0, 0, 0.2260062404676681, 0.19035738657161588, 0, 0), (0.22988466962390539, 0.20322774356664228, 0.2701791543455228, 0.3631016954668942, 0.22015485506836993, 0.14660398743465455, 0.13792538097003013, 0.13792538097003013, 0.3381295958025945, 0.14330239332085637), (0.13792538097003013, 0.13792538097003013, 0.13792538097003013, 0.13792538097003013, 0.13792538097003013, 0.13792538097003013, 0.13792538097003013, 0.13792538097003013, 0.13792538097003013, 0.13792538097003013), (0, 0, 0, 0, 0, 0, 0.13792538097003013, 0.13792538097003013, 0, 0), (0, 0, 0, 0, 0, 0, 0.2538723005162691, 0.22075023264705845, 0, 0)]}}
AdaptationManager: Configuring next round...
{'client_registry': {'enabled': True, 'params': {}}, 'client_selector': {'enabled': True, 'params': {'selection_strategy': 'Resource-Based', 'selection_criteria': 'CPU', 'selection_value': 2}}, 'client_cluster': {'enabled': False, 'params': {}}, 'message_compressor': {'enabled': False, 'params': {}}, 'model_co-versioning_registry': {'enabled': False, 'params': {}}, 'multi-task_model_trainer': {'enabled': False, 'params': {}}, 'heterogeneous_data_handler': {'enabled': True, 'params': {'enabled_clients': []}}}
{'client_selector': {'enabled': True}, 'client_cluster': {'enabled': False}, 'message_compressor': {'enabled': False}, 'model_co-versioning_registry': {'enabled': False}, 'multi-task_model_trainer': {'enabled': False}, 'heterogeneous_data_handler': {'enabled': True, 'params': {'enabled_clients': ['Client 29', 'Client 30']}}, 'client_registry': {'enabled': True, 'params': {}}}
val_f1=0.5414120420862494, client_selector de-activated ❌
heterogeneous_data_handler activated ✅ for clients: ['Client 29', 'Client 30']
Results Aggregated in 40.20 seconds.
{'TextMLP': {'train_loss': [0.5773876030047734, 0.5125210671784425, 0.8469900576844811, 0.8042509504283468, 0.6969419724953868, 0.5481226362107147, 0.4481095632182227, 0.32155348183214666, 0.2846434688732107, 0.37002717713767674, 0.3596756739592311, 0.26917685917682116, 0.25952368625998495, 0.36653671150406203, 0.3769895277116034, 0.2345237786086897, 0.2470759925686894], 'train_accuracy': [0.7609166666666667, 0.7771407407407407, 0.5549479166666667, 0.6148541666666667, 0.6850899470899471, 0.7534444444444445, 0.790079365079365, 0.8742291666666666, 0.892005291005291, 0.8325789473684211, 0.8234747474747475, 0.8973680555555555, 0.8993856589147287, 0.8319733333333333, 0.8201333333333334, 0.9094635416666667, 0.9038715596330276], 'train_f1': [0.3647565720805384, 0.3926461097460609, 0.49481396596550076, 0.5701805285561532, 0.6580703389360701, 0.734249915072699, 0.7863281081224932, 0.8155639507730951, 0.8126835369158175, 0.8259524865272855, 0.8215110502808384, 0.8649357629412844, 0.8420853738896767, 0.8286613628637299, 0.8143215106225615, 0.8595743931445775, 0.8536469563971604], 'train_mae': [0.23908333333333334, 0.29743703703703706, 0.66253125, 0.5720833333333334, 0.4281005291005291, 0.32855555555555555, 0.2708412698412698, 0.1939375, 0.1661931216931217, 0.2136140350877193, 0.22531313131313133, 0.1604375, 0.15155426356589147, 0.21378444444444444, 0.22084444444444445, 0.14000520833333333, 0.14175229357798166], 'val_loss': [3.033285169350474, 3.9750497441319697, 4.047192464855156, 4.488273515418956, 4.836004810703727, 5.48510008265615, 5.667450827548378, 5.811206259978445, 5.814024417155368, 5.444587428866992, 5.414783020019531, 5.507977642762033, 5.5983958366538795, 5.324532818382665, 5.482226877714459, 5.862220924277055, 5.753507054184785], 'val_accuracy': [0.25, 0.2499941520467836, 0.2921792763157895, 0.33895148026315786, 0.4219204260651629, 0.49959767206477734, 0.6060526315789474, 0.5913157894736842, 0.5919924812030075, 0.6424688365650969, 0.6473684210526316, 0.6352631578947369, 0.6196190330477356, 0.6546565789473684, 0.6642763157894738, 0.6225657894736842, 0.6338749396426847], 'val_f1': [0.1, 0.10002428284063956, 0.16809819217647098, 0.22151325105248618, 0.3222582101819895, 0.41326073156607895, 0.5253311009091194, 0.5148990641370729, 0.5090752400812377, 0.5570818248617472, 0.5650849941313549, 0.5510223712404884, 0.5367132273579286, 0.5678908545563904, 0.5741132637916705, 0.5414120420862494, 0.5490518478470808], 'val_mae': [1.0, 1.1778011695906434, 1.1276583059210525, 1.1486307565789473, 0.9910338345864662, 0.8181072874493927, 0.625, 0.7188157894736842, 0.6877443609022557, 0.5407409972299169, 0.51375, 0.6073026315789474, 0.6194752141982864, 0.5377407894736842, 0.5288157894736841, 0.6736184210526315, 0.6091755190729117], 'jsd': [(0, 0, 0, 0, 0, 0, 0.22793804815651525, 0.4228147503508063, 0, 0), (0.20777898568965325, 0.3288521249086499, 0.19461981889994312, 0.5487949406953986, 0.38792325443865305, 0.21155024368509784, 0.13792538097003013, 0.31127812445913283, 0.5056953353933475, 0.5242297899570731), (0.13792538097003013, 0.13792538097003013, 0.13792538097003013, 0.13792538097003013, 0.13792538097003013, 0.13792538097003013, 0.13792538097003013, 0.31127812445913283, 0.13792538097003013, 0.13792538097003013), (0.13792538097003013, 0.13792538097003013, 0.13792538097003013, 0.13792538097003013, 0.13792538097003013, 0.13792538097003013, 0.13792538097003013, 0.13792538097003013, 0.13792538097003013, 0.13792538097003013), (0.13792538097003013, 0.13792538097003013, 0.13792538097003013, 0.13792538097003013, 0.13792538097003013, 0.13792538097003013, 0.13792538097003013, 0.13792538097003013, 0.13792538097003013, 0.13792538097003013), (0.13792538097003013, 0.13792538097003013, 0.13792538097003013, 0.13792538097003013, 0.13792538097003013, 0.13792538097003013, 0.13792538097003013, 0.13792538097003013, 0.13792538097003013, 0.13792538097003013), (0, 0, 0, 0, 0, 0, 0.13792538097003013, 0.13792538097003013, 0, 0), (0, 0, 0, 0, 0, 0, 0.2479764102340586, 0.19055608136086177, 0, 0), (0.2500029600962594, 0.1909796812368089, 0.21744858364900194, 0.380047970301869, 0.25189862935286944, 0.18560332762906684, 0.13792538097003013, 0.13792538097003013, 0.3410968381893561, 0.1498579220473646), (0.13792538097003013, 0.13792538097003013, 0.13792538097003013, 0.13792538097003013, 0.13792538097003013, 0.13792538097003013, 0.13792538097003013, 0.13792538097003013, 0.13792538097003013, 0.13792538097003013), (0, 0, 0, 0, 0, 0, 0.13792538097003013, 0.13792538097003013, 0, 0), (0, 0, 0, 0, 0, 0, 0.2260062404676681, 0.19035738657161588, 0, 0), (0.22988466962390539, 0.20322774356664228, 0.2701791543455228, 0.3631016954668942, 0.22015485506836993, 0.14660398743465455, 0.13792538097003013, 0.13792538097003013, 0.3381295958025945, 0.14330239332085637), (0.13792538097003013, 0.13792538097003013, 0.13792538097003013, 0.13792538097003013, 0.13792538097003013, 0.13792538097003013, 0.13792538097003013, 0.13792538097003013, 0.13792538097003013, 0.13792538097003013), (0, 0, 0, 0, 0, 0, 0.13792538097003013, 0.13792538097003013, 0, 0), (0, 0, 0, 0, 0, 0, 0.2538723005162691, 0.22075023264705845, 0, 0), (0.25060061472359063, 0.22511543639969495, 0.2707714068513221, 0.3570293181884219, 0.24465818928252303, 0.1624138364264225, 0.13792538097003013, 0.13792538097003013, 0.2781384826938288, 0.18881467929821816)]}}
AdaptationManager: Configuring next round...
{'client_registry': {'enabled': True, 'params': {}}, 'client_selector': {'enabled': True, 'params': {'selection_strategy': 'Resource-Based', 'selection_criteria': 'CPU', 'selection_value': 2}}, 'client_cluster': {'enabled': False, 'params': {}}, 'message_compressor': {'enabled': False, 'params': {}}, 'model_co-versioning_registry': {'enabled': False, 'params': {}}, 'multi-task_model_trainer': {'enabled': False, 'params': {}}, 'heterogeneous_data_handler': {'enabled': True, 'params': {'enabled_clients': []}}}
{'client_selector': {'enabled': False}, 'client_cluster': {'enabled': False}, 'message_compressor': {'enabled': False}, 'model_co-versioning_registry': {'enabled': False}, 'multi-task_model_trainer': {'enabled': False}, 'heterogeneous_data_handler': {'enabled': True, 'params': {'enabled_clients': ['Client 29', 'Client 30']}}, 'client_registry': {'enabled': True, 'params': {}}}
val_f1=0.5490518478470808, client_selector activated ✅
heterogeneous_data_handler activated ✅ for clients: ['Client 23', 'Client 24', 'Client 25', 'Client 26', 'Client 27', 'Client 28', 'Client 29', 'Client 30', 'Client 31', 'Client 32']
Client Client 28 has insufficient CPU (1). Will not participate in the next FL round.
Client Client 30 has insufficient CPU (1). Will not participate in the next FL round.
Client Client 29 has insufficient CPU (1). Will not participate in the next FL round.
Client Client 32 has insufficient CPU (1). Will not participate in the next FL round.
Client Client 23 participates in this round. (CPU: 2, RAM: 4)
Client Client 24 participates in this round. (CPU: 2, RAM: 4)
Client Client 27 has insufficient CPU (1). Will not participate in the next FL round.
Client Client 25 has insufficient CPU (1). Will not participate in the next FL round.
Client Client 31 has insufficient CPU (1). Will not participate in the next FL round.
Client Client 26 has insufficient CPU (1). Will not participate in the next FL round.
Results Aggregated in 67.39 seconds.
{'TextMLP': {'train_loss': [0.5773876030047734, 0.5125210671784425, 0.8469900576844811, 0.8042509504283468, 0.6969419724953868, 0.5481226362107147, 0.4481095632182227, 0.32155348183214666, 0.2846434688732107, 0.37002717713767674, 0.3596756739592311, 0.26917685917682116, 0.25952368625998495, 0.36653671150406203, 0.3769895277116034, 0.2345237786086897, 0.2470759925686894, 0.37603335062368415], 'train_accuracy': [0.7609166666666667, 0.7771407407407407, 0.5549479166666667, 0.6148541666666667, 0.6850899470899471, 0.7534444444444445, 0.790079365079365, 0.8742291666666666, 0.892005291005291, 0.8325789473684211, 0.8234747474747475, 0.8973680555555555, 0.8993856589147287, 0.8319733333333333, 0.8201333333333334, 0.9094635416666667, 0.9038715596330276, 0.8287716049382716], 'train_f1': [0.3647565720805384, 0.3926461097460609, 0.49481396596550076, 0.5701805285561532, 0.6580703389360701, 0.734249915072699, 0.7863281081224932, 0.8155639507730951, 0.8126835369158175, 0.8259524865272855, 0.8215110502808384, 0.8649357629412844, 0.8420853738896767, 0.8286613628637299, 0.8143215106225615, 0.8595743931445775, 0.8536469563971604, 0.8258855059543146], 'train_mae': [0.23908333333333334, 0.29743703703703706, 0.66253125, 0.5720833333333334, 0.4281005291005291, 0.32855555555555555, 0.2708412698412698, 0.1939375, 0.1661931216931217, 0.2136140350877193, 0.22531313131313133, 0.1604375, 0.15155426356589147, 0.21378444444444444, 0.22084444444444445, 0.14000520833333333, 0.14175229357798166, 0.21010493827160495], 'val_loss': [3.033285169350474, 3.9750497441319697, 4.047192464855156, 4.488273515418956, 4.836004810703727, 5.48510008265615, 5.667450827548378, 5.811206259978445, 5.814024417155368, 5.444587428866992, 5.414783020019531, 5.507977642762033, 5.5983958366538795, 5.324532818382665, 5.482226877714459, 5.862220924277055, 5.753507054184785, 5.325203126104254], 'val_accuracy': [0.25, 0.2499941520467836, 0.2921792763157895, 0.33895148026315786, 0.4219204260651629, 0.49959767206477734, 0.6060526315789474, 0.5913157894736842, 0.5919924812030075, 0.6424688365650969, 0.6473684210526316, 0.6352631578947369, 0.6196190330477356, 0.6546565789473684, 0.6642763157894738, 0.6225657894736842, 0.6338749396426847, 0.6660526315789473], 'val_f1': [0.1, 0.10002428284063956, 0.16809819217647098, 0.22151325105248618, 0.3222582101819895, 0.41326073156607895, 0.5253311009091194, 0.5148990641370729, 0.5090752400812377, 0.5570818248617472, 0.5650849941313549, 0.5510223712404884, 0.5367132273579286, 0.5678908545563904, 0.5741132637916705, 0.5414120420862494, 0.5490518478470808, 0.5753014476150982], 'val_mae': [1.0, 1.1778011695906434, 1.1276583059210525, 1.1486307565789473, 0.9910338345864662, 0.8181072874493927, 0.625, 0.7188157894736842, 0.6877443609022557, 0.5407409972299169, 0.51375, 0.6073026315789474, 0.6194752141982864, 0.5377407894736842, 0.5288157894736841, 0.6736184210526315, 0.6091755190729117, 0.5178947368421054], 'jsd': [(0, 0, 0, 0, 0, 0, 0.22793804815651525, 0.4228147503508063, 0, 0), (0.20777898568965325, 0.3288521249086499, 0.19461981889994312, 0.5487949406953986, 0.38792325443865305, 0.21155024368509784, 0.13792538097003013, 0.31127812445913283, 0.5056953353933475, 0.5242297899570731), (0.13792538097003013, 0.13792538097003013, 0.13792538097003013, 0.13792538097003013, 0.13792538097003013, 0.13792538097003013, 0.13792538097003013, 0.31127812445913283, 0.13792538097003013, 0.13792538097003013), (0.13792538097003013, 0.13792538097003013, 0.13792538097003013, 0.13792538097003013, 0.13792538097003013, 0.13792538097003013, 0.13792538097003013, 0.13792538097003013, 0.13792538097003013, 0.13792538097003013), (0.13792538097003013, 0.13792538097003013, 0.13792538097003013, 0.13792538097003013, 0.13792538097003013, 0.13792538097003013, 0.13792538097003013, 0.13792538097003013, 0.13792538097003013, 0.13792538097003013), (0.13792538097003013, 0.13792538097003013, 0.13792538097003013, 0.13792538097003013, 0.13792538097003013, 0.13792538097003013, 0.13792538097003013, 0.13792538097003013, 0.13792538097003013, 0.13792538097003013), (0, 0, 0, 0, 0, 0, 0.13792538097003013, 0.13792538097003013, 0, 0), (0, 0, 0, 0, 0, 0, 0.2479764102340586, 0.19055608136086177, 0, 0), (0.2500029600962594, 0.1909796812368089, 0.21744858364900194, 0.380047970301869, 0.25189862935286944, 0.18560332762906684, 0.13792538097003013, 0.13792538097003013, 0.3410968381893561, 0.1498579220473646), (0.13792538097003013, 0.13792538097003013, 0.13792538097003013, 0.13792538097003013, 0.13792538097003013, 0.13792538097003013, 0.13792538097003013, 0.13792538097003013, 0.13792538097003013, 0.13792538097003013), (0, 0, 0, 0, 0, 0, 0.13792538097003013, 0.13792538097003013, 0, 0), (0, 0, 0, 0, 0, 0, 0.2260062404676681, 0.19035738657161588, 0, 0), (0.22988466962390539, 0.20322774356664228, 0.2701791543455228, 0.3631016954668942, 0.22015485506836993, 0.14660398743465455, 0.13792538097003013, 0.13792538097003013, 0.3381295958025945, 0.14330239332085637), (0.13792538097003013, 0.13792538097003013, 0.13792538097003013, 0.13792538097003013, 0.13792538097003013, 0.13792538097003013, 0.13792538097003013, 0.13792538097003013, 0.13792538097003013, 0.13792538097003013), (0, 0, 0, 0, 0, 0, 0.13792538097003013, 0.13792538097003013, 0, 0), (0, 0, 0, 0, 0, 0, 0.2538723005162691, 0.22075023264705845, 0, 0), (0.25060061472359063, 0.22511543639969495, 0.2707714068513221, 0.3570293181884219, 0.24465818928252303, 0.1624138364264225, 0.13792538097003013, 0.13792538097003013, 0.2781384826938288, 0.18881467929821816), (0, 0, 0, 0, 0, 0, 0.13792538097003013, 0.13792538097003013, 0, 0)]}}
AdaptationManager: Configuring next round...
{'client_registry': {'enabled': True, 'params': {}}, 'client_selector': {'enabled': True, 'params': {'selection_strategy': 'Resource-Based', 'selection_criteria': 'CPU', 'selection_value': 2}}, 'client_cluster': {'enabled': False, 'params': {}}, 'message_compressor': {'enabled': False, 'params': {}}, 'model_co-versioning_registry': {'enabled': False, 'params': {}}, 'multi-task_model_trainer': {'enabled': False, 'params': {}}, 'heterogeneous_data_handler': {'enabled': True, 'params': {'enabled_clients': []}}}
{'client_selector': {'enabled': True}, 'client_cluster': {'enabled': False}, 'message_compressor': {'enabled': False}, 'model_co-versioning_registry': {'enabled': False}, 'multi-task_model_trainer': {'enabled': False}, 'heterogeneous_data_handler': {'enabled': True, 'params': {'enabled_clients': ['Client 23', 'Client 24', 'Client 25', 'Client 26', 'Client 27', 'Client 28', 'Client 29', 'Client 30', 'Client 31', 'Client 32']}}, 'client_registry': {'enabled': True, 'params': {}}}
val_f1=0.5753014476150982, client_selector activated ✅
heterogeneous_data_handler activated ✅ for clients: ['Client 29', 'Client 30']
Client Client 25 has insufficient CPU (1). Will not participate in the next FL round.
Client Client 27 has insufficient CPU (1). Will not participate in the next FL round.
Client Client 32 has insufficient CPU (1). Will not participate in the next FL round.
Client Client 23 participates in this round. (CPU: 2, RAM: 4)
Client Client 31 has insufficient CPU (1). Will not participate in the next FL round.
Client Client 24 participates in this round. (CPU: 2, RAM: 4)
Client Client 26 has insufficient CPU (1). Will not participate in the next FL round.
Client Client 28 has insufficient CPU (1). Will not participate in the next FL round.
Client Client 29 has insufficient CPU (1). Will not participate in the next FL round.
Client Client 30 has insufficient CPU (1). Will not participate in the next FL round.
Results Aggregated in 36.53 seconds.
{'TextMLP': {'train_loss': [0.5773876030047734, 0.5125210671784425, 0.8469900576844811, 0.8042509504283468, 0.6969419724953868, 0.5481226362107147, 0.4481095632182227, 0.32155348183214666, 0.2846434688732107, 0.37002717713767674, 0.3596756739592311, 0.26917685917682116, 0.25952368625998495, 0.36653671150406203, 0.3769895277116034, 0.2345237786086897, 0.2470759925686894, 0.37603335062368415, 0.23739679062471056], 'train_accuracy': [0.7609166666666667, 0.7771407407407407, 0.5549479166666667, 0.6148541666666667, 0.6850899470899471, 0.7534444444444445, 0.790079365079365, 0.8742291666666666, 0.892005291005291, 0.8325789473684211, 0.8234747474747475, 0.8973680555555555, 0.8993856589147287, 0.8319733333333333, 0.8201333333333334, 0.9094635416666667, 0.9038715596330276, 0.8287716049382716, 0.9106622807017544], 'train_f1': [0.3647565720805384, 0.3926461097460609, 0.49481396596550076, 0.5701805285561532, 0.6580703389360701, 0.734249915072699, 0.7863281081224932, 0.8155639507730951, 0.8126835369158175, 0.8259524865272855, 0.8215110502808384, 0.8649357629412844, 0.8420853738896767, 0.8286613628637299, 0.8143215106225615, 0.8595743931445775, 0.8536469563971604, 0.8258855059543146, 0.8726040460516649], 'train_mae': [0.23908333333333334, 0.29743703703703706, 0.66253125, 0.5720833333333334, 0.4281005291005291, 0.32855555555555555, 0.2708412698412698, 0.1939375, 0.1661931216931217, 0.2136140350877193, 0.22531313131313133, 0.1604375, 0.15155426356589147, 0.21378444444444444, 0.22084444444444445, 0.14000520833333333, 0.14175229357798166, 0.21010493827160495, 0.13737280701754387], 'val_loss': [3.033285169350474, 3.9750497441319697, 4.047192464855156, 4.488273515418956, 4.836004810703727, 5.48510008265615, 5.667450827548378, 5.811206259978445, 5.814024417155368, 5.444587428866992, 5.414783020019531, 5.507977642762033, 5.5983958366538795, 5.324532818382665, 5.482226877714459, 5.862220924277055, 5.753507054184785, 5.325203126104254, 5.444074754714966], 'val_accuracy': [0.25, 0.2499941520467836, 0.2921792763157895, 0.33895148026315786, 0.4219204260651629, 0.49959767206477734, 0.6060526315789474, 0.5913157894736842, 0.5919924812030075, 0.6424688365650969, 0.6473684210526316, 0.6352631578947369, 0.6196190330477356, 0.6546565789473684, 0.6642763157894738, 0.6225657894736842, 0.6338749396426847, 0.6660526315789473, 0.6496052631578947], 'val_f1': [0.1, 0.10002428284063956, 0.16809819217647098, 0.22151325105248618, 0.3222582101819895, 0.41326073156607895, 0.5253311009091194, 0.5148990641370729, 0.5090752400812377, 0.5570818248617472, 0.5650849941313549, 0.5510223712404884, 0.5367132273579286, 0.5678908545563904, 0.5741132637916705, 0.5414120420862494, 0.5490518478470808, 0.5753014476150982, 0.5626473312742547], 'val_mae': [1.0, 1.1778011695906434, 1.1276583059210525, 1.1486307565789473, 0.9910338345864662, 0.8181072874493927, 0.625, 0.7188157894736842, 0.6877443609022557, 0.5407409972299169, 0.51375, 0.6073026315789474, 0.6194752141982864, 0.5377407894736842, 0.5288157894736841, 0.6736184210526315, 0.6091755190729117, 0.5178947368421054, 0.5822368421052632], 'jsd': [(0, 0, 0, 0, 0, 0, 0.22793804815651525, 0.4228147503508063, 0, 0), (0.20777898568965325, 0.3288521249086499, 0.19461981889994312, 0.5487949406953986, 0.38792325443865305, 0.21155024368509784, 0.13792538097003013, 0.31127812445913283, 0.5056953353933475, 0.5242297899570731), (0.13792538097003013, 0.13792538097003013, 0.13792538097003013, 0.13792538097003013, 0.13792538097003013, 0.13792538097003013, 0.13792538097003013, 0.31127812445913283, 0.13792538097003013, 0.13792538097003013), (0.13792538097003013, 0.13792538097003013, 0.13792538097003013, 0.13792538097003013, 0.13792538097003013, 0.13792538097003013, 0.13792538097003013, 0.13792538097003013, 0.13792538097003013, 0.13792538097003013), (0.13792538097003013, 0.13792538097003013, 0.13792538097003013, 0.13792538097003013, 0.13792538097003013, 0.13792538097003013, 0.13792538097003013, 0.13792538097003013, 0.13792538097003013, 0.13792538097003013), (0.13792538097003013, 0.13792538097003013, 0.13792538097003013, 0.13792538097003013, 0.13792538097003013, 0.13792538097003013, 0.13792538097003013, 0.13792538097003013, 0.13792538097003013, 0.13792538097003013), (0, 0, 0, 0, 0, 0, 0.13792538097003013, 0.13792538097003013, 0, 0), (0, 0, 0, 0, 0, 0, 0.2479764102340586, 0.19055608136086177, 0, 0), (0.2500029600962594, 0.1909796812368089, 0.21744858364900194, 0.380047970301869, 0.25189862935286944, 0.18560332762906684, 0.13792538097003013, 0.13792538097003013, 0.3410968381893561, 0.1498579220473646), (0.13792538097003013, 0.13792538097003013, 0.13792538097003013, 0.13792538097003013, 0.13792538097003013, 0.13792538097003013, 0.13792538097003013, 0.13792538097003013, 0.13792538097003013, 0.13792538097003013), (0, 0, 0, 0, 0, 0, 0.13792538097003013, 0.13792538097003013, 0, 0), (0, 0, 0, 0, 0, 0, 0.2260062404676681, 0.19035738657161588, 0, 0), (0.22988466962390539, 0.20322774356664228, 0.2701791543455228, 0.3631016954668942, 0.22015485506836993, 0.14660398743465455, 0.13792538097003013, 0.13792538097003013, 0.3381295958025945, 0.14330239332085637), (0.13792538097003013, 0.13792538097003013, 0.13792538097003013, 0.13792538097003013, 0.13792538097003013, 0.13792538097003013, 0.13792538097003013, 0.13792538097003013, 0.13792538097003013, 0.13792538097003013), (0, 0, 0, 0, 0, 0, 0.13792538097003013, 0.13792538097003013, 0, 0), (0, 0, 0, 0, 0, 0, 0.2538723005162691, 0.22075023264705845, 0, 0), (0.25060061472359063, 0.22511543639969495, 0.2707714068513221, 0.3570293181884219, 0.24465818928252303, 0.1624138364264225, 0.13792538097003013, 0.13792538097003013, 0.2781384826938288, 0.18881467929821816), (0, 0, 0, 0, 0, 0, 0.13792538097003013, 0.13792538097003013, 0, 0), (0, 0, 0, 0, 0, 0, 0.22463446649501562, 0.23025797184348423, 0, 0)]}}
AdaptationManager: Configuring next round...
{'client_registry': {'enabled': True, 'params': {}}, 'client_selector': {'enabled': True, 'params': {'selection_strategy': 'Resource-Based', 'selection_criteria': 'CPU', 'selection_value': 2}}, 'client_cluster': {'enabled': False, 'params': {}}, 'message_compressor': {'enabled': False, 'params': {}}, 'model_co-versioning_registry': {'enabled': False, 'params': {}}, 'multi-task_model_trainer': {'enabled': False, 'params': {}}, 'heterogeneous_data_handler': {'enabled': True, 'params': {'enabled_clients': []}}}
{'client_selector': {'enabled': True}, 'client_cluster': {'enabled': False}, 'message_compressor': {'enabled': False}, 'model_co-versioning_registry': {'enabled': False}, 'multi-task_model_trainer': {'enabled': False}, 'heterogeneous_data_handler': {'enabled': True, 'params': {'enabled_clients': ['Client 29', 'Client 30']}}, 'client_registry': {'enabled': True, 'params': {}}}
val_f1=0.5626473312742547, client_selector de-activated ❌
heterogeneous_data_handler activated ✅ for clients: ['Client 29', 'Client 30']
Results Aggregated in 43.95 seconds.
{'TextMLP': {'train_loss': [0.5773876030047734, 0.5125210671784425, 0.8469900576844811, 0.8042509504283468, 0.6969419724953868, 0.5481226362107147, 0.4481095632182227, 0.32155348183214666, 0.2846434688732107, 0.37002717713767674, 0.3596756739592311, 0.26917685917682116, 0.25952368625998495, 0.36653671150406203, 0.3769895277116034, 0.2345237786086897, 0.2470759925686894, 0.37603335062368415, 0.23739679062471056, 0.24839178021156869], 'train_accuracy': [0.7609166666666667, 0.7771407407407407, 0.5549479166666667, 0.6148541666666667, 0.6850899470899471, 0.7534444444444445, 0.790079365079365, 0.8742291666666666, 0.892005291005291, 0.8325789473684211, 0.8234747474747475, 0.8973680555555555, 0.8993856589147287, 0.8319733333333333, 0.8201333333333334, 0.9094635416666667, 0.9038715596330276, 0.8287716049382716, 0.9106622807017544, 0.9034884353741497], 'train_f1': [0.3647565720805384, 0.3926461097460609, 0.49481396596550076, 0.5701805285561532, 0.6580703389360701, 0.734249915072699, 0.7863281081224932, 0.8155639507730951, 0.8126835369158175, 0.8259524865272855, 0.8215110502808384, 0.8649357629412844, 0.8420853738896767, 0.8286613628637299, 0.8143215106225615, 0.8595743931445775, 0.8536469563971604, 0.8258855059543146, 0.8726040460516649, 0.8607313384543592], 'train_mae': [0.23908333333333334, 0.29743703703703706, 0.66253125, 0.5720833333333334, 0.4281005291005291, 0.32855555555555555, 0.2708412698412698, 0.1939375, 0.1661931216931217, 0.2136140350877193, 0.22531313131313133, 0.1604375, 0.15155426356589147, 0.21378444444444444, 0.22084444444444445, 0.14000520833333333, 0.14175229357798166, 0.21010493827160495, 0.13737280701754387, 0.143134693877551], 'val_loss': [3.033285169350474, 3.9750497441319697, 4.047192464855156, 4.488273515418956, 4.836004810703727, 5.48510008265615, 5.667450827548378, 5.811206259978445, 5.814024417155368, 5.444587428866992, 5.414783020019531, 5.507977642762033, 5.5983958366538795, 5.324532818382665, 5.482226877714459, 5.862220924277055, 5.753507054184785, 5.325203126104254, 5.444074754714966, 5.582378146412293], 'val_accuracy': [0.25, 0.2499941520467836, 0.2921792763157895, 0.33895148026315786, 0.4219204260651629, 0.49959767206477734, 0.6060526315789474, 0.5913157894736842, 0.5919924812030075, 0.6424688365650969, 0.6473684210526316, 0.6352631578947369, 0.6196190330477356, 0.6546565789473684, 0.6642763157894738, 0.6225657894736842, 0.6338749396426847, 0.6660526315789473, 0.6496052631578947, 0.6399975832438238], 'val_f1': [0.1, 0.10002428284063956, 0.16809819217647098, 0.22151325105248618, 0.3222582101819895, 0.41326073156607895, 0.5253311009091194, 0.5148990641370729, 0.5090752400812377, 0.5570818248617472, 0.5650849941313549, 0.5510223712404884, 0.5367132273579286, 0.5678908545563904, 0.5741132637916705, 0.5414120420862494, 0.5490518478470808, 0.5753014476150982, 0.5626473312742547, 0.5546310191290635], 'val_mae': [1.0, 1.1778011695906434, 1.1276583059210525, 1.1486307565789473, 0.9910338345864662, 0.8181072874493927, 0.625, 0.7188157894736842, 0.6877443609022557, 0.5407409972299169, 0.51375, 0.6073026315789474, 0.6194752141982864, 0.5377407894736842, 0.5288157894736841, 0.6736184210526315, 0.6091755190729117, 0.5178947368421054, 0.5822368421052632, 0.592391245972073], 'jsd': [(0, 0, 0, 0, 0, 0, 0.22793804815651525, 0.4228147503508063, 0, 0), (0.20777898568965325, 0.3288521249086499, 0.19461981889994312, 0.5487949406953986, 0.38792325443865305, 0.21155024368509784, 0.13792538097003013, 0.31127812445913283, 0.5056953353933475, 0.5242297899570731), (0.13792538097003013, 0.13792538097003013, 0.13792538097003013, 0.13792538097003013, 0.13792538097003013, 0.13792538097003013, 0.13792538097003013, 0.31127812445913283, 0.13792538097003013, 0.13792538097003013), (0.13792538097003013, 0.13792538097003013, 0.13792538097003013, 0.13792538097003013, 0.13792538097003013, 0.13792538097003013, 0.13792538097003013, 0.13792538097003013, 0.13792538097003013, 0.13792538097003013), (0.13792538097003013, 0.13792538097003013, 0.13792538097003013, 0.13792538097003013, 0.13792538097003013, 0.13792538097003013, 0.13792538097003013, 0.13792538097003013, 0.13792538097003013, 0.13792538097003013), (0.13792538097003013, 0.13792538097003013, 0.13792538097003013, 0.13792538097003013, 0.13792538097003013, 0.13792538097003013, 0.13792538097003013, 0.13792538097003013, 0.13792538097003013, 0.13792538097003013), (0, 0, 0, 0, 0, 0, 0.13792538097003013, 0.13792538097003013, 0, 0), (0, 0, 0, 0, 0, 0, 0.2479764102340586, 0.19055608136086177, 0, 0), (0.2500029600962594, 0.1909796812368089, 0.21744858364900194, 0.380047970301869, 0.25189862935286944, 0.18560332762906684, 0.13792538097003013, 0.13792538097003013, 0.3410968381893561, 0.1498579220473646), (0.13792538097003013, 0.13792538097003013, 0.13792538097003013, 0.13792538097003013, 0.13792538097003013, 0.13792538097003013, 0.13792538097003013, 0.13792538097003013, 0.13792538097003013, 0.13792538097003013), (0, 0, 0, 0, 0, 0, 0.13792538097003013, 0.13792538097003013, 0, 0), (0, 0, 0, 0, 0, 0, 0.2260062404676681, 0.19035738657161588, 0, 0), (0.22988466962390539, 0.20322774356664228, 0.2701791543455228, 0.3631016954668942, 0.22015485506836993, 0.14660398743465455, 0.13792538097003013, 0.13792538097003013, 0.3381295958025945, 0.14330239332085637), (0.13792538097003013, 0.13792538097003013, 0.13792538097003013, 0.13792538097003013, 0.13792538097003013, 0.13792538097003013, 0.13792538097003013, 0.13792538097003013, 0.13792538097003013, 0.13792538097003013), (0, 0, 0, 0, 0, 0, 0.13792538097003013, 0.13792538097003013, 0, 0), (0, 0, 0, 0, 0, 0, 0.2538723005162691, 0.22075023264705845, 0, 0), (0.25060061472359063, 0.22511543639969495, 0.2707714068513221, 0.3570293181884219, 0.24465818928252303, 0.1624138364264225, 0.13792538097003013, 0.13792538097003013, 0.2781384826938288, 0.18881467929821816), (0, 0, 0, 0, 0, 0, 0.13792538097003013, 0.13792538097003013, 0, 0), (0, 0, 0, 0, 0, 0, 0.22463446649501562, 0.23025797184348423, 0, 0), (0.22129893392959865, 0.22129893392959865, 0.26616978165821487, 0.3581571879491847, 0.23473888708958868, 0.1503134479573554, 0.13792538097003013, 0.13792538097003013, 0.27217167272839077, 0.18760294997147134)]}}
AdaptationManager: Configuring next round...
{'client_registry': {'enabled': True, 'params': {}}, 'client_selector': {'enabled': True, 'params': {'selection_strategy': 'Resource-Based', 'selection_criteria': 'CPU', 'selection_value': 2}}, 'client_cluster': {'enabled': False, 'params': {}}, 'message_compressor': {'enabled': False, 'params': {}}, 'model_co-versioning_registry': {'enabled': False, 'params': {}}, 'multi-task_model_trainer': {'enabled': False, 'params': {}}, 'heterogeneous_data_handler': {'enabled': True, 'params': {'enabled_clients': []}}}
{'client_selector': {'enabled': False}, 'client_cluster': {'enabled': False}, 'message_compressor': {'enabled': False}, 'model_co-versioning_registry': {'enabled': False}, 'multi-task_model_trainer': {'enabled': False}, 'heterogeneous_data_handler': {'enabled': True, 'params': {'enabled_clients': ['Client 29', 'Client 30']}}, 'client_registry': {'enabled': True, 'params': {}}}
val_f1=0.5546310191290635, client_selector de-activated ❌
heterogeneous_data_handler activated ✅ for clients: ['Client 23', 'Client 24', 'Client 25', 'Client 26', 'Client 27', 'Client 28', 'Client 29', 'Client 30', 'Client 31', 'Client 32']
