==========================================
  ___  ______  ___ ______       _ 
 / _ \ | ___ \/   ||  ___|     | |
/ /_\ \| |_/ / /| || |_ ___  __| |
|  _  ||  __/ /_| ||  _/ _ \/ _` |
| | | || |  \___  || ||  __/ (_| |
\_| |_/\_|      |_/\_| \___|\__,_| v.1.5.0

==========================================
Simulation Started!
List of the Architectural Patterns enabled:
Adaptation Enabled ✅
Global Metric: val_f1, comparison with fixed value: 0.4
Local Metric: jsd, comparison with fixed value: 0.1
Client Registry ✅
Client Selector ✅
 AP Parameters: {'selection_strategy': 'Resource-Based', 'selection_criteria': 'CPU', 'selection_value': 2}
Heterogeneous Data Handler ✅
 AP Parameters: {'enabled_clients': []}
==========================================
Client Client 28 has insufficient CPU (1). Will not participate in the next FL round.
Client Client 23 participates in this round. (CPU: 2, RAM: 4)
Client Client 27 has insufficient CPU (1). Will not participate in the next FL round.
Client Client 26 has insufficient CPU (1). Will not participate in the next FL round.
Client Client 25 participates in this round. (CPU: 2, RAM: 4)
Client Client 24 participates in this round. (CPU: 2, RAM: 4)
Results Aggregated in 18.06 seconds.
{'TextMLP': {'train_loss': [0.6973434083461761], 'train_accuracy': [0.7071666666666667], 'train_f1': [0.32647544017242064], 'train_mae': [0.385], 'val_loss': [2.6966290323357835], 'val_accuracy': [0.25], 'val_f1': [0.1], 'val_mae': [1.1666666666666667], 'jsd': [(0, 0, 0.22793804815651525, 0.4228147503508063, 0.19461981889994312, 0)]}}
AdaptationManager: Configuring next round...
{'client_registry': {'enabled': True, 'params': {}}, 'client_selector': {'enabled': True, 'params': {'selection_strategy': 'Resource-Based', 'selection_criteria': 'CPU', 'selection_value': 2}}, 'client_cluster': {'enabled': False, 'params': {}}, 'message_compressor': {'enabled': False, 'params': {}}, 'model_co-versioning_registry': {'enabled': False, 'params': {}}, 'multi-task_model_trainer': {'enabled': False, 'params': {}}, 'heterogeneous_data_handler': {'enabled': True, 'params': {'enabled_clients': []}}}
{'client_selector': {'enabled': True}, 'client_cluster': {'enabled': False}, 'message_compressor': {'enabled': False}, 'model_co-versioning_registry': {'enabled': False}, 'multi-task_model_trainer': {'enabled': False}, 'heterogeneous_data_handler': {'enabled': True}, 'client_registry': {'enabled': True, 'params': {}}}
val_f1=0.1, client_selector de-activated ❌
heterogeneous_data_handler activated ✅ for clients: ['Client 25', 'Client 26', 'Client 27']
Results Aggregated in 25.00 seconds.
{'TextMLP': {'train_loss': [0.6973434083461761, 0.7445219306514494], 'train_accuracy': [0.7071666666666667, 0.6423555555555556], 'train_f1': [0.32647544017242064, 0.3481794158585104], 'train_mae': [0.385, 0.42806666666666665], 'val_loss': [2.6966290323357835, 3.1613462640528094], 'val_accuracy': [0.25, 0.2589736842105263], 'val_f1': [0.1, 0.11877631878586019], 'val_mae': [1.1666666666666667, 1.040390350877193], 'jsd': [(0, 0, 0.22793804815651525, 0.4228147503508063, 0.19461981889994312, 0), (0.20777898568965325, 0.3288521249086499, 0.13792538097003013, 0.5487949406953986, 0.13792538097003013, 0.21155024368509784)]}}
AdaptationManager: Configuring next round...
{'client_registry': {'enabled': True, 'params': {}}, 'client_selector': {'enabled': True, 'params': {'selection_strategy': 'Resource-Based', 'selection_criteria': 'CPU', 'selection_value': 2}}, 'client_cluster': {'enabled': False, 'params': {}}, 'message_compressor': {'enabled': False, 'params': {}}, 'model_co-versioning_registry': {'enabled': False, 'params': {}}, 'multi-task_model_trainer': {'enabled': False, 'params': {}}, 'heterogeneous_data_handler': {'enabled': True, 'params': {'enabled_clients': []}}}
{'client_selector': {'enabled': False}, 'client_cluster': {'enabled': False}, 'message_compressor': {'enabled': False}, 'model_co-versioning_registry': {'enabled': False}, 'multi-task_model_trainer': {'enabled': False}, 'heterogeneous_data_handler': {'enabled': True, 'params': {'enabled_clients': ['Client 25', 'Client 26', 'Client 27']}}, 'client_registry': {'enabled': True, 'params': {}}}
val_f1=0.11877631878586019, client_selector de-activated ❌
heterogeneous_data_handler activated ✅ for clients: ['Client 23', 'Client 24', 'Client 25', 'Client 26', 'Client 27', 'Client 28']
Results Aggregated in 24.45 seconds.
{'TextMLP': {'train_loss': [0.6973434083461761, 0.7445219306514494, 0.8280820646427296], 'train_accuracy': [0.7071666666666667, 0.6423555555555556, 0.5993925925925926], 'train_f1': [0.32647544017242064, 0.3481794158585104, 0.5689335805614968], 'train_mae': [0.385, 0.42806666666666665, 0.5534074074074075], 'val_loss': [2.6966290323357835, 3.1613462640528094, 3.747187652922513], 'val_accuracy': [0.25, 0.2589736842105263, 0.35541228070175435], 'val_f1': [0.1, 0.11877631878586019, 0.25038241566950764], 'val_mae': [1.1666666666666667, 1.040390350877193, 1.019], 'jsd': [(0, 0, 0.22793804815651525, 0.4228147503508063, 0.19461981889994312, 0), (0.20777898568965325, 0.3288521249086499, 0.13792538097003013, 0.5487949406953986, 0.13792538097003013, 0.21155024368509784), (0.13792538097003013, 0.13792538097003013, 0.13792538097003013, 0.13792538097003013, 0.13792538097003013, 0.13792538097003013)]}}
AdaptationManager: Configuring next round...
{'client_registry': {'enabled': True, 'params': {}}, 'client_selector': {'enabled': True, 'params': {'selection_strategy': 'Resource-Based', 'selection_criteria': 'CPU', 'selection_value': 2}}, 'client_cluster': {'enabled': False, 'params': {}}, 'message_compressor': {'enabled': False, 'params': {}}, 'model_co-versioning_registry': {'enabled': False, 'params': {}}, 'multi-task_model_trainer': {'enabled': False, 'params': {}}, 'heterogeneous_data_handler': {'enabled': True, 'params': {'enabled_clients': []}}}
{'client_selector': {'enabled': False}, 'client_cluster': {'enabled': False}, 'message_compressor': {'enabled': False}, 'model_co-versioning_registry': {'enabled': False}, 'multi-task_model_trainer': {'enabled': False}, 'heterogeneous_data_handler': {'enabled': True, 'params': {'enabled_clients': ['Client 23', 'Client 24', 'Client 25', 'Client 26', 'Client 27', 'Client 28']}}, 'client_registry': {'enabled': True, 'params': {}}}
val_f1=0.25038241566950764, client_selector de-activated ❌
heterogeneous_data_handler activated ✅ for clients: ['Client 23', 'Client 24', 'Client 25', 'Client 26', 'Client 27', 'Client 28']
Results Aggregated in 28.58 seconds.
{'TextMLP': {'train_loss': [0.6973434083461761, 0.7445219306514494, 0.8280820646427296, 0.7668022293590364], 'train_accuracy': [0.7071666666666667, 0.6423555555555556, 0.5993925925925926, 0.6396296296296297], 'train_f1': [0.32647544017242064, 0.3481794158585104, 0.5689335805614968, 0.6129897662169075], 'train_mae': [0.385, 0.42806666666666665, 0.5534074074074075, 0.45261375661375663], 'val_loss': [2.6966290323357835, 3.1613462640528094, 3.747187652922513, 4.1360227237070415], 'val_accuracy': [0.25, 0.2589736842105263, 0.35541228070175435, 0.3904072681704261], 'val_f1': [0.1, 0.11877631878586019, 0.25038241566950764, 0.2779411894226208], 'val_mae': [1.1666666666666667, 1.040390350877193, 1.019, 1.010751879699248], 'jsd': [(0, 0, 0.22793804815651525, 0.4228147503508063, 0.19461981889994312, 0), (0.20777898568965325, 0.3288521249086499, 0.13792538097003013, 0.5487949406953986, 0.13792538097003013, 0.21155024368509784), (0.13792538097003013, 0.13792538097003013, 0.13792538097003013, 0.13792538097003013, 0.13792538097003013, 0.13792538097003013), (0.13792538097003013, 0.13792538097003013, 0.13792538097003013, 0.13792538097003013, 0.13792538097003013, 0.13792538097003013)]}}
AdaptationManager: Configuring next round...
{'client_registry': {'enabled': True, 'params': {}}, 'client_selector': {'enabled': True, 'params': {'selection_strategy': 'Resource-Based', 'selection_criteria': 'CPU', 'selection_value': 2}}, 'client_cluster': {'enabled': False, 'params': {}}, 'message_compressor': {'enabled': False, 'params': {}}, 'model_co-versioning_registry': {'enabled': False, 'params': {}}, 'multi-task_model_trainer': {'enabled': False, 'params': {}}, 'heterogeneous_data_handler': {'enabled': True, 'params': {'enabled_clients': []}}}
{'client_selector': {'enabled': False}, 'client_cluster': {'enabled': False}, 'message_compressor': {'enabled': False}, 'model_co-versioning_registry': {'enabled': False}, 'multi-task_model_trainer': {'enabled': False}, 'heterogeneous_data_handler': {'enabled': True, 'params': {'enabled_clients': ['Client 23', 'Client 24', 'Client 25', 'Client 26', 'Client 27', 'Client 28']}}, 'client_registry': {'enabled': True, 'params': {}}}
val_f1=0.2779411894226208, client_selector de-activated ❌
heterogeneous_data_handler activated ✅ for clients: ['Client 23', 'Client 24', 'Client 25', 'Client 26', 'Client 27', 'Client 28']
Results Aggregated in 32.20 seconds.
{'TextMLP': {'train_loss': [0.6973434083461761, 0.7445219306514494, 0.8280820646427296, 0.7668022293590364, 0.658056325198201], 'train_accuracy': [0.7071666666666667, 0.6423555555555556, 0.5993925925925926, 0.6396296296296297, 0.7063127572016461], 'train_f1': [0.32647544017242064, 0.3481794158585104, 0.5689335805614968, 0.6129897662169075, 0.6894073429140906], 'train_mae': [0.385, 0.42806666666666665, 0.5534074074074075, 0.45261375661375663, 0.38332510288065846], 'val_loss': [2.6966290323357835, 3.1613462640528094, 3.747187652922513, 4.1360227237070415, 4.826552480303522], 'val_accuracy': [0.25, 0.2589736842105263, 0.35541228070175435, 0.3904072681704261, 0.48964912280701756], 'val_f1': [0.1, 0.11877631878586019, 0.25038241566950764, 0.2779411894226208, 0.4127583042106747], 'val_mae': [1.1666666666666667, 1.040390350877193, 1.019, 1.010751879699248, 0.8478996101364522], 'jsd': [(0, 0, 0.22793804815651525, 0.4228147503508063, 0.19461981889994312, 0), (0.20777898568965325, 0.3288521249086499, 0.13792538097003013, 0.5487949406953986, 0.13792538097003013, 0.21155024368509784), (0.13792538097003013, 0.13792538097003013, 0.13792538097003013, 0.13792538097003013, 0.13792538097003013, 0.13792538097003013), (0.13792538097003013, 0.13792538097003013, 0.13792538097003013, 0.13792538097003013, 0.13792538097003013, 0.13792538097003013), (0.13792538097003013, 0.13792538097003013, 0.13792538097003013, 0.13792538097003013, 0.13792538097003013, 0.13792538097003013)]}}
AdaptationManager: Configuring next round...
{'client_registry': {'enabled': True, 'params': {}}, 'client_selector': {'enabled': True, 'params': {'selection_strategy': 'Resource-Based', 'selection_criteria': 'CPU', 'selection_value': 2}}, 'client_cluster': {'enabled': False, 'params': {}}, 'message_compressor': {'enabled': False, 'params': {}}, 'model_co-versioning_registry': {'enabled': False, 'params': {}}, 'multi-task_model_trainer': {'enabled': False, 'params': {}}, 'heterogeneous_data_handler': {'enabled': True, 'params': {'enabled_clients': []}}}
{'client_selector': {'enabled': False}, 'client_cluster': {'enabled': False}, 'message_compressor': {'enabled': False}, 'model_co-versioning_registry': {'enabled': False}, 'multi-task_model_trainer': {'enabled': False}, 'heterogeneous_data_handler': {'enabled': True, 'params': {'enabled_clients': ['Client 23', 'Client 24', 'Client 25', 'Client 26', 'Client 27', 'Client 28']}}, 'client_registry': {'enabled': True, 'params': {}}}
val_f1=0.4127583042106747, client_selector activated ✅
heterogeneous_data_handler activated ✅ for clients: ['Client 23', 'Client 24', 'Client 25', 'Client 26', 'Client 27', 'Client 28']
Client Client 24 participates in this round. (CPU: 2, RAM: 4)
Client Client 28 has insufficient CPU (1). Will not participate in the next FL round.
Client Client 25 participates in this round. (CPU: 2, RAM: 4)
Client Client 23 participates in this round. (CPU: 2, RAM: 4)
Client Client 27 has insufficient CPU (1). Will not participate in the next FL round.
Client Client 26 has insufficient CPU (1). Will not participate in the next FL round.
Results Aggregated in 36.11 seconds.
{'TextMLP': {'train_loss': [0.6973434083461761, 0.7445219306514494, 0.8280820646427296, 0.7668022293590364, 0.658056325198201, 0.5009822090084171], 'train_accuracy': [0.7071666666666667, 0.6423555555555556, 0.5993925925925926, 0.6396296296296297, 0.7063127572016461, 0.7766296296296297], 'train_f1': [0.32647544017242064, 0.3481794158585104, 0.5689335805614968, 0.6129897662169075, 0.6894073429140906, 0.7646349415900021], 'train_mae': [0.385, 0.42806666666666665, 0.5534074074074075, 0.45261375661375663, 0.38332510288065846, 0.2916666666666667], 'val_loss': [2.6966290323357835, 3.1613462640528094, 3.747187652922513, 4.1360227237070415, 4.826552480303522, 5.7797227387679255], 'val_accuracy': [0.25, 0.2589736842105263, 0.35541228070175435, 0.3904072681704261, 0.48964912280701756, 0.5848245614035088], 'val_f1': [0.1, 0.11877631878586019, 0.25038241566950764, 0.2779411894226208, 0.4127583042106747, 0.5092461699652235], 'val_mae': [1.1666666666666667, 1.040390350877193, 1.019, 1.010751879699248, 0.8478996101364522, 0.6974561403508772], 'jsd': [(0, 0, 0.22793804815651525, 0.4228147503508063, 0.19461981889994312, 0), (0.20777898568965325, 0.3288521249086499, 0.13792538097003013, 0.5487949406953986, 0.13792538097003013, 0.21155024368509784), (0.13792538097003013, 0.13792538097003013, 0.13792538097003013, 0.13792538097003013, 0.13792538097003013, 0.13792538097003013), (0.13792538097003013, 0.13792538097003013, 0.13792538097003013, 0.13792538097003013, 0.13792538097003013, 0.13792538097003013), (0.13792538097003013, 0.13792538097003013, 0.13792538097003013, 0.13792538097003013, 0.13792538097003013, 0.13792538097003013), (0, 0, 0.13792538097003013, 0.13792538097003013, 0.13792538097003013, 0)]}}
AdaptationManager: Configuring next round...
{'client_registry': {'enabled': True, 'params': {}}, 'client_selector': {'enabled': True, 'params': {'selection_strategy': 'Resource-Based', 'selection_criteria': 'CPU', 'selection_value': 2}}, 'client_cluster': {'enabled': False, 'params': {}}, 'message_compressor': {'enabled': False, 'params': {}}, 'model_co-versioning_registry': {'enabled': False, 'params': {}}, 'multi-task_model_trainer': {'enabled': False, 'params': {}}, 'heterogeneous_data_handler': {'enabled': True, 'params': {'enabled_clients': []}}}
{'client_selector': {'enabled': True}, 'client_cluster': {'enabled': False}, 'message_compressor': {'enabled': False}, 'model_co-versioning_registry': {'enabled': False}, 'multi-task_model_trainer': {'enabled': False}, 'heterogeneous_data_handler': {'enabled': True, 'params': {'enabled_clients': ['Client 23', 'Client 24', 'Client 25', 'Client 26', 'Client 27', 'Client 28']}}, 'client_registry': {'enabled': True, 'params': {}}}
val_f1=0.5092461699652235, client_selector activated ✅
heterogeneous_data_handler activated ✅ for clients: ['Client 25', 'Client 26', 'Client 27']
Client Client 28 has insufficient CPU (1). Will not participate in the next FL round.
Client Client 23 participates in this round. (CPU: 2, RAM: 4)
Client Client 24 participates in this round. (CPU: 2, RAM: 4)
Client Client 25 participates in this round. (CPU: 2, RAM: 4)
Client Client 27 has insufficient CPU (1). Will not participate in the next FL round.
Client Client 26 has insufficient CPU (1). Will not participate in the next FL round.
Results Aggregated in 34.95 seconds.
{'TextMLP': {'train_loss': [0.6973434083461761, 0.7445219306514494, 0.8280820646427296, 0.7668022293590364, 0.658056325198201, 0.5009822090084171, 0.3400407321804014], 'train_accuracy': [0.7071666666666667, 0.6423555555555556, 0.5993925925925926, 0.6396296296296297, 0.7063127572016461, 0.7766296296296297, 0.867974025974026], 'train_f1': [0.32647544017242064, 0.3481794158585104, 0.5689335805614968, 0.6129897662169075, 0.6894073429140906, 0.7646349415900021, 0.8144041304623386], 'train_mae': [0.385, 0.42806666666666665, 0.5534074074074075, 0.45261375661375663, 0.38332510288065846, 0.2916666666666667, 0.2048138528138528], 'val_loss': [2.6966290323357835, 3.1613462640528094, 3.747187652922513, 4.1360227237070415, 4.826552480303522, 5.7797227387679255, 6.0421760554518995], 'val_accuracy': [0.25, 0.2589736842105263, 0.35541228070175435, 0.3904072681704261, 0.48964912280701756, 0.5848245614035088, 0.5758492822966508], 'val_f1': [0.1, 0.11877631878586019, 0.25038241566950764, 0.2779411894226208, 0.4127583042106747, 0.5092461699652235, 0.5010180613518825], 'val_mae': [1.1666666666666667, 1.040390350877193, 1.019, 1.010751879699248, 0.8478996101364522, 0.6974561403508772, 0.7479066985645932], 'jsd': [(0, 0, 0.22793804815651525, 0.4228147503508063, 0.19461981889994312, 0), (0.20777898568965325, 0.3288521249086499, 0.13792538097003013, 0.5487949406953986, 0.13792538097003013, 0.21155024368509784), (0.13792538097003013, 0.13792538097003013, 0.13792538097003013, 0.13792538097003013, 0.13792538097003013, 0.13792538097003013), (0.13792538097003013, 0.13792538097003013, 0.13792538097003013, 0.13792538097003013, 0.13792538097003013, 0.13792538097003013), (0.13792538097003013, 0.13792538097003013, 0.13792538097003013, 0.13792538097003013, 0.13792538097003013, 0.13792538097003013), (0, 0, 0.13792538097003013, 0.13792538097003013, 0.13792538097003013, 0), (0, 0, 0.2481478269590274, 0.19080109339316076, 0.13792538097003013, 0)]}}
AdaptationManager: Configuring next round...
{'client_registry': {'enabled': True, 'params': {}}, 'client_selector': {'enabled': True, 'params': {'selection_strategy': 'Resource-Based', 'selection_criteria': 'CPU', 'selection_value': 2}}, 'client_cluster': {'enabled': False, 'params': {}}, 'message_compressor': {'enabled': False, 'params': {}}, 'model_co-versioning_registry': {'enabled': False, 'params': {}}, 'multi-task_model_trainer': {'enabled': False, 'params': {}}, 'heterogeneous_data_handler': {'enabled': True, 'params': {'enabled_clients': []}}}
{'client_selector': {'enabled': True}, 'client_cluster': {'enabled': False}, 'message_compressor': {'enabled': False}, 'model_co-versioning_registry': {'enabled': False}, 'multi-task_model_trainer': {'enabled': False}, 'heterogeneous_data_handler': {'enabled': True, 'params': {'enabled_clients': ['Client 25', 'Client 26', 'Client 27']}}, 'client_registry': {'enabled': True, 'params': {}}}
val_f1=0.5010180613518825, client_selector de-activated ❌
heterogeneous_data_handler activated ✅ for clients: ['Client 25', 'Client 26', 'Client 27']
Results Aggregated in 36.90 seconds.
{'TextMLP': {'train_loss': [0.6973434083461761, 0.7445219306514494, 0.8280820646427296, 0.7668022293590364, 0.658056325198201, 0.5009822090084171, 0.3400407321804014, 0.3872905673767634], 'train_accuracy': [0.7071666666666667, 0.6423555555555556, 0.5993925925925926, 0.6396296296296297, 0.7063127572016461, 0.7766296296296297, 0.867974025974026, 0.8304589371980676], 'train_f1': [0.32647544017242064, 0.3481794158585104, 0.5689335805614968, 0.6129897662169075, 0.6894073429140906, 0.7646349415900021, 0.8144041304623386, 0.7972408331017242], 'train_mae': [0.385, 0.42806666666666665, 0.5534074074074075, 0.45261375661375663, 0.38332510288065846, 0.2916666666666667, 0.2048138528138528, 0.23093719806763285], 'val_loss': [2.6966290323357835, 3.1613462640528094, 3.747187652922513, 4.1360227237070415, 4.826552480303522, 5.7797227387679255, 6.0421760554518995, 5.987429549794084], 'val_accuracy': [0.25, 0.2589736842105263, 0.35541228070175435, 0.3904072681704261, 0.48964912280701756, 0.5848245614035088, 0.5758492822966508, 0.6084000762776506], 'val_f1': [0.1, 0.11877631878586019, 0.25038241566950764, 0.2779411894226208, 0.4127583042106747, 0.5092461699652235, 0.5010180613518825, 0.528344953891789], 'val_mae': [1.1666666666666667, 1.040390350877193, 1.019, 1.010751879699248, 0.8478996101364522, 0.6974561403508772, 0.7479066985645932, 0.6685459572845156], 'jsd': [(0, 0, 0.22793804815651525, 0.4228147503508063, 0.19461981889994312, 0), (0.20777898568965325, 0.3288521249086499, 0.13792538097003013, 0.5487949406953986, 0.13792538097003013, 0.21155024368509784), (0.13792538097003013, 0.13792538097003013, 0.13792538097003013, 0.13792538097003013, 0.13792538097003013, 0.13792538097003013), (0.13792538097003013, 0.13792538097003013, 0.13792538097003013, 0.13792538097003013, 0.13792538097003013, 0.13792538097003013), (0.13792538097003013, 0.13792538097003013, 0.13792538097003013, 0.13792538097003013, 0.13792538097003013, 0.13792538097003013), (0, 0, 0.13792538097003013, 0.13792538097003013, 0.13792538097003013, 0), (0, 0, 0.2481478269590274, 0.19080109339316076, 0.13792538097003013, 0), (0.2479764102340586, 0.19055608136086177, 0.13792538097003013, 0.13792538097003013, 0.13792538097003013, 0.1725606236415107)]}}
AdaptationManager: Configuring next round...
{'client_registry': {'enabled': True, 'params': {}}, 'client_selector': {'enabled': True, 'params': {'selection_strategy': 'Resource-Based', 'selection_criteria': 'CPU', 'selection_value': 2}}, 'client_cluster': {'enabled': False, 'params': {}}, 'message_compressor': {'enabled': False, 'params': {}}, 'model_co-versioning_registry': {'enabled': False, 'params': {}}, 'multi-task_model_trainer': {'enabled': False, 'params': {}}, 'heterogeneous_data_handler': {'enabled': True, 'params': {'enabled_clients': []}}}
{'client_selector': {'enabled': False}, 'client_cluster': {'enabled': False}, 'message_compressor': {'enabled': False}, 'model_co-versioning_registry': {'enabled': False}, 'multi-task_model_trainer': {'enabled': False}, 'heterogeneous_data_handler': {'enabled': True, 'params': {'enabled_clients': ['Client 25', 'Client 26', 'Client 27']}}, 'client_registry': {'enabled': True, 'params': {}}}
val_f1=0.528344953891789, client_selector activated ✅
heterogeneous_data_handler activated ✅ for clients: ['Client 23', 'Client 24', 'Client 25', 'Client 26', 'Client 27', 'Client 28']
Client Client 24 participates in this round. (CPU: 2, RAM: 4)
Client Client 28 has insufficient CPU (1). Will not participate in the next FL round.
Client Client 25 participates in this round. (CPU: 2, RAM: 4)
Client Client 23 participates in this round. (CPU: 2, RAM: 4)
Client Client 27 has insufficient CPU (1). Will not participate in the next FL round.
Client Client 26 has insufficient CPU (1). Will not participate in the next FL round.
Results Aggregated in 39.40 seconds.
{'TextMLP': {'train_loss': [0.6973434083461761, 0.7445219306514494, 0.8280820646427296, 0.7668022293590364, 0.658056325198201, 0.5009822090084171, 0.3400407321804014, 0.3872905673767634, 0.37694061120007755], 'train_accuracy': [0.7071666666666667, 0.6423555555555556, 0.5993925925925926, 0.6396296296296297, 0.7063127572016461, 0.7766296296296297, 0.867974025974026, 0.8304589371980676, 0.8416213991769548], 'train_f1': [0.32647544017242064, 0.3481794158585104, 0.5689335805614968, 0.6129897662169075, 0.6894073429140906, 0.7646349415900021, 0.8144041304623386, 0.7972408331017242, 0.8385045595678229], 'train_mae': [0.385, 0.42806666666666665, 0.5534074074074075, 0.45261375661375663, 0.38332510288065846, 0.2916666666666667, 0.2048138528138528, 0.23093719806763285, 0.21134156378600824], 'val_loss': [2.6966290323357835, 3.1613462640528094, 3.747187652922513, 4.1360227237070415, 4.826552480303522, 5.7797227387679255, 6.0421760554518995, 5.987429549794084, 5.978406075929342], 'val_accuracy': [0.25, 0.2589736842105263, 0.35541228070175435, 0.3904072681704261, 0.48964912280701756, 0.5848245614035088, 0.5758492822966508, 0.6084000762776506, 0.6289912280701755], 'val_f1': [0.1, 0.11877631878586019, 0.25038241566950764, 0.2779411894226208, 0.4127583042106747, 0.5092461699652235, 0.5010180613518825, 0.528344953891789, 0.546117523585483], 'val_mae': [1.1666666666666667, 1.040390350877193, 1.019, 1.010751879699248, 0.8478996101364522, 0.6974561403508772, 0.7479066985645932, 0.6685459572845156, 0.5524122807017544], 'jsd': [(0, 0, 0.22793804815651525, 0.4228147503508063, 0.19461981889994312, 0), (0.20777898568965325, 0.3288521249086499, 0.13792538097003013, 0.5487949406953986, 0.13792538097003013, 0.21155024368509784), (0.13792538097003013, 0.13792538097003013, 0.13792538097003013, 0.13792538097003013, 0.13792538097003013, 0.13792538097003013), (0.13792538097003013, 0.13792538097003013, 0.13792538097003013, 0.13792538097003013, 0.13792538097003013, 0.13792538097003013), (0.13792538097003013, 0.13792538097003013, 0.13792538097003013, 0.13792538097003013, 0.13792538097003013, 0.13792538097003013), (0, 0, 0.13792538097003013, 0.13792538097003013, 0.13792538097003013, 0), (0, 0, 0.2481478269590274, 0.19080109339316076, 0.13792538097003013, 0), (0.2479764102340586, 0.19055608136086177, 0.13792538097003013, 0.13792538097003013, 0.13792538097003013, 0.1725606236415107), (0, 0, 0.13792538097003013, 0.13792538097003013, 0.13792538097003013, 0)]}}
AdaptationManager: Configuring next round...
{'client_registry': {'enabled': True, 'params': {}}, 'client_selector': {'enabled': True, 'params': {'selection_strategy': 'Resource-Based', 'selection_criteria': 'CPU', 'selection_value': 2}}, 'client_cluster': {'enabled': False, 'params': {}}, 'message_compressor': {'enabled': False, 'params': {}}, 'model_co-versioning_registry': {'enabled': False, 'params': {}}, 'multi-task_model_trainer': {'enabled': False, 'params': {}}, 'heterogeneous_data_handler': {'enabled': True, 'params': {'enabled_clients': []}}}
{'client_selector': {'enabled': True}, 'client_cluster': {'enabled': False}, 'message_compressor': {'enabled': False}, 'model_co-versioning_registry': {'enabled': False}, 'multi-task_model_trainer': {'enabled': False}, 'heterogeneous_data_handler': {'enabled': True, 'params': {'enabled_clients': ['Client 23', 'Client 24', 'Client 25', 'Client 26', 'Client 27', 'Client 28']}}, 'client_registry': {'enabled': True, 'params': {}}}
val_f1=0.546117523585483, client_selector activated ✅
heterogeneous_data_handler activated ✅ for clients: ['Client 25', 'Client 26', 'Client 27']
Client Client 23 participates in this round. (CPU: 2, RAM: 4)
Client Client 28 has insufficient CPU (1). Will not participate in the next FL round.
Client Client 24 participates in this round. (CPU: 2, RAM: 4)
Client Client 27 has insufficient CPU (1). Will not participate in the next FL round.
Client Client 25 participates in this round. (CPU: 2, RAM: 4)
Client Client 26 has insufficient CPU (1). Will not participate in the next FL round.
Results Aggregated in 41.02 seconds.
{'TextMLP': {'train_loss': [0.6973434083461761, 0.7445219306514494, 0.8280820646427296, 0.7668022293590364, 0.658056325198201, 0.5009822090084171, 0.3400407321804014, 0.3872905673767634, 0.37694061120007755, 0.3139040918176824], 'train_accuracy': [0.7071666666666667, 0.6423555555555556, 0.5993925925925926, 0.6396296296296297, 0.7063127572016461, 0.7766296296296297, 0.867974025974026, 0.8304589371980676, 0.8416213991769548, 0.8798060606060606], 'train_f1': [0.32647544017242064, 0.3481794158585104, 0.5689335805614968, 0.6129897662169075, 0.6894073429140906, 0.7646349415900021, 0.8144041304623386, 0.7972408331017242, 0.8385045595678229, 0.8506780255263456], 'train_mae': [0.385, 0.42806666666666665, 0.5534074074074075, 0.45261375661375663, 0.38332510288065846, 0.2916666666666667, 0.2048138528138528, 0.23093719806763285, 0.21134156378600824, 0.1757878787878788], 'val_loss': [2.6966290323357835, 3.1613462640528094, 3.747187652922513, 4.1360227237070415, 4.826552480303522, 5.7797227387679255, 6.0421760554518995, 5.987429549794084, 5.978406075929342, 5.914439442739533], 'val_accuracy': [0.25, 0.2589736842105263, 0.35541228070175435, 0.3904072681704261, 0.48964912280701756, 0.5848245614035088, 0.5758492822966508, 0.6084000762776506, 0.6289912280701755, 0.6255143540669857], 'val_f1': [0.1, 0.11877631878586019, 0.25038241566950764, 0.2779411894226208, 0.4127583042106747, 0.5092461699652235, 0.5010180613518825, 0.528344953891789, 0.546117523585483, 0.5423045923785634], 'val_mae': [1.1666666666666667, 1.040390350877193, 1.019, 1.010751879699248, 0.8478996101364522, 0.6974561403508772, 0.7479066985645932, 0.6685459572845156, 0.5524122807017544, 0.6066746411483254], 'jsd': [(0, 0, 0.22793804815651525, 0.4228147503508063, 0.19461981889994312, 0), (0.20777898568965325, 0.3288521249086499, 0.13792538097003013, 0.5487949406953986, 0.13792538097003013, 0.21155024368509784), (0.13792538097003013, 0.13792538097003013, 0.13792538097003013, 0.13792538097003013, 0.13792538097003013, 0.13792538097003013), (0.13792538097003013, 0.13792538097003013, 0.13792538097003013, 0.13792538097003013, 0.13792538097003013, 0.13792538097003013), (0.13792538097003013, 0.13792538097003013, 0.13792538097003013, 0.13792538097003013, 0.13792538097003013, 0.13792538097003013), (0, 0, 0.13792538097003013, 0.13792538097003013, 0.13792538097003013, 0), (0, 0, 0.2481478269590274, 0.19080109339316076, 0.13792538097003013, 0), (0.2479764102340586, 0.19055608136086177, 0.13792538097003013, 0.13792538097003013, 0.13792538097003013, 0.1725606236415107), (0, 0, 0.13792538097003013, 0.13792538097003013, 0.13792538097003013, 0), (0, 0, 0.24653030133257928, 0.19143236116368184, 0.13792538097003013, 0)]}}
AdaptationManager: Configuring next round...
{'client_registry': {'enabled': True, 'params': {}}, 'client_selector': {'enabled': True, 'params': {'selection_strategy': 'Resource-Based', 'selection_criteria': 'CPU', 'selection_value': 2}}, 'client_cluster': {'enabled': False, 'params': {}}, 'message_compressor': {'enabled': False, 'params': {}}, 'model_co-versioning_registry': {'enabled': False, 'params': {}}, 'multi-task_model_trainer': {'enabled': False, 'params': {}}, 'heterogeneous_data_handler': {'enabled': True, 'params': {'enabled_clients': []}}}
{'client_selector': {'enabled': True}, 'client_cluster': {'enabled': False}, 'message_compressor': {'enabled': False}, 'model_co-versioning_registry': {'enabled': False}, 'multi-task_model_trainer': {'enabled': False}, 'heterogeneous_data_handler': {'enabled': True, 'params': {'enabled_clients': ['Client 25', 'Client 26', 'Client 27']}}, 'client_registry': {'enabled': True, 'params': {}}}
val_f1=0.5423045923785634, client_selector de-activated ❌
heterogeneous_data_handler activated ✅ for clients: ['Client 25', 'Client 26', 'Client 27']
Results Aggregated in 44.81 seconds.
{'TextMLP': {'train_loss': [0.6973434083461761, 0.7445219306514494, 0.8280820646427296, 0.7668022293590364, 0.658056325198201, 0.5009822090084171, 0.3400407321804014, 0.3872905673767634, 0.37694061120007755, 0.3139040918176824, 0.3381049199372146], 'train_accuracy': [0.7071666666666667, 0.6423555555555556, 0.5993925925925926, 0.6396296296296297, 0.7063127572016461, 0.7766296296296297, 0.867974025974026, 0.8304589371980676, 0.8416213991769548, 0.8798060606060606, 0.8527513812154696], 'train_f1': [0.32647544017242064, 0.3481794158585104, 0.5689335805614968, 0.6129897662169075, 0.6894073429140906, 0.7646349415900021, 0.8144041304623386, 0.7972408331017242, 0.8385045595678229, 0.8506780255263456, 0.8253560093102489], 'train_mae': [0.385, 0.42806666666666665, 0.5534074074074075, 0.45261375661375663, 0.38332510288065846, 0.2916666666666667, 0.2048138528138528, 0.23093719806763285, 0.21134156378600824, 0.1757878787878788, 0.2023425414364641], 'val_loss': [2.6966290323357835, 3.1613462640528094, 3.747187652922513, 4.1360227237070415, 4.826552480303522, 5.7797227387679255, 6.0421760554518995, 5.987429549794084, 5.978406075929342, 5.914439442739533, 5.935282793369498], 'val_accuracy': [0.25, 0.2589736842105263, 0.35541228070175435, 0.3904072681704261, 0.48964912280701756, 0.5848245614035088, 0.5758492822966508, 0.6084000762776506, 0.6289912280701755, 0.6255143540669857, 0.6198924105844722], 'val_f1': [0.1, 0.11877631878586019, 0.25038241566950764, 0.2779411894226208, 0.4127583042106747, 0.5092461699652235, 0.5010180613518825, 0.528344953891789, 0.546117523585483, 0.5423045923785634, 0.5388658940721155], 'val_mae': [1.1666666666666667, 1.040390350877193, 1.019, 1.010751879699248, 0.8478996101364522, 0.6974561403508772, 0.7479066985645932, 0.6685459572845156, 0.5524122807017544, 0.6066746411483254, 0.6252384414073858], 'jsd': [(0, 0, 0.22793804815651525, 0.4228147503508063, 0.19461981889994312, 0), (0.20777898568965325, 0.3288521249086499, 0.13792538097003013, 0.5487949406953986, 0.13792538097003013, 0.21155024368509784), (0.13792538097003013, 0.13792538097003013, 0.13792538097003013, 0.13792538097003013, 0.13792538097003013, 0.13792538097003013), (0.13792538097003013, 0.13792538097003013, 0.13792538097003013, 0.13792538097003013, 0.13792538097003013, 0.13792538097003013), (0.13792538097003013, 0.13792538097003013, 0.13792538097003013, 0.13792538097003013, 0.13792538097003013, 0.13792538097003013), (0, 0, 0.13792538097003013, 0.13792538097003013, 0.13792538097003013, 0), (0, 0, 0.2481478269590274, 0.19080109339316076, 0.13792538097003013, 0), (0.2479764102340586, 0.19055608136086177, 0.13792538097003013, 0.13792538097003013, 0.13792538097003013, 0.1725606236415107), (0, 0, 0.13792538097003013, 0.13792538097003013, 0.13792538097003013, 0), (0, 0, 0.24653030133257928, 0.19143236116368184, 0.13792538097003013, 0), (0.24593657770432936, 0.18782051790924792, 0.13792538097003013, 0.13792538097003013, 0.13792538097003013, 0.18560332762906684)]}}
AdaptationManager: Configuring next round...
{'client_registry': {'enabled': True, 'params': {}}, 'client_selector': {'enabled': True, 'params': {'selection_strategy': 'Resource-Based', 'selection_criteria': 'CPU', 'selection_value': 2}}, 'client_cluster': {'enabled': False, 'params': {}}, 'message_compressor': {'enabled': False, 'params': {}}, 'model_co-versioning_registry': {'enabled': False, 'params': {}}, 'multi-task_model_trainer': {'enabled': False, 'params': {}}, 'heterogeneous_data_handler': {'enabled': True, 'params': {'enabled_clients': []}}}
{'client_selector': {'enabled': False}, 'client_cluster': {'enabled': False}, 'message_compressor': {'enabled': False}, 'model_co-versioning_registry': {'enabled': False}, 'multi-task_model_trainer': {'enabled': False}, 'heterogeneous_data_handler': {'enabled': True, 'params': {'enabled_clients': ['Client 25', 'Client 26', 'Client 27']}}, 'client_registry': {'enabled': True, 'params': {}}}
val_f1=0.5388658940721155, client_selector de-activated ❌
heterogeneous_data_handler activated ✅ for clients: ['Client 23', 'Client 24', 'Client 25', 'Client 26', 'Client 27', 'Client 28']
Results Aggregated in 49.49 seconds.
{'TextMLP': {'train_loss': [0.6973434083461761, 0.7445219306514494, 0.8280820646427296, 0.7668022293590364, 0.658056325198201, 0.5009822090084171, 0.3400407321804014, 0.3872905673767634, 0.37694061120007755, 0.3139040918176824, 0.3381049199372146, 0.3655171971037606], 'train_accuracy': [0.7071666666666667, 0.6423555555555556, 0.5993925925925926, 0.6396296296296297, 0.7063127572016461, 0.7766296296296297, 0.867974025974026, 0.8304589371980676, 0.8416213991769548, 0.8798060606060606, 0.8527513812154696, 0.836896686159844], 'train_f1': [0.32647544017242064, 0.3481794158585104, 0.5689335805614968, 0.6129897662169075, 0.6894073429140906, 0.7646349415900021, 0.8144041304623386, 0.7972408331017242, 0.8385045595678229, 0.8506780255263456, 0.8253560093102489, 0.8352001165251143], 'train_mae': [0.385, 0.42806666666666665, 0.5534074074074075, 0.45261375661375663, 0.38332510288065846, 0.2916666666666667, 0.2048138528138528, 0.23093719806763285, 0.21134156378600824, 0.1757878787878788, 0.2023425414364641, 0.21214424951267055], 'val_loss': [2.6966290323357835, 3.1613462640528094, 3.747187652922513, 4.1360227237070415, 4.826552480303522, 5.7797227387679255, 6.0421760554518995, 5.987429549794084, 5.978406075929342, 5.914439442739533, 5.935282793369498, 5.861126423269537], 'val_accuracy': [0.25, 0.2589736842105263, 0.35541228070175435, 0.3904072681704261, 0.48964912280701756, 0.5848245614035088, 0.5758492822966508, 0.6084000762776506, 0.6289912280701755, 0.6255143540669857, 0.6198924105844722, 0.6386634349030471], 'val_f1': [0.1, 0.11877631878586019, 0.25038241566950764, 0.2779411894226208, 0.4127583042106747, 0.5092461699652235, 0.5010180613518825, 0.528344953891789, 0.546117523585483, 0.5423045923785634, 0.5388658940721155, 0.554003715679966], 'val_mae': [1.1666666666666667, 1.040390350877193, 1.019, 1.010751879699248, 0.8478996101364522, 0.6974561403508772, 0.7479066985645932, 0.6685459572845156, 0.5524122807017544, 0.6066746411483254, 0.6252384414073858, 0.5578462603878116], 'jsd': [(0, 0, 0.22793804815651525, 0.4228147503508063, 0.19461981889994312, 0), (0.20777898568965325, 0.3288521249086499, 0.13792538097003013, 0.5487949406953986, 0.13792538097003013, 0.21155024368509784), (0.13792538097003013, 0.13792538097003013, 0.13792538097003013, 0.13792538097003013, 0.13792538097003013, 0.13792538097003013), (0.13792538097003013, 0.13792538097003013, 0.13792538097003013, 0.13792538097003013, 0.13792538097003013, 0.13792538097003013), (0.13792538097003013, 0.13792538097003013, 0.13792538097003013, 0.13792538097003013, 0.13792538097003013, 0.13792538097003013), (0, 0, 0.13792538097003013, 0.13792538097003013, 0.13792538097003013, 0), (0, 0, 0.2481478269590274, 0.19080109339316076, 0.13792538097003013, 0), (0.2479764102340586, 0.19055608136086177, 0.13792538097003013, 0.13792538097003013, 0.13792538097003013, 0.1725606236415107), (0, 0, 0.13792538097003013, 0.13792538097003013, 0.13792538097003013, 0), (0, 0, 0.24653030133257928, 0.19143236116368184, 0.13792538097003013, 0), (0.24593657770432936, 0.18782051790924792, 0.13792538097003013, 0.13792538097003013, 0.13792538097003013, 0.18560332762906684), (0.13792538097003013, 0.13792538097003013, 0.13792538097003013, 0.13792538097003013, 0.13792538097003013, 0.13792538097003013)]}}
AdaptationManager: Configuring next round...
{'client_registry': {'enabled': True, 'params': {}}, 'client_selector': {'enabled': True, 'params': {'selection_strategy': 'Resource-Based', 'selection_criteria': 'CPU', 'selection_value': 2}}, 'client_cluster': {'enabled': False, 'params': {}}, 'message_compressor': {'enabled': False, 'params': {}}, 'model_co-versioning_registry': {'enabled': False, 'params': {}}, 'multi-task_model_trainer': {'enabled': False, 'params': {}}, 'heterogeneous_data_handler': {'enabled': True, 'params': {'enabled_clients': []}}}
{'client_selector': {'enabled': False}, 'client_cluster': {'enabled': False}, 'message_compressor': {'enabled': False}, 'model_co-versioning_registry': {'enabled': False}, 'multi-task_model_trainer': {'enabled': False}, 'heterogeneous_data_handler': {'enabled': True, 'params': {'enabled_clients': ['Client 23', 'Client 24', 'Client 25', 'Client 26', 'Client 27', 'Client 28']}}, 'client_registry': {'enabled': True, 'params': {}}}
val_f1=0.554003715679966, client_selector activated ✅
heterogeneous_data_handler activated ✅ for clients: ['Client 23', 'Client 24', 'Client 25', 'Client 26', 'Client 27', 'Client 28']
Client Client 28 has insufficient CPU (1). Will not participate in the next FL round.
Client Client 24 participates in this round. (CPU: 2, RAM: 4)
Client Client 23 participates in this round. (CPU: 2, RAM: 4)
Client Client 27 has insufficient CPU (1). Will not participate in the next FL round.
Client Client 25 participates in this round. (CPU: 2, RAM: 4)
Client Client 26 has insufficient CPU (1). Will not participate in the next FL round.
Results Aggregated in 46.33 seconds.
{'TextMLP': {'train_loss': [0.6973434083461761, 0.7445219306514494, 0.8280820646427296, 0.7668022293590364, 0.658056325198201, 0.5009822090084171, 0.3400407321804014, 0.3872905673767634, 0.37694061120007755, 0.3139040918176824, 0.3381049199372146, 0.3655171971037606, 0.35518896652388776], 'train_accuracy': [0.7071666666666667, 0.6423555555555556, 0.5993925925925926, 0.6396296296296297, 0.7063127572016461, 0.7766296296296297, 0.867974025974026, 0.8304589371980676, 0.8416213991769548, 0.8798060606060606, 0.8527513812154696, 0.836896686159844, 0.8631509971509972], 'train_f1': [0.32647544017242064, 0.3481794158585104, 0.5689335805614968, 0.6129897662169075, 0.6894073429140906, 0.7646349415900021, 0.8144041304623386, 0.7972408331017242, 0.8385045595678229, 0.8506780255263456, 0.8253560093102489, 0.8352001165251143, 0.8616015765141489], 'train_mae': [0.385, 0.42806666666666665, 0.5534074074074075, 0.45261375661375663, 0.38332510288065846, 0.2916666666666667, 0.2048138528138528, 0.23093719806763285, 0.21134156378600824, 0.1757878787878788, 0.2023425414364641, 0.21214424951267055, 0.18604558404558405], 'val_loss': [2.6966290323357835, 3.1613462640528094, 3.747187652922513, 4.1360227237070415, 4.826552480303522, 5.7797227387679255, 6.0421760554518995, 5.987429549794084, 5.978406075929342, 5.914439442739533, 5.935282793369498, 5.861126423269537, 5.701179982570179], 'val_accuracy': [0.25, 0.2589736842105263, 0.35541228070175435, 0.3904072681704261, 0.48964912280701756, 0.5848245614035088, 0.5758492822966508, 0.6084000762776506, 0.6289912280701755, 0.6255143540669857, 0.6198924105844722, 0.6386634349030471, 0.6425], 'val_f1': [0.1, 0.11877631878586019, 0.25038241566950764, 0.2779411894226208, 0.4127583042106747, 0.5092461699652235, 0.5010180613518825, 0.528344953891789, 0.546117523585483, 0.5423045923785634, 0.5388658940721155, 0.554003715679966, 0.5578668831700615], 'val_mae': [1.1666666666666667, 1.040390350877193, 1.019, 1.010751879699248, 0.8478996101364522, 0.6974561403508772, 0.7479066985645932, 0.6685459572845156, 0.5524122807017544, 0.6066746411483254, 0.6252384414073858, 0.5578462603878116, 0.5192543859649122], 'jsd': [(0, 0, 0.22793804815651525, 0.4228147503508063, 0.19461981889994312, 0), (0.20777898568965325, 0.3288521249086499, 0.13792538097003013, 0.5487949406953986, 0.13792538097003013, 0.21155024368509784), (0.13792538097003013, 0.13792538097003013, 0.13792538097003013, 0.13792538097003013, 0.13792538097003013, 0.13792538097003013), (0.13792538097003013, 0.13792538097003013, 0.13792538097003013, 0.13792538097003013, 0.13792538097003013, 0.13792538097003013), (0.13792538097003013, 0.13792538097003013, 0.13792538097003013, 0.13792538097003013, 0.13792538097003013, 0.13792538097003013), (0, 0, 0.13792538097003013, 0.13792538097003013, 0.13792538097003013, 0), (0, 0, 0.2481478269590274, 0.19080109339316076, 0.13792538097003013, 0), (0.2479764102340586, 0.19055608136086177, 0.13792538097003013, 0.13792538097003013, 0.13792538097003013, 0.1725606236415107), (0, 0, 0.13792538097003013, 0.13792538097003013, 0.13792538097003013, 0), (0, 0, 0.24653030133257928, 0.19143236116368184, 0.13792538097003013, 0), (0.24593657770432936, 0.18782051790924792, 0.13792538097003013, 0.13792538097003013, 0.13792538097003013, 0.18560332762906684), (0.13792538097003013, 0.13792538097003013, 0.13792538097003013, 0.13792538097003013, 0.13792538097003013, 0.13792538097003013), (0, 0, 0.13792538097003013, 0.13792538097003013, 0.13792538097003013, 0)]}}
AdaptationManager: Configuring next round...
{'client_registry': {'enabled': True, 'params': {}}, 'client_selector': {'enabled': True, 'params': {'selection_strategy': 'Resource-Based', 'selection_criteria': 'CPU', 'selection_value': 2}}, 'client_cluster': {'enabled': False, 'params': {}}, 'message_compressor': {'enabled': False, 'params': {}}, 'model_co-versioning_registry': {'enabled': False, 'params': {}}, 'multi-task_model_trainer': {'enabled': False, 'params': {}}, 'heterogeneous_data_handler': {'enabled': True, 'params': {'enabled_clients': []}}}
{'client_selector': {'enabled': True}, 'client_cluster': {'enabled': False}, 'message_compressor': {'enabled': False}, 'model_co-versioning_registry': {'enabled': False}, 'multi-task_model_trainer': {'enabled': False}, 'heterogeneous_data_handler': {'enabled': True, 'params': {'enabled_clients': ['Client 23', 'Client 24', 'Client 25', 'Client 26', 'Client 27', 'Client 28']}}, 'client_registry': {'enabled': True, 'params': {}}}
val_f1=0.5578668831700615, client_selector activated ✅
heterogeneous_data_handler activated ✅ for clients: ['Client 25', 'Client 26', 'Client 27']
Client Client 24 participates in this round. (CPU: 2, RAM: 4)
Client Client 23 participates in this round. (CPU: 2, RAM: 4)
Client Client 28 has insufficient CPU (1). Will not participate in the next FL round.
Client Client 27 has insufficient CPU (1). Will not participate in the next FL round.
Client Client 25 participates in this round. (CPU: 2, RAM: 4)
Client Client 26 has insufficient CPU (1). Will not participate in the next FL round.
Results Aggregated in 45.71 seconds.
{'TextMLP': {'train_loss': [0.6973434083461761, 0.7445219306514494, 0.8280820646427296, 0.7668022293590364, 0.658056325198201, 0.5009822090084171, 0.3400407321804014, 0.3872905673767634, 0.37694061120007755, 0.3139040918176824, 0.3381049199372146, 0.3655171971037606, 0.35518896652388776, 0.2950728914304213], 'train_accuracy': [0.7071666666666667, 0.6423555555555556, 0.5993925925925926, 0.6396296296296297, 0.7063127572016461, 0.7766296296296297, 0.867974025974026, 0.8304589371980676, 0.8416213991769548, 0.8798060606060606, 0.8527513812154696, 0.836896686159844, 0.8631509971509972, 0.8868528138528139], 'train_f1': [0.32647544017242064, 0.3481794158585104, 0.5689335805614968, 0.6129897662169075, 0.6894073429140906, 0.7646349415900021, 0.8144041304623386, 0.7972408331017242, 0.8385045595678229, 0.8506780255263456, 0.8253560093102489, 0.8352001165251143, 0.8616015765141489, 0.8665794571602976], 'train_mae': [0.385, 0.42806666666666665, 0.5534074074074075, 0.45261375661375663, 0.38332510288065846, 0.2916666666666667, 0.2048138528138528, 0.23093719806763285, 0.21134156378600824, 0.1757878787878788, 0.2023425414364641, 0.21214424951267055, 0.18604558404558405, 0.16687445887445887], 'val_loss': [2.6966290323357835, 3.1613462640528094, 3.747187652922513, 4.1360227237070415, 4.826552480303522, 5.7797227387679255, 6.0421760554518995, 5.987429549794084, 5.978406075929342, 5.914439442739533, 5.935282793369498, 5.861126423269537, 5.701179982570179, 5.650357677788255], 'val_accuracy': [0.25, 0.2589736842105263, 0.35541228070175435, 0.3904072681704261, 0.48964912280701756, 0.5848245614035088, 0.5758492822966508, 0.6084000762776506, 0.6289912280701755, 0.6255143540669857, 0.6198924105844722, 0.6386634349030471, 0.6425, 0.6482177033492823], 'val_f1': [0.1, 0.11877631878586019, 0.25038241566950764, 0.2779411894226208, 0.4127583042106747, 0.5092461699652235, 0.5010180613518825, 0.528344953891789, 0.546117523585483, 0.5423045923785634, 0.5388658940721155, 0.554003715679966, 0.5578668831700615, 0.5627895553564911], 'val_mae': [1.1666666666666667, 1.040390350877193, 1.019, 1.010751879699248, 0.8478996101364522, 0.6974561403508772, 0.7479066985645932, 0.6685459572845156, 0.5524122807017544, 0.6066746411483254, 0.6252384414073858, 0.5578462603878116, 0.5192543859649122, 0.5491746411483254], 'jsd': [(0, 0, 0.22793804815651525, 0.4228147503508063, 0.19461981889994312, 0), (0.20777898568965325, 0.3288521249086499, 0.13792538097003013, 0.5487949406953986, 0.13792538097003013, 0.21155024368509784), (0.13792538097003013, 0.13792538097003013, 0.13792538097003013, 0.13792538097003013, 0.13792538097003013, 0.13792538097003013), (0.13792538097003013, 0.13792538097003013, 0.13792538097003013, 0.13792538097003013, 0.13792538097003013, 0.13792538097003013), (0.13792538097003013, 0.13792538097003013, 0.13792538097003013, 0.13792538097003013, 0.13792538097003013, 0.13792538097003013), (0, 0, 0.13792538097003013, 0.13792538097003013, 0.13792538097003013, 0), (0, 0, 0.2481478269590274, 0.19080109339316076, 0.13792538097003013, 0), (0.2479764102340586, 0.19055608136086177, 0.13792538097003013, 0.13792538097003013, 0.13792538097003013, 0.1725606236415107), (0, 0, 0.13792538097003013, 0.13792538097003013, 0.13792538097003013, 0), (0, 0, 0.24653030133257928, 0.19143236116368184, 0.13792538097003013, 0), (0.24593657770432936, 0.18782051790924792, 0.13792538097003013, 0.13792538097003013, 0.13792538097003013, 0.18560332762906684), (0.13792538097003013, 0.13792538097003013, 0.13792538097003013, 0.13792538097003013, 0.13792538097003013, 0.13792538097003013), (0, 0, 0.13792538097003013, 0.13792538097003013, 0.13792538097003013, 0), (0, 0, 0.20361160929832983, 0.20325630037147596, 0.13792538097003013, 0)]}}
AdaptationManager: Configuring next round...
{'client_registry': {'enabled': True, 'params': {}}, 'client_selector': {'enabled': True, 'params': {'selection_strategy': 'Resource-Based', 'selection_criteria': 'CPU', 'selection_value': 2}}, 'client_cluster': {'enabled': False, 'params': {}}, 'message_compressor': {'enabled': False, 'params': {}}, 'model_co-versioning_registry': {'enabled': False, 'params': {}}, 'multi-task_model_trainer': {'enabled': False, 'params': {}}, 'heterogeneous_data_handler': {'enabled': True, 'params': {'enabled_clients': []}}}
{'client_selector': {'enabled': True}, 'client_cluster': {'enabled': False}, 'message_compressor': {'enabled': False}, 'model_co-versioning_registry': {'enabled': False}, 'multi-task_model_trainer': {'enabled': False}, 'heterogeneous_data_handler': {'enabled': True, 'params': {'enabled_clients': ['Client 25', 'Client 26', 'Client 27']}}, 'client_registry': {'enabled': True, 'params': {}}}
val_f1=0.5627895553564911, client_selector activated ✅
heterogeneous_data_handler activated ✅ for clients: ['Client 25', 'Client 26', 'Client 27']
Client Client 23 participates in this round. (CPU: 2, RAM: 4)
Client Client 24 participates in this round. (CPU: 2, RAM: 4)
Client Client 28 has insufficient CPU (1). Will not participate in the next FL round.
Client Client 27 has insufficient CPU (1). Will not participate in the next FL round.
Client Client 25 participates in this round. (CPU: 2, RAM: 4)
Client Client 26 has insufficient CPU (1). Will not participate in the next FL round.
Results Aggregated in 45.45 seconds.
{'TextMLP': {'train_loss': [0.6973434083461761, 0.7445219306514494, 0.8280820646427296, 0.7668022293590364, 0.658056325198201, 0.5009822090084171, 0.3400407321804014, 0.3872905673767634, 0.37694061120007755, 0.3139040918176824, 0.3381049199372146, 0.3655171971037606, 0.35518896652388776, 0.2950728914304213, 0.28423991156106043], 'train_accuracy': [0.7071666666666667, 0.6423555555555556, 0.5993925925925926, 0.6396296296296297, 0.7063127572016461, 0.7766296296296297, 0.867974025974026, 0.8304589371980676, 0.8416213991769548, 0.8798060606060606, 0.8527513812154696, 0.836896686159844, 0.8631509971509972, 0.8868528138528139, 0.8880080808080808], 'train_f1': [0.32647544017242064, 0.3481794158585104, 0.5689335805614968, 0.6129897662169075, 0.6894073429140906, 0.7646349415900021, 0.8144041304623386, 0.7972408331017242, 0.8385045595678229, 0.8506780255263456, 0.8253560093102489, 0.8352001165251143, 0.8616015765141489, 0.8665794571602976, 0.8575393274857838], 'train_mae': [0.385, 0.42806666666666665, 0.5534074074074075, 0.45261375661375663, 0.38332510288065846, 0.2916666666666667, 0.2048138528138528, 0.23093719806763285, 0.21134156378600824, 0.1757878787878788, 0.2023425414364641, 0.21214424951267055, 0.18604558404558405, 0.16687445887445887, 0.1619191919191919], 'val_loss': [2.6966290323357835, 3.1613462640528094, 3.747187652922513, 4.1360227237070415, 4.826552480303522, 5.7797227387679255, 6.0421760554518995, 5.987429549794084, 5.978406075929342, 5.914439442739533, 5.935282793369498, 5.861126423269537, 5.701179982570179, 5.650357677788255, 5.65309110449832], 'val_accuracy': [0.25, 0.2589736842105263, 0.35541228070175435, 0.3904072681704261, 0.48964912280701756, 0.5848245614035088, 0.5758492822966508, 0.6084000762776506, 0.6289912280701755, 0.6255143540669857, 0.6198924105844722, 0.6386634349030471, 0.6425, 0.6482177033492823, 0.6455263157894737], 'val_f1': [0.1, 0.11877631878586019, 0.25038241566950764, 0.2779411894226208, 0.4127583042106747, 0.5092461699652235, 0.5010180613518825, 0.528344953891789, 0.546117523585483, 0.5423045923785634, 0.5388658940721155, 0.554003715679966, 0.5578668831700615, 0.5627895553564911, 0.559286873133557], 'val_mae': [1.1666666666666667, 1.040390350877193, 1.019, 1.010751879699248, 0.8478996101364522, 0.6974561403508772, 0.7479066985645932, 0.6685459572845156, 0.5524122807017544, 0.6066746411483254, 0.6252384414073858, 0.5578462603878116, 0.5192543859649122, 0.5491746411483254, 0.5898684210526316], 'jsd': [(0, 0, 0.22793804815651525, 0.4228147503508063, 0.19461981889994312, 0), (0.20777898568965325, 0.3288521249086499, 0.13792538097003013, 0.5487949406953986, 0.13792538097003013, 0.21155024368509784), (0.13792538097003013, 0.13792538097003013, 0.13792538097003013, 0.13792538097003013, 0.13792538097003013, 0.13792538097003013), (0.13792538097003013, 0.13792538097003013, 0.13792538097003013, 0.13792538097003013, 0.13792538097003013, 0.13792538097003013), (0.13792538097003013, 0.13792538097003013, 0.13792538097003013, 0.13792538097003013, 0.13792538097003013, 0.13792538097003013), (0, 0, 0.13792538097003013, 0.13792538097003013, 0.13792538097003013, 0), (0, 0, 0.2481478269590274, 0.19080109339316076, 0.13792538097003013, 0), (0.2479764102340586, 0.19055608136086177, 0.13792538097003013, 0.13792538097003013, 0.13792538097003013, 0.1725606236415107), (0, 0, 0.13792538097003013, 0.13792538097003013, 0.13792538097003013, 0), (0, 0, 0.24653030133257928, 0.19143236116368184, 0.13792538097003013, 0), (0.24593657770432936, 0.18782051790924792, 0.13792538097003013, 0.13792538097003013, 0.13792538097003013, 0.18560332762906684), (0.13792538097003013, 0.13792538097003013, 0.13792538097003013, 0.13792538097003013, 0.13792538097003013, 0.13792538097003013), (0, 0, 0.13792538097003013, 0.13792538097003013, 0.13792538097003013, 0), (0, 0, 0.20361160929832983, 0.20325630037147596, 0.13792538097003013, 0), (0, 0, 0.24644773184422072, 0.2059016297513322, 0.13792538097003013, 0)]}}
AdaptationManager: Configuring next round...
{'client_registry': {'enabled': True, 'params': {}}, 'client_selector': {'enabled': True, 'params': {'selection_strategy': 'Resource-Based', 'selection_criteria': 'CPU', 'selection_value': 2}}, 'client_cluster': {'enabled': False, 'params': {}}, 'message_compressor': {'enabled': False, 'params': {}}, 'model_co-versioning_registry': {'enabled': False, 'params': {}}, 'multi-task_model_trainer': {'enabled': False, 'params': {}}, 'heterogeneous_data_handler': {'enabled': True, 'params': {'enabled_clients': []}}}
{'client_selector': {'enabled': True}, 'client_cluster': {'enabled': False}, 'message_compressor': {'enabled': False}, 'model_co-versioning_registry': {'enabled': False}, 'multi-task_model_trainer': {'enabled': False}, 'heterogeneous_data_handler': {'enabled': True, 'params': {'enabled_clients': ['Client 25', 'Client 26', 'Client 27']}}, 'client_registry': {'enabled': True, 'params': {}}}
val_f1=0.559286873133557, client_selector de-activated ❌
heterogeneous_data_handler activated ✅ for clients: ['Client 25', 'Client 26', 'Client 27']
Results Aggregated in 50.23 seconds.
{'TextMLP': {'train_loss': [0.6973434083461761, 0.7445219306514494, 0.8280820646427296, 0.7668022293590364, 0.658056325198201, 0.5009822090084171, 0.3400407321804014, 0.3872905673767634, 0.37694061120007755, 0.3139040918176824, 0.3381049199372146, 0.3655171971037606, 0.35518896652388776, 0.2950728914304213, 0.28423991156106043, 0.30468853494214515], 'train_accuracy': [0.7071666666666667, 0.6423555555555556, 0.5993925925925926, 0.6396296296296297, 0.7063127572016461, 0.7766296296296297, 0.867974025974026, 0.8304589371980676, 0.8416213991769548, 0.8798060606060606, 0.8527513812154696, 0.836896686159844, 0.8631509971509972, 0.8868528138528139, 0.8880080808080808, 0.8683385416666667], 'train_f1': [0.32647544017242064, 0.3481794158585104, 0.5689335805614968, 0.6129897662169075, 0.6894073429140906, 0.7646349415900021, 0.8144041304623386, 0.7972408331017242, 0.8385045595678229, 0.8506780255263456, 0.8253560093102489, 0.8352001165251143, 0.8616015765141489, 0.8665794571602976, 0.8575393274857838, 0.8423966550335913], 'train_mae': [0.385, 0.42806666666666665, 0.5534074074074075, 0.45261375661375663, 0.38332510288065846, 0.2916666666666667, 0.2048138528138528, 0.23093719806763285, 0.21134156378600824, 0.1757878787878788, 0.2023425414364641, 0.21214424951267055, 0.18604558404558405, 0.16687445887445887, 0.1619191919191919, 0.17678385416666667], 'val_loss': [2.6966290323357835, 3.1613462640528094, 3.747187652922513, 4.1360227237070415, 4.826552480303522, 5.7797227387679255, 6.0421760554518995, 5.987429549794084, 5.978406075929342, 5.914439442739533, 5.935282793369498, 5.861126423269537, 5.701179982570179, 5.650357677788255, 5.65309110449832, 5.708230367020557], 'val_accuracy': [0.25, 0.2589736842105263, 0.35541228070175435, 0.3904072681704261, 0.48964912280701756, 0.5848245614035088, 0.5758492822966508, 0.6084000762776506, 0.6289912280701755, 0.6255143540669857, 0.6198924105844722, 0.6386634349030471, 0.6425, 0.6482177033492823, 0.6455263157894737, 0.6438445723684211], 'val_f1': [0.1, 0.11877631878586019, 0.25038241566950764, 0.2779411894226208, 0.4127583042106747, 0.5092461699652235, 0.5010180613518825, 0.528344953891789, 0.546117523585483, 0.5423045923785634, 0.5388658940721155, 0.554003715679966, 0.5578668831700615, 0.5627895553564911, 0.559286873133557, 0.5575000311756839], 'val_mae': [1.1666666666666667, 1.040390350877193, 1.019, 1.010751879699248, 0.8478996101364522, 0.6974561403508772, 0.7479066985645932, 0.6685459572845156, 0.5524122807017544, 0.6066746411483254, 0.6252384414073858, 0.5578462603878116, 0.5192543859649122, 0.5491746411483254, 0.5898684210526316, 0.6054111842105263], 'jsd': [(0, 0, 0.22793804815651525, 0.4228147503508063, 0.19461981889994312, 0), (0.20777898568965325, 0.3288521249086499, 0.13792538097003013, 0.5487949406953986, 0.13792538097003013, 0.21155024368509784), (0.13792538097003013, 0.13792538097003013, 0.13792538097003013, 0.13792538097003013, 0.13792538097003013, 0.13792538097003013), (0.13792538097003013, 0.13792538097003013, 0.13792538097003013, 0.13792538097003013, 0.13792538097003013, 0.13792538097003013), (0.13792538097003013, 0.13792538097003013, 0.13792538097003013, 0.13792538097003013, 0.13792538097003013, 0.13792538097003013), (0, 0, 0.13792538097003013, 0.13792538097003013, 0.13792538097003013, 0), (0, 0, 0.2481478269590274, 0.19080109339316076, 0.13792538097003013, 0), (0.2479764102340586, 0.19055608136086177, 0.13792538097003013, 0.13792538097003013, 0.13792538097003013, 0.1725606236415107), (0, 0, 0.13792538097003013, 0.13792538097003013, 0.13792538097003013, 0), (0, 0, 0.24653030133257928, 0.19143236116368184, 0.13792538097003013, 0), (0.24593657770432936, 0.18782051790924792, 0.13792538097003013, 0.13792538097003013, 0.13792538097003013, 0.18560332762906684), (0.13792538097003013, 0.13792538097003013, 0.13792538097003013, 0.13792538097003013, 0.13792538097003013, 0.13792538097003013), (0, 0, 0.13792538097003013, 0.13792538097003013, 0.13792538097003013, 0), (0, 0, 0.20361160929832983, 0.20325630037147596, 0.13792538097003013, 0), (0, 0, 0.24644773184422072, 0.2059016297513322, 0.13792538097003013, 0), (0.2538723005162691, 0.22075023264705845, 0.13792538097003013, 0.13792538097003013, 0.13792538097003013, 0.14660398743465455)]}}
AdaptationManager: Configuring next round...
{'client_registry': {'enabled': True, 'params': {}}, 'client_selector': {'enabled': True, 'params': {'selection_strategy': 'Resource-Based', 'selection_criteria': 'CPU', 'selection_value': 2}}, 'client_cluster': {'enabled': False, 'params': {}}, 'message_compressor': {'enabled': False, 'params': {}}, 'model_co-versioning_registry': {'enabled': False, 'params': {}}, 'multi-task_model_trainer': {'enabled': False, 'params': {}}, 'heterogeneous_data_handler': {'enabled': True, 'params': {'enabled_clients': []}}}
{'client_selector': {'enabled': False}, 'client_cluster': {'enabled': False}, 'message_compressor': {'enabled': False}, 'model_co-versioning_registry': {'enabled': False}, 'multi-task_model_trainer': {'enabled': False}, 'heterogeneous_data_handler': {'enabled': True, 'params': {'enabled_clients': ['Client 25', 'Client 26', 'Client 27']}}, 'client_registry': {'enabled': True, 'params': {}}}
val_f1=0.5575000311756839, client_selector de-activated ❌
heterogeneous_data_handler activated ✅ for clients: ['Client 23', 'Client 24', 'Client 25', 'Client 26', 'Client 27', 'Client 28']
Results Aggregated in 54.88 seconds.
{'TextMLP': {'train_loss': [0.6973434083461761, 0.7445219306514494, 0.8280820646427296, 0.7668022293590364, 0.658056325198201, 0.5009822090084171, 0.3400407321804014, 0.3872905673767634, 0.37694061120007755, 0.3139040918176824, 0.3381049199372146, 0.3655171971037606, 0.35518896652388776, 0.2950728914304213, 0.28423991156106043, 0.30468853494214515, 0.3912332690521183], 'train_accuracy': [0.7071666666666667, 0.6423555555555556, 0.5993925925925926, 0.6396296296296297, 0.7063127572016461, 0.7766296296296297, 0.867974025974026, 0.8304589371980676, 0.8416213991769548, 0.8798060606060606, 0.8527513812154696, 0.836896686159844, 0.8631509971509972, 0.8868528138528139, 0.8880080808080808, 0.8683385416666667, 0.8147578347578348], 'train_f1': [0.32647544017242064, 0.3481794158585104, 0.5689335805614968, 0.6129897662169075, 0.6894073429140906, 0.7646349415900021, 0.8144041304623386, 0.7972408331017242, 0.8385045595678229, 0.8506780255263456, 0.8253560093102489, 0.8352001165251143, 0.8616015765141489, 0.8665794571602976, 0.8575393274857838, 0.8423966550335913, 0.8064007113020135], 'train_mae': [0.385, 0.42806666666666665, 0.5534074074074075, 0.45261375661375663, 0.38332510288065846, 0.2916666666666667, 0.2048138528138528, 0.23093719806763285, 0.21134156378600824, 0.1757878787878788, 0.2023425414364641, 0.21214424951267055, 0.18604558404558405, 0.16687445887445887, 0.1619191919191919, 0.17678385416666667, 0.22737037037037036], 'val_loss': [2.6966290323357835, 3.1613462640528094, 3.747187652922513, 4.1360227237070415, 4.826552480303522, 5.7797227387679255, 6.0421760554518995, 5.987429549794084, 5.978406075929342, 5.914439442739533, 5.935282793369498, 5.861126423269537, 5.701179982570179, 5.650357677788255, 5.65309110449832, 5.708230367020557, 5.806043795496829], 'val_accuracy': [0.25, 0.2589736842105263, 0.35541228070175435, 0.3904072681704261, 0.48964912280701756, 0.5848245614035088, 0.5758492822966508, 0.6084000762776506, 0.6289912280701755, 0.6255143540669857, 0.6198924105844722, 0.6386634349030471, 0.6425, 0.6482177033492823, 0.6455263157894737, 0.6438445723684211, 0.6496305668016195], 'val_f1': [0.1, 0.11877631878586019, 0.25038241566950764, 0.2779411894226208, 0.4127583042106747, 0.5092461699652235, 0.5010180613518825, 0.528344953891789, 0.546117523585483, 0.5423045923785634, 0.5388658940721155, 0.554003715679966, 0.5578668831700615, 0.5627895553564911, 0.559286873133557, 0.5575000311756839, 0.5646920720697727], 'val_mae': [1.1666666666666667, 1.040390350877193, 1.019, 1.010751879699248, 0.8478996101364522, 0.6974561403508772, 0.7479066985645932, 0.6685459572845156, 0.5524122807017544, 0.6066746411483254, 0.6252384414073858, 0.5578462603878116, 0.5192543859649122, 0.5491746411483254, 0.5898684210526316, 0.6054111842105263, 0.5440452091767881], 'jsd': [(0, 0, 0.22793804815651525, 0.4228147503508063, 0.19461981889994312, 0), (0.20777898568965325, 0.3288521249086499, 0.13792538097003013, 0.5487949406953986, 0.13792538097003013, 0.21155024368509784), (0.13792538097003013, 0.13792538097003013, 0.13792538097003013, 0.13792538097003013, 0.13792538097003013, 0.13792538097003013), (0.13792538097003013, 0.13792538097003013, 0.13792538097003013, 0.13792538097003013, 0.13792538097003013, 0.13792538097003013), (0.13792538097003013, 0.13792538097003013, 0.13792538097003013, 0.13792538097003013, 0.13792538097003013, 0.13792538097003013), (0, 0, 0.13792538097003013, 0.13792538097003013, 0.13792538097003013, 0), (0, 0, 0.2481478269590274, 0.19080109339316076, 0.13792538097003013, 0), (0.2479764102340586, 0.19055608136086177, 0.13792538097003013, 0.13792538097003013, 0.13792538097003013, 0.1725606236415107), (0, 0, 0.13792538097003013, 0.13792538097003013, 0.13792538097003013, 0), (0, 0, 0.24653030133257928, 0.19143236116368184, 0.13792538097003013, 0), (0.24593657770432936, 0.18782051790924792, 0.13792538097003013, 0.13792538097003013, 0.13792538097003013, 0.18560332762906684), (0.13792538097003013, 0.13792538097003013, 0.13792538097003013, 0.13792538097003013, 0.13792538097003013, 0.13792538097003013), (0, 0, 0.13792538097003013, 0.13792538097003013, 0.13792538097003013, 0), (0, 0, 0.20361160929832983, 0.20325630037147596, 0.13792538097003013, 0), (0, 0, 0.24644773184422072, 0.2059016297513322, 0.13792538097003013, 0), (0.2538723005162691, 0.22075023264705845, 0.13792538097003013, 0.13792538097003013, 0.13792538097003013, 0.14660398743465455), (0.13792538097003013, 0.13792538097003013, 0.13792538097003013, 0.13792538097003013, 0.13792538097003013, 0.13792538097003013)]}}
AdaptationManager: Configuring next round...
{'client_registry': {'enabled': True, 'params': {}}, 'client_selector': {'enabled': True, 'params': {'selection_strategy': 'Resource-Based', 'selection_criteria': 'CPU', 'selection_value': 2}}, 'client_cluster': {'enabled': False, 'params': {}}, 'message_compressor': {'enabled': False, 'params': {}}, 'model_co-versioning_registry': {'enabled': False, 'params': {}}, 'multi-task_model_trainer': {'enabled': False, 'params': {}}, 'heterogeneous_data_handler': {'enabled': True, 'params': {'enabled_clients': []}}}
{'client_selector': {'enabled': False}, 'client_cluster': {'enabled': False}, 'message_compressor': {'enabled': False}, 'model_co-versioning_registry': {'enabled': False}, 'multi-task_model_trainer': {'enabled': False}, 'heterogeneous_data_handler': {'enabled': True, 'params': {'enabled_clients': ['Client 23', 'Client 24', 'Client 25', 'Client 26', 'Client 27', 'Client 28']}}, 'client_registry': {'enabled': True, 'params': {}}}
val_f1=0.5646920720697727, client_selector activated ✅
heterogeneous_data_handler activated ✅ for clients: ['Client 23', 'Client 24', 'Client 25', 'Client 26', 'Client 27', 'Client 28']
Client Client 28 has insufficient CPU (1). Will not participate in the next FL round.
Client Client 23 participates in this round. (CPU: 2, RAM: 4)
Client Client 24 participates in this round. (CPU: 2, RAM: 4)
Client Client 25 participates in this round. (CPU: 2, RAM: 4)
Client Client 27 has insufficient CPU (1). Will not participate in the next FL round.
Client Client 26 has insufficient CPU (1). Will not participate in the next FL round.
Results Aggregated in 53.82 seconds.
{'TextMLP': {'train_loss': [0.6973434083461761, 0.7445219306514494, 0.8280820646427296, 0.7668022293590364, 0.658056325198201, 0.5009822090084171, 0.3400407321804014, 0.3872905673767634, 0.37694061120007755, 0.3139040918176824, 0.3381049199372146, 0.3655171971037606, 0.35518896652388776, 0.2950728914304213, 0.28423991156106043, 0.30468853494214515, 0.3912332690521183, 0.38049238781109757], 'train_accuracy': [0.7071666666666667, 0.6423555555555556, 0.5993925925925926, 0.6396296296296297, 0.7063127572016461, 0.7766296296296297, 0.867974025974026, 0.8304589371980676, 0.8416213991769548, 0.8798060606060606, 0.8527513812154696, 0.836896686159844, 0.8631509971509972, 0.8868528138528139, 0.8880080808080808, 0.8683385416666667, 0.8147578347578348, 0.8343786008230453], 'train_f1': [0.32647544017242064, 0.3481794158585104, 0.5689335805614968, 0.6129897662169075, 0.6894073429140906, 0.7646349415900021, 0.8144041304623386, 0.7972408331017242, 0.8385045595678229, 0.8506780255263456, 0.8253560093102489, 0.8352001165251143, 0.8616015765141489, 0.8665794571602976, 0.8575393274857838, 0.8423966550335913, 0.8064007113020135, 0.8316740054010462], 'train_mae': [0.385, 0.42806666666666665, 0.5534074074074075, 0.45261375661375663, 0.38332510288065846, 0.2916666666666667, 0.2048138528138528, 0.23093719806763285, 0.21134156378600824, 0.1757878787878788, 0.2023425414364641, 0.21214424951267055, 0.18604558404558405, 0.16687445887445887, 0.1619191919191919, 0.17678385416666667, 0.22737037037037036, 0.20809053497942387], 'val_loss': [2.6966290323357835, 3.1613462640528094, 3.747187652922513, 4.1360227237070415, 4.826552480303522, 5.7797227387679255, 6.0421760554518995, 5.987429549794084, 5.978406075929342, 5.914439442739533, 5.935282793369498, 5.861126423269537, 5.701179982570179, 5.650357677788255, 5.65309110449832, 5.708230367020557, 5.806043795496829, 5.78198775040476], 'val_accuracy': [0.25, 0.2589736842105263, 0.35541228070175435, 0.3904072681704261, 0.48964912280701756, 0.5848245614035088, 0.5758492822966508, 0.6084000762776506, 0.6289912280701755, 0.6255143540669857, 0.6198924105844722, 0.6386634349030471, 0.6425, 0.6482177033492823, 0.6455263157894737, 0.6438445723684211, 0.6496305668016195, 0.661140350877193], 'val_f1': [0.1, 0.11877631878586019, 0.25038241566950764, 0.2779411894226208, 0.4127583042106747, 0.5092461699652235, 0.5010180613518825, 0.528344953891789, 0.546117523585483, 0.5423045923785634, 0.5388658940721155, 0.554003715679966, 0.5578668831700615, 0.5627895553564911, 0.559286873133557, 0.5575000311756839, 0.5646920720697727, 0.5744027739711738], 'val_mae': [1.1666666666666667, 1.040390350877193, 1.019, 1.010751879699248, 0.8478996101364522, 0.6974561403508772, 0.7479066985645932, 0.6685459572845156, 0.5524122807017544, 0.6066746411483254, 0.6252384414073858, 0.5578462603878116, 0.5192543859649122, 0.5491746411483254, 0.5898684210526316, 0.6054111842105263, 0.5440452091767881, 0.5036403508771929], 'jsd': [(0, 0, 0.22793804815651525, 0.4228147503508063, 0.19461981889994312, 0), (0.20777898568965325, 0.3288521249086499, 0.13792538097003013, 0.5487949406953986, 0.13792538097003013, 0.21155024368509784), (0.13792538097003013, 0.13792538097003013, 0.13792538097003013, 0.13792538097003013, 0.13792538097003013, 0.13792538097003013), (0.13792538097003013, 0.13792538097003013, 0.13792538097003013, 0.13792538097003013, 0.13792538097003013, 0.13792538097003013), (0.13792538097003013, 0.13792538097003013, 0.13792538097003013, 0.13792538097003013, 0.13792538097003013, 0.13792538097003013), (0, 0, 0.13792538097003013, 0.13792538097003013, 0.13792538097003013, 0), (0, 0, 0.2481478269590274, 0.19080109339316076, 0.13792538097003013, 0), (0.2479764102340586, 0.19055608136086177, 0.13792538097003013, 0.13792538097003013, 0.13792538097003013, 0.1725606236415107), (0, 0, 0.13792538097003013, 0.13792538097003013, 0.13792538097003013, 0), (0, 0, 0.24653030133257928, 0.19143236116368184, 0.13792538097003013, 0), (0.24593657770432936, 0.18782051790924792, 0.13792538097003013, 0.13792538097003013, 0.13792538097003013, 0.18560332762906684), (0.13792538097003013, 0.13792538097003013, 0.13792538097003013, 0.13792538097003013, 0.13792538097003013, 0.13792538097003013), (0, 0, 0.13792538097003013, 0.13792538097003013, 0.13792538097003013, 0), (0, 0, 0.20361160929832983, 0.20325630037147596, 0.13792538097003013, 0), (0, 0, 0.24644773184422072, 0.2059016297513322, 0.13792538097003013, 0), (0.2538723005162691, 0.22075023264705845, 0.13792538097003013, 0.13792538097003013, 0.13792538097003013, 0.14660398743465455), (0.13792538097003013, 0.13792538097003013, 0.13792538097003013, 0.13792538097003013, 0.13792538097003013, 0.13792538097003013), (0, 0, 0.13792538097003013, 0.13792538097003013, 0.13792538097003013, 0)]}}
AdaptationManager: Configuring next round...
{'client_registry': {'enabled': True, 'params': {}}, 'client_selector': {'enabled': True, 'params': {'selection_strategy': 'Resource-Based', 'selection_criteria': 'CPU', 'selection_value': 2}}, 'client_cluster': {'enabled': False, 'params': {}}, 'message_compressor': {'enabled': False, 'params': {}}, 'model_co-versioning_registry': {'enabled': False, 'params': {}}, 'multi-task_model_trainer': {'enabled': False, 'params': {}}, 'heterogeneous_data_handler': {'enabled': True, 'params': {'enabled_clients': []}}}
{'client_selector': {'enabled': True}, 'client_cluster': {'enabled': False}, 'message_compressor': {'enabled': False}, 'model_co-versioning_registry': {'enabled': False}, 'multi-task_model_trainer': {'enabled': False}, 'heterogeneous_data_handler': {'enabled': True, 'params': {'enabled_clients': ['Client 23', 'Client 24', 'Client 25', 'Client 26', 'Client 27', 'Client 28']}}, 'client_registry': {'enabled': True, 'params': {}}}
val_f1=0.5744027739711738, client_selector activated ✅
heterogeneous_data_handler activated ✅ for clients: ['Client 25', 'Client 26', 'Client 27']
Client Client 28 has insufficient CPU (1). Will not participate in the next FL round.
Client Client 24 participates in this round. (CPU: 2, RAM: 4)
Client Client 23 participates in this round. (CPU: 2, RAM: 4)
Client Client 25 participates in this round. (CPU: 2, RAM: 4)
Client Client 27 has insufficient CPU (1). Will not participate in the next FL round.
Client Client 26 has insufficient CPU (1). Will not participate in the next FL round.
Results Aggregated in 53.03 seconds.
{'TextMLP': {'train_loss': [0.6973434083461761, 0.7445219306514494, 0.8280820646427296, 0.7668022293590364, 0.658056325198201, 0.5009822090084171, 0.3400407321804014, 0.3872905673767634, 0.37694061120007755, 0.3139040918176824, 0.3381049199372146, 0.3655171971037606, 0.35518896652388776, 0.2950728914304213, 0.28423991156106043, 0.30468853494214515, 0.3912332690521183, 0.38049238781109757, 0.27644385307447383], 'train_accuracy': [0.7071666666666667, 0.6423555555555556, 0.5993925925925926, 0.6396296296296297, 0.7063127572016461, 0.7766296296296297, 0.867974025974026, 0.8304589371980676, 0.8416213991769548, 0.8798060606060606, 0.8527513812154696, 0.836896686159844, 0.8631509971509972, 0.8868528138528139, 0.8880080808080808, 0.8683385416666667, 0.8147578347578348, 0.8343786008230453, 0.887317384370016], 'train_f1': [0.32647544017242064, 0.3481794158585104, 0.5689335805614968, 0.6129897662169075, 0.6894073429140906, 0.7646349415900021, 0.8144041304623386, 0.7972408331017242, 0.8385045595678229, 0.8506780255263456, 0.8253560093102489, 0.8352001165251143, 0.8616015765141489, 0.8665794571602976, 0.8575393274857838, 0.8423966550335913, 0.8064007113020135, 0.8316740054010462, 0.8598778564157634], 'train_mae': [0.385, 0.42806666666666665, 0.5534074074074075, 0.45261375661375663, 0.38332510288065846, 0.2916666666666667, 0.2048138528138528, 0.23093719806763285, 0.21134156378600824, 0.1757878787878788, 0.2023425414364641, 0.21214424951267055, 0.18604558404558405, 0.16687445887445887, 0.1619191919191919, 0.17678385416666667, 0.22737037037037036, 0.20809053497942387, 0.1589537480063796], 'val_loss': [2.6966290323357835, 3.1613462640528094, 3.747187652922513, 4.1360227237070415, 4.826552480303522, 5.7797227387679255, 6.0421760554518995, 5.987429549794084, 5.978406075929342, 5.914439442739533, 5.935282793369498, 5.861126423269537, 5.701179982570179, 5.650357677788255, 5.65309110449832, 5.708230367020557, 5.806043795496829, 5.78198775040476, 5.456489217657792], 'val_accuracy': [0.25, 0.2589736842105263, 0.35541228070175435, 0.3904072681704261, 0.48964912280701756, 0.5848245614035088, 0.5758492822966508, 0.6084000762776506, 0.6289912280701755, 0.6255143540669857, 0.6198924105844722, 0.6386634349030471, 0.6425, 0.6482177033492823, 0.6455263157894737, 0.6438445723684211, 0.6496305668016195, 0.661140350877193, 0.6584210526315789], 'val_f1': [0.1, 0.11877631878586019, 0.25038241566950764, 0.2779411894226208, 0.4127583042106747, 0.5092461699652235, 0.5010180613518825, 0.528344953891789, 0.546117523585483, 0.5423045923785634, 0.5388658940721155, 0.554003715679966, 0.5578668831700615, 0.5627895553564911, 0.559286873133557, 0.5575000311756839, 0.5646920720697727, 0.5744027739711738, 0.5700797198822072], 'val_mae': [1.1666666666666667, 1.040390350877193, 1.019, 1.010751879699248, 0.8478996101364522, 0.6974561403508772, 0.7479066985645932, 0.6685459572845156, 0.5524122807017544, 0.6066746411483254, 0.6252384414073858, 0.5578462603878116, 0.5192543859649122, 0.5491746411483254, 0.5898684210526316, 0.6054111842105263, 0.5440452091767881, 0.5036403508771929, 0.5434449760765551], 'jsd': [(0, 0, 0.22793804815651525, 0.4228147503508063, 0.19461981889994312, 0), (0.20777898568965325, 0.3288521249086499, 0.13792538097003013, 0.5487949406953986, 0.13792538097003013, 0.21155024368509784), (0.13792538097003013, 0.13792538097003013, 0.13792538097003013, 0.13792538097003013, 0.13792538097003013, 0.13792538097003013), (0.13792538097003013, 0.13792538097003013, 0.13792538097003013, 0.13792538097003013, 0.13792538097003013, 0.13792538097003013), (0.13792538097003013, 0.13792538097003013, 0.13792538097003013, 0.13792538097003013, 0.13792538097003013, 0.13792538097003013), (0, 0, 0.13792538097003013, 0.13792538097003013, 0.13792538097003013, 0), (0, 0, 0.2481478269590274, 0.19080109339316076, 0.13792538097003013, 0), (0.2479764102340586, 0.19055608136086177, 0.13792538097003013, 0.13792538097003013, 0.13792538097003013, 0.1725606236415107), (0, 0, 0.13792538097003013, 0.13792538097003013, 0.13792538097003013, 0), (0, 0, 0.24653030133257928, 0.19143236116368184, 0.13792538097003013, 0), (0.24593657770432936, 0.18782051790924792, 0.13792538097003013, 0.13792538097003013, 0.13792538097003013, 0.18560332762906684), (0.13792538097003013, 0.13792538097003013, 0.13792538097003013, 0.13792538097003013, 0.13792538097003013, 0.13792538097003013), (0, 0, 0.13792538097003013, 0.13792538097003013, 0.13792538097003013, 0), (0, 0, 0.20361160929832983, 0.20325630037147596, 0.13792538097003013, 0), (0, 0, 0.24644773184422072, 0.2059016297513322, 0.13792538097003013, 0), (0.2538723005162691, 0.22075023264705845, 0.13792538097003013, 0.13792538097003013, 0.13792538097003013, 0.14660398743465455), (0.13792538097003013, 0.13792538097003013, 0.13792538097003013, 0.13792538097003013, 0.13792538097003013, 0.13792538097003013), (0, 0, 0.13792538097003013, 0.13792538097003013, 0.13792538097003013, 0), (0, 0, 0.22463446649501562, 0.23025797184348423, 0.13792538097003013, 0)]}}
AdaptationManager: Configuring next round...
{'client_registry': {'enabled': True, 'params': {}}, 'client_selector': {'enabled': True, 'params': {'selection_strategy': 'Resource-Based', 'selection_criteria': 'CPU', 'selection_value': 2}}, 'client_cluster': {'enabled': False, 'params': {}}, 'message_compressor': {'enabled': False, 'params': {}}, 'model_co-versioning_registry': {'enabled': False, 'params': {}}, 'multi-task_model_trainer': {'enabled': False, 'params': {}}, 'heterogeneous_data_handler': {'enabled': True, 'params': {'enabled_clients': []}}}
{'client_selector': {'enabled': True}, 'client_cluster': {'enabled': False}, 'message_compressor': {'enabled': False}, 'model_co-versioning_registry': {'enabled': False}, 'multi-task_model_trainer': {'enabled': False}, 'heterogeneous_data_handler': {'enabled': True, 'params': {'enabled_clients': ['Client 25', 'Client 26', 'Client 27']}}, 'client_registry': {'enabled': True, 'params': {}}}
val_f1=0.5700797198822072, client_selector de-activated ❌
heterogeneous_data_handler activated ✅ for clients: ['Client 25', 'Client 26', 'Client 27']
Results Aggregated in 56.02 seconds.
{'TextMLP': {'train_loss': [0.6973434083461761, 0.7445219306514494, 0.8280820646427296, 0.7668022293590364, 0.658056325198201, 0.5009822090084171, 0.3400407321804014, 0.3872905673767634, 0.37694061120007755, 0.3139040918176824, 0.3381049199372146, 0.3655171971037606, 0.35518896652388776, 0.2950728914304213, 0.28423991156106043, 0.30468853494214515, 0.3912332690521183, 0.38049238781109757, 0.27644385307447383, 0.3148247783988714], 'train_accuracy': [0.7071666666666667, 0.6423555555555556, 0.5993925925925926, 0.6396296296296297, 0.7063127572016461, 0.7766296296296297, 0.867974025974026, 0.8304589371980676, 0.8416213991769548, 0.8798060606060606, 0.8527513812154696, 0.836896686159844, 0.8631509971509972, 0.8868528138528139, 0.8880080808080808, 0.8683385416666667, 0.8147578347578348, 0.8343786008230453, 0.887317384370016, 0.8601604166666666], 'train_f1': [0.32647544017242064, 0.3481794158585104, 0.5689335805614968, 0.6129897662169075, 0.6894073429140906, 0.7646349415900021, 0.8144041304623386, 0.7972408331017242, 0.8385045595678229, 0.8506780255263456, 0.8253560093102489, 0.8352001165251143, 0.8616015765141489, 0.8665794571602976, 0.8575393274857838, 0.8423966550335913, 0.8064007113020135, 0.8316740054010462, 0.8598778564157634, 0.8341281839496142], 'train_mae': [0.385, 0.42806666666666665, 0.5534074074074075, 0.45261375661375663, 0.38332510288065846, 0.2916666666666667, 0.2048138528138528, 0.23093719806763285, 0.21134156378600824, 0.1757878787878788, 0.2023425414364641, 0.21214424951267055, 0.18604558404558405, 0.16687445887445887, 0.1619191919191919, 0.17678385416666667, 0.22737037037037036, 0.20809053497942387, 0.1589537480063796, 0.1841375], 'val_loss': [2.6966290323357835, 3.1613462640528094, 3.747187652922513, 4.1360227237070415, 4.826552480303522, 5.7797227387679255, 6.0421760554518995, 5.987429549794084, 5.978406075929342, 5.914439442739533, 5.935282793369498, 5.861126423269537, 5.701179982570179, 5.650357677788255, 5.65309110449832, 5.708230367020557, 5.806043795496829, 5.78198775040476, 5.456489217657792, 5.566232498225412], 'val_accuracy': [0.25, 0.2589736842105263, 0.35541228070175435, 0.3904072681704261, 0.48964912280701756, 0.5848245614035088, 0.5758492822966508, 0.6084000762776506, 0.6289912280701755, 0.6255143540669857, 0.6198924105844722, 0.6386634349030471, 0.6425, 0.6482177033492823, 0.6455263157894737, 0.6438445723684211, 0.6496305668016195, 0.661140350877193, 0.6584210526315789, 0.6463075657894737], 'val_f1': [0.1, 0.11877631878586019, 0.25038241566950764, 0.2779411894226208, 0.4127583042106747, 0.5092461699652235, 0.5010180613518825, 0.528344953891789, 0.546117523585483, 0.5423045923785634, 0.5388658940721155, 0.554003715679966, 0.5578668831700615, 0.5627895553564911, 0.559286873133557, 0.5575000311756839, 0.5646920720697727, 0.5744027739711738, 0.5700797198822072, 0.5593325830556928], 'val_mae': [1.1666666666666667, 1.040390350877193, 1.019, 1.010751879699248, 0.8478996101364522, 0.6974561403508772, 0.7479066985645932, 0.6685459572845156, 0.5524122807017544, 0.6066746411483254, 0.6252384414073858, 0.5578462603878116, 0.5192543859649122, 0.5491746411483254, 0.5898684210526316, 0.6054111842105263, 0.5440452091767881, 0.5036403508771929, 0.5434449760765551, 0.6028741776315789], 'jsd': [(0, 0, 0.22793804815651525, 0.4228147503508063, 0.19461981889994312, 0), (0.20777898568965325, 0.3288521249086499, 0.13792538097003013, 0.5487949406953986, 0.13792538097003013, 0.21155024368509784), (0.13792538097003013, 0.13792538097003013, 0.13792538097003013, 0.13792538097003013, 0.13792538097003013, 0.13792538097003013), (0.13792538097003013, 0.13792538097003013, 0.13792538097003013, 0.13792538097003013, 0.13792538097003013, 0.13792538097003013), (0.13792538097003013, 0.13792538097003013, 0.13792538097003013, 0.13792538097003013, 0.13792538097003013, 0.13792538097003013), (0, 0, 0.13792538097003013, 0.13792538097003013, 0.13792538097003013, 0), (0, 0, 0.2481478269590274, 0.19080109339316076, 0.13792538097003013, 0), (0.2479764102340586, 0.19055608136086177, 0.13792538097003013, 0.13792538097003013, 0.13792538097003013, 0.1725606236415107), (0, 0, 0.13792538097003013, 0.13792538097003013, 0.13792538097003013, 0), (0, 0, 0.24653030133257928, 0.19143236116368184, 0.13792538097003013, 0), (0.24593657770432936, 0.18782051790924792, 0.13792538097003013, 0.13792538097003013, 0.13792538097003013, 0.18560332762906684), (0.13792538097003013, 0.13792538097003013, 0.13792538097003013, 0.13792538097003013, 0.13792538097003013, 0.13792538097003013), (0, 0, 0.13792538097003013, 0.13792538097003013, 0.13792538097003013, 0), (0, 0, 0.20361160929832983, 0.20325630037147596, 0.13792538097003013, 0), (0, 0, 0.24644773184422072, 0.2059016297513322, 0.13792538097003013, 0), (0.2538723005162691, 0.22075023264705845, 0.13792538097003013, 0.13792538097003013, 0.13792538097003013, 0.14660398743465455), (0.13792538097003013, 0.13792538097003013, 0.13792538097003013, 0.13792538097003013, 0.13792538097003013, 0.13792538097003013), (0, 0, 0.13792538097003013, 0.13792538097003013, 0.13792538097003013, 0), (0, 0, 0.22463446649501562, 0.23025797184348423, 0.13792538097003013, 0), (0.22129893392959865, 0.22129893392959865, 0.13792538097003013, 0.13792538097003013, 0.13792538097003013, 0.1624138364264225)]}}
AdaptationManager: Configuring next round...
{'client_registry': {'enabled': True, 'params': {}}, 'client_selector': {'enabled': True, 'params': {'selection_strategy': 'Resource-Based', 'selection_criteria': 'CPU', 'selection_value': 2}}, 'client_cluster': {'enabled': False, 'params': {}}, 'message_compressor': {'enabled': False, 'params': {}}, 'model_co-versioning_registry': {'enabled': False, 'params': {}}, 'multi-task_model_trainer': {'enabled': False, 'params': {}}, 'heterogeneous_data_handler': {'enabled': True, 'params': {'enabled_clients': []}}}
{'client_selector': {'enabled': False}, 'client_cluster': {'enabled': False}, 'message_compressor': {'enabled': False}, 'model_co-versioning_registry': {'enabled': False}, 'multi-task_model_trainer': {'enabled': False}, 'heterogeneous_data_handler': {'enabled': True, 'params': {'enabled_clients': ['Client 25', 'Client 26', 'Client 27']}}, 'client_registry': {'enabled': True, 'params': {}}}
val_f1=0.5593325830556928, client_selector de-activated ❌
heterogeneous_data_handler activated ✅ for clients: ['Client 23', 'Client 24', 'Client 25', 'Client 26', 'Client 27', 'Client 28']
