==========================================
  ___  ______  ___ ______       _ 
 / _ \ | ___ \/   ||  ___|     | |
/ /_\ \| |_/ / /| || |_ ___  __| |
|  _  ||  __/ /_| ||  _/ _ \/ _` |
| | | || |  \___  || ||  __/ (_| |
\_| |_/\_|      |_/\_| \___|\__,_| v.1.5.0

==========================================
Simulation Started!
List of the Architectural Patterns enabled:
Adaptation Enabled ✅
Metric: time, predictor-based: predictors/f1overtime_randfor_compressor_text.pkl
Client Registry ✅
Message Compressor ✅
==========================================
client Client 23 injecting delay of 7 seconds
client Client 24 injecting delay of 1 seconds
client Client 27 injecting delay of 9 seconds
client Client 28 injecting delay of 2 seconds
client Client 25 injecting delay of 5 seconds
client Client 26 injecting delay of 10 seconds
Local parameters compressed: reduced 5293 bytes (7.17%)
Local parameters compressed: reduced 5340 bytes (7.24%)
Local parameters compressed: reduced 5283 bytes (7.16%)
Local parameters compressed: reduced 5297 bytes (7.18%)
Local parameters compressed: reduced 5276 bytes (7.15%)
Local parameters compressed: reduced 5281 bytes (7.16%)
Results Aggregated in 41.46 seconds.
{'TextMLP': {'train_loss': [0.3545609042790201], 'train_accuracy': [0.8716319444444445], 'train_f1': [0.8067973635802937], 'train_mae': [0.1905], 'val_loss': [3.0407300703149094], 'val_accuracy': [0.5885964912280702], 'val_f1': [0.508944023186826], 'val_mae': [0.722609649122807], 'jsd': [(0, 0, 0, 0, 0, 0)]}}
AdaptationManager: Configuring next round...
{'client_registry': {'enabled': True, 'params': {}}, 'client_selector': {'enabled': False, 'params': {}}, 'client_cluster': {'enabled': False, 'params': {}}, 'message_compressor': {'enabled': True, 'params': {}}, 'model_co-versioning_registry': {'enabled': False, 'params': {}}, 'multi-task_model_trainer': {'enabled': False, 'params': {}}, 'heterogeneous_data_handler': {'enabled': False, 'params': {}}}
{'client_selector': {'enabled': False}, 'client_cluster': {'enabled': False}, 'message_compressor': {'enabled': True}, 'model_co-versioning_registry': {'enabled': False}, 'multi-task_model_trainer': {'enabled': False}, 'heterogeneous_data_handler': {'enabled': False}, 'client_registry': {'enabled': True, 'params': {}}}
0.0-iid clients, predicted wo:18.9571 vs w:18.5656, message_compressor activated ✅
client Client 23 injecting delay of 2 seconds
client Client 27 injecting delay of 8 seconds
client Client 28 injecting delay of 7 seconds
client Client 24 injecting delay of 0 seconds
Local parameters compressed: reduced 5266 bytes (7.14%)
client Client 26 injecting delay of 1 seconds
client Client 25 injecting delay of 6 seconds
Local parameters compressed: reduced 5274 bytes (7.15%)
Local parameters compressed: reduced 5243 bytes (7.11%)
Local parameters compressed: reduced 5301 bytes (7.18%)
Local parameters compressed: reduced 5278 bytes (7.15%)
Local parameters compressed: reduced 5278 bytes (7.15%)
Results Aggregated in 17.20 seconds.
{'TextMLP': {'train_loss': [0.3545609042790201, 0.28759254464242195], 'train_accuracy': [0.8716319444444445, 0.893075], 'train_f1': [0.8067973635802937, 0.8461335188704249], 'train_mae': [0.1905, 0.16145277777777778], 'val_loss': [3.0407300703149094, 4.040356674947237], 'val_accuracy': [0.5885964912280702, 0.6220394736842105], 'val_f1': [0.508944023186826, 0.5383916838508253], 'val_mae': [0.722609649122807, 0.6601754385964913], 'jsd': [(0, 0, 0, 0, 0, 0), (0, 0, 0, 0, 0, 0)]}}
AdaptationManager: Configuring next round...
{'client_registry': {'enabled': True, 'params': {}}, 'client_selector': {'enabled': False, 'params': {}}, 'client_cluster': {'enabled': False, 'params': {}}, 'message_compressor': {'enabled': True, 'params': {}}, 'model_co-versioning_registry': {'enabled': False, 'params': {}}, 'multi-task_model_trainer': {'enabled': False, 'params': {}}, 'heterogeneous_data_handler': {'enabled': False, 'params': {}}}
{'client_selector': {'enabled': False}, 'client_cluster': {'enabled': False}, 'message_compressor': {'enabled': True}, 'model_co-versioning_registry': {'enabled': False}, 'multi-task_model_trainer': {'enabled': False}, 'heterogeneous_data_handler': {'enabled': False}, 'client_registry': {'enabled': True, 'params': {}}}
0.0-iid clients, predicted wo:19.8383 vs w:17.7386, message_compressor activated ✅
client Client 27 injecting delay of 8 seconds
client Client 23 injecting delay of 9 seconds
client Client 28 injecting delay of 0 seconds
Local parameters compressed: reduced 5229 bytes (7.09%)
client Client 24 injecting delay of 8 seconds
client Client 25 injecting delay of 3 seconds
client Client 26 injecting delay of 9 seconds
Local parameters compressed: reduced 5213 bytes (7.06%)
Local parameters compressed: reduced 5226 bytes (7.08%)
Local parameters compressed: reduced 5263 bytes (7.13%)
Local parameters compressed: reduced 5260 bytes (7.13%)
Local parameters compressed: reduced 5216 bytes (7.07%)
Results Aggregated in 19.02 seconds.
{'TextMLP': {'train_loss': [0.3545609042790201, 0.28759254464242195, 0.2660352796021435], 'train_accuracy': [0.8716319444444445, 0.893075, 0.9001152777777778], 'train_f1': [0.8067973635802937, 0.8461335188704249, 0.8606377020198109], 'train_mae': [0.1905, 0.16145277777777778, 0.15192083333333334], 'val_loss': [3.0407300703149094, 4.040356674947237, 5.192288086205198], 'val_accuracy': [0.5885964912280702, 0.6220394736842105, 0.6420833333333333], 'val_f1': [0.508944023186826, 0.5383916838508253, 0.555918722252679], 'val_mae': [0.722609649122807, 0.6601754385964913, 0.5989254385964913], 'jsd': [(0, 0, 0, 0, 0, 0), (0, 0, 0, 0, 0, 0), (0, 0, 0, 0, 0, 0)]}}
AdaptationManager: Configuring next round...
{'client_registry': {'enabled': True, 'params': {}}, 'client_selector': {'enabled': False, 'params': {}}, 'client_cluster': {'enabled': False, 'params': {}}, 'message_compressor': {'enabled': True, 'params': {}}, 'model_co-versioning_registry': {'enabled': False, 'params': {}}, 'multi-task_model_trainer': {'enabled': False, 'params': {}}, 'heterogeneous_data_handler': {'enabled': False, 'params': {}}}
{'client_selector': {'enabled': False}, 'client_cluster': {'enabled': False}, 'message_compressor': {'enabled': True}, 'model_co-versioning_registry': {'enabled': False}, 'multi-task_model_trainer': {'enabled': False}, 'heterogeneous_data_handler': {'enabled': False}, 'client_registry': {'enabled': True, 'params': {}}}
0.0-iid clients, predicted wo:20.1438 vs w:17.1567, message_compressor activated ✅
client Client 24 injecting delay of 5 seconds
client Client 23 injecting delay of 9 seconds
client Client 27 injecting delay of 9 seconds
client Client 25 injecting delay of 7 seconds
client Client 26 injecting delay of 3 seconds
client Client 28 injecting delay of 0 seconds
Local parameters compressed: reduced 5236 bytes (7.10%)
Local parameters compressed: reduced 5249 bytes (7.11%)
Local parameters compressed: reduced 5206 bytes (7.06%)
Local parameters compressed: reduced 5212 bytes (7.06%)
Local parameters compressed: reduced 5205 bytes (7.05%)
Local parameters compressed: reduced 5214 bytes (7.07%)
Results Aggregated in 18.22 seconds.
{'TextMLP': {'train_loss': [0.3545609042790201, 0.28759254464242195, 0.2660352796021435, 0.25155218946039676], 'train_accuracy': [0.8716319444444445, 0.893075, 0.9001152777777778, 0.9055333333333333], 'train_f1': [0.8067973635802937, 0.8461335188704249, 0.8606377020198109, 0.86683277616035], 'train_mae': [0.1905, 0.16145277777777778, 0.15192083333333334, 0.14459444444444444], 'val_loss': [3.0407300703149094, 4.040356674947237, 5.192288086205198, 5.810557377798515], 'val_accuracy': [0.5885964912280702, 0.6220394736842105, 0.6420833333333333, 0.6360526315789474], 'val_f1': [0.508944023186826, 0.5383916838508253, 0.555918722252679, 0.5513409353101685], 'val_mae': [0.722609649122807, 0.6601754385964913, 0.5989254385964913, 0.6275877192982456], 'jsd': [(0, 0, 0, 0, 0, 0), (0, 0, 0, 0, 0, 0), (0, 0, 0, 0, 0, 0), (0, 0, 0, 0, 0, 0)]}}
AdaptationManager: Configuring next round...
{'client_registry': {'enabled': True, 'params': {}}, 'client_selector': {'enabled': False, 'params': {}}, 'client_cluster': {'enabled': False, 'params': {}}, 'message_compressor': {'enabled': True, 'params': {}}, 'model_co-versioning_registry': {'enabled': False, 'params': {}}, 'multi-task_model_trainer': {'enabled': False, 'params': {}}, 'heterogeneous_data_handler': {'enabled': False, 'params': {}}}
{'client_selector': {'enabled': False}, 'client_cluster': {'enabled': False}, 'message_compressor': {'enabled': True}, 'model_co-versioning_registry': {'enabled': False}, 'multi-task_model_trainer': {'enabled': False}, 'heterogeneous_data_handler': {'enabled': False}, 'client_registry': {'enabled': True, 'params': {}}}
0.0-iid clients, predicted wo:19.9092 vs w:17.4620, message_compressor activated ✅
client Client 23 injecting delay of 2 seconds
client Client 24 injecting delay of 2 seconds
client Client 28 injecting delay of 7 seconds
client Client 27 injecting delay of 7 seconds
client Client 25 injecting delay of 1 seconds
client Client 26 injecting delay of 4 seconds
Local parameters compressed: reduced 5176 bytes (7.01%)
Local parameters compressed: reduced 5180 bytes (7.02%)
Local parameters compressed: reduced 5188 bytes (7.03%)
Local parameters compressed: reduced 5198 bytes (7.04%)
Local parameters compressed: reduced 5188 bytes (7.03%)
Local parameters compressed: reduced 5160 bytes (6.99%)
Results Aggregated in 19.93 seconds.
{'TextMLP': {'train_loss': [0.3545609042790201, 0.28759254464242195, 0.2660352796021435, 0.25155218946039676, 0.2457993510507875], 'train_accuracy': [0.8716319444444445, 0.893075, 0.9001152777777778, 0.9055333333333333, 0.9081083333333333], 'train_f1': [0.8067973635802937, 0.8461335188704249, 0.8606377020198109, 0.86683277616035, 0.8718123278173268], 'train_mae': [0.1905, 0.16145277777777778, 0.15192083333333334, 0.14459444444444444, 0.13981944444444444], 'val_loss': [3.0407300703149094, 4.040356674947237, 5.192288086205198, 5.810557377798515, 6.11229531421996], 'val_accuracy': [0.5885964912280702, 0.6220394736842105, 0.6420833333333333, 0.6360526315789474, 0.6453289473684211], 'val_f1': [0.508944023186826, 0.5383916838508253, 0.555918722252679, 0.5513409353101685, 0.5584598349908432], 'val_mae': [0.722609649122807, 0.6601754385964913, 0.5989254385964913, 0.6275877192982456, 0.60625], 'jsd': [(0, 0, 0, 0, 0, 0), (0, 0, 0, 0, 0, 0), (0, 0, 0, 0, 0, 0), (0, 0, 0, 0, 0, 0), (0, 0, 0, 0, 0, 0)]}}
AdaptationManager: Configuring next round...
{'client_registry': {'enabled': True, 'params': {}}, 'client_selector': {'enabled': False, 'params': {}}, 'client_cluster': {'enabled': False, 'params': {}}, 'message_compressor': {'enabled': True, 'params': {}}, 'model_co-versioning_registry': {'enabled': False, 'params': {}}, 'multi-task_model_trainer': {'enabled': False, 'params': {}}, 'heterogeneous_data_handler': {'enabled': False, 'params': {}}}
{'client_selector': {'enabled': False}, 'client_cluster': {'enabled': False}, 'message_compressor': {'enabled': True}, 'model_co-versioning_registry': {'enabled': False}, 'multi-task_model_trainer': {'enabled': False}, 'heterogeneous_data_handler': {'enabled': False}, 'client_registry': {'enabled': True, 'params': {}}}
0.0-iid clients, predicted wo:20.9896 vs w:19.4103, message_compressor activated ✅
client Client 23 injecting delay of 2 seconds
client Client 24 injecting delay of 0 seconds
Local parameters compressed: reduced 5166 bytes (7.00%)
client Client 26 injecting delay of 6 seconds
client Client 28 injecting delay of 4 seconds
client Client 27 injecting delay of 3 seconds
client Client 25 injecting delay of 5 seconds
Local parameters compressed: reduced 5169 bytes (7.01%)
Local parameters compressed: reduced 5142 bytes (6.97%)
Local parameters compressed: reduced 5143 bytes (6.97%)
Local parameters compressed: reduced 5180 bytes (7.02%)
Local parameters compressed: reduced 5142 bytes (6.97%)
Results Aggregated in 22.21 seconds.
{'TextMLP': {'train_loss': [0.3545609042790201, 0.28759254464242195, 0.2660352796021435, 0.25155218946039676, 0.2457993510507875, 0.23969460376534196], 'train_accuracy': [0.8716319444444445, 0.893075, 0.9001152777777778, 0.9055333333333333, 0.9081083333333333, 0.9099875], 'train_f1': [0.8067973635802937, 0.8461335188704249, 0.8606377020198109, 0.86683277616035, 0.8718123278173268, 0.8732676669008774], 'train_mae': [0.1905, 0.16145277777777778, 0.15192083333333334, 0.14459444444444444, 0.13981944444444444, 0.13744166666666666], 'val_loss': [3.0407300703149094, 4.040356674947237, 5.192288086205198, 5.810557377798515, 6.11229531421996, 6.350713884119402], 'val_accuracy': [0.5885964912280702, 0.6220394736842105, 0.6420833333333333, 0.6360526315789474, 0.6453289473684211, 0.6381140350877192], 'val_f1': [0.508944023186826, 0.5383916838508253, 0.555918722252679, 0.5513409353101685, 0.5584598349908432, 0.5529900746300455], 'val_mae': [0.722609649122807, 0.6601754385964913, 0.5989254385964913, 0.6275877192982456, 0.60625, 0.6302631578947369], 'jsd': [(0, 0, 0, 0, 0, 0), (0, 0, 0, 0, 0, 0), (0, 0, 0, 0, 0, 0), (0, 0, 0, 0, 0, 0), (0, 0, 0, 0, 0, 0), (0, 0, 0, 0, 0, 0)]}}
AdaptationManager: Configuring next round...
{'client_registry': {'enabled': True, 'params': {}}, 'client_selector': {'enabled': False, 'params': {}}, 'client_cluster': {'enabled': False, 'params': {}}, 'message_compressor': {'enabled': True, 'params': {}}, 'model_co-versioning_registry': {'enabled': False, 'params': {}}, 'multi-task_model_trainer': {'enabled': False, 'params': {}}, 'heterogeneous_data_handler': {'enabled': False, 'params': {}}}
{'client_selector': {'enabled': False}, 'client_cluster': {'enabled': False}, 'message_compressor': {'enabled': True}, 'model_co-versioning_registry': {'enabled': False}, 'multi-task_model_trainer': {'enabled': False}, 'heterogeneous_data_handler': {'enabled': False}, 'client_registry': {'enabled': True, 'params': {}}}
0.0-iid clients, predicted wo:18.3873 vs w:17.8282, message_compressor activated ✅
client Client 23 injecting delay of 3 seconds
client Client 24 injecting delay of 0 seconds
Local parameters compressed: reduced 5164 bytes (7.00%)
client Client 25 injecting delay of 8 seconds
client Client 26 injecting delay of 9 seconds
client Client 28 injecting delay of 8 seconds
client Client 27 injecting delay of 0 seconds
Local parameters compressed: reduced 5164 bytes (7.00%)
Local parameters compressed: reduced 5174 bytes (7.01%)
Local parameters compressed: reduced 5155 bytes (6.99%)
Local parameters compressed: reduced 5148 bytes (6.98%)
Local parameters compressed: reduced 5160 bytes (6.99%)
Results Aggregated in 20.69 seconds.
{'TextMLP': {'train_loss': [0.3545609042790201, 0.28759254464242195, 0.2660352796021435, 0.25155218946039676, 0.2457993510507875, 0.23969460376534196, 0.2344910364634461], 'train_accuracy': [0.8716319444444445, 0.893075, 0.9001152777777778, 0.9055333333333333, 0.9081083333333333, 0.9099875, 0.9120583333333333], 'train_f1': [0.8067973635802937, 0.8461335188704249, 0.8606377020198109, 0.86683277616035, 0.8718123278173268, 0.8732676669008774, 0.8765051640683839], 'train_mae': [0.1905, 0.16145277777777778, 0.15192083333333334, 0.14459444444444444, 0.13981944444444444, 0.13744166666666666, 0.13474166666666668], 'val_loss': [3.0407300703149094, 4.040356674947237, 5.192288086205198, 5.810557377798515, 6.11229531421996, 6.350713884119402, 6.584150999638072], 'val_accuracy': [0.5885964912280702, 0.6220394736842105, 0.6420833333333333, 0.6360526315789474, 0.6453289473684211, 0.6381140350877192, 0.6405263157894737], 'val_f1': [0.508944023186826, 0.5383916838508253, 0.555918722252679, 0.5513409353101685, 0.5584598349908432, 0.5529900746300455, 0.5550537709395557], 'val_mae': [0.722609649122807, 0.6601754385964913, 0.5989254385964913, 0.6275877192982456, 0.60625, 0.6302631578947369, 0.6200219298245614], 'jsd': [(0, 0, 0, 0, 0, 0), (0, 0, 0, 0, 0, 0), (0, 0, 0, 0, 0, 0), (0, 0, 0, 0, 0, 0), (0, 0, 0, 0, 0, 0), (0, 0, 0, 0, 0, 0), (0, 0, 0, 0, 0, 0)]}}
AdaptationManager: Configuring next round...
{'client_registry': {'enabled': True, 'params': {}}, 'client_selector': {'enabled': False, 'params': {}}, 'client_cluster': {'enabled': False, 'params': {}}, 'message_compressor': {'enabled': True, 'params': {}}, 'model_co-versioning_registry': {'enabled': False, 'params': {}}, 'multi-task_model_trainer': {'enabled': False, 'params': {}}, 'heterogeneous_data_handler': {'enabled': False, 'params': {}}}
{'client_selector': {'enabled': False}, 'client_cluster': {'enabled': False}, 'message_compressor': {'enabled': True}, 'model_co-versioning_registry': {'enabled': False}, 'multi-task_model_trainer': {'enabled': False}, 'heterogeneous_data_handler': {'enabled': False}, 'client_registry': {'enabled': True, 'params': {}}}
0.0-iid clients, predicted wo:22.0284 vs w:18.7115, message_compressor activated ✅
client Client 24 injecting delay of 9 seconds
client Client 23 injecting delay of 10 seconds
client Client 28 injecting delay of 7 seconds
client Client 26 injecting delay of 0 seconds
Local parameters compressed: reduced 5206 bytes (7.06%)
client Client 27 injecting delay of 2 seconds
client Client 25 injecting delay of 8 seconds
Local parameters compressed: reduced 5155 bytes (6.99%)
Local parameters compressed: reduced 5175 bytes (7.01%)
Local parameters compressed: reduced 5142 bytes (6.97%)
Local parameters compressed: reduced 5157 bytes (6.99%)
Local parameters compressed: reduced 5178 bytes (7.02%)
Results Aggregated in 19.31 seconds.
{'TextMLP': {'train_loss': [0.3545609042790201, 0.28759254464242195, 0.2660352796021435, 0.25155218946039676, 0.2457993510507875, 0.23969460376534196, 0.2344910364634461, 0.23303986292084058], 'train_accuracy': [0.8716319444444445, 0.893075, 0.9001152777777778, 0.9055333333333333, 0.9081083333333333, 0.9099875, 0.9120583333333333, 0.9127083333333333], 'train_f1': [0.8067973635802937, 0.8461335188704249, 0.8606377020198109, 0.86683277616035, 0.8718123278173268, 0.8732676669008774, 0.8765051640683839, 0.8780545978954993], 'train_mae': [0.1905, 0.16145277777777778, 0.15192083333333334, 0.14459444444444444, 0.13981944444444444, 0.13744166666666666, 0.13474166666666668, 0.1332], 'val_loss': [3.0407300703149094, 4.040356674947237, 5.192288086205198, 5.810557377798515, 6.11229531421996, 6.350713884119402, 6.584150999638072, 6.641993640598498], 'val_accuracy': [0.5885964912280702, 0.6220394736842105, 0.6420833333333333, 0.6360526315789474, 0.6453289473684211, 0.6381140350877192, 0.6405263157894737, 0.646140350877193], 'val_f1': [0.508944023186826, 0.5383916838508253, 0.555918722252679, 0.5513409353101685, 0.5584598349908432, 0.5529900746300455, 0.5550537709395557, 0.5590502757577805], 'val_mae': [0.722609649122807, 0.6601754385964913, 0.5989254385964913, 0.6275877192982456, 0.60625, 0.6302631578947369, 0.6200219298245614, 0.614561403508772], 'jsd': [(0, 0, 0, 0, 0, 0), (0, 0, 0, 0, 0, 0), (0, 0, 0, 0, 0, 0), (0, 0, 0, 0, 0, 0), (0, 0, 0, 0, 0, 0), (0, 0, 0, 0, 0, 0), (0, 0, 0, 0, 0, 0), (0, 0, 0, 0, 0, 0)]}}
AdaptationManager: Configuring next round...
{'client_registry': {'enabled': True, 'params': {}}, 'client_selector': {'enabled': False, 'params': {}}, 'client_cluster': {'enabled': False, 'params': {}}, 'message_compressor': {'enabled': True, 'params': {}}, 'model_co-versioning_registry': {'enabled': False, 'params': {}}, 'multi-task_model_trainer': {'enabled': False, 'params': {}}, 'heterogeneous_data_handler': {'enabled': False, 'params': {}}}
{'client_selector': {'enabled': False}, 'client_cluster': {'enabled': False}, 'message_compressor': {'enabled': True}, 'model_co-versioning_registry': {'enabled': False}, 'multi-task_model_trainer': {'enabled': False}, 'heterogeneous_data_handler': {'enabled': False}, 'client_registry': {'enabled': True, 'params': {}}}
0.0-iid clients, predicted wo:20.3207 vs w:19.2425, message_compressor activated ✅
client Client 24 injecting delay of 7 seconds
client Client 23 injecting delay of 5 seconds
client Client 28 injecting delay of 3 seconds
client Client 27 injecting delay of 9 seconds
client Client 25 injecting delay of 0 seconds
client Client 26 injecting delay of 0 seconds
Local parameters compressed: reduced 5162 bytes (7.00%)
Local parameters compressed: reduced 5133 bytes (6.96%)
Local parameters compressed: reduced 5128 bytes (6.95%)
Local parameters compressed: reduced 5154 bytes (6.98%)
Local parameters compressed: reduced 5173 bytes (7.01%)
Local parameters compressed: reduced 5136 bytes (6.96%)
Results Aggregated in 18.30 seconds.
{'TextMLP': {'train_loss': [0.3545609042790201, 0.28759254464242195, 0.2660352796021435, 0.25155218946039676, 0.2457993510507875, 0.23969460376534196, 0.2344910364634461, 0.23303986292084058, 0.23047123589085208], 'train_accuracy': [0.8716319444444445, 0.893075, 0.9001152777777778, 0.9055333333333333, 0.9081083333333333, 0.9099875, 0.9120583333333333, 0.9127083333333333, 0.9141041666666667], 'train_f1': [0.8067973635802937, 0.8461335188704249, 0.8606377020198109, 0.86683277616035, 0.8718123278173268, 0.8732676669008774, 0.8765051640683839, 0.8780545978954993, 0.8791640669264547], 'train_mae': [0.1905, 0.16145277777777778, 0.15192083333333334, 0.14459444444444444, 0.13981944444444444, 0.13744166666666666, 0.13474166666666668, 0.1332, 0.13246944444444445], 'val_loss': [3.0407300703149094, 4.040356674947237, 5.192288086205198, 5.810557377798515, 6.11229531421996, 6.350713884119402, 6.584150999638072, 6.641993640598498, 6.605818897381163], 'val_accuracy': [0.5885964912280702, 0.6220394736842105, 0.6420833333333333, 0.6360526315789474, 0.6453289473684211, 0.6381140350877192, 0.6405263157894737, 0.646140350877193, 0.6398026315789473], 'val_f1': [0.508944023186826, 0.5383916838508253, 0.555918722252679, 0.5513409353101685, 0.5584598349908432, 0.5529900746300455, 0.5550537709395557, 0.5590502757577805, 0.5547983930866525], 'val_mae': [0.722609649122807, 0.6601754385964913, 0.5989254385964913, 0.6275877192982456, 0.60625, 0.6302631578947369, 0.6200219298245614, 0.614561403508772, 0.625811403508772], 'jsd': [(0, 0, 0, 0, 0, 0), (0, 0, 0, 0, 0, 0), (0, 0, 0, 0, 0, 0), (0, 0, 0, 0, 0, 0), (0, 0, 0, 0, 0, 0), (0, 0, 0, 0, 0, 0), (0, 0, 0, 0, 0, 0), (0, 0, 0, 0, 0, 0), (0, 0, 0, 0, 0, 0)]}}
AdaptationManager: Configuring next round...
{'client_registry': {'enabled': True, 'params': {}}, 'client_selector': {'enabled': False, 'params': {}}, 'client_cluster': {'enabled': False, 'params': {}}, 'message_compressor': {'enabled': True, 'params': {}}, 'model_co-versioning_registry': {'enabled': False, 'params': {}}, 'multi-task_model_trainer': {'enabled': False, 'params': {}}, 'heterogeneous_data_handler': {'enabled': False, 'params': {}}}
{'client_selector': {'enabled': False}, 'client_cluster': {'enabled': False}, 'message_compressor': {'enabled': True}, 'model_co-versioning_registry': {'enabled': False}, 'multi-task_model_trainer': {'enabled': False}, 'heterogeneous_data_handler': {'enabled': False}, 'client_registry': {'enabled': True, 'params': {}}}
0.0-iid clients, predicted wo:20.0766 vs w:17.9052, message_compressor activated ✅
client Client 23 injecting delay of 0 seconds
Local parameters compressed: reduced 5140 bytes (6.97%)
client Client 24 injecting delay of 1 seconds
client Client 25 injecting delay of 6 seconds
client Client 28 injecting delay of 2 seconds
client Client 27 injecting delay of 7 seconds
Local parameters compressed: reduced 5154 bytes (6.98%)
client Client 26 injecting delay of 8 seconds
Local parameters compressed: reduced 5114 bytes (6.93%)
Local parameters compressed: reduced 5159 bytes (6.99%)
Local parameters compressed: reduced 5131 bytes (6.95%)
Local parameters compressed: reduced 5163 bytes (7.00%)
Results Aggregated in 19.33 seconds.
{'TextMLP': {'train_loss': [0.3545609042790201, 0.28759254464242195, 0.2660352796021435, 0.25155218946039676, 0.2457993510507875, 0.23969460376534196, 0.2344910364634461, 0.23303986292084058, 0.23047123589085208, 0.22671201673911678], 'train_accuracy': [0.8716319444444445, 0.893075, 0.9001152777777778, 0.9055333333333333, 0.9081083333333333, 0.9099875, 0.9120583333333333, 0.9127083333333333, 0.9141041666666667, 0.9159277777777778], 'train_f1': [0.8067973635802937, 0.8461335188704249, 0.8606377020198109, 0.86683277616035, 0.8718123278173268, 0.8732676669008774, 0.8765051640683839, 0.8780545978954993, 0.8791640669264547, 0.8815506103661418], 'train_mae': [0.1905, 0.16145277777777778, 0.15192083333333334, 0.14459444444444444, 0.13981944444444444, 0.13744166666666666, 0.13474166666666668, 0.1332, 0.13246944444444445, 0.13016944444444445], 'val_loss': [3.0407300703149094, 4.040356674947237, 5.192288086205198, 5.810557377798515, 6.11229531421996, 6.350713884119402, 6.584150999638072, 6.641993640598498, 6.605818897381163, 6.629254015370419], 'val_accuracy': [0.5885964912280702, 0.6220394736842105, 0.6420833333333333, 0.6360526315789474, 0.6453289473684211, 0.6381140350877192, 0.6405263157894737, 0.646140350877193, 0.6398026315789473, 0.6410745614035088], 'val_f1': [0.508944023186826, 0.5383916838508253, 0.555918722252679, 0.5513409353101685, 0.5584598349908432, 0.5529900746300455, 0.5550537709395557, 0.5590502757577805, 0.5547983930866525, 0.555812809046226], 'val_mae': [0.722609649122807, 0.6601754385964913, 0.5989254385964913, 0.6275877192982456, 0.60625, 0.6302631578947369, 0.6200219298245614, 0.614561403508772, 0.625811403508772, 0.6245614035087719], 'jsd': [(0, 0, 0, 0, 0, 0), (0, 0, 0, 0, 0, 0), (0, 0, 0, 0, 0, 0), (0, 0, 0, 0, 0, 0), (0, 0, 0, 0, 0, 0), (0, 0, 0, 0, 0, 0), (0, 0, 0, 0, 0, 0), (0, 0, 0, 0, 0, 0), (0, 0, 0, 0, 0, 0), (0, 0, 0, 0, 0, 0)]}}
AdaptationManager: Configuring next round...
{'client_registry': {'enabled': True, 'params': {}}, 'client_selector': {'enabled': False, 'params': {}}, 'client_cluster': {'enabled': False, 'params': {}}, 'message_compressor': {'enabled': True, 'params': {}}, 'model_co-versioning_registry': {'enabled': False, 'params': {}}, 'multi-task_model_trainer': {'enabled': False, 'params': {}}, 'heterogeneous_data_handler': {'enabled': False, 'params': {}}}
{'client_selector': {'enabled': False}, 'client_cluster': {'enabled': False}, 'message_compressor': {'enabled': True}, 'model_co-versioning_registry': {'enabled': False}, 'multi-task_model_trainer': {'enabled': False}, 'heterogeneous_data_handler': {'enabled': False}, 'client_registry': {'enabled': True, 'params': {}}}
0.0-iid clients, predicted wo:20.3174 vs w:19.1701, message_compressor activated ✅
client Client 25 injecting delay of 7 seconds
client Client 23 injecting delay of 0 seconds
Local parameters compressed: reduced 5171 bytes (7.01%)
client Client 27 injecting delay of 1 seconds
client Client 26 injecting delay of 3 seconds
client Client 28 injecting delay of 8 seconds
Local parameters compressed: reduced 5118 bytes (6.94%)
client Client 24 injecting delay of 2 seconds
Local parameters compressed: reduced 5120 bytes (6.94%)
Local parameters compressed: reduced 5158 bytes (6.99%)
Local parameters compressed: reduced 5177 bytes (7.02%)
Local parameters compressed: reduced 5122 bytes (6.94%)
Results Aggregated in 18.08 seconds.
{'TextMLP': {'train_loss': [0.3545609042790201, 0.28759254464242195, 0.2660352796021435, 0.25155218946039676, 0.2457993510507875, 0.23969460376534196, 0.2344910364634461, 0.23303986292084058, 0.23047123589085208, 0.22671201673911678, 0.2255237583041191], 'train_accuracy': [0.8716319444444445, 0.893075, 0.9001152777777778, 0.9055333333333333, 0.9081083333333333, 0.9099875, 0.9120583333333333, 0.9127083333333333, 0.9141041666666667, 0.9159277777777778, 0.9168597222222222], 'train_f1': [0.8067973635802937, 0.8461335188704249, 0.8606377020198109, 0.86683277616035, 0.8718123278173268, 0.8732676669008774, 0.8765051640683839, 0.8780545978954993, 0.8791640669264547, 0.8815506103661418, 0.8828632362049317], 'train_mae': [0.1905, 0.16145277777777778, 0.15192083333333334, 0.14459444444444444, 0.13981944444444444, 0.13744166666666666, 0.13474166666666668, 0.1332, 0.13246944444444445, 0.13016944444444445, 0.1292611111111111], 'val_loss': [3.0407300703149094, 4.040356674947237, 5.192288086205198, 5.810557377798515, 6.11229531421996, 6.350713884119402, 6.584150999638072, 6.641993640598498, 6.605818897381163, 6.629254015370419, 6.618616048578631], 'val_accuracy': [0.5885964912280702, 0.6220394736842105, 0.6420833333333333, 0.6360526315789474, 0.6453289473684211, 0.6381140350877192, 0.6405263157894737, 0.646140350877193, 0.6398026315789473, 0.6410745614035088, 0.6411184210526315], 'val_f1': [0.508944023186826, 0.5383916838508253, 0.555918722252679, 0.5513409353101685, 0.5584598349908432, 0.5529900746300455, 0.5550537709395557, 0.5590502757577805, 0.5547983930866525, 0.555812809046226, 0.5559644278200506], 'val_mae': [0.722609649122807, 0.6601754385964913, 0.5989254385964913, 0.6275877192982456, 0.60625, 0.6302631578947369, 0.6200219298245614, 0.614561403508772, 0.625811403508772, 0.6245614035087719, 0.6241008771929826], 'jsd': [(0, 0, 0, 0, 0, 0), (0, 0, 0, 0, 0, 0), (0, 0, 0, 0, 0, 0), (0, 0, 0, 0, 0, 0), (0, 0, 0, 0, 0, 0), (0, 0, 0, 0, 0, 0), (0, 0, 0, 0, 0, 0), (0, 0, 0, 0, 0, 0), (0, 0, 0, 0, 0, 0), (0, 0, 0, 0, 0, 0), (0, 0, 0, 0, 0, 0)]}}
AdaptationManager: Configuring next round...
{'client_registry': {'enabled': True, 'params': {}}, 'client_selector': {'enabled': False, 'params': {}}, 'client_cluster': {'enabled': False, 'params': {}}, 'message_compressor': {'enabled': True, 'params': {}}, 'model_co-versioning_registry': {'enabled': False, 'params': {}}, 'multi-task_model_trainer': {'enabled': False, 'params': {}}, 'heterogeneous_data_handler': {'enabled': False, 'params': {}}}
{'client_selector': {'enabled': False}, 'client_cluster': {'enabled': False}, 'message_compressor': {'enabled': True}, 'model_co-versioning_registry': {'enabled': False}, 'multi-task_model_trainer': {'enabled': False}, 'heterogeneous_data_handler': {'enabled': False}, 'client_registry': {'enabled': True, 'params': {}}}
0.0-iid clients, predicted wo:20.5811 vs w:17.8854, message_compressor activated ✅
client Client 24 injecting delay of 4 seconds
client Client 23 injecting delay of 0 seconds
Local parameters compressed: reduced 5140 bytes (6.97%)
client Client 26 injecting delay of 5 seconds
client Client 27 injecting delay of 5 seconds
client Client 25 injecting delay of 3 seconds
client Client 28 injecting delay of 5 seconds
Local parameters compressed: reduced 5152 bytes (6.98%)
Local parameters compressed: reduced 5168 bytes (7.00%)
Local parameters compressed: reduced 5136 bytes (6.96%)
Local parameters compressed: reduced 5124 bytes (6.94%)
Local parameters compressed: reduced 5161 bytes (6.99%)
Results Aggregated in 23.55 seconds.
{'TextMLP': {'train_loss': [0.3545609042790201, 0.28759254464242195, 0.2660352796021435, 0.25155218946039676, 0.2457993510507875, 0.23969460376534196, 0.2344910364634461, 0.23303986292084058, 0.23047123589085208, 0.22671201673911678, 0.2255237583041191, 0.22037997419519556], 'train_accuracy': [0.8716319444444445, 0.893075, 0.9001152777777778, 0.9055333333333333, 0.9081083333333333, 0.9099875, 0.9120583333333333, 0.9127083333333333, 0.9141041666666667, 0.9159277777777778, 0.9168597222222222, 0.9186569444444445], 'train_f1': [0.8067973635802937, 0.8461335188704249, 0.8606377020198109, 0.86683277616035, 0.8718123278173268, 0.8732676669008774, 0.8765051640683839, 0.8780545978954993, 0.8791640669264547, 0.8815506103661418, 0.8828632362049317, 0.8856448614558936], 'train_mae': [0.1905, 0.16145277777777778, 0.15192083333333334, 0.14459444444444444, 0.13981944444444444, 0.13744166666666666, 0.13474166666666668, 0.1332, 0.13246944444444445, 0.13016944444444445, 0.1292611111111111, 0.12515694444444445], 'val_loss': [3.0407300703149094, 4.040356674947237, 5.192288086205198, 5.810557377798515, 6.11229531421996, 6.350713884119402, 6.584150999638072, 6.641993640598498, 6.605818897381163, 6.629254015370419, 6.618616048578631, 6.458253524010641], 'val_accuracy': [0.5885964912280702, 0.6220394736842105, 0.6420833333333333, 0.6360526315789474, 0.6453289473684211, 0.6381140350877192, 0.6405263157894737, 0.646140350877193, 0.6398026315789473, 0.6410745614035088, 0.6411184210526315, 0.6458771929824562], 'val_f1': [0.508944023186826, 0.5383916838508253, 0.555918722252679, 0.5513409353101685, 0.5584598349908432, 0.5529900746300455, 0.5550537709395557, 0.5590502757577805, 0.5547983930866525, 0.555812809046226, 0.5559644278200506, 0.5594396878651983], 'val_mae': [0.722609649122807, 0.6601754385964913, 0.5989254385964913, 0.6275877192982456, 0.60625, 0.6302631578947369, 0.6200219298245614, 0.614561403508772, 0.625811403508772, 0.6245614035087719, 0.6241008771929826, 0.615328947368421], 'jsd': [(0, 0, 0, 0, 0, 0), (0, 0, 0, 0, 0, 0), (0, 0, 0, 0, 0, 0), (0, 0, 0, 0, 0, 0), (0, 0, 0, 0, 0, 0), (0, 0, 0, 0, 0, 0), (0, 0, 0, 0, 0, 0), (0, 0, 0, 0, 0, 0), (0, 0, 0, 0, 0, 0), (0, 0, 0, 0, 0, 0), (0, 0, 0, 0, 0, 0), (0, 0, 0, 0, 0, 0)]}}
AdaptationManager: Configuring next round...
{'client_registry': {'enabled': True, 'params': {}}, 'client_selector': {'enabled': False, 'params': {}}, 'client_cluster': {'enabled': False, 'params': {}}, 'message_compressor': {'enabled': True, 'params': {}}, 'model_co-versioning_registry': {'enabled': False, 'params': {}}, 'multi-task_model_trainer': {'enabled': False, 'params': {}}, 'heterogeneous_data_handler': {'enabled': False, 'params': {}}}
{'client_selector': {'enabled': False}, 'client_cluster': {'enabled': False}, 'message_compressor': {'enabled': True}, 'model_co-versioning_registry': {'enabled': False}, 'multi-task_model_trainer': {'enabled': False}, 'heterogeneous_data_handler': {'enabled': False}, 'client_registry': {'enabled': True, 'params': {}}}
0.0-iid clients, predicted wo:20.4847 vs w:18.8927, message_compressor activated ✅
client Client 23 injecting delay of 7 seconds
client Client 24 injecting delay of 10 seconds
client Client 27 injecting delay of 1 seconds
client Client 28 injecting delay of 9 seconds
client Client 25 injecting delay of 5 seconds
client Client 26 injecting delay of 10 seconds
Local parameters compressed: reduced 5106 bytes (6.92%)
Local parameters compressed: reduced 5145 bytes (6.97%)
Local parameters compressed: reduced 5142 bytes (6.97%)
Local parameters compressed: reduced 5157 bytes (6.99%)
Local parameters compressed: reduced 5148 bytes (6.98%)
Local parameters compressed: reduced 5136 bytes (6.96%)
Results Aggregated in 21.98 seconds.
{'TextMLP': {'train_loss': [0.3545609042790201, 0.28759254464242195, 0.2660352796021435, 0.25155218946039676, 0.2457993510507875, 0.23969460376534196, 0.2344910364634461, 0.23303986292084058, 0.23047123589085208, 0.22671201673911678, 0.2255237583041191, 0.22037997419519556, 0.2163121315654781], 'train_accuracy': [0.8716319444444445, 0.893075, 0.9001152777777778, 0.9055333333333333, 0.9081083333333333, 0.9099875, 0.9120583333333333, 0.9127083333333333, 0.9141041666666667, 0.9159277777777778, 0.9168597222222222, 0.9186569444444445, 0.9204388888888889], 'train_f1': [0.8067973635802937, 0.8461335188704249, 0.8606377020198109, 0.86683277616035, 0.8718123278173268, 0.8732676669008774, 0.8765051640683839, 0.8780545978954993, 0.8791640669264547, 0.8815506103661418, 0.8828632362049317, 0.8856448614558936, 0.8874845604912129], 'train_mae': [0.1905, 0.16145277777777778, 0.15192083333333334, 0.14459444444444444, 0.13981944444444444, 0.13744166666666666, 0.13474166666666668, 0.1332, 0.13246944444444445, 0.13016944444444445, 0.1292611111111111, 0.12515694444444445, 0.12242777777777777], 'val_loss': [3.0407300703149094, 4.040356674947237, 5.192288086205198, 5.810557377798515, 6.11229531421996, 6.350713884119402, 6.584150999638072, 6.641993640598498, 6.605818897381163, 6.629254015370419, 6.618616048578631, 6.458253524010641, 6.438026496987595], 'val_accuracy': [0.5885964912280702, 0.6220394736842105, 0.6420833333333333, 0.6360526315789474, 0.6453289473684211, 0.6381140350877192, 0.6405263157894737, 0.646140350877193, 0.6398026315789473, 0.6410745614035088, 0.6411184210526315, 0.6458771929824562, 0.6456359649122807], 'val_f1': [0.508944023186826, 0.5383916838508253, 0.555918722252679, 0.5513409353101685, 0.5584598349908432, 0.5529900746300455, 0.5550537709395557, 0.5590502757577805, 0.5547983930866525, 0.555812809046226, 0.5559644278200506, 0.5594396878651983, 0.5592451705164954], 'val_mae': [0.722609649122807, 0.6601754385964913, 0.5989254385964913, 0.6275877192982456, 0.60625, 0.6302631578947369, 0.6200219298245614, 0.614561403508772, 0.625811403508772, 0.6245614035087719, 0.6241008771929826, 0.615328947368421, 0.6167324561403509], 'jsd': [(0, 0, 0, 0, 0, 0), (0, 0, 0, 0, 0, 0), (0, 0, 0, 0, 0, 0), (0, 0, 0, 0, 0, 0), (0, 0, 0, 0, 0, 0), (0, 0, 0, 0, 0, 0), (0, 0, 0, 0, 0, 0), (0, 0, 0, 0, 0, 0), (0, 0, 0, 0, 0, 0), (0, 0, 0, 0, 0, 0), (0, 0, 0, 0, 0, 0), (0, 0, 0, 0, 0, 0), (0, 0, 0, 0, 0, 0)]}}
AdaptationManager: Configuring next round...
{'client_registry': {'enabled': True, 'params': {}}, 'client_selector': {'enabled': False, 'params': {}}, 'client_cluster': {'enabled': False, 'params': {}}, 'message_compressor': {'enabled': True, 'params': {}}, 'model_co-versioning_registry': {'enabled': False, 'params': {}}, 'multi-task_model_trainer': {'enabled': False, 'params': {}}, 'heterogeneous_data_handler': {'enabled': False, 'params': {}}}
{'client_selector': {'enabled': False}, 'client_cluster': {'enabled': False}, 'message_compressor': {'enabled': True}, 'model_co-versioning_registry': {'enabled': False}, 'multi-task_model_trainer': {'enabled': False}, 'heterogeneous_data_handler': {'enabled': False}, 'client_registry': {'enabled': True, 'params': {}}}
0.0-iid clients, predicted wo:19.0188 vs w:18.2229, message_compressor activated ✅
client Client 24 injecting delay of 0 seconds
Local parameters compressed: reduced 5124 bytes (6.94%)
client Client 23 injecting delay of 10 seconds
client Client 28 injecting delay of 6 seconds
client Client 27 injecting delay of 3 seconds
client Client 26 injecting delay of 2 seconds
client Client 25 injecting delay of 0 seconds
Local parameters compressed: reduced 5119 bytes (6.94%)
Local parameters compressed: reduced 5128 bytes (6.95%)
Local parameters compressed: reduced 5084 bytes (6.89%)
Local parameters compressed: reduced 5127 bytes (6.95%)
Local parameters compressed: reduced 5153 bytes (6.98%)
Results Aggregated in 19.12 seconds.
{'TextMLP': {'train_loss': [0.3545609042790201, 0.28759254464242195, 0.2660352796021435, 0.25155218946039676, 0.2457993510507875, 0.23969460376534196, 0.2344910364634461, 0.23303986292084058, 0.23047123589085208, 0.22671201673911678, 0.2255237583041191, 0.22037997419519556, 0.2163121315654781, 0.2122112934877475], 'train_accuracy': [0.8716319444444445, 0.893075, 0.9001152777777778, 0.9055333333333333, 0.9081083333333333, 0.9099875, 0.9120583333333333, 0.9127083333333333, 0.9141041666666667, 0.9159277777777778, 0.9168597222222222, 0.9186569444444445, 0.9204388888888889, 0.9220680555555556], 'train_f1': [0.8067973635802937, 0.8461335188704249, 0.8606377020198109, 0.86683277616035, 0.8718123278173268, 0.8732676669008774, 0.8765051640683839, 0.8780545978954993, 0.8791640669264547, 0.8815506103661418, 0.8828632362049317, 0.8856448614558936, 0.8874845604912129, 0.8909000395496017], 'train_mae': [0.1905, 0.16145277777777778, 0.15192083333333334, 0.14459444444444444, 0.13981944444444444, 0.13744166666666666, 0.13474166666666668, 0.1332, 0.13246944444444445, 0.13016944444444445, 0.1292611111111111, 0.12515694444444445, 0.12242777777777777, 0.12029305555555556], 'val_loss': [3.0407300703149094, 4.040356674947237, 5.192288086205198, 5.810557377798515, 6.11229531421996, 6.350713884119402, 6.584150999638072, 6.641993640598498, 6.605818897381163, 6.629254015370419, 6.618616048578631, 6.458253524010641, 6.438026496987595, 6.331588199849714], 'val_accuracy': [0.5885964912280702, 0.6220394736842105, 0.6420833333333333, 0.6360526315789474, 0.6453289473684211, 0.6381140350877192, 0.6405263157894737, 0.646140350877193, 0.6398026315789473, 0.6410745614035088, 0.6411184210526315, 0.6458771929824562, 0.6456359649122807, 0.6542543859649123], 'val_f1': [0.508944023186826, 0.5383916838508253, 0.555918722252679, 0.5513409353101685, 0.5584598349908432, 0.5529900746300455, 0.5550537709395557, 0.5590502757577805, 0.5547983930866525, 0.555812809046226, 0.5559644278200506, 0.5594396878651983, 0.5592451705164954, 0.5664765141609501], 'val_mae': [0.722609649122807, 0.6601754385964913, 0.5989254385964913, 0.6275877192982456, 0.60625, 0.6302631578947369, 0.6200219298245614, 0.614561403508772, 0.625811403508772, 0.6245614035087719, 0.6241008771929826, 0.615328947368421, 0.6167324561403509, 0.5849342105263158], 'jsd': [(0, 0, 0, 0, 0, 0), (0, 0, 0, 0, 0, 0), (0, 0, 0, 0, 0, 0), (0, 0, 0, 0, 0, 0), (0, 0, 0, 0, 0, 0), (0, 0, 0, 0, 0, 0), (0, 0, 0, 0, 0, 0), (0, 0, 0, 0, 0, 0), (0, 0, 0, 0, 0, 0), (0, 0, 0, 0, 0, 0), (0, 0, 0, 0, 0, 0), (0, 0, 0, 0, 0, 0), (0, 0, 0, 0, 0, 0), (0, 0, 0, 0, 0, 0)]}}
AdaptationManager: Configuring next round...
{'client_registry': {'enabled': True, 'params': {}}, 'client_selector': {'enabled': False, 'params': {}}, 'client_cluster': {'enabled': False, 'params': {}}, 'message_compressor': {'enabled': True, 'params': {}}, 'model_co-versioning_registry': {'enabled': False, 'params': {}}, 'multi-task_model_trainer': {'enabled': False, 'params': {}}, 'heterogeneous_data_handler': {'enabled': False, 'params': {}}}
{'client_selector': {'enabled': False}, 'client_cluster': {'enabled': False}, 'message_compressor': {'enabled': True}, 'model_co-versioning_registry': {'enabled': False}, 'multi-task_model_trainer': {'enabled': False}, 'heterogeneous_data_handler': {'enabled': False}, 'client_registry': {'enabled': True, 'params': {}}}
0.0-iid clients, predicted wo:21.0476 vs w:19.0858, message_compressor activated ✅
client Client 24 injecting delay of 5 seconds
client Client 23 injecting delay of 9 seconds
client Client 27 injecting delay of 2 seconds
client Client 28 injecting delay of 0 seconds
Local parameters compressed: reduced 5107 bytes (6.92%)
client Client 26 injecting delay of 3 seconds
client Client 25 injecting delay of 2 seconds
Local parameters compressed: reduced 5140 bytes (6.97%)
Local parameters compressed: reduced 5109 bytes (6.92%)
Local parameters compressed: reduced 5101 bytes (6.91%)
Local parameters compressed: reduced 5108 bytes (6.92%)
Local parameters compressed: reduced 5147 bytes (6.98%)
Results Aggregated in 18.17 seconds.
{'TextMLP': {'train_loss': [0.3545609042790201, 0.28759254464242195, 0.2660352796021435, 0.25155218946039676, 0.2457993510507875, 0.23969460376534196, 0.2344910364634461, 0.23303986292084058, 0.23047123589085208, 0.22671201673911678, 0.2255237583041191, 0.22037997419519556, 0.2163121315654781, 0.2122112934877475, 0.21103208543459576], 'train_accuracy': [0.8716319444444445, 0.893075, 0.9001152777777778, 0.9055333333333333, 0.9081083333333333, 0.9099875, 0.9120583333333333, 0.9127083333333333, 0.9141041666666667, 0.9159277777777778, 0.9168597222222222, 0.9186569444444445, 0.9204388888888889, 0.9220680555555556, 0.9225541666666667], 'train_f1': [0.8067973635802937, 0.8461335188704249, 0.8606377020198109, 0.86683277616035, 0.8718123278173268, 0.8732676669008774, 0.8765051640683839, 0.8780545978954993, 0.8791640669264547, 0.8815506103661418, 0.8828632362049317, 0.8856448614558936, 0.8874845604912129, 0.8909000395496017, 0.8902560359002043], 'train_mae': [0.1905, 0.16145277777777778, 0.15192083333333334, 0.14459444444444444, 0.13981944444444444, 0.13744166666666666, 0.13474166666666668, 0.1332, 0.13246944444444445, 0.13016944444444445, 0.1292611111111111, 0.12515694444444445, 0.12242777777777777, 0.12029305555555556, 0.1200625], 'val_loss': [3.0407300703149094, 4.040356674947237, 5.192288086205198, 5.810557377798515, 6.11229531421996, 6.350713884119402, 6.584150999638072, 6.641993640598498, 6.605818897381163, 6.629254015370419, 6.618616048578631, 6.458253524010641, 6.438026496987595, 6.331588199849714, 6.312388134839242], 'val_accuracy': [0.5885964912280702, 0.6220394736842105, 0.6420833333333333, 0.6360526315789474, 0.6453289473684211, 0.6381140350877192, 0.6405263157894737, 0.646140350877193, 0.6398026315789473, 0.6410745614035088, 0.6411184210526315, 0.6458771929824562, 0.6456359649122807, 0.6542543859649123, 0.6458991228070176], 'val_f1': [0.508944023186826, 0.5383916838508253, 0.555918722252679, 0.5513409353101685, 0.5584598349908432, 0.5529900746300455, 0.5550537709395557, 0.5590502757577805, 0.5547983930866525, 0.555812809046226, 0.5559644278200506, 0.5594396878651983, 0.5592451705164954, 0.5664765141609501, 0.5601225684469733], 'val_mae': [0.722609649122807, 0.6601754385964913, 0.5989254385964913, 0.6275877192982456, 0.60625, 0.6302631578947369, 0.6200219298245614, 0.614561403508772, 0.625811403508772, 0.6245614035087719, 0.6241008771929826, 0.615328947368421, 0.6167324561403509, 0.5849342105263158, 0.6120833333333333], 'jsd': [(0, 0, 0, 0, 0, 0), (0, 0, 0, 0, 0, 0), (0, 0, 0, 0, 0, 0), (0, 0, 0, 0, 0, 0), (0, 0, 0, 0, 0, 0), (0, 0, 0, 0, 0, 0), (0, 0, 0, 0, 0, 0), (0, 0, 0, 0, 0, 0), (0, 0, 0, 0, 0, 0), (0, 0, 0, 0, 0, 0), (0, 0, 0, 0, 0, 0), (0, 0, 0, 0, 0, 0), (0, 0, 0, 0, 0, 0), (0, 0, 0, 0, 0, 0), (0, 0, 0, 0, 0, 0)]}}
AdaptationManager: Configuring next round...
{'client_registry': {'enabled': True, 'params': {}}, 'client_selector': {'enabled': False, 'params': {}}, 'client_cluster': {'enabled': False, 'params': {}}, 'message_compressor': {'enabled': True, 'params': {}}, 'model_co-versioning_registry': {'enabled': False, 'params': {}}, 'multi-task_model_trainer': {'enabled': False, 'params': {}}, 'heterogeneous_data_handler': {'enabled': False, 'params': {}}}
{'client_selector': {'enabled': False}, 'client_cluster': {'enabled': False}, 'message_compressor': {'enabled': True}, 'model_co-versioning_registry': {'enabled': False}, 'multi-task_model_trainer': {'enabled': False}, 'heterogeneous_data_handler': {'enabled': False}, 'client_registry': {'enabled': True, 'params': {}}}
0.0-iid clients, predicted wo:19.7460 vs w:17.6702, message_compressor activated ✅
client Client 27 injecting delay of 7 seconds
client Client 23 injecting delay of 0 seconds
Local parameters compressed: reduced 5093 bytes (6.90%)
client Client 28 injecting delay of 4 seconds
client Client 24 injecting delay of 7 seconds
client Client 26 injecting delay of 8 seconds
client Client 25 injecting delay of 0 seconds
Local parameters compressed: reduced 5119 bytes (6.94%)
Local parameters compressed: reduced 5129 bytes (6.95%)
Local parameters compressed: reduced 5130 bytes (6.95%)
Local parameters compressed: reduced 5138 bytes (6.96%)
Local parameters compressed: reduced 5131 bytes (6.95%)
Results Aggregated in 17.81 seconds.
{'TextMLP': {'train_loss': [0.3545609042790201, 0.28759254464242195, 0.2660352796021435, 0.25155218946039676, 0.2457993510507875, 0.23969460376534196, 0.2344910364634461, 0.23303986292084058, 0.23047123589085208, 0.22671201673911678, 0.2255237583041191, 0.22037997419519556, 0.2163121315654781, 0.2122112934877475, 0.21103208543459576, 0.20666350720028082], 'train_accuracy': [0.8716319444444445, 0.893075, 0.9001152777777778, 0.9055333333333333, 0.9081083333333333, 0.9099875, 0.9120583333333333, 0.9127083333333333, 0.9141041666666667, 0.9159277777777778, 0.9168597222222222, 0.9186569444444445, 0.9204388888888889, 0.9220680555555556, 0.9225541666666667, 0.9239763888888889], 'train_f1': [0.8067973635802937, 0.8461335188704249, 0.8606377020198109, 0.86683277616035, 0.8718123278173268, 0.8732676669008774, 0.8765051640683839, 0.8780545978954993, 0.8791640669264547, 0.8815506103661418, 0.8828632362049317, 0.8856448614558936, 0.8874845604912129, 0.8909000395496017, 0.8902560359002043, 0.8925738719574132], 'train_mae': [0.1905, 0.16145277777777778, 0.15192083333333334, 0.14459444444444444, 0.13981944444444444, 0.13744166666666666, 0.13474166666666668, 0.1332, 0.13246944444444445, 0.13016944444444445, 0.1292611111111111, 0.12515694444444445, 0.12242777777777777, 0.12029305555555556, 0.1200625, 0.11719305555555555], 'val_loss': [3.0407300703149094, 4.040356674947237, 5.192288086205198, 5.810557377798515, 6.11229531421996, 6.350713884119402, 6.584150999638072, 6.641993640598498, 6.605818897381163, 6.629254015370419, 6.618616048578631, 6.458253524010641, 6.438026496987595, 6.331588199849714, 6.312388134839242, 6.23852052353976], 'val_accuracy': [0.5885964912280702, 0.6220394736842105, 0.6420833333333333, 0.6360526315789474, 0.6453289473684211, 0.6381140350877192, 0.6405263157894737, 0.646140350877193, 0.6398026315789473, 0.6410745614035088, 0.6411184210526315, 0.6458771929824562, 0.6456359649122807, 0.6542543859649123, 0.6458991228070176, 0.6524342105263158], 'val_f1': [0.508944023186826, 0.5383916838508253, 0.555918722252679, 0.5513409353101685, 0.5584598349908432, 0.5529900746300455, 0.5550537709395557, 0.5590502757577805, 0.5547983930866525, 0.555812809046226, 0.5559644278200506, 0.5594396878651983, 0.5592451705164954, 0.5664765141609501, 0.5601225684469733, 0.564985062827644], 'val_mae': [0.722609649122807, 0.6601754385964913, 0.5989254385964913, 0.6275877192982456, 0.60625, 0.6302631578947369, 0.6200219298245614, 0.614561403508772, 0.625811403508772, 0.6245614035087719, 0.6241008771929826, 0.615328947368421, 0.6167324561403509, 0.5849342105263158, 0.6120833333333333, 0.6038377192982456], 'jsd': [(0, 0, 0, 0, 0, 0), (0, 0, 0, 0, 0, 0), (0, 0, 0, 0, 0, 0), (0, 0, 0, 0, 0, 0), (0, 0, 0, 0, 0, 0), (0, 0, 0, 0, 0, 0), (0, 0, 0, 0, 0, 0), (0, 0, 0, 0, 0, 0), (0, 0, 0, 0, 0, 0), (0, 0, 0, 0, 0, 0), (0, 0, 0, 0, 0, 0), (0, 0, 0, 0, 0, 0), (0, 0, 0, 0, 0, 0), (0, 0, 0, 0, 0, 0), (0, 0, 0, 0, 0, 0), (0, 0, 0, 0, 0, 0)]}}
AdaptationManager: Configuring next round...
{'client_registry': {'enabled': True, 'params': {}}, 'client_selector': {'enabled': False, 'params': {}}, 'client_cluster': {'enabled': False, 'params': {}}, 'message_compressor': {'enabled': True, 'params': {}}, 'model_co-versioning_registry': {'enabled': False, 'params': {}}, 'multi-task_model_trainer': {'enabled': False, 'params': {}}, 'heterogeneous_data_handler': {'enabled': False, 'params': {}}}
{'client_selector': {'enabled': False}, 'client_cluster': {'enabled': False}, 'message_compressor': {'enabled': True}, 'model_co-versioning_registry': {'enabled': False}, 'multi-task_model_trainer': {'enabled': False}, 'heterogeneous_data_handler': {'enabled': False}, 'client_registry': {'enabled': True, 'params': {}}}
0.0-iid clients, predicted wo:20.4549 vs w:18.1635, message_compressor activated ✅
client Client 23 injecting delay of 1 seconds
client Client 28 injecting delay of 1 seconds
client Client 24 injecting delay of 6 seconds
client Client 27 injecting delay of 10 seconds
client Client 25 injecting delay of 0 seconds
Local parameters compressed: reduced 5121 bytes (6.94%)
client Client 26 injecting delay of 8 seconds
Local parameters compressed: reduced 5138 bytes (6.96%)
Local parameters compressed: reduced 5120 bytes (6.94%)
Local parameters compressed: reduced 5176 bytes (7.01%)
Local parameters compressed: reduced 5130 bytes (6.95%)
Local parameters compressed: reduced 5102 bytes (6.91%)
Results Aggregated in 19.67 seconds.
{'TextMLP': {'train_loss': [0.3545609042790201, 0.28759254464242195, 0.2660352796021435, 0.25155218946039676, 0.2457993510507875, 0.23969460376534196, 0.2344910364634461, 0.23303986292084058, 0.23047123589085208, 0.22671201673911678, 0.2255237583041191, 0.22037997419519556, 0.2163121315654781, 0.2122112934877475, 0.21103208543459576, 0.20666350720028082, 0.20683504729072252], 'train_accuracy': [0.8716319444444445, 0.893075, 0.9001152777777778, 0.9055333333333333, 0.9081083333333333, 0.9099875, 0.9120583333333333, 0.9127083333333333, 0.9141041666666667, 0.9159277777777778, 0.9168597222222222, 0.9186569444444445, 0.9204388888888889, 0.9220680555555556, 0.9225541666666667, 0.9239763888888889, 0.9240138888888889], 'train_f1': [0.8067973635802937, 0.8461335188704249, 0.8606377020198109, 0.86683277616035, 0.8718123278173268, 0.8732676669008774, 0.8765051640683839, 0.8780545978954993, 0.8791640669264547, 0.8815506103661418, 0.8828632362049317, 0.8856448614558936, 0.8874845604912129, 0.8909000395496017, 0.8902560359002043, 0.8925738719574132, 0.8923120514143827], 'train_mae': [0.1905, 0.16145277777777778, 0.15192083333333334, 0.14459444444444444, 0.13981944444444444, 0.13744166666666666, 0.13474166666666668, 0.1332, 0.13246944444444445, 0.13016944444444445, 0.1292611111111111, 0.12515694444444445, 0.12242777777777777, 0.12029305555555556, 0.1200625, 0.11719305555555555, 0.11803194444444444], 'val_loss': [3.0407300703149094, 4.040356674947237, 5.192288086205198, 5.810557377798515, 6.11229531421996, 6.350713884119402, 6.584150999638072, 6.641993640598498, 6.605818897381163, 6.629254015370419, 6.618616048578631, 6.458253524010641, 6.438026496987595, 6.331588199849714, 6.312388134839242, 6.23852052353976, 6.291040383723744], 'val_accuracy': [0.5885964912280702, 0.6220394736842105, 0.6420833333333333, 0.6360526315789474, 0.6453289473684211, 0.6381140350877192, 0.6405263157894737, 0.646140350877193, 0.6398026315789473, 0.6410745614035088, 0.6411184210526315, 0.6458771929824562, 0.6456359649122807, 0.6542543859649123, 0.6458991228070176, 0.6524342105263158, 0.6475], 'val_f1': [0.508944023186826, 0.5383916838508253, 0.555918722252679, 0.5513409353101685, 0.5584598349908432, 0.5529900746300455, 0.5550537709395557, 0.5590502757577805, 0.5547983930866525, 0.555812809046226, 0.5559644278200506, 0.5594396878651983, 0.5592451705164954, 0.5664765141609501, 0.5601225684469733, 0.564985062827644, 0.5615362544744376], 'val_mae': [0.722609649122807, 0.6601754385964913, 0.5989254385964913, 0.6275877192982456, 0.60625, 0.6302631578947369, 0.6200219298245614, 0.614561403508772, 0.625811403508772, 0.6245614035087719, 0.6241008771929826, 0.615328947368421, 0.6167324561403509, 0.5849342105263158, 0.6120833333333333, 0.6038377192982456, 0.6164254385964912], 'jsd': [(0, 0, 0, 0, 0, 0), (0, 0, 0, 0, 0, 0), (0, 0, 0, 0, 0, 0), (0, 0, 0, 0, 0, 0), (0, 0, 0, 0, 0, 0), (0, 0, 0, 0, 0, 0), (0, 0, 0, 0, 0, 0), (0, 0, 0, 0, 0, 0), (0, 0, 0, 0, 0, 0), (0, 0, 0, 0, 0, 0), (0, 0, 0, 0, 0, 0), (0, 0, 0, 0, 0, 0), (0, 0, 0, 0, 0, 0), (0, 0, 0, 0, 0, 0), (0, 0, 0, 0, 0, 0), (0, 0, 0, 0, 0, 0), (0, 0, 0, 0, 0, 0)]}}
AdaptationManager: Configuring next round...
{'client_registry': {'enabled': True, 'params': {}}, 'client_selector': {'enabled': False, 'params': {}}, 'client_cluster': {'enabled': False, 'params': {}}, 'message_compressor': {'enabled': True, 'params': {}}, 'model_co-versioning_registry': {'enabled': False, 'params': {}}, 'multi-task_model_trainer': {'enabled': False, 'params': {}}, 'heterogeneous_data_handler': {'enabled': False, 'params': {}}}
{'client_selector': {'enabled': False}, 'client_cluster': {'enabled': False}, 'message_compressor': {'enabled': True}, 'model_co-versioning_registry': {'enabled': False}, 'multi-task_model_trainer': {'enabled': False}, 'heterogeneous_data_handler': {'enabled': False}, 'client_registry': {'enabled': True, 'params': {}}}
0.0-iid clients, predicted wo:20.6721 vs w:18.9078, message_compressor activated ✅
client Client 24 injecting delay of 8 seconds
client Client 23 injecting delay of 4 seconds
client Client 27 injecting delay of 9 seconds
client Client 25 injecting delay of 1 seconds
client Client 28 injecting delay of 4 seconds
client Client 26 injecting delay of 7 seconds
Local parameters compressed: reduced 5129 bytes (6.95%)
Local parameters compressed: reduced 5142 bytes (6.97%)
Local parameters compressed: reduced 5135 bytes (6.96%)
Local parameters compressed: reduced 5143 bytes (6.97%)
Local parameters compressed: reduced 5133 bytes (6.96%)
Local parameters compressed: reduced 5147 bytes (6.98%)
Results Aggregated in 27.65 seconds.
{'TextMLP': {'train_loss': [0.3545609042790201, 0.28759254464242195, 0.2660352796021435, 0.25155218946039676, 0.2457993510507875, 0.23969460376534196, 0.2344910364634461, 0.23303986292084058, 0.23047123589085208, 0.22671201673911678, 0.2255237583041191, 0.22037997419519556, 0.2163121315654781, 0.2122112934877475, 0.21103208543459576, 0.20666350720028082, 0.20683504729072252, 0.20374096002048916], 'train_accuracy': [0.8716319444444445, 0.893075, 0.9001152777777778, 0.9055333333333333, 0.9081083333333333, 0.9099875, 0.9120583333333333, 0.9127083333333333, 0.9141041666666667, 0.9159277777777778, 0.9168597222222222, 0.9186569444444445, 0.9204388888888889, 0.9220680555555556, 0.9225541666666667, 0.9239763888888889, 0.9240138888888889, 0.9252819444444444], 'train_f1': [0.8067973635802937, 0.8461335188704249, 0.8606377020198109, 0.86683277616035, 0.8718123278173268, 0.8732676669008774, 0.8765051640683839, 0.8780545978954993, 0.8791640669264547, 0.8815506103661418, 0.8828632362049317, 0.8856448614558936, 0.8874845604912129, 0.8909000395496017, 0.8902560359002043, 0.8925738719574132, 0.8923120514143827, 0.8943249002033383], 'train_mae': [0.1905, 0.16145277777777778, 0.15192083333333334, 0.14459444444444444, 0.13981944444444444, 0.13744166666666666, 0.13474166666666668, 0.1332, 0.13246944444444445, 0.13016944444444445, 0.1292611111111111, 0.12515694444444445, 0.12242777777777777, 0.12029305555555556, 0.1200625, 0.11719305555555555, 0.11803194444444444, 0.11646111111111111], 'val_loss': [3.0407300703149094, 4.040356674947237, 5.192288086205198, 5.810557377798515, 6.11229531421996, 6.350713884119402, 6.584150999638072, 6.641993640598498, 6.605818897381163, 6.629254015370419, 6.618616048578631, 6.458253524010641, 6.438026496987595, 6.331588199849714, 6.312388134839242, 6.23852052353976, 6.291040383723744, 6.228697320034629], 'val_accuracy': [0.5885964912280702, 0.6220394736842105, 0.6420833333333333, 0.6360526315789474, 0.6453289473684211, 0.6381140350877192, 0.6405263157894737, 0.646140350877193, 0.6398026315789473, 0.6410745614035088, 0.6411184210526315, 0.6458771929824562, 0.6456359649122807, 0.6542543859649123, 0.6458991228070176, 0.6524342105263158, 0.6475, 0.6495614035087719], 'val_f1': [0.508944023186826, 0.5383916838508253, 0.555918722252679, 0.5513409353101685, 0.5584598349908432, 0.5529900746300455, 0.5550537709395557, 0.5590502757577805, 0.5547983930866525, 0.555812809046226, 0.5559644278200506, 0.5594396878651983, 0.5592451705164954, 0.5664765141609501, 0.5601225684469733, 0.564985062827644, 0.5615362544744376, 0.5634258298787933], 'val_mae': [0.722609649122807, 0.6601754385964913, 0.5989254385964913, 0.6275877192982456, 0.60625, 0.6302631578947369, 0.6200219298245614, 0.614561403508772, 0.625811403508772, 0.6245614035087719, 0.6241008771929826, 0.615328947368421, 0.6167324561403509, 0.5849342105263158, 0.6120833333333333, 0.6038377192982456, 0.6164254385964912, 0.6094517543859649], 'jsd': [(0, 0, 0, 0, 0, 0), (0, 0, 0, 0, 0, 0), (0, 0, 0, 0, 0, 0), (0, 0, 0, 0, 0, 0), (0, 0, 0, 0, 0, 0), (0, 0, 0, 0, 0, 0), (0, 0, 0, 0, 0, 0), (0, 0, 0, 0, 0, 0), (0, 0, 0, 0, 0, 0), (0, 0, 0, 0, 0, 0), (0, 0, 0, 0, 0, 0), (0, 0, 0, 0, 0, 0), (0, 0, 0, 0, 0, 0), (0, 0, 0, 0, 0, 0), (0, 0, 0, 0, 0, 0), (0, 0, 0, 0, 0, 0), (0, 0, 0, 0, 0, 0), (0, 0, 0, 0, 0, 0)]}}
AdaptationManager: Configuring next round...
{'client_registry': {'enabled': True, 'params': {}}, 'client_selector': {'enabled': False, 'params': {}}, 'client_cluster': {'enabled': False, 'params': {}}, 'message_compressor': {'enabled': True, 'params': {}}, 'model_co-versioning_registry': {'enabled': False, 'params': {}}, 'multi-task_model_trainer': {'enabled': False, 'params': {}}, 'heterogeneous_data_handler': {'enabled': False, 'params': {}}}
{'client_selector': {'enabled': False}, 'client_cluster': {'enabled': False}, 'message_compressor': {'enabled': True}, 'model_co-versioning_registry': {'enabled': False}, 'multi-task_model_trainer': {'enabled': False}, 'heterogeneous_data_handler': {'enabled': False}, 'client_registry': {'enabled': True, 'params': {}}}
0.0-iid clients, predicted wo:19.5216 vs w:11.1643, message_compressor activated ✅
client Client 23 injecting delay of 9 seconds
client Client 24 injecting delay of 0 seconds
Local parameters compressed: reduced 5166 bytes (7.00%)
client Client 26 injecting delay of 2 seconds
client Client 28 injecting delay of 4 seconds
client Client 25 injecting delay of 2 seconds
client Client 27 injecting delay of 8 seconds
Local parameters compressed: reduced 5104 bytes (6.92%)
Local parameters compressed: reduced 5151 bytes (6.98%)
Local parameters compressed: reduced 5151 bytes (6.98%)
Local parameters compressed: reduced 5120 bytes (6.94%)
Local parameters compressed: reduced 5117 bytes (6.93%)
Results Aggregated in 20.74 seconds.
{'TextMLP': {'train_loss': [0.3545609042790201, 0.28759254464242195, 0.2660352796021435, 0.25155218946039676, 0.2457993510507875, 0.23969460376534196, 0.2344910364634461, 0.23303986292084058, 0.23047123589085208, 0.22671201673911678, 0.2255237583041191, 0.22037997419519556, 0.2163121315654781, 0.2122112934877475, 0.21103208543459576, 0.20666350720028082, 0.20683504729072252, 0.20374096002048916, 0.19880572219590345], 'train_accuracy': [0.8716319444444445, 0.893075, 0.9001152777777778, 0.9055333333333333, 0.9081083333333333, 0.9099875, 0.9120583333333333, 0.9127083333333333, 0.9141041666666667, 0.9159277777777778, 0.9168597222222222, 0.9186569444444445, 0.9204388888888889, 0.9220680555555556, 0.9225541666666667, 0.9239763888888889, 0.9240138888888889, 0.9252819444444444, 0.9270833333333334], 'train_f1': [0.8067973635802937, 0.8461335188704249, 0.8606377020198109, 0.86683277616035, 0.8718123278173268, 0.8732676669008774, 0.8765051640683839, 0.8780545978954993, 0.8791640669264547, 0.8815506103661418, 0.8828632362049317, 0.8856448614558936, 0.8874845604912129, 0.8909000395496017, 0.8902560359002043, 0.8925738719574132, 0.8923120514143827, 0.8943249002033383, 0.897063569039876], 'train_mae': [0.1905, 0.16145277777777778, 0.15192083333333334, 0.14459444444444444, 0.13981944444444444, 0.13744166666666666, 0.13474166666666668, 0.1332, 0.13246944444444445, 0.13016944444444445, 0.1292611111111111, 0.12515694444444445, 0.12242777777777777, 0.12029305555555556, 0.1200625, 0.11719305555555555, 0.11803194444444444, 0.11646111111111111, 0.11349305555555556], 'val_loss': [3.0407300703149094, 4.040356674947237, 5.192288086205198, 5.810557377798515, 6.11229531421996, 6.350713884119402, 6.584150999638072, 6.641993640598498, 6.605818897381163, 6.629254015370419, 6.618616048578631, 6.458253524010641, 6.438026496987595, 6.331588199849714, 6.312388134839242, 6.23852052353976, 6.291040383723744, 6.228697320034629, 6.286972436570284], 'val_accuracy': [0.5885964912280702, 0.6220394736842105, 0.6420833333333333, 0.6360526315789474, 0.6453289473684211, 0.6381140350877192, 0.6405263157894737, 0.646140350877193, 0.6398026315789473, 0.6410745614035088, 0.6411184210526315, 0.6458771929824562, 0.6456359649122807, 0.6542543859649123, 0.6458991228070176, 0.6524342105263158, 0.6475, 0.6495614035087719, 0.653157894736842], 'val_f1': [0.508944023186826, 0.5383916838508253, 0.555918722252679, 0.5513409353101685, 0.5584598349908432, 0.5529900746300455, 0.5550537709395557, 0.5590502757577805, 0.5547983930866525, 0.555812809046226, 0.5559644278200506, 0.5594396878651983, 0.5592451705164954, 0.5664765141609501, 0.5601225684469733, 0.564985062827644, 0.5615362544744376, 0.5634258298787933, 0.5663533176928807], 'val_mae': [0.722609649122807, 0.6601754385964913, 0.5989254385964913, 0.6275877192982456, 0.60625, 0.6302631578947369, 0.6200219298245614, 0.614561403508772, 0.625811403508772, 0.6245614035087719, 0.6241008771929826, 0.615328947368421, 0.6167324561403509, 0.5849342105263158, 0.6120833333333333, 0.6038377192982456, 0.6164254385964912, 0.6094517543859649, 0.5914035087719298], 'jsd': [(0, 0, 0, 0, 0, 0), (0, 0, 0, 0, 0, 0), (0, 0, 0, 0, 0, 0), (0, 0, 0, 0, 0, 0), (0, 0, 0, 0, 0, 0), (0, 0, 0, 0, 0, 0), (0, 0, 0, 0, 0, 0), (0, 0, 0, 0, 0, 0), (0, 0, 0, 0, 0, 0), (0, 0, 0, 0, 0, 0), (0, 0, 0, 0, 0, 0), (0, 0, 0, 0, 0, 0), (0, 0, 0, 0, 0, 0), (0, 0, 0, 0, 0, 0), (0, 0, 0, 0, 0, 0), (0, 0, 0, 0, 0, 0), (0, 0, 0, 0, 0, 0), (0, 0, 0, 0, 0, 0), (0, 0, 0, 0, 0, 0)]}}
AdaptationManager: Configuring next round...
{'client_registry': {'enabled': True, 'params': {}}, 'client_selector': {'enabled': False, 'params': {}}, 'client_cluster': {'enabled': False, 'params': {}}, 'message_compressor': {'enabled': True, 'params': {}}, 'model_co-versioning_registry': {'enabled': False, 'params': {}}, 'multi-task_model_trainer': {'enabled': False, 'params': {}}, 'heterogeneous_data_handler': {'enabled': False, 'params': {}}}
{'client_selector': {'enabled': False}, 'client_cluster': {'enabled': False}, 'message_compressor': {'enabled': True}, 'model_co-versioning_registry': {'enabled': False}, 'multi-task_model_trainer': {'enabled': False}, 'heterogeneous_data_handler': {'enabled': False}, 'client_registry': {'enabled': True, 'params': {}}}
0.0-iid clients, predicted wo:20.5694 vs w:18.6275, message_compressor activated ✅
client Client 24 injecting delay of 2 seconds
client Client 23 injecting delay of 1 seconds
client Client 28 injecting delay of 5 seconds
client Client 27 injecting delay of 0 seconds
Local parameters compressed: reduced 5119 bytes (6.94%)
client Client 26 injecting delay of 10 seconds
client Client 25 injecting delay of 7 seconds
Local parameters compressed: reduced 5113 bytes (6.93%)
Local parameters compressed: reduced 5131 bytes (6.95%)
Local parameters compressed: reduced 5104 bytes (6.92%)
Local parameters compressed: reduced 5161 bytes (6.99%)
Local parameters compressed: reduced 5125 bytes (6.95%)
Results Aggregated in 19.58 seconds.
{'TextMLP': {'train_loss': [0.3545609042790201, 0.28759254464242195, 0.2660352796021435, 0.25155218946039676, 0.2457993510507875, 0.23969460376534196, 0.2344910364634461, 0.23303986292084058, 0.23047123589085208, 0.22671201673911678, 0.2255237583041191, 0.22037997419519556, 0.2163121315654781, 0.2122112934877475, 0.21103208543459576, 0.20666350720028082, 0.20683504729072252, 0.20374096002048916, 0.19880572219590345, 0.19785281584031053], 'train_accuracy': [0.8716319444444445, 0.893075, 0.9001152777777778, 0.9055333333333333, 0.9081083333333333, 0.9099875, 0.9120583333333333, 0.9127083333333333, 0.9141041666666667, 0.9159277777777778, 0.9168597222222222, 0.9186569444444445, 0.9204388888888889, 0.9220680555555556, 0.9225541666666667, 0.9239763888888889, 0.9240138888888889, 0.9252819444444444, 0.9270833333333334, 0.9274805555555555], 'train_f1': [0.8067973635802937, 0.8461335188704249, 0.8606377020198109, 0.86683277616035, 0.8718123278173268, 0.8732676669008774, 0.8765051640683839, 0.8780545978954993, 0.8791640669264547, 0.8815506103661418, 0.8828632362049317, 0.8856448614558936, 0.8874845604912129, 0.8909000395496017, 0.8902560359002043, 0.8925738719574132, 0.8923120514143827, 0.8943249002033383, 0.897063569039876, 0.8985596659323852], 'train_mae': [0.1905, 0.16145277777777778, 0.15192083333333334, 0.14459444444444444, 0.13981944444444444, 0.13744166666666666, 0.13474166666666668, 0.1332, 0.13246944444444445, 0.13016944444444445, 0.1292611111111111, 0.12515694444444445, 0.12242777777777777, 0.12029305555555556, 0.1200625, 0.11719305555555555, 0.11803194444444444, 0.11646111111111111, 0.11349305555555556, 0.11295833333333333], 'val_loss': [3.0407300703149094, 4.040356674947237, 5.192288086205198, 5.810557377798515, 6.11229531421996, 6.350713884119402, 6.584150999638072, 6.641993640598498, 6.605818897381163, 6.629254015370419, 6.618616048578631, 6.458253524010641, 6.438026496987595, 6.331588199849714, 6.312388134839242, 6.23852052353976, 6.291040383723744, 6.228697320034629, 6.286972436570284, 6.335597524977567], 'val_accuracy': [0.5885964912280702, 0.6220394736842105, 0.6420833333333333, 0.6360526315789474, 0.6453289473684211, 0.6381140350877192, 0.6405263157894737, 0.646140350877193, 0.6398026315789473, 0.6410745614035088, 0.6411184210526315, 0.6458771929824562, 0.6456359649122807, 0.6542543859649123, 0.6458991228070176, 0.6524342105263158, 0.6475, 0.6495614035087719, 0.653157894736842, 0.6605043859649123], 'val_f1': [0.508944023186826, 0.5383916838508253, 0.555918722252679, 0.5513409353101685, 0.5584598349908432, 0.5529900746300455, 0.5550537709395557, 0.5590502757577805, 0.5547983930866525, 0.555812809046226, 0.5559644278200506, 0.5594396878651983, 0.5592451705164954, 0.5664765141609501, 0.5601225684469733, 0.564985062827644, 0.5615362544744376, 0.5634258298787933, 0.5663533176928807, 0.5725032752572107], 'val_mae': [0.722609649122807, 0.6601754385964913, 0.5989254385964913, 0.6275877192982456, 0.60625, 0.6302631578947369, 0.6200219298245614, 0.614561403508772, 0.625811403508772, 0.6245614035087719, 0.6241008771929826, 0.615328947368421, 0.6167324561403509, 0.5849342105263158, 0.6120833333333333, 0.6038377192982456, 0.6164254385964912, 0.6094517543859649, 0.5914035087719298, 0.5662061403508771], 'jsd': [(0, 0, 0, 0, 0, 0), (0, 0, 0, 0, 0, 0), (0, 0, 0, 0, 0, 0), (0, 0, 0, 0, 0, 0), (0, 0, 0, 0, 0, 0), (0, 0, 0, 0, 0, 0), (0, 0, 0, 0, 0, 0), (0, 0, 0, 0, 0, 0), (0, 0, 0, 0, 0, 0), (0, 0, 0, 0, 0, 0), (0, 0, 0, 0, 0, 0), (0, 0, 0, 0, 0, 0), (0, 0, 0, 0, 0, 0), (0, 0, 0, 0, 0, 0), (0, 0, 0, 0, 0, 0), (0, 0, 0, 0, 0, 0), (0, 0, 0, 0, 0, 0), (0, 0, 0, 0, 0, 0), (0, 0, 0, 0, 0, 0), (0, 0, 0, 0, 0, 0)]}}
AdaptationManager: Configuring next round...
{'client_registry': {'enabled': True, 'params': {}}, 'client_selector': {'enabled': False, 'params': {}}, 'client_cluster': {'enabled': False, 'params': {}}, 'message_compressor': {'enabled': True, 'params': {}}, 'model_co-versioning_registry': {'enabled': False, 'params': {}}, 'multi-task_model_trainer': {'enabled': False, 'params': {}}, 'heterogeneous_data_handler': {'enabled': False, 'params': {}}}
{'client_selector': {'enabled': False}, 'client_cluster': {'enabled': False}, 'message_compressor': {'enabled': True}, 'model_co-versioning_registry': {'enabled': False}, 'multi-task_model_trainer': {'enabled': False}, 'heterogeneous_data_handler': {'enabled': False}, 'client_registry': {'enabled': True, 'params': {}}}
0.0-iid clients, predicted wo:21.1615 vs w:18.4994, message_compressor activated ✅
