==========================================
  ___  ______  ___ ______       _ 
 / _ \ | ___ \/   ||  ___|     | |
/ /_\ \| |_/ / /| || |_ ___  __| |
|  _  ||  __/ /_| ||  _/ _ \/ _` |
| | | || |  \___  || ||  __/ (_| |
\_| |_/\_|      |_/\_| \___|\__,_| v.1.5.0

==========================================
Simulation Started!
List of the Architectural Patterns enabled:
Adaptation Enabled ✅
Random activation criterion
Client Registry ✅
Message Compressor ✅
==========================================
client Client 27 injecting delay of 0 seconds
Local parameters compressed: reduced 5306 bytes (7.19%)
client Client 24 injecting delay of 3 seconds
client Client 25 injecting delay of 10 seconds
client Client 26 injecting delay of 3 seconds
client Client 23 injecting delay of 10 seconds
client Client 28 injecting delay of 1 seconds
Local parameters compressed: reduced 5248 bytes (7.11%)
Local parameters compressed: reduced 5300 bytes (7.18%)
Local parameters compressed: reduced 5286 bytes (7.16%)
Local parameters compressed: reduced 5315 bytes (7.20%)
Local parameters compressed: reduced 5320 bytes (7.21%)
Results Aggregated in 37.29 seconds.
{'TextMLP': {'train_loss': [0.33857969388365744], 'train_accuracy': [0.8725972222222222], 'train_f1': [0.8100363394620497], 'train_mae': [0.19262083333333332], 'val_loss': [2.721756199284604], 'val_accuracy': [0.5888596491228071], 'val_f1': [0.5109077603900335], 'val_mae': [0.7402631578947368], 'jsd': [(0, 0, 0, 0, 0, 0)]}}
AdaptationManager: Configuring next round...
{'client_registry': {'enabled': True, 'params': {}}, 'client_selector': {'enabled': False, 'params': {}}, 'client_cluster': {'enabled': False, 'params': {}}, 'message_compressor': {'enabled': True, 'params': {}}, 'model_co-versioning_registry': {'enabled': False, 'params': {}}, 'multi-task_model_trainer': {'enabled': False, 'params': {}}, 'heterogeneous_data_handler': {'enabled': False, 'params': {}}}
{'client_selector': {'enabled': False}, 'client_cluster': {'enabled': False}, 'message_compressor': {'enabled': True}, 'model_co-versioning_registry': {'enabled': False}, 'multi-task_model_trainer': {'enabled': False}, 'heterogeneous_data_handler': {'enabled': False}, 'client_registry': {'enabled': True, 'params': {}}}
message_compressor de-activated ❌
client Client 24 injecting delay of 9 seconds
client Client 23 injecting delay of 3 seconds
client Client 27 injecting delay of 4 seconds
client Client 25 injecting delay of 5 seconds
client Client 26 injecting delay of 6 seconds
client Client 28 injecting delay of 9 seconds
Results Aggregated in 19.96 seconds.
{'TextMLP': {'train_loss': [0.33857969388365744, 0.2873271378391319], 'train_accuracy': [0.8725972222222222, 0.8919277777777778], 'train_f1': [0.8100363394620497, 0.8450814019047284], 'train_mae': [0.19262083333333332, 0.16585277777777777], 'val_loss': [2.721756199284604, 3.8884566403271856], 'val_accuracy': [0.5888596491228071, 0.6175877192982456], 'val_f1': [0.5109077603900335, 0.5365125473158958], 'val_mae': [0.7402631578947368, 0.6711184210526315], 'jsd': [(0, 0, 0, 0, 0, 0), (0.22129893392959865, 0.22129893392959865, 0.22129893392959865, 0.22129893392959865, 0.22129893392959865, 0.22129893392959865)]}}
AdaptationManager: Configuring next round...
{'client_registry': {'enabled': True, 'params': {}}, 'client_selector': {'enabled': False, 'params': {}}, 'client_cluster': {'enabled': False, 'params': {}}, 'message_compressor': {'enabled': True, 'params': {}}, 'model_co-versioning_registry': {'enabled': False, 'params': {}}, 'multi-task_model_trainer': {'enabled': False, 'params': {}}, 'heterogeneous_data_handler': {'enabled': False, 'params': {}}}
{'client_selector': {'enabled': False}, 'client_cluster': {'enabled': False}, 'message_compressor': {'enabled': False}, 'model_co-versioning_registry': {'enabled': False}, 'multi-task_model_trainer': {'enabled': False}, 'heterogeneous_data_handler': {'enabled': False}, 'client_registry': {'enabled': True, 'params': {}}}
message_compressor activated ✅
client Client 26 injecting delay of 1 seconds
client Client 25 injecting delay of 2 seconds
client Client 27 injecting delay of 4 seconds
client Client 24 injecting delay of 4 seconds
client Client 23 injecting delay of 10 seconds
client Client 28 injecting delay of 7 seconds
Local parameters compressed: reduced 5247 bytes (7.11%)
Local parameters compressed: reduced 5253 bytes (7.12%)
Local parameters compressed: reduced 5243 bytes (7.11%)
Local parameters compressed: reduced 5243 bytes (7.11%)
Local parameters compressed: reduced 5253 bytes (7.12%)
Local parameters compressed: reduced 5236 bytes (7.10%)
Results Aggregated in 19.57 seconds.
{'TextMLP': {'train_loss': [0.33857969388365744, 0.2873271378391319, 0.26572062855031753], 'train_accuracy': [0.8725972222222222, 0.8919277777777778, 0.8989930555555555], 'train_f1': [0.8100363394620497, 0.8450814019047284, 0.8557121789451143], 'train_mae': [0.19262083333333332, 0.16585277777777777, 0.15504444444444446], 'val_loss': [2.721756199284604, 3.8884566403271856, 5.19831780584235], 'val_accuracy': [0.5888596491228071, 0.6175877192982456, 0.6212938596491229], 'val_f1': [0.5109077603900335, 0.5365125473158958, 0.5397429543155728], 'val_mae': [0.7402631578947368, 0.6711184210526315, 0.665], 'jsd': [(0, 0, 0, 0, 0, 0), (0.22129893392959865, 0.22129893392959865, 0.22129893392959865, 0.22129893392959865, 0.22129893392959865, 0.22129893392959865), (0, 0, 0, 0, 0, 0)]}}
AdaptationManager: Configuring next round...
{'client_registry': {'enabled': True, 'params': {}}, 'client_selector': {'enabled': False, 'params': {}}, 'client_cluster': {'enabled': False, 'params': {}}, 'message_compressor': {'enabled': True, 'params': {}}, 'model_co-versioning_registry': {'enabled': False, 'params': {}}, 'multi-task_model_trainer': {'enabled': False, 'params': {}}, 'heterogeneous_data_handler': {'enabled': False, 'params': {}}}
{'client_selector': {'enabled': False}, 'client_cluster': {'enabled': False}, 'message_compressor': {'enabled': True, 'params': {'enabled_clients': ['Client 24', 'Client 25', 'Client 27']}}, 'model_co-versioning_registry': {'enabled': False}, 'multi-task_model_trainer': {'enabled': False}, 'heterogeneous_data_handler': {'enabled': False}, 'client_registry': {'enabled': True, 'params': {}}}
message_compressor de-activated ❌
client Client 24 injecting delay of 10 seconds
client Client 25 injecting delay of 10 seconds
client Client 23 injecting delay of 5 seconds
client Client 26 injecting delay of 0 seconds
client Client 27 injecting delay of 4 seconds
client Client 28 injecting delay of 3 seconds
Results Aggregated in 20.41 seconds.
{'TextMLP': {'train_loss': [0.33857969388365744, 0.2873271378391319, 0.26572062855031753, 0.2530974780698617], 'train_accuracy': [0.8725972222222222, 0.8919277777777778, 0.8989930555555555, 0.9045111111111112], 'train_f1': [0.8100363394620497, 0.8450814019047284, 0.8557121789451143, 0.8662251340892856], 'train_mae': [0.19262083333333332, 0.16585277777777777, 0.15504444444444446, 0.1468597222222222], 'val_loss': [2.721756199284604, 3.8884566403271856, 5.19831780584235, 5.509784309320282], 'val_accuracy': [0.5888596491228071, 0.6175877192982456, 0.6212938596491229, 0.6393201754385965], 'val_f1': [0.5109077603900335, 0.5365125473158958, 0.5397429543155728, 0.5544090470451825], 'val_mae': [0.7402631578947368, 0.6711184210526315, 0.665, 0.6184649122807018], 'jsd': [(0, 0, 0, 0, 0, 0), (0.22129893392959865, 0.22129893392959865, 0.22129893392959865, 0.22129893392959865, 0.22129893392959865, 0.22129893392959865), (0, 0, 0, 0, 0, 0), (0.22129893392959865, 0.22129893392959865, 0.22129893392959865, 0.22129893392959865, 0.22129893392959865, 0.22129893392959865)]}}
AdaptationManager: Configuring next round...
{'client_registry': {'enabled': True, 'params': {}}, 'client_selector': {'enabled': False, 'params': {}}, 'client_cluster': {'enabled': False, 'params': {}}, 'message_compressor': {'enabled': True, 'params': {}}, 'model_co-versioning_registry': {'enabled': False, 'params': {}}, 'multi-task_model_trainer': {'enabled': False, 'params': {}}, 'heterogeneous_data_handler': {'enabled': False, 'params': {}}}
{'client_selector': {'enabled': False}, 'client_cluster': {'enabled': False}, 'message_compressor': {'enabled': False, 'params': {'enabled_clients': ['Client 24', 'Client 25', 'Client 27']}}, 'model_co-versioning_registry': {'enabled': False}, 'multi-task_model_trainer': {'enabled': False}, 'heterogeneous_data_handler': {'enabled': False}, 'client_registry': {'enabled': True, 'params': {}}}
message_compressor activated ✅
client Client 24 injecting delay of 0 seconds
Local parameters compressed: reduced 5214 bytes (7.07%)
client Client 25 injecting delay of 5 seconds
client Client 27 injecting delay of 10 seconds
client Client 26 injecting delay of 6 seconds
client Client 28 injecting delay of 6 seconds
client Client 23 injecting delay of 1 seconds
Local parameters compressed: reduced 5212 bytes (7.06%)
Local parameters compressed: reduced 5208 bytes (7.06%)
Local parameters compressed: reduced 5209 bytes (7.06%)
Local parameters compressed: reduced 5207 bytes (7.06%)
Local parameters compressed: reduced 5226 bytes (7.08%)
Results Aggregated in 19.79 seconds.
{'TextMLP': {'train_loss': [0.33857969388365744, 0.2873271378391319, 0.26572062855031753, 0.2530974780698617, 0.2489107075654798], 'train_accuracy': [0.8725972222222222, 0.8919277777777778, 0.8989930555555555, 0.9045111111111112, 0.9060597222222222], 'train_f1': [0.8100363394620497, 0.8450814019047284, 0.8557121789451143, 0.8662251340892856, 0.8698557683720276], 'train_mae': [0.19262083333333332, 0.16585277777777777, 0.15504444444444446, 0.1468597222222222, 0.14448333333333332], 'val_loss': [2.721756199284604, 3.8884566403271856, 5.19831780584235, 5.509784309320282, 5.5018898696230165], 'val_accuracy': [0.5888596491228071, 0.6175877192982456, 0.6212938596491229, 0.6393201754385965, 0.6464254385964913], 'val_f1': [0.5109077603900335, 0.5365125473158958, 0.5397429543155728, 0.5544090470451825, 0.560404075051427], 'val_mae': [0.7402631578947368, 0.6711184210526315, 0.665, 0.6184649122807018, 0.5938157894736842], 'jsd': [(0, 0, 0, 0, 0, 0), (0.22129893392959865, 0.22129893392959865, 0.22129893392959865, 0.22129893392959865, 0.22129893392959865, 0.22129893392959865), (0, 0, 0, 0, 0, 0), (0.22129893392959865, 0.22129893392959865, 0.22129893392959865, 0.22129893392959865, 0.22129893392959865, 0.22129893392959865), (0, 0, 0, 0, 0, 0)]}}
AdaptationManager: Configuring next round...
{'client_registry': {'enabled': True, 'params': {}}, 'client_selector': {'enabled': False, 'params': {}}, 'client_cluster': {'enabled': False, 'params': {}}, 'message_compressor': {'enabled': True, 'params': {}}, 'model_co-versioning_registry': {'enabled': False, 'params': {}}, 'multi-task_model_trainer': {'enabled': False, 'params': {}}, 'heterogeneous_data_handler': {'enabled': False, 'params': {}}}
{'client_selector': {'enabled': False}, 'client_cluster': {'enabled': False}, 'message_compressor': {'enabled': True, 'params': {'enabled_clients': ['Client 28']}}, 'model_co-versioning_registry': {'enabled': False}, 'multi-task_model_trainer': {'enabled': False}, 'heterogeneous_data_handler': {'enabled': False}, 'client_registry': {'enabled': True, 'params': {}}}
message_compressor de-activated ❌
client Client 25 injecting delay of 3 seconds
client Client 27 injecting delay of 10 seconds
client Client 23 injecting delay of 8 seconds
client Client 24 injecting delay of 4 seconds
client Client 26 injecting delay of 2 seconds
client Client 28 injecting delay of 3 seconds
Results Aggregated in 20.78 seconds.
{'TextMLP': {'train_loss': [0.33857969388365744, 0.2873271378391319, 0.26572062855031753, 0.2530974780698617, 0.2489107075654798, 0.24271940063370598], 'train_accuracy': [0.8725972222222222, 0.8919277777777778, 0.8989930555555555, 0.9045111111111112, 0.9060597222222222, 0.9080680555555556], 'train_f1': [0.8100363394620497, 0.8450814019047284, 0.8557121789451143, 0.8662251340892856, 0.8698557683720276, 0.8716359125314128], 'train_mae': [0.19262083333333332, 0.16585277777777777, 0.15504444444444446, 0.1468597222222222, 0.14448333333333332, 0.14104444444444444], 'val_loss': [2.721756199284604, 3.8884566403271856, 5.19831780584235, 5.509784309320282, 5.5018898696230165, 5.45619028258742], 'val_accuracy': [0.5888596491228071, 0.6175877192982456, 0.6212938596491229, 0.6393201754385965, 0.6464254385964913, 0.6436184210526316], 'val_f1': [0.5109077603900335, 0.5365125473158958, 0.5397429543155728, 0.5544090470451825, 0.560404075051427, 0.556991851412691], 'val_mae': [0.7402631578947368, 0.6711184210526315, 0.665, 0.6184649122807018, 0.5938157894736842, 0.6233991228070175], 'jsd': [(0, 0, 0, 0, 0, 0), (0.22129893392959865, 0.22129893392959865, 0.22129893392959865, 0.22129893392959865, 0.22129893392959865, 0.22129893392959865), (0, 0, 0, 0, 0, 0), (0.22129893392959865, 0.22129893392959865, 0.22129893392959865, 0.22129893392959865, 0.22129893392959865, 0.22129893392959865), (0, 0, 0, 0, 0, 0), (0.22129893392959865, 0.22129893392959865, 0.22129893392959865, 0.22129893392959865, 0.22129893392959865, 0.22129893392959865)]}}
AdaptationManager: Configuring next round...
{'client_registry': {'enabled': True, 'params': {}}, 'client_selector': {'enabled': False, 'params': {}}, 'client_cluster': {'enabled': False, 'params': {}}, 'message_compressor': {'enabled': True, 'params': {}}, 'model_co-versioning_registry': {'enabled': False, 'params': {}}, 'multi-task_model_trainer': {'enabled': False, 'params': {}}, 'heterogeneous_data_handler': {'enabled': False, 'params': {}}}
{'client_selector': {'enabled': False}, 'client_cluster': {'enabled': False}, 'message_compressor': {'enabled': False, 'params': {'enabled_clients': ['Client 28']}}, 'model_co-versioning_registry': {'enabled': False}, 'multi-task_model_trainer': {'enabled': False}, 'heterogeneous_data_handler': {'enabled': False}, 'client_registry': {'enabled': True, 'params': {}}}
message_compressor activated ✅
client Client 24 injecting delay of 3 seconds
client Client 26 injecting delay of 3 seconds
client Client 23 injecting delay of 1 seconds
client Client 27 injecting delay of 0 seconds
Local parameters compressed: reduced 5208 bytes (7.06%)
client Client 28 injecting delay of 1 seconds
Local parameters compressed: reduced 5213 bytes (7.06%)
client Client 25 injecting delay of 8 seconds
Local parameters compressed: reduced 5192 bytes (7.04%)
Local parameters compressed: reduced 5206 bytes (7.06%)
Local parameters compressed: reduced 5199 bytes (7.05%)
Local parameters compressed: reduced 5185 bytes (7.03%)
Results Aggregated in 18.71 seconds.
{'TextMLP': {'train_loss': [0.33857969388365744, 0.2873271378391319, 0.26572062855031753, 0.2530974780698617, 0.2489107075654798, 0.24271940063370598, 0.24251811313231786], 'train_accuracy': [0.8725972222222222, 0.8919277777777778, 0.8989930555555555, 0.9045111111111112, 0.9060597222222222, 0.9080680555555556, 0.9082541666666667], 'train_f1': [0.8100363394620497, 0.8450814019047284, 0.8557121789451143, 0.8662251340892856, 0.8698557683720276, 0.8716359125314128, 0.8740221661518761], 'train_mae': [0.19262083333333332, 0.16585277777777777, 0.15504444444444446, 0.1468597222222222, 0.14448333333333332, 0.14104444444444444, 0.14178888888888888], 'val_loss': [2.721756199284604, 3.8884566403271856, 5.19831780584235, 5.509784309320282, 5.5018898696230165, 5.45619028258742, 5.568856182098389], 'val_accuracy': [0.5888596491228071, 0.6175877192982456, 0.6212938596491229, 0.6393201754385965, 0.6464254385964913, 0.6436184210526316, 0.6517105263157895], 'val_f1': [0.5109077603900335, 0.5365125473158958, 0.5397429543155728, 0.5544090470451825, 0.560404075051427, 0.556991851412691, 0.5647750759932822], 'val_mae': [0.7402631578947368, 0.6711184210526315, 0.665, 0.6184649122807018, 0.5938157894736842, 0.6233991228070175, 0.5742763157894736], 'jsd': [(0, 0, 0, 0, 0, 0), (0.22129893392959865, 0.22129893392959865, 0.22129893392959865, 0.22129893392959865, 0.22129893392959865, 0.22129893392959865), (0, 0, 0, 0, 0, 0), (0.22129893392959865, 0.22129893392959865, 0.22129893392959865, 0.22129893392959865, 0.22129893392959865, 0.22129893392959865), (0, 0, 0, 0, 0, 0), (0.22129893392959865, 0.22129893392959865, 0.22129893392959865, 0.22129893392959865, 0.22129893392959865, 0.22129893392959865), (0, 0, 0, 0, 0, 0)]}}
AdaptationManager: Configuring next round...
{'client_registry': {'enabled': True, 'params': {}}, 'client_selector': {'enabled': False, 'params': {}}, 'client_cluster': {'enabled': False, 'params': {}}, 'message_compressor': {'enabled': True, 'params': {}}, 'model_co-versioning_registry': {'enabled': False, 'params': {}}, 'multi-task_model_trainer': {'enabled': False, 'params': {}}, 'heterogeneous_data_handler': {'enabled': False, 'params': {}}}
{'client_selector': {'enabled': False}, 'client_cluster': {'enabled': False}, 'message_compressor': {'enabled': True, 'params': {'enabled_clients': []}}, 'model_co-versioning_registry': {'enabled': False}, 'multi-task_model_trainer': {'enabled': False}, 'heterogeneous_data_handler': {'enabled': False}, 'client_registry': {'enabled': True, 'params': {}}}
message_compressor activated ✅
client Client 25 injecting delay of 10 seconds
client Client 23 injecting delay of 9 seconds
client Client 26 injecting delay of 6 seconds
client Client 27 injecting delay of 7 seconds
client Client 24 injecting delay of 7 seconds
client Client 28 injecting delay of 10 seconds
Local parameters compressed: reduced 5171 bytes (7.01%)
Local parameters compressed: reduced 5206 bytes (7.06%)
Local parameters compressed: reduced 5190 bytes (7.03%)
Local parameters compressed: reduced 5187 bytes (7.03%)
Local parameters compressed: reduced 5176 bytes (7.01%)
Local parameters compressed: reduced 5173 bytes (7.01%)
Results Aggregated in 20.00 seconds.
{'TextMLP': {'train_loss': [0.33857969388365744, 0.2873271378391319, 0.26572062855031753, 0.2530974780698617, 0.2489107075654798, 0.24271940063370598, 0.24251811313231786, 0.23711370741460058], 'train_accuracy': [0.8725972222222222, 0.8919277777777778, 0.8989930555555555, 0.9045111111111112, 0.9060597222222222, 0.9080680555555556, 0.9082541666666667, 0.9106833333333333], 'train_f1': [0.8100363394620497, 0.8450814019047284, 0.8557121789451143, 0.8662251340892856, 0.8698557683720276, 0.8716359125314128, 0.8740221661518761, 0.8752344031164727], 'train_mae': [0.19262083333333332, 0.16585277777777777, 0.15504444444444446, 0.1468597222222222, 0.14448333333333332, 0.14104444444444444, 0.14178888888888888, 0.13773333333333335], 'val_loss': [2.721756199284604, 3.8884566403271856, 5.19831780584235, 5.509784309320282, 5.5018898696230165, 5.45619028258742, 5.568856182098389, 5.769462796261436], 'val_accuracy': [0.5888596491228071, 0.6175877192982456, 0.6212938596491229, 0.6393201754385965, 0.6464254385964913, 0.6436184210526316, 0.6517105263157895, 0.6426535087719297], 'val_f1': [0.5109077603900335, 0.5365125473158958, 0.5397429543155728, 0.5544090470451825, 0.560404075051427, 0.556991851412691, 0.5647750759932822, 0.55722351802345], 'val_mae': [0.7402631578947368, 0.6711184210526315, 0.665, 0.6184649122807018, 0.5938157894736842, 0.6233991228070175, 0.5742763157894736, 0.6158771929824561], 'jsd': [(0, 0, 0, 0, 0, 0), (0.22129893392959865, 0.22129893392959865, 0.22129893392959865, 0.22129893392959865, 0.22129893392959865, 0.22129893392959865), (0, 0, 0, 0, 0, 0), (0.22129893392959865, 0.22129893392959865, 0.22129893392959865, 0.22129893392959865, 0.22129893392959865, 0.22129893392959865), (0, 0, 0, 0, 0, 0), (0.22129893392959865, 0.22129893392959865, 0.22129893392959865, 0.22129893392959865, 0.22129893392959865, 0.22129893392959865), (0, 0, 0, 0, 0, 0), (0, 0, 0, 0, 0, 0)]}}
AdaptationManager: Configuring next round...
{'client_registry': {'enabled': True, 'params': {}}, 'client_selector': {'enabled': False, 'params': {}}, 'client_cluster': {'enabled': False, 'params': {}}, 'message_compressor': {'enabled': True, 'params': {}}, 'model_co-versioning_registry': {'enabled': False, 'params': {}}, 'multi-task_model_trainer': {'enabled': False, 'params': {}}, 'heterogeneous_data_handler': {'enabled': False, 'params': {}}}
{'client_selector': {'enabled': False}, 'client_cluster': {'enabled': False}, 'message_compressor': {'enabled': True, 'params': {'enabled_clients': ['Client 24', 'Client 26', 'Client 27']}}, 'model_co-versioning_registry': {'enabled': False}, 'multi-task_model_trainer': {'enabled': False}, 'heterogeneous_data_handler': {'enabled': False}, 'client_registry': {'enabled': True, 'params': {}}}
message_compressor activated ✅
client Client 27 injecting delay of 10 seconds
client Client 24 injecting delay of 6 seconds
client Client 23 injecting delay of 4 seconds
client Client 25 injecting delay of 3 seconds
client Client 28 injecting delay of 9 seconds
client Client 26 injecting delay of 1 seconds
Local parameters compressed: reduced 5205 bytes (7.05%)
Local parameters compressed: reduced 5202 bytes (7.05%)
Local parameters compressed: reduced 5180 bytes (7.02%)
Local parameters compressed: reduced 5177 bytes (7.02%)
Local parameters compressed: reduced 5175 bytes (7.01%)
Local parameters compressed: reduced 5186 bytes (7.03%)
Results Aggregated in 19.34 seconds.
{'TextMLP': {'train_loss': [0.33857969388365744, 0.2873271378391319, 0.26572062855031753, 0.2530974780698617, 0.2489107075654798, 0.24271940063370598, 0.24251811313231786, 0.23711370741460058, 0.233392283596264], 'train_accuracy': [0.8725972222222222, 0.8919277777777778, 0.8989930555555555, 0.9045111111111112, 0.9060597222222222, 0.9080680555555556, 0.9082541666666667, 0.9106833333333333, 0.9121555555555556], 'train_f1': [0.8100363394620497, 0.8450814019047284, 0.8557121789451143, 0.8662251340892856, 0.8698557683720276, 0.8716359125314128, 0.8740221661518761, 0.8752344031164727, 0.8776981830864079], 'train_mae': [0.19262083333333332, 0.16585277777777777, 0.15504444444444446, 0.1468597222222222, 0.14448333333333332, 0.14104444444444444, 0.14178888888888888, 0.13773333333333335, 0.13504027777777777], 'val_loss': [2.721756199284604, 3.8884566403271856, 5.19831780584235, 5.509784309320282, 5.5018898696230165, 5.45619028258742, 5.568856182098389, 5.769462796261436, 5.7863537348362435], 'val_accuracy': [0.5888596491228071, 0.6175877192982456, 0.6212938596491229, 0.6393201754385965, 0.6464254385964913, 0.6436184210526316, 0.6517105263157895, 0.6426535087719297, 0.6456359649122807], 'val_f1': [0.5109077603900335, 0.5365125473158958, 0.5397429543155728, 0.5544090470451825, 0.560404075051427, 0.556991851412691, 0.5647750759932822, 0.55722351802345, 0.5595975253952157], 'val_mae': [0.7402631578947368, 0.6711184210526315, 0.665, 0.6184649122807018, 0.5938157894736842, 0.6233991228070175, 0.5742763157894736, 0.6158771929824561, 0.6044517543859649], 'jsd': [(0, 0, 0, 0, 0, 0), (0.22129893392959865, 0.22129893392959865, 0.22129893392959865, 0.22129893392959865, 0.22129893392959865, 0.22129893392959865), (0, 0, 0, 0, 0, 0), (0.22129893392959865, 0.22129893392959865, 0.22129893392959865, 0.22129893392959865, 0.22129893392959865, 0.22129893392959865), (0, 0, 0, 0, 0, 0), (0.22129893392959865, 0.22129893392959865, 0.22129893392959865, 0.22129893392959865, 0.22129893392959865, 0.22129893392959865), (0, 0, 0, 0, 0, 0), (0, 0, 0, 0, 0, 0), (0, 0, 0, 0, 0, 0)]}}
AdaptationManager: Configuring next round...
{'client_registry': {'enabled': True, 'params': {}}, 'client_selector': {'enabled': False, 'params': {}}, 'client_cluster': {'enabled': False, 'params': {}}, 'message_compressor': {'enabled': True, 'params': {}}, 'model_co-versioning_registry': {'enabled': False, 'params': {}}, 'multi-task_model_trainer': {'enabled': False, 'params': {}}, 'heterogeneous_data_handler': {'enabled': False, 'params': {}}}
{'client_selector': {'enabled': False}, 'client_cluster': {'enabled': False}, 'message_compressor': {'enabled': True, 'params': {'enabled_clients': ['Client 25', 'Client 27', 'Client 28']}}, 'model_co-versioning_registry': {'enabled': False}, 'multi-task_model_trainer': {'enabled': False}, 'heterogeneous_data_handler': {'enabled': False}, 'client_registry': {'enabled': True, 'params': {}}}
message_compressor activated ✅
client Client 23 injecting delay of 8 seconds
client Client 24 injecting delay of 0 seconds
Local parameters compressed: reduced 5154 bytes (6.98%)
client Client 25 injecting delay of 7 seconds
client Client 26 injecting delay of 10 seconds
client Client 28 injecting delay of 7 seconds
client Client 27 injecting delay of 5 seconds
Local parameters compressed: reduced 5167 bytes (7.00%)
Local parameters compressed: reduced 5158 bytes (6.99%)
Local parameters compressed: reduced 5159 bytes (6.99%)
Local parameters compressed: reduced 5166 bytes (7.00%)
Local parameters compressed: reduced 5168 bytes (7.00%)
Results Aggregated in 19.58 seconds.
{'TextMLP': {'train_loss': [0.33857969388365744, 0.2873271378391319, 0.26572062855031753, 0.2530974780698617, 0.2489107075654798, 0.24271940063370598, 0.24251811313231786, 0.23711370741460058, 0.233392283596264, 0.23293612706561884], 'train_accuracy': [0.8725972222222222, 0.8919277777777778, 0.8989930555555555, 0.9045111111111112, 0.9060597222222222, 0.9080680555555556, 0.9082541666666667, 0.9106833333333333, 0.9121555555555556, 0.9125569444444445], 'train_f1': [0.8100363394620497, 0.8450814019047284, 0.8557121789451143, 0.8662251340892856, 0.8698557683720276, 0.8716359125314128, 0.8740221661518761, 0.8752344031164727, 0.8776981830864079, 0.8774140686765762], 'train_mae': [0.19262083333333332, 0.16585277777777777, 0.15504444444444446, 0.1468597222222222, 0.14448333333333332, 0.14104444444444444, 0.14178888888888888, 0.13773333333333335, 0.13504027777777777, 0.13521111111111112], 'val_loss': [2.721756199284604, 3.8884566403271856, 5.19831780584235, 5.509784309320282, 5.5018898696230165, 5.45619028258742, 5.568856182098389, 5.769462796261436, 5.7863537348362435, 5.991016586203323], 'val_accuracy': [0.5888596491228071, 0.6175877192982456, 0.6212938596491229, 0.6393201754385965, 0.6464254385964913, 0.6436184210526316, 0.6517105263157895, 0.6426535087719297, 0.6456359649122807, 0.641140350877193], 'val_f1': [0.5109077603900335, 0.5365125473158958, 0.5397429543155728, 0.5544090470451825, 0.560404075051427, 0.556991851412691, 0.5647750759932822, 0.55722351802345, 0.5595975253952157, 0.5562773693595534], 'val_mae': [0.7402631578947368, 0.6711184210526315, 0.665, 0.6184649122807018, 0.5938157894736842, 0.6233991228070175, 0.5742763157894736, 0.6158771929824561, 0.6044517543859649, 0.6185964912280701], 'jsd': [(0, 0, 0, 0, 0, 0), (0.22129893392959865, 0.22129893392959865, 0.22129893392959865, 0.22129893392959865, 0.22129893392959865, 0.22129893392959865), (0, 0, 0, 0, 0, 0), (0.22129893392959865, 0.22129893392959865, 0.22129893392959865, 0.22129893392959865, 0.22129893392959865, 0.22129893392959865), (0, 0, 0, 0, 0, 0), (0.22129893392959865, 0.22129893392959865, 0.22129893392959865, 0.22129893392959865, 0.22129893392959865, 0.22129893392959865), (0, 0, 0, 0, 0, 0), (0, 0, 0, 0, 0, 0), (0, 0, 0, 0, 0, 0), (0, 0, 0, 0, 0, 0)]}}
AdaptationManager: Configuring next round...
{'client_registry': {'enabled': True, 'params': {}}, 'client_selector': {'enabled': False, 'params': {}}, 'client_cluster': {'enabled': False, 'params': {}}, 'message_compressor': {'enabled': True, 'params': {}}, 'model_co-versioning_registry': {'enabled': False, 'params': {}}, 'multi-task_model_trainer': {'enabled': False, 'params': {}}, 'heterogeneous_data_handler': {'enabled': False, 'params': {}}}
{'client_selector': {'enabled': False}, 'client_cluster': {'enabled': False}, 'message_compressor': {'enabled': True, 'params': {'enabled_clients': ['Client 24', 'Client 25', 'Client 28']}}, 'model_co-versioning_registry': {'enabled': False}, 'multi-task_model_trainer': {'enabled': False}, 'heterogeneous_data_handler': {'enabled': False}, 'client_registry': {'enabled': True, 'params': {}}}
message_compressor activated ✅
client Client 23 injecting delay of 2 seconds
client Client 25 injecting delay of 10 seconds
client Client 24 injecting delay of 9 seconds
client Client 27 injecting delay of 2 seconds
client Client 28 injecting delay of 7 seconds
client Client 26 injecting delay of 1 seconds
Local parameters compressed: reduced 5178 bytes (7.02%)
Local parameters compressed: reduced 5130 bytes (6.95%)
Local parameters compressed: reduced 5157 bytes (6.99%)
Local parameters compressed: reduced 5161 bytes (6.99%)
Local parameters compressed: reduced 5158 bytes (6.99%)
Local parameters compressed: reduced 5177 bytes (7.02%)
Results Aggregated in 19.44 seconds.
{'TextMLP': {'train_loss': [0.33857969388365744, 0.2873271378391319, 0.26572062855031753, 0.2530974780698617, 0.2489107075654798, 0.24271940063370598, 0.24251811313231786, 0.23711370741460058, 0.233392283596264, 0.23293612706561884, 0.23236675760083728], 'train_accuracy': [0.8725972222222222, 0.8919277777777778, 0.8989930555555555, 0.9045111111111112, 0.9060597222222222, 0.9080680555555556, 0.9082541666666667, 0.9106833333333333, 0.9121555555555556, 0.9125569444444445, 0.9127916666666667], 'train_f1': [0.8100363394620497, 0.8450814019047284, 0.8557121789451143, 0.8662251340892856, 0.8698557683720276, 0.8716359125314128, 0.8740221661518761, 0.8752344031164727, 0.8776981830864079, 0.8774140686765762, 0.8768877592363276], 'train_mae': [0.19262083333333332, 0.16585277777777777, 0.15504444444444446, 0.1468597222222222, 0.14448333333333332, 0.14104444444444444, 0.14178888888888888, 0.13773333333333335, 0.13504027777777777, 0.13521111111111112, 0.13519027777777778], 'val_loss': [2.721756199284604, 3.8884566403271856, 5.19831780584235, 5.509784309320282, 5.5018898696230165, 5.45619028258742, 5.568856182098389, 5.769462796261436, 5.7863537348362435, 5.991016586203323, 6.087877300496687], 'val_accuracy': [0.5888596491228071, 0.6175877192982456, 0.6212938596491229, 0.6393201754385965, 0.6464254385964913, 0.6436184210526316, 0.6517105263157895, 0.6426535087719297, 0.6456359649122807, 0.641140350877193, 0.6352631578947369], 'val_f1': [0.5109077603900335, 0.5365125473158958, 0.5397429543155728, 0.5544090470451825, 0.560404075051427, 0.556991851412691, 0.5647750759932822, 0.55722351802345, 0.5595975253952157, 0.5562773693595534, 0.5520792640185627], 'val_mae': [0.7402631578947368, 0.6711184210526315, 0.665, 0.6184649122807018, 0.5938157894736842, 0.6233991228070175, 0.5742763157894736, 0.6158771929824561, 0.6044517543859649, 0.6185964912280701, 0.6399342105263158], 'jsd': [(0, 0, 0, 0, 0, 0), (0.22129893392959865, 0.22129893392959865, 0.22129893392959865, 0.22129893392959865, 0.22129893392959865, 0.22129893392959865), (0, 0, 0, 0, 0, 0), (0.22129893392959865, 0.22129893392959865, 0.22129893392959865, 0.22129893392959865, 0.22129893392959865, 0.22129893392959865), (0, 0, 0, 0, 0, 0), (0.22129893392959865, 0.22129893392959865, 0.22129893392959865, 0.22129893392959865, 0.22129893392959865, 0.22129893392959865), (0, 0, 0, 0, 0, 0), (0, 0, 0, 0, 0, 0), (0, 0, 0, 0, 0, 0), (0, 0, 0, 0, 0, 0), (0, 0, 0, 0, 0, 0)]}}
AdaptationManager: Configuring next round...
{'client_registry': {'enabled': True, 'params': {}}, 'client_selector': {'enabled': False, 'params': {}}, 'client_cluster': {'enabled': False, 'params': {}}, 'message_compressor': {'enabled': True, 'params': {}}, 'model_co-versioning_registry': {'enabled': False, 'params': {}}, 'multi-task_model_trainer': {'enabled': False, 'params': {}}, 'heterogeneous_data_handler': {'enabled': False, 'params': {}}}
{'client_selector': {'enabled': False}, 'client_cluster': {'enabled': False}, 'message_compressor': {'enabled': True, 'params': {'enabled_clients': ['Client 23', 'Client 24']}}, 'model_co-versioning_registry': {'enabled': False}, 'multi-task_model_trainer': {'enabled': False}, 'heterogeneous_data_handler': {'enabled': False}, 'client_registry': {'enabled': True, 'params': {}}}
message_compressor activated ✅
client Client 23 injecting delay of 3 seconds
client Client 24 injecting delay of 7 seconds
client Client 26 injecting delay of 8 seconds
client Client 27 injecting delay of 4 seconds
client Client 25 injecting delay of 5 seconds
client Client 28 injecting delay of 1 seconds
Local parameters compressed: reduced 5166 bytes (7.00%)
Local parameters compressed: reduced 5141 bytes (6.97%)
Local parameters compressed: reduced 5124 bytes (6.94%)
Local parameters compressed: reduced 5134 bytes (6.96%)
Local parameters compressed: reduced 5120 bytes (6.94%)
Local parameters compressed: reduced 5125 bytes (6.95%)
Results Aggregated in 17.44 seconds.
{'TextMLP': {'train_loss': [0.33857969388365744, 0.2873271378391319, 0.26572062855031753, 0.2530974780698617, 0.2489107075654798, 0.24271940063370598, 0.24251811313231786, 0.23711370741460058, 0.233392283596264, 0.23293612706561884, 0.23236675760083728, 0.22944994077682496], 'train_accuracy': [0.8725972222222222, 0.8919277777777778, 0.8989930555555555, 0.9045111111111112, 0.9060597222222222, 0.9080680555555556, 0.9082541666666667, 0.9106833333333333, 0.9121555555555556, 0.9125569444444445, 0.9127916666666667, 0.9144819444444444], 'train_f1': [0.8100363394620497, 0.8450814019047284, 0.8557121789451143, 0.8662251340892856, 0.8698557683720276, 0.8716359125314128, 0.8740221661518761, 0.8752344031164727, 0.8776981830864079, 0.8774140686765762, 0.8768877592363276, 0.8786151954692198], 'train_mae': [0.19262083333333332, 0.16585277777777777, 0.15504444444444446, 0.1468597222222222, 0.14448333333333332, 0.14104444444444444, 0.14178888888888888, 0.13773333333333335, 0.13504027777777777, 0.13521111111111112, 0.13519027777777778, 0.13198194444444444], 'val_loss': [2.721756199284604, 3.8884566403271856, 5.19831780584235, 5.509784309320282, 5.5018898696230165, 5.45619028258742, 5.568856182098389, 5.769462796261436, 5.7863537348362435, 5.991016586203323, 6.087877300496687, 5.944695542486091], 'val_accuracy': [0.5888596491228071, 0.6175877192982456, 0.6212938596491229, 0.6393201754385965, 0.6464254385964913, 0.6436184210526316, 0.6517105263157895, 0.6426535087719297, 0.6456359649122807, 0.641140350877193, 0.6352631578947369, 0.6362938596491228], 'val_f1': [0.5109077603900335, 0.5365125473158958, 0.5397429543155728, 0.5544090470451825, 0.560404075051427, 0.556991851412691, 0.5647750759932822, 0.55722351802345, 0.5595975253952157, 0.5562773693595534, 0.5520792640185627, 0.5521857785366434], 'val_mae': [0.7402631578947368, 0.6711184210526315, 0.665, 0.6184649122807018, 0.5938157894736842, 0.6233991228070175, 0.5742763157894736, 0.6158771929824561, 0.6044517543859649, 0.6185964912280701, 0.6399342105263158, 0.6396052631578948], 'jsd': [(0, 0, 0, 0, 0, 0), (0.22129893392959865, 0.22129893392959865, 0.22129893392959865, 0.22129893392959865, 0.22129893392959865, 0.22129893392959865), (0, 0, 0, 0, 0, 0), (0.22129893392959865, 0.22129893392959865, 0.22129893392959865, 0.22129893392959865, 0.22129893392959865, 0.22129893392959865), (0, 0, 0, 0, 0, 0), (0.22129893392959865, 0.22129893392959865, 0.22129893392959865, 0.22129893392959865, 0.22129893392959865, 0.22129893392959865), (0, 0, 0, 0, 0, 0), (0, 0, 0, 0, 0, 0), (0, 0, 0, 0, 0, 0), (0, 0, 0, 0, 0, 0), (0, 0, 0, 0, 0, 0), (0, 0, 0, 0, 0, 0)]}}
AdaptationManager: Configuring next round...
{'client_registry': {'enabled': True, 'params': {}}, 'client_selector': {'enabled': False, 'params': {}}, 'client_cluster': {'enabled': False, 'params': {}}, 'message_compressor': {'enabled': True, 'params': {}}, 'model_co-versioning_registry': {'enabled': False, 'params': {}}, 'multi-task_model_trainer': {'enabled': False, 'params': {}}, 'heterogeneous_data_handler': {'enabled': False, 'params': {}}}
{'client_selector': {'enabled': False}, 'client_cluster': {'enabled': False}, 'message_compressor': {'enabled': True, 'params': {'enabled_clients': ['Client 23', 'Client 24', 'Client 26']}}, 'model_co-versioning_registry': {'enabled': False}, 'multi-task_model_trainer': {'enabled': False}, 'heterogeneous_data_handler': {'enabled': False}, 'client_registry': {'enabled': True, 'params': {}}}
message_compressor de-activated ❌
client Client 24 injecting delay of 8 seconds
client Client 23 injecting delay of 8 seconds
client Client 27 injecting delay of 6 seconds
client Client 25 injecting delay of 2 seconds
client Client 28 injecting delay of 1 seconds
client Client 26 injecting delay of 2 seconds
Results Aggregated in 18.92 seconds.
{'TextMLP': {'train_loss': [0.33857969388365744, 0.2873271378391319, 0.26572062855031753, 0.2530974780698617, 0.2489107075654798, 0.24271940063370598, 0.24251811313231786, 0.23711370741460058, 0.233392283596264, 0.23293612706561884, 0.23236675760083728, 0.22944994077682496, 0.22716850698822075], 'train_accuracy': [0.8725972222222222, 0.8919277777777778, 0.8989930555555555, 0.9045111111111112, 0.9060597222222222, 0.9080680555555556, 0.9082541666666667, 0.9106833333333333, 0.9121555555555556, 0.9125569444444445, 0.9127916666666667, 0.9144819444444444, 0.9154611111111111], 'train_f1': [0.8100363394620497, 0.8450814019047284, 0.8557121789451143, 0.8662251340892856, 0.8698557683720276, 0.8716359125314128, 0.8740221661518761, 0.8752344031164727, 0.8776981830864079, 0.8774140686765762, 0.8768877592363276, 0.8786151954692198, 0.8816626007762332], 'train_mae': [0.19262083333333332, 0.16585277777777777, 0.15504444444444446, 0.1468597222222222, 0.14448333333333332, 0.14104444444444444, 0.14178888888888888, 0.13773333333333335, 0.13504027777777777, 0.13521111111111112, 0.13519027777777778, 0.13198194444444444, 0.13064861111111112], 'val_loss': [2.721756199284604, 3.8884566403271856, 5.19831780584235, 5.509784309320282, 5.5018898696230165, 5.45619028258742, 5.568856182098389, 5.769462796261436, 5.7863537348362435, 5.991016586203323, 6.087877300496687, 5.944695542486091, 5.935413708937795], 'val_accuracy': [0.5888596491228071, 0.6175877192982456, 0.6212938596491229, 0.6393201754385965, 0.6464254385964913, 0.6436184210526316, 0.6517105263157895, 0.6426535087719297, 0.6456359649122807, 0.641140350877193, 0.6352631578947369, 0.6362938596491228, 0.6468859649122808], 'val_f1': [0.5109077603900335, 0.5365125473158958, 0.5397429543155728, 0.5544090470451825, 0.560404075051427, 0.556991851412691, 0.5647750759932822, 0.55722351802345, 0.5595975253952157, 0.5562773693595534, 0.5520792640185627, 0.5521857785366434, 0.560503112820056], 'val_mae': [0.7402631578947368, 0.6711184210526315, 0.665, 0.6184649122807018, 0.5938157894736842, 0.6233991228070175, 0.5742763157894736, 0.6158771929824561, 0.6044517543859649, 0.6185964912280701, 0.6399342105263158, 0.6396052631578948, 0.6110964912280702], 'jsd': [(0, 0, 0, 0, 0, 0), (0.22129893392959865, 0.22129893392959865, 0.22129893392959865, 0.22129893392959865, 0.22129893392959865, 0.22129893392959865), (0, 0, 0, 0, 0, 0), (0.22129893392959865, 0.22129893392959865, 0.22129893392959865, 0.22129893392959865, 0.22129893392959865, 0.22129893392959865), (0, 0, 0, 0, 0, 0), (0.22129893392959865, 0.22129893392959865, 0.22129893392959865, 0.22129893392959865, 0.22129893392959865, 0.22129893392959865), (0, 0, 0, 0, 0, 0), (0, 0, 0, 0, 0, 0), (0, 0, 0, 0, 0, 0), (0, 0, 0, 0, 0, 0), (0, 0, 0, 0, 0, 0), (0, 0, 0, 0, 0, 0), (0.22129893392959865, 0.22129893392959865, 0.22129893392959865, 0.22129893392959865, 0.22129893392959865, 0.22129893392959865)]}}
AdaptationManager: Configuring next round...
{'client_registry': {'enabled': True, 'params': {}}, 'client_selector': {'enabled': False, 'params': {}}, 'client_cluster': {'enabled': False, 'params': {}}, 'message_compressor': {'enabled': True, 'params': {}}, 'model_co-versioning_registry': {'enabled': False, 'params': {}}, 'multi-task_model_trainer': {'enabled': False, 'params': {}}, 'heterogeneous_data_handler': {'enabled': False, 'params': {}}}
{'client_selector': {'enabled': False}, 'client_cluster': {'enabled': False}, 'message_compressor': {'enabled': False, 'params': {'enabled_clients': ['Client 23', 'Client 24', 'Client 26']}}, 'model_co-versioning_registry': {'enabled': False}, 'multi-task_model_trainer': {'enabled': False}, 'heterogeneous_data_handler': {'enabled': False}, 'client_registry': {'enabled': True, 'params': {}}}
message_compressor activated ✅
client Client 23 injecting delay of 9 seconds
client Client 26 injecting delay of 10 seconds
client Client 27 injecting delay of 4 seconds
client Client 25 injecting delay of 10 seconds
client Client 24 injecting delay of 7 seconds
client Client 28 injecting delay of 10 seconds
Local parameters compressed: reduced 5147 bytes (6.98%)
Local parameters compressed: reduced 5126 bytes (6.95%)
Local parameters compressed: reduced 5156 bytes (6.99%)
Local parameters compressed: reduced 5111 bytes (6.93%)
Local parameters compressed: reduced 5145 bytes (6.97%)
Local parameters compressed: reduced 5138 bytes (6.96%)
Results Aggregated in 20.03 seconds.
{'TextMLP': {'train_loss': [0.33857969388365744, 0.2873271378391319, 0.26572062855031753, 0.2530974780698617, 0.2489107075654798, 0.24271940063370598, 0.24251811313231786, 0.23711370741460058, 0.233392283596264, 0.23293612706561884, 0.23236675760083728, 0.22944994077682496, 0.22716850698822075, 0.22438419602347745], 'train_accuracy': [0.8725972222222222, 0.8919277777777778, 0.8989930555555555, 0.9045111111111112, 0.9060597222222222, 0.9080680555555556, 0.9082541666666667, 0.9106833333333333, 0.9121555555555556, 0.9125569444444445, 0.9127916666666667, 0.9144819444444444, 0.9154611111111111, 0.9166152777777777], 'train_f1': [0.8100363394620497, 0.8450814019047284, 0.8557121789451143, 0.8662251340892856, 0.8698557683720276, 0.8716359125314128, 0.8740221661518761, 0.8752344031164727, 0.8776981830864079, 0.8774140686765762, 0.8768877592363276, 0.8786151954692198, 0.8816626007762332, 0.8845570964775221], 'train_mae': [0.19262083333333332, 0.16585277777777777, 0.15504444444444446, 0.1468597222222222, 0.14448333333333332, 0.14104444444444444, 0.14178888888888888, 0.13773333333333335, 0.13504027777777777, 0.13521111111111112, 0.13519027777777778, 0.13198194444444444, 0.13064861111111112, 0.12886111111111112], 'val_loss': [2.721756199284604, 3.8884566403271856, 5.19831780584235, 5.509784309320282, 5.5018898696230165, 5.45619028258742, 5.568856182098389, 5.769462796261436, 5.7863537348362435, 5.991016586203323, 6.087877300496687, 5.944695542486091, 5.935413708937795, 6.00521285726313], 'val_accuracy': [0.5888596491228071, 0.6175877192982456, 0.6212938596491229, 0.6393201754385965, 0.6464254385964913, 0.6436184210526316, 0.6517105263157895, 0.6426535087719297, 0.6456359649122807, 0.641140350877193, 0.6352631578947369, 0.6362938596491228, 0.6468859649122808, 0.6544956140350877], 'val_f1': [0.5109077603900335, 0.5365125473158958, 0.5397429543155728, 0.5544090470451825, 0.560404075051427, 0.556991851412691, 0.5647750759932822, 0.55722351802345, 0.5595975253952157, 0.5562773693595534, 0.5520792640185627, 0.5521857785366434, 0.560503112820056, 0.566784065163976], 'val_mae': [0.7402631578947368, 0.6711184210526315, 0.665, 0.6184649122807018, 0.5938157894736842, 0.6233991228070175, 0.5742763157894736, 0.6158771929824561, 0.6044517543859649, 0.6185964912280701, 0.6399342105263158, 0.6396052631578948, 0.6110964912280702, 0.5804385964912281], 'jsd': [(0, 0, 0, 0, 0, 0), (0.22129893392959865, 0.22129893392959865, 0.22129893392959865, 0.22129893392959865, 0.22129893392959865, 0.22129893392959865), (0, 0, 0, 0, 0, 0), (0.22129893392959865, 0.22129893392959865, 0.22129893392959865, 0.22129893392959865, 0.22129893392959865, 0.22129893392959865), (0, 0, 0, 0, 0, 0), (0.22129893392959865, 0.22129893392959865, 0.22129893392959865, 0.22129893392959865, 0.22129893392959865, 0.22129893392959865), (0, 0, 0, 0, 0, 0), (0, 0, 0, 0, 0, 0), (0, 0, 0, 0, 0, 0), (0, 0, 0, 0, 0, 0), (0, 0, 0, 0, 0, 0), (0, 0, 0, 0, 0, 0), (0.22129893392959865, 0.22129893392959865, 0.22129893392959865, 0.22129893392959865, 0.22129893392959865, 0.22129893392959865), (0, 0, 0, 0, 0, 0)]}}
AdaptationManager: Configuring next round...
{'client_registry': {'enabled': True, 'params': {}}, 'client_selector': {'enabled': False, 'params': {}}, 'client_cluster': {'enabled': False, 'params': {}}, 'message_compressor': {'enabled': True, 'params': {}}, 'model_co-versioning_registry': {'enabled': False, 'params': {}}, 'multi-task_model_trainer': {'enabled': False, 'params': {}}, 'heterogeneous_data_handler': {'enabled': False, 'params': {}}}
{'client_selector': {'enabled': False}, 'client_cluster': {'enabled': False}, 'message_compressor': {'enabled': True, 'params': {'enabled_clients': ['Client 23', 'Client 24', 'Client 26', 'Client 28']}}, 'model_co-versioning_registry': {'enabled': False}, 'multi-task_model_trainer': {'enabled': False}, 'heterogeneous_data_handler': {'enabled': False}, 'client_registry': {'enabled': True, 'params': {}}}
message_compressor de-activated ❌
client Client 23 injecting delay of 5 seconds
client Client 27 injecting delay of 7 seconds
client Client 24 injecting delay of 6 seconds
client Client 25 injecting delay of 4 seconds
client Client 26 injecting delay of 7 seconds
client Client 28 injecting delay of 1 seconds
Results Aggregated in 17.57 seconds.
{'TextMLP': {'train_loss': [0.33857969388365744, 0.2873271378391319, 0.26572062855031753, 0.2530974780698617, 0.2489107075654798, 0.24271940063370598, 0.24251811313231786, 0.23711370741460058, 0.233392283596264, 0.23293612706561884, 0.23236675760083728, 0.22944994077682496, 0.22716850698822075, 0.22438419602347745, 0.22123467233379682], 'train_accuracy': [0.8725972222222222, 0.8919277777777778, 0.8989930555555555, 0.9045111111111112, 0.9060597222222222, 0.9080680555555556, 0.9082541666666667, 0.9106833333333333, 0.9121555555555556, 0.9125569444444445, 0.9127916666666667, 0.9144819444444444, 0.9154611111111111, 0.9166152777777777, 0.9180986111111111], 'train_f1': [0.8100363394620497, 0.8450814019047284, 0.8557121789451143, 0.8662251340892856, 0.8698557683720276, 0.8716359125314128, 0.8740221661518761, 0.8752344031164727, 0.8776981830864079, 0.8774140686765762, 0.8768877592363276, 0.8786151954692198, 0.8816626007762332, 0.8845570964775221, 0.8850867940222173], 'train_mae': [0.19262083333333332, 0.16585277777777777, 0.15504444444444446, 0.1468597222222222, 0.14448333333333332, 0.14104444444444444, 0.14178888888888888, 0.13773333333333335, 0.13504027777777777, 0.13521111111111112, 0.13519027777777778, 0.13198194444444444, 0.13064861111111112, 0.12886111111111112, 0.12727777777777777], 'val_loss': [2.721756199284604, 3.8884566403271856, 5.19831780584235, 5.509784309320282, 5.5018898696230165, 5.45619028258742, 5.568856182098389, 5.769462796261436, 5.7863537348362435, 5.991016586203323, 6.087877300496687, 5.944695542486091, 5.935413708937795, 6.00521285726313, 6.005237737120243], 'val_accuracy': [0.5888596491228071, 0.6175877192982456, 0.6212938596491229, 0.6393201754385965, 0.6464254385964913, 0.6436184210526316, 0.6517105263157895, 0.6426535087719297, 0.6456359649122807, 0.641140350877193, 0.6352631578947369, 0.6362938596491228, 0.6468859649122808, 0.6544956140350877, 0.6443640350877193], 'val_f1': [0.5109077603900335, 0.5365125473158958, 0.5397429543155728, 0.5544090470451825, 0.560404075051427, 0.556991851412691, 0.5647750759932822, 0.55722351802345, 0.5595975253952157, 0.5562773693595534, 0.5520792640185627, 0.5521857785366434, 0.560503112820056, 0.566784065163976, 0.5590565847888047], 'val_mae': [0.7402631578947368, 0.6711184210526315, 0.665, 0.6184649122807018, 0.5938157894736842, 0.6233991228070175, 0.5742763157894736, 0.6158771929824561, 0.6044517543859649, 0.6185964912280701, 0.6399342105263158, 0.6396052631578948, 0.6110964912280702, 0.5804385964912281, 0.6116228070175439], 'jsd': [(0, 0, 0, 0, 0, 0), (0.22129893392959865, 0.22129893392959865, 0.22129893392959865, 0.22129893392959865, 0.22129893392959865, 0.22129893392959865), (0, 0, 0, 0, 0, 0), (0.22129893392959865, 0.22129893392959865, 0.22129893392959865, 0.22129893392959865, 0.22129893392959865, 0.22129893392959865), (0, 0, 0, 0, 0, 0), (0.22129893392959865, 0.22129893392959865, 0.22129893392959865, 0.22129893392959865, 0.22129893392959865, 0.22129893392959865), (0, 0, 0, 0, 0, 0), (0, 0, 0, 0, 0, 0), (0, 0, 0, 0, 0, 0), (0, 0, 0, 0, 0, 0), (0, 0, 0, 0, 0, 0), (0, 0, 0, 0, 0, 0), (0.22129893392959865, 0.22129893392959865, 0.22129893392959865, 0.22129893392959865, 0.22129893392959865, 0.22129893392959865), (0, 0, 0, 0, 0, 0), (0.22129893392959865, 0.22129893392959865, 0.22129893392959865, 0.22129893392959865, 0.22129893392959865, 0.22129893392959865)]}}
AdaptationManager: Configuring next round...
{'client_registry': {'enabled': True, 'params': {}}, 'client_selector': {'enabled': False, 'params': {}}, 'client_cluster': {'enabled': False, 'params': {}}, 'message_compressor': {'enabled': True, 'params': {}}, 'model_co-versioning_registry': {'enabled': False, 'params': {}}, 'multi-task_model_trainer': {'enabled': False, 'params': {}}, 'heterogeneous_data_handler': {'enabled': False, 'params': {}}}
{'client_selector': {'enabled': False}, 'client_cluster': {'enabled': False}, 'message_compressor': {'enabled': False, 'params': {'enabled_clients': ['Client 23', 'Client 24', 'Client 26', 'Client 28']}}, 'model_co-versioning_registry': {'enabled': False}, 'multi-task_model_trainer': {'enabled': False}, 'heterogeneous_data_handler': {'enabled': False}, 'client_registry': {'enabled': True, 'params': {}}}
message_compressor activated ✅
client Client 23 injecting delay of 10 seconds
client Client 24 injecting delay of 0 seconds
Local parameters compressed: reduced 5126 bytes (6.95%)
client Client 27 injecting delay of 6 seconds
client Client 28 injecting delay of 3 seconds
client Client 26 injecting delay of 6 seconds
client Client 25 injecting delay of 10 seconds
Local parameters compressed: reduced 5134 bytes (6.96%)
Local parameters compressed: reduced 5112 bytes (6.93%)
Local parameters compressed: reduced 5101 bytes (6.91%)
Local parameters compressed: reduced 5120 bytes (6.94%)
Local parameters compressed: reduced 5106 bytes (6.92%)
Results Aggregated in 20.41 seconds.
{'TextMLP': {'train_loss': [0.33857969388365744, 0.2873271378391319, 0.26572062855031753, 0.2530974780698617, 0.2489107075654798, 0.24271940063370598, 0.24251811313231786, 0.23711370741460058, 0.233392283596264, 0.23293612706561884, 0.23236675760083728, 0.22944994077682496, 0.22716850698822075, 0.22438419602347745, 0.22123467233379682, 0.2203454980860154], 'train_accuracy': [0.8725972222222222, 0.8919277777777778, 0.8989930555555555, 0.9045111111111112, 0.9060597222222222, 0.9080680555555556, 0.9082541666666667, 0.9106833333333333, 0.9121555555555556, 0.9125569444444445, 0.9127916666666667, 0.9144819444444444, 0.9154611111111111, 0.9166152777777777, 0.9180986111111111, 0.9187611111111111], 'train_f1': [0.8100363394620497, 0.8450814019047284, 0.8557121789451143, 0.8662251340892856, 0.8698557683720276, 0.8716359125314128, 0.8740221661518761, 0.8752344031164727, 0.8776981830864079, 0.8774140686765762, 0.8768877592363276, 0.8786151954692198, 0.8816626007762332, 0.8845570964775221, 0.8850867940222173, 0.8858989677312881], 'train_mae': [0.19262083333333332, 0.16585277777777777, 0.15504444444444446, 0.1468597222222222, 0.14448333333333332, 0.14104444444444444, 0.14178888888888888, 0.13773333333333335, 0.13504027777777777, 0.13521111111111112, 0.13519027777777778, 0.13198194444444444, 0.13064861111111112, 0.12886111111111112, 0.12727777777777777, 0.12561388888888889], 'val_loss': [2.721756199284604, 3.8884566403271856, 5.19831780584235, 5.509784309320282, 5.5018898696230165, 5.45619028258742, 5.568856182098389, 5.769462796261436, 5.7863537348362435, 5.991016586203323, 6.087877300496687, 5.944695542486091, 5.935413708937795, 6.00521285726313, 6.005237737120243, 6.080723623476531], 'val_accuracy': [0.5888596491228071, 0.6175877192982456, 0.6212938596491229, 0.6393201754385965, 0.6464254385964913, 0.6436184210526316, 0.6517105263157895, 0.6426535087719297, 0.6456359649122807, 0.641140350877193, 0.6352631578947369, 0.6362938596491228, 0.6468859649122808, 0.6544956140350877, 0.6443640350877193, 0.6475], 'val_f1': [0.5109077603900335, 0.5365125473158958, 0.5397429543155728, 0.5544090470451825, 0.560404075051427, 0.556991851412691, 0.5647750759932822, 0.55722351802345, 0.5595975253952157, 0.5562773693595534, 0.5520792640185627, 0.5521857785366434, 0.560503112820056, 0.566784065163976, 0.5590565847888047, 0.5614947276107154], 'val_mae': [0.7402631578947368, 0.6711184210526315, 0.665, 0.6184649122807018, 0.5938157894736842, 0.6233991228070175, 0.5742763157894736, 0.6158771929824561, 0.6044517543859649, 0.6185964912280701, 0.6399342105263158, 0.6396052631578948, 0.6110964912280702, 0.5804385964912281, 0.6116228070175439, 0.5933114035087719], 'jsd': [(0, 0, 0, 0, 0, 0), (0.22129893392959865, 0.22129893392959865, 0.22129893392959865, 0.22129893392959865, 0.22129893392959865, 0.22129893392959865), (0, 0, 0, 0, 0, 0), (0.22129893392959865, 0.22129893392959865, 0.22129893392959865, 0.22129893392959865, 0.22129893392959865, 0.22129893392959865), (0, 0, 0, 0, 0, 0), (0.22129893392959865, 0.22129893392959865, 0.22129893392959865, 0.22129893392959865, 0.22129893392959865, 0.22129893392959865), (0, 0, 0, 0, 0, 0), (0, 0, 0, 0, 0, 0), (0, 0, 0, 0, 0, 0), (0, 0, 0, 0, 0, 0), (0, 0, 0, 0, 0, 0), (0, 0, 0, 0, 0, 0), (0.22129893392959865, 0.22129893392959865, 0.22129893392959865, 0.22129893392959865, 0.22129893392959865, 0.22129893392959865), (0, 0, 0, 0, 0, 0), (0.22129893392959865, 0.22129893392959865, 0.22129893392959865, 0.22129893392959865, 0.22129893392959865, 0.22129893392959865), (0, 0, 0, 0, 0, 0)]}}
AdaptationManager: Configuring next round...
{'client_registry': {'enabled': True, 'params': {}}, 'client_selector': {'enabled': False, 'params': {}}, 'client_cluster': {'enabled': False, 'params': {}}, 'message_compressor': {'enabled': True, 'params': {}}, 'model_co-versioning_registry': {'enabled': False, 'params': {}}, 'multi-task_model_trainer': {'enabled': False, 'params': {}}, 'heterogeneous_data_handler': {'enabled': False, 'params': {}}}
{'client_selector': {'enabled': False}, 'client_cluster': {'enabled': False}, 'message_compressor': {'enabled': True, 'params': {'enabled_clients': ['Client 23', 'Client 28']}}, 'model_co-versioning_registry': {'enabled': False}, 'multi-task_model_trainer': {'enabled': False}, 'heterogeneous_data_handler': {'enabled': False}, 'client_registry': {'enabled': True, 'params': {}}}
message_compressor activated ✅
client Client 23 injecting delay of 7 seconds
client Client 27 injecting delay of 0 seconds
Local parameters compressed: reduced 5127 bytes (6.95%)
client Client 28 injecting delay of 7 seconds
client Client 25 injecting delay of 9 seconds
client Client 24 injecting delay of 0 seconds
Local parameters compressed: reduced 5105 bytes (6.92%)
client Client 26 injecting delay of 4 seconds
Local parameters compressed: reduced 5097 bytes (6.91%)
Local parameters compressed: reduced 5128 bytes (6.95%)
Local parameters compressed: reduced 5099 bytes (6.91%)
Local parameters compressed: reduced 5124 bytes (6.94%)
Results Aggregated in 18.56 seconds.
{'TextMLP': {'train_loss': [0.33857969388365744, 0.2873271378391319, 0.26572062855031753, 0.2530974780698617, 0.2489107075654798, 0.24271940063370598, 0.24251811313231786, 0.23711370741460058, 0.233392283596264, 0.23293612706561884, 0.23236675760083728, 0.22944994077682496, 0.22716850698822075, 0.22438419602347745, 0.22123467233379682, 0.2203454980860154, 0.214667067583402], 'train_accuracy': [0.8725972222222222, 0.8919277777777778, 0.8989930555555555, 0.9045111111111112, 0.9060597222222222, 0.9080680555555556, 0.9082541666666667, 0.9106833333333333, 0.9121555555555556, 0.9125569444444445, 0.9127916666666667, 0.9144819444444444, 0.9154611111111111, 0.9166152777777777, 0.9180986111111111, 0.9187611111111111, 0.9210166666666667], 'train_f1': [0.8100363394620497, 0.8450814019047284, 0.8557121789451143, 0.8662251340892856, 0.8698557683720276, 0.8716359125314128, 0.8740221661518761, 0.8752344031164727, 0.8776981830864079, 0.8774140686765762, 0.8768877592363276, 0.8786151954692198, 0.8816626007762332, 0.8845570964775221, 0.8850867940222173, 0.8858989677312881, 0.8893851783129623], 'train_mae': [0.19262083333333332, 0.16585277777777777, 0.15504444444444446, 0.1468597222222222, 0.14448333333333332, 0.14104444444444444, 0.14178888888888888, 0.13773333333333335, 0.13504027777777777, 0.13521111111111112, 0.13519027777777778, 0.13198194444444444, 0.13064861111111112, 0.12886111111111112, 0.12727777777777777, 0.12561388888888889, 0.12148888888888888], 'val_loss': [2.721756199284604, 3.8884566403271856, 5.19831780584235, 5.509784309320282, 5.5018898696230165, 5.45619028258742, 5.568856182098389, 5.769462796261436, 5.7863537348362435, 5.991016586203323, 6.087877300496687, 5.944695542486091, 5.935413708937795, 6.00521285726313, 6.005237737120243, 6.080723623476531, 5.900481631128411], 'val_accuracy': [0.5888596491228071, 0.6175877192982456, 0.6212938596491229, 0.6393201754385965, 0.6464254385964913, 0.6436184210526316, 0.6517105263157895, 0.6426535087719297, 0.6456359649122807, 0.641140350877193, 0.6352631578947369, 0.6362938596491228, 0.6468859649122808, 0.6544956140350877, 0.6443640350877193, 0.6475, 0.6541228070175439], 'val_f1': [0.5109077603900335, 0.5365125473158958, 0.5397429543155728, 0.5544090470451825, 0.560404075051427, 0.556991851412691, 0.5647750759932822, 0.55722351802345, 0.5595975253952157, 0.5562773693595534, 0.5520792640185627, 0.5521857785366434, 0.560503112820056, 0.566784065163976, 0.5590565847888047, 0.5614947276107154, 0.5660437577577272], 'val_mae': [0.7402631578947368, 0.6711184210526315, 0.665, 0.6184649122807018, 0.5938157894736842, 0.6233991228070175, 0.5742763157894736, 0.6158771929824561, 0.6044517543859649, 0.6185964912280701, 0.6399342105263158, 0.6396052631578948, 0.6110964912280702, 0.5804385964912281, 0.6116228070175439, 0.5933114035087719, 0.5925657894736842], 'jsd': [(0, 0, 0, 0, 0, 0), (0.22129893392959865, 0.22129893392959865, 0.22129893392959865, 0.22129893392959865, 0.22129893392959865, 0.22129893392959865), (0, 0, 0, 0, 0, 0), (0.22129893392959865, 0.22129893392959865, 0.22129893392959865, 0.22129893392959865, 0.22129893392959865, 0.22129893392959865), (0, 0, 0, 0, 0, 0), (0.22129893392959865, 0.22129893392959865, 0.22129893392959865, 0.22129893392959865, 0.22129893392959865, 0.22129893392959865), (0, 0, 0, 0, 0, 0), (0, 0, 0, 0, 0, 0), (0, 0, 0, 0, 0, 0), (0, 0, 0, 0, 0, 0), (0, 0, 0, 0, 0, 0), (0, 0, 0, 0, 0, 0), (0.22129893392959865, 0.22129893392959865, 0.22129893392959865, 0.22129893392959865, 0.22129893392959865, 0.22129893392959865), (0, 0, 0, 0, 0, 0), (0.22129893392959865, 0.22129893392959865, 0.22129893392959865, 0.22129893392959865, 0.22129893392959865, 0.22129893392959865), (0, 0, 0, 0, 0, 0), (0, 0, 0, 0, 0, 0)]}}
AdaptationManager: Configuring next round...
{'client_registry': {'enabled': True, 'params': {}}, 'client_selector': {'enabled': False, 'params': {}}, 'client_cluster': {'enabled': False, 'params': {}}, 'message_compressor': {'enabled': True, 'params': {}}, 'model_co-versioning_registry': {'enabled': False, 'params': {}}, 'multi-task_model_trainer': {'enabled': False, 'params': {}}, 'heterogeneous_data_handler': {'enabled': False, 'params': {}}}
{'client_selector': {'enabled': False}, 'client_cluster': {'enabled': False}, 'message_compressor': {'enabled': True, 'params': {'enabled_clients': ['Client 23', 'Client 24', 'Client 27', 'Client 28']}}, 'model_co-versioning_registry': {'enabled': False}, 'multi-task_model_trainer': {'enabled': False}, 'heterogeneous_data_handler': {'enabled': False}, 'client_registry': {'enabled': True, 'params': {}}}
message_compressor activated ✅
client Client 24 injecting delay of 8 seconds
client Client 27 injecting delay of 8 seconds
client Client 25 injecting delay of 3 seconds
client Client 28 injecting delay of 7 seconds
client Client 26 injecting delay of 7 seconds
client Client 23 injecting delay of 2 seconds
Local parameters compressed: reduced 5118 bytes (6.94%)
Local parameters compressed: reduced 5097 bytes (6.91%)
Local parameters compressed: reduced 5120 bytes (6.94%)
Local parameters compressed: reduced 5115 bytes (6.93%)
Local parameters compressed: reduced 5095 bytes (6.91%)
Local parameters compressed: reduced 5115 bytes (6.93%)
Results Aggregated in 17.44 seconds.
{'TextMLP': {'train_loss': [0.33857969388365744, 0.2873271378391319, 0.26572062855031753, 0.2530974780698617, 0.2489107075654798, 0.24271940063370598, 0.24251811313231786, 0.23711370741460058, 0.233392283596264, 0.23293612706561884, 0.23236675760083728, 0.22944994077682496, 0.22716850698822075, 0.22438419602347745, 0.22123467233379682, 0.2203454980860154, 0.214667067583402, 0.21426135118107], 'train_accuracy': [0.8725972222222222, 0.8919277777777778, 0.8989930555555555, 0.9045111111111112, 0.9060597222222222, 0.9080680555555556, 0.9082541666666667, 0.9106833333333333, 0.9121555555555556, 0.9125569444444445, 0.9127916666666667, 0.9144819444444444, 0.9154611111111111, 0.9166152777777777, 0.9180986111111111, 0.9187611111111111, 0.9210166666666667, 0.9210513888888889], 'train_f1': [0.8100363394620497, 0.8450814019047284, 0.8557121789451143, 0.8662251340892856, 0.8698557683720276, 0.8716359125314128, 0.8740221661518761, 0.8752344031164727, 0.8776981830864079, 0.8774140686765762, 0.8768877592363276, 0.8786151954692198, 0.8816626007762332, 0.8845570964775221, 0.8850867940222173, 0.8858989677312881, 0.8893851783129623, 0.8883809290989364], 'train_mae': [0.19262083333333332, 0.16585277777777777, 0.15504444444444446, 0.1468597222222222, 0.14448333333333332, 0.14104444444444444, 0.14178888888888888, 0.13773333333333335, 0.13504027777777777, 0.13521111111111112, 0.13519027777777778, 0.13198194444444444, 0.13064861111111112, 0.12886111111111112, 0.12727777777777777, 0.12561388888888889, 0.12148888888888888, 0.1217875], 'val_loss': [2.721756199284604, 3.8884566403271856, 5.19831780584235, 5.509784309320282, 5.5018898696230165, 5.45619028258742, 5.568856182098389, 5.769462796261436, 5.7863537348362435, 5.991016586203323, 6.087877300496687, 5.944695542486091, 5.935413708937795, 6.00521285726313, 6.005237737120243, 6.080723623476531, 5.900481631128411, 6.078487831918817], 'val_accuracy': [0.5888596491228071, 0.6175877192982456, 0.6212938596491229, 0.6393201754385965, 0.6464254385964913, 0.6436184210526316, 0.6517105263157895, 0.6426535087719297, 0.6456359649122807, 0.641140350877193, 0.6352631578947369, 0.6362938596491228, 0.6468859649122808, 0.6544956140350877, 0.6443640350877193, 0.6475, 0.6541228070175439, 0.6450219298245614], 'val_f1': [0.5109077603900335, 0.5365125473158958, 0.5397429543155728, 0.5544090470451825, 0.560404075051427, 0.556991851412691, 0.5647750759932822, 0.55722351802345, 0.5595975253952157, 0.5562773693595534, 0.5520792640185627, 0.5521857785366434, 0.560503112820056, 0.566784065163976, 0.5590565847888047, 0.5614947276107154, 0.5660437577577272, 0.5589324368537113], 'val_mae': [0.7402631578947368, 0.6711184210526315, 0.665, 0.6184649122807018, 0.5938157894736842, 0.6233991228070175, 0.5742763157894736, 0.6158771929824561, 0.6044517543859649, 0.6185964912280701, 0.6399342105263158, 0.6396052631578948, 0.6110964912280702, 0.5804385964912281, 0.6116228070175439, 0.5933114035087719, 0.5925657894736842, 0.6192324561403509], 'jsd': [(0, 0, 0, 0, 0, 0), (0.22129893392959865, 0.22129893392959865, 0.22129893392959865, 0.22129893392959865, 0.22129893392959865, 0.22129893392959865), (0, 0, 0, 0, 0, 0), (0.22129893392959865, 0.22129893392959865, 0.22129893392959865, 0.22129893392959865, 0.22129893392959865, 0.22129893392959865), (0, 0, 0, 0, 0, 0), (0.22129893392959865, 0.22129893392959865, 0.22129893392959865, 0.22129893392959865, 0.22129893392959865, 0.22129893392959865), (0, 0, 0, 0, 0, 0), (0, 0, 0, 0, 0, 0), (0, 0, 0, 0, 0, 0), (0, 0, 0, 0, 0, 0), (0, 0, 0, 0, 0, 0), (0, 0, 0, 0, 0, 0), (0.22129893392959865, 0.22129893392959865, 0.22129893392959865, 0.22129893392959865, 0.22129893392959865, 0.22129893392959865), (0, 0, 0, 0, 0, 0), (0.22129893392959865, 0.22129893392959865, 0.22129893392959865, 0.22129893392959865, 0.22129893392959865, 0.22129893392959865), (0, 0, 0, 0, 0, 0), (0, 0, 0, 0, 0, 0), (0, 0, 0, 0, 0, 0)]}}
AdaptationManager: Configuring next round...
{'client_registry': {'enabled': True, 'params': {}}, 'client_selector': {'enabled': False, 'params': {}}, 'client_cluster': {'enabled': False, 'params': {}}, 'message_compressor': {'enabled': True, 'params': {}}, 'model_co-versioning_registry': {'enabled': False, 'params': {}}, 'multi-task_model_trainer': {'enabled': False, 'params': {}}, 'heterogeneous_data_handler': {'enabled': False, 'params': {}}}
{'client_selector': {'enabled': False}, 'client_cluster': {'enabled': False}, 'message_compressor': {'enabled': True, 'params': {'enabled_clients': ['Client 27', 'Client 28']}}, 'model_co-versioning_registry': {'enabled': False}, 'multi-task_model_trainer': {'enabled': False}, 'heterogeneous_data_handler': {'enabled': False}, 'client_registry': {'enabled': True, 'params': {}}}
message_compressor activated ✅
client Client 24 injecting delay of 6 seconds
client Client 23 injecting delay of 7 seconds
client Client 27 injecting delay of 4 seconds
client Client 26 injecting delay of 8 seconds
client Client 25 injecting delay of 7 seconds
client Client 28 injecting delay of 5 seconds
Local parameters compressed: reduced 5117 bytes (6.93%)
Local parameters compressed: reduced 5096 bytes (6.91%)
Local parameters compressed: reduced 5157 bytes (6.99%)
Local parameters compressed: reduced 5082 bytes (6.89%)
Local parameters compressed: reduced 5114 bytes (6.93%)
Local parameters compressed: reduced 5073 bytes (6.88%)
Results Aggregated in 18.08 seconds.
{'TextMLP': {'train_loss': [0.33857969388365744, 0.2873271378391319, 0.26572062855031753, 0.2530974780698617, 0.2489107075654798, 0.24271940063370598, 0.24251811313231786, 0.23711370741460058, 0.233392283596264, 0.23293612706561884, 0.23236675760083728, 0.22944994077682496, 0.22716850698822075, 0.22438419602347745, 0.22123467233379682, 0.2203454980860154, 0.214667067583402, 0.21426135118107, 0.21103312600536478], 'train_accuracy': [0.8725972222222222, 0.8919277777777778, 0.8989930555555555, 0.9045111111111112, 0.9060597222222222, 0.9080680555555556, 0.9082541666666667, 0.9106833333333333, 0.9121555555555556, 0.9125569444444445, 0.9127916666666667, 0.9144819444444444, 0.9154611111111111, 0.9166152777777777, 0.9180986111111111, 0.9187611111111111, 0.9210166666666667, 0.9210513888888889, 0.9226388888888889], 'train_f1': [0.8100363394620497, 0.8450814019047284, 0.8557121789451143, 0.8662251340892856, 0.8698557683720276, 0.8716359125314128, 0.8740221661518761, 0.8752344031164727, 0.8776981830864079, 0.8774140686765762, 0.8768877592363276, 0.8786151954692198, 0.8816626007762332, 0.8845570964775221, 0.8850867940222173, 0.8858989677312881, 0.8893851783129623, 0.8883809290989364, 0.8914487732812246], 'train_mae': [0.19262083333333332, 0.16585277777777777, 0.15504444444444446, 0.1468597222222222, 0.14448333333333332, 0.14104444444444444, 0.14178888888888888, 0.13773333333333335, 0.13504027777777777, 0.13521111111111112, 0.13519027777777778, 0.13198194444444444, 0.13064861111111112, 0.12886111111111112, 0.12727777777777777, 0.12561388888888889, 0.12148888888888888, 0.1217875, 0.12012083333333333], 'val_loss': [2.721756199284604, 3.8884566403271856, 5.19831780584235, 5.509784309320282, 5.5018898696230165, 5.45619028258742, 5.568856182098389, 5.769462796261436, 5.7863537348362435, 5.991016586203323, 6.087877300496687, 5.944695542486091, 5.935413708937795, 6.00521285726313, 6.005237737120243, 6.080723623476531, 5.900481631128411, 6.078487831918817, 6.042862389882406], 'val_accuracy': [0.5888596491228071, 0.6175877192982456, 0.6212938596491229, 0.6393201754385965, 0.6464254385964913, 0.6436184210526316, 0.6517105263157895, 0.6426535087719297, 0.6456359649122807, 0.641140350877193, 0.6352631578947369, 0.6362938596491228, 0.6468859649122808, 0.6544956140350877, 0.6443640350877193, 0.6475, 0.6541228070175439, 0.6450219298245614, 0.6506798245614035], 'val_f1': [0.5109077603900335, 0.5365125473158958, 0.5397429543155728, 0.5544090470451825, 0.560404075051427, 0.556991851412691, 0.5647750759932822, 0.55722351802345, 0.5595975253952157, 0.5562773693595534, 0.5520792640185627, 0.5521857785366434, 0.560503112820056, 0.566784065163976, 0.5590565847888047, 0.5614947276107154, 0.5660437577577272, 0.5589324368537113, 0.563943854335997], 'val_mae': [0.7402631578947368, 0.6711184210526315, 0.665, 0.6184649122807018, 0.5938157894736842, 0.6233991228070175, 0.5742763157894736, 0.6158771929824561, 0.6044517543859649, 0.6185964912280701, 0.6399342105263158, 0.6396052631578948, 0.6110964912280702, 0.5804385964912281, 0.6116228070175439, 0.5933114035087719, 0.5925657894736842, 0.6192324561403509, 0.5987061403508772], 'jsd': [(0, 0, 0, 0, 0, 0), (0.22129893392959865, 0.22129893392959865, 0.22129893392959865, 0.22129893392959865, 0.22129893392959865, 0.22129893392959865), (0, 0, 0, 0, 0, 0), (0.22129893392959865, 0.22129893392959865, 0.22129893392959865, 0.22129893392959865, 0.22129893392959865, 0.22129893392959865), (0, 0, 0, 0, 0, 0), (0.22129893392959865, 0.22129893392959865, 0.22129893392959865, 0.22129893392959865, 0.22129893392959865, 0.22129893392959865), (0, 0, 0, 0, 0, 0), (0, 0, 0, 0, 0, 0), (0, 0, 0, 0, 0, 0), (0, 0, 0, 0, 0, 0), (0, 0, 0, 0, 0, 0), (0, 0, 0, 0, 0, 0), (0.22129893392959865, 0.22129893392959865, 0.22129893392959865, 0.22129893392959865, 0.22129893392959865, 0.22129893392959865), (0, 0, 0, 0, 0, 0), (0.22129893392959865, 0.22129893392959865, 0.22129893392959865, 0.22129893392959865, 0.22129893392959865, 0.22129893392959865), (0, 0, 0, 0, 0, 0), (0, 0, 0, 0, 0, 0), (0, 0, 0, 0, 0, 0), (0, 0, 0, 0, 0, 0)]}}
AdaptationManager: Configuring next round...
{'client_registry': {'enabled': True, 'params': {}}, 'client_selector': {'enabled': False, 'params': {}}, 'client_cluster': {'enabled': False, 'params': {}}, 'message_compressor': {'enabled': True, 'params': {}}, 'model_co-versioning_registry': {'enabled': False, 'params': {}}, 'multi-task_model_trainer': {'enabled': False, 'params': {}}, 'heterogeneous_data_handler': {'enabled': False, 'params': {}}}
{'client_selector': {'enabled': False}, 'client_cluster': {'enabled': False}, 'message_compressor': {'enabled': True, 'params': {'enabled_clients': ['Client 24', 'Client 27']}}, 'model_co-versioning_registry': {'enabled': False}, 'multi-task_model_trainer': {'enabled': False}, 'heterogeneous_data_handler': {'enabled': False}, 'client_registry': {'enabled': True, 'params': {}}}
message_compressor de-activated ❌
client Client 23 injecting delay of 4 seconds
client Client 27 injecting delay of 4 seconds
client Client 26 injecting delay of 4 seconds
client Client 28 injecting delay of 2 seconds
client Client 25 injecting delay of 9 seconds
client Client 24 injecting delay of 6 seconds
Results Aggregated in 19.86 seconds.
{'TextMLP': {'train_loss': [0.33857969388365744, 0.2873271378391319, 0.26572062855031753, 0.2530974780698617, 0.2489107075654798, 0.24271940063370598, 0.24251811313231786, 0.23711370741460058, 0.233392283596264, 0.23293612706561884, 0.23236675760083728, 0.22944994077682496, 0.22716850698822075, 0.22438419602347745, 0.22123467233379682, 0.2203454980860154, 0.214667067583402, 0.21426135118107, 0.21103312600536478, 0.20881712730361357], 'train_accuracy': [0.8725972222222222, 0.8919277777777778, 0.8989930555555555, 0.9045111111111112, 0.9060597222222222, 0.9080680555555556, 0.9082541666666667, 0.9106833333333333, 0.9121555555555556, 0.9125569444444445, 0.9127916666666667, 0.9144819444444444, 0.9154611111111111, 0.9166152777777777, 0.9180986111111111, 0.9187611111111111, 0.9210166666666667, 0.9210513888888889, 0.9226388888888889, 0.923], 'train_f1': [0.8100363394620497, 0.8450814019047284, 0.8557121789451143, 0.8662251340892856, 0.8698557683720276, 0.8716359125314128, 0.8740221661518761, 0.8752344031164727, 0.8776981830864079, 0.8774140686765762, 0.8768877592363276, 0.8786151954692198, 0.8816626007762332, 0.8845570964775221, 0.8850867940222173, 0.8858989677312881, 0.8893851783129623, 0.8883809290989364, 0.8914487732812246, 0.8917972814065208], 'train_mae': [0.19262083333333332, 0.16585277777777777, 0.15504444444444446, 0.1468597222222222, 0.14448333333333332, 0.14104444444444444, 0.14178888888888888, 0.13773333333333335, 0.13504027777777777, 0.13521111111111112, 0.13519027777777778, 0.13198194444444444, 0.13064861111111112, 0.12886111111111112, 0.12727777777777777, 0.12561388888888889, 0.12148888888888888, 0.1217875, 0.12012083333333333, 0.11912361111111111], 'val_loss': [2.721756199284604, 3.8884566403271856, 5.19831780584235, 5.509784309320282, 5.5018898696230165, 5.45619028258742, 5.568856182098389, 5.769462796261436, 5.7863537348362435, 5.991016586203323, 6.087877300496687, 5.944695542486091, 5.935413708937795, 6.00521285726313, 6.005237737120243, 6.080723623476531, 5.900481631128411, 6.078487831918817, 6.042862389882406, 6.168349927266439], 'val_accuracy': [0.5888596491228071, 0.6175877192982456, 0.6212938596491229, 0.6393201754385965, 0.6464254385964913, 0.6436184210526316, 0.6517105263157895, 0.6426535087719297, 0.6456359649122807, 0.641140350877193, 0.6352631578947369, 0.6362938596491228, 0.6468859649122808, 0.6544956140350877, 0.6443640350877193, 0.6475, 0.6541228070175439, 0.6450219298245614, 0.6506798245614035, 0.652390350877193], 'val_f1': [0.5109077603900335, 0.5365125473158958, 0.5397429543155728, 0.5544090470451825, 0.560404075051427, 0.556991851412691, 0.5647750759932822, 0.55722351802345, 0.5595975253952157, 0.5562773693595534, 0.5520792640185627, 0.5521857785366434, 0.560503112820056, 0.566784065163976, 0.5590565847888047, 0.5614947276107154, 0.5660437577577272, 0.5589324368537113, 0.563943854335997, 0.5650766400211945], 'val_mae': [0.7402631578947368, 0.6711184210526315, 0.665, 0.6184649122807018, 0.5938157894736842, 0.6233991228070175, 0.5742763157894736, 0.6158771929824561, 0.6044517543859649, 0.6185964912280701, 0.6399342105263158, 0.6396052631578948, 0.6110964912280702, 0.5804385964912281, 0.6116228070175439, 0.5933114035087719, 0.5925657894736842, 0.6192324561403509, 0.5987061403508772, 0.5956798245614036], 'jsd': [(0, 0, 0, 0, 0, 0), (0.22129893392959865, 0.22129893392959865, 0.22129893392959865, 0.22129893392959865, 0.22129893392959865, 0.22129893392959865), (0, 0, 0, 0, 0, 0), (0.22129893392959865, 0.22129893392959865, 0.22129893392959865, 0.22129893392959865, 0.22129893392959865, 0.22129893392959865), (0, 0, 0, 0, 0, 0), (0.22129893392959865, 0.22129893392959865, 0.22129893392959865, 0.22129893392959865, 0.22129893392959865, 0.22129893392959865), (0, 0, 0, 0, 0, 0), (0, 0, 0, 0, 0, 0), (0, 0, 0, 0, 0, 0), (0, 0, 0, 0, 0, 0), (0, 0, 0, 0, 0, 0), (0, 0, 0, 0, 0, 0), (0.22129893392959865, 0.22129893392959865, 0.22129893392959865, 0.22129893392959865, 0.22129893392959865, 0.22129893392959865), (0, 0, 0, 0, 0, 0), (0.22129893392959865, 0.22129893392959865, 0.22129893392959865, 0.22129893392959865, 0.22129893392959865, 0.22129893392959865), (0, 0, 0, 0, 0, 0), (0, 0, 0, 0, 0, 0), (0, 0, 0, 0, 0, 0), (0, 0, 0, 0, 0, 0), (0.22129893392959865, 0.22129893392959865, 0.22129893392959865, 0.22129893392959865, 0.22129893392959865, 0.22129893392959865)]}}
AdaptationManager: Configuring next round...
{'client_registry': {'enabled': True, 'params': {}}, 'client_selector': {'enabled': False, 'params': {}}, 'client_cluster': {'enabled': False, 'params': {}}, 'message_compressor': {'enabled': True, 'params': {}}, 'model_co-versioning_registry': {'enabled': False, 'params': {}}, 'multi-task_model_trainer': {'enabled': False, 'params': {}}, 'heterogeneous_data_handler': {'enabled': False, 'params': {}}}
{'client_selector': {'enabled': False}, 'client_cluster': {'enabled': False}, 'message_compressor': {'enabled': False, 'params': {'enabled_clients': ['Client 24', 'Client 27']}}, 'model_co-versioning_registry': {'enabled': False}, 'multi-task_model_trainer': {'enabled': False}, 'heterogeneous_data_handler': {'enabled': False}, 'client_registry': {'enabled': True, 'params': {}}}
message_compressor activated ✅
