==========================================
  ___  ______  ___ ______       _ 
 / _ \ | ___ \/   ||  ___|     | |
/ /_\ \| |_/ / /| || |_ ___  __| |
|  _  ||  __/ /_| ||  _/ _ \/ _` |
| | | || |  \___  || ||  __/ (_| |
\_| |_/\_|      |_/\_| \___|\__,_| v.1.5.0

==========================================
Simulation Started!
List of the Architectural Patterns enabled:
Adaptation Enabled ✅
Metric: val_f1,jsd, local predictor-based: predictors/f1overtime_tree_hdh-2_4830.pkl
Client Registry ✅
Heterogeneous Data Handler ✅
 AP Parameters: {'enabled_clients': []}
==========================================
Results Aggregated in 74.90 seconds.
{'CNN 64k': {'train_loss': [1.1963813460508983], 'train_accuracy': [0.5587333333333333], 'train_f1': [0.10459589852649102], 'train_mae': [1.5292666666666668], 'val_loss': [3.754851659329732], 'val_accuracy': [0.10363333333333333], 'val_f1': [0.025962414535976513], 'val_mae': [3.3226166666666668], 'jsd': [(0.4367678799248543, 0.3726022013920672, 0.33012616749838786, 0.27832897646817445, 0.42879967571932587, 0.4165868265650775)]}}
AdaptationManager: Configuring next round...
{'client_registry': {'enabled': True, 'params': {}}, 'client_selector': {'enabled': False, 'params': {}}, 'client_cluster': {'enabled': False, 'params': {}}, 'message_compressor': {'enabled': False, 'params': {}}, 'model_co-versioning_registry': {'enabled': False, 'params': {}}, 'multi-task_model_trainer': {'enabled': False, 'params': {}}, 'heterogeneous_data_handler': {'enabled': True, 'params': {'enabled_clients': []}}}
{'client_selector': {'enabled': False}, 'client_cluster': {'enabled': False}, 'message_compressor': {'enabled': False}, 'model_co-versioning_registry': {'enabled': False}, 'multi-task_model_trainer': {'enabled': False}, 'heterogeneous_data_handler': {'enabled': True}, 'client_registry': {'enabled': True, 'params': {}}}
client 23, predicted wo:0.0862 vs w:0.0862
client 24, predicted wo:0.0862 vs w:0.0862
client 25, predicted wo:0.0862 vs w:0.0862
client 26, predicted wo:0.0862 vs w:0.0862
client 27, predicted wo:0.0862 vs w:0.0862
client 28, predicted wo:0.0862 vs w:0.0862
heterogeneous_data_handler de-activated ❌
Results Aggregated in 78.30 seconds.
{'CNN 64k': {'train_loss': [1.1963813460508983, 1.1716517499685288], 'train_accuracy': [0.5587333333333333, 0.5831333333333333], 'train_f1': [0.10459589852649102, 0.1688727652196103], 'train_mae': [1.5292666666666668, 1.5676666666666668], 'val_loss': [3.754851659329732, 3.409484854253133], 'val_accuracy': [0.10363333333333333, 0.16668333333333332], 'val_f1': [0.025962414535976513, 0.07289910262655315], 'val_mae': [3.3226166666666668, 3.0212], 'jsd': [(0.4367678799248543, 0.3726022013920672, 0.33012616749838786, 0.27832897646817445, 0.42879967571932587, 0.4165868265650775), (0.25758589062412296, 0.2007612501305263, 0.3779751113065423, 0.25694310586134084, 0.33898009694108633, 0.40309431905105153)]}}
AdaptationManager: Configuring next round...
{'client_registry': {'enabled': True, 'params': {}}, 'client_selector': {'enabled': False, 'params': {}}, 'client_cluster': {'enabled': False, 'params': {}}, 'message_compressor': {'enabled': False, 'params': {}}, 'model_co-versioning_registry': {'enabled': False, 'params': {}}, 'multi-task_model_trainer': {'enabled': False, 'params': {}}, 'heterogeneous_data_handler': {'enabled': True, 'params': {'enabled_clients': []}}}
{'client_selector': {'enabled': False}, 'client_cluster': {'enabled': False}, 'message_compressor': {'enabled': False}, 'model_co-versioning_registry': {'enabled': False}, 'multi-task_model_trainer': {'enabled': False}, 'heterogeneous_data_handler': {'enabled': False}, 'client_registry': {'enabled': True, 'params': {}}}
client 23, predicted wo:0.0862 vs w:0.0862
client 24, predicted wo:0.0862 vs w:0.0862
client 25, predicted wo:0.0862 vs w:0.0862
client 26, predicted wo:0.0862 vs w:0.0862
client 27, predicted wo:0.0862 vs w:0.0862
client 28, predicted wo:0.0862 vs w:0.0862
heterogeneous_data_handler de-activated ❌
Results Aggregated in 80.88 seconds.
{'CNN 64k': {'train_loss': [1.1963813460508983, 1.1716517499685288, 1.324132943227556], 'train_accuracy': [0.5587333333333333, 0.5831333333333333, 0.524], 'train_f1': [0.10459589852649102, 0.1688727652196103, 0.21512794089346723], 'train_mae': [1.5292666666666668, 1.5676666666666668, 1.6995111111111112], 'val_loss': [3.754851659329732, 3.409484854253133, 2.834369234085083], 'val_accuracy': [0.10363333333333333, 0.16668333333333332, 0.21241666666666667], 'val_f1': [0.025962414535976513, 0.07289910262655315, 0.12613733341560673], 'val_mae': [3.3226166666666668, 3.0212, 2.83015], 'jsd': [(0.4367678799248543, 0.3726022013920672, 0.33012616749838786, 0.27832897646817445, 0.42879967571932587, 0.4165868265650775), (0.25758589062412296, 0.2007612501305263, 0.3779751113065423, 0.25694310586134084, 0.33898009694108633, 0.40309431905105153), (0.2088491145144762, 0.21268383692546436, 0.31395665504198866, 0.1948814578847809, 0.17875551282640975, 0.20995376660632126)]}}
AdaptationManager: Configuring next round...
{'client_registry': {'enabled': True, 'params': {}}, 'client_selector': {'enabled': False, 'params': {}}, 'client_cluster': {'enabled': False, 'params': {}}, 'message_compressor': {'enabled': False, 'params': {}}, 'model_co-versioning_registry': {'enabled': False, 'params': {}}, 'multi-task_model_trainer': {'enabled': False, 'params': {}}, 'heterogeneous_data_handler': {'enabled': True, 'params': {'enabled_clients': []}}}
{'client_selector': {'enabled': False}, 'client_cluster': {'enabled': False}, 'message_compressor': {'enabled': False}, 'model_co-versioning_registry': {'enabled': False}, 'multi-task_model_trainer': {'enabled': False}, 'heterogeneous_data_handler': {'enabled': False}, 'client_registry': {'enabled': True, 'params': {}}}
client 23, predicted wo:0.0862 vs w:0.0862
client 24, predicted wo:0.0862 vs w:0.0862
client 25, predicted wo:0.0862 vs w:0.0862
client 26, predicted wo:0.0862 vs w:0.0862
client 27, predicted wo:0.0862 vs w:0.0862
client 28, predicted wo:0.0862 vs w:0.0862
heterogeneous_data_handler de-activated ❌
Results Aggregated in 88.97 seconds.
{'CNN 64k': {'train_loss': [1.1963813460508983, 1.1716517499685288, 1.324132943227556, 1.1373086799780527], 'train_accuracy': [0.5587333333333333, 0.5831333333333333, 0.524, 0.5987833333333333], 'train_f1': [0.10459589852649102, 0.1688727652196103, 0.21512794089346723, 0.2859359390935643], 'train_mae': [1.5292666666666668, 1.5676666666666668, 1.6995111111111112, 1.5302666666666667], 'val_loss': [3.754851659329732, 3.409484854253133, 2.834369234085083, 2.6584742732365925], 'val_accuracy': [0.10363333333333333, 0.16668333333333332, 0.21241666666666667, 0.2654], 'val_f1': [0.025962414535976513, 0.07289910262655315, 0.12613733341560673, 0.18601783993006155], 'val_mae': [3.3226166666666668, 3.0212, 2.83015, 2.81845], 'jsd': [(0.4367678799248543, 0.3726022013920672, 0.33012616749838786, 0.27832897646817445, 0.42879967571932587, 0.4165868265650775), (0.25758589062412296, 0.2007612501305263, 0.3779751113065423, 0.25694310586134084, 0.33898009694108633, 0.40309431905105153), (0.2088491145144762, 0.21268383692546436, 0.31395665504198866, 0.1948814578847809, 0.17875551282640975, 0.20995376660632126), (0.13281226439445912, 0.20665478835796658, 0.09124270812202297, 0.3363616559725021, 0.3341000619948591, 0.262098149167483)]}}
AdaptationManager: Configuring next round...
{'client_registry': {'enabled': True, 'params': {}}, 'client_selector': {'enabled': False, 'params': {}}, 'client_cluster': {'enabled': False, 'params': {}}, 'message_compressor': {'enabled': False, 'params': {}}, 'model_co-versioning_registry': {'enabled': False, 'params': {}}, 'multi-task_model_trainer': {'enabled': False, 'params': {}}, 'heterogeneous_data_handler': {'enabled': True, 'params': {'enabled_clients': []}}}
{'client_selector': {'enabled': False}, 'client_cluster': {'enabled': False}, 'message_compressor': {'enabled': False}, 'model_co-versioning_registry': {'enabled': False}, 'multi-task_model_trainer': {'enabled': False}, 'heterogeneous_data_handler': {'enabled': False}, 'client_registry': {'enabled': True, 'params': {}}}
client 23, predicted wo:0.0862 vs w:0.0862
client 24, predicted wo:0.0862 vs w:0.0862
client 25, predicted wo:0.0862 vs w:0.0862
client 26, predicted wo:0.0862 vs w:0.0862
client 27, predicted wo:0.0862 vs w:0.0862
client 28, predicted wo:0.0862 vs w:0.0862
heterogeneous_data_handler de-activated ❌
Results Aggregated in 93.19 seconds.
{'CNN 64k': {'train_loss': [1.1963813460508983, 1.1716517499685288, 1.324132943227556, 1.1373086799780527, 1.116573071829478], 'train_accuracy': [0.5587333333333333, 0.5831333333333333, 0.524, 0.5987833333333333, 0.6019466666666666], 'train_f1': [0.10459589852649102, 0.1688727652196103, 0.21512794089346723, 0.2859359390935643, 0.33910646363789665], 'train_mae': [1.5292666666666668, 1.5676666666666668, 1.6995111111111112, 1.5302666666666667, 1.5968666666666667], 'val_loss': [3.754851659329732, 3.409484854253133, 2.834369234085083, 2.6584742732365925, 2.53979901415507], 'val_accuracy': [0.10363333333333333, 0.16668333333333332, 0.21241666666666667, 0.2654, 0.30301666666666666], 'val_f1': [0.025962414535976513, 0.07289910262655315, 0.12613733341560673, 0.18601783993006155, 0.2232335185197219], 'val_mae': [3.3226166666666668, 3.0212, 2.83015, 2.81845, 2.6608], 'jsd': [(0.4367678799248543, 0.3726022013920672, 0.33012616749838786, 0.27832897646817445, 0.42879967571932587, 0.4165868265650775), (0.25758589062412296, 0.2007612501305263, 0.3779751113065423, 0.25694310586134084, 0.33898009694108633, 0.40309431905105153), (0.2088491145144762, 0.21268383692546436, 0.31395665504198866, 0.1948814578847809, 0.17875551282640975, 0.20995376660632126), (0.13281226439445912, 0.20665478835796658, 0.09124270812202297, 0.3363616559725021, 0.3341000619948591, 0.262098149167483), (0.21072309738593542, 0.1832404572771539, 0.19960826048737454, 0.1616776882881678, 0.21226927158722686, 0.20772281013047117)]}}
AdaptationManager: Configuring next round...
{'client_registry': {'enabled': True, 'params': {}}, 'client_selector': {'enabled': False, 'params': {}}, 'client_cluster': {'enabled': False, 'params': {}}, 'message_compressor': {'enabled': False, 'params': {}}, 'model_co-versioning_registry': {'enabled': False, 'params': {}}, 'multi-task_model_trainer': {'enabled': False, 'params': {}}, 'heterogeneous_data_handler': {'enabled': True, 'params': {'enabled_clients': []}}}
{'client_selector': {'enabled': False}, 'client_cluster': {'enabled': False}, 'message_compressor': {'enabled': False}, 'model_co-versioning_registry': {'enabled': False}, 'multi-task_model_trainer': {'enabled': False}, 'heterogeneous_data_handler': {'enabled': False}, 'client_registry': {'enabled': True, 'params': {}}}
client 23, predicted wo:0.0862 vs w:0.0862
client 24, predicted wo:0.0862 vs w:0.0862
client 25, predicted wo:0.0862 vs w:0.0862
client 26, predicted wo:0.0862 vs w:0.0862
client 27, predicted wo:0.0862 vs w:0.0862
client 28, predicted wo:0.0862 vs w:0.0862
heterogeneous_data_handler de-activated ❌
Results Aggregated in 93.46 seconds.
{'CNN 64k': {'train_loss': [1.1963813460508983, 1.1716517499685288, 1.324132943227556, 1.1373086799780527, 1.116573071829478, 1.1638643120659722], 'train_accuracy': [0.5587333333333333, 0.5831333333333333, 0.524, 0.5987833333333333, 0.6019466666666666, 0.5857555555555556], 'train_f1': [0.10459589852649102, 0.1688727652196103, 0.21512794089346723, 0.2859359390935643, 0.33910646363789665, 0.38995178801886876], 'train_mae': [1.5292666666666668, 1.5676666666666668, 1.6995111111111112, 1.5302666666666667, 1.5968666666666667, 1.3454222222222223], 'val_loss': [3.754851659329732, 3.409484854253133, 2.834369234085083, 2.6584742732365925, 2.53979901415507, 2.3623899317423502], 'val_accuracy': [0.10363333333333333, 0.16668333333333332, 0.21241666666666667, 0.2654, 0.30301666666666666, 0.33466666666666667], 'val_f1': [0.025962414535976513, 0.07289910262655315, 0.12613733341560673, 0.18601783993006155, 0.2232335185197219, 0.2740318384282014], 'val_mae': [3.3226166666666668, 3.0212, 2.83015, 2.81845, 2.6608, 2.4472666666666667], 'jsd': [(0.4367678799248543, 0.3726022013920672, 0.33012616749838786, 0.27832897646817445, 0.42879967571932587, 0.4165868265650775), (0.25758589062412296, 0.2007612501305263, 0.3779751113065423, 0.25694310586134084, 0.33898009694108633, 0.40309431905105153), (0.2088491145144762, 0.21268383692546436, 0.31395665504198866, 0.1948814578847809, 0.17875551282640975, 0.20995376660632126), (0.13281226439445912, 0.20665478835796658, 0.09124270812202297, 0.3363616559725021, 0.3341000619948591, 0.262098149167483), (0.21072309738593542, 0.1832404572771539, 0.19960826048737454, 0.1616776882881678, 0.21226927158722686, 0.20772281013047117), (0.17029504465549322, 0.14552244837869746, 0.16554135236239625, 0.12135374490987136, 0.17967022309999142, 0.27456306730159796)]}}
AdaptationManager: Configuring next round...
{'client_registry': {'enabled': True, 'params': {}}, 'client_selector': {'enabled': False, 'params': {}}, 'client_cluster': {'enabled': False, 'params': {}}, 'message_compressor': {'enabled': False, 'params': {}}, 'model_co-versioning_registry': {'enabled': False, 'params': {}}, 'multi-task_model_trainer': {'enabled': False, 'params': {}}, 'heterogeneous_data_handler': {'enabled': True, 'params': {'enabled_clients': []}}}
{'client_selector': {'enabled': False}, 'client_cluster': {'enabled': False}, 'message_compressor': {'enabled': False}, 'model_co-versioning_registry': {'enabled': False}, 'multi-task_model_trainer': {'enabled': False}, 'heterogeneous_data_handler': {'enabled': False}, 'client_registry': {'enabled': True, 'params': {}}}
client 23, predicted wo:0.0862 vs w:0.0862
client 24, predicted wo:0.0862 vs w:0.0862
client 25, predicted wo:0.0862 vs w:0.0862
client 26, predicted wo:0.0862 vs w:0.0862
client 27, predicted wo:0.0862 vs w:0.0862
client 28, predicted wo:0.0862 vs w:0.0862
heterogeneous_data_handler de-activated ❌
Results Aggregated in 104.71 seconds.
{'CNN 64k': {'train_loss': [1.1963813460508983, 1.1716517499685288, 1.324132943227556, 1.1373086799780527, 1.116573071829478, 1.1638643120659722, 1.0620996635959261], 'train_accuracy': [0.5587333333333333, 0.5831333333333333, 0.524, 0.5987833333333333, 0.6019466666666666, 0.5857555555555556, 0.6160476190476191], 'train_f1': [0.10459589852649102, 0.1688727652196103, 0.21512794089346723, 0.2859359390935643, 0.33910646363789665, 0.38995178801886876, 0.4323774313666131], 'train_mae': [1.5292666666666668, 1.5676666666666668, 1.6995111111111112, 1.5302666666666667, 1.5968666666666667, 1.3454222222222223, 1.4171619047619048], 'val_loss': [3.754851659329732, 3.409484854253133, 2.834369234085083, 2.6584742732365925, 2.53979901415507, 2.3623899317423502, 2.261343299547831], 'val_accuracy': [0.10363333333333333, 0.16668333333333332, 0.21241666666666667, 0.2654, 0.30301666666666666, 0.33466666666666667, 0.3709], 'val_f1': [0.025962414535976513, 0.07289910262655315, 0.12613733341560673, 0.18601783993006155, 0.2232335185197219, 0.2740318384282014, 0.3101580164669947], 'val_mae': [3.3226166666666668, 3.0212, 2.83015, 2.81845, 2.6608, 2.4472666666666667, 2.36175], 'jsd': [(0.4367678799248543, 0.3726022013920672, 0.33012616749838786, 0.27832897646817445, 0.42879967571932587, 0.4165868265650775), (0.25758589062412296, 0.2007612501305263, 0.3779751113065423, 0.25694310586134084, 0.33898009694108633, 0.40309431905105153), (0.2088491145144762, 0.21268383692546436, 0.31395665504198866, 0.1948814578847809, 0.17875551282640975, 0.20995376660632126), (0.13281226439445912, 0.20665478835796658, 0.09124270812202297, 0.3363616559725021, 0.3341000619948591, 0.262098149167483), (0.21072309738593542, 0.1832404572771539, 0.19960826048737454, 0.1616776882881678, 0.21226927158722686, 0.20772281013047117), (0.17029504465549322, 0.14552244837869746, 0.16554135236239625, 0.12135374490987136, 0.17967022309999142, 0.27456306730159796), (0.2329576054684142, 0.12397212832457115, 0.13328979500946367, 0.19539459596894831, 0.1162699077926783, 0.25685809298811685)]}}
AdaptationManager: Configuring next round...
{'client_registry': {'enabled': True, 'params': {}}, 'client_selector': {'enabled': False, 'params': {}}, 'client_cluster': {'enabled': False, 'params': {}}, 'message_compressor': {'enabled': False, 'params': {}}, 'model_co-versioning_registry': {'enabled': False, 'params': {}}, 'multi-task_model_trainer': {'enabled': False, 'params': {}}, 'heterogeneous_data_handler': {'enabled': True, 'params': {'enabled_clients': []}}}
{'client_selector': {'enabled': False}, 'client_cluster': {'enabled': False}, 'message_compressor': {'enabled': False}, 'model_co-versioning_registry': {'enabled': False}, 'multi-task_model_trainer': {'enabled': False}, 'heterogeneous_data_handler': {'enabled': False}, 'client_registry': {'enabled': True, 'params': {}}}
client 23, predicted wo:0.0862 vs w:0.0862
client 24, predicted wo:0.0862 vs w:0.0862
client 25, predicted wo:0.0862 vs w:0.0862
client 26, predicted wo:0.0862 vs w:0.0862
client 27, predicted wo:0.0862 vs w:0.0862
client 28, predicted wo:0.0862 vs w:0.0862
heterogeneous_data_handler de-activated ❌
Results Aggregated in 107.02 seconds.
{'CNN 64k': {'train_loss': [1.1963813460508983, 1.1716517499685288, 1.324132943227556, 1.1373086799780527, 1.116573071829478, 1.1638643120659722, 1.0620996635959261, 1.0196145585219065], 'train_accuracy': [0.5587333333333333, 0.5831333333333333, 0.524, 0.5987833333333333, 0.6019466666666666, 0.5857555555555556, 0.6160476190476191, 0.633825], 'train_f1': [0.10459589852649102, 0.1688727652196103, 0.21512794089346723, 0.2859359390935643, 0.33910646363789665, 0.38995178801886876, 0.4323774313666131, 0.46838593465956985], 'train_mae': [1.5292666666666668, 1.5676666666666668, 1.6995111111111112, 1.5302666666666667, 1.5968666666666667, 1.3454222222222223, 1.4171619047619048, 1.36955], 'val_loss': [3.754851659329732, 3.409484854253133, 2.834369234085083, 2.6584742732365925, 2.53979901415507, 2.3623899317423502, 2.261343299547831, 2.148751310189565], 'val_accuracy': [0.10363333333333333, 0.16668333333333332, 0.21241666666666667, 0.2654, 0.30301666666666666, 0.33466666666666667, 0.3709, 0.38965], 'val_f1': [0.025962414535976513, 0.07289910262655315, 0.12613733341560673, 0.18601783993006155, 0.2232335185197219, 0.2740318384282014, 0.3101580164669947, 0.3304978722110658], 'val_mae': [3.3226166666666668, 3.0212, 2.83015, 2.81845, 2.6608, 2.4472666666666667, 2.36175, 2.244], 'jsd': [(0.4367678799248543, 0.3726022013920672, 0.33012616749838786, 0.27832897646817445, 0.42879967571932587, 0.4165868265650775), (0.25758589062412296, 0.2007612501305263, 0.3779751113065423, 0.25694310586134084, 0.33898009694108633, 0.40309431905105153), (0.2088491145144762, 0.21268383692546436, 0.31395665504198866, 0.1948814578847809, 0.17875551282640975, 0.20995376660632126), (0.13281226439445912, 0.20665478835796658, 0.09124270812202297, 0.3363616559725021, 0.3341000619948591, 0.262098149167483), (0.21072309738593542, 0.1832404572771539, 0.19960826048737454, 0.1616776882881678, 0.21226927158722686, 0.20772281013047117), (0.17029504465549322, 0.14552244837869746, 0.16554135236239625, 0.12135374490987136, 0.17967022309999142, 0.27456306730159796), (0.2329576054684142, 0.12397212832457115, 0.13328979500946367, 0.19539459596894831, 0.1162699077926783, 0.25685809298811685), (0.1749717359143864, 0.2037401353892161, 0.1199154420139664, 0.14863620323509238, 0.17727494724531473, 0.13423777226556857)]}}
AdaptationManager: Configuring next round...
{'client_registry': {'enabled': True, 'params': {}}, 'client_selector': {'enabled': False, 'params': {}}, 'client_cluster': {'enabled': False, 'params': {}}, 'message_compressor': {'enabled': False, 'params': {}}, 'model_co-versioning_registry': {'enabled': False, 'params': {}}, 'multi-task_model_trainer': {'enabled': False, 'params': {}}, 'heterogeneous_data_handler': {'enabled': True, 'params': {'enabled_clients': []}}}
{'client_selector': {'enabled': False}, 'client_cluster': {'enabled': False}, 'message_compressor': {'enabled': False}, 'model_co-versioning_registry': {'enabled': False}, 'multi-task_model_trainer': {'enabled': False}, 'heterogeneous_data_handler': {'enabled': False}, 'client_registry': {'enabled': True, 'params': {}}}
client 23, predicted wo:0.0862 vs w:0.0862
client 24, predicted wo:0.0862 vs w:0.0862
client 25, predicted wo:0.0862 vs w:0.0862
client 26, predicted wo:0.0862 vs w:0.0862
client 27, predicted wo:0.0862 vs w:0.0862
client 28, predicted wo:0.0862 vs w:0.0862
heterogeneous_data_handler de-activated ❌
Results Aggregated in 112.61 seconds.
{'CNN 64k': {'train_loss': [1.1963813460508983, 1.1716517499685288, 1.324132943227556, 1.1373086799780527, 1.116573071829478, 1.1638643120659722, 1.0620996635959261, 1.0196145585219065, 0.8947540216110371], 'train_accuracy': [0.5587333333333333, 0.5831333333333333, 0.524, 0.5987833333333333, 0.6019466666666666, 0.5857555555555556, 0.6160476190476191, 0.633825, 0.6846592592592593], 'train_f1': [0.10459589852649102, 0.1688727652196103, 0.21512794089346723, 0.2859359390935643, 0.33910646363789665, 0.38995178801886876, 0.4323774313666131, 0.46838593465956985, 0.4763041218433903], 'train_mae': [1.5292666666666668, 1.5676666666666668, 1.6995111111111112, 1.5302666666666667, 1.5968666666666667, 1.3454222222222223, 1.4171619047619048, 1.36955, 1.1458814814814815], 'val_loss': [3.754851659329732, 3.409484854253133, 2.834369234085083, 2.6584742732365925, 2.53979901415507, 2.3623899317423502, 2.261343299547831, 2.148751310189565, 2.240328168614705], 'val_accuracy': [0.10363333333333333, 0.16668333333333332, 0.21241666666666667, 0.2654, 0.30301666666666666, 0.33466666666666667, 0.3709, 0.38965, 0.39368333333333333], 'val_f1': [0.025962414535976513, 0.07289910262655315, 0.12613733341560673, 0.18601783993006155, 0.2232335185197219, 0.2740318384282014, 0.3101580164669947, 0.3304978722110658, 0.33771665199599377], 'val_mae': [3.3226166666666668, 3.0212, 2.83015, 2.81845, 2.6608, 2.4472666666666667, 2.36175, 2.244, 2.2935833333333333], 'jsd': [(0.4367678799248543, 0.3726022013920672, 0.33012616749838786, 0.27832897646817445, 0.42879967571932587, 0.4165868265650775), (0.25758589062412296, 0.2007612501305263, 0.3779751113065423, 0.25694310586134084, 0.33898009694108633, 0.40309431905105153), (0.2088491145144762, 0.21268383692546436, 0.31395665504198866, 0.1948814578847809, 0.17875551282640975, 0.20995376660632126), (0.13281226439445912, 0.20665478835796658, 0.09124270812202297, 0.3363616559725021, 0.3341000619948591, 0.262098149167483), (0.21072309738593542, 0.1832404572771539, 0.19960826048737454, 0.1616776882881678, 0.21226927158722686, 0.20772281013047117), (0.17029504465549322, 0.14552244837869746, 0.16554135236239625, 0.12135374490987136, 0.17967022309999142, 0.27456306730159796), (0.2329576054684142, 0.12397212832457115, 0.13328979500946367, 0.19539459596894831, 0.1162699077926783, 0.25685809298811685), (0.1749717359143864, 0.2037401353892161, 0.1199154420139664, 0.14863620323509238, 0.17727494724531473, 0.13423777226556857), (0.1443489537860295, 0.1609486277100639, 0.08794113993496948, 0.4127086729933672, 0.24679718891786795, 0.1885315220211246)]}}
AdaptationManager: Configuring next round...
{'client_registry': {'enabled': True, 'params': {}}, 'client_selector': {'enabled': False, 'params': {}}, 'client_cluster': {'enabled': False, 'params': {}}, 'message_compressor': {'enabled': False, 'params': {}}, 'model_co-versioning_registry': {'enabled': False, 'params': {}}, 'multi-task_model_trainer': {'enabled': False, 'params': {}}, 'heterogeneous_data_handler': {'enabled': True, 'params': {'enabled_clients': []}}}
{'client_selector': {'enabled': False}, 'client_cluster': {'enabled': False}, 'message_compressor': {'enabled': False}, 'model_co-versioning_registry': {'enabled': False}, 'multi-task_model_trainer': {'enabled': False}, 'heterogeneous_data_handler': {'enabled': False}, 'client_registry': {'enabled': True, 'params': {}}}
client 23, predicted wo:0.0862 vs w:0.0862
client 24, predicted wo:0.0862 vs w:0.0862
client 25, predicted wo:0.0862 vs w:0.0862
client 26, predicted wo:0.0862 vs w:0.0862
client 27, predicted wo:0.0862 vs w:0.0862
client 28, predicted wo:0.0862 vs w:0.0862
heterogeneous_data_handler de-activated ❌
Results Aggregated in 109.69 seconds.
{'CNN 64k': {'train_loss': [1.1963813460508983, 1.1716517499685288, 1.324132943227556, 1.1373086799780527, 1.116573071829478, 1.1638643120659722, 1.0620996635959261, 1.0196145585219065, 0.8947540216110371, 0.8450056701978048], 'train_accuracy': [0.5587333333333333, 0.5831333333333333, 0.524, 0.5987833333333333, 0.6019466666666666, 0.5857555555555556, 0.6160476190476191, 0.633825, 0.6846592592592593, 0.7054], 'train_f1': [0.10459589852649102, 0.1688727652196103, 0.21512794089346723, 0.2859359390935643, 0.33910646363789665, 0.38995178801886876, 0.4323774313666131, 0.46838593465956985, 0.4763041218433903, 0.4987606133356572], 'train_mae': [1.5292666666666668, 1.5676666666666668, 1.6995111111111112, 1.5302666666666667, 1.5968666666666667, 1.3454222222222223, 1.4171619047619048, 1.36955, 1.1458814814814815, 1.0666533333333332], 'val_loss': [3.754851659329732, 3.409484854253133, 2.834369234085083, 2.6584742732365925, 2.53979901415507, 2.3623899317423502, 2.261343299547831, 2.148751310189565, 2.240328168614705, 2.136498130130768], 'val_accuracy': [0.10363333333333333, 0.16668333333333332, 0.21241666666666667, 0.2654, 0.30301666666666666, 0.33466666666666667, 0.3709, 0.38965, 0.39368333333333333, 0.4015666666666667], 'val_f1': [0.025962414535976513, 0.07289910262655315, 0.12613733341560673, 0.18601783993006155, 0.2232335185197219, 0.2740318384282014, 0.3101580164669947, 0.3304978722110658, 0.33771665199599377, 0.35014614488372153], 'val_mae': [3.3226166666666668, 3.0212, 2.83015, 2.81845, 2.6608, 2.4472666666666667, 2.36175, 2.244, 2.2935833333333333, 2.1613333333333333], 'jsd': [(0.4367678799248543, 0.3726022013920672, 0.33012616749838786, 0.27832897646817445, 0.42879967571932587, 0.4165868265650775), (0.25758589062412296, 0.2007612501305263, 0.3779751113065423, 0.25694310586134084, 0.33898009694108633, 0.40309431905105153), (0.2088491145144762, 0.21268383692546436, 0.31395665504198866, 0.1948814578847809, 0.17875551282640975, 0.20995376660632126), (0.13281226439445912, 0.20665478835796658, 0.09124270812202297, 0.3363616559725021, 0.3341000619948591, 0.262098149167483), (0.21072309738593542, 0.1832404572771539, 0.19960826048737454, 0.1616776882881678, 0.21226927158722686, 0.20772281013047117), (0.17029504465549322, 0.14552244837869746, 0.16554135236239625, 0.12135374490987136, 0.17967022309999142, 0.27456306730159796), (0.2329576054684142, 0.12397212832457115, 0.13328979500946367, 0.19539459596894831, 0.1162699077926783, 0.25685809298811685), (0.1749717359143864, 0.2037401353892161, 0.1199154420139664, 0.14863620323509238, 0.17727494724531473, 0.13423777226556857), (0.1443489537860295, 0.1609486277100639, 0.08794113993496948, 0.4127086729933672, 0.24679718891786795, 0.1885315220211246), (0.2053259393323541, 0.2278575782304345, 0.33290655539828484, 0.23528233211788555, 0.10529803018163811, 0.177219104738155)]}}
AdaptationManager: Configuring next round...
{'client_registry': {'enabled': True, 'params': {}}, 'client_selector': {'enabled': False, 'params': {}}, 'client_cluster': {'enabled': False, 'params': {}}, 'message_compressor': {'enabled': False, 'params': {}}, 'model_co-versioning_registry': {'enabled': False, 'params': {}}, 'multi-task_model_trainer': {'enabled': False, 'params': {}}, 'heterogeneous_data_handler': {'enabled': True, 'params': {'enabled_clients': []}}}
{'client_selector': {'enabled': False}, 'client_cluster': {'enabled': False}, 'message_compressor': {'enabled': False}, 'model_co-versioning_registry': {'enabled': False}, 'multi-task_model_trainer': {'enabled': False}, 'heterogeneous_data_handler': {'enabled': False}, 'client_registry': {'enabled': True, 'params': {}}}
client 23, predicted wo:0.0862 vs w:0.0862
client 24, predicted wo:0.0862 vs w:0.0862
client 25, predicted wo:0.0862 vs w:0.0862
client 26, predicted wo:0.0862 vs w:0.0862
client 27, predicted wo:0.0862 vs w:0.0862
client 28, predicted wo:0.0862 vs w:0.0862
heterogeneous_data_handler de-activated ❌
Results Aggregated in 120.95 seconds.
{'CNN 64k': {'train_loss': [1.1963813460508983, 1.1716517499685288, 1.324132943227556, 1.1373086799780527, 1.116573071829478, 1.1638643120659722, 1.0620996635959261, 1.0196145585219065, 0.8947540216110371, 0.8450056701978048, 0.8717233315294439], 'train_accuracy': [0.5587333333333333, 0.5831333333333333, 0.524, 0.5987833333333333, 0.6019466666666666, 0.5857555555555556, 0.6160476190476191, 0.633825, 0.6846592592592593, 0.7054, 0.6909030303030304], 'train_f1': [0.10459589852649102, 0.1688727652196103, 0.21512794089346723, 0.2859359390935643, 0.33910646363789665, 0.38995178801886876, 0.4323774313666131, 0.46838593465956985, 0.4763041218433903, 0.4987606133356572, 0.5273544800535868], 'train_mae': [1.5292666666666668, 1.5676666666666668, 1.6995111111111112, 1.5302666666666667, 1.5968666666666667, 1.3454222222222223, 1.4171619047619048, 1.36955, 1.1458814814814815, 1.0666533333333332, 1.2098666666666666], 'val_loss': [3.754851659329732, 3.409484854253133, 2.834369234085083, 2.6584742732365925, 2.53979901415507, 2.3623899317423502, 2.261343299547831, 2.148751310189565, 2.240328168614705, 2.136498130130768, 2.1437658221562703], 'val_accuracy': [0.10363333333333333, 0.16668333333333332, 0.21241666666666667, 0.2654, 0.30301666666666666, 0.33466666666666667, 0.3709, 0.38965, 0.39368333333333333, 0.4015666666666667, 0.4375], 'val_f1': [0.025962414535976513, 0.07289910262655315, 0.12613733341560673, 0.18601783993006155, 0.2232335185197219, 0.2740318384282014, 0.3101580164669947, 0.3304978722110658, 0.33771665199599377, 0.35014614488372153, 0.3743649199729698], 'val_mae': [3.3226166666666668, 3.0212, 2.83015, 2.81845, 2.6608, 2.4472666666666667, 2.36175, 2.244, 2.2935833333333333, 2.1613333333333333, 2.164266666666667], 'jsd': [(0.4367678799248543, 0.3726022013920672, 0.33012616749838786, 0.27832897646817445, 0.42879967571932587, 0.4165868265650775), (0.25758589062412296, 0.2007612501305263, 0.3779751113065423, 0.25694310586134084, 0.33898009694108633, 0.40309431905105153), (0.2088491145144762, 0.21268383692546436, 0.31395665504198866, 0.1948814578847809, 0.17875551282640975, 0.20995376660632126), (0.13281226439445912, 0.20665478835796658, 0.09124270812202297, 0.3363616559725021, 0.3341000619948591, 0.262098149167483), (0.21072309738593542, 0.1832404572771539, 0.19960826048737454, 0.1616776882881678, 0.21226927158722686, 0.20772281013047117), (0.17029504465549322, 0.14552244837869746, 0.16554135236239625, 0.12135374490987136, 0.17967022309999142, 0.27456306730159796), (0.2329576054684142, 0.12397212832457115, 0.13328979500946367, 0.19539459596894831, 0.1162699077926783, 0.25685809298811685), (0.1749717359143864, 0.2037401353892161, 0.1199154420139664, 0.14863620323509238, 0.17727494724531473, 0.13423777226556857), (0.1443489537860295, 0.1609486277100639, 0.08794113993496948, 0.4127086729933672, 0.24679718891786795, 0.1885315220211246), (0.2053259393323541, 0.2278575782304345, 0.33290655539828484, 0.23528233211788555, 0.10529803018163811, 0.177219104738155), (0.15340834284897803, 0.17212090824809279, 0.13679091972883095, 0.12390240108166682, 0.2282556162654772, 0.1766384166969266)]}}
AdaptationManager: Configuring next round...
{'client_registry': {'enabled': True, 'params': {}}, 'client_selector': {'enabled': False, 'params': {}}, 'client_cluster': {'enabled': False, 'params': {}}, 'message_compressor': {'enabled': False, 'params': {}}, 'model_co-versioning_registry': {'enabled': False, 'params': {}}, 'multi-task_model_trainer': {'enabled': False, 'params': {}}, 'heterogeneous_data_handler': {'enabled': True, 'params': {'enabled_clients': []}}}
{'client_selector': {'enabled': False}, 'client_cluster': {'enabled': False}, 'message_compressor': {'enabled': False}, 'model_co-versioning_registry': {'enabled': False}, 'multi-task_model_trainer': {'enabled': False}, 'heterogeneous_data_handler': {'enabled': False}, 'client_registry': {'enabled': True, 'params': {}}}
client 23, predicted wo:0.0862 vs w:0.0862
client 24, predicted wo:0.0862 vs w:0.0862
client 25, predicted wo:0.0862 vs w:0.0862
client 26, predicted wo:0.0862 vs w:0.0862
client 27, predicted wo:0.0862 vs w:0.0862
client 28, predicted wo:0.0862 vs w:0.0862
heterogeneous_data_handler de-activated ❌
Results Aggregated in 124.86 seconds.
{'CNN 64k': {'train_loss': [1.1963813460508983, 1.1716517499685288, 1.324132943227556, 1.1373086799780527, 1.116573071829478, 1.1638643120659722, 1.0620996635959261, 1.0196145585219065, 0.8947540216110371, 0.8450056701978048, 0.8717233315294439, 0.7896283394442665], 'train_accuracy': [0.5587333333333333, 0.5831333333333333, 0.524, 0.5987833333333333, 0.6019466666666666, 0.5857555555555556, 0.6160476190476191, 0.633825, 0.6846592592592593, 0.7054, 0.6909030303030304, 0.7260333333333333], 'train_f1': [0.10459589852649102, 0.1688727652196103, 0.21512794089346723, 0.2859359390935643, 0.33910646363789665, 0.38995178801886876, 0.4323774313666131, 0.46838593465956985, 0.4763041218433903, 0.4987606133356572, 0.5273544800535868, 0.5478434279650224], 'train_mae': [1.5292666666666668, 1.5676666666666668, 1.6995111111111112, 1.5302666666666667, 1.5968666666666667, 1.3454222222222223, 1.4171619047619048, 1.36955, 1.1458814814814815, 1.0666533333333332, 1.2098666666666666, 1.0448222222222223], 'val_loss': [3.754851659329732, 3.409484854253133, 2.834369234085083, 2.6584742732365925, 2.53979901415507, 2.3623899317423502, 2.261343299547831, 2.148751310189565, 2.240328168614705, 2.136498130130768, 2.1437658221562703, 2.057132429599762], 'val_accuracy': [0.10363333333333333, 0.16668333333333332, 0.21241666666666667, 0.2654, 0.30301666666666666, 0.33466666666666667, 0.3709, 0.38965, 0.39368333333333333, 0.4015666666666667, 0.4375, 0.44361666666666666], 'val_f1': [0.025962414535976513, 0.07289910262655315, 0.12613733341560673, 0.18601783993006155, 0.2232335185197219, 0.2740318384282014, 0.3101580164669947, 0.3304978722110658, 0.33771665199599377, 0.35014614488372153, 0.3743649199729698, 0.3865887380403045], 'val_mae': [3.3226166666666668, 3.0212, 2.83015, 2.81845, 2.6608, 2.4472666666666667, 2.36175, 2.244, 2.2935833333333333, 2.1613333333333333, 2.164266666666667, 2.1048666666666667], 'jsd': [(0.4367678799248543, 0.3726022013920672, 0.33012616749838786, 0.27832897646817445, 0.42879967571932587, 0.4165868265650775), (0.25758589062412296, 0.2007612501305263, 0.3779751113065423, 0.25694310586134084, 0.33898009694108633, 0.40309431905105153), (0.2088491145144762, 0.21268383692546436, 0.31395665504198866, 0.1948814578847809, 0.17875551282640975, 0.20995376660632126), (0.13281226439445912, 0.20665478835796658, 0.09124270812202297, 0.3363616559725021, 0.3341000619948591, 0.262098149167483), (0.21072309738593542, 0.1832404572771539, 0.19960826048737454, 0.1616776882881678, 0.21226927158722686, 0.20772281013047117), (0.17029504465549322, 0.14552244837869746, 0.16554135236239625, 0.12135374490987136, 0.17967022309999142, 0.27456306730159796), (0.2329576054684142, 0.12397212832457115, 0.13328979500946367, 0.19539459596894831, 0.1162699077926783, 0.25685809298811685), (0.1749717359143864, 0.2037401353892161, 0.1199154420139664, 0.14863620323509238, 0.17727494724531473, 0.13423777226556857), (0.1443489537860295, 0.1609486277100639, 0.08794113993496948, 0.4127086729933672, 0.24679718891786795, 0.1885315220211246), (0.2053259393323541, 0.2278575782304345, 0.33290655539828484, 0.23528233211788555, 0.10529803018163811, 0.177219104738155), (0.15340834284897803, 0.17212090824809279, 0.13679091972883095, 0.12390240108166682, 0.2282556162654772, 0.1766384166969266), (0.1902361632593001, 0.1626220271338191, 0.20218761569878124, 0.19509835465969874, 0.23354665811213468, 0.17843962328458898)]}}
AdaptationManager: Configuring next round...
{'client_registry': {'enabled': True, 'params': {}}, 'client_selector': {'enabled': False, 'params': {}}, 'client_cluster': {'enabled': False, 'params': {}}, 'message_compressor': {'enabled': False, 'params': {}}, 'model_co-versioning_registry': {'enabled': False, 'params': {}}, 'multi-task_model_trainer': {'enabled': False, 'params': {}}, 'heterogeneous_data_handler': {'enabled': True, 'params': {'enabled_clients': []}}}
{'client_selector': {'enabled': False}, 'client_cluster': {'enabled': False}, 'message_compressor': {'enabled': False}, 'model_co-versioning_registry': {'enabled': False}, 'multi-task_model_trainer': {'enabled': False}, 'heterogeneous_data_handler': {'enabled': False}, 'client_registry': {'enabled': True, 'params': {}}}
client 23, predicted wo:0.0862 vs w:0.0862
client 24, predicted wo:0.0862 vs w:0.0862
client 25, predicted wo:0.0862 vs w:0.0862
client 26, predicted wo:0.0862 vs w:0.0862
client 27, predicted wo:0.0862 vs w:0.0862
client 28, predicted wo:0.0862 vs w:0.0862
heterogeneous_data_handler de-activated ❌
Results Aggregated in 124.66 seconds.
{'CNN 64k': {'train_loss': [1.1963813460508983, 1.1716517499685288, 1.324132943227556, 1.1373086799780527, 1.116573071829478, 1.1638643120659722, 1.0620996635959261, 1.0196145585219065, 0.8947540216110371, 0.8450056701978048, 0.8717233315294439, 0.7896283394442665, 0.8437572948724795], 'train_accuracy': [0.5587333333333333, 0.5831333333333333, 0.524, 0.5987833333333333, 0.6019466666666666, 0.5857555555555556, 0.6160476190476191, 0.633825, 0.6846592592592593, 0.7054, 0.6909030303030304, 0.7260333333333333, 0.6986974358974359], 'train_f1': [0.10459589852649102, 0.1688727652196103, 0.21512794089346723, 0.2859359390935643, 0.33910646363789665, 0.38995178801886876, 0.4323774313666131, 0.46838593465956985, 0.4763041218433903, 0.4987606133356572, 0.5273544800535868, 0.5478434279650224, 0.5859277574842915], 'train_mae': [1.5292666666666668, 1.5676666666666668, 1.6995111111111112, 1.5302666666666667, 1.5968666666666667, 1.3454222222222223, 1.4171619047619048, 1.36955, 1.1458814814814815, 1.0666533333333332, 1.2098666666666666, 1.0448222222222223, 1.0001282051282052], 'val_loss': [3.754851659329732, 3.409484854253133, 2.834369234085083, 2.6584742732365925, 2.53979901415507, 2.3623899317423502, 2.261343299547831, 2.148751310189565, 2.240328168614705, 2.136498130130768, 2.1437658221562703, 2.057132429599762, 2.0924981318473814], 'val_accuracy': [0.10363333333333333, 0.16668333333333332, 0.21241666666666667, 0.2654, 0.30301666666666666, 0.33466666666666667, 0.3709, 0.38965, 0.39368333333333333, 0.4015666666666667, 0.4375, 0.44361666666666666, 0.46086666666666665], 'val_f1': [0.025962414535976513, 0.07289910262655315, 0.12613733341560673, 0.18601783993006155, 0.2232335185197219, 0.2740318384282014, 0.3101580164669947, 0.3304978722110658, 0.33771665199599377, 0.35014614488372153, 0.3743649199729698, 0.3865887380403045, 0.4192715214331149], 'val_mae': [3.3226166666666668, 3.0212, 2.83015, 2.81845, 2.6608, 2.4472666666666667, 2.36175, 2.244, 2.2935833333333333, 2.1613333333333333, 2.164266666666667, 2.1048666666666667, 1.9679833333333334], 'jsd': [(0.4367678799248543, 0.3726022013920672, 0.33012616749838786, 0.27832897646817445, 0.42879967571932587, 0.4165868265650775), (0.25758589062412296, 0.2007612501305263, 0.3779751113065423, 0.25694310586134084, 0.33898009694108633, 0.40309431905105153), (0.2088491145144762, 0.21268383692546436, 0.31395665504198866, 0.1948814578847809, 0.17875551282640975, 0.20995376660632126), (0.13281226439445912, 0.20665478835796658, 0.09124270812202297, 0.3363616559725021, 0.3341000619948591, 0.262098149167483), (0.21072309738593542, 0.1832404572771539, 0.19960826048737454, 0.1616776882881678, 0.21226927158722686, 0.20772281013047117), (0.17029504465549322, 0.14552244837869746, 0.16554135236239625, 0.12135374490987136, 0.17967022309999142, 0.27456306730159796), (0.2329576054684142, 0.12397212832457115, 0.13328979500946367, 0.19539459596894831, 0.1162699077926783, 0.25685809298811685), (0.1749717359143864, 0.2037401353892161, 0.1199154420139664, 0.14863620323509238, 0.17727494724531473, 0.13423777226556857), (0.1443489537860295, 0.1609486277100639, 0.08794113993496948, 0.4127086729933672, 0.24679718891786795, 0.1885315220211246), (0.2053259393323541, 0.2278575782304345, 0.33290655539828484, 0.23528233211788555, 0.10529803018163811, 0.177219104738155), (0.15340834284897803, 0.17212090824809279, 0.13679091972883095, 0.12390240108166682, 0.2282556162654772, 0.1766384166969266), (0.1902361632593001, 0.1626220271338191, 0.20218761569878124, 0.19509835465969874, 0.23354665811213468, 0.17843962328458898), (0.16167347971077706, 0.25745776093628825, 0.14894326658221607, 0.13137681083062086, 0.09779715243130349, 0.14586972557673394)]}}
AdaptationManager: Configuring next round...
{'client_registry': {'enabled': True, 'params': {}}, 'client_selector': {'enabled': False, 'params': {}}, 'client_cluster': {'enabled': False, 'params': {}}, 'message_compressor': {'enabled': False, 'params': {}}, 'model_co-versioning_registry': {'enabled': False, 'params': {}}, 'multi-task_model_trainer': {'enabled': False, 'params': {}}, 'heterogeneous_data_handler': {'enabled': True, 'params': {'enabled_clients': []}}}
{'client_selector': {'enabled': False}, 'client_cluster': {'enabled': False}, 'message_compressor': {'enabled': False}, 'model_co-versioning_registry': {'enabled': False}, 'multi-task_model_trainer': {'enabled': False}, 'heterogeneous_data_handler': {'enabled': False}, 'client_registry': {'enabled': True, 'params': {}}}
client 23, predicted wo:0.0862 vs w:0.0862
client 24, predicted wo:0.0862 vs w:0.0862
client 25, predicted wo:0.0862 vs w:0.0862
client 26, predicted wo:0.0862 vs w:0.0862
client 27, predicted wo:0.0862 vs w:0.0862
client 28, predicted wo:0.0862 vs w:0.0862
heterogeneous_data_handler de-activated ❌
Results Aggregated in 130.24 seconds.
{'CNN 64k': {'train_loss': [1.1963813460508983, 1.1716517499685288, 1.324132943227556, 1.1373086799780527, 1.116573071829478, 1.1638643120659722, 1.0620996635959261, 1.0196145585219065, 0.8947540216110371, 0.8450056701978048, 0.8717233315294439, 0.7896283394442665, 0.8437572948724795, 0.7824208344641186], 'train_accuracy': [0.5587333333333333, 0.5831333333333333, 0.524, 0.5987833333333333, 0.6019466666666666, 0.5857555555555556, 0.6160476190476191, 0.633825, 0.6846592592592593, 0.7054, 0.6909030303030304, 0.7260333333333333, 0.6986974358974359, 0.7253333333333334], 'train_f1': [0.10459589852649102, 0.1688727652196103, 0.21512794089346723, 0.2859359390935643, 0.33910646363789665, 0.38995178801886876, 0.4323774313666131, 0.46838593465956985, 0.4763041218433903, 0.4987606133356572, 0.5273544800535868, 0.5478434279650224, 0.5859277574842915, 0.6144394262270355], 'train_mae': [1.5292666666666668, 1.5676666666666668, 1.6995111111111112, 1.5302666666666667, 1.5968666666666667, 1.3454222222222223, 1.4171619047619048, 1.36955, 1.1458814814814815, 1.0666533333333332, 1.2098666666666666, 1.0448222222222223, 1.0001282051282052, 0.8740619047619047], 'val_loss': [3.754851659329732, 3.409484854253133, 2.834369234085083, 2.6584742732365925, 2.53979901415507, 2.3623899317423502, 2.261343299547831, 2.148751310189565, 2.240328168614705, 2.136498130130768, 2.1437658221562703, 2.057132429599762, 2.0924981318473814, 1.999677985827128], 'val_accuracy': [0.10363333333333333, 0.16668333333333332, 0.21241666666666667, 0.2654, 0.30301666666666666, 0.33466666666666667, 0.3709, 0.38965, 0.39368333333333333, 0.4015666666666667, 0.4375, 0.44361666666666666, 0.46086666666666665, 0.4898666666666667], 'val_f1': [0.025962414535976513, 0.07289910262655315, 0.12613733341560673, 0.18601783993006155, 0.2232335185197219, 0.2740318384282014, 0.3101580164669947, 0.3304978722110658, 0.33771665199599377, 0.35014614488372153, 0.3743649199729698, 0.3865887380403045, 0.4192715214331149, 0.4483582540661835], 'val_mae': [3.3226166666666668, 3.0212, 2.83015, 2.81845, 2.6608, 2.4472666666666667, 2.36175, 2.244, 2.2935833333333333, 2.1613333333333333, 2.164266666666667, 2.1048666666666667, 1.9679833333333334, 1.9219333333333333], 'jsd': [(0.4367678799248543, 0.3726022013920672, 0.33012616749838786, 0.27832897646817445, 0.42879967571932587, 0.4165868265650775), (0.25758589062412296, 0.2007612501305263, 0.3779751113065423, 0.25694310586134084, 0.33898009694108633, 0.40309431905105153), (0.2088491145144762, 0.21268383692546436, 0.31395665504198866, 0.1948814578847809, 0.17875551282640975, 0.20995376660632126), (0.13281226439445912, 0.20665478835796658, 0.09124270812202297, 0.3363616559725021, 0.3341000619948591, 0.262098149167483), (0.21072309738593542, 0.1832404572771539, 0.19960826048737454, 0.1616776882881678, 0.21226927158722686, 0.20772281013047117), (0.17029504465549322, 0.14552244837869746, 0.16554135236239625, 0.12135374490987136, 0.17967022309999142, 0.27456306730159796), (0.2329576054684142, 0.12397212832457115, 0.13328979500946367, 0.19539459596894831, 0.1162699077926783, 0.25685809298811685), (0.1749717359143864, 0.2037401353892161, 0.1199154420139664, 0.14863620323509238, 0.17727494724531473, 0.13423777226556857), (0.1443489537860295, 0.1609486277100639, 0.08794113993496948, 0.4127086729933672, 0.24679718891786795, 0.1885315220211246), (0.2053259393323541, 0.2278575782304345, 0.33290655539828484, 0.23528233211788555, 0.10529803018163811, 0.177219104738155), (0.15340834284897803, 0.17212090824809279, 0.13679091972883095, 0.12390240108166682, 0.2282556162654772, 0.1766384166969266), (0.1902361632593001, 0.1626220271338191, 0.20218761569878124, 0.19509835465969874, 0.23354665811213468, 0.17843962328458898), (0.16167347971077706, 0.25745776093628825, 0.14894326658221607, 0.13137681083062086, 0.09779715243130349, 0.14586972557673394), (0.1255490969582191, 0.14044175041240942, 0.18867270386549195, 0.12496523329643497, 0.18172440822550345, 0.1744083667309721)]}}
AdaptationManager: Configuring next round...
{'client_registry': {'enabled': True, 'params': {}}, 'client_selector': {'enabled': False, 'params': {}}, 'client_cluster': {'enabled': False, 'params': {}}, 'message_compressor': {'enabled': False, 'params': {}}, 'model_co-versioning_registry': {'enabled': False, 'params': {}}, 'multi-task_model_trainer': {'enabled': False, 'params': {}}, 'heterogeneous_data_handler': {'enabled': True, 'params': {'enabled_clients': []}}}
{'client_selector': {'enabled': False}, 'client_cluster': {'enabled': False}, 'message_compressor': {'enabled': False}, 'model_co-versioning_registry': {'enabled': False}, 'multi-task_model_trainer': {'enabled': False}, 'heterogeneous_data_handler': {'enabled': False}, 'client_registry': {'enabled': True, 'params': {}}}
client 23, predicted wo:0.0862 vs w:0.0862
client 24, predicted wo:0.0862 vs w:0.0862
client 25, predicted wo:0.0862 vs w:0.0862
client 26, predicted wo:0.0862 vs w:0.0862
client 27, predicted wo:0.0862 vs w:0.0862
client 28, predicted wo:0.0862 vs w:0.0862
heterogeneous_data_handler de-activated ❌
Results Aggregated in 135.58 seconds.
{'CNN 64k': {'train_loss': [1.1963813460508983, 1.1716517499685288, 1.324132943227556, 1.1373086799780527, 1.116573071829478, 1.1638643120659722, 1.0620996635959261, 1.0196145585219065, 0.8947540216110371, 0.8450056701978048, 0.8717233315294439, 0.7896283394442665, 0.8437572948724795, 0.7824208344641186, 0.6919686894204882], 'train_accuracy': [0.5587333333333333, 0.5831333333333333, 0.524, 0.5987833333333333, 0.6019466666666666, 0.5857555555555556, 0.6160476190476191, 0.633825, 0.6846592592592593, 0.7054, 0.6909030303030304, 0.7260333333333333, 0.6986974358974359, 0.7253333333333334, 0.7593244444444445], 'train_f1': [0.10459589852649102, 0.1688727652196103, 0.21512794089346723, 0.2859359390935643, 0.33910646363789665, 0.38995178801886876, 0.4323774313666131, 0.46838593465956985, 0.4763041218433903, 0.4987606133356572, 0.5273544800535868, 0.5478434279650224, 0.5859277574842915, 0.6144394262270355, 0.6193307070259048], 'train_mae': [1.5292666666666668, 1.5676666666666668, 1.6995111111111112, 1.5302666666666667, 1.5968666666666667, 1.3454222222222223, 1.4171619047619048, 1.36955, 1.1458814814814815, 1.0666533333333332, 1.2098666666666666, 1.0448222222222223, 1.0001282051282052, 0.8740619047619047, 0.7846266666666667], 'val_loss': [3.754851659329732, 3.409484854253133, 2.834369234085083, 2.6584742732365925, 2.53979901415507, 2.3623899317423502, 2.261343299547831, 2.148751310189565, 2.240328168614705, 2.136498130130768, 2.1437658221562703, 2.057132429599762, 2.0924981318473814, 1.999677985827128, 2.047409777164459], 'val_accuracy': [0.10363333333333333, 0.16668333333333332, 0.21241666666666667, 0.2654, 0.30301666666666666, 0.33466666666666667, 0.3709, 0.38965, 0.39368333333333333, 0.4015666666666667, 0.4375, 0.44361666666666666, 0.46086666666666665, 0.4898666666666667, 0.47536666666666666], 'val_f1': [0.025962414535976513, 0.07289910262655315, 0.12613733341560673, 0.18601783993006155, 0.2232335185197219, 0.2740318384282014, 0.3101580164669947, 0.3304978722110658, 0.33771665199599377, 0.35014614488372153, 0.3743649199729698, 0.3865887380403045, 0.4192715214331149, 0.4483582540661835, 0.4287415088088835], 'val_mae': [3.3226166666666668, 3.0212, 2.83015, 2.81845, 2.6608, 2.4472666666666667, 2.36175, 2.244, 2.2935833333333333, 2.1613333333333333, 2.164266666666667, 2.1048666666666667, 1.9679833333333334, 1.9219333333333333, 1.96535], 'jsd': [(0.4367678799248543, 0.3726022013920672, 0.33012616749838786, 0.27832897646817445, 0.42879967571932587, 0.4165868265650775), (0.25758589062412296, 0.2007612501305263, 0.3779751113065423, 0.25694310586134084, 0.33898009694108633, 0.40309431905105153), (0.2088491145144762, 0.21268383692546436, 0.31395665504198866, 0.1948814578847809, 0.17875551282640975, 0.20995376660632126), (0.13281226439445912, 0.20665478835796658, 0.09124270812202297, 0.3363616559725021, 0.3341000619948591, 0.262098149167483), (0.21072309738593542, 0.1832404572771539, 0.19960826048737454, 0.1616776882881678, 0.21226927158722686, 0.20772281013047117), (0.17029504465549322, 0.14552244837869746, 0.16554135236239625, 0.12135374490987136, 0.17967022309999142, 0.27456306730159796), (0.2329576054684142, 0.12397212832457115, 0.13328979500946367, 0.19539459596894831, 0.1162699077926783, 0.25685809298811685), (0.1749717359143864, 0.2037401353892161, 0.1199154420139664, 0.14863620323509238, 0.17727494724531473, 0.13423777226556857), (0.1443489537860295, 0.1609486277100639, 0.08794113993496948, 0.4127086729933672, 0.24679718891786795, 0.1885315220211246), (0.2053259393323541, 0.2278575782304345, 0.33290655539828484, 0.23528233211788555, 0.10529803018163811, 0.177219104738155), (0.15340834284897803, 0.17212090824809279, 0.13679091972883095, 0.12390240108166682, 0.2282556162654772, 0.1766384166969266), (0.1902361632593001, 0.1626220271338191, 0.20218761569878124, 0.19509835465969874, 0.23354665811213468, 0.17843962328458898), (0.16167347971077706, 0.25745776093628825, 0.14894326658221607, 0.13137681083062086, 0.09779715243130349, 0.14586972557673394), (0.1255490969582191, 0.14044175041240942, 0.18867270386549195, 0.12496523329643497, 0.18172440822550345, 0.1744083667309721), (0.09329527819469147, 0.09414522927109514, 0.1440964146843844, 0.20728332424545012, 0.33831095606607414, 0.1800929991252685)]}}
AdaptationManager: Configuring next round...
{'client_registry': {'enabled': True, 'params': {}}, 'client_selector': {'enabled': False, 'params': {}}, 'client_cluster': {'enabled': False, 'params': {}}, 'message_compressor': {'enabled': False, 'params': {}}, 'model_co-versioning_registry': {'enabled': False, 'params': {}}, 'multi-task_model_trainer': {'enabled': False, 'params': {}}, 'heterogeneous_data_handler': {'enabled': True, 'params': {'enabled_clients': []}}}
{'client_selector': {'enabled': False}, 'client_cluster': {'enabled': False}, 'message_compressor': {'enabled': False}, 'model_co-versioning_registry': {'enabled': False}, 'multi-task_model_trainer': {'enabled': False}, 'heterogeneous_data_handler': {'enabled': False}, 'client_registry': {'enabled': True, 'params': {}}}
client 23, predicted wo:0.0862 vs w:0.0862
client 24, predicted wo:0.0862 vs w:0.0862
client 25, predicted wo:0.0862 vs w:0.0862
client 26, predicted wo:0.0862 vs w:0.0862
client 27, predicted wo:0.0862 vs w:0.0862
client 28, predicted wo:0.0862 vs w:0.0862
heterogeneous_data_handler de-activated ❌
Results Aggregated in 138.10 seconds.
{'CNN 64k': {'train_loss': [1.1963813460508983, 1.1716517499685288, 1.324132943227556, 1.1373086799780527, 1.116573071829478, 1.1638643120659722, 1.0620996635959261, 1.0196145585219065, 0.8947540216110371, 0.8450056701978048, 0.8717233315294439, 0.7896283394442665, 0.8437572948724795, 0.7824208344641186, 0.6919686894204882, 0.701889220960935], 'train_accuracy': [0.5587333333333333, 0.5831333333333333, 0.524, 0.5987833333333333, 0.6019466666666666, 0.5857555555555556, 0.6160476190476191, 0.633825, 0.6846592592592593, 0.7054, 0.6909030303030304, 0.7260333333333333, 0.6986974358974359, 0.7253333333333334, 0.7593244444444445, 0.7527], 'train_f1': [0.10459589852649102, 0.1688727652196103, 0.21512794089346723, 0.2859359390935643, 0.33910646363789665, 0.38995178801886876, 0.4323774313666131, 0.46838593465956985, 0.4763041218433903, 0.4987606133356572, 0.5273544800535868, 0.5478434279650224, 0.5859277574842915, 0.6144394262270355, 0.6193307070259048, 0.6734835862146032], 'train_mae': [1.5292666666666668, 1.5676666666666668, 1.6995111111111112, 1.5302666666666667, 1.5968666666666667, 1.3454222222222223, 1.4171619047619048, 1.36955, 1.1458814814814815, 1.0666533333333332, 1.2098666666666666, 1.0448222222222223, 1.0001282051282052, 0.8740619047619047, 0.7846266666666667, 0.8833], 'val_loss': [3.754851659329732, 3.409484854253133, 2.834369234085083, 2.6584742732365925, 2.53979901415507, 2.3623899317423502, 2.261343299547831, 2.148751310189565, 2.240328168614705, 2.136498130130768, 2.1437658221562703, 2.057132429599762, 2.0924981318473814, 1.999677985827128, 2.047409777164459, 1.8564427232742309], 'val_accuracy': [0.10363333333333333, 0.16668333333333332, 0.21241666666666667, 0.2654, 0.30301666666666666, 0.33466666666666667, 0.3709, 0.38965, 0.39368333333333333, 0.4015666666666667, 0.4375, 0.44361666666666666, 0.46086666666666665, 0.4898666666666667, 0.47536666666666666, 0.5250333333333334], 'val_f1': [0.025962414535976513, 0.07289910262655315, 0.12613733341560673, 0.18601783993006155, 0.2232335185197219, 0.2740318384282014, 0.3101580164669947, 0.3304978722110658, 0.33771665199599377, 0.35014614488372153, 0.3743649199729698, 0.3865887380403045, 0.4192715214331149, 0.4483582540661835, 0.4287415088088835, 0.48702215523023445], 'val_mae': [3.3226166666666668, 3.0212, 2.83015, 2.81845, 2.6608, 2.4472666666666667, 2.36175, 2.244, 2.2935833333333333, 2.1613333333333333, 2.164266666666667, 2.1048666666666667, 1.9679833333333334, 1.9219333333333333, 1.96535, 1.7752166666666667], 'jsd': [(0.4367678799248543, 0.3726022013920672, 0.33012616749838786, 0.27832897646817445, 0.42879967571932587, 0.4165868265650775), (0.25758589062412296, 0.2007612501305263, 0.3779751113065423, 0.25694310586134084, 0.33898009694108633, 0.40309431905105153), (0.2088491145144762, 0.21268383692546436, 0.31395665504198866, 0.1948814578847809, 0.17875551282640975, 0.20995376660632126), (0.13281226439445912, 0.20665478835796658, 0.09124270812202297, 0.3363616559725021, 0.3341000619948591, 0.262098149167483), (0.21072309738593542, 0.1832404572771539, 0.19960826048737454, 0.1616776882881678, 0.21226927158722686, 0.20772281013047117), (0.17029504465549322, 0.14552244837869746, 0.16554135236239625, 0.12135374490987136, 0.17967022309999142, 0.27456306730159796), (0.2329576054684142, 0.12397212832457115, 0.13328979500946367, 0.19539459596894831, 0.1162699077926783, 0.25685809298811685), (0.1749717359143864, 0.2037401353892161, 0.1199154420139664, 0.14863620323509238, 0.17727494724531473, 0.13423777226556857), (0.1443489537860295, 0.1609486277100639, 0.08794113993496948, 0.4127086729933672, 0.24679718891786795, 0.1885315220211246), (0.2053259393323541, 0.2278575782304345, 0.33290655539828484, 0.23528233211788555, 0.10529803018163811, 0.177219104738155), (0.15340834284897803, 0.17212090824809279, 0.13679091972883095, 0.12390240108166682, 0.2282556162654772, 0.1766384166969266), (0.1902361632593001, 0.1626220271338191, 0.20218761569878124, 0.19509835465969874, 0.23354665811213468, 0.17843962328458898), (0.16167347971077706, 0.25745776093628825, 0.14894326658221607, 0.13137681083062086, 0.09779715243130349, 0.14586972557673394), (0.1255490969582191, 0.14044175041240942, 0.18867270386549195, 0.12496523329643497, 0.18172440822550345, 0.1744083667309721), (0.09329527819469147, 0.09414522927109514, 0.1440964146843844, 0.20728332424545012, 0.33831095606607414, 0.1800929991252685), (0.053509498461138796, 0.19197220192395564, 0.14233940094799025, 0.15151812386979152, 0.12622150850307245, 0.15192829365298505)]}}
AdaptationManager: Configuring next round...
{'client_registry': {'enabled': True, 'params': {}}, 'client_selector': {'enabled': False, 'params': {}}, 'client_cluster': {'enabled': False, 'params': {}}, 'message_compressor': {'enabled': False, 'params': {}}, 'model_co-versioning_registry': {'enabled': False, 'params': {}}, 'multi-task_model_trainer': {'enabled': False, 'params': {}}, 'heterogeneous_data_handler': {'enabled': True, 'params': {'enabled_clients': []}}}
{'client_selector': {'enabled': False}, 'client_cluster': {'enabled': False}, 'message_compressor': {'enabled': False}, 'model_co-versioning_registry': {'enabled': False}, 'multi-task_model_trainer': {'enabled': False}, 'heterogeneous_data_handler': {'enabled': False}, 'client_registry': {'enabled': True, 'params': {}}}
client 23, predicted wo:0.0862 vs w:0.0862
client 24, predicted wo:0.0862 vs w:0.0862
client 25, predicted wo:0.0862 vs w:0.0862
client 26, predicted wo:0.0862 vs w:0.0862
client 27, predicted wo:0.0862 vs w:0.0862
client 28, predicted wo:0.0862 vs w:0.0862
heterogeneous_data_handler de-activated ❌
Results Aggregated in 144.39 seconds.
{'CNN 64k': {'train_loss': [1.1963813460508983, 1.1716517499685288, 1.324132943227556, 1.1373086799780527, 1.116573071829478, 1.1638643120659722, 1.0620996635959261, 1.0196145585219065, 0.8947540216110371, 0.8450056701978048, 0.8717233315294439, 0.7896283394442665, 0.8437572948724795, 0.7824208344641186, 0.6919686894204882, 0.701889220960935, 0.6592088927067963], 'train_accuracy': [0.5587333333333333, 0.5831333333333333, 0.524, 0.5987833333333333, 0.6019466666666666, 0.5857555555555556, 0.6160476190476191, 0.633825, 0.6846592592592593, 0.7054, 0.6909030303030304, 0.7260333333333333, 0.6986974358974359, 0.7253333333333334, 0.7593244444444445, 0.7527, 0.7656039215686274], 'train_f1': [0.10459589852649102, 0.1688727652196103, 0.21512794089346723, 0.2859359390935643, 0.33910646363789665, 0.38995178801886876, 0.4323774313666131, 0.46838593465956985, 0.4763041218433903, 0.4987606133356572, 0.5273544800535868, 0.5478434279650224, 0.5859277574842915, 0.6144394262270355, 0.6193307070259048, 0.6734835862146032, 0.6392306582625822], 'train_mae': [1.5292666666666668, 1.5676666666666668, 1.6995111111111112, 1.5302666666666667, 1.5968666666666667, 1.3454222222222223, 1.4171619047619048, 1.36955, 1.1458814814814815, 1.0666533333333332, 1.2098666666666666, 1.0448222222222223, 1.0001282051282052, 0.8740619047619047, 0.7846266666666667, 0.8833, 0.7213294117647059], 'val_loss': [3.754851659329732, 3.409484854253133, 2.834369234085083, 2.6584742732365925, 2.53979901415507, 2.3623899317423502, 2.261343299547831, 2.148751310189565, 2.240328168614705, 2.136498130130768, 2.1437658221562703, 2.057132429599762, 2.0924981318473814, 1.999677985827128, 2.047409777164459, 1.8564427232742309, 2.016010758558909], 'val_accuracy': [0.10363333333333333, 0.16668333333333332, 0.21241666666666667, 0.2654, 0.30301666666666666, 0.33466666666666667, 0.3709, 0.38965, 0.39368333333333333, 0.4015666666666667, 0.4375, 0.44361666666666666, 0.46086666666666665, 0.4898666666666667, 0.47536666666666666, 0.5250333333333334, 0.4911], 'val_f1': [0.025962414535976513, 0.07289910262655315, 0.12613733341560673, 0.18601783993006155, 0.2232335185197219, 0.2740318384282014, 0.3101580164669947, 0.3304978722110658, 0.33771665199599377, 0.35014614488372153, 0.3743649199729698, 0.3865887380403045, 0.4192715214331149, 0.4483582540661835, 0.4287415088088835, 0.48702215523023445, 0.44583460688542603], 'val_mae': [3.3226166666666668, 3.0212, 2.83015, 2.81845, 2.6608, 2.4472666666666667, 2.36175, 2.244, 2.2935833333333333, 2.1613333333333333, 2.164266666666667, 2.1048666666666667, 1.9679833333333334, 1.9219333333333333, 1.96535, 1.7752166666666667, 1.8776833333333334], 'jsd': [(0.4367678799248543, 0.3726022013920672, 0.33012616749838786, 0.27832897646817445, 0.42879967571932587, 0.4165868265650775), (0.25758589062412296, 0.2007612501305263, 0.3779751113065423, 0.25694310586134084, 0.33898009694108633, 0.40309431905105153), (0.2088491145144762, 0.21268383692546436, 0.31395665504198866, 0.1948814578847809, 0.17875551282640975, 0.20995376660632126), (0.13281226439445912, 0.20665478835796658, 0.09124270812202297, 0.3363616559725021, 0.3341000619948591, 0.262098149167483), (0.21072309738593542, 0.1832404572771539, 0.19960826048737454, 0.1616776882881678, 0.21226927158722686, 0.20772281013047117), (0.17029504465549322, 0.14552244837869746, 0.16554135236239625, 0.12135374490987136, 0.17967022309999142, 0.27456306730159796), (0.2329576054684142, 0.12397212832457115, 0.13328979500946367, 0.19539459596894831, 0.1162699077926783, 0.25685809298811685), (0.1749717359143864, 0.2037401353892161, 0.1199154420139664, 0.14863620323509238, 0.17727494724531473, 0.13423777226556857), (0.1443489537860295, 0.1609486277100639, 0.08794113993496948, 0.4127086729933672, 0.24679718891786795, 0.1885315220211246), (0.2053259393323541, 0.2278575782304345, 0.33290655539828484, 0.23528233211788555, 0.10529803018163811, 0.177219104738155), (0.15340834284897803, 0.17212090824809279, 0.13679091972883095, 0.12390240108166682, 0.2282556162654772, 0.1766384166969266), (0.1902361632593001, 0.1626220271338191, 0.20218761569878124, 0.19509835465969874, 0.23354665811213468, 0.17843962328458898), (0.16167347971077706, 0.25745776093628825, 0.14894326658221607, 0.13137681083062086, 0.09779715243130349, 0.14586972557673394), (0.1255490969582191, 0.14044175041240942, 0.18867270386549195, 0.12496523329643497, 0.18172440822550345, 0.1744083667309721), (0.09329527819469147, 0.09414522927109514, 0.1440964146843844, 0.20728332424545012, 0.33831095606607414, 0.1800929991252685), (0.053509498461138796, 0.19197220192395564, 0.14233940094799025, 0.15151812386979152, 0.12622150850307245, 0.15192829365298505), (0.13564815784543408, 0.3106004477387482, 0.127329871806528, 0.17196396941158337, 0.20106161574534204, 0.1841706009974568)]}}
AdaptationManager: Configuring next round...
{'client_registry': {'enabled': True, 'params': {}}, 'client_selector': {'enabled': False, 'params': {}}, 'client_cluster': {'enabled': False, 'params': {}}, 'message_compressor': {'enabled': False, 'params': {}}, 'model_co-versioning_registry': {'enabled': False, 'params': {}}, 'multi-task_model_trainer': {'enabled': False, 'params': {}}, 'heterogeneous_data_handler': {'enabled': True, 'params': {'enabled_clients': []}}}
{'client_selector': {'enabled': False}, 'client_cluster': {'enabled': False}, 'message_compressor': {'enabled': False}, 'model_co-versioning_registry': {'enabled': False}, 'multi-task_model_trainer': {'enabled': False}, 'heterogeneous_data_handler': {'enabled': False}, 'client_registry': {'enabled': True, 'params': {}}}
client 23, predicted wo:0.0862 vs w:0.0862
client 24, predicted wo:0.0862 vs w:0.0862
client 25, predicted wo:0.0862 vs w:0.0862
client 26, predicted wo:0.0862 vs w:0.0862
client 27, predicted wo:0.0862 vs w:0.0862
client 28, predicted wo:0.0862 vs w:0.0862
heterogeneous_data_handler de-activated ❌
Results Aggregated in 148.02 seconds.
{'CNN 64k': {'train_loss': [1.1963813460508983, 1.1716517499685288, 1.324132943227556, 1.1373086799780527, 1.116573071829478, 1.1638643120659722, 1.0620996635959261, 1.0196145585219065, 0.8947540216110371, 0.8450056701978048, 0.8717233315294439, 0.7896283394442665, 0.8437572948724795, 0.7824208344641186, 0.6919686894204882, 0.701889220960935, 0.6592088927067963, 0.6923507636176215], 'train_accuracy': [0.5587333333333333, 0.5831333333333333, 0.524, 0.5987833333333333, 0.6019466666666666, 0.5857555555555556, 0.6160476190476191, 0.633825, 0.6846592592592593, 0.7054, 0.6909030303030304, 0.7260333333333333, 0.6986974358974359, 0.7253333333333334, 0.7593244444444445, 0.7527, 0.7656039215686274, 0.7547888888888888], 'train_f1': [0.10459589852649102, 0.1688727652196103, 0.21512794089346723, 0.2859359390935643, 0.33910646363789665, 0.38995178801886876, 0.4323774313666131, 0.46838593465956985, 0.4763041218433903, 0.4987606133356572, 0.5273544800535868, 0.5478434279650224, 0.5859277574842915, 0.6144394262270355, 0.6193307070259048, 0.6734835862146032, 0.6392306582625822, 0.7011940456308515], 'train_mae': [1.5292666666666668, 1.5676666666666668, 1.6995111111111112, 1.5302666666666667, 1.5968666666666667, 1.3454222222222223, 1.4171619047619048, 1.36955, 1.1458814814814815, 1.0666533333333332, 1.2098666666666666, 1.0448222222222223, 1.0001282051282052, 0.8740619047619047, 0.7846266666666667, 0.8833, 0.7213294117647059, 0.8968333333333334], 'val_loss': [3.754851659329732, 3.409484854253133, 2.834369234085083, 2.6584742732365925, 2.53979901415507, 2.3623899317423502, 2.261343299547831, 2.148751310189565, 2.240328168614705, 2.136498130130768, 2.1437658221562703, 2.057132429599762, 2.0924981318473814, 1.999677985827128, 2.047409777164459, 1.8564427232742309, 2.016010758558909, 1.7623413349787393], 'val_accuracy': [0.10363333333333333, 0.16668333333333332, 0.21241666666666667, 0.2654, 0.30301666666666666, 0.33466666666666667, 0.3709, 0.38965, 0.39368333333333333, 0.4015666666666667, 0.4375, 0.44361666666666666, 0.46086666666666665, 0.4898666666666667, 0.47536666666666666, 0.5250333333333334, 0.4911, 0.5519666666666667], 'val_f1': [0.025962414535976513, 0.07289910262655315, 0.12613733341560673, 0.18601783993006155, 0.2232335185197219, 0.2740318384282014, 0.3101580164669947, 0.3304978722110658, 0.33771665199599377, 0.35014614488372153, 0.3743649199729698, 0.3865887380403045, 0.4192715214331149, 0.4483582540661835, 0.4287415088088835, 0.48702215523023445, 0.44583460688542603, 0.5179593837631227], 'val_mae': [3.3226166666666668, 3.0212, 2.83015, 2.81845, 2.6608, 2.4472666666666667, 2.36175, 2.244, 2.2935833333333333, 2.1613333333333333, 2.164266666666667, 2.1048666666666667, 1.9679833333333334, 1.9219333333333333, 1.96535, 1.7752166666666667, 1.8776833333333334, 1.6725333333333334], 'jsd': [(0.4367678799248543, 0.3726022013920672, 0.33012616749838786, 0.27832897646817445, 0.42879967571932587, 0.4165868265650775), (0.25758589062412296, 0.2007612501305263, 0.3779751113065423, 0.25694310586134084, 0.33898009694108633, 0.40309431905105153), (0.2088491145144762, 0.21268383692546436, 0.31395665504198866, 0.1948814578847809, 0.17875551282640975, 0.20995376660632126), (0.13281226439445912, 0.20665478835796658, 0.09124270812202297, 0.3363616559725021, 0.3341000619948591, 0.262098149167483), (0.21072309738593542, 0.1832404572771539, 0.19960826048737454, 0.1616776882881678, 0.21226927158722686, 0.20772281013047117), (0.17029504465549322, 0.14552244837869746, 0.16554135236239625, 0.12135374490987136, 0.17967022309999142, 0.27456306730159796), (0.2329576054684142, 0.12397212832457115, 0.13328979500946367, 0.19539459596894831, 0.1162699077926783, 0.25685809298811685), (0.1749717359143864, 0.2037401353892161, 0.1199154420139664, 0.14863620323509238, 0.17727494724531473, 0.13423777226556857), (0.1443489537860295, 0.1609486277100639, 0.08794113993496948, 0.4127086729933672, 0.24679718891786795, 0.1885315220211246), (0.2053259393323541, 0.2278575782304345, 0.33290655539828484, 0.23528233211788555, 0.10529803018163811, 0.177219104738155), (0.15340834284897803, 0.17212090824809279, 0.13679091972883095, 0.12390240108166682, 0.2282556162654772, 0.1766384166969266), (0.1902361632593001, 0.1626220271338191, 0.20218761569878124, 0.19509835465969874, 0.23354665811213468, 0.17843962328458898), (0.16167347971077706, 0.25745776093628825, 0.14894326658221607, 0.13137681083062086, 0.09779715243130349, 0.14586972557673394), (0.1255490969582191, 0.14044175041240942, 0.18867270386549195, 0.12496523329643497, 0.18172440822550345, 0.1744083667309721), (0.09329527819469147, 0.09414522927109514, 0.1440964146843844, 0.20728332424545012, 0.33831095606607414, 0.1800929991252685), (0.053509498461138796, 0.19197220192395564, 0.14233940094799025, 0.15151812386979152, 0.12622150850307245, 0.15192829365298505), (0.13564815784543408, 0.3106004477387482, 0.127329871806528, 0.17196396941158337, 0.20106161574534204, 0.1841706009974568), (0.08612296966496126, 0.16645892533684598, 0.0751557682324242, 0.12194068272309375, 0.1702804120852271, 0.09017535667845807)]}}
AdaptationManager: Configuring next round...
{'client_registry': {'enabled': True, 'params': {}}, 'client_selector': {'enabled': False, 'params': {}}, 'client_cluster': {'enabled': False, 'params': {}}, 'message_compressor': {'enabled': False, 'params': {}}, 'model_co-versioning_registry': {'enabled': False, 'params': {}}, 'multi-task_model_trainer': {'enabled': False, 'params': {}}, 'heterogeneous_data_handler': {'enabled': True, 'params': {'enabled_clients': []}}}
{'client_selector': {'enabled': False}, 'client_cluster': {'enabled': False}, 'message_compressor': {'enabled': False}, 'model_co-versioning_registry': {'enabled': False}, 'multi-task_model_trainer': {'enabled': False}, 'heterogeneous_data_handler': {'enabled': False}, 'client_registry': {'enabled': True, 'params': {}}}
client 23, predicted wo:0.0862 vs w:0.0862
client 24, predicted wo:0.0862 vs w:0.0862
client 25, predicted wo:0.0862 vs w:0.0862
client 26, predicted wo:0.0862 vs w:0.0862
client 27, predicted wo:0.0862 vs w:0.0862
client 28, predicted wo:0.0862 vs w:0.0862
heterogeneous_data_handler de-activated ❌
Results Aggregated in 151.64 seconds.
{'CNN 64k': {'train_loss': [1.1963813460508983, 1.1716517499685288, 1.324132943227556, 1.1373086799780527, 1.116573071829478, 1.1638643120659722, 1.0620996635959261, 1.0196145585219065, 0.8947540216110371, 0.8450056701978048, 0.8717233315294439, 0.7896283394442665, 0.8437572948724795, 0.7824208344641186, 0.6919686894204882, 0.701889220960935, 0.6592088927067963, 0.6923507636176215, 0.573349179968081], 'train_accuracy': [0.5587333333333333, 0.5831333333333333, 0.524, 0.5987833333333333, 0.6019466666666666, 0.5857555555555556, 0.6160476190476191, 0.633825, 0.6846592592592593, 0.7054, 0.6909030303030304, 0.7260333333333333, 0.6986974358974359, 0.7253333333333334, 0.7593244444444445, 0.7527, 0.7656039215686274, 0.7547888888888888, 0.7978350877192982], 'train_f1': [0.10459589852649102, 0.1688727652196103, 0.21512794089346723, 0.2859359390935643, 0.33910646363789665, 0.38995178801886876, 0.4323774313666131, 0.46838593465956985, 0.4763041218433903, 0.4987606133356572, 0.5273544800535868, 0.5478434279650224, 0.5859277574842915, 0.6144394262270355, 0.6193307070259048, 0.6734835862146032, 0.6392306582625822, 0.7011940456308515, 0.6900989595168627], 'train_mae': [1.5292666666666668, 1.5676666666666668, 1.6995111111111112, 1.5302666666666667, 1.5968666666666667, 1.3454222222222223, 1.4171619047619048, 1.36955, 1.1458814814814815, 1.0666533333333332, 1.2098666666666666, 1.0448222222222223, 1.0001282051282052, 0.8740619047619047, 0.7846266666666667, 0.8833, 0.7213294117647059, 0.8968333333333334, 0.6245157894736842], 'val_loss': [3.754851659329732, 3.409484854253133, 2.834369234085083, 2.6584742732365925, 2.53979901415507, 2.3623899317423502, 2.261343299547831, 2.148751310189565, 2.240328168614705, 2.136498130130768, 2.1437658221562703, 2.057132429599762, 2.0924981318473814, 1.999677985827128, 2.047409777164459, 1.8564427232742309, 2.016010758558909, 1.7623413349787393, 1.8731137411753336], 'val_accuracy': [0.10363333333333333, 0.16668333333333332, 0.21241666666666667, 0.2654, 0.30301666666666666, 0.33466666666666667, 0.3709, 0.38965, 0.39368333333333333, 0.4015666666666667, 0.4375, 0.44361666666666666, 0.46086666666666665, 0.4898666666666667, 0.47536666666666666, 0.5250333333333334, 0.4911, 0.5519666666666667, 0.5186333333333333], 'val_f1': [0.025962414535976513, 0.07289910262655315, 0.12613733341560673, 0.18601783993006155, 0.2232335185197219, 0.2740318384282014, 0.3101580164669947, 0.3304978722110658, 0.33771665199599377, 0.35014614488372153, 0.3743649199729698, 0.3865887380403045, 0.4192715214331149, 0.4483582540661835, 0.4287415088088835, 0.48702215523023445, 0.44583460688542603, 0.5179593837631227, 0.4763191310708984], 'val_mae': [3.3226166666666668, 3.0212, 2.83015, 2.81845, 2.6608, 2.4472666666666667, 2.36175, 2.244, 2.2935833333333333, 2.1613333333333333, 2.164266666666667, 2.1048666666666667, 1.9679833333333334, 1.9219333333333333, 1.96535, 1.7752166666666667, 1.8776833333333334, 1.6725333333333334, 1.7877166666666666], 'jsd': [(0.4367678799248543, 0.3726022013920672, 0.33012616749838786, 0.27832897646817445, 0.42879967571932587, 0.4165868265650775), (0.25758589062412296, 0.2007612501305263, 0.3779751113065423, 0.25694310586134084, 0.33898009694108633, 0.40309431905105153), (0.2088491145144762, 0.21268383692546436, 0.31395665504198866, 0.1948814578847809, 0.17875551282640975, 0.20995376660632126), (0.13281226439445912, 0.20665478835796658, 0.09124270812202297, 0.3363616559725021, 0.3341000619948591, 0.262098149167483), (0.21072309738593542, 0.1832404572771539, 0.19960826048737454, 0.1616776882881678, 0.21226927158722686, 0.20772281013047117), (0.17029504465549322, 0.14552244837869746, 0.16554135236239625, 0.12135374490987136, 0.17967022309999142, 0.27456306730159796), (0.2329576054684142, 0.12397212832457115, 0.13328979500946367, 0.19539459596894831, 0.1162699077926783, 0.25685809298811685), (0.1749717359143864, 0.2037401353892161, 0.1199154420139664, 0.14863620323509238, 0.17727494724531473, 0.13423777226556857), (0.1443489537860295, 0.1609486277100639, 0.08794113993496948, 0.4127086729933672, 0.24679718891786795, 0.1885315220211246), (0.2053259393323541, 0.2278575782304345, 0.33290655539828484, 0.23528233211788555, 0.10529803018163811, 0.177219104738155), (0.15340834284897803, 0.17212090824809279, 0.13679091972883095, 0.12390240108166682, 0.2282556162654772, 0.1766384166969266), (0.1902361632593001, 0.1626220271338191, 0.20218761569878124, 0.19509835465969874, 0.23354665811213468, 0.17843962328458898), (0.16167347971077706, 0.25745776093628825, 0.14894326658221607, 0.13137681083062086, 0.09779715243130349, 0.14586972557673394), (0.1255490969582191, 0.14044175041240942, 0.18867270386549195, 0.12496523329643497, 0.18172440822550345, 0.1744083667309721), (0.09329527819469147, 0.09414522927109514, 0.1440964146843844, 0.20728332424545012, 0.33831095606607414, 0.1800929991252685), (0.053509498461138796, 0.19197220192395564, 0.14233940094799025, 0.15151812386979152, 0.12622150850307245, 0.15192829365298505), (0.13564815784543408, 0.3106004477387482, 0.127329871806528, 0.17196396941158337, 0.20106161574534204, 0.1841706009974568), (0.08612296966496126, 0.16645892533684598, 0.0751557682324242, 0.12194068272309375, 0.1702804120852271, 0.09017535667845807), (0.2863993680676337, 0.10902296029439323, 0.21322553043388665, 0.11931199655266049, 0.08512850832470886, 0.23498785694320826)]}}
AdaptationManager: Configuring next round...
{'client_registry': {'enabled': True, 'params': {}}, 'client_selector': {'enabled': False, 'params': {}}, 'client_cluster': {'enabled': False, 'params': {}}, 'message_compressor': {'enabled': False, 'params': {}}, 'model_co-versioning_registry': {'enabled': False, 'params': {}}, 'multi-task_model_trainer': {'enabled': False, 'params': {}}, 'heterogeneous_data_handler': {'enabled': True, 'params': {'enabled_clients': []}}}
{'client_selector': {'enabled': False}, 'client_cluster': {'enabled': False}, 'message_compressor': {'enabled': False}, 'model_co-versioning_registry': {'enabled': False}, 'multi-task_model_trainer': {'enabled': False}, 'heterogeneous_data_handler': {'enabled': False}, 'client_registry': {'enabled': True, 'params': {}}}
client 23, predicted wo:0.0862 vs w:0.0862
client 24, predicted wo:0.0862 vs w:0.0862
client 25, predicted wo:0.0862 vs w:0.0862
client 26, predicted wo:0.0862 vs w:0.0862
client 27, predicted wo:0.0862 vs w:0.0862
client 28, predicted wo:0.0862 vs w:0.0862
heterogeneous_data_handler de-activated ❌
Results Aggregated in 158.15 seconds.
{'CNN 64k': {'train_loss': [1.1963813460508983, 1.1716517499685288, 1.324132943227556, 1.1373086799780527, 1.116573071829478, 1.1638643120659722, 1.0620996635959261, 1.0196145585219065, 0.8947540216110371, 0.8450056701978048, 0.8717233315294439, 0.7896283394442665, 0.8437572948724795, 0.7824208344641186, 0.6919686894204882, 0.701889220960935, 0.6592088927067963, 0.6923507636176215, 0.573349179968081, 0.6058911059069634], 'train_accuracy': [0.5587333333333333, 0.5831333333333333, 0.524, 0.5987833333333333, 0.6019466666666666, 0.5857555555555556, 0.6160476190476191, 0.633825, 0.6846592592592593, 0.7054, 0.6909030303030304, 0.7260333333333333, 0.6986974358974359, 0.7253333333333334, 0.7593244444444445, 0.7527, 0.7656039215686274, 0.7547888888888888, 0.7978350877192982, 0.7860466666666667], 'train_f1': [0.10459589852649102, 0.1688727652196103, 0.21512794089346723, 0.2859359390935643, 0.33910646363789665, 0.38995178801886876, 0.4323774313666131, 0.46838593465956985, 0.4763041218433903, 0.4987606133356572, 0.5273544800535868, 0.5478434279650224, 0.5859277574842915, 0.6144394262270355, 0.6193307070259048, 0.6734835862146032, 0.6392306582625822, 0.7011940456308515, 0.6900989595168627, 0.7213116208097532], 'train_mae': [1.5292666666666668, 1.5676666666666668, 1.6995111111111112, 1.5302666666666667, 1.5968666666666667, 1.3454222222222223, 1.4171619047619048, 1.36955, 1.1458814814814815, 1.0666533333333332, 1.2098666666666666, 1.0448222222222223, 1.0001282051282052, 0.8740619047619047, 0.7846266666666667, 0.8833, 0.7213294117647059, 0.8968333333333334, 0.6245157894736842, 0.7192766666666667], 'val_loss': [3.754851659329732, 3.409484854253133, 2.834369234085083, 2.6584742732365925, 2.53979901415507, 2.3623899317423502, 2.261343299547831, 2.148751310189565, 2.240328168614705, 2.136498130130768, 2.1437658221562703, 2.057132429599762, 2.0924981318473814, 1.999677985827128, 2.047409777164459, 1.8564427232742309, 2.016010758558909, 1.7623413349787393, 1.8731137411753336, 1.7919900027910869], 'val_accuracy': [0.10363333333333333, 0.16668333333333332, 0.21241666666666667, 0.2654, 0.30301666666666666, 0.33466666666666667, 0.3709, 0.38965, 0.39368333333333333, 0.4015666666666667, 0.4375, 0.44361666666666666, 0.46086666666666665, 0.4898666666666667, 0.47536666666666666, 0.5250333333333334, 0.4911, 0.5519666666666667, 0.5186333333333333, 0.5535833333333333], 'val_f1': [0.025962414535976513, 0.07289910262655315, 0.12613733341560673, 0.18601783993006155, 0.2232335185197219, 0.2740318384282014, 0.3101580164669947, 0.3304978722110658, 0.33771665199599377, 0.35014614488372153, 0.3743649199729698, 0.3865887380403045, 0.4192715214331149, 0.4483582540661835, 0.4287415088088835, 0.48702215523023445, 0.44583460688542603, 0.5179593837631227, 0.4763191310708984, 0.5151882813936647], 'val_mae': [3.3226166666666668, 3.0212, 2.83015, 2.81845, 2.6608, 2.4472666666666667, 2.36175, 2.244, 2.2935833333333333, 2.1613333333333333, 2.164266666666667, 2.1048666666666667, 1.9679833333333334, 1.9219333333333333, 1.96535, 1.7752166666666667, 1.8776833333333334, 1.6725333333333334, 1.7877166666666666, 1.60625], 'jsd': [(0.4367678799248543, 0.3726022013920672, 0.33012616749838786, 0.27832897646817445, 0.42879967571932587, 0.4165868265650775), (0.25758589062412296, 0.2007612501305263, 0.3779751113065423, 0.25694310586134084, 0.33898009694108633, 0.40309431905105153), (0.2088491145144762, 0.21268383692546436, 0.31395665504198866, 0.1948814578847809, 0.17875551282640975, 0.20995376660632126), (0.13281226439445912, 0.20665478835796658, 0.09124270812202297, 0.3363616559725021, 0.3341000619948591, 0.262098149167483), (0.21072309738593542, 0.1832404572771539, 0.19960826048737454, 0.1616776882881678, 0.21226927158722686, 0.20772281013047117), (0.17029504465549322, 0.14552244837869746, 0.16554135236239625, 0.12135374490987136, 0.17967022309999142, 0.27456306730159796), (0.2329576054684142, 0.12397212832457115, 0.13328979500946367, 0.19539459596894831, 0.1162699077926783, 0.25685809298811685), (0.1749717359143864, 0.2037401353892161, 0.1199154420139664, 0.14863620323509238, 0.17727494724531473, 0.13423777226556857), (0.1443489537860295, 0.1609486277100639, 0.08794113993496948, 0.4127086729933672, 0.24679718891786795, 0.1885315220211246), (0.2053259393323541, 0.2278575782304345, 0.33290655539828484, 0.23528233211788555, 0.10529803018163811, 0.177219104738155), (0.15340834284897803, 0.17212090824809279, 0.13679091972883095, 0.12390240108166682, 0.2282556162654772, 0.1766384166969266), (0.1902361632593001, 0.1626220271338191, 0.20218761569878124, 0.19509835465969874, 0.23354665811213468, 0.17843962328458898), (0.16167347971077706, 0.25745776093628825, 0.14894326658221607, 0.13137681083062086, 0.09779715243130349, 0.14586972557673394), (0.1255490969582191, 0.14044175041240942, 0.18867270386549195, 0.12496523329643497, 0.18172440822550345, 0.1744083667309721), (0.09329527819469147, 0.09414522927109514, 0.1440964146843844, 0.20728332424545012, 0.33831095606607414, 0.1800929991252685), (0.053509498461138796, 0.19197220192395564, 0.14233940094799025, 0.15151812386979152, 0.12622150850307245, 0.15192829365298505), (0.13564815784543408, 0.3106004477387482, 0.127329871806528, 0.17196396941158337, 0.20106161574534204, 0.1841706009974568), (0.08612296966496126, 0.16645892533684598, 0.0751557682324242, 0.12194068272309375, 0.1702804120852271, 0.09017535667845807), (0.2863993680676337, 0.10902296029439323, 0.21322553043388665, 0.11931199655266049, 0.08512850832470886, 0.23498785694320826), (0.09127400136910457, 0.18622325970900167, 0.12355063930034858, 0.21528817233401276, 0.09589331557498643, 0.1376802131225786)]}}
AdaptationManager: Configuring next round...
{'client_registry': {'enabled': True, 'params': {}}, 'client_selector': {'enabled': False, 'params': {}}, 'client_cluster': {'enabled': False, 'params': {}}, 'message_compressor': {'enabled': False, 'params': {}}, 'model_co-versioning_registry': {'enabled': False, 'params': {}}, 'multi-task_model_trainer': {'enabled': False, 'params': {}}, 'heterogeneous_data_handler': {'enabled': True, 'params': {'enabled_clients': []}}}
{'client_selector': {'enabled': False}, 'client_cluster': {'enabled': False}, 'message_compressor': {'enabled': False}, 'model_co-versioning_registry': {'enabled': False}, 'multi-task_model_trainer': {'enabled': False}, 'heterogeneous_data_handler': {'enabled': False}, 'client_registry': {'enabled': True, 'params': {}}}
client 23, predicted wo:0.0862 vs w:0.0862
client 24, predicted wo:0.0862 vs w:0.0862
client 25, predicted wo:0.0862 vs w:0.0862
client 26, predicted wo:0.0862 vs w:0.0862
client 27, predicted wo:0.0862 vs w:0.0862
client 28, predicted wo:0.0862 vs w:0.0862
heterogeneous_data_handler de-activated ❌
