==========================================
  ___  ______  ___ ______       _ 
 / _ \ | ___ \/   ||  ___|     | |
/ /_\ \| |_/ / /| || |_ ___  __| |
|  _  ||  __/ /_| ||  _/ _ \/ _` |
| | | || |  \___  || ||  __/ (_| |
\_| |_/\_|      |_/\_| \___|\__,_| v.1.5.0

==========================================
Simulation Started!
List of the Architectural Patterns enabled:
Adaptation Enabled ✅
Global Metric: time, comparison with fixed value: 20.0
Client Registry ✅
Message Compressor ✅
==========================================
client Client 23 injecting delay of 9 seconds
client Client 24 injecting delay of 10 seconds
client Client 25 injecting delay of 0 seconds
Local parameters compressed: reduced 5288 bytes (7.17%)
client Client 26 injecting delay of 1 seconds
client Client 27 injecting delay of 7 seconds
client Client 28 injecting delay of 7 seconds
Local parameters compressed: reduced 5276 bytes (7.15%)
Local parameters compressed: reduced 5296 bytes (7.18%)
Local parameters compressed: reduced 5295 bytes (7.18%)
Local parameters compressed: reduced 5294 bytes (7.17%)
Local parameters compressed: reduced 5292 bytes (7.17%)
Results Aggregated in 39.87 seconds.
{'TextMLP': {'train_loss': [0.3419053545792898], 'train_accuracy': [0.8751527777777778], 'train_f1': [0.81298001772439], 'train_mae': [0.18486666666666668], 'val_loss': [3.0037503994556896], 'val_accuracy': [0.5925219298245614], 'val_f1': [0.5124829380315331], 'val_mae': [0.712609649122807], 'jsd': [(0, 0, 0, 0, 0, 0)]}}
AdaptationManager: Configuring next round...
{'client_registry': {'enabled': True, 'params': {}}, 'client_selector': {'enabled': False, 'params': {}}, 'client_cluster': {'enabled': False, 'params': {}}, 'message_compressor': {'enabled': True, 'params': {}}, 'model_co-versioning_registry': {'enabled': False, 'params': {}}, 'multi-task_model_trainer': {'enabled': False, 'params': {}}, 'heterogeneous_data_handler': {'enabled': False, 'params': {}}}
{'client_selector': {'enabled': False}, 'client_cluster': {'enabled': False}, 'message_compressor': {'enabled': True}, 'model_co-versioning_registry': {'enabled': False}, 'multi-task_model_trainer': {'enabled': False}, 'heterogeneous_data_handler': {'enabled': False}, 'client_registry': {'enabled': True, 'params': {}}}
time=39.872883558273315, message_compressor activated ✅
client Client 24 injecting delay of 6 seconds
client Client 28 injecting delay of 10 seconds
client Client 23 injecting delay of 1 seconds
client Client 26 injecting delay of 2 seconds
client Client 27 injecting delay of 1 seconds
client Client 25 injecting delay of 5 seconds
Local parameters compressed: reduced 5308 bytes (7.19%)
Local parameters compressed: reduced 5272 bytes (7.14%)
Local parameters compressed: reduced 5260 bytes (7.13%)
Local parameters compressed: reduced 5265 bytes (7.14%)
Local parameters compressed: reduced 5275 bytes (7.15%)
Local parameters compressed: reduced 5259 bytes (7.13%)
Results Aggregated in 19.45 seconds.
{'TextMLP': {'train_loss': [0.3419053545792898, 0.29206433271434573], 'train_accuracy': [0.8751527777777778, 0.8908652777777778], 'train_f1': [0.81298001772439, 0.8425914441935612], 'train_mae': [0.18486666666666668, 0.16445833333333335], 'val_loss': [3.0037503994556896, 4.150140331335235], 'val_accuracy': [0.5925219298245614, 0.6184649122807018], 'val_f1': [0.5124829380315331, 0.5360954529540678], 'val_mae': [0.712609649122807, 0.6642105263157895], 'jsd': [(0, 0, 0, 0, 0, 0), (0, 0, 0, 0, 0, 0)]}}
AdaptationManager: Configuring next round...
{'client_registry': {'enabled': True, 'params': {}}, 'client_selector': {'enabled': False, 'params': {}}, 'client_cluster': {'enabled': False, 'params': {}}, 'message_compressor': {'enabled': True, 'params': {}}, 'model_co-versioning_registry': {'enabled': False, 'params': {}}, 'multi-task_model_trainer': {'enabled': False, 'params': {}}, 'heterogeneous_data_handler': {'enabled': False, 'params': {}}}
{'client_selector': {'enabled': False}, 'client_cluster': {'enabled': False}, 'message_compressor': {'enabled': True}, 'model_co-versioning_registry': {'enabled': False}, 'multi-task_model_trainer': {'enabled': False}, 'heterogeneous_data_handler': {'enabled': False}, 'client_registry': {'enabled': True, 'params': {}}}
time=19.454296827316284, message_compressor de-activated ❌
client Client 23 injecting delay of 10 seconds
client Client 25 injecting delay of 4 seconds
client Client 24 injecting delay of 2 seconds
client Client 26 injecting delay of 6 seconds
client Client 27 injecting delay of 9 seconds
client Client 28 injecting delay of 5 seconds
Results Aggregated in 20.42 seconds.
{'TextMLP': {'train_loss': [0.3419053545792898, 0.29206433271434573, 0.2671114044080178], 'train_accuracy': [0.8751527777777778, 0.8908652777777778, 0.9004763888888889], 'train_f1': [0.81298001772439, 0.8425914441935612, 0.8585828066842499], 'train_mae': [0.18486666666666668, 0.16445833333333335, 0.15085277777777778], 'val_loss': [3.0037503994556896, 4.150140331335235, 5.223185152421919], 'val_accuracy': [0.5925219298245614, 0.6184649122807018, 0.6348026315789475], 'val_f1': [0.5124829380315331, 0.5360954529540678, 0.5493781152551388], 'val_mae': [0.712609649122807, 0.6642105263157895, 0.6355043859649123], 'jsd': [(0, 0, 0, 0, 0, 0), (0, 0, 0, 0, 0, 0), (0.22129893392959865, 0.22129893392959865, 0.22129893392959865, 0.22129893392959865, 0.22129893392959865, 0.22129893392959865)]}}
AdaptationManager: Configuring next round...
{'client_registry': {'enabled': True, 'params': {}}, 'client_selector': {'enabled': False, 'params': {}}, 'client_cluster': {'enabled': False, 'params': {}}, 'message_compressor': {'enabled': True, 'params': {}}, 'model_co-versioning_registry': {'enabled': False, 'params': {}}, 'multi-task_model_trainer': {'enabled': False, 'params': {}}, 'heterogeneous_data_handler': {'enabled': False, 'params': {}}}
{'client_selector': {'enabled': False}, 'client_cluster': {'enabled': False}, 'message_compressor': {'enabled': False}, 'model_co-versioning_registry': {'enabled': False}, 'multi-task_model_trainer': {'enabled': False}, 'heterogeneous_data_handler': {'enabled': False}, 'client_registry': {'enabled': True, 'params': {}}}
time=20.422162532806396, message_compressor activated ✅
client Client 26 injecting delay of 4 seconds
client Client 23 injecting delay of 6 seconds
client Client 28 injecting delay of 5 seconds
client Client 25 injecting delay of 10 seconds
client Client 27 injecting delay of 5 seconds
client Client 24 injecting delay of 3 seconds
Local parameters compressed: reduced 5218 bytes (7.07%)
Local parameters compressed: reduced 5201 bytes (7.05%)
Local parameters compressed: reduced 5177 bytes (7.02%)
Local parameters compressed: reduced 5235 bytes (7.09%)
Local parameters compressed: reduced 5187 bytes (7.03%)
Local parameters compressed: reduced 5220 bytes (7.07%)
Results Aggregated in 19.61 seconds.
{'TextMLP': {'train_loss': [0.3419053545792898, 0.29206433271434573, 0.2671114044080178, 0.25316706404222383], 'train_accuracy': [0.8751527777777778, 0.8908652777777778, 0.9004763888888889, 0.9044819444444444], 'train_f1': [0.81298001772439, 0.8425914441935612, 0.8585828066842499, 0.8647460792494728], 'train_mae': [0.18486666666666668, 0.16445833333333335, 0.15085277777777778, 0.14571111111111112], 'val_loss': [3.0037503994556896, 4.150140331335235, 5.223185152421919, 5.434017092386881], 'val_accuracy': [0.5925219298245614, 0.6184649122807018, 0.6348026315789475, 0.636140350877193], 'val_f1': [0.5124829380315331, 0.5360954529540678, 0.5493781152551388, 0.5509909315035141], 'val_mae': [0.712609649122807, 0.6642105263157895, 0.6355043859649123, 0.6411622807017544], 'jsd': [(0, 0, 0, 0, 0, 0), (0, 0, 0, 0, 0, 0), (0.22129893392959865, 0.22129893392959865, 0.22129893392959865, 0.22129893392959865, 0.22129893392959865, 0.22129893392959865), (0, 0, 0, 0, 0, 0)]}}
AdaptationManager: Configuring next round...
{'client_registry': {'enabled': True, 'params': {}}, 'client_selector': {'enabled': False, 'params': {}}, 'client_cluster': {'enabled': False, 'params': {}}, 'message_compressor': {'enabled': True, 'params': {}}, 'model_co-versioning_registry': {'enabled': False, 'params': {}}, 'multi-task_model_trainer': {'enabled': False, 'params': {}}, 'heterogeneous_data_handler': {'enabled': False, 'params': {}}}
{'client_selector': {'enabled': False}, 'client_cluster': {'enabled': False}, 'message_compressor': {'enabled': True}, 'model_co-versioning_registry': {'enabled': False}, 'multi-task_model_trainer': {'enabled': False}, 'heterogeneous_data_handler': {'enabled': False}, 'client_registry': {'enabled': True, 'params': {}}}
time=19.609513521194458, message_compressor de-activated ❌
client Client 23 injecting delay of 4 seconds
client Client 26 injecting delay of 9 seconds
client Client 24 injecting delay of 7 seconds
client Client 28 injecting delay of 1 seconds
client Client 25 injecting delay of 5 seconds
client Client 27 injecting delay of 2 seconds
Results Aggregated in 18.46 seconds.
{'TextMLP': {'train_loss': [0.3419053545792898, 0.29206433271434573, 0.2671114044080178, 0.25316706404222383, 0.24355921381049686], 'train_accuracy': [0.8751527777777778, 0.8908652777777778, 0.9004763888888889, 0.9044819444444444, 0.9085402777777778], 'train_f1': [0.81298001772439, 0.8425914441935612, 0.8585828066842499, 0.8647460792494728, 0.8711139528854683], 'train_mae': [0.18486666666666668, 0.16445833333333335, 0.15085277777777778, 0.14571111111111112, 0.13908194444444444], 'val_loss': [3.0037503994556896, 4.150140331335235, 5.223185152421919, 5.434017092386881, 5.569915433013649], 'val_accuracy': [0.5925219298245614, 0.6184649122807018, 0.6348026315789475, 0.636140350877193, 0.6416008771929824], 'val_f1': [0.5124829380315331, 0.5360954529540678, 0.5493781152551388, 0.5509909315035141, 0.5555936229519406], 'val_mae': [0.712609649122807, 0.6642105263157895, 0.6355043859649123, 0.6411622807017544, 0.6252412280701755], 'jsd': [(0, 0, 0, 0, 0, 0), (0, 0, 0, 0, 0, 0), (0.22129893392959865, 0.22129893392959865, 0.22129893392959865, 0.22129893392959865, 0.22129893392959865, 0.22129893392959865), (0, 0, 0, 0, 0, 0), (0.22129893392959865, 0.22129893392959865, 0.22129893392959865, 0.22129893392959865, 0.22129893392959865, 0.22129893392959865)]}}
AdaptationManager: Configuring next round...
{'client_registry': {'enabled': True, 'params': {}}, 'client_selector': {'enabled': False, 'params': {}}, 'client_cluster': {'enabled': False, 'params': {}}, 'message_compressor': {'enabled': True, 'params': {}}, 'model_co-versioning_registry': {'enabled': False, 'params': {}}, 'multi-task_model_trainer': {'enabled': False, 'params': {}}, 'heterogeneous_data_handler': {'enabled': False, 'params': {}}}
{'client_selector': {'enabled': False}, 'client_cluster': {'enabled': False}, 'message_compressor': {'enabled': False}, 'model_co-versioning_registry': {'enabled': False}, 'multi-task_model_trainer': {'enabled': False}, 'heterogeneous_data_handler': {'enabled': False}, 'client_registry': {'enabled': True, 'params': {}}}
time=18.45784616470337, message_compressor de-activated ❌
client Client 23 injecting delay of 8 seconds
client Client 26 injecting delay of 6 seconds
client Client 28 injecting delay of 6 seconds
client Client 25 injecting delay of 3 seconds
client Client 27 injecting delay of 7 seconds
client Client 24 injecting delay of 10 seconds
Results Aggregated in 20.96 seconds.
{'TextMLP': {'train_loss': [0.3419053545792898, 0.29206433271434573, 0.2671114044080178, 0.25316706404222383, 0.24355921381049686, 0.23808363550404707], 'train_accuracy': [0.8751527777777778, 0.8908652777777778, 0.9004763888888889, 0.9044819444444444, 0.9085402777777778, 0.9109333333333334], 'train_f1': [0.81298001772439, 0.8425914441935612, 0.8585828066842499, 0.8647460792494728, 0.8711139528854683, 0.8741917360049689], 'train_mae': [0.18486666666666668, 0.16445833333333335, 0.15085277777777778, 0.14571111111111112, 0.13908194444444444, 0.1366236111111111], 'val_loss': [3.0037503994556896, 4.150140331335235, 5.223185152421919, 5.434017092386881, 5.569915433013649, 5.7648737731732815], 'val_accuracy': [0.5925219298245614, 0.6184649122807018, 0.6348026315789475, 0.636140350877193, 0.6416008771929824, 0.6389035087719298], 'val_f1': [0.5124829380315331, 0.5360954529540678, 0.5493781152551388, 0.5509909315035141, 0.5555936229519406, 0.5543911257596383], 'val_mae': [0.712609649122807, 0.6642105263157895, 0.6355043859649123, 0.6411622807017544, 0.6252412280701755, 0.6266008771929825], 'jsd': [(0, 0, 0, 0, 0, 0), (0, 0, 0, 0, 0, 0), (0.22129893392959865, 0.22129893392959865, 0.22129893392959865, 0.22129893392959865, 0.22129893392959865, 0.22129893392959865), (0, 0, 0, 0, 0, 0), (0.22129893392959865, 0.22129893392959865, 0.22129893392959865, 0.22129893392959865, 0.22129893392959865, 0.22129893392959865), (0.22129893392959865, 0.22129893392959865, 0.22129893392959865, 0.22129893392959865, 0.22129893392959865, 0.22129893392959865)]}}
AdaptationManager: Configuring next round...
{'client_registry': {'enabled': True, 'params': {}}, 'client_selector': {'enabled': False, 'params': {}}, 'client_cluster': {'enabled': False, 'params': {}}, 'message_compressor': {'enabled': True, 'params': {}}, 'model_co-versioning_registry': {'enabled': False, 'params': {}}, 'multi-task_model_trainer': {'enabled': False, 'params': {}}, 'heterogeneous_data_handler': {'enabled': False, 'params': {}}}
{'client_selector': {'enabled': False}, 'client_cluster': {'enabled': False}, 'message_compressor': {'enabled': False}, 'model_co-versioning_registry': {'enabled': False}, 'multi-task_model_trainer': {'enabled': False}, 'heterogeneous_data_handler': {'enabled': False}, 'client_registry': {'enabled': True, 'params': {}}}
time=20.955718994140625, message_compressor activated ✅
client Client 26 injecting delay of 9 seconds
client Client 27 injecting delay of 8 seconds
client Client 28 injecting delay of 4 seconds
client Client 24 injecting delay of 7 seconds
client Client 25 injecting delay of 4 seconds
client Client 23 injecting delay of 5 seconds
Local parameters compressed: reduced 5168 bytes (7.00%)
Local parameters compressed: reduced 5168 bytes (7.00%)
Local parameters compressed: reduced 5162 bytes (7.00%)
Local parameters compressed: reduced 5186 bytes (7.03%)
Local parameters compressed: reduced 5199 bytes (7.05%)
Local parameters compressed: reduced 5167 bytes (7.00%)
Results Aggregated in 18.26 seconds.
{'TextMLP': {'train_loss': [0.3419053545792898, 0.29206433271434573, 0.2671114044080178, 0.25316706404222383, 0.24355921381049686, 0.23808363550404707, 0.23443857151402367], 'train_accuracy': [0.8751527777777778, 0.8908652777777778, 0.9004763888888889, 0.9044819444444444, 0.9085402777777778, 0.9109333333333334, 0.9125222222222222], 'train_f1': [0.81298001772439, 0.8425914441935612, 0.8585828066842499, 0.8647460792494728, 0.8711139528854683, 0.8741917360049689, 0.8770133632846092], 'train_mae': [0.18486666666666668, 0.16445833333333335, 0.15085277777777778, 0.14571111111111112, 0.13908194444444444, 0.1366236111111111, 0.13428333333333334], 'val_loss': [3.0037503994556896, 4.150140331335235, 5.223185152421919, 5.434017092386881, 5.569915433013649, 5.7648737731732815, 5.869944810699997], 'val_accuracy': [0.5925219298245614, 0.6184649122807018, 0.6348026315789475, 0.636140350877193, 0.6416008771929824, 0.6389035087719298, 0.6423464912280702], 'val_f1': [0.5124829380315331, 0.5360954529540678, 0.5493781152551388, 0.5509909315035141, 0.5555936229519406, 0.5543911257596383, 0.5570700423016917], 'val_mae': [0.712609649122807, 0.6642105263157895, 0.6355043859649123, 0.6411622807017544, 0.6252412280701755, 0.6266008771929825, 0.6138377192982456], 'jsd': [(0, 0, 0, 0, 0, 0), (0, 0, 0, 0, 0, 0), (0.22129893392959865, 0.22129893392959865, 0.22129893392959865, 0.22129893392959865, 0.22129893392959865, 0.22129893392959865), (0, 0, 0, 0, 0, 0), (0.22129893392959865, 0.22129893392959865, 0.22129893392959865, 0.22129893392959865, 0.22129893392959865, 0.22129893392959865), (0.22129893392959865, 0.22129893392959865, 0.22129893392959865, 0.22129893392959865, 0.22129893392959865, 0.22129893392959865), (0, 0, 0, 0, 0, 0)]}}
AdaptationManager: Configuring next round...
{'client_registry': {'enabled': True, 'params': {}}, 'client_selector': {'enabled': False, 'params': {}}, 'client_cluster': {'enabled': False, 'params': {}}, 'message_compressor': {'enabled': True, 'params': {}}, 'model_co-versioning_registry': {'enabled': False, 'params': {}}, 'multi-task_model_trainer': {'enabled': False, 'params': {}}, 'heterogeneous_data_handler': {'enabled': False, 'params': {}}}
{'client_selector': {'enabled': False}, 'client_cluster': {'enabled': False}, 'message_compressor': {'enabled': True}, 'model_co-versioning_registry': {'enabled': False}, 'multi-task_model_trainer': {'enabled': False}, 'heterogeneous_data_handler': {'enabled': False}, 'client_registry': {'enabled': True, 'params': {}}}
time=18.26351046562195, message_compressor de-activated ❌
client Client 26 injecting delay of 7 seconds
client Client 27 injecting delay of 7 seconds
client Client 23 injecting delay of 3 seconds
client Client 28 injecting delay of 4 seconds
client Client 24 injecting delay of 9 seconds
client Client 25 injecting delay of 6 seconds
Results Aggregated in 19.79 seconds.
{'TextMLP': {'train_loss': [0.3419053545792898, 0.29206433271434573, 0.2671114044080178, 0.25316706404222383, 0.24355921381049686, 0.23808363550404707, 0.23443857151402367, 0.2348095719916953], 'train_accuracy': [0.8751527777777778, 0.8908652777777778, 0.9004763888888889, 0.9044819444444444, 0.9085402777777778, 0.9109333333333334, 0.9125222222222222, 0.9124916666666667], 'train_f1': [0.81298001772439, 0.8425914441935612, 0.8585828066842499, 0.8647460792494728, 0.8711139528854683, 0.8741917360049689, 0.8770133632846092, 0.8783591365743562], 'train_mae': [0.18486666666666668, 0.16445833333333335, 0.15085277777777778, 0.14571111111111112, 0.13908194444444444, 0.1366236111111111, 0.13428333333333334, 0.13354444444444444], 'val_loss': [3.0037503994556896, 4.150140331335235, 5.223185152421919, 5.434017092386881, 5.569915433013649, 5.7648737731732815, 5.869944810699997, 5.939955182326467], 'val_accuracy': [0.5925219298245614, 0.6184649122807018, 0.6348026315789475, 0.636140350877193, 0.6416008771929824, 0.6389035087719298, 0.6423464912280702, 0.6498245614035089], 'val_f1': [0.5124829380315331, 0.5360954529540678, 0.5493781152551388, 0.5509909315035141, 0.5555936229519406, 0.5543911257596383, 0.5570700423016917, 0.56309207646701], 'val_mae': [0.712609649122807, 0.6642105263157895, 0.6355043859649123, 0.6411622807017544, 0.6252412280701755, 0.6266008771929825, 0.6138377192982456, 0.5896052631578947], 'jsd': [(0, 0, 0, 0, 0, 0), (0, 0, 0, 0, 0, 0), (0.22129893392959865, 0.22129893392959865, 0.22129893392959865, 0.22129893392959865, 0.22129893392959865, 0.22129893392959865), (0, 0, 0, 0, 0, 0), (0.22129893392959865, 0.22129893392959865, 0.22129893392959865, 0.22129893392959865, 0.22129893392959865, 0.22129893392959865), (0.22129893392959865, 0.22129893392959865, 0.22129893392959865, 0.22129893392959865, 0.22129893392959865, 0.22129893392959865), (0, 0, 0, 0, 0, 0), (0.22129893392959865, 0.22129893392959865, 0.22129893392959865, 0.22129893392959865, 0.22129893392959865, 0.22129893392959865)]}}
AdaptationManager: Configuring next round...
{'client_registry': {'enabled': True, 'params': {}}, 'client_selector': {'enabled': False, 'params': {}}, 'client_cluster': {'enabled': False, 'params': {}}, 'message_compressor': {'enabled': True, 'params': {}}, 'model_co-versioning_registry': {'enabled': False, 'params': {}}, 'multi-task_model_trainer': {'enabled': False, 'params': {}}, 'heterogeneous_data_handler': {'enabled': False, 'params': {}}}
{'client_selector': {'enabled': False}, 'client_cluster': {'enabled': False}, 'message_compressor': {'enabled': False}, 'model_co-versioning_registry': {'enabled': False}, 'multi-task_model_trainer': {'enabled': False}, 'heterogeneous_data_handler': {'enabled': False}, 'client_registry': {'enabled': True, 'params': {}}}
time=19.790194034576416, message_compressor de-activated ❌
client Client 23 injecting delay of 6 seconds
client Client 24 injecting delay of 8 seconds
client Client 26 injecting delay of 8 seconds
client Client 28 injecting delay of 9 seconds
client Client 25 injecting delay of 1 seconds
client Client 27 injecting delay of 7 seconds
Results Aggregated in 19.35 seconds.
{'TextMLP': {'train_loss': [0.3419053545792898, 0.29206433271434573, 0.2671114044080178, 0.25316706404222383, 0.24355921381049686, 0.23808363550404707, 0.23443857151402367, 0.2348095719916953, 0.2284642166591353], 'train_accuracy': [0.8751527777777778, 0.8908652777777778, 0.9004763888888889, 0.9044819444444444, 0.9085402777777778, 0.9109333333333334, 0.9125222222222222, 0.9124916666666667, 0.9149611111111111], 'train_f1': [0.81298001772439, 0.8425914441935612, 0.8585828066842499, 0.8647460792494728, 0.8711139528854683, 0.8741917360049689, 0.8770133632846092, 0.8783591365743562, 0.8799277125634373], 'train_mae': [0.18486666666666668, 0.16445833333333335, 0.15085277777777778, 0.14571111111111112, 0.13908194444444444, 0.1366236111111111, 0.13428333333333334, 0.13354444444444444, 0.13066666666666665], 'val_loss': [3.0037503994556896, 4.150140331335235, 5.223185152421919, 5.434017092386881, 5.569915433013649, 5.7648737731732815, 5.869944810699997, 5.939955182326467, 5.987223890873424], 'val_accuracy': [0.5925219298245614, 0.6184649122807018, 0.6348026315789475, 0.636140350877193, 0.6416008771929824, 0.6389035087719298, 0.6423464912280702, 0.6498245614035089, 0.6400877192982456], 'val_f1': [0.5124829380315331, 0.5360954529540678, 0.5493781152551388, 0.5509909315035141, 0.5555936229519406, 0.5543911257596383, 0.5570700423016917, 0.56309207646701, 0.555359962152298], 'val_mae': [0.712609649122807, 0.6642105263157895, 0.6355043859649123, 0.6411622807017544, 0.6252412280701755, 0.6266008771929825, 0.6138377192982456, 0.5896052631578947, 0.6232675438596491], 'jsd': [(0, 0, 0, 0, 0, 0), (0, 0, 0, 0, 0, 0), (0.22129893392959865, 0.22129893392959865, 0.22129893392959865, 0.22129893392959865, 0.22129893392959865, 0.22129893392959865), (0, 0, 0, 0, 0, 0), (0.22129893392959865, 0.22129893392959865, 0.22129893392959865, 0.22129893392959865, 0.22129893392959865, 0.22129893392959865), (0.22129893392959865, 0.22129893392959865, 0.22129893392959865, 0.22129893392959865, 0.22129893392959865, 0.22129893392959865), (0, 0, 0, 0, 0, 0), (0.22129893392959865, 0.22129893392959865, 0.22129893392959865, 0.22129893392959865, 0.22129893392959865, 0.22129893392959865), (0.22129893392959865, 0.22129893392959865, 0.22129893392959865, 0.22129893392959865, 0.22129893392959865, 0.22129893392959865)]}}
AdaptationManager: Configuring next round...
{'client_registry': {'enabled': True, 'params': {}}, 'client_selector': {'enabled': False, 'params': {}}, 'client_cluster': {'enabled': False, 'params': {}}, 'message_compressor': {'enabled': True, 'params': {}}, 'model_co-versioning_registry': {'enabled': False, 'params': {}}, 'multi-task_model_trainer': {'enabled': False, 'params': {}}, 'heterogeneous_data_handler': {'enabled': False, 'params': {}}}
{'client_selector': {'enabled': False}, 'client_cluster': {'enabled': False}, 'message_compressor': {'enabled': False}, 'model_co-versioning_registry': {'enabled': False}, 'multi-task_model_trainer': {'enabled': False}, 'heterogeneous_data_handler': {'enabled': False}, 'client_registry': {'enabled': True, 'params': {}}}
time=19.349642992019653, message_compressor de-activated ❌
client Client 24 injecting delay of 10 seconds
client Client 28 injecting delay of 3 seconds
client Client 23 injecting delay of 7 seconds
client Client 27 injecting delay of 6 seconds
client Client 26 injecting delay of 6 seconds
client Client 25 injecting delay of 5 seconds
Results Aggregated in 19.70 seconds.
{'TextMLP': {'train_loss': [0.3419053545792898, 0.29206433271434573, 0.2671114044080178, 0.25316706404222383, 0.24355921381049686, 0.23808363550404707, 0.23443857151402367, 0.2348095719916953, 0.2284642166591353, 0.22528132772081427], 'train_accuracy': [0.8751527777777778, 0.8908652777777778, 0.9004763888888889, 0.9044819444444444, 0.9085402777777778, 0.9109333333333334, 0.9125222222222222, 0.9124916666666667, 0.9149611111111111, 0.9163958333333333], 'train_f1': [0.81298001772439, 0.8425914441935612, 0.8585828066842499, 0.8647460792494728, 0.8711139528854683, 0.8741917360049689, 0.8770133632846092, 0.8783591365743562, 0.8799277125634373, 0.8827239461400577], 'train_mae': [0.18486666666666668, 0.16445833333333335, 0.15085277777777778, 0.14571111111111112, 0.13908194444444444, 0.1366236111111111, 0.13428333333333334, 0.13354444444444444, 0.13066666666666665, 0.12864166666666665], 'val_loss': [3.0037503994556896, 4.150140331335235, 5.223185152421919, 5.434017092386881, 5.569915433013649, 5.7648737731732815, 5.869944810699997, 5.939955182326467, 5.987223890873424, 6.021674172083537], 'val_accuracy': [0.5925219298245614, 0.6184649122807018, 0.6348026315789475, 0.636140350877193, 0.6416008771929824, 0.6389035087719298, 0.6423464912280702, 0.6498245614035089, 0.6400877192982456, 0.6466447368421052], 'val_f1': [0.5124829380315331, 0.5360954529540678, 0.5493781152551388, 0.5509909315035141, 0.5555936229519406, 0.5543911257596383, 0.5570700423016917, 0.56309207646701, 0.555359962152298, 0.5606353907840123], 'val_mae': [0.712609649122807, 0.6642105263157895, 0.6355043859649123, 0.6411622807017544, 0.6252412280701755, 0.6266008771929825, 0.6138377192982456, 0.5896052631578947, 0.6232675438596491, 0.599188596491228], 'jsd': [(0, 0, 0, 0, 0, 0), (0, 0, 0, 0, 0, 0), (0.22129893392959865, 0.22129893392959865, 0.22129893392959865, 0.22129893392959865, 0.22129893392959865, 0.22129893392959865), (0, 0, 0, 0, 0, 0), (0.22129893392959865, 0.22129893392959865, 0.22129893392959865, 0.22129893392959865, 0.22129893392959865, 0.22129893392959865), (0.22129893392959865, 0.22129893392959865, 0.22129893392959865, 0.22129893392959865, 0.22129893392959865, 0.22129893392959865), (0, 0, 0, 0, 0, 0), (0.22129893392959865, 0.22129893392959865, 0.22129893392959865, 0.22129893392959865, 0.22129893392959865, 0.22129893392959865), (0.22129893392959865, 0.22129893392959865, 0.22129893392959865, 0.22129893392959865, 0.22129893392959865, 0.22129893392959865), (0.22129893392959865, 0.22129893392959865, 0.22129893392959865, 0.22129893392959865, 0.22129893392959865, 0.22129893392959865)]}}
AdaptationManager: Configuring next round...
{'client_registry': {'enabled': True, 'params': {}}, 'client_selector': {'enabled': False, 'params': {}}, 'client_cluster': {'enabled': False, 'params': {}}, 'message_compressor': {'enabled': True, 'params': {}}, 'model_co-versioning_registry': {'enabled': False, 'params': {}}, 'multi-task_model_trainer': {'enabled': False, 'params': {}}, 'heterogeneous_data_handler': {'enabled': False, 'params': {}}}
{'client_selector': {'enabled': False}, 'client_cluster': {'enabled': False}, 'message_compressor': {'enabled': False}, 'model_co-versioning_registry': {'enabled': False}, 'multi-task_model_trainer': {'enabled': False}, 'heterogeneous_data_handler': {'enabled': False}, 'client_registry': {'enabled': True, 'params': {}}}
time=19.695647478103638, message_compressor de-activated ❌
client Client 23 injecting delay of 7 seconds
client Client 24 injecting delay of 1 seconds
client Client 26 injecting delay of 4 seconds
client Client 27 injecting delay of 9 seconds
client Client 25 injecting delay of 8 seconds
client Client 28 injecting delay of 2 seconds
Results Aggregated in 19.39 seconds.
{'TextMLP': {'train_loss': [0.3419053545792898, 0.29206433271434573, 0.2671114044080178, 0.25316706404222383, 0.24355921381049686, 0.23808363550404707, 0.23443857151402367, 0.2348095719916953, 0.2284642166591353, 0.22528132772081427, 0.22204115690555837], 'train_accuracy': [0.8751527777777778, 0.8908652777777778, 0.9004763888888889, 0.9044819444444444, 0.9085402777777778, 0.9109333333333334, 0.9125222222222222, 0.9124916666666667, 0.9149611111111111, 0.9163958333333333, 0.9177763888888889], 'train_f1': [0.81298001772439, 0.8425914441935612, 0.8585828066842499, 0.8647460792494728, 0.8711139528854683, 0.8741917360049689, 0.8770133632846092, 0.8783591365743562, 0.8799277125634373, 0.8827239461400577, 0.8840786873715325], 'train_mae': [0.18486666666666668, 0.16445833333333335, 0.15085277777777778, 0.14571111111111112, 0.13908194444444444, 0.1366236111111111, 0.13428333333333334, 0.13354444444444444, 0.13066666666666665, 0.12864166666666665, 0.126775], 'val_loss': [3.0037503994556896, 4.150140331335235, 5.223185152421919, 5.434017092386881, 5.569915433013649, 5.7648737731732815, 5.869944810699997, 5.939955182326467, 5.987223890873424, 6.021674172083537, 6.017596132713452], 'val_accuracy': [0.5925219298245614, 0.6184649122807018, 0.6348026315789475, 0.636140350877193, 0.6416008771929824, 0.6389035087719298, 0.6423464912280702, 0.6498245614035089, 0.6400877192982456, 0.6466447368421052, 0.6429385964912281], 'val_f1': [0.5124829380315331, 0.5360954529540678, 0.5493781152551388, 0.5509909315035141, 0.5555936229519406, 0.5543911257596383, 0.5570700423016917, 0.56309207646701, 0.555359962152298, 0.5606353907840123, 0.5575276177699752], 'val_mae': [0.712609649122807, 0.6642105263157895, 0.6355043859649123, 0.6411622807017544, 0.6252412280701755, 0.6266008771929825, 0.6138377192982456, 0.5896052631578947, 0.6232675438596491, 0.599188596491228, 0.61375], 'jsd': [(0, 0, 0, 0, 0, 0), (0, 0, 0, 0, 0, 0), (0.22129893392959865, 0.22129893392959865, 0.22129893392959865, 0.22129893392959865, 0.22129893392959865, 0.22129893392959865), (0, 0, 0, 0, 0, 0), (0.22129893392959865, 0.22129893392959865, 0.22129893392959865, 0.22129893392959865, 0.22129893392959865, 0.22129893392959865), (0.22129893392959865, 0.22129893392959865, 0.22129893392959865, 0.22129893392959865, 0.22129893392959865, 0.22129893392959865), (0, 0, 0, 0, 0, 0), (0.22129893392959865, 0.22129893392959865, 0.22129893392959865, 0.22129893392959865, 0.22129893392959865, 0.22129893392959865), (0.22129893392959865, 0.22129893392959865, 0.22129893392959865, 0.22129893392959865, 0.22129893392959865, 0.22129893392959865), (0.22129893392959865, 0.22129893392959865, 0.22129893392959865, 0.22129893392959865, 0.22129893392959865, 0.22129893392959865), (0.22129893392959865, 0.22129893392959865, 0.22129893392959865, 0.22129893392959865, 0.22129893392959865, 0.22129893392959865)]}}
AdaptationManager: Configuring next round...
{'client_registry': {'enabled': True, 'params': {}}, 'client_selector': {'enabled': False, 'params': {}}, 'client_cluster': {'enabled': False, 'params': {}}, 'message_compressor': {'enabled': True, 'params': {}}, 'model_co-versioning_registry': {'enabled': False, 'params': {}}, 'multi-task_model_trainer': {'enabled': False, 'params': {}}, 'heterogeneous_data_handler': {'enabled': False, 'params': {}}}
{'client_selector': {'enabled': False}, 'client_cluster': {'enabled': False}, 'message_compressor': {'enabled': False}, 'model_co-versioning_registry': {'enabled': False}, 'multi-task_model_trainer': {'enabled': False}, 'heterogeneous_data_handler': {'enabled': False}, 'client_registry': {'enabled': True, 'params': {}}}
time=19.39111042022705, message_compressor de-activated ❌
client Client 24 injecting delay of 1 seconds
client Client 28 injecting delay of 8 seconds
client Client 23 injecting delay of 9 seconds
client Client 27 injecting delay of 9 seconds
client Client 26 injecting delay of 10 seconds
client Client 25 injecting delay of 6 seconds
Results Aggregated in 20.78 seconds.
{'TextMLP': {'train_loss': [0.3419053545792898, 0.29206433271434573, 0.2671114044080178, 0.25316706404222383, 0.24355921381049686, 0.23808363550404707, 0.23443857151402367, 0.2348095719916953, 0.2284642166591353, 0.22528132772081427, 0.22204115690555837, 0.22060485476156075], 'train_accuracy': [0.8751527777777778, 0.8908652777777778, 0.9004763888888889, 0.9044819444444444, 0.9085402777777778, 0.9109333333333334, 0.9125222222222222, 0.9124916666666667, 0.9149611111111111, 0.9163958333333333, 0.9177763888888889, 0.9184111111111111], 'train_f1': [0.81298001772439, 0.8425914441935612, 0.8585828066842499, 0.8647460792494728, 0.8711139528854683, 0.8741917360049689, 0.8770133632846092, 0.8783591365743562, 0.8799277125634373, 0.8827239461400577, 0.8840786873715325, 0.8867294053383348], 'train_mae': [0.18486666666666668, 0.16445833333333335, 0.15085277777777778, 0.14571111111111112, 0.13908194444444444, 0.1366236111111111, 0.13428333333333334, 0.13354444444444444, 0.13066666666666665, 0.12864166666666665, 0.126775, 0.1252], 'val_loss': [3.0037503994556896, 4.150140331335235, 5.223185152421919, 5.434017092386881, 5.569915433013649, 5.7648737731732815, 5.869944810699997, 5.939955182326467, 5.987223890873424, 6.021674172083537, 6.017596132713452, 6.049406869118673], 'val_accuracy': [0.5925219298245614, 0.6184649122807018, 0.6348026315789475, 0.636140350877193, 0.6416008771929824, 0.6389035087719298, 0.6423464912280702, 0.6498245614035089, 0.6400877192982456, 0.6466447368421052, 0.6429385964912281, 0.6568640350877193], 'val_f1': [0.5124829380315331, 0.5360954529540678, 0.5493781152551388, 0.5509909315035141, 0.5555936229519406, 0.5543911257596383, 0.5570700423016917, 0.56309207646701, 0.555359962152298, 0.5606353907840123, 0.5575276177699752, 0.5685719657343152], 'val_mae': [0.712609649122807, 0.6642105263157895, 0.6355043859649123, 0.6411622807017544, 0.6252412280701755, 0.6266008771929825, 0.6138377192982456, 0.5896052631578947, 0.6232675438596491, 0.599188596491228, 0.61375, 0.5725], 'jsd': [(0, 0, 0, 0, 0, 0), (0, 0, 0, 0, 0, 0), (0.22129893392959865, 0.22129893392959865, 0.22129893392959865, 0.22129893392959865, 0.22129893392959865, 0.22129893392959865), (0, 0, 0, 0, 0, 0), (0.22129893392959865, 0.22129893392959865, 0.22129893392959865, 0.22129893392959865, 0.22129893392959865, 0.22129893392959865), (0.22129893392959865, 0.22129893392959865, 0.22129893392959865, 0.22129893392959865, 0.22129893392959865, 0.22129893392959865), (0, 0, 0, 0, 0, 0), (0.22129893392959865, 0.22129893392959865, 0.22129893392959865, 0.22129893392959865, 0.22129893392959865, 0.22129893392959865), (0.22129893392959865, 0.22129893392959865, 0.22129893392959865, 0.22129893392959865, 0.22129893392959865, 0.22129893392959865), (0.22129893392959865, 0.22129893392959865, 0.22129893392959865, 0.22129893392959865, 0.22129893392959865, 0.22129893392959865), (0.22129893392959865, 0.22129893392959865, 0.22129893392959865, 0.22129893392959865, 0.22129893392959865, 0.22129893392959865), (0.22129893392959865, 0.22129893392959865, 0.22129893392959865, 0.22129893392959865, 0.22129893392959865, 0.22129893392959865)]}}
AdaptationManager: Configuring next round...
{'client_registry': {'enabled': True, 'params': {}}, 'client_selector': {'enabled': False, 'params': {}}, 'client_cluster': {'enabled': False, 'params': {}}, 'message_compressor': {'enabled': True, 'params': {}}, 'model_co-versioning_registry': {'enabled': False, 'params': {}}, 'multi-task_model_trainer': {'enabled': False, 'params': {}}, 'heterogeneous_data_handler': {'enabled': False, 'params': {}}}
{'client_selector': {'enabled': False}, 'client_cluster': {'enabled': False}, 'message_compressor': {'enabled': False}, 'model_co-versioning_registry': {'enabled': False}, 'multi-task_model_trainer': {'enabled': False}, 'heterogeneous_data_handler': {'enabled': False}, 'client_registry': {'enabled': True, 'params': {}}}
time=20.7808837890625, message_compressor activated ✅
client Client 23 injecting delay of 5 seconds
client Client 27 injecting delay of 7 seconds
client Client 28 injecting delay of 1 seconds
client Client 24 injecting delay of 5 seconds
client Client 25 injecting delay of 8 seconds
client Client 26 injecting delay of 10 seconds
Local parameters compressed: reduced 5059 bytes (6.86%)
Local parameters compressed: reduced 5096 bytes (6.91%)
Local parameters compressed: reduced 5099 bytes (6.91%)
Local parameters compressed: reduced 5086 bytes (6.89%)
Local parameters compressed: reduced 5074 bytes (6.88%)
Local parameters compressed: reduced 5092 bytes (6.90%)
Results Aggregated in 19.33 seconds.
{'TextMLP': {'train_loss': [0.3419053545792898, 0.29206433271434573, 0.2671114044080178, 0.25316706404222383, 0.24355921381049686, 0.23808363550404707, 0.23443857151402367, 0.2348095719916953, 0.2284642166591353, 0.22528132772081427, 0.22204115690555837, 0.22060485476156075, 0.2143864677005344], 'train_accuracy': [0.8751527777777778, 0.8908652777777778, 0.9004763888888889, 0.9044819444444444, 0.9085402777777778, 0.9109333333333334, 0.9125222222222222, 0.9124916666666667, 0.9149611111111111, 0.9163958333333333, 0.9177763888888889, 0.9184111111111111, 0.9208625], 'train_f1': [0.81298001772439, 0.8425914441935612, 0.8585828066842499, 0.8647460792494728, 0.8711139528854683, 0.8741917360049689, 0.8770133632846092, 0.8783591365743562, 0.8799277125634373, 0.8827239461400577, 0.8840786873715325, 0.8867294053383348, 0.888753972211276], 'train_mae': [0.18486666666666668, 0.16445833333333335, 0.15085277777777778, 0.14571111111111112, 0.13908194444444444, 0.1366236111111111, 0.13428333333333334, 0.13354444444444444, 0.13066666666666665, 0.12864166666666665, 0.126775, 0.1252, 0.12198611111111111], 'val_loss': [3.0037503994556896, 4.150140331335235, 5.223185152421919, 5.434017092386881, 5.569915433013649, 5.7648737731732815, 5.869944810699997, 5.939955182326467, 5.987223890873424, 6.021674172083537, 6.017596132713452, 6.049406869118673, 6.035256935588101], 'val_accuracy': [0.5925219298245614, 0.6184649122807018, 0.6348026315789475, 0.636140350877193, 0.6416008771929824, 0.6389035087719298, 0.6423464912280702, 0.6498245614035089, 0.6400877192982456, 0.6466447368421052, 0.6429385964912281, 0.6568640350877193, 0.6498684210526315], 'val_f1': [0.5124829380315331, 0.5360954529540678, 0.5493781152551388, 0.5509909315035141, 0.5555936229519406, 0.5543911257596383, 0.5570700423016917, 0.56309207646701, 0.555359962152298, 0.5606353907840123, 0.5575276177699752, 0.5685719657343152, 0.5625865704021115], 'val_mae': [0.712609649122807, 0.6642105263157895, 0.6355043859649123, 0.6411622807017544, 0.6252412280701755, 0.6266008771929825, 0.6138377192982456, 0.5896052631578947, 0.6232675438596491, 0.599188596491228, 0.61375, 0.5725, 0.6017105263157895], 'jsd': [(0, 0, 0, 0, 0, 0), (0, 0, 0, 0, 0, 0), (0.22129893392959865, 0.22129893392959865, 0.22129893392959865, 0.22129893392959865, 0.22129893392959865, 0.22129893392959865), (0, 0, 0, 0, 0, 0), (0.22129893392959865, 0.22129893392959865, 0.22129893392959865, 0.22129893392959865, 0.22129893392959865, 0.22129893392959865), (0.22129893392959865, 0.22129893392959865, 0.22129893392959865, 0.22129893392959865, 0.22129893392959865, 0.22129893392959865), (0, 0, 0, 0, 0, 0), (0.22129893392959865, 0.22129893392959865, 0.22129893392959865, 0.22129893392959865, 0.22129893392959865, 0.22129893392959865), (0.22129893392959865, 0.22129893392959865, 0.22129893392959865, 0.22129893392959865, 0.22129893392959865, 0.22129893392959865), (0.22129893392959865, 0.22129893392959865, 0.22129893392959865, 0.22129893392959865, 0.22129893392959865, 0.22129893392959865), (0.22129893392959865, 0.22129893392959865, 0.22129893392959865, 0.22129893392959865, 0.22129893392959865, 0.22129893392959865), (0.22129893392959865, 0.22129893392959865, 0.22129893392959865, 0.22129893392959865, 0.22129893392959865, 0.22129893392959865), (0, 0, 0, 0, 0, 0)]}}
AdaptationManager: Configuring next round...
{'client_registry': {'enabled': True, 'params': {}}, 'client_selector': {'enabled': False, 'params': {}}, 'client_cluster': {'enabled': False, 'params': {}}, 'message_compressor': {'enabled': True, 'params': {}}, 'model_co-versioning_registry': {'enabled': False, 'params': {}}, 'multi-task_model_trainer': {'enabled': False, 'params': {}}, 'heterogeneous_data_handler': {'enabled': False, 'params': {}}}
{'client_selector': {'enabled': False}, 'client_cluster': {'enabled': False}, 'message_compressor': {'enabled': True}, 'model_co-versioning_registry': {'enabled': False}, 'multi-task_model_trainer': {'enabled': False}, 'heterogeneous_data_handler': {'enabled': False}, 'client_registry': {'enabled': True, 'params': {}}}
time=19.334438800811768, message_compressor de-activated ❌
client Client 24 injecting delay of 6 seconds
client Client 26 injecting delay of 8 seconds
client Client 27 injecting delay of 5 seconds
client Client 28 injecting delay of 4 seconds
client Client 23 injecting delay of 9 seconds
client Client 25 injecting delay of 2 seconds
Results Aggregated in 20.21 seconds.
{'TextMLP': {'train_loss': [0.3419053545792898, 0.29206433271434573, 0.2671114044080178, 0.25316706404222383, 0.24355921381049686, 0.23808363550404707, 0.23443857151402367, 0.2348095719916953, 0.2284642166591353, 0.22528132772081427, 0.22204115690555837, 0.22060485476156075, 0.2143864677005344, 0.21506989784638086], 'train_accuracy': [0.8751527777777778, 0.8908652777777778, 0.9004763888888889, 0.9044819444444444, 0.9085402777777778, 0.9109333333333334, 0.9125222222222222, 0.9124916666666667, 0.9149611111111111, 0.9163958333333333, 0.9177763888888889, 0.9184111111111111, 0.9208625, 0.9206666666666666], 'train_f1': [0.81298001772439, 0.8425914441935612, 0.8585828066842499, 0.8647460792494728, 0.8711139528854683, 0.8741917360049689, 0.8770133632846092, 0.8783591365743562, 0.8799277125634373, 0.8827239461400577, 0.8840786873715325, 0.8867294053383348, 0.888753972211276, 0.8881512733965466], 'train_mae': [0.18486666666666668, 0.16445833333333335, 0.15085277777777778, 0.14571111111111112, 0.13908194444444444, 0.1366236111111111, 0.13428333333333334, 0.13354444444444444, 0.13066666666666665, 0.12864166666666665, 0.126775, 0.1252, 0.12198611111111111, 0.12149305555555556], 'val_loss': [3.0037503994556896, 4.150140331335235, 5.223185152421919, 5.434017092386881, 5.569915433013649, 5.7648737731732815, 5.869944810699997, 5.939955182326467, 5.987223890873424, 6.021674172083537, 6.017596132713452, 6.049406869118673, 6.035256935588101, 6.0153388431616], 'val_accuracy': [0.5925219298245614, 0.6184649122807018, 0.6348026315789475, 0.636140350877193, 0.6416008771929824, 0.6389035087719298, 0.6423464912280702, 0.6498245614035089, 0.6400877192982456, 0.6466447368421052, 0.6429385964912281, 0.6568640350877193, 0.6498684210526315, 0.6500219298245614], 'val_f1': [0.5124829380315331, 0.5360954529540678, 0.5493781152551388, 0.5509909315035141, 0.5555936229519406, 0.5543911257596383, 0.5570700423016917, 0.56309207646701, 0.555359962152298, 0.5606353907840123, 0.5575276177699752, 0.5685719657343152, 0.5625865704021115, 0.5626591484005463], 'val_mae': [0.712609649122807, 0.6642105263157895, 0.6355043859649123, 0.6411622807017544, 0.6252412280701755, 0.6266008771929825, 0.6138377192982456, 0.5896052631578947, 0.6232675438596491, 0.599188596491228, 0.61375, 0.5725, 0.6017105263157895, 0.6003070175438597], 'jsd': [(0, 0, 0, 0, 0, 0), (0, 0, 0, 0, 0, 0), (0.22129893392959865, 0.22129893392959865, 0.22129893392959865, 0.22129893392959865, 0.22129893392959865, 0.22129893392959865), (0, 0, 0, 0, 0, 0), (0.22129893392959865, 0.22129893392959865, 0.22129893392959865, 0.22129893392959865, 0.22129893392959865, 0.22129893392959865), (0.22129893392959865, 0.22129893392959865, 0.22129893392959865, 0.22129893392959865, 0.22129893392959865, 0.22129893392959865), (0, 0, 0, 0, 0, 0), (0.22129893392959865, 0.22129893392959865, 0.22129893392959865, 0.22129893392959865, 0.22129893392959865, 0.22129893392959865), (0.22129893392959865, 0.22129893392959865, 0.22129893392959865, 0.22129893392959865, 0.22129893392959865, 0.22129893392959865), (0.22129893392959865, 0.22129893392959865, 0.22129893392959865, 0.22129893392959865, 0.22129893392959865, 0.22129893392959865), (0.22129893392959865, 0.22129893392959865, 0.22129893392959865, 0.22129893392959865, 0.22129893392959865, 0.22129893392959865), (0.22129893392959865, 0.22129893392959865, 0.22129893392959865, 0.22129893392959865, 0.22129893392959865, 0.22129893392959865), (0, 0, 0, 0, 0, 0), (0.22129893392959865, 0.22129893392959865, 0.22129893392959865, 0.22129893392959865, 0.22129893392959865, 0.22129893392959865)]}}
AdaptationManager: Configuring next round...
{'client_registry': {'enabled': True, 'params': {}}, 'client_selector': {'enabled': False, 'params': {}}, 'client_cluster': {'enabled': False, 'params': {}}, 'message_compressor': {'enabled': True, 'params': {}}, 'model_co-versioning_registry': {'enabled': False, 'params': {}}, 'multi-task_model_trainer': {'enabled': False, 'params': {}}, 'heterogeneous_data_handler': {'enabled': False, 'params': {}}}
{'client_selector': {'enabled': False}, 'client_cluster': {'enabled': False}, 'message_compressor': {'enabled': False}, 'model_co-versioning_registry': {'enabled': False}, 'multi-task_model_trainer': {'enabled': False}, 'heterogeneous_data_handler': {'enabled': False}, 'client_registry': {'enabled': True, 'params': {}}}
time=20.205753087997437, message_compressor activated ✅
client Client 24 injecting delay of 10 seconds
client Client 28 injecting delay of 4 seconds
client Client 27 injecting delay of 1 seconds
client Client 23 injecting delay of 5 seconds
client Client 25 injecting delay of 10 seconds
client Client 26 injecting delay of 3 seconds
Local parameters compressed: reduced 5087 bytes (6.89%)
Local parameters compressed: reduced 5084 bytes (6.89%)
Local parameters compressed: reduced 5118 bytes (6.94%)
Local parameters compressed: reduced 5086 bytes (6.89%)
Local parameters compressed: reduced 5088 bytes (6.90%)
Local parameters compressed: reduced 5039 bytes (6.83%)
Results Aggregated in 19.51 seconds.
{'TextMLP': {'train_loss': [0.3419053545792898, 0.29206433271434573, 0.2671114044080178, 0.25316706404222383, 0.24355921381049686, 0.23808363550404707, 0.23443857151402367, 0.2348095719916953, 0.2284642166591353, 0.22528132772081427, 0.22204115690555837, 0.22060485476156075, 0.2143864677005344, 0.21506989784638086, 0.21131969894104533], 'train_accuracy': [0.8751527777777778, 0.8908652777777778, 0.9004763888888889, 0.9044819444444444, 0.9085402777777778, 0.9109333333333334, 0.9125222222222222, 0.9124916666666667, 0.9149611111111111, 0.9163958333333333, 0.9177763888888889, 0.9184111111111111, 0.9208625, 0.9206666666666666, 0.9220847222222223], 'train_f1': [0.81298001772439, 0.8425914441935612, 0.8585828066842499, 0.8647460792494728, 0.8711139528854683, 0.8741917360049689, 0.8770133632846092, 0.8783591365743562, 0.8799277125634373, 0.8827239461400577, 0.8840786873715325, 0.8867294053383348, 0.888753972211276, 0.8881512733965466, 0.8902543603471642], 'train_mae': [0.18486666666666668, 0.16445833333333335, 0.15085277777777778, 0.14571111111111112, 0.13908194444444444, 0.1366236111111111, 0.13428333333333334, 0.13354444444444444, 0.13066666666666665, 0.12864166666666665, 0.126775, 0.1252, 0.12198611111111111, 0.12149305555555556, 0.12031527777777777], 'val_loss': [3.0037503994556896, 4.150140331335235, 5.223185152421919, 5.434017092386881, 5.569915433013649, 5.7648737731732815, 5.869944810699997, 5.939955182326467, 5.987223890873424, 6.021674172083537, 6.017596132713452, 6.049406869118673, 6.035256935588101, 6.0153388431616, 6.04636583846912], 'val_accuracy': [0.5925219298245614, 0.6184649122807018, 0.6348026315789475, 0.636140350877193, 0.6416008771929824, 0.6389035087719298, 0.6423464912280702, 0.6498245614035089, 0.6400877192982456, 0.6466447368421052, 0.6429385964912281, 0.6568640350877193, 0.6498684210526315, 0.6500219298245614, 0.649890350877193], 'val_f1': [0.5124829380315331, 0.5360954529540678, 0.5493781152551388, 0.5509909315035141, 0.5555936229519406, 0.5543911257596383, 0.5570700423016917, 0.56309207646701, 0.555359962152298, 0.5606353907840123, 0.5575276177699752, 0.5685719657343152, 0.5625865704021115, 0.5626591484005463, 0.5629908480060765], 'val_mae': [0.712609649122807, 0.6642105263157895, 0.6355043859649123, 0.6411622807017544, 0.6252412280701755, 0.6266008771929825, 0.6138377192982456, 0.5896052631578947, 0.6232675438596491, 0.599188596491228, 0.61375, 0.5725, 0.6017105263157895, 0.6003070175438597, 0.6001754385964913], 'jsd': [(0, 0, 0, 0, 0, 0), (0, 0, 0, 0, 0, 0), (0.22129893392959865, 0.22129893392959865, 0.22129893392959865, 0.22129893392959865, 0.22129893392959865, 0.22129893392959865), (0, 0, 0, 0, 0, 0), (0.22129893392959865, 0.22129893392959865, 0.22129893392959865, 0.22129893392959865, 0.22129893392959865, 0.22129893392959865), (0.22129893392959865, 0.22129893392959865, 0.22129893392959865, 0.22129893392959865, 0.22129893392959865, 0.22129893392959865), (0, 0, 0, 0, 0, 0), (0.22129893392959865, 0.22129893392959865, 0.22129893392959865, 0.22129893392959865, 0.22129893392959865, 0.22129893392959865), (0.22129893392959865, 0.22129893392959865, 0.22129893392959865, 0.22129893392959865, 0.22129893392959865, 0.22129893392959865), (0.22129893392959865, 0.22129893392959865, 0.22129893392959865, 0.22129893392959865, 0.22129893392959865, 0.22129893392959865), (0.22129893392959865, 0.22129893392959865, 0.22129893392959865, 0.22129893392959865, 0.22129893392959865, 0.22129893392959865), (0.22129893392959865, 0.22129893392959865, 0.22129893392959865, 0.22129893392959865, 0.22129893392959865, 0.22129893392959865), (0, 0, 0, 0, 0, 0), (0.22129893392959865, 0.22129893392959865, 0.22129893392959865, 0.22129893392959865, 0.22129893392959865, 0.22129893392959865), (0, 0, 0, 0, 0, 0)]}}
AdaptationManager: Configuring next round...
{'client_registry': {'enabled': True, 'params': {}}, 'client_selector': {'enabled': False, 'params': {}}, 'client_cluster': {'enabled': False, 'params': {}}, 'message_compressor': {'enabled': True, 'params': {}}, 'model_co-versioning_registry': {'enabled': False, 'params': {}}, 'multi-task_model_trainer': {'enabled': False, 'params': {}}, 'heterogeneous_data_handler': {'enabled': False, 'params': {}}}
{'client_selector': {'enabled': False}, 'client_cluster': {'enabled': False}, 'message_compressor': {'enabled': True}, 'model_co-versioning_registry': {'enabled': False}, 'multi-task_model_trainer': {'enabled': False}, 'heterogeneous_data_handler': {'enabled': False}, 'client_registry': {'enabled': True, 'params': {}}}
time=19.509379625320435, message_compressor de-activated ❌
client Client 26 injecting delay of 3 seconds
client Client 23 injecting delay of 5 seconds
client Client 24 injecting delay of 2 seconds
client Client 28 injecting delay of 4 seconds
client Client 25 injecting delay of 7 seconds
client Client 27 injecting delay of 6 seconds
Results Aggregated in 17.18 seconds.
{'TextMLP': {'train_loss': [0.3419053545792898, 0.29206433271434573, 0.2671114044080178, 0.25316706404222383, 0.24355921381049686, 0.23808363550404707, 0.23443857151402367, 0.2348095719916953, 0.2284642166591353, 0.22528132772081427, 0.22204115690555837, 0.22060485476156075, 0.2143864677005344, 0.21506989784638086, 0.21131969894104533, 0.20846999802589417], 'train_accuracy': [0.8751527777777778, 0.8908652777777778, 0.9004763888888889, 0.9044819444444444, 0.9085402777777778, 0.9109333333333334, 0.9125222222222222, 0.9124916666666667, 0.9149611111111111, 0.9163958333333333, 0.9177763888888889, 0.9184111111111111, 0.9208625, 0.9206666666666666, 0.9220847222222223, 0.9229861111111111], 'train_f1': [0.81298001772439, 0.8425914441935612, 0.8585828066842499, 0.8647460792494728, 0.8711139528854683, 0.8741917360049689, 0.8770133632846092, 0.8783591365743562, 0.8799277125634373, 0.8827239461400577, 0.8840786873715325, 0.8867294053383348, 0.888753972211276, 0.8881512733965466, 0.8902543603471642, 0.8917172406075188], 'train_mae': [0.18486666666666668, 0.16445833333333335, 0.15085277777777778, 0.14571111111111112, 0.13908194444444444, 0.1366236111111111, 0.13428333333333334, 0.13354444444444444, 0.13066666666666665, 0.12864166666666665, 0.126775, 0.1252, 0.12198611111111111, 0.12149305555555556, 0.12031527777777777, 0.11870416666666667], 'val_loss': [3.0037503994556896, 4.150140331335235, 5.223185152421919, 5.434017092386881, 5.569915433013649, 5.7648737731732815, 5.869944810699997, 5.939955182326467, 5.987223890873424, 6.021674172083537, 6.017596132713452, 6.049406869118673, 6.035256935588101, 6.0153388431616, 6.04636583846912, 6.114308840099135], 'val_accuracy': [0.5925219298245614, 0.6184649122807018, 0.6348026315789475, 0.636140350877193, 0.6416008771929824, 0.6389035087719298, 0.6423464912280702, 0.6498245614035089, 0.6400877192982456, 0.6466447368421052, 0.6429385964912281, 0.6568640350877193, 0.6498684210526315, 0.6500219298245614, 0.649890350877193, 0.6539473684210526], 'val_f1': [0.5124829380315331, 0.5360954529540678, 0.5493781152551388, 0.5509909315035141, 0.5555936229519406, 0.5543911257596383, 0.5570700423016917, 0.56309207646701, 0.555359962152298, 0.5606353907840123, 0.5575276177699752, 0.5685719657343152, 0.5625865704021115, 0.5626591484005463, 0.5629908480060765, 0.5660963677408617], 'val_mae': [0.712609649122807, 0.6642105263157895, 0.6355043859649123, 0.6411622807017544, 0.6252412280701755, 0.6266008771929825, 0.6138377192982456, 0.5896052631578947, 0.6232675438596491, 0.599188596491228, 0.61375, 0.5725, 0.6017105263157895, 0.6003070175438597, 0.6001754385964913, 0.5881798245614035], 'jsd': [(0, 0, 0, 0, 0, 0), (0, 0, 0, 0, 0, 0), (0.22129893392959865, 0.22129893392959865, 0.22129893392959865, 0.22129893392959865, 0.22129893392959865, 0.22129893392959865), (0, 0, 0, 0, 0, 0), (0.22129893392959865, 0.22129893392959865, 0.22129893392959865, 0.22129893392959865, 0.22129893392959865, 0.22129893392959865), (0.22129893392959865, 0.22129893392959865, 0.22129893392959865, 0.22129893392959865, 0.22129893392959865, 0.22129893392959865), (0, 0, 0, 0, 0, 0), (0.22129893392959865, 0.22129893392959865, 0.22129893392959865, 0.22129893392959865, 0.22129893392959865, 0.22129893392959865), (0.22129893392959865, 0.22129893392959865, 0.22129893392959865, 0.22129893392959865, 0.22129893392959865, 0.22129893392959865), (0.22129893392959865, 0.22129893392959865, 0.22129893392959865, 0.22129893392959865, 0.22129893392959865, 0.22129893392959865), (0.22129893392959865, 0.22129893392959865, 0.22129893392959865, 0.22129893392959865, 0.22129893392959865, 0.22129893392959865), (0.22129893392959865, 0.22129893392959865, 0.22129893392959865, 0.22129893392959865, 0.22129893392959865, 0.22129893392959865), (0, 0, 0, 0, 0, 0), (0.22129893392959865, 0.22129893392959865, 0.22129893392959865, 0.22129893392959865, 0.22129893392959865, 0.22129893392959865), (0, 0, 0, 0, 0, 0), (0.22129893392959865, 0.22129893392959865, 0.22129893392959865, 0.22129893392959865, 0.22129893392959865, 0.22129893392959865)]}}
AdaptationManager: Configuring next round...
{'client_registry': {'enabled': True, 'params': {}}, 'client_selector': {'enabled': False, 'params': {}}, 'client_cluster': {'enabled': False, 'params': {}}, 'message_compressor': {'enabled': True, 'params': {}}, 'model_co-versioning_registry': {'enabled': False, 'params': {}}, 'multi-task_model_trainer': {'enabled': False, 'params': {}}, 'heterogeneous_data_handler': {'enabled': False, 'params': {}}}
{'client_selector': {'enabled': False}, 'client_cluster': {'enabled': False}, 'message_compressor': {'enabled': False}, 'model_co-versioning_registry': {'enabled': False}, 'multi-task_model_trainer': {'enabled': False}, 'heterogeneous_data_handler': {'enabled': False}, 'client_registry': {'enabled': True, 'params': {}}}
time=17.181722402572632, message_compressor de-activated ❌
client Client 24 injecting delay of 5 seconds
client Client 23 injecting delay of 1 seconds
client Client 28 injecting delay of 3 seconds
client Client 27 injecting delay of 0 seconds
client Client 26 injecting delay of 9 seconds
client Client 25 injecting delay of 0 seconds
Results Aggregated in 19.74 seconds.
{'TextMLP': {'train_loss': [0.3419053545792898, 0.29206433271434573, 0.2671114044080178, 0.25316706404222383, 0.24355921381049686, 0.23808363550404707, 0.23443857151402367, 0.2348095719916953, 0.2284642166591353, 0.22528132772081427, 0.22204115690555837, 0.22060485476156075, 0.2143864677005344, 0.21506989784638086, 0.21131969894104533, 0.20846999802589417, 0.20913118212421736], 'train_accuracy': [0.8751527777777778, 0.8908652777777778, 0.9004763888888889, 0.9044819444444444, 0.9085402777777778, 0.9109333333333334, 0.9125222222222222, 0.9124916666666667, 0.9149611111111111, 0.9163958333333333, 0.9177763888888889, 0.9184111111111111, 0.9208625, 0.9206666666666666, 0.9220847222222223, 0.9229861111111111, 0.922675], 'train_f1': [0.81298001772439, 0.8425914441935612, 0.8585828066842499, 0.8647460792494728, 0.8711139528854683, 0.8741917360049689, 0.8770133632846092, 0.8783591365743562, 0.8799277125634373, 0.8827239461400577, 0.8840786873715325, 0.8867294053383348, 0.888753972211276, 0.8881512733965466, 0.8902543603471642, 0.8917172406075188, 0.8905586447416507], 'train_mae': [0.18486666666666668, 0.16445833333333335, 0.15085277777777778, 0.14571111111111112, 0.13908194444444444, 0.1366236111111111, 0.13428333333333334, 0.13354444444444444, 0.13066666666666665, 0.12864166666666665, 0.126775, 0.1252, 0.12198611111111111, 0.12149305555555556, 0.12031527777777777, 0.11870416666666667, 0.11989722222222222], 'val_loss': [3.0037503994556896, 4.150140331335235, 5.223185152421919, 5.434017092386881, 5.569915433013649, 5.7648737731732815, 5.869944810699997, 5.939955182326467, 5.987223890873424, 6.021674172083537, 6.017596132713452, 6.049406869118673, 6.035256935588101, 6.0153388431616, 6.04636583846912, 6.114308840099135, 6.2372461574955995], 'val_accuracy': [0.5925219298245614, 0.6184649122807018, 0.6348026315789475, 0.636140350877193, 0.6416008771929824, 0.6389035087719298, 0.6423464912280702, 0.6498245614035089, 0.6400877192982456, 0.6466447368421052, 0.6429385964912281, 0.6568640350877193, 0.6498684210526315, 0.6500219298245614, 0.649890350877193, 0.6539473684210526, 0.6453728070175438], 'val_f1': [0.5124829380315331, 0.5360954529540678, 0.5493781152551388, 0.5509909315035141, 0.5555936229519406, 0.5543911257596383, 0.5570700423016917, 0.56309207646701, 0.555359962152298, 0.5606353907840123, 0.5575276177699752, 0.5685719657343152, 0.5625865704021115, 0.5626591484005463, 0.5629908480060765, 0.5660963677408617, 0.5599924420233151], 'val_mae': [0.712609649122807, 0.6642105263157895, 0.6355043859649123, 0.6411622807017544, 0.6252412280701755, 0.6266008771929825, 0.6138377192982456, 0.5896052631578947, 0.6232675438596491, 0.599188596491228, 0.61375, 0.5725, 0.6017105263157895, 0.6003070175438597, 0.6001754385964913, 0.5881798245614035, 0.6037280701754386], 'jsd': [(0, 0, 0, 0, 0, 0), (0, 0, 0, 0, 0, 0), (0.22129893392959865, 0.22129893392959865, 0.22129893392959865, 0.22129893392959865, 0.22129893392959865, 0.22129893392959865), (0, 0, 0, 0, 0, 0), (0.22129893392959865, 0.22129893392959865, 0.22129893392959865, 0.22129893392959865, 0.22129893392959865, 0.22129893392959865), (0.22129893392959865, 0.22129893392959865, 0.22129893392959865, 0.22129893392959865, 0.22129893392959865, 0.22129893392959865), (0, 0, 0, 0, 0, 0), (0.22129893392959865, 0.22129893392959865, 0.22129893392959865, 0.22129893392959865, 0.22129893392959865, 0.22129893392959865), (0.22129893392959865, 0.22129893392959865, 0.22129893392959865, 0.22129893392959865, 0.22129893392959865, 0.22129893392959865), (0.22129893392959865, 0.22129893392959865, 0.22129893392959865, 0.22129893392959865, 0.22129893392959865, 0.22129893392959865), (0.22129893392959865, 0.22129893392959865, 0.22129893392959865, 0.22129893392959865, 0.22129893392959865, 0.22129893392959865), (0.22129893392959865, 0.22129893392959865, 0.22129893392959865, 0.22129893392959865, 0.22129893392959865, 0.22129893392959865), (0, 0, 0, 0, 0, 0), (0.22129893392959865, 0.22129893392959865, 0.22129893392959865, 0.22129893392959865, 0.22129893392959865, 0.22129893392959865), (0, 0, 0, 0, 0, 0), (0.22129893392959865, 0.22129893392959865, 0.22129893392959865, 0.22129893392959865, 0.22129893392959865, 0.22129893392959865), (0.22129893392959865, 0.22129893392959865, 0.22129893392959865, 0.22129893392959865, 0.22129893392959865, 0.22129893392959865)]}}
AdaptationManager: Configuring next round...
{'client_registry': {'enabled': True, 'params': {}}, 'client_selector': {'enabled': False, 'params': {}}, 'client_cluster': {'enabled': False, 'params': {}}, 'message_compressor': {'enabled': True, 'params': {}}, 'model_co-versioning_registry': {'enabled': False, 'params': {}}, 'multi-task_model_trainer': {'enabled': False, 'params': {}}, 'heterogeneous_data_handler': {'enabled': False, 'params': {}}}
{'client_selector': {'enabled': False}, 'client_cluster': {'enabled': False}, 'message_compressor': {'enabled': False}, 'model_co-versioning_registry': {'enabled': False}, 'multi-task_model_trainer': {'enabled': False}, 'heterogeneous_data_handler': {'enabled': False}, 'client_registry': {'enabled': True, 'params': {}}}
time=19.744384050369263, message_compressor de-activated ❌
client Client 24 injecting delay of 7 seconds
client Client 28 injecting delay of 10 seconds
client Client 25 injecting delay of 4 seconds
client Client 23 injecting delay of 1 seconds
client Client 27 injecting delay of 8 seconds
client Client 26 injecting delay of 8 seconds
Results Aggregated in 20.16 seconds.
{'TextMLP': {'train_loss': [0.3419053545792898, 0.29206433271434573, 0.2671114044080178, 0.25316706404222383, 0.24355921381049686, 0.23808363550404707, 0.23443857151402367, 0.2348095719916953, 0.2284642166591353, 0.22528132772081427, 0.22204115690555837, 0.22060485476156075, 0.2143864677005344, 0.21506989784638086, 0.21131969894104533, 0.20846999802589417, 0.20913118212421736, 0.20430571190416813], 'train_accuracy': [0.8751527777777778, 0.8908652777777778, 0.9004763888888889, 0.9044819444444444, 0.9085402777777778, 0.9109333333333334, 0.9125222222222222, 0.9124916666666667, 0.9149611111111111, 0.9163958333333333, 0.9177763888888889, 0.9184111111111111, 0.9208625, 0.9206666666666666, 0.9220847222222223, 0.9229861111111111, 0.922675, 0.9245708333333333], 'train_f1': [0.81298001772439, 0.8425914441935612, 0.8585828066842499, 0.8647460792494728, 0.8711139528854683, 0.8741917360049689, 0.8770133632846092, 0.8783591365743562, 0.8799277125634373, 0.8827239461400577, 0.8840786873715325, 0.8867294053383348, 0.888753972211276, 0.8881512733965466, 0.8902543603471642, 0.8917172406075188, 0.8905586447416507, 0.8938744748384828], 'train_mae': [0.18486666666666668, 0.16445833333333335, 0.15085277777777778, 0.14571111111111112, 0.13908194444444444, 0.1366236111111111, 0.13428333333333334, 0.13354444444444444, 0.13066666666666665, 0.12864166666666665, 0.126775, 0.1252, 0.12198611111111111, 0.12149305555555556, 0.12031527777777777, 0.11870416666666667, 0.11989722222222222, 0.11681944444444445], 'val_loss': [3.0037503994556896, 4.150140331335235, 5.223185152421919, 5.434017092386881, 5.569915433013649, 5.7648737731732815, 5.869944810699997, 5.939955182326467, 5.987223890873424, 6.021674172083537, 6.017596132713452, 6.049406869118673, 6.035256935588101, 6.0153388431616, 6.04636583846912, 6.114308840099135, 6.2372461574955995, 6.295481985828333], 'val_accuracy': [0.5925219298245614, 0.6184649122807018, 0.6348026315789475, 0.636140350877193, 0.6416008771929824, 0.6389035087719298, 0.6423464912280702, 0.6498245614035089, 0.6400877192982456, 0.6466447368421052, 0.6429385964912281, 0.6568640350877193, 0.6498684210526315, 0.6500219298245614, 0.649890350877193, 0.6539473684210526, 0.6453728070175438, 0.6528070175438597], 'val_f1': [0.5124829380315331, 0.5360954529540678, 0.5493781152551388, 0.5509909315035141, 0.5555936229519406, 0.5543911257596383, 0.5570700423016917, 0.56309207646701, 0.555359962152298, 0.5606353907840123, 0.5575276177699752, 0.5685719657343152, 0.5625865704021115, 0.5626591484005463, 0.5629908480060765, 0.5660963677408617, 0.5599924420233151, 0.5657881427131963], 'val_mae': [0.712609649122807, 0.6642105263157895, 0.6355043859649123, 0.6411622807017544, 0.6252412280701755, 0.6266008771929825, 0.6138377192982456, 0.5896052631578947, 0.6232675438596491, 0.599188596491228, 0.61375, 0.5725, 0.6017105263157895, 0.6003070175438597, 0.6001754385964913, 0.5881798245614035, 0.6037280701754386, 0.5865789473684211], 'jsd': [(0, 0, 0, 0, 0, 0), (0, 0, 0, 0, 0, 0), (0.22129893392959865, 0.22129893392959865, 0.22129893392959865, 0.22129893392959865, 0.22129893392959865, 0.22129893392959865), (0, 0, 0, 0, 0, 0), (0.22129893392959865, 0.22129893392959865, 0.22129893392959865, 0.22129893392959865, 0.22129893392959865, 0.22129893392959865), (0.22129893392959865, 0.22129893392959865, 0.22129893392959865, 0.22129893392959865, 0.22129893392959865, 0.22129893392959865), (0, 0, 0, 0, 0, 0), (0.22129893392959865, 0.22129893392959865, 0.22129893392959865, 0.22129893392959865, 0.22129893392959865, 0.22129893392959865), (0.22129893392959865, 0.22129893392959865, 0.22129893392959865, 0.22129893392959865, 0.22129893392959865, 0.22129893392959865), (0.22129893392959865, 0.22129893392959865, 0.22129893392959865, 0.22129893392959865, 0.22129893392959865, 0.22129893392959865), (0.22129893392959865, 0.22129893392959865, 0.22129893392959865, 0.22129893392959865, 0.22129893392959865, 0.22129893392959865), (0.22129893392959865, 0.22129893392959865, 0.22129893392959865, 0.22129893392959865, 0.22129893392959865, 0.22129893392959865), (0, 0, 0, 0, 0, 0), (0.22129893392959865, 0.22129893392959865, 0.22129893392959865, 0.22129893392959865, 0.22129893392959865, 0.22129893392959865), (0, 0, 0, 0, 0, 0), (0.22129893392959865, 0.22129893392959865, 0.22129893392959865, 0.22129893392959865, 0.22129893392959865, 0.22129893392959865), (0.22129893392959865, 0.22129893392959865, 0.22129893392959865, 0.22129893392959865, 0.22129893392959865, 0.22129893392959865), (0.22129893392959865, 0.22129893392959865, 0.22129893392959865, 0.22129893392959865, 0.22129893392959865, 0.22129893392959865)]}}
AdaptationManager: Configuring next round...
{'client_registry': {'enabled': True, 'params': {}}, 'client_selector': {'enabled': False, 'params': {}}, 'client_cluster': {'enabled': False, 'params': {}}, 'message_compressor': {'enabled': True, 'params': {}}, 'model_co-versioning_registry': {'enabled': False, 'params': {}}, 'multi-task_model_trainer': {'enabled': False, 'params': {}}, 'heterogeneous_data_handler': {'enabled': False, 'params': {}}}
{'client_selector': {'enabled': False}, 'client_cluster': {'enabled': False}, 'message_compressor': {'enabled': False}, 'model_co-versioning_registry': {'enabled': False}, 'multi-task_model_trainer': {'enabled': False}, 'heterogeneous_data_handler': {'enabled': False}, 'client_registry': {'enabled': True, 'params': {}}}
time=20.16186761856079, message_compressor activated ✅
client Client 23 injecting delay of 1 seconds
client Client 27 injecting delay of 1 seconds
client Client 24 injecting delay of 9 seconds
client Client 26 injecting delay of 1 seconds
Local parameters compressed: reduced 5089 bytes (6.90%)
client Client 28 injecting delay of 0 seconds
Local parameters compressed: reduced 5077 bytes (6.88%)
client Client 25 injecting delay of 3 seconds
Local parameters compressed: reduced 5099 bytes (6.91%)
Local parameters compressed: reduced 5051 bytes (6.85%)
Local parameters compressed: reduced 5084 bytes (6.89%)
Local parameters compressed: reduced 5099 bytes (6.91%)
Results Aggregated in 18.50 seconds.
{'TextMLP': {'train_loss': [0.3419053545792898, 0.29206433271434573, 0.2671114044080178, 0.25316706404222383, 0.24355921381049686, 0.23808363550404707, 0.23443857151402367, 0.2348095719916953, 0.2284642166591353, 0.22528132772081427, 0.22204115690555837, 0.22060485476156075, 0.2143864677005344, 0.21506989784638086, 0.21131969894104533, 0.20846999802589417, 0.20913118212421736, 0.20430571190416813, 0.20552498243252437], 'train_accuracy': [0.8751527777777778, 0.8908652777777778, 0.9004763888888889, 0.9044819444444444, 0.9085402777777778, 0.9109333333333334, 0.9125222222222222, 0.9124916666666667, 0.9149611111111111, 0.9163958333333333, 0.9177763888888889, 0.9184111111111111, 0.9208625, 0.9206666666666666, 0.9220847222222223, 0.9229861111111111, 0.922675, 0.9245708333333333, 0.9241541666666667], 'train_f1': [0.81298001772439, 0.8425914441935612, 0.8585828066842499, 0.8647460792494728, 0.8711139528854683, 0.8741917360049689, 0.8770133632846092, 0.8783591365743562, 0.8799277125634373, 0.8827239461400577, 0.8840786873715325, 0.8867294053383348, 0.888753972211276, 0.8881512733965466, 0.8902543603471642, 0.8917172406075188, 0.8905586447416507, 0.8938744748384828, 0.8933827712049218], 'train_mae': [0.18486666666666668, 0.16445833333333335, 0.15085277777777778, 0.14571111111111112, 0.13908194444444444, 0.1366236111111111, 0.13428333333333334, 0.13354444444444444, 0.13066666666666665, 0.12864166666666665, 0.126775, 0.1252, 0.12198611111111111, 0.12149305555555556, 0.12031527777777777, 0.11870416666666667, 0.11989722222222222, 0.11681944444444445, 0.1171375], 'val_loss': [3.0037503994556896, 4.150140331335235, 5.223185152421919, 5.434017092386881, 5.569915433013649, 5.7648737731732815, 5.869944810699997, 5.939955182326467, 5.987223890873424, 6.021674172083537, 6.017596132713452, 6.049406869118673, 6.035256935588101, 6.0153388431616, 6.04636583846912, 6.114308840099135, 6.2372461574955995, 6.295481985828333, 6.250287210732176], 'val_accuracy': [0.5925219298245614, 0.6184649122807018, 0.6348026315789475, 0.636140350877193, 0.6416008771929824, 0.6389035087719298, 0.6423464912280702, 0.6498245614035089, 0.6400877192982456, 0.6466447368421052, 0.6429385964912281, 0.6568640350877193, 0.6498684210526315, 0.6500219298245614, 0.649890350877193, 0.6539473684210526, 0.6453728070175438, 0.6528070175438597, 0.65375], 'val_f1': [0.5124829380315331, 0.5360954529540678, 0.5493781152551388, 0.5509909315035141, 0.5555936229519406, 0.5543911257596383, 0.5570700423016917, 0.56309207646701, 0.555359962152298, 0.5606353907840123, 0.5575276177699752, 0.5685719657343152, 0.5625865704021115, 0.5626591484005463, 0.5629908480060765, 0.5660963677408617, 0.5599924420233151, 0.5657881427131963, 0.5664582428491295], 'val_mae': [0.712609649122807, 0.6642105263157895, 0.6355043859649123, 0.6411622807017544, 0.6252412280701755, 0.6266008771929825, 0.6138377192982456, 0.5896052631578947, 0.6232675438596491, 0.599188596491228, 0.61375, 0.5725, 0.6017105263157895, 0.6003070175438597, 0.6001754385964913, 0.5881798245614035, 0.6037280701754386, 0.5865789473684211, 0.5818859649122806], 'jsd': [(0, 0, 0, 0, 0, 0), (0, 0, 0, 0, 0, 0), (0.22129893392959865, 0.22129893392959865, 0.22129893392959865, 0.22129893392959865, 0.22129893392959865, 0.22129893392959865), (0, 0, 0, 0, 0, 0), (0.22129893392959865, 0.22129893392959865, 0.22129893392959865, 0.22129893392959865, 0.22129893392959865, 0.22129893392959865), (0.22129893392959865, 0.22129893392959865, 0.22129893392959865, 0.22129893392959865, 0.22129893392959865, 0.22129893392959865), (0, 0, 0, 0, 0, 0), (0.22129893392959865, 0.22129893392959865, 0.22129893392959865, 0.22129893392959865, 0.22129893392959865, 0.22129893392959865), (0.22129893392959865, 0.22129893392959865, 0.22129893392959865, 0.22129893392959865, 0.22129893392959865, 0.22129893392959865), (0.22129893392959865, 0.22129893392959865, 0.22129893392959865, 0.22129893392959865, 0.22129893392959865, 0.22129893392959865), (0.22129893392959865, 0.22129893392959865, 0.22129893392959865, 0.22129893392959865, 0.22129893392959865, 0.22129893392959865), (0.22129893392959865, 0.22129893392959865, 0.22129893392959865, 0.22129893392959865, 0.22129893392959865, 0.22129893392959865), (0, 0, 0, 0, 0, 0), (0.22129893392959865, 0.22129893392959865, 0.22129893392959865, 0.22129893392959865, 0.22129893392959865, 0.22129893392959865), (0, 0, 0, 0, 0, 0), (0.22129893392959865, 0.22129893392959865, 0.22129893392959865, 0.22129893392959865, 0.22129893392959865, 0.22129893392959865), (0.22129893392959865, 0.22129893392959865, 0.22129893392959865, 0.22129893392959865, 0.22129893392959865, 0.22129893392959865), (0.22129893392959865, 0.22129893392959865, 0.22129893392959865, 0.22129893392959865, 0.22129893392959865, 0.22129893392959865), (0, 0, 0, 0, 0, 0)]}}
AdaptationManager: Configuring next round...
{'client_registry': {'enabled': True, 'params': {}}, 'client_selector': {'enabled': False, 'params': {}}, 'client_cluster': {'enabled': False, 'params': {}}, 'message_compressor': {'enabled': True, 'params': {}}, 'model_co-versioning_registry': {'enabled': False, 'params': {}}, 'multi-task_model_trainer': {'enabled': False, 'params': {}}, 'heterogeneous_data_handler': {'enabled': False, 'params': {}}}
{'client_selector': {'enabled': False}, 'client_cluster': {'enabled': False}, 'message_compressor': {'enabled': True}, 'model_co-versioning_registry': {'enabled': False}, 'multi-task_model_trainer': {'enabled': False}, 'heterogeneous_data_handler': {'enabled': False}, 'client_registry': {'enabled': True, 'params': {}}}
time=18.49833846092224, message_compressor de-activated ❌
client Client 26 injecting delay of 10 seconds
client Client 24 injecting delay of 0 seconds
client Client 23 injecting delay of 5 seconds
client Client 27 injecting delay of 6 seconds
client Client 25 injecting delay of 10 seconds
client Client 28 injecting delay of 1 seconds
Results Aggregated in 21.09 seconds.
{'TextMLP': {'train_loss': [0.3419053545792898, 0.29206433271434573, 0.2671114044080178, 0.25316706404222383, 0.24355921381049686, 0.23808363550404707, 0.23443857151402367, 0.2348095719916953, 0.2284642166591353, 0.22528132772081427, 0.22204115690555837, 0.22060485476156075, 0.2143864677005344, 0.21506989784638086, 0.21131969894104533, 0.20846999802589417, 0.20913118212421736, 0.20430571190416813, 0.20552498243252437, 0.2070305313302411], 'train_accuracy': [0.8751527777777778, 0.8908652777777778, 0.9004763888888889, 0.9044819444444444, 0.9085402777777778, 0.9109333333333334, 0.9125222222222222, 0.9124916666666667, 0.9149611111111111, 0.9163958333333333, 0.9177763888888889, 0.9184111111111111, 0.9208625, 0.9206666666666666, 0.9220847222222223, 0.9229861111111111, 0.922675, 0.9245708333333333, 0.9241541666666667, 0.9233097222222222], 'train_f1': [0.81298001772439, 0.8425914441935612, 0.8585828066842499, 0.8647460792494728, 0.8711139528854683, 0.8741917360049689, 0.8770133632846092, 0.8783591365743562, 0.8799277125634373, 0.8827239461400577, 0.8840786873715325, 0.8867294053383348, 0.888753972211276, 0.8881512733965466, 0.8902543603471642, 0.8917172406075188, 0.8905586447416507, 0.8938744748384828, 0.8933827712049218, 0.8909116941583848], 'train_mae': [0.18486666666666668, 0.16445833333333335, 0.15085277777777778, 0.14571111111111112, 0.13908194444444444, 0.1366236111111111, 0.13428333333333334, 0.13354444444444444, 0.13066666666666665, 0.12864166666666665, 0.126775, 0.1252, 0.12198611111111111, 0.12149305555555556, 0.12031527777777777, 0.11870416666666667, 0.11989722222222222, 0.11681944444444445, 0.1171375, 0.1189125], 'val_loss': [3.0037503994556896, 4.150140331335235, 5.223185152421919, 5.434017092386881, 5.569915433013649, 5.7648737731732815, 5.869944810699997, 5.939955182326467, 5.987223890873424, 6.021674172083537, 6.017596132713452, 6.049406869118673, 6.035256935588101, 6.0153388431616, 6.04636583846912, 6.114308840099135, 6.2372461574955995, 6.295481985828333, 6.250287210732176, 6.290734809908951], 'val_accuracy': [0.5925219298245614, 0.6184649122807018, 0.6348026315789475, 0.636140350877193, 0.6416008771929824, 0.6389035087719298, 0.6423464912280702, 0.6498245614035089, 0.6400877192982456, 0.6466447368421052, 0.6429385964912281, 0.6568640350877193, 0.6498684210526315, 0.6500219298245614, 0.649890350877193, 0.6539473684210526, 0.6453728070175438, 0.6528070175438597, 0.65375, 0.6452412280701755], 'val_f1': [0.5124829380315331, 0.5360954529540678, 0.5493781152551388, 0.5509909315035141, 0.5555936229519406, 0.5543911257596383, 0.5570700423016917, 0.56309207646701, 0.555359962152298, 0.5606353907840123, 0.5575276177699752, 0.5685719657343152, 0.5625865704021115, 0.5626591484005463, 0.5629908480060765, 0.5660963677408617, 0.5599924420233151, 0.5657881427131963, 0.5664582428491295, 0.5595265350061291], 'val_mae': [0.712609649122807, 0.6642105263157895, 0.6355043859649123, 0.6411622807017544, 0.6252412280701755, 0.6266008771929825, 0.6138377192982456, 0.5896052631578947, 0.6232675438596491, 0.599188596491228, 0.61375, 0.5725, 0.6017105263157895, 0.6003070175438597, 0.6001754385964913, 0.5881798245614035, 0.6037280701754386, 0.5865789473684211, 0.5818859649122806, 0.6186184210526315], 'jsd': [(0, 0, 0, 0, 0, 0), (0, 0, 0, 0, 0, 0), (0.22129893392959865, 0.22129893392959865, 0.22129893392959865, 0.22129893392959865, 0.22129893392959865, 0.22129893392959865), (0, 0, 0, 0, 0, 0), (0.22129893392959865, 0.22129893392959865, 0.22129893392959865, 0.22129893392959865, 0.22129893392959865, 0.22129893392959865), (0.22129893392959865, 0.22129893392959865, 0.22129893392959865, 0.22129893392959865, 0.22129893392959865, 0.22129893392959865), (0, 0, 0, 0, 0, 0), (0.22129893392959865, 0.22129893392959865, 0.22129893392959865, 0.22129893392959865, 0.22129893392959865, 0.22129893392959865), (0.22129893392959865, 0.22129893392959865, 0.22129893392959865, 0.22129893392959865, 0.22129893392959865, 0.22129893392959865), (0.22129893392959865, 0.22129893392959865, 0.22129893392959865, 0.22129893392959865, 0.22129893392959865, 0.22129893392959865), (0.22129893392959865, 0.22129893392959865, 0.22129893392959865, 0.22129893392959865, 0.22129893392959865, 0.22129893392959865), (0.22129893392959865, 0.22129893392959865, 0.22129893392959865, 0.22129893392959865, 0.22129893392959865, 0.22129893392959865), (0, 0, 0, 0, 0, 0), (0.22129893392959865, 0.22129893392959865, 0.22129893392959865, 0.22129893392959865, 0.22129893392959865, 0.22129893392959865), (0, 0, 0, 0, 0, 0), (0.22129893392959865, 0.22129893392959865, 0.22129893392959865, 0.22129893392959865, 0.22129893392959865, 0.22129893392959865), (0.22129893392959865, 0.22129893392959865, 0.22129893392959865, 0.22129893392959865, 0.22129893392959865, 0.22129893392959865), (0.22129893392959865, 0.22129893392959865, 0.22129893392959865, 0.22129893392959865, 0.22129893392959865, 0.22129893392959865), (0, 0, 0, 0, 0, 0), (0.22129893392959865, 0.22129893392959865, 0.22129893392959865, 0.22129893392959865, 0.22129893392959865, 0.22129893392959865)]}}
AdaptationManager: Configuring next round...
{'client_registry': {'enabled': True, 'params': {}}, 'client_selector': {'enabled': False, 'params': {}}, 'client_cluster': {'enabled': False, 'params': {}}, 'message_compressor': {'enabled': True, 'params': {}}, 'model_co-versioning_registry': {'enabled': False, 'params': {}}, 'multi-task_model_trainer': {'enabled': False, 'params': {}}, 'heterogeneous_data_handler': {'enabled': False, 'params': {}}}
{'client_selector': {'enabled': False}, 'client_cluster': {'enabled': False}, 'message_compressor': {'enabled': False}, 'model_co-versioning_registry': {'enabled': False}, 'multi-task_model_trainer': {'enabled': False}, 'heterogeneous_data_handler': {'enabled': False}, 'client_registry': {'enabled': True, 'params': {}}}
time=21.089633226394653, message_compressor activated ✅
