==========================================
  ___  ______  ___ ______       _ 
 / _ \ | ___ \/   ||  ___|     | |
/ /_\ \| |_/ / /| || |_ ___  __| |
|  _  ||  __/ /_| ||  _/ _ \/ _` |
| | | || |  \___  || ||  __/ (_| |
\_| |_/\_|      |_/\_| \___|\__,_| v.1.5.0

==========================================
Simulation Started!
List of the Architectural Patterns enabled:
Adaptation Enabled ✅
Global Metric: time, comparison with fixed value: 85.0
Client Registry ✅
Message Compressor ✅
==========================================
Local parameters compressed: reduced 18455 bytes (7.43%)
Local parameters compressed: reduced 18478 bytes (7.44%)
Local parameters compressed: reduced 18383 bytes (7.40%)
Local parameters compressed: reduced 18470 bytes (7.43%)
Local parameters compressed: reduced 18472 bytes (7.43%)
Local parameters compressed: reduced 18472 bytes (7.43%)
Results Aggregated in 76.29 seconds.
{'CNN 64k': {'train_loss': [1.442918320865631], 'train_accuracy': [0.47247666666666666], 'train_f1': [0.4626713218162356], 'train_mae': [1.9395], 'val_loss': [1.449886710802714], 'val_accuracy': [0.46631666666666666], 'val_f1': [0.4557388979479971], 'val_mae': [1.9665833333333333], 'jsd': [(0, 0, 0, 0, 0, 0)]}}
AdaptationManager: Configuring next round...
{'client_registry': {'enabled': True, 'params': {}}, 'client_selector': {'enabled': False, 'params': {}}, 'client_cluster': {'enabled': False, 'params': {}}, 'message_compressor': {'enabled': True, 'params': {}}, 'model_co-versioning_registry': {'enabled': False, 'params': {}}, 'multi-task_model_trainer': {'enabled': False, 'params': {}}, 'heterogeneous_data_handler': {'enabled': False, 'params': {}}}
{'client_selector': {'enabled': False}, 'client_cluster': {'enabled': False}, 'message_compressor': {'enabled': True}, 'model_co-versioning_registry': {'enabled': False}, 'multi-task_model_trainer': {'enabled': False}, 'heterogeneous_data_handler': {'enabled': False}, 'client_registry': {'enabled': True, 'params': {}}}
time=76.29295516014099, message_compressor de-activated ❌
Results Aggregated in 93.32 seconds.
{'CNN 64k': {'train_loss': [1.442918320865631, 1.2942294275347392], 'train_accuracy': [0.47247666666666666, 0.5317466666666667], 'train_f1': [0.4626713218162356, 0.524070536890297], 'train_mae': [1.9395, 1.71132], 'val_loss': [1.449886710802714, 1.3212401227792103], 'val_accuracy': [0.46631666666666666, 0.5197666666666667], 'val_f1': [0.4557388979479971, 0.5112175046685051], 'val_mae': [1.9665833333333333, 1.7544333333333333], 'jsd': [(0, 0, 0, 0, 0, 0), (0, 0, 0, 0, 0, 0)]}}
AdaptationManager: Configuring next round...
{'client_registry': {'enabled': True, 'params': {}}, 'client_selector': {'enabled': False, 'params': {}}, 'client_cluster': {'enabled': False, 'params': {}}, 'message_compressor': {'enabled': True, 'params': {}}, 'model_co-versioning_registry': {'enabled': False, 'params': {}}, 'multi-task_model_trainer': {'enabled': False, 'params': {}}, 'heterogeneous_data_handler': {'enabled': False, 'params': {}}}
{'client_selector': {'enabled': False}, 'client_cluster': {'enabled': False}, 'message_compressor': {'enabled': False}, 'model_co-versioning_registry': {'enabled': False}, 'multi-task_model_trainer': {'enabled': False}, 'heterogeneous_data_handler': {'enabled': False}, 'client_registry': {'enabled': True, 'params': {}}}
time=93.32430362701416, message_compressor activated ✅
Local parameters compressed: reduced 18225 bytes (7.33%)
Local parameters compressed: reduced 18220 bytes (7.33%)
Local parameters compressed: reduced 18187 bytes (7.32%)
Local parameters compressed: reduced 18176 bytes (7.31%)
Local parameters compressed: reduced 18202 bytes (7.32%)
Local parameters compressed: reduced 18176 bytes (7.31%)
Results Aggregated in 77.88 seconds.
{'CNN 64k': {'train_loss': [1.442918320865631, 1.2942294275347392, 1.1908942288653055], 'train_accuracy': [0.47247666666666666, 0.5317466666666667, 0.5761699999999998], 'train_f1': [0.4626713218162356, 0.524070536890297, 0.5693073130145687], 'train_mae': [1.9395, 1.71132, 1.5136766666666666], 'val_loss': [1.449886710802714, 1.3212401227792103, 1.2368072598934174], 'val_accuracy': [0.46631666666666666, 0.5197666666666667, 0.5585], 'val_f1': [0.4557388979479971, 0.5112175046685051, 0.5507787574087863], 'val_mae': [1.9665833333333333, 1.7544333333333333, 1.5865833333333332], 'jsd': [(0, 0, 0, 0, 0, 0), (0, 0, 0, 0, 0, 0), (0, 0, 0, 0, 0, 0)]}}
AdaptationManager: Configuring next round...
{'client_registry': {'enabled': True, 'params': {}}, 'client_selector': {'enabled': False, 'params': {}}, 'client_cluster': {'enabled': False, 'params': {}}, 'message_compressor': {'enabled': True, 'params': {}}, 'model_co-versioning_registry': {'enabled': False, 'params': {}}, 'multi-task_model_trainer': {'enabled': False, 'params': {}}, 'heterogeneous_data_handler': {'enabled': False, 'params': {}}}
{'client_selector': {'enabled': False}, 'client_cluster': {'enabled': False}, 'message_compressor': {'enabled': True}, 'model_co-versioning_registry': {'enabled': False}, 'multi-task_model_trainer': {'enabled': False}, 'heterogeneous_data_handler': {'enabled': False}, 'client_registry': {'enabled': True, 'params': {}}}
time=77.87777400016785, message_compressor de-activated ❌
Results Aggregated in 93.43 seconds.
{'CNN 64k': {'train_loss': [1.442918320865631, 1.2942294275347392, 1.1908942288653055, 1.0770898528035482], 'train_accuracy': [0.47247666666666666, 0.5317466666666667, 0.5761699999999998, 0.6187666666666667], 'train_f1': [0.4626713218162356, 0.524070536890297, 0.5693073130145687, 0.6130021367235717], 'train_mae': [1.9395, 1.71132, 1.5136766666666666, 1.3519166666666667], 'val_loss': [1.449886710802714, 1.3212401227792103, 1.2368072598934174, 1.1504296893437704], 'val_accuracy': [0.46631666666666666, 0.5197666666666667, 0.5585, 0.5909666666666666], 'val_f1': [0.4557388979479971, 0.5112175046685051, 0.5507787574087863, 0.5849839138872591], 'val_mae': [1.9665833333333333, 1.7544333333333333, 1.5865833333333332, 1.4637833333333334], 'jsd': [(0, 0, 0, 0, 0, 0), (0, 0, 0, 0, 0, 0), (0, 0, 0, 0, 0, 0), (0, 0, 0, 0, 0, 0)]}}
AdaptationManager: Configuring next round...
{'client_registry': {'enabled': True, 'params': {}}, 'client_selector': {'enabled': False, 'params': {}}, 'client_cluster': {'enabled': False, 'params': {}}, 'message_compressor': {'enabled': True, 'params': {}}, 'model_co-versioning_registry': {'enabled': False, 'params': {}}, 'multi-task_model_trainer': {'enabled': False, 'params': {}}, 'heterogeneous_data_handler': {'enabled': False, 'params': {}}}
{'client_selector': {'enabled': False}, 'client_cluster': {'enabled': False}, 'message_compressor': {'enabled': False}, 'model_co-versioning_registry': {'enabled': False}, 'multi-task_model_trainer': {'enabled': False}, 'heterogeneous_data_handler': {'enabled': False}, 'client_registry': {'enabled': True, 'params': {}}}
time=93.43351864814758, message_compressor activated ✅
Local parameters compressed: reduced 17902 bytes (7.20%)
Local parameters compressed: reduced 17957 bytes (7.23%)
Local parameters compressed: reduced 17932 bytes (7.22%)
Local parameters compressed: reduced 17941 bytes (7.22%)
Local parameters compressed: reduced 17890 bytes (7.20%)
Local parameters compressed: reduced 17898 bytes (7.20%)
Results Aggregated in 75.74 seconds.
{'CNN 64k': {'train_loss': [1.442918320865631, 1.2942294275347392, 1.1908942288653055, 1.0770898528035482, 1.002848052872022], 'train_accuracy': [0.47247666666666666, 0.5317466666666667, 0.5761699999999998, 0.6187666666666667, 0.64613], 'train_f1': [0.4626713218162356, 0.524070536890297, 0.5693073130145687, 0.6130021367235717, 0.6436294955718851], 'train_mae': [1.9395, 1.71132, 1.5136766666666666, 1.3519166666666667, 1.2425566666666668], 'val_loss': [1.449886710802714, 1.3212401227792103, 1.2368072598934174, 1.1504296893437704, 1.1038248133659363], 'val_accuracy': [0.46631666666666666, 0.5197666666666667, 0.5585, 0.5909666666666666, 0.6109166666666667], 'val_f1': [0.4557388979479971, 0.5112175046685051, 0.5507787574087863, 0.5849839138872591, 0.6084720553381644], 'val_mae': [1.9665833333333333, 1.7544333333333333, 1.5865833333333332, 1.4637833333333334, 1.3761333333333334], 'jsd': [(0, 0, 0, 0, 0, 0), (0, 0, 0, 0, 0, 0), (0, 0, 0, 0, 0, 0), (0, 0, 0, 0, 0, 0), (0, 0, 0, 0, 0, 0)]}}
AdaptationManager: Configuring next round...
{'client_registry': {'enabled': True, 'params': {}}, 'client_selector': {'enabled': False, 'params': {}}, 'client_cluster': {'enabled': False, 'params': {}}, 'message_compressor': {'enabled': True, 'params': {}}, 'model_co-versioning_registry': {'enabled': False, 'params': {}}, 'multi-task_model_trainer': {'enabled': False, 'params': {}}, 'heterogeneous_data_handler': {'enabled': False, 'params': {}}}
{'client_selector': {'enabled': False}, 'client_cluster': {'enabled': False}, 'message_compressor': {'enabled': True}, 'model_co-versioning_registry': {'enabled': False}, 'multi-task_model_trainer': {'enabled': False}, 'heterogeneous_data_handler': {'enabled': False}, 'client_registry': {'enabled': True, 'params': {}}}
time=75.7368495464325, message_compressor de-activated ❌
Results Aggregated in 89.86 seconds.
{'CNN 64k': {'train_loss': [1.442918320865631, 1.2942294275347392, 1.1908942288653055, 1.0770898528035482, 1.002848052872022, 0.954648741496404], 'train_accuracy': [0.47247666666666666, 0.5317466666666667, 0.5761699999999998, 0.6187666666666667, 0.64613, 0.66372], 'train_f1': [0.4626713218162356, 0.524070536890297, 0.5693073130145687, 0.6130021367235717, 0.6436294955718851, 0.6629659146733631], 'train_mae': [1.9395, 1.71132, 1.5136766666666666, 1.3519166666666667, 1.2425566666666668, 1.1617166666666667], 'val_loss': [1.449886710802714, 1.3212401227792103, 1.2368072598934174, 1.1504296893437704, 1.1038248133659363, 1.0813266492525737], 'val_accuracy': [0.46631666666666666, 0.5197666666666667, 0.5585, 0.5909666666666666, 0.6109166666666667, 0.6179666666666667], 'val_f1': [0.4557388979479971, 0.5112175046685051, 0.5507787574087863, 0.5849839138872591, 0.6084720553381644, 0.6168030736722445], 'val_mae': [1.9665833333333333, 1.7544333333333333, 1.5865833333333332, 1.4637833333333334, 1.3761333333333334, 1.3269333333333333], 'jsd': [(0, 0, 0, 0, 0, 0), (0, 0, 0, 0, 0, 0), (0, 0, 0, 0, 0, 0), (0, 0, 0, 0, 0, 0), (0, 0, 0, 0, 0, 0), (0, 0, 0, 0, 0, 0)]}}
AdaptationManager: Configuring next round...
{'client_registry': {'enabled': True, 'params': {}}, 'client_selector': {'enabled': False, 'params': {}}, 'client_cluster': {'enabled': False, 'params': {}}, 'message_compressor': {'enabled': True, 'params': {}}, 'model_co-versioning_registry': {'enabled': False, 'params': {}}, 'multi-task_model_trainer': {'enabled': False, 'params': {}}, 'heterogeneous_data_handler': {'enabled': False, 'params': {}}}
{'client_selector': {'enabled': False}, 'client_cluster': {'enabled': False}, 'message_compressor': {'enabled': False}, 'model_co-versioning_registry': {'enabled': False}, 'multi-task_model_trainer': {'enabled': False}, 'heterogeneous_data_handler': {'enabled': False}, 'client_registry': {'enabled': True, 'params': {}}}
time=89.8648955821991, message_compressor activated ✅
Local parameters compressed: reduced 17758 bytes (7.15%)
Local parameters compressed: reduced 17742 bytes (7.14%)
Local parameters compressed: reduced 17797 bytes (7.16%)
Local parameters compressed: reduced 17673 bytes (7.11%)
Local parameters compressed: reduced 17767 bytes (7.15%)
Local parameters compressed: reduced 17750 bytes (7.14%)
Results Aggregated in 73.01 seconds.
{'CNN 64k': {'train_loss': [1.442918320865631, 1.2942294275347392, 1.1908942288653055, 1.0770898528035482, 1.002848052872022, 0.954648741496404, 0.9028668308734894], 'train_accuracy': [0.47247666666666666, 0.5317466666666667, 0.5761699999999998, 0.6187666666666667, 0.64613, 0.66372, 0.6832466666666667], 'train_f1': [0.4626713218162356, 0.524070536890297, 0.5693073130145687, 0.6130021367235717, 0.6436294955718851, 0.6629659146733631, 0.6817911684551262], 'train_mae': [1.9395, 1.71132, 1.5136766666666666, 1.3519166666666667, 1.2425566666666668, 1.1617166666666667, 1.0872], 'val_loss': [1.449886710802714, 1.3212401227792103, 1.2368072598934174, 1.1504296893437704, 1.1038248133659363, 1.0813266492525737, 1.0627357417106629], 'val_accuracy': [0.46631666666666666, 0.5197666666666667, 0.5585, 0.5909666666666666, 0.6109166666666667, 0.6179666666666667, 0.6266833333333334], 'val_f1': [0.4557388979479971, 0.5112175046685051, 0.5507787574087863, 0.5849839138872591, 0.6084720553381644, 0.6168030736722445, 0.6244195080084712], 'val_mae': [1.9665833333333333, 1.7544333333333333, 1.5865833333333332, 1.4637833333333334, 1.3761333333333334, 1.3269333333333333, 1.2956833333333333], 'jsd': [(0, 0, 0, 0, 0, 0), (0, 0, 0, 0, 0, 0), (0, 0, 0, 0, 0, 0), (0, 0, 0, 0, 0, 0), (0, 0, 0, 0, 0, 0), (0, 0, 0, 0, 0, 0), (0, 0, 0, 0, 0, 0)]}}
AdaptationManager: Configuring next round...
{'client_registry': {'enabled': True, 'params': {}}, 'client_selector': {'enabled': False, 'params': {}}, 'client_cluster': {'enabled': False, 'params': {}}, 'message_compressor': {'enabled': True, 'params': {}}, 'model_co-versioning_registry': {'enabled': False, 'params': {}}, 'multi-task_model_trainer': {'enabled': False, 'params': {}}, 'heterogeneous_data_handler': {'enabled': False, 'params': {}}}
{'client_selector': {'enabled': False}, 'client_cluster': {'enabled': False}, 'message_compressor': {'enabled': True}, 'model_co-versioning_registry': {'enabled': False}, 'multi-task_model_trainer': {'enabled': False}, 'heterogeneous_data_handler': {'enabled': False}, 'client_registry': {'enabled': True, 'params': {}}}
time=73.01290249824524, message_compressor de-activated ❌
Results Aggregated in 94.97 seconds.
{'CNN 64k': {'train_loss': [1.442918320865631, 1.2942294275347392, 1.1908942288653055, 1.0770898528035482, 1.002848052872022, 0.954648741496404, 0.9028668308734894, 0.852218899901708], 'train_accuracy': [0.47247666666666666, 0.5317466666666667, 0.5761699999999998, 0.6187666666666667, 0.64613, 0.66372, 0.6832466666666667, 0.7005666666666667], 'train_f1': [0.4626713218162356, 0.524070536890297, 0.5693073130145687, 0.6130021367235717, 0.6436294955718851, 0.6629659146733631, 0.6817911684551262, 0.7006934026852243], 'train_mae': [1.9395, 1.71132, 1.5136766666666666, 1.3519166666666667, 1.2425566666666668, 1.1617166666666667, 1.0872, 1.0216066666666668], 'val_loss': [1.449886710802714, 1.3212401227792103, 1.2368072598934174, 1.1504296893437704, 1.1038248133659363, 1.0813266492525737, 1.0627357417106629, 1.0457427573362987], 'val_accuracy': [0.46631666666666666, 0.5197666666666667, 0.5585, 0.5909666666666666, 0.6109166666666667, 0.6179666666666667, 0.6266833333333334, 0.6347833333333334], 'val_f1': [0.4557388979479971, 0.5112175046685051, 0.5507787574087863, 0.5849839138872591, 0.6084720553381644, 0.6168030736722445, 0.6244195080084712, 0.6344893866457024], 'val_mae': [1.9665833333333333, 1.7544333333333333, 1.5865833333333332, 1.4637833333333334, 1.3761333333333334, 1.3269333333333333, 1.2956833333333333, 1.2682], 'jsd': [(0, 0, 0, 0, 0, 0), (0, 0, 0, 0, 0, 0), (0, 0, 0, 0, 0, 0), (0, 0, 0, 0, 0, 0), (0, 0, 0, 0, 0, 0), (0, 0, 0, 0, 0, 0), (0, 0, 0, 0, 0, 0), (0, 0, 0, 0, 0, 0)]}}
AdaptationManager: Configuring next round...
{'client_registry': {'enabled': True, 'params': {}}, 'client_selector': {'enabled': False, 'params': {}}, 'client_cluster': {'enabled': False, 'params': {}}, 'message_compressor': {'enabled': True, 'params': {}}, 'model_co-versioning_registry': {'enabled': False, 'params': {}}, 'multi-task_model_trainer': {'enabled': False, 'params': {}}, 'heterogeneous_data_handler': {'enabled': False, 'params': {}}}
{'client_selector': {'enabled': False}, 'client_cluster': {'enabled': False}, 'message_compressor': {'enabled': False}, 'model_co-versioning_registry': {'enabled': False}, 'multi-task_model_trainer': {'enabled': False}, 'heterogeneous_data_handler': {'enabled': False}, 'client_registry': {'enabled': True, 'params': {}}}
time=94.96975922584534, message_compressor activated ✅
Local parameters compressed: reduced 17496 bytes (7.04%)
Local parameters compressed: reduced 17564 bytes (7.07%)
Local parameters compressed: reduced 17514 bytes (7.05%)
Local parameters compressed: reduced 17516 bytes (7.05%)
Local parameters compressed: reduced 17537 bytes (7.06%)
Local parameters compressed: reduced 17522 bytes (7.05%)
Results Aggregated in 74.07 seconds.
{'CNN 64k': {'train_loss': [1.442918320865631, 1.2942294275347392, 1.1908942288653055, 1.0770898528035482, 1.002848052872022, 0.954648741496404, 0.9028668308734894, 0.852218899901708, 0.8075077876106898], 'train_accuracy': [0.47247666666666666, 0.5317466666666667, 0.5761699999999998, 0.6187666666666667, 0.64613, 0.66372, 0.6832466666666667, 0.7005666666666667, 0.71591], 'train_f1': [0.4626713218162356, 0.524070536890297, 0.5693073130145687, 0.6130021367235717, 0.6436294955718851, 0.6629659146733631, 0.6817911684551262, 0.7006934026852243, 0.7137909090665969], 'train_mae': [1.9395, 1.71132, 1.5136766666666666, 1.3519166666666667, 1.2425566666666668, 1.1617166666666667, 1.0872, 1.0216066666666668, 0.97125], 'val_loss': [1.449886710802714, 1.3212401227792103, 1.2368072598934174, 1.1504296893437704, 1.1038248133659363, 1.0813266492525737, 1.0627357417106629, 1.0457427573362987, 1.035170609998703], 'val_accuracy': [0.46631666666666666, 0.5197666666666667, 0.5585, 0.5909666666666666, 0.6109166666666667, 0.6179666666666667, 0.6266833333333334, 0.6347833333333334, 0.63925], 'val_f1': [0.4557388979479971, 0.5112175046685051, 0.5507787574087863, 0.5849839138872591, 0.6084720553381644, 0.6168030736722445, 0.6244195080084712, 0.6344893866457024, 0.6365090006814891], 'val_mae': [1.9665833333333333, 1.7544333333333333, 1.5865833333333332, 1.4637833333333334, 1.3761333333333334, 1.3269333333333333, 1.2956833333333333, 1.2682, 1.25875], 'jsd': [(0, 0, 0, 0, 0, 0), (0, 0, 0, 0, 0, 0), (0, 0, 0, 0, 0, 0), (0, 0, 0, 0, 0, 0), (0, 0, 0, 0, 0, 0), (0, 0, 0, 0, 0, 0), (0, 0, 0, 0, 0, 0), (0, 0, 0, 0, 0, 0), (0, 0, 0, 0, 0, 0)]}}
AdaptationManager: Configuring next round...
{'client_registry': {'enabled': True, 'params': {}}, 'client_selector': {'enabled': False, 'params': {}}, 'client_cluster': {'enabled': False, 'params': {}}, 'message_compressor': {'enabled': True, 'params': {}}, 'model_co-versioning_registry': {'enabled': False, 'params': {}}, 'multi-task_model_trainer': {'enabled': False, 'params': {}}, 'heterogeneous_data_handler': {'enabled': False, 'params': {}}}
{'client_selector': {'enabled': False}, 'client_cluster': {'enabled': False}, 'message_compressor': {'enabled': True}, 'model_co-versioning_registry': {'enabled': False}, 'multi-task_model_trainer': {'enabled': False}, 'heterogeneous_data_handler': {'enabled': False}, 'client_registry': {'enabled': True, 'params': {}}}
time=74.07153868675232, message_compressor de-activated ❌
Results Aggregated in 95.77 seconds.
{'CNN 64k': {'train_loss': [1.442918320865631, 1.2942294275347392, 1.1908942288653055, 1.0770898528035482, 1.002848052872022, 0.954648741496404, 0.9028668308734894, 0.852218899901708, 0.8075077876106898, 0.7715800485436122], 'train_accuracy': [0.47247666666666666, 0.5317466666666667, 0.5761699999999998, 0.6187666666666667, 0.64613, 0.66372, 0.6832466666666667, 0.7005666666666667, 0.71591, 0.7293166666666666], 'train_f1': [0.4626713218162356, 0.524070536890297, 0.5693073130145687, 0.6130021367235717, 0.6436294955718851, 0.6629659146733631, 0.6817911684551262, 0.7006934026852243, 0.7137909090665969, 0.7274461880129169], 'train_mae': [1.9395, 1.71132, 1.5136766666666666, 1.3519166666666667, 1.2425566666666668, 1.1617166666666667, 1.0872, 1.0216066666666668, 0.97125, 0.93286], 'val_loss': [1.449886710802714, 1.3212401227792103, 1.2368072598934174, 1.1504296893437704, 1.1038248133659363, 1.0813266492525737, 1.0627357417106629, 1.0457427573362987, 1.035170609998703, 1.031578171380361], 'val_accuracy': [0.46631666666666666, 0.5197666666666667, 0.5585, 0.5909666666666666, 0.6109166666666667, 0.6179666666666667, 0.6266833333333334, 0.6347833333333334, 0.63925, 0.6437333333333334], 'val_f1': [0.4557388979479971, 0.5112175046685051, 0.5507787574087863, 0.5849839138872591, 0.6084720553381644, 0.6168030736722445, 0.6244195080084712, 0.6344893866457024, 0.6365090006814891, 0.6411191041506427], 'val_mae': [1.9665833333333333, 1.7544333333333333, 1.5865833333333332, 1.4637833333333334, 1.3761333333333334, 1.3269333333333333, 1.2956833333333333, 1.2682, 1.25875, 1.2529], 'jsd': [(0, 0, 0, 0, 0, 0), (0, 0, 0, 0, 0, 0), (0, 0, 0, 0, 0, 0), (0, 0, 0, 0, 0, 0), (0, 0, 0, 0, 0, 0), (0, 0, 0, 0, 0, 0), (0, 0, 0, 0, 0, 0), (0, 0, 0, 0, 0, 0), (0, 0, 0, 0, 0, 0), (0, 0, 0, 0, 0, 0)]}}
AdaptationManager: Configuring next round...
{'client_registry': {'enabled': True, 'params': {}}, 'client_selector': {'enabled': False, 'params': {}}, 'client_cluster': {'enabled': False, 'params': {}}, 'message_compressor': {'enabled': True, 'params': {}}, 'model_co-versioning_registry': {'enabled': False, 'params': {}}, 'multi-task_model_trainer': {'enabled': False, 'params': {}}, 'heterogeneous_data_handler': {'enabled': False, 'params': {}}}
{'client_selector': {'enabled': False}, 'client_cluster': {'enabled': False}, 'message_compressor': {'enabled': False}, 'model_co-versioning_registry': {'enabled': False}, 'multi-task_model_trainer': {'enabled': False}, 'heterogeneous_data_handler': {'enabled': False}, 'client_registry': {'enabled': True, 'params': {}}}
time=95.77051091194153, message_compressor activated ✅
Local parameters compressed: reduced 17406 bytes (7.00%)
Local parameters compressed: reduced 17420 bytes (7.01%)
Local parameters compressed: reduced 17445 bytes (7.02%)
Local parameters compressed: reduced 17359 bytes (6.99%)
Local parameters compressed: reduced 17399 bytes (7.00%)
Local parameters compressed: reduced 17438 bytes (7.02%)
Results Aggregated in 73.42 seconds.
{'CNN 64k': {'train_loss': [1.442918320865631, 1.2942294275347392, 1.1908942288653055, 1.0770898528035482, 1.002848052872022, 0.954648741496404, 0.9028668308734894, 0.852218899901708, 0.8075077876106898, 0.7715800485436122, 0.7416407310183843], 'train_accuracy': [0.47247666666666666, 0.5317466666666667, 0.5761699999999998, 0.6187666666666667, 0.64613, 0.66372, 0.6832466666666667, 0.7005666666666667, 0.71591, 0.7293166666666666, 0.7396866666666667], 'train_f1': [0.4626713218162356, 0.524070536890297, 0.5693073130145687, 0.6130021367235717, 0.6436294955718851, 0.6629659146733631, 0.6817911684551262, 0.7006934026852243, 0.7137909090665969, 0.7274461880129169, 0.7374747114055951], 'train_mae': [1.9395, 1.71132, 1.5136766666666666, 1.3519166666666667, 1.2425566666666668, 1.1617166666666667, 1.0872, 1.0216066666666668, 0.97125, 0.93286, 0.8960133333333333], 'val_loss': [1.449886710802714, 1.3212401227792103, 1.2368072598934174, 1.1504296893437704, 1.1038248133659363, 1.0813266492525737, 1.0627357417106629, 1.0457427573362987, 1.035170609998703, 1.031578171380361, 1.0393900825023652], 'val_accuracy': [0.46631666666666666, 0.5197666666666667, 0.5585, 0.5909666666666666, 0.6109166666666667, 0.6179666666666667, 0.6266833333333334, 0.6347833333333334, 0.63925, 0.6437333333333334, 0.6448666666666667], 'val_f1': [0.4557388979479971, 0.5112175046685051, 0.5507787574087863, 0.5849839138872591, 0.6084720553381644, 0.6168030736722445, 0.6244195080084712, 0.6344893866457024, 0.6365090006814891, 0.6411191041506427, 0.6420486976601785], 'val_mae': [1.9665833333333333, 1.7544333333333333, 1.5865833333333332, 1.4637833333333334, 1.3761333333333334, 1.3269333333333333, 1.2956833333333333, 1.2682, 1.25875, 1.2529, 1.2502], 'jsd': [(0, 0, 0, 0, 0, 0), (0, 0, 0, 0, 0, 0), (0, 0, 0, 0, 0, 0), (0, 0, 0, 0, 0, 0), (0, 0, 0, 0, 0, 0), (0, 0, 0, 0, 0, 0), (0, 0, 0, 0, 0, 0), (0, 0, 0, 0, 0, 0), (0, 0, 0, 0, 0, 0), (0, 0, 0, 0, 0, 0), (0, 0, 0, 0, 0, 0)]}}
AdaptationManager: Configuring next round...
{'client_registry': {'enabled': True, 'params': {}}, 'client_selector': {'enabled': False, 'params': {}}, 'client_cluster': {'enabled': False, 'params': {}}, 'message_compressor': {'enabled': True, 'params': {}}, 'model_co-versioning_registry': {'enabled': False, 'params': {}}, 'multi-task_model_trainer': {'enabled': False, 'params': {}}, 'heterogeneous_data_handler': {'enabled': False, 'params': {}}}
{'client_selector': {'enabled': False}, 'client_cluster': {'enabled': False}, 'message_compressor': {'enabled': True}, 'model_co-versioning_registry': {'enabled': False}, 'multi-task_model_trainer': {'enabled': False}, 'heterogeneous_data_handler': {'enabled': False}, 'client_registry': {'enabled': True, 'params': {}}}
time=73.42084193229675, message_compressor de-activated ❌
Results Aggregated in 90.17 seconds.
{'CNN 64k': {'train_loss': [1.442918320865631, 1.2942294275347392, 1.1908942288653055, 1.0770898528035482, 1.002848052872022, 0.954648741496404, 0.9028668308734894, 0.852218899901708, 0.8075077876106898, 0.7715800485436122, 0.7416407310183843, 0.7006433543697993], 'train_accuracy': [0.47247666666666666, 0.5317466666666667, 0.5761699999999998, 0.6187666666666667, 0.64613, 0.66372, 0.6832466666666667, 0.7005666666666667, 0.71591, 0.7293166666666666, 0.7396866666666667, 0.75496], 'train_f1': [0.4626713218162356, 0.524070536890297, 0.5693073130145687, 0.6130021367235717, 0.6436294955718851, 0.6629659146733631, 0.6817911684551262, 0.7006934026852243, 0.7137909090665969, 0.7274461880129169, 0.7374747114055951, 0.75455770704596], 'train_mae': [1.9395, 1.71132, 1.5136766666666666, 1.3519166666666667, 1.2425566666666668, 1.1617166666666667, 1.0872, 1.0216066666666668, 0.97125, 0.93286, 0.8960133333333333, 0.83393], 'val_loss': [1.449886710802714, 1.3212401227792103, 1.2368072598934174, 1.1504296893437704, 1.1038248133659363, 1.0813266492525737, 1.0627357417106629, 1.0457427573362987, 1.035170609998703, 1.031578171380361, 1.0393900825023652, 1.035445838578542], 'val_accuracy': [0.46631666666666666, 0.5197666666666667, 0.5585, 0.5909666666666666, 0.6109166666666667, 0.6179666666666667, 0.6266833333333334, 0.6347833333333334, 0.63925, 0.6437333333333334, 0.6448666666666667, 0.6487666666666667], 'val_f1': [0.4557388979479971, 0.5112175046685051, 0.5507787574087863, 0.5849839138872591, 0.6084720553381644, 0.6168030736722445, 0.6244195080084712, 0.6344893866457024, 0.6365090006814891, 0.6411191041506427, 0.6420486976601785, 0.6481001451277226], 'val_mae': [1.9665833333333333, 1.7544333333333333, 1.5865833333333332, 1.4637833333333334, 1.3761333333333334, 1.3269333333333333, 1.2956833333333333, 1.2682, 1.25875, 1.2529, 1.2502, 1.2249666666666668], 'jsd': [(0, 0, 0, 0, 0, 0), (0, 0, 0, 0, 0, 0), (0, 0, 0, 0, 0, 0), (0, 0, 0, 0, 0, 0), (0, 0, 0, 0, 0, 0), (0, 0, 0, 0, 0, 0), (0, 0, 0, 0, 0, 0), (0, 0, 0, 0, 0, 0), (0, 0, 0, 0, 0, 0), (0, 0, 0, 0, 0, 0), (0, 0, 0, 0, 0, 0), (0, 0, 0, 0, 0, 0)]}}
AdaptationManager: Configuring next round...
{'client_registry': {'enabled': True, 'params': {}}, 'client_selector': {'enabled': False, 'params': {}}, 'client_cluster': {'enabled': False, 'params': {}}, 'message_compressor': {'enabled': True, 'params': {}}, 'model_co-versioning_registry': {'enabled': False, 'params': {}}, 'multi-task_model_trainer': {'enabled': False, 'params': {}}, 'heterogeneous_data_handler': {'enabled': False, 'params': {}}}
{'client_selector': {'enabled': False}, 'client_cluster': {'enabled': False}, 'message_compressor': {'enabled': False}, 'model_co-versioning_registry': {'enabled': False}, 'multi-task_model_trainer': {'enabled': False}, 'heterogeneous_data_handler': {'enabled': False}, 'client_registry': {'enabled': True, 'params': {}}}
time=90.16636633872986, message_compressor activated ✅
Local parameters compressed: reduced 17300 bytes (6.96%)
Local parameters compressed: reduced 17375 bytes (6.99%)
Local parameters compressed: reduced 17256 bytes (6.94%)
Local parameters compressed: reduced 17304 bytes (6.96%)
Local parameters compressed: reduced 17323 bytes (6.97%)
Local parameters compressed: reduced 17367 bytes (6.99%)
Results Aggregated in 73.83 seconds.
{'CNN 64k': {'train_loss': [1.442918320865631, 1.2942294275347392, 1.1908942288653055, 1.0770898528035482, 1.002848052872022, 0.954648741496404, 0.9028668308734894, 0.852218899901708, 0.8075077876106898, 0.7715800485436122, 0.7416407310183843, 0.7006433543697993, 0.6848002748171489], 'train_accuracy': [0.47247666666666666, 0.5317466666666667, 0.5761699999999998, 0.6187666666666667, 0.64613, 0.66372, 0.6832466666666667, 0.7005666666666667, 0.71591, 0.7293166666666666, 0.7396866666666667, 0.75496, 0.7592566666666667], 'train_f1': [0.4626713218162356, 0.524070536890297, 0.5693073130145687, 0.6130021367235717, 0.6436294955718851, 0.6629659146733631, 0.6817911684551262, 0.7006934026852243, 0.7137909090665969, 0.7274461880129169, 0.7374747114055951, 0.75455770704596, 0.7581855587970955], 'train_mae': [1.9395, 1.71132, 1.5136766666666666, 1.3519166666666667, 1.2425566666666668, 1.1617166666666667, 1.0872, 1.0216066666666668, 0.97125, 0.93286, 0.8960133333333333, 0.83393, 0.8187966666666666], 'val_loss': [1.449886710802714, 1.3212401227792103, 1.2368072598934174, 1.1504296893437704, 1.1038248133659363, 1.0813266492525737, 1.0627357417106629, 1.0457427573362987, 1.035170609998703, 1.031578171380361, 1.0393900825023652, 1.035445838578542, 1.0596593591690064], 'val_accuracy': [0.46631666666666666, 0.5197666666666667, 0.5585, 0.5909666666666666, 0.6109166666666667, 0.6179666666666667, 0.6266833333333334, 0.6347833333333334, 0.63925, 0.6437333333333334, 0.6448666666666667, 0.6487666666666667, 0.6473166666666667], 'val_f1': [0.4557388979479971, 0.5112175046685051, 0.5507787574087863, 0.5849839138872591, 0.6084720553381644, 0.6168030736722445, 0.6244195080084712, 0.6344893866457024, 0.6365090006814891, 0.6411191041506427, 0.6420486976601785, 0.6481001451277226, 0.6453789364746255], 'val_mae': [1.9665833333333333, 1.7544333333333333, 1.5865833333333332, 1.4637833333333334, 1.3761333333333334, 1.3269333333333333, 1.2956833333333333, 1.2682, 1.25875, 1.2529, 1.2502, 1.2249666666666668, 1.2290333333333334], 'jsd': [(0, 0, 0, 0, 0, 0), (0, 0, 0, 0, 0, 0), (0, 0, 0, 0, 0, 0), (0, 0, 0, 0, 0, 0), (0, 0, 0, 0, 0, 0), (0, 0, 0, 0, 0, 0), (0, 0, 0, 0, 0, 0), (0, 0, 0, 0, 0, 0), (0, 0, 0, 0, 0, 0), (0, 0, 0, 0, 0, 0), (0, 0, 0, 0, 0, 0), (0, 0, 0, 0, 0, 0), (0, 0, 0, 0, 0, 0)]}}
AdaptationManager: Configuring next round...
{'client_registry': {'enabled': True, 'params': {}}, 'client_selector': {'enabled': False, 'params': {}}, 'client_cluster': {'enabled': False, 'params': {}}, 'message_compressor': {'enabled': True, 'params': {}}, 'model_co-versioning_registry': {'enabled': False, 'params': {}}, 'multi-task_model_trainer': {'enabled': False, 'params': {}}, 'heterogeneous_data_handler': {'enabled': False, 'params': {}}}
{'client_selector': {'enabled': False}, 'client_cluster': {'enabled': False}, 'message_compressor': {'enabled': True}, 'model_co-versioning_registry': {'enabled': False}, 'multi-task_model_trainer': {'enabled': False}, 'heterogeneous_data_handler': {'enabled': False}, 'client_registry': {'enabled': True, 'params': {}}}
time=73.82829856872559, message_compressor de-activated ❌
Results Aggregated in 90.24 seconds.
{'CNN 64k': {'train_loss': [1.442918320865631, 1.2942294275347392, 1.1908942288653055, 1.0770898528035482, 1.002848052872022, 0.954648741496404, 0.9028668308734894, 0.852218899901708, 0.8075077876106898, 0.7715800485436122, 0.7416407310183843, 0.7006433543697993, 0.6848002748171489, 0.6563452609697977], 'train_accuracy': [0.47247666666666666, 0.5317466666666667, 0.5761699999999998, 0.6187666666666667, 0.64613, 0.66372, 0.6832466666666667, 0.7005666666666667, 0.71591, 0.7293166666666666, 0.7396866666666667, 0.75496, 0.7592566666666667, 0.7685733333333333], 'train_f1': [0.4626713218162356, 0.524070536890297, 0.5693073130145687, 0.6130021367235717, 0.6436294955718851, 0.6629659146733631, 0.6817911684551262, 0.7006934026852243, 0.7137909090665969, 0.7274461880129169, 0.7374747114055951, 0.75455770704596, 0.7581855587970955, 0.7675549783967779], 'train_mae': [1.9395, 1.71132, 1.5136766666666666, 1.3519166666666667, 1.2425566666666668, 1.1617166666666667, 1.0872, 1.0216066666666668, 0.97125, 0.93286, 0.8960133333333333, 0.83393, 0.8187966666666666, 0.77964], 'val_loss': [1.449886710802714, 1.3212401227792103, 1.2368072598934174, 1.1504296893437704, 1.1038248133659363, 1.0813266492525737, 1.0627357417106629, 1.0457427573362987, 1.035170609998703, 1.031578171380361, 1.0393900825023652, 1.035445838578542, 1.0596593591690064, 1.070415071105957], 'val_accuracy': [0.46631666666666666, 0.5197666666666667, 0.5585, 0.5909666666666666, 0.6109166666666667, 0.6179666666666667, 0.6266833333333334, 0.6347833333333334, 0.63925, 0.6437333333333334, 0.6448666666666667, 0.6487666666666667, 0.6473166666666667, 0.6474666666666666], 'val_f1': [0.4557388979479971, 0.5112175046685051, 0.5507787574087863, 0.5849839138872591, 0.6084720553381644, 0.6168030736722445, 0.6244195080084712, 0.6344893866457024, 0.6365090006814891, 0.6411191041506427, 0.6420486976601785, 0.6481001451277226, 0.6453789364746255, 0.6459850996712795], 'val_mae': [1.9665833333333333, 1.7544333333333333, 1.5865833333333332, 1.4637833333333334, 1.3761333333333334, 1.3269333333333333, 1.2956833333333333, 1.2682, 1.25875, 1.2529, 1.2502, 1.2249666666666668, 1.2290333333333334, 1.2248833333333333], 'jsd': [(0, 0, 0, 0, 0, 0), (0, 0, 0, 0, 0, 0), (0, 0, 0, 0, 0, 0), (0, 0, 0, 0, 0, 0), (0, 0, 0, 0, 0, 0), (0, 0, 0, 0, 0, 0), (0, 0, 0, 0, 0, 0), (0, 0, 0, 0, 0, 0), (0, 0, 0, 0, 0, 0), (0, 0, 0, 0, 0, 0), (0, 0, 0, 0, 0, 0), (0, 0, 0, 0, 0, 0), (0, 0, 0, 0, 0, 0), (0, 0, 0, 0, 0, 0)]}}
AdaptationManager: Configuring next round...
{'client_registry': {'enabled': True, 'params': {}}, 'client_selector': {'enabled': False, 'params': {}}, 'client_cluster': {'enabled': False, 'params': {}}, 'message_compressor': {'enabled': True, 'params': {}}, 'model_co-versioning_registry': {'enabled': False, 'params': {}}, 'multi-task_model_trainer': {'enabled': False, 'params': {}}, 'heterogeneous_data_handler': {'enabled': False, 'params': {}}}
{'client_selector': {'enabled': False}, 'client_cluster': {'enabled': False}, 'message_compressor': {'enabled': False}, 'model_co-versioning_registry': {'enabled': False}, 'multi-task_model_trainer': {'enabled': False}, 'heterogeneous_data_handler': {'enabled': False}, 'client_registry': {'enabled': True, 'params': {}}}
time=90.24162364006042, message_compressor activated ✅
Local parameters compressed: reduced 17236 bytes (6.94%)
Local parameters compressed: reduced 17258 bytes (6.94%)
Local parameters compressed: reduced 17290 bytes (6.96%)
Local parameters compressed: reduced 17201 bytes (6.92%)
Local parameters compressed: reduced 17247 bytes (6.94%)
Local parameters compressed: reduced 17291 bytes (6.96%)
Results Aggregated in 73.61 seconds.
{'CNN 64k': {'train_loss': [1.442918320865631, 1.2942294275347392, 1.1908942288653055, 1.0770898528035482, 1.002848052872022, 0.954648741496404, 0.9028668308734894, 0.852218899901708, 0.8075077876106898, 0.7715800485436122, 0.7416407310183843, 0.7006433543697993, 0.6848002748171489, 0.6563452609697977, 0.6359396360127131], 'train_accuracy': [0.47247666666666666, 0.5317466666666667, 0.5761699999999998, 0.6187666666666667, 0.64613, 0.66372, 0.6832466666666667, 0.7005666666666667, 0.71591, 0.7293166666666666, 0.7396866666666667, 0.75496, 0.7592566666666667, 0.7685733333333333, 0.77598], 'train_f1': [0.4626713218162356, 0.524070536890297, 0.5693073130145687, 0.6130021367235717, 0.6436294955718851, 0.6629659146733631, 0.6817911684551262, 0.7006934026852243, 0.7137909090665969, 0.7274461880129169, 0.7374747114055951, 0.75455770704596, 0.7581855587970955, 0.7675549783967779, 0.7756088634937851], 'train_mae': [1.9395, 1.71132, 1.5136766666666666, 1.3519166666666667, 1.2425566666666668, 1.1617166666666667, 1.0872, 1.0216066666666668, 0.97125, 0.93286, 0.8960133333333333, 0.83393, 0.8187966666666666, 0.77964, 0.76024], 'val_loss': [1.449886710802714, 1.3212401227792103, 1.2368072598934174, 1.1504296893437704, 1.1038248133659363, 1.0813266492525737, 1.0627357417106629, 1.0457427573362987, 1.035170609998703, 1.031578171380361, 1.0393900825023652, 1.035445838578542, 1.0596593591690064, 1.070415071105957, 1.0854352210680644], 'val_accuracy': [0.46631666666666666, 0.5197666666666667, 0.5585, 0.5909666666666666, 0.6109166666666667, 0.6179666666666667, 0.6266833333333334, 0.6347833333333334, 0.63925, 0.6437333333333334, 0.6448666666666667, 0.6487666666666667, 0.6473166666666667, 0.6474666666666666, 0.6454833333333333], 'val_f1': [0.4557388979479971, 0.5112175046685051, 0.5507787574087863, 0.5849839138872591, 0.6084720553381644, 0.6168030736722445, 0.6244195080084712, 0.6344893866457024, 0.6365090006814891, 0.6411191041506427, 0.6420486976601785, 0.6481001451277226, 0.6453789364746255, 0.6459850996712795, 0.6442868792580039], 'val_mae': [1.9665833333333333, 1.7544333333333333, 1.5865833333333332, 1.4637833333333334, 1.3761333333333334, 1.3269333333333333, 1.2956833333333333, 1.2682, 1.25875, 1.2529, 1.2502, 1.2249666666666668, 1.2290333333333334, 1.2248833333333333, 1.2470666666666668], 'jsd': [(0, 0, 0, 0, 0, 0), (0, 0, 0, 0, 0, 0), (0, 0, 0, 0, 0, 0), (0, 0, 0, 0, 0, 0), (0, 0, 0, 0, 0, 0), (0, 0, 0, 0, 0, 0), (0, 0, 0, 0, 0, 0), (0, 0, 0, 0, 0, 0), (0, 0, 0, 0, 0, 0), (0, 0, 0, 0, 0, 0), (0, 0, 0, 0, 0, 0), (0, 0, 0, 0, 0, 0), (0, 0, 0, 0, 0, 0), (0, 0, 0, 0, 0, 0), (0, 0, 0, 0, 0, 0)]}}
AdaptationManager: Configuring next round...
{'client_registry': {'enabled': True, 'params': {}}, 'client_selector': {'enabled': False, 'params': {}}, 'client_cluster': {'enabled': False, 'params': {}}, 'message_compressor': {'enabled': True, 'params': {}}, 'model_co-versioning_registry': {'enabled': False, 'params': {}}, 'multi-task_model_trainer': {'enabled': False, 'params': {}}, 'heterogeneous_data_handler': {'enabled': False, 'params': {}}}
{'client_selector': {'enabled': False}, 'client_cluster': {'enabled': False}, 'message_compressor': {'enabled': True}, 'model_co-versioning_registry': {'enabled': False}, 'multi-task_model_trainer': {'enabled': False}, 'heterogeneous_data_handler': {'enabled': False}, 'client_registry': {'enabled': True, 'params': {}}}
time=73.61384987831116, message_compressor de-activated ❌
Results Aggregated in 88.32 seconds.
{'CNN 64k': {'train_loss': [1.442918320865631, 1.2942294275347392, 1.1908942288653055, 1.0770898528035482, 1.002848052872022, 0.954648741496404, 0.9028668308734894, 0.852218899901708, 0.8075077876106898, 0.7715800485436122, 0.7416407310183843, 0.7006433543697993, 0.6848002748171489, 0.6563452609697977, 0.6359396360127131, 0.6059648569409053], 'train_accuracy': [0.47247666666666666, 0.5317466666666667, 0.5761699999999998, 0.6187666666666667, 0.64613, 0.66372, 0.6832466666666667, 0.7005666666666667, 0.71591, 0.7293166666666666, 0.7396866666666667, 0.75496, 0.7592566666666667, 0.7685733333333333, 0.77598, 0.78691], 'train_f1': [0.4626713218162356, 0.524070536890297, 0.5693073130145687, 0.6130021367235717, 0.6436294955718851, 0.6629659146733631, 0.6817911684551262, 0.7006934026852243, 0.7137909090665969, 0.7274461880129169, 0.7374747114055951, 0.75455770704596, 0.7581855587970955, 0.7675549783967779, 0.7756088634937851, 0.7861145205741534], 'train_mae': [1.9395, 1.71132, 1.5136766666666666, 1.3519166666666667, 1.2425566666666668, 1.1617166666666667, 1.0872, 1.0216066666666668, 0.97125, 0.93286, 0.8960133333333333, 0.83393, 0.8187966666666666, 0.77964, 0.76024, 0.71722], 'val_loss': [1.449886710802714, 1.3212401227792103, 1.2368072598934174, 1.1504296893437704, 1.1038248133659363, 1.0813266492525737, 1.0627357417106629, 1.0457427573362987, 1.035170609998703, 1.031578171380361, 1.0393900825023652, 1.035445838578542, 1.0596593591690064, 1.070415071105957, 1.0854352210680644, 1.0946278375943501], 'val_accuracy': [0.46631666666666666, 0.5197666666666667, 0.5585, 0.5909666666666666, 0.6109166666666667, 0.6179666666666667, 0.6266833333333334, 0.6347833333333334, 0.63925, 0.6437333333333334, 0.6448666666666667, 0.6487666666666667, 0.6473166666666667, 0.6474666666666666, 0.6454833333333333, 0.6485166666666666], 'val_f1': [0.4557388979479971, 0.5112175046685051, 0.5507787574087863, 0.5849839138872591, 0.6084720553381644, 0.6168030736722445, 0.6244195080084712, 0.6344893866457024, 0.6365090006814891, 0.6411191041506427, 0.6420486976601785, 0.6481001451277226, 0.6453789364746255, 0.6459850996712795, 0.6442868792580039, 0.6471107672618787], 'val_mae': [1.9665833333333333, 1.7544333333333333, 1.5865833333333332, 1.4637833333333334, 1.3761333333333334, 1.3269333333333333, 1.2956833333333333, 1.2682, 1.25875, 1.2529, 1.2502, 1.2249666666666668, 1.2290333333333334, 1.2248833333333333, 1.2470666666666668, 1.2272], 'jsd': [(0, 0, 0, 0, 0, 0), (0, 0, 0, 0, 0, 0), (0, 0, 0, 0, 0, 0), (0, 0, 0, 0, 0, 0), (0, 0, 0, 0, 0, 0), (0, 0, 0, 0, 0, 0), (0, 0, 0, 0, 0, 0), (0, 0, 0, 0, 0, 0), (0, 0, 0, 0, 0, 0), (0, 0, 0, 0, 0, 0), (0, 0, 0, 0, 0, 0), (0, 0, 0, 0, 0, 0), (0, 0, 0, 0, 0, 0), (0, 0, 0, 0, 0, 0), (0, 0, 0, 0, 0, 0), (0, 0, 0, 0, 0, 0)]}}
AdaptationManager: Configuring next round...
{'client_registry': {'enabled': True, 'params': {}}, 'client_selector': {'enabled': False, 'params': {}}, 'client_cluster': {'enabled': False, 'params': {}}, 'message_compressor': {'enabled': True, 'params': {}}, 'model_co-versioning_registry': {'enabled': False, 'params': {}}, 'multi-task_model_trainer': {'enabled': False, 'params': {}}, 'heterogeneous_data_handler': {'enabled': False, 'params': {}}}
{'client_selector': {'enabled': False}, 'client_cluster': {'enabled': False}, 'message_compressor': {'enabled': False}, 'model_co-versioning_registry': {'enabled': False}, 'multi-task_model_trainer': {'enabled': False}, 'heterogeneous_data_handler': {'enabled': False}, 'client_registry': {'enabled': True, 'params': {}}}
time=88.31724834442139, message_compressor activated ✅
Local parameters compressed: reduced 17245 bytes (6.94%)
Local parameters compressed: reduced 17207 bytes (6.92%)
Local parameters compressed: reduced 17272 bytes (6.95%)
Local parameters compressed: reduced 17186 bytes (6.92%)
Local parameters compressed: reduced 17198 bytes (6.92%)
Local parameters compressed: reduced 17210 bytes (6.93%)
Results Aggregated in 74.63 seconds.
{'CNN 64k': {'train_loss': [1.442918320865631, 1.2942294275347392, 1.1908942288653055, 1.0770898528035482, 1.002848052872022, 0.954648741496404, 0.9028668308734894, 0.852218899901708, 0.8075077876106898, 0.7715800485436122, 0.7416407310183843, 0.7006433543697993, 0.6848002748171489, 0.6563452609697977, 0.6359396360127131, 0.6059648569409053, 0.5744650049002965], 'train_accuracy': [0.47247666666666666, 0.5317466666666667, 0.5761699999999998, 0.6187666666666667, 0.64613, 0.66372, 0.6832466666666667, 0.7005666666666667, 0.71591, 0.7293166666666666, 0.7396866666666667, 0.75496, 0.7592566666666667, 0.7685733333333333, 0.77598, 0.78691, 0.7991633333333333], 'train_f1': [0.4626713218162356, 0.524070536890297, 0.5693073130145687, 0.6130021367235717, 0.6436294955718851, 0.6629659146733631, 0.6817911684551262, 0.7006934026852243, 0.7137909090665969, 0.7274461880129169, 0.7374747114055951, 0.75455770704596, 0.7581855587970955, 0.7675549783967779, 0.7756088634937851, 0.7861145205741534, 0.7990092170455629], 'train_mae': [1.9395, 1.71132, 1.5136766666666666, 1.3519166666666667, 1.2425566666666668, 1.1617166666666667, 1.0872, 1.0216066666666668, 0.97125, 0.93286, 0.8960133333333333, 0.83393, 0.8187966666666666, 0.77964, 0.76024, 0.71722, 0.66742], 'val_loss': [1.449886710802714, 1.3212401227792103, 1.2368072598934174, 1.1504296893437704, 1.1038248133659363, 1.0813266492525737, 1.0627357417106629, 1.0457427573362987, 1.035170609998703, 1.031578171380361, 1.0393900825023652, 1.035445838578542, 1.0596593591690064, 1.070415071105957, 1.0854352210680644, 1.0946278375943501, 1.1073083397865295], 'val_accuracy': [0.46631666666666666, 0.5197666666666667, 0.5585, 0.5909666666666666, 0.6109166666666667, 0.6179666666666667, 0.6266833333333334, 0.6347833333333334, 0.63925, 0.6437333333333334, 0.6448666666666667, 0.6487666666666667, 0.6473166666666667, 0.6474666666666666, 0.6454833333333333, 0.6485166666666666, 0.6479333333333334], 'val_f1': [0.4557388979479971, 0.5112175046685051, 0.5507787574087863, 0.5849839138872591, 0.6084720553381644, 0.6168030736722445, 0.6244195080084712, 0.6344893866457024, 0.6365090006814891, 0.6411191041506427, 0.6420486976601785, 0.6481001451277226, 0.6453789364746255, 0.6459850996712795, 0.6442868792580039, 0.6471107672618787, 0.6473150638541797], 'val_mae': [1.9665833333333333, 1.7544333333333333, 1.5865833333333332, 1.4637833333333334, 1.3761333333333334, 1.3269333333333333, 1.2956833333333333, 1.2682, 1.25875, 1.2529, 1.2502, 1.2249666666666668, 1.2290333333333334, 1.2248833333333333, 1.2470666666666668, 1.2272, 1.2190333333333334], 'jsd': [(0, 0, 0, 0, 0, 0), (0, 0, 0, 0, 0, 0), (0, 0, 0, 0, 0, 0), (0, 0, 0, 0, 0, 0), (0, 0, 0, 0, 0, 0), (0, 0, 0, 0, 0, 0), (0, 0, 0, 0, 0, 0), (0, 0, 0, 0, 0, 0), (0, 0, 0, 0, 0, 0), (0, 0, 0, 0, 0, 0), (0, 0, 0, 0, 0, 0), (0, 0, 0, 0, 0, 0), (0, 0, 0, 0, 0, 0), (0, 0, 0, 0, 0, 0), (0, 0, 0, 0, 0, 0), (0, 0, 0, 0, 0, 0), (0, 0, 0, 0, 0, 0)]}}
AdaptationManager: Configuring next round...
{'client_registry': {'enabled': True, 'params': {}}, 'client_selector': {'enabled': False, 'params': {}}, 'client_cluster': {'enabled': False, 'params': {}}, 'message_compressor': {'enabled': True, 'params': {}}, 'model_co-versioning_registry': {'enabled': False, 'params': {}}, 'multi-task_model_trainer': {'enabled': False, 'params': {}}, 'heterogeneous_data_handler': {'enabled': False, 'params': {}}}
{'client_selector': {'enabled': False}, 'client_cluster': {'enabled': False}, 'message_compressor': {'enabled': True}, 'model_co-versioning_registry': {'enabled': False}, 'multi-task_model_trainer': {'enabled': False}, 'heterogeneous_data_handler': {'enabled': False}, 'client_registry': {'enabled': True, 'params': {}}}
time=74.62985825538635, message_compressor de-activated ❌
Results Aggregated in 93.20 seconds.
{'CNN 64k': {'train_loss': [1.442918320865631, 1.2942294275347392, 1.1908942288653055, 1.0770898528035482, 1.002848052872022, 0.954648741496404, 0.9028668308734894, 0.852218899901708, 0.8075077876106898, 0.7715800485436122, 0.7416407310183843, 0.7006433543697993, 0.6848002748171489, 0.6563452609697977, 0.6359396360127131, 0.6059648569409053, 0.5744650049002965, 0.5500324189710617], 'train_accuracy': [0.47247666666666666, 0.5317466666666667, 0.5761699999999998, 0.6187666666666667, 0.64613, 0.66372, 0.6832466666666667, 0.7005666666666667, 0.71591, 0.7293166666666666, 0.7396866666666667, 0.75496, 0.7592566666666667, 0.7685733333333333, 0.77598, 0.78691, 0.7991633333333333, 0.8061766666666667], 'train_f1': [0.4626713218162356, 0.524070536890297, 0.5693073130145687, 0.6130021367235717, 0.6436294955718851, 0.6629659146733631, 0.6817911684551262, 0.7006934026852243, 0.7137909090665969, 0.7274461880129169, 0.7374747114055951, 0.75455770704596, 0.7581855587970955, 0.7675549783967779, 0.7756088634937851, 0.7861145205741534, 0.7990092170455629, 0.8049880631815977], 'train_mae': [1.9395, 1.71132, 1.5136766666666666, 1.3519166666666667, 1.2425566666666668, 1.1617166666666667, 1.0872, 1.0216066666666668, 0.97125, 0.93286, 0.8960133333333333, 0.83393, 0.8187966666666666, 0.77964, 0.76024, 0.71722, 0.66742, 0.6383866666666667], 'val_loss': [1.449886710802714, 1.3212401227792103, 1.2368072598934174, 1.1504296893437704, 1.1038248133659363, 1.0813266492525737, 1.0627357417106629, 1.0457427573362987, 1.035170609998703, 1.031578171380361, 1.0393900825023652, 1.035445838578542, 1.0596593591690064, 1.070415071105957, 1.0854352210680644, 1.0946278375943501, 1.1073083397865295, 1.1318865454355875], 'val_accuracy': [0.46631666666666666, 0.5197666666666667, 0.5585, 0.5909666666666666, 0.6109166666666667, 0.6179666666666667, 0.6266833333333334, 0.6347833333333334, 0.63925, 0.6437333333333334, 0.6448666666666667, 0.6487666666666667, 0.6473166666666667, 0.6474666666666666, 0.6454833333333333, 0.6485166666666666, 0.6479333333333334, 0.6477], 'val_f1': [0.4557388979479971, 0.5112175046685051, 0.5507787574087863, 0.5849839138872591, 0.6084720553381644, 0.6168030736722445, 0.6244195080084712, 0.6344893866457024, 0.6365090006814891, 0.6411191041506427, 0.6420486976601785, 0.6481001451277226, 0.6453789364746255, 0.6459850996712795, 0.6442868792580039, 0.6471107672618787, 0.6473150638541797, 0.6456517903748727], 'val_mae': [1.9665833333333333, 1.7544333333333333, 1.5865833333333332, 1.4637833333333334, 1.3761333333333334, 1.3269333333333333, 1.2956833333333333, 1.2682, 1.25875, 1.2529, 1.2502, 1.2249666666666668, 1.2290333333333334, 1.2248833333333333, 1.2470666666666668, 1.2272, 1.2190333333333334, 1.22325], 'jsd': [(0, 0, 0, 0, 0, 0), (0, 0, 0, 0, 0, 0), (0, 0, 0, 0, 0, 0), (0, 0, 0, 0, 0, 0), (0, 0, 0, 0, 0, 0), (0, 0, 0, 0, 0, 0), (0, 0, 0, 0, 0, 0), (0, 0, 0, 0, 0, 0), (0, 0, 0, 0, 0, 0), (0, 0, 0, 0, 0, 0), (0, 0, 0, 0, 0, 0), (0, 0, 0, 0, 0, 0), (0, 0, 0, 0, 0, 0), (0, 0, 0, 0, 0, 0), (0, 0, 0, 0, 0, 0), (0, 0, 0, 0, 0, 0), (0, 0, 0, 0, 0, 0), (0, 0, 0, 0, 0, 0)]}}
AdaptationManager: Configuring next round...
{'client_registry': {'enabled': True, 'params': {}}, 'client_selector': {'enabled': False, 'params': {}}, 'client_cluster': {'enabled': False, 'params': {}}, 'message_compressor': {'enabled': True, 'params': {}}, 'model_co-versioning_registry': {'enabled': False, 'params': {}}, 'multi-task_model_trainer': {'enabled': False, 'params': {}}, 'heterogeneous_data_handler': {'enabled': False, 'params': {}}}
{'client_selector': {'enabled': False}, 'client_cluster': {'enabled': False}, 'message_compressor': {'enabled': False}, 'model_co-versioning_registry': {'enabled': False}, 'multi-task_model_trainer': {'enabled': False}, 'heterogeneous_data_handler': {'enabled': False}, 'client_registry': {'enabled': True, 'params': {}}}
time=93.19767498970032, message_compressor activated ✅
Local parameters compressed: reduced 17139 bytes (6.90%)
Local parameters compressed: reduced 17161 bytes (6.91%)
Local parameters compressed: reduced 17090 bytes (6.88%)
Local parameters compressed: reduced 17112 bytes (6.89%)
Local parameters compressed: reduced 17145 bytes (6.90%)
Local parameters compressed: reduced 17106 bytes (6.88%)
Results Aggregated in 75.02 seconds.
{'CNN 64k': {'train_loss': [1.442918320865631, 1.2942294275347392, 1.1908942288653055, 1.0770898528035482, 1.002848052872022, 0.954648741496404, 0.9028668308734894, 0.852218899901708, 0.8075077876106898, 0.7715800485436122, 0.7416407310183843, 0.7006433543697993, 0.6848002748171489, 0.6563452609697977, 0.6359396360127131, 0.6059648569409053, 0.5744650049002965, 0.5500324189710617, 0.5354878084786733], 'train_accuracy': [0.47247666666666666, 0.5317466666666667, 0.5761699999999998, 0.6187666666666667, 0.64613, 0.66372, 0.6832466666666667, 0.7005666666666667, 0.71591, 0.7293166666666666, 0.7396866666666667, 0.75496, 0.7592566666666667, 0.7685733333333333, 0.77598, 0.78691, 0.7991633333333333, 0.8061766666666667, 0.8110366666666666], 'train_f1': [0.4626713218162356, 0.524070536890297, 0.5693073130145687, 0.6130021367235717, 0.6436294955718851, 0.6629659146733631, 0.6817911684551262, 0.7006934026852243, 0.7137909090665969, 0.7274461880129169, 0.7374747114055951, 0.75455770704596, 0.7581855587970955, 0.7675549783967779, 0.7756088634937851, 0.7861145205741534, 0.7990092170455629, 0.8049880631815977, 0.8095610682371505], 'train_mae': [1.9395, 1.71132, 1.5136766666666666, 1.3519166666666667, 1.2425566666666668, 1.1617166666666667, 1.0872, 1.0216066666666668, 0.97125, 0.93286, 0.8960133333333333, 0.83393, 0.8187966666666666, 0.77964, 0.76024, 0.71722, 0.66742, 0.6383866666666667, 0.6227133333333333], 'val_loss': [1.449886710802714, 1.3212401227792103, 1.2368072598934174, 1.1504296893437704, 1.1038248133659363, 1.0813266492525737, 1.0627357417106629, 1.0457427573362987, 1.035170609998703, 1.031578171380361, 1.0393900825023652, 1.035445838578542, 1.0596593591690064, 1.070415071105957, 1.0854352210680644, 1.0946278375943501, 1.1073083397865295, 1.1318865454355875, 1.1632016912301382], 'val_accuracy': [0.46631666666666666, 0.5197666666666667, 0.5585, 0.5909666666666666, 0.6109166666666667, 0.6179666666666667, 0.6266833333333334, 0.6347833333333334, 0.63925, 0.6437333333333334, 0.6448666666666667, 0.6487666666666667, 0.6473166666666667, 0.6474666666666666, 0.6454833333333333, 0.6485166666666666, 0.6479333333333334, 0.6477, 0.6449166666666667], 'val_f1': [0.4557388979479971, 0.5112175046685051, 0.5507787574087863, 0.5849839138872591, 0.6084720553381644, 0.6168030736722445, 0.6244195080084712, 0.6344893866457024, 0.6365090006814891, 0.6411191041506427, 0.6420486976601785, 0.6481001451277226, 0.6453789364746255, 0.6459850996712795, 0.6442868792580039, 0.6471107672618787, 0.6473150638541797, 0.6456517903748727, 0.6425274457788254], 'val_mae': [1.9665833333333333, 1.7544333333333333, 1.5865833333333332, 1.4637833333333334, 1.3761333333333334, 1.3269333333333333, 1.2956833333333333, 1.2682, 1.25875, 1.2529, 1.2502, 1.2249666666666668, 1.2290333333333334, 1.2248833333333333, 1.2470666666666668, 1.2272, 1.2190333333333334, 1.22325, 1.2316166666666666], 'jsd': [(0, 0, 0, 0, 0, 0), (0, 0, 0, 0, 0, 0), (0, 0, 0, 0, 0, 0), (0, 0, 0, 0, 0, 0), (0, 0, 0, 0, 0, 0), (0, 0, 0, 0, 0, 0), (0, 0, 0, 0, 0, 0), (0, 0, 0, 0, 0, 0), (0, 0, 0, 0, 0, 0), (0, 0, 0, 0, 0, 0), (0, 0, 0, 0, 0, 0), (0, 0, 0, 0, 0, 0), (0, 0, 0, 0, 0, 0), (0, 0, 0, 0, 0, 0), (0, 0, 0, 0, 0, 0), (0, 0, 0, 0, 0, 0), (0, 0, 0, 0, 0, 0), (0, 0, 0, 0, 0, 0), (0, 0, 0, 0, 0, 0)]}}
AdaptationManager: Configuring next round...
{'client_registry': {'enabled': True, 'params': {}}, 'client_selector': {'enabled': False, 'params': {}}, 'client_cluster': {'enabled': False, 'params': {}}, 'message_compressor': {'enabled': True, 'params': {}}, 'model_co-versioning_registry': {'enabled': False, 'params': {}}, 'multi-task_model_trainer': {'enabled': False, 'params': {}}, 'heterogeneous_data_handler': {'enabled': False, 'params': {}}}
{'client_selector': {'enabled': False}, 'client_cluster': {'enabled': False}, 'message_compressor': {'enabled': True}, 'model_co-versioning_registry': {'enabled': False}, 'multi-task_model_trainer': {'enabled': False}, 'heterogeneous_data_handler': {'enabled': False}, 'client_registry': {'enabled': True, 'params': {}}}
time=75.01502847671509, message_compressor de-activated ❌
Results Aggregated in 90.34 seconds.
{'CNN 64k': {'train_loss': [1.442918320865631, 1.2942294275347392, 1.1908942288653055, 1.0770898528035482, 1.002848052872022, 0.954648741496404, 0.9028668308734894, 0.852218899901708, 0.8075077876106898, 0.7715800485436122, 0.7416407310183843, 0.7006433543697993, 0.6848002748171489, 0.6563452609697977, 0.6359396360127131, 0.6059648569409053, 0.5744650049002965, 0.5500324189710617, 0.5354878084786733, 0.522034482594331], 'train_accuracy': [0.47247666666666666, 0.5317466666666667, 0.5761699999999998, 0.6187666666666667, 0.64613, 0.66372, 0.6832466666666667, 0.7005666666666667, 0.71591, 0.7293166666666666, 0.7396866666666667, 0.75496, 0.7592566666666667, 0.7685733333333333, 0.77598, 0.78691, 0.7991633333333333, 0.8061766666666667, 0.8110366666666666, 0.81528], 'train_f1': [0.4626713218162356, 0.524070536890297, 0.5693073130145687, 0.6130021367235717, 0.6436294955718851, 0.6629659146733631, 0.6817911684551262, 0.7006934026852243, 0.7137909090665969, 0.7274461880129169, 0.7374747114055951, 0.75455770704596, 0.7581855587970955, 0.7675549783967779, 0.7756088634937851, 0.7861145205741534, 0.7990092170455629, 0.8049880631815977, 0.8095610682371505, 0.8147631105051661], 'train_mae': [1.9395, 1.71132, 1.5136766666666666, 1.3519166666666667, 1.2425566666666668, 1.1617166666666667, 1.0872, 1.0216066666666668, 0.97125, 0.93286, 0.8960133333333333, 0.83393, 0.8187966666666666, 0.77964, 0.76024, 0.71722, 0.66742, 0.6383866666666667, 0.6227133333333333, 0.6109666666666667], 'val_loss': [1.449886710802714, 1.3212401227792103, 1.2368072598934174, 1.1504296893437704, 1.1038248133659363, 1.0813266492525737, 1.0627357417106629, 1.0457427573362987, 1.035170609998703, 1.031578171380361, 1.0393900825023652, 1.035445838578542, 1.0596593591690064, 1.070415071105957, 1.0854352210680644, 1.0946278375943501, 1.1073083397865295, 1.1318865454355875, 1.1632016912301382, 1.199852510603269], 'val_accuracy': [0.46631666666666666, 0.5197666666666667, 0.5585, 0.5909666666666666, 0.6109166666666667, 0.6179666666666667, 0.6266833333333334, 0.6347833333333334, 0.63925, 0.6437333333333334, 0.6448666666666667, 0.6487666666666667, 0.6473166666666667, 0.6474666666666666, 0.6454833333333333, 0.6485166666666666, 0.6479333333333334, 0.6477, 0.6449166666666667, 0.64035], 'val_f1': [0.4557388979479971, 0.5112175046685051, 0.5507787574087863, 0.5849839138872591, 0.6084720553381644, 0.6168030736722445, 0.6244195080084712, 0.6344893866457024, 0.6365090006814891, 0.6411191041506427, 0.6420486976601785, 0.6481001451277226, 0.6453789364746255, 0.6459850996712795, 0.6442868792580039, 0.6471107672618787, 0.6473150638541797, 0.6456517903748727, 0.6425274457788254, 0.6392979577119187], 'val_mae': [1.9665833333333333, 1.7544333333333333, 1.5865833333333332, 1.4637833333333334, 1.3761333333333334, 1.3269333333333333, 1.2956833333333333, 1.2682, 1.25875, 1.2529, 1.2502, 1.2249666666666668, 1.2290333333333334, 1.2248833333333333, 1.2470666666666668, 1.2272, 1.2190333333333334, 1.22325, 1.2316166666666666, 1.2546166666666667], 'jsd': [(0, 0, 0, 0, 0, 0), (0, 0, 0, 0, 0, 0), (0, 0, 0, 0, 0, 0), (0, 0, 0, 0, 0, 0), (0, 0, 0, 0, 0, 0), (0, 0, 0, 0, 0, 0), (0, 0, 0, 0, 0, 0), (0, 0, 0, 0, 0, 0), (0, 0, 0, 0, 0, 0), (0, 0, 0, 0, 0, 0), (0, 0, 0, 0, 0, 0), (0, 0, 0, 0, 0, 0), (0, 0, 0, 0, 0, 0), (0, 0, 0, 0, 0, 0), (0, 0, 0, 0, 0, 0), (0, 0, 0, 0, 0, 0), (0, 0, 0, 0, 0, 0), (0, 0, 0, 0, 0, 0), (0, 0, 0, 0, 0, 0), (0, 0, 0, 0, 0, 0)]}}
AdaptationManager: Configuring next round...
{'client_registry': {'enabled': True, 'params': {}}, 'client_selector': {'enabled': False, 'params': {}}, 'client_cluster': {'enabled': False, 'params': {}}, 'message_compressor': {'enabled': True, 'params': {}}, 'model_co-versioning_registry': {'enabled': False, 'params': {}}, 'multi-task_model_trainer': {'enabled': False, 'params': {}}, 'heterogeneous_data_handler': {'enabled': False, 'params': {}}}
{'client_selector': {'enabled': False}, 'client_cluster': {'enabled': False}, 'message_compressor': {'enabled': False}, 'model_co-versioning_registry': {'enabled': False}, 'multi-task_model_trainer': {'enabled': False}, 'heterogeneous_data_handler': {'enabled': False}, 'client_registry': {'enabled': True, 'params': {}}}
time=90.33574485778809, message_compressor activated ✅
