==========================================
  ___  ______  ___ ______       _ 
 / _ \ | ___ \/   ||  ___|     | |
/ /_\ \| |_/ / /| || |_ ___  __| |
|  _  ||  __/ /_| ||  _/ _ \/ _` |
| | | || |  \___  || ||  __/ (_| |
\_| |_/\_|      |_/\_| \___|\__,_| v.1.5.0

==========================================
Simulation Started!
List of the Architectural Patterns enabled:
Adaptation Enabled ✅
Metric: val_f1, bo-based: predictors/bo_model_selector_text_new.pkl
Metric: val_f1,jsd, bo-based: predictors/bo_model_hdh_text.pkl
Client Registry ✅
Client Selector ✅
 AP Parameters: {'selection_strategy': 'Resource-Based', 'selection_criteria': 'CPU', 'selection_value': 2}
Heterogeneous Data Handler ✅
 AP Parameters: {'enabled_clients': []}
==========================================
Client Client 27 has insufficient CPU (1). Will not participate in the next FL round.
Client Client 25 participates in this round. (CPU: 2, RAM: 4)
Client Client 26 participates in this round. (CPU: 2, RAM: 4)
Client Client 28 has insufficient CPU (1). Will not participate in the next FL round.
Client Client 24 participates in this round. (CPU: 2, RAM: 4)
Client Client 23 participates in this round. (CPU: 2, RAM: 4)
Results Aggregated in 18.76 seconds.
{'TextMLP': {'train_loss': [0.5262755180619036], 'train_accuracy': [0.780375], 'train_f1': [0.4948565801293155], 'train_mae': [0.28875], 'val_loss': [3.1592523534674397], 'val_accuracy': [0.25], 'val_f1': [0.1], 'val_mae': [1.125], 'jsd': [(0, 0, 0.22793804815651525, 0.4228147503508063, 0.19461981889994312, 0.5487949406953986)]}}
AdaptationManager: Configuring next round...
{'client_registry': {'enabled': True, 'params': {}}, 'client_selector': {'enabled': True, 'params': {'selection_strategy': 'Resource-Based', 'selection_criteria': 'CPU', 'selection_value': 2}}, 'client_cluster': {'enabled': False, 'params': {}}, 'message_compressor': {'enabled': False, 'params': {}}, 'model_co-versioning_registry': {'enabled': False, 'params': {}}, 'multi-task_model_trainer': {'enabled': False, 'params': {}}, 'heterogeneous_data_handler': {'enabled': True, 'params': {'enabled_clients': []}}}
{'client_selector': {'enabled': True}, 'client_cluster': {'enabled': False}, 'message_compressor': {'enabled': False}, 'model_co-versioning_registry': {'enabled': False}, 'multi-task_model_trainer': {'enabled': False}, 'heterogeneous_data_handler': {'enabled': True}, 'client_registry': {'enabled': True, 'params': {}}}
round 2, 4 high, 2 low, 0.0-iid clients, predicted best policy: client_selector activated ✅
heterogeneous_data_handler activated ✅ for clients: ['Client 23', 'Client 24', 'Client 25']
Client Client 28 has insufficient CPU (1). Will not participate in the next FL round.
Client Client 27 has insufficient CPU (1). Will not participate in the next FL round.
Client Client 26 participates in this round. (CPU: 2, RAM: 4)
Client Client 25 participates in this round. (CPU: 2, RAM: 4)
Client Client 23 participates in this round. (CPU: 2, RAM: 4)
Client Client 24 participates in this round. (CPU: 2, RAM: 4)
Results Aggregated in 23.98 seconds.
{'TextMLP': {'train_loss': [0.5262755180619036, 0.7460518599290115], 'train_accuracy': [0.780375, 0.6145128205128205], 'train_f1': [0.4948565801293155, 0.42221787751559925], 'train_mae': [0.28875, 0.5498974358974359], 'val_loss': [3.1592523534674397, 3.3075393924635916], 'val_accuracy': [0.25, 0.268917004048583], 'val_f1': [0.1, 0.1376724894742218], 'val_mae': [1.125, 1.0723886639676112], 'jsd': [(0, 0, 0.22793804815651525, 0.4228147503508063, 0.19461981889994312, 0.5487949406953986), (0, 0, 0.13792538097003013, 0.13792538097003013, 0.13792538097003013, 0.3376039030227619)]}}
AdaptationManager: Configuring next round...
{'client_registry': {'enabled': True, 'params': {}}, 'client_selector': {'enabled': True, 'params': {'selection_strategy': 'Resource-Based', 'selection_criteria': 'CPU', 'selection_value': 2}}, 'client_cluster': {'enabled': False, 'params': {}}, 'message_compressor': {'enabled': False, 'params': {}}, 'model_co-versioning_registry': {'enabled': False, 'params': {}}, 'multi-task_model_trainer': {'enabled': False, 'params': {}}, 'heterogeneous_data_handler': {'enabled': True, 'params': {'enabled_clients': []}}}
{'client_selector': {'enabled': True}, 'client_cluster': {'enabled': False}, 'message_compressor': {'enabled': False}, 'model_co-versioning_registry': {'enabled': False}, 'multi-task_model_trainer': {'enabled': False}, 'heterogeneous_data_handler': {'enabled': True, 'params': {'enabled_clients': ['Client 23', 'Client 24', 'Client 25']}}, 'client_registry': {'enabled': True, 'params': {}}}
round 3, 4 high, 2 low, 0.0-iid clients, predicted best policy: client_selector activated ✅
heterogeneous_data_handler activated ✅ for clients: ['Client 28']
Client Client 27 has insufficient CPU (1). Will not participate in the next FL round.
Client Client 24 participates in this round. (CPU: 2, RAM: 4)
Client Client 25 participates in this round. (CPU: 2, RAM: 4)
Client Client 26 participates in this round. (CPU: 2, RAM: 4)
Client Client 23 participates in this round. (CPU: 2, RAM: 4)
Client Client 28 has insufficient CPU (1). Will not participate in the next FL round.
Results Aggregated in 20.19 seconds.
{'TextMLP': {'train_loss': [0.5262755180619036, 0.7460518599290115, 0.8089183048407237], 'train_accuracy': [0.780375, 0.6145128205128205, 0.6500833333333333], 'train_f1': [0.4948565801293155, 0.42221787751559925, 0.38417829873131915], 'train_mae': [0.28875, 0.5498974358974359, 0.4892361111111111], 'val_loss': [3.1592523534674397, 3.3075393924635916, 3.588148057460785], 'val_accuracy': [0.25, 0.268917004048583, 0.31842105263157894], 'val_f1': [0.1, 0.1376724894742218, 0.1921432902257937], 'val_mae': [1.125, 1.0723886639676112, 1.1468421052631579], 'jsd': [(0, 0, 0.22793804815651525, 0.4228147503508063, 0.19461981889994312, 0.5487949406953986), (0, 0, 0.13792538097003013, 0.13792538097003013, 0.13792538097003013, 0.3376039030227619), (0, 0, 0.20597540502403072, 0.18337500037767887, 0.15550359363244284, 0.1968927410766489)]}}
AdaptationManager: Configuring next round...
{'client_registry': {'enabled': True, 'params': {}}, 'client_selector': {'enabled': True, 'params': {'selection_strategy': 'Resource-Based', 'selection_criteria': 'CPU', 'selection_value': 2}}, 'client_cluster': {'enabled': False, 'params': {}}, 'message_compressor': {'enabled': False, 'params': {}}, 'model_co-versioning_registry': {'enabled': False, 'params': {}}, 'multi-task_model_trainer': {'enabled': False, 'params': {}}, 'heterogeneous_data_handler': {'enabled': True, 'params': {'enabled_clients': []}}}
{'client_selector': {'enabled': True}, 'client_cluster': {'enabled': False}, 'message_compressor': {'enabled': False}, 'model_co-versioning_registry': {'enabled': False}, 'multi-task_model_trainer': {'enabled': False}, 'heterogeneous_data_handler': {'enabled': True, 'params': {'enabled_clients': ['Client 28']}}, 'client_registry': {'enabled': True, 'params': {}}}
round 4, 4 high, 2 low, 0.0-iid clients, predicted best policy: client_selector activated ✅
heterogeneous_data_handler activated ✅ for clients: ['Client 23', 'Client 24']
Client Client 26 participates in this round. (CPU: 2, RAM: 4)
Client Client 27 has insufficient CPU (1). Will not participate in the next FL round.
Client Client 28 has insufficient CPU (1). Will not participate in the next FL round.
Client Client 25 participates in this round. (CPU: 2, RAM: 4)
Client Client 24 participates in this round. (CPU: 2, RAM: 4)
Client Client 23 participates in this round. (CPU: 2, RAM: 4)
Results Aggregated in 28.88 seconds.
{'TextMLP': {'train_loss': [0.5262755180619036, 0.7460518599290115, 0.8089183048407237, 0.6334219705150241], 'train_accuracy': [0.780375, 0.6145128205128205, 0.6500833333333333, 0.7153452380952381], 'train_f1': [0.4948565801293155, 0.42221787751559925, 0.38417829873131915, 0.5617208808813821], 'train_mae': [0.28875, 0.5498974358974359, 0.4892361111111111, 0.3809642857142857], 'val_loss': [3.1592523534674397, 3.3075393924635916, 3.588148057460785, 4.511312792354956], 'val_accuracy': [0.25, 0.268917004048583, 0.31842105263157894, 0.39017857142857143], 'val_f1': [0.1, 0.1376724894742218, 0.1921432902257937, 0.28226218776127004], 'val_mae': [1.125, 1.0723886639676112, 1.1468421052631579, 1.0415883458646615], 'jsd': [(0, 0, 0.22793804815651525, 0.4228147503508063, 0.19461981889994312, 0.5487949406953986), (0, 0, 0.13792538097003013, 0.13792538097003013, 0.13792538097003013, 0.3376039030227619), (0, 0, 0.20597540502403072, 0.18337500037767887, 0.15550359363244284, 0.1968927410766489), (0, 0, 0.13792538097003013, 0.13792538097003013, 0.27927276503595605, 0.17319094621548245)]}}
AdaptationManager: Configuring next round...
{'client_registry': {'enabled': True, 'params': {}}, 'client_selector': {'enabled': True, 'params': {'selection_strategy': 'Resource-Based', 'selection_criteria': 'CPU', 'selection_value': 2}}, 'client_cluster': {'enabled': False, 'params': {}}, 'message_compressor': {'enabled': False, 'params': {}}, 'model_co-versioning_registry': {'enabled': False, 'params': {}}, 'multi-task_model_trainer': {'enabled': False, 'params': {}}, 'heterogeneous_data_handler': {'enabled': True, 'params': {'enabled_clients': []}}}
{'client_selector': {'enabled': True}, 'client_cluster': {'enabled': False}, 'message_compressor': {'enabled': False}, 'model_co-versioning_registry': {'enabled': False}, 'multi-task_model_trainer': {'enabled': False}, 'heterogeneous_data_handler': {'enabled': True, 'params': {'enabled_clients': ['Client 23', 'Client 24']}}, 'client_registry': {'enabled': True, 'params': {}}}
round 5, 4 high, 2 low, 0.0-iid clients, predicted best policy: client_selector activated ✅
heterogeneous_data_handler activated ✅ for clients: ['Client 23', 'Client 24', 'Client 25', 'Client 26']
Client Client 27 has insufficient CPU (1). Will not participate in the next FL round.
Client Client 28 has insufficient CPU (1). Will not participate in the next FL round.
Client Client 24 participates in this round. (CPU: 2, RAM: 4)
Client Client 25 participates in this round. (CPU: 2, RAM: 4)
Client Client 26 participates in this round. (CPU: 2, RAM: 4)
Client Client 23 participates in this round. (CPU: 2, RAM: 4)
Results Aggregated in 33.18 seconds.
{'TextMLP': {'train_loss': [0.5262755180619036, 0.7460518599290115, 0.8089183048407237, 0.6334219705150241, 0.6152682656910684], 'train_accuracy': [0.780375, 0.6145128205128205, 0.6500833333333333, 0.7153452380952381, 0.7195], 'train_f1': [0.4948565801293155, 0.42221787751559925, 0.38417829873131915, 0.5617208808813821, 0.7074411463419785], 'train_mae': [0.28875, 0.5498974358974359, 0.4892361111111111, 0.3809642857142857, 0.3441777777777778], 'val_loss': [3.1592523534674397, 3.3075393924635916, 3.588148057460785, 4.511312792354956, 5.103483784324245], 'val_accuracy': [0.25, 0.268917004048583, 0.31842105263157894, 0.39017857142857143, 0.5330592105263158], 'val_f1': [0.1, 0.1376724894742218, 0.1921432902257937, 0.28226218776127004, 0.4451443370954402], 'val_mae': [1.125, 1.0723886639676112, 1.1468421052631579, 1.0415883458646615, 0.751842105263158], 'jsd': [(0, 0, 0.22793804815651525, 0.4228147503508063, 0.19461981889994312, 0.5487949406953986), (0, 0, 0.13792538097003013, 0.13792538097003013, 0.13792538097003013, 0.3376039030227619), (0, 0, 0.20597540502403072, 0.18337500037767887, 0.15550359363244284, 0.1968927410766489), (0, 0, 0.13792538097003013, 0.13792538097003013, 0.27927276503595605, 0.17319094621548245), (0, 0, 0.13792538097003013, 0.13792538097003013, 0.13792538097003013, 0.13792538097003013)]}}
AdaptationManager: Configuring next round...
{'client_registry': {'enabled': True, 'params': {}}, 'client_selector': {'enabled': True, 'params': {'selection_strategy': 'Resource-Based', 'selection_criteria': 'CPU', 'selection_value': 2}}, 'client_cluster': {'enabled': False, 'params': {}}, 'message_compressor': {'enabled': False, 'params': {}}, 'model_co-versioning_registry': {'enabled': False, 'params': {}}, 'multi-task_model_trainer': {'enabled': False, 'params': {}}, 'heterogeneous_data_handler': {'enabled': True, 'params': {'enabled_clients': []}}}
{'client_selector': {'enabled': True}, 'client_cluster': {'enabled': False}, 'message_compressor': {'enabled': False}, 'model_co-versioning_registry': {'enabled': False}, 'multi-task_model_trainer': {'enabled': False}, 'heterogeneous_data_handler': {'enabled': True, 'params': {'enabled_clients': ['Client 23', 'Client 24', 'Client 25', 'Client 26']}}, 'client_registry': {'enabled': True, 'params': {}}}
round 6, 4 high, 2 low, 0.0-iid clients, predicted best policy: client_selector activated ✅
heterogeneous_data_handler activated ✅ for clients: ['Client 23', 'Client 24', 'Client 25', 'Client 26', 'Client 27', 'Client 28']
Client Client 28 has insufficient CPU (1). Will not participate in the next FL round.
Client Client 24 participates in this round. (CPU: 2, RAM: 4)
Client Client 27 has insufficient CPU (1). Will not participate in the next FL round.
Client Client 25 participates in this round. (CPU: 2, RAM: 4)
Client Client 23 participates in this round. (CPU: 2, RAM: 4)
Client Client 26 participates in this round. (CPU: 2, RAM: 4)
Results Aggregated in 34.88 seconds.
{'TextMLP': {'train_loss': [0.5262755180619036, 0.7460518599290115, 0.8089183048407237, 0.6334219705150241, 0.6152682656910684, 0.4877570956967495], 'train_accuracy': [0.780375, 0.6145128205128205, 0.6500833333333333, 0.7153452380952381, 0.7195, 0.7672314814814815], 'train_f1': [0.4948565801293155, 0.42221787751559925, 0.38417829873131915, 0.5617208808813821, 0.7074411463419785, 0.7506414822130899], 'train_mae': [0.28875, 0.5498974358974359, 0.4892361111111111, 0.3809642857142857, 0.3441777777777778, 0.2895740740740741], 'val_loss': [3.1592523534674397, 3.3075393924635916, 3.588148057460785, 4.511312792354956, 5.103483784324245, 5.838836740443581], 'val_accuracy': [0.25, 0.268917004048583, 0.31842105263157894, 0.39017857142857143, 0.5330592105263158, 0.5660197368421053], 'val_f1': [0.1, 0.1376724894742218, 0.1921432902257937, 0.28226218776127004, 0.4451443370954402, 0.4789219848670286], 'val_mae': [1.125, 1.0723886639676112, 1.1468421052631579, 1.0415883458646615, 0.751842105263158, 0.6886513157894736], 'jsd': [(0, 0, 0.22793804815651525, 0.4228147503508063, 0.19461981889994312, 0.5487949406953986), (0, 0, 0.13792538097003013, 0.13792538097003013, 0.13792538097003013, 0.3376039030227619), (0, 0, 0.20597540502403072, 0.18337500037767887, 0.15550359363244284, 0.1968927410766489), (0, 0, 0.13792538097003013, 0.13792538097003013, 0.27927276503595605, 0.17319094621548245), (0, 0, 0.13792538097003013, 0.13792538097003013, 0.13792538097003013, 0.13792538097003013), (0, 0, 0.13792538097003013, 0.13792538097003013, 0.13792538097003013, 0.13792538097003013)]}}
AdaptationManager: Configuring next round...
{'client_registry': {'enabled': True, 'params': {}}, 'client_selector': {'enabled': True, 'params': {'selection_strategy': 'Resource-Based', 'selection_criteria': 'CPU', 'selection_value': 2}}, 'client_cluster': {'enabled': False, 'params': {}}, 'message_compressor': {'enabled': False, 'params': {}}, 'model_co-versioning_registry': {'enabled': False, 'params': {}}, 'multi-task_model_trainer': {'enabled': False, 'params': {}}, 'heterogeneous_data_handler': {'enabled': True, 'params': {'enabled_clients': []}}}
{'client_selector': {'enabled': True}, 'client_cluster': {'enabled': False}, 'message_compressor': {'enabled': False}, 'model_co-versioning_registry': {'enabled': False}, 'multi-task_model_trainer': {'enabled': False}, 'heterogeneous_data_handler': {'enabled': True, 'params': {'enabled_clients': ['Client 23', 'Client 24', 'Client 25', 'Client 26', 'Client 27', 'Client 28']}}, 'client_registry': {'enabled': True, 'params': {}}}
round 7, 4 high, 2 low, 0.0-iid clients, predicted best policy: client_selector activated ✅
heterogeneous_data_handler activated ✅ for clients: ['Client 23', 'Client 24', 'Client 25', 'Client 26', 'Client 27', 'Client 28']
Client Client 28 has insufficient CPU (1). Will not participate in the next FL round.
Client Client 27 has insufficient CPU (1). Will not participate in the next FL round.
Client Client 24 participates in this round. (CPU: 2, RAM: 4)
Client Client 25 participates in this round. (CPU: 2, RAM: 4)
Client Client 23 participates in this round. (CPU: 2, RAM: 4)
Client Client 26 participates in this round. (CPU: 2, RAM: 4)
Results Aggregated in 37.85 seconds.
{'TextMLP': {'train_loss': [0.5262755180619036, 0.7460518599290115, 0.8089183048407237, 0.6334219705150241, 0.6152682656910684, 0.4877570956967495, 0.41002307965783846], 'train_accuracy': [0.780375, 0.6145128205128205, 0.6500833333333333, 0.7153452380952381, 0.7195, 0.7672314814814815, 0.807984126984127], 'train_f1': [0.4948565801293155, 0.42221787751559925, 0.38417829873131915, 0.5617208808813821, 0.7074411463419785, 0.7506414822130899, 0.7978634559811514], 'train_mae': [0.28875, 0.5498974358974359, 0.4892361111111111, 0.3809642857142857, 0.3441777777777778, 0.2895740740740741, 0.24611904761904763], 'val_loss': [3.1592523534674397, 3.3075393924635916, 3.588148057460785, 4.511312792354956, 5.103483784324245, 5.838836740443581, 5.959689682157417], 'val_accuracy': [0.25, 0.268917004048583, 0.31842105263157894, 0.39017857142857143, 0.5330592105263158, 0.5660197368421053, 0.5987828947368421], 'val_f1': [0.1, 0.1376724894742218, 0.1921432902257937, 0.28226218776127004, 0.4451443370954402, 0.4789219848670286, 0.5159678920945958], 'val_mae': [1.125, 1.0723886639676112, 1.1468421052631579, 1.0415883458646615, 0.751842105263158, 0.6886513157894736, 0.6064473684210526], 'jsd': [(0, 0, 0.22793804815651525, 0.4228147503508063, 0.19461981889994312, 0.5487949406953986), (0, 0, 0.13792538097003013, 0.13792538097003013, 0.13792538097003013, 0.3376039030227619), (0, 0, 0.20597540502403072, 0.18337500037767887, 0.15550359363244284, 0.1968927410766489), (0, 0, 0.13792538097003013, 0.13792538097003013, 0.27927276503595605, 0.17319094621548245), (0, 0, 0.13792538097003013, 0.13792538097003013, 0.13792538097003013, 0.13792538097003013), (0, 0, 0.13792538097003013, 0.13792538097003013, 0.13792538097003013, 0.13792538097003013), (0, 0, 0.13792538097003013, 0.13792538097003013, 0.13792538097003013, 0.13792538097003013)]}}
AdaptationManager: Configuring next round...
{'client_registry': {'enabled': True, 'params': {}}, 'client_selector': {'enabled': True, 'params': {'selection_strategy': 'Resource-Based', 'selection_criteria': 'CPU', 'selection_value': 2}}, 'client_cluster': {'enabled': False, 'params': {}}, 'message_compressor': {'enabled': False, 'params': {}}, 'model_co-versioning_registry': {'enabled': False, 'params': {}}, 'multi-task_model_trainer': {'enabled': False, 'params': {}}, 'heterogeneous_data_handler': {'enabled': True, 'params': {'enabled_clients': []}}}
{'client_selector': {'enabled': True}, 'client_cluster': {'enabled': False}, 'message_compressor': {'enabled': False}, 'model_co-versioning_registry': {'enabled': False}, 'multi-task_model_trainer': {'enabled': False}, 'heterogeneous_data_handler': {'enabled': True, 'params': {'enabled_clients': ['Client 23', 'Client 24', 'Client 25', 'Client 26', 'Client 27', 'Client 28']}}, 'client_registry': {'enabled': True, 'params': {}}}
round 8, 4 high, 2 low, 0.0-iid clients, predicted best policy: client_selector activated ✅
heterogeneous_data_handler activated ✅ for clients: ['Client 23', 'Client 24', 'Client 25', 'Client 26', 'Client 27', 'Client 28']
Client Client 28 has insufficient CPU (1). Will not participate in the next FL round.
Client Client 27 has insufficient CPU (1). Will not participate in the next FL round.
Client Client 24 participates in this round. (CPU: 2, RAM: 4)
Client Client 25 participates in this round. (CPU: 2, RAM: 4)
Client Client 23 participates in this round. (CPU: 2, RAM: 4)
Client Client 26 participates in this round. (CPU: 2, RAM: 4)
Results Aggregated in 41.01 seconds.
{'TextMLP': {'train_loss': [0.5262755180619036, 0.7460518599290115, 0.8089183048407237, 0.6334219705150241, 0.6152682656910684, 0.4877570956967495, 0.41002307965783846, 0.4230554355391198], 'train_accuracy': [0.780375, 0.6145128205128205, 0.6500833333333333, 0.7153452380952381, 0.7195, 0.7672314814814815, 0.807984126984127, 0.7999583333333333], 'train_f1': [0.4948565801293155, 0.42221787751559925, 0.38417829873131915, 0.5617208808813821, 0.7074411463419785, 0.7506414822130899, 0.7978634559811514, 0.785809287540445], 'train_mae': [0.28875, 0.5498974358974359, 0.4892361111111111, 0.3809642857142857, 0.3441777777777778, 0.2895740740740741, 0.24611904761904763, 0.24934027777777779], 'val_loss': [3.1592523534674397, 3.3075393924635916, 3.588148057460785, 4.511312792354956, 5.103483784324245, 5.838836740443581, 5.959689682157417, 5.798884136802272], 'val_accuracy': [0.25, 0.268917004048583, 0.31842105263157894, 0.39017857142857143, 0.5330592105263158, 0.5660197368421053, 0.5987828947368421, 0.6202960526315789], 'val_f1': [0.1, 0.1376724894742218, 0.1921432902257937, 0.28226218776127004, 0.4451443370954402, 0.4789219848670286, 0.5159678920945958, 0.5383261946479223], 'val_mae': [1.125, 1.0723886639676112, 1.1468421052631579, 1.0415883458646615, 0.751842105263158, 0.6886513157894736, 0.6064473684210526, 0.6191776315789475], 'jsd': [(0, 0, 0.22793804815651525, 0.4228147503508063, 0.19461981889994312, 0.5487949406953986), (0, 0, 0.13792538097003013, 0.13792538097003013, 0.13792538097003013, 0.3376039030227619), (0, 0, 0.20597540502403072, 0.18337500037767887, 0.15550359363244284, 0.1968927410766489), (0, 0, 0.13792538097003013, 0.13792538097003013, 0.27927276503595605, 0.17319094621548245), (0, 0, 0.13792538097003013, 0.13792538097003013, 0.13792538097003013, 0.13792538097003013), (0, 0, 0.13792538097003013, 0.13792538097003013, 0.13792538097003013, 0.13792538097003013), (0, 0, 0.13792538097003013, 0.13792538097003013, 0.13792538097003013, 0.13792538097003013), (0, 0, 0.13792538097003013, 0.13792538097003013, 0.13792538097003013, 0.13792538097003013)]}}
AdaptationManager: Configuring next round...
{'client_registry': {'enabled': True, 'params': {}}, 'client_selector': {'enabled': True, 'params': {'selection_strategy': 'Resource-Based', 'selection_criteria': 'CPU', 'selection_value': 2}}, 'client_cluster': {'enabled': False, 'params': {}}, 'message_compressor': {'enabled': False, 'params': {}}, 'model_co-versioning_registry': {'enabled': False, 'params': {}}, 'multi-task_model_trainer': {'enabled': False, 'params': {}}, 'heterogeneous_data_handler': {'enabled': True, 'params': {'enabled_clients': []}}}
{'client_selector': {'enabled': True}, 'client_cluster': {'enabled': False}, 'message_compressor': {'enabled': False}, 'model_co-versioning_registry': {'enabled': False}, 'multi-task_model_trainer': {'enabled': False}, 'heterogeneous_data_handler': {'enabled': True, 'params': {'enabled_clients': ['Client 23', 'Client 24', 'Client 25', 'Client 26', 'Client 27', 'Client 28']}}, 'client_registry': {'enabled': True, 'params': {}}}
round 9, 4 high, 2 low, 0.0-iid clients, predicted best policy: client_selector activated ✅
heterogeneous_data_handler activated ✅ for clients: ['Client 23', 'Client 24', 'Client 25', 'Client 26', 'Client 27', 'Client 28']
Client Client 28 has insufficient CPU (1). Will not participate in the next FL round.
Client Client 27 has insufficient CPU (1). Will not participate in the next FL round.
Client Client 24 participates in this round. (CPU: 2, RAM: 4)
Client Client 25 participates in this round. (CPU: 2, RAM: 4)
Client Client 23 participates in this round. (CPU: 2, RAM: 4)
Client Client 26 participates in this round. (CPU: 2, RAM: 4)
Results Aggregated in 42.76 seconds.
{'TextMLP': {'train_loss': [0.5262755180619036, 0.7460518599290115, 0.8089183048407237, 0.6334219705150241, 0.6152682656910684, 0.4877570956967495, 0.41002307965783846, 0.4230554355391198, 0.39635650939632344], 'train_accuracy': [0.780375, 0.6145128205128205, 0.6500833333333333, 0.7153452380952381, 0.7195, 0.7672314814814815, 0.807984126984127, 0.7999583333333333, 0.8172407407407407], 'train_f1': [0.4948565801293155, 0.42221787751559925, 0.38417829873131915, 0.5617208808813821, 0.7074411463419785, 0.7506414822130899, 0.7978634559811514, 0.785809287540445, 0.8066939620010163], 'train_mae': [0.28875, 0.5498974358974359, 0.4892361111111111, 0.3809642857142857, 0.3441777777777778, 0.2895740740740741, 0.24611904761904763, 0.24934027777777779, 0.2305432098765432], 'val_loss': [3.1592523534674397, 3.3075393924635916, 3.588148057460785, 4.511312792354956, 5.103483784324245, 5.838836740443581, 5.959689682157417, 5.798884136802272, 5.744781645222714], 'val_accuracy': [0.25, 0.268917004048583, 0.31842105263157894, 0.39017857142857143, 0.5330592105263158, 0.5660197368421053, 0.5987828947368421, 0.6202960526315789, 0.6310197368421052], 'val_f1': [0.1, 0.1376724894742218, 0.1921432902257937, 0.28226218776127004, 0.4451443370954402, 0.4789219848670286, 0.5159678920945958, 0.5383261946479223, 0.5507080263076529], 'val_mae': [1.125, 1.0723886639676112, 1.1468421052631579, 1.0415883458646615, 0.751842105263158, 0.6886513157894736, 0.6064473684210526, 0.6191776315789475, 0.5394736842105262], 'jsd': [(0, 0, 0.22793804815651525, 0.4228147503508063, 0.19461981889994312, 0.5487949406953986), (0, 0, 0.13792538097003013, 0.13792538097003013, 0.13792538097003013, 0.3376039030227619), (0, 0, 0.20597540502403072, 0.18337500037767887, 0.15550359363244284, 0.1968927410766489), (0, 0, 0.13792538097003013, 0.13792538097003013, 0.27927276503595605, 0.17319094621548245), (0, 0, 0.13792538097003013, 0.13792538097003013, 0.13792538097003013, 0.13792538097003013), (0, 0, 0.13792538097003013, 0.13792538097003013, 0.13792538097003013, 0.13792538097003013), (0, 0, 0.13792538097003013, 0.13792538097003013, 0.13792538097003013, 0.13792538097003013), (0, 0, 0.13792538097003013, 0.13792538097003013, 0.13792538097003013, 0.13792538097003013), (0, 0, 0.13792538097003013, 0.13792538097003013, 0.13792538097003013, 0.13792538097003013)]}}
AdaptationManager: Configuring next round...
{'client_registry': {'enabled': True, 'params': {}}, 'client_selector': {'enabled': True, 'params': {'selection_strategy': 'Resource-Based', 'selection_criteria': 'CPU', 'selection_value': 2}}, 'client_cluster': {'enabled': False, 'params': {}}, 'message_compressor': {'enabled': False, 'params': {}}, 'model_co-versioning_registry': {'enabled': False, 'params': {}}, 'multi-task_model_trainer': {'enabled': False, 'params': {}}, 'heterogeneous_data_handler': {'enabled': True, 'params': {'enabled_clients': []}}}
{'client_selector': {'enabled': True}, 'client_cluster': {'enabled': False}, 'message_compressor': {'enabled': False}, 'model_co-versioning_registry': {'enabled': False}, 'multi-task_model_trainer': {'enabled': False}, 'heterogeneous_data_handler': {'enabled': True, 'params': {'enabled_clients': ['Client 23', 'Client 24', 'Client 25', 'Client 26', 'Client 27', 'Client 28']}}, 'client_registry': {'enabled': True, 'params': {}}}
round 10, 4 high, 2 low, 0.0-iid clients, predicted best policy: client_selector activated ✅
heterogeneous_data_handler activated ✅ for clients: ['Client 23', 'Client 24', 'Client 25', 'Client 26', 'Client 27', 'Client 28']
Client Client 28 has insufficient CPU (1). Will not participate in the next FL round.
Client Client 27 has insufficient CPU (1). Will not participate in the next FL round.
Client Client 24 participates in this round. (CPU: 2, RAM: 4)
Client Client 25 participates in this round. (CPU: 2, RAM: 4)
Client Client 23 participates in this round. (CPU: 2, RAM: 4)
Client Client 26 participates in this round. (CPU: 2, RAM: 4)
Results Aggregated in 44.39 seconds.
{'TextMLP': {'train_loss': [0.5262755180619036, 0.7460518599290115, 0.8089183048407237, 0.6334219705150241, 0.6152682656910684, 0.4877570956967495, 0.41002307965783846, 0.4230554355391198, 0.39635650939632344, 0.3931805164664984], 'train_accuracy': [0.780375, 0.6145128205128205, 0.6500833333333333, 0.7153452380952381, 0.7195, 0.7672314814814815, 0.807984126984127, 0.7999583333333333, 0.8172407407407407, 0.8157277777777778], 'train_f1': [0.4948565801293155, 0.42221787751559925, 0.38417829873131915, 0.5617208808813821, 0.7074411463419785, 0.7506414822130899, 0.7978634559811514, 0.785809287540445, 0.8066939620010163, 0.8064674259653287], 'train_mae': [0.28875, 0.5498974358974359, 0.4892361111111111, 0.3809642857142857, 0.3441777777777778, 0.2895740740740741, 0.24611904761904763, 0.24934027777777779, 0.2305432098765432, 0.22853333333333334], 'val_loss': [3.1592523534674397, 3.3075393924635916, 3.588148057460785, 4.511312792354956, 5.103483784324245, 5.838836740443581, 5.959689682157417, 5.798884136802272, 5.744781645222714, 5.524968783729955], 'val_accuracy': [0.25, 0.268917004048583, 0.31842105263157894, 0.39017857142857143, 0.5330592105263158, 0.5660197368421053, 0.5987828947368421, 0.6202960526315789, 0.6310197368421052, 0.6361842105263159], 'val_f1': [0.1, 0.1376724894742218, 0.1921432902257937, 0.28226218776127004, 0.4451443370954402, 0.4789219848670286, 0.5159678920945958, 0.5383261946479223, 0.5507080263076529, 0.5514021361679484], 'val_mae': [1.125, 1.0723886639676112, 1.1468421052631579, 1.0415883458646615, 0.751842105263158, 0.6886513157894736, 0.6064473684210526, 0.6191776315789475, 0.5394736842105262, 0.5516447368421052], 'jsd': [(0, 0, 0.22793804815651525, 0.4228147503508063, 0.19461981889994312, 0.5487949406953986), (0, 0, 0.13792538097003013, 0.13792538097003013, 0.13792538097003013, 0.3376039030227619), (0, 0, 0.20597540502403072, 0.18337500037767887, 0.15550359363244284, 0.1968927410766489), (0, 0, 0.13792538097003013, 0.13792538097003013, 0.27927276503595605, 0.17319094621548245), (0, 0, 0.13792538097003013, 0.13792538097003013, 0.13792538097003013, 0.13792538097003013), (0, 0, 0.13792538097003013, 0.13792538097003013, 0.13792538097003013, 0.13792538097003013), (0, 0, 0.13792538097003013, 0.13792538097003013, 0.13792538097003013, 0.13792538097003013), (0, 0, 0.13792538097003013, 0.13792538097003013, 0.13792538097003013, 0.13792538097003013), (0, 0, 0.13792538097003013, 0.13792538097003013, 0.13792538097003013, 0.13792538097003013), (0, 0, 0.13792538097003013, 0.13792538097003013, 0.13792538097003013, 0.13792538097003013)]}}
AdaptationManager: Configuring next round...
{'client_registry': {'enabled': True, 'params': {}}, 'client_selector': {'enabled': True, 'params': {'selection_strategy': 'Resource-Based', 'selection_criteria': 'CPU', 'selection_value': 2}}, 'client_cluster': {'enabled': False, 'params': {}}, 'message_compressor': {'enabled': False, 'params': {}}, 'model_co-versioning_registry': {'enabled': False, 'params': {}}, 'multi-task_model_trainer': {'enabled': False, 'params': {}}, 'heterogeneous_data_handler': {'enabled': True, 'params': {'enabled_clients': []}}}
{'client_selector': {'enabled': True}, 'client_cluster': {'enabled': False}, 'message_compressor': {'enabled': False}, 'model_co-versioning_registry': {'enabled': False}, 'multi-task_model_trainer': {'enabled': False}, 'heterogeneous_data_handler': {'enabled': True, 'params': {'enabled_clients': ['Client 23', 'Client 24', 'Client 25', 'Client 26', 'Client 27', 'Client 28']}}, 'client_registry': {'enabled': True, 'params': {}}}
round 11, 4 high, 2 low, 0.0-iid clients, predicted best policy: client_selector activated ✅
heterogeneous_data_handler activated ✅ for clients: ['Client 23', 'Client 24', 'Client 25', 'Client 26', 'Client 27', 'Client 28']
Client Client 28 has insufficient CPU (1). Will not participate in the next FL round.
Client Client 27 has insufficient CPU (1). Will not participate in the next FL round.
Client Client 24 participates in this round. (CPU: 2, RAM: 4)
Client Client 25 participates in this round. (CPU: 2, RAM: 4)
Client Client 23 participates in this round. (CPU: 2, RAM: 4)
Client Client 26 participates in this round. (CPU: 2, RAM: 4)
Results Aggregated in 47.34 seconds.
{'TextMLP': {'train_loss': [0.5262755180619036, 0.7460518599290115, 0.8089183048407237, 0.6334219705150241, 0.6152682656910684, 0.4877570956967495, 0.41002307965783846, 0.4230554355391198, 0.39635650939632344, 0.3931805164664984, 0.38634416362823865], 'train_accuracy': [0.780375, 0.6145128205128205, 0.6500833333333333, 0.7153452380952381, 0.7195, 0.7672314814814815, 0.807984126984127, 0.7999583333333333, 0.8172407407407407, 0.8157277777777778, 0.8191616161616162], 'train_f1': [0.4948565801293155, 0.42221787751559925, 0.38417829873131915, 0.5617208808813821, 0.7074411463419785, 0.7506414822130899, 0.7978634559811514, 0.785809287540445, 0.8066939620010163, 0.8064674259653287, 0.8100613285516003], 'train_mae': [0.28875, 0.5498974358974359, 0.4892361111111111, 0.3809642857142857, 0.3441777777777778, 0.2895740740740741, 0.24611904761904763, 0.24934027777777779, 0.2305432098765432, 0.22853333333333334, 0.22578282828282828], 'val_loss': [3.1592523534674397, 3.3075393924635916, 3.588148057460785, 4.511312792354956, 5.103483784324245, 5.838836740443581, 5.959689682157417, 5.798884136802272, 5.744781645222714, 5.524968783729955, 5.527337494649386], 'val_accuracy': [0.25, 0.268917004048583, 0.31842105263157894, 0.39017857142857143, 0.5330592105263158, 0.5660197368421053, 0.5987828947368421, 0.6202960526315789, 0.6310197368421052, 0.6361842105263159, 0.6500328947368421], 'val_f1': [0.1, 0.1376724894742218, 0.1921432902257937, 0.28226218776127004, 0.4451443370954402, 0.4789219848670286, 0.5159678920945958, 0.5383261946479223, 0.5507080263076529, 0.5514021361679484, 0.5645880624827551], 'val_mae': [1.125, 1.0723886639676112, 1.1468421052631579, 1.0415883458646615, 0.751842105263158, 0.6886513157894736, 0.6064473684210526, 0.6191776315789475, 0.5394736842105262, 0.5516447368421052, 0.544342105263158], 'jsd': [(0, 0, 0.22793804815651525, 0.4228147503508063, 0.19461981889994312, 0.5487949406953986), (0, 0, 0.13792538097003013, 0.13792538097003013, 0.13792538097003013, 0.3376039030227619), (0, 0, 0.20597540502403072, 0.18337500037767887, 0.15550359363244284, 0.1968927410766489), (0, 0, 0.13792538097003013, 0.13792538097003013, 0.27927276503595605, 0.17319094621548245), (0, 0, 0.13792538097003013, 0.13792538097003013, 0.13792538097003013, 0.13792538097003013), (0, 0, 0.13792538097003013, 0.13792538097003013, 0.13792538097003013, 0.13792538097003013), (0, 0, 0.13792538097003013, 0.13792538097003013, 0.13792538097003013, 0.13792538097003013), (0, 0, 0.13792538097003013, 0.13792538097003013, 0.13792538097003013, 0.13792538097003013), (0, 0, 0.13792538097003013, 0.13792538097003013, 0.13792538097003013, 0.13792538097003013), (0, 0, 0.13792538097003013, 0.13792538097003013, 0.13792538097003013, 0.13792538097003013), (0, 0, 0.13792538097003013, 0.13792538097003013, 0.13792538097003013, 0.13792538097003013)]}}
AdaptationManager: Configuring next round...
{'client_registry': {'enabled': True, 'params': {}}, 'client_selector': {'enabled': True, 'params': {'selection_strategy': 'Resource-Based', 'selection_criteria': 'CPU', 'selection_value': 2}}, 'client_cluster': {'enabled': False, 'params': {}}, 'message_compressor': {'enabled': False, 'params': {}}, 'model_co-versioning_registry': {'enabled': False, 'params': {}}, 'multi-task_model_trainer': {'enabled': False, 'params': {}}, 'heterogeneous_data_handler': {'enabled': True, 'params': {'enabled_clients': []}}}
{'client_selector': {'enabled': True}, 'client_cluster': {'enabled': False}, 'message_compressor': {'enabled': False}, 'model_co-versioning_registry': {'enabled': False}, 'multi-task_model_trainer': {'enabled': False}, 'heterogeneous_data_handler': {'enabled': True, 'params': {'enabled_clients': ['Client 23', 'Client 24', 'Client 25', 'Client 26', 'Client 27', 'Client 28']}}, 'client_registry': {'enabled': True, 'params': {}}}
round 12, 4 high, 2 low, 0.0-iid clients, predicted best policy: client_selector activated ✅
heterogeneous_data_handler activated ✅ for clients: ['Client 23', 'Client 24', 'Client 25', 'Client 26', 'Client 27', 'Client 28']
Client Client 28 has insufficient CPU (1). Will not participate in the next FL round.
Client Client 27 has insufficient CPU (1). Will not participate in the next FL round.
Client Client 24 participates in this round. (CPU: 2, RAM: 4)
Client Client 23 participates in this round. (CPU: 2, RAM: 4)
Client Client 25 participates in this round. (CPU: 2, RAM: 4)
Client Client 26 participates in this round. (CPU: 2, RAM: 4)
Results Aggregated in 49.82 seconds.
{'TextMLP': {'train_loss': [0.5262755180619036, 0.7460518599290115, 0.8089183048407237, 0.6334219705150241, 0.6152682656910684, 0.4877570956967495, 0.41002307965783846, 0.4230554355391198, 0.39635650939632344, 0.3931805164664984, 0.38634416362823865, 0.3749203056698596], 'train_accuracy': [0.780375, 0.6145128205128205, 0.6500833333333333, 0.7153452380952381, 0.7195, 0.7672314814814815, 0.807984126984127, 0.7999583333333333, 0.8172407407407407, 0.8157277777777778, 0.8191616161616162, 0.8352361111111111], 'train_f1': [0.4948565801293155, 0.42221787751559925, 0.38417829873131915, 0.5617208808813821, 0.7074411463419785, 0.7506414822130899, 0.7978634559811514, 0.785809287540445, 0.8066939620010163, 0.8064674259653287, 0.8100613285516003, 0.8283018455205394], 'train_mae': [0.28875, 0.5498974358974359, 0.4892361111111111, 0.3809642857142857, 0.3441777777777778, 0.2895740740740741, 0.24611904761904763, 0.24934027777777779, 0.2305432098765432, 0.22853333333333334, 0.22578282828282828, 0.21031018518518518], 'val_loss': [3.1592523534674397, 3.3075393924635916, 3.588148057460785, 4.511312792354956, 5.103483784324245, 5.838836740443581, 5.959689682157417, 5.798884136802272, 5.744781645222714, 5.524968783729955, 5.527337494649386, 5.654703020547566], 'val_accuracy': [0.25, 0.268917004048583, 0.31842105263157894, 0.39017857142857143, 0.5330592105263158, 0.5660197368421053, 0.5987828947368421, 0.6202960526315789, 0.6310197368421052, 0.6361842105263159, 0.6500328947368421, 0.6444736842105263], 'val_f1': [0.1, 0.1376724894742218, 0.1921432902257937, 0.28226218776127004, 0.4451443370954402, 0.4789219848670286, 0.5159678920945958, 0.5383261946479223, 0.5507080263076529, 0.5514021361679484, 0.5645880624827551, 0.5604667589316334], 'val_mae': [1.125, 1.0723886639676112, 1.1468421052631579, 1.0415883458646615, 0.751842105263158, 0.6886513157894736, 0.6064473684210526, 0.6191776315789475, 0.5394736842105262, 0.5516447368421052, 0.544342105263158, 0.5235197368421053], 'jsd': [(0, 0, 0.22793804815651525, 0.4228147503508063, 0.19461981889994312, 0.5487949406953986), (0, 0, 0.13792538097003013, 0.13792538097003013, 0.13792538097003013, 0.3376039030227619), (0, 0, 0.20597540502403072, 0.18337500037767887, 0.15550359363244284, 0.1968927410766489), (0, 0, 0.13792538097003013, 0.13792538097003013, 0.27927276503595605, 0.17319094621548245), (0, 0, 0.13792538097003013, 0.13792538097003013, 0.13792538097003013, 0.13792538097003013), (0, 0, 0.13792538097003013, 0.13792538097003013, 0.13792538097003013, 0.13792538097003013), (0, 0, 0.13792538097003013, 0.13792538097003013, 0.13792538097003013, 0.13792538097003013), (0, 0, 0.13792538097003013, 0.13792538097003013, 0.13792538097003013, 0.13792538097003013), (0, 0, 0.13792538097003013, 0.13792538097003013, 0.13792538097003013, 0.13792538097003013), (0, 0, 0.13792538097003013, 0.13792538097003013, 0.13792538097003013, 0.13792538097003013), (0, 0, 0.13792538097003013, 0.13792538097003013, 0.13792538097003013, 0.13792538097003013), (0, 0, 0.13792538097003013, 0.13792538097003013, 0.13792538097003013, 0.13792538097003013)]}}
AdaptationManager: Configuring next round...
{'client_registry': {'enabled': True, 'params': {}}, 'client_selector': {'enabled': True, 'params': {'selection_strategy': 'Resource-Based', 'selection_criteria': 'CPU', 'selection_value': 2}}, 'client_cluster': {'enabled': False, 'params': {}}, 'message_compressor': {'enabled': False, 'params': {}}, 'model_co-versioning_registry': {'enabled': False, 'params': {}}, 'multi-task_model_trainer': {'enabled': False, 'params': {}}, 'heterogeneous_data_handler': {'enabled': True, 'params': {'enabled_clients': []}}}
{'client_selector': {'enabled': True}, 'client_cluster': {'enabled': False}, 'message_compressor': {'enabled': False}, 'model_co-versioning_registry': {'enabled': False}, 'multi-task_model_trainer': {'enabled': False}, 'heterogeneous_data_handler': {'enabled': True, 'params': {'enabled_clients': ['Client 23', 'Client 24', 'Client 25', 'Client 26', 'Client 27', 'Client 28']}}, 'client_registry': {'enabled': True, 'params': {}}}
round 13, 4 high, 2 low, 0.0-iid clients, predicted best policy: client_selector activated ✅
heterogeneous_data_handler activated ✅ for clients: ['Client 23', 'Client 24', 'Client 25', 'Client 26', 'Client 27', 'Client 28']
Client Client 28 has insufficient CPU (1). Will not participate in the next FL round.
Client Client 27 has insufficient CPU (1). Will not participate in the next FL round.
Client Client 24 participates in this round. (CPU: 2, RAM: 4)
Client Client 23 participates in this round. (CPU: 2, RAM: 4)
Client Client 25 participates in this round. (CPU: 2, RAM: 4)
Client Client 26 participates in this round. (CPU: 2, RAM: 4)
Results Aggregated in 48.61 seconds.
{'TextMLP': {'train_loss': [0.5262755180619036, 0.7460518599290115, 0.8089183048407237, 0.6334219705150241, 0.6152682656910684, 0.4877570956967495, 0.41002307965783846, 0.4230554355391198, 0.39635650939632344, 0.3931805164664984, 0.38634416362823865, 0.3749203056698596, 0.3789713410793716], 'train_accuracy': [0.780375, 0.6145128205128205, 0.6500833333333333, 0.7153452380952381, 0.7195, 0.7672314814814815, 0.807984126984127, 0.7999583333333333, 0.8172407407407407, 0.8157277777777778, 0.8191616161616162, 0.8352361111111111, 0.8417991452991453], 'train_f1': [0.4948565801293155, 0.42221787751559925, 0.38417829873131915, 0.5617208808813821, 0.7074411463419785, 0.7506414822130899, 0.7978634559811514, 0.785809287540445, 0.8066939620010163, 0.8064674259653287, 0.8100613285516003, 0.8283018455205394, 0.8375186597941902], 'train_mae': [0.28875, 0.5498974358974359, 0.4892361111111111, 0.3809642857142857, 0.3441777777777778, 0.2895740740740741, 0.24611904761904763, 0.24934027777777779, 0.2305432098765432, 0.22853333333333334, 0.22578282828282828, 0.21031018518518518, 0.20995726495726497], 'val_loss': [3.1592523534674397, 3.3075393924635916, 3.588148057460785, 4.511312792354956, 5.103483784324245, 5.838836740443581, 5.959689682157417, 5.798884136802272, 5.744781645222714, 5.524968783729955, 5.527337494649386, 5.654703020547566, 5.894125951967742], 'val_accuracy': [0.25, 0.268917004048583, 0.31842105263157894, 0.39017857142857143, 0.5330592105263158, 0.5660197368421053, 0.5987828947368421, 0.6202960526315789, 0.6310197368421052, 0.6361842105263159, 0.6500328947368421, 0.6444736842105263, 0.6336184210526316], 'val_f1': [0.1, 0.1376724894742218, 0.1921432902257937, 0.28226218776127004, 0.4451443370954402, 0.4789219848670286, 0.5159678920945958, 0.5383261946479223, 0.5507080263076529, 0.5514021361679484, 0.5645880624827551, 0.5604667589316334, 0.5523823066043334], 'val_mae': [1.125, 1.0723886639676112, 1.1468421052631579, 1.0415883458646615, 0.751842105263158, 0.6886513157894736, 0.6064473684210526, 0.6191776315789475, 0.5394736842105262, 0.5516447368421052, 0.544342105263158, 0.5235197368421053, 0.5498684210526316], 'jsd': [(0, 0, 0.22793804815651525, 0.4228147503508063, 0.19461981889994312, 0.5487949406953986), (0, 0, 0.13792538097003013, 0.13792538097003013, 0.13792538097003013, 0.3376039030227619), (0, 0, 0.20597540502403072, 0.18337500037767887, 0.15550359363244284, 0.1968927410766489), (0, 0, 0.13792538097003013, 0.13792538097003013, 0.27927276503595605, 0.17319094621548245), (0, 0, 0.13792538097003013, 0.13792538097003013, 0.13792538097003013, 0.13792538097003013), (0, 0, 0.13792538097003013, 0.13792538097003013, 0.13792538097003013, 0.13792538097003013), (0, 0, 0.13792538097003013, 0.13792538097003013, 0.13792538097003013, 0.13792538097003013), (0, 0, 0.13792538097003013, 0.13792538097003013, 0.13792538097003013, 0.13792538097003013), (0, 0, 0.13792538097003013, 0.13792538097003013, 0.13792538097003013, 0.13792538097003013), (0, 0, 0.13792538097003013, 0.13792538097003013, 0.13792538097003013, 0.13792538097003013), (0, 0, 0.13792538097003013, 0.13792538097003013, 0.13792538097003013, 0.13792538097003013), (0, 0, 0.13792538097003013, 0.13792538097003013, 0.13792538097003013, 0.13792538097003013), (0, 0, 0.13792538097003013, 0.13792538097003013, 0.13792538097003013, 0.13792538097003013)]}}
AdaptationManager: Configuring next round...
{'client_registry': {'enabled': True, 'params': {}}, 'client_selector': {'enabled': True, 'params': {'selection_strategy': 'Resource-Based', 'selection_criteria': 'CPU', 'selection_value': 2}}, 'client_cluster': {'enabled': False, 'params': {}}, 'message_compressor': {'enabled': False, 'params': {}}, 'model_co-versioning_registry': {'enabled': False, 'params': {}}, 'multi-task_model_trainer': {'enabled': False, 'params': {}}, 'heterogeneous_data_handler': {'enabled': True, 'params': {'enabled_clients': []}}}
{'client_selector': {'enabled': True}, 'client_cluster': {'enabled': False}, 'message_compressor': {'enabled': False}, 'model_co-versioning_registry': {'enabled': False}, 'multi-task_model_trainer': {'enabled': False}, 'heterogeneous_data_handler': {'enabled': True, 'params': {'enabled_clients': ['Client 23', 'Client 24', 'Client 25', 'Client 26', 'Client 27', 'Client 28']}}, 'client_registry': {'enabled': True, 'params': {}}}
round 14, 4 high, 2 low, 0.0-iid clients, predicted best policy: client_selector activated ✅
heterogeneous_data_handler activated ✅ for clients: ['Client 23', 'Client 24', 'Client 25', 'Client 26', 'Client 27', 'Client 28']
Client Client 28 has insufficient CPU (1). Will not participate in the next FL round.
Client Client 27 has insufficient CPU (1). Will not participate in the next FL round.
Client Client 24 participates in this round. (CPU: 2, RAM: 4)
Client Client 23 participates in this round. (CPU: 2, RAM: 4)
Client Client 25 participates in this round. (CPU: 2, RAM: 4)
Client Client 26 participates in this round. (CPU: 2, RAM: 4)
Results Aggregated in 47.98 seconds.
{'TextMLP': {'train_loss': [0.5262755180619036, 0.7460518599290115, 0.8089183048407237, 0.6334219705150241, 0.6152682656910684, 0.4877570956967495, 0.41002307965783846, 0.4230554355391198, 0.39635650939632344, 0.3931805164664984, 0.38634416362823865, 0.3749203056698596, 0.3789713410793716, 0.3639275635268007], 'train_accuracy': [0.780375, 0.6145128205128205, 0.6500833333333333, 0.7153452380952381, 0.7195, 0.7672314814814815, 0.807984126984127, 0.7999583333333333, 0.8172407407407407, 0.8157277777777778, 0.8191616161616162, 0.8352361111111111, 0.8417991452991453, 0.843936507936508], 'train_f1': [0.4948565801293155, 0.42221787751559925, 0.38417829873131915, 0.5617208808813821, 0.7074411463419785, 0.7506414822130899, 0.7978634559811514, 0.785809287540445, 0.8066939620010163, 0.8064674259653287, 0.8100613285516003, 0.8283018455205394, 0.8375186597941902, 0.842876548642092], 'train_mae': [0.28875, 0.5498974358974359, 0.4892361111111111, 0.3809642857142857, 0.3441777777777778, 0.2895740740740741, 0.24611904761904763, 0.24934027777777779, 0.2305432098765432, 0.22853333333333334, 0.22578282828282828, 0.21031018518518518, 0.20995726495726497, 0.20083333333333334], 'val_loss': [3.1592523534674397, 3.3075393924635916, 3.588148057460785, 4.511312792354956, 5.103483784324245, 5.838836740443581, 5.959689682157417, 5.798884136802272, 5.744781645222714, 5.524968783729955, 5.527337494649386, 5.654703020547566, 5.894125951967742, 5.669304949609858], 'val_accuracy': [0.25, 0.268917004048583, 0.31842105263157894, 0.39017857142857143, 0.5330592105263158, 0.5660197368421053, 0.5987828947368421, 0.6202960526315789, 0.6310197368421052, 0.6361842105263159, 0.6500328947368421, 0.6444736842105263, 0.6336184210526316, 0.6579276315789474], 'val_f1': [0.1, 0.1376724894742218, 0.1921432902257937, 0.28226218776127004, 0.4451443370954402, 0.4789219848670286, 0.5159678920945958, 0.5383261946479223, 0.5507080263076529, 0.5514021361679484, 0.5645880624827551, 0.5604667589316334, 0.5523823066043334, 0.5730709155539824], 'val_mae': [1.125, 1.0723886639676112, 1.1468421052631579, 1.0415883458646615, 0.751842105263158, 0.6886513157894736, 0.6064473684210526, 0.6191776315789475, 0.5394736842105262, 0.5516447368421052, 0.544342105263158, 0.5235197368421053, 0.5498684210526316, 0.4932236842105263], 'jsd': [(0, 0, 0.22793804815651525, 0.4228147503508063, 0.19461981889994312, 0.5487949406953986), (0, 0, 0.13792538097003013, 0.13792538097003013, 0.13792538097003013, 0.3376039030227619), (0, 0, 0.20597540502403072, 0.18337500037767887, 0.15550359363244284, 0.1968927410766489), (0, 0, 0.13792538097003013, 0.13792538097003013, 0.27927276503595605, 0.17319094621548245), (0, 0, 0.13792538097003013, 0.13792538097003013, 0.13792538097003013, 0.13792538097003013), (0, 0, 0.13792538097003013, 0.13792538097003013, 0.13792538097003013, 0.13792538097003013), (0, 0, 0.13792538097003013, 0.13792538097003013, 0.13792538097003013, 0.13792538097003013), (0, 0, 0.13792538097003013, 0.13792538097003013, 0.13792538097003013, 0.13792538097003013), (0, 0, 0.13792538097003013, 0.13792538097003013, 0.13792538097003013, 0.13792538097003013), (0, 0, 0.13792538097003013, 0.13792538097003013, 0.13792538097003013, 0.13792538097003013), (0, 0, 0.13792538097003013, 0.13792538097003013, 0.13792538097003013, 0.13792538097003013), (0, 0, 0.13792538097003013, 0.13792538097003013, 0.13792538097003013, 0.13792538097003013), (0, 0, 0.13792538097003013, 0.13792538097003013, 0.13792538097003013, 0.13792538097003013), (0, 0, 0.13792538097003013, 0.13792538097003013, 0.13792538097003013, 0.13792538097003013)]}}
AdaptationManager: Configuring next round...
{'client_registry': {'enabled': True, 'params': {}}, 'client_selector': {'enabled': True, 'params': {'selection_strategy': 'Resource-Based', 'selection_criteria': 'CPU', 'selection_value': 2}}, 'client_cluster': {'enabled': False, 'params': {}}, 'message_compressor': {'enabled': False, 'params': {}}, 'model_co-versioning_registry': {'enabled': False, 'params': {}}, 'multi-task_model_trainer': {'enabled': False, 'params': {}}, 'heterogeneous_data_handler': {'enabled': True, 'params': {'enabled_clients': []}}}
{'client_selector': {'enabled': True}, 'client_cluster': {'enabled': False}, 'message_compressor': {'enabled': False}, 'model_co-versioning_registry': {'enabled': False}, 'multi-task_model_trainer': {'enabled': False}, 'heterogeneous_data_handler': {'enabled': True, 'params': {'enabled_clients': ['Client 23', 'Client 24', 'Client 25', 'Client 26', 'Client 27', 'Client 28']}}, 'client_registry': {'enabled': True, 'params': {}}}
round 15, 4 high, 2 low, 0.0-iid clients, predicted best policy: client_selector activated ✅
heterogeneous_data_handler activated ✅ for clients: ['Client 23', 'Client 24', 'Client 25', 'Client 26', 'Client 27', 'Client 28']
Client Client 28 has insufficient CPU (1). Will not participate in the next FL round.
Client Client 27 has insufficient CPU (1). Will not participate in the next FL round.
Client Client 24 participates in this round. (CPU: 2, RAM: 4)
Client Client 25 participates in this round. (CPU: 2, RAM: 4)
Client Client 23 participates in this round. (CPU: 2, RAM: 4)
Client Client 26 participates in this round. (CPU: 2, RAM: 4)
Results Aggregated in 51.28 seconds.
{'TextMLP': {'train_loss': [0.5262755180619036, 0.7460518599290115, 0.8089183048407237, 0.6334219705150241, 0.6152682656910684, 0.4877570956967495, 0.41002307965783846, 0.4230554355391198, 0.39635650939632344, 0.3931805164664984, 0.38634416362823865, 0.3749203056698596, 0.3789713410793716, 0.3639275635268007, 0.38244514641673477], 'train_accuracy': [0.780375, 0.6145128205128205, 0.6500833333333333, 0.7153452380952381, 0.7195, 0.7672314814814815, 0.807984126984127, 0.7999583333333333, 0.8172407407407407, 0.8157277777777778, 0.8191616161616162, 0.8352361111111111, 0.8417991452991453, 0.843936507936508, 0.827474074074074], 'train_f1': [0.4948565801293155, 0.42221787751559925, 0.38417829873131915, 0.5617208808813821, 0.7074411463419785, 0.7506414822130899, 0.7978634559811514, 0.785809287540445, 0.8066939620010163, 0.8064674259653287, 0.8100613285516003, 0.8283018455205394, 0.8375186597941902, 0.842876548642092, 0.8223703088613531], 'train_mae': [0.28875, 0.5498974358974359, 0.4892361111111111, 0.3809642857142857, 0.3441777777777778, 0.2895740740740741, 0.24611904761904763, 0.24934027777777779, 0.2305432098765432, 0.22853333333333334, 0.22578282828282828, 0.21031018518518518, 0.20995726495726497, 0.20083333333333334, 0.21394444444444444], 'val_loss': [3.1592523534674397, 3.3075393924635916, 3.588148057460785, 4.511312792354956, 5.103483784324245, 5.838836740443581, 5.959689682157417, 5.798884136802272, 5.744781645222714, 5.524968783729955, 5.527337494649386, 5.654703020547566, 5.894125951967742, 5.669304949609858, 5.688357011644464], 'val_accuracy': [0.25, 0.268917004048583, 0.31842105263157894, 0.39017857142857143, 0.5330592105263158, 0.5660197368421053, 0.5987828947368421, 0.6202960526315789, 0.6310197368421052, 0.6361842105263159, 0.6500328947368421, 0.6444736842105263, 0.6336184210526316, 0.6579276315789474, 0.6617763157894736], 'val_f1': [0.1, 0.1376724894742218, 0.1921432902257937, 0.28226218776127004, 0.4451443370954402, 0.4789219848670286, 0.5159678920945958, 0.5383261946479223, 0.5507080263076529, 0.5514021361679484, 0.5645880624827551, 0.5604667589316334, 0.5523823066043334, 0.5730709155539824, 0.5745299138272398], 'val_mae': [1.125, 1.0723886639676112, 1.1468421052631579, 1.0415883458646615, 0.751842105263158, 0.6886513157894736, 0.6064473684210526, 0.6191776315789475, 0.5394736842105262, 0.5516447368421052, 0.544342105263158, 0.5235197368421053, 0.5498684210526316, 0.4932236842105263, 0.5075986842105263], 'jsd': [(0, 0, 0.22793804815651525, 0.4228147503508063, 0.19461981889994312, 0.5487949406953986), (0, 0, 0.13792538097003013, 0.13792538097003013, 0.13792538097003013, 0.3376039030227619), (0, 0, 0.20597540502403072, 0.18337500037767887, 0.15550359363244284, 0.1968927410766489), (0, 0, 0.13792538097003013, 0.13792538097003013, 0.27927276503595605, 0.17319094621548245), (0, 0, 0.13792538097003013, 0.13792538097003013, 0.13792538097003013, 0.13792538097003013), (0, 0, 0.13792538097003013, 0.13792538097003013, 0.13792538097003013, 0.13792538097003013), (0, 0, 0.13792538097003013, 0.13792538097003013, 0.13792538097003013, 0.13792538097003013), (0, 0, 0.13792538097003013, 0.13792538097003013, 0.13792538097003013, 0.13792538097003013), (0, 0, 0.13792538097003013, 0.13792538097003013, 0.13792538097003013, 0.13792538097003013), (0, 0, 0.13792538097003013, 0.13792538097003013, 0.13792538097003013, 0.13792538097003013), (0, 0, 0.13792538097003013, 0.13792538097003013, 0.13792538097003013, 0.13792538097003013), (0, 0, 0.13792538097003013, 0.13792538097003013, 0.13792538097003013, 0.13792538097003013), (0, 0, 0.13792538097003013, 0.13792538097003013, 0.13792538097003013, 0.13792538097003013), (0, 0, 0.13792538097003013, 0.13792538097003013, 0.13792538097003013, 0.13792538097003013), (0, 0, 0.13792538097003013, 0.13792538097003013, 0.13792538097003013, 0.13792538097003013)]}}
AdaptationManager: Configuring next round...
{'client_registry': {'enabled': True, 'params': {}}, 'client_selector': {'enabled': True, 'params': {'selection_strategy': 'Resource-Based', 'selection_criteria': 'CPU', 'selection_value': 2}}, 'client_cluster': {'enabled': False, 'params': {}}, 'message_compressor': {'enabled': False, 'params': {}}, 'model_co-versioning_registry': {'enabled': False, 'params': {}}, 'multi-task_model_trainer': {'enabled': False, 'params': {}}, 'heterogeneous_data_handler': {'enabled': True, 'params': {'enabled_clients': []}}}
{'client_selector': {'enabled': True}, 'client_cluster': {'enabled': False}, 'message_compressor': {'enabled': False}, 'model_co-versioning_registry': {'enabled': False}, 'multi-task_model_trainer': {'enabled': False}, 'heterogeneous_data_handler': {'enabled': True, 'params': {'enabled_clients': ['Client 23', 'Client 24', 'Client 25', 'Client 26', 'Client 27', 'Client 28']}}, 'client_registry': {'enabled': True, 'params': {}}}
round 16, 4 high, 2 low, 0.0-iid clients, predicted best policy: client_selector activated ✅
heterogeneous_data_handler activated ✅ for clients: ['Client 23', 'Client 24', 'Client 25', 'Client 26', 'Client 27', 'Client 28']
Client Client 28 has insufficient CPU (1). Will not participate in the next FL round.
Client Client 27 has insufficient CPU (1). Will not participate in the next FL round.
Client Client 24 participates in this round. (CPU: 2, RAM: 4)
Client Client 25 participates in this round. (CPU: 2, RAM: 4)
Client Client 23 participates in this round. (CPU: 2, RAM: 4)
Client Client 26 participates in this round. (CPU: 2, RAM: 4)
Results Aggregated in 55.10 seconds.
{'TextMLP': {'train_loss': [0.5262755180619036, 0.7460518599290115, 0.8089183048407237, 0.6334219705150241, 0.6152682656910684, 0.4877570956967495, 0.41002307965783846, 0.4230554355391198, 0.39635650939632344, 0.3931805164664984, 0.38634416362823865, 0.3749203056698596, 0.3789713410793716, 0.3639275635268007, 0.38244514641673477, 0.39644577367769346], 'train_accuracy': [0.780375, 0.6145128205128205, 0.6500833333333333, 0.7153452380952381, 0.7195, 0.7672314814814815, 0.807984126984127, 0.7999583333333333, 0.8172407407407407, 0.8157277777777778, 0.8191616161616162, 0.8352361111111111, 0.8417991452991453, 0.843936507936508, 0.827474074074074, 0.8189930555555556], 'train_f1': [0.4948565801293155, 0.42221787751559925, 0.38417829873131915, 0.5617208808813821, 0.7074411463419785, 0.7506414822130899, 0.7978634559811514, 0.785809287540445, 0.8066939620010163, 0.8064674259653287, 0.8100613285516003, 0.8283018455205394, 0.8375186597941902, 0.842876548642092, 0.8223703088613531, 0.8159940053090874], 'train_mae': [0.28875, 0.5498974358974359, 0.4892361111111111, 0.3809642857142857, 0.3441777777777778, 0.2895740740740741, 0.24611904761904763, 0.24934027777777779, 0.2305432098765432, 0.22853333333333334, 0.22578282828282828, 0.21031018518518518, 0.20995726495726497, 0.20083333333333334, 0.21394444444444444, 0.22559722222222223], 'val_loss': [3.1592523534674397, 3.3075393924635916, 3.588148057460785, 4.511312792354956, 5.103483784324245, 5.838836740443581, 5.959689682157417, 5.798884136802272, 5.744781645222714, 5.524968783729955, 5.527337494649386, 5.654703020547566, 5.894125951967742, 5.669304949609858, 5.688357011644464, 5.787954513901158], 'val_accuracy': [0.25, 0.268917004048583, 0.31842105263157894, 0.39017857142857143, 0.5330592105263158, 0.5660197368421053, 0.5987828947368421, 0.6202960526315789, 0.6310197368421052, 0.6361842105263159, 0.6500328947368421, 0.6444736842105263, 0.6336184210526316, 0.6579276315789474, 0.6617763157894736, 0.6549013157894737], 'val_f1': [0.1, 0.1376724894742218, 0.1921432902257937, 0.28226218776127004, 0.4451443370954402, 0.4789219848670286, 0.5159678920945958, 0.5383261946479223, 0.5507080263076529, 0.5514021361679484, 0.5645880624827551, 0.5604667589316334, 0.5523823066043334, 0.5730709155539824, 0.5745299138272398, 0.5699738717254544], 'val_mae': [1.125, 1.0723886639676112, 1.1468421052631579, 1.0415883458646615, 0.751842105263158, 0.6886513157894736, 0.6064473684210526, 0.6191776315789475, 0.5394736842105262, 0.5516447368421052, 0.544342105263158, 0.5235197368421053, 0.5498684210526316, 0.4932236842105263, 0.5075986842105263, 0.5326973684210526], 'jsd': [(0, 0, 0.22793804815651525, 0.4228147503508063, 0.19461981889994312, 0.5487949406953986), (0, 0, 0.13792538097003013, 0.13792538097003013, 0.13792538097003013, 0.3376039030227619), (0, 0, 0.20597540502403072, 0.18337500037767887, 0.15550359363244284, 0.1968927410766489), (0, 0, 0.13792538097003013, 0.13792538097003013, 0.27927276503595605, 0.17319094621548245), (0, 0, 0.13792538097003013, 0.13792538097003013, 0.13792538097003013, 0.13792538097003013), (0, 0, 0.13792538097003013, 0.13792538097003013, 0.13792538097003013, 0.13792538097003013), (0, 0, 0.13792538097003013, 0.13792538097003013, 0.13792538097003013, 0.13792538097003013), (0, 0, 0.13792538097003013, 0.13792538097003013, 0.13792538097003013, 0.13792538097003013), (0, 0, 0.13792538097003013, 0.13792538097003013, 0.13792538097003013, 0.13792538097003013), (0, 0, 0.13792538097003013, 0.13792538097003013, 0.13792538097003013, 0.13792538097003013), (0, 0, 0.13792538097003013, 0.13792538097003013, 0.13792538097003013, 0.13792538097003013), (0, 0, 0.13792538097003013, 0.13792538097003013, 0.13792538097003013, 0.13792538097003013), (0, 0, 0.13792538097003013, 0.13792538097003013, 0.13792538097003013, 0.13792538097003013), (0, 0, 0.13792538097003013, 0.13792538097003013, 0.13792538097003013, 0.13792538097003013), (0, 0, 0.13792538097003013, 0.13792538097003013, 0.13792538097003013, 0.13792538097003013), (0, 0, 0.13792538097003013, 0.13792538097003013, 0.13792538097003013, 0.13792538097003013)]}}
AdaptationManager: Configuring next round...
{'client_registry': {'enabled': True, 'params': {}}, 'client_selector': {'enabled': True, 'params': {'selection_strategy': 'Resource-Based', 'selection_criteria': 'CPU', 'selection_value': 2}}, 'client_cluster': {'enabled': False, 'params': {}}, 'message_compressor': {'enabled': False, 'params': {}}, 'model_co-versioning_registry': {'enabled': False, 'params': {}}, 'multi-task_model_trainer': {'enabled': False, 'params': {}}, 'heterogeneous_data_handler': {'enabled': True, 'params': {'enabled_clients': []}}}
{'client_selector': {'enabled': True}, 'client_cluster': {'enabled': False}, 'message_compressor': {'enabled': False}, 'model_co-versioning_registry': {'enabled': False}, 'multi-task_model_trainer': {'enabled': False}, 'heterogeneous_data_handler': {'enabled': True, 'params': {'enabled_clients': ['Client 23', 'Client 24', 'Client 25', 'Client 26', 'Client 27', 'Client 28']}}, 'client_registry': {'enabled': True, 'params': {}}}
round 17, 4 high, 2 low, 0.0-iid clients, predicted best policy: client_selector activated ✅
heterogeneous_data_handler activated ✅ for clients: ['Client 23', 'Client 24', 'Client 25', 'Client 26', 'Client 27', 'Client 28']
Client Client 28 has insufficient CPU (1). Will not participate in the next FL round.
Client Client 27 has insufficient CPU (1). Will not participate in the next FL round.
Client Client 25 participates in this round. (CPU: 2, RAM: 4)
Client Client 24 participates in this round. (CPU: 2, RAM: 4)
Client Client 26 participates in this round. (CPU: 2, RAM: 4)
Client Client 23 participates in this round. (CPU: 2, RAM: 4)
Results Aggregated in 54.61 seconds.
{'TextMLP': {'train_loss': [0.5262755180619036, 0.7460518599290115, 0.8089183048407237, 0.6334219705150241, 0.6152682656910684, 0.4877570956967495, 0.41002307965783846, 0.4230554355391198, 0.39635650939632344, 0.3931805164664984, 0.38634416362823865, 0.3749203056698596, 0.3789713410793716, 0.3639275635268007, 0.38244514641673477, 0.39644577367769346, 0.38811051987199224], 'train_accuracy': [0.780375, 0.6145128205128205, 0.6500833333333333, 0.7153452380952381, 0.7195, 0.7672314814814815, 0.807984126984127, 0.7999583333333333, 0.8172407407407407, 0.8157277777777778, 0.8191616161616162, 0.8352361111111111, 0.8417991452991453, 0.843936507936508, 0.827474074074074, 0.8189930555555556, 0.8237614379084968], 'train_f1': [0.4948565801293155, 0.42221787751559925, 0.38417829873131915, 0.5617208808813821, 0.7074411463419785, 0.7506414822130899, 0.7978634559811514, 0.785809287540445, 0.8066939620010163, 0.8064674259653287, 0.8100613285516003, 0.8283018455205394, 0.8375186597941902, 0.842876548642092, 0.8223703088613531, 0.8159940053090874, 0.822813088592077], 'train_mae': [0.28875, 0.5498974358974359, 0.4892361111111111, 0.3809642857142857, 0.3441777777777778, 0.2895740740740741, 0.24611904761904763, 0.24934027777777779, 0.2305432098765432, 0.22853333333333334, 0.22578282828282828, 0.21031018518518518, 0.20995726495726497, 0.20083333333333334, 0.21394444444444444, 0.22559722222222223, 0.218078431372549], 'val_loss': [3.1592523534674397, 3.3075393924635916, 3.588148057460785, 4.511312792354956, 5.103483784324245, 5.838836740443581, 5.959689682157417, 5.798884136802272, 5.744781645222714, 5.524968783729955, 5.527337494649386, 5.654703020547566, 5.894125951967742, 5.669304949609858, 5.688357011644464, 5.787954513901158, 6.112244076979787], 'val_accuracy': [0.25, 0.268917004048583, 0.31842105263157894, 0.39017857142857143, 0.5330592105263158, 0.5660197368421053, 0.5987828947368421, 0.6202960526315789, 0.6310197368421052, 0.6361842105263159, 0.6500328947368421, 0.6444736842105263, 0.6336184210526316, 0.6579276315789474, 0.6617763157894736, 0.6549013157894737, 0.6630263157894737], 'val_f1': [0.1, 0.1376724894742218, 0.1921432902257937, 0.28226218776127004, 0.4451443370954402, 0.4789219848670286, 0.5159678920945958, 0.5383261946479223, 0.5507080263076529, 0.5514021361679484, 0.5645880624827551, 0.5604667589316334, 0.5523823066043334, 0.5730709155539824, 0.5745299138272398, 0.5699738717254544, 0.5777944567142144], 'val_mae': [1.125, 1.0723886639676112, 1.1468421052631579, 1.0415883458646615, 0.751842105263158, 0.6886513157894736, 0.6064473684210526, 0.6191776315789475, 0.5394736842105262, 0.5516447368421052, 0.544342105263158, 0.5235197368421053, 0.5498684210526316, 0.4932236842105263, 0.5075986842105263, 0.5326973684210526, 0.4788815789473684], 'jsd': [(0, 0, 0.22793804815651525, 0.4228147503508063, 0.19461981889994312, 0.5487949406953986), (0, 0, 0.13792538097003013, 0.13792538097003013, 0.13792538097003013, 0.3376039030227619), (0, 0, 0.20597540502403072, 0.18337500037767887, 0.15550359363244284, 0.1968927410766489), (0, 0, 0.13792538097003013, 0.13792538097003013, 0.27927276503595605, 0.17319094621548245), (0, 0, 0.13792538097003013, 0.13792538097003013, 0.13792538097003013, 0.13792538097003013), (0, 0, 0.13792538097003013, 0.13792538097003013, 0.13792538097003013, 0.13792538097003013), (0, 0, 0.13792538097003013, 0.13792538097003013, 0.13792538097003013, 0.13792538097003013), (0, 0, 0.13792538097003013, 0.13792538097003013, 0.13792538097003013, 0.13792538097003013), (0, 0, 0.13792538097003013, 0.13792538097003013, 0.13792538097003013, 0.13792538097003013), (0, 0, 0.13792538097003013, 0.13792538097003013, 0.13792538097003013, 0.13792538097003013), (0, 0, 0.13792538097003013, 0.13792538097003013, 0.13792538097003013, 0.13792538097003013), (0, 0, 0.13792538097003013, 0.13792538097003013, 0.13792538097003013, 0.13792538097003013), (0, 0, 0.13792538097003013, 0.13792538097003013, 0.13792538097003013, 0.13792538097003013), (0, 0, 0.13792538097003013, 0.13792538097003013, 0.13792538097003013, 0.13792538097003013), (0, 0, 0.13792538097003013, 0.13792538097003013, 0.13792538097003013, 0.13792538097003013), (0, 0, 0.13792538097003013, 0.13792538097003013, 0.13792538097003013, 0.13792538097003013), (0, 0, 0.13792538097003013, 0.13792538097003013, 0.13792538097003013, 0.13792538097003013)]}}
AdaptationManager: Configuring next round...
{'client_registry': {'enabled': True, 'params': {}}, 'client_selector': {'enabled': True, 'params': {'selection_strategy': 'Resource-Based', 'selection_criteria': 'CPU', 'selection_value': 2}}, 'client_cluster': {'enabled': False, 'params': {}}, 'message_compressor': {'enabled': False, 'params': {}}, 'model_co-versioning_registry': {'enabled': False, 'params': {}}, 'multi-task_model_trainer': {'enabled': False, 'params': {}}, 'heterogeneous_data_handler': {'enabled': True, 'params': {'enabled_clients': []}}}
{'client_selector': {'enabled': True}, 'client_cluster': {'enabled': False}, 'message_compressor': {'enabled': False}, 'model_co-versioning_registry': {'enabled': False}, 'multi-task_model_trainer': {'enabled': False}, 'heterogeneous_data_handler': {'enabled': True, 'params': {'enabled_clients': ['Client 23', 'Client 24', 'Client 25', 'Client 26', 'Client 27', 'Client 28']}}, 'client_registry': {'enabled': True, 'params': {}}}
round 18, 4 high, 2 low, 0.0-iid clients, predicted best policy: client_selector activated ✅
heterogeneous_data_handler activated ✅ for clients: ['Client 23', 'Client 24', 'Client 25', 'Client 26', 'Client 27', 'Client 28']
Client Client 28 has insufficient CPU (1). Will not participate in the next FL round.
Client Client 27 has insufficient CPU (1). Will not participate in the next FL round.
Client Client 24 participates in this round. (CPU: 2, RAM: 4)
Client Client 23 participates in this round. (CPU: 2, RAM: 4)
Client Client 25 participates in this round. (CPU: 2, RAM: 4)
Client Client 26 participates in this round. (CPU: 2, RAM: 4)
Results Aggregated in 54.76 seconds.
{'TextMLP': {'train_loss': [0.5262755180619036, 0.7460518599290115, 0.8089183048407237, 0.6334219705150241, 0.6152682656910684, 0.4877570956967495, 0.41002307965783846, 0.4230554355391198, 0.39635650939632344, 0.3931805164664984, 0.38634416362823865, 0.3749203056698596, 0.3789713410793716, 0.3639275635268007, 0.38244514641673477, 0.39644577367769346, 0.38811051987199224, 0.3818874537974228], 'train_accuracy': [0.780375, 0.6145128205128205, 0.6500833333333333, 0.7153452380952381, 0.7195, 0.7672314814814815, 0.807984126984127, 0.7999583333333333, 0.8172407407407407, 0.8157277777777778, 0.8191616161616162, 0.8352361111111111, 0.8417991452991453, 0.843936507936508, 0.827474074074074, 0.8189930555555556, 0.8237614379084968, 0.8310432098765432], 'train_f1': [0.4948565801293155, 0.42221787751559925, 0.38417829873131915, 0.5617208808813821, 0.7074411463419785, 0.7506414822130899, 0.7978634559811514, 0.785809287540445, 0.8066939620010163, 0.8064674259653287, 0.8100613285516003, 0.8283018455205394, 0.8375186597941902, 0.842876548642092, 0.8223703088613531, 0.8159940053090874, 0.822813088592077, 0.826567607977037], 'train_mae': [0.28875, 0.5498974358974359, 0.4892361111111111, 0.3809642857142857, 0.3441777777777778, 0.2895740740740741, 0.24611904761904763, 0.24934027777777779, 0.2305432098765432, 0.22853333333333334, 0.22578282828282828, 0.21031018518518518, 0.20995726495726497, 0.20083333333333334, 0.21394444444444444, 0.22559722222222223, 0.218078431372549, 0.2111141975308642], 'val_loss': [3.1592523534674397, 3.3075393924635916, 3.588148057460785, 4.511312792354956, 5.103483784324245, 5.838836740443581, 5.959689682157417, 5.798884136802272, 5.744781645222714, 5.524968783729955, 5.527337494649386, 5.654703020547566, 5.894125951967742, 5.669304949609858, 5.688357011644464, 5.787954513901158, 6.112244076979787, 6.393412262515018], 'val_accuracy': [0.25, 0.268917004048583, 0.31842105263157894, 0.39017857142857143, 0.5330592105263158, 0.5660197368421053, 0.5987828947368421, 0.6202960526315789, 0.6310197368421052, 0.6361842105263159, 0.6500328947368421, 0.6444736842105263, 0.6336184210526316, 0.6579276315789474, 0.6617763157894736, 0.6549013157894737, 0.6630263157894737, 0.6568092105263158], 'val_f1': [0.1, 0.1376724894742218, 0.1921432902257937, 0.28226218776127004, 0.4451443370954402, 0.4789219848670286, 0.5159678920945958, 0.5383261946479223, 0.5507080263076529, 0.5514021361679484, 0.5645880624827551, 0.5604667589316334, 0.5523823066043334, 0.5730709155539824, 0.5745299138272398, 0.5699738717254544, 0.5777944567142144, 0.569920787939449], 'val_mae': [1.125, 1.0723886639676112, 1.1468421052631579, 1.0415883458646615, 0.751842105263158, 0.6886513157894736, 0.6064473684210526, 0.6191776315789475, 0.5394736842105262, 0.5516447368421052, 0.544342105263158, 0.5235197368421053, 0.5498684210526316, 0.4932236842105263, 0.5075986842105263, 0.5326973684210526, 0.4788815789473684, 0.528125], 'jsd': [(0, 0, 0.22793804815651525, 0.4228147503508063, 0.19461981889994312, 0.5487949406953986), (0, 0, 0.13792538097003013, 0.13792538097003013, 0.13792538097003013, 0.3376039030227619), (0, 0, 0.20597540502403072, 0.18337500037767887, 0.15550359363244284, 0.1968927410766489), (0, 0, 0.13792538097003013, 0.13792538097003013, 0.27927276503595605, 0.17319094621548245), (0, 0, 0.13792538097003013, 0.13792538097003013, 0.13792538097003013, 0.13792538097003013), (0, 0, 0.13792538097003013, 0.13792538097003013, 0.13792538097003013, 0.13792538097003013), (0, 0, 0.13792538097003013, 0.13792538097003013, 0.13792538097003013, 0.13792538097003013), (0, 0, 0.13792538097003013, 0.13792538097003013, 0.13792538097003013, 0.13792538097003013), (0, 0, 0.13792538097003013, 0.13792538097003013, 0.13792538097003013, 0.13792538097003013), (0, 0, 0.13792538097003013, 0.13792538097003013, 0.13792538097003013, 0.13792538097003013), (0, 0, 0.13792538097003013, 0.13792538097003013, 0.13792538097003013, 0.13792538097003013), (0, 0, 0.13792538097003013, 0.13792538097003013, 0.13792538097003013, 0.13792538097003013), (0, 0, 0.13792538097003013, 0.13792538097003013, 0.13792538097003013, 0.13792538097003013), (0, 0, 0.13792538097003013, 0.13792538097003013, 0.13792538097003013, 0.13792538097003013), (0, 0, 0.13792538097003013, 0.13792538097003013, 0.13792538097003013, 0.13792538097003013), (0, 0, 0.13792538097003013, 0.13792538097003013, 0.13792538097003013, 0.13792538097003013), (0, 0, 0.13792538097003013, 0.13792538097003013, 0.13792538097003013, 0.13792538097003013), (0, 0, 0.13792538097003013, 0.13792538097003013, 0.13792538097003013, 0.13792538097003013)]}}
AdaptationManager: Configuring next round...
{'client_registry': {'enabled': True, 'params': {}}, 'client_selector': {'enabled': True, 'params': {'selection_strategy': 'Resource-Based', 'selection_criteria': 'CPU', 'selection_value': 2}}, 'client_cluster': {'enabled': False, 'params': {}}, 'message_compressor': {'enabled': False, 'params': {}}, 'model_co-versioning_registry': {'enabled': False, 'params': {}}, 'multi-task_model_trainer': {'enabled': False, 'params': {}}, 'heterogeneous_data_handler': {'enabled': True, 'params': {'enabled_clients': []}}}
{'client_selector': {'enabled': True}, 'client_cluster': {'enabled': False}, 'message_compressor': {'enabled': False}, 'model_co-versioning_registry': {'enabled': False}, 'multi-task_model_trainer': {'enabled': False}, 'heterogeneous_data_handler': {'enabled': True, 'params': {'enabled_clients': ['Client 23', 'Client 24', 'Client 25', 'Client 26', 'Client 27', 'Client 28']}}, 'client_registry': {'enabled': True, 'params': {}}}
round 19, 4 high, 2 low, 0.0-iid clients, predicted best policy: client_selector activated ✅
heterogeneous_data_handler activated ✅ for clients: ['Client 23', 'Client 24', 'Client 25', 'Client 26', 'Client 27', 'Client 28']
Client Client 28 has insufficient CPU (1). Will not participate in the next FL round.
Client Client 27 has insufficient CPU (1). Will not participate in the next FL round.
Client Client 25 participates in this round. (CPU: 2, RAM: 4)
Client Client 23 participates in this round. (CPU: 2, RAM: 4)
Client Client 26 participates in this round. (CPU: 2, RAM: 4)
Client Client 24 participates in this round. (CPU: 2, RAM: 4)
Results Aggregated in 53.99 seconds.
{'TextMLP': {'train_loss': [0.5262755180619036, 0.7460518599290115, 0.8089183048407237, 0.6334219705150241, 0.6152682656910684, 0.4877570956967495, 0.41002307965783846, 0.4230554355391198, 0.39635650939632344, 0.3931805164664984, 0.38634416362823865, 0.3749203056698596, 0.3789713410793716, 0.3639275635268007, 0.38244514641673477, 0.39644577367769346, 0.38811051987199224, 0.3818874537974228, 0.396559296068218], 'train_accuracy': [0.780375, 0.6145128205128205, 0.6500833333333333, 0.7153452380952381, 0.7195, 0.7672314814814815, 0.807984126984127, 0.7999583333333333, 0.8172407407407407, 0.8157277777777778, 0.8191616161616162, 0.8352361111111111, 0.8417991452991453, 0.843936507936508, 0.827474074074074, 0.8189930555555556, 0.8237614379084968, 0.8310432098765432, 0.8112222222222222], 'train_f1': [0.4948565801293155, 0.42221787751559925, 0.38417829873131915, 0.5617208808813821, 0.7074411463419785, 0.7506414822130899, 0.7978634559811514, 0.785809287540445, 0.8066939620010163, 0.8064674259653287, 0.8100613285516003, 0.8283018455205394, 0.8375186597941902, 0.842876548642092, 0.8223703088613531, 0.8159940053090874, 0.822813088592077, 0.826567607977037, 0.8052331351964438], 'train_mae': [0.28875, 0.5498974358974359, 0.4892361111111111, 0.3809642857142857, 0.3441777777777778, 0.2895740740740741, 0.24611904761904763, 0.24934027777777779, 0.2305432098765432, 0.22853333333333334, 0.22578282828282828, 0.21031018518518518, 0.20995726495726497, 0.20083333333333334, 0.21394444444444444, 0.22559722222222223, 0.218078431372549, 0.2111141975308642, 0.23088011695906432], 'val_loss': [3.1592523534674397, 3.3075393924635916, 3.588148057460785, 4.511312792354956, 5.103483784324245, 5.838836740443581, 5.959689682157417, 5.798884136802272, 5.744781645222714, 5.524968783729955, 5.527337494649386, 5.654703020547566, 5.894125951967742, 5.669304949609858, 5.688357011644464, 5.787954513901158, 6.112244076979787, 6.393412262515018, 6.372638893629375], 'val_accuracy': [0.25, 0.268917004048583, 0.31842105263157894, 0.39017857142857143, 0.5330592105263158, 0.5660197368421053, 0.5987828947368421, 0.6202960526315789, 0.6310197368421052, 0.6361842105263159, 0.6500328947368421, 0.6444736842105263, 0.6336184210526316, 0.6579276315789474, 0.6617763157894736, 0.6549013157894737, 0.6630263157894737, 0.6568092105263158, 0.6572697368421052], 'val_f1': [0.1, 0.1376724894742218, 0.1921432902257937, 0.28226218776127004, 0.4451443370954402, 0.4789219848670286, 0.5159678920945958, 0.5383261946479223, 0.5507080263076529, 0.5514021361679484, 0.5645880624827551, 0.5604667589316334, 0.5523823066043334, 0.5730709155539824, 0.5745299138272398, 0.5699738717254544, 0.5777944567142144, 0.569920787939449, 0.5691940130102716], 'val_mae': [1.125, 1.0723886639676112, 1.1468421052631579, 1.0415883458646615, 0.751842105263158, 0.6886513157894736, 0.6064473684210526, 0.6191776315789475, 0.5394736842105262, 0.5516447368421052, 0.544342105263158, 0.5235197368421053, 0.5498684210526316, 0.4932236842105263, 0.5075986842105263, 0.5326973684210526, 0.4788815789473684, 0.528125, 0.5476973684210527], 'jsd': [(0, 0, 0.22793804815651525, 0.4228147503508063, 0.19461981889994312, 0.5487949406953986), (0, 0, 0.13792538097003013, 0.13792538097003013, 0.13792538097003013, 0.3376039030227619), (0, 0, 0.20597540502403072, 0.18337500037767887, 0.15550359363244284, 0.1968927410766489), (0, 0, 0.13792538097003013, 0.13792538097003013, 0.27927276503595605, 0.17319094621548245), (0, 0, 0.13792538097003013, 0.13792538097003013, 0.13792538097003013, 0.13792538097003013), (0, 0, 0.13792538097003013, 0.13792538097003013, 0.13792538097003013, 0.13792538097003013), (0, 0, 0.13792538097003013, 0.13792538097003013, 0.13792538097003013, 0.13792538097003013), (0, 0, 0.13792538097003013, 0.13792538097003013, 0.13792538097003013, 0.13792538097003013), (0, 0, 0.13792538097003013, 0.13792538097003013, 0.13792538097003013, 0.13792538097003013), (0, 0, 0.13792538097003013, 0.13792538097003013, 0.13792538097003013, 0.13792538097003013), (0, 0, 0.13792538097003013, 0.13792538097003013, 0.13792538097003013, 0.13792538097003013), (0, 0, 0.13792538097003013, 0.13792538097003013, 0.13792538097003013, 0.13792538097003013), (0, 0, 0.13792538097003013, 0.13792538097003013, 0.13792538097003013, 0.13792538097003013), (0, 0, 0.13792538097003013, 0.13792538097003013, 0.13792538097003013, 0.13792538097003013), (0, 0, 0.13792538097003013, 0.13792538097003013, 0.13792538097003013, 0.13792538097003013), (0, 0, 0.13792538097003013, 0.13792538097003013, 0.13792538097003013, 0.13792538097003013), (0, 0, 0.13792538097003013, 0.13792538097003013, 0.13792538097003013, 0.13792538097003013), (0, 0, 0.13792538097003013, 0.13792538097003013, 0.13792538097003013, 0.13792538097003013), (0, 0, 0.13792538097003013, 0.13792538097003013, 0.13792538097003013, 0.13792538097003013)]}}
AdaptationManager: Configuring next round...
{'client_registry': {'enabled': True, 'params': {}}, 'client_selector': {'enabled': True, 'params': {'selection_strategy': 'Resource-Based', 'selection_criteria': 'CPU', 'selection_value': 2}}, 'client_cluster': {'enabled': False, 'params': {}}, 'message_compressor': {'enabled': False, 'params': {}}, 'model_co-versioning_registry': {'enabled': False, 'params': {}}, 'multi-task_model_trainer': {'enabled': False, 'params': {}}, 'heterogeneous_data_handler': {'enabled': True, 'params': {'enabled_clients': []}}}
{'client_selector': {'enabled': True}, 'client_cluster': {'enabled': False}, 'message_compressor': {'enabled': False}, 'model_co-versioning_registry': {'enabled': False}, 'multi-task_model_trainer': {'enabled': False}, 'heterogeneous_data_handler': {'enabled': True, 'params': {'enabled_clients': ['Client 23', 'Client 24', 'Client 25', 'Client 26', 'Client 27', 'Client 28']}}, 'client_registry': {'enabled': True, 'params': {}}}
round 20, 4 high, 2 low, 0.0-iid clients, predicted best policy: client_selector activated ✅
heterogeneous_data_handler activated ✅ for clients: ['Client 23', 'Client 24', 'Client 25', 'Client 26', 'Client 27', 'Client 28']
Client Client 28 has insufficient CPU (1). Will not participate in the next FL round.
Client Client 27 has insufficient CPU (1). Will not participate in the next FL round.
Client Client 24 participates in this round. (CPU: 2, RAM: 4)
Client Client 23 participates in this round. (CPU: 2, RAM: 4)
Client Client 26 participates in this round. (CPU: 2, RAM: 4)
Client Client 25 participates in this round. (CPU: 2, RAM: 4)
Results Aggregated in 57.76 seconds.
{'TextMLP': {'train_loss': [0.5262755180619036, 0.7460518599290115, 0.8089183048407237, 0.6334219705150241, 0.6152682656910684, 0.4877570956967495, 0.41002307965783846, 0.4230554355391198, 0.39635650939632344, 0.3931805164664984, 0.38634416362823865, 0.3749203056698596, 0.3789713410793716, 0.3639275635268007, 0.38244514641673477, 0.39644577367769346, 0.38811051987199224, 0.3818874537974228, 0.396559296068218, 0.401905596725146], 'train_accuracy': [0.780375, 0.6145128205128205, 0.6500833333333333, 0.7153452380952381, 0.7195, 0.7672314814814815, 0.807984126984127, 0.7999583333333333, 0.8172407407407407, 0.8157277777777778, 0.8191616161616162, 0.8352361111111111, 0.8417991452991453, 0.843936507936508, 0.827474074074074, 0.8189930555555556, 0.8237614379084968, 0.8310432098765432, 0.8112222222222222, 0.7923333333333333], 'train_f1': [0.4948565801293155, 0.42221787751559925, 0.38417829873131915, 0.5617208808813821, 0.7074411463419785, 0.7506414822130899, 0.7978634559811514, 0.785809287540445, 0.8066939620010163, 0.8064674259653287, 0.8100613285516003, 0.8283018455205394, 0.8375186597941902, 0.842876548642092, 0.8223703088613531, 0.8159940053090874, 0.822813088592077, 0.826567607977037, 0.8052331351964438, 0.7851090868369295], 'train_mae': [0.28875, 0.5498974358974359, 0.4892361111111111, 0.3809642857142857, 0.3441777777777778, 0.2895740740740741, 0.24611904761904763, 0.24934027777777779, 0.2305432098765432, 0.22853333333333334, 0.22578282828282828, 0.21031018518518518, 0.20995726495726497, 0.20083333333333334, 0.21394444444444444, 0.22559722222222223, 0.218078431372549, 0.2111141975308642, 0.23088011695906432, 0.24924166666666667], 'val_loss': [3.1592523534674397, 3.3075393924635916, 3.588148057460785, 4.511312792354956, 5.103483784324245, 5.838836740443581, 5.959689682157417, 5.798884136802272, 5.744781645222714, 5.524968783729955, 5.527337494649386, 5.654703020547566, 5.894125951967742, 5.669304949609858, 5.688357011644464, 5.787954513901158, 6.112244076979787, 6.393412262515018, 6.372638893629375, 6.485544686317444], 'val_accuracy': [0.25, 0.268917004048583, 0.31842105263157894, 0.39017857142857143, 0.5330592105263158, 0.5660197368421053, 0.5987828947368421, 0.6202960526315789, 0.6310197368421052, 0.6361842105263159, 0.6500328947368421, 0.6444736842105263, 0.6336184210526316, 0.6579276315789474, 0.6617763157894736, 0.6549013157894737, 0.6630263157894737, 0.6568092105263158, 0.6572697368421052, 0.650921052631579], 'val_f1': [0.1, 0.1376724894742218, 0.1921432902257937, 0.28226218776127004, 0.4451443370954402, 0.4789219848670286, 0.5159678920945958, 0.5383261946479223, 0.5507080263076529, 0.5514021361679484, 0.5645880624827551, 0.5604667589316334, 0.5523823066043334, 0.5730709155539824, 0.5745299138272398, 0.5699738717254544, 0.5777944567142144, 0.569920787939449, 0.5691940130102716, 0.5639573795717457], 'val_mae': [1.125, 1.0723886639676112, 1.1468421052631579, 1.0415883458646615, 0.751842105263158, 0.6886513157894736, 0.6064473684210526, 0.6191776315789475, 0.5394736842105262, 0.5516447368421052, 0.544342105263158, 0.5235197368421053, 0.5498684210526316, 0.4932236842105263, 0.5075986842105263, 0.5326973684210526, 0.4788815789473684, 0.528125, 0.5476973684210527, 0.5585526315789474], 'jsd': [(0, 0, 0.22793804815651525, 0.4228147503508063, 0.19461981889994312, 0.5487949406953986), (0, 0, 0.13792538097003013, 0.13792538097003013, 0.13792538097003013, 0.3376039030227619), (0, 0, 0.20597540502403072, 0.18337500037767887, 0.15550359363244284, 0.1968927410766489), (0, 0, 0.13792538097003013, 0.13792538097003013, 0.27927276503595605, 0.17319094621548245), (0, 0, 0.13792538097003013, 0.13792538097003013, 0.13792538097003013, 0.13792538097003013), (0, 0, 0.13792538097003013, 0.13792538097003013, 0.13792538097003013, 0.13792538097003013), (0, 0, 0.13792538097003013, 0.13792538097003013, 0.13792538097003013, 0.13792538097003013), (0, 0, 0.13792538097003013, 0.13792538097003013, 0.13792538097003013, 0.13792538097003013), (0, 0, 0.13792538097003013, 0.13792538097003013, 0.13792538097003013, 0.13792538097003013), (0, 0, 0.13792538097003013, 0.13792538097003013, 0.13792538097003013, 0.13792538097003013), (0, 0, 0.13792538097003013, 0.13792538097003013, 0.13792538097003013, 0.13792538097003013), (0, 0, 0.13792538097003013, 0.13792538097003013, 0.13792538097003013, 0.13792538097003013), (0, 0, 0.13792538097003013, 0.13792538097003013, 0.13792538097003013, 0.13792538097003013), (0, 0, 0.13792538097003013, 0.13792538097003013, 0.13792538097003013, 0.13792538097003013), (0, 0, 0.13792538097003013, 0.13792538097003013, 0.13792538097003013, 0.13792538097003013), (0, 0, 0.13792538097003013, 0.13792538097003013, 0.13792538097003013, 0.13792538097003013), (0, 0, 0.13792538097003013, 0.13792538097003013, 0.13792538097003013, 0.13792538097003013), (0, 0, 0.13792538097003013, 0.13792538097003013, 0.13792538097003013, 0.13792538097003013), (0, 0, 0.13792538097003013, 0.13792538097003013, 0.13792538097003013, 0.13792538097003013), (0, 0, 0.13792538097003013, 0.13792538097003013, 0.13792538097003013, 0.13792538097003013)]}}
AdaptationManager: Configuring next round...
{'client_registry': {'enabled': True, 'params': {}}, 'client_selector': {'enabled': True, 'params': {'selection_strategy': 'Resource-Based', 'selection_criteria': 'CPU', 'selection_value': 2}}, 'client_cluster': {'enabled': False, 'params': {}}, 'message_compressor': {'enabled': False, 'params': {}}, 'model_co-versioning_registry': {'enabled': False, 'params': {}}, 'multi-task_model_trainer': {'enabled': False, 'params': {}}, 'heterogeneous_data_handler': {'enabled': True, 'params': {'enabled_clients': []}}}
{'client_selector': {'enabled': True}, 'client_cluster': {'enabled': False}, 'message_compressor': {'enabled': False}, 'model_co-versioning_registry': {'enabled': False}, 'multi-task_model_trainer': {'enabled': False}, 'heterogeneous_data_handler': {'enabled': True, 'params': {'enabled_clients': ['Client 23', 'Client 24', 'Client 25', 'Client 26', 'Client 27', 'Client 28']}}, 'client_registry': {'enabled': True, 'params': {}}}
round 21, 4 high, 2 low, 0.0-iid clients, predicted best policy: client_selector activated ✅
heterogeneous_data_handler activated ✅ for clients: ['Client 23', 'Client 24', 'Client 25', 'Client 26', 'Client 27', 'Client 28']
