==========================================
  ___  ______  ___ ______       _ 
 / _ \ | ___ \/   ||  ___|     | |
/ /_\ \| |_/ / /| || |_ ___  __| |
|  _  ||  __/ /_| ||  _/ _ \/ _` |
| | | || |  \___  || ||  __/ (_| |
\_| |_/\_|      |_/\_| \___|\__,_| v.1.5.0

==========================================
Simulation Started!
List of the Architectural Patterns enabled:
Adaptation Enabled ✅
Metric: val_f1, bo-based: predictors/bo_model_selector_text_new.pkl
Client Registry ✅
Client Selector ✅
 AP Parameters: {'selection_strategy': 'Resource-Based', 'selection_criteria': 'CPU', 'selection_value': 2}
==========================================
Client Client 27 has insufficient CPU (1). Will not participate in the next FL round.
Client Client 28 has insufficient CPU (1). Will not participate in the next FL round.
Client Client 24 participates in this round. (CPU: 2, RAM: 4)
Client Client 26 has insufficient CPU (1). Will not participate in the next FL round.
Client Client 25 participates in this round. (CPU: 2, RAM: 4)
Client Client 23 participates in this round. (CPU: 2, RAM: 4)
Results Aggregated in 29.08 seconds.
{'TextMLP': {'train_loss': [0.3608024571498235], 'train_accuracy': [0.8689888888888889], 'train_f1': [0.7988894474197329], 'train_mae': [0.19240555555555555], 'val_loss': [3.084470507136562], 'val_accuracy': [0.5710087719298246], 'val_f1': [0.49404148268330544], 'val_mae': [0.7444736842105264], 'jsd': [(0, 0, 0.22129893392959865, 0.22129893392959865, 0.22129893392959865, 0)]}}
AdaptationManager: Configuring next round...
{'client_registry': {'enabled': True, 'params': {}}, 'client_selector': {'enabled': True, 'params': {'selection_strategy': 'Resource-Based', 'selection_criteria': 'CPU', 'selection_value': 2}}, 'client_cluster': {'enabled': False, 'params': {}}, 'message_compressor': {'enabled': False, 'params': {}}, 'model_co-versioning_registry': {'enabled': False, 'params': {}}, 'multi-task_model_trainer': {'enabled': False, 'params': {}}, 'heterogeneous_data_handler': {'enabled': False, 'params': {}}}
{'client_selector': {'enabled': True}, 'client_cluster': {'enabled': False}, 'message_compressor': {'enabled': False}, 'model_co-versioning_registry': {'enabled': False}, 'multi-task_model_trainer': {'enabled': False}, 'heterogeneous_data_handler': {'enabled': False}, 'client_registry': {'enabled': True, 'params': {}}}
round 2, 3 high, 3 low, 0.0-iid clients, predicted best policy: client_selector activated ✅
Client Client 28 has insufficient CPU (1). Will not participate in the next FL round.
Client Client 25 participates in this round. (CPU: 2, RAM: 4)
Client Client 23 participates in this round. (CPU: 2, RAM: 4)
Client Client 26 has insufficient CPU (1). Will not participate in the next FL round.
Client Client 27 has insufficient CPU (1). Will not participate in the next FL round.
Client Client 24 participates in this round. (CPU: 2, RAM: 4)
Results Aggregated in 11.22 seconds.
{'TextMLP': {'train_loss': [0.3608024571498235, 0.29776404085424213], 'train_accuracy': [0.8689888888888889, 0.8893833333333333], 'train_f1': [0.7988894474197329, 0.8399212361896136], 'train_mae': [0.19240555555555555, 0.16729166666666667], 'val_loss': [3.084470507136562, 4.2489124175958475], 'val_accuracy': [0.5710087719298246, 0.6200438596491228], 'val_f1': [0.49404148268330544, 0.5361087550142265], 'val_mae': [0.7444736842105264, 0.6622807017543859], 'jsd': [(0, 0, 0.22129893392959865, 0.22129893392959865, 0.22129893392959865, 0), (0, 0, 0.22129893392959865, 0.22129893392959865, 0.22129893392959865, 0)]}}
AdaptationManager: Configuring next round...
{'client_registry': {'enabled': True, 'params': {}}, 'client_selector': {'enabled': True, 'params': {'selection_strategy': 'Resource-Based', 'selection_criteria': 'CPU', 'selection_value': 2}}, 'client_cluster': {'enabled': False, 'params': {}}, 'message_compressor': {'enabled': False, 'params': {}}, 'model_co-versioning_registry': {'enabled': False, 'params': {}}, 'multi-task_model_trainer': {'enabled': False, 'params': {}}, 'heterogeneous_data_handler': {'enabled': False, 'params': {}}}
{'client_selector': {'enabled': True}, 'client_cluster': {'enabled': False}, 'message_compressor': {'enabled': False}, 'model_co-versioning_registry': {'enabled': False}, 'multi-task_model_trainer': {'enabled': False}, 'heterogeneous_data_handler': {'enabled': False}, 'client_registry': {'enabled': True, 'params': {}}}
round 3, 3 high, 3 low, 0.0-iid clients, predicted best policy: client_selector activated ✅
Client Client 26 has insufficient CPU (1). Will not participate in the next FL round.
Client Client 23 participates in this round. (CPU: 2, RAM: 4)
Client Client 27 has insufficient CPU (1). Will not participate in the next FL round.
Client Client 24 participates in this round. (CPU: 2, RAM: 4)
Client Client 28 has insufficient CPU (1). Will not participate in the next FL round.
Client Client 25 participates in this round. (CPU: 2, RAM: 4)
Results Aggregated in 10.21 seconds.
{'TextMLP': {'train_loss': [0.3608024571498235, 0.29776404085424213, 0.27485560577578017], 'train_accuracy': [0.8689888888888889, 0.8893833333333333, 0.8957361111111111], 'train_f1': [0.7988894474197329, 0.8399212361896136, 0.8512980047292426], 'train_mae': [0.19240555555555555, 0.16729166666666667, 0.16073055555555554], 'val_loss': [3.084470507136562, 4.2489124175958475, 5.406110669520864], 'val_accuracy': [0.5710087719298246, 0.6200438596491228, 0.6241228070175439], 'val_f1': [0.49404148268330544, 0.5361087550142265, 0.5416771311915775], 'val_mae': [0.7444736842105264, 0.6622807017543859, 0.6599561403508771], 'jsd': [(0, 0, 0.22129893392959865, 0.22129893392959865, 0.22129893392959865, 0), (0, 0, 0.22129893392959865, 0.22129893392959865, 0.22129893392959865, 0), (0, 0, 0.22129893392959865, 0.22129893392959865, 0.22129893392959865, 0)]}}
AdaptationManager: Configuring next round...
{'client_registry': {'enabled': True, 'params': {}}, 'client_selector': {'enabled': True, 'params': {'selection_strategy': 'Resource-Based', 'selection_criteria': 'CPU', 'selection_value': 2}}, 'client_cluster': {'enabled': False, 'params': {}}, 'message_compressor': {'enabled': False, 'params': {}}, 'model_co-versioning_registry': {'enabled': False, 'params': {}}, 'multi-task_model_trainer': {'enabled': False, 'params': {}}, 'heterogeneous_data_handler': {'enabled': False, 'params': {}}}
{'client_selector': {'enabled': True}, 'client_cluster': {'enabled': False}, 'message_compressor': {'enabled': False}, 'model_co-versioning_registry': {'enabled': False}, 'multi-task_model_trainer': {'enabled': False}, 'heterogeneous_data_handler': {'enabled': False}, 'client_registry': {'enabled': True, 'params': {}}}
round 4, 3 high, 3 low, 0.0-iid clients, predicted best policy: client_selector activated ✅
Client Client 28 has insufficient CPU (1). Will not participate in the next FL round.
Client Client 26 has insufficient CPU (1). Will not participate in the next FL round.
Client Client 23 participates in this round. (CPU: 2, RAM: 4)
Client Client 27 has insufficient CPU (1). Will not participate in the next FL round.
Client Client 25 participates in this round. (CPU: 2, RAM: 4)
Client Client 24 participates in this round. (CPU: 2, RAM: 4)
Results Aggregated in 10.89 seconds.
{'TextMLP': {'train_loss': [0.3608024571498235, 0.29776404085424213, 0.27485560577578017, 0.26076998667054707], 'train_accuracy': [0.8689888888888889, 0.8893833333333333, 0.8957361111111111, 0.9027916666666667], 'train_f1': [0.7988894474197329, 0.8399212361896136, 0.8512980047292426, 0.8641695794286847], 'train_mae': [0.19240555555555555, 0.16729166666666667, 0.16073055555555554, 0.14805277777777778], 'val_loss': [3.084470507136562, 4.2489124175958475, 5.406110669520864, 5.502501624592564], 'val_accuracy': [0.5710087719298246, 0.6200438596491228, 0.6241228070175439, 0.6423245614035087], 'val_f1': [0.49404148268330544, 0.5361087550142265, 0.5416771311915775, 0.555947563351427], 'val_mae': [0.7444736842105264, 0.6622807017543859, 0.6599561403508771, 0.606578947368421], 'jsd': [(0, 0, 0.22129893392959865, 0.22129893392959865, 0.22129893392959865, 0), (0, 0, 0.22129893392959865, 0.22129893392959865, 0.22129893392959865, 0), (0, 0, 0.22129893392959865, 0.22129893392959865, 0.22129893392959865, 0), (0, 0, 0.22129893392959865, 0.22129893392959865, 0.22129893392959865, 0)]}}
AdaptationManager: Configuring next round...
{'client_registry': {'enabled': True, 'params': {}}, 'client_selector': {'enabled': True, 'params': {'selection_strategy': 'Resource-Based', 'selection_criteria': 'CPU', 'selection_value': 2}}, 'client_cluster': {'enabled': False, 'params': {}}, 'message_compressor': {'enabled': False, 'params': {}}, 'model_co-versioning_registry': {'enabled': False, 'params': {}}, 'multi-task_model_trainer': {'enabled': False, 'params': {}}, 'heterogeneous_data_handler': {'enabled': False, 'params': {}}}
{'client_selector': {'enabled': True}, 'client_cluster': {'enabled': False}, 'message_compressor': {'enabled': False}, 'model_co-versioning_registry': {'enabled': False}, 'multi-task_model_trainer': {'enabled': False}, 'heterogeneous_data_handler': {'enabled': False}, 'client_registry': {'enabled': True, 'params': {}}}
round 5, 3 high, 3 low, 0.0-iid clients, predicted best policy: client_selector activated ✅
Client Client 24 participates in this round. (CPU: 2, RAM: 4)
Client Client 28 has insufficient CPU (1). Will not participate in the next FL round.
Client Client 25 participates in this round. (CPU: 2, RAM: 4)
Client Client 26 has insufficient CPU (1). Will not participate in the next FL round.
Client Client 23 participates in this round. (CPU: 2, RAM: 4)
Client Client 27 has insufficient CPU (1). Will not participate in the next FL round.
Results Aggregated in 10.84 seconds.
{'TextMLP': {'train_loss': [0.3608024571498235, 0.29776404085424213, 0.27485560577578017, 0.26076998667054707, 0.25618944551679823], 'train_accuracy': [0.8689888888888889, 0.8893833333333333, 0.8957361111111111, 0.9027916666666667, 0.9038638888888889], 'train_f1': [0.7988894474197329, 0.8399212361896136, 0.8512980047292426, 0.8641695794286847, 0.8665430697667186], 'train_mae': [0.19240555555555555, 0.16729166666666667, 0.16073055555555554, 0.14805277777777778, 0.14751944444444445], 'val_loss': [3.084470507136562, 4.2489124175958475, 5.406110669520864, 5.502501624592564, 5.418564708776642], 'val_accuracy': [0.5710087719298246, 0.6200438596491228, 0.6241228070175439, 0.6423245614035087, 0.645], 'val_f1': [0.49404148268330544, 0.5361087550142265, 0.5416771311915775, 0.555947563351427, 0.5586536871436452], 'val_mae': [0.7444736842105264, 0.6622807017543859, 0.6599561403508771, 0.606578947368421, 0.5915350877192982], 'jsd': [(0, 0, 0.22129893392959865, 0.22129893392959865, 0.22129893392959865, 0), (0, 0, 0.22129893392959865, 0.22129893392959865, 0.22129893392959865, 0), (0, 0, 0.22129893392959865, 0.22129893392959865, 0.22129893392959865, 0), (0, 0, 0.22129893392959865, 0.22129893392959865, 0.22129893392959865, 0), (0, 0, 0.22129893392959865, 0.22129893392959865, 0.22129893392959865, 0)]}}
AdaptationManager: Configuring next round...
{'client_registry': {'enabled': True, 'params': {}}, 'client_selector': {'enabled': True, 'params': {'selection_strategy': 'Resource-Based', 'selection_criteria': 'CPU', 'selection_value': 2}}, 'client_cluster': {'enabled': False, 'params': {}}, 'message_compressor': {'enabled': False, 'params': {}}, 'model_co-versioning_registry': {'enabled': False, 'params': {}}, 'multi-task_model_trainer': {'enabled': False, 'params': {}}, 'heterogeneous_data_handler': {'enabled': False, 'params': {}}}
{'client_selector': {'enabled': True}, 'client_cluster': {'enabled': False}, 'message_compressor': {'enabled': False}, 'model_co-versioning_registry': {'enabled': False}, 'multi-task_model_trainer': {'enabled': False}, 'heterogeneous_data_handler': {'enabled': False}, 'client_registry': {'enabled': True, 'params': {}}}
round 6, 3 high, 3 low, 0.0-iid clients, predicted best policy: client_selector activated ✅
Client Client 24 participates in this round. (CPU: 2, RAM: 4)
Client Client 26 has insufficient CPU (1). Will not participate in the next FL round.
Client Client 23 participates in this round. (CPU: 2, RAM: 4)
Client Client 25 participates in this round. (CPU: 2, RAM: 4)
Client Client 28 has insufficient CPU (1). Will not participate in the next FL round.
Client Client 27 has insufficient CPU (1). Will not participate in the next FL round.
Results Aggregated in 10.49 seconds.
{'TextMLP': {'train_loss': [0.3608024571498235, 0.29776404085424213, 0.27485560577578017, 0.26076998667054707, 0.25618944551679823, 0.2536408338851399], 'train_accuracy': [0.8689888888888889, 0.8893833333333333, 0.8957361111111111, 0.9027916666666667, 0.9038638888888889, 0.9034166666666666], 'train_f1': [0.7988894474197329, 0.8399212361896136, 0.8512980047292426, 0.8641695794286847, 0.8665430697667186, 0.8660695207544581], 'train_mae': [0.19240555555555555, 0.16729166666666667, 0.16073055555555554, 0.14805277777777778, 0.14751944444444445, 0.15], 'val_loss': [3.084470507136562, 4.2489124175958475, 5.406110669520864, 5.502501624592564, 5.418564708776642, 5.275474608237284], 'val_accuracy': [0.5710087719298246, 0.6200438596491228, 0.6241228070175439, 0.6423245614035087, 0.645, 0.6439035087719298], 'val_f1': [0.49404148268330544, 0.5361087550142265, 0.5416771311915775, 0.555947563351427, 0.5586536871436452, 0.5584863636557574], 'val_mae': [0.7444736842105264, 0.6622807017543859, 0.6599561403508771, 0.606578947368421, 0.5915350877192982, 0.6064473684210526], 'jsd': [(0, 0, 0.22129893392959865, 0.22129893392959865, 0.22129893392959865, 0), (0, 0, 0.22129893392959865, 0.22129893392959865, 0.22129893392959865, 0), (0, 0, 0.22129893392959865, 0.22129893392959865, 0.22129893392959865, 0), (0, 0, 0.22129893392959865, 0.22129893392959865, 0.22129893392959865, 0), (0, 0, 0.22129893392959865, 0.22129893392959865, 0.22129893392959865, 0), (0, 0, 0.22129893392959865, 0.22129893392959865, 0.22129893392959865, 0)]}}
AdaptationManager: Configuring next round...
{'client_registry': {'enabled': True, 'params': {}}, 'client_selector': {'enabled': True, 'params': {'selection_strategy': 'Resource-Based', 'selection_criteria': 'CPU', 'selection_value': 2}}, 'client_cluster': {'enabled': False, 'params': {}}, 'message_compressor': {'enabled': False, 'params': {}}, 'model_co-versioning_registry': {'enabled': False, 'params': {}}, 'multi-task_model_trainer': {'enabled': False, 'params': {}}, 'heterogeneous_data_handler': {'enabled': False, 'params': {}}}
{'client_selector': {'enabled': True}, 'client_cluster': {'enabled': False}, 'message_compressor': {'enabled': False}, 'model_co-versioning_registry': {'enabled': False}, 'multi-task_model_trainer': {'enabled': False}, 'heterogeneous_data_handler': {'enabled': False}, 'client_registry': {'enabled': True, 'params': {}}}
round 7, 3 high, 3 low, 0.0-iid clients, predicted best policy: client_selector activated ✅
Client Client 24 participates in this round. (CPU: 2, RAM: 4)
Client Client 23 participates in this round. (CPU: 2, RAM: 4)
Client Client 27 has insufficient CPU (1). Will not participate in the next FL round.
Client Client 25 participates in this round. (CPU: 2, RAM: 4)
Client Client 26 has insufficient CPU (1). Will not participate in the next FL round.
Client Client 28 has insufficient CPU (1). Will not participate in the next FL round.
Results Aggregated in 12.35 seconds.
{'TextMLP': {'train_loss': [0.3608024571498235, 0.29776404085424213, 0.27485560577578017, 0.26076998667054707, 0.25618944551679823, 0.2536408338851399, 0.24280969159669347], 'train_accuracy': [0.8689888888888889, 0.8893833333333333, 0.8957361111111111, 0.9027916666666667, 0.9038638888888889, 0.9034166666666666, 0.9076916666666667], 'train_f1': [0.7988894474197329, 0.8399212361896136, 0.8512980047292426, 0.8641695794286847, 0.8665430697667186, 0.8660695207544581, 0.8698347367400556], 'train_mae': [0.19240555555555555, 0.16729166666666667, 0.16073055555555554, 0.14805277777777778, 0.14751944444444445, 0.15, 0.14299444444444445], 'val_loss': [3.084470507136562, 4.2489124175958475, 5.406110669520864, 5.502501624592564, 5.418564708776642, 5.275474608237284, 5.035311241819148], 'val_accuracy': [0.5710087719298246, 0.6200438596491228, 0.6241228070175439, 0.6423245614035087, 0.645, 0.6439035087719298, 0.6331140350877194], 'val_f1': [0.49404148268330544, 0.5361087550142265, 0.5416771311915775, 0.555947563351427, 0.5586536871436452, 0.5584863636557574, 0.54978684742864], 'val_mae': [0.7444736842105264, 0.6622807017543859, 0.6599561403508771, 0.606578947368421, 0.5915350877192982, 0.6064473684210526, 0.6469298245614036], 'jsd': [(0, 0, 0.22129893392959865, 0.22129893392959865, 0.22129893392959865, 0), (0, 0, 0.22129893392959865, 0.22129893392959865, 0.22129893392959865, 0), (0, 0, 0.22129893392959865, 0.22129893392959865, 0.22129893392959865, 0), (0, 0, 0.22129893392959865, 0.22129893392959865, 0.22129893392959865, 0), (0, 0, 0.22129893392959865, 0.22129893392959865, 0.22129893392959865, 0), (0, 0, 0.22129893392959865, 0.22129893392959865, 0.22129893392959865, 0), (0, 0, 0.22129893392959865, 0.22129893392959865, 0.22129893392959865, 0)]}}
AdaptationManager: Configuring next round...
{'client_registry': {'enabled': True, 'params': {}}, 'client_selector': {'enabled': True, 'params': {'selection_strategy': 'Resource-Based', 'selection_criteria': 'CPU', 'selection_value': 2}}, 'client_cluster': {'enabled': False, 'params': {}}, 'message_compressor': {'enabled': False, 'params': {}}, 'model_co-versioning_registry': {'enabled': False, 'params': {}}, 'multi-task_model_trainer': {'enabled': False, 'params': {}}, 'heterogeneous_data_handler': {'enabled': False, 'params': {}}}
{'client_selector': {'enabled': True}, 'client_cluster': {'enabled': False}, 'message_compressor': {'enabled': False}, 'model_co-versioning_registry': {'enabled': False}, 'multi-task_model_trainer': {'enabled': False}, 'heterogeneous_data_handler': {'enabled': False}, 'client_registry': {'enabled': True, 'params': {}}}
round 8, 3 high, 3 low, 0.0-iid clients, predicted best policy: client_selector activated ✅
Client Client 24 participates in this round. (CPU: 2, RAM: 4)
Client Client 23 participates in this round. (CPU: 2, RAM: 4)
Client Client 25 participates in this round. (CPU: 2, RAM: 4)
Client Client 28 has insufficient CPU (1). Will not participate in the next FL round.
Client Client 27 has insufficient CPU (1). Will not participate in the next FL round.
Client Client 26 has insufficient CPU (1). Will not participate in the next FL round.
Results Aggregated in 11.08 seconds.
{'TextMLP': {'train_loss': [0.3608024571498235, 0.29776404085424213, 0.27485560577578017, 0.26076998667054707, 0.25618944551679823, 0.2536408338851399, 0.24280969159669347, 0.23803969054751925], 'train_accuracy': [0.8689888888888889, 0.8893833333333333, 0.8957361111111111, 0.9027916666666667, 0.9038638888888889, 0.9034166666666666, 0.9076916666666667, 0.9097166666666666], 'train_f1': [0.7988894474197329, 0.8399212361896136, 0.8512980047292426, 0.8641695794286847, 0.8665430697667186, 0.8660695207544581, 0.8698347367400556, 0.8741758426761824], 'train_mae': [0.19240555555555555, 0.16729166666666667, 0.16073055555555554, 0.14805277777777778, 0.14751944444444445, 0.15, 0.14299444444444445, 0.13855555555555554], 'val_loss': [3.084470507136562, 4.2489124175958475, 5.406110669520864, 5.502501624592564, 5.418564708776642, 5.275474608237284, 5.035311241819148, 5.1071578219898965], 'val_accuracy': [0.5710087719298246, 0.6200438596491228, 0.6241228070175439, 0.6423245614035087, 0.645, 0.6439035087719298, 0.6331140350877194, 0.6461842105263158], 'val_f1': [0.49404148268330544, 0.5361087550142265, 0.5416771311915775, 0.555947563351427, 0.5586536871436452, 0.5584863636557574, 0.54978684742864, 0.5595657407485729], 'val_mae': [0.7444736842105264, 0.6622807017543859, 0.6599561403508771, 0.606578947368421, 0.5915350877192982, 0.6064473684210526, 0.6469298245614036, 0.607719298245614], 'jsd': [(0, 0, 0.22129893392959865, 0.22129893392959865, 0.22129893392959865, 0), (0, 0, 0.22129893392959865, 0.22129893392959865, 0.22129893392959865, 0), (0, 0, 0.22129893392959865, 0.22129893392959865, 0.22129893392959865, 0), (0, 0, 0.22129893392959865, 0.22129893392959865, 0.22129893392959865, 0), (0, 0, 0.22129893392959865, 0.22129893392959865, 0.22129893392959865, 0), (0, 0, 0.22129893392959865, 0.22129893392959865, 0.22129893392959865, 0), (0, 0, 0.22129893392959865, 0.22129893392959865, 0.22129893392959865, 0), (0, 0, 0.22129893392959865, 0.22129893392959865, 0.22129893392959865, 0)]}}
AdaptationManager: Configuring next round...
{'client_registry': {'enabled': True, 'params': {}}, 'client_selector': {'enabled': True, 'params': {'selection_strategy': 'Resource-Based', 'selection_criteria': 'CPU', 'selection_value': 2}}, 'client_cluster': {'enabled': False, 'params': {}}, 'message_compressor': {'enabled': False, 'params': {}}, 'model_co-versioning_registry': {'enabled': False, 'params': {}}, 'multi-task_model_trainer': {'enabled': False, 'params': {}}, 'heterogeneous_data_handler': {'enabled': False, 'params': {}}}
{'client_selector': {'enabled': True}, 'client_cluster': {'enabled': False}, 'message_compressor': {'enabled': False}, 'model_co-versioning_registry': {'enabled': False}, 'multi-task_model_trainer': {'enabled': False}, 'heterogeneous_data_handler': {'enabled': False}, 'client_registry': {'enabled': True, 'params': {}}}
round 9, 3 high, 3 low, 0.0-iid clients, predicted best policy: client_selector activated ✅
Client Client 27 has insufficient CPU (1). Will not participate in the next FL round.
Client Client 23 participates in this round. (CPU: 2, RAM: 4)
Client Client 28 has insufficient CPU (1). Will not participate in the next FL round.
Client Client 25 participates in this round. (CPU: 2, RAM: 4)
Client Client 26 has insufficient CPU (1). Will not participate in the next FL round.
Client Client 24 participates in this round. (CPU: 2, RAM: 4)
Results Aggregated in 12.81 seconds.
{'TextMLP': {'train_loss': [0.3608024571498235, 0.29776404085424213, 0.27485560577578017, 0.26076998667054707, 0.25618944551679823, 0.2536408338851399, 0.24280969159669347, 0.23803969054751925, 0.2377787693467405], 'train_accuracy': [0.8689888888888889, 0.8893833333333333, 0.8957361111111111, 0.9027916666666667, 0.9038638888888889, 0.9034166666666666, 0.9076916666666667, 0.9097166666666666, 0.9098361111111111], 'train_f1': [0.7988894474197329, 0.8399212361896136, 0.8512980047292426, 0.8641695794286847, 0.8665430697667186, 0.8660695207544581, 0.8698347367400556, 0.8741758426761824, 0.872423968940551], 'train_mae': [0.19240555555555555, 0.16729166666666667, 0.16073055555555554, 0.14805277777777778, 0.14751944444444445, 0.15, 0.14299444444444445, 0.13855555555555554, 0.13958333333333334], 'val_loss': [3.084470507136562, 4.2489124175958475, 5.406110669520864, 5.502501624592564, 5.418564708776642, 5.275474608237284, 5.035311241819148, 5.1071578219898965, 5.404582576417086], 'val_accuracy': [0.5710087719298246, 0.6200438596491228, 0.6241228070175439, 0.6423245614035087, 0.645, 0.6439035087719298, 0.6331140350877194, 0.6461842105263158, 0.634517543859649], 'val_f1': [0.49404148268330544, 0.5361087550142265, 0.5416771311915775, 0.555947563351427, 0.5586536871436452, 0.5584863636557574, 0.54978684742864, 0.5595657407485729, 0.5508108839460014], 'val_mae': [0.7444736842105264, 0.6622807017543859, 0.6599561403508771, 0.606578947368421, 0.5915350877192982, 0.6064473684210526, 0.6469298245614036, 0.607719298245614, 0.6495175438596491], 'jsd': [(0, 0, 0.22129893392959865, 0.22129893392959865, 0.22129893392959865, 0), (0, 0, 0.22129893392959865, 0.22129893392959865, 0.22129893392959865, 0), (0, 0, 0.22129893392959865, 0.22129893392959865, 0.22129893392959865, 0), (0, 0, 0.22129893392959865, 0.22129893392959865, 0.22129893392959865, 0), (0, 0, 0.22129893392959865, 0.22129893392959865, 0.22129893392959865, 0), (0, 0, 0.22129893392959865, 0.22129893392959865, 0.22129893392959865, 0), (0, 0, 0.22129893392959865, 0.22129893392959865, 0.22129893392959865, 0), (0, 0, 0.22129893392959865, 0.22129893392959865, 0.22129893392959865, 0), (0, 0, 0.22129893392959865, 0.22129893392959865, 0.22129893392959865, 0)]}}
AdaptationManager: Configuring next round...
{'client_registry': {'enabled': True, 'params': {}}, 'client_selector': {'enabled': True, 'params': {'selection_strategy': 'Resource-Based', 'selection_criteria': 'CPU', 'selection_value': 2}}, 'client_cluster': {'enabled': False, 'params': {}}, 'message_compressor': {'enabled': False, 'params': {}}, 'model_co-versioning_registry': {'enabled': False, 'params': {}}, 'multi-task_model_trainer': {'enabled': False, 'params': {}}, 'heterogeneous_data_handler': {'enabled': False, 'params': {}}}
{'client_selector': {'enabled': True}, 'client_cluster': {'enabled': False}, 'message_compressor': {'enabled': False}, 'model_co-versioning_registry': {'enabled': False}, 'multi-task_model_trainer': {'enabled': False}, 'heterogeneous_data_handler': {'enabled': False}, 'client_registry': {'enabled': True, 'params': {}}}
round 10, 3 high, 3 low, 0.0-iid clients, predicted best policy: client_selector activated ✅
Client Client 23 participates in this round. (CPU: 2, RAM: 4)
Client Client 28 has insufficient CPU (1). Will not participate in the next FL round.
Client Client 24 participates in this round. (CPU: 2, RAM: 4)
Client Client 26 has insufficient CPU (1). Will not participate in the next FL round.
Client Client 27 has insufficient CPU (1). Will not participate in the next FL round.
Client Client 25 participates in this round. (CPU: 2, RAM: 4)
Results Aggregated in 10.80 seconds.
{'TextMLP': {'train_loss': [0.3608024571498235, 0.29776404085424213, 0.27485560577578017, 0.26076998667054707, 0.25618944551679823, 0.2536408338851399, 0.24280969159669347, 0.23803969054751925, 0.2377787693467405, 0.2372342294341988], 'train_accuracy': [0.8689888888888889, 0.8893833333333333, 0.8957361111111111, 0.9027916666666667, 0.9038638888888889, 0.9034166666666666, 0.9076916666666667, 0.9097166666666666, 0.9098361111111111, 0.9106166666666666], 'train_f1': [0.7988894474197329, 0.8399212361896136, 0.8512980047292426, 0.8641695794286847, 0.8665430697667186, 0.8660695207544581, 0.8698347367400556, 0.8741758426761824, 0.872423968940551, 0.8755176621723925], 'train_mae': [0.19240555555555555, 0.16729166666666667, 0.16073055555555554, 0.14805277777777778, 0.14751944444444445, 0.15, 0.14299444444444445, 0.13855555555555554, 0.13958333333333334, 0.13787777777777777], 'val_loss': [3.084470507136562, 4.2489124175958475, 5.406110669520864, 5.502501624592564, 5.418564708776642, 5.275474608237284, 5.035311241819148, 5.1071578219898965, 5.404582576417086, 5.945851778733103], 'val_accuracy': [0.5710087719298246, 0.6200438596491228, 0.6241228070175439, 0.6423245614035087, 0.645, 0.6439035087719298, 0.6331140350877194, 0.6461842105263158, 0.634517543859649, 0.6449122807017543], 'val_f1': [0.49404148268330544, 0.5361087550142265, 0.5416771311915775, 0.555947563351427, 0.5586536871436452, 0.5584863636557574, 0.54978684742864, 0.5595657407485729, 0.5508108839460014, 0.5593633179343827], 'val_mae': [0.7444736842105264, 0.6622807017543859, 0.6599561403508771, 0.606578947368421, 0.5915350877192982, 0.6064473684210526, 0.6469298245614036, 0.607719298245614, 0.6495175438596491, 0.5993859649122808], 'jsd': [(0, 0, 0.22129893392959865, 0.22129893392959865, 0.22129893392959865, 0), (0, 0, 0.22129893392959865, 0.22129893392959865, 0.22129893392959865, 0), (0, 0, 0.22129893392959865, 0.22129893392959865, 0.22129893392959865, 0), (0, 0, 0.22129893392959865, 0.22129893392959865, 0.22129893392959865, 0), (0, 0, 0.22129893392959865, 0.22129893392959865, 0.22129893392959865, 0), (0, 0, 0.22129893392959865, 0.22129893392959865, 0.22129893392959865, 0), (0, 0, 0.22129893392959865, 0.22129893392959865, 0.22129893392959865, 0), (0, 0, 0.22129893392959865, 0.22129893392959865, 0.22129893392959865, 0), (0, 0, 0.22129893392959865, 0.22129893392959865, 0.22129893392959865, 0), (0, 0, 0.22129893392959865, 0.22129893392959865, 0.22129893392959865, 0)]}}
AdaptationManager: Configuring next round...
{'client_registry': {'enabled': True, 'params': {}}, 'client_selector': {'enabled': True, 'params': {'selection_strategy': 'Resource-Based', 'selection_criteria': 'CPU', 'selection_value': 2}}, 'client_cluster': {'enabled': False, 'params': {}}, 'message_compressor': {'enabled': False, 'params': {}}, 'model_co-versioning_registry': {'enabled': False, 'params': {}}, 'multi-task_model_trainer': {'enabled': False, 'params': {}}, 'heterogeneous_data_handler': {'enabled': False, 'params': {}}}
{'client_selector': {'enabled': True}, 'client_cluster': {'enabled': False}, 'message_compressor': {'enabled': False}, 'model_co-versioning_registry': {'enabled': False}, 'multi-task_model_trainer': {'enabled': False}, 'heterogeneous_data_handler': {'enabled': False}, 'client_registry': {'enabled': True, 'params': {}}}
round 11, 3 high, 3 low, 0.0-iid clients, predicted best policy: client_selector activated ✅
Client Client 26 has insufficient CPU (1). Will not participate in the next FL round.
Client Client 23 participates in this round. (CPU: 2, RAM: 4)
Client Client 24 participates in this round. (CPU: 2, RAM: 4)
Client Client 27 has insufficient CPU (1). Will not participate in the next FL round.
Client Client 25 participates in this round. (CPU: 2, RAM: 4)
Client Client 28 has insufficient CPU (1). Will not participate in the next FL round.
Results Aggregated in 12.51 seconds.
{'TextMLP': {'train_loss': [0.3608024571498235, 0.29776404085424213, 0.27485560577578017, 0.26076998667054707, 0.25618944551679823, 0.2536408338851399, 0.24280969159669347, 0.23803969054751925, 0.2377787693467405, 0.2372342294341988, 0.23953812157909074], 'train_accuracy': [0.8689888888888889, 0.8893833333333333, 0.8957361111111111, 0.9027916666666667, 0.9038638888888889, 0.9034166666666666, 0.9076916666666667, 0.9097166666666666, 0.9098361111111111, 0.9106166666666666, 0.9090361111111112], 'train_f1': [0.7988894474197329, 0.8399212361896136, 0.8512980047292426, 0.8641695794286847, 0.8665430697667186, 0.8660695207544581, 0.8698347367400556, 0.8741758426761824, 0.872423968940551, 0.8755176621723925, 0.8726410116523579], 'train_mae': [0.19240555555555555, 0.16729166666666667, 0.16073055555555554, 0.14805277777777778, 0.14751944444444445, 0.15, 0.14299444444444445, 0.13855555555555554, 0.13958333333333334, 0.13787777777777777, 0.13721944444444445], 'val_loss': [3.084470507136562, 4.2489124175958475, 5.406110669520864, 5.502501624592564, 5.418564708776642, 5.275474608237284, 5.035311241819148, 5.1071578219898965, 5.404582576417086, 5.945851778733103, 5.985801032886171], 'val_accuracy': [0.5710087719298246, 0.6200438596491228, 0.6241228070175439, 0.6423245614035087, 0.645, 0.6439035087719298, 0.6331140350877194, 0.6461842105263158, 0.634517543859649, 0.6449122807017543, 0.644561403508772], 'val_f1': [0.49404148268330544, 0.5361087550142265, 0.5416771311915775, 0.555947563351427, 0.5586536871436452, 0.5584863636557574, 0.54978684742864, 0.5595657407485729, 0.5508108839460014, 0.5593633179343827, 0.5576948710276873], 'val_mae': [0.7444736842105264, 0.6622807017543859, 0.6599561403508771, 0.606578947368421, 0.5915350877192982, 0.6064473684210526, 0.6469298245614036, 0.607719298245614, 0.6495175438596491, 0.5993859649122808, 0.6149122807017544], 'jsd': [(0, 0, 0.22129893392959865, 0.22129893392959865, 0.22129893392959865, 0), (0, 0, 0.22129893392959865, 0.22129893392959865, 0.22129893392959865, 0), (0, 0, 0.22129893392959865, 0.22129893392959865, 0.22129893392959865, 0), (0, 0, 0.22129893392959865, 0.22129893392959865, 0.22129893392959865, 0), (0, 0, 0.22129893392959865, 0.22129893392959865, 0.22129893392959865, 0), (0, 0, 0.22129893392959865, 0.22129893392959865, 0.22129893392959865, 0), (0, 0, 0.22129893392959865, 0.22129893392959865, 0.22129893392959865, 0), (0, 0, 0.22129893392959865, 0.22129893392959865, 0.22129893392959865, 0), (0, 0, 0.22129893392959865, 0.22129893392959865, 0.22129893392959865, 0), (0, 0, 0.22129893392959865, 0.22129893392959865, 0.22129893392959865, 0), (0, 0, 0.22129893392959865, 0.22129893392959865, 0.22129893392959865, 0)]}}
AdaptationManager: Configuring next round...
{'client_registry': {'enabled': True, 'params': {}}, 'client_selector': {'enabled': True, 'params': {'selection_strategy': 'Resource-Based', 'selection_criteria': 'CPU', 'selection_value': 2}}, 'client_cluster': {'enabled': False, 'params': {}}, 'message_compressor': {'enabled': False, 'params': {}}, 'model_co-versioning_registry': {'enabled': False, 'params': {}}, 'multi-task_model_trainer': {'enabled': False, 'params': {}}, 'heterogeneous_data_handler': {'enabled': False, 'params': {}}}
{'client_selector': {'enabled': True}, 'client_cluster': {'enabled': False}, 'message_compressor': {'enabled': False}, 'model_co-versioning_registry': {'enabled': False}, 'multi-task_model_trainer': {'enabled': False}, 'heterogeneous_data_handler': {'enabled': False}, 'client_registry': {'enabled': True, 'params': {}}}
round 12, 3 high, 3 low, 0.0-iid clients, predicted best policy: client_selector activated ✅
Client Client 27 has insufficient CPU (1). Will not participate in the next FL round.
Client Client 23 participates in this round. (CPU: 2, RAM: 4)
Client Client 25 participates in this round. (CPU: 2, RAM: 4)
Client Client 28 has insufficient CPU (1). Will not participate in the next FL round.
Client Client 24 participates in this round. (CPU: 2, RAM: 4)
Client Client 26 has insufficient CPU (1). Will not participate in the next FL round.
Results Aggregated in 10.56 seconds.
{'TextMLP': {'train_loss': [0.3608024571498235, 0.29776404085424213, 0.27485560577578017, 0.26076998667054707, 0.25618944551679823, 0.2536408338851399, 0.24280969159669347, 0.23803969054751925, 0.2377787693467405, 0.2372342294341988, 0.23953812157909074, 0.23045014548566606], 'train_accuracy': [0.8689888888888889, 0.8893833333333333, 0.8957361111111111, 0.9027916666666667, 0.9038638888888889, 0.9034166666666666, 0.9076916666666667, 0.9097166666666666, 0.9098361111111111, 0.9106166666666666, 0.9090361111111112, 0.913525], 'train_f1': [0.7988894474197329, 0.8399212361896136, 0.8512980047292426, 0.8641695794286847, 0.8665430697667186, 0.8660695207544581, 0.8698347367400556, 0.8741758426761824, 0.872423968940551, 0.8755176621723925, 0.8726410116523579, 0.8793935434165074], 'train_mae': [0.19240555555555555, 0.16729166666666667, 0.16073055555555554, 0.14805277777777778, 0.14751944444444445, 0.15, 0.14299444444444445, 0.13855555555555554, 0.13958333333333334, 0.13787777777777777, 0.13721944444444445, 0.13332222222222223], 'val_loss': [3.084470507136562, 4.2489124175958475, 5.406110669520864, 5.502501624592564, 5.418564708776642, 5.275474608237284, 5.035311241819148, 5.1071578219898965, 5.404582576417086, 5.945851778733103, 5.985801032886171, 6.113169610207541], 'val_accuracy': [0.5710087719298246, 0.6200438596491228, 0.6241228070175439, 0.6423245614035087, 0.645, 0.6439035087719298, 0.6331140350877194, 0.6461842105263158, 0.634517543859649, 0.6449122807017543, 0.644561403508772, 0.6472368421052631], 'val_f1': [0.49404148268330544, 0.5361087550142265, 0.5416771311915775, 0.555947563351427, 0.5586536871436452, 0.5584863636557574, 0.54978684742864, 0.5595657407485729, 0.5508108839460014, 0.5593633179343827, 0.5576948710276873, 0.5608370778538908], 'val_mae': [0.7444736842105264, 0.6622807017543859, 0.6599561403508771, 0.606578947368421, 0.5915350877192982, 0.6064473684210526, 0.6469298245614036, 0.607719298245614, 0.6495175438596491, 0.5993859649122808, 0.6149122807017544, 0.5982456140350877], 'jsd': [(0, 0, 0.22129893392959865, 0.22129893392959865, 0.22129893392959865, 0), (0, 0, 0.22129893392959865, 0.22129893392959865, 0.22129893392959865, 0), (0, 0, 0.22129893392959865, 0.22129893392959865, 0.22129893392959865, 0), (0, 0, 0.22129893392959865, 0.22129893392959865, 0.22129893392959865, 0), (0, 0, 0.22129893392959865, 0.22129893392959865, 0.22129893392959865, 0), (0, 0, 0.22129893392959865, 0.22129893392959865, 0.22129893392959865, 0), (0, 0, 0.22129893392959865, 0.22129893392959865, 0.22129893392959865, 0), (0, 0, 0.22129893392959865, 0.22129893392959865, 0.22129893392959865, 0), (0, 0, 0.22129893392959865, 0.22129893392959865, 0.22129893392959865, 0), (0, 0, 0.22129893392959865, 0.22129893392959865, 0.22129893392959865, 0), (0, 0, 0.22129893392959865, 0.22129893392959865, 0.22129893392959865, 0), (0, 0, 0.22129893392959865, 0.22129893392959865, 0.22129893392959865, 0)]}}
AdaptationManager: Configuring next round...
{'client_registry': {'enabled': True, 'params': {}}, 'client_selector': {'enabled': True, 'params': {'selection_strategy': 'Resource-Based', 'selection_criteria': 'CPU', 'selection_value': 2}}, 'client_cluster': {'enabled': False, 'params': {}}, 'message_compressor': {'enabled': False, 'params': {}}, 'model_co-versioning_registry': {'enabled': False, 'params': {}}, 'multi-task_model_trainer': {'enabled': False, 'params': {}}, 'heterogeneous_data_handler': {'enabled': False, 'params': {}}}
{'client_selector': {'enabled': True}, 'client_cluster': {'enabled': False}, 'message_compressor': {'enabled': False}, 'model_co-versioning_registry': {'enabled': False}, 'multi-task_model_trainer': {'enabled': False}, 'heterogeneous_data_handler': {'enabled': False}, 'client_registry': {'enabled': True, 'params': {}}}
round 13, 3 high, 3 low, 0.0-iid clients, predicted best policy: client_selector activated ✅
Client Client 28 has insufficient CPU (1). Will not participate in the next FL round.
Client Client 23 participates in this round. (CPU: 2, RAM: 4)
Client Client 26 has insufficient CPU (1). Will not participate in the next FL round.
Client Client 24 participates in this round. (CPU: 2, RAM: 4)
Client Client 25 participates in this round. (CPU: 2, RAM: 4)
Client Client 27 has insufficient CPU (1). Will not participate in the next FL round.
Results Aggregated in 11.14 seconds.
{'TextMLP': {'train_loss': [0.3608024571498235, 0.29776404085424213, 0.27485560577578017, 0.26076998667054707, 0.25618944551679823, 0.2536408338851399, 0.24280969159669347, 0.23803969054751925, 0.2377787693467405, 0.2372342294341988, 0.23953812157909074, 0.23045014548566606, 0.2290591344177723], 'train_accuracy': [0.8689888888888889, 0.8893833333333333, 0.8957361111111111, 0.9027916666666667, 0.9038638888888889, 0.9034166666666666, 0.9076916666666667, 0.9097166666666666, 0.9098361111111111, 0.9106166666666666, 0.9090361111111112, 0.913525, 0.9138833333333334], 'train_f1': [0.7988894474197329, 0.8399212361896136, 0.8512980047292426, 0.8641695794286847, 0.8665430697667186, 0.8660695207544581, 0.8698347367400556, 0.8741758426761824, 0.872423968940551, 0.8755176621723925, 0.8726410116523579, 0.8793935434165074, 0.8800603802358816], 'train_mae': [0.19240555555555555, 0.16729166666666667, 0.16073055555555554, 0.14805277777777778, 0.14751944444444445, 0.15, 0.14299444444444445, 0.13855555555555554, 0.13958333333333334, 0.13787777777777777, 0.13721944444444445, 0.13332222222222223, 0.13211111111111112], 'val_loss': [3.084470507136562, 4.2489124175958475, 5.406110669520864, 5.502501624592564, 5.418564708776642, 5.275474608237284, 5.035311241819148, 5.1071578219898965, 5.404582576417086, 5.945851778733103, 5.985801032886171, 6.113169610207541, 6.435301586954218], 'val_accuracy': [0.5710087719298246, 0.6200438596491228, 0.6241228070175439, 0.6423245614035087, 0.645, 0.6439035087719298, 0.6331140350877194, 0.6461842105263158, 0.634517543859649, 0.6449122807017543, 0.644561403508772, 0.6472368421052631, 0.648421052631579], 'val_f1': [0.49404148268330544, 0.5361087550142265, 0.5416771311915775, 0.555947563351427, 0.5586536871436452, 0.5584863636557574, 0.54978684742864, 0.5595657407485729, 0.5508108839460014, 0.5593633179343827, 0.5576948710276873, 0.5608370778538908, 0.5618721590454975], 'val_mae': [0.7444736842105264, 0.6622807017543859, 0.6599561403508771, 0.606578947368421, 0.5915350877192982, 0.6064473684210526, 0.6469298245614036, 0.607719298245614, 0.6495175438596491, 0.5993859649122808, 0.6149122807017544, 0.5982456140350877, 0.5972368421052632], 'jsd': [(0, 0, 0.22129893392959865, 0.22129893392959865, 0.22129893392959865, 0), (0, 0, 0.22129893392959865, 0.22129893392959865, 0.22129893392959865, 0), (0, 0, 0.22129893392959865, 0.22129893392959865, 0.22129893392959865, 0), (0, 0, 0.22129893392959865, 0.22129893392959865, 0.22129893392959865, 0), (0, 0, 0.22129893392959865, 0.22129893392959865, 0.22129893392959865, 0), (0, 0, 0.22129893392959865, 0.22129893392959865, 0.22129893392959865, 0), (0, 0, 0.22129893392959865, 0.22129893392959865, 0.22129893392959865, 0), (0, 0, 0.22129893392959865, 0.22129893392959865, 0.22129893392959865, 0), (0, 0, 0.22129893392959865, 0.22129893392959865, 0.22129893392959865, 0), (0, 0, 0.22129893392959865, 0.22129893392959865, 0.22129893392959865, 0), (0, 0, 0.22129893392959865, 0.22129893392959865, 0.22129893392959865, 0), (0, 0, 0.22129893392959865, 0.22129893392959865, 0.22129893392959865, 0), (0, 0, 0.22129893392959865, 0.22129893392959865, 0.22129893392959865, 0)]}}
AdaptationManager: Configuring next round...
{'client_registry': {'enabled': True, 'params': {}}, 'client_selector': {'enabled': True, 'params': {'selection_strategy': 'Resource-Based', 'selection_criteria': 'CPU', 'selection_value': 2}}, 'client_cluster': {'enabled': False, 'params': {}}, 'message_compressor': {'enabled': False, 'params': {}}, 'model_co-versioning_registry': {'enabled': False, 'params': {}}, 'multi-task_model_trainer': {'enabled': False, 'params': {}}, 'heterogeneous_data_handler': {'enabled': False, 'params': {}}}
{'client_selector': {'enabled': True}, 'client_cluster': {'enabled': False}, 'message_compressor': {'enabled': False}, 'model_co-versioning_registry': {'enabled': False}, 'multi-task_model_trainer': {'enabled': False}, 'heterogeneous_data_handler': {'enabled': False}, 'client_registry': {'enabled': True, 'params': {}}}
round 14, 3 high, 3 low, 0.0-iid clients, predicted best policy: client_selector activated ✅
Client Client 25 participates in this round. (CPU: 2, RAM: 4)
Client Client 23 participates in this round. (CPU: 2, RAM: 4)
Client Client 27 has insufficient CPU (1). Will not participate in the next FL round.
Client Client 24 participates in this round. (CPU: 2, RAM: 4)
Client Client 28 has insufficient CPU (1). Will not participate in the next FL round.
Client Client 26 has insufficient CPU (1). Will not participate in the next FL round.
Results Aggregated in 11.03 seconds.
{'TextMLP': {'train_loss': [0.3608024571498235, 0.29776404085424213, 0.27485560577578017, 0.26076998667054707, 0.25618944551679823, 0.2536408338851399, 0.24280969159669347, 0.23803969054751925, 0.2377787693467405, 0.2372342294341988, 0.23953812157909074, 0.23045014548566606, 0.2290591344177723, 0.23066836425595813], 'train_accuracy': [0.8689888888888889, 0.8893833333333333, 0.8957361111111111, 0.9027916666666667, 0.9038638888888889, 0.9034166666666666, 0.9076916666666667, 0.9097166666666666, 0.9098361111111111, 0.9106166666666666, 0.9090361111111112, 0.913525, 0.9138833333333334, 0.91305], 'train_f1': [0.7988894474197329, 0.8399212361896136, 0.8512980047292426, 0.8641695794286847, 0.8665430697667186, 0.8660695207544581, 0.8698347367400556, 0.8741758426761824, 0.872423968940551, 0.8755176621723925, 0.8726410116523579, 0.8793935434165074, 0.8800603802358816, 0.8783066821155605], 'train_mae': [0.19240555555555555, 0.16729166666666667, 0.16073055555555554, 0.14805277777777778, 0.14751944444444445, 0.15, 0.14299444444444445, 0.13855555555555554, 0.13958333333333334, 0.13787777777777777, 0.13721944444444445, 0.13332222222222223, 0.13211111111111112, 0.1323527777777778], 'val_loss': [3.084470507136562, 4.2489124175958475, 5.406110669520864, 5.502501624592564, 5.418564708776642, 5.275474608237284, 5.035311241819148, 5.1071578219898965, 5.404582576417086, 5.945851778733103, 5.985801032886171, 6.113169610207541, 6.435301586954218, 6.254967338495087], 'val_accuracy': [0.5710087719298246, 0.6200438596491228, 0.6241228070175439, 0.6423245614035087, 0.645, 0.6439035087719298, 0.6331140350877194, 0.6461842105263158, 0.634517543859649, 0.6449122807017543, 0.644561403508772, 0.6472368421052631, 0.648421052631579, 0.6470175438596492], 'val_f1': [0.49404148268330544, 0.5361087550142265, 0.5416771311915775, 0.555947563351427, 0.5586536871436452, 0.5584863636557574, 0.54978684742864, 0.5595657407485729, 0.5508108839460014, 0.5593633179343827, 0.5576948710276873, 0.5608370778538908, 0.5618721590454975, 0.5601728819754037], 'val_mae': [0.7444736842105264, 0.6622807017543859, 0.6599561403508771, 0.606578947368421, 0.5915350877192982, 0.6064473684210526, 0.6469298245614036, 0.607719298245614, 0.6495175438596491, 0.5993859649122808, 0.6149122807017544, 0.5982456140350877, 0.5972368421052632, 0.6109649122807018], 'jsd': [(0, 0, 0.22129893392959865, 0.22129893392959865, 0.22129893392959865, 0), (0, 0, 0.22129893392959865, 0.22129893392959865, 0.22129893392959865, 0), (0, 0, 0.22129893392959865, 0.22129893392959865, 0.22129893392959865, 0), (0, 0, 0.22129893392959865, 0.22129893392959865, 0.22129893392959865, 0), (0, 0, 0.22129893392959865, 0.22129893392959865, 0.22129893392959865, 0), (0, 0, 0.22129893392959865, 0.22129893392959865, 0.22129893392959865, 0), (0, 0, 0.22129893392959865, 0.22129893392959865, 0.22129893392959865, 0), (0, 0, 0.22129893392959865, 0.22129893392959865, 0.22129893392959865, 0), (0, 0, 0.22129893392959865, 0.22129893392959865, 0.22129893392959865, 0), (0, 0, 0.22129893392959865, 0.22129893392959865, 0.22129893392959865, 0), (0, 0, 0.22129893392959865, 0.22129893392959865, 0.22129893392959865, 0), (0, 0, 0.22129893392959865, 0.22129893392959865, 0.22129893392959865, 0), (0, 0, 0.22129893392959865, 0.22129893392959865, 0.22129893392959865, 0), (0, 0, 0.22129893392959865, 0.22129893392959865, 0.22129893392959865, 0)]}}
AdaptationManager: Configuring next round...
{'client_registry': {'enabled': True, 'params': {}}, 'client_selector': {'enabled': True, 'params': {'selection_strategy': 'Resource-Based', 'selection_criteria': 'CPU', 'selection_value': 2}}, 'client_cluster': {'enabled': False, 'params': {}}, 'message_compressor': {'enabled': False, 'params': {}}, 'model_co-versioning_registry': {'enabled': False, 'params': {}}, 'multi-task_model_trainer': {'enabled': False, 'params': {}}, 'heterogeneous_data_handler': {'enabled': False, 'params': {}}}
{'client_selector': {'enabled': True}, 'client_cluster': {'enabled': False}, 'message_compressor': {'enabled': False}, 'model_co-versioning_registry': {'enabled': False}, 'multi-task_model_trainer': {'enabled': False}, 'heterogeneous_data_handler': {'enabled': False}, 'client_registry': {'enabled': True, 'params': {}}}
round 15, 3 high, 3 low, 0.0-iid clients, predicted best policy: client_selector activated ✅
Client Client 26 has insufficient CPU (1). Will not participate in the next FL round.
Client Client 25 participates in this round. (CPU: 2, RAM: 4)
Client Client 28 has insufficient CPU (1). Will not participate in the next FL round.
Client Client 23 participates in this round. (CPU: 2, RAM: 4)
Client Client 27 has insufficient CPU (1). Will not participate in the next FL round.
Client Client 24 participates in this round. (CPU: 2, RAM: 4)
Results Aggregated in 10.41 seconds.
{'TextMLP': {'train_loss': [0.3608024571498235, 0.29776404085424213, 0.27485560577578017, 0.26076998667054707, 0.25618944551679823, 0.2536408338851399, 0.24280969159669347, 0.23803969054751925, 0.2377787693467405, 0.2372342294341988, 0.23953812157909074, 0.23045014548566606, 0.2290591344177723, 0.23066836425595813, 0.22409431789649858], 'train_accuracy': [0.8689888888888889, 0.8893833333333333, 0.8957361111111111, 0.9027916666666667, 0.9038638888888889, 0.9034166666666666, 0.9076916666666667, 0.9097166666666666, 0.9098361111111111, 0.9106166666666666, 0.9090361111111112, 0.913525, 0.9138833333333334, 0.91305, 0.9162472222222222], 'train_f1': [0.7988894474197329, 0.8399212361896136, 0.8512980047292426, 0.8641695794286847, 0.8665430697667186, 0.8660695207544581, 0.8698347367400556, 0.8741758426761824, 0.872423968940551, 0.8755176621723925, 0.8726410116523579, 0.8793935434165074, 0.8800603802358816, 0.8783066821155605, 0.8823231100904477], 'train_mae': [0.19240555555555555, 0.16729166666666667, 0.16073055555555554, 0.14805277777777778, 0.14751944444444445, 0.15, 0.14299444444444445, 0.13855555555555554, 0.13958333333333334, 0.13787777777777777, 0.13721944444444445, 0.13332222222222223, 0.13211111111111112, 0.1323527777777778, 0.12945833333333334], 'val_loss': [3.084470507136562, 4.2489124175958475, 5.406110669520864, 5.502501624592564, 5.418564708776642, 5.275474608237284, 5.035311241819148, 5.1071578219898965, 5.404582576417086, 5.945851778733103, 5.985801032886171, 6.113169610207541, 6.435301586954218, 6.254967338495087, 6.423224691424453], 'val_accuracy': [0.5710087719298246, 0.6200438596491228, 0.6241228070175439, 0.6423245614035087, 0.645, 0.6439035087719298, 0.6331140350877194, 0.6461842105263158, 0.634517543859649, 0.6449122807017543, 0.644561403508772, 0.6472368421052631, 0.648421052631579, 0.6470175438596492, 0.6428070175438597], 'val_f1': [0.49404148268330544, 0.5361087550142265, 0.5416771311915775, 0.555947563351427, 0.5586536871436452, 0.5584863636557574, 0.54978684742864, 0.5595657407485729, 0.5508108839460014, 0.5593633179343827, 0.5576948710276873, 0.5608370778538908, 0.5618721590454975, 0.5601728819754037, 0.5573931870778835], 'val_mae': [0.7444736842105264, 0.6622807017543859, 0.6599561403508771, 0.606578947368421, 0.5915350877192982, 0.6064473684210526, 0.6469298245614036, 0.607719298245614, 0.6495175438596491, 0.5993859649122808, 0.6149122807017544, 0.5982456140350877, 0.5972368421052632, 0.6109649122807018, 0.6265350877192982], 'jsd': [(0, 0, 0.22129893392959865, 0.22129893392959865, 0.22129893392959865, 0), (0, 0, 0.22129893392959865, 0.22129893392959865, 0.22129893392959865, 0), (0, 0, 0.22129893392959865, 0.22129893392959865, 0.22129893392959865, 0), (0, 0, 0.22129893392959865, 0.22129893392959865, 0.22129893392959865, 0), (0, 0, 0.22129893392959865, 0.22129893392959865, 0.22129893392959865, 0), (0, 0, 0.22129893392959865, 0.22129893392959865, 0.22129893392959865, 0), (0, 0, 0.22129893392959865, 0.22129893392959865, 0.22129893392959865, 0), (0, 0, 0.22129893392959865, 0.22129893392959865, 0.22129893392959865, 0), (0, 0, 0.22129893392959865, 0.22129893392959865, 0.22129893392959865, 0), (0, 0, 0.22129893392959865, 0.22129893392959865, 0.22129893392959865, 0), (0, 0, 0.22129893392959865, 0.22129893392959865, 0.22129893392959865, 0), (0, 0, 0.22129893392959865, 0.22129893392959865, 0.22129893392959865, 0), (0, 0, 0.22129893392959865, 0.22129893392959865, 0.22129893392959865, 0), (0, 0, 0.22129893392959865, 0.22129893392959865, 0.22129893392959865, 0), (0, 0, 0.22129893392959865, 0.22129893392959865, 0.22129893392959865, 0)]}}
AdaptationManager: Configuring next round...
{'client_registry': {'enabled': True, 'params': {}}, 'client_selector': {'enabled': True, 'params': {'selection_strategy': 'Resource-Based', 'selection_criteria': 'CPU', 'selection_value': 2}}, 'client_cluster': {'enabled': False, 'params': {}}, 'message_compressor': {'enabled': False, 'params': {}}, 'model_co-versioning_registry': {'enabled': False, 'params': {}}, 'multi-task_model_trainer': {'enabled': False, 'params': {}}, 'heterogeneous_data_handler': {'enabled': False, 'params': {}}}
{'client_selector': {'enabled': True}, 'client_cluster': {'enabled': False}, 'message_compressor': {'enabled': False}, 'model_co-versioning_registry': {'enabled': False}, 'multi-task_model_trainer': {'enabled': False}, 'heterogeneous_data_handler': {'enabled': False}, 'client_registry': {'enabled': True, 'params': {}}}
round 16, 3 high, 3 low, 0.0-iid clients, predicted best policy: client_selector activated ✅
Client Client 23 participates in this round. (CPU: 2, RAM: 4)
Client Client 24 participates in this round. (CPU: 2, RAM: 4)
Client Client 27 has insufficient CPU (1). Will not participate in the next FL round.
Client Client 25 participates in this round. (CPU: 2, RAM: 4)
Client Client 28 has insufficient CPU (1). Will not participate in the next FL round.
Client Client 26 has insufficient CPU (1). Will not participate in the next FL round.
Results Aggregated in 11.13 seconds.
{'TextMLP': {'train_loss': [0.3608024571498235, 0.29776404085424213, 0.27485560577578017, 0.26076998667054707, 0.25618944551679823, 0.2536408338851399, 0.24280969159669347, 0.23803969054751925, 0.2377787693467405, 0.2372342294341988, 0.23953812157909074, 0.23045014548566606, 0.2290591344177723, 0.23066836425595813, 0.22409431789649858, 0.22475567885306147], 'train_accuracy': [0.8689888888888889, 0.8893833333333333, 0.8957361111111111, 0.9027916666666667, 0.9038638888888889, 0.9034166666666666, 0.9076916666666667, 0.9097166666666666, 0.9098361111111111, 0.9106166666666666, 0.9090361111111112, 0.913525, 0.9138833333333334, 0.91305, 0.9162472222222222, 0.9158833333333334], 'train_f1': [0.7988894474197329, 0.8399212361896136, 0.8512980047292426, 0.8641695794286847, 0.8665430697667186, 0.8660695207544581, 0.8698347367400556, 0.8741758426761824, 0.872423968940551, 0.8755176621723925, 0.8726410116523579, 0.8793935434165074, 0.8800603802358816, 0.8783066821155605, 0.8823231100904477, 0.882394724237435], 'train_mae': [0.19240555555555555, 0.16729166666666667, 0.16073055555555554, 0.14805277777777778, 0.14751944444444445, 0.15, 0.14299444444444445, 0.13855555555555554, 0.13958333333333334, 0.13787777777777777, 0.13721944444444445, 0.13332222222222223, 0.13211111111111112, 0.1323527777777778, 0.12945833333333334, 0.12955], 'val_loss': [3.084470507136562, 4.2489124175958475, 5.406110669520864, 5.502501624592564, 5.418564708776642, 5.275474608237284, 5.035311241819148, 5.1071578219898965, 5.404582576417086, 5.945851778733103, 5.985801032886171, 6.113169610207541, 6.435301586954218, 6.254967338495087, 6.423224691424453, 6.517977264805844], 'val_accuracy': [0.5710087719298246, 0.6200438596491228, 0.6241228070175439, 0.6423245614035087, 0.645, 0.6439035087719298, 0.6331140350877194, 0.6461842105263158, 0.634517543859649, 0.6449122807017543, 0.644561403508772, 0.6472368421052631, 0.648421052631579, 0.6470175438596492, 0.6428070175438597, 0.6476754385964912], 'val_f1': [0.49404148268330544, 0.5361087550142265, 0.5416771311915775, 0.555947563351427, 0.5586536871436452, 0.5584863636557574, 0.54978684742864, 0.5595657407485729, 0.5508108839460014, 0.5593633179343827, 0.5576948710276873, 0.5608370778538908, 0.5618721590454975, 0.5601728819754037, 0.5573931870778835, 0.5608594832755471], 'val_mae': [0.7444736842105264, 0.6622807017543859, 0.6599561403508771, 0.606578947368421, 0.5915350877192982, 0.6064473684210526, 0.6469298245614036, 0.607719298245614, 0.6495175438596491, 0.5993859649122808, 0.6149122807017544, 0.5982456140350877, 0.5972368421052632, 0.6109649122807018, 0.6265350877192982, 0.6114473684210526], 'jsd': [(0, 0, 0.22129893392959865, 0.22129893392959865, 0.22129893392959865, 0), (0, 0, 0.22129893392959865, 0.22129893392959865, 0.22129893392959865, 0), (0, 0, 0.22129893392959865, 0.22129893392959865, 0.22129893392959865, 0), (0, 0, 0.22129893392959865, 0.22129893392959865, 0.22129893392959865, 0), (0, 0, 0.22129893392959865, 0.22129893392959865, 0.22129893392959865, 0), (0, 0, 0.22129893392959865, 0.22129893392959865, 0.22129893392959865, 0), (0, 0, 0.22129893392959865, 0.22129893392959865, 0.22129893392959865, 0), (0, 0, 0.22129893392959865, 0.22129893392959865, 0.22129893392959865, 0), (0, 0, 0.22129893392959865, 0.22129893392959865, 0.22129893392959865, 0), (0, 0, 0.22129893392959865, 0.22129893392959865, 0.22129893392959865, 0), (0, 0, 0.22129893392959865, 0.22129893392959865, 0.22129893392959865, 0), (0, 0, 0.22129893392959865, 0.22129893392959865, 0.22129893392959865, 0), (0, 0, 0.22129893392959865, 0.22129893392959865, 0.22129893392959865, 0), (0, 0, 0.22129893392959865, 0.22129893392959865, 0.22129893392959865, 0), (0, 0, 0.22129893392959865, 0.22129893392959865, 0.22129893392959865, 0), (0, 0, 0.22129893392959865, 0.22129893392959865, 0.22129893392959865, 0)]}}
AdaptationManager: Configuring next round...
{'client_registry': {'enabled': True, 'params': {}}, 'client_selector': {'enabled': True, 'params': {'selection_strategy': 'Resource-Based', 'selection_criteria': 'CPU', 'selection_value': 2}}, 'client_cluster': {'enabled': False, 'params': {}}, 'message_compressor': {'enabled': False, 'params': {}}, 'model_co-versioning_registry': {'enabled': False, 'params': {}}, 'multi-task_model_trainer': {'enabled': False, 'params': {}}, 'heterogeneous_data_handler': {'enabled': False, 'params': {}}}
{'client_selector': {'enabled': True}, 'client_cluster': {'enabled': False}, 'message_compressor': {'enabled': False}, 'model_co-versioning_registry': {'enabled': False}, 'multi-task_model_trainer': {'enabled': False}, 'heterogeneous_data_handler': {'enabled': False}, 'client_registry': {'enabled': True, 'params': {}}}
round 17, 3 high, 3 low, 0.0-iid clients, predicted best policy: client_selector activated ✅
Client Client 28 has insufficient CPU (1). Will not participate in the next FL round.
Client Client 25 participates in this round. (CPU: 2, RAM: 4)
Client Client 27 has insufficient CPU (1). Will not participate in the next FL round.
Client Client 24 participates in this round. (CPU: 2, RAM: 4)
Client Client 26 has insufficient CPU (1). Will not participate in the next FL round.
Client Client 23 participates in this round. (CPU: 2, RAM: 4)
Results Aggregated in 10.70 seconds.
{'TextMLP': {'train_loss': [0.3608024571498235, 0.29776404085424213, 0.27485560577578017, 0.26076998667054707, 0.25618944551679823, 0.2536408338851399, 0.24280969159669347, 0.23803969054751925, 0.2377787693467405, 0.2372342294341988, 0.23953812157909074, 0.23045014548566606, 0.2290591344177723, 0.23066836425595813, 0.22409431789649858, 0.22475567885306147, 0.22206415060096316], 'train_accuracy': [0.8689888888888889, 0.8893833333333333, 0.8957361111111111, 0.9027916666666667, 0.9038638888888889, 0.9034166666666666, 0.9076916666666667, 0.9097166666666666, 0.9098361111111111, 0.9106166666666666, 0.9090361111111112, 0.913525, 0.9138833333333334, 0.91305, 0.9162472222222222, 0.9158833333333334, 0.9173361111111111], 'train_f1': [0.7988894474197329, 0.8399212361896136, 0.8512980047292426, 0.8641695794286847, 0.8665430697667186, 0.8660695207544581, 0.8698347367400556, 0.8741758426761824, 0.872423968940551, 0.8755176621723925, 0.8726410116523579, 0.8793935434165074, 0.8800603802358816, 0.8783066821155605, 0.8823231100904477, 0.882394724237435, 0.8849507339557536], 'train_mae': [0.19240555555555555, 0.16729166666666667, 0.16073055555555554, 0.14805277777777778, 0.14751944444444445, 0.15, 0.14299444444444445, 0.13855555555555554, 0.13958333333333334, 0.13787777777777777, 0.13721944444444445, 0.13332222222222223, 0.13211111111111112, 0.1323527777777778, 0.12945833333333334, 0.12955, 0.1278638888888889], 'val_loss': [3.084470507136562, 4.2489124175958475, 5.406110669520864, 5.502501624592564, 5.418564708776642, 5.275474608237284, 5.035311241819148, 5.1071578219898965, 5.404582576417086, 5.945851778733103, 5.985801032886171, 6.113169610207541, 6.435301586954218, 6.254967338495087, 6.423224691424453, 6.517977264805844, 6.470918019947253], 'val_accuracy': [0.5710087719298246, 0.6200438596491228, 0.6241228070175439, 0.6423245614035087, 0.645, 0.6439035087719298, 0.6331140350877194, 0.6461842105263158, 0.634517543859649, 0.6449122807017543, 0.644561403508772, 0.6472368421052631, 0.648421052631579, 0.6470175438596492, 0.6428070175438597, 0.6476754385964912, 0.651578947368421], 'val_f1': [0.49404148268330544, 0.5361087550142265, 0.5416771311915775, 0.555947563351427, 0.5586536871436452, 0.5584863636557574, 0.54978684742864, 0.5595657407485729, 0.5508108839460014, 0.5593633179343827, 0.5576948710276873, 0.5608370778538908, 0.5618721590454975, 0.5601728819754037, 0.5573931870778835, 0.5608594832755471, 0.5646111984615324], 'val_mae': [0.7444736842105264, 0.6622807017543859, 0.6599561403508771, 0.606578947368421, 0.5915350877192982, 0.6064473684210526, 0.6469298245614036, 0.607719298245614, 0.6495175438596491, 0.5993859649122808, 0.6149122807017544, 0.5982456140350877, 0.5972368421052632, 0.6109649122807018, 0.6265350877192982, 0.6114473684210526, 0.5842105263157895], 'jsd': [(0, 0, 0.22129893392959865, 0.22129893392959865, 0.22129893392959865, 0), (0, 0, 0.22129893392959865, 0.22129893392959865, 0.22129893392959865, 0), (0, 0, 0.22129893392959865, 0.22129893392959865, 0.22129893392959865, 0), (0, 0, 0.22129893392959865, 0.22129893392959865, 0.22129893392959865, 0), (0, 0, 0.22129893392959865, 0.22129893392959865, 0.22129893392959865, 0), (0, 0, 0.22129893392959865, 0.22129893392959865, 0.22129893392959865, 0), (0, 0, 0.22129893392959865, 0.22129893392959865, 0.22129893392959865, 0), (0, 0, 0.22129893392959865, 0.22129893392959865, 0.22129893392959865, 0), (0, 0, 0.22129893392959865, 0.22129893392959865, 0.22129893392959865, 0), (0, 0, 0.22129893392959865, 0.22129893392959865, 0.22129893392959865, 0), (0, 0, 0.22129893392959865, 0.22129893392959865, 0.22129893392959865, 0), (0, 0, 0.22129893392959865, 0.22129893392959865, 0.22129893392959865, 0), (0, 0, 0.22129893392959865, 0.22129893392959865, 0.22129893392959865, 0), (0, 0, 0.22129893392959865, 0.22129893392959865, 0.22129893392959865, 0), (0, 0, 0.22129893392959865, 0.22129893392959865, 0.22129893392959865, 0), (0, 0, 0.22129893392959865, 0.22129893392959865, 0.22129893392959865, 0), (0, 0, 0.22129893392959865, 0.22129893392959865, 0.22129893392959865, 0)]}}
AdaptationManager: Configuring next round...
{'client_registry': {'enabled': True, 'params': {}}, 'client_selector': {'enabled': True, 'params': {'selection_strategy': 'Resource-Based', 'selection_criteria': 'CPU', 'selection_value': 2}}, 'client_cluster': {'enabled': False, 'params': {}}, 'message_compressor': {'enabled': False, 'params': {}}, 'model_co-versioning_registry': {'enabled': False, 'params': {}}, 'multi-task_model_trainer': {'enabled': False, 'params': {}}, 'heterogeneous_data_handler': {'enabled': False, 'params': {}}}
{'client_selector': {'enabled': True}, 'client_cluster': {'enabled': False}, 'message_compressor': {'enabled': False}, 'model_co-versioning_registry': {'enabled': False}, 'multi-task_model_trainer': {'enabled': False}, 'heterogeneous_data_handler': {'enabled': False}, 'client_registry': {'enabled': True, 'params': {}}}
round 18, 3 high, 3 low, 0.0-iid clients, predicted best policy: client_selector activated ✅
Client Client 25 participates in this round. (CPU: 2, RAM: 4)
Client Client 23 participates in this round. (CPU: 2, RAM: 4)
Client Client 24 participates in this round. (CPU: 2, RAM: 4)
Client Client 28 has insufficient CPU (1). Will not participate in the next FL round.
Client Client 27 has insufficient CPU (1). Will not participate in the next FL round.
Client Client 26 has insufficient CPU (1). Will not participate in the next FL round.
Results Aggregated in 11.41 seconds.
{'TextMLP': {'train_loss': [0.3608024571498235, 0.29776404085424213, 0.27485560577578017, 0.26076998667054707, 0.25618944551679823, 0.2536408338851399, 0.24280969159669347, 0.23803969054751925, 0.2377787693467405, 0.2372342294341988, 0.23953812157909074, 0.23045014548566606, 0.2290591344177723, 0.23066836425595813, 0.22409431789649858, 0.22475567885306147, 0.22206415060096316, 0.21816011763215065], 'train_accuracy': [0.8689888888888889, 0.8893833333333333, 0.8957361111111111, 0.9027916666666667, 0.9038638888888889, 0.9034166666666666, 0.9076916666666667, 0.9097166666666666, 0.9098361111111111, 0.9106166666666666, 0.9090361111111112, 0.913525, 0.9138833333333334, 0.91305, 0.9162472222222222, 0.9158833333333334, 0.9173361111111111, 0.9186361111111111], 'train_f1': [0.7988894474197329, 0.8399212361896136, 0.8512980047292426, 0.8641695794286847, 0.8665430697667186, 0.8660695207544581, 0.8698347367400556, 0.8741758426761824, 0.872423968940551, 0.8755176621723925, 0.8726410116523579, 0.8793935434165074, 0.8800603802358816, 0.8783066821155605, 0.8823231100904477, 0.882394724237435, 0.8849507339557536, 0.8861946135653536], 'train_mae': [0.19240555555555555, 0.16729166666666667, 0.16073055555555554, 0.14805277777777778, 0.14751944444444445, 0.15, 0.14299444444444445, 0.13855555555555554, 0.13958333333333334, 0.13787777777777777, 0.13721944444444445, 0.13332222222222223, 0.13211111111111112, 0.1323527777777778, 0.12945833333333334, 0.12955, 0.1278638888888889, 0.12572222222222224], 'val_loss': [3.084470507136562, 4.2489124175958475, 5.406110669520864, 5.502501624592564, 5.418564708776642, 5.275474608237284, 5.035311241819148, 5.1071578219898965, 5.404582576417086, 5.945851778733103, 5.985801032886171, 6.113169610207541, 6.435301586954218, 6.254967338495087, 6.423224691424453, 6.517977264805844, 6.470918019947253, 6.4786164558142945], 'val_accuracy': [0.5710087719298246, 0.6200438596491228, 0.6241228070175439, 0.6423245614035087, 0.645, 0.6439035087719298, 0.6331140350877194, 0.6461842105263158, 0.634517543859649, 0.6449122807017543, 0.644561403508772, 0.6472368421052631, 0.648421052631579, 0.6470175438596492, 0.6428070175438597, 0.6476754385964912, 0.651578947368421, 0.6498684210526315], 'val_f1': [0.49404148268330544, 0.5361087550142265, 0.5416771311915775, 0.555947563351427, 0.5586536871436452, 0.5584863636557574, 0.54978684742864, 0.5595657407485729, 0.5508108839460014, 0.5593633179343827, 0.5576948710276873, 0.5608370778538908, 0.5618721590454975, 0.5601728819754037, 0.5573931870778835, 0.5608594832755471, 0.5646111984615324, 0.5625426638421109], 'val_mae': [0.7444736842105264, 0.6622807017543859, 0.6599561403508771, 0.606578947368421, 0.5915350877192982, 0.6064473684210526, 0.6469298245614036, 0.607719298245614, 0.6495175438596491, 0.5993859649122808, 0.6149122807017544, 0.5982456140350877, 0.5972368421052632, 0.6109649122807018, 0.6265350877192982, 0.6114473684210526, 0.5842105263157895, 0.6049122807017544], 'jsd': [(0, 0, 0.22129893392959865, 0.22129893392959865, 0.22129893392959865, 0), (0, 0, 0.22129893392959865, 0.22129893392959865, 0.22129893392959865, 0), (0, 0, 0.22129893392959865, 0.22129893392959865, 0.22129893392959865, 0), (0, 0, 0.22129893392959865, 0.22129893392959865, 0.22129893392959865, 0), (0, 0, 0.22129893392959865, 0.22129893392959865, 0.22129893392959865, 0), (0, 0, 0.22129893392959865, 0.22129893392959865, 0.22129893392959865, 0), (0, 0, 0.22129893392959865, 0.22129893392959865, 0.22129893392959865, 0), (0, 0, 0.22129893392959865, 0.22129893392959865, 0.22129893392959865, 0), (0, 0, 0.22129893392959865, 0.22129893392959865, 0.22129893392959865, 0), (0, 0, 0.22129893392959865, 0.22129893392959865, 0.22129893392959865, 0), (0, 0, 0.22129893392959865, 0.22129893392959865, 0.22129893392959865, 0), (0, 0, 0.22129893392959865, 0.22129893392959865, 0.22129893392959865, 0), (0, 0, 0.22129893392959865, 0.22129893392959865, 0.22129893392959865, 0), (0, 0, 0.22129893392959865, 0.22129893392959865, 0.22129893392959865, 0), (0, 0, 0.22129893392959865, 0.22129893392959865, 0.22129893392959865, 0), (0, 0, 0.22129893392959865, 0.22129893392959865, 0.22129893392959865, 0), (0, 0, 0.22129893392959865, 0.22129893392959865, 0.22129893392959865, 0), (0, 0, 0.22129893392959865, 0.22129893392959865, 0.22129893392959865, 0)]}}
AdaptationManager: Configuring next round...
{'client_registry': {'enabled': True, 'params': {}}, 'client_selector': {'enabled': True, 'params': {'selection_strategy': 'Resource-Based', 'selection_criteria': 'CPU', 'selection_value': 2}}, 'client_cluster': {'enabled': False, 'params': {}}, 'message_compressor': {'enabled': False, 'params': {}}, 'model_co-versioning_registry': {'enabled': False, 'params': {}}, 'multi-task_model_trainer': {'enabled': False, 'params': {}}, 'heterogeneous_data_handler': {'enabled': False, 'params': {}}}
{'client_selector': {'enabled': True}, 'client_cluster': {'enabled': False}, 'message_compressor': {'enabled': False}, 'model_co-versioning_registry': {'enabled': False}, 'multi-task_model_trainer': {'enabled': False}, 'heterogeneous_data_handler': {'enabled': False}, 'client_registry': {'enabled': True, 'params': {}}}
round 19, 3 high, 3 low, 0.0-iid clients, predicted best policy: client_selector activated ✅
Client Client 23 participates in this round. (CPU: 2, RAM: 4)
Client Client 27 has insufficient CPU (1). Will not participate in the next FL round.
Client Client 24 participates in this round. (CPU: 2, RAM: 4)
Client Client 25 participates in this round. (CPU: 2, RAM: 4)
Client Client 28 has insufficient CPU (1). Will not participate in the next FL round.
Client Client 26 has insufficient CPU (1). Will not participate in the next FL round.
Results Aggregated in 10.19 seconds.
{'TextMLP': {'train_loss': [0.3608024571498235, 0.29776404085424213, 0.27485560577578017, 0.26076998667054707, 0.25618944551679823, 0.2536408338851399, 0.24280969159669347, 0.23803969054751925, 0.2377787693467405, 0.2372342294341988, 0.23953812157909074, 0.23045014548566606, 0.2290591344177723, 0.23066836425595813, 0.22409431789649858, 0.22475567885306147, 0.22206415060096316, 0.21816011763215065, 0.21802626071042486], 'train_accuracy': [0.8689888888888889, 0.8893833333333333, 0.8957361111111111, 0.9027916666666667, 0.9038638888888889, 0.9034166666666666, 0.9076916666666667, 0.9097166666666666, 0.9098361111111111, 0.9106166666666666, 0.9090361111111112, 0.913525, 0.9138833333333334, 0.91305, 0.9162472222222222, 0.9158833333333334, 0.9173361111111111, 0.9186361111111111, 0.9188138888888889], 'train_f1': [0.7988894474197329, 0.8399212361896136, 0.8512980047292426, 0.8641695794286847, 0.8665430697667186, 0.8660695207544581, 0.8698347367400556, 0.8741758426761824, 0.872423968940551, 0.8755176621723925, 0.8726410116523579, 0.8793935434165074, 0.8800603802358816, 0.8783066821155605, 0.8823231100904477, 0.882394724237435, 0.8849507339557536, 0.8861946135653536, 0.8877990351095886], 'train_mae': [0.19240555555555555, 0.16729166666666667, 0.16073055555555554, 0.14805277777777778, 0.14751944444444445, 0.15, 0.14299444444444445, 0.13855555555555554, 0.13958333333333334, 0.13787777777777777, 0.13721944444444445, 0.13332222222222223, 0.13211111111111112, 0.1323527777777778, 0.12945833333333334, 0.12955, 0.1278638888888889, 0.12572222222222224, 0.12437222222222222], 'val_loss': [3.084470507136562, 4.2489124175958475, 5.406110669520864, 5.502501624592564, 5.418564708776642, 5.275474608237284, 5.035311241819148, 5.1071578219898965, 5.404582576417086, 5.945851778733103, 5.985801032886171, 6.113169610207541, 6.435301586954218, 6.254967338495087, 6.423224691424453, 6.517977264805844, 6.470918019947253, 6.4786164558142945, 6.433532940713983], 'val_accuracy': [0.5710087719298246, 0.6200438596491228, 0.6241228070175439, 0.6423245614035087, 0.645, 0.6439035087719298, 0.6331140350877194, 0.6461842105263158, 0.634517543859649, 0.6449122807017543, 0.644561403508772, 0.6472368421052631, 0.648421052631579, 0.6470175438596492, 0.6428070175438597, 0.6476754385964912, 0.651578947368421, 0.6498684210526315, 0.6603947368421053], 'val_f1': [0.49404148268330544, 0.5361087550142265, 0.5416771311915775, 0.555947563351427, 0.5586536871436452, 0.5584863636557574, 0.54978684742864, 0.5595657407485729, 0.5508108839460014, 0.5593633179343827, 0.5576948710276873, 0.5608370778538908, 0.5618721590454975, 0.5601728819754037, 0.5573931870778835, 0.5608594832755471, 0.5646111984615324, 0.5625426638421109, 0.571204713356556], 'val_mae': [0.7444736842105264, 0.6622807017543859, 0.6599561403508771, 0.606578947368421, 0.5915350877192982, 0.6064473684210526, 0.6469298245614036, 0.607719298245614, 0.6495175438596491, 0.5993859649122808, 0.6149122807017544, 0.5982456140350877, 0.5972368421052632, 0.6109649122807018, 0.6265350877192982, 0.6114473684210526, 0.5842105263157895, 0.6049122807017544, 0.5628508771929825], 'jsd': [(0, 0, 0.22129893392959865, 0.22129893392959865, 0.22129893392959865, 0), (0, 0, 0.22129893392959865, 0.22129893392959865, 0.22129893392959865, 0), (0, 0, 0.22129893392959865, 0.22129893392959865, 0.22129893392959865, 0), (0, 0, 0.22129893392959865, 0.22129893392959865, 0.22129893392959865, 0), (0, 0, 0.22129893392959865, 0.22129893392959865, 0.22129893392959865, 0), (0, 0, 0.22129893392959865, 0.22129893392959865, 0.22129893392959865, 0), (0, 0, 0.22129893392959865, 0.22129893392959865, 0.22129893392959865, 0), (0, 0, 0.22129893392959865, 0.22129893392959865, 0.22129893392959865, 0), (0, 0, 0.22129893392959865, 0.22129893392959865, 0.22129893392959865, 0), (0, 0, 0.22129893392959865, 0.22129893392959865, 0.22129893392959865, 0), (0, 0, 0.22129893392959865, 0.22129893392959865, 0.22129893392959865, 0), (0, 0, 0.22129893392959865, 0.22129893392959865, 0.22129893392959865, 0), (0, 0, 0.22129893392959865, 0.22129893392959865, 0.22129893392959865, 0), (0, 0, 0.22129893392959865, 0.22129893392959865, 0.22129893392959865, 0), (0, 0, 0.22129893392959865, 0.22129893392959865, 0.22129893392959865, 0), (0, 0, 0.22129893392959865, 0.22129893392959865, 0.22129893392959865, 0), (0, 0, 0.22129893392959865, 0.22129893392959865, 0.22129893392959865, 0), (0, 0, 0.22129893392959865, 0.22129893392959865, 0.22129893392959865, 0), (0, 0, 0.22129893392959865, 0.22129893392959865, 0.22129893392959865, 0)]}}
AdaptationManager: Configuring next round...
{'client_registry': {'enabled': True, 'params': {}}, 'client_selector': {'enabled': True, 'params': {'selection_strategy': 'Resource-Based', 'selection_criteria': 'CPU', 'selection_value': 2}}, 'client_cluster': {'enabled': False, 'params': {}}, 'message_compressor': {'enabled': False, 'params': {}}, 'model_co-versioning_registry': {'enabled': False, 'params': {}}, 'multi-task_model_trainer': {'enabled': False, 'params': {}}, 'heterogeneous_data_handler': {'enabled': False, 'params': {}}}
{'client_selector': {'enabled': True}, 'client_cluster': {'enabled': False}, 'message_compressor': {'enabled': False}, 'model_co-versioning_registry': {'enabled': False}, 'multi-task_model_trainer': {'enabled': False}, 'heterogeneous_data_handler': {'enabled': False}, 'client_registry': {'enabled': True, 'params': {}}}
round 20, 3 high, 3 low, 0.0-iid clients, predicted best policy: client_selector activated ✅
Client Client 23 participates in this round. (CPU: 2, RAM: 4)
Client Client 25 participates in this round. (CPU: 2, RAM: 4)
Client Client 24 participates in this round. (CPU: 2, RAM: 4)
Client Client 28 has insufficient CPU (1). Will not participate in the next FL round.
Client Client 26 has insufficient CPU (1). Will not participate in the next FL round.
Client Client 27 has insufficient CPU (1). Will not participate in the next FL round.
Results Aggregated in 10.99 seconds.
{'TextMLP': {'train_loss': [0.3608024571498235, 0.29776404085424213, 0.27485560577578017, 0.26076998667054707, 0.25618944551679823, 0.2536408338851399, 0.24280969159669347, 0.23803969054751925, 0.2377787693467405, 0.2372342294341988, 0.23953812157909074, 0.23045014548566606, 0.2290591344177723, 0.23066836425595813, 0.22409431789649858, 0.22475567885306147, 0.22206415060096316, 0.21816011763215065, 0.21802626071042486, 0.21208296679589483], 'train_accuracy': [0.8689888888888889, 0.8893833333333333, 0.8957361111111111, 0.9027916666666667, 0.9038638888888889, 0.9034166666666666, 0.9076916666666667, 0.9097166666666666, 0.9098361111111111, 0.9106166666666666, 0.9090361111111112, 0.913525, 0.9138833333333334, 0.91305, 0.9162472222222222, 0.9158833333333334, 0.9173361111111111, 0.9186361111111111, 0.9188138888888889, 0.9214194444444445], 'train_f1': [0.7988894474197329, 0.8399212361896136, 0.8512980047292426, 0.8641695794286847, 0.8665430697667186, 0.8660695207544581, 0.8698347367400556, 0.8741758426761824, 0.872423968940551, 0.8755176621723925, 0.8726410116523579, 0.8793935434165074, 0.8800603802358816, 0.8783066821155605, 0.8823231100904477, 0.882394724237435, 0.8849507339557536, 0.8861946135653536, 0.8877990351095886, 0.88978818387256], 'train_mae': [0.19240555555555555, 0.16729166666666667, 0.16073055555555554, 0.14805277777777778, 0.14751944444444445, 0.15, 0.14299444444444445, 0.13855555555555554, 0.13958333333333334, 0.13787777777777777, 0.13721944444444445, 0.13332222222222223, 0.13211111111111112, 0.1323527777777778, 0.12945833333333334, 0.12955, 0.1278638888888889, 0.12572222222222224, 0.12437222222222222, 0.12102222222222223], 'val_loss': [3.084470507136562, 4.2489124175958475, 5.406110669520864, 5.502501624592564, 5.418564708776642, 5.275474608237284, 5.035311241819148, 5.1071578219898965, 5.404582576417086, 5.945851778733103, 5.985801032886171, 6.113169610207541, 6.435301586954218, 6.254967338495087, 6.423224691424453, 6.517977264805844, 6.470918019947253, 6.4786164558142945, 6.433532940713983, 6.649970375194885], 'val_accuracy': [0.5710087719298246, 0.6200438596491228, 0.6241228070175439, 0.6423245614035087, 0.645, 0.6439035087719298, 0.6331140350877194, 0.6461842105263158, 0.634517543859649, 0.6449122807017543, 0.644561403508772, 0.6472368421052631, 0.648421052631579, 0.6470175438596492, 0.6428070175438597, 0.6476754385964912, 0.651578947368421, 0.6498684210526315, 0.6603947368421053, 0.6506140350877193], 'val_f1': [0.49404148268330544, 0.5361087550142265, 0.5416771311915775, 0.555947563351427, 0.5586536871436452, 0.5584863636557574, 0.54978684742864, 0.5595657407485729, 0.5508108839460014, 0.5593633179343827, 0.5576948710276873, 0.5608370778538908, 0.5618721590454975, 0.5601728819754037, 0.5573931870778835, 0.5608594832755471, 0.5646111984615324, 0.5625426638421109, 0.571204713356556, 0.5636810231468345], 'val_mae': [0.7444736842105264, 0.6622807017543859, 0.6599561403508771, 0.606578947368421, 0.5915350877192982, 0.6064473684210526, 0.6469298245614036, 0.607719298245614, 0.6495175438596491, 0.5993859649122808, 0.6149122807017544, 0.5982456140350877, 0.5972368421052632, 0.6109649122807018, 0.6265350877192982, 0.6114473684210526, 0.5842105263157895, 0.6049122807017544, 0.5628508771929825, 0.5964473684210526], 'jsd': [(0, 0, 0.22129893392959865, 0.22129893392959865, 0.22129893392959865, 0), (0, 0, 0.22129893392959865, 0.22129893392959865, 0.22129893392959865, 0), (0, 0, 0.22129893392959865, 0.22129893392959865, 0.22129893392959865, 0), (0, 0, 0.22129893392959865, 0.22129893392959865, 0.22129893392959865, 0), (0, 0, 0.22129893392959865, 0.22129893392959865, 0.22129893392959865, 0), (0, 0, 0.22129893392959865, 0.22129893392959865, 0.22129893392959865, 0), (0, 0, 0.22129893392959865, 0.22129893392959865, 0.22129893392959865, 0), (0, 0, 0.22129893392959865, 0.22129893392959865, 0.22129893392959865, 0), (0, 0, 0.22129893392959865, 0.22129893392959865, 0.22129893392959865, 0), (0, 0, 0.22129893392959865, 0.22129893392959865, 0.22129893392959865, 0), (0, 0, 0.22129893392959865, 0.22129893392959865, 0.22129893392959865, 0), (0, 0, 0.22129893392959865, 0.22129893392959865, 0.22129893392959865, 0), (0, 0, 0.22129893392959865, 0.22129893392959865, 0.22129893392959865, 0), (0, 0, 0.22129893392959865, 0.22129893392959865, 0.22129893392959865, 0), (0, 0, 0.22129893392959865, 0.22129893392959865, 0.22129893392959865, 0), (0, 0, 0.22129893392959865, 0.22129893392959865, 0.22129893392959865, 0), (0, 0, 0.22129893392959865, 0.22129893392959865, 0.22129893392959865, 0), (0, 0, 0.22129893392959865, 0.22129893392959865, 0.22129893392959865, 0), (0, 0, 0.22129893392959865, 0.22129893392959865, 0.22129893392959865, 0), (0, 0, 0.22129893392959865, 0.22129893392959865, 0.22129893392959865, 0)]}}
AdaptationManager: Configuring next round...
{'client_registry': {'enabled': True, 'params': {}}, 'client_selector': {'enabled': True, 'params': {'selection_strategy': 'Resource-Based', 'selection_criteria': 'CPU', 'selection_value': 2}}, 'client_cluster': {'enabled': False, 'params': {}}, 'message_compressor': {'enabled': False, 'params': {}}, 'model_co-versioning_registry': {'enabled': False, 'params': {}}, 'multi-task_model_trainer': {'enabled': False, 'params': {}}, 'heterogeneous_data_handler': {'enabled': False, 'params': {}}}
{'client_selector': {'enabled': True}, 'client_cluster': {'enabled': False}, 'message_compressor': {'enabled': False}, 'model_co-versioning_registry': {'enabled': False}, 'multi-task_model_trainer': {'enabled': False}, 'heterogeneous_data_handler': {'enabled': False}, 'client_registry': {'enabled': True, 'params': {}}}
round 21, 3 high, 3 low, 0.0-iid clients, predicted best policy: client_selector activated ✅
