==========================================
  ___  ______  ___ ______       _ 
 / _ \ | ___ \/   ||  ___|     | |
/ /_\ \| |_/ / /| || |_ ___  __| |
|  _  ||  __/ /_| ||  _/ _ \/ _` |
| | | || |  \___  || ||  __/ (_| |
\_| |_/\_|      |_/\_| \___|\__,_| v.1.5.0

==========================================
Simulation Started!
List of the Architectural Patterns enabled:
Client Registry ✅
Message Compressor ✅
==========================================
Local parameters compressed: reduced 5269 bytes (7.14%)
Local parameters compressed: reduced 5265 bytes (7.14%)
Local parameters compressed: reduced 5288 bytes (7.17%)
Local parameters compressed: reduced 5288 bytes (7.17%)
Local parameters compressed: reduced 5257 bytes (7.12%)
Local parameters compressed: reduced 5276 bytes (7.15%)
Local parameters compressed: reduced 5283 bytes (7.16%)
Local parameters compressed: reduced 5308 bytes (7.19%)
Local parameters compressed: reduced 5251 bytes (7.12%)
Local parameters compressed: reduced 5266 bytes (7.14%)
Results Aggregated in 32.17 seconds.
{'TextMLP': {'train_loss': [0.3405774576707681], 'train_accuracy': [0.8746158333333334], 'train_f1': [0.8115840675794639], 'train_mae': [0.18700416666666667], 'val_loss': [2.9396814740833483], 'val_accuracy': [0.5829605263157895], 'val_f1': [0.5048909454844388], 'val_mae': [0.7397236842105263], 'jsd': [(0, 0, 0, 0, 0, 0, 0, 0, 0, 0)]}}
Local parameters compressed: reduced 5220 bytes (7.07%)
Local parameters compressed: reduced 5240 bytes (7.10%)
Local parameters compressed: reduced 5260 bytes (7.13%)
Local parameters compressed: reduced 5265 bytes (7.14%)
Local parameters compressed: reduced 5224 bytes (7.08%)
Local parameters compressed: reduced 5251 bytes (7.12%)
Local parameters compressed: reduced 5266 bytes (7.14%)
Local parameters compressed: reduced 5240 bytes (7.10%)
Local parameters compressed: reduced 5263 bytes (7.13%)
Local parameters compressed: reduced 5250 bytes (7.12%)
Results Aggregated in 11.09 seconds.
{'TextMLP': {'train_loss': [0.3405774576707681, 0.2897584876557191], 'train_accuracy': [0.8746158333333334, 0.8919725], 'train_f1': [0.8115840675794639, 0.8443498655614434], 'train_mae': [0.18700416666666667, 0.16477416666666667], 'val_loss': [2.9396814740833483, 4.1897220362613075], 'val_accuracy': [0.5829605263157895, 0.6150921052631578], 'val_f1': [0.5048909454844388, 0.5332995293513346], 'val_mae': [0.7397236842105263, 0.676828947368421], 'jsd': [(0, 0, 0, 0, 0, 0, 0, 0, 0, 0), (0, 0, 0, 0, 0, 0, 0, 0, 0, 0)]}}
Local parameters compressed: reduced 5239 bytes (7.10%)
Local parameters compressed: reduced 5284 bytes (7.16%)
Local parameters compressed: reduced 5251 bytes (7.12%)
Local parameters compressed: reduced 5235 bytes (7.09%)
Local parameters compressed: reduced 5246 bytes (7.11%)
Local parameters compressed: reduced 5238 bytes (7.10%)
Local parameters compressed: reduced 5216 bytes (7.07%)
Local parameters compressed: reduced 5221 bytes (7.08%)
Local parameters compressed: reduced 5207 bytes (7.06%)
Local parameters compressed: reduced 5213 bytes (7.06%)
Results Aggregated in 10.77 seconds.
{'TextMLP': {'train_loss': [0.3405774576707681, 0.2897584876557191, 0.26858184449593225], 'train_accuracy': [0.8746158333333334, 0.8919725, 0.8998025], 'train_f1': [0.8115840675794639, 0.8443498655614434, 0.8577847863363216], 'train_mae': [0.18700416666666667, 0.16477416666666667, 0.1535825], 'val_loss': [2.9396814740833483, 4.1897220362613075, 5.433024816613448], 'val_accuracy': [0.5829605263157895, 0.6150921052631578, 0.6299210526315789], 'val_f1': [0.5048909454844388, 0.5332995293513346, 0.5454336023524006], 'val_mae': [0.7397236842105263, 0.676828947368421, 0.6499342105263158], 'jsd': [(0, 0, 0, 0, 0, 0, 0, 0, 0, 0), (0, 0, 0, 0, 0, 0, 0, 0, 0, 0), (0, 0, 0, 0, 0, 0, 0, 0, 0, 0)]}}
Local parameters compressed: reduced 5238 bytes (7.10%)
Local parameters compressed: reduced 5206 bytes (7.06%)
Local parameters compressed: reduced 5198 bytes (7.04%)
Local parameters compressed: reduced 5206 bytes (7.06%)
Local parameters compressed: reduced 5219 bytes (7.07%)
Local parameters compressed: reduced 5264 bytes (7.13%)
Local parameters compressed: reduced 5247 bytes (7.11%)
Local parameters compressed: reduced 5230 bytes (7.09%)
Local parameters compressed: reduced 5224 bytes (7.08%)
Local parameters compressed: reduced 5256 bytes (7.12%)
Results Aggregated in 10.67 seconds.
{'TextMLP': {'train_loss': [0.3405774576707681, 0.2897584876557191, 0.26858184449593225, 0.2617552025139332], 'train_accuracy': [0.8746158333333334, 0.8919725, 0.8998025, 0.9015908333333333], 'train_f1': [0.8115840675794639, 0.8443498655614434, 0.8577847863363216, 0.8603343235905976], 'train_mae': [0.18700416666666667, 0.16477416666666667, 0.1535825, 0.15184083333333334], 'val_loss': [2.9396814740833483, 4.1897220362613075, 5.433024816613448, 5.9476878851840365], 'val_accuracy': [0.5829605263157895, 0.6150921052631578, 0.6299210526315789, 0.6282368421052631], 'val_f1': [0.5048909454844388, 0.5332995293513346, 0.5454336023524006, 0.5449723714379842], 'val_mae': [0.7397236842105263, 0.676828947368421, 0.6499342105263158, 0.6516184210526316], 'jsd': [(0, 0, 0, 0, 0, 0, 0, 0, 0, 0), (0, 0, 0, 0, 0, 0, 0, 0, 0, 0), (0, 0, 0, 0, 0, 0, 0, 0, 0, 0), (0, 0, 0, 0, 0, 0, 0, 0, 0, 0)]}}
Local parameters compressed: reduced 5182 bytes (7.02%)
Local parameters compressed: reduced 5222 bytes (7.08%)
Local parameters compressed: reduced 5219 bytes (7.07%)
Local parameters compressed: reduced 5242 bytes (7.10%)
Local parameters compressed: reduced 5213 bytes (7.06%)
Local parameters compressed: reduced 5177 bytes (7.02%)
Local parameters compressed: reduced 5182 bytes (7.02%)
Local parameters compressed: reduced 5209 bytes (7.06%)
Local parameters compressed: reduced 5208 bytes (7.06%)
Local parameters compressed: reduced 5206 bytes (7.06%)
Results Aggregated in 11.51 seconds.
{'TextMLP': {'train_loss': [0.3405774576707681, 0.2897584876557191, 0.26858184449593225, 0.2617552025139332, 0.2527448911400636], 'train_accuracy': [0.8746158333333334, 0.8919725, 0.8998025, 0.9015908333333333, 0.9055258333333334], 'train_f1': [0.8115840675794639, 0.8443498655614434, 0.8577847863363216, 0.8603343235905976, 0.8674198889147192], 'train_mae': [0.18700416666666667, 0.16477416666666667, 0.1535825, 0.15184083333333334, 0.14516583333333333], 'val_loss': [2.9396814740833483, 4.1897220362613075, 5.433024816613448, 5.9476878851840365, 6.106562549791837], 'val_accuracy': [0.5829605263157895, 0.6150921052631578, 0.6299210526315789, 0.6282368421052631, 0.6386184210526316], 'val_f1': [0.5048909454844388, 0.5332995293513346, 0.5454336023524006, 0.5449723714379842, 0.553483446609868], 'val_mae': [0.7397236842105263, 0.676828947368421, 0.6499342105263158, 0.6516184210526316, 0.6117631578947369], 'jsd': [(0, 0, 0, 0, 0, 0, 0, 0, 0, 0), (0, 0, 0, 0, 0, 0, 0, 0, 0, 0), (0, 0, 0, 0, 0, 0, 0, 0, 0, 0), (0, 0, 0, 0, 0, 0, 0, 0, 0, 0), (0, 0, 0, 0, 0, 0, 0, 0, 0, 0)]}}
Local parameters compressed: reduced 5193 bytes (7.04%)
Local parameters compressed: reduced 5194 bytes (7.04%)
Local parameters compressed: reduced 5159 bytes (6.99%)
Local parameters compressed: reduced 5192 bytes (7.04%)
Local parameters compressed: reduced 5163 bytes (7.00%)
Local parameters compressed: reduced 5181 bytes (7.02%)
Local parameters compressed: reduced 5170 bytes (7.01%)
Local parameters compressed: reduced 5156 bytes (6.99%)
Local parameters compressed: reduced 5223 bytes (7.08%)
Local parameters compressed: reduced 5214 bytes (7.07%)
Results Aggregated in 10.72 seconds.
{'TextMLP': {'train_loss': [0.3405774576707681, 0.2897584876557191, 0.26858184449593225, 0.2617552025139332, 0.2527448911400636, 0.24614902861316998], 'train_accuracy': [0.8746158333333334, 0.8919725, 0.8998025, 0.9015908333333333, 0.9055258333333334, 0.9072075], 'train_f1': [0.8115840675794639, 0.8443498655614434, 0.8577847863363216, 0.8603343235905976, 0.8674198889147192, 0.870182745733375], 'train_mae': [0.18700416666666667, 0.16477416666666667, 0.1535825, 0.15184083333333334, 0.14516583333333333, 0.1422625], 'val_loss': [2.9396814740833483, 4.1897220362613075, 5.433024816613448, 5.9476878851840365, 6.106562549791837, 6.164546272077058], 'val_accuracy': [0.5829605263157895, 0.6150921052631578, 0.6299210526315789, 0.6282368421052631, 0.6386184210526316, 0.6407763157894737], 'val_f1': [0.5048909454844388, 0.5332995293513346, 0.5454336023524006, 0.5449723714379842, 0.553483446609868, 0.5548943350499493], 'val_mae': [0.7397236842105263, 0.676828947368421, 0.6499342105263158, 0.6516184210526316, 0.6117631578947369, 0.6211447368421052], 'jsd': [(0, 0, 0, 0, 0, 0, 0, 0, 0, 0), (0, 0, 0, 0, 0, 0, 0, 0, 0, 0), (0, 0, 0, 0, 0, 0, 0, 0, 0, 0), (0, 0, 0, 0, 0, 0, 0, 0, 0, 0), (0, 0, 0, 0, 0, 0, 0, 0, 0, 0), (0, 0, 0, 0, 0, 0, 0, 0, 0, 0)]}}
Local parameters compressed: reduced 5131 bytes (6.95%)
Local parameters compressed: reduced 5203 bytes (7.05%)
Local parameters compressed: reduced 5125 bytes (6.95%)
Local parameters compressed: reduced 5175 bytes (7.01%)
Local parameters compressed: reduced 5206 bytes (7.06%)
Local parameters compressed: reduced 5170 bytes (7.01%)
Local parameters compressed: reduced 5177 bytes (7.02%)
Local parameters compressed: reduced 5147 bytes (6.98%)
Local parameters compressed: reduced 5161 bytes (6.99%)
Local parameters compressed: reduced 5164 bytes (7.00%)
Results Aggregated in 10.51 seconds.
{'TextMLP': {'train_loss': [0.3405774576707681, 0.2897584876557191, 0.26858184449593225, 0.2617552025139332, 0.2527448911400636, 0.24614902861316998, 0.23995489042381446], 'train_accuracy': [0.8746158333333334, 0.8919725, 0.8998025, 0.9015908333333333, 0.9055258333333334, 0.9072075, 0.9098366666666666], 'train_f1': [0.8115840675794639, 0.8443498655614434, 0.8577847863363216, 0.8603343235905976, 0.8674198889147192, 0.870182745733375, 0.8741056572539861], 'train_mae': [0.18700416666666667, 0.16477416666666667, 0.1535825, 0.15184083333333334, 0.14516583333333333, 0.1422625, 0.13925], 'val_loss': [2.9396814740833483, 4.1897220362613075, 5.433024816613448, 5.9476878851840365, 6.106562549791837, 6.164546272077058, 6.1442533456902755], 'val_accuracy': [0.5829605263157895, 0.6150921052631578, 0.6299210526315789, 0.6282368421052631, 0.6386184210526316, 0.6407763157894737, 0.6421315789473685], 'val_f1': [0.5048909454844388, 0.5332995293513346, 0.5454336023524006, 0.5449723714379842, 0.553483446609868, 0.5548943350499493, 0.5566136656951535], 'val_mae': [0.7397236842105263, 0.676828947368421, 0.6499342105263158, 0.6516184210526316, 0.6117631578947369, 0.6211447368421052, 0.6138815789473685], 'jsd': [(0, 0, 0, 0, 0, 0, 0, 0, 0, 0), (0, 0, 0, 0, 0, 0, 0, 0, 0, 0), (0, 0, 0, 0, 0, 0, 0, 0, 0, 0), (0, 0, 0, 0, 0, 0, 0, 0, 0, 0), (0, 0, 0, 0, 0, 0, 0, 0, 0, 0), (0, 0, 0, 0, 0, 0, 0, 0, 0, 0), (0, 0, 0, 0, 0, 0, 0, 0, 0, 0)]}}
Local parameters compressed: reduced 5197 bytes (7.04%)
Local parameters compressed: reduced 5173 bytes (7.01%)
Local parameters compressed: reduced 5169 bytes (7.01%)
Local parameters compressed: reduced 5142 bytes (6.97%)
Local parameters compressed: reduced 5165 bytes (7.00%)
Local parameters compressed: reduced 5148 bytes (6.98%)
Local parameters compressed: reduced 5171 bytes (7.01%)
Local parameters compressed: reduced 5135 bytes (6.96%)
Local parameters compressed: reduced 5175 bytes (7.01%)
Local parameters compressed: reduced 5179 bytes (7.02%)
Results Aggregated in 10.71 seconds.
{'TextMLP': {'train_loss': [0.3405774576707681, 0.2897584876557191, 0.26858184449593225, 0.2617552025139332, 0.2527448911400636, 0.24614902861316998, 0.23995489042381446, 0.23758191990375518], 'train_accuracy': [0.8746158333333334, 0.8919725, 0.8998025, 0.9015908333333333, 0.9055258333333334, 0.9072075, 0.9098366666666666, 0.9109433333333333], 'train_f1': [0.8115840675794639, 0.8443498655614434, 0.8577847863363216, 0.8603343235905976, 0.8674198889147192, 0.870182745733375, 0.8741056572539861, 0.8751934979680588], 'train_mae': [0.18700416666666667, 0.16477416666666667, 0.1535825, 0.15184083333333334, 0.14516583333333333, 0.1422625, 0.13925, 0.13790083333333333], 'val_loss': [2.9396814740833483, 4.1897220362613075, 5.433024816613448, 5.9476878851840365, 6.106562549791837, 6.164546272077058, 6.1442533456902755, 6.130261030096757], 'val_accuracy': [0.5829605263157895, 0.6150921052631578, 0.6299210526315789, 0.6282368421052631, 0.6386184210526316, 0.6407763157894737, 0.6421315789473685, 0.6400394736842104], 'val_f1': [0.5048909454844388, 0.5332995293513346, 0.5454336023524006, 0.5449723714379842, 0.553483446609868, 0.5548943350499493, 0.5566136656951535, 0.5551630588759546], 'val_mae': [0.7397236842105263, 0.676828947368421, 0.6499342105263158, 0.6516184210526316, 0.6117631578947369, 0.6211447368421052, 0.6138815789473685, 0.6201710526315789], 'jsd': [(0, 0, 0, 0, 0, 0, 0, 0, 0, 0), (0, 0, 0, 0, 0, 0, 0, 0, 0, 0), (0, 0, 0, 0, 0, 0, 0, 0, 0, 0), (0, 0, 0, 0, 0, 0, 0, 0, 0, 0), (0, 0, 0, 0, 0, 0, 0, 0, 0, 0), (0, 0, 0, 0, 0, 0, 0, 0, 0, 0), (0, 0, 0, 0, 0, 0, 0, 0, 0, 0), (0, 0, 0, 0, 0, 0, 0, 0, 0, 0)]}}
Local parameters compressed: reduced 5170 bytes (7.01%)
Local parameters compressed: reduced 5163 bytes (7.00%)
Local parameters compressed: reduced 5167 bytes (7.00%)
Local parameters compressed: reduced 5193 bytes (7.04%)
Local parameters compressed: reduced 5145 bytes (6.97%)
Local parameters compressed: reduced 5167 bytes (7.00%)
Local parameters compressed: reduced 5187 bytes (7.03%)
Local parameters compressed: reduced 5155 bytes (6.99%)
Local parameters compressed: reduced 5177 bytes (7.02%)
Local parameters compressed: reduced 5167 bytes (7.00%)
Results Aggregated in 9.97 seconds.
{'TextMLP': {'train_loss': [0.3405774576707681, 0.2897584876557191, 0.26858184449593225, 0.2617552025139332, 0.2527448911400636, 0.24614902861316998, 0.23995489042381446, 0.23758191990375518, 0.23536242154896259], 'train_accuracy': [0.8746158333333334, 0.8919725, 0.8998025, 0.9015908333333333, 0.9055258333333334, 0.9072075, 0.9098366666666666, 0.9109433333333333, 0.91162], 'train_f1': [0.8115840675794639, 0.8443498655614434, 0.8577847863363216, 0.8603343235905976, 0.8674198889147192, 0.870182745733375, 0.8741056572539861, 0.8751934979680588, 0.8769584053098756], 'train_mae': [0.18700416666666667, 0.16477416666666667, 0.1535825, 0.15184083333333334, 0.14516583333333333, 0.1422625, 0.13925, 0.13790083333333333, 0.13536333333333334], 'val_loss': [2.9396814740833483, 4.1897220362613075, 5.433024816613448, 5.9476878851840365, 6.106562549791837, 6.164546272077058, 6.1442533456902755, 6.130261030096757, 6.3440215794412715], 'val_accuracy': [0.5829605263157895, 0.6150921052631578, 0.6299210526315789, 0.6282368421052631, 0.6386184210526316, 0.6407763157894737, 0.6421315789473685, 0.6400394736842104, 0.6450131578947368], 'val_f1': [0.5048909454844388, 0.5332995293513346, 0.5454336023524006, 0.5449723714379842, 0.553483446609868, 0.5548943350499493, 0.5566136656951535, 0.5551630588759546, 0.5589601062769094], 'val_mae': [0.7397236842105263, 0.676828947368421, 0.6499342105263158, 0.6516184210526316, 0.6117631578947369, 0.6211447368421052, 0.6138815789473685, 0.6201710526315789, 0.6086578947368422], 'jsd': [(0, 0, 0, 0, 0, 0, 0, 0, 0, 0), (0, 0, 0, 0, 0, 0, 0, 0, 0, 0), (0, 0, 0, 0, 0, 0, 0, 0, 0, 0), (0, 0, 0, 0, 0, 0, 0, 0, 0, 0), (0, 0, 0, 0, 0, 0, 0, 0, 0, 0), (0, 0, 0, 0, 0, 0, 0, 0, 0, 0), (0, 0, 0, 0, 0, 0, 0, 0, 0, 0), (0, 0, 0, 0, 0, 0, 0, 0, 0, 0), (0, 0, 0, 0, 0, 0, 0, 0, 0, 0)]}}
Local parameters compressed: reduced 5127 bytes (6.95%)
Local parameters compressed: reduced 5137 bytes (6.96%)
Local parameters compressed: reduced 5166 bytes (7.00%)
Local parameters compressed: reduced 5136 bytes (6.96%)
Local parameters compressed: reduced 5142 bytes (6.97%)
Local parameters compressed: reduced 5215 bytes (7.07%)
Local parameters compressed: reduced 5145 bytes (6.97%)
Local parameters compressed: reduced 5186 bytes (7.03%)
Local parameters compressed: reduced 5145 bytes (6.97%)
Local parameters compressed: reduced 5114 bytes (6.93%)
Results Aggregated in 10.43 seconds.
{'TextMLP': {'train_loss': [0.3405774576707681, 0.2897584876557191, 0.26858184449593225, 0.2617552025139332, 0.2527448911400636, 0.24614902861316998, 0.23995489042381446, 0.23758191990375518, 0.23536242154896259, 0.23118913840492566], 'train_accuracy': [0.8746158333333334, 0.8919725, 0.8998025, 0.9015908333333333, 0.9055258333333334, 0.9072075, 0.9098366666666666, 0.9109433333333333, 0.91162, 0.9136875], 'train_f1': [0.8115840675794639, 0.8443498655614434, 0.8577847863363216, 0.8603343235905976, 0.8674198889147192, 0.870182745733375, 0.8741056572539861, 0.8751934979680588, 0.8769584053098756, 0.8790322764097098], 'train_mae': [0.18700416666666667, 0.16477416666666667, 0.1535825, 0.15184083333333334, 0.14516583333333333, 0.1422625, 0.13925, 0.13790083333333333, 0.13536333333333334, 0.1323475], 'val_loss': [2.9396814740833483, 4.1897220362613075, 5.433024816613448, 5.9476878851840365, 6.106562549791837, 6.164546272077058, 6.1442533456902755, 6.130261030096757, 6.3440215794412715, 6.421709685877749], 'val_accuracy': [0.5829605263157895, 0.6150921052631578, 0.6299210526315789, 0.6282368421052631, 0.6386184210526316, 0.6407763157894737, 0.6421315789473685, 0.6400394736842104, 0.6450131578947368, 0.643736842105263], 'val_f1': [0.5048909454844388, 0.5332995293513346, 0.5454336023524006, 0.5449723714379842, 0.553483446609868, 0.5548943350499493, 0.5566136656951535, 0.5551630588759546, 0.5589601062769094, 0.5577426941250196], 'val_mae': [0.7397236842105263, 0.676828947368421, 0.6499342105263158, 0.6516184210526316, 0.6117631578947369, 0.6211447368421052, 0.6138815789473685, 0.6201710526315789, 0.6086578947368422, 0.6153815789473684], 'jsd': [(0, 0, 0, 0, 0, 0, 0, 0, 0, 0), (0, 0, 0, 0, 0, 0, 0, 0, 0, 0), (0, 0, 0, 0, 0, 0, 0, 0, 0, 0), (0, 0, 0, 0, 0, 0, 0, 0, 0, 0), (0, 0, 0, 0, 0, 0, 0, 0, 0, 0), (0, 0, 0, 0, 0, 0, 0, 0, 0, 0), (0, 0, 0, 0, 0, 0, 0, 0, 0, 0), (0, 0, 0, 0, 0, 0, 0, 0, 0, 0), (0, 0, 0, 0, 0, 0, 0, 0, 0, 0), (0, 0, 0, 0, 0, 0, 0, 0, 0, 0)]}}
Local parameters compressed: reduced 5172 bytes (7.01%)
Local parameters compressed: reduced 5141 bytes (6.97%)
Local parameters compressed: reduced 5151 bytes (6.98%)
Local parameters compressed: reduced 5131 bytes (6.95%)
Local parameters compressed: reduced 5150 bytes (6.98%)
Local parameters compressed: reduced 5139 bytes (6.96%)
Local parameters compressed: reduced 5132 bytes (6.96%)
Local parameters compressed: reduced 5155 bytes (6.99%)
Local parameters compressed: reduced 5155 bytes (6.99%)
Local parameters compressed: reduced 5134 bytes (6.96%)
Results Aggregated in 10.11 seconds.
{'TextMLP': {'train_loss': [0.3405774576707681, 0.2897584876557191, 0.26858184449593225, 0.2617552025139332, 0.2527448911400636, 0.24614902861316998, 0.23995489042381446, 0.23758191990375518, 0.23536242154896259, 0.23118913840492566, 0.22870406970421472], 'train_accuracy': [0.8746158333333334, 0.8919725, 0.8998025, 0.9015908333333333, 0.9055258333333334, 0.9072075, 0.9098366666666666, 0.9109433333333333, 0.91162, 0.9136875, 0.9150925], 'train_f1': [0.8115840675794639, 0.8443498655614434, 0.8577847863363216, 0.8603343235905976, 0.8674198889147192, 0.870182745733375, 0.8741056572539861, 0.8751934979680588, 0.8769584053098756, 0.8790322764097098, 0.8803551439046031], 'train_mae': [0.18700416666666667, 0.16477416666666667, 0.1535825, 0.15184083333333334, 0.14516583333333333, 0.1422625, 0.13925, 0.13790083333333333, 0.13536333333333334, 0.1323475, 0.131135], 'val_loss': [2.9396814740833483, 4.1897220362613075, 5.433024816613448, 5.9476878851840365, 6.106562549791837, 6.164546272077058, 6.1442533456902755, 6.130261030096757, 6.3440215794412715, 6.421709685877749, 6.586861458627801], 'val_accuracy': [0.5829605263157895, 0.6150921052631578, 0.6299210526315789, 0.6282368421052631, 0.6386184210526316, 0.6407763157894737, 0.6421315789473685, 0.6400394736842104, 0.6450131578947368, 0.643736842105263, 0.6394342105263158], 'val_f1': [0.5048909454844388, 0.5332995293513346, 0.5454336023524006, 0.5449723714379842, 0.553483446609868, 0.5548943350499493, 0.5566136656951535, 0.5551630588759546, 0.5589601062769094, 0.5577426941250196, 0.5550248091227029], 'val_mae': [0.7397236842105263, 0.676828947368421, 0.6499342105263158, 0.6516184210526316, 0.6117631578947369, 0.6211447368421052, 0.6138815789473685, 0.6201710526315789, 0.6086578947368422, 0.6153815789473684, 0.6203815789473685], 'jsd': [(0, 0, 0, 0, 0, 0, 0, 0, 0, 0), (0, 0, 0, 0, 0, 0, 0, 0, 0, 0), (0, 0, 0, 0, 0, 0, 0, 0, 0, 0), (0, 0, 0, 0, 0, 0, 0, 0, 0, 0), (0, 0, 0, 0, 0, 0, 0, 0, 0, 0), (0, 0, 0, 0, 0, 0, 0, 0, 0, 0), (0, 0, 0, 0, 0, 0, 0, 0, 0, 0), (0, 0, 0, 0, 0, 0, 0, 0, 0, 0), (0, 0, 0, 0, 0, 0, 0, 0, 0, 0), (0, 0, 0, 0, 0, 0, 0, 0, 0, 0), (0, 0, 0, 0, 0, 0, 0, 0, 0, 0)]}}
Local parameters compressed: reduced 5178 bytes (7.02%)
Local parameters compressed: reduced 5157 bytes (6.99%)
Local parameters compressed: reduced 5127 bytes (6.95%)
Local parameters compressed: reduced 5192 bytes (7.04%)
Local parameters compressed: reduced 5128 bytes (6.95%)
Local parameters compressed: reduced 5141 bytes (6.97%)
Local parameters compressed: reduced 5162 bytes (7.00%)
Local parameters compressed: reduced 5140 bytes (6.97%)
Local parameters compressed: reduced 5144 bytes (6.97%)
Local parameters compressed: reduced 5133 bytes (6.96%)
Results Aggregated in 11.68 seconds.
{'TextMLP': {'train_loss': [0.3405774576707681, 0.2897584876557191, 0.26858184449593225, 0.2617552025139332, 0.2527448911400636, 0.24614902861316998, 0.23995489042381446, 0.23758191990375518, 0.23536242154896259, 0.23118913840492566, 0.22870406970421472, 0.22563264616668224], 'train_accuracy': [0.8746158333333334, 0.8919725, 0.8998025, 0.9015908333333333, 0.9055258333333334, 0.9072075, 0.9098366666666666, 0.9109433333333333, 0.91162, 0.9136875, 0.9150925, 0.9161641666666667], 'train_f1': [0.8115840675794639, 0.8443498655614434, 0.8577847863363216, 0.8603343235905976, 0.8674198889147192, 0.870182745733375, 0.8741056572539861, 0.8751934979680588, 0.8769584053098756, 0.8790322764097098, 0.8803551439046031, 0.8823153437301251], 'train_mae': [0.18700416666666667, 0.16477416666666667, 0.1535825, 0.15184083333333334, 0.14516583333333333, 0.1422625, 0.13925, 0.13790083333333333, 0.13536333333333334, 0.1323475, 0.131135, 0.12887166666666666], 'val_loss': [2.9396814740833483, 4.1897220362613075, 5.433024816613448, 5.9476878851840365, 6.106562549791837, 6.164546272077058, 6.1442533456902755, 6.130261030096757, 6.3440215794412715, 6.421709685877749, 6.586861458627801, 6.605021576429668], 'val_accuracy': [0.5829605263157895, 0.6150921052631578, 0.6299210526315789, 0.6282368421052631, 0.6386184210526316, 0.6407763157894737, 0.6421315789473685, 0.6400394736842104, 0.6450131578947368, 0.643736842105263, 0.6394342105263158, 0.644921052631579], 'val_f1': [0.5048909454844388, 0.5332995293513346, 0.5454336023524006, 0.5449723714379842, 0.553483446609868, 0.5548943350499493, 0.5566136656951535, 0.5551630588759546, 0.5589601062769094, 0.5577426941250196, 0.5550248091227029, 0.5587453429171402], 'val_mae': [0.7397236842105263, 0.676828947368421, 0.6499342105263158, 0.6516184210526316, 0.6117631578947369, 0.6211447368421052, 0.6138815789473685, 0.6201710526315789, 0.6086578947368422, 0.6153815789473684, 0.6203815789473685, 0.617], 'jsd': [(0, 0, 0, 0, 0, 0, 0, 0, 0, 0), (0, 0, 0, 0, 0, 0, 0, 0, 0, 0), (0, 0, 0, 0, 0, 0, 0, 0, 0, 0), (0, 0, 0, 0, 0, 0, 0, 0, 0, 0), (0, 0, 0, 0, 0, 0, 0, 0, 0, 0), (0, 0, 0, 0, 0, 0, 0, 0, 0, 0), (0, 0, 0, 0, 0, 0, 0, 0, 0, 0), (0, 0, 0, 0, 0, 0, 0, 0, 0, 0), (0, 0, 0, 0, 0, 0, 0, 0, 0, 0), (0, 0, 0, 0, 0, 0, 0, 0, 0, 0), (0, 0, 0, 0, 0, 0, 0, 0, 0, 0), (0, 0, 0, 0, 0, 0, 0, 0, 0, 0)]}}
Local parameters compressed: reduced 5133 bytes (6.96%)
Local parameters compressed: reduced 5118 bytes (6.94%)
Local parameters compressed: reduced 5117 bytes (6.93%)
Local parameters compressed: reduced 5141 bytes (6.97%)
Local parameters compressed: reduced 5150 bytes (6.98%)
Local parameters compressed: reduced 5143 bytes (6.97%)
Local parameters compressed: reduced 5170 bytes (7.01%)
Local parameters compressed: reduced 5123 bytes (6.94%)
Local parameters compressed: reduced 5131 bytes (6.95%)
Local parameters compressed: reduced 5149 bytes (6.98%)
Results Aggregated in 10.09 seconds.
{'TextMLP': {'train_loss': [0.3405774576707681, 0.2897584876557191, 0.26858184449593225, 0.2617552025139332, 0.2527448911400636, 0.24614902861316998, 0.23995489042381446, 0.23758191990375518, 0.23536242154896259, 0.23118913840492566, 0.22870406970421472, 0.22563264616668224, 0.22415412440637747], 'train_accuracy': [0.8746158333333334, 0.8919725, 0.8998025, 0.9015908333333333, 0.9055258333333334, 0.9072075, 0.9098366666666666, 0.9109433333333333, 0.91162, 0.9136875, 0.9150925, 0.9161641666666667, 0.9169358333333333], 'train_f1': [0.8115840675794639, 0.8443498655614434, 0.8577847863363216, 0.8603343235905976, 0.8674198889147192, 0.870182745733375, 0.8741056572539861, 0.8751934979680588, 0.8769584053098756, 0.8790322764097098, 0.8803551439046031, 0.8823153437301251, 0.8827853351646165], 'train_mae': [0.18700416666666667, 0.16477416666666667, 0.1535825, 0.15184083333333334, 0.14516583333333333, 0.1422625, 0.13925, 0.13790083333333333, 0.13536333333333334, 0.1323475, 0.131135, 0.12887166666666666, 0.12807083333333333], 'val_loss': [2.9396814740833483, 4.1897220362613075, 5.433024816613448, 5.9476878851840365, 6.106562549791837, 6.164546272077058, 6.1442533456902755, 6.130261030096757, 6.3440215794412715, 6.421709685877749, 6.586861458627801, 6.605021576429668, 6.702447739751715], 'val_accuracy': [0.5829605263157895, 0.6150921052631578, 0.6299210526315789, 0.6282368421052631, 0.6386184210526316, 0.6407763157894737, 0.6421315789473685, 0.6400394736842104, 0.6450131578947368, 0.643736842105263, 0.6394342105263158, 0.644921052631579, 0.6417631578947369], 'val_f1': [0.5048909454844388, 0.5332995293513346, 0.5454336023524006, 0.5449723714379842, 0.553483446609868, 0.5548943350499493, 0.5566136656951535, 0.5551630588759546, 0.5589601062769094, 0.5577426941250196, 0.5550248091227029, 0.5587453429171402, 0.5567023913866255], 'val_mae': [0.7397236842105263, 0.676828947368421, 0.6499342105263158, 0.6516184210526316, 0.6117631578947369, 0.6211447368421052, 0.6138815789473685, 0.6201710526315789, 0.6086578947368422, 0.6153815789473684, 0.6203815789473685, 0.617, 0.6161184210526316], 'jsd': [(0, 0, 0, 0, 0, 0, 0, 0, 0, 0), (0, 0, 0, 0, 0, 0, 0, 0, 0, 0), (0, 0, 0, 0, 0, 0, 0, 0, 0, 0), (0, 0, 0, 0, 0, 0, 0, 0, 0, 0), (0, 0, 0, 0, 0, 0, 0, 0, 0, 0), (0, 0, 0, 0, 0, 0, 0, 0, 0, 0), (0, 0, 0, 0, 0, 0, 0, 0, 0, 0), (0, 0, 0, 0, 0, 0, 0, 0, 0, 0), (0, 0, 0, 0, 0, 0, 0, 0, 0, 0), (0, 0, 0, 0, 0, 0, 0, 0, 0, 0), (0, 0, 0, 0, 0, 0, 0, 0, 0, 0), (0, 0, 0, 0, 0, 0, 0, 0, 0, 0), (0, 0, 0, 0, 0, 0, 0, 0, 0, 0)]}}
Local parameters compressed: reduced 5133 bytes (6.96%)
Local parameters compressed: reduced 5115 bytes (6.93%)
Local parameters compressed: reduced 5155 bytes (6.99%)
Local parameters compressed: reduced 5140 bytes (6.97%)
Local parameters compressed: reduced 5107 bytes (6.92%)
Local parameters compressed: reduced 5123 bytes (6.94%)
Local parameters compressed: reduced 5109 bytes (6.92%)
Local parameters compressed: reduced 5134 bytes (6.96%)
Local parameters compressed: reduced 5101 bytes (6.91%)
Local parameters compressed: reduced 5116 bytes (6.93%)
Results Aggregated in 9.94 seconds.
{'TextMLP': {'train_loss': [0.3405774576707681, 0.2897584876557191, 0.26858184449593225, 0.2617552025139332, 0.2527448911400636, 0.24614902861316998, 0.23995489042381446, 0.23758191990375518, 0.23536242154896259, 0.23118913840492566, 0.22870406970421472, 0.22563264616668224, 0.22415412440637747, 0.22590700794229904], 'train_accuracy': [0.8746158333333334, 0.8919725, 0.8998025, 0.9015908333333333, 0.9055258333333334, 0.9072075, 0.9098366666666666, 0.9109433333333333, 0.91162, 0.9136875, 0.9150925, 0.9161641666666667, 0.9169358333333333, 0.9160358333333334], 'train_f1': [0.8115840675794639, 0.8443498655614434, 0.8577847863363216, 0.8603343235905976, 0.8674198889147192, 0.870182745733375, 0.8741056572539861, 0.8751934979680588, 0.8769584053098756, 0.8790322764097098, 0.8803551439046031, 0.8823153437301251, 0.8827853351646165, 0.8825365907553541], 'train_mae': [0.18700416666666667, 0.16477416666666667, 0.1535825, 0.15184083333333334, 0.14516583333333333, 0.1422625, 0.13925, 0.13790083333333333, 0.13536333333333334, 0.1323475, 0.131135, 0.12887166666666666, 0.12807083333333333, 0.1285825], 'val_loss': [2.9396814740833483, 4.1897220362613075, 5.433024816613448, 5.9476878851840365, 6.106562549791837, 6.164546272077058, 6.1442533456902755, 6.130261030096757, 6.3440215794412715, 6.421709685877749, 6.586861458627801, 6.605021576429668, 6.702447739751715, 6.720506866153918], 'val_accuracy': [0.5829605263157895, 0.6150921052631578, 0.6299210526315789, 0.6282368421052631, 0.6386184210526316, 0.6407763157894737, 0.6421315789473685, 0.6400394736842104, 0.6450131578947368, 0.643736842105263, 0.6394342105263158, 0.644921052631579, 0.6417631578947369, 0.6485131578947368], 'val_f1': [0.5048909454844388, 0.5332995293513346, 0.5454336023524006, 0.5449723714379842, 0.553483446609868, 0.5548943350499493, 0.5566136656951535, 0.5551630588759546, 0.5589601062769094, 0.5577426941250196, 0.5550248091227029, 0.5587453429171402, 0.5567023913866255, 0.5619175197325167], 'val_mae': [0.7397236842105263, 0.676828947368421, 0.6499342105263158, 0.6516184210526316, 0.6117631578947369, 0.6211447368421052, 0.6138815789473685, 0.6201710526315789, 0.6086578947368422, 0.6153815789473684, 0.6203815789473685, 0.617, 0.6161184210526316, 0.5944605263157895], 'jsd': [(0, 0, 0, 0, 0, 0, 0, 0, 0, 0), (0, 0, 0, 0, 0, 0, 0, 0, 0, 0), (0, 0, 0, 0, 0, 0, 0, 0, 0, 0), (0, 0, 0, 0, 0, 0, 0, 0, 0, 0), (0, 0, 0, 0, 0, 0, 0, 0, 0, 0), (0, 0, 0, 0, 0, 0, 0, 0, 0, 0), (0, 0, 0, 0, 0, 0, 0, 0, 0, 0), (0, 0, 0, 0, 0, 0, 0, 0, 0, 0), (0, 0, 0, 0, 0, 0, 0, 0, 0, 0), (0, 0, 0, 0, 0, 0, 0, 0, 0, 0), (0, 0, 0, 0, 0, 0, 0, 0, 0, 0), (0, 0, 0, 0, 0, 0, 0, 0, 0, 0), (0, 0, 0, 0, 0, 0, 0, 0, 0, 0), (0, 0, 0, 0, 0, 0, 0, 0, 0, 0)]}}
Local parameters compressed: reduced 5147 bytes (6.98%)
Local parameters compressed: reduced 5143 bytes (6.97%)
Local parameters compressed: reduced 5110 bytes (6.93%)
Local parameters compressed: reduced 5128 bytes (6.95%)
Local parameters compressed: reduced 5160 bytes (6.99%)
Local parameters compressed: reduced 5135 bytes (6.96%)
Local parameters compressed: reduced 5114 bytes (6.93%)
Local parameters compressed: reduced 5172 bytes (7.01%)
Local parameters compressed: reduced 5100 bytes (6.91%)
Local parameters compressed: reduced 5143 bytes (6.97%)
Results Aggregated in 10.08 seconds.
{'TextMLP': {'train_loss': [0.3405774576707681, 0.2897584876557191, 0.26858184449593225, 0.2617552025139332, 0.2527448911400636, 0.24614902861316998, 0.23995489042381446, 0.23758191990375518, 0.23536242154896259, 0.23118913840492566, 0.22870406970421472, 0.22563264616668224, 0.22415412440637747, 0.22590700794229904, 0.21664839036524297], 'train_accuracy': [0.8746158333333334, 0.8919725, 0.8998025, 0.9015908333333333, 0.9055258333333334, 0.9072075, 0.9098366666666666, 0.9109433333333333, 0.91162, 0.9136875, 0.9150925, 0.9161641666666667, 0.9169358333333333, 0.9160358333333334, 0.9201191666666667], 'train_f1': [0.8115840675794639, 0.8443498655614434, 0.8577847863363216, 0.8603343235905976, 0.8674198889147192, 0.870182745733375, 0.8741056572539861, 0.8751934979680588, 0.8769584053098756, 0.8790322764097098, 0.8803551439046031, 0.8823153437301251, 0.8827853351646165, 0.8825365907553541, 0.8878114004336684], 'train_mae': [0.18700416666666667, 0.16477416666666667, 0.1535825, 0.15184083333333334, 0.14516583333333333, 0.1422625, 0.13925, 0.13790083333333333, 0.13536333333333334, 0.1323475, 0.131135, 0.12887166666666666, 0.12807083333333333, 0.1285825, 0.1231675], 'val_loss': [2.9396814740833483, 4.1897220362613075, 5.433024816613448, 5.9476878851840365, 6.106562549791837, 6.164546272077058, 6.1442533456902755, 6.130261030096757, 6.3440215794412715, 6.421709685877749, 6.586861458627801, 6.605021576429668, 6.702447739751715, 6.720506866153918, 6.611500292025115], 'val_accuracy': [0.5829605263157895, 0.6150921052631578, 0.6299210526315789, 0.6282368421052631, 0.6386184210526316, 0.6407763157894737, 0.6421315789473685, 0.6400394736842104, 0.6450131578947368, 0.643736842105263, 0.6394342105263158, 0.644921052631579, 0.6417631578947369, 0.6485131578947368, 0.6498815789473684], 'val_f1': [0.5048909454844388, 0.5332995293513346, 0.5454336023524006, 0.5449723714379842, 0.553483446609868, 0.5548943350499493, 0.5566136656951535, 0.5551630588759546, 0.5589601062769094, 0.5577426941250196, 0.5550248091227029, 0.5587453429171402, 0.5567023913866255, 0.5619175197325167, 0.5631417923789214], 'val_mae': [0.7397236842105263, 0.676828947368421, 0.6499342105263158, 0.6516184210526316, 0.6117631578947369, 0.6211447368421052, 0.6138815789473685, 0.6201710526315789, 0.6086578947368422, 0.6153815789473684, 0.6203815789473685, 0.617, 0.6161184210526316, 0.5944605263157895, 0.5961973684210526], 'jsd': [(0, 0, 0, 0, 0, 0, 0, 0, 0, 0), (0, 0, 0, 0, 0, 0, 0, 0, 0, 0), (0, 0, 0, 0, 0, 0, 0, 0, 0, 0), (0, 0, 0, 0, 0, 0, 0, 0, 0, 0), (0, 0, 0, 0, 0, 0, 0, 0, 0, 0), (0, 0, 0, 0, 0, 0, 0, 0, 0, 0), (0, 0, 0, 0, 0, 0, 0, 0, 0, 0), (0, 0, 0, 0, 0, 0, 0, 0, 0, 0), (0, 0, 0, 0, 0, 0, 0, 0, 0, 0), (0, 0, 0, 0, 0, 0, 0, 0, 0, 0), (0, 0, 0, 0, 0, 0, 0, 0, 0, 0), (0, 0, 0, 0, 0, 0, 0, 0, 0, 0), (0, 0, 0, 0, 0, 0, 0, 0, 0, 0), (0, 0, 0, 0, 0, 0, 0, 0, 0, 0), (0, 0, 0, 0, 0, 0, 0, 0, 0, 0)]}}
Local parameters compressed: reduced 5094 bytes (6.90%)
Local parameters compressed: reduced 5137 bytes (6.96%)
Local parameters compressed: reduced 5113 bytes (6.93%)
Local parameters compressed: reduced 5103 bytes (6.92%)
Local parameters compressed: reduced 5112 bytes (6.93%)
Local parameters compressed: reduced 5112 bytes (6.93%)
Local parameters compressed: reduced 5130 bytes (6.95%)
Local parameters compressed: reduced 5072 bytes (6.87%)
Local parameters compressed: reduced 5128 bytes (6.95%)
Local parameters compressed: reduced 5123 bytes (6.94%)
Results Aggregated in 10.11 seconds.
{'TextMLP': {'train_loss': [0.3405774576707681, 0.2897584876557191, 0.26858184449593225, 0.2617552025139332, 0.2527448911400636, 0.24614902861316998, 0.23995489042381446, 0.23758191990375518, 0.23536242154896259, 0.23118913840492566, 0.22870406970421472, 0.22563264616668224, 0.22415412440637747, 0.22590700794229904, 0.21664839036524297, 0.21424189251263936], 'train_accuracy': [0.8746158333333334, 0.8919725, 0.8998025, 0.9015908333333333, 0.9055258333333334, 0.9072075, 0.9098366666666666, 0.9109433333333333, 0.91162, 0.9136875, 0.9150925, 0.9161641666666667, 0.9169358333333333, 0.9160358333333334, 0.9201191666666667, 0.9207108333333334], 'train_f1': [0.8115840675794639, 0.8443498655614434, 0.8577847863363216, 0.8603343235905976, 0.8674198889147192, 0.870182745733375, 0.8741056572539861, 0.8751934979680588, 0.8769584053098756, 0.8790322764097098, 0.8803551439046031, 0.8823153437301251, 0.8827853351646165, 0.8825365907553541, 0.8878114004336684, 0.887897980544318], 'train_mae': [0.18700416666666667, 0.16477416666666667, 0.1535825, 0.15184083333333334, 0.14516583333333333, 0.1422625, 0.13925, 0.13790083333333333, 0.13536333333333334, 0.1323475, 0.131135, 0.12887166666666666, 0.12807083333333333, 0.1285825, 0.1231675, 0.12207833333333333], 'val_loss': [2.9396814740833483, 4.1897220362613075, 5.433024816613448, 5.9476878851840365, 6.106562549791837, 6.164546272077058, 6.1442533456902755, 6.130261030096757, 6.3440215794412715, 6.421709685877749, 6.586861458627801, 6.605021576429668, 6.702447739751715, 6.720506866153918, 6.611500292025115, 6.576660849219874], 'val_accuracy': [0.5829605263157895, 0.6150921052631578, 0.6299210526315789, 0.6282368421052631, 0.6386184210526316, 0.6407763157894737, 0.6421315789473685, 0.6400394736842104, 0.6450131578947368, 0.643736842105263, 0.6394342105263158, 0.644921052631579, 0.6417631578947369, 0.6485131578947368, 0.6498815789473684, 0.6471315789473685], 'val_f1': [0.5048909454844388, 0.5332995293513346, 0.5454336023524006, 0.5449723714379842, 0.553483446609868, 0.5548943350499493, 0.5566136656951535, 0.5551630588759546, 0.5589601062769094, 0.5577426941250196, 0.5550248091227029, 0.5587453429171402, 0.5567023913866255, 0.5619175197325167, 0.5631417923789214, 0.5606020699403423], 'val_mae': [0.7397236842105263, 0.676828947368421, 0.6499342105263158, 0.6516184210526316, 0.6117631578947369, 0.6211447368421052, 0.6138815789473685, 0.6201710526315789, 0.6086578947368422, 0.6153815789473684, 0.6203815789473685, 0.617, 0.6161184210526316, 0.5944605263157895, 0.5961973684210526, 0.6168947368421053], 'jsd': [(0, 0, 0, 0, 0, 0, 0, 0, 0, 0), (0, 0, 0, 0, 0, 0, 0, 0, 0, 0), (0, 0, 0, 0, 0, 0, 0, 0, 0, 0), (0, 0, 0, 0, 0, 0, 0, 0, 0, 0), (0, 0, 0, 0, 0, 0, 0, 0, 0, 0), (0, 0, 0, 0, 0, 0, 0, 0, 0, 0), (0, 0, 0, 0, 0, 0, 0, 0, 0, 0), (0, 0, 0, 0, 0, 0, 0, 0, 0, 0), (0, 0, 0, 0, 0, 0, 0, 0, 0, 0), (0, 0, 0, 0, 0, 0, 0, 0, 0, 0), (0, 0, 0, 0, 0, 0, 0, 0, 0, 0), (0, 0, 0, 0, 0, 0, 0, 0, 0, 0), (0, 0, 0, 0, 0, 0, 0, 0, 0, 0), (0, 0, 0, 0, 0, 0, 0, 0, 0, 0), (0, 0, 0, 0, 0, 0, 0, 0, 0, 0), (0, 0, 0, 0, 0, 0, 0, 0, 0, 0)]}}
Local parameters compressed: reduced 5116 bytes (6.93%)
Local parameters compressed: reduced 5119 bytes (6.94%)
Local parameters compressed: reduced 5089 bytes (6.90%)
Local parameters compressed: reduced 5117 bytes (6.93%)
Local parameters compressed: reduced 5120 bytes (6.94%)
Local parameters compressed: reduced 5110 bytes (6.93%)
Local parameters compressed: reduced 5117 bytes (6.93%)
Local parameters compressed: reduced 5075 bytes (6.88%)
Local parameters compressed: reduced 5083 bytes (6.89%)
Local parameters compressed: reduced 5084 bytes (6.89%)
Results Aggregated in 10.06 seconds.
{'TextMLP': {'train_loss': [0.3405774576707681, 0.2897584876557191, 0.26858184449593225, 0.2617552025139332, 0.2527448911400636, 0.24614902861316998, 0.23995489042381446, 0.23758191990375518, 0.23536242154896259, 0.23118913840492566, 0.22870406970421472, 0.22563264616668224, 0.22415412440637747, 0.22590700794229904, 0.21664839036524297, 0.21424189251263936, 0.21307711360315482], 'train_accuracy': [0.8746158333333334, 0.8919725, 0.8998025, 0.9015908333333333, 0.9055258333333334, 0.9072075, 0.9098366666666666, 0.9109433333333333, 0.91162, 0.9136875, 0.9150925, 0.9161641666666667, 0.9169358333333333, 0.9160358333333334, 0.9201191666666667, 0.9207108333333334, 0.9215066666666667], 'train_f1': [0.8115840675794639, 0.8443498655614434, 0.8577847863363216, 0.8603343235905976, 0.8674198889147192, 0.870182745733375, 0.8741056572539861, 0.8751934979680588, 0.8769584053098756, 0.8790322764097098, 0.8803551439046031, 0.8823153437301251, 0.8827853351646165, 0.8825365907553541, 0.8878114004336684, 0.887897980544318, 0.8893469984902626], 'train_mae': [0.18700416666666667, 0.16477416666666667, 0.1535825, 0.15184083333333334, 0.14516583333333333, 0.1422625, 0.13925, 0.13790083333333333, 0.13536333333333334, 0.1323475, 0.131135, 0.12887166666666666, 0.12807083333333333, 0.1285825, 0.1231675, 0.12207833333333333, 0.12139166666666666], 'val_loss': [2.9396814740833483, 4.1897220362613075, 5.433024816613448, 5.9476878851840365, 6.106562549791837, 6.164546272077058, 6.1442533456902755, 6.130261030096757, 6.3440215794412715, 6.421709685877749, 6.586861458627801, 6.605021576429668, 6.702447739751715, 6.720506866153918, 6.611500292025115, 6.576660849219874, 6.5879264917875595], 'val_accuracy': [0.5829605263157895, 0.6150921052631578, 0.6299210526315789, 0.6282368421052631, 0.6386184210526316, 0.6407763157894737, 0.6421315789473685, 0.6400394736842104, 0.6450131578947368, 0.643736842105263, 0.6394342105263158, 0.644921052631579, 0.6417631578947369, 0.6485131578947368, 0.6498815789473684, 0.6471315789473685, 0.6500921052631579], 'val_f1': [0.5048909454844388, 0.5332995293513346, 0.5454336023524006, 0.5449723714379842, 0.553483446609868, 0.5548943350499493, 0.5566136656951535, 0.5551630588759546, 0.5589601062769094, 0.5577426941250196, 0.5550248091227029, 0.5587453429171402, 0.5567023913866255, 0.5619175197325167, 0.5631417923789214, 0.5606020699403423, 0.5632831276917667], 'val_mae': [0.7397236842105263, 0.676828947368421, 0.6499342105263158, 0.6516184210526316, 0.6117631578947369, 0.6211447368421052, 0.6138815789473685, 0.6201710526315789, 0.6086578947368422, 0.6153815789473684, 0.6203815789473685, 0.617, 0.6161184210526316, 0.5944605263157895, 0.5961973684210526, 0.6168947368421053, 0.5986578947368422], 'jsd': [(0, 0, 0, 0, 0, 0, 0, 0, 0, 0), (0, 0, 0, 0, 0, 0, 0, 0, 0, 0), (0, 0, 0, 0, 0, 0, 0, 0, 0, 0), (0, 0, 0, 0, 0, 0, 0, 0, 0, 0), (0, 0, 0, 0, 0, 0, 0, 0, 0, 0), (0, 0, 0, 0, 0, 0, 0, 0, 0, 0), (0, 0, 0, 0, 0, 0, 0, 0, 0, 0), (0, 0, 0, 0, 0, 0, 0, 0, 0, 0), (0, 0, 0, 0, 0, 0, 0, 0, 0, 0), (0, 0, 0, 0, 0, 0, 0, 0, 0, 0), (0, 0, 0, 0, 0, 0, 0, 0, 0, 0), (0, 0, 0, 0, 0, 0, 0, 0, 0, 0), (0, 0, 0, 0, 0, 0, 0, 0, 0, 0), (0, 0, 0, 0, 0, 0, 0, 0, 0, 0), (0, 0, 0, 0, 0, 0, 0, 0, 0, 0), (0, 0, 0, 0, 0, 0, 0, 0, 0, 0), (0, 0, 0, 0, 0, 0, 0, 0, 0, 0)]}}
Local parameters compressed: reduced 5089 bytes (6.90%)
Local parameters compressed: reduced 5107 bytes (6.92%)
Local parameters compressed: reduced 5088 bytes (6.90%)
Local parameters compressed: reduced 5104 bytes (6.92%)
Local parameters compressed: reduced 5101 bytes (6.91%)
Local parameters compressed: reduced 5116 bytes (6.93%)
Local parameters compressed: reduced 5124 bytes (6.94%)
Local parameters compressed: reduced 5144 bytes (6.97%)
Local parameters compressed: reduced 5111 bytes (6.93%)
Local parameters compressed: reduced 5093 bytes (6.90%)
Results Aggregated in 10.83 seconds.
{'TextMLP': {'train_loss': [0.3405774576707681, 0.2897584876557191, 0.26858184449593225, 0.2617552025139332, 0.2527448911400636, 0.24614902861316998, 0.23995489042381446, 0.23758191990375518, 0.23536242154896259, 0.23118913840492566, 0.22870406970421472, 0.22563264616668224, 0.22415412440637747, 0.22590700794229904, 0.21664839036524297, 0.21424189251263936, 0.21307711360315482, 0.20825987201690674], 'train_accuracy': [0.8746158333333334, 0.8919725, 0.8998025, 0.9015908333333333, 0.9055258333333334, 0.9072075, 0.9098366666666666, 0.9109433333333333, 0.91162, 0.9136875, 0.9150925, 0.9161641666666667, 0.9169358333333333, 0.9160358333333334, 0.9201191666666667, 0.9207108333333334, 0.9215066666666667, 0.9229533333333333], 'train_f1': [0.8115840675794639, 0.8443498655614434, 0.8577847863363216, 0.8603343235905976, 0.8674198889147192, 0.870182745733375, 0.8741056572539861, 0.8751934979680588, 0.8769584053098756, 0.8790322764097098, 0.8803551439046031, 0.8823153437301251, 0.8827853351646165, 0.8825365907553541, 0.8878114004336684, 0.887897980544318, 0.8893469984902626, 0.8911467345872535], 'train_mae': [0.18700416666666667, 0.16477416666666667, 0.1535825, 0.15184083333333334, 0.14516583333333333, 0.1422625, 0.13925, 0.13790083333333333, 0.13536333333333334, 0.1323475, 0.131135, 0.12887166666666666, 0.12807083333333333, 0.1285825, 0.1231675, 0.12207833333333333, 0.12139166666666666, 0.11886583333333334], 'val_loss': [2.9396814740833483, 4.1897220362613075, 5.433024816613448, 5.9476878851840365, 6.106562549791837, 6.164546272077058, 6.1442533456902755, 6.130261030096757, 6.3440215794412715, 6.421709685877749, 6.586861458627801, 6.605021576429668, 6.702447739751715, 6.720506866153918, 6.611500292025115, 6.576660849219874, 6.5879264917875595, 6.6388562678286895], 'val_accuracy': [0.5829605263157895, 0.6150921052631578, 0.6299210526315789, 0.6282368421052631, 0.6386184210526316, 0.6407763157894737, 0.6421315789473685, 0.6400394736842104, 0.6450131578947368, 0.643736842105263, 0.6394342105263158, 0.644921052631579, 0.6417631578947369, 0.6485131578947368, 0.6498815789473684, 0.6471315789473685, 0.6500921052631579, 0.6486842105263159], 'val_f1': [0.5048909454844388, 0.5332995293513346, 0.5454336023524006, 0.5449723714379842, 0.553483446609868, 0.5548943350499493, 0.5566136656951535, 0.5551630588759546, 0.5589601062769094, 0.5577426941250196, 0.5550248091227029, 0.5587453429171402, 0.5567023913866255, 0.5619175197325167, 0.5631417923789214, 0.5606020699403423, 0.5632831276917667, 0.5623366019965992], 'val_mae': [0.7397236842105263, 0.676828947368421, 0.6499342105263158, 0.6516184210526316, 0.6117631578947369, 0.6211447368421052, 0.6138815789473685, 0.6201710526315789, 0.6086578947368422, 0.6153815789473684, 0.6203815789473685, 0.617, 0.6161184210526316, 0.5944605263157895, 0.5961973684210526, 0.6168947368421053, 0.5986578947368422, 0.6027236842105264], 'jsd': [(0, 0, 0, 0, 0, 0, 0, 0, 0, 0), (0, 0, 0, 0, 0, 0, 0, 0, 0, 0), (0, 0, 0, 0, 0, 0, 0, 0, 0, 0), (0, 0, 0, 0, 0, 0, 0, 0, 0, 0), (0, 0, 0, 0, 0, 0, 0, 0, 0, 0), (0, 0, 0, 0, 0, 0, 0, 0, 0, 0), (0, 0, 0, 0, 0, 0, 0, 0, 0, 0), (0, 0, 0, 0, 0, 0, 0, 0, 0, 0), (0, 0, 0, 0, 0, 0, 0, 0, 0, 0), (0, 0, 0, 0, 0, 0, 0, 0, 0, 0), (0, 0, 0, 0, 0, 0, 0, 0, 0, 0), (0, 0, 0, 0, 0, 0, 0, 0, 0, 0), (0, 0, 0, 0, 0, 0, 0, 0, 0, 0), (0, 0, 0, 0, 0, 0, 0, 0, 0, 0), (0, 0, 0, 0, 0, 0, 0, 0, 0, 0), (0, 0, 0, 0, 0, 0, 0, 0, 0, 0), (0, 0, 0, 0, 0, 0, 0, 0, 0, 0), (0, 0, 0, 0, 0, 0, 0, 0, 0, 0)]}}
Local parameters compressed: reduced 5098 bytes (6.91%)
Local parameters compressed: reduced 5110 bytes (6.93%)
Local parameters compressed: reduced 5083 bytes (6.89%)
Local parameters compressed: reduced 5078 bytes (6.88%)
Local parameters compressed: reduced 5097 bytes (6.91%)
Local parameters compressed: reduced 5139 bytes (6.96%)
Local parameters compressed: reduced 5121 bytes (6.94%)
Local parameters compressed: reduced 5092 bytes (6.90%)
Local parameters compressed: reduced 5102 bytes (6.91%)
Local parameters compressed: reduced 5094 bytes (6.90%)
Results Aggregated in 10.95 seconds.
{'TextMLP': {'train_loss': [0.3405774576707681, 0.2897584876557191, 0.26858184449593225, 0.2617552025139332, 0.2527448911400636, 0.24614902861316998, 0.23995489042381446, 0.23758191990375518, 0.23536242154896259, 0.23118913840492566, 0.22870406970421472, 0.22563264616668224, 0.22415412440637747, 0.22590700794229904, 0.21664839036524297, 0.21424189251263936, 0.21307711360315482, 0.20825987201690674, 0.2042180722498894], 'train_accuracy': [0.8746158333333334, 0.8919725, 0.8998025, 0.9015908333333333, 0.9055258333333334, 0.9072075, 0.9098366666666666, 0.9109433333333333, 0.91162, 0.9136875, 0.9150925, 0.9161641666666667, 0.9169358333333333, 0.9160358333333334, 0.9201191666666667, 0.9207108333333334, 0.9215066666666667, 0.9229533333333333, 0.9248458333333334], 'train_f1': [0.8115840675794639, 0.8443498655614434, 0.8577847863363216, 0.8603343235905976, 0.8674198889147192, 0.870182745733375, 0.8741056572539861, 0.8751934979680588, 0.8769584053098756, 0.8790322764097098, 0.8803551439046031, 0.8823153437301251, 0.8827853351646165, 0.8825365907553541, 0.8878114004336684, 0.887897980544318, 0.8893469984902626, 0.8911467345872535, 0.8938696993659031], 'train_mae': [0.18700416666666667, 0.16477416666666667, 0.1535825, 0.15184083333333334, 0.14516583333333333, 0.1422625, 0.13925, 0.13790083333333333, 0.13536333333333334, 0.1323475, 0.131135, 0.12887166666666666, 0.12807083333333333, 0.1285825, 0.1231675, 0.12207833333333333, 0.12139166666666666, 0.11886583333333334, 0.11588], 'val_loss': [2.9396814740833483, 4.1897220362613075, 5.433024816613448, 5.9476878851840365, 6.106562549791837, 6.164546272077058, 6.1442533456902755, 6.130261030096757, 6.3440215794412715, 6.421709685877749, 6.586861458627801, 6.605021576429668, 6.702447739751715, 6.720506866153918, 6.611500292025115, 6.576660849219874, 6.5879264917875595, 6.6388562678286895, 6.737788888027794], 'val_accuracy': [0.5829605263157895, 0.6150921052631578, 0.6299210526315789, 0.6282368421052631, 0.6386184210526316, 0.6407763157894737, 0.6421315789473685, 0.6400394736842104, 0.6450131578947368, 0.643736842105263, 0.6394342105263158, 0.644921052631579, 0.6417631578947369, 0.6485131578947368, 0.6498815789473684, 0.6471315789473685, 0.6500921052631579, 0.6486842105263159, 0.6525131578947369], 'val_f1': [0.5048909454844388, 0.5332995293513346, 0.5454336023524006, 0.5449723714379842, 0.553483446609868, 0.5548943350499493, 0.5566136656951535, 0.5551630588759546, 0.5589601062769094, 0.5577426941250196, 0.5550248091227029, 0.5587453429171402, 0.5567023913866255, 0.5619175197325167, 0.5631417923789214, 0.5606020699403423, 0.5632831276917667, 0.5623366019965992, 0.5652778711494579], 'val_mae': [0.7397236842105263, 0.676828947368421, 0.6499342105263158, 0.6516184210526316, 0.6117631578947369, 0.6211447368421052, 0.6138815789473685, 0.6201710526315789, 0.6086578947368422, 0.6153815789473684, 0.6203815789473685, 0.617, 0.6161184210526316, 0.5944605263157895, 0.5961973684210526, 0.6168947368421053, 0.5986578947368422, 0.6027236842105264, 0.5946184210526315], 'jsd': [(0, 0, 0, 0, 0, 0, 0, 0, 0, 0), (0, 0, 0, 0, 0, 0, 0, 0, 0, 0), (0, 0, 0, 0, 0, 0, 0, 0, 0, 0), (0, 0, 0, 0, 0, 0, 0, 0, 0, 0), (0, 0, 0, 0, 0, 0, 0, 0, 0, 0), (0, 0, 0, 0, 0, 0, 0, 0, 0, 0), (0, 0, 0, 0, 0, 0, 0, 0, 0, 0), (0, 0, 0, 0, 0, 0, 0, 0, 0, 0), (0, 0, 0, 0, 0, 0, 0, 0, 0, 0), (0, 0, 0, 0, 0, 0, 0, 0, 0, 0), (0, 0, 0, 0, 0, 0, 0, 0, 0, 0), (0, 0, 0, 0, 0, 0, 0, 0, 0, 0), (0, 0, 0, 0, 0, 0, 0, 0, 0, 0), (0, 0, 0, 0, 0, 0, 0, 0, 0, 0), (0, 0, 0, 0, 0, 0, 0, 0, 0, 0), (0, 0, 0, 0, 0, 0, 0, 0, 0, 0), (0, 0, 0, 0, 0, 0, 0, 0, 0, 0), (0, 0, 0, 0, 0, 0, 0, 0, 0, 0), (0, 0, 0, 0, 0, 0, 0, 0, 0, 0)]}}
Local parameters compressed: reduced 5106 bytes (6.92%)
Local parameters compressed: reduced 5081 bytes (6.89%)
Local parameters compressed: reduced 5109 bytes (6.92%)
Local parameters compressed: reduced 5098 bytes (6.91%)
Local parameters compressed: reduced 5116 bytes (6.93%)
Local parameters compressed: reduced 5097 bytes (6.91%)
Local parameters compressed: reduced 5121 bytes (6.94%)
Local parameters compressed: reduced 5094 bytes (6.90%)
Local parameters compressed: reduced 5088 bytes (6.90%)
Local parameters compressed: reduced 5107 bytes (6.92%)
Results Aggregated in 10.58 seconds.
{'TextMLP': {'train_loss': [0.3405774576707681, 0.2897584876557191, 0.26858184449593225, 0.2617552025139332, 0.2527448911400636, 0.24614902861316998, 0.23995489042381446, 0.23758191990375518, 0.23536242154896259, 0.23118913840492566, 0.22870406970421472, 0.22563264616668224, 0.22415412440637747, 0.22590700794229904, 0.21664839036524297, 0.21424189251263936, 0.21307711360315482, 0.20825987201690674, 0.2042180722498894, 0.20377703717052936], 'train_accuracy': [0.8746158333333334, 0.8919725, 0.8998025, 0.9015908333333333, 0.9055258333333334, 0.9072075, 0.9098366666666666, 0.9109433333333333, 0.91162, 0.9136875, 0.9150925, 0.9161641666666667, 0.9169358333333333, 0.9160358333333334, 0.9201191666666667, 0.9207108333333334, 0.9215066666666667, 0.9229533333333333, 0.9248458333333334, 0.9248875], 'train_f1': [0.8115840675794639, 0.8443498655614434, 0.8577847863363216, 0.8603343235905976, 0.8674198889147192, 0.870182745733375, 0.8741056572539861, 0.8751934979680588, 0.8769584053098756, 0.8790322764097098, 0.8803551439046031, 0.8823153437301251, 0.8827853351646165, 0.8825365907553541, 0.8878114004336684, 0.887897980544318, 0.8893469984902626, 0.8911467345872535, 0.8938696993659031, 0.8944069658902103], 'train_mae': [0.18700416666666667, 0.16477416666666667, 0.1535825, 0.15184083333333334, 0.14516583333333333, 0.1422625, 0.13925, 0.13790083333333333, 0.13536333333333334, 0.1323475, 0.131135, 0.12887166666666666, 0.12807083333333333, 0.1285825, 0.1231675, 0.12207833333333333, 0.12139166666666666, 0.11886583333333334, 0.11588, 0.11532583333333334], 'val_loss': [2.9396814740833483, 4.1897220362613075, 5.433024816613448, 5.9476878851840365, 6.106562549791837, 6.164546272077058, 6.1442533456902755, 6.130261030096757, 6.3440215794412715, 6.421709685877749, 6.586861458627801, 6.605021576429668, 6.702447739751715, 6.720506866153918, 6.611500292025115, 6.576660849219874, 6.5879264917875595, 6.6388562678286895, 6.737788888027794, 6.8162950531808955], 'val_accuracy': [0.5829605263157895, 0.6150921052631578, 0.6299210526315789, 0.6282368421052631, 0.6386184210526316, 0.6407763157894737, 0.6421315789473685, 0.6400394736842104, 0.6450131578947368, 0.643736842105263, 0.6394342105263158, 0.644921052631579, 0.6417631578947369, 0.6485131578947368, 0.6498815789473684, 0.6471315789473685, 0.6500921052631579, 0.6486842105263159, 0.6525131578947369, 0.6580394736842105], 'val_f1': [0.5048909454844388, 0.5332995293513346, 0.5454336023524006, 0.5449723714379842, 0.553483446609868, 0.5548943350499493, 0.5566136656951535, 0.5551630588759546, 0.5589601062769094, 0.5577426941250196, 0.5550248091227029, 0.5587453429171402, 0.5567023913866255, 0.5619175197325167, 0.5631417923789214, 0.5606020699403423, 0.5632831276917667, 0.5623366019965992, 0.5652778711494579, 0.5694399919678529], 'val_mae': [0.7397236842105263, 0.676828947368421, 0.6499342105263158, 0.6516184210526316, 0.6117631578947369, 0.6211447368421052, 0.6138815789473685, 0.6201710526315789, 0.6086578947368422, 0.6153815789473684, 0.6203815789473685, 0.617, 0.6161184210526316, 0.5944605263157895, 0.5961973684210526, 0.6168947368421053, 0.5986578947368422, 0.6027236842105264, 0.5946184210526315, 0.5829868421052632], 'jsd': [(0, 0, 0, 0, 0, 0, 0, 0, 0, 0), (0, 0, 0, 0, 0, 0, 0, 0, 0, 0), (0, 0, 0, 0, 0, 0, 0, 0, 0, 0), (0, 0, 0, 0, 0, 0, 0, 0, 0, 0), (0, 0, 0, 0, 0, 0, 0, 0, 0, 0), (0, 0, 0, 0, 0, 0, 0, 0, 0, 0), (0, 0, 0, 0, 0, 0, 0, 0, 0, 0), (0, 0, 0, 0, 0, 0, 0, 0, 0, 0), (0, 0, 0, 0, 0, 0, 0, 0, 0, 0), (0, 0, 0, 0, 0, 0, 0, 0, 0, 0), (0, 0, 0, 0, 0, 0, 0, 0, 0, 0), (0, 0, 0, 0, 0, 0, 0, 0, 0, 0), (0, 0, 0, 0, 0, 0, 0, 0, 0, 0), (0, 0, 0, 0, 0, 0, 0, 0, 0, 0), (0, 0, 0, 0, 0, 0, 0, 0, 0, 0), (0, 0, 0, 0, 0, 0, 0, 0, 0, 0), (0, 0, 0, 0, 0, 0, 0, 0, 0, 0), (0, 0, 0, 0, 0, 0, 0, 0, 0, 0), (0, 0, 0, 0, 0, 0, 0, 0, 0, 0), (0, 0, 0, 0, 0, 0, 0, 0, 0, 0)]}}
