==========================================
  ___  ______  ___ ______       _ 
 / _ \ | ___ \/   ||  ___|     | |
/ /_\ \| |_/ / /| || |_ ___  __| |
|  _  ||  __/ /_| ||  _/ _ \/ _` |
| | | || |  \___  || ||  __/ (_| |
\_| |_/\_|      |_/\_| \___|\__,_| v.1.5.0

==========================================
Simulation Started!
List of the Architectural Patterns enabled:
Adaptation Enabled ✅
Metric: time, bo-based: predictors/bo_model_compressor_text.pkl
Client Registry ✅
Message Compressor ✅
==========================================
Local parameters compressed: reduced 5340 bytes (7.24%)
Local parameters compressed: reduced 5280 bytes (7.16%)
Local parameters compressed: reduced 5246 bytes (7.11%)
Local parameters compressed: reduced 5316 bytes (7.20%)
Local parameters compressed: reduced 5341 bytes (7.24%)
Local parameters compressed: reduced 5358 bytes (7.26%)
Local parameters compressed: reduced 5290 bytes (7.17%)
Local parameters compressed: reduced 5325 bytes (7.22%)
Local parameters compressed: reduced 5315 bytes (7.20%)
Local parameters compressed: reduced 5319 bytes (7.21%)
Local parameters compressed: reduced 5281 bytes (7.16%)
Local parameters compressed: reduced 5288 bytes (7.17%)
Results Aggregated in 27.17 seconds.
{'TextMLP': {'train_loss': [0.5953382981353336], 'train_accuracy': [0.7841180555555556], 'train_f1': [0.7836526778969196], 'train_mae': [0.3382173611111111], 'val_loss': [0.6023525006781545], 'val_accuracy': [0.7817214912280702], 'val_f1': [0.7811989351178206], 'val_mae': [0.33963815789473684], 'jsd': [(0, 0, 0, 0, 0, 0, 0, 0, 0, 0, 0, 0)]}}
AdaptationManager: Configuring next round...
{'client_registry': {'enabled': True, 'params': {}}, 'client_selector': {'enabled': False, 'params': {}}, 'client_cluster': {'enabled': False, 'params': {}}, 'message_compressor': {'enabled': True, 'params': {}}, 'model_co-versioning_registry': {'enabled': False, 'params': {}}, 'multi-task_model_trainer': {'enabled': False, 'params': {}}, 'heterogeneous_data_handler': {'enabled': False, 'params': {}}}
{'client_selector': {'enabled': False}, 'client_cluster': {'enabled': False}, 'message_compressor': {'enabled': True}, 'model_co-versioning_registry': {'enabled': False}, 'multi-task_model_trainer': {'enabled': False}, 'heterogeneous_data_handler': {'enabled': False}, 'client_registry': {'enabled': True, 'params': {}}}
round 2, 4 high, 8 low, 100.0-iid clients, predicted best policy: message_compressor activated ✅
Local parameters compressed: reduced 5291 bytes (7.17%)
Local parameters compressed: reduced 5293 bytes (7.17%)
Local parameters compressed: reduced 5294 bytes (7.17%)
Local parameters compressed: reduced 5299 bytes (7.18%)
Local parameters compressed: reduced 5274 bytes (7.15%)
Local parameters compressed: reduced 5294 bytes (7.17%)
Local parameters compressed: reduced 5288 bytes (7.17%)
Local parameters compressed: reduced 5297 bytes (7.18%)
Local parameters compressed: reduced 5267 bytes (7.14%)
Local parameters compressed: reduced 5276 bytes (7.15%)
Local parameters compressed: reduced 5273 bytes (7.15%)
Local parameters compressed: reduced 5268 bytes (7.14%)
Results Aggregated in 11.16 seconds.
{'TextMLP': {'train_loss': [0.5953382981353336, 0.5043327296700743], 'train_accuracy': [0.7841180555555556, 0.8177618055555556], 'train_f1': [0.7836526778969196, 0.817227126182509], 'train_mae': [0.3382173611111111, 0.28657222222222223], 'val_loss': [0.6023525006781545, 0.5182973412724964], 'val_accuracy': [0.7817214912280702, 0.8133333333333334], 'val_f1': [0.7811989351178206, 0.8127712418829741], 'val_mae': [0.33963815789473684, 0.29273026315789474], 'jsd': [(0, 0, 0, 0, 0, 0, 0, 0, 0, 0, 0, 0), (0, 0, 0, 0, 0, 0, 0, 0, 0, 0, 0, 0)]}}
AdaptationManager: Configuring next round...
{'client_registry': {'enabled': True, 'params': {}}, 'client_selector': {'enabled': False, 'params': {}}, 'client_cluster': {'enabled': False, 'params': {}}, 'message_compressor': {'enabled': True, 'params': {}}, 'model_co-versioning_registry': {'enabled': False, 'params': {}}, 'multi-task_model_trainer': {'enabled': False, 'params': {}}, 'heterogeneous_data_handler': {'enabled': False, 'params': {}}}
{'client_selector': {'enabled': False}, 'client_cluster': {'enabled': False}, 'message_compressor': {'enabled': True}, 'model_co-versioning_registry': {'enabled': False}, 'multi-task_model_trainer': {'enabled': False}, 'heterogeneous_data_handler': {'enabled': False}, 'client_registry': {'enabled': True, 'params': {}}}
round 3, 4 high, 8 low, 100.0-iid clients, predicted best policy: message_compressor activated ✅
Local parameters compressed: reduced 5243 bytes (7.11%)
Local parameters compressed: reduced 5275 bytes (7.15%)
Local parameters compressed: reduced 5234 bytes (7.09%)
Local parameters compressed: reduced 5223 bytes (7.08%)
Local parameters compressed: reduced 5255 bytes (7.12%)
Local parameters compressed: reduced 5249 bytes (7.11%)
Local parameters compressed: reduced 5231 bytes (7.09%)
Local parameters compressed: reduced 5239 bytes (7.10%)
Local parameters compressed: reduced 5293 bytes (7.17%)
Local parameters compressed: reduced 5252 bytes (7.12%)
Local parameters compressed: reduced 5235 bytes (7.09%)
Local parameters compressed: reduced 5262 bytes (7.13%)
Results Aggregated in 13.74 seconds.
{'TextMLP': {'train_loss': [0.5953382981353336, 0.5043327296700743, 0.4761460981945197], 'train_accuracy': [0.7841180555555556, 0.8177618055555556, 0.8270381944444445], 'train_f1': [0.7836526778969196, 0.817227126182509, 0.8265942088310827], 'train_mae': [0.3382173611111111, 0.28657222222222223, 0.27480347222222223], 'val_loss': [0.6023525006781545, 0.5182973412724964, 0.4941711545304248], 'val_accuracy': [0.7817214912280702, 0.8133333333333334, 0.8201206140350877], 'val_f1': [0.7811989351178206, 0.8127712418829741, 0.8196217603422348], 'val_mae': [0.33963815789473684, 0.29273026315789474, 0.2842763157894737], 'jsd': [(0, 0, 0, 0, 0, 0, 0, 0, 0, 0, 0, 0), (0, 0, 0, 0, 0, 0, 0, 0, 0, 0, 0, 0), (0, 0, 0, 0, 0, 0, 0, 0, 0, 0, 0, 0)]}}
AdaptationManager: Configuring next round...
{'client_registry': {'enabled': True, 'params': {}}, 'client_selector': {'enabled': False, 'params': {}}, 'client_cluster': {'enabled': False, 'params': {}}, 'message_compressor': {'enabled': True, 'params': {}}, 'model_co-versioning_registry': {'enabled': False, 'params': {}}, 'multi-task_model_trainer': {'enabled': False, 'params': {}}, 'heterogeneous_data_handler': {'enabled': False, 'params': {}}}
{'client_selector': {'enabled': False}, 'client_cluster': {'enabled': False}, 'message_compressor': {'enabled': True}, 'model_co-versioning_registry': {'enabled': False}, 'multi-task_model_trainer': {'enabled': False}, 'heterogeneous_data_handler': {'enabled': False}, 'client_registry': {'enabled': True, 'params': {}}}
round 4, 4 high, 8 low, 100.0-iid clients, predicted best policy: message_compressor activated ✅
Local parameters compressed: reduced 5219 bytes (7.07%)
Local parameters compressed: reduced 5221 bytes (7.08%)
Local parameters compressed: reduced 5250 bytes (7.12%)
Local parameters compressed: reduced 5240 bytes (7.10%)
Local parameters compressed: reduced 5250 bytes (7.12%)
Local parameters compressed: reduced 5208 bytes (7.06%)
Local parameters compressed: reduced 5253 bytes (7.12%)
Local parameters compressed: reduced 5201 bytes (7.05%)
Local parameters compressed: reduced 5216 bytes (7.07%)
Local parameters compressed: reduced 5249 bytes (7.11%)
Local parameters compressed: reduced 5245 bytes (7.11%)
Local parameters compressed: reduced 5196 bytes (7.04%)
Results Aggregated in 11.53 seconds.
{'TextMLP': {'train_loss': [0.5953382981353336, 0.5043327296700743, 0.4761460981945197, 0.46080430471897127], 'train_accuracy': [0.7841180555555556, 0.8177618055555556, 0.8270381944444445, 0.8318361111111111], 'train_f1': [0.7836526778969196, 0.817227126182509, 0.8265942088310827, 0.8313914707627698], 'train_mae': [0.3382173611111111, 0.28657222222222223, 0.27480347222222223, 0.27030902777777777], 'val_loss': [0.6023525006781545, 0.5182973412724964, 0.4941711545304248, 0.48066697538421865], 'val_accuracy': [0.7817214912280702, 0.8133333333333334, 0.8201206140350877, 0.8240460526315789], 'val_f1': [0.7811989351178206, 0.8127712418829741, 0.8196217603422348, 0.8235505634084679], 'val_mae': [0.33963815789473684, 0.29273026315789474, 0.2842763157894737, 0.28038377192982455], 'jsd': [(0, 0, 0, 0, 0, 0, 0, 0, 0, 0, 0, 0), (0, 0, 0, 0, 0, 0, 0, 0, 0, 0, 0, 0), (0, 0, 0, 0, 0, 0, 0, 0, 0, 0, 0, 0), (0, 0, 0, 0, 0, 0, 0, 0, 0, 0, 0, 0)]}}
AdaptationManager: Configuring next round...
{'client_registry': {'enabled': True, 'params': {}}, 'client_selector': {'enabled': False, 'params': {}}, 'client_cluster': {'enabled': False, 'params': {}}, 'message_compressor': {'enabled': True, 'params': {}}, 'model_co-versioning_registry': {'enabled': False, 'params': {}}, 'multi-task_model_trainer': {'enabled': False, 'params': {}}, 'heterogeneous_data_handler': {'enabled': False, 'params': {}}}
{'client_selector': {'enabled': False}, 'client_cluster': {'enabled': False}, 'message_compressor': {'enabled': True}, 'model_co-versioning_registry': {'enabled': False}, 'multi-task_model_trainer': {'enabled': False}, 'heterogeneous_data_handler': {'enabled': False}, 'client_registry': {'enabled': True, 'params': {}}}
round 5, 4 high, 8 low, 100.0-iid clients, predicted best policy: message_compressor activated ✅
Local parameters compressed: reduced 5218 bytes (7.07%)
Local parameters compressed: reduced 5200 bytes (7.05%)
Local parameters compressed: reduced 5238 bytes (7.10%)
Local parameters compressed: reduced 5210 bytes (7.06%)
Local parameters compressed: reduced 5202 bytes (7.05%)
Local parameters compressed: reduced 5225 bytes (7.08%)
Local parameters compressed: reduced 5187 bytes (7.03%)
Local parameters compressed: reduced 5230 bytes (7.09%)
Local parameters compressed: reduced 5247 bytes (7.11%)
Local parameters compressed: reduced 5212 bytes (7.06%)
Local parameters compressed: reduced 5187 bytes (7.03%)
Local parameters compressed: reduced 5235 bytes (7.09%)
Results Aggregated in 11.57 seconds.
{'TextMLP': {'train_loss': [0.5953382981353336, 0.5043327296700743, 0.4761460981945197, 0.46080430471897127, 0.45089381936192513], 'train_accuracy': [0.7841180555555556, 0.8177618055555556, 0.8270381944444445, 0.8318361111111111, 0.8355708333333334], 'train_f1': [0.7836526778969196, 0.817227126182509, 0.8265942088310827, 0.8313914707627698, 0.835195359857442], 'train_mae': [0.3382173611111111, 0.28657222222222223, 0.27480347222222223, 0.27030902777777777, 0.2589388888888889], 'val_loss': [0.6023525006781545, 0.5182973412724964, 0.4941711545304248, 0.48066697538421865, 0.47034580710164287], 'val_accuracy': [0.7817214912280702, 0.8133333333333334, 0.8201206140350877, 0.8240460526315789, 0.8271271929824562], 'val_f1': [0.7811989351178206, 0.8127712418829741, 0.8196217603422348, 0.8235505634084679, 0.8267392240460166], 'val_mae': [0.33963815789473684, 0.29273026315789474, 0.2842763157894737, 0.28038377192982455, 0.27092105263157895], 'jsd': [(0, 0, 0, 0, 0, 0, 0, 0, 0, 0, 0, 0), (0, 0, 0, 0, 0, 0, 0, 0, 0, 0, 0, 0), (0, 0, 0, 0, 0, 0, 0, 0, 0, 0, 0, 0), (0, 0, 0, 0, 0, 0, 0, 0, 0, 0, 0, 0), (0, 0, 0, 0, 0, 0, 0, 0, 0, 0, 0, 0)]}}
AdaptationManager: Configuring next round...
{'client_registry': {'enabled': True, 'params': {}}, 'client_selector': {'enabled': False, 'params': {}}, 'client_cluster': {'enabled': False, 'params': {}}, 'message_compressor': {'enabled': True, 'params': {}}, 'model_co-versioning_registry': {'enabled': False, 'params': {}}, 'multi-task_model_trainer': {'enabled': False, 'params': {}}, 'heterogeneous_data_handler': {'enabled': False, 'params': {}}}
{'client_selector': {'enabled': False}, 'client_cluster': {'enabled': False}, 'message_compressor': {'enabled': True}, 'model_co-versioning_registry': {'enabled': False}, 'multi-task_model_trainer': {'enabled': False}, 'heterogeneous_data_handler': {'enabled': False}, 'client_registry': {'enabled': True, 'params': {}}}
round 6, 4 high, 8 low, 100.0-iid clients, predicted best policy: message_compressor activated ✅
Local parameters compressed: reduced 5219 bytes (7.07%)
Local parameters compressed: reduced 5184 bytes (7.03%)
Local parameters compressed: reduced 5188 bytes (7.03%)
Local parameters compressed: reduced 5150 bytes (6.98%)
Local parameters compressed: reduced 5193 bytes (7.04%)
Local parameters compressed: reduced 5185 bytes (7.03%)
Local parameters compressed: reduced 5187 bytes (7.03%)
Local parameters compressed: reduced 5222 bytes (7.08%)
Local parameters compressed: reduced 5169 bytes (7.01%)
Local parameters compressed: reduced 5222 bytes (7.08%)
Local parameters compressed: reduced 5204 bytes (7.05%)
Local parameters compressed: reduced 5196 bytes (7.04%)
Results Aggregated in 11.77 seconds.
{'TextMLP': {'train_loss': [0.5953382981353336, 0.5043327296700743, 0.4761460981945197, 0.46080430471897127, 0.45089381936192513, 0.4472887366149161], 'train_accuracy': [0.7841180555555556, 0.8177618055555556, 0.8270381944444445, 0.8318361111111111, 0.8355708333333334, 0.8364243055555556], 'train_f1': [0.7836526778969196, 0.817227126182509, 0.8265942088310827, 0.8313914707627698, 0.835195359857442, 0.8361528486596487], 'train_mae': [0.3382173611111111, 0.28657222222222223, 0.27480347222222223, 0.27030902777777777, 0.2589388888888889, 0.2601451388888889], 'val_loss': [0.6023525006781545, 0.5182973412724964, 0.4941711545304248, 0.48066697538421865, 0.47034580710164287, 0.46728685206488557], 'val_accuracy': [0.7817214912280702, 0.8133333333333334, 0.8201206140350877, 0.8240460526315789, 0.8271271929824562, 0.8279276315789474], 'val_f1': [0.7811989351178206, 0.8127712418829741, 0.8196217603422348, 0.8235505634084679, 0.8267392240460166, 0.8276022710429829], 'val_mae': [0.33963815789473684, 0.29273026315789474, 0.2842763157894737, 0.28038377192982455, 0.27092105263157895, 0.2719627192982456], 'jsd': [(0, 0, 0, 0, 0, 0, 0, 0, 0, 0, 0, 0), (0, 0, 0, 0, 0, 0, 0, 0, 0, 0, 0, 0), (0, 0, 0, 0, 0, 0, 0, 0, 0, 0, 0, 0), (0, 0, 0, 0, 0, 0, 0, 0, 0, 0, 0, 0), (0, 0, 0, 0, 0, 0, 0, 0, 0, 0, 0, 0), (0, 0, 0, 0, 0, 0, 0, 0, 0, 0, 0, 0)]}}
AdaptationManager: Configuring next round...
{'client_registry': {'enabled': True, 'params': {}}, 'client_selector': {'enabled': False, 'params': {}}, 'client_cluster': {'enabled': False, 'params': {}}, 'message_compressor': {'enabled': True, 'params': {}}, 'model_co-versioning_registry': {'enabled': False, 'params': {}}, 'multi-task_model_trainer': {'enabled': False, 'params': {}}, 'heterogeneous_data_handler': {'enabled': False, 'params': {}}}
{'client_selector': {'enabled': False}, 'client_cluster': {'enabled': False}, 'message_compressor': {'enabled': True}, 'model_co-versioning_registry': {'enabled': False}, 'multi-task_model_trainer': {'enabled': False}, 'heterogeneous_data_handler': {'enabled': False}, 'client_registry': {'enabled': True, 'params': {}}}
round 7, 4 high, 8 low, 100.0-iid clients, predicted best policy: message_compressor activated ✅
Local parameters compressed: reduced 5188 bytes (7.03%)
Local parameters compressed: reduced 5180 bytes (7.02%)
Local parameters compressed: reduced 5193 bytes (7.04%)
Local parameters compressed: reduced 5148 bytes (6.98%)
Local parameters compressed: reduced 5187 bytes (7.03%)
Local parameters compressed: reduced 5183 bytes (7.02%)
Local parameters compressed: reduced 5191 bytes (7.04%)
Local parameters compressed: reduced 5205 bytes (7.05%)
Local parameters compressed: reduced 5194 bytes (7.04%)
Local parameters compressed: reduced 5190 bytes (7.03%)
Local parameters compressed: reduced 5174 bytes (7.01%)
Local parameters compressed: reduced 5182 bytes (7.02%)
Results Aggregated in 12.20 seconds.
{'TextMLP': {'train_loss': [0.5953382981353336, 0.5043327296700743, 0.4761460981945197, 0.46080430471897127, 0.45089381936192513, 0.4472887366149161, 0.4406866918351915], 'train_accuracy': [0.7841180555555556, 0.8177618055555556, 0.8270381944444445, 0.8318361111111111, 0.8355708333333334, 0.8364243055555556, 0.8384013888888889], 'train_f1': [0.7836526778969196, 0.817227126182509, 0.8265942088310827, 0.8313914707627698, 0.835195359857442, 0.8361528486596487, 0.8377203915976384], 'train_mae': [0.3382173611111111, 0.28657222222222223, 0.27480347222222223, 0.27030902777777777, 0.2589388888888889, 0.2601451388888889, 0.25595208333333336], 'val_loss': [0.6023525006781545, 0.5182973412724964, 0.4941711545304248, 0.48066697538421865, 0.47034580710164287, 0.46728685206488557, 0.4608263276700388], 'val_accuracy': [0.7817214912280702, 0.8133333333333334, 0.8201206140350877, 0.8240460526315789, 0.8271271929824562, 0.8279276315789474, 0.8306140350877192], 'val_f1': [0.7811989351178206, 0.8127712418829741, 0.8196217603422348, 0.8235505634084679, 0.8267392240460166, 0.8276022710429829, 0.8298830473627764], 'val_mae': [0.33963815789473684, 0.29273026315789474, 0.2842763157894737, 0.28038377192982455, 0.27092105263157895, 0.2719627192982456, 0.2661184210526316], 'jsd': [(0, 0, 0, 0, 0, 0, 0, 0, 0, 0, 0, 0), (0, 0, 0, 0, 0, 0, 0, 0, 0, 0, 0, 0), (0, 0, 0, 0, 0, 0, 0, 0, 0, 0, 0, 0), (0, 0, 0, 0, 0, 0, 0, 0, 0, 0, 0, 0), (0, 0, 0, 0, 0, 0, 0, 0, 0, 0, 0, 0), (0, 0, 0, 0, 0, 0, 0, 0, 0, 0, 0, 0), (0, 0, 0, 0, 0, 0, 0, 0, 0, 0, 0, 0)]}}
AdaptationManager: Configuring next round...
{'client_registry': {'enabled': True, 'params': {}}, 'client_selector': {'enabled': False, 'params': {}}, 'client_cluster': {'enabled': False, 'params': {}}, 'message_compressor': {'enabled': True, 'params': {}}, 'model_co-versioning_registry': {'enabled': False, 'params': {}}, 'multi-task_model_trainer': {'enabled': False, 'params': {}}, 'heterogeneous_data_handler': {'enabled': False, 'params': {}}}
{'client_selector': {'enabled': False}, 'client_cluster': {'enabled': False}, 'message_compressor': {'enabled': True}, 'model_co-versioning_registry': {'enabled': False}, 'multi-task_model_trainer': {'enabled': False}, 'heterogeneous_data_handler': {'enabled': False}, 'client_registry': {'enabled': True, 'params': {}}}
round 8, 4 high, 8 low, 100.0-iid clients, predicted best policy: message_compressor activated ✅
Local parameters compressed: reduced 5176 bytes (7.01%)
Local parameters compressed: reduced 5144 bytes (6.97%)
Local parameters compressed: reduced 5209 bytes (7.06%)
Local parameters compressed: reduced 5162 bytes (7.00%)
Local parameters compressed: reduced 5187 bytes (7.03%)
Local parameters compressed: reduced 5198 bytes (7.04%)
Local parameters compressed: reduced 5141 bytes (6.97%)
Local parameters compressed: reduced 5218 bytes (7.07%)
Local parameters compressed: reduced 5190 bytes (7.03%)
Local parameters compressed: reduced 5197 bytes (7.04%)
Local parameters compressed: reduced 5211 bytes (7.06%)
Local parameters compressed: reduced 5175 bytes (7.01%)
Results Aggregated in 12.63 seconds.
{'TextMLP': {'train_loss': [0.5953382981353336, 0.5043327296700743, 0.4761460981945197, 0.46080430471897127, 0.45089381936192513, 0.4472887366149161, 0.4406866918351915, 0.4402382987711165], 'train_accuracy': [0.7841180555555556, 0.8177618055555556, 0.8270381944444445, 0.8318361111111111, 0.8355708333333334, 0.8364243055555556, 0.8384013888888889, 0.8385395833333333], 'train_f1': [0.7836526778969196, 0.817227126182509, 0.8265942088310827, 0.8313914707627698, 0.835195359857442, 0.8361528486596487, 0.8377203915976384, 0.8382937854430367], 'train_mae': [0.3382173611111111, 0.28657222222222223, 0.27480347222222223, 0.27030902777777777, 0.2589388888888889, 0.2601451388888889, 0.25595208333333336, 0.25530416666666667], 'val_loss': [0.6023525006781545, 0.5182973412724964, 0.4941711545304248, 0.48066697538421865, 0.47034580710164287, 0.46728685206488557, 0.4608263276700388, 0.4601483163969559], 'val_accuracy': [0.7817214912280702, 0.8133333333333334, 0.8201206140350877, 0.8240460526315789, 0.8271271929824562, 0.8279276315789474, 0.8306140350877192, 0.8307346491228071], 'val_f1': [0.7811989351178206, 0.8127712418829741, 0.8196217603422348, 0.8235505634084679, 0.8267392240460166, 0.8276022710429829, 0.8298830473627764, 0.8304480766986371], 'val_mae': [0.33963815789473684, 0.29273026315789474, 0.2842763157894737, 0.28038377192982455, 0.27092105263157895, 0.2719627192982456, 0.2661184210526316, 0.2662390350877193], 'jsd': [(0, 0, 0, 0, 0, 0, 0, 0, 0, 0, 0, 0), (0, 0, 0, 0, 0, 0, 0, 0, 0, 0, 0, 0), (0, 0, 0, 0, 0, 0, 0, 0, 0, 0, 0, 0), (0, 0, 0, 0, 0, 0, 0, 0, 0, 0, 0, 0), (0, 0, 0, 0, 0, 0, 0, 0, 0, 0, 0, 0), (0, 0, 0, 0, 0, 0, 0, 0, 0, 0, 0, 0), (0, 0, 0, 0, 0, 0, 0, 0, 0, 0, 0, 0), (0, 0, 0, 0, 0, 0, 0, 0, 0, 0, 0, 0)]}}
AdaptationManager: Configuring next round...
{'client_registry': {'enabled': True, 'params': {}}, 'client_selector': {'enabled': False, 'params': {}}, 'client_cluster': {'enabled': False, 'params': {}}, 'message_compressor': {'enabled': True, 'params': {}}, 'model_co-versioning_registry': {'enabled': False, 'params': {}}, 'multi-task_model_trainer': {'enabled': False, 'params': {}}, 'heterogeneous_data_handler': {'enabled': False, 'params': {}}}
{'client_selector': {'enabled': False}, 'client_cluster': {'enabled': False}, 'message_compressor': {'enabled': True}, 'model_co-versioning_registry': {'enabled': False}, 'multi-task_model_trainer': {'enabled': False}, 'heterogeneous_data_handler': {'enabled': False}, 'client_registry': {'enabled': True, 'params': {}}}
round 9, 4 high, 8 low, 100.0-iid clients, predicted best policy: message_compressor activated ✅
Local parameters compressed: reduced 5188 bytes (7.03%)
Local parameters compressed: reduced 5157 bytes (6.99%)
Local parameters compressed: reduced 5161 bytes (6.99%)
Local parameters compressed: reduced 5154 bytes (6.98%)
Local parameters compressed: reduced 5171 bytes (7.01%)
Local parameters compressed: reduced 5184 bytes (7.03%)
Local parameters compressed: reduced 5165 bytes (7.00%)
Local parameters compressed: reduced 5150 bytes (6.98%)
Local parameters compressed: reduced 5164 bytes (7.00%)
Local parameters compressed: reduced 5196 bytes (7.04%)
Local parameters compressed: reduced 5155 bytes (6.99%)
Local parameters compressed: reduced 5190 bytes (7.03%)
Results Aggregated in 11.14 seconds.
{'TextMLP': {'train_loss': [0.5953382981353336, 0.5043327296700743, 0.4761460981945197, 0.46080430471897127, 0.45089381936192513, 0.4472887366149161, 0.4406866918351915, 0.4402382987711165, 0.4372133220142788], 'train_accuracy': [0.7841180555555556, 0.8177618055555556, 0.8270381944444445, 0.8318361111111111, 0.8355708333333334, 0.8364243055555556, 0.8384013888888889, 0.8385395833333333, 0.8394326388888889], 'train_f1': [0.7836526778969196, 0.817227126182509, 0.8265942088310827, 0.8313914707627698, 0.835195359857442, 0.8361528486596487, 0.8377203915976384, 0.8382937854430367, 0.8392654169120403], 'train_mae': [0.3382173611111111, 0.28657222222222223, 0.27480347222222223, 0.27030902777777777, 0.2589388888888889, 0.2601451388888889, 0.25595208333333336, 0.25530416666666667, 0.2549652777777778], 'val_loss': [0.6023525006781545, 0.5182973412724964, 0.4941711545304248, 0.48066697538421865, 0.47034580710164287, 0.46728685206488557, 0.4608263276700388, 0.4601483163969559, 0.4571685004704877], 'val_accuracy': [0.7817214912280702, 0.8133333333333334, 0.8201206140350877, 0.8240460526315789, 0.8271271929824562, 0.8279276315789474, 0.8306140350877192, 0.8307346491228071, 0.8316447368421052], 'val_f1': [0.7811989351178206, 0.8127712418829741, 0.8196217603422348, 0.8235505634084679, 0.8267392240460166, 0.8276022710429829, 0.8298830473627764, 0.8304480766986371, 0.8314515384497715], 'val_mae': [0.33963815789473684, 0.29273026315789474, 0.2842763157894737, 0.28038377192982455, 0.27092105263157895, 0.2719627192982456, 0.2661184210526316, 0.2662390350877193, 0.2656469298245614], 'jsd': [(0, 0, 0, 0, 0, 0, 0, 0, 0, 0, 0, 0), (0, 0, 0, 0, 0, 0, 0, 0, 0, 0, 0, 0), (0, 0, 0, 0, 0, 0, 0, 0, 0, 0, 0, 0), (0, 0, 0, 0, 0, 0, 0, 0, 0, 0, 0, 0), (0, 0, 0, 0, 0, 0, 0, 0, 0, 0, 0, 0), (0, 0, 0, 0, 0, 0, 0, 0, 0, 0, 0, 0), (0, 0, 0, 0, 0, 0, 0, 0, 0, 0, 0, 0), (0, 0, 0, 0, 0, 0, 0, 0, 0, 0, 0, 0), (0, 0, 0, 0, 0, 0, 0, 0, 0, 0, 0, 0)]}}
AdaptationManager: Configuring next round...
{'client_registry': {'enabled': True, 'params': {}}, 'client_selector': {'enabled': False, 'params': {}}, 'client_cluster': {'enabled': False, 'params': {}}, 'message_compressor': {'enabled': True, 'params': {}}, 'model_co-versioning_registry': {'enabled': False, 'params': {}}, 'multi-task_model_trainer': {'enabled': False, 'params': {}}, 'heterogeneous_data_handler': {'enabled': False, 'params': {}}}
{'client_selector': {'enabled': False}, 'client_cluster': {'enabled': False}, 'message_compressor': {'enabled': True}, 'model_co-versioning_registry': {'enabled': False}, 'multi-task_model_trainer': {'enabled': False}, 'heterogeneous_data_handler': {'enabled': False}, 'client_registry': {'enabled': True, 'params': {}}}
round 10, 4 high, 8 low, 100.0-iid clients, predicted best policy: message_compressor activated ✅
Local parameters compressed: reduced 5170 bytes (7.01%)
Local parameters compressed: reduced 5188 bytes (7.03%)
Local parameters compressed: reduced 5177 bytes (7.02%)
Local parameters compressed: reduced 5184 bytes (7.03%)
Local parameters compressed: reduced 5177 bytes (7.02%)
Local parameters compressed: reduced 5193 bytes (7.04%)
Local parameters compressed: reduced 5142 bytes (6.97%)
Local parameters compressed: reduced 5170 bytes (7.01%)
Local parameters compressed: reduced 5171 bytes (7.01%)
Local parameters compressed: reduced 5185 bytes (7.03%)
Local parameters compressed: reduced 5152 bytes (6.98%)
Local parameters compressed: reduced 5157 bytes (6.99%)
Results Aggregated in 11.84 seconds.
{'TextMLP': {'train_loss': [0.5953382981353336, 0.5043327296700743, 0.4761460981945197, 0.46080430471897127, 0.45089381936192513, 0.4472887366149161, 0.4406866918351915, 0.4402382987711165, 0.4372133220142788, 0.4351035863008764], 'train_accuracy': [0.7841180555555556, 0.8177618055555556, 0.8270381944444445, 0.8318361111111111, 0.8355708333333334, 0.8364243055555556, 0.8384013888888889, 0.8385395833333333, 0.8394326388888889, 0.8399979166666667], 'train_f1': [0.7836526778969196, 0.817227126182509, 0.8265942088310827, 0.8313914707627698, 0.835195359857442, 0.8361528486596487, 0.8377203915976384, 0.8382937854430367, 0.8392654169120403, 0.8392452918076296], 'train_mae': [0.3382173611111111, 0.28657222222222223, 0.27480347222222223, 0.27030902777777777, 0.2589388888888889, 0.2601451388888889, 0.25595208333333336, 0.25530416666666667, 0.2549652777777778, 0.2537152777777778], 'val_loss': [0.6023525006781545, 0.5182973412724964, 0.4941711545304248, 0.48066697538421865, 0.47034580710164287, 0.46728685206488557, 0.4608263276700388, 0.4601483163969559, 0.4571685004704877, 0.4563924974150825], 'val_accuracy': [0.7817214912280702, 0.8133333333333334, 0.8201206140350877, 0.8240460526315789, 0.8271271929824562, 0.8279276315789474, 0.8306140350877192, 0.8307346491228071, 0.8316447368421052, 0.8311074561403509], 'val_f1': [0.7811989351178206, 0.8127712418829741, 0.8196217603422348, 0.8235505634084679, 0.8267392240460166, 0.8276022710429829, 0.8298830473627764, 0.8304480766986371, 0.8314515384497715, 0.8302559602020289], 'val_mae': [0.33963815789473684, 0.29273026315789474, 0.2842763157894737, 0.28038377192982455, 0.27092105263157895, 0.2719627192982456, 0.2661184210526316, 0.2662390350877193, 0.2656469298245614, 0.2661513157894737], 'jsd': [(0, 0, 0, 0, 0, 0, 0, 0, 0, 0, 0, 0), (0, 0, 0, 0, 0, 0, 0, 0, 0, 0, 0, 0), (0, 0, 0, 0, 0, 0, 0, 0, 0, 0, 0, 0), (0, 0, 0, 0, 0, 0, 0, 0, 0, 0, 0, 0), (0, 0, 0, 0, 0, 0, 0, 0, 0, 0, 0, 0), (0, 0, 0, 0, 0, 0, 0, 0, 0, 0, 0, 0), (0, 0, 0, 0, 0, 0, 0, 0, 0, 0, 0, 0), (0, 0, 0, 0, 0, 0, 0, 0, 0, 0, 0, 0), (0, 0, 0, 0, 0, 0, 0, 0, 0, 0, 0, 0), (0, 0, 0, 0, 0, 0, 0, 0, 0, 0, 0, 0)]}}
AdaptationManager: Configuring next round...
{'client_registry': {'enabled': True, 'params': {}}, 'client_selector': {'enabled': False, 'params': {}}, 'client_cluster': {'enabled': False, 'params': {}}, 'message_compressor': {'enabled': True, 'params': {}}, 'model_co-versioning_registry': {'enabled': False, 'params': {}}, 'multi-task_model_trainer': {'enabled': False, 'params': {}}, 'heterogeneous_data_handler': {'enabled': False, 'params': {}}}
{'client_selector': {'enabled': False}, 'client_cluster': {'enabled': False}, 'message_compressor': {'enabled': True}, 'model_co-versioning_registry': {'enabled': False}, 'multi-task_model_trainer': {'enabled': False}, 'heterogeneous_data_handler': {'enabled': False}, 'client_registry': {'enabled': True, 'params': {}}}
round 11, 4 high, 8 low, 100.0-iid clients, predicted best policy: message_compressor activated ✅
Local parameters compressed: reduced 5133 bytes (6.96%)
Local parameters compressed: reduced 5142 bytes (6.97%)
Local parameters compressed: reduced 5143 bytes (6.97%)
Local parameters compressed: reduced 5132 bytes (6.96%)
Local parameters compressed: reduced 5167 bytes (7.00%)
Local parameters compressed: reduced 5152 bytes (6.98%)
Local parameters compressed: reduced 5148 bytes (6.98%)
Local parameters compressed: reduced 5137 bytes (6.96%)
Local parameters compressed: reduced 5156 bytes (6.99%)
Local parameters compressed: reduced 5136 bytes (6.96%)
Local parameters compressed: reduced 5125 bytes (6.95%)
Local parameters compressed: reduced 5132 bytes (6.96%)
Results Aggregated in 11.80 seconds.
{'TextMLP': {'train_loss': [0.5953382981353336, 0.5043327296700743, 0.4761460981945197, 0.46080430471897127, 0.45089381936192513, 0.4472887366149161, 0.4406866918351915, 0.4402382987711165, 0.4372133220142788, 0.4351035863008764, 0.43225839311977227], 'train_accuracy': [0.7841180555555556, 0.8177618055555556, 0.8270381944444445, 0.8318361111111111, 0.8355708333333334, 0.8364243055555556, 0.8384013888888889, 0.8385395833333333, 0.8394326388888889, 0.8399979166666667, 0.8412854166666667], 'train_f1': [0.7836526778969196, 0.817227126182509, 0.8265942088310827, 0.8313914707627698, 0.835195359857442, 0.8361528486596487, 0.8377203915976384, 0.8382937854430367, 0.8392654169120403, 0.8392452918076296, 0.8411607612352894], 'train_mae': [0.3382173611111111, 0.28657222222222223, 0.27480347222222223, 0.27030902777777777, 0.2589388888888889, 0.2601451388888889, 0.25595208333333336, 0.25530416666666667, 0.2549652777777778, 0.2537152777777778, 0.2540451388888889], 'val_loss': [0.6023525006781545, 0.5182973412724964, 0.4941711545304248, 0.48066697538421865, 0.47034580710164287, 0.46728685206488557, 0.4608263276700388, 0.4601483163969559, 0.4571685004704877, 0.4563924974150825, 0.4531150740646479], 'val_accuracy': [0.7817214912280702, 0.8133333333333334, 0.8201206140350877, 0.8240460526315789, 0.8271271929824562, 0.8279276315789474, 0.8306140350877192, 0.8307346491228071, 0.8316447368421052, 0.8311074561403509, 0.8342543859649123], 'val_f1': [0.7811989351178206, 0.8127712418829741, 0.8196217603422348, 0.8235505634084679, 0.8267392240460166, 0.8276022710429829, 0.8298830473627764, 0.8304480766986371, 0.8314515384497715, 0.8302559602020289, 0.8341022796328369], 'val_mae': [0.33963815789473684, 0.29273026315789474, 0.2842763157894737, 0.28038377192982455, 0.27092105263157895, 0.2719627192982456, 0.2661184210526316, 0.2662390350877193, 0.2656469298245614, 0.2661513157894737, 0.2638157894736842], 'jsd': [(0, 0, 0, 0, 0, 0, 0, 0, 0, 0, 0, 0), (0, 0, 0, 0, 0, 0, 0, 0, 0, 0, 0, 0), (0, 0, 0, 0, 0, 0, 0, 0, 0, 0, 0, 0), (0, 0, 0, 0, 0, 0, 0, 0, 0, 0, 0, 0), (0, 0, 0, 0, 0, 0, 0, 0, 0, 0, 0, 0), (0, 0, 0, 0, 0, 0, 0, 0, 0, 0, 0, 0), (0, 0, 0, 0, 0, 0, 0, 0, 0, 0, 0, 0), (0, 0, 0, 0, 0, 0, 0, 0, 0, 0, 0, 0), (0, 0, 0, 0, 0, 0, 0, 0, 0, 0, 0, 0), (0, 0, 0, 0, 0, 0, 0, 0, 0, 0, 0, 0), (0, 0, 0, 0, 0, 0, 0, 0, 0, 0, 0, 0)]}}
AdaptationManager: Configuring next round...
{'client_registry': {'enabled': True, 'params': {}}, 'client_selector': {'enabled': False, 'params': {}}, 'client_cluster': {'enabled': False, 'params': {}}, 'message_compressor': {'enabled': True, 'params': {}}, 'model_co-versioning_registry': {'enabled': False, 'params': {}}, 'multi-task_model_trainer': {'enabled': False, 'params': {}}, 'heterogeneous_data_handler': {'enabled': False, 'params': {}}}
{'client_selector': {'enabled': False}, 'client_cluster': {'enabled': False}, 'message_compressor': {'enabled': True}, 'model_co-versioning_registry': {'enabled': False}, 'multi-task_model_trainer': {'enabled': False}, 'heterogeneous_data_handler': {'enabled': False}, 'client_registry': {'enabled': True, 'params': {}}}
round 12, 4 high, 8 low, 100.0-iid clients, predicted best policy: message_compressor activated ✅
Local parameters compressed: reduced 5159 bytes (6.99%)
Local parameters compressed: reduced 5167 bytes (7.00%)
Local parameters compressed: reduced 5120 bytes (6.94%)
Local parameters compressed: reduced 5136 bytes (6.96%)
Local parameters compressed: reduced 5142 bytes (6.97%)
Local parameters compressed: reduced 5146 bytes (6.97%)
Local parameters compressed: reduced 5118 bytes (6.94%)
Local parameters compressed: reduced 5141 bytes (6.97%)
Local parameters compressed: reduced 5181 bytes (7.02%)
Local parameters compressed: reduced 5154 bytes (6.98%)
Local parameters compressed: reduced 5154 bytes (6.98%)
Local parameters compressed: reduced 5117 bytes (6.93%)
Results Aggregated in 13.75 seconds.
{'TextMLP': {'train_loss': [0.5953382981353336, 0.5043327296700743, 0.4761460981945197, 0.46080430471897127, 0.45089381936192513, 0.4472887366149161, 0.4406866918351915, 0.4402382987711165, 0.4372133220142788, 0.4351035863008764, 0.43225839311977227, 0.42978960854411125], 'train_accuracy': [0.7841180555555556, 0.8177618055555556, 0.8270381944444445, 0.8318361111111111, 0.8355708333333334, 0.8364243055555556, 0.8384013888888889, 0.8385395833333333, 0.8394326388888889, 0.8399979166666667, 0.8412854166666667, 0.84246875], 'train_f1': [0.7836526778969196, 0.817227126182509, 0.8265942088310827, 0.8313914707627698, 0.835195359857442, 0.8361528486596487, 0.8377203915976384, 0.8382937854430367, 0.8392654169120403, 0.8392452918076296, 0.8411607612352894, 0.8421323762685992], 'train_mae': [0.3382173611111111, 0.28657222222222223, 0.27480347222222223, 0.27030902777777777, 0.2589388888888889, 0.2601451388888889, 0.25595208333333336, 0.25530416666666667, 0.2549652777777778, 0.2537152777777778, 0.2540451388888889, 0.24820833333333334], 'val_loss': [0.6023525006781545, 0.5182973412724964, 0.4941711545304248, 0.48066697538421865, 0.47034580710164287, 0.46728685206488557, 0.4608263276700388, 0.4601483163969559, 0.4571685004704877, 0.4563924974150825, 0.4531150740646479, 0.45041784873134216], 'val_accuracy': [0.7817214912280702, 0.8133333333333334, 0.8201206140350877, 0.8240460526315789, 0.8271271929824562, 0.8279276315789474, 0.8306140350877192, 0.8307346491228071, 0.8316447368421052, 0.8311074561403509, 0.8342543859649123, 0.8347368421052631], 'val_f1': [0.7811989351178206, 0.8127712418829741, 0.8196217603422348, 0.8235505634084679, 0.8267392240460166, 0.8276022710429829, 0.8298830473627764, 0.8304480766986371, 0.8314515384497715, 0.8302559602020289, 0.8341022796328369, 0.8343355791815618], 'val_mae': [0.33963815789473684, 0.29273026315789474, 0.2842763157894737, 0.28038377192982455, 0.27092105263157895, 0.2719627192982456, 0.2661184210526316, 0.2662390350877193, 0.2656469298245614, 0.2661513157894737, 0.2638157894736842, 0.2592214912280702], 'jsd': [(0, 0, 0, 0, 0, 0, 0, 0, 0, 0, 0, 0), (0, 0, 0, 0, 0, 0, 0, 0, 0, 0, 0, 0), (0, 0, 0, 0, 0, 0, 0, 0, 0, 0, 0, 0), (0, 0, 0, 0, 0, 0, 0, 0, 0, 0, 0, 0), (0, 0, 0, 0, 0, 0, 0, 0, 0, 0, 0, 0), (0, 0, 0, 0, 0, 0, 0, 0, 0, 0, 0, 0), (0, 0, 0, 0, 0, 0, 0, 0, 0, 0, 0, 0), (0, 0, 0, 0, 0, 0, 0, 0, 0, 0, 0, 0), (0, 0, 0, 0, 0, 0, 0, 0, 0, 0, 0, 0), (0, 0, 0, 0, 0, 0, 0, 0, 0, 0, 0, 0), (0, 0, 0, 0, 0, 0, 0, 0, 0, 0, 0, 0), (0, 0, 0, 0, 0, 0, 0, 0, 0, 0, 0, 0)]}}
AdaptationManager: Configuring next round...
{'client_registry': {'enabled': True, 'params': {}}, 'client_selector': {'enabled': False, 'params': {}}, 'client_cluster': {'enabled': False, 'params': {}}, 'message_compressor': {'enabled': True, 'params': {}}, 'model_co-versioning_registry': {'enabled': False, 'params': {}}, 'multi-task_model_trainer': {'enabled': False, 'params': {}}, 'heterogeneous_data_handler': {'enabled': False, 'params': {}}}
{'client_selector': {'enabled': False}, 'client_cluster': {'enabled': False}, 'message_compressor': {'enabled': True}, 'model_co-versioning_registry': {'enabled': False}, 'multi-task_model_trainer': {'enabled': False}, 'heterogeneous_data_handler': {'enabled': False}, 'client_registry': {'enabled': True, 'params': {}}}
round 13, 4 high, 8 low, 100.0-iid clients, predicted best policy: message_compressor activated ✅
Local parameters compressed: reduced 5151 bytes (6.98%)
Local parameters compressed: reduced 5108 bytes (6.92%)
Local parameters compressed: reduced 5128 bytes (6.95%)
Local parameters compressed: reduced 5121 bytes (6.94%)
Local parameters compressed: reduced 5164 bytes (7.00%)
Local parameters compressed: reduced 5128 bytes (6.95%)
Local parameters compressed: reduced 5162 bytes (7.00%)
Local parameters compressed: reduced 5163 bytes (7.00%)
Local parameters compressed: reduced 5120 bytes (6.94%)
Local parameters compressed: reduced 5154 bytes (6.98%)
Local parameters compressed: reduced 5136 bytes (6.96%)
Local parameters compressed: reduced 5160 bytes (6.99%)
Results Aggregated in 12.90 seconds.
{'TextMLP': {'train_loss': [0.5953382981353336, 0.5043327296700743, 0.4761460981945197, 0.46080430471897127, 0.45089381936192513, 0.4472887366149161, 0.4406866918351915, 0.4402382987711165, 0.4372133220142788, 0.4351035863008764, 0.43225839311977227, 0.42978960854411125, 0.42995920340683724], 'train_accuracy': [0.7841180555555556, 0.8177618055555556, 0.8270381944444445, 0.8318361111111111, 0.8355708333333334, 0.8364243055555556, 0.8384013888888889, 0.8385395833333333, 0.8394326388888889, 0.8399979166666667, 0.8412854166666667, 0.84246875, 0.8419451388888889], 'train_f1': [0.7836526778969196, 0.817227126182509, 0.8265942088310827, 0.8313914707627698, 0.835195359857442, 0.8361528486596487, 0.8377203915976384, 0.8382937854430367, 0.8392654169120403, 0.8392452918076296, 0.8411607612352894, 0.8421323762685992, 0.8412809507335693], 'train_mae': [0.3382173611111111, 0.28657222222222223, 0.27480347222222223, 0.27030902777777777, 0.2589388888888889, 0.2601451388888889, 0.25595208333333336, 0.25530416666666667, 0.2549652777777778, 0.2537152777777778, 0.2540451388888889, 0.24820833333333334, 0.24813055555555555], 'val_loss': [0.6023525006781545, 0.5182973412724964, 0.4941711545304248, 0.48066697538421865, 0.47034580710164287, 0.46728685206488557, 0.4608263276700388, 0.4601483163969559, 0.4571685004704877, 0.4563924974150825, 0.4531150740646479, 0.45041784873134216, 0.45037824514665104], 'val_accuracy': [0.7817214912280702, 0.8133333333333334, 0.8201206140350877, 0.8240460526315789, 0.8271271929824562, 0.8279276315789474, 0.8306140350877192, 0.8307346491228071, 0.8316447368421052, 0.8311074561403509, 0.8342543859649123, 0.8347368421052631, 0.8339912280701754], 'val_f1': [0.7811989351178206, 0.8127712418829741, 0.8196217603422348, 0.8235505634084679, 0.8267392240460166, 0.8276022710429829, 0.8298830473627764, 0.8304480766986371, 0.8314515384497715, 0.8302559602020289, 0.8341022796328369, 0.8343355791815618, 0.8332673123993998], 'val_mae': [0.33963815789473684, 0.29273026315789474, 0.2842763157894737, 0.28038377192982455, 0.27092105263157895, 0.2719627192982456, 0.2661184210526316, 0.2662390350877193, 0.2656469298245614, 0.2661513157894737, 0.2638157894736842, 0.2592214912280702, 0.25957236842105263], 'jsd': [(0, 0, 0, 0, 0, 0, 0, 0, 0, 0, 0, 0), (0, 0, 0, 0, 0, 0, 0, 0, 0, 0, 0, 0), (0, 0, 0, 0, 0, 0, 0, 0, 0, 0, 0, 0), (0, 0, 0, 0, 0, 0, 0, 0, 0, 0, 0, 0), (0, 0, 0, 0, 0, 0, 0, 0, 0, 0, 0, 0), (0, 0, 0, 0, 0, 0, 0, 0, 0, 0, 0, 0), (0, 0, 0, 0, 0, 0, 0, 0, 0, 0, 0, 0), (0, 0, 0, 0, 0, 0, 0, 0, 0, 0, 0, 0), (0, 0, 0, 0, 0, 0, 0, 0, 0, 0, 0, 0), (0, 0, 0, 0, 0, 0, 0, 0, 0, 0, 0, 0), (0, 0, 0, 0, 0, 0, 0, 0, 0, 0, 0, 0), (0, 0, 0, 0, 0, 0, 0, 0, 0, 0, 0, 0), (0, 0, 0, 0, 0, 0, 0, 0, 0, 0, 0, 0)]}}
AdaptationManager: Configuring next round...
{'client_registry': {'enabled': True, 'params': {}}, 'client_selector': {'enabled': False, 'params': {}}, 'client_cluster': {'enabled': False, 'params': {}}, 'message_compressor': {'enabled': True, 'params': {}}, 'model_co-versioning_registry': {'enabled': False, 'params': {}}, 'multi-task_model_trainer': {'enabled': False, 'params': {}}, 'heterogeneous_data_handler': {'enabled': False, 'params': {}}}
{'client_selector': {'enabled': False}, 'client_cluster': {'enabled': False}, 'message_compressor': {'enabled': True}, 'model_co-versioning_registry': {'enabled': False}, 'multi-task_model_trainer': {'enabled': False}, 'heterogeneous_data_handler': {'enabled': False}, 'client_registry': {'enabled': True, 'params': {}}}
round 14, 4 high, 8 low, 100.0-iid clients, predicted best policy: message_compressor activated ✅
Local parameters compressed: reduced 5156 bytes (6.99%)
Local parameters compressed: reduced 5150 bytes (6.98%)
Local parameters compressed: reduced 5137 bytes (6.96%)
Local parameters compressed: reduced 5169 bytes (7.01%)
Local parameters compressed: reduced 5144 bytes (6.97%)
Local parameters compressed: reduced 5118 bytes (6.94%)
Local parameters compressed: reduced 5110 bytes (6.93%)
Local parameters compressed: reduced 5117 bytes (6.93%)
Local parameters compressed: reduced 5114 bytes (6.93%)
Local parameters compressed: reduced 5147 bytes (6.98%)
Local parameters compressed: reduced 5168 bytes (7.00%)
Local parameters compressed: reduced 5139 bytes (6.96%)
Results Aggregated in 11.22 seconds.
{'TextMLP': {'train_loss': [0.5953382981353336, 0.5043327296700743, 0.4761460981945197, 0.46080430471897127, 0.45089381936192513, 0.4472887366149161, 0.4406866918351915, 0.4402382987711165, 0.4372133220142788, 0.4351035863008764, 0.43225839311977227, 0.42978960854411125, 0.42995920340683724, 0.43001956927511426], 'train_accuracy': [0.7841180555555556, 0.8177618055555556, 0.8270381944444445, 0.8318361111111111, 0.8355708333333334, 0.8364243055555556, 0.8384013888888889, 0.8385395833333333, 0.8394326388888889, 0.8399979166666667, 0.8412854166666667, 0.84246875, 0.8419451388888889, 0.8418458333333333], 'train_f1': [0.7836526778969196, 0.817227126182509, 0.8265942088310827, 0.8313914707627698, 0.835195359857442, 0.8361528486596487, 0.8377203915976384, 0.8382937854430367, 0.8392654169120403, 0.8392452918076296, 0.8411607612352894, 0.8421323762685992, 0.8412809507335693, 0.841563333855789], 'train_mae': [0.3382173611111111, 0.28657222222222223, 0.27480347222222223, 0.27030902777777777, 0.2589388888888889, 0.2601451388888889, 0.25595208333333336, 0.25530416666666667, 0.2549652777777778, 0.2537152777777778, 0.2540451388888889, 0.24820833333333334, 0.24813055555555555, 0.25275625], 'val_loss': [0.6023525006781545, 0.5182973412724964, 0.4941711545304248, 0.48066697538421865, 0.47034580710164287, 0.46728685206488557, 0.4608263276700388, 0.4601483163969559, 0.4571685004704877, 0.4563924974150825, 0.4531150740646479, 0.45041784873134216, 0.45037824514665104, 0.45178683103699435], 'val_accuracy': [0.7817214912280702, 0.8133333333333334, 0.8201206140350877, 0.8240460526315789, 0.8271271929824562, 0.8279276315789474, 0.8306140350877192, 0.8307346491228071, 0.8316447368421052, 0.8311074561403509, 0.8342543859649123, 0.8347368421052631, 0.8339912280701754, 0.8333881578947369], 'val_f1': [0.7811989351178206, 0.8127712418829741, 0.8196217603422348, 0.8235505634084679, 0.8267392240460166, 0.8276022710429829, 0.8298830473627764, 0.8304480766986371, 0.8314515384497715, 0.8302559602020289, 0.8341022796328369, 0.8343355791815618, 0.8332673123993998, 0.8330600622402186], 'val_mae': [0.33963815789473684, 0.29273026315789474, 0.2842763157894737, 0.28038377192982455, 0.27092105263157895, 0.2719627192982456, 0.2661184210526316, 0.2662390350877193, 0.2656469298245614, 0.2661513157894737, 0.2638157894736842, 0.2592214912280702, 0.25957236842105263, 0.26536184210526315], 'jsd': [(0, 0, 0, 0, 0, 0, 0, 0, 0, 0, 0, 0), (0, 0, 0, 0, 0, 0, 0, 0, 0, 0, 0, 0), (0, 0, 0, 0, 0, 0, 0, 0, 0, 0, 0, 0), (0, 0, 0, 0, 0, 0, 0, 0, 0, 0, 0, 0), (0, 0, 0, 0, 0, 0, 0, 0, 0, 0, 0, 0), (0, 0, 0, 0, 0, 0, 0, 0, 0, 0, 0, 0), (0, 0, 0, 0, 0, 0, 0, 0, 0, 0, 0, 0), (0, 0, 0, 0, 0, 0, 0, 0, 0, 0, 0, 0), (0, 0, 0, 0, 0, 0, 0, 0, 0, 0, 0, 0), (0, 0, 0, 0, 0, 0, 0, 0, 0, 0, 0, 0), (0, 0, 0, 0, 0, 0, 0, 0, 0, 0, 0, 0), (0, 0, 0, 0, 0, 0, 0, 0, 0, 0, 0, 0), (0, 0, 0, 0, 0, 0, 0, 0, 0, 0, 0, 0), (0, 0, 0, 0, 0, 0, 0, 0, 0, 0, 0, 0)]}}
AdaptationManager: Configuring next round...
{'client_registry': {'enabled': True, 'params': {}}, 'client_selector': {'enabled': False, 'params': {}}, 'client_cluster': {'enabled': False, 'params': {}}, 'message_compressor': {'enabled': True, 'params': {}}, 'model_co-versioning_registry': {'enabled': False, 'params': {}}, 'multi-task_model_trainer': {'enabled': False, 'params': {}}, 'heterogeneous_data_handler': {'enabled': False, 'params': {}}}
{'client_selector': {'enabled': False}, 'client_cluster': {'enabled': False}, 'message_compressor': {'enabled': True}, 'model_co-versioning_registry': {'enabled': False}, 'multi-task_model_trainer': {'enabled': False}, 'heterogeneous_data_handler': {'enabled': False}, 'client_registry': {'enabled': True, 'params': {}}}
round 15, 4 high, 8 low, 100.0-iid clients, predicted best policy: message_compressor activated ✅
Local parameters compressed: reduced 5123 bytes (6.94%)
Local parameters compressed: reduced 5111 bytes (6.93%)
Local parameters compressed: reduced 5138 bytes (6.96%)
Local parameters compressed: reduced 5116 bytes (6.93%)
Local parameters compressed: reduced 5153 bytes (6.98%)
Local parameters compressed: reduced 5113 bytes (6.93%)
Local parameters compressed: reduced 5112 bytes (6.93%)
Local parameters compressed: reduced 5124 bytes (6.94%)
Local parameters compressed: reduced 5128 bytes (6.95%)
Local parameters compressed: reduced 5112 bytes (6.93%)
Local parameters compressed: reduced 5150 bytes (6.98%)
Local parameters compressed: reduced 5112 bytes (6.93%)
Results Aggregated in 11.13 seconds.
{'TextMLP': {'train_loss': [0.5953382981353336, 0.5043327296700743, 0.4761460981945197, 0.46080430471897127, 0.45089381936192513, 0.4472887366149161, 0.4406866918351915, 0.4402382987711165, 0.4372133220142788, 0.4351035863008764, 0.43225839311977227, 0.42978960854411125, 0.42995920340683724, 0.43001956927511426, 0.4285066701769829], 'train_accuracy': [0.7841180555555556, 0.8177618055555556, 0.8270381944444445, 0.8318361111111111, 0.8355708333333334, 0.8364243055555556, 0.8384013888888889, 0.8385395833333333, 0.8394326388888889, 0.8399979166666667, 0.8412854166666667, 0.84246875, 0.8419451388888889, 0.8418458333333333, 0.8425715277777778], 'train_f1': [0.7836526778969196, 0.817227126182509, 0.8265942088310827, 0.8313914707627698, 0.835195359857442, 0.8361528486596487, 0.8377203915976384, 0.8382937854430367, 0.8392654169120403, 0.8392452918076296, 0.8411607612352894, 0.8421323762685992, 0.8412809507335693, 0.841563333855789, 0.8419704196519822], 'train_mae': [0.3382173611111111, 0.28657222222222223, 0.27480347222222223, 0.27030902777777777, 0.2589388888888889, 0.2601451388888889, 0.25595208333333336, 0.25530416666666667, 0.2549652777777778, 0.2537152777777778, 0.2540451388888889, 0.24820833333333334, 0.24813055555555555, 0.25275625, 0.25052430555555555], 'val_loss': [0.6023525006781545, 0.5182973412724964, 0.4941711545304248, 0.48066697538421865, 0.47034580710164287, 0.46728685206488557, 0.4608263276700388, 0.4601483163969559, 0.4571685004704877, 0.4563924974150825, 0.4531150740646479, 0.45041784873134216, 0.45037824514665104, 0.45178683103699435, 0.4502312263637258], 'val_accuracy': [0.7817214912280702, 0.8133333333333334, 0.8201206140350877, 0.8240460526315789, 0.8271271929824562, 0.8279276315789474, 0.8306140350877192, 0.8307346491228071, 0.8316447368421052, 0.8311074561403509, 0.8342543859649123, 0.8347368421052631, 0.8339912280701754, 0.8333881578947369, 0.8345504385964913], 'val_f1': [0.7811989351178206, 0.8127712418829741, 0.8196217603422348, 0.8235505634084679, 0.8267392240460166, 0.8276022710429829, 0.8298830473627764, 0.8304480766986371, 0.8314515384497715, 0.8302559602020289, 0.8341022796328369, 0.8343355791815618, 0.8332673123993998, 0.8330600622402186, 0.8338639462237806], 'val_mae': [0.33963815789473684, 0.29273026315789474, 0.2842763157894737, 0.28038377192982455, 0.27092105263157895, 0.2719627192982456, 0.2661184210526316, 0.2662390350877193, 0.2656469298245614, 0.2661513157894737, 0.2638157894736842, 0.2592214912280702, 0.25957236842105263, 0.26536184210526315, 0.26203947368421054], 'jsd': [(0, 0, 0, 0, 0, 0, 0, 0, 0, 0, 0, 0), (0, 0, 0, 0, 0, 0, 0, 0, 0, 0, 0, 0), (0, 0, 0, 0, 0, 0, 0, 0, 0, 0, 0, 0), (0, 0, 0, 0, 0, 0, 0, 0, 0, 0, 0, 0), (0, 0, 0, 0, 0, 0, 0, 0, 0, 0, 0, 0), (0, 0, 0, 0, 0, 0, 0, 0, 0, 0, 0, 0), (0, 0, 0, 0, 0, 0, 0, 0, 0, 0, 0, 0), (0, 0, 0, 0, 0, 0, 0, 0, 0, 0, 0, 0), (0, 0, 0, 0, 0, 0, 0, 0, 0, 0, 0, 0), (0, 0, 0, 0, 0, 0, 0, 0, 0, 0, 0, 0), (0, 0, 0, 0, 0, 0, 0, 0, 0, 0, 0, 0), (0, 0, 0, 0, 0, 0, 0, 0, 0, 0, 0, 0), (0, 0, 0, 0, 0, 0, 0, 0, 0, 0, 0, 0), (0, 0, 0, 0, 0, 0, 0, 0, 0, 0, 0, 0), (0, 0, 0, 0, 0, 0, 0, 0, 0, 0, 0, 0)]}}
AdaptationManager: Configuring next round...
{'client_registry': {'enabled': True, 'params': {}}, 'client_selector': {'enabled': False, 'params': {}}, 'client_cluster': {'enabled': False, 'params': {}}, 'message_compressor': {'enabled': True, 'params': {}}, 'model_co-versioning_registry': {'enabled': False, 'params': {}}, 'multi-task_model_trainer': {'enabled': False, 'params': {}}, 'heterogeneous_data_handler': {'enabled': False, 'params': {}}}
{'client_selector': {'enabled': False}, 'client_cluster': {'enabled': False}, 'message_compressor': {'enabled': True}, 'model_co-versioning_registry': {'enabled': False}, 'multi-task_model_trainer': {'enabled': False}, 'heterogeneous_data_handler': {'enabled': False}, 'client_registry': {'enabled': True, 'params': {}}}
round 16, 4 high, 8 low, 100.0-iid clients, predicted best policy: message_compressor activated ✅
Local parameters compressed: reduced 5112 bytes (6.93%)
Local parameters compressed: reduced 5133 bytes (6.96%)
Local parameters compressed: reduced 5135 bytes (6.96%)
Local parameters compressed: reduced 5177 bytes (7.02%)
Local parameters compressed: reduced 5115 bytes (6.93%)
Local parameters compressed: reduced 5111 bytes (6.93%)
Local parameters compressed: reduced 5122 bytes (6.94%)
Local parameters compressed: reduced 5104 bytes (6.92%)
Local parameters compressed: reduced 5131 bytes (6.95%)
Local parameters compressed: reduced 5148 bytes (6.98%)
Local parameters compressed: reduced 5134 bytes (6.96%)
Local parameters compressed: reduced 5123 bytes (6.94%)
Results Aggregated in 12.08 seconds.
{'TextMLP': {'train_loss': [0.5953382981353336, 0.5043327296700743, 0.4761460981945197, 0.46080430471897127, 0.45089381936192513, 0.4472887366149161, 0.4406866918351915, 0.4402382987711165, 0.4372133220142788, 0.4351035863008764, 0.43225839311977227, 0.42978960854411125, 0.42995920340683724, 0.43001956927511426, 0.4285066701769829, 0.4244615342126952], 'train_accuracy': [0.7841180555555556, 0.8177618055555556, 0.8270381944444445, 0.8318361111111111, 0.8355708333333334, 0.8364243055555556, 0.8384013888888889, 0.8385395833333333, 0.8394326388888889, 0.8399979166666667, 0.8412854166666667, 0.84246875, 0.8419451388888889, 0.8418458333333333, 0.8425715277777778, 0.8441770833333333], 'train_f1': [0.7836526778969196, 0.817227126182509, 0.8265942088310827, 0.8313914707627698, 0.835195359857442, 0.8361528486596487, 0.8377203915976384, 0.8382937854430367, 0.8392654169120403, 0.8392452918076296, 0.8411607612352894, 0.8421323762685992, 0.8412809507335693, 0.841563333855789, 0.8419704196519822, 0.8438508637335937], 'train_mae': [0.3382173611111111, 0.28657222222222223, 0.27480347222222223, 0.27030902777777777, 0.2589388888888889, 0.2601451388888889, 0.25595208333333336, 0.25530416666666667, 0.2549652777777778, 0.2537152777777778, 0.2540451388888889, 0.24820833333333334, 0.24813055555555555, 0.25275625, 0.25052430555555555, 0.24760902777777777], 'val_loss': [0.6023525006781545, 0.5182973412724964, 0.4941711545304248, 0.48066697538421865, 0.47034580710164287, 0.46728685206488557, 0.4608263276700388, 0.4601483163969559, 0.4571685004704877, 0.4563924974150825, 0.4531150740646479, 0.45041784873134216, 0.45037824514665104, 0.45178683103699435, 0.4502312263637258, 0.44605331223784833], 'val_accuracy': [0.7817214912280702, 0.8133333333333334, 0.8201206140350877, 0.8240460526315789, 0.8271271929824562, 0.8279276315789474, 0.8306140350877192, 0.8307346491228071, 0.8316447368421052, 0.8311074561403509, 0.8342543859649123, 0.8347368421052631, 0.8339912280701754, 0.8333881578947369, 0.8345504385964913, 0.8364583333333333], 'val_f1': [0.7811989351178206, 0.8127712418829741, 0.8196217603422348, 0.8235505634084679, 0.8267392240460166, 0.8276022710429829, 0.8298830473627764, 0.8304480766986371, 0.8314515384497715, 0.8302559602020289, 0.8341022796328369, 0.8343355791815618, 0.8332673123993998, 0.8330600622402186, 0.8338639462237806, 0.836078959070467], 'val_mae': [0.33963815789473684, 0.29273026315789474, 0.2842763157894737, 0.28038377192982455, 0.27092105263157895, 0.2719627192982456, 0.2661184210526316, 0.2662390350877193, 0.2656469298245614, 0.2661513157894737, 0.2638157894736842, 0.2592214912280702, 0.25957236842105263, 0.26536184210526315, 0.26203947368421054, 0.2590899122807018], 'jsd': [(0, 0, 0, 0, 0, 0, 0, 0, 0, 0, 0, 0), (0, 0, 0, 0, 0, 0, 0, 0, 0, 0, 0, 0), (0, 0, 0, 0, 0, 0, 0, 0, 0, 0, 0, 0), (0, 0, 0, 0, 0, 0, 0, 0, 0, 0, 0, 0), (0, 0, 0, 0, 0, 0, 0, 0, 0, 0, 0, 0), (0, 0, 0, 0, 0, 0, 0, 0, 0, 0, 0, 0), (0, 0, 0, 0, 0, 0, 0, 0, 0, 0, 0, 0), (0, 0, 0, 0, 0, 0, 0, 0, 0, 0, 0, 0), (0, 0, 0, 0, 0, 0, 0, 0, 0, 0, 0, 0), (0, 0, 0, 0, 0, 0, 0, 0, 0, 0, 0, 0), (0, 0, 0, 0, 0, 0, 0, 0, 0, 0, 0, 0), (0, 0, 0, 0, 0, 0, 0, 0, 0, 0, 0, 0), (0, 0, 0, 0, 0, 0, 0, 0, 0, 0, 0, 0), (0, 0, 0, 0, 0, 0, 0, 0, 0, 0, 0, 0), (0, 0, 0, 0, 0, 0, 0, 0, 0, 0, 0, 0), (0, 0, 0, 0, 0, 0, 0, 0, 0, 0, 0, 0)]}}
AdaptationManager: Configuring next round...
{'client_registry': {'enabled': True, 'params': {}}, 'client_selector': {'enabled': False, 'params': {}}, 'client_cluster': {'enabled': False, 'params': {}}, 'message_compressor': {'enabled': True, 'params': {}}, 'model_co-versioning_registry': {'enabled': False, 'params': {}}, 'multi-task_model_trainer': {'enabled': False, 'params': {}}, 'heterogeneous_data_handler': {'enabled': False, 'params': {}}}
{'client_selector': {'enabled': False}, 'client_cluster': {'enabled': False}, 'message_compressor': {'enabled': True}, 'model_co-versioning_registry': {'enabled': False}, 'multi-task_model_trainer': {'enabled': False}, 'heterogeneous_data_handler': {'enabled': False}, 'client_registry': {'enabled': True, 'params': {}}}
round 17, 4 high, 8 low, 100.0-iid clients, predicted best policy: message_compressor activated ✅
Local parameters compressed: reduced 5126 bytes (6.95%)
Local parameters compressed: reduced 5129 bytes (6.95%)
Local parameters compressed: reduced 5100 bytes (6.91%)
Local parameters compressed: reduced 5114 bytes (6.93%)
Local parameters compressed: reduced 5073 bytes (6.88%)
Local parameters compressed: reduced 5084 bytes (6.89%)
Local parameters compressed: reduced 5123 bytes (6.94%)
Local parameters compressed: reduced 5126 bytes (6.95%)
Local parameters compressed: reduced 5123 bytes (6.94%)
Local parameters compressed: reduced 5139 bytes (6.96%)
Local parameters compressed: reduced 5116 bytes (6.93%)
Local parameters compressed: reduced 5153 bytes (6.98%)
Results Aggregated in 13.32 seconds.
{'TextMLP': {'train_loss': [0.5953382981353336, 0.5043327296700743, 0.4761460981945197, 0.46080430471897127, 0.45089381936192513, 0.4472887366149161, 0.4406866918351915, 0.4402382987711165, 0.4372133220142788, 0.4351035863008764, 0.43225839311977227, 0.42978960854411125, 0.42995920340683724, 0.43001956927511426, 0.4285066701769829, 0.4244615342126952, 0.4258970467408498], 'train_accuracy': [0.7841180555555556, 0.8177618055555556, 0.8270381944444445, 0.8318361111111111, 0.8355708333333334, 0.8364243055555556, 0.8384013888888889, 0.8385395833333333, 0.8394326388888889, 0.8399979166666667, 0.8412854166666667, 0.84246875, 0.8419451388888889, 0.8418458333333333, 0.8425715277777778, 0.8441770833333333, 0.8431291666666667], 'train_f1': [0.7836526778969196, 0.817227126182509, 0.8265942088310827, 0.8313914707627698, 0.835195359857442, 0.8361528486596487, 0.8377203915976384, 0.8382937854430367, 0.8392654169120403, 0.8392452918076296, 0.8411607612352894, 0.8421323762685992, 0.8412809507335693, 0.841563333855789, 0.8419704196519822, 0.8438508637335937, 0.8424702024278429], 'train_mae': [0.3382173611111111, 0.28657222222222223, 0.27480347222222223, 0.27030902777777777, 0.2589388888888889, 0.2601451388888889, 0.25595208333333336, 0.25530416666666667, 0.2549652777777778, 0.2537152777777778, 0.2540451388888889, 0.24820833333333334, 0.24813055555555555, 0.25275625, 0.25052430555555555, 0.24760902777777777, 0.24827777777777776], 'val_loss': [0.6023525006781545, 0.5182973412724964, 0.4941711545304248, 0.48066697538421865, 0.47034580710164287, 0.46728685206488557, 0.4608263276700388, 0.4601483163969559, 0.4571685004704877, 0.4563924974150825, 0.4531150740646479, 0.45041784873134216, 0.45037824514665104, 0.45178683103699435, 0.4502312263637258, 0.44605331223784833, 0.4478976608420674], 'val_accuracy': [0.7817214912280702, 0.8133333333333334, 0.8201206140350877, 0.8240460526315789, 0.8271271929824562, 0.8279276315789474, 0.8306140350877192, 0.8307346491228071, 0.8316447368421052, 0.8311074561403509, 0.8342543859649123, 0.8347368421052631, 0.8339912280701754, 0.8333881578947369, 0.8345504385964913, 0.8364583333333333, 0.8348684210526316], 'val_f1': [0.7811989351178206, 0.8127712418829741, 0.8196217603422348, 0.8235505634084679, 0.8267392240460166, 0.8276022710429829, 0.8298830473627764, 0.8304480766986371, 0.8314515384497715, 0.8302559602020289, 0.8341022796328369, 0.8343355791815618, 0.8332673123993998, 0.8330600622402186, 0.8338639462237806, 0.836078959070467, 0.8341191314805559], 'val_mae': [0.33963815789473684, 0.29273026315789474, 0.2842763157894737, 0.28038377192982455, 0.27092105263157895, 0.2719627192982456, 0.2661184210526316, 0.2662390350877193, 0.2656469298245614, 0.2661513157894737, 0.2638157894736842, 0.2592214912280702, 0.25957236842105263, 0.26536184210526315, 0.26203947368421054, 0.2590899122807018, 0.26055921052631575], 'jsd': [(0, 0, 0, 0, 0, 0, 0, 0, 0, 0, 0, 0), (0, 0, 0, 0, 0, 0, 0, 0, 0, 0, 0, 0), (0, 0, 0, 0, 0, 0, 0, 0, 0, 0, 0, 0), (0, 0, 0, 0, 0, 0, 0, 0, 0, 0, 0, 0), (0, 0, 0, 0, 0, 0, 0, 0, 0, 0, 0, 0), (0, 0, 0, 0, 0, 0, 0, 0, 0, 0, 0, 0), (0, 0, 0, 0, 0, 0, 0, 0, 0, 0, 0, 0), (0, 0, 0, 0, 0, 0, 0, 0, 0, 0, 0, 0), (0, 0, 0, 0, 0, 0, 0, 0, 0, 0, 0, 0), (0, 0, 0, 0, 0, 0, 0, 0, 0, 0, 0, 0), (0, 0, 0, 0, 0, 0, 0, 0, 0, 0, 0, 0), (0, 0, 0, 0, 0, 0, 0, 0, 0, 0, 0, 0), (0, 0, 0, 0, 0, 0, 0, 0, 0, 0, 0, 0), (0, 0, 0, 0, 0, 0, 0, 0, 0, 0, 0, 0), (0, 0, 0, 0, 0, 0, 0, 0, 0, 0, 0, 0), (0, 0, 0, 0, 0, 0, 0, 0, 0, 0, 0, 0), (0, 0, 0, 0, 0, 0, 0, 0, 0, 0, 0, 0)]}}
AdaptationManager: Configuring next round...
{'client_registry': {'enabled': True, 'params': {}}, 'client_selector': {'enabled': False, 'params': {}}, 'client_cluster': {'enabled': False, 'params': {}}, 'message_compressor': {'enabled': True, 'params': {}}, 'model_co-versioning_registry': {'enabled': False, 'params': {}}, 'multi-task_model_trainer': {'enabled': False, 'params': {}}, 'heterogeneous_data_handler': {'enabled': False, 'params': {}}}
{'client_selector': {'enabled': False}, 'client_cluster': {'enabled': False}, 'message_compressor': {'enabled': True}, 'model_co-versioning_registry': {'enabled': False}, 'multi-task_model_trainer': {'enabled': False}, 'heterogeneous_data_handler': {'enabled': False}, 'client_registry': {'enabled': True, 'params': {}}}
round 18, 4 high, 8 low, 100.0-iid clients, predicted best policy: message_compressor activated ✅
Local parameters compressed: reduced 5133 bytes (6.96%)
Local parameters compressed: reduced 5140 bytes (6.97%)
Local parameters compressed: reduced 5124 bytes (6.94%)
Local parameters compressed: reduced 5127 bytes (6.95%)
Local parameters compressed: reduced 5103 bytes (6.92%)
Local parameters compressed: reduced 5103 bytes (6.92%)
Local parameters compressed: reduced 5123 bytes (6.94%)
Local parameters compressed: reduced 5131 bytes (6.95%)
Local parameters compressed: reduced 5104 bytes (6.92%)
Local parameters compressed: reduced 5098 bytes (6.91%)
Local parameters compressed: reduced 5105 bytes (6.92%)
Local parameters compressed: reduced 5086 bytes (6.89%)
Results Aggregated in 11.63 seconds.
{'TextMLP': {'train_loss': [0.5953382981353336, 0.5043327296700743, 0.4761460981945197, 0.46080430471897127, 0.45089381936192513, 0.4472887366149161, 0.4406866918351915, 0.4402382987711165, 0.4372133220142788, 0.4351035863008764, 0.43225839311977227, 0.42978960854411125, 0.42995920340683724, 0.43001956927511426, 0.4285066701769829, 0.4244615342126952, 0.4258970467408498, 0.42358964266909493], 'train_accuracy': [0.7841180555555556, 0.8177618055555556, 0.8270381944444445, 0.8318361111111111, 0.8355708333333334, 0.8364243055555556, 0.8384013888888889, 0.8385395833333333, 0.8394326388888889, 0.8399979166666667, 0.8412854166666667, 0.84246875, 0.8419451388888889, 0.8418458333333333, 0.8425715277777778, 0.8441770833333333, 0.8431291666666667, 0.8443798611111111], 'train_f1': [0.7836526778969196, 0.817227126182509, 0.8265942088310827, 0.8313914707627698, 0.835195359857442, 0.8361528486596487, 0.8377203915976384, 0.8382937854430367, 0.8392654169120403, 0.8392452918076296, 0.8411607612352894, 0.8421323762685992, 0.8412809507335693, 0.841563333855789, 0.8419704196519822, 0.8438508637335937, 0.8424702024278429, 0.8442905375460712], 'train_mae': [0.3382173611111111, 0.28657222222222223, 0.27480347222222223, 0.27030902777777777, 0.2589388888888889, 0.2601451388888889, 0.25595208333333336, 0.25530416666666667, 0.2549652777777778, 0.2537152777777778, 0.2540451388888889, 0.24820833333333334, 0.24813055555555555, 0.25275625, 0.25052430555555555, 0.24760902777777777, 0.24827777777777776, 0.2478423611111111], 'val_loss': [0.6023525006781545, 0.5182973412724964, 0.4941711545304248, 0.48066697538421865, 0.47034580710164287, 0.46728685206488557, 0.4608263276700388, 0.4601483163969559, 0.4571685004704877, 0.4563924974150825, 0.4531150740646479, 0.45041784873134216, 0.45037824514665104, 0.45178683103699435, 0.4502312263637258, 0.44605331223784833, 0.4478976608420674, 0.44542441390062637], 'val_accuracy': [0.7817214912280702, 0.8133333333333334, 0.8201206140350877, 0.8240460526315789, 0.8271271929824562, 0.8279276315789474, 0.8306140350877192, 0.8307346491228071, 0.8316447368421052, 0.8311074561403509, 0.8342543859649123, 0.8347368421052631, 0.8339912280701754, 0.8333881578947369, 0.8345504385964913, 0.8364583333333333, 0.8348684210526316, 0.8368421052631579], 'val_f1': [0.7811989351178206, 0.8127712418829741, 0.8196217603422348, 0.8235505634084679, 0.8267392240460166, 0.8276022710429829, 0.8298830473627764, 0.8304480766986371, 0.8314515384497715, 0.8302559602020289, 0.8341022796328369, 0.8343355791815618, 0.8332673123993998, 0.8330600622402186, 0.8338639462237806, 0.836078959070467, 0.8341191314805559, 0.8367111759226867], 'val_mae': [0.33963815789473684, 0.29273026315789474, 0.2842763157894737, 0.28038377192982455, 0.27092105263157895, 0.2719627192982456, 0.2661184210526316, 0.2662390350877193, 0.2656469298245614, 0.2661513157894737, 0.2638157894736842, 0.2592214912280702, 0.25957236842105263, 0.26536184210526315, 0.26203947368421054, 0.2590899122807018, 0.26055921052631575, 0.2593421052631579], 'jsd': [(0, 0, 0, 0, 0, 0, 0, 0, 0, 0, 0, 0), (0, 0, 0, 0, 0, 0, 0, 0, 0, 0, 0, 0), (0, 0, 0, 0, 0, 0, 0, 0, 0, 0, 0, 0), (0, 0, 0, 0, 0, 0, 0, 0, 0, 0, 0, 0), (0, 0, 0, 0, 0, 0, 0, 0, 0, 0, 0, 0), (0, 0, 0, 0, 0, 0, 0, 0, 0, 0, 0, 0), (0, 0, 0, 0, 0, 0, 0, 0, 0, 0, 0, 0), (0, 0, 0, 0, 0, 0, 0, 0, 0, 0, 0, 0), (0, 0, 0, 0, 0, 0, 0, 0, 0, 0, 0, 0), (0, 0, 0, 0, 0, 0, 0, 0, 0, 0, 0, 0), (0, 0, 0, 0, 0, 0, 0, 0, 0, 0, 0, 0), (0, 0, 0, 0, 0, 0, 0, 0, 0, 0, 0, 0), (0, 0, 0, 0, 0, 0, 0, 0, 0, 0, 0, 0), (0, 0, 0, 0, 0, 0, 0, 0, 0, 0, 0, 0), (0, 0, 0, 0, 0, 0, 0, 0, 0, 0, 0, 0), (0, 0, 0, 0, 0, 0, 0, 0, 0, 0, 0, 0), (0, 0, 0, 0, 0, 0, 0, 0, 0, 0, 0, 0), (0, 0, 0, 0, 0, 0, 0, 0, 0, 0, 0, 0)]}}
AdaptationManager: Configuring next round...
{'client_registry': {'enabled': True, 'params': {}}, 'client_selector': {'enabled': False, 'params': {}}, 'client_cluster': {'enabled': False, 'params': {}}, 'message_compressor': {'enabled': True, 'params': {}}, 'model_co-versioning_registry': {'enabled': False, 'params': {}}, 'multi-task_model_trainer': {'enabled': False, 'params': {}}, 'heterogeneous_data_handler': {'enabled': False, 'params': {}}}
{'client_selector': {'enabled': False}, 'client_cluster': {'enabled': False}, 'message_compressor': {'enabled': True}, 'model_co-versioning_registry': {'enabled': False}, 'multi-task_model_trainer': {'enabled': False}, 'heterogeneous_data_handler': {'enabled': False}, 'client_registry': {'enabled': True, 'params': {}}}
round 19, 4 high, 8 low, 100.0-iid clients, predicted best policy: message_compressor activated ✅
Local parameters compressed: reduced 5105 bytes (6.92%)
Local parameters compressed: reduced 5086 bytes (6.89%)
Local parameters compressed: reduced 5126 bytes (6.95%)
Local parameters compressed: reduced 5100 bytes (6.91%)
Local parameters compressed: reduced 5111 bytes (6.93%)
Local parameters compressed: reduced 5119 bytes (6.94%)
Local parameters compressed: reduced 5127 bytes (6.95%)
Local parameters compressed: reduced 5126 bytes (6.95%)
Local parameters compressed: reduced 5112 bytes (6.93%)
Local parameters compressed: reduced 5132 bytes (6.96%)
Local parameters compressed: reduced 5093 bytes (6.90%)
Local parameters compressed: reduced 5114 bytes (6.93%)
Results Aggregated in 11.94 seconds.
{'TextMLP': {'train_loss': [0.5953382981353336, 0.5043327296700743, 0.4761460981945197, 0.46080430471897127, 0.45089381936192513, 0.4472887366149161, 0.4406866918351915, 0.4402382987711165, 0.4372133220142788, 0.4351035863008764, 0.43225839311977227, 0.42978960854411125, 0.42995920340683724, 0.43001956927511426, 0.4285066701769829, 0.4244615342126952, 0.4258970467408498, 0.42358964266909493, 0.4212701221194532], 'train_accuracy': [0.7841180555555556, 0.8177618055555556, 0.8270381944444445, 0.8318361111111111, 0.8355708333333334, 0.8364243055555556, 0.8384013888888889, 0.8385395833333333, 0.8394326388888889, 0.8399979166666667, 0.8412854166666667, 0.84246875, 0.8419451388888889, 0.8418458333333333, 0.8425715277777778, 0.8441770833333333, 0.8431291666666667, 0.8443798611111111, 0.8452548611111111], 'train_f1': [0.7836526778969196, 0.817227126182509, 0.8265942088310827, 0.8313914707627698, 0.835195359857442, 0.8361528486596487, 0.8377203915976384, 0.8382937854430367, 0.8392654169120403, 0.8392452918076296, 0.8411607612352894, 0.8421323762685992, 0.8412809507335693, 0.841563333855789, 0.8419704196519822, 0.8438508637335937, 0.8424702024278429, 0.8442905375460712, 0.8451766815823722], 'train_mae': [0.3382173611111111, 0.28657222222222223, 0.27480347222222223, 0.27030902777777777, 0.2589388888888889, 0.2601451388888889, 0.25595208333333336, 0.25530416666666667, 0.2549652777777778, 0.2537152777777778, 0.2540451388888889, 0.24820833333333334, 0.24813055555555555, 0.25275625, 0.25052430555555555, 0.24760902777777777, 0.24827777777777776, 0.2478423611111111, 0.24664930555555556], 'val_loss': [0.6023525006781545, 0.5182973412724964, 0.4941711545304248, 0.48066697538421865, 0.47034580710164287, 0.46728685206488557, 0.4608263276700388, 0.4601483163969559, 0.4571685004704877, 0.4563924974150825, 0.4531150740646479, 0.45041784873134216, 0.45037824514665104, 0.45178683103699435, 0.4502312263637258, 0.44605331223784833, 0.4478976608420674, 0.44542441390062637, 0.44333003970091805], 'val_accuracy': [0.7817214912280702, 0.8133333333333334, 0.8201206140350877, 0.8240460526315789, 0.8271271929824562, 0.8279276315789474, 0.8306140350877192, 0.8307346491228071, 0.8316447368421052, 0.8311074561403509, 0.8342543859649123, 0.8347368421052631, 0.8339912280701754, 0.8333881578947369, 0.8345504385964913, 0.8364583333333333, 0.8348684210526316, 0.8368421052631579, 0.8373684210526315], 'val_f1': [0.7811989351178206, 0.8127712418829741, 0.8196217603422348, 0.8235505634084679, 0.8267392240460166, 0.8276022710429829, 0.8298830473627764, 0.8304480766986371, 0.8314515384497715, 0.8302559602020289, 0.8341022796328369, 0.8343355791815618, 0.8332673123993998, 0.8330600622402186, 0.8338639462237806, 0.836078959070467, 0.8341191314805559, 0.8367111759226867, 0.8372095615255314], 'val_mae': [0.33963815789473684, 0.29273026315789474, 0.2842763157894737, 0.28038377192982455, 0.27092105263157895, 0.2719627192982456, 0.2661184210526316, 0.2662390350877193, 0.2656469298245614, 0.2661513157894737, 0.2638157894736842, 0.2592214912280702, 0.25957236842105263, 0.26536184210526315, 0.26203947368421054, 0.2590899122807018, 0.26055921052631575, 0.2593421052631579, 0.25842105263157894], 'jsd': [(0, 0, 0, 0, 0, 0, 0, 0, 0, 0, 0, 0), (0, 0, 0, 0, 0, 0, 0, 0, 0, 0, 0, 0), (0, 0, 0, 0, 0, 0, 0, 0, 0, 0, 0, 0), (0, 0, 0, 0, 0, 0, 0, 0, 0, 0, 0, 0), (0, 0, 0, 0, 0, 0, 0, 0, 0, 0, 0, 0), (0, 0, 0, 0, 0, 0, 0, 0, 0, 0, 0, 0), (0, 0, 0, 0, 0, 0, 0, 0, 0, 0, 0, 0), (0, 0, 0, 0, 0, 0, 0, 0, 0, 0, 0, 0), (0, 0, 0, 0, 0, 0, 0, 0, 0, 0, 0, 0), (0, 0, 0, 0, 0, 0, 0, 0, 0, 0, 0, 0), (0, 0, 0, 0, 0, 0, 0, 0, 0, 0, 0, 0), (0, 0, 0, 0, 0, 0, 0, 0, 0, 0, 0, 0), (0, 0, 0, 0, 0, 0, 0, 0, 0, 0, 0, 0), (0, 0, 0, 0, 0, 0, 0, 0, 0, 0, 0, 0), (0, 0, 0, 0, 0, 0, 0, 0, 0, 0, 0, 0), (0, 0, 0, 0, 0, 0, 0, 0, 0, 0, 0, 0), (0, 0, 0, 0, 0, 0, 0, 0, 0, 0, 0, 0), (0, 0, 0, 0, 0, 0, 0, 0, 0, 0, 0, 0), (0, 0, 0, 0, 0, 0, 0, 0, 0, 0, 0, 0)]}}
AdaptationManager: Configuring next round...
{'client_registry': {'enabled': True, 'params': {}}, 'client_selector': {'enabled': False, 'params': {}}, 'client_cluster': {'enabled': False, 'params': {}}, 'message_compressor': {'enabled': True, 'params': {}}, 'model_co-versioning_registry': {'enabled': False, 'params': {}}, 'multi-task_model_trainer': {'enabled': False, 'params': {}}, 'heterogeneous_data_handler': {'enabled': False, 'params': {}}}
{'client_selector': {'enabled': False}, 'client_cluster': {'enabled': False}, 'message_compressor': {'enabled': True}, 'model_co-versioning_registry': {'enabled': False}, 'multi-task_model_trainer': {'enabled': False}, 'heterogeneous_data_handler': {'enabled': False}, 'client_registry': {'enabled': True, 'params': {}}}
round 20, 4 high, 8 low, 100.0-iid clients, predicted best policy: message_compressor activated ✅
Local parameters compressed: reduced 5119 bytes (6.94%)
Local parameters compressed: reduced 5121 bytes (6.94%)
Local parameters compressed: reduced 5094 bytes (6.90%)
Local parameters compressed: reduced 5139 bytes (6.96%)
Local parameters compressed: reduced 5101 bytes (6.91%)
Local parameters compressed: reduced 5144 bytes (6.97%)
Local parameters compressed: reduced 5094 bytes (6.90%)
Local parameters compressed: reduced 5155 bytes (6.99%)
Local parameters compressed: reduced 5099 bytes (6.91%)
Local parameters compressed: reduced 5091 bytes (6.90%)
Local parameters compressed: reduced 5099 bytes (6.91%)
Local parameters compressed: reduced 5116 bytes (6.93%)
Results Aggregated in 11.68 seconds.
{'TextMLP': {'train_loss': [0.5953382981353336, 0.5043327296700743, 0.4761460981945197, 0.46080430471897127, 0.45089381936192513, 0.4472887366149161, 0.4406866918351915, 0.4402382987711165, 0.4372133220142788, 0.4351035863008764, 0.43225839311977227, 0.42978960854411125, 0.42995920340683724, 0.43001956927511426, 0.4285066701769829, 0.4244615342126952, 0.4258970467408498, 0.42358964266909493, 0.4212701221194532, 0.4166200523217519], 'train_accuracy': [0.7841180555555556, 0.8177618055555556, 0.8270381944444445, 0.8318361111111111, 0.8355708333333334, 0.8364243055555556, 0.8384013888888889, 0.8385395833333333, 0.8394326388888889, 0.8399979166666667, 0.8412854166666667, 0.84246875, 0.8419451388888889, 0.8418458333333333, 0.8425715277777778, 0.8441770833333333, 0.8431291666666667, 0.8443798611111111, 0.8452548611111111, 0.8471625], 'train_f1': [0.7836526778969196, 0.817227126182509, 0.8265942088310827, 0.8313914707627698, 0.835195359857442, 0.8361528486596487, 0.8377203915976384, 0.8382937854430367, 0.8392654169120403, 0.8392452918076296, 0.8411607612352894, 0.8421323762685992, 0.8412809507335693, 0.841563333855789, 0.8419704196519822, 0.8438508637335937, 0.8424702024278429, 0.8442905375460712, 0.8451766815823722, 0.8469056487085245], 'train_mae': [0.3382173611111111, 0.28657222222222223, 0.27480347222222223, 0.27030902777777777, 0.2589388888888889, 0.2601451388888889, 0.25595208333333336, 0.25530416666666667, 0.2549652777777778, 0.2537152777777778, 0.2540451388888889, 0.24820833333333334, 0.24813055555555555, 0.25275625, 0.25052430555555555, 0.24760902777777777, 0.24827777777777776, 0.2478423611111111, 0.24664930555555556, 0.2438736111111111], 'val_loss': [0.6023525006781545, 0.5182973412724964, 0.4941711545304248, 0.48066697538421865, 0.47034580710164287, 0.46728685206488557, 0.4608263276700388, 0.4601483163969559, 0.4571685004704877, 0.4563924974150825, 0.4531150740646479, 0.45041784873134216, 0.45037824514665104, 0.45178683103699435, 0.4502312263637258, 0.44605331223784833, 0.4478976608420674, 0.44542441390062637, 0.44333003970091805, 0.43917261721272216], 'val_accuracy': [0.7817214912280702, 0.8133333333333334, 0.8201206140350877, 0.8240460526315789, 0.8271271929824562, 0.8279276315789474, 0.8306140350877192, 0.8307346491228071, 0.8316447368421052, 0.8311074561403509, 0.8342543859649123, 0.8347368421052631, 0.8339912280701754, 0.8333881578947369, 0.8345504385964913, 0.8364583333333333, 0.8348684210526316, 0.8368421052631579, 0.8373684210526315, 0.8405153508771929], 'val_f1': [0.7811989351178206, 0.8127712418829741, 0.8196217603422348, 0.8235505634084679, 0.8267392240460166, 0.8276022710429829, 0.8298830473627764, 0.8304480766986371, 0.8314515384497715, 0.8302559602020289, 0.8341022796328369, 0.8343355791815618, 0.8332673123993998, 0.8330600622402186, 0.8338639462237806, 0.836078959070467, 0.8341191314805559, 0.8367111759226867, 0.8372095615255314, 0.840172749874601], 'val_mae': [0.33963815789473684, 0.29273026315789474, 0.2842763157894737, 0.28038377192982455, 0.27092105263157895, 0.2719627192982456, 0.2661184210526316, 0.2662390350877193, 0.2656469298245614, 0.2661513157894737, 0.2638157894736842, 0.2592214912280702, 0.25957236842105263, 0.26536184210526315, 0.26203947368421054, 0.2590899122807018, 0.26055921052631575, 0.2593421052631579, 0.25842105263157894, 0.2540241228070176], 'jsd': [(0, 0, 0, 0, 0, 0, 0, 0, 0, 0, 0, 0), (0, 0, 0, 0, 0, 0, 0, 0, 0, 0, 0, 0), (0, 0, 0, 0, 0, 0, 0, 0, 0, 0, 0, 0), (0, 0, 0, 0, 0, 0, 0, 0, 0, 0, 0, 0), (0, 0, 0, 0, 0, 0, 0, 0, 0, 0, 0, 0), (0, 0, 0, 0, 0, 0, 0, 0, 0, 0, 0, 0), (0, 0, 0, 0, 0, 0, 0, 0, 0, 0, 0, 0), (0, 0, 0, 0, 0, 0, 0, 0, 0, 0, 0, 0), (0, 0, 0, 0, 0, 0, 0, 0, 0, 0, 0, 0), (0, 0, 0, 0, 0, 0, 0, 0, 0, 0, 0, 0), (0, 0, 0, 0, 0, 0, 0, 0, 0, 0, 0, 0), (0, 0, 0, 0, 0, 0, 0, 0, 0, 0, 0, 0), (0, 0, 0, 0, 0, 0, 0, 0, 0, 0, 0, 0), (0, 0, 0, 0, 0, 0, 0, 0, 0, 0, 0, 0), (0, 0, 0, 0, 0, 0, 0, 0, 0, 0, 0, 0), (0, 0, 0, 0, 0, 0, 0, 0, 0, 0, 0, 0), (0, 0, 0, 0, 0, 0, 0, 0, 0, 0, 0, 0), (0, 0, 0, 0, 0, 0, 0, 0, 0, 0, 0, 0), (0, 0, 0, 0, 0, 0, 0, 0, 0, 0, 0, 0), (0, 0, 0, 0, 0, 0, 0, 0, 0, 0, 0, 0)]}}
AdaptationManager: Configuring next round...
{'client_registry': {'enabled': True, 'params': {}}, 'client_selector': {'enabled': False, 'params': {}}, 'client_cluster': {'enabled': False, 'params': {}}, 'message_compressor': {'enabled': True, 'params': {}}, 'model_co-versioning_registry': {'enabled': False, 'params': {}}, 'multi-task_model_trainer': {'enabled': False, 'params': {}}, 'heterogeneous_data_handler': {'enabled': False, 'params': {}}}
{'client_selector': {'enabled': False}, 'client_cluster': {'enabled': False}, 'message_compressor': {'enabled': True}, 'model_co-versioning_registry': {'enabled': False}, 'multi-task_model_trainer': {'enabled': False}, 'heterogeneous_data_handler': {'enabled': False}, 'client_registry': {'enabled': True, 'params': {}}}
round 21, 4 high, 8 low, 100.0-iid clients, predicted best policy: message_compressor activated ✅
