==========================================
  ___  ______  ___ ______       _ 
 / _ \ | ___ \/   ||  ___|     | |
/ /_\ \| |_/ / /| || |_ ___  __| |
|  _  ||  __/ /_| ||  _/ _ \/ _` |
| | | || |  \___  || ||  __/ (_| |
\_| |_/\_|      |_/\_| \___|\__,_| v.1.5.0

==========================================
Simulation Started!
List of the Architectural Patterns enabled:
Client Registry ✅
Client Selector ✅
 AP Parameters: {'selection_strategy': 'Resource-Based', 'selection_criteria': 'CPU', 'selection_value': 2}
==========================================
Client Client 5 has insufficient CPU (1). Will not participate in the next FL round.
Client Client 4 participates in this round. (CPU: 2, RAM: 4)
Client Client 6 has insufficient CPU (1). Will not participate in the next FL round.
Client Client 3 participates in this round. (CPU: 2, RAM: 4)
Client Client 2 participates in this round. (CPU: 2, RAM: 4)
Client Client 1 participates in this round. (CPU: 2, RAM: 4)
Results Aggregated in 28.98 seconds.
{'TextMLP': {'train_loss': [0.6173843423048655], 'train_accuracy': [0.7707770833333333], 'train_f1': [0.7694934765960252], 'train_mae': [0.35019791666666666], 'val_loss': [0.6330469069041703], 'val_accuracy': [0.7595723684210527], 'val_f1': [0.7582084391298521], 'val_mae': [0.36549342105263155], 'jsd': [(0, 0, 0, 0, 0, 0)]}}
Client Client 6 has insufficient CPU (1). Will not participate in the next FL round.
Client Client 5 has insufficient CPU (1). Will not participate in the next FL round.
Client Client 1 participates in this round. (CPU: 2, RAM: 4)
Client Client 4 participates in this round. (CPU: 2, RAM: 4)
Client Client 3 participates in this round. (CPU: 2, RAM: 4)
Client Client 2 participates in this round. (CPU: 2, RAM: 4)
Results Aggregated in 12.02 seconds.
{'TextMLP': {'train_loss': [0.6173843423048655, 0.5323885121603806], 'train_accuracy': [0.7707770833333333, 0.8079229166666667], 'train_f1': [0.7694934765960252, 0.8079198874843737], 'train_mae': [0.35019791666666666, 0.29889166666666667], 'val_loss': [0.6330469069041703, 0.5517118369748718], 'val_accuracy': [0.7595723684210527, 0.7986842105263158], 'val_f1': [0.7582084391298521, 0.7986728785149643], 'val_mae': [0.36549342105263155, 0.3096052631578947], 'jsd': [(0, 0, 0, 0, 0, 0), (0, 0, 0, 0, 0, 0)]}}
Client Client 6 has insufficient CPU (1). Will not participate in the next FL round.
Client Client 4 participates in this round. (CPU: 2, RAM: 4)
Client Client 2 participates in this round. (CPU: 2, RAM: 4)
Client Client 3 participates in this round. (CPU: 2, RAM: 4)
Client Client 1 participates in this round. (CPU: 2, RAM: 4)
Client Client 5 has insufficient CPU (1). Will not participate in the next FL round.
Results Aggregated in 10.54 seconds.
{'TextMLP': {'train_loss': [0.6173843423048655, 0.5323885121603806, 0.4882513670325279], 'train_accuracy': [0.7707770833333333, 0.8079229166666667, 0.8231583333333333], 'train_f1': [0.7694934765960252, 0.8079198874843737, 0.8223451457327469], 'train_mae': [0.35019791666666666, 0.29889166666666667, 0.28182083333333335], 'val_loss': [0.6330469069041703, 0.5517118369748718, 0.508840006715373], 'val_accuracy': [0.7595723684210527, 0.7986842105263158, 0.8129934210526315], 'val_f1': [0.7582084391298521, 0.7986728785149643, 0.8121504811141509], 'val_mae': [0.36549342105263155, 0.3096052631578947, 0.294375], 'jsd': [(0, 0, 0, 0, 0, 0), (0, 0, 0, 0, 0, 0), (0, 0, 0, 0, 0, 0)]}}
Client Client 5 has insufficient CPU (1). Will not participate in the next FL round.
Client Client 4 participates in this round. (CPU: 2, RAM: 4)
Client Client 2 participates in this round. (CPU: 2, RAM: 4)
Client Client 6 has insufficient CPU (1). Will not participate in the next FL round.
Client Client 1 participates in this round. (CPU: 2, RAM: 4)
Client Client 3 participates in this round. (CPU: 2, RAM: 4)
Results Aggregated in 11.25 seconds.
{'TextMLP': {'train_loss': [0.6173843423048655, 0.5323885121603806, 0.4882513670325279, 0.46738698899149894], 'train_accuracy': [0.7707770833333333, 0.8079229166666667, 0.8231583333333333, 0.8312145833333333], 'train_f1': [0.7694934765960252, 0.8079198874843737, 0.8223451457327469, 0.8307360240558332], 'train_mae': [0.35019791666666666, 0.29889166666666667, 0.28182083333333335, 0.2673125], 'val_loss': [0.6330469069041703, 0.5517118369748718, 0.508840006715373, 0.4866547041504007], 'val_accuracy': [0.7595723684210527, 0.7986842105263158, 0.8129934210526315, 0.8224671052631579], 'val_f1': [0.7582084391298521, 0.7986728785149643, 0.8121504811141509, 0.8220288984165867], 'val_mae': [0.36549342105263155, 0.3096052631578947, 0.294375, 0.27986842105263154], 'jsd': [(0, 0, 0, 0, 0, 0), (0, 0, 0, 0, 0, 0), (0, 0, 0, 0, 0, 0), (0, 0, 0, 0, 0, 0)]}}
Client Client 3 participates in this round. (CPU: 2, RAM: 4)
Client Client 6 has insufficient CPU (1). Will not participate in the next FL round.
Client Client 4 participates in this round. (CPU: 2, RAM: 4)
Client Client 5 has insufficient CPU (1). Will not participate in the next FL round.
Client Client 2 participates in this round. (CPU: 2, RAM: 4)
Client Client 1 participates in this round. (CPU: 2, RAM: 4)
Results Aggregated in 10.42 seconds.
{'TextMLP': {'train_loss': [0.6173843423048655, 0.5323885121603806, 0.4882513670325279, 0.46738698899149894, 0.46002694846192993], 'train_accuracy': [0.7707770833333333, 0.8079229166666667, 0.8231583333333333, 0.8312145833333333, 0.8323520833333333], 'train_f1': [0.7694934765960252, 0.8079198874843737, 0.8223451457327469, 0.8307360240558332, 0.8318952177900629], 'train_mae': [0.35019791666666666, 0.29889166666666667, 0.28182083333333335, 0.2673125, 0.2647], 'val_loss': [0.6330469069041703, 0.5517118369748718, 0.508840006715373, 0.4866547041504007, 0.4794203625070421], 'val_accuracy': [0.7595723684210527, 0.7986842105263158, 0.8129934210526315, 0.8224671052631579, 0.8242434210526316], 'val_f1': [0.7582084391298521, 0.7986728785149643, 0.8121504811141509, 0.8220288984165867, 0.8237804696781033], 'val_mae': [0.36549342105263155, 0.3096052631578947, 0.294375, 0.27986842105263154, 0.27638157894736837], 'jsd': [(0, 0, 0, 0, 0, 0), (0, 0, 0, 0, 0, 0), (0, 0, 0, 0, 0, 0), (0, 0, 0, 0, 0, 0), (0, 0, 0, 0, 0, 0)]}}
Client Client 6 has insufficient CPU (1). Will not participate in the next FL round.
Client Client 2 participates in this round. (CPU: 2, RAM: 4)
Client Client 3 participates in this round. (CPU: 2, RAM: 4)
Client Client 5 has insufficient CPU (1). Will not participate in the next FL round.
Client Client 4 participates in this round. (CPU: 2, RAM: 4)
Client Client 1 participates in this round. (CPU: 2, RAM: 4)
Results Aggregated in 10.44 seconds.
{'TextMLP': {'train_loss': [0.6173843423048655, 0.5323885121603806, 0.4882513670325279, 0.46738698899149894, 0.46002694846192993, 0.4599251524686813], 'train_accuracy': [0.7707770833333333, 0.8079229166666667, 0.8231583333333333, 0.8312145833333333, 0.8323520833333333, 0.83215], 'train_f1': [0.7694934765960252, 0.8079198874843737, 0.8223451457327469, 0.8307360240558332, 0.8318952177900629, 0.831605671295253], 'train_mae': [0.35019791666666666, 0.29889166666666667, 0.28182083333333335, 0.2673125, 0.2647, 0.2673041666666667], 'val_loss': [0.6330469069041703, 0.5517118369748718, 0.508840006715373, 0.4866547041504007, 0.4794203625070421, 0.48077510717668037], 'val_accuracy': [0.7595723684210527, 0.7986842105263158, 0.8129934210526315, 0.8224671052631579, 0.8242434210526316, 0.8245065789473685], 'val_f1': [0.7582084391298521, 0.7986728785149643, 0.8121504811141509, 0.8220288984165867, 0.8237804696781033, 0.8239641385494664], 'val_mae': [0.36549342105263155, 0.3096052631578947, 0.294375, 0.27986842105263154, 0.27638157894736837, 0.2785197368421053], 'jsd': [(0, 0, 0, 0, 0, 0), (0, 0, 0, 0, 0, 0), (0, 0, 0, 0, 0, 0), (0, 0, 0, 0, 0, 0), (0, 0, 0, 0, 0, 0), (0, 0, 0, 0, 0, 0)]}}
Client Client 5 has insufficient CPU (1). Will not participate in the next FL round.
Client Client 1 participates in this round. (CPU: 2, RAM: 4)
Client Client 2 participates in this round. (CPU: 2, RAM: 4)
Client Client 4 participates in this round. (CPU: 2, RAM: 4)
Client Client 6 has insufficient CPU (1). Will not participate in the next FL round.
Client Client 3 participates in this round. (CPU: 2, RAM: 4)
Results Aggregated in 10.59 seconds.
{'TextMLP': {'train_loss': [0.6173843423048655, 0.5323885121603806, 0.4882513670325279, 0.46738698899149894, 0.46002694846192993, 0.4599251524686813, 0.44903976295590403], 'train_accuracy': [0.7707770833333333, 0.8079229166666667, 0.8231583333333333, 0.8312145833333333, 0.8323520833333333, 0.83215, 0.83591875], 'train_f1': [0.7694934765960252, 0.8079198874843737, 0.8223451457327469, 0.8307360240558332, 0.8318952177900629, 0.831605671295253, 0.8355583133288519], 'train_mae': [0.35019791666666666, 0.29889166666666667, 0.28182083333333335, 0.2673125, 0.2647, 0.2673041666666667, 0.25836458333333334], 'val_loss': [0.6330469069041703, 0.5517118369748718, 0.508840006715373, 0.4866547041504007, 0.4794203625070421, 0.48077510717668037, 0.4687722299914611], 'val_accuracy': [0.7595723684210527, 0.7986842105263158, 0.8129934210526315, 0.8224671052631579, 0.8242434210526316, 0.8245065789473685, 0.8270723684210527], 'val_f1': [0.7582084391298521, 0.7986728785149643, 0.8121504811141509, 0.8220288984165867, 0.8237804696781033, 0.8239641385494664, 0.8266672524203779], 'val_mae': [0.36549342105263155, 0.3096052631578947, 0.294375, 0.27986842105263154, 0.27638157894736837, 0.2785197368421053, 0.2713486842105263], 'jsd': [(0, 0, 0, 0, 0, 0), (0, 0, 0, 0, 0, 0), (0, 0, 0, 0, 0, 0), (0, 0, 0, 0, 0, 0), (0, 0, 0, 0, 0, 0), (0, 0, 0, 0, 0, 0), (0, 0, 0, 0, 0, 0)]}}
Client Client 4 participates in this round. (CPU: 2, RAM: 4)
Client Client 6 has insufficient CPU (1). Will not participate in the next FL round.
Client Client 3 participates in this round. (CPU: 2, RAM: 4)
Client Client 1 participates in this round. (CPU: 2, RAM: 4)
Client Client 5 has insufficient CPU (1). Will not participate in the next FL round.
Client Client 2 participates in this round. (CPU: 2, RAM: 4)
Results Aggregated in 10.44 seconds.
{'TextMLP': {'train_loss': [0.6173843423048655, 0.5323885121603806, 0.4882513670325279, 0.46738698899149894, 0.46002694846192993, 0.4599251524686813, 0.44903976295590403, 0.4449110209027926], 'train_accuracy': [0.7707770833333333, 0.8079229166666667, 0.8231583333333333, 0.8312145833333333, 0.8323520833333333, 0.83215, 0.83591875, 0.83758125], 'train_f1': [0.7694934765960252, 0.8079198874843737, 0.8223451457327469, 0.8307360240558332, 0.8318952177900629, 0.831605671295253, 0.8355583133288519, 0.837338871615051], 'train_mae': [0.35019791666666666, 0.29889166666666667, 0.28182083333333335, 0.2673125, 0.2647, 0.2673041666666667, 0.25836458333333334, 0.2613020833333333], 'val_loss': [0.6330469069041703, 0.5517118369748718, 0.508840006715373, 0.4866547041504007, 0.4794203625070421, 0.48077510717668037, 0.4687722299914611, 0.4655337988389166], 'val_accuracy': [0.7595723684210527, 0.7986842105263158, 0.8129934210526315, 0.8224671052631579, 0.8242434210526316, 0.8245065789473685, 0.8270723684210527, 0.8300657894736843], 'val_f1': [0.7582084391298521, 0.7986728785149643, 0.8121504811141509, 0.8220288984165867, 0.8237804696781033, 0.8239641385494664, 0.8266672524203779, 0.8297988573431887], 'val_mae': [0.36549342105263155, 0.3096052631578947, 0.294375, 0.27986842105263154, 0.27638157894736837, 0.2785197368421053, 0.2713486842105263, 0.27177631578947364], 'jsd': [(0, 0, 0, 0, 0, 0), (0, 0, 0, 0, 0, 0), (0, 0, 0, 0, 0, 0), (0, 0, 0, 0, 0, 0), (0, 0, 0, 0, 0, 0), (0, 0, 0, 0, 0, 0), (0, 0, 0, 0, 0, 0), (0, 0, 0, 0, 0, 0)]}}
Client Client 2 participates in this round. (CPU: 2, RAM: 4)
Client Client 4 participates in this round. (CPU: 2, RAM: 4)
Client Client 1 participates in this round. (CPU: 2, RAM: 4)
Client Client 3 participates in this round. (CPU: 2, RAM: 4)
Client Client 5 has insufficient CPU (1). Will not participate in the next FL round.
Client Client 6 has insufficient CPU (1). Will not participate in the next FL round.
Results Aggregated in 10.64 seconds.
{'TextMLP': {'train_loss': [0.6173843423048655, 0.5323885121603806, 0.4882513670325279, 0.46738698899149894, 0.46002694846192993, 0.4599251524686813, 0.44903976295590403, 0.4449110209027926, 0.4401997397263845], 'train_accuracy': [0.7707770833333333, 0.8079229166666667, 0.8231583333333333, 0.8312145833333333, 0.8323520833333333, 0.83215, 0.83591875, 0.83758125, 0.8388125], 'train_f1': [0.7694934765960252, 0.8079198874843737, 0.8223451457327469, 0.8307360240558332, 0.8318952177900629, 0.831605671295253, 0.8355583133288519, 0.837338871615051, 0.8383446185564591], 'train_mae': [0.35019791666666666, 0.29889166666666667, 0.28182083333333335, 0.2673125, 0.2647, 0.2673041666666667, 0.25836458333333334, 0.2613020833333333, 0.2551833333333333], 'val_loss': [0.6330469069041703, 0.5517118369748718, 0.508840006715373, 0.4866547041504007, 0.4794203625070421, 0.48077510717668037, 0.4687722299914611, 0.4655337988389166, 0.45977883235404365], 'val_accuracy': [0.7595723684210527, 0.7986842105263158, 0.8129934210526315, 0.8224671052631579, 0.8242434210526316, 0.8245065789473685, 0.8270723684210527, 0.8300657894736843, 0.8297697368421052], 'val_f1': [0.7582084391298521, 0.7986728785149643, 0.8121504811141509, 0.8220288984165867, 0.8237804696781033, 0.8239641385494664, 0.8266672524203779, 0.8297988573431887, 0.8292346635368354], 'val_mae': [0.36549342105263155, 0.3096052631578947, 0.294375, 0.27986842105263154, 0.27638157894736837, 0.2785197368421053, 0.2713486842105263, 0.27177631578947364, 0.2680921052631579], 'jsd': [(0, 0, 0, 0, 0, 0), (0, 0, 0, 0, 0, 0), (0, 0, 0, 0, 0, 0), (0, 0, 0, 0, 0, 0), (0, 0, 0, 0, 0, 0), (0, 0, 0, 0, 0, 0), (0, 0, 0, 0, 0, 0), (0, 0, 0, 0, 0, 0), (0, 0, 0, 0, 0, 0)]}}
Client Client 4 participates in this round. (CPU: 2, RAM: 4)
Client Client 1 participates in this round. (CPU: 2, RAM: 4)
Client Client 2 participates in this round. (CPU: 2, RAM: 4)
Client Client 5 has insufficient CPU (1). Will not participate in the next FL round.
Client Client 3 participates in this round. (CPU: 2, RAM: 4)
Client Client 6 has insufficient CPU (1). Will not participate in the next FL round.
Results Aggregated in 10.42 seconds.
{'TextMLP': {'train_loss': [0.6173843423048655, 0.5323885121603806, 0.4882513670325279, 0.46738698899149894, 0.46002694846192993, 0.4599251524686813, 0.44903976295590403, 0.4449110209027926, 0.4401997397263845, 0.4382236549794674], 'train_accuracy': [0.7707770833333333, 0.8079229166666667, 0.8231583333333333, 0.8312145833333333, 0.8323520833333333, 0.83215, 0.83591875, 0.83758125, 0.8388125, 0.8397708333333334], 'train_f1': [0.7694934765960252, 0.8079198874843737, 0.8223451457327469, 0.8307360240558332, 0.8318952177900629, 0.831605671295253, 0.8355583133288519, 0.837338871615051, 0.8383446185564591, 0.8394680602711713], 'train_mae': [0.35019791666666666, 0.29889166666666667, 0.28182083333333335, 0.2673125, 0.2647, 0.2673041666666667, 0.25836458333333334, 0.2613020833333333, 0.2551833333333333, 0.25315625], 'val_loss': [0.6330469069041703, 0.5517118369748718, 0.508840006715373, 0.4866547041504007, 0.4794203625070421, 0.48077510717668037, 0.4687722299914611, 0.4655337988389166, 0.45977883235404365, 0.4581248057515997], 'val_accuracy': [0.7595723684210527, 0.7986842105263158, 0.8129934210526315, 0.8224671052631579, 0.8242434210526316, 0.8245065789473685, 0.8270723684210527, 0.8300657894736843, 0.8297697368421052, 0.832203947368421], 'val_f1': [0.7582084391298521, 0.7986728785149643, 0.8121504811141509, 0.8220288984165867, 0.8237804696781033, 0.8239641385494664, 0.8266672524203779, 0.8297988573431887, 0.8292346635368354, 0.8318729427919246], 'val_mae': [0.36549342105263155, 0.3096052631578947, 0.294375, 0.27986842105263154, 0.27638157894736837, 0.2785197368421053, 0.2713486842105263, 0.27177631578947364, 0.2680921052631579, 0.26342105263157894], 'jsd': [(0, 0, 0, 0, 0, 0), (0, 0, 0, 0, 0, 0), (0, 0, 0, 0, 0, 0), (0, 0, 0, 0, 0, 0), (0, 0, 0, 0, 0, 0), (0, 0, 0, 0, 0, 0), (0, 0, 0, 0, 0, 0), (0, 0, 0, 0, 0, 0), (0, 0, 0, 0, 0, 0), (0, 0, 0, 0, 0, 0)]}}
Client Client 3 participates in this round. (CPU: 2, RAM: 4)
Client Client 2 participates in this round. (CPU: 2, RAM: 4)
Client Client 1 participates in this round. (CPU: 2, RAM: 4)
Client Client 4 participates in this round. (CPU: 2, RAM: 4)
Client Client 5 has insufficient CPU (1). Will not participate in the next FL round.
Client Client 6 has insufficient CPU (1). Will not participate in the next FL round.
Results Aggregated in 10.26 seconds.
{'TextMLP': {'train_loss': [0.6173843423048655, 0.5323885121603806, 0.4882513670325279, 0.46738698899149894, 0.46002694846192993, 0.4599251524686813, 0.44903976295590403, 0.4449110209027926, 0.4401997397263845, 0.4382236549794674, 0.4325497387607892], 'train_accuracy': [0.7707770833333333, 0.8079229166666667, 0.8231583333333333, 0.8312145833333333, 0.8323520833333333, 0.83215, 0.83591875, 0.83758125, 0.8388125, 0.8397708333333334, 0.8422458333333334], 'train_f1': [0.7694934765960252, 0.8079198874843737, 0.8223451457327469, 0.8307360240558332, 0.8318952177900629, 0.831605671295253, 0.8355583133288519, 0.837338871615051, 0.8383446185564591, 0.8394680602711713, 0.8414893995069052], 'train_mae': [0.35019791666666666, 0.29889166666666667, 0.28182083333333335, 0.2673125, 0.2647, 0.2673041666666667, 0.25836458333333334, 0.2613020833333333, 0.2551833333333333, 0.25315625, 0.25021458333333335], 'val_loss': [0.6330469069041703, 0.5517118369748718, 0.508840006715373, 0.4866547041504007, 0.4794203625070421, 0.48077510717668037, 0.4687722299914611, 0.4655337988389166, 0.45977883235404365, 0.4581248057515997, 0.4527299945919137], 'val_accuracy': [0.7595723684210527, 0.7986842105263158, 0.8129934210526315, 0.8224671052631579, 0.8242434210526316, 0.8245065789473685, 0.8270723684210527, 0.8300657894736843, 0.8297697368421052, 0.832203947368421, 0.8325986842105263], 'val_f1': [0.7582084391298521, 0.7986728785149643, 0.8121504811141509, 0.8220288984165867, 0.8237804696781033, 0.8239641385494664, 0.8266672524203779, 0.8297988573431887, 0.8292346635368354, 0.8318729427919246, 0.8317645522262896], 'val_mae': [0.36549342105263155, 0.3096052631578947, 0.294375, 0.27986842105263154, 0.27638157894736837, 0.2785197368421053, 0.2713486842105263, 0.27177631578947364, 0.2680921052631579, 0.26342105263157894, 0.26355263157894737], 'jsd': [(0, 0, 0, 0, 0, 0), (0, 0, 0, 0, 0, 0), (0, 0, 0, 0, 0, 0), (0, 0, 0, 0, 0, 0), (0, 0, 0, 0, 0, 0), (0, 0, 0, 0, 0, 0), (0, 0, 0, 0, 0, 0), (0, 0, 0, 0, 0, 0), (0, 0, 0, 0, 0, 0), (0, 0, 0, 0, 0, 0), (0, 0, 0, 0, 0, 0)]}}
Client Client 4 participates in this round. (CPU: 2, RAM: 4)
Client Client 6 has insufficient CPU (1). Will not participate in the next FL round.
Client Client 2 participates in this round. (CPU: 2, RAM: 4)
Client Client 3 participates in this round. (CPU: 2, RAM: 4)
Client Client 5 has insufficient CPU (1). Will not participate in the next FL round.
Client Client 1 participates in this round. (CPU: 2, RAM: 4)
Results Aggregated in 10.49 seconds.
{'TextMLP': {'train_loss': [0.6173843423048655, 0.5323885121603806, 0.4882513670325279, 0.46738698899149894, 0.46002694846192993, 0.4599251524686813, 0.44903976295590403, 0.4449110209027926, 0.4401997397263845, 0.4382236549794674, 0.4325497387607892, 0.43782572912375134], 'train_accuracy': [0.7707770833333333, 0.8079229166666667, 0.8231583333333333, 0.8312145833333333, 0.8323520833333333, 0.83215, 0.83591875, 0.83758125, 0.8388125, 0.8397708333333334, 0.8422458333333334, 0.8390666666666666], 'train_f1': [0.7694934765960252, 0.8079198874843737, 0.8223451457327469, 0.8307360240558332, 0.8318952177900629, 0.831605671295253, 0.8355583133288519, 0.837338871615051, 0.8383446185564591, 0.8394680602711713, 0.8414893995069052, 0.8381856941238267], 'train_mae': [0.35019791666666666, 0.29889166666666667, 0.28182083333333335, 0.2673125, 0.2647, 0.2673041666666667, 0.25836458333333334, 0.2613020833333333, 0.2551833333333333, 0.25315625, 0.25021458333333335, 0.2526833333333333], 'val_loss': [0.6330469069041703, 0.5517118369748718, 0.508840006715373, 0.4866547041504007, 0.4794203625070421, 0.48077510717668037, 0.4687722299914611, 0.4655337988389166, 0.45977883235404365, 0.4581248057515997, 0.4527299945919137, 0.4579604937371455], 'val_accuracy': [0.7595723684210527, 0.7986842105263158, 0.8129934210526315, 0.8224671052631579, 0.8242434210526316, 0.8245065789473685, 0.8270723684210527, 0.8300657894736843, 0.8297697368421052, 0.832203947368421, 0.8325986842105263, 0.8309868421052632], 'val_f1': [0.7582084391298521, 0.7986728785149643, 0.8121504811141509, 0.8220288984165867, 0.8237804696781033, 0.8239641385494664, 0.8266672524203779, 0.8297988573431887, 0.8292346635368354, 0.8318729427919246, 0.8317645522262896, 0.8300692342185833], 'val_mae': [0.36549342105263155, 0.3096052631578947, 0.294375, 0.27986842105263154, 0.27638157894736837, 0.2785197368421053, 0.2713486842105263, 0.27177631578947364, 0.2680921052631579, 0.26342105263157894, 0.26355263157894737, 0.2640789473684211], 'jsd': [(0, 0, 0, 0, 0, 0), (0, 0, 0, 0, 0, 0), (0, 0, 0, 0, 0, 0), (0, 0, 0, 0, 0, 0), (0, 0, 0, 0, 0, 0), (0, 0, 0, 0, 0, 0), (0, 0, 0, 0, 0, 0), (0, 0, 0, 0, 0, 0), (0, 0, 0, 0, 0, 0), (0, 0, 0, 0, 0, 0), (0, 0, 0, 0, 0, 0), (0, 0, 0, 0, 0, 0)]}}
Client Client 3 participates in this round. (CPU: 2, RAM: 4)
Client Client 4 participates in this round. (CPU: 2, RAM: 4)
Client Client 5 has insufficient CPU (1). Will not participate in the next FL round.
Client Client 2 participates in this round. (CPU: 2, RAM: 4)
Client Client 6 has insufficient CPU (1). Will not participate in the next FL round.
Client Client 1 participates in this round. (CPU: 2, RAM: 4)
Results Aggregated in 10.44 seconds.
{'TextMLP': {'train_loss': [0.6173843423048655, 0.5323885121603806, 0.4882513670325279, 0.46738698899149894, 0.46002694846192993, 0.4599251524686813, 0.44903976295590403, 0.4449110209027926, 0.4401997397263845, 0.4382236549794674, 0.4325497387607892, 0.43782572912375134, 0.4306880343337854], 'train_accuracy': [0.7707770833333333, 0.8079229166666667, 0.8231583333333333, 0.8312145833333333, 0.8323520833333333, 0.83215, 0.83591875, 0.83758125, 0.8388125, 0.8397708333333334, 0.8422458333333334, 0.8390666666666666, 0.84235625], 'train_f1': [0.7694934765960252, 0.8079198874843737, 0.8223451457327469, 0.8307360240558332, 0.8318952177900629, 0.831605671295253, 0.8355583133288519, 0.837338871615051, 0.8383446185564591, 0.8394680602711713, 0.8414893995069052, 0.8381856941238267, 0.8419439057625221], 'train_mae': [0.35019791666666666, 0.29889166666666667, 0.28182083333333335, 0.2673125, 0.2647, 0.2673041666666667, 0.25836458333333334, 0.2613020833333333, 0.2551833333333333, 0.25315625, 0.25021458333333335, 0.2526833333333333, 0.24907083333333332], 'val_loss': [0.6330469069041703, 0.5517118369748718, 0.508840006715373, 0.4866547041504007, 0.4794203625070421, 0.48077510717668037, 0.4687722299914611, 0.4655337988389166, 0.45977883235404365, 0.4581248057515997, 0.4527299945919137, 0.4579604937371455, 0.4500544445451937], 'val_accuracy': [0.7595723684210527, 0.7986842105263158, 0.8129934210526315, 0.8224671052631579, 0.8242434210526316, 0.8245065789473685, 0.8270723684210527, 0.8300657894736843, 0.8297697368421052, 0.832203947368421, 0.8325986842105263, 0.8309868421052632, 0.8353289473684211], 'val_f1': [0.7582084391298521, 0.7986728785149643, 0.8121504811141509, 0.8220288984165867, 0.8237804696781033, 0.8239641385494664, 0.8266672524203779, 0.8297988573431887, 0.8292346635368354, 0.8318729427919246, 0.8317645522262896, 0.8300692342185833, 0.8349159776725636], 'val_mae': [0.36549342105263155, 0.3096052631578947, 0.294375, 0.27986842105263154, 0.27638157894736837, 0.2785197368421053, 0.2713486842105263, 0.27177631578947364, 0.2680921052631579, 0.26342105263157894, 0.26355263157894737, 0.2640789473684211, 0.2592763157894737], 'jsd': [(0, 0, 0, 0, 0, 0), (0, 0, 0, 0, 0, 0), (0, 0, 0, 0, 0, 0), (0, 0, 0, 0, 0, 0), (0, 0, 0, 0, 0, 0), (0, 0, 0, 0, 0, 0), (0, 0, 0, 0, 0, 0), (0, 0, 0, 0, 0, 0), (0, 0, 0, 0, 0, 0), (0, 0, 0, 0, 0, 0), (0, 0, 0, 0, 0, 0), (0, 0, 0, 0, 0, 0), (0, 0, 0, 0, 0, 0)]}}
Client Client 2 participates in this round. (CPU: 2, RAM: 4)
Client Client 4 participates in this round. (CPU: 2, RAM: 4)
Client Client 6 has insufficient CPU (1). Will not participate in the next FL round.
Client Client 3 participates in this round. (CPU: 2, RAM: 4)
Client Client 5 has insufficient CPU (1). Will not participate in the next FL round.
Client Client 1 participates in this round. (CPU: 2, RAM: 4)
Results Aggregated in 10.30 seconds.
{'TextMLP': {'train_loss': [0.6173843423048655, 0.5323885121603806, 0.4882513670325279, 0.46738698899149894, 0.46002694846192993, 0.4599251524686813, 0.44903976295590403, 0.4449110209027926, 0.4401997397263845, 0.4382236549794674, 0.4325497387607892, 0.43782572912375134, 0.4306880343337854, 0.43080038415789607], 'train_accuracy': [0.7707770833333333, 0.8079229166666667, 0.8231583333333333, 0.8312145833333333, 0.8323520833333333, 0.83215, 0.83591875, 0.83758125, 0.8388125, 0.8397708333333334, 0.8422458333333334, 0.8390666666666666, 0.84235625, 0.84275], 'train_f1': [0.7694934765960252, 0.8079198874843737, 0.8223451457327469, 0.8307360240558332, 0.8318952177900629, 0.831605671295253, 0.8355583133288519, 0.837338871615051, 0.8383446185564591, 0.8394680602711713, 0.8414893995069052, 0.8381856941238267, 0.8419439057625221, 0.8426370020760999], 'train_mae': [0.35019791666666666, 0.29889166666666667, 0.28182083333333335, 0.2673125, 0.2647, 0.2673041666666667, 0.25836458333333334, 0.2613020833333333, 0.2551833333333333, 0.25315625, 0.25021458333333335, 0.2526833333333333, 0.24907083333333332, 0.24985208333333334], 'val_loss': [0.6330469069041703, 0.5517118369748718, 0.508840006715373, 0.4866547041504007, 0.4794203625070421, 0.48077510717668037, 0.4687722299914611, 0.4655337988389166, 0.45977883235404365, 0.4581248057515997, 0.4527299945919137, 0.4579604937371455, 0.4500544445451937, 0.45104417258187346], 'val_accuracy': [0.7595723684210527, 0.7986842105263158, 0.8129934210526315, 0.8224671052631579, 0.8242434210526316, 0.8245065789473685, 0.8270723684210527, 0.8300657894736843, 0.8297697368421052, 0.832203947368421, 0.8325986842105263, 0.8309868421052632, 0.8353289473684211, 0.8348026315789473], 'val_f1': [0.7582084391298521, 0.7986728785149643, 0.8121504811141509, 0.8220288984165867, 0.8237804696781033, 0.8239641385494664, 0.8266672524203779, 0.8297988573431887, 0.8292346635368354, 0.8318729427919246, 0.8317645522262896, 0.8300692342185833, 0.8349159776725636, 0.8346942410687729], 'val_mae': [0.36549342105263155, 0.3096052631578947, 0.294375, 0.27986842105263154, 0.27638157894736837, 0.2785197368421053, 0.2713486842105263, 0.27177631578947364, 0.2680921052631579, 0.26342105263157894, 0.26355263157894737, 0.2640789473684211, 0.2592763157894737, 0.2612171052631579], 'jsd': [(0, 0, 0, 0, 0, 0), (0, 0, 0, 0, 0, 0), (0, 0, 0, 0, 0, 0), (0, 0, 0, 0, 0, 0), (0, 0, 0, 0, 0, 0), (0, 0, 0, 0, 0, 0), (0, 0, 0, 0, 0, 0), (0, 0, 0, 0, 0, 0), (0, 0, 0, 0, 0, 0), (0, 0, 0, 0, 0, 0), (0, 0, 0, 0, 0, 0), (0, 0, 0, 0, 0, 0), (0, 0, 0, 0, 0, 0), (0, 0, 0, 0, 0, 0)]}}
Client Client 3 participates in this round. (CPU: 2, RAM: 4)
Client Client 2 participates in this round. (CPU: 2, RAM: 4)
Client Client 5 has insufficient CPU (1). Will not participate in the next FL round.
Client Client 6 has insufficient CPU (1). Will not participate in the next FL round.
Client Client 1 participates in this round. (CPU: 2, RAM: 4)
Client Client 4 participates in this round. (CPU: 2, RAM: 4)
Results Aggregated in 10.49 seconds.
{'TextMLP': {'train_loss': [0.6173843423048655, 0.5323885121603806, 0.4882513670325279, 0.46738698899149894, 0.46002694846192993, 0.4599251524686813, 0.44903976295590403, 0.4449110209027926, 0.4401997397263845, 0.4382236549794674, 0.4325497387607892, 0.43782572912375134, 0.4306880343337854, 0.43080038415789607, 0.4351837136387825], 'train_accuracy': [0.7707770833333333, 0.8079229166666667, 0.8231583333333333, 0.8312145833333333, 0.8323520833333333, 0.83215, 0.83591875, 0.83758125, 0.8388125, 0.8397708333333334, 0.8422458333333334, 0.8390666666666666, 0.84235625, 0.84275, 0.8395354166666666], 'train_f1': [0.7694934765960252, 0.8079198874843737, 0.8223451457327469, 0.8307360240558332, 0.8318952177900629, 0.831605671295253, 0.8355583133288519, 0.837338871615051, 0.8383446185564591, 0.8394680602711713, 0.8414893995069052, 0.8381856941238267, 0.8419439057625221, 0.8426370020760999, 0.8384526159381406], 'train_mae': [0.35019791666666666, 0.29889166666666667, 0.28182083333333335, 0.2673125, 0.2647, 0.2673041666666667, 0.25836458333333334, 0.2613020833333333, 0.2551833333333333, 0.25315625, 0.25021458333333335, 0.2526833333333333, 0.24907083333333332, 0.24985208333333334, 0.25403125], 'val_loss': [0.6330469069041703, 0.5517118369748718, 0.508840006715373, 0.4866547041504007, 0.4794203625070421, 0.48077510717668037, 0.4687722299914611, 0.4655337988389166, 0.45977883235404365, 0.4581248057515997, 0.4527299945919137, 0.4579604937371455, 0.4500544445451937, 0.45104417258187346, 0.45610479072520604], 'val_accuracy': [0.7595723684210527, 0.7986842105263158, 0.8129934210526315, 0.8224671052631579, 0.8242434210526316, 0.8245065789473685, 0.8270723684210527, 0.8300657894736843, 0.8297697368421052, 0.832203947368421, 0.8325986842105263, 0.8309868421052632, 0.8353289473684211, 0.8348026315789473, 0.8302631578947369], 'val_f1': [0.7582084391298521, 0.7986728785149643, 0.8121504811141509, 0.8220288984165867, 0.8237804696781033, 0.8239641385494664, 0.8266672524203779, 0.8297988573431887, 0.8292346635368354, 0.8318729427919246, 0.8317645522262896, 0.8300692342185833, 0.8349159776725636, 0.8346942410687729, 0.8290623387599988], 'val_mae': [0.36549342105263155, 0.3096052631578947, 0.294375, 0.27986842105263154, 0.27638157894736837, 0.2785197368421053, 0.2713486842105263, 0.27177631578947364, 0.2680921052631579, 0.26342105263157894, 0.26355263157894737, 0.2640789473684211, 0.2592763157894737, 0.2612171052631579, 0.2662171052631579], 'jsd': [(0, 0, 0, 0, 0, 0), (0, 0, 0, 0, 0, 0), (0, 0, 0, 0, 0, 0), (0, 0, 0, 0, 0, 0), (0, 0, 0, 0, 0, 0), (0, 0, 0, 0, 0, 0), (0, 0, 0, 0, 0, 0), (0, 0, 0, 0, 0, 0), (0, 0, 0, 0, 0, 0), (0, 0, 0, 0, 0, 0), (0, 0, 0, 0, 0, 0), (0, 0, 0, 0, 0, 0), (0, 0, 0, 0, 0, 0), (0, 0, 0, 0, 0, 0), (0, 0, 0, 0, 0, 0)]}}
Client Client 4 participates in this round. (CPU: 2, RAM: 4)
Client Client 2 participates in this round. (CPU: 2, RAM: 4)
Client Client 3 participates in this round. (CPU: 2, RAM: 4)
Client Client 6 has insufficient CPU (1). Will not participate in the next FL round.
Client Client 1 participates in this round. (CPU: 2, RAM: 4)
Client Client 5 has insufficient CPU (1). Will not participate in the next FL round.
Results Aggregated in 10.74 seconds.
{'TextMLP': {'train_loss': [0.6173843423048655, 0.5323885121603806, 0.4882513670325279, 0.46738698899149894, 0.46002694846192993, 0.4599251524686813, 0.44903976295590403, 0.4449110209027926, 0.4401997397263845, 0.4382236549794674, 0.4325497387607892, 0.43782572912375134, 0.4306880343337854, 0.43080038415789607, 0.4351837136387825, 0.4337763901253541], 'train_accuracy': [0.7707770833333333, 0.8079229166666667, 0.8231583333333333, 0.8312145833333333, 0.8323520833333333, 0.83215, 0.83591875, 0.83758125, 0.8388125, 0.8397708333333334, 0.8422458333333334, 0.8390666666666666, 0.84235625, 0.84275, 0.8395354166666666, 0.8406583333333333], 'train_f1': [0.7694934765960252, 0.8079198874843737, 0.8223451457327469, 0.8307360240558332, 0.8318952177900629, 0.831605671295253, 0.8355583133288519, 0.837338871615051, 0.8383446185564591, 0.8394680602711713, 0.8414893995069052, 0.8381856941238267, 0.8419439057625221, 0.8426370020760999, 0.8384526159381406, 0.8398942380227454], 'train_mae': [0.35019791666666666, 0.29889166666666667, 0.28182083333333335, 0.2673125, 0.2647, 0.2673041666666667, 0.25836458333333334, 0.2613020833333333, 0.2551833333333333, 0.25315625, 0.25021458333333335, 0.2526833333333333, 0.24907083333333332, 0.24985208333333334, 0.25403125, 0.25778125], 'val_loss': [0.6330469069041703, 0.5517118369748718, 0.508840006715373, 0.4866547041504007, 0.4794203625070421, 0.48077510717668037, 0.4687722299914611, 0.4655337988389166, 0.45977883235404365, 0.4581248057515997, 0.4527299945919137, 0.4579604937371455, 0.4500544445451937, 0.45104417258187346, 0.45610479072520604, 0.4559752281088578], 'val_accuracy': [0.7595723684210527, 0.7986842105263158, 0.8129934210526315, 0.8224671052631579, 0.8242434210526316, 0.8245065789473685, 0.8270723684210527, 0.8300657894736843, 0.8297697368421052, 0.832203947368421, 0.8325986842105263, 0.8309868421052632, 0.8353289473684211, 0.8348026315789473, 0.8302631578947369, 0.8313815789473684], 'val_f1': [0.7582084391298521, 0.7986728785149643, 0.8121504811141509, 0.8220288984165867, 0.8237804696781033, 0.8239641385494664, 0.8266672524203779, 0.8297988573431887, 0.8292346635368354, 0.8318729427919246, 0.8317645522262896, 0.8300692342185833, 0.8349159776725636, 0.8346942410687729, 0.8290623387599988, 0.8305030466896006], 'val_mae': [0.36549342105263155, 0.3096052631578947, 0.294375, 0.27986842105263154, 0.27638157894736837, 0.2785197368421053, 0.2713486842105263, 0.27177631578947364, 0.2680921052631579, 0.26342105263157894, 0.26355263157894737, 0.2640789473684211, 0.2592763157894737, 0.2612171052631579, 0.2662171052631579, 0.2717763157894737], 'jsd': [(0, 0, 0, 0, 0, 0), (0, 0, 0, 0, 0, 0), (0, 0, 0, 0, 0, 0), (0, 0, 0, 0, 0, 0), (0, 0, 0, 0, 0, 0), (0, 0, 0, 0, 0, 0), (0, 0, 0, 0, 0, 0), (0, 0, 0, 0, 0, 0), (0, 0, 0, 0, 0, 0), (0, 0, 0, 0, 0, 0), (0, 0, 0, 0, 0, 0), (0, 0, 0, 0, 0, 0), (0, 0, 0, 0, 0, 0), (0, 0, 0, 0, 0, 0), (0, 0, 0, 0, 0, 0), (0, 0, 0, 0, 0, 0)]}}
Client Client 1 participates in this round. (CPU: 2, RAM: 4)
Client Client 2 participates in this round. (CPU: 2, RAM: 4)
Client Client 6 has insufficient CPU (1). Will not participate in the next FL round.
Client Client 5 has insufficient CPU (1). Will not participate in the next FL round.
Client Client 3 participates in this round. (CPU: 2, RAM: 4)
Client Client 4 participates in this round. (CPU: 2, RAM: 4)
Results Aggregated in 10.88 seconds.
{'TextMLP': {'train_loss': [0.6173843423048655, 0.5323885121603806, 0.4882513670325279, 0.46738698899149894, 0.46002694846192993, 0.4599251524686813, 0.44903976295590403, 0.4449110209027926, 0.4401997397263845, 0.4382236549794674, 0.4325497387607892, 0.43782572912375134, 0.4306880343337854, 0.43080038415789607, 0.4351837136387825, 0.4337763901253541, 0.43146100938717524], 'train_accuracy': [0.7707770833333333, 0.8079229166666667, 0.8231583333333333, 0.8312145833333333, 0.8323520833333333, 0.83215, 0.83591875, 0.83758125, 0.8388125, 0.8397708333333334, 0.8422458333333334, 0.8390666666666666, 0.84235625, 0.84275, 0.8395354166666666, 0.8406583333333333, 0.8416416666666666], 'train_f1': [0.7694934765960252, 0.8079198874843737, 0.8223451457327469, 0.8307360240558332, 0.8318952177900629, 0.831605671295253, 0.8355583133288519, 0.837338871615051, 0.8383446185564591, 0.8394680602711713, 0.8414893995069052, 0.8381856941238267, 0.8419439057625221, 0.8426370020760999, 0.8384526159381406, 0.8398942380227454, 0.8416814231260527], 'train_mae': [0.35019791666666666, 0.29889166666666667, 0.28182083333333335, 0.2673125, 0.2647, 0.2673041666666667, 0.25836458333333334, 0.2613020833333333, 0.2551833333333333, 0.25315625, 0.25021458333333335, 0.2526833333333333, 0.24907083333333332, 0.24985208333333334, 0.25403125, 0.25778125, 0.25101875], 'val_loss': [0.6330469069041703, 0.5517118369748718, 0.508840006715373, 0.4866547041504007, 0.4794203625070421, 0.48077510717668037, 0.4687722299914611, 0.4655337988389166, 0.45977883235404365, 0.4581248057515997, 0.4527299945919137, 0.4579604937371455, 0.4500544445451937, 0.45104417258187346, 0.45610479072520604, 0.4559752281088578, 0.4526772965569245], 'val_accuracy': [0.7595723684210527, 0.7986842105263158, 0.8129934210526315, 0.8224671052631579, 0.8242434210526316, 0.8245065789473685, 0.8270723684210527, 0.8300657894736843, 0.8297697368421052, 0.832203947368421, 0.8325986842105263, 0.8309868421052632, 0.8353289473684211, 0.8348026315789473, 0.8302631578947369, 0.8313815789473684, 0.8322697368421054], 'val_f1': [0.7582084391298521, 0.7986728785149643, 0.8121504811141509, 0.8220288984165867, 0.8237804696781033, 0.8239641385494664, 0.8266672524203779, 0.8297988573431887, 0.8292346635368354, 0.8318729427919246, 0.8317645522262896, 0.8300692342185833, 0.8349159776725636, 0.8346942410687729, 0.8290623387599988, 0.8305030466896006, 0.8322588208369665], 'val_mae': [0.36549342105263155, 0.3096052631578947, 0.294375, 0.27986842105263154, 0.27638157894736837, 0.2785197368421053, 0.2713486842105263, 0.27177631578947364, 0.2680921052631579, 0.26342105263157894, 0.26355263157894737, 0.2640789473684211, 0.2592763157894737, 0.2612171052631579, 0.2662171052631579, 0.2717763157894737, 0.26457236842105264], 'jsd': [(0, 0, 0, 0, 0, 0), (0, 0, 0, 0, 0, 0), (0, 0, 0, 0, 0, 0), (0, 0, 0, 0, 0, 0), (0, 0, 0, 0, 0, 0), (0, 0, 0, 0, 0, 0), (0, 0, 0, 0, 0, 0), (0, 0, 0, 0, 0, 0), (0, 0, 0, 0, 0, 0), (0, 0, 0, 0, 0, 0), (0, 0, 0, 0, 0, 0), (0, 0, 0, 0, 0, 0), (0, 0, 0, 0, 0, 0), (0, 0, 0, 0, 0, 0), (0, 0, 0, 0, 0, 0), (0, 0, 0, 0, 0, 0), (0, 0, 0, 0, 0, 0)]}}
Client Client 4 participates in this round. (CPU: 2, RAM: 4)
Client Client 2 participates in this round. (CPU: 2, RAM: 4)
Client Client 1 participates in this round. (CPU: 2, RAM: 4)
Client Client 6 has insufficient CPU (1). Will not participate in the next FL round.
Client Client 5 has insufficient CPU (1). Will not participate in the next FL round.
Client Client 3 participates in this round. (CPU: 2, RAM: 4)
Results Aggregated in 10.99 seconds.
{'TextMLP': {'train_loss': [0.6173843423048655, 0.5323885121603806, 0.4882513670325279, 0.46738698899149894, 0.46002694846192993, 0.4599251524686813, 0.44903976295590403, 0.4449110209027926, 0.4401997397263845, 0.4382236549794674, 0.4325497387607892, 0.43782572912375134, 0.4306880343337854, 0.43080038415789607, 0.4351837136387825, 0.4337763901253541, 0.43146100938717524, 0.42169495238661764], 'train_accuracy': [0.7707770833333333, 0.8079229166666667, 0.8231583333333333, 0.8312145833333333, 0.8323520833333333, 0.83215, 0.83591875, 0.83758125, 0.8388125, 0.8397708333333334, 0.8422458333333334, 0.8390666666666666, 0.84235625, 0.84275, 0.8395354166666666, 0.8406583333333333, 0.8416416666666666, 0.84574375], 'train_f1': [0.7694934765960252, 0.8079198874843737, 0.8223451457327469, 0.8307360240558332, 0.8318952177900629, 0.831605671295253, 0.8355583133288519, 0.837338871615051, 0.8383446185564591, 0.8394680602711713, 0.8414893995069052, 0.8381856941238267, 0.8419439057625221, 0.8426370020760999, 0.8384526159381406, 0.8398942380227454, 0.8416814231260527, 0.845345793728434], 'train_mae': [0.35019791666666666, 0.29889166666666667, 0.28182083333333335, 0.2673125, 0.2647, 0.2673041666666667, 0.25836458333333334, 0.2613020833333333, 0.2551833333333333, 0.25315625, 0.25021458333333335, 0.2526833333333333, 0.24907083333333332, 0.24985208333333334, 0.25403125, 0.25778125, 0.25101875, 0.24774166666666667], 'val_loss': [0.6330469069041703, 0.5517118369748718, 0.508840006715373, 0.4866547041504007, 0.4794203625070421, 0.48077510717668037, 0.4687722299914611, 0.4655337988389166, 0.45977883235404365, 0.4581248057515997, 0.4527299945919137, 0.4579604937371455, 0.4500544445451937, 0.45104417258187346, 0.45610479072520604, 0.4559752281088578, 0.4526772965569245, 0.4442373326891347], 'val_accuracy': [0.7595723684210527, 0.7986842105263158, 0.8129934210526315, 0.8224671052631579, 0.8242434210526316, 0.8245065789473685, 0.8270723684210527, 0.8300657894736843, 0.8297697368421052, 0.832203947368421, 0.8325986842105263, 0.8309868421052632, 0.8353289473684211, 0.8348026315789473, 0.8302631578947369, 0.8313815789473684, 0.8322697368421054, 0.8379934210526315], 'val_f1': [0.7582084391298521, 0.7986728785149643, 0.8121504811141509, 0.8220288984165867, 0.8237804696781033, 0.8239641385494664, 0.8266672524203779, 0.8297988573431887, 0.8292346635368354, 0.8318729427919246, 0.8317645522262896, 0.8300692342185833, 0.8349159776725636, 0.8346942410687729, 0.8290623387599988, 0.8305030466896006, 0.8322588208369665, 0.8375299037309178], 'val_mae': [0.36549342105263155, 0.3096052631578947, 0.294375, 0.27986842105263154, 0.27638157894736837, 0.2785197368421053, 0.2713486842105263, 0.27177631578947364, 0.2680921052631579, 0.26342105263157894, 0.26355263157894737, 0.2640789473684211, 0.2592763157894737, 0.2612171052631579, 0.2662171052631579, 0.2717763157894737, 0.26457236842105264, 0.25858552631578946], 'jsd': [(0, 0, 0, 0, 0, 0), (0, 0, 0, 0, 0, 0), (0, 0, 0, 0, 0, 0), (0, 0, 0, 0, 0, 0), (0, 0, 0, 0, 0, 0), (0, 0, 0, 0, 0, 0), (0, 0, 0, 0, 0, 0), (0, 0, 0, 0, 0, 0), (0, 0, 0, 0, 0, 0), (0, 0, 0, 0, 0, 0), (0, 0, 0, 0, 0, 0), (0, 0, 0, 0, 0, 0), (0, 0, 0, 0, 0, 0), (0, 0, 0, 0, 0, 0), (0, 0, 0, 0, 0, 0), (0, 0, 0, 0, 0, 0), (0, 0, 0, 0, 0, 0), (0, 0, 0, 0, 0, 0)]}}
Client Client 5 has insufficient CPU (1). Will not participate in the next FL round.
Client Client 3 participates in this round. (CPU: 2, RAM: 4)
Client Client 2 participates in this round. (CPU: 2, RAM: 4)
Client Client 6 has insufficient CPU (1). Will not participate in the next FL round.
Client Client 1 participates in this round. (CPU: 2, RAM: 4)
Client Client 4 participates in this round. (CPU: 2, RAM: 4)
Results Aggregated in 10.63 seconds.
{'TextMLP': {'train_loss': [0.6173843423048655, 0.5323885121603806, 0.4882513670325279, 0.46738698899149894, 0.46002694846192993, 0.4599251524686813, 0.44903976295590403, 0.4449110209027926, 0.4401997397263845, 0.4382236549794674, 0.4325497387607892, 0.43782572912375134, 0.4306880343337854, 0.43080038415789607, 0.4351837136387825, 0.4337763901253541, 0.43146100938717524, 0.42169495238661764, 0.42438109297355014], 'train_accuracy': [0.7707770833333333, 0.8079229166666667, 0.8231583333333333, 0.8312145833333333, 0.8323520833333333, 0.83215, 0.83591875, 0.83758125, 0.8388125, 0.8397708333333334, 0.8422458333333334, 0.8390666666666666, 0.84235625, 0.84275, 0.8395354166666666, 0.8406583333333333, 0.8416416666666666, 0.84574375, 0.8441895833333334], 'train_f1': [0.7694934765960252, 0.8079198874843737, 0.8223451457327469, 0.8307360240558332, 0.8318952177900629, 0.831605671295253, 0.8355583133288519, 0.837338871615051, 0.8383446185564591, 0.8394680602711713, 0.8414893995069052, 0.8381856941238267, 0.8419439057625221, 0.8426370020760999, 0.8384526159381406, 0.8398942380227454, 0.8416814231260527, 0.845345793728434, 0.8436978718149296], 'train_mae': [0.35019791666666666, 0.29889166666666667, 0.28182083333333335, 0.2673125, 0.2647, 0.2673041666666667, 0.25836458333333334, 0.2613020833333333, 0.2551833333333333, 0.25315625, 0.25021458333333335, 0.2526833333333333, 0.24907083333333332, 0.24985208333333334, 0.25403125, 0.25778125, 0.25101875, 0.24774166666666667, 0.24735208333333333], 'val_loss': [0.6330469069041703, 0.5517118369748718, 0.508840006715373, 0.4866547041504007, 0.4794203625070421, 0.48077510717668037, 0.4687722299914611, 0.4655337988389166, 0.45977883235404365, 0.4581248057515997, 0.4527299945919137, 0.4579604937371455, 0.4500544445451937, 0.45104417258187346, 0.45610479072520604, 0.4559752281088578, 0.4526772965569245, 0.4442373326891347, 0.44620937229771357], 'val_accuracy': [0.7595723684210527, 0.7986842105263158, 0.8129934210526315, 0.8224671052631579, 0.8242434210526316, 0.8245065789473685, 0.8270723684210527, 0.8300657894736843, 0.8297697368421052, 0.832203947368421, 0.8325986842105263, 0.8309868421052632, 0.8353289473684211, 0.8348026315789473, 0.8302631578947369, 0.8313815789473684, 0.8322697368421054, 0.8379934210526315, 0.8364473684210527], 'val_f1': [0.7582084391298521, 0.7986728785149643, 0.8121504811141509, 0.8220288984165867, 0.8237804696781033, 0.8239641385494664, 0.8266672524203779, 0.8297988573431887, 0.8292346635368354, 0.8318729427919246, 0.8317645522262896, 0.8300692342185833, 0.8349159776725636, 0.8346942410687729, 0.8290623387599988, 0.8305030466896006, 0.8322588208369665, 0.8375299037309178, 0.83589217031286], 'val_mae': [0.36549342105263155, 0.3096052631578947, 0.294375, 0.27986842105263154, 0.27638157894736837, 0.2785197368421053, 0.2713486842105263, 0.27177631578947364, 0.2680921052631579, 0.26342105263157894, 0.26355263157894737, 0.2640789473684211, 0.2592763157894737, 0.2612171052631579, 0.2662171052631579, 0.2717763157894737, 0.26457236842105264, 0.25858552631578946, 0.2584868421052632], 'jsd': [(0, 0, 0, 0, 0, 0), (0, 0, 0, 0, 0, 0), (0, 0, 0, 0, 0, 0), (0, 0, 0, 0, 0, 0), (0, 0, 0, 0, 0, 0), (0, 0, 0, 0, 0, 0), (0, 0, 0, 0, 0, 0), (0, 0, 0, 0, 0, 0), (0, 0, 0, 0, 0, 0), (0, 0, 0, 0, 0, 0), (0, 0, 0, 0, 0, 0), (0, 0, 0, 0, 0, 0), (0, 0, 0, 0, 0, 0), (0, 0, 0, 0, 0, 0), (0, 0, 0, 0, 0, 0), (0, 0, 0, 0, 0, 0), (0, 0, 0, 0, 0, 0), (0, 0, 0, 0, 0, 0), (0, 0, 0, 0, 0, 0)]}}
Client Client 6 has insufficient CPU (1). Will not participate in the next FL round.
Client Client 4 participates in this round. (CPU: 2, RAM: 4)
Client Client 1 participates in this round. (CPU: 2, RAM: 4)
Client Client 3 participates in this round. (CPU: 2, RAM: 4)
Client Client 5 has insufficient CPU (1). Will not participate in the next FL round.
Client Client 2 participates in this round. (CPU: 2, RAM: 4)
Results Aggregated in 10.57 seconds.
{'TextMLP': {'train_loss': [0.6173843423048655, 0.5323885121603806, 0.4882513670325279, 0.46738698899149894, 0.46002694846192993, 0.4599251524686813, 0.44903976295590403, 0.4449110209027926, 0.4401997397263845, 0.4382236549794674, 0.4325497387607892, 0.43782572912375134, 0.4306880343337854, 0.43080038415789607, 0.4351837136387825, 0.4337763901253541, 0.43146100938717524, 0.42169495238661764, 0.42438109297355014, 0.41990158143838247], 'train_accuracy': [0.7707770833333333, 0.8079229166666667, 0.8231583333333333, 0.8312145833333333, 0.8323520833333333, 0.83215, 0.83591875, 0.83758125, 0.8388125, 0.8397708333333334, 0.8422458333333334, 0.8390666666666666, 0.84235625, 0.84275, 0.8395354166666666, 0.8406583333333333, 0.8416416666666666, 0.84574375, 0.8441895833333334, 0.8462083333333333], 'train_f1': [0.7694934765960252, 0.8079198874843737, 0.8223451457327469, 0.8307360240558332, 0.8318952177900629, 0.831605671295253, 0.8355583133288519, 0.837338871615051, 0.8383446185564591, 0.8394680602711713, 0.8414893995069052, 0.8381856941238267, 0.8419439057625221, 0.8426370020760999, 0.8384526159381406, 0.8398942380227454, 0.8416814231260527, 0.845345793728434, 0.8436978718149296, 0.8456406881322143], 'train_mae': [0.35019791666666666, 0.29889166666666667, 0.28182083333333335, 0.2673125, 0.2647, 0.2673041666666667, 0.25836458333333334, 0.2613020833333333, 0.2551833333333333, 0.25315625, 0.25021458333333335, 0.2526833333333333, 0.24907083333333332, 0.24985208333333334, 0.25403125, 0.25778125, 0.25101875, 0.24774166666666667, 0.24735208333333333, 0.24481041666666667], 'val_loss': [0.6330469069041703, 0.5517118369748718, 0.508840006715373, 0.4866547041504007, 0.4794203625070421, 0.48077510717668037, 0.4687722299914611, 0.4655337988389166, 0.45977883235404365, 0.4581248057515997, 0.4527299945919137, 0.4579604937371455, 0.4500544445451937, 0.45104417258187346, 0.45610479072520604, 0.4559752281088578, 0.4526772965569245, 0.4442373326891347, 0.44620937229771357, 0.4426843103452732], 'val_accuracy': [0.7595723684210527, 0.7986842105263158, 0.8129934210526315, 0.8224671052631579, 0.8242434210526316, 0.8245065789473685, 0.8270723684210527, 0.8300657894736843, 0.8297697368421052, 0.832203947368421, 0.8325986842105263, 0.8309868421052632, 0.8353289473684211, 0.8348026315789473, 0.8302631578947369, 0.8313815789473684, 0.8322697368421054, 0.8379934210526315, 0.8364473684210527, 0.8376973684210527], 'val_f1': [0.7582084391298521, 0.7986728785149643, 0.8121504811141509, 0.8220288984165867, 0.8237804696781033, 0.8239641385494664, 0.8266672524203779, 0.8297988573431887, 0.8292346635368354, 0.8318729427919246, 0.8317645522262896, 0.8300692342185833, 0.8349159776725636, 0.8346942410687729, 0.8290623387599988, 0.8305030466896006, 0.8322588208369665, 0.8375299037309178, 0.83589217031286, 0.8370616038187451], 'val_mae': [0.36549342105263155, 0.3096052631578947, 0.294375, 0.27986842105263154, 0.27638157894736837, 0.2785197368421053, 0.2713486842105263, 0.27177631578947364, 0.2680921052631579, 0.26342105263157894, 0.26355263157894737, 0.2640789473684211, 0.2592763157894737, 0.2612171052631579, 0.2662171052631579, 0.2717763157894737, 0.26457236842105264, 0.25858552631578946, 0.2584868421052632, 0.2573026315789474], 'jsd': [(0, 0, 0, 0, 0, 0), (0, 0, 0, 0, 0, 0), (0, 0, 0, 0, 0, 0), (0, 0, 0, 0, 0, 0), (0, 0, 0, 0, 0, 0), (0, 0, 0, 0, 0, 0), (0, 0, 0, 0, 0, 0), (0, 0, 0, 0, 0, 0), (0, 0, 0, 0, 0, 0), (0, 0, 0, 0, 0, 0), (0, 0, 0, 0, 0, 0), (0, 0, 0, 0, 0, 0), (0, 0, 0, 0, 0, 0), (0, 0, 0, 0, 0, 0), (0, 0, 0, 0, 0, 0), (0, 0, 0, 0, 0, 0), (0, 0, 0, 0, 0, 0), (0, 0, 0, 0, 0, 0), (0, 0, 0, 0, 0, 0), (0, 0, 0, 0, 0, 0)]}}
