==========================================
  ___  ______  ___ ______       _ 
 / _ \ | ___ \/   ||  ___|     | |
/ /_\ \| |_/ / /| || |_ ___  __| |
|  _  ||  __/ /_| ||  _/ _ \/ _` |
| | | || |  \___  || ||  __/ (_| |
\_| |_/\_|      |_/\_| \___|\__,_| v.1.5.0

==========================================
Simulation Started!
List of the Architectural Patterns enabled:
Adaptation Enabled ✅
Random activation criterion
Client Registry ✅
Message Compressor ✅
==========================================
Local parameters compressed: reduced 5308 bytes (7.19%)
Local parameters compressed: reduced 5281 bytes (7.16%)
Local parameters compressed: reduced 5264 bytes (7.13%)
Local parameters compressed: reduced 5333 bytes (7.23%)
Local parameters compressed: reduced 5249 bytes (7.11%)
Local parameters compressed: reduced 5298 bytes (7.18%)
Local parameters compressed: reduced 5299 bytes (7.18%)
Local parameters compressed: reduced 5329 bytes (7.22%)
Local parameters compressed: reduced 5322 bytes (7.21%)
Local parameters compressed: reduced 5263 bytes (7.13%)
Local parameters compressed: reduced 5319 bytes (7.21%)
Local parameters compressed: reduced 5278 bytes (7.15%)
Results Aggregated in 28.41 seconds.
{'TextMLP': {'train_loss': [0.5968634219527245], 'train_accuracy': [0.7853618055555556], 'train_f1': [0.7848713465467985], 'train_mae': [0.3439027777777778], 'val_loss': [0.6094032077935704], 'val_accuracy': [0.7770723684210525], 'val_f1': [0.7765828623221519], 'val_mae': [0.3551644736842105], 'jsd': [(0, 0, 0, 0, 0, 0, 0, 0, 0, 0, 0, 0)]}}
AdaptationManager: Configuring next round...
{'client_registry': {'enabled': True, 'params': {}}, 'client_selector': {'enabled': False, 'params': {}}, 'client_cluster': {'enabled': False, 'params': {}}, 'message_compressor': {'enabled': True, 'params': {}}, 'model_co-versioning_registry': {'enabled': False, 'params': {}}, 'multi-task_model_trainer': {'enabled': False, 'params': {}}, 'heterogeneous_data_handler': {'enabled': False, 'params': {}}}
{'client_selector': {'enabled': False}, 'client_cluster': {'enabled': False}, 'message_compressor': {'enabled': True}, 'model_co-versioning_registry': {'enabled': False}, 'multi-task_model_trainer': {'enabled': False}, 'heterogeneous_data_handler': {'enabled': False}, 'client_registry': {'enabled': True, 'params': {}}}
message_compressor de-activated ❌
Results Aggregated in 11.34 seconds.
{'TextMLP': {'train_loss': [0.5968634219527245, 0.5025926299214363], 'train_accuracy': [0.7853618055555556, 0.8195597222222222], 'train_f1': [0.7848713465467985, 0.8191886017265319], 'train_mae': [0.3439027777777778, 0.2862048611111111], 'val_loss': [0.6094032077935704, 0.5203749044893081], 'val_accuracy': [0.7770723684210525, 0.8092872807017544], 'val_f1': [0.7765828623221519, 0.8089774273556909], 'val_mae': [0.3551644736842105, 0.29975877192982453], 'jsd': [(0, 0, 0, 0, 0, 0, 0, 0, 0, 0, 0, 0), (0, 0, 0, 0, 0, 0, 0, 0, 0, 0, 0, 0)]}}
AdaptationManager: Configuring next round...
{'client_registry': {'enabled': True, 'params': {}}, 'client_selector': {'enabled': False, 'params': {}}, 'client_cluster': {'enabled': False, 'params': {}}, 'message_compressor': {'enabled': True, 'params': {}}, 'model_co-versioning_registry': {'enabled': False, 'params': {}}, 'multi-task_model_trainer': {'enabled': False, 'params': {}}, 'heterogeneous_data_handler': {'enabled': False, 'params': {}}}
{'client_selector': {'enabled': False}, 'client_cluster': {'enabled': False}, 'message_compressor': {'enabled': False}, 'model_co-versioning_registry': {'enabled': False}, 'multi-task_model_trainer': {'enabled': False}, 'heterogeneous_data_handler': {'enabled': False}, 'client_registry': {'enabled': True, 'params': {}}}
message_compressor de-activated ❌
Results Aggregated in 10.89 seconds.
{'TextMLP': {'train_loss': [0.5968634219527245, 0.5025926299214363, 0.4736668420645926], 'train_accuracy': [0.7853618055555556, 0.8195597222222222, 0.8283715277777778], 'train_f1': [0.7848713465467985, 0.8191886017265319, 0.8276675294861959], 'train_mae': [0.3439027777777778, 0.2862048611111111, 0.27033819444444446], 'val_loss': [0.6094032077935704, 0.5203749044893081, 0.49311595608267866], 'val_accuracy': [0.7770723684210525, 0.8092872807017544, 0.817828947368421], 'val_f1': [0.7765828623221519, 0.8089774273556909, 0.8170635873225275], 'val_mae': [0.3551644736842105, 0.29975877192982453, 0.2847149122807018], 'jsd': [(0, 0, 0, 0, 0, 0, 0, 0, 0, 0, 0, 0), (0, 0, 0, 0, 0, 0, 0, 0, 0, 0, 0, 0), (0, 0, 0, 0, 0, 0, 0, 0, 0, 0, 0, 0)]}}
AdaptationManager: Configuring next round...
{'client_registry': {'enabled': True, 'params': {}}, 'client_selector': {'enabled': False, 'params': {}}, 'client_cluster': {'enabled': False, 'params': {}}, 'message_compressor': {'enabled': True, 'params': {}}, 'model_co-versioning_registry': {'enabled': False, 'params': {}}, 'multi-task_model_trainer': {'enabled': False, 'params': {}}, 'heterogeneous_data_handler': {'enabled': False, 'params': {}}}
{'client_selector': {'enabled': False}, 'client_cluster': {'enabled': False}, 'message_compressor': {'enabled': False}, 'model_co-versioning_registry': {'enabled': False}, 'multi-task_model_trainer': {'enabled': False}, 'heterogeneous_data_handler': {'enabled': False}, 'client_registry': {'enabled': True, 'params': {}}}
message_compressor de-activated ❌
Results Aggregated in 11.10 seconds.
{'TextMLP': {'train_loss': [0.5968634219527245, 0.5025926299214363, 0.4736668420645926, 0.45549048274490567], 'train_accuracy': [0.7853618055555556, 0.8195597222222222, 0.8283715277777778, 0.8348805555555555], 'train_f1': [0.7848713465467985, 0.8191886017265319, 0.8276675294861959, 0.8347209430888638], 'train_mae': [0.3439027777777778, 0.2862048611111111, 0.27033819444444446, 0.2610104166666667], 'val_loss': [0.6094032077935704, 0.5203749044893081, 0.49311595608267866, 0.47540637124525875], 'val_accuracy': [0.7770723684210525, 0.8092872807017544, 0.817828947368421, 0.823563596491228], 'val_f1': [0.7765828623221519, 0.8089774273556909, 0.8170635873225275, 0.8233306153009681], 'val_mae': [0.3551644736842105, 0.29975877192982453, 0.2847149122807018, 0.2775109649122807], 'jsd': [(0, 0, 0, 0, 0, 0, 0, 0, 0, 0, 0, 0), (0, 0, 0, 0, 0, 0, 0, 0, 0, 0, 0, 0), (0, 0, 0, 0, 0, 0, 0, 0, 0, 0, 0, 0), (0, 0, 0, 0, 0, 0, 0, 0, 0, 0, 0, 0)]}}
AdaptationManager: Configuring next round...
{'client_registry': {'enabled': True, 'params': {}}, 'client_selector': {'enabled': False, 'params': {}}, 'client_cluster': {'enabled': False, 'params': {}}, 'message_compressor': {'enabled': True, 'params': {}}, 'model_co-versioning_registry': {'enabled': False, 'params': {}}, 'multi-task_model_trainer': {'enabled': False, 'params': {}}, 'heterogeneous_data_handler': {'enabled': False, 'params': {}}}
{'client_selector': {'enabled': False}, 'client_cluster': {'enabled': False}, 'message_compressor': {'enabled': False}, 'model_co-versioning_registry': {'enabled': False}, 'multi-task_model_trainer': {'enabled': False}, 'heterogeneous_data_handler': {'enabled': False}, 'client_registry': {'enabled': True, 'params': {}}}
message_compressor activated ✅
Local parameters compressed: reduced 5228 bytes (7.09%)
Local parameters compressed: reduced 5260 bytes (7.13%)
Local parameters compressed: reduced 5191 bytes (7.04%)
Local parameters compressed: reduced 5227 bytes (7.08%)
Local parameters compressed: reduced 5222 bytes (7.08%)
Local parameters compressed: reduced 5235 bytes (7.09%)
Local parameters compressed: reduced 5250 bytes (7.12%)
Local parameters compressed: reduced 5226 bytes (7.08%)
Local parameters compressed: reduced 5225 bytes (7.08%)
Local parameters compressed: reduced 5177 bytes (7.02%)
Local parameters compressed: reduced 5258 bytes (7.13%)
Local parameters compressed: reduced 5271 bytes (7.14%)
Results Aggregated in 10.26 seconds.
{'TextMLP': {'train_loss': [0.5968634219527245, 0.5025926299214363, 0.4736668420645926, 0.45549048274490567, 0.4499322773694992], 'train_accuracy': [0.7853618055555556, 0.8195597222222222, 0.8283715277777778, 0.8348805555555555, 0.8359006944444445], 'train_f1': [0.7848713465467985, 0.8191886017265319, 0.8276675294861959, 0.8347209430888638, 0.8354767397651663], 'train_mae': [0.3439027777777778, 0.2862048611111111, 0.27033819444444446, 0.2610104166666667, 0.25954375], 'val_loss': [0.6094032077935704, 0.5203749044893081, 0.49311595608267866, 0.47540637124525875, 0.4704835634168826], 'val_accuracy': [0.7770723684210525, 0.8092872807017544, 0.817828947368421, 0.823563596491228, 0.82625], 'val_f1': [0.7765828623221519, 0.8089774273556909, 0.8170635873225275, 0.8233306153009681, 0.8257367101800633], 'val_mae': [0.3551644736842105, 0.29975877192982453, 0.2847149122807018, 0.2775109649122807, 0.2729385964912281], 'jsd': [(0, 0, 0, 0, 0, 0, 0, 0, 0, 0, 0, 0), (0, 0, 0, 0, 0, 0, 0, 0, 0, 0, 0, 0), (0, 0, 0, 0, 0, 0, 0, 0, 0, 0, 0, 0), (0, 0, 0, 0, 0, 0, 0, 0, 0, 0, 0, 0), (0, 0, 0, 0, 0, 0, 0, 0, 0, 0, 0, 0)]}}
AdaptationManager: Configuring next round...
{'client_registry': {'enabled': True, 'params': {}}, 'client_selector': {'enabled': False, 'params': {}}, 'client_cluster': {'enabled': False, 'params': {}}, 'message_compressor': {'enabled': True, 'params': {}}, 'model_co-versioning_registry': {'enabled': False, 'params': {}}, 'multi-task_model_trainer': {'enabled': False, 'params': {}}, 'heterogeneous_data_handler': {'enabled': False, 'params': {}}}
{'client_selector': {'enabled': False}, 'client_cluster': {'enabled': False}, 'message_compressor': {'enabled': True, 'params': {'enabled_clients': ['Client 25', 'Client 26', 'Client 27', 'Client 28', 'Client 29', 'Client 30', 'Client 31', 'Client 32', 'Client 33', 'Client 34']}}, 'model_co-versioning_registry': {'enabled': False}, 'multi-task_model_trainer': {'enabled': False}, 'heterogeneous_data_handler': {'enabled': False}, 'client_registry': {'enabled': True, 'params': {}}}
message_compressor activated ✅
Local parameters compressed: reduced 5203 bytes (7.05%)
Local parameters compressed: reduced 5234 bytes (7.09%)
Local parameters compressed: reduced 5254 bytes (7.12%)
Local parameters compressed: reduced 5200 bytes (7.05%)
Local parameters compressed: reduced 5225 bytes (7.08%)
Local parameters compressed: reduced 5219 bytes (7.07%)
Local parameters compressed: reduced 5222 bytes (7.08%)
Local parameters compressed: reduced 5230 bytes (7.09%)
Local parameters compressed: reduced 5205 bytes (7.05%)
Local parameters compressed: reduced 5221 bytes (7.08%)
Local parameters compressed: reduced 5217 bytes (7.07%)
Local parameters compressed: reduced 5203 bytes (7.05%)
Results Aggregated in 9.86 seconds.
{'TextMLP': {'train_loss': [0.5968634219527245, 0.5025926299214363, 0.4736668420645926, 0.45549048274490567, 0.4499322773694992, 0.44311800442271765], 'train_accuracy': [0.7853618055555556, 0.8195597222222222, 0.8283715277777778, 0.8348805555555555, 0.8359006944444445, 0.8381909722222223], 'train_f1': [0.7848713465467985, 0.8191886017265319, 0.8276675294861959, 0.8347209430888638, 0.8354767397651663, 0.837747556662685], 'train_mae': [0.3439027777777778, 0.2862048611111111, 0.27033819444444446, 0.2610104166666667, 0.25954375, 0.2563944444444444], 'val_loss': [0.6094032077935704, 0.5203749044893081, 0.49311595608267866, 0.47540637124525875, 0.4704835634168826, 0.46357471920419163], 'val_accuracy': [0.7770723684210525, 0.8092872807017544, 0.817828947368421, 0.823563596491228, 0.82625, 0.8281578947368421], 'val_f1': [0.7765828623221519, 0.8089774273556909, 0.8170635873225275, 0.8233306153009681, 0.8257367101800633, 0.8276651833396329], 'val_mae': [0.3551644736842105, 0.29975877192982453, 0.2847149122807018, 0.2775109649122807, 0.2729385964912281, 0.2712828947368421], 'jsd': [(0, 0, 0, 0, 0, 0, 0, 0, 0, 0, 0, 0), (0, 0, 0, 0, 0, 0, 0, 0, 0, 0, 0, 0), (0, 0, 0, 0, 0, 0, 0, 0, 0, 0, 0, 0), (0, 0, 0, 0, 0, 0, 0, 0, 0, 0, 0, 0), (0, 0, 0, 0, 0, 0, 0, 0, 0, 0, 0, 0), (0, 0, 0, 0, 0, 0, 0, 0, 0, 0, 0, 0)]}}
AdaptationManager: Configuring next round...
{'client_registry': {'enabled': True, 'params': {}}, 'client_selector': {'enabled': False, 'params': {}}, 'client_cluster': {'enabled': False, 'params': {}}, 'message_compressor': {'enabled': True, 'params': {}}, 'model_co-versioning_registry': {'enabled': False, 'params': {}}, 'multi-task_model_trainer': {'enabled': False, 'params': {}}, 'heterogeneous_data_handler': {'enabled': False, 'params': {}}}
{'client_selector': {'enabled': False}, 'client_cluster': {'enabled': False}, 'message_compressor': {'enabled': True, 'params': {'enabled_clients': ['Client 24', 'Client 25', 'Client 26', 'Client 29', 'Client 31', 'Client 33', 'Client 34']}}, 'model_co-versioning_registry': {'enabled': False}, 'multi-task_model_trainer': {'enabled': False}, 'heterogeneous_data_handler': {'enabled': False}, 'client_registry': {'enabled': True, 'params': {}}}
message_compressor de-activated ❌
Results Aggregated in 10.78 seconds.
{'TextMLP': {'train_loss': [0.5968634219527245, 0.5025926299214363, 0.4736668420645926, 0.45549048274490567, 0.4499322773694992, 0.44311800442271765, 0.4397261508759525], 'train_accuracy': [0.7853618055555556, 0.8195597222222222, 0.8283715277777778, 0.8348805555555555, 0.8359006944444445, 0.8381909722222223, 0.8391604166666666], 'train_f1': [0.7848713465467985, 0.8191886017265319, 0.8276675294861959, 0.8347209430888638, 0.8354767397651663, 0.837747556662685, 0.8386863358605188], 'train_mae': [0.3439027777777778, 0.2862048611111111, 0.27033819444444446, 0.2610104166666667, 0.25954375, 0.2563944444444444, 0.25341597222222223], 'val_loss': [0.6094032077935704, 0.5203749044893081, 0.49311595608267866, 0.47540637124525875, 0.4704835634168826, 0.46357471920419163, 0.4591222043204726], 'val_accuracy': [0.7770723684210525, 0.8092872807017544, 0.817828947368421, 0.823563596491228, 0.82625, 0.8281578947368421, 0.8301315789473684], 'val_f1': [0.7765828623221519, 0.8089774273556909, 0.8170635873225275, 0.8233306153009681, 0.8257367101800633, 0.8276651833396329, 0.8296330624455044], 'val_mae': [0.3551644736842105, 0.29975877192982453, 0.2847149122807018, 0.2775109649122807, 0.2729385964912281, 0.2712828947368421, 0.26652412280701754], 'jsd': [(0, 0, 0, 0, 0, 0, 0, 0, 0, 0, 0, 0), (0, 0, 0, 0, 0, 0, 0, 0, 0, 0, 0, 0), (0, 0, 0, 0, 0, 0, 0, 0, 0, 0, 0, 0), (0, 0, 0, 0, 0, 0, 0, 0, 0, 0, 0, 0), (0, 0, 0, 0, 0, 0, 0, 0, 0, 0, 0, 0), (0, 0, 0, 0, 0, 0, 0, 0, 0, 0, 0, 0), (0, 0, 0, 0, 0, 0, 0, 0, 0, 0, 0, 0)]}}
AdaptationManager: Configuring next round...
{'client_registry': {'enabled': True, 'params': {}}, 'client_selector': {'enabled': False, 'params': {}}, 'client_cluster': {'enabled': False, 'params': {}}, 'message_compressor': {'enabled': True, 'params': {}}, 'model_co-versioning_registry': {'enabled': False, 'params': {}}, 'multi-task_model_trainer': {'enabled': False, 'params': {}}, 'heterogeneous_data_handler': {'enabled': False, 'params': {}}}
{'client_selector': {'enabled': False}, 'client_cluster': {'enabled': False}, 'message_compressor': {'enabled': False, 'params': {'enabled_clients': ['Client 24', 'Client 25', 'Client 26', 'Client 29', 'Client 31', 'Client 33', 'Client 34']}}, 'model_co-versioning_registry': {'enabled': False}, 'multi-task_model_trainer': {'enabled': False}, 'heterogeneous_data_handler': {'enabled': False}, 'client_registry': {'enabled': True, 'params': {}}}
message_compressor de-activated ❌
Results Aggregated in 11.19 seconds.
{'TextMLP': {'train_loss': [0.5968634219527245, 0.5025926299214363, 0.4736668420645926, 0.45549048274490567, 0.4499322773694992, 0.44311800442271765, 0.4397261508759525, 0.43798470178047816], 'train_accuracy': [0.7853618055555556, 0.8195597222222222, 0.8283715277777778, 0.8348805555555555, 0.8359006944444445, 0.8381909722222223, 0.8391604166666666, 0.8392381944444445], 'train_f1': [0.7848713465467985, 0.8191886017265319, 0.8276675294861959, 0.8347209430888638, 0.8354767397651663, 0.837747556662685, 0.8386863358605188, 0.8385764749867535], 'train_mae': [0.3439027777777778, 0.2862048611111111, 0.27033819444444446, 0.2610104166666667, 0.25954375, 0.2563944444444444, 0.25341597222222223, 0.2537173611111111], 'val_loss': [0.6094032077935704, 0.5203749044893081, 0.49311595608267866, 0.47540637124525875, 0.4704835634168826, 0.46357471920419163, 0.4591222043204726, 0.4581222135769693], 'val_accuracy': [0.7770723684210525, 0.8092872807017544, 0.817828947368421, 0.823563596491228, 0.82625, 0.8281578947368421, 0.8301315789473684, 0.8309649122807018], 'val_f1': [0.7765828623221519, 0.8089774273556909, 0.8170635873225275, 0.8233306153009681, 0.8257367101800633, 0.8276651833396329, 0.8296330624455044, 0.8302358041199167], 'val_mae': [0.3551644736842105, 0.29975877192982453, 0.2847149122807018, 0.2775109649122807, 0.2729385964912281, 0.2712828947368421, 0.26652412280701754, 0.264890350877193], 'jsd': [(0, 0, 0, 0, 0, 0, 0, 0, 0, 0, 0, 0), (0, 0, 0, 0, 0, 0, 0, 0, 0, 0, 0, 0), (0, 0, 0, 0, 0, 0, 0, 0, 0, 0, 0, 0), (0, 0, 0, 0, 0, 0, 0, 0, 0, 0, 0, 0), (0, 0, 0, 0, 0, 0, 0, 0, 0, 0, 0, 0), (0, 0, 0, 0, 0, 0, 0, 0, 0, 0, 0, 0), (0, 0, 0, 0, 0, 0, 0, 0, 0, 0, 0, 0), (0, 0, 0, 0, 0, 0, 0, 0, 0, 0, 0, 0)]}}
AdaptationManager: Configuring next round...
{'client_registry': {'enabled': True, 'params': {}}, 'client_selector': {'enabled': False, 'params': {}}, 'client_cluster': {'enabled': False, 'params': {}}, 'message_compressor': {'enabled': True, 'params': {}}, 'model_co-versioning_registry': {'enabled': False, 'params': {}}, 'multi-task_model_trainer': {'enabled': False, 'params': {}}, 'heterogeneous_data_handler': {'enabled': False, 'params': {}}}
{'client_selector': {'enabled': False}, 'client_cluster': {'enabled': False}, 'message_compressor': {'enabled': False, 'params': {'enabled_clients': ['Client 24', 'Client 25', 'Client 26', 'Client 29', 'Client 31', 'Client 33', 'Client 34']}}, 'model_co-versioning_registry': {'enabled': False}, 'multi-task_model_trainer': {'enabled': False}, 'heterogeneous_data_handler': {'enabled': False}, 'client_registry': {'enabled': True, 'params': {}}}
message_compressor de-activated ❌
Results Aggregated in 12.90 seconds.
{'TextMLP': {'train_loss': [0.5968634219527245, 0.5025926299214363, 0.4736668420645926, 0.45549048274490567, 0.4499322773694992, 0.44311800442271765, 0.4397261508759525, 0.43798470178047816, 0.4326809699545304], 'train_accuracy': [0.7853618055555556, 0.8195597222222222, 0.8283715277777778, 0.8348805555555555, 0.8359006944444445, 0.8381909722222223, 0.8391604166666666, 0.8392381944444445, 0.8412458333333334], 'train_f1': [0.7848713465467985, 0.8191886017265319, 0.8276675294861959, 0.8347209430888638, 0.8354767397651663, 0.837747556662685, 0.8386863358605188, 0.8385764749867535, 0.8409195434231662], 'train_mae': [0.3439027777777778, 0.2862048611111111, 0.27033819444444446, 0.2610104166666667, 0.25954375, 0.2563944444444444, 0.25341597222222223, 0.2537173611111111, 0.2536451388888889], 'val_loss': [0.6094032077935704, 0.5203749044893081, 0.49311595608267866, 0.47540637124525875, 0.4704835634168826, 0.46357471920419163, 0.4591222043204726, 0.4581222135769693, 0.45357005733147], 'val_accuracy': [0.7770723684210525, 0.8092872807017544, 0.817828947368421, 0.823563596491228, 0.82625, 0.8281578947368421, 0.8301315789473684, 0.8309649122807018, 0.8327083333333334], 'val_f1': [0.7765828623221519, 0.8089774273556909, 0.8170635873225275, 0.8233306153009681, 0.8257367101800633, 0.8276651833396329, 0.8296330624455044, 0.8302358041199167, 0.8323331320313349], 'val_mae': [0.3551644736842105, 0.29975877192982453, 0.2847149122807018, 0.2775109649122807, 0.2729385964912281, 0.2712828947368421, 0.26652412280701754, 0.264890350877193, 0.26535087719298245], 'jsd': [(0, 0, 0, 0, 0, 0, 0, 0, 0, 0, 0, 0), (0, 0, 0, 0, 0, 0, 0, 0, 0, 0, 0, 0), (0, 0, 0, 0, 0, 0, 0, 0, 0, 0, 0, 0), (0, 0, 0, 0, 0, 0, 0, 0, 0, 0, 0, 0), (0, 0, 0, 0, 0, 0, 0, 0, 0, 0, 0, 0), (0, 0, 0, 0, 0, 0, 0, 0, 0, 0, 0, 0), (0, 0, 0, 0, 0, 0, 0, 0, 0, 0, 0, 0), (0, 0, 0, 0, 0, 0, 0, 0, 0, 0, 0, 0), (0, 0, 0, 0, 0, 0, 0, 0, 0, 0, 0, 0)]}}
AdaptationManager: Configuring next round...
{'client_registry': {'enabled': True, 'params': {}}, 'client_selector': {'enabled': False, 'params': {}}, 'client_cluster': {'enabled': False, 'params': {}}, 'message_compressor': {'enabled': True, 'params': {}}, 'model_co-versioning_registry': {'enabled': False, 'params': {}}, 'multi-task_model_trainer': {'enabled': False, 'params': {}}, 'heterogeneous_data_handler': {'enabled': False, 'params': {}}}
{'client_selector': {'enabled': False}, 'client_cluster': {'enabled': False}, 'message_compressor': {'enabled': False, 'params': {'enabled_clients': ['Client 24', 'Client 25', 'Client 26', 'Client 29', 'Client 31', 'Client 33', 'Client 34']}}, 'model_co-versioning_registry': {'enabled': False}, 'multi-task_model_trainer': {'enabled': False}, 'heterogeneous_data_handler': {'enabled': False}, 'client_registry': {'enabled': True, 'params': {}}}
message_compressor activated ✅
Local parameters compressed: reduced 5176 bytes (7.01%)
Local parameters compressed: reduced 5202 bytes (7.05%)
Local parameters compressed: reduced 5149 bytes (6.98%)
Local parameters compressed: reduced 5195 bytes (7.04%)
Local parameters compressed: reduced 5189 bytes (7.03%)
Local parameters compressed: reduced 5152 bytes (6.98%)
Local parameters compressed: reduced 5188 bytes (7.03%)
Local parameters compressed: reduced 5164 bytes (7.00%)
Local parameters compressed: reduced 5171 bytes (7.01%)
Local parameters compressed: reduced 5191 bytes (7.04%)
Local parameters compressed: reduced 5188 bytes (7.03%)
Local parameters compressed: reduced 5151 bytes (6.98%)
Results Aggregated in 10.72 seconds.
{'TextMLP': {'train_loss': [0.5968634219527245, 0.5025926299214363, 0.4736668420645926, 0.45549048274490567, 0.4499322773694992, 0.44311800442271765, 0.4397261508759525, 0.43798470178047816, 0.4326809699545304, 0.43294286104374463], 'train_accuracy': [0.7853618055555556, 0.8195597222222222, 0.8283715277777778, 0.8348805555555555, 0.8359006944444445, 0.8381909722222223, 0.8391604166666666, 0.8392381944444445, 0.8412458333333334, 0.8412534722222222], 'train_f1': [0.7848713465467985, 0.8191886017265319, 0.8276675294861959, 0.8347209430888638, 0.8354767397651663, 0.837747556662685, 0.8386863358605188, 0.8385764749867535, 0.8409195434231662, 0.8407240711200641], 'train_mae': [0.3439027777777778, 0.2862048611111111, 0.27033819444444446, 0.2610104166666667, 0.25954375, 0.2563944444444444, 0.25341597222222223, 0.2537173611111111, 0.2536451388888889, 0.25081944444444443], 'val_loss': [0.6094032077935704, 0.5203749044893081, 0.49311595608267866, 0.47540637124525875, 0.4704835634168826, 0.46357471920419163, 0.4591222043204726, 0.4581222135769693, 0.45357005733147, 0.4535916083319145], 'val_accuracy': [0.7770723684210525, 0.8092872807017544, 0.817828947368421, 0.823563596491228, 0.82625, 0.8281578947368421, 0.8301315789473684, 0.8309649122807018, 0.8327083333333334, 0.8334429824561403], 'val_f1': [0.7765828623221519, 0.8089774273556909, 0.8170635873225275, 0.8233306153009681, 0.8257367101800633, 0.8276651833396329, 0.8296330624455044, 0.8302358041199167, 0.8323331320313349, 0.8328427340343003], 'val_mae': [0.3551644736842105, 0.29975877192982453, 0.2847149122807018, 0.2775109649122807, 0.2729385964912281, 0.2712828947368421, 0.26652412280701754, 0.264890350877193, 0.26535087719298245, 0.26143640350877195], 'jsd': [(0, 0, 0, 0, 0, 0, 0, 0, 0, 0, 0, 0), (0, 0, 0, 0, 0, 0, 0, 0, 0, 0, 0, 0), (0, 0, 0, 0, 0, 0, 0, 0, 0, 0, 0, 0), (0, 0, 0, 0, 0, 0, 0, 0, 0, 0, 0, 0), (0, 0, 0, 0, 0, 0, 0, 0, 0, 0, 0, 0), (0, 0, 0, 0, 0, 0, 0, 0, 0, 0, 0, 0), (0, 0, 0, 0, 0, 0, 0, 0, 0, 0, 0, 0), (0, 0, 0, 0, 0, 0, 0, 0, 0, 0, 0, 0), (0, 0, 0, 0, 0, 0, 0, 0, 0, 0, 0, 0), (0, 0, 0, 0, 0, 0, 0, 0, 0, 0, 0, 0)]}}
AdaptationManager: Configuring next round...
{'client_registry': {'enabled': True, 'params': {}}, 'client_selector': {'enabled': False, 'params': {}}, 'client_cluster': {'enabled': False, 'params': {}}, 'message_compressor': {'enabled': True, 'params': {}}, 'model_co-versioning_registry': {'enabled': False, 'params': {}}, 'multi-task_model_trainer': {'enabled': False, 'params': {}}, 'heterogeneous_data_handler': {'enabled': False, 'params': {}}}
{'client_selector': {'enabled': False}, 'client_cluster': {'enabled': False}, 'message_compressor': {'enabled': True, 'params': {'enabled_clients': ['Client 23', 'Client 24', 'Client 26', 'Client 27', 'Client 29', 'Client 30', 'Client 31', 'Client 33']}}, 'model_co-versioning_registry': {'enabled': False}, 'multi-task_model_trainer': {'enabled': False}, 'heterogeneous_data_handler': {'enabled': False}, 'client_registry': {'enabled': True, 'params': {}}}
message_compressor activated ✅
Local parameters compressed: reduced 5179 bytes (7.02%)
Local parameters compressed: reduced 5171 bytes (7.01%)
Local parameters compressed: reduced 5217 bytes (7.07%)
Local parameters compressed: reduced 5168 bytes (7.00%)
Local parameters compressed: reduced 5146 bytes (6.97%)
Local parameters compressed: reduced 5202 bytes (7.05%)
Local parameters compressed: reduced 5206 bytes (7.06%)
Local parameters compressed: reduced 5183 bytes (7.02%)
Local parameters compressed: reduced 5149 bytes (6.98%)
Local parameters compressed: reduced 5153 bytes (6.98%)
Local parameters compressed: reduced 5169 bytes (7.01%)
Local parameters compressed: reduced 5171 bytes (7.01%)
Results Aggregated in 11.17 seconds.
{'TextMLP': {'train_loss': [0.5968634219527245, 0.5025926299214363, 0.4736668420645926, 0.45549048274490567, 0.4499322773694992, 0.44311800442271765, 0.4397261508759525, 0.43798470178047816, 0.4326809699545304, 0.43294286104374463, 0.43192084679868487], 'train_accuracy': [0.7853618055555556, 0.8195597222222222, 0.8283715277777778, 0.8348805555555555, 0.8359006944444445, 0.8381909722222223, 0.8391604166666666, 0.8392381944444445, 0.8412458333333334, 0.8412534722222222, 0.8416791666666666], 'train_f1': [0.7848713465467985, 0.8191886017265319, 0.8276675294861959, 0.8347209430888638, 0.8354767397651663, 0.837747556662685, 0.8386863358605188, 0.8385764749867535, 0.8409195434231662, 0.8407240711200641, 0.8413030568097354], 'train_mae': [0.3439027777777778, 0.2862048611111111, 0.27033819444444446, 0.2610104166666667, 0.25954375, 0.2563944444444444, 0.25341597222222223, 0.2537173611111111, 0.2536451388888889, 0.25081944444444443, 0.24994791666666666], 'val_loss': [0.6094032077935704, 0.5203749044893081, 0.49311595608267866, 0.47540637124525875, 0.4704835634168826, 0.46357471920419163, 0.4591222043204726, 0.4581222135769693, 0.45357005733147, 0.4535916083319145, 0.4527081296998158], 'val_accuracy': [0.7770723684210525, 0.8092872807017544, 0.817828947368421, 0.823563596491228, 0.82625, 0.8281578947368421, 0.8301315789473684, 0.8309649122807018, 0.8327083333333334, 0.8334429824561403, 0.8339583333333334], 'val_f1': [0.7765828623221519, 0.8089774273556909, 0.8170635873225275, 0.8233306153009681, 0.8257367101800633, 0.8276651833396329, 0.8296330624455044, 0.8302358041199167, 0.8323331320313349, 0.8328427340343003, 0.8335149295251927], 'val_mae': [0.3551644736842105, 0.29975877192982453, 0.2847149122807018, 0.2775109649122807, 0.2729385964912281, 0.2712828947368421, 0.26652412280701754, 0.264890350877193, 0.26535087719298245, 0.26143640350877195, 0.26036184210526314], 'jsd': [(0, 0, 0, 0, 0, 0, 0, 0, 0, 0, 0, 0), (0, 0, 0, 0, 0, 0, 0, 0, 0, 0, 0, 0), (0, 0, 0, 0, 0, 0, 0, 0, 0, 0, 0, 0), (0, 0, 0, 0, 0, 0, 0, 0, 0, 0, 0, 0), (0, 0, 0, 0, 0, 0, 0, 0, 0, 0, 0, 0), (0, 0, 0, 0, 0, 0, 0, 0, 0, 0, 0, 0), (0, 0, 0, 0, 0, 0, 0, 0, 0, 0, 0, 0), (0, 0, 0, 0, 0, 0, 0, 0, 0, 0, 0, 0), (0, 0, 0, 0, 0, 0, 0, 0, 0, 0, 0, 0), (0, 0, 0, 0, 0, 0, 0, 0, 0, 0, 0, 0), (0, 0, 0, 0, 0, 0, 0, 0, 0, 0, 0, 0)]}}
AdaptationManager: Configuring next round...
{'client_registry': {'enabled': True, 'params': {}}, 'client_selector': {'enabled': False, 'params': {}}, 'client_cluster': {'enabled': False, 'params': {}}, 'message_compressor': {'enabled': True, 'params': {}}, 'model_co-versioning_registry': {'enabled': False, 'params': {}}, 'multi-task_model_trainer': {'enabled': False, 'params': {}}, 'heterogeneous_data_handler': {'enabled': False, 'params': {}}}
{'client_selector': {'enabled': False}, 'client_cluster': {'enabled': False}, 'message_compressor': {'enabled': True, 'params': {'enabled_clients': ['Client 23', 'Client 24', 'Client 25', 'Client 27', 'Client 28', 'Client 30', 'Client 32']}}, 'model_co-versioning_registry': {'enabled': False}, 'multi-task_model_trainer': {'enabled': False}, 'heterogeneous_data_handler': {'enabled': False}, 'client_registry': {'enabled': True, 'params': {}}}
message_compressor activated ✅
Local parameters compressed: reduced 5156 bytes (6.99%)
Local parameters compressed: reduced 5184 bytes (7.03%)
Local parameters compressed: reduced 5175 bytes (7.01%)
Local parameters compressed: reduced 5171 bytes (7.01%)
Local parameters compressed: reduced 5154 bytes (6.98%)
Local parameters compressed: reduced 5161 bytes (6.99%)
Local parameters compressed: reduced 5134 bytes (6.96%)
Local parameters compressed: reduced 5189 bytes (7.03%)
Local parameters compressed: reduced 5157 bytes (6.99%)
Local parameters compressed: reduced 5163 bytes (7.00%)
Local parameters compressed: reduced 5204 bytes (7.05%)
Local parameters compressed: reduced 5170 bytes (7.01%)
Results Aggregated in 10.03 seconds.
{'TextMLP': {'train_loss': [0.5968634219527245, 0.5025926299214363, 0.4736668420645926, 0.45549048274490567, 0.4499322773694992, 0.44311800442271765, 0.4397261508759525, 0.43798470178047816, 0.4326809699545304, 0.43294286104374463, 0.43192084679868487, 0.430918517770701], 'train_accuracy': [0.7853618055555556, 0.8195597222222222, 0.8283715277777778, 0.8348805555555555, 0.8359006944444445, 0.8381909722222223, 0.8391604166666666, 0.8392381944444445, 0.8412458333333334, 0.8412534722222222, 0.8416791666666666, 0.8415784722222223], 'train_f1': [0.7848713465467985, 0.8191886017265319, 0.8276675294861959, 0.8347209430888638, 0.8354767397651663, 0.837747556662685, 0.8386863358605188, 0.8385764749867535, 0.8409195434231662, 0.8407240711200641, 0.8413030568097354, 0.841168081327478], 'train_mae': [0.3439027777777778, 0.2862048611111111, 0.27033819444444446, 0.2610104166666667, 0.25954375, 0.2563944444444444, 0.25341597222222223, 0.2537173611111111, 0.2536451388888889, 0.25081944444444443, 0.24994791666666666, 0.2506465277777778], 'val_loss': [0.6094032077935704, 0.5203749044893081, 0.49311595608267866, 0.47540637124525875, 0.4704835634168826, 0.46357471920419163, 0.4591222043204726, 0.4581222135769693, 0.45357005733147, 0.4535916083319145, 0.4527081296998158, 0.4519492422279559], 'val_accuracy': [0.7770723684210525, 0.8092872807017544, 0.817828947368421, 0.823563596491228, 0.82625, 0.8281578947368421, 0.8301315789473684, 0.8309649122807018, 0.8327083333333334, 0.8334429824561403, 0.8339583333333334, 0.8338706140350877], 'val_f1': [0.7765828623221519, 0.8089774273556909, 0.8170635873225275, 0.8233306153009681, 0.8257367101800633, 0.8276651833396329, 0.8296330624455044, 0.8302358041199167, 0.8323331320313349, 0.8328427340343003, 0.8335149295251927, 0.8333867730453508], 'val_mae': [0.3551644736842105, 0.29975877192982453, 0.2847149122807018, 0.2775109649122807, 0.2729385964912281, 0.2712828947368421, 0.26652412280701754, 0.264890350877193, 0.26535087719298245, 0.26143640350877195, 0.26036184210526314, 0.2613486842105263], 'jsd': [(0, 0, 0, 0, 0, 0, 0, 0, 0, 0, 0, 0), (0, 0, 0, 0, 0, 0, 0, 0, 0, 0, 0, 0), (0, 0, 0, 0, 0, 0, 0, 0, 0, 0, 0, 0), (0, 0, 0, 0, 0, 0, 0, 0, 0, 0, 0, 0), (0, 0, 0, 0, 0, 0, 0, 0, 0, 0, 0, 0), (0, 0, 0, 0, 0, 0, 0, 0, 0, 0, 0, 0), (0, 0, 0, 0, 0, 0, 0, 0, 0, 0, 0, 0), (0, 0, 0, 0, 0, 0, 0, 0, 0, 0, 0, 0), (0, 0, 0, 0, 0, 0, 0, 0, 0, 0, 0, 0), (0, 0, 0, 0, 0, 0, 0, 0, 0, 0, 0, 0), (0, 0, 0, 0, 0, 0, 0, 0, 0, 0, 0, 0), (0, 0, 0, 0, 0, 0, 0, 0, 0, 0, 0, 0)]}}
AdaptationManager: Configuring next round...
{'client_registry': {'enabled': True, 'params': {}}, 'client_selector': {'enabled': False, 'params': {}}, 'client_cluster': {'enabled': False, 'params': {}}, 'message_compressor': {'enabled': True, 'params': {}}, 'model_co-versioning_registry': {'enabled': False, 'params': {}}, 'multi-task_model_trainer': {'enabled': False, 'params': {}}, 'heterogeneous_data_handler': {'enabled': False, 'params': {}}}
{'client_selector': {'enabled': False}, 'client_cluster': {'enabled': False}, 'message_compressor': {'enabled': True, 'params': {'enabled_clients': ['Client 23', 'Client 25', 'Client 27', 'Client 32', 'Client 33']}}, 'model_co-versioning_registry': {'enabled': False}, 'multi-task_model_trainer': {'enabled': False}, 'heterogeneous_data_handler': {'enabled': False}, 'client_registry': {'enabled': True, 'params': {}}}
message_compressor activated ✅
Local parameters compressed: reduced 5171 bytes (7.01%)
Local parameters compressed: reduced 5144 bytes (6.97%)
Local parameters compressed: reduced 5180 bytes (7.02%)
Local parameters compressed: reduced 5158 bytes (6.99%)
Local parameters compressed: reduced 5163 bytes (7.00%)
Local parameters compressed: reduced 5171 bytes (7.01%)
Local parameters compressed: reduced 5162 bytes (7.00%)
Local parameters compressed: reduced 5177 bytes (7.02%)
Local parameters compressed: reduced 5156 bytes (6.99%)
Local parameters compressed: reduced 5155 bytes (6.99%)
Local parameters compressed: reduced 5175 bytes (7.01%)
Local parameters compressed: reduced 5161 bytes (6.99%)
Results Aggregated in 10.33 seconds.
{'TextMLP': {'train_loss': [0.5968634219527245, 0.5025926299214363, 0.4736668420645926, 0.45549048274490567, 0.4499322773694992, 0.44311800442271765, 0.4397261508759525, 0.43798470178047816, 0.4326809699545304, 0.43294286104374463, 0.43192084679868487, 0.430918517770701, 0.42784077540967197], 'train_accuracy': [0.7853618055555556, 0.8195597222222222, 0.8283715277777778, 0.8348805555555555, 0.8359006944444445, 0.8381909722222223, 0.8391604166666666, 0.8392381944444445, 0.8412458333333334, 0.8412534722222222, 0.8416791666666666, 0.8415784722222223, 0.84299375], 'train_f1': [0.7848713465467985, 0.8191886017265319, 0.8276675294861959, 0.8347209430888638, 0.8354767397651663, 0.837747556662685, 0.8386863358605188, 0.8385764749867535, 0.8409195434231662, 0.8407240711200641, 0.8413030568097354, 0.841168081327478, 0.8424220419432598], 'train_mae': [0.3439027777777778, 0.2862048611111111, 0.27033819444444446, 0.2610104166666667, 0.25954375, 0.2563944444444444, 0.25341597222222223, 0.2537173611111111, 0.2536451388888889, 0.25081944444444443, 0.24994791666666666, 0.2506465277777778, 0.2483138888888889], 'val_loss': [0.6094032077935704, 0.5203749044893081, 0.49311595608267866, 0.47540637124525875, 0.4704835634168826, 0.46357471920419163, 0.4591222043204726, 0.4581222135769693, 0.45357005733147, 0.4535916083319145, 0.4527081296998158, 0.4519492422279559, 0.4487257820786092], 'val_accuracy': [0.7770723684210525, 0.8092872807017544, 0.817828947368421, 0.823563596491228, 0.82625, 0.8281578947368421, 0.8301315789473684, 0.8309649122807018, 0.8327083333333334, 0.8334429824561403, 0.8339583333333334, 0.8338706140350877, 0.8359100877192982], 'val_f1': [0.7765828623221519, 0.8089774273556909, 0.8170635873225275, 0.8233306153009681, 0.8257367101800633, 0.8276651833396329, 0.8296330624455044, 0.8302358041199167, 0.8323331320313349, 0.8328427340343003, 0.8335149295251927, 0.8333867730453508, 0.8352748811352878], 'val_mae': [0.3551644736842105, 0.29975877192982453, 0.2847149122807018, 0.2775109649122807, 0.2729385964912281, 0.2712828947368421, 0.26652412280701754, 0.264890350877193, 0.26535087719298245, 0.26143640350877195, 0.26036184210526314, 0.2613486842105263, 0.25820175438596493], 'jsd': [(0, 0, 0, 0, 0, 0, 0, 0, 0, 0, 0, 0), (0, 0, 0, 0, 0, 0, 0, 0, 0, 0, 0, 0), (0, 0, 0, 0, 0, 0, 0, 0, 0, 0, 0, 0), (0, 0, 0, 0, 0, 0, 0, 0, 0, 0, 0, 0), (0, 0, 0, 0, 0, 0, 0, 0, 0, 0, 0, 0), (0, 0, 0, 0, 0, 0, 0, 0, 0, 0, 0, 0), (0, 0, 0, 0, 0, 0, 0, 0, 0, 0, 0, 0), (0, 0, 0, 0, 0, 0, 0, 0, 0, 0, 0, 0), (0, 0, 0, 0, 0, 0, 0, 0, 0, 0, 0, 0), (0, 0, 0, 0, 0, 0, 0, 0, 0, 0, 0, 0), (0, 0, 0, 0, 0, 0, 0, 0, 0, 0, 0, 0), (0, 0, 0, 0, 0, 0, 0, 0, 0, 0, 0, 0), (0, 0, 0, 0, 0, 0, 0, 0, 0, 0, 0, 0)]}}
AdaptationManager: Configuring next round...
{'client_registry': {'enabled': True, 'params': {}}, 'client_selector': {'enabled': False, 'params': {}}, 'client_cluster': {'enabled': False, 'params': {}}, 'message_compressor': {'enabled': True, 'params': {}}, 'model_co-versioning_registry': {'enabled': False, 'params': {}}, 'multi-task_model_trainer': {'enabled': False, 'params': {}}, 'heterogeneous_data_handler': {'enabled': False, 'params': {}}}
{'client_selector': {'enabled': False}, 'client_cluster': {'enabled': False}, 'message_compressor': {'enabled': True, 'params': {'enabled_clients': ['Client 24', 'Client 25', 'Client 26', 'Client 27', 'Client 28', 'Client 29', 'Client 30', 'Client 32']}}, 'model_co-versioning_registry': {'enabled': False}, 'multi-task_model_trainer': {'enabled': False}, 'heterogeneous_data_handler': {'enabled': False}, 'client_registry': {'enabled': True, 'params': {}}}
message_compressor de-activated ❌
Results Aggregated in 10.66 seconds.
{'TextMLP': {'train_loss': [0.5968634219527245, 0.5025926299214363, 0.4736668420645926, 0.45549048274490567, 0.4499322773694992, 0.44311800442271765, 0.4397261508759525, 0.43798470178047816, 0.4326809699545304, 0.43294286104374463, 0.43192084679868487, 0.430918517770701, 0.42784077540967197, 0.4247262933532397], 'train_accuracy': [0.7853618055555556, 0.8195597222222222, 0.8283715277777778, 0.8348805555555555, 0.8359006944444445, 0.8381909722222223, 0.8391604166666666, 0.8392381944444445, 0.8412458333333334, 0.8412534722222222, 0.8416791666666666, 0.8415784722222223, 0.84299375, 0.8441909722222222], 'train_f1': [0.7848713465467985, 0.8191886017265319, 0.8276675294861959, 0.8347209430888638, 0.8354767397651663, 0.837747556662685, 0.8386863358605188, 0.8385764749867535, 0.8409195434231662, 0.8407240711200641, 0.8413030568097354, 0.841168081327478, 0.8424220419432598, 0.8438644801488587], 'train_mae': [0.3439027777777778, 0.2862048611111111, 0.27033819444444446, 0.2610104166666667, 0.25954375, 0.2563944444444444, 0.25341597222222223, 0.2537173611111111, 0.2536451388888889, 0.25081944444444443, 0.24994791666666666, 0.2506465277777778, 0.2483138888888889, 0.24791527777777778], 'val_loss': [0.6094032077935704, 0.5203749044893081, 0.49311595608267866, 0.47540637124525875, 0.4704835634168826, 0.46357471920419163, 0.4591222043204726, 0.4581222135769693, 0.45357005733147, 0.4535916083319145, 0.4527081296998158, 0.4519492422279559, 0.4487257820786092, 0.4458290252403209], 'val_accuracy': [0.7770723684210525, 0.8092872807017544, 0.817828947368421, 0.823563596491228, 0.82625, 0.8281578947368421, 0.8301315789473684, 0.8309649122807018, 0.8327083333333334, 0.8334429824561403, 0.8339583333333334, 0.8338706140350877, 0.8359100877192982, 0.8370504385964913], 'val_f1': [0.7765828623221519, 0.8089774273556909, 0.8170635873225275, 0.8233306153009681, 0.8257367101800633, 0.8276651833396329, 0.8296330624455044, 0.8302358041199167, 0.8323331320313349, 0.8328427340343003, 0.8335149295251927, 0.8333867730453508, 0.8352748811352878, 0.8366885374068412], 'val_mae': [0.3551644736842105, 0.29975877192982453, 0.2847149122807018, 0.2775109649122807, 0.2729385964912281, 0.2712828947368421, 0.26652412280701754, 0.264890350877193, 0.26535087719298245, 0.26143640350877195, 0.26036184210526314, 0.2613486842105263, 0.25820175438596493, 0.25778508771929826], 'jsd': [(0, 0, 0, 0, 0, 0, 0, 0, 0, 0, 0, 0), (0, 0, 0, 0, 0, 0, 0, 0, 0, 0, 0, 0), (0, 0, 0, 0, 0, 0, 0, 0, 0, 0, 0, 0), (0, 0, 0, 0, 0, 0, 0, 0, 0, 0, 0, 0), (0, 0, 0, 0, 0, 0, 0, 0, 0, 0, 0, 0), (0, 0, 0, 0, 0, 0, 0, 0, 0, 0, 0, 0), (0, 0, 0, 0, 0, 0, 0, 0, 0, 0, 0, 0), (0, 0, 0, 0, 0, 0, 0, 0, 0, 0, 0, 0), (0, 0, 0, 0, 0, 0, 0, 0, 0, 0, 0, 0), (0, 0, 0, 0, 0, 0, 0, 0, 0, 0, 0, 0), (0, 0, 0, 0, 0, 0, 0, 0, 0, 0, 0, 0), (0, 0, 0, 0, 0, 0, 0, 0, 0, 0, 0, 0), (0, 0, 0, 0, 0, 0, 0, 0, 0, 0, 0, 0), (0, 0, 0, 0, 0, 0, 0, 0, 0, 0, 0, 0)]}}
AdaptationManager: Configuring next round...
{'client_registry': {'enabled': True, 'params': {}}, 'client_selector': {'enabled': False, 'params': {}}, 'client_cluster': {'enabled': False, 'params': {}}, 'message_compressor': {'enabled': True, 'params': {}}, 'model_co-versioning_registry': {'enabled': False, 'params': {}}, 'multi-task_model_trainer': {'enabled': False, 'params': {}}, 'heterogeneous_data_handler': {'enabled': False, 'params': {}}}
{'client_selector': {'enabled': False}, 'client_cluster': {'enabled': False}, 'message_compressor': {'enabled': False, 'params': {'enabled_clients': ['Client 24', 'Client 25', 'Client 26', 'Client 27', 'Client 28', 'Client 29', 'Client 30', 'Client 32']}}, 'model_co-versioning_registry': {'enabled': False}, 'multi-task_model_trainer': {'enabled': False}, 'heterogeneous_data_handler': {'enabled': False}, 'client_registry': {'enabled': True, 'params': {}}}
message_compressor de-activated ❌
Results Aggregated in 11.03 seconds.
{'TextMLP': {'train_loss': [0.5968634219527245, 0.5025926299214363, 0.4736668420645926, 0.45549048274490567, 0.4499322773694992, 0.44311800442271765, 0.4397261508759525, 0.43798470178047816, 0.4326809699545304, 0.43294286104374463, 0.43192084679868487, 0.430918517770701, 0.42784077540967197, 0.4247262933532397, 0.4224630269673136], 'train_accuracy': [0.7853618055555556, 0.8195597222222222, 0.8283715277777778, 0.8348805555555555, 0.8359006944444445, 0.8381909722222223, 0.8391604166666666, 0.8392381944444445, 0.8412458333333334, 0.8412534722222222, 0.8416791666666666, 0.8415784722222223, 0.84299375, 0.8441909722222222, 0.8451458333333334], 'train_f1': [0.7848713465467985, 0.8191886017265319, 0.8276675294861959, 0.8347209430888638, 0.8354767397651663, 0.837747556662685, 0.8386863358605188, 0.8385764749867535, 0.8409195434231662, 0.8407240711200641, 0.8413030568097354, 0.841168081327478, 0.8424220419432598, 0.8438644801488587, 0.8448362097236467], 'train_mae': [0.3439027777777778, 0.2862048611111111, 0.27033819444444446, 0.2610104166666667, 0.25954375, 0.2563944444444444, 0.25341597222222223, 0.2537173611111111, 0.2536451388888889, 0.25081944444444443, 0.24994791666666666, 0.2506465277777778, 0.2483138888888889, 0.24791527777777778, 0.24545416666666667], 'val_loss': [0.6094032077935704, 0.5203749044893081, 0.49311595608267866, 0.47540637124525875, 0.4704835634168826, 0.46357471920419163, 0.4591222043204726, 0.4581222135769693, 0.45357005733147, 0.4535916083319145, 0.4527081296998158, 0.4519492422279559, 0.4487257820786092, 0.4458290252403209, 0.4438108238996121], 'val_accuracy': [0.7770723684210525, 0.8092872807017544, 0.817828947368421, 0.823563596491228, 0.82625, 0.8281578947368421, 0.8301315789473684, 0.8309649122807018, 0.8327083333333334, 0.8334429824561403, 0.8339583333333334, 0.8338706140350877, 0.8359100877192982, 0.8370504385964913, 0.8379934210526315], 'val_f1': [0.7765828623221519, 0.8089774273556909, 0.8170635873225275, 0.8233306153009681, 0.8257367101800633, 0.8276651833396329, 0.8296330624455044, 0.8302358041199167, 0.8323331320313349, 0.8328427340343003, 0.8335149295251927, 0.8333867730453508, 0.8352748811352878, 0.8366885374068412, 0.8376210503130647], 'val_mae': [0.3551644736842105, 0.29975877192982453, 0.2847149122807018, 0.2775109649122807, 0.2729385964912281, 0.2712828947368421, 0.26652412280701754, 0.264890350877193, 0.26535087719298245, 0.26143640350877195, 0.26036184210526314, 0.2613486842105263, 0.25820175438596493, 0.25778508771929826, 0.25547149122807017], 'jsd': [(0, 0, 0, 0, 0, 0, 0, 0, 0, 0, 0, 0), (0, 0, 0, 0, 0, 0, 0, 0, 0, 0, 0, 0), (0, 0, 0, 0, 0, 0, 0, 0, 0, 0, 0, 0), (0, 0, 0, 0, 0, 0, 0, 0, 0, 0, 0, 0), (0, 0, 0, 0, 0, 0, 0, 0, 0, 0, 0, 0), (0, 0, 0, 0, 0, 0, 0, 0, 0, 0, 0, 0), (0, 0, 0, 0, 0, 0, 0, 0, 0, 0, 0, 0), (0, 0, 0, 0, 0, 0, 0, 0, 0, 0, 0, 0), (0, 0, 0, 0, 0, 0, 0, 0, 0, 0, 0, 0), (0, 0, 0, 0, 0, 0, 0, 0, 0, 0, 0, 0), (0, 0, 0, 0, 0, 0, 0, 0, 0, 0, 0, 0), (0, 0, 0, 0, 0, 0, 0, 0, 0, 0, 0, 0), (0, 0, 0, 0, 0, 0, 0, 0, 0, 0, 0, 0), (0, 0, 0, 0, 0, 0, 0, 0, 0, 0, 0, 0), (0, 0, 0, 0, 0, 0, 0, 0, 0, 0, 0, 0)]}}
AdaptationManager: Configuring next round...
{'client_registry': {'enabled': True, 'params': {}}, 'client_selector': {'enabled': False, 'params': {}}, 'client_cluster': {'enabled': False, 'params': {}}, 'message_compressor': {'enabled': True, 'params': {}}, 'model_co-versioning_registry': {'enabled': False, 'params': {}}, 'multi-task_model_trainer': {'enabled': False, 'params': {}}, 'heterogeneous_data_handler': {'enabled': False, 'params': {}}}
{'client_selector': {'enabled': False}, 'client_cluster': {'enabled': False}, 'message_compressor': {'enabled': False, 'params': {'enabled_clients': ['Client 24', 'Client 25', 'Client 26', 'Client 27', 'Client 28', 'Client 29', 'Client 30', 'Client 32']}}, 'model_co-versioning_registry': {'enabled': False}, 'multi-task_model_trainer': {'enabled': False}, 'heterogeneous_data_handler': {'enabled': False}, 'client_registry': {'enabled': True, 'params': {}}}
message_compressor de-activated ❌
Results Aggregated in 11.41 seconds.
{'TextMLP': {'train_loss': [0.5968634219527245, 0.5025926299214363, 0.4736668420645926, 0.45549048274490567, 0.4499322773694992, 0.44311800442271765, 0.4397261508759525, 0.43798470178047816, 0.4326809699545304, 0.43294286104374463, 0.43192084679868487, 0.430918517770701, 0.42784077540967197, 0.4247262933532397, 0.4224630269673136, 0.42124114447832106], 'train_accuracy': [0.7853618055555556, 0.8195597222222222, 0.8283715277777778, 0.8348805555555555, 0.8359006944444445, 0.8381909722222223, 0.8391604166666666, 0.8392381944444445, 0.8412458333333334, 0.8412534722222222, 0.8416791666666666, 0.8415784722222223, 0.84299375, 0.8441909722222222, 0.8451458333333334, 0.8454298611111111], 'train_f1': [0.7848713465467985, 0.8191886017265319, 0.8276675294861959, 0.8347209430888638, 0.8354767397651663, 0.837747556662685, 0.8386863358605188, 0.8385764749867535, 0.8409195434231662, 0.8407240711200641, 0.8413030568097354, 0.841168081327478, 0.8424220419432598, 0.8438644801488587, 0.8448362097236467, 0.8450430939389422], 'train_mae': [0.3439027777777778, 0.2862048611111111, 0.27033819444444446, 0.2610104166666667, 0.25954375, 0.2563944444444444, 0.25341597222222223, 0.2537173611111111, 0.2536451388888889, 0.25081944444444443, 0.24994791666666666, 0.2506465277777778, 0.2483138888888889, 0.24791527777777778, 0.24545416666666667, 0.24524513888888888], 'val_loss': [0.6094032077935704, 0.5203749044893081, 0.49311595608267866, 0.47540637124525875, 0.4704835634168826, 0.46357471920419163, 0.4591222043204726, 0.4581222135769693, 0.45357005733147, 0.4535916083319145, 0.4527081296998158, 0.4519492422279559, 0.4487257820786092, 0.4458290252403209, 0.4438108238996121, 0.4429243491825305], 'val_accuracy': [0.7770723684210525, 0.8092872807017544, 0.817828947368421, 0.823563596491228, 0.82625, 0.8281578947368421, 0.8301315789473684, 0.8309649122807018, 0.8327083333333334, 0.8334429824561403, 0.8339583333333334, 0.8338706140350877, 0.8359100877192982, 0.8370504385964913, 0.8379934210526315, 0.8387719298245613], 'val_f1': [0.7765828623221519, 0.8089774273556909, 0.8170635873225275, 0.8233306153009681, 0.8257367101800633, 0.8276651833396329, 0.8296330624455044, 0.8302358041199167, 0.8323331320313349, 0.8328427340343003, 0.8335149295251927, 0.8333867730453508, 0.8352748811352878, 0.8366885374068412, 0.8376210503130647, 0.8383631512528712], 'val_mae': [0.3551644736842105, 0.29975877192982453, 0.2847149122807018, 0.2775109649122807, 0.2729385964912281, 0.2712828947368421, 0.26652412280701754, 0.264890350877193, 0.26535087719298245, 0.26143640350877195, 0.26036184210526314, 0.2613486842105263, 0.25820175438596493, 0.25778508771929826, 0.25547149122807017, 0.2544188596491228], 'jsd': [(0, 0, 0, 0, 0, 0, 0, 0, 0, 0, 0, 0), (0, 0, 0, 0, 0, 0, 0, 0, 0, 0, 0, 0), (0, 0, 0, 0, 0, 0, 0, 0, 0, 0, 0, 0), (0, 0, 0, 0, 0, 0, 0, 0, 0, 0, 0, 0), (0, 0, 0, 0, 0, 0, 0, 0, 0, 0, 0, 0), (0, 0, 0, 0, 0, 0, 0, 0, 0, 0, 0, 0), (0, 0, 0, 0, 0, 0, 0, 0, 0, 0, 0, 0), (0, 0, 0, 0, 0, 0, 0, 0, 0, 0, 0, 0), (0, 0, 0, 0, 0, 0, 0, 0, 0, 0, 0, 0), (0, 0, 0, 0, 0, 0, 0, 0, 0, 0, 0, 0), (0, 0, 0, 0, 0, 0, 0, 0, 0, 0, 0, 0), (0, 0, 0, 0, 0, 0, 0, 0, 0, 0, 0, 0), (0, 0, 0, 0, 0, 0, 0, 0, 0, 0, 0, 0), (0, 0, 0, 0, 0, 0, 0, 0, 0, 0, 0, 0), (0, 0, 0, 0, 0, 0, 0, 0, 0, 0, 0, 0), (0, 0, 0, 0, 0, 0, 0, 0, 0, 0, 0, 0)]}}
AdaptationManager: Configuring next round...
{'client_registry': {'enabled': True, 'params': {}}, 'client_selector': {'enabled': False, 'params': {}}, 'client_cluster': {'enabled': False, 'params': {}}, 'message_compressor': {'enabled': True, 'params': {}}, 'model_co-versioning_registry': {'enabled': False, 'params': {}}, 'multi-task_model_trainer': {'enabled': False, 'params': {}}, 'heterogeneous_data_handler': {'enabled': False, 'params': {}}}
{'client_selector': {'enabled': False}, 'client_cluster': {'enabled': False}, 'message_compressor': {'enabled': False, 'params': {'enabled_clients': ['Client 24', 'Client 25', 'Client 26', 'Client 27', 'Client 28', 'Client 29', 'Client 30', 'Client 32']}}, 'model_co-versioning_registry': {'enabled': False}, 'multi-task_model_trainer': {'enabled': False}, 'heterogeneous_data_handler': {'enabled': False}, 'client_registry': {'enabled': True, 'params': {}}}
message_compressor activated ✅
Local parameters compressed: reduced 5160 bytes (6.99%)
Local parameters compressed: reduced 5174 bytes (7.01%)
Local parameters compressed: reduced 5173 bytes (7.01%)
Local parameters compressed: reduced 5160 bytes (6.99%)
Local parameters compressed: reduced 5170 bytes (7.01%)
Local parameters compressed: reduced 5179 bytes (7.02%)
Local parameters compressed: reduced 5166 bytes (7.00%)
Local parameters compressed: reduced 5168 bytes (7.00%)
Local parameters compressed: reduced 5172 bytes (7.01%)
Local parameters compressed: reduced 5174 bytes (7.01%)
Local parameters compressed: reduced 5150 bytes (6.98%)
Local parameters compressed: reduced 5201 bytes (7.05%)
Results Aggregated in 9.72 seconds.
{'TextMLP': {'train_loss': [0.5968634219527245, 0.5025926299214363, 0.4736668420645926, 0.45549048274490567, 0.4499322773694992, 0.44311800442271765, 0.4397261508759525, 0.43798470178047816, 0.4326809699545304, 0.43294286104374463, 0.43192084679868487, 0.430918517770701, 0.42784077540967197, 0.4247262933532397, 0.4224630269673136, 0.42124114447832106, 0.42198836429781383], 'train_accuracy': [0.7853618055555556, 0.8195597222222222, 0.8283715277777778, 0.8348805555555555, 0.8359006944444445, 0.8381909722222223, 0.8391604166666666, 0.8392381944444445, 0.8412458333333334, 0.8412534722222222, 0.8416791666666666, 0.8415784722222223, 0.84299375, 0.8441909722222222, 0.8451458333333334, 0.8454298611111111, 0.8447180555555556], 'train_f1': [0.7848713465467985, 0.8191886017265319, 0.8276675294861959, 0.8347209430888638, 0.8354767397651663, 0.837747556662685, 0.8386863358605188, 0.8385764749867535, 0.8409195434231662, 0.8407240711200641, 0.8413030568097354, 0.841168081327478, 0.8424220419432598, 0.8438644801488587, 0.8448362097236467, 0.8450430939389422, 0.8444668688452613], 'train_mae': [0.3439027777777778, 0.2862048611111111, 0.27033819444444446, 0.2610104166666667, 0.25954375, 0.2563944444444444, 0.25341597222222223, 0.2537173611111111, 0.2536451388888889, 0.25081944444444443, 0.24994791666666666, 0.2506465277777778, 0.2483138888888889, 0.24791527777777778, 0.24545416666666667, 0.24524513888888888, 0.24730902777777777], 'val_loss': [0.6094032077935704, 0.5203749044893081, 0.49311595608267866, 0.47540637124525875, 0.4704835634168826, 0.46357471920419163, 0.4591222043204726, 0.4581222135769693, 0.45357005733147, 0.4535916083319145, 0.4527081296998158, 0.4519492422279559, 0.4487257820786092, 0.4458290252403209, 0.4438108238996121, 0.4429243491825305, 0.44437591119816433], 'val_accuracy': [0.7770723684210525, 0.8092872807017544, 0.817828947368421, 0.823563596491228, 0.82625, 0.8281578947368421, 0.8301315789473684, 0.8309649122807018, 0.8327083333333334, 0.8334429824561403, 0.8339583333333334, 0.8338706140350877, 0.8359100877192982, 0.8370504385964913, 0.8379934210526315, 0.8387719298245613, 0.8385635964912281], 'val_f1': [0.7765828623221519, 0.8089774273556909, 0.8170635873225275, 0.8233306153009681, 0.8257367101800633, 0.8276651833396329, 0.8296330624455044, 0.8302358041199167, 0.8323331320313349, 0.8328427340343003, 0.8335149295251927, 0.8333867730453508, 0.8352748811352878, 0.8366885374068412, 0.8376210503130647, 0.8383631512528712, 0.8383059597722049], 'val_mae': [0.3551644736842105, 0.29975877192982453, 0.2847149122807018, 0.2775109649122807, 0.2729385964912281, 0.2712828947368421, 0.26652412280701754, 0.264890350877193, 0.26535087719298245, 0.26143640350877195, 0.26036184210526314, 0.2613486842105263, 0.25820175438596493, 0.25778508771929826, 0.25547149122807017, 0.2544188596491228, 0.2558004385964912], 'jsd': [(0, 0, 0, 0, 0, 0, 0, 0, 0, 0, 0, 0), (0, 0, 0, 0, 0, 0, 0, 0, 0, 0, 0, 0), (0, 0, 0, 0, 0, 0, 0, 0, 0, 0, 0, 0), (0, 0, 0, 0, 0, 0, 0, 0, 0, 0, 0, 0), (0, 0, 0, 0, 0, 0, 0, 0, 0, 0, 0, 0), (0, 0, 0, 0, 0, 0, 0, 0, 0, 0, 0, 0), (0, 0, 0, 0, 0, 0, 0, 0, 0, 0, 0, 0), (0, 0, 0, 0, 0, 0, 0, 0, 0, 0, 0, 0), (0, 0, 0, 0, 0, 0, 0, 0, 0, 0, 0, 0), (0, 0, 0, 0, 0, 0, 0, 0, 0, 0, 0, 0), (0, 0, 0, 0, 0, 0, 0, 0, 0, 0, 0, 0), (0, 0, 0, 0, 0, 0, 0, 0, 0, 0, 0, 0), (0, 0, 0, 0, 0, 0, 0, 0, 0, 0, 0, 0), (0, 0, 0, 0, 0, 0, 0, 0, 0, 0, 0, 0), (0, 0, 0, 0, 0, 0, 0, 0, 0, 0, 0, 0), (0, 0, 0, 0, 0, 0, 0, 0, 0, 0, 0, 0), (0, 0, 0, 0, 0, 0, 0, 0, 0, 0, 0, 0)]}}
AdaptationManager: Configuring next round...
{'client_registry': {'enabled': True, 'params': {}}, 'client_selector': {'enabled': False, 'params': {}}, 'client_cluster': {'enabled': False, 'params': {}}, 'message_compressor': {'enabled': True, 'params': {}}, 'model_co-versioning_registry': {'enabled': False, 'params': {}}, 'multi-task_model_trainer': {'enabled': False, 'params': {}}, 'heterogeneous_data_handler': {'enabled': False, 'params': {}}}
{'client_selector': {'enabled': False}, 'client_cluster': {'enabled': False}, 'message_compressor': {'enabled': True, 'params': {'enabled_clients': ['Client 23', 'Client 25', 'Client 27', 'Client 29', 'Client 31', 'Client 33']}}, 'model_co-versioning_registry': {'enabled': False}, 'multi-task_model_trainer': {'enabled': False}, 'heterogeneous_data_handler': {'enabled': False}, 'client_registry': {'enabled': True, 'params': {}}}
message_compressor activated ✅
Local parameters compressed: reduced 5200 bytes (7.05%)
Local parameters compressed: reduced 5182 bytes (7.02%)
Local parameters compressed: reduced 5155 bytes (6.99%)
Local parameters compressed: reduced 5169 bytes (7.01%)
Local parameters compressed: reduced 5146 bytes (6.97%)
Local parameters compressed: reduced 5121 bytes (6.94%)
Local parameters compressed: reduced 5185 bytes (7.03%)
Local parameters compressed: reduced 5155 bytes (6.99%)
Local parameters compressed: reduced 5170 bytes (7.01%)
Local parameters compressed: reduced 5185 bytes (7.03%)
Local parameters compressed: reduced 5213 bytes (7.06%)
Local parameters compressed: reduced 5158 bytes (6.99%)
Results Aggregated in 10.58 seconds.
{'TextMLP': {'train_loss': [0.5968634219527245, 0.5025926299214363, 0.4736668420645926, 0.45549048274490567, 0.4499322773694992, 0.44311800442271765, 0.4397261508759525, 0.43798470178047816, 0.4326809699545304, 0.43294286104374463, 0.43192084679868487, 0.430918517770701, 0.42784077540967197, 0.4247262933532397, 0.4224630269673136, 0.42124114447832106, 0.42198836429781383, 0.4194130525261164], 'train_accuracy': [0.7853618055555556, 0.8195597222222222, 0.8283715277777778, 0.8348805555555555, 0.8359006944444445, 0.8381909722222223, 0.8391604166666666, 0.8392381944444445, 0.8412458333333334, 0.8412534722222222, 0.8416791666666666, 0.8415784722222223, 0.84299375, 0.8441909722222222, 0.8451458333333334, 0.8454298611111111, 0.8447180555555556, 0.84585], 'train_f1': [0.7848713465467985, 0.8191886017265319, 0.8276675294861959, 0.8347209430888638, 0.8354767397651663, 0.837747556662685, 0.8386863358605188, 0.8385764749867535, 0.8409195434231662, 0.8407240711200641, 0.8413030568097354, 0.841168081327478, 0.8424220419432598, 0.8438644801488587, 0.8448362097236467, 0.8450430939389422, 0.8444668688452613, 0.8456216025014531], 'train_mae': [0.3439027777777778, 0.2862048611111111, 0.27033819444444446, 0.2610104166666667, 0.25954375, 0.2563944444444444, 0.25341597222222223, 0.2537173611111111, 0.2536451388888889, 0.25081944444444443, 0.24994791666666666, 0.2506465277777778, 0.2483138888888889, 0.24791527777777778, 0.24545416666666667, 0.24524513888888888, 0.24730902777777777, 0.24498263888888888], 'val_loss': [0.6094032077935704, 0.5203749044893081, 0.49311595608267866, 0.47540637124525875, 0.4704835634168826, 0.46357471920419163, 0.4591222043204726, 0.4581222135769693, 0.45357005733147, 0.4535916083319145, 0.4527081296998158, 0.4519492422279559, 0.4487257820786092, 0.4458290252403209, 0.4438108238996121, 0.4429243491825305, 0.44437591119816433, 0.44199668235423273], 'val_accuracy': [0.7770723684210525, 0.8092872807017544, 0.817828947368421, 0.823563596491228, 0.82625, 0.8281578947368421, 0.8301315789473684, 0.8309649122807018, 0.8327083333333334, 0.8334429824561403, 0.8339583333333334, 0.8338706140350877, 0.8359100877192982, 0.8370504385964913, 0.8379934210526315, 0.8387719298245613, 0.8385635964912281, 0.8389254385964913], 'val_f1': [0.7765828623221519, 0.8089774273556909, 0.8170635873225275, 0.8233306153009681, 0.8257367101800633, 0.8276651833396329, 0.8296330624455044, 0.8302358041199167, 0.8323331320313349, 0.8328427340343003, 0.8335149295251927, 0.8333867730453508, 0.8352748811352878, 0.8366885374068412, 0.8376210503130647, 0.8383631512528712, 0.8383059597722049, 0.8386588053150348], 'val_mae': [0.3551644736842105, 0.29975877192982453, 0.2847149122807018, 0.2775109649122807, 0.2729385964912281, 0.2712828947368421, 0.26652412280701754, 0.264890350877193, 0.26535087719298245, 0.26143640350877195, 0.26036184210526314, 0.2613486842105263, 0.25820175438596493, 0.25778508771929826, 0.25547149122807017, 0.2544188596491228, 0.2558004385964912, 0.255109649122807], 'jsd': [(0, 0, 0, 0, 0, 0, 0, 0, 0, 0, 0, 0), (0, 0, 0, 0, 0, 0, 0, 0, 0, 0, 0, 0), (0, 0, 0, 0, 0, 0, 0, 0, 0, 0, 0, 0), (0, 0, 0, 0, 0, 0, 0, 0, 0, 0, 0, 0), (0, 0, 0, 0, 0, 0, 0, 0, 0, 0, 0, 0), (0, 0, 0, 0, 0, 0, 0, 0, 0, 0, 0, 0), (0, 0, 0, 0, 0, 0, 0, 0, 0, 0, 0, 0), (0, 0, 0, 0, 0, 0, 0, 0, 0, 0, 0, 0), (0, 0, 0, 0, 0, 0, 0, 0, 0, 0, 0, 0), (0, 0, 0, 0, 0, 0, 0, 0, 0, 0, 0, 0), (0, 0, 0, 0, 0, 0, 0, 0, 0, 0, 0, 0), (0, 0, 0, 0, 0, 0, 0, 0, 0, 0, 0, 0), (0, 0, 0, 0, 0, 0, 0, 0, 0, 0, 0, 0), (0, 0, 0, 0, 0, 0, 0, 0, 0, 0, 0, 0), (0, 0, 0, 0, 0, 0, 0, 0, 0, 0, 0, 0), (0, 0, 0, 0, 0, 0, 0, 0, 0, 0, 0, 0), (0, 0, 0, 0, 0, 0, 0, 0, 0, 0, 0, 0), (0, 0, 0, 0, 0, 0, 0, 0, 0, 0, 0, 0)]}}
AdaptationManager: Configuring next round...
{'client_registry': {'enabled': True, 'params': {}}, 'client_selector': {'enabled': False, 'params': {}}, 'client_cluster': {'enabled': False, 'params': {}}, 'message_compressor': {'enabled': True, 'params': {}}, 'model_co-versioning_registry': {'enabled': False, 'params': {}}, 'multi-task_model_trainer': {'enabled': False, 'params': {}}, 'heterogeneous_data_handler': {'enabled': False, 'params': {}}}
{'client_selector': {'enabled': False}, 'client_cluster': {'enabled': False}, 'message_compressor': {'enabled': True, 'params': {'enabled_clients': ['Client 23', 'Client 24', 'Client 25', 'Client 31', 'Client 33']}}, 'model_co-versioning_registry': {'enabled': False}, 'multi-task_model_trainer': {'enabled': False}, 'heterogeneous_data_handler': {'enabled': False}, 'client_registry': {'enabled': True, 'params': {}}}
message_compressor de-activated ❌
Results Aggregated in 10.59 seconds.
{'TextMLP': {'train_loss': [0.5968634219527245, 0.5025926299214363, 0.4736668420645926, 0.45549048274490567, 0.4499322773694992, 0.44311800442271765, 0.4397261508759525, 0.43798470178047816, 0.4326809699545304, 0.43294286104374463, 0.43192084679868487, 0.430918517770701, 0.42784077540967197, 0.4247262933532397, 0.4224630269673136, 0.42124114447832106, 0.42198836429781383, 0.4194130525261164, 0.41826628950503136], 'train_accuracy': [0.7853618055555556, 0.8195597222222222, 0.8283715277777778, 0.8348805555555555, 0.8359006944444445, 0.8381909722222223, 0.8391604166666666, 0.8392381944444445, 0.8412458333333334, 0.8412534722222222, 0.8416791666666666, 0.8415784722222223, 0.84299375, 0.8441909722222222, 0.8451458333333334, 0.8454298611111111, 0.8447180555555556, 0.84585, 0.8462534722222222], 'train_f1': [0.7848713465467985, 0.8191886017265319, 0.8276675294861959, 0.8347209430888638, 0.8354767397651663, 0.837747556662685, 0.8386863358605188, 0.8385764749867535, 0.8409195434231662, 0.8407240711200641, 0.8413030568097354, 0.841168081327478, 0.8424220419432598, 0.8438644801488587, 0.8448362097236467, 0.8450430939389422, 0.8444668688452613, 0.8456216025014531, 0.8458981239725655], 'train_mae': [0.3439027777777778, 0.2862048611111111, 0.27033819444444446, 0.2610104166666667, 0.25954375, 0.2563944444444444, 0.25341597222222223, 0.2537173611111111, 0.2536451388888889, 0.25081944444444443, 0.24994791666666666, 0.2506465277777778, 0.2483138888888889, 0.24791527777777778, 0.24545416666666667, 0.24524513888888888, 0.24730902777777777, 0.24498263888888888, 0.245075], 'val_loss': [0.6094032077935704, 0.5203749044893081, 0.49311595608267866, 0.47540637124525875, 0.4704835634168826, 0.46357471920419163, 0.4591222043204726, 0.4581222135769693, 0.45357005733147, 0.4535916083319145, 0.4527081296998158, 0.4519492422279559, 0.4487257820786092, 0.4458290252403209, 0.4438108238996121, 0.4429243491825305, 0.44437591119816433, 0.44199668235423273, 0.44105184664328895], 'val_accuracy': [0.7770723684210525, 0.8092872807017544, 0.817828947368421, 0.823563596491228, 0.82625, 0.8281578947368421, 0.8301315789473684, 0.8309649122807018, 0.8327083333333334, 0.8334429824561403, 0.8339583333333334, 0.8338706140350877, 0.8359100877192982, 0.8370504385964913, 0.8379934210526315, 0.8387719298245613, 0.8385635964912281, 0.8389254385964913, 0.839078947368421], 'val_f1': [0.7765828623221519, 0.8089774273556909, 0.8170635873225275, 0.8233306153009681, 0.8257367101800633, 0.8276651833396329, 0.8296330624455044, 0.8302358041199167, 0.8323331320313349, 0.8328427340343003, 0.8335149295251927, 0.8333867730453508, 0.8352748811352878, 0.8366885374068412, 0.8376210503130647, 0.8383631512528712, 0.8383059597722049, 0.8386588053150348, 0.8386567137492643], 'val_mae': [0.3551644736842105, 0.29975877192982453, 0.2847149122807018, 0.2775109649122807, 0.2729385964912281, 0.2712828947368421, 0.26652412280701754, 0.264890350877193, 0.26535087719298245, 0.26143640350877195, 0.26036184210526314, 0.2613486842105263, 0.25820175438596493, 0.25778508771929826, 0.25547149122807017, 0.2544188596491228, 0.2558004385964912, 0.255109649122807, 0.2550438596491228], 'jsd': [(0, 0, 0, 0, 0, 0, 0, 0, 0, 0, 0, 0), (0, 0, 0, 0, 0, 0, 0, 0, 0, 0, 0, 0), (0, 0, 0, 0, 0, 0, 0, 0, 0, 0, 0, 0), (0, 0, 0, 0, 0, 0, 0, 0, 0, 0, 0, 0), (0, 0, 0, 0, 0, 0, 0, 0, 0, 0, 0, 0), (0, 0, 0, 0, 0, 0, 0, 0, 0, 0, 0, 0), (0, 0, 0, 0, 0, 0, 0, 0, 0, 0, 0, 0), (0, 0, 0, 0, 0, 0, 0, 0, 0, 0, 0, 0), (0, 0, 0, 0, 0, 0, 0, 0, 0, 0, 0, 0), (0, 0, 0, 0, 0, 0, 0, 0, 0, 0, 0, 0), (0, 0, 0, 0, 0, 0, 0, 0, 0, 0, 0, 0), (0, 0, 0, 0, 0, 0, 0, 0, 0, 0, 0, 0), (0, 0, 0, 0, 0, 0, 0, 0, 0, 0, 0, 0), (0, 0, 0, 0, 0, 0, 0, 0, 0, 0, 0, 0), (0, 0, 0, 0, 0, 0, 0, 0, 0, 0, 0, 0), (0, 0, 0, 0, 0, 0, 0, 0, 0, 0, 0, 0), (0, 0, 0, 0, 0, 0, 0, 0, 0, 0, 0, 0), (0, 0, 0, 0, 0, 0, 0, 0, 0, 0, 0, 0), (0, 0, 0, 0, 0, 0, 0, 0, 0, 0, 0, 0)]}}
AdaptationManager: Configuring next round...
{'client_registry': {'enabled': True, 'params': {}}, 'client_selector': {'enabled': False, 'params': {}}, 'client_cluster': {'enabled': False, 'params': {}}, 'message_compressor': {'enabled': True, 'params': {}}, 'model_co-versioning_registry': {'enabled': False, 'params': {}}, 'multi-task_model_trainer': {'enabled': False, 'params': {}}, 'heterogeneous_data_handler': {'enabled': False, 'params': {}}}
{'client_selector': {'enabled': False}, 'client_cluster': {'enabled': False}, 'message_compressor': {'enabled': False, 'params': {'enabled_clients': ['Client 23', 'Client 24', 'Client 25', 'Client 31', 'Client 33']}}, 'model_co-versioning_registry': {'enabled': False}, 'multi-task_model_trainer': {'enabled': False}, 'heterogeneous_data_handler': {'enabled': False}, 'client_registry': {'enabled': True, 'params': {}}}
message_compressor de-activated ❌
Results Aggregated in 10.91 seconds.
{'TextMLP': {'train_loss': [0.5968634219527245, 0.5025926299214363, 0.4736668420645926, 0.45549048274490567, 0.4499322773694992, 0.44311800442271765, 0.4397261508759525, 0.43798470178047816, 0.4326809699545304, 0.43294286104374463, 0.43192084679868487, 0.430918517770701, 0.42784077540967197, 0.4247262933532397, 0.4224630269673136, 0.42124114447832106, 0.42198836429781383, 0.4194130525261164, 0.41826628950503136, 0.4153716626882553], 'train_accuracy': [0.7853618055555556, 0.8195597222222222, 0.8283715277777778, 0.8348805555555555, 0.8359006944444445, 0.8381909722222223, 0.8391604166666666, 0.8392381944444445, 0.8412458333333334, 0.8412534722222222, 0.8416791666666666, 0.8415784722222223, 0.84299375, 0.8441909722222222, 0.8451458333333334, 0.8454298611111111, 0.8447180555555556, 0.84585, 0.8462534722222222, 0.8473243055555556], 'train_f1': [0.7848713465467985, 0.8191886017265319, 0.8276675294861959, 0.8347209430888638, 0.8354767397651663, 0.837747556662685, 0.8386863358605188, 0.8385764749867535, 0.8409195434231662, 0.8407240711200641, 0.8413030568097354, 0.841168081327478, 0.8424220419432598, 0.8438644801488587, 0.8448362097236467, 0.8450430939389422, 0.8444668688452613, 0.8456216025014531, 0.8458981239725655, 0.847003030240136], 'train_mae': [0.3439027777777778, 0.2862048611111111, 0.27033819444444446, 0.2610104166666667, 0.25954375, 0.2563944444444444, 0.25341597222222223, 0.2537173611111111, 0.2536451388888889, 0.25081944444444443, 0.24994791666666666, 0.2506465277777778, 0.2483138888888889, 0.24791527777777778, 0.24545416666666667, 0.24524513888888888, 0.24730902777777777, 0.24498263888888888, 0.245075, 0.24296041666666668], 'val_loss': [0.6094032077935704, 0.5203749044893081, 0.49311595608267866, 0.47540637124525875, 0.4704835634168826, 0.46357471920419163, 0.4591222043204726, 0.4581222135769693, 0.45357005733147, 0.4535916083319145, 0.4527081296998158, 0.4519492422279559, 0.4487257820786092, 0.4458290252403209, 0.4438108238996121, 0.4429243491825305, 0.44437591119816433, 0.44199668235423273, 0.44105184664328895, 0.4383996656484771], 'val_accuracy': [0.7770723684210525, 0.8092872807017544, 0.817828947368421, 0.823563596491228, 0.82625, 0.8281578947368421, 0.8301315789473684, 0.8309649122807018, 0.8327083333333334, 0.8334429824561403, 0.8339583333333334, 0.8338706140350877, 0.8359100877192982, 0.8370504385964913, 0.8379934210526315, 0.8387719298245613, 0.8385635964912281, 0.8389254385964913, 0.839078947368421, 0.8406688596491229], 'val_f1': [0.7765828623221519, 0.8089774273556909, 0.8170635873225275, 0.8233306153009681, 0.8257367101800633, 0.8276651833396329, 0.8296330624455044, 0.8302358041199167, 0.8323331320313349, 0.8328427340343003, 0.8335149295251927, 0.8333867730453508, 0.8352748811352878, 0.8366885374068412, 0.8376210503130647, 0.8383631512528712, 0.8383059597722049, 0.8386588053150348, 0.8386567137492643, 0.8403022577648219], 'val_mae': [0.3551644736842105, 0.29975877192982453, 0.2847149122807018, 0.2775109649122807, 0.2729385964912281, 0.2712828947368421, 0.26652412280701754, 0.264890350877193, 0.26535087719298245, 0.26143640350877195, 0.26036184210526314, 0.2613486842105263, 0.25820175438596493, 0.25778508771929826, 0.25547149122807017, 0.2544188596491228, 0.2558004385964912, 0.255109649122807, 0.2550438596491228, 0.2525438596491228], 'jsd': [(0, 0, 0, 0, 0, 0, 0, 0, 0, 0, 0, 0), (0, 0, 0, 0, 0, 0, 0, 0, 0, 0, 0, 0), (0, 0, 0, 0, 0, 0, 0, 0, 0, 0, 0, 0), (0, 0, 0, 0, 0, 0, 0, 0, 0, 0, 0, 0), (0, 0, 0, 0, 0, 0, 0, 0, 0, 0, 0, 0), (0, 0, 0, 0, 0, 0, 0, 0, 0, 0, 0, 0), (0, 0, 0, 0, 0, 0, 0, 0, 0, 0, 0, 0), (0, 0, 0, 0, 0, 0, 0, 0, 0, 0, 0, 0), (0, 0, 0, 0, 0, 0, 0, 0, 0, 0, 0, 0), (0, 0, 0, 0, 0, 0, 0, 0, 0, 0, 0, 0), (0, 0, 0, 0, 0, 0, 0, 0, 0, 0, 0, 0), (0, 0, 0, 0, 0, 0, 0, 0, 0, 0, 0, 0), (0, 0, 0, 0, 0, 0, 0, 0, 0, 0, 0, 0), (0, 0, 0, 0, 0, 0, 0, 0, 0, 0, 0, 0), (0, 0, 0, 0, 0, 0, 0, 0, 0, 0, 0, 0), (0, 0, 0, 0, 0, 0, 0, 0, 0, 0, 0, 0), (0, 0, 0, 0, 0, 0, 0, 0, 0, 0, 0, 0), (0, 0, 0, 0, 0, 0, 0, 0, 0, 0, 0, 0), (0, 0, 0, 0, 0, 0, 0, 0, 0, 0, 0, 0), (0, 0, 0, 0, 0, 0, 0, 0, 0, 0, 0, 0)]}}
AdaptationManager: Configuring next round...
{'client_registry': {'enabled': True, 'params': {}}, 'client_selector': {'enabled': False, 'params': {}}, 'client_cluster': {'enabled': False, 'params': {}}, 'message_compressor': {'enabled': True, 'params': {}}, 'model_co-versioning_registry': {'enabled': False, 'params': {}}, 'multi-task_model_trainer': {'enabled': False, 'params': {}}, 'heterogeneous_data_handler': {'enabled': False, 'params': {}}}
{'client_selector': {'enabled': False}, 'client_cluster': {'enabled': False}, 'message_compressor': {'enabled': False, 'params': {'enabled_clients': ['Client 23', 'Client 24', 'Client 25', 'Client 31', 'Client 33']}}, 'model_co-versioning_registry': {'enabled': False}, 'multi-task_model_trainer': {'enabled': False}, 'heterogeneous_data_handler': {'enabled': False}, 'client_registry': {'enabled': True, 'params': {}}}
message_compressor de-activated ❌
