==========================================
  ___  ______  ___ ______       _ 
 / _ \ | ___ \/   ||  ___|     | |
/ /_\ \| |_/ / /| || |_ ___  __| |
|  _  ||  __/ /_| ||  _/ _ \/ _` |
| | | || |  \___  || ||  __/ (_| |
\_| |_/\_|      |_/\_| \___|\__,_| v.1.5.0

==========================================
Simulation Started!
List of the Architectural Patterns enabled:
Adaptation Enabled ✅
Random activation criterion
Client Registry ✅
Message Compressor ✅
==========================================
Local parameters compressed: reduced 5298 bytes (7.18%)
Local parameters compressed: reduced 5308 bytes (7.19%)
Local parameters compressed: reduced 5298 bytes (7.18%)
Local parameters compressed: reduced 5310 bytes (7.20%)
Local parameters compressed: reduced 5315 bytes (7.20%)
Local parameters compressed: reduced 5317 bytes (7.21%)
Results Aggregated in 29.62 seconds.
{'TextMLP': {'train_loss': [0.621031730304824], 'train_accuracy': [0.7759319444444445], 'train_f1': [0.7750713313720937], 'train_mae': [0.35081527777777777], 'val_loss': [0.6335925343789552], 'val_accuracy': [0.7678728070175439], 'val_f1': [0.7670561496832597], 'val_mae': [0.3599780701754386], 'jsd': [(0, 0, 0, 0, 0, 0)]}}
AdaptationManager: Configuring next round...
{'client_registry': {'enabled': True, 'params': {}}, 'client_selector': {'enabled': False, 'params': {}}, 'client_cluster': {'enabled': False, 'params': {}}, 'message_compressor': {'enabled': True, 'params': {}}, 'model_co-versioning_registry': {'enabled': False, 'params': {}}, 'multi-task_model_trainer': {'enabled': False, 'params': {}}, 'heterogeneous_data_handler': {'enabled': False, 'params': {}}}
{'client_selector': {'enabled': False}, 'client_cluster': {'enabled': False}, 'message_compressor': {'enabled': True}, 'model_co-versioning_registry': {'enabled': False}, 'multi-task_model_trainer': {'enabled': False}, 'heterogeneous_data_handler': {'enabled': False}, 'client_registry': {'enabled': True, 'params': {}}}
message_compressor de-activated ❌
Results Aggregated in 11.82 seconds.
{'TextMLP': {'train_loss': [0.621031730304824, 0.5179627669705285], 'train_accuracy': [0.7759319444444445, 0.8132027777777778], 'train_f1': [0.7750713313720937, 0.8121299360380863], 'train_mae': [0.35081527777777777, 0.2958625], 'val_loss': [0.6335925343789552, 0.5371236722406588], 'val_accuracy': [0.7678728070175439, 0.8031359649122808], 'val_f1': [0.7670561496832597, 0.8020332274814669], 'val_mae': [0.3599780701754386, 0.30953947368421053], 'jsd': [(0, 0, 0, 0, 0, 0), (0, 0, 0, 0, 0, 0)]}}
AdaptationManager: Configuring next round...
{'client_registry': {'enabled': True, 'params': {}}, 'client_selector': {'enabled': False, 'params': {}}, 'client_cluster': {'enabled': False, 'params': {}}, 'message_compressor': {'enabled': True, 'params': {}}, 'model_co-versioning_registry': {'enabled': False, 'params': {}}, 'multi-task_model_trainer': {'enabled': False, 'params': {}}, 'heterogeneous_data_handler': {'enabled': False, 'params': {}}}
{'client_selector': {'enabled': False}, 'client_cluster': {'enabled': False}, 'message_compressor': {'enabled': False}, 'model_co-versioning_registry': {'enabled': False}, 'multi-task_model_trainer': {'enabled': False}, 'heterogeneous_data_handler': {'enabled': False}, 'client_registry': {'enabled': True, 'params': {}}}
message_compressor de-activated ❌
Results Aggregated in 10.55 seconds.
{'TextMLP': {'train_loss': [0.621031730304824, 0.5179627669705285, 0.4822017016119427], 'train_accuracy': [0.7759319444444445, 0.8132027777777778, 0.8268180555555555], 'train_f1': [0.7750713313720937, 0.8121299360380863, 0.8263117044251906], 'train_mae': [0.35081527777777777, 0.2958625, 0.2729138888888889], 'val_loss': [0.6335925343789552, 0.5371236722406588, 0.502101219871588], 'val_accuracy': [0.7678728070175439, 0.8031359649122808, 0.8170175438596492], 'val_f1': [0.7670561496832597, 0.8020332274814669, 0.8165385416399222], 'val_mae': [0.3599780701754386, 0.30953947368421053, 0.28598684210526315], 'jsd': [(0, 0, 0, 0, 0, 0), (0, 0, 0, 0, 0, 0), (0, 0, 0, 0, 0, 0)]}}
AdaptationManager: Configuring next round...
{'client_registry': {'enabled': True, 'params': {}}, 'client_selector': {'enabled': False, 'params': {}}, 'client_cluster': {'enabled': False, 'params': {}}, 'message_compressor': {'enabled': True, 'params': {}}, 'model_co-versioning_registry': {'enabled': False, 'params': {}}, 'multi-task_model_trainer': {'enabled': False, 'params': {}}, 'heterogeneous_data_handler': {'enabled': False, 'params': {}}}
{'client_selector': {'enabled': False}, 'client_cluster': {'enabled': False}, 'message_compressor': {'enabled': False}, 'model_co-versioning_registry': {'enabled': False}, 'multi-task_model_trainer': {'enabled': False}, 'heterogeneous_data_handler': {'enabled': False}, 'client_registry': {'enabled': True, 'params': {}}}
message_compressor de-activated ❌
Results Aggregated in 11.12 seconds.
{'TextMLP': {'train_loss': [0.621031730304824, 0.5179627669705285, 0.4822017016119427, 0.46709520628849666], 'train_accuracy': [0.7759319444444445, 0.8132027777777778, 0.8268180555555555, 0.8321041666666666], 'train_f1': [0.7750713313720937, 0.8121299360380863, 0.8263117044251906, 0.8319731506812904], 'train_mae': [0.35081527777777777, 0.2958625, 0.2729138888888889, 0.26613888888888887], 'val_loss': [0.6335925343789552, 0.5371236722406588, 0.502101219871588, 0.4877261858341987], 'val_accuracy': [0.7678728070175439, 0.8031359649122808, 0.8170175438596492, 0.8211622807017543], 'val_f1': [0.7670561496832597, 0.8020332274814669, 0.8165385416399222, 0.8210536444332711], 'val_mae': [0.3599780701754386, 0.30953947368421053, 0.28598684210526315, 0.28094298245614036], 'jsd': [(0, 0, 0, 0, 0, 0), (0, 0, 0, 0, 0, 0), (0, 0, 0, 0, 0, 0), (0, 0, 0, 0, 0, 0)]}}
AdaptationManager: Configuring next round...
{'client_registry': {'enabled': True, 'params': {}}, 'client_selector': {'enabled': False, 'params': {}}, 'client_cluster': {'enabled': False, 'params': {}}, 'message_compressor': {'enabled': True, 'params': {}}, 'model_co-versioning_registry': {'enabled': False, 'params': {}}, 'multi-task_model_trainer': {'enabled': False, 'params': {}}, 'heterogeneous_data_handler': {'enabled': False, 'params': {}}}
{'client_selector': {'enabled': False}, 'client_cluster': {'enabled': False}, 'message_compressor': {'enabled': False}, 'model_co-versioning_registry': {'enabled': False}, 'multi-task_model_trainer': {'enabled': False}, 'heterogeneous_data_handler': {'enabled': False}, 'client_registry': {'enabled': True, 'params': {}}}
message_compressor activated ✅
Local parameters compressed: reduced 5152 bytes (6.98%)
Local parameters compressed: reduced 5169 bytes (7.01%)
Local parameters compressed: reduced 5163 bytes (7.00%)
Local parameters compressed: reduced 5169 bytes (7.01%)
Local parameters compressed: reduced 5147 bytes (6.98%)
Local parameters compressed: reduced 5185 bytes (7.03%)
Results Aggregated in 10.46 seconds.
{'TextMLP': {'train_loss': [0.621031730304824, 0.5179627669705285, 0.4822017016119427, 0.46709520628849666, 0.46217375048134063], 'train_accuracy': [0.7759319444444445, 0.8132027777777778, 0.8268180555555555, 0.8321041666666666, 0.8322402777777778], 'train_f1': [0.7750713313720937, 0.8121299360380863, 0.8263117044251906, 0.8319731506812904, 0.8312954490805856], 'train_mae': [0.35081527777777777, 0.2958625, 0.2729138888888889, 0.26613888888888887, 0.2695125], 'val_loss': [0.6335925343789552, 0.5371236722406588, 0.502101219871588, 0.4877261858341987, 0.4844336120078438], 'val_accuracy': [0.7678728070175439, 0.8031359649122808, 0.8170175438596492, 0.8211622807017543, 0.8216008771929825], 'val_f1': [0.7670561496832597, 0.8020332274814669, 0.8165385416399222, 0.8210536444332711, 0.8205603712800977], 'val_mae': [0.3599780701754386, 0.30953947368421053, 0.28598684210526315, 0.28094298245614036, 0.28412280701754383], 'jsd': [(0, 0, 0, 0, 0, 0), (0, 0, 0, 0, 0, 0), (0, 0, 0, 0, 0, 0), (0, 0, 0, 0, 0, 0), (0, 0, 0, 0, 0, 0)]}}
AdaptationManager: Configuring next round...
{'client_registry': {'enabled': True, 'params': {}}, 'client_selector': {'enabled': False, 'params': {}}, 'client_cluster': {'enabled': False, 'params': {}}, 'message_compressor': {'enabled': True, 'params': {}}, 'model_co-versioning_registry': {'enabled': False, 'params': {}}, 'multi-task_model_trainer': {'enabled': False, 'params': {}}, 'heterogeneous_data_handler': {'enabled': False, 'params': {}}}
{'client_selector': {'enabled': False}, 'client_cluster': {'enabled': False}, 'message_compressor': {'enabled': True, 'params': {'enabled_clients': ['Client 27']}}, 'model_co-versioning_registry': {'enabled': False}, 'multi-task_model_trainer': {'enabled': False}, 'heterogeneous_data_handler': {'enabled': False}, 'client_registry': {'enabled': True, 'params': {}}}
message_compressor activated ✅
Local parameters compressed: reduced 5163 bytes (7.00%)
Local parameters compressed: reduced 5141 bytes (6.97%)
Local parameters compressed: reduced 5193 bytes (7.04%)
Local parameters compressed: reduced 5197 bytes (7.04%)
Local parameters compressed: reduced 5194 bytes (7.04%)
Local parameters compressed: reduced 5163 bytes (7.00%)
Results Aggregated in 9.89 seconds.
{'TextMLP': {'train_loss': [0.621031730304824, 0.5179627669705285, 0.4822017016119427, 0.46709520628849666, 0.46217375048134063, 0.4489184251666069], 'train_accuracy': [0.7759319444444445, 0.8132027777777778, 0.8268180555555555, 0.8321041666666666, 0.8322402777777778, 0.8373319444444445], 'train_f1': [0.7750713313720937, 0.8121299360380863, 0.8263117044251906, 0.8319731506812904, 0.8312954490805856, 0.8369119748355509], 'train_mae': [0.35081527777777777, 0.2958625, 0.2729138888888889, 0.26613888888888887, 0.2695125, 0.25995833333333335], 'val_loss': [0.6335925343789552, 0.5371236722406588, 0.502101219871588, 0.4877261858341987, 0.4844336120078438, 0.4702004071808698], 'val_accuracy': [0.7678728070175439, 0.8031359649122808, 0.8170175438596492, 0.8211622807017543, 0.8216008771929825, 0.827609649122807], 'val_f1': [0.7670561496832597, 0.8020332274814669, 0.8165385416399222, 0.8210536444332711, 0.8205603712800977, 0.8271118467925731], 'val_mae': [0.3599780701754386, 0.30953947368421053, 0.28598684210526315, 0.28094298245614036, 0.28412280701754383, 0.27368421052631575], 'jsd': [(0, 0, 0, 0, 0, 0), (0, 0, 0, 0, 0, 0), (0, 0, 0, 0, 0, 0), (0, 0, 0, 0, 0, 0), (0, 0, 0, 0, 0, 0), (0, 0, 0, 0, 0, 0)]}}
AdaptationManager: Configuring next round...
{'client_registry': {'enabled': True, 'params': {}}, 'client_selector': {'enabled': False, 'params': {}}, 'client_cluster': {'enabled': False, 'params': {}}, 'message_compressor': {'enabled': True, 'params': {}}, 'model_co-versioning_registry': {'enabled': False, 'params': {}}, 'multi-task_model_trainer': {'enabled': False, 'params': {}}, 'heterogeneous_data_handler': {'enabled': False, 'params': {}}}
{'client_selector': {'enabled': False}, 'client_cluster': {'enabled': False}, 'message_compressor': {'enabled': True, 'params': {'enabled_clients': ['Client 24', 'Client 27']}}, 'model_co-versioning_registry': {'enabled': False}, 'multi-task_model_trainer': {'enabled': False}, 'heterogeneous_data_handler': {'enabled': False}, 'client_registry': {'enabled': True, 'params': {}}}
message_compressor activated ✅
Local parameters compressed: reduced 5184 bytes (7.03%)
Local parameters compressed: reduced 5161 bytes (6.99%)
Local parameters compressed: reduced 5170 bytes (7.01%)
Local parameters compressed: reduced 5173 bytes (7.01%)
Local parameters compressed: reduced 5155 bytes (6.99%)
Local parameters compressed: reduced 5168 bytes (7.00%)
Results Aggregated in 9.75 seconds.
{'TextMLP': {'train_loss': [0.621031730304824, 0.5179627669705285, 0.4822017016119427, 0.46709520628849666, 0.46217375048134063, 0.4489184251666069, 0.44699284967713887], 'train_accuracy': [0.7759319444444445, 0.8132027777777778, 0.8268180555555555, 0.8321041666666666, 0.8322402777777778, 0.8373319444444445, 0.8370402777777778], 'train_f1': [0.7750713313720937, 0.8121299360380863, 0.8263117044251906, 0.8319731506812904, 0.8312954490805856, 0.8369119748355509, 0.8363905115535483], 'train_mae': [0.35081527777777777, 0.2958625, 0.2729138888888889, 0.26613888888888887, 0.2695125, 0.25995833333333335, 0.2587902777777778], 'val_loss': [0.6335925343789552, 0.5371236722406588, 0.502101219871588, 0.4877261858341987, 0.4844336120078438, 0.4702004071808698, 0.4676135533106955], 'val_accuracy': [0.7678728070175439, 0.8031359649122808, 0.8170175438596492, 0.8211622807017543, 0.8216008771929825, 0.827609649122807, 0.827171052631579], 'val_f1': [0.7670561496832597, 0.8020332274814669, 0.8165385416399222, 0.8210536444332711, 0.8205603712800977, 0.8271118467925731, 0.8264783740960456], 'val_mae': [0.3599780701754386, 0.30953947368421053, 0.28598684210526315, 0.28094298245614036, 0.28412280701754383, 0.27368421052631575, 0.272390350877193], 'jsd': [(0, 0, 0, 0, 0, 0), (0, 0, 0, 0, 0, 0), (0, 0, 0, 0, 0, 0), (0, 0, 0, 0, 0, 0), (0, 0, 0, 0, 0, 0), (0, 0, 0, 0, 0, 0), (0, 0, 0, 0, 0, 0)]}}
AdaptationManager: Configuring next round...
{'client_registry': {'enabled': True, 'params': {}}, 'client_selector': {'enabled': False, 'params': {}}, 'client_cluster': {'enabled': False, 'params': {}}, 'message_compressor': {'enabled': True, 'params': {}}, 'model_co-versioning_registry': {'enabled': False, 'params': {}}, 'multi-task_model_trainer': {'enabled': False, 'params': {}}, 'heterogeneous_data_handler': {'enabled': False, 'params': {}}}
{'client_selector': {'enabled': False}, 'client_cluster': {'enabled': False}, 'message_compressor': {'enabled': True, 'params': {'enabled_clients': ['Client 26']}}, 'model_co-versioning_registry': {'enabled': False}, 'multi-task_model_trainer': {'enabled': False}, 'heterogeneous_data_handler': {'enabled': False}, 'client_registry': {'enabled': True, 'params': {}}}
message_compressor de-activated ❌
Results Aggregated in 12.28 seconds.
{'TextMLP': {'train_loss': [0.621031730304824, 0.5179627669705285, 0.4822017016119427, 0.46709520628849666, 0.46217375048134063, 0.4489184251666069, 0.44699284967713887, 0.4403093334158262], 'train_accuracy': [0.7759319444444445, 0.8132027777777778, 0.8268180555555555, 0.8321041666666666, 0.8322402777777778, 0.8373319444444445, 0.8370402777777778, 0.8392152777777778], 'train_f1': [0.7750713313720937, 0.8121299360380863, 0.8263117044251906, 0.8319731506812904, 0.8312954490805856, 0.8369119748355509, 0.8363905115535483, 0.8387706882932092], 'train_mae': [0.35081527777777777, 0.2958625, 0.2729138888888889, 0.26613888888888887, 0.2695125, 0.25995833333333335, 0.2587902777777778, 0.2581013888888889], 'val_loss': [0.6335925343789552, 0.5371236722406588, 0.502101219871588, 0.4877261858341987, 0.4844336120078438, 0.4702004071808698, 0.4676135533106955, 0.4612763567870123], 'val_accuracy': [0.7678728070175439, 0.8031359649122808, 0.8170175438596492, 0.8211622807017543, 0.8216008771929825, 0.827609649122807, 0.827171052631579, 0.8300438596491229], 'val_f1': [0.7670561496832597, 0.8020332274814669, 0.8165385416399222, 0.8210536444332711, 0.8205603712800977, 0.8271118467925731, 0.8264783740960456, 0.8295672673517486], 'val_mae': [0.3599780701754386, 0.30953947368421053, 0.28598684210526315, 0.28094298245614036, 0.28412280701754383, 0.27368421052631575, 0.272390350877193, 0.2712719298245614], 'jsd': [(0, 0, 0, 0, 0, 0), (0, 0, 0, 0, 0, 0), (0, 0, 0, 0, 0, 0), (0, 0, 0, 0, 0, 0), (0, 0, 0, 0, 0, 0), (0, 0, 0, 0, 0, 0), (0, 0, 0, 0, 0, 0), (0, 0, 0, 0, 0, 0)]}}
AdaptationManager: Configuring next round...
{'client_registry': {'enabled': True, 'params': {}}, 'client_selector': {'enabled': False, 'params': {}}, 'client_cluster': {'enabled': False, 'params': {}}, 'message_compressor': {'enabled': True, 'params': {}}, 'model_co-versioning_registry': {'enabled': False, 'params': {}}, 'multi-task_model_trainer': {'enabled': False, 'params': {}}, 'heterogeneous_data_handler': {'enabled': False, 'params': {}}}
{'client_selector': {'enabled': False}, 'client_cluster': {'enabled': False}, 'message_compressor': {'enabled': False, 'params': {'enabled_clients': ['Client 26']}}, 'model_co-versioning_registry': {'enabled': False}, 'multi-task_model_trainer': {'enabled': False}, 'heterogeneous_data_handler': {'enabled': False}, 'client_registry': {'enabled': True, 'params': {}}}
message_compressor de-activated ❌
Results Aggregated in 13.49 seconds.
{'TextMLP': {'train_loss': [0.621031730304824, 0.5179627669705285, 0.4822017016119427, 0.46709520628849666, 0.46217375048134063, 0.4489184251666069, 0.44699284967713887, 0.4403093334158262, 0.44018357719050516], 'train_accuracy': [0.7759319444444445, 0.8132027777777778, 0.8268180555555555, 0.8321041666666666, 0.8322402777777778, 0.8373319444444445, 0.8370402777777778, 0.8392152777777778, 0.8388375], 'train_f1': [0.7750713313720937, 0.8121299360380863, 0.8263117044251906, 0.8319731506812904, 0.8312954490805856, 0.8369119748355509, 0.8363905115535483, 0.8387706882932092, 0.838089153114292], 'train_mae': [0.35081527777777777, 0.2958625, 0.2729138888888889, 0.26613888888888887, 0.2695125, 0.25995833333333335, 0.2587902777777778, 0.2581013888888889, 0.25708333333333333], 'val_loss': [0.6335925343789552, 0.5371236722406588, 0.502101219871588, 0.4877261858341987, 0.4844336120078438, 0.4702004071808698, 0.4676135533106955, 0.4612763567870123, 0.46059080639429256], 'val_accuracy': [0.7678728070175439, 0.8031359649122808, 0.8170175438596492, 0.8211622807017543, 0.8216008771929825, 0.827609649122807, 0.827171052631579, 0.8300438596491229, 0.8292543859649123], 'val_f1': [0.7670561496832597, 0.8020332274814669, 0.8165385416399222, 0.8210536444332711, 0.8205603712800977, 0.8271118467925731, 0.8264783740960456, 0.8295672673517486, 0.8283953859483038], 'val_mae': [0.3599780701754386, 0.30953947368421053, 0.28598684210526315, 0.28094298245614036, 0.28412280701754383, 0.27368421052631575, 0.272390350877193, 0.2712719298245614, 0.27032894736842106], 'jsd': [(0, 0, 0, 0, 0, 0), (0, 0, 0, 0, 0, 0), (0, 0, 0, 0, 0, 0), (0, 0, 0, 0, 0, 0), (0, 0, 0, 0, 0, 0), (0, 0, 0, 0, 0, 0), (0, 0, 0, 0, 0, 0), (0, 0, 0, 0, 0, 0), (0, 0, 0, 0, 0, 0)]}}
AdaptationManager: Configuring next round...
{'client_registry': {'enabled': True, 'params': {}}, 'client_selector': {'enabled': False, 'params': {}}, 'client_cluster': {'enabled': False, 'params': {}}, 'message_compressor': {'enabled': True, 'params': {}}, 'model_co-versioning_registry': {'enabled': False, 'params': {}}, 'multi-task_model_trainer': {'enabled': False, 'params': {}}, 'heterogeneous_data_handler': {'enabled': False, 'params': {}}}
{'client_selector': {'enabled': False}, 'client_cluster': {'enabled': False}, 'message_compressor': {'enabled': False, 'params': {'enabled_clients': ['Client 26']}}, 'model_co-versioning_registry': {'enabled': False}, 'multi-task_model_trainer': {'enabled': False}, 'heterogeneous_data_handler': {'enabled': False}, 'client_registry': {'enabled': True, 'params': {}}}
message_compressor activated ✅
Local parameters compressed: reduced 5161 bytes (6.99%)
Local parameters compressed: reduced 5113 bytes (6.93%)
Local parameters compressed: reduced 5150 bytes (6.98%)
Local parameters compressed: reduced 5173 bytes (7.01%)
Local parameters compressed: reduced 5153 bytes (6.98%)
Local parameters compressed: reduced 5139 bytes (6.96%)
Results Aggregated in 11.73 seconds.
{'TextMLP': {'train_loss': [0.621031730304824, 0.5179627669705285, 0.4822017016119427, 0.46709520628849666, 0.46217375048134063, 0.4489184251666069, 0.44699284967713887, 0.4403093334158262, 0.44018357719050516, 0.43548429729011323], 'train_accuracy': [0.7759319444444445, 0.8132027777777778, 0.8268180555555555, 0.8321041666666666, 0.8322402777777778, 0.8373319444444445, 0.8370402777777778, 0.8392152777777778, 0.8388375, 0.8408305555555555], 'train_f1': [0.7750713313720937, 0.8121299360380863, 0.8263117044251906, 0.8319731506812904, 0.8312954490805856, 0.8369119748355509, 0.8363905115535483, 0.8387706882932092, 0.838089153114292, 0.8402033692465257], 'train_mae': [0.35081527777777777, 0.2958625, 0.2729138888888889, 0.26613888888888887, 0.2695125, 0.25995833333333335, 0.2587902777777778, 0.2581013888888889, 0.25708333333333333, 0.24950416666666667], 'val_loss': [0.6335925343789552, 0.5371236722406588, 0.502101219871588, 0.4877261858341987, 0.4844336120078438, 0.4702004071808698, 0.4676135533106955, 0.4612763567870123, 0.46059080639429256, 0.45449043774813935], 'val_accuracy': [0.7678728070175439, 0.8031359649122808, 0.8170175438596492, 0.8211622807017543, 0.8216008771929825, 0.827609649122807, 0.827171052631579, 0.8300438596491229, 0.8292543859649123, 0.831688596491228], 'val_f1': [0.7670561496832597, 0.8020332274814669, 0.8165385416399222, 0.8210536444332711, 0.8205603712800977, 0.8271118467925731, 0.8264783740960456, 0.8295672673517486, 0.8283953859483038, 0.8309467269616303], 'val_mae': [0.3599780701754386, 0.30953947368421053, 0.28598684210526315, 0.28094298245614036, 0.28412280701754383, 0.27368421052631575, 0.272390350877193, 0.2712719298245614, 0.27032894736842106, 0.2629385964912281], 'jsd': [(0, 0, 0, 0, 0, 0), (0, 0, 0, 0, 0, 0), (0, 0, 0, 0, 0, 0), (0, 0, 0, 0, 0, 0), (0, 0, 0, 0, 0, 0), (0, 0, 0, 0, 0, 0), (0, 0, 0, 0, 0, 0), (0, 0, 0, 0, 0, 0), (0, 0, 0, 0, 0, 0), (0, 0, 0, 0, 0, 0)]}}
AdaptationManager: Configuring next round...
{'client_registry': {'enabled': True, 'params': {}}, 'client_selector': {'enabled': False, 'params': {}}, 'client_cluster': {'enabled': False, 'params': {}}, 'message_compressor': {'enabled': True, 'params': {}}, 'model_co-versioning_registry': {'enabled': False, 'params': {}}, 'multi-task_model_trainer': {'enabled': False, 'params': {}}, 'heterogeneous_data_handler': {'enabled': False, 'params': {}}}
{'client_selector': {'enabled': False}, 'client_cluster': {'enabled': False}, 'message_compressor': {'enabled': True, 'params': {'enabled_clients': ['Client 26', 'Client 27', 'Client 28']}}, 'model_co-versioning_registry': {'enabled': False}, 'multi-task_model_trainer': {'enabled': False}, 'heterogeneous_data_handler': {'enabled': False}, 'client_registry': {'enabled': True, 'params': {}}}
message_compressor activated ✅
Local parameters compressed: reduced 5149 bytes (6.98%)
Local parameters compressed: reduced 5118 bytes (6.94%)
Local parameters compressed: reduced 5166 bytes (7.00%)
Local parameters compressed: reduced 5146 bytes (6.97%)
Local parameters compressed: reduced 5134 bytes (6.96%)
Local parameters compressed: reduced 5165 bytes (7.00%)
Results Aggregated in 11.36 seconds.
{'TextMLP': {'train_loss': [0.621031730304824, 0.5179627669705285, 0.4822017016119427, 0.46709520628849666, 0.46217375048134063, 0.4489184251666069, 0.44699284967713887, 0.4403093334158262, 0.44018357719050516, 0.43548429729011323, 0.4370382771518495], 'train_accuracy': [0.7759319444444445, 0.8132027777777778, 0.8268180555555555, 0.8321041666666666, 0.8322402777777778, 0.8373319444444445, 0.8370402777777778, 0.8392152777777778, 0.8388375, 0.8408305555555555, 0.8393986111111111], 'train_f1': [0.7750713313720937, 0.8121299360380863, 0.8263117044251906, 0.8319731506812904, 0.8312954490805856, 0.8369119748355509, 0.8363905115535483, 0.8387706882932092, 0.838089153114292, 0.8402033692465257, 0.8392646892608812], 'train_mae': [0.35081527777777777, 0.2958625, 0.2729138888888889, 0.26613888888888887, 0.2695125, 0.25995833333333335, 0.2587902777777778, 0.2581013888888889, 0.25708333333333333, 0.24950416666666667, 0.2518375], 'val_loss': [0.6335925343789552, 0.5371236722406588, 0.502101219871588, 0.4877261858341987, 0.4844336120078438, 0.4702004071808698, 0.4676135533106955, 0.4612763567870123, 0.46059080639429256, 0.45449043774813935, 0.45626668727188785], 'val_accuracy': [0.7678728070175439, 0.8031359649122808, 0.8170175438596492, 0.8211622807017543, 0.8216008771929825, 0.827609649122807, 0.827171052631579, 0.8300438596491229, 0.8292543859649123, 0.831688596491228, 0.8315789473684211], 'val_f1': [0.7670561496832597, 0.8020332274814669, 0.8165385416399222, 0.8210536444332711, 0.8205603712800977, 0.8271118467925731, 0.8264783740960456, 0.8295672673517486, 0.8283953859483038, 0.8309467269616303, 0.8313497498517808], 'val_mae': [0.3599780701754386, 0.30953947368421053, 0.28598684210526315, 0.28094298245614036, 0.28412280701754383, 0.27368421052631575, 0.272390350877193, 0.2712719298245614, 0.27032894736842106, 0.2629385964912281, 0.2626973684210526], 'jsd': [(0, 0, 0, 0, 0, 0), (0, 0, 0, 0, 0, 0), (0, 0, 0, 0, 0, 0), (0, 0, 0, 0, 0, 0), (0, 0, 0, 0, 0, 0), (0, 0, 0, 0, 0, 0), (0, 0, 0, 0, 0, 0), (0, 0, 0, 0, 0, 0), (0, 0, 0, 0, 0, 0), (0, 0, 0, 0, 0, 0), (0, 0, 0, 0, 0, 0)]}}
AdaptationManager: Configuring next round...
{'client_registry': {'enabled': True, 'params': {}}, 'client_selector': {'enabled': False, 'params': {}}, 'client_cluster': {'enabled': False, 'params': {}}, 'message_compressor': {'enabled': True, 'params': {}}, 'model_co-versioning_registry': {'enabled': False, 'params': {}}, 'multi-task_model_trainer': {'enabled': False, 'params': {}}, 'heterogeneous_data_handler': {'enabled': False, 'params': {}}}
{'client_selector': {'enabled': False}, 'client_cluster': {'enabled': False}, 'message_compressor': {'enabled': True, 'params': {'enabled_clients': ['Client 26', 'Client 27', 'Client 28']}}, 'model_co-versioning_registry': {'enabled': False}, 'multi-task_model_trainer': {'enabled': False}, 'heterogeneous_data_handler': {'enabled': False}, 'client_registry': {'enabled': True, 'params': {}}}
message_compressor de-activated ❌
Results Aggregated in 10.57 seconds.
{'TextMLP': {'train_loss': [0.621031730304824, 0.5179627669705285, 0.4822017016119427, 0.46709520628849666, 0.46217375048134063, 0.4489184251666069, 0.44699284967713887, 0.4403093334158262, 0.44018357719050516, 0.43548429729011323, 0.4370382771518495, 0.4331603741672304], 'train_accuracy': [0.7759319444444445, 0.8132027777777778, 0.8268180555555555, 0.8321041666666666, 0.8322402777777778, 0.8373319444444445, 0.8370402777777778, 0.8392152777777778, 0.8388375, 0.8408305555555555, 0.8393986111111111, 0.8410763888888889], 'train_f1': [0.7750713313720937, 0.8121299360380863, 0.8263117044251906, 0.8319731506812904, 0.8312954490805856, 0.8369119748355509, 0.8363905115535483, 0.8387706882932092, 0.838089153114292, 0.8402033692465257, 0.8392646892608812, 0.840636220602124], 'train_mae': [0.35081527777777777, 0.2958625, 0.2729138888888889, 0.26613888888888887, 0.2695125, 0.25995833333333335, 0.2587902777777778, 0.2581013888888889, 0.25708333333333333, 0.24950416666666667, 0.2518375, 0.25372361111111114], 'val_loss': [0.6335925343789552, 0.5371236722406588, 0.502101219871588, 0.4877261858341987, 0.4844336120078438, 0.4702004071808698, 0.4676135533106955, 0.4612763567870123, 0.46059080639429256, 0.45449043774813935, 0.45626668727188785, 0.4523123346295273], 'val_accuracy': [0.7678728070175439, 0.8031359649122808, 0.8170175438596492, 0.8211622807017543, 0.8216008771929825, 0.827609649122807, 0.827171052631579, 0.8300438596491229, 0.8292543859649123, 0.831688596491228, 0.8315789473684211, 0.8334868421052631], 'val_f1': [0.7670561496832597, 0.8020332274814669, 0.8165385416399222, 0.8210536444332711, 0.8205603712800977, 0.8271118467925731, 0.8264783740960456, 0.8295672673517486, 0.8283953859483038, 0.8309467269616303, 0.8313497498517808, 0.8329815413982972], 'val_mae': [0.3599780701754386, 0.30953947368421053, 0.28598684210526315, 0.28094298245614036, 0.28412280701754383, 0.27368421052631575, 0.272390350877193, 0.2712719298245614, 0.27032894736842106, 0.2629385964912281, 0.2626973684210526, 0.2641008771929824], 'jsd': [(0, 0, 0, 0, 0, 0), (0, 0, 0, 0, 0, 0), (0, 0, 0, 0, 0, 0), (0, 0, 0, 0, 0, 0), (0, 0, 0, 0, 0, 0), (0, 0, 0, 0, 0, 0), (0, 0, 0, 0, 0, 0), (0, 0, 0, 0, 0, 0), (0, 0, 0, 0, 0, 0), (0, 0, 0, 0, 0, 0), (0, 0, 0, 0, 0, 0), (0, 0, 0, 0, 0, 0)]}}
AdaptationManager: Configuring next round...
{'client_registry': {'enabled': True, 'params': {}}, 'client_selector': {'enabled': False, 'params': {}}, 'client_cluster': {'enabled': False, 'params': {}}, 'message_compressor': {'enabled': True, 'params': {}}, 'model_co-versioning_registry': {'enabled': False, 'params': {}}, 'multi-task_model_trainer': {'enabled': False, 'params': {}}, 'heterogeneous_data_handler': {'enabled': False, 'params': {}}}
{'client_selector': {'enabled': False}, 'client_cluster': {'enabled': False}, 'message_compressor': {'enabled': False, 'params': {'enabled_clients': ['Client 26', 'Client 27', 'Client 28']}}, 'model_co-versioning_registry': {'enabled': False}, 'multi-task_model_trainer': {'enabled': False}, 'heterogeneous_data_handler': {'enabled': False}, 'client_registry': {'enabled': True, 'params': {}}}
message_compressor de-activated ❌
Results Aggregated in 11.05 seconds.
{'TextMLP': {'train_loss': [0.621031730304824, 0.5179627669705285, 0.4822017016119427, 0.46709520628849666, 0.46217375048134063, 0.4489184251666069, 0.44699284967713887, 0.4403093334158262, 0.44018357719050516, 0.43548429729011323, 0.4370382771518495, 0.4331603741672304, 0.4374279060449865], 'train_accuracy': [0.7759319444444445, 0.8132027777777778, 0.8268180555555555, 0.8321041666666666, 0.8322402777777778, 0.8373319444444445, 0.8370402777777778, 0.8392152777777778, 0.8388375, 0.8408305555555555, 0.8393986111111111, 0.8410763888888889, 0.8392916666666667], 'train_f1': [0.7750713313720937, 0.8121299360380863, 0.8263117044251906, 0.8319731506812904, 0.8312954490805856, 0.8369119748355509, 0.8363905115535483, 0.8387706882932092, 0.838089153114292, 0.8402033692465257, 0.8392646892608812, 0.840636220602124, 0.8392869986671198], 'train_mae': [0.35081527777777777, 0.2958625, 0.2729138888888889, 0.26613888888888887, 0.2695125, 0.25995833333333335, 0.2587902777777778, 0.2581013888888889, 0.25708333333333333, 0.24950416666666667, 0.2518375, 0.25372361111111114, 0.2572541666666667], 'val_loss': [0.6335925343789552, 0.5371236722406588, 0.502101219871588, 0.4877261858341987, 0.4844336120078438, 0.4702004071808698, 0.4676135533106955, 0.4612763567870123, 0.46059080639429256, 0.45449043774813935, 0.45626668727188785, 0.4523123346295273, 0.4570758133394676], 'val_accuracy': [0.7678728070175439, 0.8031359649122808, 0.8170175438596492, 0.8211622807017543, 0.8216008771929825, 0.827609649122807, 0.827171052631579, 0.8300438596491229, 0.8292543859649123, 0.831688596491228, 0.8315789473684211, 0.8334868421052631, 0.8317763157894736], 'val_f1': [0.7670561496832597, 0.8020332274814669, 0.8165385416399222, 0.8210536444332711, 0.8205603712800977, 0.8271118467925731, 0.8264783740960456, 0.8295672673517486, 0.8283953859483038, 0.8309467269616303, 0.8313497498517808, 0.8329815413982972, 0.8317094930604472], 'val_mae': [0.3599780701754386, 0.30953947368421053, 0.28598684210526315, 0.28094298245614036, 0.28412280701754383, 0.27368421052631575, 0.272390350877193, 0.2712719298245614, 0.27032894736842106, 0.2629385964912281, 0.2626973684210526, 0.2641008771929824, 0.2675], 'jsd': [(0, 0, 0, 0, 0, 0), (0, 0, 0, 0, 0, 0), (0, 0, 0, 0, 0, 0), (0, 0, 0, 0, 0, 0), (0, 0, 0, 0, 0, 0), (0, 0, 0, 0, 0, 0), (0, 0, 0, 0, 0, 0), (0, 0, 0, 0, 0, 0), (0, 0, 0, 0, 0, 0), (0, 0, 0, 0, 0, 0), (0, 0, 0, 0, 0, 0), (0, 0, 0, 0, 0, 0), (0, 0, 0, 0, 0, 0)]}}
AdaptationManager: Configuring next round...
{'client_registry': {'enabled': True, 'params': {}}, 'client_selector': {'enabled': False, 'params': {}}, 'client_cluster': {'enabled': False, 'params': {}}, 'message_compressor': {'enabled': True, 'params': {}}, 'model_co-versioning_registry': {'enabled': False, 'params': {}}, 'multi-task_model_trainer': {'enabled': False, 'params': {}}, 'heterogeneous_data_handler': {'enabled': False, 'params': {}}}
{'client_selector': {'enabled': False}, 'client_cluster': {'enabled': False}, 'message_compressor': {'enabled': False, 'params': {'enabled_clients': ['Client 26', 'Client 27', 'Client 28']}}, 'model_co-versioning_registry': {'enabled': False}, 'multi-task_model_trainer': {'enabled': False}, 'heterogeneous_data_handler': {'enabled': False}, 'client_registry': {'enabled': True, 'params': {}}}
message_compressor activated ✅
Local parameters compressed: reduced 5112 bytes (6.93%)
Local parameters compressed: reduced 5134 bytes (6.96%)
Local parameters compressed: reduced 5105 bytes (6.92%)
Local parameters compressed: reduced 5132 bytes (6.96%)
Local parameters compressed: reduced 5124 bytes (6.94%)
Local parameters compressed: reduced 5065 bytes (6.86%)
Results Aggregated in 9.60 seconds.
{'TextMLP': {'train_loss': [0.621031730304824, 0.5179627669705285, 0.4822017016119427, 0.46709520628849666, 0.46217375048134063, 0.4489184251666069, 0.44699284967713887, 0.4403093334158262, 0.44018357719050516, 0.43548429729011323, 0.4370382771518495, 0.4331603741672304, 0.4374279060449865, 0.4314975172208415], 'train_accuracy': [0.7759319444444445, 0.8132027777777778, 0.8268180555555555, 0.8321041666666666, 0.8322402777777778, 0.8373319444444445, 0.8370402777777778, 0.8392152777777778, 0.8388375, 0.8408305555555555, 0.8393986111111111, 0.8410763888888889, 0.8392916666666667, 0.8414805555555556], 'train_f1': [0.7750713313720937, 0.8121299360380863, 0.8263117044251906, 0.8319731506812904, 0.8312954490805856, 0.8369119748355509, 0.8363905115535483, 0.8387706882932092, 0.838089153114292, 0.8402033692465257, 0.8392646892608812, 0.840636220602124, 0.8392869986671198, 0.8409154220339842], 'train_mae': [0.35081527777777777, 0.2958625, 0.2729138888888889, 0.26613888888888887, 0.2695125, 0.25995833333333335, 0.2587902777777778, 0.2581013888888889, 0.25708333333333333, 0.24950416666666667, 0.2518375, 0.25372361111111114, 0.2572541666666667, 0.25249166666666667], 'val_loss': [0.6335925343789552, 0.5371236722406588, 0.502101219871588, 0.4877261858341987, 0.4844336120078438, 0.4702004071808698, 0.4676135533106955, 0.4612763567870123, 0.46059080639429256, 0.45449043774813935, 0.45626668727188785, 0.4523123346295273, 0.4570758133394676, 0.45155805163216167], 'val_accuracy': [0.7678728070175439, 0.8031359649122808, 0.8170175438596492, 0.8211622807017543, 0.8216008771929825, 0.827609649122807, 0.827171052631579, 0.8300438596491229, 0.8292543859649123, 0.831688596491228, 0.8315789473684211, 0.8334868421052631, 0.8317763157894736, 0.8346710526315789], 'val_f1': [0.7670561496832597, 0.8020332274814669, 0.8165385416399222, 0.8210536444332711, 0.8205603712800977, 0.8271118467925731, 0.8264783740960456, 0.8295672673517486, 0.8283953859483038, 0.8309467269616303, 0.8313497498517808, 0.8329815413982972, 0.8317094930604472, 0.8340345958610265], 'val_mae': [0.3599780701754386, 0.30953947368421053, 0.28598684210526315, 0.28094298245614036, 0.28412280701754383, 0.27368421052631575, 0.272390350877193, 0.2712719298245614, 0.27032894736842106, 0.2629385964912281, 0.2626973684210526, 0.2641008771929824, 0.2675, 0.262390350877193], 'jsd': [(0, 0, 0, 0, 0, 0), (0, 0, 0, 0, 0, 0), (0, 0, 0, 0, 0, 0), (0, 0, 0, 0, 0, 0), (0, 0, 0, 0, 0, 0), (0, 0, 0, 0, 0, 0), (0, 0, 0, 0, 0, 0), (0, 0, 0, 0, 0, 0), (0, 0, 0, 0, 0, 0), (0, 0, 0, 0, 0, 0), (0, 0, 0, 0, 0, 0), (0, 0, 0, 0, 0, 0), (0, 0, 0, 0, 0, 0), (0, 0, 0, 0, 0, 0)]}}
AdaptationManager: Configuring next round...
{'client_registry': {'enabled': True, 'params': {}}, 'client_selector': {'enabled': False, 'params': {}}, 'client_cluster': {'enabled': False, 'params': {}}, 'message_compressor': {'enabled': True, 'params': {}}, 'model_co-versioning_registry': {'enabled': False, 'params': {}}, 'multi-task_model_trainer': {'enabled': False, 'params': {}}, 'heterogeneous_data_handler': {'enabled': False, 'params': {}}}
{'client_selector': {'enabled': False}, 'client_cluster': {'enabled': False}, 'message_compressor': {'enabled': True, 'params': {'enabled_clients': ['Client 23', 'Client 27']}}, 'model_co-versioning_registry': {'enabled': False}, 'multi-task_model_trainer': {'enabled': False}, 'heterogeneous_data_handler': {'enabled': False}, 'client_registry': {'enabled': True, 'params': {}}}
message_compressor de-activated ❌
Results Aggregated in 12.63 seconds.
{'TextMLP': {'train_loss': [0.621031730304824, 0.5179627669705285, 0.4822017016119427, 0.46709520628849666, 0.46217375048134063, 0.4489184251666069, 0.44699284967713887, 0.4403093334158262, 0.44018357719050516, 0.43548429729011323, 0.4370382771518495, 0.4331603741672304, 0.4374279060449865, 0.4314975172208415, 0.4396266675551732], 'train_accuracy': [0.7759319444444445, 0.8132027777777778, 0.8268180555555555, 0.8321041666666666, 0.8322402777777778, 0.8373319444444445, 0.8370402777777778, 0.8392152777777778, 0.8388375, 0.8408305555555555, 0.8393986111111111, 0.8410763888888889, 0.8392916666666667, 0.8414805555555556, 0.8376569444444445], 'train_f1': [0.7750713313720937, 0.8121299360380863, 0.8263117044251906, 0.8319731506812904, 0.8312954490805856, 0.8369119748355509, 0.8363905115535483, 0.8387706882932092, 0.838089153114292, 0.8402033692465257, 0.8392646892608812, 0.840636220602124, 0.8392869986671198, 0.8409154220339842, 0.8370944242105521], 'train_mae': [0.35081527777777777, 0.2958625, 0.2729138888888889, 0.26613888888888887, 0.2695125, 0.25995833333333335, 0.2587902777777778, 0.2581013888888889, 0.25708333333333333, 0.24950416666666667, 0.2518375, 0.25372361111111114, 0.2572541666666667, 0.25249166666666667, 0.2548361111111111], 'val_loss': [0.6335925343789552, 0.5371236722406588, 0.502101219871588, 0.4877261858341987, 0.4844336120078438, 0.4702004071808698, 0.4676135533106955, 0.4612763567870123, 0.46059080639429256, 0.45449043774813935, 0.45626668727188785, 0.4523123346295273, 0.4570758133394676, 0.45155805163216167, 0.4588180492949067], 'val_accuracy': [0.7678728070175439, 0.8031359649122808, 0.8170175438596492, 0.8211622807017543, 0.8216008771929825, 0.827609649122807, 0.827171052631579, 0.8300438596491229, 0.8292543859649123, 0.831688596491228, 0.8315789473684211, 0.8334868421052631, 0.8317763157894736, 0.8346710526315789, 0.8312280701754385], 'val_f1': [0.7670561496832597, 0.8020332274814669, 0.8165385416399222, 0.8210536444332711, 0.8205603712800977, 0.8271118467925731, 0.8264783740960456, 0.8295672673517486, 0.8283953859483038, 0.8309467269616303, 0.8313497498517808, 0.8329815413982972, 0.8317094930604472, 0.8340345958610265, 0.8305734839585316], 'val_mae': [0.3599780701754386, 0.30953947368421053, 0.28598684210526315, 0.28094298245614036, 0.28412280701754383, 0.27368421052631575, 0.272390350877193, 0.2712719298245614, 0.27032894736842106, 0.2629385964912281, 0.2626973684210526, 0.2641008771929824, 0.2675, 0.262390350877193, 0.2644078947368421], 'jsd': [(0, 0, 0, 0, 0, 0), (0, 0, 0, 0, 0, 0), (0, 0, 0, 0, 0, 0), (0, 0, 0, 0, 0, 0), (0, 0, 0, 0, 0, 0), (0, 0, 0, 0, 0, 0), (0, 0, 0, 0, 0, 0), (0, 0, 0, 0, 0, 0), (0, 0, 0, 0, 0, 0), (0, 0, 0, 0, 0, 0), (0, 0, 0, 0, 0, 0), (0, 0, 0, 0, 0, 0), (0, 0, 0, 0, 0, 0), (0, 0, 0, 0, 0, 0), (0, 0, 0, 0, 0, 0)]}}
AdaptationManager: Configuring next round...
{'client_registry': {'enabled': True, 'params': {}}, 'client_selector': {'enabled': False, 'params': {}}, 'client_cluster': {'enabled': False, 'params': {}}, 'message_compressor': {'enabled': True, 'params': {}}, 'model_co-versioning_registry': {'enabled': False, 'params': {}}, 'multi-task_model_trainer': {'enabled': False, 'params': {}}, 'heterogeneous_data_handler': {'enabled': False, 'params': {}}}
{'client_selector': {'enabled': False}, 'client_cluster': {'enabled': False}, 'message_compressor': {'enabled': False, 'params': {'enabled_clients': ['Client 23', 'Client 27']}}, 'model_co-versioning_registry': {'enabled': False}, 'multi-task_model_trainer': {'enabled': False}, 'heterogeneous_data_handler': {'enabled': False}, 'client_registry': {'enabled': True, 'params': {}}}
message_compressor de-activated ❌
Results Aggregated in 10.84 seconds.
{'TextMLP': {'train_loss': [0.621031730304824, 0.5179627669705285, 0.4822017016119427, 0.46709520628849666, 0.46217375048134063, 0.4489184251666069, 0.44699284967713887, 0.4403093334158262, 0.44018357719050516, 0.43548429729011323, 0.4370382771518495, 0.4331603741672304, 0.4374279060449865, 0.4314975172208415, 0.4396266675551732, 0.430703358941608], 'train_accuracy': [0.7759319444444445, 0.8132027777777778, 0.8268180555555555, 0.8321041666666666, 0.8322402777777778, 0.8373319444444445, 0.8370402777777778, 0.8392152777777778, 0.8388375, 0.8408305555555555, 0.8393986111111111, 0.8410763888888889, 0.8392916666666667, 0.8414805555555556, 0.8376569444444445, 0.8416319444444444], 'train_f1': [0.7750713313720937, 0.8121299360380863, 0.8263117044251906, 0.8319731506812904, 0.8312954490805856, 0.8369119748355509, 0.8363905115535483, 0.8387706882932092, 0.838089153114292, 0.8402033692465257, 0.8392646892608812, 0.840636220602124, 0.8392869986671198, 0.8409154220339842, 0.8370944242105521, 0.8414185974840239], 'train_mae': [0.35081527777777777, 0.2958625, 0.2729138888888889, 0.26613888888888887, 0.2695125, 0.25995833333333335, 0.2587902777777778, 0.2581013888888889, 0.25708333333333333, 0.24950416666666667, 0.2518375, 0.25372361111111114, 0.2572541666666667, 0.25249166666666667, 0.2548361111111111, 0.2496972222222222], 'val_loss': [0.6335925343789552, 0.5371236722406588, 0.502101219871588, 0.4877261858341987, 0.4844336120078438, 0.4702004071808698, 0.4676135533106955, 0.4612763567870123, 0.46059080639429256, 0.45449043774813935, 0.45626668727188785, 0.4523123346295273, 0.4570758133394676, 0.45155805163216167, 0.4588180492949067, 0.45008295623879685], 'val_accuracy': [0.7678728070175439, 0.8031359649122808, 0.8170175438596492, 0.8211622807017543, 0.8216008771929825, 0.827609649122807, 0.827171052631579, 0.8300438596491229, 0.8292543859649123, 0.831688596491228, 0.8315789473684211, 0.8334868421052631, 0.8317763157894736, 0.8346710526315789, 0.8312280701754385, 0.8365570175438597], 'val_f1': [0.7670561496832597, 0.8020332274814669, 0.8165385416399222, 0.8210536444332711, 0.8205603712800977, 0.8271118467925731, 0.8264783740960456, 0.8295672673517486, 0.8283953859483038, 0.8309467269616303, 0.8313497498517808, 0.8329815413982972, 0.8317094930604472, 0.8340345958610265, 0.8305734839585316, 0.8362650052113817], 'val_mae': [0.3599780701754386, 0.30953947368421053, 0.28598684210526315, 0.28094298245614036, 0.28412280701754383, 0.27368421052631575, 0.272390350877193, 0.2712719298245614, 0.27032894736842106, 0.2629385964912281, 0.2626973684210526, 0.2641008771929824, 0.2675, 0.262390350877193, 0.2644078947368421, 0.25743421052631577], 'jsd': [(0, 0, 0, 0, 0, 0), (0, 0, 0, 0, 0, 0), (0, 0, 0, 0, 0, 0), (0, 0, 0, 0, 0, 0), (0, 0, 0, 0, 0, 0), (0, 0, 0, 0, 0, 0), (0, 0, 0, 0, 0, 0), (0, 0, 0, 0, 0, 0), (0, 0, 0, 0, 0, 0), (0, 0, 0, 0, 0, 0), (0, 0, 0, 0, 0, 0), (0, 0, 0, 0, 0, 0), (0, 0, 0, 0, 0, 0), (0, 0, 0, 0, 0, 0), (0, 0, 0, 0, 0, 0), (0, 0, 0, 0, 0, 0)]}}
AdaptationManager: Configuring next round...
{'client_registry': {'enabled': True, 'params': {}}, 'client_selector': {'enabled': False, 'params': {}}, 'client_cluster': {'enabled': False, 'params': {}}, 'message_compressor': {'enabled': True, 'params': {}}, 'model_co-versioning_registry': {'enabled': False, 'params': {}}, 'multi-task_model_trainer': {'enabled': False, 'params': {}}, 'heterogeneous_data_handler': {'enabled': False, 'params': {}}}
{'client_selector': {'enabled': False}, 'client_cluster': {'enabled': False}, 'message_compressor': {'enabled': False, 'params': {'enabled_clients': ['Client 23', 'Client 27']}}, 'model_co-versioning_registry': {'enabled': False}, 'multi-task_model_trainer': {'enabled': False}, 'heterogeneous_data_handler': {'enabled': False}, 'client_registry': {'enabled': True, 'params': {}}}
message_compressor de-activated ❌
Results Aggregated in 10.89 seconds.
{'TextMLP': {'train_loss': [0.621031730304824, 0.5179627669705285, 0.4822017016119427, 0.46709520628849666, 0.46217375048134063, 0.4489184251666069, 0.44699284967713887, 0.4403093334158262, 0.44018357719050516, 0.43548429729011323, 0.4370382771518495, 0.4331603741672304, 0.4374279060449865, 0.4314975172208415, 0.4396266675551732, 0.430703358941608, 0.42758452084726756], 'train_accuracy': [0.7759319444444445, 0.8132027777777778, 0.8268180555555555, 0.8321041666666666, 0.8322402777777778, 0.8373319444444445, 0.8370402777777778, 0.8392152777777778, 0.8388375, 0.8408305555555555, 0.8393986111111111, 0.8410763888888889, 0.8392916666666667, 0.8414805555555556, 0.8376569444444445, 0.8416319444444444, 0.8433527777777777], 'train_f1': [0.7750713313720937, 0.8121299360380863, 0.8263117044251906, 0.8319731506812904, 0.8312954490805856, 0.8369119748355509, 0.8363905115535483, 0.8387706882932092, 0.838089153114292, 0.8402033692465257, 0.8392646892608812, 0.840636220602124, 0.8392869986671198, 0.8409154220339842, 0.8370944242105521, 0.8414185974840239, 0.8430850809387428], 'train_mae': [0.35081527777777777, 0.2958625, 0.2729138888888889, 0.26613888888888887, 0.2695125, 0.25995833333333335, 0.2587902777777778, 0.2581013888888889, 0.25708333333333333, 0.24950416666666667, 0.2518375, 0.25372361111111114, 0.2572541666666667, 0.25249166666666667, 0.2548361111111111, 0.2496972222222222, 0.2476361111111111], 'val_loss': [0.6335925343789552, 0.5371236722406588, 0.502101219871588, 0.4877261858341987, 0.4844336120078438, 0.4702004071808698, 0.4676135533106955, 0.4612763567870123, 0.46059080639429256, 0.45449043774813935, 0.45626668727188785, 0.4523123346295273, 0.4570758133394676, 0.45155805163216167, 0.4588180492949067, 0.45008295623879685, 0.44721908825531337], 'val_accuracy': [0.7678728070175439, 0.8031359649122808, 0.8170175438596492, 0.8211622807017543, 0.8216008771929825, 0.827609649122807, 0.827171052631579, 0.8300438596491229, 0.8292543859649123, 0.831688596491228, 0.8315789473684211, 0.8334868421052631, 0.8317763157894736, 0.8346710526315789, 0.8312280701754385, 0.8365570175438597, 0.8364473684210526], 'val_f1': [0.7670561496832597, 0.8020332274814669, 0.8165385416399222, 0.8210536444332711, 0.8205603712800977, 0.8271118467925731, 0.8264783740960456, 0.8295672673517486, 0.8283953859483038, 0.8309467269616303, 0.8313497498517808, 0.8329815413982972, 0.8317094930604472, 0.8340345958610265, 0.8305734839585316, 0.8362650052113817, 0.8361199243079617], 'val_mae': [0.3599780701754386, 0.30953947368421053, 0.28598684210526315, 0.28094298245614036, 0.28412280701754383, 0.27368421052631575, 0.272390350877193, 0.2712719298245614, 0.27032894736842106, 0.2629385964912281, 0.2626973684210526, 0.2641008771929824, 0.2675, 0.262390350877193, 0.2644078947368421, 0.25743421052631577, 0.2579605263157895], 'jsd': [(0, 0, 0, 0, 0, 0), (0, 0, 0, 0, 0, 0), (0, 0, 0, 0, 0, 0), (0, 0, 0, 0, 0, 0), (0, 0, 0, 0, 0, 0), (0, 0, 0, 0, 0, 0), (0, 0, 0, 0, 0, 0), (0, 0, 0, 0, 0, 0), (0, 0, 0, 0, 0, 0), (0, 0, 0, 0, 0, 0), (0, 0, 0, 0, 0, 0), (0, 0, 0, 0, 0, 0), (0, 0, 0, 0, 0, 0), (0, 0, 0, 0, 0, 0), (0, 0, 0, 0, 0, 0), (0, 0, 0, 0, 0, 0), (0, 0, 0, 0, 0, 0)]}}
AdaptationManager: Configuring next round...
{'client_registry': {'enabled': True, 'params': {}}, 'client_selector': {'enabled': False, 'params': {}}, 'client_cluster': {'enabled': False, 'params': {}}, 'message_compressor': {'enabled': True, 'params': {}}, 'model_co-versioning_registry': {'enabled': False, 'params': {}}, 'multi-task_model_trainer': {'enabled': False, 'params': {}}, 'heterogeneous_data_handler': {'enabled': False, 'params': {}}}
{'client_selector': {'enabled': False}, 'client_cluster': {'enabled': False}, 'message_compressor': {'enabled': False, 'params': {'enabled_clients': ['Client 23', 'Client 27']}}, 'model_co-versioning_registry': {'enabled': False}, 'multi-task_model_trainer': {'enabled': False}, 'heterogeneous_data_handler': {'enabled': False}, 'client_registry': {'enabled': True, 'params': {}}}
message_compressor activated ✅
Local parameters compressed: reduced 5130 bytes (6.95%)
Local parameters compressed: reduced 5125 bytes (6.95%)
Local parameters compressed: reduced 5093 bytes (6.90%)
Local parameters compressed: reduced 5107 bytes (6.92%)
Local parameters compressed: reduced 5125 bytes (6.95%)
Local parameters compressed: reduced 5136 bytes (6.96%)
Results Aggregated in 9.54 seconds.
{'TextMLP': {'train_loss': [0.621031730304824, 0.5179627669705285, 0.4822017016119427, 0.46709520628849666, 0.46217375048134063, 0.4489184251666069, 0.44699284967713887, 0.4403093334158262, 0.44018357719050516, 0.43548429729011323, 0.4370382771518495, 0.4331603741672304, 0.4374279060449865, 0.4314975172208415, 0.4396266675551732, 0.430703358941608, 0.42758452084726756, 0.4256890576932165], 'train_accuracy': [0.7759319444444445, 0.8132027777777778, 0.8268180555555555, 0.8321041666666666, 0.8322402777777778, 0.8373319444444445, 0.8370402777777778, 0.8392152777777778, 0.8388375, 0.8408305555555555, 0.8393986111111111, 0.8410763888888889, 0.8392916666666667, 0.8414805555555556, 0.8376569444444445, 0.8416319444444444, 0.8433527777777777, 0.8439222222222222], 'train_f1': [0.7750713313720937, 0.8121299360380863, 0.8263117044251906, 0.8319731506812904, 0.8312954490805856, 0.8369119748355509, 0.8363905115535483, 0.8387706882932092, 0.838089153114292, 0.8402033692465257, 0.8392646892608812, 0.840636220602124, 0.8392869986671198, 0.8409154220339842, 0.8370944242105521, 0.8414185974840239, 0.8430850809387428, 0.8432929598053848], 'train_mae': [0.35081527777777777, 0.2958625, 0.2729138888888889, 0.26613888888888887, 0.2695125, 0.25995833333333335, 0.2587902777777778, 0.2581013888888889, 0.25708333333333333, 0.24950416666666667, 0.2518375, 0.25372361111111114, 0.2572541666666667, 0.25249166666666667, 0.2548361111111111, 0.2496972222222222, 0.2476361111111111, 0.24504722222222222], 'val_loss': [0.6335925343789552, 0.5371236722406588, 0.502101219871588, 0.4877261858341987, 0.4844336120078438, 0.4702004071808698, 0.4676135533106955, 0.4612763567870123, 0.46059080639429256, 0.45449043774813935, 0.45626668727188785, 0.4523123346295273, 0.4570758133394676, 0.45155805163216167, 0.4588180492949067, 0.45008295623879685, 0.44721908825531337, 0.44589325611005753], 'val_accuracy': [0.7678728070175439, 0.8031359649122808, 0.8170175438596492, 0.8211622807017543, 0.8216008771929825, 0.827609649122807, 0.827171052631579, 0.8300438596491229, 0.8292543859649123, 0.831688596491228, 0.8315789473684211, 0.8334868421052631, 0.8317763157894736, 0.8346710526315789, 0.8312280701754385, 0.8365570175438597, 0.8364473684210526, 0.8374780701754386], 'val_f1': [0.7670561496832597, 0.8020332274814669, 0.8165385416399222, 0.8210536444332711, 0.8205603712800977, 0.8271118467925731, 0.8264783740960456, 0.8295672673517486, 0.8283953859483038, 0.8309467269616303, 0.8313497498517808, 0.8329815413982972, 0.8317094930604472, 0.8340345958610265, 0.8305734839585316, 0.8362650052113817, 0.8361199243079617, 0.8368094661512301], 'val_mae': [0.3599780701754386, 0.30953947368421053, 0.28598684210526315, 0.28094298245614036, 0.28412280701754383, 0.27368421052631575, 0.272390350877193, 0.2712719298245614, 0.27032894736842106, 0.2629385964912281, 0.2626973684210526, 0.2641008771929824, 0.2675, 0.262390350877193, 0.2644078947368421, 0.25743421052631577, 0.2579605263157895, 0.2547368421052632], 'jsd': [(0, 0, 0, 0, 0, 0), (0, 0, 0, 0, 0, 0), (0, 0, 0, 0, 0, 0), (0, 0, 0, 0, 0, 0), (0, 0, 0, 0, 0, 0), (0, 0, 0, 0, 0, 0), (0, 0, 0, 0, 0, 0), (0, 0, 0, 0, 0, 0), (0, 0, 0, 0, 0, 0), (0, 0, 0, 0, 0, 0), (0, 0, 0, 0, 0, 0), (0, 0, 0, 0, 0, 0), (0, 0, 0, 0, 0, 0), (0, 0, 0, 0, 0, 0), (0, 0, 0, 0, 0, 0), (0, 0, 0, 0, 0, 0), (0, 0, 0, 0, 0, 0), (0, 0, 0, 0, 0, 0)]}}
AdaptationManager: Configuring next round...
{'client_registry': {'enabled': True, 'params': {}}, 'client_selector': {'enabled': False, 'params': {}}, 'client_cluster': {'enabled': False, 'params': {}}, 'message_compressor': {'enabled': True, 'params': {}}, 'model_co-versioning_registry': {'enabled': False, 'params': {}}, 'multi-task_model_trainer': {'enabled': False, 'params': {}}, 'heterogeneous_data_handler': {'enabled': False, 'params': {}}}
{'client_selector': {'enabled': False}, 'client_cluster': {'enabled': False}, 'message_compressor': {'enabled': True, 'params': {'enabled_clients': ['Client 24', 'Client 26']}}, 'model_co-versioning_registry': {'enabled': False}, 'multi-task_model_trainer': {'enabled': False}, 'heterogeneous_data_handler': {'enabled': False}, 'client_registry': {'enabled': True, 'params': {}}}
message_compressor de-activated ❌
Results Aggregated in 11.10 seconds.
{'TextMLP': {'train_loss': [0.621031730304824, 0.5179627669705285, 0.4822017016119427, 0.46709520628849666, 0.46217375048134063, 0.4489184251666069, 0.44699284967713887, 0.4403093334158262, 0.44018357719050516, 0.43548429729011323, 0.4370382771518495, 0.4331603741672304, 0.4374279060449865, 0.4314975172208415, 0.4396266675551732, 0.430703358941608, 0.42758452084726756, 0.4256890576932165, 0.4299754288819101], 'train_accuracy': [0.7759319444444445, 0.8132027777777778, 0.8268180555555555, 0.8321041666666666, 0.8322402777777778, 0.8373319444444445, 0.8370402777777778, 0.8392152777777778, 0.8388375, 0.8408305555555555, 0.8393986111111111, 0.8410763888888889, 0.8392916666666667, 0.8414805555555556, 0.8376569444444445, 0.8416319444444444, 0.8433527777777777, 0.8439222222222222, 0.841875], 'train_f1': [0.7750713313720937, 0.8121299360380863, 0.8263117044251906, 0.8319731506812904, 0.8312954490805856, 0.8369119748355509, 0.8363905115535483, 0.8387706882932092, 0.838089153114292, 0.8402033692465257, 0.8392646892608812, 0.840636220602124, 0.8392869986671198, 0.8409154220339842, 0.8370944242105521, 0.8414185974840239, 0.8430850809387428, 0.8432929598053848, 0.8413046313320617], 'train_mae': [0.35081527777777777, 0.2958625, 0.2729138888888889, 0.26613888888888887, 0.2695125, 0.25995833333333335, 0.2587902777777778, 0.2581013888888889, 0.25708333333333333, 0.24950416666666667, 0.2518375, 0.25372361111111114, 0.2572541666666667, 0.25249166666666667, 0.2548361111111111, 0.2496972222222222, 0.2476361111111111, 0.24504722222222222, 0.2516305555555556], 'val_loss': [0.6335925343789552, 0.5371236722406588, 0.502101219871588, 0.4877261858341987, 0.4844336120078438, 0.4702004071808698, 0.4676135533106955, 0.4612763567870123, 0.46059080639429256, 0.45449043774813935, 0.45626668727188785, 0.4523123346295273, 0.4570758133394676, 0.45155805163216167, 0.4588180492949067, 0.45008295623879685, 0.44721908825531337, 0.44589325611005753, 0.451284863258663], 'val_accuracy': [0.7678728070175439, 0.8031359649122808, 0.8170175438596492, 0.8211622807017543, 0.8216008771929825, 0.827609649122807, 0.827171052631579, 0.8300438596491229, 0.8292543859649123, 0.831688596491228, 0.8315789473684211, 0.8334868421052631, 0.8317763157894736, 0.8346710526315789, 0.8312280701754385, 0.8365570175438597, 0.8364473684210526, 0.8374780701754386, 0.835219298245614], 'val_f1': [0.7670561496832597, 0.8020332274814669, 0.8165385416399222, 0.8210536444332711, 0.8205603712800977, 0.8271118467925731, 0.8264783740960456, 0.8295672673517486, 0.8283953859483038, 0.8309467269616303, 0.8313497498517808, 0.8329815413982972, 0.8317094930604472, 0.8340345958610265, 0.8305734839585316, 0.8362650052113817, 0.8361199243079617, 0.8368094661512301, 0.8345911376440766], 'val_mae': [0.3599780701754386, 0.30953947368421053, 0.28598684210526315, 0.28094298245614036, 0.28412280701754383, 0.27368421052631575, 0.272390350877193, 0.2712719298245614, 0.27032894736842106, 0.2629385964912281, 0.2626973684210526, 0.2641008771929824, 0.2675, 0.262390350877193, 0.2644078947368421, 0.25743421052631577, 0.2579605263157895, 0.2547368421052632, 0.2619078947368421], 'jsd': [(0, 0, 0, 0, 0, 0), (0, 0, 0, 0, 0, 0), (0, 0, 0, 0, 0, 0), (0, 0, 0, 0, 0, 0), (0, 0, 0, 0, 0, 0), (0, 0, 0, 0, 0, 0), (0, 0, 0, 0, 0, 0), (0, 0, 0, 0, 0, 0), (0, 0, 0, 0, 0, 0), (0, 0, 0, 0, 0, 0), (0, 0, 0, 0, 0, 0), (0, 0, 0, 0, 0, 0), (0, 0, 0, 0, 0, 0), (0, 0, 0, 0, 0, 0), (0, 0, 0, 0, 0, 0), (0, 0, 0, 0, 0, 0), (0, 0, 0, 0, 0, 0), (0, 0, 0, 0, 0, 0), (0, 0, 0, 0, 0, 0)]}}
AdaptationManager: Configuring next round...
{'client_registry': {'enabled': True, 'params': {}}, 'client_selector': {'enabled': False, 'params': {}}, 'client_cluster': {'enabled': False, 'params': {}}, 'message_compressor': {'enabled': True, 'params': {}}, 'model_co-versioning_registry': {'enabled': False, 'params': {}}, 'multi-task_model_trainer': {'enabled': False, 'params': {}}, 'heterogeneous_data_handler': {'enabled': False, 'params': {}}}
{'client_selector': {'enabled': False}, 'client_cluster': {'enabled': False}, 'message_compressor': {'enabled': False, 'params': {'enabled_clients': ['Client 24', 'Client 26']}}, 'model_co-versioning_registry': {'enabled': False}, 'multi-task_model_trainer': {'enabled': False}, 'heterogeneous_data_handler': {'enabled': False}, 'client_registry': {'enabled': True, 'params': {}}}
message_compressor activated ✅
Local parameters compressed: reduced 5135 bytes (6.96%)
Local parameters compressed: reduced 5108 bytes (6.92%)
Local parameters compressed: reduced 5116 bytes (6.93%)
Local parameters compressed: reduced 5097 bytes (6.91%)
Local parameters compressed: reduced 5094 bytes (6.90%)
Local parameters compressed: reduced 5090 bytes (6.90%)
Results Aggregated in 9.70 seconds.
{'TextMLP': {'train_loss': [0.621031730304824, 0.5179627669705285, 0.4822017016119427, 0.46709520628849666, 0.46217375048134063, 0.4489184251666069, 0.44699284967713887, 0.4403093334158262, 0.44018357719050516, 0.43548429729011323, 0.4370382771518495, 0.4331603741672304, 0.4374279060449865, 0.4314975172208415, 0.4396266675551732, 0.430703358941608, 0.42758452084726756, 0.4256890576932165, 0.4299754288819101, 0.422624741575453], 'train_accuracy': [0.7759319444444445, 0.8132027777777778, 0.8268180555555555, 0.8321041666666666, 0.8322402777777778, 0.8373319444444445, 0.8370402777777778, 0.8392152777777778, 0.8388375, 0.8408305555555555, 0.8393986111111111, 0.8410763888888889, 0.8392916666666667, 0.8414805555555556, 0.8376569444444445, 0.8416319444444444, 0.8433527777777777, 0.8439222222222222, 0.841875, 0.8451652777777777], 'train_f1': [0.7750713313720937, 0.8121299360380863, 0.8263117044251906, 0.8319731506812904, 0.8312954490805856, 0.8369119748355509, 0.8363905115535483, 0.8387706882932092, 0.838089153114292, 0.8402033692465257, 0.8392646892608812, 0.840636220602124, 0.8392869986671198, 0.8409154220339842, 0.8370944242105521, 0.8414185974840239, 0.8430850809387428, 0.8432929598053848, 0.8413046313320617, 0.844668543619702], 'train_mae': [0.35081527777777777, 0.2958625, 0.2729138888888889, 0.26613888888888887, 0.2695125, 0.25995833333333335, 0.2587902777777778, 0.2581013888888889, 0.25708333333333333, 0.24950416666666667, 0.2518375, 0.25372361111111114, 0.2572541666666667, 0.25249166666666667, 0.2548361111111111, 0.2496972222222222, 0.2476361111111111, 0.24504722222222222, 0.2516305555555556, 0.2445263888888889], 'val_loss': [0.6335925343789552, 0.5371236722406588, 0.502101219871588, 0.4877261858341987, 0.4844336120078438, 0.4702004071808698, 0.4676135533106955, 0.4612763567870123, 0.46059080639429256, 0.45449043774813935, 0.45626668727188785, 0.4523123346295273, 0.4570758133394676, 0.45155805163216167, 0.4588180492949067, 0.45008295623879685, 0.44721908825531337, 0.44589325611005753, 0.451284863258663, 0.4432911035784504], 'val_accuracy': [0.7678728070175439, 0.8031359649122808, 0.8170175438596492, 0.8211622807017543, 0.8216008771929825, 0.827609649122807, 0.827171052631579, 0.8300438596491229, 0.8292543859649123, 0.831688596491228, 0.8315789473684211, 0.8334868421052631, 0.8317763157894736, 0.8346710526315789, 0.8312280701754385, 0.8365570175438597, 0.8364473684210526, 0.8374780701754386, 0.835219298245614, 0.8389254385964913], 'val_f1': [0.7670561496832597, 0.8020332274814669, 0.8165385416399222, 0.8210536444332711, 0.8205603712800977, 0.8271118467925731, 0.8264783740960456, 0.8295672673517486, 0.8283953859483038, 0.8309467269616303, 0.8313497498517808, 0.8329815413982972, 0.8317094930604472, 0.8340345958610265, 0.8305734839585316, 0.8362650052113817, 0.8361199243079617, 0.8368094661512301, 0.8345911376440766, 0.8383861745948405], 'val_mae': [0.3599780701754386, 0.30953947368421053, 0.28598684210526315, 0.28094298245614036, 0.28412280701754383, 0.27368421052631575, 0.272390350877193, 0.2712719298245614, 0.27032894736842106, 0.2629385964912281, 0.2626973684210526, 0.2641008771929824, 0.2675, 0.262390350877193, 0.2644078947368421, 0.25743421052631577, 0.2579605263157895, 0.2547368421052632, 0.2619078947368421, 0.2532017543859649], 'jsd': [(0, 0, 0, 0, 0, 0), (0, 0, 0, 0, 0, 0), (0, 0, 0, 0, 0, 0), (0, 0, 0, 0, 0, 0), (0, 0, 0, 0, 0, 0), (0, 0, 0, 0, 0, 0), (0, 0, 0, 0, 0, 0), (0, 0, 0, 0, 0, 0), (0, 0, 0, 0, 0, 0), (0, 0, 0, 0, 0, 0), (0, 0, 0, 0, 0, 0), (0, 0, 0, 0, 0, 0), (0, 0, 0, 0, 0, 0), (0, 0, 0, 0, 0, 0), (0, 0, 0, 0, 0, 0), (0, 0, 0, 0, 0, 0), (0, 0, 0, 0, 0, 0), (0, 0, 0, 0, 0, 0), (0, 0, 0, 0, 0, 0), (0, 0, 0, 0, 0, 0)]}}
AdaptationManager: Configuring next round...
{'client_registry': {'enabled': True, 'params': {}}, 'client_selector': {'enabled': False, 'params': {}}, 'client_cluster': {'enabled': False, 'params': {}}, 'message_compressor': {'enabled': True, 'params': {}}, 'model_co-versioning_registry': {'enabled': False, 'params': {}}, 'multi-task_model_trainer': {'enabled': False, 'params': {}}, 'heterogeneous_data_handler': {'enabled': False, 'params': {}}}
{'client_selector': {'enabled': False}, 'client_cluster': {'enabled': False}, 'message_compressor': {'enabled': True, 'params': {'enabled_clients': ['Client 24', 'Client 25', 'Client 27']}}, 'model_co-versioning_registry': {'enabled': False}, 'multi-task_model_trainer': {'enabled': False}, 'heterogeneous_data_handler': {'enabled': False}, 'client_registry': {'enabled': True, 'params': {}}}
message_compressor de-activated ❌
