==========================================
  ___  ______  ___ ______       _ 
 / _ \ | ___ \/   ||  ___|     | |
/ /_\ \| |_/ / /| || |_ ___  __| |
|  _  ||  __/ /_| ||  _/ _ \/ _` |
| | | || |  \___  || ||  __/ (_| |
\_| |_/\_|      |_/\_| \___|\__,_| v.1.5.0

==========================================
Simulation Started!
List of the Architectural Patterns enabled:
Client Registry ✅
Client Selector ✅
 AP Parameters: {'selection_strategy': 'Resource-Based', 'selection_criteria': 'CPU', 'selection_value': 2}
==========================================
Client Client 8 participates in this round. (CPU: 2, RAM: 4)
Client Client 2 participates in this round. (CPU: 2, RAM: 4)
Client Client 5 participates in this round. (CPU: 2, RAM: 4)
Client Client 4 participates in this round. (CPU: 2, RAM: 4)
Client Client 9 has insufficient CPU (1). Will not participate in the next FL round.
Client Client 12 has insufficient CPU (1). Will not participate in the next FL round.
Client Client 6 participates in this round. (CPU: 2, RAM: 4)
Client Client 11 has insufficient CPU (1). Will not participate in the next FL round.
Client Client 1 participates in this round. (CPU: 2, RAM: 4)
Client Client 3 participates in this round. (CPU: 2, RAM: 4)
Client Client 10 has insufficient CPU (1). Will not participate in the next FL round.
Client Client 7 participates in this round. (CPU: 2, RAM: 4)
Results Aggregated in 19.00 seconds.
{'TextMLP': {'train_loss': [0.738289095642666], 'train_accuracy': [0.667], 'train_f1': [0.23057206446185174], 'train_mae': [0.5918333333333333], 'val_loss': [2.631868732540231], 'val_accuracy': [0.24998355263157895], 'val_f1': [0.1000013166210238], 'val_mae': [1.3124342105263158], 'jsd': [(0, 0, 0, 0, 0.10574191233842169, 0.3011341189272117, 0.2839893455420802, 0.15992533717092694, 0.3392564881963688, 0.16153560565208136, 0.5078698198978966, 0.25351962572888)]}}
Client Client 11 has insufficient CPU (1). Will not participate in the next FL round.
Client Client 1 participates in this round. (CPU: 2, RAM: 4)
Client Client 7 participates in this round. (CPU: 2, RAM: 4)
Client Client 3 participates in this round. (CPU: 2, RAM: 4)
Client Client 2 participates in this round. (CPU: 2, RAM: 4)
Client Client 12 has insufficient CPU (1). Will not participate in the next FL round.
Client Client 5 participates in this round. (CPU: 2, RAM: 4)
Client Client 4 participates in this round. (CPU: 2, RAM: 4)
Client Client 9 has insufficient CPU (1). Will not participate in the next FL round.
Client Client 10 has insufficient CPU (1). Will not participate in the next FL round.
Client Client 6 participates in this round. (CPU: 2, RAM: 4)
Client Client 8 participates in this round. (CPU: 2, RAM: 4)
Results Aggregated in 20.27 seconds.
{'TextMLP': {'train_loss': [0.738289095642666, 0.9518197392821311], 'train_accuracy': [0.667, 0.6118958333333333], 'train_f1': [0.23057206446185174, 0.18653390320050714], 'train_mae': [0.5918333333333333, 0.6129166666666667], 'val_loss': [2.631868732540231, 2.007774822398236], 'val_accuracy': [0.24998355263157895, 0.25], 'val_f1': [0.1000013166210238, 0.1], 'val_mae': [1.3124342105263158, 1.1875], 'jsd': [(0, 0, 0, 0, 0.10574191233842169, 0.3011341189272117, 0.2839893455420802, 0.15992533717092694, 0.3392564881963688, 0.16153560565208136, 0.5078698198978966, 0.25351962572888), (0, 0, 0, 0, 0.03519975631486401, 0.1987678729146596, 0.010190618812288565, 0.16010030233107841, 0.27953370960010826, 0.17963458317401598, 0.31983745022202825, 0.11896829096913959)]}}
Client Client 2 participates in this round. (CPU: 2, RAM: 4)
Client Client 11 has insufficient CPU (1). Will not participate in the next FL round.
Client Client 1 participates in this round. (CPU: 2, RAM: 4)
Client Client 8 participates in this round. (CPU: 2, RAM: 4)
Client Client 3 participates in this round. (CPU: 2, RAM: 4)
Client Client 10 has insufficient CPU (1). Will not participate in the next FL round.
Client Client 9 has insufficient CPU (1). Will not participate in the next FL round.
Client Client 5 participates in this round. (CPU: 2, RAM: 4)
Client Client 7 participates in this round. (CPU: 2, RAM: 4)
Client Client 12 has insufficient CPU (1). Will not participate in the next FL round.
Client Client 6 participates in this round. (CPU: 2, RAM: 4)
Client Client 4 participates in this round. (CPU: 2, RAM: 4)
Results Aggregated in 20.74 seconds.
{'TextMLP': {'train_loss': [0.738289095642666, 0.9518197392821311, 0.98367341651188], 'train_accuracy': [0.667, 0.6118958333333333, 0.5981388888888889], 'train_f1': [0.23057206446185174, 0.18653390320050714, 0.21635225181105674], 'train_mae': [0.5918333333333333, 0.6129166666666667, 0.6312777777777778], 'val_loss': [2.631868732540231, 2.007774822398236, 1.8770874025006044], 'val_accuracy': [0.24998355263157895, 0.25, 0.2699342105263158], 'val_f1': [0.1000013166210238, 0.1, 0.132877266985387], 'val_mae': [1.3124342105263158, 1.1875, 1.2757730263157894], 'jsd': [(0, 0, 0, 0, 0.10574191233842169, 0.3011341189272117, 0.2839893455420802, 0.15992533717092694, 0.3392564881963688, 0.16153560565208136, 0.5078698198978966, 0.25351962572888), (0, 0, 0, 0, 0.03519975631486401, 0.1987678729146596, 0.010190618812288565, 0.16010030233107841, 0.27953370960010826, 0.17963458317401598, 0.31983745022202825, 0.11896829096913959), (0, 0, 0, 0, 0.053246964067424594, 0.14383534620231264, 0.051266517253749935, 0.20539558801127922, 0.23773014473443313, 0.1142088133536725, 0.17387325300251036, 0.1381427174220917)]}}
Client Client 2 participates in this round. (CPU: 2, RAM: 4)
Client Client 10 has insufficient CPU (1). Will not participate in the next FL round.
Client Client 11 has insufficient CPU (1). Will not participate in the next FL round.
Client Client 1 participates in this round. (CPU: 2, RAM: 4)
Client Client 3 participates in this round. (CPU: 2, RAM: 4)
Client Client 9 has insufficient CPU (1). Will not participate in the next FL round.
Client Client 4 participates in this round. (CPU: 2, RAM: 4)
Client Client 6 participates in this round. (CPU: 2, RAM: 4)
Client Client 12 has insufficient CPU (1). Will not participate in the next FL round.
Client Client 7 participates in this round. (CPU: 2, RAM: 4)
Client Client 8 participates in this round. (CPU: 2, RAM: 4)
Client Client 5 participates in this round. (CPU: 2, RAM: 4)
Results Aggregated in 21.10 seconds.
{'TextMLP': {'train_loss': [0.738289095642666, 0.9518197392821311, 0.98367341651188, 0.9142588888804117], 'train_accuracy': [0.667, 0.6118958333333333, 0.5981388888888889, 0.654890625], 'train_f1': [0.23057206446185174, 0.18653390320050714, 0.21635225181105674, 0.3228383649822223], 'train_mae': [0.5918333333333333, 0.6129166666666667, 0.6312777777777778, 0.54275], 'val_loss': [2.631868732540231, 2.007774822398236, 1.8770874025006044, 1.6628808875774082], 'val_accuracy': [0.24998355263157895, 0.25, 0.2699342105263158, 0.35189144736842104], 'val_f1': [0.1000013166210238, 0.1, 0.132877266985387, 0.2322352973885178], 'val_mae': [1.3124342105263158, 1.1875, 1.2757730263157894, 1.0590296052631578], 'jsd': [(0, 0, 0, 0, 0.10574191233842169, 0.3011341189272117, 0.2839893455420802, 0.15992533717092694, 0.3392564881963688, 0.16153560565208136, 0.5078698198978966, 0.25351962572888), (0, 0, 0, 0, 0.03519975631486401, 0.1987678729146596, 0.010190618812288565, 0.16010030233107841, 0.27953370960010826, 0.17963458317401598, 0.31983745022202825, 0.11896829096913959), (0, 0, 0, 0, 0.053246964067424594, 0.14383534620231264, 0.051266517253749935, 0.20539558801127922, 0.23773014473443313, 0.1142088133536725, 0.17387325300251036, 0.1381427174220917), (0, 0, 0, 0, 0.033723876184748466, 0.09070894650480413, 0.0513948304121902, 0.18287156816188813, 0.21027240953994275, 0.11386830108126206, 0.1849258459819272, 0.13551568462934416)]}}
Client Client 11 has insufficient CPU (1). Will not participate in the next FL round.
Client Client 4 participates in this round. (CPU: 2, RAM: 4)
Client Client 1 participates in this round. (CPU: 2, RAM: 4)
Client Client 7 participates in this round. (CPU: 2, RAM: 4)
Client Client 12 has insufficient CPU (1). Will not participate in the next FL round.
Client Client 10 has insufficient CPU (1). Will not participate in the next FL round.
Client Client 2 participates in this round. (CPU: 2, RAM: 4)
Client Client 5 participates in this round. (CPU: 2, RAM: 4)
Client Client 9 has insufficient CPU (1). Will not participate in the next FL round.
Client Client 8 participates in this round. (CPU: 2, RAM: 4)
Client Client 3 participates in this round. (CPU: 2, RAM: 4)
Client Client 6 participates in this round. (CPU: 2, RAM: 4)
Results Aggregated in 21.78 seconds.
{'TextMLP': {'train_loss': [0.738289095642666, 0.9518197392821311, 0.98367341651188, 0.9142588888804117, 0.7996079509139061], 'train_accuracy': [0.667, 0.6118958333333333, 0.5981388888888889, 0.654890625, 0.70545], 'train_f1': [0.23057206446185174, 0.18653390320050714, 0.21635225181105674, 0.3228383649822223, 0.48725808224292816], 'train_mae': [0.5918333333333333, 0.6129166666666667, 0.6312777777777778, 0.54275, 0.4833208333333333], 'val_loss': [2.631868732540231, 2.007774822398236, 1.8770874025006044, 1.6628808875774082, 1.3417673570545097], 'val_accuracy': [0.24998355263157895, 0.25, 0.2699342105263158, 0.35189144736842104, 0.4826315789473684], 'val_f1': [0.1000013166210238, 0.1, 0.132877266985387, 0.2322352973885178, 0.40776468347930417], 'val_mae': [1.3124342105263158, 1.1875, 1.2757730263157894, 1.0590296052631578, 0.8751973684210527], 'jsd': [(0, 0, 0, 0, 0.10574191233842169, 0.3011341189272117, 0.2839893455420802, 0.15992533717092694, 0.3392564881963688, 0.16153560565208136, 0.5078698198978966, 0.25351962572888), (0, 0, 0, 0, 0.03519975631486401, 0.1987678729146596, 0.010190618812288565, 0.16010030233107841, 0.27953370960010826, 0.17963458317401598, 0.31983745022202825, 0.11896829096913959), (0, 0, 0, 0, 0.053246964067424594, 0.14383534620231264, 0.051266517253749935, 0.20539558801127922, 0.23773014473443313, 0.1142088133536725, 0.17387325300251036, 0.1381427174220917), (0, 0, 0, 0, 0.033723876184748466, 0.09070894650480413, 0.0513948304121902, 0.18287156816188813, 0.21027240953994275, 0.11386830108126206, 0.1849258459819272, 0.13551568462934416), (0, 0, 0, 0, 0.04238511083062148, 0.09299065952512559, 0.03176490796206424, 0.14032434525993667, 0.12990889390425944, 0.06600914200269734, 0.2000025597352084, 0.031313619823151805)]}}
Client Client 10 has insufficient CPU (1). Will not participate in the next FL round.
Client Client 4 participates in this round. (CPU: 2, RAM: 4)
Client Client 3 participates in this round. (CPU: 2, RAM: 4)
Client Client 5 participates in this round. (CPU: 2, RAM: 4)
Client Client 11 has insufficient CPU (1). Will not participate in the next FL round.
Client Client 1 participates in this round. (CPU: 2, RAM: 4)
Client Client 7 participates in this round. (CPU: 2, RAM: 4)
Client Client 9 has insufficient CPU (1). Will not participate in the next FL round.
Client Client 2 participates in this round. (CPU: 2, RAM: 4)
Client Client 12 has insufficient CPU (1). Will not participate in the next FL round.
Client Client 8 participates in this round. (CPU: 2, RAM: 4)
Client Client 6 participates in this round. (CPU: 2, RAM: 4)
Results Aggregated in 23.40 seconds.
{'TextMLP': {'train_loss': [0.738289095642666, 0.9518197392821311, 0.98367341651188, 0.9142588888804117, 0.7996079509139061, 0.7269799545738432], 'train_accuracy': [0.667, 0.6118958333333333, 0.5981388888888889, 0.654890625, 0.70545, 0.7317326388888888], 'train_f1': [0.23057206446185174, 0.18653390320050714, 0.21635225181105674, 0.3228383649822223, 0.48725808224292816, 0.6435693079544667], 'train_mae': [0.5918333333333333, 0.6129166666666667, 0.6312777777777778, 0.54275, 0.4833208333333333, 0.45086805555555554], 'val_loss': [2.631868732540231, 2.007774822398236, 1.8770874025006044, 1.6628808875774082, 1.3417673570545097, 0.9346007669128868], 'val_accuracy': [0.24998355263157895, 0.25, 0.2699342105263158, 0.35189144736842104, 0.4826315789473684, 0.6220230263157894], 'val_f1': [0.1000013166210238, 0.1, 0.132877266985387, 0.2322352973885178, 0.40776468347930417, 0.5984379380113718], 'val_mae': [1.3124342105263158, 1.1875, 1.2757730263157894, 1.0590296052631578, 0.8751973684210527, 0.648125], 'jsd': [(0, 0, 0, 0, 0.10574191233842169, 0.3011341189272117, 0.2839893455420802, 0.15992533717092694, 0.3392564881963688, 0.16153560565208136, 0.5078698198978966, 0.25351962572888), (0, 0, 0, 0, 0.03519975631486401, 0.1987678729146596, 0.010190618812288565, 0.16010030233107841, 0.27953370960010826, 0.17963458317401598, 0.31983745022202825, 0.11896829096913959), (0, 0, 0, 0, 0.053246964067424594, 0.14383534620231264, 0.051266517253749935, 0.20539558801127922, 0.23773014473443313, 0.1142088133536725, 0.17387325300251036, 0.1381427174220917), (0, 0, 0, 0, 0.033723876184748466, 0.09070894650480413, 0.0513948304121902, 0.18287156816188813, 0.21027240953994275, 0.11386830108126206, 0.1849258459819272, 0.13551568462934416), (0, 0, 0, 0, 0.04238511083062148, 0.09299065952512559, 0.03176490796206424, 0.14032434525993667, 0.12990889390425944, 0.06600914200269734, 0.2000025597352084, 0.031313619823151805), (0, 0, 0, 0, 0.008706713915014198, 0.0026199583771477596, 0.03269305786261023, 0.09109564093565752, 0.0740986692079128, 0.06637410167000284, 0.12050863818194217, 0.005724900850878579)]}}
Client Client 2 participates in this round. (CPU: 2, RAM: 4)
Client Client 10 has insufficient CPU (1). Will not participate in the next FL round.
Client Client 11 has insufficient CPU (1). Will not participate in the next FL round.
Client Client 5 participates in this round. (CPU: 2, RAM: 4)
Client Client 3 participates in this round. (CPU: 2, RAM: 4)
Client Client 7 participates in this round. (CPU: 2, RAM: 4)
Client Client 8 participates in this round. (CPU: 2, RAM: 4)
Client Client 4 participates in this round. (CPU: 2, RAM: 4)
Client Client 9 has insufficient CPU (1). Will not participate in the next FL round.
Client Client 12 has insufficient CPU (1). Will not participate in the next FL round.
Client Client 6 participates in this round. (CPU: 2, RAM: 4)
Client Client 1 participates in this round. (CPU: 2, RAM: 4)
Results Aggregated in 23.70 seconds.
{'TextMLP': {'train_loss': [0.738289095642666, 0.9518197392821311, 0.98367341651188, 0.9142588888804117, 0.7996079509139061, 0.7269799545738432, 0.623320059577624], 'train_accuracy': [0.667, 0.6118958333333333, 0.5981388888888889, 0.654890625, 0.70545, 0.7317326388888888, 0.7743779761904762], 'train_f1': [0.23057206446185174, 0.18653390320050714, 0.21635225181105674, 0.3228383649822223, 0.48725808224292816, 0.6435693079544667, 0.7354064081100105], 'train_mae': [0.5918333333333333, 0.6129166666666667, 0.6312777777777778, 0.54275, 0.4833208333333333, 0.45086805555555554, 0.3696130952380952], 'val_loss': [2.631868732540231, 2.007774822398236, 1.8770874025006044, 1.6628808875774082, 1.3417673570545097, 0.9346007669128868, 0.7359768136865215], 'val_accuracy': [0.24998355263157895, 0.25, 0.2699342105263158, 0.35189144736842104, 0.4826315789473684, 0.6220230263157894, 0.7192269736842105], 'val_f1': [0.1000013166210238, 0.1, 0.132877266985387, 0.2322352973885178, 0.40776468347930417, 0.5984379380113718, 0.7121944440167236], 'val_mae': [1.3124342105263158, 1.1875, 1.2757730263157894, 1.0590296052631578, 0.8751973684210527, 0.648125, 0.46034539473684205], 'jsd': [(0, 0, 0, 0, 0.10574191233842169, 0.3011341189272117, 0.2839893455420802, 0.15992533717092694, 0.3392564881963688, 0.16153560565208136, 0.5078698198978966, 0.25351962572888), (0, 0, 0, 0, 0.03519975631486401, 0.1987678729146596, 0.010190618812288565, 0.16010030233107841, 0.27953370960010826, 0.17963458317401598, 0.31983745022202825, 0.11896829096913959), (0, 0, 0, 0, 0.053246964067424594, 0.14383534620231264, 0.051266517253749935, 0.20539558801127922, 0.23773014473443313, 0.1142088133536725, 0.17387325300251036, 0.1381427174220917), (0, 0, 0, 0, 0.033723876184748466, 0.09070894650480413, 0.0513948304121902, 0.18287156816188813, 0.21027240953994275, 0.11386830108126206, 0.1849258459819272, 0.13551568462934416), (0, 0, 0, 0, 0.04238511083062148, 0.09299065952512559, 0.03176490796206424, 0.14032434525993667, 0.12990889390425944, 0.06600914200269734, 0.2000025597352084, 0.031313619823151805), (0, 0, 0, 0, 0.008706713915014198, 0.0026199583771477596, 0.03269305786261023, 0.09109564093565752, 0.0740986692079128, 0.06637410167000284, 0.12050863818194217, 0.005724900850878579), (0, 0, 0, 0, 0.00839612695428878, 0.0057772818032826335, 0.03314651863306636, 0.07334658794150878, 0.05356513860031016, 0.05849394368112112, 0.07736140869219019, 0.011483642453536794)]}}
Client Client 3 participates in this round. (CPU: 2, RAM: 4)
Client Client 1 participates in this round. (CPU: 2, RAM: 4)
Client Client 10 has insufficient CPU (1). Will not participate in the next FL round.
Client Client 4 participates in this round. (CPU: 2, RAM: 4)
Client Client 5 participates in this round. (CPU: 2, RAM: 4)
Client Client 9 has insufficient CPU (1). Will not participate in the next FL round.
Client Client 2 participates in this round. (CPU: 2, RAM: 4)
Client Client 11 has insufficient CPU (1). Will not participate in the next FL round.
Client Client 7 participates in this round. (CPU: 2, RAM: 4)
Client Client 8 participates in this round. (CPU: 2, RAM: 4)
Client Client 12 has insufficient CPU (1). Will not participate in the next FL round.
Client Client 6 participates in this round. (CPU: 2, RAM: 4)
Results Aggregated in 23.73 seconds.
{'TextMLP': {'train_loss': [0.738289095642666, 0.9518197392821311, 0.98367341651188, 0.9142588888804117, 0.7996079509139061, 0.7269799545738432, 0.623320059577624, 0.5579654281934102], 'train_accuracy': [0.667, 0.6118958333333333, 0.5981388888888889, 0.654890625, 0.70545, 0.7317326388888888, 0.7743779761904762, 0.7971458333333333], 'train_f1': [0.23057206446185174, 0.18653390320050714, 0.21635225181105674, 0.3228383649822223, 0.48725808224292816, 0.6435693079544667, 0.7354064081100105, 0.7716288062445799], 'train_mae': [0.5918333333333333, 0.6129166666666667, 0.6312777777777778, 0.54275, 0.4833208333333333, 0.45086805555555554, 0.3696130952380952, 0.3313046875], 'val_loss': [2.631868732540231, 2.007774822398236, 1.8770874025006044, 1.6628808875774082, 1.3417673570545097, 0.9346007669128868, 0.7359768136865215, 0.6467124583062372], 'val_accuracy': [0.24998355263157895, 0.25, 0.2699342105263158, 0.35189144736842104, 0.4826315789473684, 0.6220230263157894, 0.7192269736842105, 0.7594736842105262], 'val_f1': [0.1000013166210238, 0.1, 0.132877266985387, 0.2322352973885178, 0.40776468347930417, 0.5984379380113718, 0.7121944440167236, 0.7551700700036098], 'val_mae': [1.3124342105263158, 1.1875, 1.2757730263157894, 1.0590296052631578, 0.8751973684210527, 0.648125, 0.46034539473684205, 0.39064144736842105], 'jsd': [(0, 0, 0, 0, 0.10574191233842169, 0.3011341189272117, 0.2839893455420802, 0.15992533717092694, 0.3392564881963688, 0.16153560565208136, 0.5078698198978966, 0.25351962572888), (0, 0, 0, 0, 0.03519975631486401, 0.1987678729146596, 0.010190618812288565, 0.16010030233107841, 0.27953370960010826, 0.17963458317401598, 0.31983745022202825, 0.11896829096913959), (0, 0, 0, 0, 0.053246964067424594, 0.14383534620231264, 0.051266517253749935, 0.20539558801127922, 0.23773014473443313, 0.1142088133536725, 0.17387325300251036, 0.1381427174220917), (0, 0, 0, 0, 0.033723876184748466, 0.09070894650480413, 0.0513948304121902, 0.18287156816188813, 0.21027240953994275, 0.11386830108126206, 0.1849258459819272, 0.13551568462934416), (0, 0, 0, 0, 0.04238511083062148, 0.09299065952512559, 0.03176490796206424, 0.14032434525993667, 0.12990889390425944, 0.06600914200269734, 0.2000025597352084, 0.031313619823151805), (0, 0, 0, 0, 0.008706713915014198, 0.0026199583771477596, 0.03269305786261023, 0.09109564093565752, 0.0740986692079128, 0.06637410167000284, 0.12050863818194217, 0.005724900850878579), (0, 0, 0, 0, 0.00839612695428878, 0.0057772818032826335, 0.03314651863306636, 0.07334658794150878, 0.05356513860031016, 0.05849394368112112, 0.07736140869219019, 0.011483642453536794), (0, 0, 0, 0, 0.005830722549430407, 0.00581044063851756, 0.0010314238346594501, 0.06558905567403822, 0.031214344153867698, 0.05098242393361204, 0.058636198412101936, 0.011609122581691191)]}}
Client Client 4 participates in this round. (CPU: 2, RAM: 4)
Client Client 1 participates in this round. (CPU: 2, RAM: 4)
Client Client 11 has insufficient CPU (1). Will not participate in the next FL round.
Client Client 7 participates in this round. (CPU: 2, RAM: 4)
Client Client 10 has insufficient CPU (1). Will not participate in the next FL round.
Client Client 5 participates in this round. (CPU: 2, RAM: 4)
Client Client 2 participates in this round. (CPU: 2, RAM: 4)
Client Client 3 participates in this round. (CPU: 2, RAM: 4)
Client Client 9 has insufficient CPU (1). Will not participate in the next FL round.
Client Client 8 participates in this round. (CPU: 2, RAM: 4)
Client Client 6 participates in this round. (CPU: 2, RAM: 4)
Client Client 12 has insufficient CPU (1). Will not participate in the next FL round.
Results Aggregated in 23.46 seconds.
{'TextMLP': {'train_loss': [0.738289095642666, 0.9518197392821311, 0.98367341651188, 0.9142588888804117, 0.7996079509139061, 0.7269799545738432, 0.623320059577624, 0.5579654281934102, 0.5177825630141629], 'train_accuracy': [0.667, 0.6118958333333333, 0.5981388888888889, 0.654890625, 0.70545, 0.7317326388888888, 0.7743779761904762, 0.7971458333333333, 0.8116412037037037], 'train_f1': [0.23057206446185174, 0.18653390320050714, 0.21635225181105674, 0.3228383649822223, 0.48725808224292816, 0.6435693079544667, 0.7354064081100105, 0.7716288062445799, 0.7960308036391637], 'train_mae': [0.5918333333333333, 0.6129166666666667, 0.6312777777777778, 0.54275, 0.4833208333333333, 0.45086805555555554, 0.3696130952380952, 0.3313046875, 0.30225694444444445], 'val_loss': [2.631868732540231, 2.007774822398236, 1.8770874025006044, 1.6628808875774082, 1.3417673570545097, 0.9346007669128868, 0.7359768136865215, 0.6467124583062372, 0.583967607209557], 'val_accuracy': [0.24998355263157895, 0.25, 0.2699342105263158, 0.35189144736842104, 0.4826315789473684, 0.6220230263157894, 0.7192269736842105, 0.7594736842105262, 0.7847532894736842], 'val_f1': [0.1000013166210238, 0.1, 0.132877266985387, 0.2322352973885178, 0.40776468347930417, 0.5984379380113718, 0.7121944440167236, 0.7551700700036098, 0.7839268678665825], 'val_mae': [1.3124342105263158, 1.1875, 1.2757730263157894, 1.0590296052631578, 0.8751973684210527, 0.648125, 0.46034539473684205, 0.39064144736842105, 0.3444736842105263], 'jsd': [(0, 0, 0, 0, 0.10574191233842169, 0.3011341189272117, 0.2839893455420802, 0.15992533717092694, 0.3392564881963688, 0.16153560565208136, 0.5078698198978966, 0.25351962572888), (0, 0, 0, 0, 0.03519975631486401, 0.1987678729146596, 0.010190618812288565, 0.16010030233107841, 0.27953370960010826, 0.17963458317401598, 0.31983745022202825, 0.11896829096913959), (0, 0, 0, 0, 0.053246964067424594, 0.14383534620231264, 0.051266517253749935, 0.20539558801127922, 0.23773014473443313, 0.1142088133536725, 0.17387325300251036, 0.1381427174220917), (0, 0, 0, 0, 0.033723876184748466, 0.09070894650480413, 0.0513948304121902, 0.18287156816188813, 0.21027240953994275, 0.11386830108126206, 0.1849258459819272, 0.13551568462934416), (0, 0, 0, 0, 0.04238511083062148, 0.09299065952512559, 0.03176490796206424, 0.14032434525993667, 0.12990889390425944, 0.06600914200269734, 0.2000025597352084, 0.031313619823151805), (0, 0, 0, 0, 0.008706713915014198, 0.0026199583771477596, 0.03269305786261023, 0.09109564093565752, 0.0740986692079128, 0.06637410167000284, 0.12050863818194217, 0.005724900850878579), (0, 0, 0, 0, 0.00839612695428878, 0.0057772818032826335, 0.03314651863306636, 0.07334658794150878, 0.05356513860031016, 0.05849394368112112, 0.07736140869219019, 0.011483642453536794), (0, 0, 0, 0, 0.005830722549430407, 0.00581044063851756, 0.0010314238346594501, 0.06558905567403822, 0.031214344153867698, 0.05098242393361204, 0.058636198412101936, 0.011609122581691191), (0, 0, 0, 0, 0.0031245604405910656, 0.0011719747115187837, 0.006340103655706992, 0.054918809831941695, 0.022183447918441682, 0.04113376704258194, 0.060377966470648976, 0.008582606326587156)]}}
Client Client 3 participates in this round. (CPU: 2, RAM: 4)
Client Client 8 participates in this round. (CPU: 2, RAM: 4)
Client Client 11 has insufficient CPU (1). Will not participate in the next FL round.
Client Client 9 has insufficient CPU (1). Will not participate in the next FL round.
Client Client 6 participates in this round. (CPU: 2, RAM: 4)
Client Client 10 has insufficient CPU (1). Will not participate in the next FL round.
Client Client 5 participates in this round. (CPU: 2, RAM: 4)
Client Client 2 participates in this round. (CPU: 2, RAM: 4)
Client Client 12 has insufficient CPU (1). Will not participate in the next FL round.
Client Client 4 participates in this round. (CPU: 2, RAM: 4)
Client Client 1 participates in this round. (CPU: 2, RAM: 4)
Client Client 7 participates in this round. (CPU: 2, RAM: 4)
Results Aggregated in 24.07 seconds.
{'TextMLP': {'train_loss': [0.738289095642666, 0.9518197392821311, 0.98367341651188, 0.9142588888804117, 0.7996079509139061, 0.7269799545738432, 0.623320059577624, 0.5579654281934102, 0.5177825630141629, 0.4931914964914322], 'train_accuracy': [0.667, 0.6118958333333333, 0.5981388888888889, 0.654890625, 0.70545, 0.7317326388888888, 0.7743779761904762, 0.7971458333333333, 0.8116412037037037, 0.8208375], 'train_f1': [0.23057206446185174, 0.18653390320050714, 0.21635225181105674, 0.3228383649822223, 0.48725808224292816, 0.6435693079544667, 0.7354064081100105, 0.7716288062445799, 0.7960308036391637, 0.8087508755840331], 'train_mae': [0.5918333333333333, 0.6129166666666667, 0.6312777777777778, 0.54275, 0.4833208333333333, 0.45086805555555554, 0.3696130952380952, 0.3313046875, 0.30225694444444445, 0.28477291666666665], 'val_loss': [2.631868732540231, 2.007774822398236, 1.8770874025006044, 1.6628808875774082, 1.3417673570545097, 0.9346007669128868, 0.7359768136865215, 0.6467124583062372, 0.583967607209557, 0.5468677824265079], 'val_accuracy': [0.24998355263157895, 0.25, 0.2699342105263158, 0.35189144736842104, 0.4826315789473684, 0.6220230263157894, 0.7192269736842105, 0.7594736842105262, 0.7847532894736842, 0.7997039473684211], 'val_f1': [0.1000013166210238, 0.1, 0.132877266985387, 0.2322352973885178, 0.40776468347930417, 0.5984379380113718, 0.7121944440167236, 0.7551700700036098, 0.7839268678665825, 0.7985591318169909], 'val_mae': [1.3124342105263158, 1.1875, 1.2757730263157894, 1.0590296052631578, 0.8751973684210527, 0.648125, 0.46034539473684205, 0.39064144736842105, 0.3444736842105263, 0.32013157894736843], 'jsd': [(0, 0, 0, 0, 0.10574191233842169, 0.3011341189272117, 0.2839893455420802, 0.15992533717092694, 0.3392564881963688, 0.16153560565208136, 0.5078698198978966, 0.25351962572888), (0, 0, 0, 0, 0.03519975631486401, 0.1987678729146596, 0.010190618812288565, 0.16010030233107841, 0.27953370960010826, 0.17963458317401598, 0.31983745022202825, 0.11896829096913959), (0, 0, 0, 0, 0.053246964067424594, 0.14383534620231264, 0.051266517253749935, 0.20539558801127922, 0.23773014473443313, 0.1142088133536725, 0.17387325300251036, 0.1381427174220917), (0, 0, 0, 0, 0.033723876184748466, 0.09070894650480413, 0.0513948304121902, 0.18287156816188813, 0.21027240953994275, 0.11386830108126206, 0.1849258459819272, 0.13551568462934416), (0, 0, 0, 0, 0.04238511083062148, 0.09299065952512559, 0.03176490796206424, 0.14032434525993667, 0.12990889390425944, 0.06600914200269734, 0.2000025597352084, 0.031313619823151805), (0, 0, 0, 0, 0.008706713915014198, 0.0026199583771477596, 0.03269305786261023, 0.09109564093565752, 0.0740986692079128, 0.06637410167000284, 0.12050863818194217, 0.005724900850878579), (0, 0, 0, 0, 0.00839612695428878, 0.0057772818032826335, 0.03314651863306636, 0.07334658794150878, 0.05356513860031016, 0.05849394368112112, 0.07736140869219019, 0.011483642453536794), (0, 0, 0, 0, 0.005830722549430407, 0.00581044063851756, 0.0010314238346594501, 0.06558905567403822, 0.031214344153867698, 0.05098242393361204, 0.058636198412101936, 0.011609122581691191), (0, 0, 0, 0, 0.0031245604405910656, 0.0011719747115187837, 0.006340103655706992, 0.054918809831941695, 0.022183447918441682, 0.04113376704258194, 0.060377966470648976, 0.008582606326587156), (0, 0, 0, 0, 0.0033399659926519436, 0.0006123111840049241, 0.017341396228755735, 0.05010994743356443, 0.019430539957944755, 0.030827563511244507, 0.04942942016742741, 0.01410773646515267)]}}
Client Client 1 participates in this round. (CPU: 2, RAM: 4)
Client Client 7 participates in this round. (CPU: 2, RAM: 4)
Client Client 2 participates in this round. (CPU: 2, RAM: 4)
Client Client 4 participates in this round. (CPU: 2, RAM: 4)
Client Client 9 has insufficient CPU (1). Will not participate in the next FL round.
Client Client 5 participates in this round. (CPU: 2, RAM: 4)
Client Client 11 has insufficient CPU (1). Will not participate in the next FL round.
Client Client 8 participates in this round. (CPU: 2, RAM: 4)
Client Client 6 participates in this round. (CPU: 2, RAM: 4)
Client Client 10 has insufficient CPU (1). Will not participate in the next FL round.
Client Client 3 participates in this round. (CPU: 2, RAM: 4)
Client Client 12 has insufficient CPU (1). Will not participate in the next FL round.
Results Aggregated in 25.58 seconds.
{'TextMLP': {'train_loss': [0.738289095642666, 0.9518197392821311, 0.98367341651188, 0.9142588888804117, 0.7996079509139061, 0.7269799545738432, 0.623320059577624, 0.5579654281934102, 0.5177825630141629, 0.4931914964914322, 0.4728375617897872], 'train_accuracy': [0.667, 0.6118958333333333, 0.5981388888888889, 0.654890625, 0.70545, 0.7317326388888888, 0.7743779761904762, 0.7971458333333333, 0.8116412037037037, 0.8208375, 0.8284337121212121], 'train_f1': [0.23057206446185174, 0.18653390320050714, 0.21635225181105674, 0.3228383649822223, 0.48725808224292816, 0.6435693079544667, 0.7354064081100105, 0.7716288062445799, 0.7960308036391637, 0.8087508755840331, 0.8192061593170941], 'train_mae': [0.5918333333333333, 0.6129166666666667, 0.6312777777777778, 0.54275, 0.4833208333333333, 0.45086805555555554, 0.3696130952380952, 0.3313046875, 0.30225694444444445, 0.28477291666666665, 0.2737935606060606], 'val_loss': [2.631868732540231, 2.007774822398236, 1.8770874025006044, 1.6628808875774082, 1.3417673570545097, 0.9346007669128868, 0.7359768136865215, 0.6467124583062372, 0.583967607209557, 0.5468677824265079, 0.5178702976044856], 'val_accuracy': [0.24998355263157895, 0.25, 0.2699342105263158, 0.35189144736842104, 0.4826315789473684, 0.6220230263157894, 0.7192269736842105, 0.7594736842105262, 0.7847532894736842, 0.7997039473684211, 0.8107730263157895], 'val_f1': [0.1000013166210238, 0.1, 0.132877266985387, 0.2322352973885178, 0.40776468347930417, 0.5984379380113718, 0.7121944440167236, 0.7551700700036098, 0.7839268678665825, 0.7985591318169909, 0.8106826642585307], 'val_mae': [1.3124342105263158, 1.1875, 1.2757730263157894, 1.0590296052631578, 0.8751973684210527, 0.648125, 0.46034539473684205, 0.39064144736842105, 0.3444736842105263, 0.32013157894736843, 0.3026315789473684], 'jsd': [(0, 0, 0, 0, 0.10574191233842169, 0.3011341189272117, 0.2839893455420802, 0.15992533717092694, 0.3392564881963688, 0.16153560565208136, 0.5078698198978966, 0.25351962572888), (0, 0, 0, 0, 0.03519975631486401, 0.1987678729146596, 0.010190618812288565, 0.16010030233107841, 0.27953370960010826, 0.17963458317401598, 0.31983745022202825, 0.11896829096913959), (0, 0, 0, 0, 0.053246964067424594, 0.14383534620231264, 0.051266517253749935, 0.20539558801127922, 0.23773014473443313, 0.1142088133536725, 0.17387325300251036, 0.1381427174220917), (0, 0, 0, 0, 0.033723876184748466, 0.09070894650480413, 0.0513948304121902, 0.18287156816188813, 0.21027240953994275, 0.11386830108126206, 0.1849258459819272, 0.13551568462934416), (0, 0, 0, 0, 0.04238511083062148, 0.09299065952512559, 0.03176490796206424, 0.14032434525993667, 0.12990889390425944, 0.06600914200269734, 0.2000025597352084, 0.031313619823151805), (0, 0, 0, 0, 0.008706713915014198, 0.0026199583771477596, 0.03269305786261023, 0.09109564093565752, 0.0740986692079128, 0.06637410167000284, 0.12050863818194217, 0.005724900850878579), (0, 0, 0, 0, 0.00839612695428878, 0.0057772818032826335, 0.03314651863306636, 0.07334658794150878, 0.05356513860031016, 0.05849394368112112, 0.07736140869219019, 0.011483642453536794), (0, 0, 0, 0, 0.005830722549430407, 0.00581044063851756, 0.0010314238346594501, 0.06558905567403822, 0.031214344153867698, 0.05098242393361204, 0.058636198412101936, 0.011609122581691191), (0, 0, 0, 0, 0.0031245604405910656, 0.0011719747115187837, 0.006340103655706992, 0.054918809831941695, 0.022183447918441682, 0.04113376704258194, 0.060377966470648976, 0.008582606326587156), (0, 0, 0, 0, 0.0033399659926519436, 0.0006123111840049241, 0.017341396228755735, 0.05010994743356443, 0.019430539957944755, 0.030827563511244507, 0.04942942016742741, 0.01410773646515267), (0, 0, 0, 0, 0.004636665059341568, 0.0018629081951948793, 0.01564801800472277, 0.049034608248431415, 0.025198364243511323, 0.0387452460007873, 0.025381482258816215, 0.014115419455948488)]}}
Client Client 8 participates in this round. (CPU: 2, RAM: 4)
Client Client 1 participates in this round. (CPU: 2, RAM: 4)
Client Client 9 has insufficient CPU (1). Will not participate in the next FL round.
Client Client 5 participates in this round. (CPU: 2, RAM: 4)
Client Client 4 participates in this round. (CPU: 2, RAM: 4)
Client Client 11 has insufficient CPU (1). Will not participate in the next FL round.
Client Client 12 has insufficient CPU (1). Will not participate in the next FL round.
Client Client 3 participates in this round. (CPU: 2, RAM: 4)
Client Client 10 has insufficient CPU (1). Will not participate in the next FL round.
Client Client 2 participates in this round. (CPU: 2, RAM: 4)
Client Client 7 participates in this round. (CPU: 2, RAM: 4)
Client Client 6 participates in this round. (CPU: 2, RAM: 4)
Results Aggregated in 25.07 seconds.
{'TextMLP': {'train_loss': [0.738289095642666, 0.9518197392821311, 0.98367341651188, 0.9142588888804117, 0.7996079509139061, 0.7269799545738432, 0.623320059577624, 0.5579654281934102, 0.5177825630141629, 0.4931914964914322, 0.4728375617897872, 0.46828801778621143], 'train_accuracy': [0.667, 0.6118958333333333, 0.5981388888888889, 0.654890625, 0.70545, 0.7317326388888888, 0.7743779761904762, 0.7971458333333333, 0.8116412037037037, 0.8208375, 0.8284337121212121, 0.8278958333333334], 'train_f1': [0.23057206446185174, 0.18653390320050714, 0.21635225181105674, 0.3228383649822223, 0.48725808224292816, 0.6435693079544667, 0.7354064081100105, 0.7716288062445799, 0.7960308036391637, 0.8087508755840331, 0.8192061593170941, 0.817658525460142], 'train_mae': [0.5918333333333333, 0.6129166666666667, 0.6312777777777778, 0.54275, 0.4833208333333333, 0.45086805555555554, 0.3696130952380952, 0.3313046875, 0.30225694444444445, 0.28477291666666665, 0.2737935606060606, 0.26767534722222225], 'val_loss': [2.631868732540231, 2.007774822398236, 1.8770874025006044, 1.6628808875774082, 1.3417673570545097, 0.9346007669128868, 0.7359768136865215, 0.6467124583062372, 0.583967607209557, 0.5468677824265079, 0.5178702976044856, 0.5258752598339005], 'val_accuracy': [0.24998355263157895, 0.25, 0.2699342105263158, 0.35189144736842104, 0.4826315789473684, 0.6220230263157894, 0.7192269736842105, 0.7594736842105262, 0.7847532894736842, 0.7997039473684211, 0.8107730263157895, 0.8036019736842106], 'val_f1': [0.1000013166210238, 0.1, 0.132877266985387, 0.2322352973885178, 0.40776468347930417, 0.5984379380113718, 0.7121944440167236, 0.7551700700036098, 0.7839268678665825, 0.7985591318169909, 0.8106826642585307, 0.8032785307225424], 'val_mae': [1.3124342105263158, 1.1875, 1.2757730263157894, 1.0590296052631578, 0.8751973684210527, 0.648125, 0.46034539473684205, 0.39064144736842105, 0.3444736842105263, 0.32013157894736843, 0.3026315789473684, 0.3001315789473684], 'jsd': [(0, 0, 0, 0, 0.10574191233842169, 0.3011341189272117, 0.2839893455420802, 0.15992533717092694, 0.3392564881963688, 0.16153560565208136, 0.5078698198978966, 0.25351962572888), (0, 0, 0, 0, 0.03519975631486401, 0.1987678729146596, 0.010190618812288565, 0.16010030233107841, 0.27953370960010826, 0.17963458317401598, 0.31983745022202825, 0.11896829096913959), (0, 0, 0, 0, 0.053246964067424594, 0.14383534620231264, 0.051266517253749935, 0.20539558801127922, 0.23773014473443313, 0.1142088133536725, 0.17387325300251036, 0.1381427174220917), (0, 0, 0, 0, 0.033723876184748466, 0.09070894650480413, 0.0513948304121902, 0.18287156816188813, 0.21027240953994275, 0.11386830108126206, 0.1849258459819272, 0.13551568462934416), (0, 0, 0, 0, 0.04238511083062148, 0.09299065952512559, 0.03176490796206424, 0.14032434525993667, 0.12990889390425944, 0.06600914200269734, 0.2000025597352084, 0.031313619823151805), (0, 0, 0, 0, 0.008706713915014198, 0.0026199583771477596, 0.03269305786261023, 0.09109564093565752, 0.0740986692079128, 0.06637410167000284, 0.12050863818194217, 0.005724900850878579), (0, 0, 0, 0, 0.00839612695428878, 0.0057772818032826335, 0.03314651863306636, 0.07334658794150878, 0.05356513860031016, 0.05849394368112112, 0.07736140869219019, 0.011483642453536794), (0, 0, 0, 0, 0.005830722549430407, 0.00581044063851756, 0.0010314238346594501, 0.06558905567403822, 0.031214344153867698, 0.05098242393361204, 0.058636198412101936, 0.011609122581691191), (0, 0, 0, 0, 0.0031245604405910656, 0.0011719747115187837, 0.006340103655706992, 0.054918809831941695, 0.022183447918441682, 0.04113376704258194, 0.060377966470648976, 0.008582606326587156), (0, 0, 0, 0, 0.0033399659926519436, 0.0006123111840049241, 0.017341396228755735, 0.05010994743356443, 0.019430539957944755, 0.030827563511244507, 0.04942942016742741, 0.01410773646515267), (0, 0, 0, 0, 0.004636665059341568, 0.0018629081951948793, 0.01564801800472277, 0.049034608248431415, 0.025198364243511323, 0.0387452460007873, 0.025381482258816215, 0.014115419455948488), (0, 0, 0, 0, 0.0042271986342742075, 0.004365921989985779, 0.013055311537747347, 0.034905500002043205, 0.010903731407904935, 0.03979004937943689, 0.02753097634345786, 0.014062068566344288)]}}
Client Client 11 has insufficient CPU (1). Will not participate in the next FL round.
Client Client 5 participates in this round. (CPU: 2, RAM: 4)
Client Client 12 has insufficient CPU (1). Will not participate in the next FL round.
Client Client 8 participates in this round. (CPU: 2, RAM: 4)
Client Client 3 participates in this round. (CPU: 2, RAM: 4)
Client Client 7 participates in this round. (CPU: 2, RAM: 4)
Client Client 2 participates in this round. (CPU: 2, RAM: 4)
Client Client 4 participates in this round. (CPU: 2, RAM: 4)
Client Client 1 participates in this round. (CPU: 2, RAM: 4)
Client Client 10 has insufficient CPU (1). Will not participate in the next FL round.
Client Client 6 participates in this round. (CPU: 2, RAM: 4)
Client Client 9 has insufficient CPU (1). Will not participate in the next FL round.
Results Aggregated in 24.91 seconds.
{'TextMLP': {'train_loss': [0.738289095642666, 0.9518197392821311, 0.98367341651188, 0.9142588888804117, 0.7996079509139061, 0.7269799545738432, 0.623320059577624, 0.5579654281934102, 0.5177825630141629, 0.4931914964914322, 0.4728375617897872, 0.46828801778621143, 0.4516576318794336], 'train_accuracy': [0.667, 0.6118958333333333, 0.5981388888888889, 0.654890625, 0.70545, 0.7317326388888888, 0.7743779761904762, 0.7971458333333333, 0.8116412037037037, 0.8208375, 0.8284337121212121, 0.8278958333333334, 0.8360865384615385], 'train_f1': [0.23057206446185174, 0.18653390320050714, 0.21635225181105674, 0.3228383649822223, 0.48725808224292816, 0.6435693079544667, 0.7354064081100105, 0.7716288062445799, 0.7960308036391637, 0.8087508755840331, 0.8192061593170941, 0.817658525460142, 0.8279785453229028], 'train_mae': [0.5918333333333333, 0.6129166666666667, 0.6312777777777778, 0.54275, 0.4833208333333333, 0.45086805555555554, 0.3696130952380952, 0.3313046875, 0.30225694444444445, 0.28477291666666665, 0.2737935606060606, 0.26767534722222225, 0.2572612179487179], 'val_loss': [2.631868732540231, 2.007774822398236, 1.8770874025006044, 1.6628808875774082, 1.3417673570545097, 0.9346007669128868, 0.7359768136865215, 0.6467124583062372, 0.583967607209557, 0.5468677824265079, 0.5178702976044856, 0.5258752598339005, 0.4953608768237265], 'val_accuracy': [0.24998355263157895, 0.25, 0.2699342105263158, 0.35189144736842104, 0.4826315789473684, 0.6220230263157894, 0.7192269736842105, 0.7594736842105262, 0.7847532894736842, 0.7997039473684211, 0.8107730263157895, 0.8036019736842106, 0.8180592105263158], 'val_f1': [0.1000013166210238, 0.1, 0.132877266985387, 0.2322352973885178, 0.40776468347930417, 0.5984379380113718, 0.7121944440167236, 0.7551700700036098, 0.7839268678665825, 0.7985591318169909, 0.8106826642585307, 0.8032785307225424, 0.8169101672256373], 'val_mae': [1.3124342105263158, 1.1875, 1.2757730263157894, 1.0590296052631578, 0.8751973684210527, 0.648125, 0.46034539473684205, 0.39064144736842105, 0.3444736842105263, 0.32013157894736843, 0.3026315789473684, 0.3001315789473684, 0.28475328947368417], 'jsd': [(0, 0, 0, 0, 0.10574191233842169, 0.3011341189272117, 0.2839893455420802, 0.15992533717092694, 0.3392564881963688, 0.16153560565208136, 0.5078698198978966, 0.25351962572888), (0, 0, 0, 0, 0.03519975631486401, 0.1987678729146596, 0.010190618812288565, 0.16010030233107841, 0.27953370960010826, 0.17963458317401598, 0.31983745022202825, 0.11896829096913959), (0, 0, 0, 0, 0.053246964067424594, 0.14383534620231264, 0.051266517253749935, 0.20539558801127922, 0.23773014473443313, 0.1142088133536725, 0.17387325300251036, 0.1381427174220917), (0, 0, 0, 0, 0.033723876184748466, 0.09070894650480413, 0.0513948304121902, 0.18287156816188813, 0.21027240953994275, 0.11386830108126206, 0.1849258459819272, 0.13551568462934416), (0, 0, 0, 0, 0.04238511083062148, 0.09299065952512559, 0.03176490796206424, 0.14032434525993667, 0.12990889390425944, 0.06600914200269734, 0.2000025597352084, 0.031313619823151805), (0, 0, 0, 0, 0.008706713915014198, 0.0026199583771477596, 0.03269305786261023, 0.09109564093565752, 0.0740986692079128, 0.06637410167000284, 0.12050863818194217, 0.005724900850878579), (0, 0, 0, 0, 0.00839612695428878, 0.0057772818032826335, 0.03314651863306636, 0.07334658794150878, 0.05356513860031016, 0.05849394368112112, 0.07736140869219019, 0.011483642453536794), (0, 0, 0, 0, 0.005830722549430407, 0.00581044063851756, 0.0010314238346594501, 0.06558905567403822, 0.031214344153867698, 0.05098242393361204, 0.058636198412101936, 0.011609122581691191), (0, 0, 0, 0, 0.0031245604405910656, 0.0011719747115187837, 0.006340103655706992, 0.054918809831941695, 0.022183447918441682, 0.04113376704258194, 0.060377966470648976, 0.008582606326587156), (0, 0, 0, 0, 0.0033399659926519436, 0.0006123111840049241, 0.017341396228755735, 0.05010994743356443, 0.019430539957944755, 0.030827563511244507, 0.04942942016742741, 0.01410773646515267), (0, 0, 0, 0, 0.004636665059341568, 0.0018629081951948793, 0.01564801800472277, 0.049034608248431415, 0.025198364243511323, 0.0387452460007873, 0.025381482258816215, 0.014115419455948488), (0, 0, 0, 0, 0.0042271986342742075, 0.004365921989985779, 0.013055311537747347, 0.034905500002043205, 0.010903731407904935, 0.03979004937943689, 0.02753097634345786, 0.014062068566344288), (0, 0, 0, 0, 0.004154402690328931, 0.0040501761006039895, 0.011001636635763059, 0.0025163188360388736, 0.00847317851892383, 0.03163780434998852, 0.019047355665951282, 0.016411722290093193)]}}
Client Client 1 participates in this round. (CPU: 2, RAM: 4)
Client Client 8 participates in this round. (CPU: 2, RAM: 4)
Client Client 9 has insufficient CPU (1). Will not participate in the next FL round.
Client Client 11 has insufficient CPU (1). Will not participate in the next FL round.
Client Client 4 participates in this round. (CPU: 2, RAM: 4)
Client Client 10 has insufficient CPU (1). Will not participate in the next FL round.
Client Client 7 participates in this round. (CPU: 2, RAM: 4)
Client Client 12 has insufficient CPU (1). Will not participate in the next FL round.
Client Client 3 participates in this round. (CPU: 2, RAM: 4)
Client Client 2 participates in this round. (CPU: 2, RAM: 4)
Client Client 6 participates in this round. (CPU: 2, RAM: 4)
Client Client 5 participates in this round. (CPU: 2, RAM: 4)
Results Aggregated in 26.75 seconds.
{'TextMLP': {'train_loss': [0.738289095642666, 0.9518197392821311, 0.98367341651188, 0.9142588888804117, 0.7996079509139061, 0.7269799545738432, 0.623320059577624, 0.5579654281934102, 0.5177825630141629, 0.4931914964914322, 0.4728375617897872, 0.46828801778621143, 0.4516576318794336, 0.4513247412159329], 'train_accuracy': [0.667, 0.6118958333333333, 0.5981388888888889, 0.654890625, 0.70545, 0.7317326388888888, 0.7743779761904762, 0.7971458333333333, 0.8116412037037037, 0.8208375, 0.8284337121212121, 0.8278958333333334, 0.8360865384615385, 0.8354107142857143], 'train_f1': [0.23057206446185174, 0.18653390320050714, 0.21635225181105674, 0.3228383649822223, 0.48725808224292816, 0.6435693079544667, 0.7354064081100105, 0.7716288062445799, 0.7960308036391637, 0.8087508755840331, 0.8192061593170941, 0.817658525460142, 0.8279785453229028, 0.8284045682794784], 'train_mae': [0.5918333333333333, 0.6129166666666667, 0.6312777777777778, 0.54275, 0.4833208333333333, 0.45086805555555554, 0.3696130952380952, 0.3313046875, 0.30225694444444445, 0.28477291666666665, 0.2737935606060606, 0.26767534722222225, 0.2572612179487179, 0.26123511904761904], 'val_loss': [2.631868732540231, 2.007774822398236, 1.8770874025006044, 1.6628808875774082, 1.3417673570545097, 0.9346007669128868, 0.7359768136865215, 0.6467124583062372, 0.583967607209557, 0.5468677824265079, 0.5178702976044856, 0.5258752598339005, 0.4953608768237265, 0.4949383571743965], 'val_accuracy': [0.24998355263157895, 0.25, 0.2699342105263158, 0.35189144736842104, 0.4826315789473684, 0.6220230263157894, 0.7192269736842105, 0.7594736842105262, 0.7847532894736842, 0.7997039473684211, 0.8107730263157895, 0.8036019736842106, 0.8180592105263158, 0.8168256578947368], 'val_f1': [0.1000013166210238, 0.1, 0.132877266985387, 0.2322352973885178, 0.40776468347930417, 0.5984379380113718, 0.7121944440167236, 0.7551700700036098, 0.7839268678665825, 0.7985591318169909, 0.8106826642585307, 0.8032785307225424, 0.8169101672256373, 0.816343646778248], 'val_mae': [1.3124342105263158, 1.1875, 1.2757730263157894, 1.0590296052631578, 0.8751973684210527, 0.648125, 0.46034539473684205, 0.39064144736842105, 0.3444736842105263, 0.32013157894736843, 0.3026315789473684, 0.3001315789473684, 0.28475328947368417, 0.28991776315789475], 'jsd': [(0, 0, 0, 0, 0.10574191233842169, 0.3011341189272117, 0.2839893455420802, 0.15992533717092694, 0.3392564881963688, 0.16153560565208136, 0.5078698198978966, 0.25351962572888), (0, 0, 0, 0, 0.03519975631486401, 0.1987678729146596, 0.010190618812288565, 0.16010030233107841, 0.27953370960010826, 0.17963458317401598, 0.31983745022202825, 0.11896829096913959), (0, 0, 0, 0, 0.053246964067424594, 0.14383534620231264, 0.051266517253749935, 0.20539558801127922, 0.23773014473443313, 0.1142088133536725, 0.17387325300251036, 0.1381427174220917), (0, 0, 0, 0, 0.033723876184748466, 0.09070894650480413, 0.0513948304121902, 0.18287156816188813, 0.21027240953994275, 0.11386830108126206, 0.1849258459819272, 0.13551568462934416), (0, 0, 0, 0, 0.04238511083062148, 0.09299065952512559, 0.03176490796206424, 0.14032434525993667, 0.12990889390425944, 0.06600914200269734, 0.2000025597352084, 0.031313619823151805), (0, 0, 0, 0, 0.008706713915014198, 0.0026199583771477596, 0.03269305786261023, 0.09109564093565752, 0.0740986692079128, 0.06637410167000284, 0.12050863818194217, 0.005724900850878579), (0, 0, 0, 0, 0.00839612695428878, 0.0057772818032826335, 0.03314651863306636, 0.07334658794150878, 0.05356513860031016, 0.05849394368112112, 0.07736140869219019, 0.011483642453536794), (0, 0, 0, 0, 0.005830722549430407, 0.00581044063851756, 0.0010314238346594501, 0.06558905567403822, 0.031214344153867698, 0.05098242393361204, 0.058636198412101936, 0.011609122581691191), (0, 0, 0, 0, 0.0031245604405910656, 0.0011719747115187837, 0.006340103655706992, 0.054918809831941695, 0.022183447918441682, 0.04113376704258194, 0.060377966470648976, 0.008582606326587156), (0, 0, 0, 0, 0.0033399659926519436, 0.0006123111840049241, 0.017341396228755735, 0.05010994743356443, 0.019430539957944755, 0.030827563511244507, 0.04942942016742741, 0.01410773646515267), (0, 0, 0, 0, 0.004636665059341568, 0.0018629081951948793, 0.01564801800472277, 0.049034608248431415, 0.025198364243511323, 0.0387452460007873, 0.025381482258816215, 0.014115419455948488), (0, 0, 0, 0, 0.0042271986342742075, 0.004365921989985779, 0.013055311537747347, 0.034905500002043205, 0.010903731407904935, 0.03979004937943689, 0.02753097634345786, 0.014062068566344288), (0, 0, 0, 0, 0.004154402690328931, 0.0040501761006039895, 0.011001636635763059, 0.0025163188360388736, 0.00847317851892383, 0.03163780434998852, 0.019047355665951282, 0.016411722290093193), (0, 0, 0, 0, 0.003642070292872418, 0.005442493550184325, 0.007797144208205722, 0.003597705285710651, 0.0035757893846302766, 0.02668893058029964, 0.011620645980503259, 0.016568983832470904)]}}
Client Client 10 has insufficient CPU (1). Will not participate in the next FL round.
Client Client 11 has insufficient CPU (1). Will not participate in the next FL round.
Client Client 9 has insufficient CPU (1). Will not participate in the next FL round.
Client Client 3 participates in this round. (CPU: 2, RAM: 4)
Client Client 2 participates in this round. (CPU: 2, RAM: 4)
Client Client 4 participates in this round. (CPU: 2, RAM: 4)
Client Client 12 has insufficient CPU (1). Will not participate in the next FL round.
Client Client 6 participates in this round. (CPU: 2, RAM: 4)
Client Client 7 participates in this round. (CPU: 2, RAM: 4)
Client Client 5 participates in this round. (CPU: 2, RAM: 4)
Client Client 1 participates in this round. (CPU: 2, RAM: 4)
Client Client 8 participates in this round. (CPU: 2, RAM: 4)
Results Aggregated in 26.70 seconds.
{'TextMLP': {'train_loss': [0.738289095642666, 0.9518197392821311, 0.98367341651188, 0.9142588888804117, 0.7996079509139061, 0.7269799545738432, 0.623320059577624, 0.5579654281934102, 0.5177825630141629, 0.4931914964914322, 0.4728375617897872, 0.46828801778621143, 0.4516576318794336, 0.4513247412159329, 0.4434743232684003], 'train_accuracy': [0.667, 0.6118958333333333, 0.5981388888888889, 0.654890625, 0.70545, 0.7317326388888888, 0.7743779761904762, 0.7971458333333333, 0.8116412037037037, 0.8208375, 0.8284337121212121, 0.8278958333333334, 0.8360865384615385, 0.8354107142857143, 0.8376111111111111], 'train_f1': [0.23057206446185174, 0.18653390320050714, 0.21635225181105674, 0.3228383649822223, 0.48725808224292816, 0.6435693079544667, 0.7354064081100105, 0.7716288062445799, 0.7960308036391637, 0.8087508755840331, 0.8192061593170941, 0.817658525460142, 0.8279785453229028, 0.8284045682794784, 0.8275887210256991], 'train_mae': [0.5918333333333333, 0.6129166666666667, 0.6312777777777778, 0.54275, 0.4833208333333333, 0.45086805555555554, 0.3696130952380952, 0.3313046875, 0.30225694444444445, 0.28477291666666665, 0.2737935606060606, 0.26767534722222225, 0.2572612179487179, 0.26123511904761904, 0.25854027777777777], 'val_loss': [2.631868732540231, 2.007774822398236, 1.8770874025006044, 1.6628808875774082, 1.3417673570545097, 0.9346007669128868, 0.7359768136865215, 0.6467124583062372, 0.583967607209557, 0.5468677824265079, 0.5178702976044856, 0.5258752598339005, 0.4953608768237265, 0.4949383571743965, 0.49528057171325934], 'val_accuracy': [0.24998355263157895, 0.25, 0.2699342105263158, 0.35189144736842104, 0.4826315789473684, 0.6220230263157894, 0.7192269736842105, 0.7594736842105262, 0.7847532894736842, 0.7997039473684211, 0.8107730263157895, 0.8036019736842106, 0.8180592105263158, 0.8168256578947368, 0.8160690789473685], 'val_f1': [0.1000013166210238, 0.1, 0.132877266985387, 0.2322352973885178, 0.40776468347930417, 0.5984379380113718, 0.7121944440167236, 0.7551700700036098, 0.7839268678665825, 0.7985591318169909, 0.8106826642585307, 0.8032785307225424, 0.8169101672256373, 0.816343646778248, 0.8143381254515053], 'val_mae': [1.3124342105263158, 1.1875, 1.2757730263157894, 1.0590296052631578, 0.8751973684210527, 0.648125, 0.46034539473684205, 0.39064144736842105, 0.3444736842105263, 0.32013157894736843, 0.3026315789473684, 0.3001315789473684, 0.28475328947368417, 0.28991776315789475, 0.2887006578947368], 'jsd': [(0, 0, 0, 0, 0.10574191233842169, 0.3011341189272117, 0.2839893455420802, 0.15992533717092694, 0.3392564881963688, 0.16153560565208136, 0.5078698198978966, 0.25351962572888), (0, 0, 0, 0, 0.03519975631486401, 0.1987678729146596, 0.010190618812288565, 0.16010030233107841, 0.27953370960010826, 0.17963458317401598, 0.31983745022202825, 0.11896829096913959), (0, 0, 0, 0, 0.053246964067424594, 0.14383534620231264, 0.051266517253749935, 0.20539558801127922, 0.23773014473443313, 0.1142088133536725, 0.17387325300251036, 0.1381427174220917), (0, 0, 0, 0, 0.033723876184748466, 0.09070894650480413, 0.0513948304121902, 0.18287156816188813, 0.21027240953994275, 0.11386830108126206, 0.1849258459819272, 0.13551568462934416), (0, 0, 0, 0, 0.04238511083062148, 0.09299065952512559, 0.03176490796206424, 0.14032434525993667, 0.12990889390425944, 0.06600914200269734, 0.2000025597352084, 0.031313619823151805), (0, 0, 0, 0, 0.008706713915014198, 0.0026199583771477596, 0.03269305786261023, 0.09109564093565752, 0.0740986692079128, 0.06637410167000284, 0.12050863818194217, 0.005724900850878579), (0, 0, 0, 0, 0.00839612695428878, 0.0057772818032826335, 0.03314651863306636, 0.07334658794150878, 0.05356513860031016, 0.05849394368112112, 0.07736140869219019, 0.011483642453536794), (0, 0, 0, 0, 0.005830722549430407, 0.00581044063851756, 0.0010314238346594501, 0.06558905567403822, 0.031214344153867698, 0.05098242393361204, 0.058636198412101936, 0.011609122581691191), (0, 0, 0, 0, 0.0031245604405910656, 0.0011719747115187837, 0.006340103655706992, 0.054918809831941695, 0.022183447918441682, 0.04113376704258194, 0.060377966470648976, 0.008582606326587156), (0, 0, 0, 0, 0.0033399659926519436, 0.0006123111840049241, 0.017341396228755735, 0.05010994743356443, 0.019430539957944755, 0.030827563511244507, 0.04942942016742741, 0.01410773646515267), (0, 0, 0, 0, 0.004636665059341568, 0.0018629081951948793, 0.01564801800472277, 0.049034608248431415, 0.025198364243511323, 0.0387452460007873, 0.025381482258816215, 0.014115419455948488), (0, 0, 0, 0, 0.0042271986342742075, 0.004365921989985779, 0.013055311537747347, 0.034905500002043205, 0.010903731407904935, 0.03979004937943689, 0.02753097634345786, 0.014062068566344288), (0, 0, 0, 0, 0.004154402690328931, 0.0040501761006039895, 0.011001636635763059, 0.0025163188360388736, 0.00847317851892383, 0.03163780434998852, 0.019047355665951282, 0.016411722290093193), (0, 0, 0, 0, 0.003642070292872418, 0.005442493550184325, 0.007797144208205722, 0.003597705285710651, 0.0035757893846302766, 0.02668893058029964, 0.011620645980503259, 0.016568983832470904), (0, 0, 0, 0, 0.0036394401889819177, 0.00654912452961811, 0.006846883140791883, 0.0036012479695012208, 0.004035060490223161, 0.025882185415791244, 0.006087332759268474, 0.01988778147445207)]}}
Client Client 3 participates in this round. (CPU: 2, RAM: 4)
Client Client 11 has insufficient CPU (1). Will not participate in the next FL round.
Client Client 8 participates in this round. (CPU: 2, RAM: 4)
Client Client 10 has insufficient CPU (1). Will not participate in the next FL round.
Client Client 4 participates in this round. (CPU: 2, RAM: 4)
Client Client 6 participates in this round. (CPU: 2, RAM: 4)
Client Client 1 participates in this round. (CPU: 2, RAM: 4)
Client Client 9 has insufficient CPU (1). Will not participate in the next FL round.
Client Client 7 participates in this round. (CPU: 2, RAM: 4)
Client Client 2 participates in this round. (CPU: 2, RAM: 4)
Client Client 5 participates in this round. (CPU: 2, RAM: 4)
Client Client 12 has insufficient CPU (1). Will not participate in the next FL round.
Results Aggregated in 28.20 seconds.
{'TextMLP': {'train_loss': [0.738289095642666, 0.9518197392821311, 0.98367341651188, 0.9142588888804117, 0.7996079509139061, 0.7269799545738432, 0.623320059577624, 0.5579654281934102, 0.5177825630141629, 0.4931914964914322, 0.4728375617897872, 0.46828801778621143, 0.4516576318794336, 0.4513247412159329, 0.4434743232684003, 0.45296434666588903], 'train_accuracy': [0.667, 0.6118958333333333, 0.5981388888888889, 0.654890625, 0.70545, 0.7317326388888888, 0.7743779761904762, 0.7971458333333333, 0.8116412037037037, 0.8208375, 0.8284337121212121, 0.8278958333333334, 0.8360865384615385, 0.8354107142857143, 0.8376111111111111, 0.8338893229166666], 'train_f1': [0.23057206446185174, 0.18653390320050714, 0.21635225181105674, 0.3228383649822223, 0.48725808224292816, 0.6435693079544667, 0.7354064081100105, 0.7716288062445799, 0.7960308036391637, 0.8087508755840331, 0.8192061593170941, 0.817658525460142, 0.8279785453229028, 0.8284045682794784, 0.8275887210256991, 0.833126361322212], 'train_mae': [0.5918333333333333, 0.6129166666666667, 0.6312777777777778, 0.54275, 0.4833208333333333, 0.45086805555555554, 0.3696130952380952, 0.3313046875, 0.30225694444444445, 0.28477291666666665, 0.2737935606060606, 0.26767534722222225, 0.2572612179487179, 0.26123511904761904, 0.25854027777777777, 0.2611236979166667], 'val_loss': [2.631868732540231, 2.007774822398236, 1.8770874025006044, 1.6628808875774082, 1.3417673570545097, 0.9346007669128868, 0.7359768136865215, 0.6467124583062372, 0.583967607209557, 0.5468677824265079, 0.5178702976044856, 0.5258752598339005, 0.4953608768237265, 0.4949383571743965, 0.49528057171325934, 0.47539303463540583], 'val_accuracy': [0.24998355263157895, 0.25, 0.2699342105263158, 0.35189144736842104, 0.4826315789473684, 0.6220230263157894, 0.7192269736842105, 0.7594736842105262, 0.7847532894736842, 0.7997039473684211, 0.8107730263157895, 0.8036019736842106, 0.8180592105263158, 0.8168256578947368, 0.8160690789473685, 0.8237006578947368], 'val_f1': [0.1000013166210238, 0.1, 0.132877266985387, 0.2322352973885178, 0.40776468347930417, 0.5984379380113718, 0.7121944440167236, 0.7551700700036098, 0.7839268678665825, 0.7985591318169909, 0.8106826642585307, 0.8032785307225424, 0.8169101672256373, 0.816343646778248, 0.8143381254515053, 0.8234584128641248], 'val_mae': [1.3124342105263158, 1.1875, 1.2757730263157894, 1.0590296052631578, 0.8751973684210527, 0.648125, 0.46034539473684205, 0.39064144736842105, 0.3444736842105263, 0.32013157894736843, 0.3026315789473684, 0.3001315789473684, 0.28475328947368417, 0.28991776315789475, 0.2887006578947368, 0.2746217105263158], 'jsd': [(0, 0, 0, 0, 0.10574191233842169, 0.3011341189272117, 0.2839893455420802, 0.15992533717092694, 0.3392564881963688, 0.16153560565208136, 0.5078698198978966, 0.25351962572888), (0, 0, 0, 0, 0.03519975631486401, 0.1987678729146596, 0.010190618812288565, 0.16010030233107841, 0.27953370960010826, 0.17963458317401598, 0.31983745022202825, 0.11896829096913959), (0, 0, 0, 0, 0.053246964067424594, 0.14383534620231264, 0.051266517253749935, 0.20539558801127922, 0.23773014473443313, 0.1142088133536725, 0.17387325300251036, 0.1381427174220917), (0, 0, 0, 0, 0.033723876184748466, 0.09070894650480413, 0.0513948304121902, 0.18287156816188813, 0.21027240953994275, 0.11386830108126206, 0.1849258459819272, 0.13551568462934416), (0, 0, 0, 0, 0.04238511083062148, 0.09299065952512559, 0.03176490796206424, 0.14032434525993667, 0.12990889390425944, 0.06600914200269734, 0.2000025597352084, 0.031313619823151805), (0, 0, 0, 0, 0.008706713915014198, 0.0026199583771477596, 0.03269305786261023, 0.09109564093565752, 0.0740986692079128, 0.06637410167000284, 0.12050863818194217, 0.005724900850878579), (0, 0, 0, 0, 0.00839612695428878, 0.0057772818032826335, 0.03314651863306636, 0.07334658794150878, 0.05356513860031016, 0.05849394368112112, 0.07736140869219019, 0.011483642453536794), (0, 0, 0, 0, 0.005830722549430407, 0.00581044063851756, 0.0010314238346594501, 0.06558905567403822, 0.031214344153867698, 0.05098242393361204, 0.058636198412101936, 0.011609122581691191), (0, 0, 0, 0, 0.0031245604405910656, 0.0011719747115187837, 0.006340103655706992, 0.054918809831941695, 0.022183447918441682, 0.04113376704258194, 0.060377966470648976, 0.008582606326587156), (0, 0, 0, 0, 0.0033399659926519436, 0.0006123111840049241, 0.017341396228755735, 0.05010994743356443, 0.019430539957944755, 0.030827563511244507, 0.04942942016742741, 0.01410773646515267), (0, 0, 0, 0, 0.004636665059341568, 0.0018629081951948793, 0.01564801800472277, 0.049034608248431415, 0.025198364243511323, 0.0387452460007873, 0.025381482258816215, 0.014115419455948488), (0, 0, 0, 0, 0.0042271986342742075, 0.004365921989985779, 0.013055311537747347, 0.034905500002043205, 0.010903731407904935, 0.03979004937943689, 0.02753097634345786, 0.014062068566344288), (0, 0, 0, 0, 0.004154402690328931, 0.0040501761006039895, 0.011001636635763059, 0.0025163188360388736, 0.00847317851892383, 0.03163780434998852, 0.019047355665951282, 0.016411722290093193), (0, 0, 0, 0, 0.003642070292872418, 0.005442493550184325, 0.007797144208205722, 0.003597705285710651, 0.0035757893846302766, 0.02668893058029964, 0.011620645980503259, 0.016568983832470904), (0, 0, 0, 0, 0.0036394401889819177, 0.00654912452961811, 0.006846883140791883, 0.0036012479695012208, 0.004035060490223161, 0.025882185415791244, 0.006087332759268474, 0.01988778147445207), (0, 0, 0, 0, 0.001901276772278573, 0.00859118062840939, 0.00017725484866924074, 0.0022263101214771795, 0.0022405829447129603, 0.002446102356461652, 0.009039062523010151, 0.005870241484102254)]}}
Client Client 9 has insufficient CPU (1). Will not participate in the next FL round.
Client Client 6 participates in this round. (CPU: 2, RAM: 4)
Client Client 8 participates in this round. (CPU: 2, RAM: 4)
Client Client 12 has insufficient CPU (1). Will not participate in the next FL round.
Client Client 7 participates in this round. (CPU: 2, RAM: 4)
Client Client 5 participates in this round. (CPU: 2, RAM: 4)
Client Client 1 participates in this round. (CPU: 2, RAM: 4)
Client Client 2 participates in this round. (CPU: 2, RAM: 4)
Client Client 10 has insufficient CPU (1). Will not participate in the next FL round.
Client Client 3 participates in this round. (CPU: 2, RAM: 4)
Client Client 11 has insufficient CPU (1). Will not participate in the next FL round.
Client Client 4 participates in this round. (CPU: 2, RAM: 4)
Results Aggregated in 27.23 seconds.
{'TextMLP': {'train_loss': [0.738289095642666, 0.9518197392821311, 0.98367341651188, 0.9142588888804117, 0.7996079509139061, 0.7269799545738432, 0.623320059577624, 0.5579654281934102, 0.5177825630141629, 0.4931914964914322, 0.4728375617897872, 0.46828801778621143, 0.4516576318794336, 0.4513247412159329, 0.4434743232684003, 0.45296434666588903, 0.44858298465258933], 'train_accuracy': [0.667, 0.6118958333333333, 0.5981388888888889, 0.654890625, 0.70545, 0.7317326388888888, 0.7743779761904762, 0.7971458333333333, 0.8116412037037037, 0.8208375, 0.8284337121212121, 0.8278958333333334, 0.8360865384615385, 0.8354107142857143, 0.8376111111111111, 0.8338893229166666, 0.8352708333333333], 'train_f1': [0.23057206446185174, 0.18653390320050714, 0.21635225181105674, 0.3228383649822223, 0.48725808224292816, 0.6435693079544667, 0.7354064081100105, 0.7716288062445799, 0.7960308036391637, 0.8087508755840331, 0.8192061593170941, 0.817658525460142, 0.8279785453229028, 0.8284045682794784, 0.8275887210256991, 0.833126361322212, 0.8349235678972092], 'train_mae': [0.5918333333333333, 0.6129166666666667, 0.6312777777777778, 0.54275, 0.4833208333333333, 0.45086805555555554, 0.3696130952380952, 0.3313046875, 0.30225694444444445, 0.28477291666666665, 0.2737935606060606, 0.26767534722222225, 0.2572612179487179, 0.26123511904761904, 0.25854027777777777, 0.2611236979166667, 0.2614252450980392], 'val_loss': [2.631868732540231, 2.007774822398236, 1.8770874025006044, 1.6628808875774082, 1.3417673570545097, 0.9346007669128868, 0.7359768136865215, 0.6467124583062372, 0.583967607209557, 0.5468677824265079, 0.5178702976044856, 0.5258752598339005, 0.4953608768237265, 0.4949383571743965, 0.49528057171325934, 0.47539303463540583, 0.46580198288748137], 'val_accuracy': [0.24998355263157895, 0.25, 0.2699342105263158, 0.35189144736842104, 0.4826315789473684, 0.6220230263157894, 0.7192269736842105, 0.7594736842105262, 0.7847532894736842, 0.7997039473684211, 0.8107730263157895, 0.8036019736842106, 0.8180592105263158, 0.8168256578947368, 0.8160690789473685, 0.8237006578947368, 0.8266776315789474], 'val_f1': [0.1000013166210238, 0.1, 0.132877266985387, 0.2322352973885178, 0.40776468347930417, 0.5984379380113718, 0.7121944440167236, 0.7551700700036098, 0.7839268678665825, 0.7985591318169909, 0.8106826642585307, 0.8032785307225424, 0.8169101672256373, 0.816343646778248, 0.8143381254515053, 0.8234584128641248, 0.826219359408852], 'val_mae': [1.3124342105263158, 1.1875, 1.2757730263157894, 1.0590296052631578, 0.8751973684210527, 0.648125, 0.46034539473684205, 0.39064144736842105, 0.3444736842105263, 0.32013157894736843, 0.3026315789473684, 0.3001315789473684, 0.28475328947368417, 0.28991776315789475, 0.2887006578947368, 0.2746217105263158, 0.2721217105263158], 'jsd': [(0, 0, 0, 0, 0.10574191233842169, 0.3011341189272117, 0.2839893455420802, 0.15992533717092694, 0.3392564881963688, 0.16153560565208136, 0.5078698198978966, 0.25351962572888), (0, 0, 0, 0, 0.03519975631486401, 0.1987678729146596, 0.010190618812288565, 0.16010030233107841, 0.27953370960010826, 0.17963458317401598, 0.31983745022202825, 0.11896829096913959), (0, 0, 0, 0, 0.053246964067424594, 0.14383534620231264, 0.051266517253749935, 0.20539558801127922, 0.23773014473443313, 0.1142088133536725, 0.17387325300251036, 0.1381427174220917), (0, 0, 0, 0, 0.033723876184748466, 0.09070894650480413, 0.0513948304121902, 0.18287156816188813, 0.21027240953994275, 0.11386830108126206, 0.1849258459819272, 0.13551568462934416), (0, 0, 0, 0, 0.04238511083062148, 0.09299065952512559, 0.03176490796206424, 0.14032434525993667, 0.12990889390425944, 0.06600914200269734, 0.2000025597352084, 0.031313619823151805), (0, 0, 0, 0, 0.008706713915014198, 0.0026199583771477596, 0.03269305786261023, 0.09109564093565752, 0.0740986692079128, 0.06637410167000284, 0.12050863818194217, 0.005724900850878579), (0, 0, 0, 0, 0.00839612695428878, 0.0057772818032826335, 0.03314651863306636, 0.07334658794150878, 0.05356513860031016, 0.05849394368112112, 0.07736140869219019, 0.011483642453536794), (0, 0, 0, 0, 0.005830722549430407, 0.00581044063851756, 0.0010314238346594501, 0.06558905567403822, 0.031214344153867698, 0.05098242393361204, 0.058636198412101936, 0.011609122581691191), (0, 0, 0, 0, 0.0031245604405910656, 0.0011719747115187837, 0.006340103655706992, 0.054918809831941695, 0.022183447918441682, 0.04113376704258194, 0.060377966470648976, 0.008582606326587156), (0, 0, 0, 0, 0.0033399659926519436, 0.0006123111840049241, 0.017341396228755735, 0.05010994743356443, 0.019430539957944755, 0.030827563511244507, 0.04942942016742741, 0.01410773646515267), (0, 0, 0, 0, 0.004636665059341568, 0.0018629081951948793, 0.01564801800472277, 0.049034608248431415, 0.025198364243511323, 0.0387452460007873, 0.025381482258816215, 0.014115419455948488), (0, 0, 0, 0, 0.0042271986342742075, 0.004365921989985779, 0.013055311537747347, 0.034905500002043205, 0.010903731407904935, 0.03979004937943689, 0.02753097634345786, 0.014062068566344288), (0, 0, 0, 0, 0.004154402690328931, 0.0040501761006039895, 0.011001636635763059, 0.0025163188360388736, 0.00847317851892383, 0.03163780434998852, 0.019047355665951282, 0.016411722290093193), (0, 0, 0, 0, 0.003642070292872418, 0.005442493550184325, 0.007797144208205722, 0.003597705285710651, 0.0035757893846302766, 0.02668893058029964, 0.011620645980503259, 0.016568983832470904), (0, 0, 0, 0, 0.0036394401889819177, 0.00654912452961811, 0.006846883140791883, 0.0036012479695012208, 0.004035060490223161, 0.025882185415791244, 0.006087332759268474, 0.01988778147445207), (0, 0, 0, 0, 0.001901276772278573, 0.00859118062840939, 0.00017725484866924074, 0.0022263101214771795, 0.0022405829447129603, 0.002446102356461652, 0.009039062523010151, 0.005870241484102254), (0, 0, 0, 0, 0.0009280568573482115, 0.00014638267524801616, 5.736078310393999e-05, 0.0008887119752668711, 0.00236815833813641, 0.0031808036722378785, 0.006632612208554817, 0.0008983753931555041)]}}
Client Client 7 participates in this round. (CPU: 2, RAM: 4)
Client Client 8 participates in this round. (CPU: 2, RAM: 4)
Client Client 9 has insufficient CPU (1). Will not participate in the next FL round.
Client Client 4 participates in this round. (CPU: 2, RAM: 4)
Client Client 11 has insufficient CPU (1). Will not participate in the next FL round.
Client Client 5 participates in this round. (CPU: 2, RAM: 4)
Client Client 2 participates in this round. (CPU: 2, RAM: 4)
Client Client 1 participates in this round. (CPU: 2, RAM: 4)
Client Client 10 has insufficient CPU (1). Will not participate in the next FL round.
Client Client 3 participates in this round. (CPU: 2, RAM: 4)
Client Client 12 has insufficient CPU (1). Will not participate in the next FL round.
Client Client 6 participates in this round. (CPU: 2, RAM: 4)
Results Aggregated in 28.87 seconds.
{'TextMLP': {'train_loss': [0.738289095642666, 0.9518197392821311, 0.98367341651188, 0.9142588888804117, 0.7996079509139061, 0.7269799545738432, 0.623320059577624, 0.5579654281934102, 0.5177825630141629, 0.4931914964914322, 0.4728375617897872, 0.46828801778621143, 0.4516576318794336, 0.4513247412159329, 0.4434743232684003, 0.45296434666588903, 0.44858298465258933, 0.44445126262417545], 'train_accuracy': [0.667, 0.6118958333333333, 0.5981388888888889, 0.654890625, 0.70545, 0.7317326388888888, 0.7743779761904762, 0.7971458333333333, 0.8116412037037037, 0.8208375, 0.8284337121212121, 0.8278958333333334, 0.8360865384615385, 0.8354107142857143, 0.8376111111111111, 0.8338893229166666, 0.8352708333333333, 0.8371886574074074], 'train_f1': [0.23057206446185174, 0.18653390320050714, 0.21635225181105674, 0.3228383649822223, 0.48725808224292816, 0.6435693079544667, 0.7354064081100105, 0.7716288062445799, 0.7960308036391637, 0.8087508755840331, 0.8192061593170941, 0.817658525460142, 0.8279785453229028, 0.8284045682794784, 0.8275887210256991, 0.833126361322212, 0.8349235678972092, 0.8371665101948209], 'train_mae': [0.5918333333333333, 0.6129166666666667, 0.6312777777777778, 0.54275, 0.4833208333333333, 0.45086805555555554, 0.3696130952380952, 0.3313046875, 0.30225694444444445, 0.28477291666666665, 0.2737935606060606, 0.26767534722222225, 0.2572612179487179, 0.26123511904761904, 0.25854027777777777, 0.2611236979166667, 0.2614252450980392, 0.26006944444444446], 'val_loss': [2.631868732540231, 2.007774822398236, 1.8770874025006044, 1.6628808875774082, 1.3417673570545097, 0.9346007669128868, 0.7359768136865215, 0.6467124583062372, 0.583967607209557, 0.5468677824265079, 0.5178702976044856, 0.5258752598339005, 0.4953608768237265, 0.4949383571743965, 0.49528057171325934, 0.47539303463540583, 0.46580198288748137, 0.46483230348480375], 'val_accuracy': [0.24998355263157895, 0.25, 0.2699342105263158, 0.35189144736842104, 0.4826315789473684, 0.6220230263157894, 0.7192269736842105, 0.7594736842105262, 0.7847532894736842, 0.7997039473684211, 0.8107730263157895, 0.8036019736842106, 0.8180592105263158, 0.8168256578947368, 0.8160690789473685, 0.8237006578947368, 0.8266776315789474, 0.8290625], 'val_f1': [0.1000013166210238, 0.1, 0.132877266985387, 0.2322352973885178, 0.40776468347930417, 0.5984379380113718, 0.7121944440167236, 0.7551700700036098, 0.7839268678665825, 0.7985591318169909, 0.8106826642585307, 0.8032785307225424, 0.8169101672256373, 0.816343646778248, 0.8143381254515053, 0.8234584128641248, 0.826219359408852, 0.8289236161301508], 'val_mae': [1.3124342105263158, 1.1875, 1.2757730263157894, 1.0590296052631578, 0.8751973684210527, 0.648125, 0.46034539473684205, 0.39064144736842105, 0.3444736842105263, 0.32013157894736843, 0.3026315789473684, 0.3001315789473684, 0.28475328947368417, 0.28991776315789475, 0.2887006578947368, 0.2746217105263158, 0.2721217105263158, 0.2710690789473684], 'jsd': [(0, 0, 0, 0, 0.10574191233842169, 0.3011341189272117, 0.2839893455420802, 0.15992533717092694, 0.3392564881963688, 0.16153560565208136, 0.5078698198978966, 0.25351962572888), (0, 0, 0, 0, 0.03519975631486401, 0.1987678729146596, 0.010190618812288565, 0.16010030233107841, 0.27953370960010826, 0.17963458317401598, 0.31983745022202825, 0.11896829096913959), (0, 0, 0, 0, 0.053246964067424594, 0.14383534620231264, 0.051266517253749935, 0.20539558801127922, 0.23773014473443313, 0.1142088133536725, 0.17387325300251036, 0.1381427174220917), (0, 0, 0, 0, 0.033723876184748466, 0.09070894650480413, 0.0513948304121902, 0.18287156816188813, 0.21027240953994275, 0.11386830108126206, 0.1849258459819272, 0.13551568462934416), (0, 0, 0, 0, 0.04238511083062148, 0.09299065952512559, 0.03176490796206424, 0.14032434525993667, 0.12990889390425944, 0.06600914200269734, 0.2000025597352084, 0.031313619823151805), (0, 0, 0, 0, 0.008706713915014198, 0.0026199583771477596, 0.03269305786261023, 0.09109564093565752, 0.0740986692079128, 0.06637410167000284, 0.12050863818194217, 0.005724900850878579), (0, 0, 0, 0, 0.00839612695428878, 0.0057772818032826335, 0.03314651863306636, 0.07334658794150878, 0.05356513860031016, 0.05849394368112112, 0.07736140869219019, 0.011483642453536794), (0, 0, 0, 0, 0.005830722549430407, 0.00581044063851756, 0.0010314238346594501, 0.06558905567403822, 0.031214344153867698, 0.05098242393361204, 0.058636198412101936, 0.011609122581691191), (0, 0, 0, 0, 0.0031245604405910656, 0.0011719747115187837, 0.006340103655706992, 0.054918809831941695, 0.022183447918441682, 0.04113376704258194, 0.060377966470648976, 0.008582606326587156), (0, 0, 0, 0, 0.0033399659926519436, 0.0006123111840049241, 0.017341396228755735, 0.05010994743356443, 0.019430539957944755, 0.030827563511244507, 0.04942942016742741, 0.01410773646515267), (0, 0, 0, 0, 0.004636665059341568, 0.0018629081951948793, 0.01564801800472277, 0.049034608248431415, 0.025198364243511323, 0.0387452460007873, 0.025381482258816215, 0.014115419455948488), (0, 0, 0, 0, 0.0042271986342742075, 0.004365921989985779, 0.013055311537747347, 0.034905500002043205, 0.010903731407904935, 0.03979004937943689, 0.02753097634345786, 0.014062068566344288), (0, 0, 0, 0, 0.004154402690328931, 0.0040501761006039895, 0.011001636635763059, 0.0025163188360388736, 0.00847317851892383, 0.03163780434998852, 0.019047355665951282, 0.016411722290093193), (0, 0, 0, 0, 0.003642070292872418, 0.005442493550184325, 0.007797144208205722, 0.003597705285710651, 0.0035757893846302766, 0.02668893058029964, 0.011620645980503259, 0.016568983832470904), (0, 0, 0, 0, 0.0036394401889819177, 0.00654912452961811, 0.006846883140791883, 0.0036012479695012208, 0.004035060490223161, 0.025882185415791244, 0.006087332759268474, 0.01988778147445207), (0, 0, 0, 0, 0.001901276772278573, 0.00859118062840939, 0.00017725484866924074, 0.0022263101214771795, 0.0022405829447129603, 0.002446102356461652, 0.009039062523010151, 0.005870241484102254), (0, 0, 0, 0, 0.0009280568573482115, 0.00014638267524801616, 5.736078310393999e-05, 0.0008887119752668711, 0.00236815833813641, 0.0031808036722378785, 0.006632612208554817, 0.0008983753931555041), (0, 0, 0, 0, 0.0008177506884514546, 0.00015116487499068198, 0.00021554393618948044, 0.00043830766131598784, 0.002454251809688262, 0.002133330510782268, 0.0025165106689104813, 0.0011940963927394776)]}}
Client Client 11 has insufficient CPU (1). Will not participate in the next FL round.
Client Client 5 participates in this round. (CPU: 2, RAM: 4)
Client Client 12 has insufficient CPU (1). Will not participate in the next FL round.
Client Client 9 has insufficient CPU (1). Will not participate in the next FL round.
Client Client 10 has insufficient CPU (1). Will not participate in the next FL round.
Client Client 2 participates in this round. (CPU: 2, RAM: 4)
Client Client 3 participates in this round. (CPU: 2, RAM: 4)
Client Client 6 participates in this round. (CPU: 2, RAM: 4)
Client Client 1 participates in this round. (CPU: 2, RAM: 4)
Client Client 7 participates in this round. (CPU: 2, RAM: 4)
Client Client 4 participates in this round. (CPU: 2, RAM: 4)
Client Client 8 participates in this round. (CPU: 2, RAM: 4)
Results Aggregated in 28.83 seconds.
{'TextMLP': {'train_loss': [0.738289095642666, 0.9518197392821311, 0.98367341651188, 0.9142588888804117, 0.7996079509139061, 0.7269799545738432, 0.623320059577624, 0.5579654281934102, 0.5177825630141629, 0.4931914964914322, 0.4728375617897872, 0.46828801778621143, 0.4516576318794336, 0.4513247412159329, 0.4434743232684003, 0.45296434666588903, 0.44858298465258933, 0.44445126262417545, 0.43963558696131955], 'train_accuracy': [0.667, 0.6118958333333333, 0.5981388888888889, 0.654890625, 0.70545, 0.7317326388888888, 0.7743779761904762, 0.7971458333333333, 0.8116412037037037, 0.8208375, 0.8284337121212121, 0.8278958333333334, 0.8360865384615385, 0.8354107142857143, 0.8376111111111111, 0.8338893229166666, 0.8352708333333333, 0.8371886574074074, 0.8389550438596491], 'train_f1': [0.23057206446185174, 0.18653390320050714, 0.21635225181105674, 0.3228383649822223, 0.48725808224292816, 0.6435693079544667, 0.7354064081100105, 0.7716288062445799, 0.7960308036391637, 0.8087508755840331, 0.8192061593170941, 0.817658525460142, 0.8279785453229028, 0.8284045682794784, 0.8275887210256991, 0.833126361322212, 0.8349235678972092, 0.8371665101948209, 0.8386760989360429], 'train_mae': [0.5918333333333333, 0.6129166666666667, 0.6312777777777778, 0.54275, 0.4833208333333333, 0.45086805555555554, 0.3696130952380952, 0.3313046875, 0.30225694444444445, 0.28477291666666665, 0.2737935606060606, 0.26767534722222225, 0.2572612179487179, 0.26123511904761904, 0.25854027777777777, 0.2611236979166667, 0.2614252450980392, 0.26006944444444446, 0.2562302631578947], 'val_loss': [2.631868732540231, 2.007774822398236, 1.8770874025006044, 1.6628808875774082, 1.3417673570545097, 0.9346007669128868, 0.7359768136865215, 0.6467124583062372, 0.583967607209557, 0.5468677824265079, 0.5178702976044856, 0.5258752598339005, 0.4953608768237265, 0.4949383571743965, 0.49528057171325934, 0.47539303463540583, 0.46580198288748137, 0.46483230348480375, 0.4594479020332035], 'val_accuracy': [0.24998355263157895, 0.25, 0.2699342105263158, 0.35189144736842104, 0.4826315789473684, 0.6220230263157894, 0.7192269736842105, 0.7594736842105262, 0.7847532894736842, 0.7997039473684211, 0.8107730263157895, 0.8036019736842106, 0.8180592105263158, 0.8168256578947368, 0.8160690789473685, 0.8237006578947368, 0.8266776315789474, 0.8290625, 0.829703947368421], 'val_f1': [0.1000013166210238, 0.1, 0.132877266985387, 0.2322352973885178, 0.40776468347930417, 0.5984379380113718, 0.7121944440167236, 0.7551700700036098, 0.7839268678665825, 0.7985591318169909, 0.8106826642585307, 0.8032785307225424, 0.8169101672256373, 0.816343646778248, 0.8143381254515053, 0.8234584128641248, 0.826219359408852, 0.8289236161301508, 0.8291859341964531], 'val_mae': [1.3124342105263158, 1.1875, 1.2757730263157894, 1.0590296052631578, 0.8751973684210527, 0.648125, 0.46034539473684205, 0.39064144736842105, 0.3444736842105263, 0.32013157894736843, 0.3026315789473684, 0.3001315789473684, 0.28475328947368417, 0.28991776315789475, 0.2887006578947368, 0.2746217105263158, 0.2721217105263158, 0.2710690789473684, 0.2690625], 'jsd': [(0, 0, 0, 0, 0.10574191233842169, 0.3011341189272117, 0.2839893455420802, 0.15992533717092694, 0.3392564881963688, 0.16153560565208136, 0.5078698198978966, 0.25351962572888), (0, 0, 0, 0, 0.03519975631486401, 0.1987678729146596, 0.010190618812288565, 0.16010030233107841, 0.27953370960010826, 0.17963458317401598, 0.31983745022202825, 0.11896829096913959), (0, 0, 0, 0, 0.053246964067424594, 0.14383534620231264, 0.051266517253749935, 0.20539558801127922, 0.23773014473443313, 0.1142088133536725, 0.17387325300251036, 0.1381427174220917), (0, 0, 0, 0, 0.033723876184748466, 0.09070894650480413, 0.0513948304121902, 0.18287156816188813, 0.21027240953994275, 0.11386830108126206, 0.1849258459819272, 0.13551568462934416), (0, 0, 0, 0, 0.04238511083062148, 0.09299065952512559, 0.03176490796206424, 0.14032434525993667, 0.12990889390425944, 0.06600914200269734, 0.2000025597352084, 0.031313619823151805), (0, 0, 0, 0, 0.008706713915014198, 0.0026199583771477596, 0.03269305786261023, 0.09109564093565752, 0.0740986692079128, 0.06637410167000284, 0.12050863818194217, 0.005724900850878579), (0, 0, 0, 0, 0.00839612695428878, 0.0057772818032826335, 0.03314651863306636, 0.07334658794150878, 0.05356513860031016, 0.05849394368112112, 0.07736140869219019, 0.011483642453536794), (0, 0, 0, 0, 0.005830722549430407, 0.00581044063851756, 0.0010314238346594501, 0.06558905567403822, 0.031214344153867698, 0.05098242393361204, 0.058636198412101936, 0.011609122581691191), (0, 0, 0, 0, 0.0031245604405910656, 0.0011719747115187837, 0.006340103655706992, 0.054918809831941695, 0.022183447918441682, 0.04113376704258194, 0.060377966470648976, 0.008582606326587156), (0, 0, 0, 0, 0.0033399659926519436, 0.0006123111840049241, 0.017341396228755735, 0.05010994743356443, 0.019430539957944755, 0.030827563511244507, 0.04942942016742741, 0.01410773646515267), (0, 0, 0, 0, 0.004636665059341568, 0.0018629081951948793, 0.01564801800472277, 0.049034608248431415, 0.025198364243511323, 0.0387452460007873, 0.025381482258816215, 0.014115419455948488), (0, 0, 0, 0, 0.0042271986342742075, 0.004365921989985779, 0.013055311537747347, 0.034905500002043205, 0.010903731407904935, 0.03979004937943689, 0.02753097634345786, 0.014062068566344288), (0, 0, 0, 0, 0.004154402690328931, 0.0040501761006039895, 0.011001636635763059, 0.0025163188360388736, 0.00847317851892383, 0.03163780434998852, 0.019047355665951282, 0.016411722290093193), (0, 0, 0, 0, 0.003642070292872418, 0.005442493550184325, 0.007797144208205722, 0.003597705285710651, 0.0035757893846302766, 0.02668893058029964, 0.011620645980503259, 0.016568983832470904), (0, 0, 0, 0, 0.0036394401889819177, 0.00654912452961811, 0.006846883140791883, 0.0036012479695012208, 0.004035060490223161, 0.025882185415791244, 0.006087332759268474, 0.01988778147445207), (0, 0, 0, 0, 0.001901276772278573, 0.00859118062840939, 0.00017725484866924074, 0.0022263101214771795, 0.0022405829447129603, 0.002446102356461652, 0.009039062523010151, 0.005870241484102254), (0, 0, 0, 0, 0.0009280568573482115, 0.00014638267524801616, 5.736078310393999e-05, 0.0008887119752668711, 0.00236815833813641, 0.0031808036722378785, 0.006632612208554817, 0.0008983753931555041), (0, 0, 0, 0, 0.0008177506884514546, 0.00015116487499068198, 0.00021554393618948044, 0.00043830766131598784, 0.002454251809688262, 0.002133330510782268, 0.0025165106689104813, 0.0011940963927394776), (0, 0, 0, 0, 0.0001685472290207258, 4.2389295246478514e-05, 0.00021840714033242656, 1.322421741049146e-06, 0.0015869178618248166, 0.0015869178618248166, 8.970678537777188e-05, 0.0003715022557960468)]}}
Client Client 4 participates in this round. (CPU: 2, RAM: 4)
Client Client 1 participates in this round. (CPU: 2, RAM: 4)
Client Client 9 has insufficient CPU (1). Will not participate in the next FL round.
Client Client 3 participates in this round. (CPU: 2, RAM: 4)
Client Client 10 has insufficient CPU (1). Will not participate in the next FL round.
Client Client 12 has insufficient CPU (1). Will not participate in the next FL round.
Client Client 2 participates in this round. (CPU: 2, RAM: 4)
Client Client 11 has insufficient CPU (1). Will not participate in the next FL round.
Client Client 5 participates in this round. (CPU: 2, RAM: 4)
Client Client 8 participates in this round. (CPU: 2, RAM: 4)
Client Client 6 participates in this round. (CPU: 2, RAM: 4)
Client Client 7 participates in this round. (CPU: 2, RAM: 4)
Results Aggregated in 29.96 seconds.
{'TextMLP': {'train_loss': [0.738289095642666, 0.9518197392821311, 0.98367341651188, 0.9142588888804117, 0.7996079509139061, 0.7269799545738432, 0.623320059577624, 0.5579654281934102, 0.5177825630141629, 0.4931914964914322, 0.4728375617897872, 0.46828801778621143, 0.4516576318794336, 0.4513247412159329, 0.4434743232684003, 0.45296434666588903, 0.44858298465258933, 0.44445126262417545, 0.43963558696131955, 0.44048559973736606], 'train_accuracy': [0.667, 0.6118958333333333, 0.5981388888888889, 0.654890625, 0.70545, 0.7317326388888888, 0.7743779761904762, 0.7971458333333333, 0.8116412037037037, 0.8208375, 0.8284337121212121, 0.8278958333333334, 0.8360865384615385, 0.8354107142857143, 0.8376111111111111, 0.8338893229166666, 0.8352708333333333, 0.8371886574074074, 0.8389550438596491, 0.838371875], 'train_f1': [0.23057206446185174, 0.18653390320050714, 0.21635225181105674, 0.3228383649822223, 0.48725808224292816, 0.6435693079544667, 0.7354064081100105, 0.7716288062445799, 0.7960308036391637, 0.8087508755840331, 0.8192061593170941, 0.817658525460142, 0.8279785453229028, 0.8284045682794784, 0.8275887210256991, 0.833126361322212, 0.8349235678972092, 0.8371665101948209, 0.8386760989360429, 0.8383358022958901], 'train_mae': [0.5918333333333333, 0.6129166666666667, 0.6312777777777778, 0.54275, 0.4833208333333333, 0.45086805555555554, 0.3696130952380952, 0.3313046875, 0.30225694444444445, 0.28477291666666665, 0.2737935606060606, 0.26767534722222225, 0.2572612179487179, 0.26123511904761904, 0.25854027777777777, 0.2611236979166667, 0.2614252450980392, 0.26006944444444446, 0.2562302631578947, 0.25747604166666666], 'val_loss': [2.631868732540231, 2.007774822398236, 1.8770874025006044, 1.6628808875774082, 1.3417673570545097, 0.9346007669128868, 0.7359768136865215, 0.6467124583062372, 0.583967607209557, 0.5468677824265079, 0.5178702976044856, 0.5258752598339005, 0.4953608768237265, 0.4949383571743965, 0.49528057171325934, 0.47539303463540583, 0.46580198288748137, 0.46483230348480375, 0.4594479020332035, 0.4603631911465996], 'val_accuracy': [0.24998355263157895, 0.25, 0.2699342105263158, 0.35189144736842104, 0.4826315789473684, 0.6220230263157894, 0.7192269736842105, 0.7594736842105262, 0.7847532894736842, 0.7997039473684211, 0.8107730263157895, 0.8036019736842106, 0.8180592105263158, 0.8168256578947368, 0.8160690789473685, 0.8237006578947368, 0.8266776315789474, 0.8290625, 0.829703947368421, 0.8300164473684211], 'val_f1': [0.1000013166210238, 0.1, 0.132877266985387, 0.2322352973885178, 0.40776468347930417, 0.5984379380113718, 0.7121944440167236, 0.7551700700036098, 0.7839268678665825, 0.7985591318169909, 0.8106826642585307, 0.8032785307225424, 0.8169101672256373, 0.816343646778248, 0.8143381254515053, 0.8234584128641248, 0.826219359408852, 0.8289236161301508, 0.8291859341964531, 0.8299274453026311], 'val_mae': [1.3124342105263158, 1.1875, 1.2757730263157894, 1.0590296052631578, 0.8751973684210527, 0.648125, 0.46034539473684205, 0.39064144736842105, 0.3444736842105263, 0.32013157894736843, 0.3026315789473684, 0.3001315789473684, 0.28475328947368417, 0.28991776315789475, 0.2887006578947368, 0.2746217105263158, 0.2721217105263158, 0.2710690789473684, 0.2690625, 0.2689638157894737], 'jsd': [(0, 0, 0, 0, 0.10574191233842169, 0.3011341189272117, 0.2839893455420802, 0.15992533717092694, 0.3392564881963688, 0.16153560565208136, 0.5078698198978966, 0.25351962572888), (0, 0, 0, 0, 0.03519975631486401, 0.1987678729146596, 0.010190618812288565, 0.16010030233107841, 0.27953370960010826, 0.17963458317401598, 0.31983745022202825, 0.11896829096913959), (0, 0, 0, 0, 0.053246964067424594, 0.14383534620231264, 0.051266517253749935, 0.20539558801127922, 0.23773014473443313, 0.1142088133536725, 0.17387325300251036, 0.1381427174220917), (0, 0, 0, 0, 0.033723876184748466, 0.09070894650480413, 0.0513948304121902, 0.18287156816188813, 0.21027240953994275, 0.11386830108126206, 0.1849258459819272, 0.13551568462934416), (0, 0, 0, 0, 0.04238511083062148, 0.09299065952512559, 0.03176490796206424, 0.14032434525993667, 0.12990889390425944, 0.06600914200269734, 0.2000025597352084, 0.031313619823151805), (0, 0, 0, 0, 0.008706713915014198, 0.0026199583771477596, 0.03269305786261023, 0.09109564093565752, 0.0740986692079128, 0.06637410167000284, 0.12050863818194217, 0.005724900850878579), (0, 0, 0, 0, 0.00839612695428878, 0.0057772818032826335, 0.03314651863306636, 0.07334658794150878, 0.05356513860031016, 0.05849394368112112, 0.07736140869219019, 0.011483642453536794), (0, 0, 0, 0, 0.005830722549430407, 0.00581044063851756, 0.0010314238346594501, 0.06558905567403822, 0.031214344153867698, 0.05098242393361204, 0.058636198412101936, 0.011609122581691191), (0, 0, 0, 0, 0.0031245604405910656, 0.0011719747115187837, 0.006340103655706992, 0.054918809831941695, 0.022183447918441682, 0.04113376704258194, 0.060377966470648976, 0.008582606326587156), (0, 0, 0, 0, 0.0033399659926519436, 0.0006123111840049241, 0.017341396228755735, 0.05010994743356443, 0.019430539957944755, 0.030827563511244507, 0.04942942016742741, 0.01410773646515267), (0, 0, 0, 0, 0.004636665059341568, 0.0018629081951948793, 0.01564801800472277, 0.049034608248431415, 0.025198364243511323, 0.0387452460007873, 0.025381482258816215, 0.014115419455948488), (0, 0, 0, 0, 0.0042271986342742075, 0.004365921989985779, 0.013055311537747347, 0.034905500002043205, 0.010903731407904935, 0.03979004937943689, 0.02753097634345786, 0.014062068566344288), (0, 0, 0, 0, 0.004154402690328931, 0.0040501761006039895, 0.011001636635763059, 0.0025163188360388736, 0.00847317851892383, 0.03163780434998852, 0.019047355665951282, 0.016411722290093193), (0, 0, 0, 0, 0.003642070292872418, 0.005442493550184325, 0.007797144208205722, 0.003597705285710651, 0.0035757893846302766, 0.02668893058029964, 0.011620645980503259, 0.016568983832470904), (0, 0, 0, 0, 0.0036394401889819177, 0.00654912452961811, 0.006846883140791883, 0.0036012479695012208, 0.004035060490223161, 0.025882185415791244, 0.006087332759268474, 0.01988778147445207), (0, 0, 0, 0, 0.001901276772278573, 0.00859118062840939, 0.00017725484866924074, 0.0022263101214771795, 0.0022405829447129603, 0.002446102356461652, 0.009039062523010151, 0.005870241484102254), (0, 0, 0, 0, 0.0009280568573482115, 0.00014638267524801616, 5.736078310393999e-05, 0.0008887119752668711, 0.00236815833813641, 0.0031808036722378785, 0.006632612208554817, 0.0008983753931555041), (0, 0, 0, 0, 0.0008177506884514546, 0.00015116487499068198, 0.00021554393618948044, 0.00043830766131598784, 0.002454251809688262, 0.002133330510782268, 0.0025165106689104813, 0.0011940963927394776), (0, 0, 0, 0, 0.0001685472290207258, 4.2389295246478514e-05, 0.00021840714033242656, 1.322421741049146e-06, 0.0015869178618248166, 0.0015869178618248166, 8.970678537777188e-05, 0.0003715022557960468), (0, 0, 0, 0, 0, 0, 0, 0, 0, 0, 0, 0)]}}
