==========================================
  ___  ______  ___ ______       _ 
 / _ \ | ___ \/   ||  ___|     | |
/ /_\ \| |_/ / /| || |_ ___  __| |
|  _  ||  __/ /_| ||  _/ _ \/ _` |
| | | || |  \___  || ||  __/ (_| |
\_| |_/\_|      |_/\_| \___|\__,_| v.1.5.0

==========================================
Simulation Started!
List of the Architectural Patterns enabled:
Adaptation Enabled ✅
Metric: time, bo-based: predictors/bo_model_compressor_text.pkl
Client Registry ✅
Message Compressor ✅
==========================================
client Client 26 injecting delay of 1 seconds
client Client 28 injecting delay of 8 seconds
Local parameters compressed: reduced 5304 bytes (7.19%)
client Client 30 injecting delay of 7 seconds
client Client 31 injecting delay of 4 seconds
client Client 27 injecting delay of 3 seconds
client Client 32 injecting delay of 9 seconds
client Client 29 injecting delay of 2 seconds
client Client 24 injecting delay of 10 seconds
client Client 25 injecting delay of 7 seconds
client Client 23 injecting delay of 3 seconds
Local parameters compressed: reduced 5271 bytes (7.14%)
Local parameters compressed: reduced 5304 bytes (7.19%)
Local parameters compressed: reduced 5289 bytes (7.17%)
Local parameters compressed: reduced 5248 bytes (7.11%)
Local parameters compressed: reduced 5331 bytes (7.22%)
Local parameters compressed: reduced 5274 bytes (7.15%)
Local parameters compressed: reduced 5268 bytes (7.14%)
Local parameters compressed: reduced 5273 bytes (7.15%)
Local parameters compressed: reduced 5274 bytes (7.15%)
Results Aggregated in 37.76 seconds.
{'TextMLP': {'train_loss': [0.5767375781583786], 'train_accuracy': [0.79055], 'train_f1': [0.7902361370527368], 'train_mae': [0.33309916666666667], 'val_loss': [0.5881047721160085], 'val_accuracy': [0.7833421052631578], 'val_f1': [0.7829750439112088], 'val_mae': [0.343], 'jsd': [(0, 0, 0, 0, 0, 0, 0, 0, 0, 0)]}}
AdaptationManager: Configuring next round...
{'client_registry': {'enabled': True, 'params': {}}, 'client_selector': {'enabled': False, 'params': {}}, 'client_cluster': {'enabled': False, 'params': {}}, 'message_compressor': {'enabled': True, 'params': {}}, 'model_co-versioning_registry': {'enabled': False, 'params': {}}, 'multi-task_model_trainer': {'enabled': False, 'params': {}}, 'heterogeneous_data_handler': {'enabled': False, 'params': {}}}
{'client_selector': {'enabled': False}, 'client_cluster': {'enabled': False}, 'message_compressor': {'enabled': True}, 'model_co-versioning_registry': {'enabled': False}, 'multi-task_model_trainer': {'enabled': False}, 'heterogeneous_data_handler': {'enabled': False}, 'client_registry': {'enabled': True, 'params': {}}}
round 2, 5 high, 5 low, 100.0-iid clients, predicted best policy: message_compressor activated ✅
client Client 24 injecting delay of 10 seconds
client Client 26 injecting delay of 9 seconds
client Client 31 injecting delay of 9 seconds
client Client 30 injecting delay of 7 seconds
client Client 28 injecting delay of 1 seconds
client Client 23 injecting delay of 7 seconds
client Client 25 injecting delay of 3 seconds
client Client 27 injecting delay of 4 seconds
client Client 32 injecting delay of 6 seconds
Local parameters compressed: reduced 5260 bytes (7.13%)
client Client 29 injecting delay of 2 seconds
Local parameters compressed: reduced 5245 bytes (7.11%)
Local parameters compressed: reduced 5288 bytes (7.17%)
Local parameters compressed: reduced 5256 bytes (7.12%)
Local parameters compressed: reduced 5285 bytes (7.16%)
Local parameters compressed: reduced 5279 bytes (7.15%)
Local parameters compressed: reduced 5295 bytes (7.18%)
Local parameters compressed: reduced 5296 bytes (7.18%)
Local parameters compressed: reduced 5282 bytes (7.16%)
Local parameters compressed: reduced 5278 bytes (7.15%)
Results Aggregated in 18.90 seconds.
{'TextMLP': {'train_loss': [0.5767375781583786, 0.49664743953227997], 'train_accuracy': [0.79055, 0.8207666666666666], 'train_f1': [0.7902361370527368, 0.8202448868314869], 'train_mae': [0.33309916666666667, 0.2818891666666667], 'val_loss': [0.5881047721160085, 0.5142779123594886], 'val_accuracy': [0.7833421052631578, 0.8116447368421053], 'val_f1': [0.7829750439112088, 0.8111258368579097], 'val_mae': [0.343, 0.29401315789473687], 'jsd': [(0, 0, 0, 0, 0, 0, 0, 0, 0, 0), (0, 0, 0, 0, 0, 0, 0, 0, 0, 0)]}}
AdaptationManager: Configuring next round...
{'client_registry': {'enabled': True, 'params': {}}, 'client_selector': {'enabled': False, 'params': {}}, 'client_cluster': {'enabled': False, 'params': {}}, 'message_compressor': {'enabled': True, 'params': {}}, 'model_co-versioning_registry': {'enabled': False, 'params': {}}, 'multi-task_model_trainer': {'enabled': False, 'params': {}}, 'heterogeneous_data_handler': {'enabled': False, 'params': {}}}
{'client_selector': {'enabled': False}, 'client_cluster': {'enabled': False}, 'message_compressor': {'enabled': True}, 'model_co-versioning_registry': {'enabled': False}, 'multi-task_model_trainer': {'enabled': False}, 'heterogeneous_data_handler': {'enabled': False}, 'client_registry': {'enabled': True, 'params': {}}}
round 3, 5 high, 5 low, 100.0-iid clients, predicted best policy: message_compressor activated ✅
client Client 26 injecting delay of 4 seconds
client Client 24 injecting delay of 0 seconds
Local parameters compressed: reduced 5233 bytes (7.09%)
client Client 32 injecting delay of 8 seconds
client Client 25 injecting delay of 5 seconds
client Client 31 injecting delay of 2 seconds
client Client 23 injecting delay of 2 seconds
client Client 29 injecting delay of 8 seconds
client Client 30 injecting delay of 1 seconds
client Client 28 injecting delay of 9 seconds
client Client 27 injecting delay of 7 seconds
Local parameters compressed: reduced 5224 bytes (7.08%)
Local parameters compressed: reduced 5248 bytes (7.11%)
Local parameters compressed: reduced 5226 bytes (7.08%)
Local parameters compressed: reduced 5237 bytes (7.10%)
Local parameters compressed: reduced 5238 bytes (7.10%)
Local parameters compressed: reduced 5229 bytes (7.09%)
Local parameters compressed: reduced 5242 bytes (7.10%)
Local parameters compressed: reduced 5223 bytes (7.08%)
Local parameters compressed: reduced 5260 bytes (7.13%)
Results Aggregated in 18.68 seconds.
{'TextMLP': {'train_loss': [0.5767375781583786, 0.49664743953227997, 0.4699455681967735], 'train_accuracy': [0.79055, 0.8207666666666666, 0.8303025], 'train_f1': [0.7902361370527368, 0.8202448868314869, 0.8298704453840108], 'train_mae': [0.33309916666666667, 0.2818891666666667, 0.26741333333333334], 'val_loss': [0.5881047721160085, 0.5142779123594886, 0.4895800521687457], 'val_accuracy': [0.7833421052631578, 0.8116447368421053, 0.8210394736842105], 'val_f1': [0.7829750439112088, 0.8111258368579097, 0.8205793011562963], 'val_mae': [0.343, 0.29401315789473687, 0.2799473684210526], 'jsd': [(0, 0, 0, 0, 0, 0, 0, 0, 0, 0), (0, 0, 0, 0, 0, 0, 0, 0, 0, 0), (0, 0, 0, 0, 0, 0, 0, 0, 0, 0)]}}
AdaptationManager: Configuring next round...
{'client_registry': {'enabled': True, 'params': {}}, 'client_selector': {'enabled': False, 'params': {}}, 'client_cluster': {'enabled': False, 'params': {}}, 'message_compressor': {'enabled': True, 'params': {}}, 'model_co-versioning_registry': {'enabled': False, 'params': {}}, 'multi-task_model_trainer': {'enabled': False, 'params': {}}, 'heterogeneous_data_handler': {'enabled': False, 'params': {}}}
{'client_selector': {'enabled': False}, 'client_cluster': {'enabled': False}, 'message_compressor': {'enabled': True}, 'model_co-versioning_registry': {'enabled': False}, 'multi-task_model_trainer': {'enabled': False}, 'heterogeneous_data_handler': {'enabled': False}, 'client_registry': {'enabled': True, 'params': {}}}
round 4, 5 high, 5 low, 100.0-iid clients, predicted best policy: message_compressor activated ✅
client Client 24 injecting delay of 2 seconds
client Client 26 injecting delay of 9 seconds
client Client 23 injecting delay of 8 seconds
client Client 27 injecting delay of 2 seconds
client Client 25 injecting delay of 7 seconds
client Client 29 injecting delay of 7 seconds
client Client 28 injecting delay of 0 seconds
Local parameters compressed: reduced 5162 bytes (7.00%)
client Client 31 injecting delay of 4 seconds
client Client 30 injecting delay of 10 seconds
client Client 32 injecting delay of 7 seconds
Local parameters compressed: reduced 5204 bytes (7.05%)
Local parameters compressed: reduced 5198 bytes (7.04%)
Local parameters compressed: reduced 5191 bytes (7.04%)
Local parameters compressed: reduced 5203 bytes (7.05%)
Local parameters compressed: reduced 5222 bytes (7.08%)
Local parameters compressed: reduced 5189 bytes (7.03%)
Local parameters compressed: reduced 5183 bytes (7.02%)
Local parameters compressed: reduced 5226 bytes (7.08%)
Local parameters compressed: reduced 5211 bytes (7.06%)
Results Aggregated in 19.71 seconds.
{'TextMLP': {'train_loss': [0.5767375781583786, 0.49664743953227997, 0.4699455681967735, 0.4576991482686997], 'train_accuracy': [0.79055, 0.8207666666666666, 0.8303025, 0.8341866666666666], 'train_f1': [0.7902361370527368, 0.8202448868314869, 0.8298704453840108, 0.8336327688236593], 'train_mae': [0.33309916666666667, 0.2818891666666667, 0.26741333333333334, 0.2608241666666667], 'val_loss': [0.5881047721160085, 0.5142779123594886, 0.4895800521687457, 0.47779819789685696], 'val_accuracy': [0.7833421052631578, 0.8116447368421053, 0.8210394736842105, 0.8242236842105263], 'val_f1': [0.7829750439112088, 0.8111258368579097, 0.8205793011562963, 0.8236780380494889], 'val_mae': [0.343, 0.29401315789473687, 0.2799473684210526, 0.2746710526315789], 'jsd': [(0, 0, 0, 0, 0, 0, 0, 0, 0, 0), (0, 0, 0, 0, 0, 0, 0, 0, 0, 0), (0, 0, 0, 0, 0, 0, 0, 0, 0, 0), (0, 0, 0, 0, 0, 0, 0, 0, 0, 0)]}}
AdaptationManager: Configuring next round...
{'client_registry': {'enabled': True, 'params': {}}, 'client_selector': {'enabled': False, 'params': {}}, 'client_cluster': {'enabled': False, 'params': {}}, 'message_compressor': {'enabled': True, 'params': {}}, 'model_co-versioning_registry': {'enabled': False, 'params': {}}, 'multi-task_model_trainer': {'enabled': False, 'params': {}}, 'heterogeneous_data_handler': {'enabled': False, 'params': {}}}
{'client_selector': {'enabled': False}, 'client_cluster': {'enabled': False}, 'message_compressor': {'enabled': True}, 'model_co-versioning_registry': {'enabled': False}, 'multi-task_model_trainer': {'enabled': False}, 'heterogeneous_data_handler': {'enabled': False}, 'client_registry': {'enabled': True, 'params': {}}}
round 5, 5 high, 5 low, 100.0-iid clients, predicted best policy: message_compressor activated ✅
client Client 24 injecting delay of 9 seconds
client Client 26 injecting delay of 9 seconds
client Client 27 injecting delay of 3 seconds
client Client 31 injecting delay of 1 seconds
client Client 28 injecting delay of 9 seconds
client Client 23 injecting delay of 10 seconds
client Client 29 injecting delay of 5 seconds
client Client 32 injecting delay of 8 seconds
client Client 25 injecting delay of 4 seconds
client Client 30 injecting delay of 10 seconds
Local parameters compressed: reduced 5210 bytes (7.06%)
Local parameters compressed: reduced 5192 bytes (7.04%)
Local parameters compressed: reduced 5195 bytes (7.04%)
Local parameters compressed: reduced 5182 bytes (7.02%)
Local parameters compressed: reduced 5170 bytes (7.01%)
Local parameters compressed: reduced 5157 bytes (6.99%)
Local parameters compressed: reduced 5177 bytes (7.02%)
Local parameters compressed: reduced 5197 bytes (7.04%)
Local parameters compressed: reduced 5206 bytes (7.06%)
Local parameters compressed: reduced 5156 bytes (6.99%)
Results Aggregated in 20.37 seconds.
{'TextMLP': {'train_loss': [0.5767375781583786, 0.49664743953227997, 0.4699455681967735, 0.4576991482686997, 0.4498754860051473], 'train_accuracy': [0.79055, 0.8207666666666666, 0.8303025, 0.8341866666666666, 0.8364133333333333], 'train_f1': [0.7902361370527368, 0.8202448868314869, 0.8298704453840108, 0.8336327688236593, 0.8360059073780624], 'train_mae': [0.33309916666666667, 0.2818891666666667, 0.26741333333333334, 0.2608241666666667, 0.25876083333333333], 'val_loss': [0.5881047721160085, 0.5142779123594886, 0.4895800521687457, 0.47779819789685696, 0.4698496972259722], 'val_accuracy': [0.7833421052631578, 0.8116447368421053, 0.8210394736842105, 0.8242236842105263, 0.827421052631579], 'val_f1': [0.7829750439112088, 0.8111258368579097, 0.8205793011562963, 0.8236780380494889, 0.8269801468690731], 'val_mae': [0.343, 0.29401315789473687, 0.2799473684210526, 0.2746710526315789, 0.27085526315789477], 'jsd': [(0, 0, 0, 0, 0, 0, 0, 0, 0, 0), (0, 0, 0, 0, 0, 0, 0, 0, 0, 0), (0, 0, 0, 0, 0, 0, 0, 0, 0, 0), (0, 0, 0, 0, 0, 0, 0, 0, 0, 0), (0, 0, 0, 0, 0, 0, 0, 0, 0, 0)]}}
AdaptationManager: Configuring next round...
{'client_registry': {'enabled': True, 'params': {}}, 'client_selector': {'enabled': False, 'params': {}}, 'client_cluster': {'enabled': False, 'params': {}}, 'message_compressor': {'enabled': True, 'params': {}}, 'model_co-versioning_registry': {'enabled': False, 'params': {}}, 'multi-task_model_trainer': {'enabled': False, 'params': {}}, 'heterogeneous_data_handler': {'enabled': False, 'params': {}}}
{'client_selector': {'enabled': False}, 'client_cluster': {'enabled': False}, 'message_compressor': {'enabled': True}, 'model_co-versioning_registry': {'enabled': False}, 'multi-task_model_trainer': {'enabled': False}, 'heterogeneous_data_handler': {'enabled': False}, 'client_registry': {'enabled': True, 'params': {}}}
round 6, 5 high, 5 low, 100.0-iid clients, predicted best policy: message_compressor activated ✅
client Client 24 injecting delay of 1 seconds
client Client 23 injecting delay of 1 seconds
client Client 31 injecting delay of 2 seconds
client Client 26 injecting delay of 5 seconds
client Client 29 injecting delay of 5 seconds
client Client 27 injecting delay of 8 seconds
client Client 25 injecting delay of 2 seconds
client Client 28 injecting delay of 0 seconds
Local parameters compressed: reduced 5204 bytes (7.05%)
client Client 32 injecting delay of 2 seconds
Local parameters compressed: reduced 5208 bytes (7.06%)
Local parameters compressed: reduced 5136 bytes (6.96%)
client Client 30 injecting delay of 6 seconds
Local parameters compressed: reduced 5194 bytes (7.04%)
Local parameters compressed: reduced 5225 bytes (7.08%)
Local parameters compressed: reduced 5188 bytes (7.03%)
Local parameters compressed: reduced 5178 bytes (7.02%)
Local parameters compressed: reduced 5205 bytes (7.05%)
Local parameters compressed: reduced 5210 bytes (7.06%)
Local parameters compressed: reduced 5137 bytes (6.96%)
Results Aggregated in 17.70 seconds.
{'TextMLP': {'train_loss': [0.5767375781583786, 0.49664743953227997, 0.4699455681967735, 0.4576991482686997, 0.4498754860051473, 0.4422211017100016], 'train_accuracy': [0.79055, 0.8207666666666666, 0.8303025, 0.8341866666666666, 0.8364133333333333, 0.8388116666666666], 'train_f1': [0.7902361370527368, 0.8202448868314869, 0.8298704453840108, 0.8336327688236593, 0.8360059073780624, 0.8382594368158665], 'train_mae': [0.33309916666666667, 0.2818891666666667, 0.26741333333333334, 0.2608241666666667, 0.25876083333333333, 0.25483083333333334], 'val_loss': [0.5881047721160085, 0.5142779123594886, 0.4895800521687457, 0.47779819789685696, 0.4698496972259722, 0.4625763354615161], 'val_accuracy': [0.7833421052631578, 0.8116447368421053, 0.8210394736842105, 0.8242236842105263, 0.827421052631579, 0.8281578947368421], 'val_f1': [0.7829750439112088, 0.8111258368579097, 0.8205793011562963, 0.8236780380494889, 0.8269801468690731, 0.827544998487539], 'val_mae': [0.343, 0.29401315789473687, 0.2799473684210526, 0.2746710526315789, 0.27085526315789477, 0.2690526315789474], 'jsd': [(0, 0, 0, 0, 0, 0, 0, 0, 0, 0), (0, 0, 0, 0, 0, 0, 0, 0, 0, 0), (0, 0, 0, 0, 0, 0, 0, 0, 0, 0), (0, 0, 0, 0, 0, 0, 0, 0, 0, 0), (0, 0, 0, 0, 0, 0, 0, 0, 0, 0), (0, 0, 0, 0, 0, 0, 0, 0, 0, 0)]}}
AdaptationManager: Configuring next round...
{'client_registry': {'enabled': True, 'params': {}}, 'client_selector': {'enabled': False, 'params': {}}, 'client_cluster': {'enabled': False, 'params': {}}, 'message_compressor': {'enabled': True, 'params': {}}, 'model_co-versioning_registry': {'enabled': False, 'params': {}}, 'multi-task_model_trainer': {'enabled': False, 'params': {}}, 'heterogeneous_data_handler': {'enabled': False, 'params': {}}}
{'client_selector': {'enabled': False}, 'client_cluster': {'enabled': False}, 'message_compressor': {'enabled': True}, 'model_co-versioning_registry': {'enabled': False}, 'multi-task_model_trainer': {'enabled': False}, 'heterogeneous_data_handler': {'enabled': False}, 'client_registry': {'enabled': True, 'params': {}}}
round 7, 5 high, 5 low, 100.0-iid clients, predicted best policy: message_compressor activated ✅
client Client 24 injecting delay of 6 seconds
client Client 31 injecting delay of 4 seconds
client Client 26 injecting delay of 4 seconds
client Client 29 injecting delay of 8 seconds
client Client 25 injecting delay of 2 seconds
client Client 32 injecting delay of 7 seconds
client Client 27 injecting delay of 4 seconds
client Client 28 injecting delay of 6 seconds
client Client 23 injecting delay of 4 seconds
client Client 30 injecting delay of 8 seconds
Local parameters compressed: reduced 5150 bytes (6.98%)
Local parameters compressed: reduced 5186 bytes (7.03%)
Local parameters compressed: reduced 5192 bytes (7.04%)
Local parameters compressed: reduced 5153 bytes (6.98%)
Local parameters compressed: reduced 5159 bytes (6.99%)
Local parameters compressed: reduced 5132 bytes (6.96%)
Local parameters compressed: reduced 5131 bytes (6.95%)
Local parameters compressed: reduced 5138 bytes (6.96%)
Local parameters compressed: reduced 5169 bytes (7.01%)
Local parameters compressed: reduced 5179 bytes (7.02%)
Results Aggregated in 18.29 seconds.
{'TextMLP': {'train_loss': [0.5767375781583786, 0.49664743953227997, 0.4699455681967735, 0.4576991482686997, 0.4498754860051473, 0.4422211017100016, 0.4407774787688255], 'train_accuracy': [0.79055, 0.8207666666666666, 0.8303025, 0.8341866666666666, 0.8364133333333333, 0.8388116666666666, 0.8389025], 'train_f1': [0.7902361370527368, 0.8202448868314869, 0.8298704453840108, 0.8336327688236593, 0.8360059073780624, 0.8382594368158665, 0.8384158645768808], 'train_mae': [0.33309916666666667, 0.2818891666666667, 0.26741333333333334, 0.2608241666666667, 0.25876083333333333, 0.25483083333333334, 0.25383666666666665], 'val_loss': [0.5881047721160085, 0.5142779123594886, 0.4895800521687457, 0.47779819789685696, 0.4698496972259722, 0.4625763354615161, 0.4609449187768133], 'val_accuracy': [0.7833421052631578, 0.8116447368421053, 0.8210394736842105, 0.8242236842105263, 0.827421052631579, 0.8281578947368421, 0.829421052631579], 'val_f1': [0.7829750439112088, 0.8111258368579097, 0.8205793011562963, 0.8236780380494889, 0.8269801468690731, 0.827544998487539, 0.8289368780339371], 'val_mae': [0.343, 0.29401315789473687, 0.2799473684210526, 0.2746710526315789, 0.27085526315789477, 0.2690526315789474, 0.26701315789473684], 'jsd': [(0, 0, 0, 0, 0, 0, 0, 0, 0, 0), (0, 0, 0, 0, 0, 0, 0, 0, 0, 0), (0, 0, 0, 0, 0, 0, 0, 0, 0, 0), (0, 0, 0, 0, 0, 0, 0, 0, 0, 0), (0, 0, 0, 0, 0, 0, 0, 0, 0, 0), (0, 0, 0, 0, 0, 0, 0, 0, 0, 0), (0, 0, 0, 0, 0, 0, 0, 0, 0, 0)]}}
AdaptationManager: Configuring next round...
{'client_registry': {'enabled': True, 'params': {}}, 'client_selector': {'enabled': False, 'params': {}}, 'client_cluster': {'enabled': False, 'params': {}}, 'message_compressor': {'enabled': True, 'params': {}}, 'model_co-versioning_registry': {'enabled': False, 'params': {}}, 'multi-task_model_trainer': {'enabled': False, 'params': {}}, 'heterogeneous_data_handler': {'enabled': False, 'params': {}}}
{'client_selector': {'enabled': False}, 'client_cluster': {'enabled': False}, 'message_compressor': {'enabled': True}, 'model_co-versioning_registry': {'enabled': False}, 'multi-task_model_trainer': {'enabled': False}, 'heterogeneous_data_handler': {'enabled': False}, 'client_registry': {'enabled': True, 'params': {}}}
round 8, 5 high, 5 low, 100.0-iid clients, predicted best policy: message_compressor activated ✅
client Client 23 injecting delay of 4 seconds
client Client 24 injecting delay of 1 seconds
client Client 26 injecting delay of 0 seconds
Local parameters compressed: reduced 5165 bytes (7.00%)
client Client 31 injecting delay of 0 seconds
Local parameters compressed: reduced 5157 bytes (6.99%)
client Client 32 injecting delay of 4 seconds
client Client 27 injecting delay of 6 seconds
client Client 28 injecting delay of 1 seconds
client Client 30 injecting delay of 9 seconds
client Client 29 injecting delay of 8 seconds
Local parameters compressed: reduced 5170 bytes (7.01%)
client Client 25 injecting delay of 9 seconds
Local parameters compressed: reduced 5189 bytes (7.03%)
Local parameters compressed: reduced 5194 bytes (7.04%)
Local parameters compressed: reduced 5161 bytes (6.99%)
Local parameters compressed: reduced 5151 bytes (6.98%)
Local parameters compressed: reduced 5144 bytes (6.97%)
Local parameters compressed: reduced 5161 bytes (6.99%)
Local parameters compressed: reduced 5177 bytes (7.02%)
Results Aggregated in 19.00 seconds.
{'TextMLP': {'train_loss': [0.5767375781583786, 0.49664743953227997, 0.4699455681967735, 0.4576991482686997, 0.4498754860051473, 0.4422211017100016, 0.4407774787688255, 0.439340664815108], 'train_accuracy': [0.79055, 0.8207666666666666, 0.8303025, 0.8341866666666666, 0.8364133333333333, 0.8388116666666666, 0.8389025, 0.8390225], 'train_f1': [0.7902361370527368, 0.8202448868314869, 0.8298704453840108, 0.8336327688236593, 0.8360059073780624, 0.8382594368158665, 0.8384158645768808, 0.8389295546298171], 'train_mae': [0.33309916666666667, 0.2818891666666667, 0.26741333333333334, 0.2608241666666667, 0.25876083333333333, 0.25483083333333334, 0.25383666666666665, 0.25689083333333335], 'val_loss': [0.5881047721160085, 0.5142779123594886, 0.4895800521687457, 0.47779819789685696, 0.4698496972259722, 0.4625763354615161, 0.4609449187768133, 0.4598485461473465], 'val_accuracy': [0.7833421052631578, 0.8116447368421053, 0.8210394736842105, 0.8242236842105263, 0.827421052631579, 0.8281578947368421, 0.829421052631579, 0.8303421052631579], 'val_f1': [0.7829750439112088, 0.8111258368579097, 0.8205793011562963, 0.8236780380494889, 0.8269801468690731, 0.827544998487539, 0.8289368780339371, 0.8302408628483541], 'val_mae': [0.343, 0.29401315789473687, 0.2799473684210526, 0.2746710526315789, 0.27085526315789477, 0.2690526315789474, 0.26701315789473684, 0.2691578947368421], 'jsd': [(0, 0, 0, 0, 0, 0, 0, 0, 0, 0), (0, 0, 0, 0, 0, 0, 0, 0, 0, 0), (0, 0, 0, 0, 0, 0, 0, 0, 0, 0), (0, 0, 0, 0, 0, 0, 0, 0, 0, 0), (0, 0, 0, 0, 0, 0, 0, 0, 0, 0), (0, 0, 0, 0, 0, 0, 0, 0, 0, 0), (0, 0, 0, 0, 0, 0, 0, 0, 0, 0), (0, 0, 0, 0, 0, 0, 0, 0, 0, 0)]}}
AdaptationManager: Configuring next round...
{'client_registry': {'enabled': True, 'params': {}}, 'client_selector': {'enabled': False, 'params': {}}, 'client_cluster': {'enabled': False, 'params': {}}, 'message_compressor': {'enabled': True, 'params': {}}, 'model_co-versioning_registry': {'enabled': False, 'params': {}}, 'multi-task_model_trainer': {'enabled': False, 'params': {}}, 'heterogeneous_data_handler': {'enabled': False, 'params': {}}}
{'client_selector': {'enabled': False}, 'client_cluster': {'enabled': False}, 'message_compressor': {'enabled': True}, 'model_co-versioning_registry': {'enabled': False}, 'multi-task_model_trainer': {'enabled': False}, 'heterogeneous_data_handler': {'enabled': False}, 'client_registry': {'enabled': True, 'params': {}}}
round 9, 5 high, 5 low, 100.0-iid clients, predicted best policy: message_compressor activated ✅
client Client 29 injecting delay of 2 seconds
client Client 26 injecting delay of 7 seconds
client Client 25 injecting delay of 4 seconds
client Client 23 injecting delay of 0 seconds
Local parameters compressed: reduced 5133 bytes (6.96%)
client Client 31 injecting delay of 7 seconds
client Client 27 injecting delay of 0 seconds
Local parameters compressed: reduced 5176 bytes (7.01%)
client Client 32 injecting delay of 1 seconds
client Client 28 injecting delay of 5 seconds
client Client 24 injecting delay of 2 seconds
client Client 30 injecting delay of 1 seconds
Local parameters compressed: reduced 5132 bytes (6.96%)
Local parameters compressed: reduced 5163 bytes (7.00%)
Local parameters compressed: reduced 5147 bytes (6.98%)
Local parameters compressed: reduced 5159 bytes (6.99%)
Local parameters compressed: reduced 5145 bytes (6.97%)
Local parameters compressed: reduced 5177 bytes (7.02%)
Local parameters compressed: reduced 5158 bytes (6.99%)
Local parameters compressed: reduced 5141 bytes (6.97%)
Results Aggregated in 16.45 seconds.
{'TextMLP': {'train_loss': [0.5767375781583786, 0.49664743953227997, 0.4699455681967735, 0.4576991482686997, 0.4498754860051473, 0.4422211017100016, 0.4407774787688255, 0.439340664815108, 0.43439782740831373], 'train_accuracy': [0.79055, 0.8207666666666666, 0.8303025, 0.8341866666666666, 0.8364133333333333, 0.8388116666666666, 0.8389025, 0.8390225, 0.8408991666666666], 'train_f1': [0.7902361370527368, 0.8202448868314869, 0.8298704453840108, 0.8336327688236593, 0.8360059073780624, 0.8382594368158665, 0.8384158645768808, 0.8389295546298171, 0.8404001288640521], 'train_mae': [0.33309916666666667, 0.2818891666666667, 0.26741333333333334, 0.2608241666666667, 0.25876083333333333, 0.25483083333333334, 0.25383666666666665, 0.25689083333333335, 0.252755], 'val_loss': [0.5881047721160085, 0.5142779123594886, 0.4895800521687457, 0.47779819789685696, 0.4698496972259722, 0.4625763354615161, 0.4609449187768133, 0.4598485461473465, 0.4549254375006024], 'val_accuracy': [0.7833421052631578, 0.8116447368421053, 0.8210394736842105, 0.8242236842105263, 0.827421052631579, 0.8281578947368421, 0.829421052631579, 0.8303421052631579, 0.8324473684210526], 'val_f1': [0.7829750439112088, 0.8111258368579097, 0.8205793011562963, 0.8236780380494889, 0.8269801468690731, 0.827544998487539, 0.8289368780339371, 0.8302408628483541, 0.8318745441536171], 'val_mae': [0.343, 0.29401315789473687, 0.2799473684210526, 0.2746710526315789, 0.27085526315789477, 0.2690526315789474, 0.26701315789473684, 0.2691578947368421, 0.26423684210526316], 'jsd': [(0, 0, 0, 0, 0, 0, 0, 0, 0, 0), (0, 0, 0, 0, 0, 0, 0, 0, 0, 0), (0, 0, 0, 0, 0, 0, 0, 0, 0, 0), (0, 0, 0, 0, 0, 0, 0, 0, 0, 0), (0, 0, 0, 0, 0, 0, 0, 0, 0, 0), (0, 0, 0, 0, 0, 0, 0, 0, 0, 0), (0, 0, 0, 0, 0, 0, 0, 0, 0, 0), (0, 0, 0, 0, 0, 0, 0, 0, 0, 0), (0, 0, 0, 0, 0, 0, 0, 0, 0, 0)]}}
AdaptationManager: Configuring next round...
{'client_registry': {'enabled': True, 'params': {}}, 'client_selector': {'enabled': False, 'params': {}}, 'client_cluster': {'enabled': False, 'params': {}}, 'message_compressor': {'enabled': True, 'params': {}}, 'model_co-versioning_registry': {'enabled': False, 'params': {}}, 'multi-task_model_trainer': {'enabled': False, 'params': {}}, 'heterogeneous_data_handler': {'enabled': False, 'params': {}}}
{'client_selector': {'enabled': False}, 'client_cluster': {'enabled': False}, 'message_compressor': {'enabled': True}, 'model_co-versioning_registry': {'enabled': False}, 'multi-task_model_trainer': {'enabled': False}, 'heterogeneous_data_handler': {'enabled': False}, 'client_registry': {'enabled': True, 'params': {}}}
round 10, 5 high, 5 low, 100.0-iid clients, predicted best policy: message_compressor activated ✅
client Client 31 injecting delay of 10 seconds
client Client 23 injecting delay of 2 seconds
client Client 24 injecting delay of 2 seconds
client Client 26 injecting delay of 4 seconds
client Client 29 injecting delay of 7 seconds
client Client 32 injecting delay of 8 seconds
client Client 25 injecting delay of 10 seconds
client Client 30 injecting delay of 10 seconds
client Client 28 injecting delay of 7 seconds
Local parameters compressed: reduced 5141 bytes (6.97%)
Local parameters compressed: reduced 5159 bytes (6.99%)
client Client 27 injecting delay of 0 seconds
Local parameters compressed: reduced 5124 bytes (6.94%)
Local parameters compressed: reduced 5147 bytes (6.98%)
Local parameters compressed: reduced 5129 bytes (6.95%)
Local parameters compressed: reduced 5182 bytes (7.02%)
Local parameters compressed: reduced 5157 bytes (6.99%)
Local parameters compressed: reduced 5147 bytes (6.98%)
Local parameters compressed: reduced 5129 bytes (6.95%)
Local parameters compressed: reduced 5180 bytes (7.02%)
Results Aggregated in 19.50 seconds.
{'TextMLP': {'train_loss': [0.5767375781583786, 0.49664743953227997, 0.4699455681967735, 0.4576991482686997, 0.4498754860051473, 0.4422211017100016, 0.4407774787688255, 0.439340664815108, 0.43439782740831373, 0.4323237297737598], 'train_accuracy': [0.79055, 0.8207666666666666, 0.8303025, 0.8341866666666666, 0.8364133333333333, 0.8388116666666666, 0.8389025, 0.8390225, 0.8408991666666666, 0.8416691666666667], 'train_f1': [0.7902361370527368, 0.8202448868314869, 0.8298704453840108, 0.8336327688236593, 0.8360059073780624, 0.8382594368158665, 0.8384158645768808, 0.8389295546298171, 0.8404001288640521, 0.8411180507251903], 'train_mae': [0.33309916666666667, 0.2818891666666667, 0.26741333333333334, 0.2608241666666667, 0.25876083333333333, 0.25483083333333334, 0.25383666666666665, 0.25689083333333335, 0.252755, 0.2508775], 'val_loss': [0.5881047721160085, 0.5142779123594886, 0.4895800521687457, 0.47779819789685696, 0.4698496972259722, 0.4625763354615161, 0.4609449187768133, 0.4598485461473465, 0.4549254375006024, 0.45318011274463255], 'val_accuracy': [0.7833421052631578, 0.8116447368421053, 0.8210394736842105, 0.8242236842105263, 0.827421052631579, 0.8281578947368421, 0.829421052631579, 0.8303421052631579, 0.8324473684210526, 0.8331973684210526], 'val_f1': [0.7829750439112088, 0.8111258368579097, 0.8205793011562963, 0.8236780380494889, 0.8269801468690731, 0.827544998487539, 0.8289368780339371, 0.8302408628483541, 0.8318745441536171, 0.832554224755263], 'val_mae': [0.343, 0.29401315789473687, 0.2799473684210526, 0.2746710526315789, 0.27085526315789477, 0.2690526315789474, 0.26701315789473684, 0.2691578947368421, 0.26423684210526316, 0.26222368421052633], 'jsd': [(0, 0, 0, 0, 0, 0, 0, 0, 0, 0), (0, 0, 0, 0, 0, 0, 0, 0, 0, 0), (0, 0, 0, 0, 0, 0, 0, 0, 0, 0), (0, 0, 0, 0, 0, 0, 0, 0, 0, 0), (0, 0, 0, 0, 0, 0, 0, 0, 0, 0), (0, 0, 0, 0, 0, 0, 0, 0, 0, 0), (0, 0, 0, 0, 0, 0, 0, 0, 0, 0), (0, 0, 0, 0, 0, 0, 0, 0, 0, 0), (0, 0, 0, 0, 0, 0, 0, 0, 0, 0), (0, 0, 0, 0, 0, 0, 0, 0, 0, 0)]}}
AdaptationManager: Configuring next round...
{'client_registry': {'enabled': True, 'params': {}}, 'client_selector': {'enabled': False, 'params': {}}, 'client_cluster': {'enabled': False, 'params': {}}, 'message_compressor': {'enabled': True, 'params': {}}, 'model_co-versioning_registry': {'enabled': False, 'params': {}}, 'multi-task_model_trainer': {'enabled': False, 'params': {}}, 'heterogeneous_data_handler': {'enabled': False, 'params': {}}}
{'client_selector': {'enabled': False}, 'client_cluster': {'enabled': False}, 'message_compressor': {'enabled': True}, 'model_co-versioning_registry': {'enabled': False}, 'multi-task_model_trainer': {'enabled': False}, 'heterogeneous_data_handler': {'enabled': False}, 'client_registry': {'enabled': True, 'params': {}}}
round 11, 5 high, 5 low, 100.0-iid clients, predicted best policy: message_compressor activated ✅
client Client 25 injecting delay of 1 seconds
client Client 24 injecting delay of 5 seconds
client Client 26 injecting delay of 10 seconds
client Client 32 injecting delay of 8 seconds
client Client 31 injecting delay of 9 seconds
client Client 27 injecting delay of 8 seconds
client Client 30 injecting delay of 1 seconds
client Client 29 injecting delay of 8 seconds
client Client 28 injecting delay of 9 seconds
Local parameters compressed: reduced 5153 bytes (6.98%)
client Client 23 injecting delay of 4 seconds
Local parameters compressed: reduced 5173 bytes (7.01%)
Local parameters compressed: reduced 5106 bytes (6.92%)
Local parameters compressed: reduced 5121 bytes (6.94%)
Local parameters compressed: reduced 5158 bytes (6.99%)
Local parameters compressed: reduced 5156 bytes (6.99%)
Local parameters compressed: reduced 5175 bytes (7.01%)
Local parameters compressed: reduced 5109 bytes (6.92%)
Local parameters compressed: reduced 5150 bytes (6.98%)
Local parameters compressed: reduced 5189 bytes (7.03%)
Results Aggregated in 19.27 seconds.
{'TextMLP': {'train_loss': [0.5767375781583786, 0.49664743953227997, 0.4699455681967735, 0.4576991482686997, 0.4498754860051473, 0.4422211017100016, 0.4407774787688255, 0.439340664815108, 0.43439782740831373, 0.4323237297737598, 0.4301188718680541], 'train_accuracy': [0.79055, 0.8207666666666666, 0.8303025, 0.8341866666666666, 0.8364133333333333, 0.8388116666666666, 0.8389025, 0.8390225, 0.8408991666666666, 0.8416691666666667, 0.8423858333333333], 'train_f1': [0.7902361370527368, 0.8202448868314869, 0.8298704453840108, 0.8336327688236593, 0.8360059073780624, 0.8382594368158665, 0.8384158645768808, 0.8389295546298171, 0.8404001288640521, 0.8411180507251903, 0.8417835347812568], 'train_mae': [0.33309916666666667, 0.2818891666666667, 0.26741333333333334, 0.2608241666666667, 0.25876083333333333, 0.25483083333333334, 0.25383666666666665, 0.25689083333333335, 0.252755, 0.2508775, 0.24808916666666667], 'val_loss': [0.5881047721160085, 0.5142779123594886, 0.4895800521687457, 0.47779819789685696, 0.4698496972259722, 0.4625763354615161, 0.4609449187768133, 0.4598485461473465, 0.4549254375006024, 0.45318011274463255, 0.4499872839325353], 'val_accuracy': [0.7833421052631578, 0.8116447368421053, 0.8210394736842105, 0.8242236842105263, 0.827421052631579, 0.8281578947368421, 0.829421052631579, 0.8303421052631579, 0.8324473684210526, 0.8331973684210526, 0.8342105263157895], 'val_f1': [0.7829750439112088, 0.8111258368579097, 0.8205793011562963, 0.8236780380494889, 0.8269801468690731, 0.827544998487539, 0.8289368780339371, 0.8302408628483541, 0.8318745441536171, 0.832554224755263, 0.8335680393814623], 'val_mae': [0.343, 0.29401315789473687, 0.2799473684210526, 0.2746710526315789, 0.27085526315789477, 0.2690526315789474, 0.26701315789473684, 0.2691578947368421, 0.26423684210526316, 0.26222368421052633, 0.2593947368421053], 'jsd': [(0, 0, 0, 0, 0, 0, 0, 0, 0, 0), (0, 0, 0, 0, 0, 0, 0, 0, 0, 0), (0, 0, 0, 0, 0, 0, 0, 0, 0, 0), (0, 0, 0, 0, 0, 0, 0, 0, 0, 0), (0, 0, 0, 0, 0, 0, 0, 0, 0, 0), (0, 0, 0, 0, 0, 0, 0, 0, 0, 0), (0, 0, 0, 0, 0, 0, 0, 0, 0, 0), (0, 0, 0, 0, 0, 0, 0, 0, 0, 0), (0, 0, 0, 0, 0, 0, 0, 0, 0, 0), (0, 0, 0, 0, 0, 0, 0, 0, 0, 0), (0, 0, 0, 0, 0, 0, 0, 0, 0, 0)]}}
AdaptationManager: Configuring next round...
{'client_registry': {'enabled': True, 'params': {}}, 'client_selector': {'enabled': False, 'params': {}}, 'client_cluster': {'enabled': False, 'params': {}}, 'message_compressor': {'enabled': True, 'params': {}}, 'model_co-versioning_registry': {'enabled': False, 'params': {}}, 'multi-task_model_trainer': {'enabled': False, 'params': {}}, 'heterogeneous_data_handler': {'enabled': False, 'params': {}}}
{'client_selector': {'enabled': False}, 'client_cluster': {'enabled': False}, 'message_compressor': {'enabled': True}, 'model_co-versioning_registry': {'enabled': False}, 'multi-task_model_trainer': {'enabled': False}, 'heterogeneous_data_handler': {'enabled': False}, 'client_registry': {'enabled': True, 'params': {}}}
round 12, 5 high, 5 low, 100.0-iid clients, predicted best policy: message_compressor activated ✅
client Client 25 injecting delay of 7 seconds
client Client 24 injecting delay of 0 seconds
Local parameters compressed: reduced 5137 bytes (6.96%)
client Client 32 injecting delay of 4 seconds
client Client 26 injecting delay of 5 seconds
client Client 29 injecting delay of 4 seconds
client Client 30 injecting delay of 10 seconds
client Client 31 injecting delay of 3 seconds
client Client 27 injecting delay of 0 seconds
Local parameters compressed: reduced 5150 bytes (6.98%)
client Client 23 injecting delay of 8 seconds
client Client 28 injecting delay of 5 seconds
Local parameters compressed: reduced 5145 bytes (6.97%)
Local parameters compressed: reduced 5164 bytes (7.00%)
Local parameters compressed: reduced 5124 bytes (6.94%)
Local parameters compressed: reduced 5110 bytes (6.93%)
Local parameters compressed: reduced 5122 bytes (6.94%)
Local parameters compressed: reduced 5183 bytes (7.02%)
Local parameters compressed: reduced 5143 bytes (6.97%)
Local parameters compressed: reduced 5169 bytes (7.01%)
Results Aggregated in 19.59 seconds.
{'TextMLP': {'train_loss': [0.5767375781583786, 0.49664743953227997, 0.4699455681967735, 0.4576991482686997, 0.4498754860051473, 0.4422211017100016, 0.4407774787688255, 0.439340664815108, 0.43439782740831373, 0.4323237297737598, 0.4301188718680541, 0.4277942135107517], 'train_accuracy': [0.79055, 0.8207666666666666, 0.8303025, 0.8341866666666666, 0.8364133333333333, 0.8388116666666666, 0.8389025, 0.8390225, 0.8408991666666666, 0.8416691666666667, 0.8423858333333333, 0.8432108333333334], 'train_f1': [0.7902361370527368, 0.8202448868314869, 0.8298704453840108, 0.8336327688236593, 0.8360059073780624, 0.8382594368158665, 0.8384158645768808, 0.8389295546298171, 0.8404001288640521, 0.8411180507251903, 0.8417835347812568, 0.8431808466565435], 'train_mae': [0.33309916666666667, 0.2818891666666667, 0.26741333333333334, 0.2608241666666667, 0.25876083333333333, 0.25483083333333334, 0.25383666666666665, 0.25689083333333335, 0.252755, 0.2508775, 0.24808916666666667, 0.24825083333333334], 'val_loss': [0.5881047721160085, 0.5142779123594886, 0.4895800521687457, 0.47779819789685696, 0.4698496972259722, 0.4625763354615161, 0.4609449187768133, 0.4598485461473465, 0.4549254375006024, 0.45318011274463255, 0.4499872839325353, 0.44771434460188214], 'val_accuracy': [0.7833421052631578, 0.8116447368421053, 0.8210394736842105, 0.8242236842105263, 0.827421052631579, 0.8281578947368421, 0.829421052631579, 0.8303421052631579, 0.8324473684210526, 0.8331973684210526, 0.8342105263157895, 0.8350921052631579], 'val_f1': [0.7829750439112088, 0.8111258368579097, 0.8205793011562963, 0.8236780380494889, 0.8269801468690731, 0.827544998487539, 0.8289368780339371, 0.8302408628483541, 0.8318745441536171, 0.832554224755263, 0.8335680393814623, 0.8350380243076653], 'val_mae': [0.343, 0.29401315789473687, 0.2799473684210526, 0.2746710526315789, 0.27085526315789477, 0.2690526315789474, 0.26701315789473684, 0.2691578947368421, 0.26423684210526316, 0.26222368421052633, 0.2593947368421053, 0.2600789473684211], 'jsd': [(0, 0, 0, 0, 0, 0, 0, 0, 0, 0), (0, 0, 0, 0, 0, 0, 0, 0, 0, 0), (0, 0, 0, 0, 0, 0, 0, 0, 0, 0), (0, 0, 0, 0, 0, 0, 0, 0, 0, 0), (0, 0, 0, 0, 0, 0, 0, 0, 0, 0), (0, 0, 0, 0, 0, 0, 0, 0, 0, 0), (0, 0, 0, 0, 0, 0, 0, 0, 0, 0), (0, 0, 0, 0, 0, 0, 0, 0, 0, 0), (0, 0, 0, 0, 0, 0, 0, 0, 0, 0), (0, 0, 0, 0, 0, 0, 0, 0, 0, 0), (0, 0, 0, 0, 0, 0, 0, 0, 0, 0), (0, 0, 0, 0, 0, 0, 0, 0, 0, 0)]}}
AdaptationManager: Configuring next round...
{'client_registry': {'enabled': True, 'params': {}}, 'client_selector': {'enabled': False, 'params': {}}, 'client_cluster': {'enabled': False, 'params': {}}, 'message_compressor': {'enabled': True, 'params': {}}, 'model_co-versioning_registry': {'enabled': False, 'params': {}}, 'multi-task_model_trainer': {'enabled': False, 'params': {}}, 'heterogeneous_data_handler': {'enabled': False, 'params': {}}}
{'client_selector': {'enabled': False}, 'client_cluster': {'enabled': False}, 'message_compressor': {'enabled': True}, 'model_co-versioning_registry': {'enabled': False}, 'multi-task_model_trainer': {'enabled': False}, 'heterogeneous_data_handler': {'enabled': False}, 'client_registry': {'enabled': True, 'params': {}}}
round 13, 5 high, 5 low, 100.0-iid clients, predicted best policy: message_compressor activated ✅
client Client 24 injecting delay of 10 seconds
client Client 25 injecting delay of 4 seconds
client Client 23 injecting delay of 1 seconds
client Client 31 injecting delay of 9 seconds
client Client 29 injecting delay of 6 seconds
client Client 27 injecting delay of 6 seconds
client Client 32 injecting delay of 2 seconds
client Client 28 injecting delay of 0 seconds
Local parameters compressed: reduced 5134 bytes (6.96%)
client Client 26 injecting delay of 1 seconds
client Client 30 injecting delay of 7 seconds
Local parameters compressed: reduced 5116 bytes (6.93%)
Local parameters compressed: reduced 5125 bytes (6.95%)
Local parameters compressed: reduced 5134 bytes (6.96%)
Local parameters compressed: reduced 5137 bytes (6.96%)
Local parameters compressed: reduced 5117 bytes (6.93%)
Local parameters compressed: reduced 5151 bytes (6.98%)
Local parameters compressed: reduced 5140 bytes (6.97%)
Local parameters compressed: reduced 5184 bytes (7.03%)
Local parameters compressed: reduced 5142 bytes (6.97%)
Results Aggregated in 18.76 seconds.
{'TextMLP': {'train_loss': [0.5767375781583786, 0.49664743953227997, 0.4699455681967735, 0.4576991482686997, 0.4498754860051473, 0.4422211017100016, 0.4407774787688255, 0.439340664815108, 0.43439782740831373, 0.4323237297737598, 0.4301188718680541, 0.4277942135107517, 0.4254240927243233], 'train_accuracy': [0.79055, 0.8207666666666666, 0.8303025, 0.8341866666666666, 0.8364133333333333, 0.8388116666666666, 0.8389025, 0.8390225, 0.8408991666666666, 0.8416691666666667, 0.8423858333333333, 0.8432108333333334, 0.844225], 'train_f1': [0.7902361370527368, 0.8202448868314869, 0.8298704453840108, 0.8336327688236593, 0.8360059073780624, 0.8382594368158665, 0.8384158645768808, 0.8389295546298171, 0.8404001288640521, 0.8411180507251903, 0.8417835347812568, 0.8431808466565435, 0.8437576053149675], 'train_mae': [0.33309916666666667, 0.2818891666666667, 0.26741333333333334, 0.2608241666666667, 0.25876083333333333, 0.25483083333333334, 0.25383666666666665, 0.25689083333333335, 0.252755, 0.2508775, 0.24808916666666667, 0.24825083333333334, 0.24834666666666666], 'val_loss': [0.5881047721160085, 0.5142779123594886, 0.4895800521687457, 0.47779819789685696, 0.4698496972259722, 0.4625763354615161, 0.4609449187768133, 0.4598485461473465, 0.4549254375006024, 0.45318011274463255, 0.4499872839325353, 0.44771434460188214, 0.44571629267617274], 'val_accuracy': [0.7833421052631578, 0.8116447368421053, 0.8210394736842105, 0.8242236842105263, 0.827421052631579, 0.8281578947368421, 0.829421052631579, 0.8303421052631579, 0.8324473684210526, 0.8331973684210526, 0.8342105263157895, 0.8350921052631579, 0.8360394736842105], 'val_f1': [0.7829750439112088, 0.8111258368579097, 0.8205793011562963, 0.8236780380494889, 0.8269801468690731, 0.827544998487539, 0.8289368780339371, 0.8302408628483541, 0.8318745441536171, 0.832554224755263, 0.8335680393814623, 0.8350380243076653, 0.8354938887202917], 'val_mae': [0.343, 0.29401315789473687, 0.2799473684210526, 0.2746710526315789, 0.27085526315789477, 0.2690526315789474, 0.26701315789473684, 0.2691578947368421, 0.26423684210526316, 0.26222368421052633, 0.2593947368421053, 0.2600789473684211, 0.2604736842105263], 'jsd': [(0, 0, 0, 0, 0, 0, 0, 0, 0, 0), (0, 0, 0, 0, 0, 0, 0, 0, 0, 0), (0, 0, 0, 0, 0, 0, 0, 0, 0, 0), (0, 0, 0, 0, 0, 0, 0, 0, 0, 0), (0, 0, 0, 0, 0, 0, 0, 0, 0, 0), (0, 0, 0, 0, 0, 0, 0, 0, 0, 0), (0, 0, 0, 0, 0, 0, 0, 0, 0, 0), (0, 0, 0, 0, 0, 0, 0, 0, 0, 0), (0, 0, 0, 0, 0, 0, 0, 0, 0, 0), (0, 0, 0, 0, 0, 0, 0, 0, 0, 0), (0, 0, 0, 0, 0, 0, 0, 0, 0, 0), (0, 0, 0, 0, 0, 0, 0, 0, 0, 0), (0, 0, 0, 0, 0, 0, 0, 0, 0, 0)]}}
AdaptationManager: Configuring next round...
{'client_registry': {'enabled': True, 'params': {}}, 'client_selector': {'enabled': False, 'params': {}}, 'client_cluster': {'enabled': False, 'params': {}}, 'message_compressor': {'enabled': True, 'params': {}}, 'model_co-versioning_registry': {'enabled': False, 'params': {}}, 'multi-task_model_trainer': {'enabled': False, 'params': {}}, 'heterogeneous_data_handler': {'enabled': False, 'params': {}}}
{'client_selector': {'enabled': False}, 'client_cluster': {'enabled': False}, 'message_compressor': {'enabled': True}, 'model_co-versioning_registry': {'enabled': False}, 'multi-task_model_trainer': {'enabled': False}, 'heterogeneous_data_handler': {'enabled': False}, 'client_registry': {'enabled': True, 'params': {}}}
round 14, 5 high, 5 low, 100.0-iid clients, predicted best policy: message_compressor activated ✅
client Client 26 injecting delay of 5 seconds
client Client 25 injecting delay of 10 seconds
client Client 24 injecting delay of 2 seconds
client Client 28 injecting delay of 0 seconds
client Client 29 injecting delay of 10 seconds
Local parameters compressed: reduced 5145 bytes (6.97%)
client Client 27 injecting delay of 2 seconds
client Client 32 injecting delay of 0 seconds
Local parameters compressed: reduced 5105 bytes (6.92%)
client Client 31 injecting delay of 9 seconds
client Client 30 injecting delay of 7 seconds
client Client 23 injecting delay of 6 seconds
Local parameters compressed: reduced 5131 bytes (6.95%)
Local parameters compressed: reduced 5133 bytes (6.96%)
Local parameters compressed: reduced 5138 bytes (6.96%)
Local parameters compressed: reduced 5138 bytes (6.96%)
Local parameters compressed: reduced 5114 bytes (6.93%)
Local parameters compressed: reduced 5160 bytes (6.99%)
Local parameters compressed: reduced 5099 bytes (6.91%)
Local parameters compressed: reduced 5119 bytes (6.94%)
Results Aggregated in 19.51 seconds.
{'TextMLP': {'train_loss': [0.5767375781583786, 0.49664743953227997, 0.4699455681967735, 0.4576991482686997, 0.4498754860051473, 0.4422211017100016, 0.4407774787688255, 0.439340664815108, 0.43439782740831373, 0.4323237297737598, 0.4301188718680541, 0.4277942135107517, 0.4254240927243233, 0.42520384212493895], 'train_accuracy': [0.79055, 0.8207666666666666, 0.8303025, 0.8341866666666666, 0.8364133333333333, 0.8388116666666666, 0.8389025, 0.8390225, 0.8408991666666666, 0.8416691666666667, 0.8423858333333333, 0.8432108333333334, 0.844225, 0.8439675], 'train_f1': [0.7902361370527368, 0.8202448868314869, 0.8298704453840108, 0.8336327688236593, 0.8360059073780624, 0.8382594368158665, 0.8384158645768808, 0.8389295546298171, 0.8404001288640521, 0.8411180507251903, 0.8417835347812568, 0.8431808466565435, 0.8437576053149675, 0.8433615191060587], 'train_mae': [0.33309916666666667, 0.2818891666666667, 0.26741333333333334, 0.2608241666666667, 0.25876083333333333, 0.25483083333333334, 0.25383666666666665, 0.25689083333333335, 0.252755, 0.2508775, 0.24808916666666667, 0.24825083333333334, 0.24834666666666666, 0.2464275], 'val_loss': [0.5881047721160085, 0.5142779123594886, 0.4895800521687457, 0.47779819789685696, 0.4698496972259722, 0.4625763354615161, 0.4609449187768133, 0.4598485461473465, 0.4549254375006024, 0.45318011274463255, 0.4499872839325353, 0.44771434460188214, 0.44571629267617274, 0.44563141202299217], 'val_accuracy': [0.7833421052631578, 0.8116447368421053, 0.8210394736842105, 0.8242236842105263, 0.827421052631579, 0.8281578947368421, 0.829421052631579, 0.8303421052631579, 0.8324473684210526, 0.8331973684210526, 0.8342105263157895, 0.8350921052631579, 0.8360394736842105, 0.836078947368421], 'val_f1': [0.7829750439112088, 0.8111258368579097, 0.8205793011562963, 0.8236780380494889, 0.8269801468690731, 0.827544998487539, 0.8289368780339371, 0.8302408628483541, 0.8318745441536171, 0.832554224755263, 0.8335680393814623, 0.8350380243076653, 0.8354938887202917, 0.8354306581483967], 'val_mae': [0.343, 0.29401315789473687, 0.2799473684210526, 0.2746710526315789, 0.27085526315789477, 0.2690526315789474, 0.26701315789473684, 0.2691578947368421, 0.26423684210526316, 0.26222368421052633, 0.2593947368421053, 0.2600789473684211, 0.2604736842105263, 0.25784210526315793], 'jsd': [(0, 0, 0, 0, 0, 0, 0, 0, 0, 0), (0, 0, 0, 0, 0, 0, 0, 0, 0, 0), (0, 0, 0, 0, 0, 0, 0, 0, 0, 0), (0, 0, 0, 0, 0, 0, 0, 0, 0, 0), (0, 0, 0, 0, 0, 0, 0, 0, 0, 0), (0, 0, 0, 0, 0, 0, 0, 0, 0, 0), (0, 0, 0, 0, 0, 0, 0, 0, 0, 0), (0, 0, 0, 0, 0, 0, 0, 0, 0, 0), (0, 0, 0, 0, 0, 0, 0, 0, 0, 0), (0, 0, 0, 0, 0, 0, 0, 0, 0, 0), (0, 0, 0, 0, 0, 0, 0, 0, 0, 0), (0, 0, 0, 0, 0, 0, 0, 0, 0, 0), (0, 0, 0, 0, 0, 0, 0, 0, 0, 0), (0, 0, 0, 0, 0, 0, 0, 0, 0, 0)]}}
AdaptationManager: Configuring next round...
{'client_registry': {'enabled': True, 'params': {}}, 'client_selector': {'enabled': False, 'params': {}}, 'client_cluster': {'enabled': False, 'params': {}}, 'message_compressor': {'enabled': True, 'params': {}}, 'model_co-versioning_registry': {'enabled': False, 'params': {}}, 'multi-task_model_trainer': {'enabled': False, 'params': {}}, 'heterogeneous_data_handler': {'enabled': False, 'params': {}}}
{'client_selector': {'enabled': False}, 'client_cluster': {'enabled': False}, 'message_compressor': {'enabled': True}, 'model_co-versioning_registry': {'enabled': False}, 'multi-task_model_trainer': {'enabled': False}, 'heterogeneous_data_handler': {'enabled': False}, 'client_registry': {'enabled': True, 'params': {}}}
round 15, 5 high, 5 low, 100.0-iid clients, predicted best policy: message_compressor activated ✅
client Client 24 injecting delay of 4 seconds
client Client 26 injecting delay of 10 seconds
client Client 27 injecting delay of 3 seconds
client Client 31 injecting delay of 9 seconds
client Client 25 injecting delay of 4 seconds
client Client 23 injecting delay of 5 seconds
client Client 32 injecting delay of 10 seconds
client Client 30 injecting delay of 3 seconds
client Client 29 injecting delay of 6 seconds
client Client 28 injecting delay of 6 seconds
Local parameters compressed: reduced 5139 bytes (6.96%)
Local parameters compressed: reduced 5101 bytes (6.91%)
Local parameters compressed: reduced 5155 bytes (6.99%)
Local parameters compressed: reduced 5111 bytes (6.93%)
Local parameters compressed: reduced 5129 bytes (6.95%)
Local parameters compressed: reduced 5139 bytes (6.96%)
Local parameters compressed: reduced 5159 bytes (6.99%)
Local parameters compressed: reduced 5122 bytes (6.94%)
Local parameters compressed: reduced 5125 bytes (6.95%)
Local parameters compressed: reduced 5139 bytes (6.96%)
Results Aggregated in 19.36 seconds.
{'TextMLP': {'train_loss': [0.5767375781583786, 0.49664743953227997, 0.4699455681967735, 0.4576991482686997, 0.4498754860051473, 0.4422211017100016, 0.4407774787688255, 0.439340664815108, 0.43439782740831373, 0.4323237297737598, 0.4301188718680541, 0.4277942135107517, 0.4254240927243233, 0.42520384212493895, 0.4229726291680336], 'train_accuracy': [0.79055, 0.8207666666666666, 0.8303025, 0.8341866666666666, 0.8364133333333333, 0.8388116666666666, 0.8389025, 0.8390225, 0.8408991666666666, 0.8416691666666667, 0.8423858333333333, 0.8432108333333334, 0.844225, 0.8439675, 0.8451666666666666], 'train_f1': [0.7902361370527368, 0.8202448868314869, 0.8298704453840108, 0.8336327688236593, 0.8360059073780624, 0.8382594368158665, 0.8384158645768808, 0.8389295546298171, 0.8404001288640521, 0.8411180507251903, 0.8417835347812568, 0.8431808466565435, 0.8437576053149675, 0.8433615191060587, 0.8449775290061899], 'train_mae': [0.33309916666666667, 0.2818891666666667, 0.26741333333333334, 0.2608241666666667, 0.25876083333333333, 0.25483083333333334, 0.25383666666666665, 0.25689083333333335, 0.252755, 0.2508775, 0.24808916666666667, 0.24825083333333334, 0.24834666666666666, 0.2464275, 0.24600833333333333], 'val_loss': [0.5881047721160085, 0.5142779123594886, 0.4895800521687457, 0.47779819789685696, 0.4698496972259722, 0.4625763354615161, 0.4609449187768133, 0.4598485461473465, 0.4549254375006024, 0.45318011274463255, 0.4499872839325353, 0.44771434460188214, 0.44571629267617274, 0.44563141202299217, 0.4431679233814541], 'val_accuracy': [0.7833421052631578, 0.8116447368421053, 0.8210394736842105, 0.8242236842105263, 0.827421052631579, 0.8281578947368421, 0.829421052631579, 0.8303421052631579, 0.8324473684210526, 0.8331973684210526, 0.8342105263157895, 0.8350921052631579, 0.8360394736842105, 0.836078947368421, 0.8393157894736841], 'val_f1': [0.7829750439112088, 0.8111258368579097, 0.8205793011562963, 0.8236780380494889, 0.8269801468690731, 0.827544998487539, 0.8289368780339371, 0.8302408628483541, 0.8318745441536171, 0.832554224755263, 0.8335680393814623, 0.8350380243076653, 0.8354938887202917, 0.8354306581483967, 0.8391101175605777], 'val_mae': [0.343, 0.29401315789473687, 0.2799473684210526, 0.2746710526315789, 0.27085526315789477, 0.2690526315789474, 0.26701315789473684, 0.2691578947368421, 0.26423684210526316, 0.26222368421052633, 0.2593947368421053, 0.2600789473684211, 0.2604736842105263, 0.25784210526315793, 0.25482894736842104], 'jsd': [(0, 0, 0, 0, 0, 0, 0, 0, 0, 0), (0, 0, 0, 0, 0, 0, 0, 0, 0, 0), (0, 0, 0, 0, 0, 0, 0, 0, 0, 0), (0, 0, 0, 0, 0, 0, 0, 0, 0, 0), (0, 0, 0, 0, 0, 0, 0, 0, 0, 0), (0, 0, 0, 0, 0, 0, 0, 0, 0, 0), (0, 0, 0, 0, 0, 0, 0, 0, 0, 0), (0, 0, 0, 0, 0, 0, 0, 0, 0, 0), (0, 0, 0, 0, 0, 0, 0, 0, 0, 0), (0, 0, 0, 0, 0, 0, 0, 0, 0, 0), (0, 0, 0, 0, 0, 0, 0, 0, 0, 0), (0, 0, 0, 0, 0, 0, 0, 0, 0, 0), (0, 0, 0, 0, 0, 0, 0, 0, 0, 0), (0, 0, 0, 0, 0, 0, 0, 0, 0, 0), (0, 0, 0, 0, 0, 0, 0, 0, 0, 0)]}}
AdaptationManager: Configuring next round...
{'client_registry': {'enabled': True, 'params': {}}, 'client_selector': {'enabled': False, 'params': {}}, 'client_cluster': {'enabled': False, 'params': {}}, 'message_compressor': {'enabled': True, 'params': {}}, 'model_co-versioning_registry': {'enabled': False, 'params': {}}, 'multi-task_model_trainer': {'enabled': False, 'params': {}}, 'heterogeneous_data_handler': {'enabled': False, 'params': {}}}
{'client_selector': {'enabled': False}, 'client_cluster': {'enabled': False}, 'message_compressor': {'enabled': True}, 'model_co-versioning_registry': {'enabled': False}, 'multi-task_model_trainer': {'enabled': False}, 'heterogeneous_data_handler': {'enabled': False}, 'client_registry': {'enabled': True, 'params': {}}}
round 16, 5 high, 5 low, 100.0-iid clients, predicted best policy: message_compressor activated ✅
client Client 24 injecting delay of 10 seconds
client Client 26 injecting delay of 10 seconds
client Client 32 injecting delay of 6 seconds
client Client 23 injecting delay of 1 seconds
client Client 31 injecting delay of 6 seconds
client Client 30 injecting delay of 4 seconds
client Client 27 injecting delay of 7 seconds
client Client 29 injecting delay of 9 seconds
client Client 28 injecting delay of 4 seconds
client Client 25 injecting delay of 0 seconds
Local parameters compressed: reduced 5141 bytes (6.97%)
Local parameters compressed: reduced 5168 bytes (7.00%)
Local parameters compressed: reduced 5116 bytes (6.93%)
Local parameters compressed: reduced 5131 bytes (6.95%)
Local parameters compressed: reduced 5144 bytes (6.97%)
Local parameters compressed: reduced 5145 bytes (6.97%)
Local parameters compressed: reduced 5090 bytes (6.90%)
Local parameters compressed: reduced 5135 bytes (6.96%)
Local parameters compressed: reduced 5132 bytes (6.96%)
Local parameters compressed: reduced 5133 bytes (6.96%)
Results Aggregated in 19.17 seconds.
{'TextMLP': {'train_loss': [0.5767375781583786, 0.49664743953227997, 0.4699455681967735, 0.4576991482686997, 0.4498754860051473, 0.4422211017100016, 0.4407774787688255, 0.439340664815108, 0.43439782740831373, 0.4323237297737598, 0.4301188718680541, 0.4277942135107517, 0.4254240927243233, 0.42520384212493895, 0.4229726291680336, 0.42213943872610726], 'train_accuracy': [0.79055, 0.8207666666666666, 0.8303025, 0.8341866666666666, 0.8364133333333333, 0.8388116666666666, 0.8389025, 0.8390225, 0.8408991666666666, 0.8416691666666667, 0.8423858333333333, 0.8432108333333334, 0.844225, 0.8439675, 0.8451666666666666, 0.8452533333333333], 'train_f1': [0.7902361370527368, 0.8202448868314869, 0.8298704453840108, 0.8336327688236593, 0.8360059073780624, 0.8382594368158665, 0.8384158645768808, 0.8389295546298171, 0.8404001288640521, 0.8411180507251903, 0.8417835347812568, 0.8431808466565435, 0.8437576053149675, 0.8433615191060587, 0.8449775290061899, 0.8449331470572393], 'train_mae': [0.33309916666666667, 0.2818891666666667, 0.26741333333333334, 0.2608241666666667, 0.25876083333333333, 0.25483083333333334, 0.25383666666666665, 0.25689083333333335, 0.252755, 0.2508775, 0.24808916666666667, 0.24825083333333334, 0.24834666666666666, 0.2464275, 0.24600833333333333, 0.24489083333333334], 'val_loss': [0.5881047721160085, 0.5142779123594886, 0.4895800521687457, 0.47779819789685696, 0.4698496972259722, 0.4625763354615161, 0.4609449187768133, 0.4598485461473465, 0.4549254375006024, 0.45318011274463255, 0.4499872839325353, 0.44771434460188214, 0.44571629267617274, 0.44563141202299217, 0.4431679233814541, 0.44258805616905816], 'val_accuracy': [0.7833421052631578, 0.8116447368421053, 0.8210394736842105, 0.8242236842105263, 0.827421052631579, 0.8281578947368421, 0.829421052631579, 0.8303421052631579, 0.8324473684210526, 0.8331973684210526, 0.8342105263157895, 0.8350921052631579, 0.8360394736842105, 0.836078947368421, 0.8393157894736841, 0.8384868421052631], 'val_f1': [0.7829750439112088, 0.8111258368579097, 0.8205793011562963, 0.8236780380494889, 0.8269801468690731, 0.827544998487539, 0.8289368780339371, 0.8302408628483541, 0.8318745441536171, 0.832554224755263, 0.8335680393814623, 0.8350380243076653, 0.8354938887202917, 0.8354306581483967, 0.8391101175605777, 0.8381242332419447], 'val_mae': [0.343, 0.29401315789473687, 0.2799473684210526, 0.2746710526315789, 0.27085526315789477, 0.2690526315789474, 0.26701315789473684, 0.2691578947368421, 0.26423684210526316, 0.26222368421052633, 0.2593947368421053, 0.2600789473684211, 0.2604736842105263, 0.25784210526315793, 0.25482894736842104, 0.2548157894736842], 'jsd': [(0, 0, 0, 0, 0, 0, 0, 0, 0, 0), (0, 0, 0, 0, 0, 0, 0, 0, 0, 0), (0, 0, 0, 0, 0, 0, 0, 0, 0, 0), (0, 0, 0, 0, 0, 0, 0, 0, 0, 0), (0, 0, 0, 0, 0, 0, 0, 0, 0, 0), (0, 0, 0, 0, 0, 0, 0, 0, 0, 0), (0, 0, 0, 0, 0, 0, 0, 0, 0, 0), (0, 0, 0, 0, 0, 0, 0, 0, 0, 0), (0, 0, 0, 0, 0, 0, 0, 0, 0, 0), (0, 0, 0, 0, 0, 0, 0, 0, 0, 0), (0, 0, 0, 0, 0, 0, 0, 0, 0, 0), (0, 0, 0, 0, 0, 0, 0, 0, 0, 0), (0, 0, 0, 0, 0, 0, 0, 0, 0, 0), (0, 0, 0, 0, 0, 0, 0, 0, 0, 0), (0, 0, 0, 0, 0, 0, 0, 0, 0, 0), (0, 0, 0, 0, 0, 0, 0, 0, 0, 0)]}}
AdaptationManager: Configuring next round...
{'client_registry': {'enabled': True, 'params': {}}, 'client_selector': {'enabled': False, 'params': {}}, 'client_cluster': {'enabled': False, 'params': {}}, 'message_compressor': {'enabled': True, 'params': {}}, 'model_co-versioning_registry': {'enabled': False, 'params': {}}, 'multi-task_model_trainer': {'enabled': False, 'params': {}}, 'heterogeneous_data_handler': {'enabled': False, 'params': {}}}
{'client_selector': {'enabled': False}, 'client_cluster': {'enabled': False}, 'message_compressor': {'enabled': True}, 'model_co-versioning_registry': {'enabled': False}, 'multi-task_model_trainer': {'enabled': False}, 'heterogeneous_data_handler': {'enabled': False}, 'client_registry': {'enabled': True, 'params': {}}}
round 17, 5 high, 5 low, 100.0-iid clients, predicted best policy: message_compressor activated ✅
client Client 24 injecting delay of 10 seconds
client Client 23 injecting delay of 3 seconds
client Client 31 injecting delay of 9 seconds
client Client 29 injecting delay of 2 seconds
client Client 26 injecting delay of 10 seconds
client Client 28 injecting delay of 4 seconds
client Client 30 injecting delay of 2 seconds
client Client 25 injecting delay of 10 seconds
client Client 27 injecting delay of 1 seconds
client Client 32 injecting delay of 10 seconds
Local parameters compressed: reduced 5089 bytes (6.90%)
Local parameters compressed: reduced 5123 bytes (6.94%)
Local parameters compressed: reduced 5127 bytes (6.95%)
Local parameters compressed: reduced 5101 bytes (6.91%)
Local parameters compressed: reduced 5108 bytes (6.92%)
Local parameters compressed: reduced 5121 bytes (6.94%)
Local parameters compressed: reduced 5136 bytes (6.96%)
Local parameters compressed: reduced 5110 bytes (6.93%)
Local parameters compressed: reduced 5138 bytes (6.96%)
Local parameters compressed: reduced 5109 bytes (6.92%)
Results Aggregated in 19.55 seconds.
{'TextMLP': {'train_loss': [0.5767375781583786, 0.49664743953227997, 0.4699455681967735, 0.4576991482686997, 0.4498754860051473, 0.4422211017100016, 0.4407774787688255, 0.439340664815108, 0.43439782740831373, 0.4323237297737598, 0.4301188718680541, 0.4277942135107517, 0.4254240927243233, 0.42520384212493895, 0.4229726291680336, 0.42213943872610726, 0.4207968910853068], 'train_accuracy': [0.79055, 0.8207666666666666, 0.8303025, 0.8341866666666666, 0.8364133333333333, 0.8388116666666666, 0.8389025, 0.8390225, 0.8408991666666666, 0.8416691666666667, 0.8423858333333333, 0.8432108333333334, 0.844225, 0.8439675, 0.8451666666666666, 0.8452533333333333, 0.8456933333333333], 'train_f1': [0.7902361370527368, 0.8202448868314869, 0.8298704453840108, 0.8336327688236593, 0.8360059073780624, 0.8382594368158665, 0.8384158645768808, 0.8389295546298171, 0.8404001288640521, 0.8411180507251903, 0.8417835347812568, 0.8431808466565435, 0.8437576053149675, 0.8433615191060587, 0.8449775290061899, 0.8449331470572393, 0.8454079150139727], 'train_mae': [0.33309916666666667, 0.2818891666666667, 0.26741333333333334, 0.2608241666666667, 0.25876083333333333, 0.25483083333333334, 0.25383666666666665, 0.25689083333333335, 0.252755, 0.2508775, 0.24808916666666667, 0.24825083333333334, 0.24834666666666666, 0.2464275, 0.24600833333333333, 0.24489083333333334, 0.245625], 'val_loss': [0.5881047721160085, 0.5142779123594886, 0.4895800521687457, 0.47779819789685696, 0.4698496972259722, 0.4625763354615161, 0.4609449187768133, 0.4598485461473465, 0.4549254375006024, 0.45318011274463255, 0.4499872839325353, 0.44771434460188214, 0.44571629267617274, 0.44563141202299217, 0.4431679233814541, 0.44258805616905816, 0.44190536416831766], 'val_accuracy': [0.7833421052631578, 0.8116447368421053, 0.8210394736842105, 0.8242236842105263, 0.827421052631579, 0.8281578947368421, 0.829421052631579, 0.8303421052631579, 0.8324473684210526, 0.8331973684210526, 0.8342105263157895, 0.8350921052631579, 0.8360394736842105, 0.836078947368421, 0.8393157894736841, 0.8384868421052631, 0.8384868421052633], 'val_f1': [0.7829750439112088, 0.8111258368579097, 0.8205793011562963, 0.8236780380494889, 0.8269801468690731, 0.827544998487539, 0.8289368780339371, 0.8302408628483541, 0.8318745441536171, 0.832554224755263, 0.8335680393814623, 0.8350380243076653, 0.8354938887202917, 0.8354306581483967, 0.8391101175605777, 0.8381242332419447, 0.8381529054493845], 'val_mae': [0.343, 0.29401315789473687, 0.2799473684210526, 0.2746710526315789, 0.27085526315789477, 0.2690526315789474, 0.26701315789473684, 0.2691578947368421, 0.26423684210526316, 0.26222368421052633, 0.2593947368421053, 0.2600789473684211, 0.2604736842105263, 0.25784210526315793, 0.25482894736842104, 0.2548157894736842, 0.25571052631578944], 'jsd': [(0, 0, 0, 0, 0, 0, 0, 0, 0, 0), (0, 0, 0, 0, 0, 0, 0, 0, 0, 0), (0, 0, 0, 0, 0, 0, 0, 0, 0, 0), (0, 0, 0, 0, 0, 0, 0, 0, 0, 0), (0, 0, 0, 0, 0, 0, 0, 0, 0, 0), (0, 0, 0, 0, 0, 0, 0, 0, 0, 0), (0, 0, 0, 0, 0, 0, 0, 0, 0, 0), (0, 0, 0, 0, 0, 0, 0, 0, 0, 0), (0, 0, 0, 0, 0, 0, 0, 0, 0, 0), (0, 0, 0, 0, 0, 0, 0, 0, 0, 0), (0, 0, 0, 0, 0, 0, 0, 0, 0, 0), (0, 0, 0, 0, 0, 0, 0, 0, 0, 0), (0, 0, 0, 0, 0, 0, 0, 0, 0, 0), (0, 0, 0, 0, 0, 0, 0, 0, 0, 0), (0, 0, 0, 0, 0, 0, 0, 0, 0, 0), (0, 0, 0, 0, 0, 0, 0, 0, 0, 0), (0, 0, 0, 0, 0, 0, 0, 0, 0, 0)]}}
AdaptationManager: Configuring next round...
{'client_registry': {'enabled': True, 'params': {}}, 'client_selector': {'enabled': False, 'params': {}}, 'client_cluster': {'enabled': False, 'params': {}}, 'message_compressor': {'enabled': True, 'params': {}}, 'model_co-versioning_registry': {'enabled': False, 'params': {}}, 'multi-task_model_trainer': {'enabled': False, 'params': {}}, 'heterogeneous_data_handler': {'enabled': False, 'params': {}}}
{'client_selector': {'enabled': False}, 'client_cluster': {'enabled': False}, 'message_compressor': {'enabled': True}, 'model_co-versioning_registry': {'enabled': False}, 'multi-task_model_trainer': {'enabled': False}, 'heterogeneous_data_handler': {'enabled': False}, 'client_registry': {'enabled': True, 'params': {}}}
round 18, 5 high, 5 low, 100.0-iid clients, predicted best policy: message_compressor activated ✅
client Client 24 injecting delay of 4 seconds
client Client 25 injecting delay of 4 seconds
client Client 32 injecting delay of 4 seconds
client Client 26 injecting delay of 4 seconds
client Client 28 injecting delay of 1 seconds
client Client 31 injecting delay of 5 seconds
client Client 29 injecting delay of 7 seconds
client Client 27 injecting delay of 6 seconds
client Client 30 injecting delay of 7 seconds
Local parameters compressed: reduced 5108 bytes (6.92%)
client Client 23 injecting delay of 6 seconds
Local parameters compressed: reduced 5140 bytes (6.97%)
Local parameters compressed: reduced 5109 bytes (6.92%)
Local parameters compressed: reduced 5136 bytes (6.96%)
Local parameters compressed: reduced 5122 bytes (6.94%)
Local parameters compressed: reduced 5107 bytes (6.92%)
Local parameters compressed: reduced 5137 bytes (6.96%)
Local parameters compressed: reduced 5063 bytes (6.86%)
Local parameters compressed: reduced 5141 bytes (6.97%)
Local parameters compressed: reduced 5111 bytes (6.93%)
Results Aggregated in 16.91 seconds.
{'TextMLP': {'train_loss': [0.5767375781583786, 0.49664743953227997, 0.4699455681967735, 0.4576991482686997, 0.4498754860051473, 0.4422211017100016, 0.4407774787688255, 0.439340664815108, 0.43439782740831373, 0.4323237297737598, 0.4301188718680541, 0.4277942135107517, 0.4254240927243233, 0.42520384212493895, 0.4229726291680336, 0.42213943872610726, 0.4207968910853068, 0.42114317586819333], 'train_accuracy': [0.79055, 0.8207666666666666, 0.8303025, 0.8341866666666666, 0.8364133333333333, 0.8388116666666666, 0.8389025, 0.8390225, 0.8408991666666666, 0.8416691666666667, 0.8423858333333333, 0.8432108333333334, 0.844225, 0.8439675, 0.8451666666666666, 0.8452533333333333, 0.8456933333333333, 0.8453891666666666], 'train_f1': [0.7902361370527368, 0.8202448868314869, 0.8298704453840108, 0.8336327688236593, 0.8360059073780624, 0.8382594368158665, 0.8384158645768808, 0.8389295546298171, 0.8404001288640521, 0.8411180507251903, 0.8417835347812568, 0.8431808466565435, 0.8437576053149675, 0.8433615191060587, 0.8449775290061899, 0.8449331470572393, 0.8454079150139727, 0.844954324571755], 'train_mae': [0.33309916666666667, 0.2818891666666667, 0.26741333333333334, 0.2608241666666667, 0.25876083333333333, 0.25483083333333334, 0.25383666666666665, 0.25689083333333335, 0.252755, 0.2508775, 0.24808916666666667, 0.24825083333333334, 0.24834666666666666, 0.2464275, 0.24600833333333333, 0.24489083333333334, 0.245625, 0.24359416666666667], 'val_loss': [0.5881047721160085, 0.5142779123594886, 0.4895800521687457, 0.47779819789685696, 0.4698496972259722, 0.4625763354615161, 0.4609449187768133, 0.4598485461473465, 0.4549254375006024, 0.45318011274463255, 0.4499872839325353, 0.44771434460188214, 0.44571629267617274, 0.44563141202299217, 0.4431679233814541, 0.44258805616905816, 0.44190536416831766, 0.4419698474093488], 'val_accuracy': [0.7833421052631578, 0.8116447368421053, 0.8210394736842105, 0.8242236842105263, 0.827421052631579, 0.8281578947368421, 0.829421052631579, 0.8303421052631579, 0.8324473684210526, 0.8331973684210526, 0.8342105263157895, 0.8350921052631579, 0.8360394736842105, 0.836078947368421, 0.8393157894736841, 0.8384868421052631, 0.8384868421052633, 0.8384473684210526], 'val_f1': [0.7829750439112088, 0.8111258368579097, 0.8205793011562963, 0.8236780380494889, 0.8269801468690731, 0.827544998487539, 0.8289368780339371, 0.8302408628483541, 0.8318745441536171, 0.832554224755263, 0.8335680393814623, 0.8350380243076653, 0.8354938887202917, 0.8354306581483967, 0.8391101175605777, 0.8381242332419447, 0.8381529054493845, 0.8379837180014889], 'val_mae': [0.343, 0.29401315789473687, 0.2799473684210526, 0.2746710526315789, 0.27085526315789477, 0.2690526315789474, 0.26701315789473684, 0.2691578947368421, 0.26423684210526316, 0.26222368421052633, 0.2593947368421053, 0.2600789473684211, 0.2604736842105263, 0.25784210526315793, 0.25482894736842104, 0.2548157894736842, 0.25571052631578944, 0.2538157894736842], 'jsd': [(0, 0, 0, 0, 0, 0, 0, 0, 0, 0), (0, 0, 0, 0, 0, 0, 0, 0, 0, 0), (0, 0, 0, 0, 0, 0, 0, 0, 0, 0), (0, 0, 0, 0, 0, 0, 0, 0, 0, 0), (0, 0, 0, 0, 0, 0, 0, 0, 0, 0), (0, 0, 0, 0, 0, 0, 0, 0, 0, 0), (0, 0, 0, 0, 0, 0, 0, 0, 0, 0), (0, 0, 0, 0, 0, 0, 0, 0, 0, 0), (0, 0, 0, 0, 0, 0, 0, 0, 0, 0), (0, 0, 0, 0, 0, 0, 0, 0, 0, 0), (0, 0, 0, 0, 0, 0, 0, 0, 0, 0), (0, 0, 0, 0, 0, 0, 0, 0, 0, 0), (0, 0, 0, 0, 0, 0, 0, 0, 0, 0), (0, 0, 0, 0, 0, 0, 0, 0, 0, 0), (0, 0, 0, 0, 0, 0, 0, 0, 0, 0), (0, 0, 0, 0, 0, 0, 0, 0, 0, 0), (0, 0, 0, 0, 0, 0, 0, 0, 0, 0), (0, 0, 0, 0, 0, 0, 0, 0, 0, 0)]}}
AdaptationManager: Configuring next round...
{'client_registry': {'enabled': True, 'params': {}}, 'client_selector': {'enabled': False, 'params': {}}, 'client_cluster': {'enabled': False, 'params': {}}, 'message_compressor': {'enabled': True, 'params': {}}, 'model_co-versioning_registry': {'enabled': False, 'params': {}}, 'multi-task_model_trainer': {'enabled': False, 'params': {}}, 'heterogeneous_data_handler': {'enabled': False, 'params': {}}}
{'client_selector': {'enabled': False}, 'client_cluster': {'enabled': False}, 'message_compressor': {'enabled': True}, 'model_co-versioning_registry': {'enabled': False}, 'multi-task_model_trainer': {'enabled': False}, 'heterogeneous_data_handler': {'enabled': False}, 'client_registry': {'enabled': True, 'params': {}}}
round 19, 5 high, 5 low, 100.0-iid clients, predicted best policy: message_compressor activated ✅
client Client 24 injecting delay of 10 seconds
client Client 31 injecting delay of 10 seconds
client Client 27 injecting delay of 3 seconds
client Client 32 injecting delay of 8 seconds
client Client 26 injecting delay of 6 seconds
client Client 25 injecting delay of 9 seconds
client Client 28 injecting delay of 4 seconds
client Client 29 injecting delay of 8 seconds
client Client 30 injecting delay of 9 seconds
client Client 23 injecting delay of 9 seconds
Local parameters compressed: reduced 5150 bytes (6.98%)
Local parameters compressed: reduced 5101 bytes (6.91%)
Local parameters compressed: reduced 5086 bytes (6.89%)
Local parameters compressed: reduced 5146 bytes (6.97%)
Local parameters compressed: reduced 5114 bytes (6.93%)
Local parameters compressed: reduced 5141 bytes (6.97%)
Local parameters compressed: reduced 5124 bytes (6.94%)
Local parameters compressed: reduced 5074 bytes (6.88%)
Local parameters compressed: reduced 5096 bytes (6.91%)
Local parameters compressed: reduced 5151 bytes (6.98%)
Results Aggregated in 19.39 seconds.
{'TextMLP': {'train_loss': [0.5767375781583786, 0.49664743953227997, 0.4699455681967735, 0.4576991482686997, 0.4498754860051473, 0.4422211017100016, 0.4407774787688255, 0.439340664815108, 0.43439782740831373, 0.4323237297737598, 0.4301188718680541, 0.4277942135107517, 0.4254240927243233, 0.42520384212493895, 0.4229726291680336, 0.42213943872610726, 0.4207968910853068, 0.42114317586819333, 0.41647081487496695], 'train_accuracy': [0.79055, 0.8207666666666666, 0.8303025, 0.8341866666666666, 0.8364133333333333, 0.8388116666666666, 0.8389025, 0.8390225, 0.8408991666666666, 0.8416691666666667, 0.8423858333333333, 0.8432108333333334, 0.844225, 0.8439675, 0.8451666666666666, 0.8452533333333333, 0.8456933333333333, 0.8453891666666666, 0.8473283333333334], 'train_f1': [0.7902361370527368, 0.8202448868314869, 0.8298704453840108, 0.8336327688236593, 0.8360059073780624, 0.8382594368158665, 0.8384158645768808, 0.8389295546298171, 0.8404001288640521, 0.8411180507251903, 0.8417835347812568, 0.8431808466565435, 0.8437576053149675, 0.8433615191060587, 0.8449775290061899, 0.8449331470572393, 0.8454079150139727, 0.844954324571755, 0.8468266178587996], 'train_mae': [0.33309916666666667, 0.2818891666666667, 0.26741333333333334, 0.2608241666666667, 0.25876083333333333, 0.25483083333333334, 0.25383666666666665, 0.25689083333333335, 0.252755, 0.2508775, 0.24808916666666667, 0.24825083333333334, 0.24834666666666666, 0.2464275, 0.24600833333333333, 0.24489083333333334, 0.245625, 0.24359416666666667, 0.2415425], 'val_loss': [0.5881047721160085, 0.5142779123594886, 0.4895800521687457, 0.47779819789685696, 0.4698496972259722, 0.4625763354615161, 0.4609449187768133, 0.4598485461473465, 0.4549254375006024, 0.45318011274463255, 0.4499872839325353, 0.44771434460188214, 0.44571629267617274, 0.44563141202299217, 0.4431679233814541, 0.44258805616905816, 0.44190536416831766, 0.4419698474093488, 0.43758663150511296], 'val_accuracy': [0.7833421052631578, 0.8116447368421053, 0.8210394736842105, 0.8242236842105263, 0.827421052631579, 0.8281578947368421, 0.829421052631579, 0.8303421052631579, 0.8324473684210526, 0.8331973684210526, 0.8342105263157895, 0.8350921052631579, 0.8360394736842105, 0.836078947368421, 0.8393157894736841, 0.8384868421052631, 0.8384868421052633, 0.8384473684210526, 0.8397631578947368], 'val_f1': [0.7829750439112088, 0.8111258368579097, 0.8205793011562963, 0.8236780380494889, 0.8269801468690731, 0.827544998487539, 0.8289368780339371, 0.8302408628483541, 0.8318745441536171, 0.832554224755263, 0.8335680393814623, 0.8350380243076653, 0.8354938887202917, 0.8354306581483967, 0.8391101175605777, 0.8381242332419447, 0.8381529054493845, 0.8379837180014889, 0.8392010214346576], 'val_mae': [0.343, 0.29401315789473687, 0.2799473684210526, 0.2746710526315789, 0.27085526315789477, 0.2690526315789474, 0.26701315789473684, 0.2691578947368421, 0.26423684210526316, 0.26222368421052633, 0.2593947368421053, 0.2600789473684211, 0.2604736842105263, 0.25784210526315793, 0.25482894736842104, 0.2548157894736842, 0.25571052631578944, 0.2538157894736842, 0.2528026315789474], 'jsd': [(0, 0, 0, 0, 0, 0, 0, 0, 0, 0), (0, 0, 0, 0, 0, 0, 0, 0, 0, 0), (0, 0, 0, 0, 0, 0, 0, 0, 0, 0), (0, 0, 0, 0, 0, 0, 0, 0, 0, 0), (0, 0, 0, 0, 0, 0, 0, 0, 0, 0), (0, 0, 0, 0, 0, 0, 0, 0, 0, 0), (0, 0, 0, 0, 0, 0, 0, 0, 0, 0), (0, 0, 0, 0, 0, 0, 0, 0, 0, 0), (0, 0, 0, 0, 0, 0, 0, 0, 0, 0), (0, 0, 0, 0, 0, 0, 0, 0, 0, 0), (0, 0, 0, 0, 0, 0, 0, 0, 0, 0), (0, 0, 0, 0, 0, 0, 0, 0, 0, 0), (0, 0, 0, 0, 0, 0, 0, 0, 0, 0), (0, 0, 0, 0, 0, 0, 0, 0, 0, 0), (0, 0, 0, 0, 0, 0, 0, 0, 0, 0), (0, 0, 0, 0, 0, 0, 0, 0, 0, 0), (0, 0, 0, 0, 0, 0, 0, 0, 0, 0), (0, 0, 0, 0, 0, 0, 0, 0, 0, 0), (0, 0, 0, 0, 0, 0, 0, 0, 0, 0)]}}
AdaptationManager: Configuring next round...
{'client_registry': {'enabled': True, 'params': {}}, 'client_selector': {'enabled': False, 'params': {}}, 'client_cluster': {'enabled': False, 'params': {}}, 'message_compressor': {'enabled': True, 'params': {}}, 'model_co-versioning_registry': {'enabled': False, 'params': {}}, 'multi-task_model_trainer': {'enabled': False, 'params': {}}, 'heterogeneous_data_handler': {'enabled': False, 'params': {}}}
{'client_selector': {'enabled': False}, 'client_cluster': {'enabled': False}, 'message_compressor': {'enabled': True}, 'model_co-versioning_registry': {'enabled': False}, 'multi-task_model_trainer': {'enabled': False}, 'heterogeneous_data_handler': {'enabled': False}, 'client_registry': {'enabled': True, 'params': {}}}
round 20, 5 high, 5 low, 100.0-iid clients, predicted best policy: message_compressor activated ✅
client Client 23 injecting delay of 4 seconds
client Client 25 injecting delay of 8 seconds
client Client 26 injecting delay of 2 seconds
client Client 29 injecting delay of 1 seconds
client Client 31 injecting delay of 1 seconds
client Client 27 injecting delay of 0 seconds
Local parameters compressed: reduced 5110 bytes (6.93%)
client Client 32 injecting delay of 0 seconds
Local parameters compressed: reduced 5103 bytes (6.92%)
client Client 28 injecting delay of 5 seconds
client Client 24 injecting delay of 3 seconds
client Client 30 injecting delay of 3 seconds
Local parameters compressed: reduced 5089 bytes (6.90%)
Local parameters compressed: reduced 5104 bytes (6.92%)
Local parameters compressed: reduced 5125 bytes (6.95%)
Local parameters compressed: reduced 5134 bytes (6.96%)
Local parameters compressed: reduced 5128 bytes (6.95%)
Local parameters compressed: reduced 5106 bytes (6.92%)
Local parameters compressed: reduced 5124 bytes (6.94%)
Local parameters compressed: reduced 5086 bytes (6.89%)
Results Aggregated in 17.19 seconds.
{'TextMLP': {'train_loss': [0.5767375781583786, 0.49664743953227997, 0.4699455681967735, 0.4576991482686997, 0.4498754860051473, 0.4422211017100016, 0.4407774787688255, 0.439340664815108, 0.43439782740831373, 0.4323237297737598, 0.4301188718680541, 0.4277942135107517, 0.4254240927243233, 0.42520384212493895, 0.4229726291680336, 0.42213943872610726, 0.4207968910853068, 0.42114317586819333, 0.41647081487496695, 0.4178211781263351], 'train_accuracy': [0.79055, 0.8207666666666666, 0.8303025, 0.8341866666666666, 0.8364133333333333, 0.8388116666666666, 0.8389025, 0.8390225, 0.8408991666666666, 0.8416691666666667, 0.8423858333333333, 0.8432108333333334, 0.844225, 0.8439675, 0.8451666666666666, 0.8452533333333333, 0.8456933333333333, 0.8453891666666666, 0.8473283333333334, 0.846445], 'train_f1': [0.7902361370527368, 0.8202448868314869, 0.8298704453840108, 0.8336327688236593, 0.8360059073780624, 0.8382594368158665, 0.8384158645768808, 0.8389295546298171, 0.8404001288640521, 0.8411180507251903, 0.8417835347812568, 0.8431808466565435, 0.8437576053149675, 0.8433615191060587, 0.8449775290061899, 0.8449331470572393, 0.8454079150139727, 0.844954324571755, 0.8468266178587996, 0.846121014598505], 'train_mae': [0.33309916666666667, 0.2818891666666667, 0.26741333333333334, 0.2608241666666667, 0.25876083333333333, 0.25483083333333334, 0.25383666666666665, 0.25689083333333335, 0.252755, 0.2508775, 0.24808916666666667, 0.24825083333333334, 0.24834666666666666, 0.2464275, 0.24600833333333333, 0.24489083333333334, 0.245625, 0.24359416666666667, 0.2415425, 0.242525], 'val_loss': [0.5881047721160085, 0.5142779123594886, 0.4895800521687457, 0.47779819789685696, 0.4698496972259722, 0.4625763354615161, 0.4609449187768133, 0.4598485461473465, 0.4549254375006024, 0.45318011274463255, 0.4499872839325353, 0.44771434460188214, 0.44571629267617274, 0.44563141202299217, 0.4431679233814541, 0.44258805616905816, 0.44190536416831766, 0.4419698474093488, 0.43758663150511296, 0.43927173176564666], 'val_accuracy': [0.7833421052631578, 0.8116447368421053, 0.8210394736842105, 0.8242236842105263, 0.827421052631579, 0.8281578947368421, 0.829421052631579, 0.8303421052631579, 0.8324473684210526, 0.8331973684210526, 0.8342105263157895, 0.8350921052631579, 0.8360394736842105, 0.836078947368421, 0.8393157894736841, 0.8384868421052631, 0.8384868421052633, 0.8384473684210526, 0.8397631578947368, 0.8394473684210526], 'val_f1': [0.7829750439112088, 0.8111258368579097, 0.8205793011562963, 0.8236780380494889, 0.8269801468690731, 0.827544998487539, 0.8289368780339371, 0.8302408628483541, 0.8318745441536171, 0.832554224755263, 0.8335680393814623, 0.8350380243076653, 0.8354938887202917, 0.8354306581483967, 0.8391101175605777, 0.8381242332419447, 0.8381529054493845, 0.8379837180014889, 0.8392010214346576, 0.8390447406818049], 'val_mae': [0.343, 0.29401315789473687, 0.2799473684210526, 0.2746710526315789, 0.27085526315789477, 0.2690526315789474, 0.26701315789473684, 0.2691578947368421, 0.26423684210526316, 0.26222368421052633, 0.2593947368421053, 0.2600789473684211, 0.2604736842105263, 0.25784210526315793, 0.25482894736842104, 0.2548157894736842, 0.25571052631578944, 0.2538157894736842, 0.2528026315789474, 0.25339473684210523], 'jsd': [(0, 0, 0, 0, 0, 0, 0, 0, 0, 0), (0, 0, 0, 0, 0, 0, 0, 0, 0, 0), (0, 0, 0, 0, 0, 0, 0, 0, 0, 0), (0, 0, 0, 0, 0, 0, 0, 0, 0, 0), (0, 0, 0, 0, 0, 0, 0, 0, 0, 0), (0, 0, 0, 0, 0, 0, 0, 0, 0, 0), (0, 0, 0, 0, 0, 0, 0, 0, 0, 0), (0, 0, 0, 0, 0, 0, 0, 0, 0, 0), (0, 0, 0, 0, 0, 0, 0, 0, 0, 0), (0, 0, 0, 0, 0, 0, 0, 0, 0, 0), (0, 0, 0, 0, 0, 0, 0, 0, 0, 0), (0, 0, 0, 0, 0, 0, 0, 0, 0, 0), (0, 0, 0, 0, 0, 0, 0, 0, 0, 0), (0, 0, 0, 0, 0, 0, 0, 0, 0, 0), (0, 0, 0, 0, 0, 0, 0, 0, 0, 0), (0, 0, 0, 0, 0, 0, 0, 0, 0, 0), (0, 0, 0, 0, 0, 0, 0, 0, 0, 0), (0, 0, 0, 0, 0, 0, 0, 0, 0, 0), (0, 0, 0, 0, 0, 0, 0, 0, 0, 0), (0, 0, 0, 0, 0, 0, 0, 0, 0, 0)]}}
AdaptationManager: Configuring next round...
{'client_registry': {'enabled': True, 'params': {}}, 'client_selector': {'enabled': False, 'params': {}}, 'client_cluster': {'enabled': False, 'params': {}}, 'message_compressor': {'enabled': True, 'params': {}}, 'model_co-versioning_registry': {'enabled': False, 'params': {}}, 'multi-task_model_trainer': {'enabled': False, 'params': {}}, 'heterogeneous_data_handler': {'enabled': False, 'params': {}}}
{'client_selector': {'enabled': False}, 'client_cluster': {'enabled': False}, 'message_compressor': {'enabled': True}, 'model_co-versioning_registry': {'enabled': False}, 'multi-task_model_trainer': {'enabled': False}, 'heterogeneous_data_handler': {'enabled': False}, 'client_registry': {'enabled': True, 'params': {}}}
round 21, 5 high, 5 low, 100.0-iid clients, predicted best policy: message_compressor activated ✅
