==========================================
  ___  ______  ___ ______       _ 
 / _ \ | ___ \/   ||  ___|     | |
/ /_\ \| |_/ / /| || |_ ___  __| |
|  _  ||  __/ /_| ||  _/ _ \/ _` |
| | | || |  \___  || ||  __/ (_| |
\_| |_/\_|      |_/\_| \___|\__,_| v.1.5.0

==========================================
Simulation Started!
List of the Architectural Patterns enabled:
Adaptation Enabled ✅
Metric: val_f1, bo-based: predictors/bo_model-selector-2.pkl
Metric: val_f1,jsd, bo-based: predictors/bo_model_hdh-2.pkl
Metric: time, bo-based: predictors/bo_model_compressor-2.pkl
Client Registry ✅
Client Selector ✅
 AP Parameters: {'selection_strategy': 'Resource-Based', 'selection_criteria': 'CPU', 'selection_value': 2}
Message Compressor ✅
Heterogeneous Data Handler ✅
 AP Parameters: {'enabled_clients': []}
==========================================
Client Client 23 participates in this round. (CPU: 2, RAM: 4)
Client Client 25 has insufficient CPU (1). Will not participate in the next FL round.
Client Client 27 has insufficient CPU (1). Will not participate in the next FL round.
Client Client 26 has insufficient CPU (1). Will not participate in the next FL round.
Client Client 24 participates in this round. (CPU: 2, RAM: 4)
Client Client 28 has insufficient CPU (1). Will not participate in the next FL round.
Local parameters compressed: reduced 18773 bytes (7.55%)
Local parameters compressed: reduced 18789 bytes (7.56%)
Results Aggregated in 70.91 seconds.
{'CNN 64k': {'train_loss': [1.6892746883392333], 'train_accuracy': [0.3226], 'train_f1': [0.06556733209306269], 'train_mae': [2.3214], 'val_loss': [3.387180767250061], 'val_accuracy': [0.1], 'val_f1': [0.018207510421932888], 'val_mae': [2.69395], 'jsd': [(0, 0, 0, 0.24051612212417137, 0.26244785572920215, 0)]}}
AdaptationManager: Configuring next round...
{'client_registry': {'enabled': True, 'params': {}}, 'client_selector': {'enabled': True, 'params': {'selection_strategy': 'Resource-Based', 'selection_criteria': 'CPU', 'selection_value': 2}}, 'client_cluster': {'enabled': False, 'params': {}}, 'message_compressor': {'enabled': True, 'params': {}}, 'model_co-versioning_registry': {'enabled': False, 'params': {}}, 'multi-task_model_trainer': {'enabled': False, 'params': {}}, 'heterogeneous_data_handler': {'enabled': True, 'params': {'enabled_clients': []}}}
{'client_selector': {'enabled': True}, 'client_cluster': {'enabled': False}, 'message_compressor': {'enabled': True}, 'model_co-versioning_registry': {'enabled': False}, 'multi-task_model_trainer': {'enabled': False}, 'heterogeneous_data_handler': {'enabled': True}, 'client_registry': {'enabled': True, 'params': {}}}
round 2, 2 high, 4 low, 0.0-iid clients, predicted best policy: client_selector activated ✅
round 2, 2 high, 4 low, 0.0-iid clients, predicted best policy: message_compressor activated ✅
heterogeneous_data_handler activated ✅ for clients: ['Client 23', 'Client 24', 'Client 25', 'Client 27', 'Client 28']
Client Client 26 has insufficient CPU (1). Will not participate in the next FL round.
Client Client 23 participates in this round. (CPU: 2, RAM: 4)
Client Client 24 participates in this round. (CPU: 2, RAM: 4)
Client Client 25 has insufficient CPU (1). Will not participate in the next FL round.
Client Client 27 has insufficient CPU (1). Will not participate in the next FL round.
Local parameters compressed: reduced 18677 bytes (7.52%)
Local parameters compressed: reduced 18656 bytes (7.51%)
Client Client 28 has insufficient CPU (1). Will not participate in the next FL round.
Results Aggregated in 77.38 seconds.
{'CNN 64k': {'train_loss': [1.6892746883392333, 1.5333585021532454], 'train_accuracy': [0.3226, 0.433611815604953], 'train_f1': [0.06556733209306269, 0.188063837204688], 'train_mae': [2.3214, 1.9802327316127106], 'val_loss': [3.387180767250061, 2.925201768269824], 'val_accuracy': [0.1, 0.16247438460390867], 'val_f1': [0.018207510421932888, 0.0740781391926412], 'val_mae': [2.69395, 2.8637743547665226], 'jsd': [(0, 0, 0, 0.24051612212417137, 0.26244785572920215, 0), (0, 0, 0, 0.11375140101469616, 0.0861672359851218, 0)]}}
AdaptationManager: Configuring next round...
{'client_registry': {'enabled': True, 'params': {}}, 'client_selector': {'enabled': True, 'params': {'selection_strategy': 'Resource-Based', 'selection_criteria': 'CPU', 'selection_value': 2}}, 'client_cluster': {'enabled': False, 'params': {}}, 'message_compressor': {'enabled': True, 'params': {}}, 'model_co-versioning_registry': {'enabled': False, 'params': {}}, 'multi-task_model_trainer': {'enabled': False, 'params': {}}, 'heterogeneous_data_handler': {'enabled': True, 'params': {'enabled_clients': []}}}
{'client_selector': {'enabled': True}, 'client_cluster': {'enabled': False}, 'message_compressor': {'enabled': True}, 'model_co-versioning_registry': {'enabled': False}, 'multi-task_model_trainer': {'enabled': False}, 'heterogeneous_data_handler': {'enabled': True, 'params': {'enabled_clients': ['Client 23', 'Client 24', 'Client 25', 'Client 27', 'Client 28']}}, 'client_registry': {'enabled': True, 'params': {}}}
round 3, 2 high, 4 low, 0.0-iid clients, predicted best policy: client_selector activated ✅
round 3, 2 high, 4 low, 0.0-iid clients, predicted best policy: message_compressor activated ✅
heterogeneous_data_handler activated ✅ for clients: ['Client 23', 'Client 24', 'Client 25', 'Client 26', 'Client 27', 'Client 28']
Client Client 25 has insufficient CPU (1). Will not participate in the next FL round.
Client Client 27 has insufficient CPU (1). Will not participate in the next FL round.
Client Client 26 has insufficient CPU (1). Will not participate in the next FL round.
Client Client 28 has insufficient CPU (1). Will not participate in the next FL round.
Client Client 24 participates in this round. (CPU: 2, RAM: 4)
Client Client 23 participates in this round. (CPU: 2, RAM: 4)
Local parameters compressed: reduced 18813 bytes (7.57%)
Local parameters compressed: reduced 18844 bytes (7.58%)
Results Aggregated in 81.53 seconds.
{'CNN 64k': {'train_loss': [1.6892746883392333, 1.5333585021532454, 1.2360557507916448], 'train_accuracy': [0.3226, 0.433611815604953, 0.51918843908508], 'train_f1': [0.06556733209306269, 0.188063837204688, 0.2664809850565365], 'train_mae': [2.3214, 1.9802327316127106, 1.9297540434491338], 'val_loss': [3.387180767250061, 2.925201768269824, 3.206893750096709], 'val_accuracy': [0.1, 0.16247438460390867, 0.22284862187769167], 'val_f1': [0.018207510421932888, 0.0740781391926412, 0.13156611698159792], 'val_mae': [2.69395, 2.8637743547665226, 2.737435917312662], 'jsd': [(0, 0, 0, 0.24051612212417137, 0.26244785572920215, 0), (0, 0, 0, 0.11375140101469616, 0.0861672359851218, 0), (0, 0, 0, 0.15117204023132338, 0.09809575159071107, 0)]}}
AdaptationManager: Configuring next round...
{'client_registry': {'enabled': True, 'params': {}}, 'client_selector': {'enabled': True, 'params': {'selection_strategy': 'Resource-Based', 'selection_criteria': 'CPU', 'selection_value': 2}}, 'client_cluster': {'enabled': False, 'params': {}}, 'message_compressor': {'enabled': True, 'params': {}}, 'model_co-versioning_registry': {'enabled': False, 'params': {}}, 'multi-task_model_trainer': {'enabled': False, 'params': {}}, 'heterogeneous_data_handler': {'enabled': True, 'params': {'enabled_clients': []}}}
{'client_selector': {'enabled': True}, 'client_cluster': {'enabled': False}, 'message_compressor': {'enabled': True}, 'model_co-versioning_registry': {'enabled': False}, 'multi-task_model_trainer': {'enabled': False}, 'heterogeneous_data_handler': {'enabled': True, 'params': {'enabled_clients': ['Client 23', 'Client 24', 'Client 25', 'Client 26', 'Client 27', 'Client 28']}}, 'client_registry': {'enabled': True, 'params': {}}}
round 4, 2 high, 4 low, 0.0-iid clients, predicted best policy: client_selector activated ✅
round 4, 2 high, 4 low, 0.0-iid clients, predicted best policy: message_compressor activated ✅
heterogeneous_data_handler activated ✅ for clients: ['Client 26']
Client Client 23 participates in this round. (CPU: 2, RAM: 4)
Client Client 27 has insufficient CPU (1). Will not participate in the next FL round.
Client Client 24 participates in this round. (CPU: 2, RAM: 4)
Client Client 25 has insufficient CPU (1). Will not participate in the next FL round.
Client Client 28 has insufficient CPU (1). Will not participate in the next FL round.
Client Client 26 has insufficient CPU (1). Will not participate in the next FL round.
Local parameters compressed: reduced 18877 bytes (7.60%)
Local parameters compressed: reduced 18942 bytes (7.62%)
Results Aggregated in 84.34 seconds.
{'CNN 64k': {'train_loss': [1.6892746883392333, 1.5333585021532454, 1.2360557507916448, 1.3152140069007874], 'train_accuracy': [0.3226, 0.433611815604953, 0.51918843908508, 0.53125], 'train_f1': [0.06556733209306269, 0.188063837204688, 0.2664809850565365, 0.34671215029274505], 'train_mae': [2.3214, 1.9802327316127106, 1.9297540434491338, 1.70385], 'val_loss': [3.387180767250061, 2.925201768269824, 3.206893750096709, 2.4270970313072207], 'val_accuracy': [0.1, 0.16247438460390867, 0.22284862187769167, 0.3277], 'val_f1': [0.018207510421932888, 0.0740781391926412, 0.13156611698159792, 0.2516129437681342], 'val_mae': [2.69395, 2.8637743547665226, 2.737435917312662, 2.6064], 'jsd': [(0, 0, 0, 0.24051612212417137, 0.26244785572920215, 0), (0, 0, 0, 0.11375140101469616, 0.0861672359851218, 0), (0, 0, 0, 0.15117204023132338, 0.09809575159071107, 0), (0, 0, 0, 0.10011947911730193, 0.15594989889544453, 0)]}}
AdaptationManager: Configuring next round...
{'client_registry': {'enabled': True, 'params': {}}, 'client_selector': {'enabled': True, 'params': {'selection_strategy': 'Resource-Based', 'selection_criteria': 'CPU', 'selection_value': 2}}, 'client_cluster': {'enabled': False, 'params': {}}, 'message_compressor': {'enabled': True, 'params': {}}, 'model_co-versioning_registry': {'enabled': False, 'params': {}}, 'multi-task_model_trainer': {'enabled': False, 'params': {}}, 'heterogeneous_data_handler': {'enabled': True, 'params': {'enabled_clients': []}}}
{'client_selector': {'enabled': True}, 'client_cluster': {'enabled': False}, 'message_compressor': {'enabled': True}, 'model_co-versioning_registry': {'enabled': False}, 'multi-task_model_trainer': {'enabled': False}, 'heterogeneous_data_handler': {'enabled': True, 'params': {'enabled_clients': ['Client 26']}}, 'client_registry': {'enabled': True, 'params': {}}}
round 5, 2 high, 4 low, 0.0-iid clients, predicted best policy: client_selector activated ✅
round 5, 2 high, 4 low, 0.0-iid clients, predicted best policy: message_compressor activated ✅
heterogeneous_data_handler de-activated ❌
Client Client 26 has insufficient CPU (1). Will not participate in the next FL round.
Client Client 27 has insufficient CPU (1). Will not participate in the next FL round.
Client Client 25 has insufficient CPU (1). Will not participate in the next FL round.
Client Client 24 participates in this round. (CPU: 2, RAM: 4)
Client Client 28 has insufficient CPU (1). Will not participate in the next FL round.
Client Client 23 participates in this round. (CPU: 2, RAM: 4)
Local parameters compressed: reduced 18849 bytes (7.59%)
Local parameters compressed: reduced 18870 bytes (7.59%)
Results Aggregated in 93.52 seconds.
{'CNN 64k': {'train_loss': [1.6892746883392333, 1.5333585021532454, 1.2360557507916448, 1.3152140069007874, 1.0907708837890624], 'train_accuracy': [0.3226, 0.433611815604953, 0.51918843908508, 0.53125, 0.62344], 'train_f1': [0.06556733209306269, 0.188063837204688, 0.2664809850565365, 0.34671215029274505, 0.3454677181860231], 'train_mae': [2.3214, 1.9802327316127106, 1.9297540434491338, 1.70385, 1.46224], 'val_loss': [3.387180767250061, 2.925201768269824, 3.206893750096709, 2.4270970313072207, 2.365691543865204], 'val_accuracy': [0.1, 0.16247438460390867, 0.22284862187769167, 0.3277, 0.30175], 'val_f1': [0.018207510421932888, 0.0740781391926412, 0.13156611698159792, 0.2516129437681342, 0.22729258786660314], 'val_mae': [2.69395, 2.8637743547665226, 2.737435917312662, 2.6064, 2.70825], 'jsd': [(0, 0, 0, 0.24051612212417137, 0.26244785572920215, 0), (0, 0, 0, 0.11375140101469616, 0.0861672359851218, 0), (0, 0, 0, 0.15117204023132338, 0.09809575159071107, 0), (0, 0, 0, 0.10011947911730193, 0.15594989889544453, 0), (0, 0, 0, 0.23534274925712115, 0.1521103844693089, 0)]}}
AdaptationManager: Configuring next round...
{'client_registry': {'enabled': True, 'params': {}}, 'client_selector': {'enabled': True, 'params': {'selection_strategy': 'Resource-Based', 'selection_criteria': 'CPU', 'selection_value': 2}}, 'client_cluster': {'enabled': False, 'params': {}}, 'message_compressor': {'enabled': True, 'params': {}}, 'model_co-versioning_registry': {'enabled': False, 'params': {}}, 'multi-task_model_trainer': {'enabled': False, 'params': {}}, 'heterogeneous_data_handler': {'enabled': True, 'params': {'enabled_clients': []}}}
{'client_selector': {'enabled': True}, 'client_cluster': {'enabled': False}, 'message_compressor': {'enabled': True}, 'model_co-versioning_registry': {'enabled': False}, 'multi-task_model_trainer': {'enabled': False}, 'heterogeneous_data_handler': {'enabled': False, 'params': {'enabled_clients': ['Client 26']}}, 'client_registry': {'enabled': True, 'params': {}}}
round 6, 2 high, 4 low, 0.0-iid clients, predicted best policy: client_selector activated ✅
round 6, 2 high, 4 low, 0.0-iid clients, predicted best policy: message_compressor activated ✅
heterogeneous_data_handler activated ✅ for clients: ['Client 23', 'Client 24', 'Client 25', 'Client 26', 'Client 27', 'Client 28']
Client Client 26 has insufficient CPU (1). Will not participate in the next FL round.
Client Client 27 has insufficient CPU (1). Will not participate in the next FL round.
Client Client 25 has insufficient CPU (1). Will not participate in the next FL round.
Client Client 28 has insufficient CPU (1). Will not participate in the next FL round.
Client Client 24 participates in this round. (CPU: 2, RAM: 4)
Client Client 23 participates in this round. (CPU: 2, RAM: 4)
Local parameters compressed: reduced 18579 bytes (7.48%)
Local parameters compressed: reduced 18552 bytes (7.47%)
Results Aggregated in 88.69 seconds.
{'CNN 64k': {'train_loss': [1.6892746883392333, 1.5333585021532454, 1.2360557507916448, 1.3152140069007874, 1.0907708837890624, 1.2117768563903804], 'train_accuracy': [0.3226, 0.433611815604953, 0.51918843908508, 0.53125, 0.62344, 0.5297879667437398], 'train_f1': [0.06556733209306269, 0.188063837204688, 0.2664809850565365, 0.34671215029274505, 0.3454677181860231, 0.334817990805608], 'train_mae': [2.3214, 1.9802327316127106, 1.9297540434491338, 1.70385, 1.46224, 1.6616569095291975], 'val_loss': [3.387180767250061, 2.925201768269824, 3.206893750096709, 2.4270970313072207, 2.365691543865204, 2.7904070682330273], 'val_accuracy': [0.1, 0.16247438460390867, 0.22284862187769167, 0.3277, 0.30175, 0.30041237270625276], 'val_f1': [0.018207510421932888, 0.0740781391926412, 0.13156611698159792, 0.2516129437681342, 0.22729258786660314, 0.20757009662102632], 'val_mae': [2.69395, 2.8637743547665226, 2.737435917312662, 2.6064, 2.70825, 2.604499340778275], 'jsd': [(0, 0, 0, 0.24051612212417137, 0.26244785572920215, 0), (0, 0, 0, 0.11375140101469616, 0.0861672359851218, 0), (0, 0, 0, 0.15117204023132338, 0.09809575159071107, 0), (0, 0, 0, 0.10011947911730193, 0.15594989889544453, 0), (0, 0, 0, 0.23534274925712115, 0.1521103844693089, 0), (0, 0, 0, 0.1041737899795812, 0.08848888195576955, 0)]}}
AdaptationManager: Configuring next round...
{'client_registry': {'enabled': True, 'params': {}}, 'client_selector': {'enabled': True, 'params': {'selection_strategy': 'Resource-Based', 'selection_criteria': 'CPU', 'selection_value': 2}}, 'client_cluster': {'enabled': False, 'params': {}}, 'message_compressor': {'enabled': True, 'params': {}}, 'model_co-versioning_registry': {'enabled': False, 'params': {}}, 'multi-task_model_trainer': {'enabled': False, 'params': {}}, 'heterogeneous_data_handler': {'enabled': True, 'params': {'enabled_clients': []}}}
{'client_selector': {'enabled': True}, 'client_cluster': {'enabled': False}, 'message_compressor': {'enabled': True}, 'model_co-versioning_registry': {'enabled': False}, 'multi-task_model_trainer': {'enabled': False}, 'heterogeneous_data_handler': {'enabled': True, 'params': {'enabled_clients': ['Client 23', 'Client 24', 'Client 25', 'Client 26', 'Client 27', 'Client 28']}}, 'client_registry': {'enabled': True, 'params': {}}}
round 7, 2 high, 4 low, 0.0-iid clients, predicted best policy: client_selector activated ✅
round 7, 2 high, 4 low, 0.0-iid clients, predicted best policy: message_compressor activated ✅
heterogeneous_data_handler activated ✅ for clients: ['Client 23', 'Client 24', 'Client 25', 'Client 28']
Client Client 27 has insufficient CPU (1). Will not participate in the next FL round.
Client Client 26 has insufficient CPU (1). Will not participate in the next FL round.
Client Client 28 has insufficient CPU (1). Will not participate in the next FL round.
Client Client 25 has insufficient CPU (1). Will not participate in the next FL round.
Client Client 24 participates in this round. (CPU: 2, RAM: 4)
Client Client 23 participates in this round. (CPU: 2, RAM: 4)
Local parameters compressed: reduced 18327 bytes (7.38%)
Local parameters compressed: reduced 18398 bytes (7.40%)
Results Aggregated in 89.32 seconds.
{'CNN 64k': {'train_loss': [1.6892746883392333, 1.5333585021532454, 1.2360557507916448, 1.3152140069007874, 1.0907708837890624, 1.2117768563903804, 1.3163516590512059], 'train_accuracy': [0.3226, 0.433611815604953, 0.51918843908508, 0.53125, 0.62344, 0.5297879667437398, 0.5077942046126552], 'train_f1': [0.06556733209306269, 0.188063837204688, 0.2664809850565365, 0.34671215029274505, 0.3454677181860231, 0.334817990805608, 0.3715305204190449], 'train_mae': [2.3214, 1.9802327316127106, 1.9297540434491338, 1.70385, 1.46224, 1.6616569095291975, 1.64581904198699], 'val_loss': [3.387180767250061, 2.925201768269824, 3.206893750096709, 2.4270970313072207, 2.365691543865204, 2.7904070682330273, 2.2522368560389467], 'val_accuracy': [0.1, 0.16247438460390867, 0.22284862187769167, 0.3277, 0.30175, 0.30041237270625276, 0.3650842105263158], 'val_f1': [0.018207510421932888, 0.0740781391926412, 0.13156611698159792, 0.2516129437681342, 0.22729258786660314, 0.20757009662102632, 0.31387877394599817], 'val_mae': [2.69395, 2.8637743547665226, 2.737435917312662, 2.6064, 2.70825, 2.604499340778275, 2.2862526315789475], 'jsd': [(0, 0, 0, 0.24051612212417137, 0.26244785572920215, 0), (0, 0, 0, 0.11375140101469616, 0.0861672359851218, 0), (0, 0, 0, 0.15117204023132338, 0.09809575159071107, 0), (0, 0, 0, 0.10011947911730193, 0.15594989889544453, 0), (0, 0, 0, 0.23534274925712115, 0.1521103844693089, 0), (0, 0, 0, 0.1041737899795812, 0.08848888195576955, 0), (0, 0, 0, 0.09191452735962259, 0.07730576682353676, 0)]}}
AdaptationManager: Configuring next round...
{'client_registry': {'enabled': True, 'params': {}}, 'client_selector': {'enabled': True, 'params': {'selection_strategy': 'Resource-Based', 'selection_criteria': 'CPU', 'selection_value': 2}}, 'client_cluster': {'enabled': False, 'params': {}}, 'message_compressor': {'enabled': True, 'params': {}}, 'model_co-versioning_registry': {'enabled': False, 'params': {}}, 'multi-task_model_trainer': {'enabled': False, 'params': {}}, 'heterogeneous_data_handler': {'enabled': True, 'params': {'enabled_clients': []}}}
{'client_selector': {'enabled': True}, 'client_cluster': {'enabled': False}, 'message_compressor': {'enabled': True}, 'model_co-versioning_registry': {'enabled': False}, 'multi-task_model_trainer': {'enabled': False}, 'heterogeneous_data_handler': {'enabled': True, 'params': {'enabled_clients': ['Client 23', 'Client 24', 'Client 25', 'Client 28']}}, 'client_registry': {'enabled': True, 'params': {}}}
round 8, 2 high, 4 low, 0.0-iid clients, predicted best policy: client_selector activated ✅
round 8, 2 high, 4 low, 0.0-iid clients, predicted best policy: message_compressor activated ✅
heterogeneous_data_handler activated ✅ for clients: ['Client 23', 'Client 24', 'Client 25', 'Client 26', 'Client 27', 'Client 28']
Client Client 26 has insufficient CPU (1). Will not participate in the next FL round.
Client Client 27 has insufficient CPU (1). Will not participate in the next FL round.
Client Client 25 has insufficient CPU (1). Will not participate in the next FL round.
Client Client 28 has insufficient CPU (1). Will not participate in the next FL round.
Client Client 24 participates in this round. (CPU: 2, RAM: 4)
Client Client 23 participates in this round. (CPU: 2, RAM: 4)
Local parameters compressed: reduced 18254 bytes (7.35%)
Local parameters compressed: reduced 18143 bytes (7.30%)
Results Aggregated in 94.16 seconds.
{'CNN 64k': {'train_loss': [1.6892746883392333, 1.5333585021532454, 1.2360557507916448, 1.3152140069007874, 1.0907708837890624, 1.2117768563903804, 1.3163516590512059, 1.1922065630753835], 'train_accuracy': [0.3226, 0.433611815604953, 0.51918843908508, 0.53125, 0.62344, 0.5297879667437398, 0.5077942046126552, 0.5441875], 'train_f1': [0.06556733209306269, 0.188063837204688, 0.2664809850565365, 0.34671215029274505, 0.3454677181860231, 0.334817990805608, 0.3715305204190449, 0.39575422523345755], 'train_mae': [2.3214, 1.9802327316127106, 1.9297540434491338, 1.70385, 1.46224, 1.6616569095291975, 1.64581904198699, 1.484125], 'val_loss': [3.387180767250061, 2.925201768269824, 3.206893750096709, 2.4270970313072207, 2.365691543865204, 2.7904070682330273, 2.2522368560389467, 2.251082049369812], 'val_accuracy': [0.1, 0.16247438460390867, 0.22284862187769167, 0.3277, 0.30175, 0.30041237270625276, 0.3650842105263158, 0.3842], 'val_f1': [0.018207510421932888, 0.0740781391926412, 0.13156611698159792, 0.2516129437681342, 0.22729258786660314, 0.20757009662102632, 0.31387877394599817, 0.3280705511751378], 'val_mae': [2.69395, 2.8637743547665226, 2.737435917312662, 2.6064, 2.70825, 2.604499340778275, 2.2862526315789475, 2.33795], 'jsd': [(0, 0, 0, 0.24051612212417137, 0.26244785572920215, 0), (0, 0, 0, 0.11375140101469616, 0.0861672359851218, 0), (0, 0, 0, 0.15117204023132338, 0.09809575159071107, 0), (0, 0, 0, 0.10011947911730193, 0.15594989889544453, 0), (0, 0, 0, 0.23534274925712115, 0.1521103844693089, 0), (0, 0, 0, 0.1041737899795812, 0.08848888195576955, 0), (0, 0, 0, 0.09191452735962259, 0.07730576682353676, 0), (0, 0, 0, 0.08188211617520993, 0.08188211617520992, 0)]}}
AdaptationManager: Configuring next round...
{'client_registry': {'enabled': True, 'params': {}}, 'client_selector': {'enabled': True, 'params': {'selection_strategy': 'Resource-Based', 'selection_criteria': 'CPU', 'selection_value': 2}}, 'client_cluster': {'enabled': False, 'params': {}}, 'message_compressor': {'enabled': True, 'params': {}}, 'model_co-versioning_registry': {'enabled': False, 'params': {}}, 'multi-task_model_trainer': {'enabled': False, 'params': {}}, 'heterogeneous_data_handler': {'enabled': True, 'params': {'enabled_clients': []}}}
{'client_selector': {'enabled': True}, 'client_cluster': {'enabled': False}, 'message_compressor': {'enabled': True}, 'model_co-versioning_registry': {'enabled': False}, 'multi-task_model_trainer': {'enabled': False}, 'heterogeneous_data_handler': {'enabled': True, 'params': {'enabled_clients': ['Client 23', 'Client 24', 'Client 25', 'Client 26', 'Client 27', 'Client 28']}}, 'client_registry': {'enabled': True, 'params': {}}}
round 9, 2 high, 4 low, 0.0-iid clients, predicted best policy: client_selector activated ✅
round 9, 2 high, 4 low, 0.0-iid clients, predicted best policy: message_compressor activated ✅
heterogeneous_data_handler activated ✅ for clients: ['Client 23', 'Client 24', 'Client 25', 'Client 26', 'Client 27', 'Client 28']
Client Client 27 has insufficient CPU (1). Will not participate in the next FL round.
Client Client 25 has insufficient CPU (1). Will not participate in the next FL round.
Client Client 26 has insufficient CPU (1). Will not participate in the next FL round.
Client Client 28 has insufficient CPU (1). Will not participate in the next FL round.
Client Client 23 participates in this round. (CPU: 2, RAM: 4)
Client Client 24 participates in this round. (CPU: 2, RAM: 4)
Local parameters compressed: reduced 17988 bytes (7.24%)
Local parameters compressed: reduced 17992 bytes (7.24%)
Results Aggregated in 96.52 seconds.
{'CNN 64k': {'train_loss': [1.6892746883392333, 1.5333585021532454, 1.2360557507916448, 1.3152140069007874, 1.0907708837890624, 1.2117768563903804, 1.3163516590512059, 1.1922065630753835, 1.225632667819721], 'train_accuracy': [0.3226, 0.433611815604953, 0.51918843908508, 0.53125, 0.62344, 0.5297879667437398, 0.5077942046126552, 0.5441875, 0.5202424196796597], 'train_f1': [0.06556733209306269, 0.188063837204688, 0.2664809850565365, 0.34671215029274505, 0.3454677181860231, 0.334817990805608, 0.3715305204190449, 0.39575422523345755, 0.4289927494998519], 'train_mae': [2.3214, 1.9802327316127106, 1.9297540434491338, 1.70385, 1.46224, 1.6616569095291975, 1.64581904198699, 1.484125, 1.6333590559183904], 'val_loss': [3.387180767250061, 2.925201768269824, 3.206893750096709, 2.4270970313072207, 2.365691543865204, 2.7904070682330273, 2.2522368560389467, 2.251082049369812, 1.9401837049972157], 'val_accuracy': [0.1, 0.16247438460390867, 0.22284862187769167, 0.3277, 0.30175, 0.30041237270625276, 0.3650842105263158, 0.3842, 0.4520088385311776], 'val_f1': [0.018207510421932888, 0.0740781391926412, 0.13156611698159792, 0.2516129437681342, 0.22729258786660314, 0.20757009662102632, 0.31387877394599817, 0.3280705511751378, 0.4181483492350112], 'val_mae': [2.69395, 2.8637743547665226, 2.737435917312662, 2.6064, 2.70825, 2.604499340778275, 2.2862526315789475, 2.33795, 1.9562832545971278], 'jsd': [(0, 0, 0, 0.24051612212417137, 0.26244785572920215, 0), (0, 0, 0, 0.11375140101469616, 0.0861672359851218, 0), (0, 0, 0, 0.15117204023132338, 0.09809575159071107, 0), (0, 0, 0, 0.10011947911730193, 0.15594989889544453, 0), (0, 0, 0, 0.23534274925712115, 0.1521103844693089, 0), (0, 0, 0, 0.1041737899795812, 0.08848888195576955, 0), (0, 0, 0, 0.09191452735962259, 0.07730576682353676, 0), (0, 0, 0, 0.08188211617520993, 0.08188211617520992, 0), (0, 0, 0, 0.0738146918149093, 0.07428302134108912, 0)]}}
AdaptationManager: Configuring next round...
{'client_registry': {'enabled': True, 'params': {}}, 'client_selector': {'enabled': True, 'params': {'selection_strategy': 'Resource-Based', 'selection_criteria': 'CPU', 'selection_value': 2}}, 'client_cluster': {'enabled': False, 'params': {}}, 'message_compressor': {'enabled': True, 'params': {}}, 'model_co-versioning_registry': {'enabled': False, 'params': {}}, 'multi-task_model_trainer': {'enabled': False, 'params': {}}, 'heterogeneous_data_handler': {'enabled': True, 'params': {'enabled_clients': []}}}
{'client_selector': {'enabled': True}, 'client_cluster': {'enabled': False}, 'message_compressor': {'enabled': True}, 'model_co-versioning_registry': {'enabled': False}, 'multi-task_model_trainer': {'enabled': False}, 'heterogeneous_data_handler': {'enabled': True, 'params': {'enabled_clients': ['Client 23', 'Client 24', 'Client 25', 'Client 26', 'Client 27', 'Client 28']}}, 'client_registry': {'enabled': True, 'params': {}}}
round 10, 2 high, 4 low, 0.0-iid clients, predicted best policy: client_selector activated ✅
round 10, 2 high, 4 low, 0.0-iid clients, predicted best policy: message_compressor activated ✅
heterogeneous_data_handler activated ✅ for clients: ['Client 23', 'Client 24', 'Client 25', 'Client 26', 'Client 27', 'Client 28']
Client Client 27 has insufficient CPU (1). Will not participate in the next FL round.
Client Client 26 has insufficient CPU (1). Will not participate in the next FL round.
Client Client 25 has insufficient CPU (1). Will not participate in the next FL round.
Client Client 28 has insufficient CPU (1). Will not participate in the next FL round.
Client Client 24 participates in this round. (CPU: 2, RAM: 4)
Client Client 23 participates in this round. (CPU: 2, RAM: 4)
Local parameters compressed: reduced 17792 bytes (7.16%)
Local parameters compressed: reduced 17859 bytes (7.19%)
Results Aggregated in 96.54 seconds.
{'CNN 64k': {'train_loss': [1.6892746883392333, 1.5333585021532454, 1.2360557507916448, 1.3152140069007874, 1.0907708837890624, 1.2117768563903804, 1.3163516590512059, 1.1922065630753835, 1.225632667819721, 1.1122367163296307], 'train_accuracy': [0.3226, 0.433611815604953, 0.51918843908508, 0.53125, 0.62344, 0.5297879667437398, 0.5077942046126552, 0.5441875, 0.5202424196796597, 0.566976218216709], 'train_f1': [0.06556733209306269, 0.188063837204688, 0.2664809850565365, 0.34671215029274505, 0.3454677181860231, 0.334817990805608, 0.3715305204190449, 0.39575422523345755, 0.4289927494998519, 0.5449104230157122], 'train_mae': [2.3214, 1.9802327316127106, 1.9297540434491338, 1.70385, 1.46224, 1.6616569095291975, 1.64581904198699, 1.484125, 1.6333590559183904, 1.6060756630799808], 'val_loss': [3.387180767250061, 2.925201768269824, 3.206893750096709, 2.4270970313072207, 2.365691543865204, 2.7904070682330273, 2.2522368560389467, 2.251082049369812, 1.9401837049972157, 1.8626721346864086], 'val_accuracy': [0.1, 0.16247438460390867, 0.22284862187769167, 0.3277, 0.30175, 0.30041237270625276, 0.3650842105263158, 0.3842, 0.4520088385311776, 0.49656628743746145], 'val_f1': [0.018207510421932888, 0.0740781391926412, 0.13156611698159792, 0.2516129437681342, 0.22729258786660314, 0.20757009662102632, 0.31387877394599817, 0.3280705511751378, 0.4181483492350112, 0.45886244396657805], 'val_mae': [2.69395, 2.8637743547665226, 2.737435917312662, 2.6064, 2.70825, 2.604499340778275, 2.2862526315789475, 2.33795, 1.9562832545971278, 1.9219051127407307], 'jsd': [(0, 0, 0, 0.24051612212417137, 0.26244785572920215, 0), (0, 0, 0, 0.11375140101469616, 0.0861672359851218, 0), (0, 0, 0, 0.15117204023132338, 0.09809575159071107, 0), (0, 0, 0, 0.10011947911730193, 0.15594989889544453, 0), (0, 0, 0, 0.23534274925712115, 0.1521103844693089, 0), (0, 0, 0, 0.1041737899795812, 0.08848888195576955, 0), (0, 0, 0, 0.09191452735962259, 0.07730576682353676, 0), (0, 0, 0, 0.08188211617520993, 0.08188211617520992, 0), (0, 0, 0, 0.0738146918149093, 0.07428302134108912, 0), (0, 0, 0, 0.06809523487445816, 0.06079421716229606, 0)]}}
AdaptationManager: Configuring next round...
{'client_registry': {'enabled': True, 'params': {}}, 'client_selector': {'enabled': True, 'params': {'selection_strategy': 'Resource-Based', 'selection_criteria': 'CPU', 'selection_value': 2}}, 'client_cluster': {'enabled': False, 'params': {}}, 'message_compressor': {'enabled': True, 'params': {}}, 'model_co-versioning_registry': {'enabled': False, 'params': {}}, 'multi-task_model_trainer': {'enabled': False, 'params': {}}, 'heterogeneous_data_handler': {'enabled': True, 'params': {'enabled_clients': []}}}
{'client_selector': {'enabled': True}, 'client_cluster': {'enabled': False}, 'message_compressor': {'enabled': True}, 'model_co-versioning_registry': {'enabled': False}, 'multi-task_model_trainer': {'enabled': False}, 'heterogeneous_data_handler': {'enabled': True, 'params': {'enabled_clients': ['Client 23', 'Client 24', 'Client 25', 'Client 26', 'Client 27', 'Client 28']}}, 'client_registry': {'enabled': True, 'params': {}}}
round 11, 2 high, 4 low, 0.0-iid clients, predicted best policy: client_selector activated ✅
round 11, 2 high, 4 low, 0.0-iid clients, predicted best policy: message_compressor activated ✅
heterogeneous_data_handler activated ✅ for clients: ['Client 23', 'Client 24', 'Client 25', 'Client 28']
Client Client 27 has insufficient CPU (1). Will not participate in the next FL round.
Client Client 26 has insufficient CPU (1). Will not participate in the next FL round.
Client Client 28 has insufficient CPU (1). Will not participate in the next FL round.
Client Client 25 has insufficient CPU (1). Will not participate in the next FL round.
Client Client 23 participates in this round. (CPU: 2, RAM: 4)
Client Client 24 participates in this round. (CPU: 2, RAM: 4)
Local parameters compressed: reduced 17880 bytes (7.20%)
Local parameters compressed: reduced 17949 bytes (7.22%)
Results Aggregated in 102.60 seconds.
{'CNN 64k': {'train_loss': [1.6892746883392333, 1.5333585021532454, 1.2360557507916448, 1.3152140069007874, 1.0907708837890624, 1.2117768563903804, 1.3163516590512059, 1.1922065630753835, 1.225632667819721, 1.1122367163296307, 0.9503020865929103], 'train_accuracy': [0.3226, 0.433611815604953, 0.51918843908508, 0.53125, 0.62344, 0.5297879667437398, 0.5077942046126552, 0.5441875, 0.5202424196796597, 0.566976218216709, 0.6329194737991634], 'train_f1': [0.06556733209306269, 0.188063837204688, 0.2664809850565365, 0.34671215029274505, 0.3454677181860231, 0.334817990805608, 0.3715305204190449, 0.39575422523345755, 0.4289927494998519, 0.5449104230157122, 0.5972059450747335], 'train_mae': [2.3214, 1.9802327316127106, 1.9297540434491338, 1.70385, 1.46224, 1.6616569095291975, 1.64581904198699, 1.484125, 1.6333590559183904, 1.6060756630799808, 1.259555451017288], 'val_loss': [3.387180767250061, 2.925201768269824, 3.206893750096709, 2.4270970313072207, 2.365691543865204, 2.7904070682330273, 2.2522368560389467, 2.251082049369812, 1.9401837049972157, 1.8626721346864086, 2.0874347709120036], 'val_accuracy': [0.1, 0.16247438460390867, 0.22284862187769167, 0.3277, 0.30175, 0.30041237270625276, 0.3650842105263158, 0.3842, 0.4520088385311776, 0.49656628743746145, 0.49594259505048643], 'val_f1': [0.018207510421932888, 0.0740781391926412, 0.13156611698159792, 0.2516129437681342, 0.22729258786660314, 0.20757009662102632, 0.31387877394599817, 0.3280705511751378, 0.4181483492350112, 0.45886244396657805, 0.4447254073291048], 'val_mae': [2.69395, 2.8637743547665226, 2.737435917312662, 2.6064, 2.70825, 2.604499340778275, 2.2862526315789475, 2.33795, 1.9562832545971278, 1.9219051127407307, 1.9211461719393155], 'jsd': [(0, 0, 0, 0.24051612212417137, 0.26244785572920215, 0), (0, 0, 0, 0.11375140101469616, 0.0861672359851218, 0), (0, 0, 0, 0.15117204023132338, 0.09809575159071107, 0), (0, 0, 0, 0.10011947911730193, 0.15594989889544453, 0), (0, 0, 0, 0.23534274925712115, 0.1521103844693089, 0), (0, 0, 0, 0.1041737899795812, 0.08848888195576955, 0), (0, 0, 0, 0.09191452735962259, 0.07730576682353676, 0), (0, 0, 0, 0.08188211617520993, 0.08188211617520992, 0), (0, 0, 0, 0.0738146918149093, 0.07428302134108912, 0), (0, 0, 0, 0.06809523487445816, 0.06079421716229606, 0), (0, 0, 0, 0.059023337834950784, 0.0597484500294829, 0)]}}
AdaptationManager: Configuring next round...
{'client_registry': {'enabled': True, 'params': {}}, 'client_selector': {'enabled': True, 'params': {'selection_strategy': 'Resource-Based', 'selection_criteria': 'CPU', 'selection_value': 2}}, 'client_cluster': {'enabled': False, 'params': {}}, 'message_compressor': {'enabled': True, 'params': {}}, 'model_co-versioning_registry': {'enabled': False, 'params': {}}, 'multi-task_model_trainer': {'enabled': False, 'params': {}}, 'heterogeneous_data_handler': {'enabled': True, 'params': {'enabled_clients': []}}}
{'client_selector': {'enabled': True}, 'client_cluster': {'enabled': False}, 'message_compressor': {'enabled': True}, 'model_co-versioning_registry': {'enabled': False}, 'multi-task_model_trainer': {'enabled': False}, 'heterogeneous_data_handler': {'enabled': True, 'params': {'enabled_clients': ['Client 23', 'Client 24', 'Client 25', 'Client 28']}}, 'client_registry': {'enabled': True, 'params': {}}}
round 12, 2 high, 4 low, 0.0-iid clients, predicted best policy: client_selector activated ✅
round 12, 2 high, 4 low, 0.0-iid clients, predicted best policy: message_compressor activated ✅
heterogeneous_data_handler activated ✅ for clients: ['Client 27']
Client Client 24 participates in this round. (CPU: 2, RAM: 4)
Client Client 28 has insufficient CPU (1). Will not participate in the next FL round.
Client Client 23 participates in this round. (CPU: 2, RAM: 4)
Client Client 25 has insufficient CPU (1). Will not participate in the next FL round.
Client Client 26 has insufficient CPU (1). Will not participate in the next FL round.
Client Client 27 has insufficient CPU (1). Will not participate in the next FL round.
Local parameters compressed: reduced 17832 bytes (7.18%)
Local parameters compressed: reduced 17868 bytes (7.19%)
Results Aggregated in 118.10 seconds.
{'CNN 64k': {'train_loss': [1.6892746883392333, 1.5333585021532454, 1.2360557507916448, 1.3152140069007874, 1.0907708837890624, 1.2117768563903804, 1.3163516590512059, 1.1922065630753835, 1.225632667819721, 1.1122367163296307, 0.9503020865929103, 0.631179349676768], 'train_accuracy': [0.3226, 0.433611815604953, 0.51918843908508, 0.53125, 0.62344, 0.5297879667437398, 0.5077942046126552, 0.5441875, 0.5202424196796597, 0.566976218216709, 0.6329194737991634, 0.77945], 'train_f1': [0.06556733209306269, 0.188063837204688, 0.2664809850565365, 0.34671215029274505, 0.3454677181860231, 0.334817990805608, 0.3715305204190449, 0.39575422523345755, 0.4289927494998519, 0.5449104230157122, 0.5972059450747335, 0.579760132911257], 'train_mae': [2.3214, 1.9802327316127106, 1.9297540434491338, 1.70385, 1.46224, 1.6616569095291975, 1.64581904198699, 1.484125, 1.6333590559183904, 1.6060756630799808, 1.259555451017288, 0.7291333333333333], 'val_loss': [3.387180767250061, 2.925201768269824, 3.206893750096709, 2.4270970313072207, 2.365691543865204, 2.7904070682330273, 2.2522368560389467, 2.251082049369812, 1.9401837049972157, 1.8626721346864086, 2.0874347709120036, 2.104622142791748], 'val_accuracy': [0.1, 0.16247438460390867, 0.22284862187769167, 0.3277, 0.30175, 0.30041237270625276, 0.3650842105263158, 0.3842, 0.4520088385311776, 0.49656628743746145, 0.49594259505048643, 0.44745], 'val_f1': [0.018207510421932888, 0.0740781391926412, 0.13156611698159792, 0.2516129437681342, 0.22729258786660314, 0.20757009662102632, 0.31387877394599817, 0.3280705511751378, 0.4181483492350112, 0.45886244396657805, 0.4447254073291048, 0.3971646697307966], 'val_mae': [2.69395, 2.8637743547665226, 2.737435917312662, 2.6064, 2.70825, 2.604499340778275, 2.2862526315789475, 2.33795, 1.9562832545971278, 1.9219051127407307, 1.9211461719393155, 2.19985], 'jsd': [(0, 0, 0, 0.24051612212417137, 0.26244785572920215, 0), (0, 0, 0, 0.11375140101469616, 0.0861672359851218, 0), (0, 0, 0, 0.15117204023132338, 0.09809575159071107, 0), (0, 0, 0, 0.10011947911730193, 0.15594989889544453, 0), (0, 0, 0, 0.23534274925712115, 0.1521103844693089, 0), (0, 0, 0, 0.1041737899795812, 0.08848888195576955, 0), (0, 0, 0, 0.09191452735962259, 0.07730576682353676, 0), (0, 0, 0, 0.08188211617520993, 0.08188211617520992, 0), (0, 0, 0, 0.0738146918149093, 0.07428302134108912, 0), (0, 0, 0, 0.06809523487445816, 0.06079421716229606, 0), (0, 0, 0, 0.059023337834950784, 0.0597484500294829, 0), (0, 0, 0, 0.22234135800892724, 0.25771365390163725, 0)]}}
AdaptationManager: Configuring next round...
{'client_registry': {'enabled': True, 'params': {}}, 'client_selector': {'enabled': True, 'params': {'selection_strategy': 'Resource-Based', 'selection_criteria': 'CPU', 'selection_value': 2}}, 'client_cluster': {'enabled': False, 'params': {}}, 'message_compressor': {'enabled': True, 'params': {}}, 'model_co-versioning_registry': {'enabled': False, 'params': {}}, 'multi-task_model_trainer': {'enabled': False, 'params': {}}, 'heterogeneous_data_handler': {'enabled': True, 'params': {'enabled_clients': []}}}
{'client_selector': {'enabled': True}, 'client_cluster': {'enabled': False}, 'message_compressor': {'enabled': True}, 'model_co-versioning_registry': {'enabled': False}, 'multi-task_model_trainer': {'enabled': False}, 'heterogeneous_data_handler': {'enabled': True, 'params': {'enabled_clients': ['Client 27']}}, 'client_registry': {'enabled': True, 'params': {}}}
round 13, 2 high, 4 low, 0.0-iid clients, predicted best policy: client_selector activated ✅
round 13, 2 high, 4 low, 0.0-iid clients, predicted best policy: message_compressor activated ✅
heterogeneous_data_handler activated ✅ for clients: ['Client 26', 'Client 27']
Client Client 25 has insufficient CPU (1). Will not participate in the next FL round.
Client Client 28 has insufficient CPU (1). Will not participate in the next FL round.
Client Client 24 participates in this round. (CPU: 2, RAM: 4)
Client Client 23 participates in this round. (CPU: 2, RAM: 4)
Client Client 27 has insufficient CPU (1). Will not participate in the next FL round.
Client Client 26 has insufficient CPU (1). Will not participate in the next FL round.
Local parameters compressed: reduced 17813 bytes (7.17%)
Local parameters compressed: reduced 17798 bytes (7.16%)
Results Aggregated in 131.94 seconds.
{'CNN 64k': {'train_loss': [1.6892746883392333, 1.5333585021532454, 1.2360557507916448, 1.3152140069007874, 1.0907708837890624, 1.2117768563903804, 1.3163516590512059, 1.1922065630753835, 1.225632667819721, 1.1122367163296307, 0.9503020865929103, 0.631179349676768, 0.866930895291842], 'train_accuracy': [0.3226, 0.433611815604953, 0.51918843908508, 0.53125, 0.62344, 0.5297879667437398, 0.5077942046126552, 0.5441875, 0.5202424196796597, 0.566976218216709, 0.6329194737991634, 0.77945, 0.6905538461538462], 'train_f1': [0.06556733209306269, 0.188063837204688, 0.2664809850565365, 0.34671215029274505, 0.3454677181860231, 0.334817990805608, 0.3715305204190449, 0.39575422523345755, 0.4289927494998519, 0.5449104230157122, 0.5972059450747335, 0.579760132911257, 0.6407124898325394], 'train_mae': [2.3214, 1.9802327316127106, 1.9297540434491338, 1.70385, 1.46224, 1.6616569095291975, 1.64581904198699, 1.484125, 1.6333590559183904, 1.6060756630799808, 1.259555451017288, 0.7291333333333333, 1.091476923076923], 'val_loss': [3.387180767250061, 2.925201768269824, 3.206893750096709, 2.4270970313072207, 2.365691543865204, 2.7904070682330273, 2.2522368560389467, 2.251082049369812, 1.9401837049972157, 1.8626721346864086, 2.0874347709120036, 2.104622142791748, 1.9197477271080017], 'val_accuracy': [0.1, 0.16247438460390867, 0.22284862187769167, 0.3277, 0.30175, 0.30041237270625276, 0.3650842105263158, 0.3842, 0.4520088385311776, 0.49656628743746145, 0.49594259505048643, 0.44745, 0.53355], 'val_f1': [0.018207510421932888, 0.0740781391926412, 0.13156611698159792, 0.2516129437681342, 0.22729258786660314, 0.20757009662102632, 0.31387877394599817, 0.3280705511751378, 0.4181483492350112, 0.45886244396657805, 0.4447254073291048, 0.3971646697307966, 0.4977794982744005], 'val_mae': [2.69395, 2.8637743547665226, 2.737435917312662, 2.6064, 2.70825, 2.604499340778275, 2.2862526315789475, 2.33795, 1.9562832545971278, 1.9219051127407307, 1.9211461719393155, 2.19985, 1.6441], 'jsd': [(0, 0, 0, 0.24051612212417137, 0.26244785572920215, 0), (0, 0, 0, 0.11375140101469616, 0.0861672359851218, 0), (0, 0, 0, 0.15117204023132338, 0.09809575159071107, 0), (0, 0, 0, 0.10011947911730193, 0.15594989889544453, 0), (0, 0, 0, 0.23534274925712115, 0.1521103844693089, 0), (0, 0, 0, 0.1041737899795812, 0.08848888195576955, 0), (0, 0, 0, 0.09191452735962259, 0.07730576682353676, 0), (0, 0, 0, 0.08188211617520993, 0.08188211617520992, 0), (0, 0, 0, 0.0738146918149093, 0.07428302134108912, 0), (0, 0, 0, 0.06809523487445816, 0.06079421716229606, 0), (0, 0, 0, 0.059023337834950784, 0.0597484500294829, 0), (0, 0, 0, 0.22234135800892724, 0.25771365390163725, 0), (0, 0, 0, 0.09985032998923891, 0.0942809907032206, 0)]}}
AdaptationManager: Configuring next round...
{'client_registry': {'enabled': True, 'params': {}}, 'client_selector': {'enabled': True, 'params': {'selection_strategy': 'Resource-Based', 'selection_criteria': 'CPU', 'selection_value': 2}}, 'client_cluster': {'enabled': False, 'params': {}}, 'message_compressor': {'enabled': True, 'params': {}}, 'model_co-versioning_registry': {'enabled': False, 'params': {}}, 'multi-task_model_trainer': {'enabled': False, 'params': {}}, 'heterogeneous_data_handler': {'enabled': True, 'params': {'enabled_clients': []}}}
{'client_selector': {'enabled': True}, 'client_cluster': {'enabled': False}, 'message_compressor': {'enabled': True}, 'model_co-versioning_registry': {'enabled': False}, 'multi-task_model_trainer': {'enabled': False}, 'heterogeneous_data_handler': {'enabled': True, 'params': {'enabled_clients': ['Client 26', 'Client 27']}}, 'client_registry': {'enabled': True, 'params': {}}}
round 14, 2 high, 4 low, 0.0-iid clients, predicted best policy: client_selector de-activated ❌
round 14, 2 high, 4 low, 0.0-iid clients, predicted best policy: message_compressor activated ✅
heterogeneous_data_handler de-activated ❌
Local parameters compressed: reduced 17823 bytes (7.17%)
Local parameters compressed: reduced 17841 bytes (7.18%)
Local parameters compressed: reduced 17821 bytes (7.17%)
Local parameters compressed: reduced 17816 bytes (7.17%)
Local parameters compressed: reduced 17749 bytes (7.14%)
Local parameters compressed: reduced 17712 bytes (7.13%)
Results Aggregated in 138.18 seconds.
{'CNN 64k': {'train_loss': [1.6892746883392333, 1.5333585021532454, 1.2360557507916448, 1.3152140069007874, 1.0907708837890624, 1.2117768563903804, 1.3163516590512059, 1.1922065630753835, 1.225632667819721, 1.1122367163296307, 0.9503020865929103, 0.631179349676768, 0.866930895291842, 0.7017655070669949], 'train_accuracy': [0.3226, 0.433611815604953, 0.51918843908508, 0.53125, 0.62344, 0.5297879667437398, 0.5077942046126552, 0.5441875, 0.5202424196796597, 0.566976218216709, 0.6329194737991634, 0.77945, 0.6905538461538462, 0.75425], 'train_f1': [0.06556733209306269, 0.188063837204688, 0.2664809850565365, 0.34671215029274505, 0.3454677181860231, 0.334817990805608, 0.3715305204190449, 0.39575422523345755, 0.4289927494998519, 0.5449104230157122, 0.5972059450747335, 0.579760132911257, 0.6407124898325394, 0.618719124417689], 'train_mae': [2.3214, 1.9802327316127106, 1.9297540434491338, 1.70385, 1.46224, 1.6616569095291975, 1.64581904198699, 1.484125, 1.6333590559183904, 1.6060756630799808, 1.259555451017288, 0.7291333333333333, 1.091476923076923, 0.9744], 'val_loss': [3.387180767250061, 2.925201768269824, 3.206893750096709, 2.4270970313072207, 2.365691543865204, 2.7904070682330273, 2.2522368560389467, 2.251082049369812, 1.9401837049972157, 1.8626721346864086, 2.0874347709120036, 2.104622142791748, 1.9197477271080017, 2.0352405128479005], 'val_accuracy': [0.1, 0.16247438460390867, 0.22284862187769167, 0.3277, 0.30175, 0.30041237270625276, 0.3650842105263158, 0.3842, 0.4520088385311776, 0.49656628743746145, 0.49594259505048643, 0.44745, 0.53355, 0.5061125], 'val_f1': [0.018207510421932888, 0.0740781391926412, 0.13156611698159792, 0.2516129437681342, 0.22729258786660314, 0.20757009662102632, 0.31387877394599817, 0.3280705511751378, 0.4181483492350112, 0.45886244396657805, 0.4447254073291048, 0.3971646697307966, 0.4977794982744005, 0.45508953437840627], 'val_mae': [2.69395, 2.8637743547665226, 2.737435917312662, 2.6064, 2.70825, 2.604499340778275, 2.2862526315789475, 2.33795, 1.9562832545971278, 1.9219051127407307, 1.9211461719393155, 2.19985, 1.6441, 1.787575], 'jsd': [(0, 0, 0, 0.24051612212417137, 0.26244785572920215, 0), (0, 0, 0, 0.11375140101469616, 0.0861672359851218, 0), (0, 0, 0, 0.15117204023132338, 0.09809575159071107, 0), (0, 0, 0, 0.10011947911730193, 0.15594989889544453, 0), (0, 0, 0, 0.23534274925712115, 0.1521103844693089, 0), (0, 0, 0, 0.1041737899795812, 0.08848888195576955, 0), (0, 0, 0, 0.09191452735962259, 0.07730576682353676, 0), (0, 0, 0, 0.08188211617520993, 0.08188211617520992, 0), (0, 0, 0, 0.0738146918149093, 0.07428302134108912, 0), (0, 0, 0, 0.06809523487445816, 0.06079421716229606, 0), (0, 0, 0, 0.059023337834950784, 0.0597484500294829, 0), (0, 0, 0, 0.22234135800892724, 0.25771365390163725, 0), (0, 0, 0, 0.09985032998923891, 0.0942809907032206, 0), (0.24482396344626206, 0.0989685657019039, 0.3278009659261826, 0.22655747375082358, 0.3696151711404718, 0.18789156697140075)]}}
AdaptationManager: Configuring next round...
{'client_registry': {'enabled': True, 'params': {}}, 'client_selector': {'enabled': True, 'params': {'selection_strategy': 'Resource-Based', 'selection_criteria': 'CPU', 'selection_value': 2}}, 'client_cluster': {'enabled': False, 'params': {}}, 'message_compressor': {'enabled': True, 'params': {}}, 'model_co-versioning_registry': {'enabled': False, 'params': {}}, 'multi-task_model_trainer': {'enabled': False, 'params': {}}, 'heterogeneous_data_handler': {'enabled': True, 'params': {'enabled_clients': []}}}
{'client_selector': {'enabled': False}, 'client_cluster': {'enabled': False}, 'message_compressor': {'enabled': True}, 'model_co-versioning_registry': {'enabled': False}, 'multi-task_model_trainer': {'enabled': False}, 'heterogeneous_data_handler': {'enabled': False, 'params': {'enabled_clients': ['Client 26', 'Client 27']}}, 'client_registry': {'enabled': True, 'params': {}}}
round 15, 2 high, 4 low, 0.0-iid clients, predicted best policy: client_selector de-activated ❌
round 15, 2 high, 4 low, 0.0-iid clients, predicted best policy: message_compressor activated ✅
heterogeneous_data_handler activated ✅ for clients: ['Client 23', 'Client 26', 'Client 27', 'Client 28']
Local parameters compressed: reduced 17836 bytes (7.18%)
Local parameters compressed: reduced 17761 bytes (7.15%)
Local parameters compressed: reduced 17823 bytes (7.17%)
Local parameters compressed: reduced 17889 bytes (7.20%)
Local parameters compressed: reduced 17624 bytes (7.09%)
Local parameters compressed: reduced 17784 bytes (7.16%)
Results Aggregated in 131.22 seconds.
{'CNN 64k': {'train_loss': [1.6892746883392333, 1.5333585021532454, 1.2360557507916448, 1.3152140069007874, 1.0907708837890624, 1.2117768563903804, 1.3163516590512059, 1.1922065630753835, 1.225632667819721, 1.1122367163296307, 0.9503020865929103, 0.631179349676768, 0.866930895291842, 0.7017655070669949, 0.8738488142853645], 'train_accuracy': [0.3226, 0.433611815604953, 0.51918843908508, 0.53125, 0.62344, 0.5297879667437398, 0.5077942046126552, 0.5441875, 0.5202424196796597, 0.566976218216709, 0.6329194737991634, 0.77945, 0.6905538461538462, 0.75425, 0.6617869968158374], 'train_f1': [0.06556733209306269, 0.188063837204688, 0.2664809850565365, 0.34671215029274505, 0.3454677181860231, 0.334817990805608, 0.3715305204190449, 0.39575422523345755, 0.4289927494998519, 0.5449104230157122, 0.5972059450747335, 0.579760132911257, 0.6407124898325394, 0.618719124417689, 0.5760512949514183], 'train_mae': [2.3214, 1.9802327316127106, 1.9297540434491338, 1.70385, 1.46224, 1.6616569095291975, 1.64581904198699, 1.484125, 1.6333590559183904, 1.6060756630799808, 1.259555451017288, 0.7291333333333333, 1.091476923076923, 0.9744, 1.3150591562477747], 'val_loss': [3.387180767250061, 2.925201768269824, 3.206893750096709, 2.4270970313072207, 2.365691543865204, 2.7904070682330273, 2.2522368560389467, 2.251082049369812, 1.9401837049972157, 1.8626721346864086, 2.0874347709120036, 2.104622142791748, 1.9197477271080017, 2.0352405128479005, 2.0798079401186076], 'val_accuracy': [0.1, 0.16247438460390867, 0.22284862187769167, 0.3277, 0.30175, 0.30041237270625276, 0.3650842105263158, 0.3842, 0.4520088385311776, 0.49656628743746145, 0.49594259505048643, 0.44745, 0.53355, 0.5061125, 0.5084364581531857], 'val_f1': [0.018207510421932888, 0.0740781391926412, 0.13156611698159792, 0.2516129437681342, 0.22729258786660314, 0.20757009662102632, 0.31387877394599817, 0.3280705511751378, 0.4181483492350112, 0.45886244396657805, 0.4447254073291048, 0.3971646697307966, 0.4977794982744005, 0.45508953437840627, 0.4754613262969263], 'val_mae': [2.69395, 2.8637743547665226, 2.737435917312662, 2.6064, 2.70825, 2.604499340778275, 2.2862526315789475, 2.33795, 1.9562832545971278, 1.9219051127407307, 1.9211461719393155, 2.19985, 1.6441, 1.787575, 1.706050170398478], 'jsd': [(0, 0, 0, 0.24051612212417137, 0.26244785572920215, 0), (0, 0, 0, 0.11375140101469616, 0.0861672359851218, 0), (0, 0, 0, 0.15117204023132338, 0.09809575159071107, 0), (0, 0, 0, 0.10011947911730193, 0.15594989889544453, 0), (0, 0, 0, 0.23534274925712115, 0.1521103844693089, 0), (0, 0, 0, 0.1041737899795812, 0.08848888195576955, 0), (0, 0, 0, 0.09191452735962259, 0.07730576682353676, 0), (0, 0, 0, 0.08188211617520993, 0.08188211617520992, 0), (0, 0, 0, 0.0738146918149093, 0.07428302134108912, 0), (0, 0, 0, 0.06809523487445816, 0.06079421716229606, 0), (0, 0, 0, 0.059023337834950784, 0.0597484500294829, 0), (0, 0, 0, 0.22234135800892724, 0.25771365390163725, 0), (0, 0, 0, 0.09985032998923891, 0.0942809907032206, 0), (0.24482396344626206, 0.0989685657019039, 0.3278009659261826, 0.22655747375082358, 0.3696151711404718, 0.18789156697140075), (0.05452820340559726, 0.23652570203693196, 0.32961187207355236, 0.1457244655649505, 0.07731614688633334, 0.18593462837753372)]}}
AdaptationManager: Configuring next round...
{'client_registry': {'enabled': True, 'params': {}}, 'client_selector': {'enabled': True, 'params': {'selection_strategy': 'Resource-Based', 'selection_criteria': 'CPU', 'selection_value': 2}}, 'client_cluster': {'enabled': False, 'params': {}}, 'message_compressor': {'enabled': True, 'params': {}}, 'model_co-versioning_registry': {'enabled': False, 'params': {}}, 'multi-task_model_trainer': {'enabled': False, 'params': {}}, 'heterogeneous_data_handler': {'enabled': True, 'params': {'enabled_clients': []}}}
{'client_selector': {'enabled': False}, 'client_cluster': {'enabled': False}, 'message_compressor': {'enabled': True}, 'model_co-versioning_registry': {'enabled': False}, 'multi-task_model_trainer': {'enabled': False}, 'heterogeneous_data_handler': {'enabled': True, 'params': {'enabled_clients': ['Client 23', 'Client 26', 'Client 27', 'Client 28']}}, 'client_registry': {'enabled': True, 'params': {}}}
round 16, 2 high, 4 low, 0.0-iid clients, predicted best policy: client_selector de-activated ❌
round 16, 2 high, 4 low, 0.0-iid clients, predicted best policy: message_compressor activated ✅
heterogeneous_data_handler activated ✅ for clients: ['Client 23', 'Client 26', 'Client 27', 'Client 28']
Local parameters compressed: reduced 17474 bytes (7.03%)
Local parameters compressed: reduced 17458 bytes (7.03%)
Local parameters compressed: reduced 17451 bytes (7.02%)
Local parameters compressed: reduced 17410 bytes (7.01%)
Local parameters compressed: reduced 17323 bytes (6.97%)
Local parameters compressed: reduced 17394 bytes (7.00%)
Results Aggregated in 130.42 seconds.
{'CNN 64k': {'train_loss': [1.6892746883392333, 1.5333585021532454, 1.2360557507916448, 1.3152140069007874, 1.0907708837890624, 1.2117768563903804, 1.3163516590512059, 1.1922065630753835, 1.225632667819721, 1.1122367163296307, 0.9503020865929103, 0.631179349676768, 0.866930895291842, 0.7017655070669949, 0.8738488142853645, 0.8009489412981713], 'train_accuracy': [0.3226, 0.433611815604953, 0.51918843908508, 0.53125, 0.62344, 0.5297879667437398, 0.5077942046126552, 0.5441875, 0.5202424196796597, 0.566976218216709, 0.6329194737991634, 0.77945, 0.6905538461538462, 0.75425, 0.6617869968158374, 0.6880975985448706], 'train_f1': [0.06556733209306269, 0.188063837204688, 0.2664809850565365, 0.34671215029274505, 0.3454677181860231, 0.334817990805608, 0.3715305204190449, 0.39575422523345755, 0.4289927494998519, 0.5449104230157122, 0.5972059450747335, 0.579760132911257, 0.6407124898325394, 0.618719124417689, 0.5760512949514183, 0.5945787036768347], 'train_mae': [2.3214, 1.9802327316127106, 1.9297540434491338, 1.70385, 1.46224, 1.6616569095291975, 1.64581904198699, 1.484125, 1.6333590559183904, 1.6060756630799808, 1.259555451017288, 0.7291333333333333, 1.091476923076923, 0.9744, 1.3150591562477747, 1.1584091896010684], 'val_loss': [3.387180767250061, 2.925201768269824, 3.206893750096709, 2.4270970313072207, 2.365691543865204, 2.7904070682330273, 2.2522368560389467, 2.251082049369812, 1.9401837049972157, 1.8626721346864086, 2.0874347709120036, 2.104622142791748, 1.9197477271080017, 2.0352405128479005, 2.0798079401186076, 1.8892468733264072], 'val_accuracy': [0.1, 0.16247438460390867, 0.22284862187769167, 0.3277, 0.30175, 0.30041237270625276, 0.3650842105263158, 0.3842, 0.4520088385311776, 0.49656628743746145, 0.49594259505048643, 0.44745, 0.53355, 0.5061125, 0.5084364581531857, 0.5014466780280374], 'val_f1': [0.018207510421932888, 0.0740781391926412, 0.13156611698159792, 0.2516129437681342, 0.22729258786660314, 0.20757009662102632, 0.31387877394599817, 0.3280705511751378, 0.4181483492350112, 0.45886244396657805, 0.4447254073291048, 0.3971646697307966, 0.4977794982744005, 0.45508953437840627, 0.4754613262969263, 0.45528467766063835], 'val_mae': [2.69395, 2.8637743547665226, 2.737435917312662, 2.6064, 2.70825, 2.604499340778275, 2.2862526315789475, 2.33795, 1.9562832545971278, 1.9219051127407307, 1.9211461719393155, 2.19985, 1.6441, 1.787575, 1.706050170398478, 1.7790981573276743], 'jsd': [(0, 0, 0, 0.24051612212417137, 0.26244785572920215, 0), (0, 0, 0, 0.11375140101469616, 0.0861672359851218, 0), (0, 0, 0, 0.15117204023132338, 0.09809575159071107, 0), (0, 0, 0, 0.10011947911730193, 0.15594989889544453, 0), (0, 0, 0, 0.23534274925712115, 0.1521103844693089, 0), (0, 0, 0, 0.1041737899795812, 0.08848888195576955, 0), (0, 0, 0, 0.09191452735962259, 0.07730576682353676, 0), (0, 0, 0, 0.08188211617520993, 0.08188211617520992, 0), (0, 0, 0, 0.0738146918149093, 0.07428302134108912, 0), (0, 0, 0, 0.06809523487445816, 0.06079421716229606, 0), (0, 0, 0, 0.059023337834950784, 0.0597484500294829, 0), (0, 0, 0, 0.22234135800892724, 0.25771365390163725, 0), (0, 0, 0, 0.09985032998923891, 0.0942809907032206, 0), (0.24482396344626206, 0.0989685657019039, 0.3278009659261826, 0.22655747375082358, 0.3696151711404718, 0.18789156697140075), (0.05452820340559726, 0.23652570203693196, 0.32961187207355236, 0.1457244655649505, 0.07731614688633334, 0.18593462837753372), (0.053714549106848315, 0.10547419979063469, 0.26159259085235287, 0.12005107340041175, 0.09083158714714824, 0.1487888665663297)]}}
AdaptationManager: Configuring next round...
{'client_registry': {'enabled': True, 'params': {}}, 'client_selector': {'enabled': True, 'params': {'selection_strategy': 'Resource-Based', 'selection_criteria': 'CPU', 'selection_value': 2}}, 'client_cluster': {'enabled': False, 'params': {}}, 'message_compressor': {'enabled': True, 'params': {}}, 'model_co-versioning_registry': {'enabled': False, 'params': {}}, 'multi-task_model_trainer': {'enabled': False, 'params': {}}, 'heterogeneous_data_handler': {'enabled': True, 'params': {'enabled_clients': []}}}
{'client_selector': {'enabled': False}, 'client_cluster': {'enabled': False}, 'message_compressor': {'enabled': True}, 'model_co-versioning_registry': {'enabled': False}, 'multi-task_model_trainer': {'enabled': False}, 'heterogeneous_data_handler': {'enabled': True, 'params': {'enabled_clients': ['Client 23', 'Client 26', 'Client 27', 'Client 28']}}, 'client_registry': {'enabled': True, 'params': {}}}
round 17, 2 high, 4 low, 0.0-iid clients, predicted best policy: client_selector de-activated ❌
round 17, 2 high, 4 low, 0.0-iid clients, predicted best policy: message_compressor activated ✅
heterogeneous_data_handler activated ✅ for clients: ['Client 25']
Local parameters compressed: reduced 17265 bytes (6.95%)
Local parameters compressed: reduced 17351 bytes (6.98%)
Local parameters compressed: reduced 17300 bytes (6.96%)
Local parameters compressed: reduced 17304 bytes (6.96%)
Local parameters compressed: reduced 17240 bytes (6.94%)
Local parameters compressed: reduced 17236 bytes (6.94%)
Results Aggregated in 146.81 seconds.
{'CNN 64k': {'train_loss': [1.6892746883392333, 1.5333585021532454, 1.2360557507916448, 1.3152140069007874, 1.0907708837890624, 1.2117768563903804, 1.3163516590512059, 1.1922065630753835, 1.225632667819721, 1.1122367163296307, 0.9503020865929103, 0.631179349676768, 0.866930895291842, 0.7017655070669949, 0.8738488142853645, 0.8009489412981713, 0.5778731900104493], 'train_accuracy': [0.3226, 0.433611815604953, 0.51918843908508, 0.53125, 0.62344, 0.5297879667437398, 0.5077942046126552, 0.5441875, 0.5202424196796597, 0.566976218216709, 0.6329194737991634, 0.77945, 0.6905538461538462, 0.75425, 0.6617869968158374, 0.6880975985448706, 0.7987034391825074], 'train_f1': [0.06556733209306269, 0.188063837204688, 0.2664809850565365, 0.34671215029274505, 0.3454677181860231, 0.334817990805608, 0.3715305204190449, 0.39575422523345755, 0.4289927494998519, 0.5449104230157122, 0.5972059450747335, 0.579760132911257, 0.6407124898325394, 0.618719124417689, 0.5760512949514183, 0.5945787036768347, 0.6720318701661906], 'train_mae': [2.3214, 1.9802327316127106, 1.9297540434491338, 1.70385, 1.46224, 1.6616569095291975, 1.64581904198699, 1.484125, 1.6333590559183904, 1.6060756630799808, 1.259555451017288, 0.7291333333333333, 1.091476923076923, 0.9744, 1.3150591562477747, 1.1584091896010684, 0.7055111683174533], 'val_loss': [3.387180767250061, 2.925201768269824, 3.206893750096709, 2.4270970313072207, 2.365691543865204, 2.7904070682330273, 2.2522368560389467, 2.251082049369812, 1.9401837049972157, 1.8626721346864086, 2.0874347709120036, 2.104622142791748, 1.9197477271080017, 2.0352405128479005, 2.0798079401186076, 1.8892468733264072, 1.813695497331693], 'val_accuracy': [0.1, 0.16247438460390867, 0.22284862187769167, 0.3277, 0.30175, 0.30041237270625276, 0.3650842105263158, 0.3842, 0.4520088385311776, 0.49656628743746145, 0.49594259505048643, 0.44745, 0.53355, 0.5061125, 0.5084364581531857, 0.5014466780280374, 0.5085091936521889], 'val_f1': [0.018207510421932888, 0.0740781391926412, 0.13156611698159792, 0.2516129437681342, 0.22729258786660314, 0.20757009662102632, 0.31387877394599817, 0.3280705511751378, 0.4181483492350112, 0.45886244396657805, 0.4447254073291048, 0.3971646697307966, 0.4977794982744005, 0.45508953437840627, 0.4754613262969263, 0.45528467766063835, 0.4762809558862055], 'val_mae': [2.69395, 2.8637743547665226, 2.737435917312662, 2.6064, 2.70825, 2.604499340778275, 2.2862526315789475, 2.33795, 1.9562832545971278, 1.9219051127407307, 1.9211461719393155, 2.19985, 1.6441, 1.787575, 1.706050170398478, 1.7790981573276743, 1.7914914766038268], 'jsd': [(0, 0, 0, 0.24051612212417137, 0.26244785572920215, 0), (0, 0, 0, 0.11375140101469616, 0.0861672359851218, 0), (0, 0, 0, 0.15117204023132338, 0.09809575159071107, 0), (0, 0, 0, 0.10011947911730193, 0.15594989889544453, 0), (0, 0, 0, 0.23534274925712115, 0.1521103844693089, 0), (0, 0, 0, 0.1041737899795812, 0.08848888195576955, 0), (0, 0, 0, 0.09191452735962259, 0.07730576682353676, 0), (0, 0, 0, 0.08188211617520993, 0.08188211617520992, 0), (0, 0, 0, 0.0738146918149093, 0.07428302134108912, 0), (0, 0, 0, 0.06809523487445816, 0.06079421716229606, 0), (0, 0, 0, 0.059023337834950784, 0.0597484500294829, 0), (0, 0, 0, 0.22234135800892724, 0.25771365390163725, 0), (0, 0, 0, 0.09985032998923891, 0.0942809907032206, 0), (0.24482396344626206, 0.0989685657019039, 0.3278009659261826, 0.22655747375082358, 0.3696151711404718, 0.18789156697140075), (0.05452820340559726, 0.23652570203693196, 0.32961187207355236, 0.1457244655649505, 0.07731614688633334, 0.18593462837753372), (0.053714549106848315, 0.10547419979063469, 0.26159259085235287, 0.12005107340041175, 0.09083158714714824, 0.1487888665663297), (0.2130868793225068, 0.2674343335077993, 0.07261218236578786, 0.25603670950500496, 0.13004799038046627, 0.2966581430162566)]}}
AdaptationManager: Configuring next round...
{'client_registry': {'enabled': True, 'params': {}}, 'client_selector': {'enabled': True, 'params': {'selection_strategy': 'Resource-Based', 'selection_criteria': 'CPU', 'selection_value': 2}}, 'client_cluster': {'enabled': False, 'params': {}}, 'message_compressor': {'enabled': True, 'params': {}}, 'model_co-versioning_registry': {'enabled': False, 'params': {}}, 'multi-task_model_trainer': {'enabled': False, 'params': {}}, 'heterogeneous_data_handler': {'enabled': True, 'params': {'enabled_clients': []}}}
{'client_selector': {'enabled': False}, 'client_cluster': {'enabled': False}, 'message_compressor': {'enabled': True}, 'model_co-versioning_registry': {'enabled': False}, 'multi-task_model_trainer': {'enabled': False}, 'heterogeneous_data_handler': {'enabled': True, 'params': {'enabled_clients': ['Client 25']}}, 'client_registry': {'enabled': True, 'params': {}}}
round 18, 2 high, 4 low, 0.0-iid clients, predicted best policy: client_selector de-activated ❌
round 18, 2 high, 4 low, 0.0-iid clients, predicted best policy: message_compressor activated ✅
heterogeneous_data_handler activated ✅ for clients: ['Client 24', 'Client 26', 'Client 28']
Local parameters compressed: reduced 17271 bytes (6.95%)
Local parameters compressed: reduced 17220 bytes (6.93%)
Local parameters compressed: reduced 17224 bytes (6.93%)
Local parameters compressed: reduced 17244 bytes (6.94%)
Local parameters compressed: reduced 17185 bytes (6.92%)
Local parameters compressed: reduced 17219 bytes (6.93%)
Results Aggregated in 155.64 seconds.
{'CNN 64k': {'train_loss': [1.6892746883392333, 1.5333585021532454, 1.2360557507916448, 1.3152140069007874, 1.0907708837890624, 1.2117768563903804, 1.3163516590512059, 1.1922065630753835, 1.225632667819721, 1.1122367163296307, 0.9503020865929103, 0.631179349676768, 0.866930895291842, 0.7017655070669949, 0.8738488142853645, 0.8009489412981713, 0.5778731900104493, 0.7828438690930722], 'train_accuracy': [0.3226, 0.433611815604953, 0.51918843908508, 0.53125, 0.62344, 0.5297879667437398, 0.5077942046126552, 0.5441875, 0.5202424196796597, 0.566976218216709, 0.6329194737991634, 0.77945, 0.6905538461538462, 0.75425, 0.6617869968158374, 0.6880975985448706, 0.7987034391825074, 0.7130787148705084], 'train_f1': [0.06556733209306269, 0.188063837204688, 0.2664809850565365, 0.34671215029274505, 0.3454677181860231, 0.334817990805608, 0.3715305204190449, 0.39575422523345755, 0.4289927494998519, 0.5449104230157122, 0.5972059450747335, 0.579760132911257, 0.6407124898325394, 0.618719124417689, 0.5760512949514183, 0.5945787036768347, 0.6720318701661906, 0.6408818019111269], 'train_mae': [2.3214, 1.9802327316127106, 1.9297540434491338, 1.70385, 1.46224, 1.6616569095291975, 1.64581904198699, 1.484125, 1.6333590559183904, 1.6060756630799808, 1.259555451017288, 0.7291333333333333, 1.091476923076923, 0.9744, 1.3150591562477747, 1.1584091896010684, 0.7055111683174533, 0.9720480200680881], 'val_loss': [3.387180767250061, 2.925201768269824, 3.206893750096709, 2.4270970313072207, 2.365691543865204, 2.7904070682330273, 2.2522368560389467, 2.251082049369812, 1.9401837049972157, 1.8626721346864086, 2.0874347709120036, 2.104622142791748, 1.9197477271080017, 2.0352405128479005, 2.0798079401186076, 1.8892468733264072, 1.813695497331693, 1.7414830616823262], 'val_accuracy': [0.1, 0.16247438460390867, 0.22284862187769167, 0.3277, 0.30175, 0.30041237270625276, 0.3650842105263158, 0.3842, 0.4520088385311776, 0.49656628743746145, 0.49594259505048643, 0.44745, 0.53355, 0.5061125, 0.5084364581531857, 0.5014466780280374, 0.5085091936521889, 0.536103035022673], 'val_f1': [0.018207510421932888, 0.0740781391926412, 0.13156611698159792, 0.2516129437681342, 0.22729258786660314, 0.20757009662102632, 0.31387877394599817, 0.3280705511751378, 0.4181483492350112, 0.45886244396657805, 0.4447254073291048, 0.3971646697307966, 0.4977794982744005, 0.45508953437840627, 0.4754613262969263, 0.45528467766063835, 0.4762809558862055, 0.5004338726805695], 'val_mae': [2.69395, 2.8637743547665226, 2.737435917312662, 2.6064, 2.70825, 2.604499340778275, 2.2862526315789475, 2.33795, 1.9562832545971278, 1.9219051127407307, 1.9211461719393155, 2.19985, 1.6441, 1.787575, 1.706050170398478, 1.7790981573276743, 1.7914914766038268, 1.6726844486099817], 'jsd': [(0, 0, 0, 0.24051612212417137, 0.26244785572920215, 0), (0, 0, 0, 0.11375140101469616, 0.0861672359851218, 0), (0, 0, 0, 0.15117204023132338, 0.09809575159071107, 0), (0, 0, 0, 0.10011947911730193, 0.15594989889544453, 0), (0, 0, 0, 0.23534274925712115, 0.1521103844693089, 0), (0, 0, 0, 0.1041737899795812, 0.08848888195576955, 0), (0, 0, 0, 0.09191452735962259, 0.07730576682353676, 0), (0, 0, 0, 0.08188211617520993, 0.08188211617520992, 0), (0, 0, 0, 0.0738146918149093, 0.07428302134108912, 0), (0, 0, 0, 0.06809523487445816, 0.06079421716229606, 0), (0, 0, 0, 0.059023337834950784, 0.0597484500294829, 0), (0, 0, 0, 0.22234135800892724, 0.25771365390163725, 0), (0, 0, 0, 0.09985032998923891, 0.0942809907032206, 0), (0.24482396344626206, 0.0989685657019039, 0.3278009659261826, 0.22655747375082358, 0.3696151711404718, 0.18789156697140075), (0.05452820340559726, 0.23652570203693196, 0.32961187207355236, 0.1457244655649505, 0.07731614688633334, 0.18593462837753372), (0.053714549106848315, 0.10547419979063469, 0.26159259085235287, 0.12005107340041175, 0.09083158714714824, 0.1487888665663297), (0.2130868793225068, 0.2674343335077993, 0.07261218236578786, 0.25603670950500496, 0.13004799038046627, 0.2966581430162566), (0.10462432373425541, 0.05229603414470698, 0.2475866596655384, 0.08339895601556258, 0.19367984707711375, 0.07963772130866043)]}}
AdaptationManager: Configuring next round...
{'client_registry': {'enabled': True, 'params': {}}, 'client_selector': {'enabled': True, 'params': {'selection_strategy': 'Resource-Based', 'selection_criteria': 'CPU', 'selection_value': 2}}, 'client_cluster': {'enabled': False, 'params': {}}, 'message_compressor': {'enabled': True, 'params': {}}, 'model_co-versioning_registry': {'enabled': False, 'params': {}}, 'multi-task_model_trainer': {'enabled': False, 'params': {}}, 'heterogeneous_data_handler': {'enabled': True, 'params': {'enabled_clients': []}}}
{'client_selector': {'enabled': False}, 'client_cluster': {'enabled': False}, 'message_compressor': {'enabled': True}, 'model_co-versioning_registry': {'enabled': False}, 'multi-task_model_trainer': {'enabled': False}, 'heterogeneous_data_handler': {'enabled': True, 'params': {'enabled_clients': ['Client 24', 'Client 26', 'Client 28']}}, 'client_registry': {'enabled': True, 'params': {}}}
round 19, 2 high, 4 low, 0.0-iid clients, predicted best policy: client_selector de-activated ❌
round 19, 2 high, 4 low, 0.0-iid clients, predicted best policy: message_compressor activated ✅
heterogeneous_data_handler activated ✅ for clients: ['Client 25', 'Client 27', 'Client 28']
Local parameters compressed: reduced 17197 bytes (6.92%)
Local parameters compressed: reduced 17180 bytes (6.91%)
Local parameters compressed: reduced 17130 bytes (6.89%)
Local parameters compressed: reduced 17103 bytes (6.88%)
Local parameters compressed: reduced 17144 bytes (6.90%)
Local parameters compressed: reduced 17165 bytes (6.91%)
Results Aggregated in 158.21 seconds.
{'CNN 64k': {'train_loss': [1.6892746883392333, 1.5333585021532454, 1.2360557507916448, 1.3152140069007874, 1.0907708837890624, 1.2117768563903804, 1.3163516590512059, 1.1922065630753835, 1.225632667819721, 1.1122367163296307, 0.9503020865929103, 0.631179349676768, 0.866930895291842, 0.7017655070669949, 0.8738488142853645, 0.8009489412981713, 0.5778731900104493, 0.7828438690930722, 0.7179396203414536], 'train_accuracy': [0.3226, 0.433611815604953, 0.51918843908508, 0.53125, 0.62344, 0.5297879667437398, 0.5077942046126552, 0.5441875, 0.5202424196796597, 0.566976218216709, 0.6329194737991634, 0.77945, 0.6905538461538462, 0.75425, 0.6617869968158374, 0.6880975985448706, 0.7987034391825074, 0.7130787148705084, 0.7383029055384004], 'train_f1': [0.06556733209306269, 0.188063837204688, 0.2664809850565365, 0.34671215029274505, 0.3454677181860231, 0.334817990805608, 0.3715305204190449, 0.39575422523345755, 0.4289927494998519, 0.5449104230157122, 0.5972059450747335, 0.579760132911257, 0.6407124898325394, 0.618719124417689, 0.5760512949514183, 0.5945787036768347, 0.6720318701661906, 0.6408818019111269, 0.653308931669181], 'train_mae': [2.3214, 1.9802327316127106, 1.9297540434491338, 1.70385, 1.46224, 1.6616569095291975, 1.64581904198699, 1.484125, 1.6333590559183904, 1.6060756630799808, 1.259555451017288, 0.7291333333333333, 1.091476923076923, 0.9744, 1.3150591562477747, 1.1584091896010684, 0.7055111683174533, 0.9720480200680881, 0.9051531622635149], 'val_loss': [3.387180767250061, 2.925201768269824, 3.206893750096709, 2.4270970313072207, 2.365691543865204, 2.7904070682330273, 2.2522368560389467, 2.251082049369812, 1.9401837049972157, 1.8626721346864086, 2.0874347709120036, 2.104622142791748, 1.9197477271080017, 2.0352405128479005, 2.0798079401186076, 1.8892468733264072, 1.813695497331693, 1.7414830616823262, 1.802334784342199], 'val_accuracy': [0.1, 0.16247438460390867, 0.22284862187769167, 0.3277, 0.30175, 0.30041237270625276, 0.3650842105263158, 0.3842, 0.4520088385311776, 0.49656628743746145, 0.49594259505048643, 0.44745, 0.53355, 0.5061125, 0.5084364581531857, 0.5014466780280374, 0.5085091936521889, 0.536103035022673, 0.5299588704094961], 'val_f1': [0.018207510421932888, 0.0740781391926412, 0.13156611698159792, 0.2516129437681342, 0.22729258786660314, 0.20757009662102632, 0.31387877394599817, 0.3280705511751378, 0.4181483492350112, 0.45886244396657805, 0.4447254073291048, 0.3971646697307966, 0.4977794982744005, 0.45508953437840627, 0.4754613262969263, 0.45528467766063835, 0.4762809558862055, 0.5004338726805695, 0.4889646590162511], 'val_mae': [2.69395, 2.8637743547665226, 2.737435917312662, 2.6064, 2.70825, 2.604499340778275, 2.2862526315789475, 2.33795, 1.9562832545971278, 1.9219051127407307, 1.9211461719393155, 2.19985, 1.6441, 1.787575, 1.706050170398478, 1.7790981573276743, 1.7914914766038268, 1.6726844486099817, 1.68173699309581], 'jsd': [(0, 0, 0, 0.24051612212417137, 0.26244785572920215, 0), (0, 0, 0, 0.11375140101469616, 0.0861672359851218, 0), (0, 0, 0, 0.15117204023132338, 0.09809575159071107, 0), (0, 0, 0, 0.10011947911730193, 0.15594989889544453, 0), (0, 0, 0, 0.23534274925712115, 0.1521103844693089, 0), (0, 0, 0, 0.1041737899795812, 0.08848888195576955, 0), (0, 0, 0, 0.09191452735962259, 0.07730576682353676, 0), (0, 0, 0, 0.08188211617520993, 0.08188211617520992, 0), (0, 0, 0, 0.0738146918149093, 0.07428302134108912, 0), (0, 0, 0, 0.06809523487445816, 0.06079421716229606, 0), (0, 0, 0, 0.059023337834950784, 0.0597484500294829, 0), (0, 0, 0, 0.22234135800892724, 0.25771365390163725, 0), (0, 0, 0, 0.09985032998923891, 0.0942809907032206, 0), (0.24482396344626206, 0.0989685657019039, 0.3278009659261826, 0.22655747375082358, 0.3696151711404718, 0.18789156697140075), (0.05452820340559726, 0.23652570203693196, 0.32961187207355236, 0.1457244655649505, 0.07731614688633334, 0.18593462837753372), (0.053714549106848315, 0.10547419979063469, 0.26159259085235287, 0.12005107340041175, 0.09083158714714824, 0.1487888665663297), (0.2130868793225068, 0.2674343335077993, 0.07261218236578786, 0.25603670950500496, 0.13004799038046627, 0.2966581430162566), (0.10462432373425541, 0.05229603414470698, 0.2475866596655384, 0.08339895601556258, 0.19367984707711375, 0.07963772130866043), (0.11081812926656459, 0.15631860685481846, 0.07383926325554163, 0.17346393502654145, 0.06824643382722191, 0.08154484465647241)]}}
AdaptationManager: Configuring next round...
{'client_registry': {'enabled': True, 'params': {}}, 'client_selector': {'enabled': True, 'params': {'selection_strategy': 'Resource-Based', 'selection_criteria': 'CPU', 'selection_value': 2}}, 'client_cluster': {'enabled': False, 'params': {}}, 'message_compressor': {'enabled': True, 'params': {}}, 'model_co-versioning_registry': {'enabled': False, 'params': {}}, 'multi-task_model_trainer': {'enabled': False, 'params': {}}, 'heterogeneous_data_handler': {'enabled': True, 'params': {'enabled_clients': []}}}
{'client_selector': {'enabled': False}, 'client_cluster': {'enabled': False}, 'message_compressor': {'enabled': True}, 'model_co-versioning_registry': {'enabled': False}, 'multi-task_model_trainer': {'enabled': False}, 'heterogeneous_data_handler': {'enabled': True, 'params': {'enabled_clients': ['Client 25', 'Client 27', 'Client 28']}}, 'client_registry': {'enabled': True, 'params': {}}}
round 20, 2 high, 4 low, 0.0-iid clients, predicted best policy: client_selector de-activated ❌
round 20, 2 high, 4 low, 0.0-iid clients, predicted best policy: message_compressor activated ✅
heterogeneous_data_handler de-activated ❌
Local parameters compressed: reduced 17155 bytes (6.90%)
Local parameters compressed: reduced 17170 bytes (6.91%)
Local parameters compressed: reduced 17225 bytes (6.93%)
Local parameters compressed: reduced 17155 bytes (6.90%)
Local parameters compressed: reduced 17130 bytes (6.89%)
Local parameters compressed: reduced 17131 bytes (6.89%)
Results Aggregated in 160.98 seconds.
{'CNN 64k': {'train_loss': [1.6892746883392333, 1.5333585021532454, 1.2360557507916448, 1.3152140069007874, 1.0907708837890624, 1.2117768563903804, 1.3163516590512059, 1.1922065630753835, 1.225632667819721, 1.1122367163296307, 0.9503020865929103, 0.631179349676768, 0.866930895291842, 0.7017655070669949, 0.8738488142853645, 0.8009489412981713, 0.5778731900104493, 0.7828438690930722, 0.7179396203414536, 0.5329232612855295], 'train_accuracy': [0.3226, 0.433611815604953, 0.51918843908508, 0.53125, 0.62344, 0.5297879667437398, 0.5077942046126552, 0.5441875, 0.5202424196796597, 0.566976218216709, 0.6329194737991634, 0.77945, 0.6905538461538462, 0.75425, 0.6617869968158374, 0.6880975985448706, 0.7987034391825074, 0.7130787148705084, 0.7383029055384004, 0.8124882352941176], 'train_f1': [0.06556733209306269, 0.188063837204688, 0.2664809850565365, 0.34671215029274505, 0.3454677181860231, 0.334817990805608, 0.3715305204190449, 0.39575422523345755, 0.4289927494998519, 0.5449104230157122, 0.5972059450747335, 0.579760132911257, 0.6407124898325394, 0.618719124417689, 0.5760512949514183, 0.5945787036768347, 0.6720318701661906, 0.6408818019111269, 0.653308931669181, 0.6955454915907806], 'train_mae': [2.3214, 1.9802327316127106, 1.9297540434491338, 1.70385, 1.46224, 1.6616569095291975, 1.64581904198699, 1.484125, 1.6333590559183904, 1.6060756630799808, 1.259555451017288, 0.7291333333333333, 1.091476923076923, 0.9744, 1.3150591562477747, 1.1584091896010684, 0.7055111683174533, 0.9720480200680881, 0.9051531622635149, 0.6136058823529412], 'val_loss': [3.387180767250061, 2.925201768269824, 3.206893750096709, 2.4270970313072207, 2.365691543865204, 2.7904070682330273, 2.2522368560389467, 2.251082049369812, 1.9401837049972157, 1.8626721346864086, 2.0874347709120036, 2.104622142791748, 1.9197477271080017, 2.0352405128479005, 2.0798079401186076, 1.8892468733264072, 1.813695497331693, 1.7414830616823262, 1.802334784342199, 1.9198114399152644], 'val_accuracy': [0.1, 0.16247438460390867, 0.22284862187769167, 0.3277, 0.30175, 0.30041237270625276, 0.3650842105263158, 0.3842, 0.4520088385311776, 0.49656628743746145, 0.49594259505048643, 0.44745, 0.53355, 0.5061125, 0.5084364581531857, 0.5014466780280374, 0.5085091936521889, 0.536103035022673, 0.5299588704094961, 0.5221941176470588], 'val_f1': [0.018207510421932888, 0.0740781391926412, 0.13156611698159792, 0.2516129437681342, 0.22729258786660314, 0.20757009662102632, 0.31387877394599817, 0.3280705511751378, 0.4181483492350112, 0.45886244396657805, 0.4447254073291048, 0.3971646697307966, 0.4977794982744005, 0.45508953437840627, 0.4754613262969263, 0.45528467766063835, 0.4762809558862055, 0.5004338726805695, 0.4889646590162511, 0.49151061130751006], 'val_mae': [2.69395, 2.8637743547665226, 2.737435917312662, 2.6064, 2.70825, 2.604499340778275, 2.2862526315789475, 2.33795, 1.9562832545971278, 1.9219051127407307, 1.9211461719393155, 2.19985, 1.6441, 1.787575, 1.706050170398478, 1.7790981573276743, 1.7914914766038268, 1.6726844486099817, 1.68173699309581, 1.6661426470588234], 'jsd': [(0, 0, 0, 0.24051612212417137, 0.26244785572920215, 0), (0, 0, 0, 0.11375140101469616, 0.0861672359851218, 0), (0, 0, 0, 0.15117204023132338, 0.09809575159071107, 0), (0, 0, 0, 0.10011947911730193, 0.15594989889544453, 0), (0, 0, 0, 0.23534274925712115, 0.1521103844693089, 0), (0, 0, 0, 0.1041737899795812, 0.08848888195576955, 0), (0, 0, 0, 0.09191452735962259, 0.07730576682353676, 0), (0, 0, 0, 0.08188211617520993, 0.08188211617520992, 0), (0, 0, 0, 0.0738146918149093, 0.07428302134108912, 0), (0, 0, 0, 0.06809523487445816, 0.06079421716229606, 0), (0, 0, 0, 0.059023337834950784, 0.0597484500294829, 0), (0, 0, 0, 0.22234135800892724, 0.25771365390163725, 0), (0, 0, 0, 0.09985032998923891, 0.0942809907032206, 0), (0.24482396344626206, 0.0989685657019039, 0.3278009659261826, 0.22655747375082358, 0.3696151711404718, 0.18789156697140075), (0.05452820340559726, 0.23652570203693196, 0.32961187207355236, 0.1457244655649505, 0.07731614688633334, 0.18593462837753372), (0.053714549106848315, 0.10547419979063469, 0.26159259085235287, 0.12005107340041175, 0.09083158714714824, 0.1487888665663297), (0.2130868793225068, 0.2674343335077993, 0.07261218236578786, 0.25603670950500496, 0.13004799038046627, 0.2966581430162566), (0.10462432373425541, 0.05229603414470698, 0.2475866596655384, 0.08339895601556258, 0.19367984707711375, 0.07963772130866043), (0.11081812926656459, 0.15631860685481846, 0.07383926325554163, 0.17346393502654145, 0.06824643382722191, 0.08154484465647241), (0.31663251045711227, 0.1471701107360006, 0.2383913638892883, 0.12240836236740522, 0.19392856931921962, 0.24847201941077798)]}}
AdaptationManager: Configuring next round...
{'client_registry': {'enabled': True, 'params': {}}, 'client_selector': {'enabled': True, 'params': {'selection_strategy': 'Resource-Based', 'selection_criteria': 'CPU', 'selection_value': 2}}, 'client_cluster': {'enabled': False, 'params': {}}, 'message_compressor': {'enabled': True, 'params': {}}, 'model_co-versioning_registry': {'enabled': False, 'params': {}}, 'multi-task_model_trainer': {'enabled': False, 'params': {}}, 'heterogeneous_data_handler': {'enabled': True, 'params': {'enabled_clients': []}}}
{'client_selector': {'enabled': False}, 'client_cluster': {'enabled': False}, 'message_compressor': {'enabled': True}, 'model_co-versioning_registry': {'enabled': False}, 'multi-task_model_trainer': {'enabled': False}, 'heterogeneous_data_handler': {'enabled': False, 'params': {'enabled_clients': ['Client 25', 'Client 27', 'Client 28']}}, 'client_registry': {'enabled': True, 'params': {}}}
round 21, 2 high, 4 low, 0.0-iid clients, predicted best policy: client_selector de-activated ❌
round 21, 2 high, 4 low, 0.0-iid clients, predicted best policy: message_compressor activated ✅
heterogeneous_data_handler activated ✅ for clients: ['Client 25', 'Client 26']
