==========================================
  ___  ______  ___ ______       _ 
 / _ \ | ___ \/   ||  ___|     | |
/ /_\ \| |_/ / /| || |_ ___  __| |
|  _  ||  __/ /_| ||  _/ _ \/ _` |
| | | || |  \___  || ||  __/ (_| |
\_| |_/\_|      |_/\_| \___|\__,_| v.1.5.0

==========================================
Simulation Started!
List of the Architectural Patterns enabled:
Adaptation Enabled ✅
Global Metric: time, comparison with fixed value: 20.0
Client Registry ✅
Message Compressor ✅
==========================================
client Client 29 injecting delay of 8 seconds
client Client 24 injecting delay of 5 seconds
client Client 30 injecting delay of 8 seconds
client Client 31 injecting delay of 9 seconds
client Client 27 injecting delay of 9 seconds
client Client 26 injecting delay of 7 seconds
client Client 33 injecting delay of 6 seconds
client Client 25 injecting delay of 10 seconds
client Client 23 injecting delay of 1 seconds
client Client 28 injecting delay of 6 seconds
client Client 32 injecting delay of 1 seconds
Local parameters compressed: reduced 5276 bytes (7.15%)
Local parameters compressed: reduced 5281 bytes (7.16%)
client Client 34 injecting delay of 10 seconds
Local parameters compressed: reduced 5293 bytes (7.17%)
Local parameters compressed: reduced 5313 bytes (7.20%)
Local parameters compressed: reduced 5297 bytes (7.18%)
Local parameters compressed: reduced 5271 bytes (7.14%)
Local parameters compressed: reduced 5282 bytes (7.16%)
Local parameters compressed: reduced 5298 bytes (7.18%)
Local parameters compressed: reduced 5290 bytes (7.17%)
Local parameters compressed: reduced 5326 bytes (7.22%)
Local parameters compressed: reduced 5303 bytes (7.19%)
Local parameters compressed: reduced 5294 bytes (7.17%)
Results Aggregated in 57.70 seconds.
{'TextMLP': {'train_loss': [0.6144182500693534], 'train_accuracy': [0.7739159722222222], 'train_f1': [0.7728206225431589], 'train_mae': [0.3494479166666667], 'val_loss': [0.6282215628707618], 'val_accuracy': [0.7653728070175438], 'val_f1': [0.7642032140294928], 'val_mae': [0.3613486842105263], 'jsd': [(0, 0, 0, 0, 0, 0, 0, 0, 0, 0, 0, 0)]}}
AdaptationManager: Configuring next round...
{'client_registry': {'enabled': True, 'params': {}}, 'client_selector': {'enabled': False, 'params': {}}, 'client_cluster': {'enabled': False, 'params': {}}, 'message_compressor': {'enabled': True, 'params': {}}, 'model_co-versioning_registry': {'enabled': False, 'params': {}}, 'multi-task_model_trainer': {'enabled': False, 'params': {}}, 'heterogeneous_data_handler': {'enabled': False, 'params': {}}}
{'client_selector': {'enabled': False}, 'client_cluster': {'enabled': False}, 'message_compressor': {'enabled': True}, 'model_co-versioning_registry': {'enabled': False}, 'multi-task_model_trainer': {'enabled': False}, 'heterogeneous_data_handler': {'enabled': False}, 'client_registry': {'enabled': True, 'params': {}}}
time=57.70191502571106, message_compressor activated ✅
client Client 30 injecting delay of 1 seconds
client Client 26 injecting delay of 4 seconds
client Client 25 injecting delay of 5 seconds
client Client 27 injecting delay of 4 seconds
client Client 28 injecting delay of 9 seconds
client Client 32 injecting delay of 2 seconds
client Client 29 injecting delay of 2 seconds
client Client 34 injecting delay of 3 seconds
client Client 33 injecting delay of 6 seconds
client Client 24 injecting delay of 9 seconds
Local parameters compressed: reduced 5297 bytes (7.18%)
client Client 23 injecting delay of 4 seconds
client Client 31 injecting delay of 0 seconds
Local parameters compressed: reduced 5266 bytes (7.14%)
Local parameters compressed: reduced 5245 bytes (7.11%)
Local parameters compressed: reduced 5250 bytes (7.12%)
Local parameters compressed: reduced 5258 bytes (7.13%)
Local parameters compressed: reduced 5275 bytes (7.15%)
Local parameters compressed: reduced 5294 bytes (7.17%)
Local parameters compressed: reduced 5269 bytes (7.14%)
Local parameters compressed: reduced 5271 bytes (7.14%)
Local parameters compressed: reduced 5255 bytes (7.12%)
Local parameters compressed: reduced 5283 bytes (7.16%)
Local parameters compressed: reduced 5272 bytes (7.14%)
Results Aggregated in 19.14 seconds.
{'TextMLP': {'train_loss': [0.6144182500693534, 0.5196509647124343], 'train_accuracy': [0.7739159722222222, 0.8111104166666666], 'train_f1': [0.7728206225431589, 0.809830319289193], 'train_mae': [0.3494479166666667, 0.2927208333333333], 'val_loss': [0.6282215628707618, 0.5381716526391214], 'val_accuracy': [0.7653728070175438, 0.8005482456140351], 'val_f1': [0.7642032140294928, 0.7993394616267854], 'val_mae': [0.3613486842105263, 0.3073355263157895], 'jsd': [(0, 0, 0, 0, 0, 0, 0, 0, 0, 0, 0, 0), (0, 0, 0, 0, 0, 0, 0, 0, 0, 0, 0, 0)]}}
AdaptationManager: Configuring next round...
{'client_registry': {'enabled': True, 'params': {}}, 'client_selector': {'enabled': False, 'params': {}}, 'client_cluster': {'enabled': False, 'params': {}}, 'message_compressor': {'enabled': True, 'params': {}}, 'model_co-versioning_registry': {'enabled': False, 'params': {}}, 'multi-task_model_trainer': {'enabled': False, 'params': {}}, 'heterogeneous_data_handler': {'enabled': False, 'params': {}}}
{'client_selector': {'enabled': False}, 'client_cluster': {'enabled': False}, 'message_compressor': {'enabled': True}, 'model_co-versioning_registry': {'enabled': False}, 'multi-task_model_trainer': {'enabled': False}, 'heterogeneous_data_handler': {'enabled': False}, 'client_registry': {'enabled': True, 'params': {}}}
time=19.13940668106079, message_compressor de-activated ❌
client Client 23 injecting delay of 8 seconds
client Client 29 injecting delay of 7 seconds
client Client 25 injecting delay of 4 seconds
client Client 30 injecting delay of 3 seconds
client Client 27 injecting delay of 1 seconds
client Client 26 injecting delay of 8 seconds
client Client 31 injecting delay of 5 seconds
client Client 24 injecting delay of 5 seconds
client Client 34 injecting delay of 6 seconds
client Client 33 injecting delay of 9 seconds
client Client 28 injecting delay of 1 seconds
client Client 32 injecting delay of 6 seconds
Results Aggregated in 20.55 seconds.
{'TextMLP': {'train_loss': [0.6144182500693534, 0.5196509647124343, 0.4815148082024521], 'train_accuracy': [0.7739159722222222, 0.8111104166666666, 0.8258215277777777], 'train_f1': [0.7728206225431589, 0.809830319289193, 0.8252964034000788], 'train_mae': [0.3494479166666667, 0.2927208333333333, 0.2758388888888889], 'val_loss': [0.6282215628707618, 0.5381716526391214, 0.5005220032679407], 'val_accuracy': [0.7653728070175438, 0.8005482456140351, 0.8155043859649123], 'val_f1': [0.7642032140294928, 0.7993394616267854, 0.8149244396541436], 'val_mae': [0.3613486842105263, 0.3073355263157895, 0.28959429824561406], 'jsd': [(0, 0, 0, 0, 0, 0, 0, 0, 0, 0, 0, 0), (0, 0, 0, 0, 0, 0, 0, 0, 0, 0, 0, 0), (0, 0, 0, 0, 0, 0, 0, 0, 0, 0, 0, 0)]}}
AdaptationManager: Configuring next round...
{'client_registry': {'enabled': True, 'params': {}}, 'client_selector': {'enabled': False, 'params': {}}, 'client_cluster': {'enabled': False, 'params': {}}, 'message_compressor': {'enabled': True, 'params': {}}, 'model_co-versioning_registry': {'enabled': False, 'params': {}}, 'multi-task_model_trainer': {'enabled': False, 'params': {}}, 'heterogeneous_data_handler': {'enabled': False, 'params': {}}}
{'client_selector': {'enabled': False}, 'client_cluster': {'enabled': False}, 'message_compressor': {'enabled': False}, 'model_co-versioning_registry': {'enabled': False}, 'multi-task_model_trainer': {'enabled': False}, 'heterogeneous_data_handler': {'enabled': False}, 'client_registry': {'enabled': True, 'params': {}}}
time=20.554148197174072, message_compressor activated ✅
client Client 24 injecting delay of 3 seconds
client Client 30 injecting delay of 1 seconds
client Client 29 injecting delay of 5 seconds
Local parameters compressed: reduced 5241 bytes (7.10%)
client Client 25 injecting delay of 7 seconds
client Client 23 injecting delay of 7 seconds
Local parameters compressed: reduced 5198 bytes (7.04%)
client Client 27 injecting delay of 8 seconds
client Client 26 injecting delay of 7 seconds
client Client 34 injecting delay of 5 seconds
client Client 33 injecting delay of 3 seconds
client Client 28 injecting delay of 6 seconds
client Client 32 injecting delay of 2 seconds
client Client 31 injecting delay of 7 seconds
Local parameters compressed: reduced 5220 bytes (7.07%)
Local parameters compressed: reduced 5201 bytes (7.05%)
Local parameters compressed: reduced 5246 bytes (7.11%)
Local parameters compressed: reduced 5223 bytes (7.08%)
Local parameters compressed: reduced 5201 bytes (7.05%)
Local parameters compressed: reduced 5217 bytes (7.07%)
Local parameters compressed: reduced 5234 bytes (7.09%)
Local parameters compressed: reduced 5204 bytes (7.05%)
Local parameters compressed: reduced 5214 bytes (7.07%)
Local parameters compressed: reduced 5242 bytes (7.10%)
Results Aggregated in 33.88 seconds.
{'TextMLP': {'train_loss': [0.6144182500693534, 0.5196509647124343, 0.4815148082024521, 0.4624616453071435], 'train_accuracy': [0.7739159722222222, 0.8111104166666666, 0.8258215277777777, 0.8323173611111111], 'train_f1': [0.7728206225431589, 0.809830319289193, 0.8252964034000788, 0.8317780774152809], 'train_mae': [0.3494479166666667, 0.2927208333333333, 0.2758388888888889, 0.2645958333333333], 'val_loss': [0.6282215628707618, 0.5381716526391214, 0.5005220032679407, 0.4816120577119944], 'val_accuracy': [0.7653728070175438, 0.8005482456140351, 0.8155043859649123, 0.8223245614035087], 'val_f1': [0.7642032140294928, 0.7993394616267854, 0.8149244396541436, 0.8217295388927075], 'val_mae': [0.3613486842105263, 0.3073355263157895, 0.28959429824561406, 0.27792763157894734], 'jsd': [(0, 0, 0, 0, 0, 0, 0, 0, 0, 0, 0, 0), (0, 0, 0, 0, 0, 0, 0, 0, 0, 0, 0, 0), (0, 0, 0, 0, 0, 0, 0, 0, 0, 0, 0, 0), (0, 0, 0, 0, 0, 0, 0, 0, 0, 0, 0, 0)]}}
AdaptationManager: Configuring next round...
{'client_registry': {'enabled': True, 'params': {}}, 'client_selector': {'enabled': False, 'params': {}}, 'client_cluster': {'enabled': False, 'params': {}}, 'message_compressor': {'enabled': True, 'params': {}}, 'model_co-versioning_registry': {'enabled': False, 'params': {}}, 'multi-task_model_trainer': {'enabled': False, 'params': {}}, 'heterogeneous_data_handler': {'enabled': False, 'params': {}}}
{'client_selector': {'enabled': False}, 'client_cluster': {'enabled': False}, 'message_compressor': {'enabled': True}, 'model_co-versioning_registry': {'enabled': False}, 'multi-task_model_trainer': {'enabled': False}, 'heterogeneous_data_handler': {'enabled': False}, 'client_registry': {'enabled': True, 'params': {}}}
time=33.878193855285645, message_compressor activated ✅
client Client 24 injecting delay of 9 seconds
client Client 29 injecting delay of 2 seconds
client Client 27 injecting delay of 10 seconds
client Client 30 injecting delay of 4 seconds
client Client 25 injecting delay of 3 seconds
client Client 31 injecting delay of 8 seconds
client Client 23 injecting delay of 10 seconds
client Client 33 injecting delay of 4 seconds
client Client 28 injecting delay of 8 seconds
client Client 34 injecting delay of 4 seconds
client Client 26 injecting delay of 9 seconds
client Client 32 injecting delay of 2 seconds
Local parameters compressed: reduced 5216 bytes (7.07%)
Local parameters compressed: reduced 5201 bytes (7.05%)
Local parameters compressed: reduced 5213 bytes (7.06%)
Local parameters compressed: reduced 5200 bytes (7.05%)
Local parameters compressed: reduced 5200 bytes (7.05%)
Local parameters compressed: reduced 5210 bytes (7.06%)
Local parameters compressed: reduced 5212 bytes (7.06%)
Local parameters compressed: reduced 5204 bytes (7.05%)
Local parameters compressed: reduced 5224 bytes (7.08%)
Local parameters compressed: reduced 5191 bytes (7.04%)
Local parameters compressed: reduced 5188 bytes (7.03%)
Local parameters compressed: reduced 5220 bytes (7.07%)
Results Aggregated in 22.30 seconds.
{'TextMLP': {'train_loss': [0.6144182500693534, 0.5196509647124343, 0.4815148082024521, 0.4624616453071435, 0.4556409038318528], 'train_accuracy': [0.7739159722222222, 0.8111104166666666, 0.8258215277777777, 0.8323173611111111, 0.8341416666666667], 'train_f1': [0.7728206225431589, 0.809830319289193, 0.8252964034000788, 0.8317780774152809, 0.8334871223866869], 'train_mae': [0.3494479166666667, 0.2927208333333333, 0.2758388888888889, 0.2645958333333333, 0.2622069444444444], 'val_loss': [0.6282215628707618, 0.5381716526391214, 0.5005220032679407, 0.4816120577119944, 0.4750463320916159], 'val_accuracy': [0.7653728070175438, 0.8005482456140351, 0.8155043859649123, 0.8223245614035087, 0.8246162280701754], 'val_f1': [0.7642032140294928, 0.7993394616267854, 0.8149244396541436, 0.8217295388927075, 0.8239054029195056], 'val_mae': [0.3613486842105263, 0.3073355263157895, 0.28959429824561406, 0.27792763157894734, 0.27552631578947373], 'jsd': [(0, 0, 0, 0, 0, 0, 0, 0, 0, 0, 0, 0), (0, 0, 0, 0, 0, 0, 0, 0, 0, 0, 0, 0), (0, 0, 0, 0, 0, 0, 0, 0, 0, 0, 0, 0), (0, 0, 0, 0, 0, 0, 0, 0, 0, 0, 0, 0), (0, 0, 0, 0, 0, 0, 0, 0, 0, 0, 0, 0)]}}
AdaptationManager: Configuring next round...
{'client_registry': {'enabled': True, 'params': {}}, 'client_selector': {'enabled': False, 'params': {}}, 'client_cluster': {'enabled': False, 'params': {}}, 'message_compressor': {'enabled': True, 'params': {}}, 'model_co-versioning_registry': {'enabled': False, 'params': {}}, 'multi-task_model_trainer': {'enabled': False, 'params': {}}, 'heterogeneous_data_handler': {'enabled': False, 'params': {}}}
{'client_selector': {'enabled': False}, 'client_cluster': {'enabled': False}, 'message_compressor': {'enabled': True}, 'model_co-versioning_registry': {'enabled': False}, 'multi-task_model_trainer': {'enabled': False}, 'heterogeneous_data_handler': {'enabled': False}, 'client_registry': {'enabled': True, 'params': {}}}
time=22.29801106452942, message_compressor activated ✅
client Client 23 injecting delay of 8 seconds
client Client 25 injecting delay of 8 seconds
client Client 26 injecting delay of 9 seconds
client Client 33 injecting delay of 0 seconds
Local parameters compressed: reduced 5198 bytes (7.04%)
client Client 32 injecting delay of 9 seconds
client Client 27 injecting delay of 0 seconds
Local parameters compressed: reduced 5218 bytes (7.07%)
client Client 29 injecting delay of 4 seconds
client Client 28 injecting delay of 0 seconds
Local parameters compressed: reduced 5217 bytes (7.07%)
client Client 34 injecting delay of 2 seconds
client Client 30 injecting delay of 0 seconds
Local parameters compressed: reduced 5194 bytes (7.04%)
client Client 31 injecting delay of 8 seconds
client Client 24 injecting delay of 7 seconds
Local parameters compressed: reduced 5194 bytes (7.04%)
Local parameters compressed: reduced 5202 bytes (7.05%)
Local parameters compressed: reduced 5212 bytes (7.06%)
Local parameters compressed: reduced 5252 bytes (7.12%)
Local parameters compressed: reduced 5207 bytes (7.06%)
Local parameters compressed: reduced 5209 bytes (7.06%)
Local parameters compressed: reduced 5194 bytes (7.04%)
Local parameters compressed: reduced 5198 bytes (7.04%)
Results Aggregated in 18.39 seconds.
{'TextMLP': {'train_loss': [0.6144182500693534, 0.5196509647124343, 0.4815148082024521, 0.4624616453071435, 0.4556409038318528, 0.45387118754784267], 'train_accuracy': [0.7739159722222222, 0.8111104166666666, 0.8258215277777777, 0.8323173611111111, 0.8341416666666667, 0.8337298611111111], 'train_f1': [0.7728206225431589, 0.809830319289193, 0.8252964034000788, 0.8317780774152809, 0.8334871223866869, 0.8332820519776628], 'train_mae': [0.3494479166666667, 0.2927208333333333, 0.2758388888888889, 0.2645958333333333, 0.2622069444444444, 0.26259305555555557], 'val_loss': [0.6282215628707618, 0.5381716526391214, 0.5005220032679407, 0.4816120577119944, 0.4750463320916159, 0.4732778656482697], 'val_accuracy': [0.7653728070175438, 0.8005482456140351, 0.8155043859649123, 0.8223245614035087, 0.8246162280701754, 0.8251206140350877], 'val_f1': [0.7642032140294928, 0.7993394616267854, 0.8149244396541436, 0.8217295388927075, 0.8239054029195056, 0.8246005400826658], 'val_mae': [0.3613486842105263, 0.3073355263157895, 0.28959429824561406, 0.27792763157894734, 0.27552631578947373, 0.27410087719298243], 'jsd': [(0, 0, 0, 0, 0, 0, 0, 0, 0, 0, 0, 0), (0, 0, 0, 0, 0, 0, 0, 0, 0, 0, 0, 0), (0, 0, 0, 0, 0, 0, 0, 0, 0, 0, 0, 0), (0, 0, 0, 0, 0, 0, 0, 0, 0, 0, 0, 0), (0, 0, 0, 0, 0, 0, 0, 0, 0, 0, 0, 0), (0, 0, 0, 0, 0, 0, 0, 0, 0, 0, 0, 0)]}}
AdaptationManager: Configuring next round...
{'client_registry': {'enabled': True, 'params': {}}, 'client_selector': {'enabled': False, 'params': {}}, 'client_cluster': {'enabled': False, 'params': {}}, 'message_compressor': {'enabled': True, 'params': {}}, 'model_co-versioning_registry': {'enabled': False, 'params': {}}, 'multi-task_model_trainer': {'enabled': False, 'params': {}}, 'heterogeneous_data_handler': {'enabled': False, 'params': {}}}
{'client_selector': {'enabled': False}, 'client_cluster': {'enabled': False}, 'message_compressor': {'enabled': True}, 'model_co-versioning_registry': {'enabled': False}, 'multi-task_model_trainer': {'enabled': False}, 'heterogeneous_data_handler': {'enabled': False}, 'client_registry': {'enabled': True, 'params': {}}}
time=18.38894486427307, message_compressor de-activated ❌
client Client 29 injecting delay of 7 seconds
client Client 30 injecting delay of 4 seconds
client Client 28 injecting delay of 9 seconds
client Client 25 injecting delay of 10 seconds
client Client 24 injecting delay of 6 seconds
client Client 27 injecting delay of 9 seconds
client Client 32 injecting delay of 5 seconds
client Client 34 injecting delay of 10 seconds
client Client 31 injecting delay of 3 seconds
client Client 23 injecting delay of 9 seconds
client Client 33 injecting delay of 6 seconds
client Client 26 injecting delay of 3 seconds
Results Aggregated in 21.22 seconds.
{'TextMLP': {'train_loss': [0.6144182500693534, 0.5196509647124343, 0.4815148082024521, 0.4624616453071435, 0.4556409038318528, 0.45387118754784267, 0.444099330886205], 'train_accuracy': [0.7739159722222222, 0.8111104166666666, 0.8258215277777777, 0.8323173611111111, 0.8341416666666667, 0.8337298611111111, 0.8374125], 'train_f1': [0.7728206225431589, 0.809830319289193, 0.8252964034000788, 0.8317780774152809, 0.8334871223866869, 0.8332820519776628, 0.8367927027720308], 'train_mae': [0.3494479166666667, 0.2927208333333333, 0.2758388888888889, 0.2645958333333333, 0.2622069444444444, 0.26259305555555557, 0.25800972222222224], 'val_loss': [0.6282215628707618, 0.5381716526391214, 0.5005220032679407, 0.4816120577119944, 0.4750463320916159, 0.4732778656482697, 0.4640829060161323], 'val_accuracy': [0.7653728070175438, 0.8005482456140351, 0.8155043859649123, 0.8223245614035087, 0.8246162280701754, 0.8251206140350877, 0.8282017543859649], 'val_f1': [0.7642032140294928, 0.7993394616267854, 0.8149244396541436, 0.8217295388927075, 0.8239054029195056, 0.8246005400826658, 0.8275100606471515], 'val_mae': [0.3613486842105263, 0.3073355263157895, 0.28959429824561406, 0.27792763157894734, 0.27552631578947373, 0.27410087719298243, 0.27031798245614036], 'jsd': [(0, 0, 0, 0, 0, 0, 0, 0, 0, 0, 0, 0), (0, 0, 0, 0, 0, 0, 0, 0, 0, 0, 0, 0), (0, 0, 0, 0, 0, 0, 0, 0, 0, 0, 0, 0), (0, 0, 0, 0, 0, 0, 0, 0, 0, 0, 0, 0), (0, 0, 0, 0, 0, 0, 0, 0, 0, 0, 0, 0), (0, 0, 0, 0, 0, 0, 0, 0, 0, 0, 0, 0), (0, 0, 0, 0, 0, 0, 0, 0, 0, 0, 0, 0)]}}
AdaptationManager: Configuring next round...
{'client_registry': {'enabled': True, 'params': {}}, 'client_selector': {'enabled': False, 'params': {}}, 'client_cluster': {'enabled': False, 'params': {}}, 'message_compressor': {'enabled': True, 'params': {}}, 'model_co-versioning_registry': {'enabled': False, 'params': {}}, 'multi-task_model_trainer': {'enabled': False, 'params': {}}, 'heterogeneous_data_handler': {'enabled': False, 'params': {}}}
{'client_selector': {'enabled': False}, 'client_cluster': {'enabled': False}, 'message_compressor': {'enabled': False}, 'model_co-versioning_registry': {'enabled': False}, 'multi-task_model_trainer': {'enabled': False}, 'heterogeneous_data_handler': {'enabled': False}, 'client_registry': {'enabled': True, 'params': {}}}
time=21.216166973114014, message_compressor activated ✅
client Client 29 injecting delay of 0 seconds
Local parameters compressed: reduced 5211 bytes (7.06%)
client Client 30 injecting delay of 4 seconds
client Client 31 injecting delay of 5 seconds
client Client 24 injecting delay of 7 seconds
client Client 25 injecting delay of 1 seconds
client Client 26 injecting delay of 3 seconds
Local parameters compressed: reduced 5185 bytes (7.03%)
Local parameters compressed: reduced 5176 bytes (7.01%)
client Client 23 injecting delay of 0 seconds
Local parameters compressed: reduced 5197 bytes (7.04%)
client Client 27 injecting delay of 0 seconds
Local parameters compressed: reduced 5206 bytes (7.06%)
Local parameters compressed: reduced 5187 bytes (7.03%)
client Client 28 injecting delay of 5 seconds
Local parameters compressed: reduced 5218 bytes (7.07%)
client Client 33 injecting delay of 5 seconds
client Client 32 injecting delay of 10 seconds
client Client 34 injecting delay of 3 seconds
Local parameters compressed: reduced 5153 bytes (6.98%)
Local parameters compressed: reduced 5201 bytes (7.05%)
Local parameters compressed: reduced 5240 bytes (7.10%)
Local parameters compressed: reduced 5232 bytes (7.09%)
Local parameters compressed: reduced 5201 bytes (7.05%)
Results Aggregated in 38.40 seconds.
{'TextMLP': {'train_loss': [0.6144182500693534, 0.5196509647124343, 0.4815148082024521, 0.4624616453071435, 0.4556409038318528, 0.45387118754784267, 0.444099330886205, 0.4416219022585286], 'train_accuracy': [0.7739159722222222, 0.8111104166666666, 0.8258215277777777, 0.8323173611111111, 0.8341416666666667, 0.8337298611111111, 0.8374125, 0.8381541666666666], 'train_f1': [0.7728206225431589, 0.809830319289193, 0.8252964034000788, 0.8317780774152809, 0.8334871223866869, 0.8332820519776628, 0.8367927027720308, 0.8374036038273067], 'train_mae': [0.3494479166666667, 0.2927208333333333, 0.2758388888888889, 0.2645958333333333, 0.2622069444444444, 0.26259305555555557, 0.25800972222222224, 0.25453333333333333], 'val_loss': [0.6282215628707618, 0.5381716526391214, 0.5005220032679407, 0.4816120577119944, 0.4750463320916159, 0.4732778656482697, 0.4640829060161323, 0.46142603689641287], 'val_accuracy': [0.7653728070175438, 0.8005482456140351, 0.8155043859649123, 0.8223245614035087, 0.8246162280701754, 0.8251206140350877, 0.8282017543859649, 0.8289035087719298], 'val_f1': [0.7642032140294928, 0.7993394616267854, 0.8149244396541436, 0.8217295388927075, 0.8239054029195056, 0.8246005400826658, 0.8275100606471515, 0.8280910550280112], 'val_mae': [0.3613486842105263, 0.3073355263157895, 0.28959429824561406, 0.27792763157894734, 0.27552631578947373, 0.27410087719298243, 0.27031798245614036, 0.26668859649122806], 'jsd': [(0, 0, 0, 0, 0, 0, 0, 0, 0, 0, 0, 0), (0, 0, 0, 0, 0, 0, 0, 0, 0, 0, 0, 0), (0, 0, 0, 0, 0, 0, 0, 0, 0, 0, 0, 0), (0, 0, 0, 0, 0, 0, 0, 0, 0, 0, 0, 0), (0, 0, 0, 0, 0, 0, 0, 0, 0, 0, 0, 0), (0, 0, 0, 0, 0, 0, 0, 0, 0, 0, 0, 0), (0, 0, 0, 0, 0, 0, 0, 0, 0, 0, 0, 0), (0, 0, 0, 0, 0, 0, 0, 0, 0, 0, 0, 0)]}}
AdaptationManager: Configuring next round...
{'client_registry': {'enabled': True, 'params': {}}, 'client_selector': {'enabled': False, 'params': {}}, 'client_cluster': {'enabled': False, 'params': {}}, 'message_compressor': {'enabled': True, 'params': {}}, 'model_co-versioning_registry': {'enabled': False, 'params': {}}, 'multi-task_model_trainer': {'enabled': False, 'params': {}}, 'heterogeneous_data_handler': {'enabled': False, 'params': {}}}
{'client_selector': {'enabled': False}, 'client_cluster': {'enabled': False}, 'message_compressor': {'enabled': True}, 'model_co-versioning_registry': {'enabled': False}, 'multi-task_model_trainer': {'enabled': False}, 'heterogeneous_data_handler': {'enabled': False}, 'client_registry': {'enabled': True, 'params': {}}}
time=38.40423536300659, message_compressor activated ✅
client Client 24 injecting delay of 2 seconds
client Client 31 injecting delay of 1 seconds
client Client 29 injecting delay of 9 seconds
client Client 25 injecting delay of 9 seconds
client Client 26 injecting delay of 8 seconds
client Client 32 injecting delay of 9 seconds
client Client 30 injecting delay of 0 seconds
Local parameters compressed: reduced 5198 bytes (7.04%)
client Client 34 injecting delay of 10 seconds
client Client 27 injecting delay of 8 seconds
Local parameters compressed: reduced 5180 bytes (7.02%)
client Client 33 injecting delay of 8 seconds
client Client 28 injecting delay of 0 seconds
Local parameters compressed: reduced 5196 bytes (7.04%)
client Client 23 injecting delay of 4 seconds
Local parameters compressed: reduced 5194 bytes (7.04%)
Local parameters compressed: reduced 5182 bytes (7.02%)
Local parameters compressed: reduced 5175 bytes (7.01%)
Local parameters compressed: reduced 5153 bytes (6.98%)
Local parameters compressed: reduced 5171 bytes (7.01%)
Local parameters compressed: reduced 5170 bytes (7.01%)
Local parameters compressed: reduced 5183 bytes (7.02%)
Local parameters compressed: reduced 5196 bytes (7.04%)
Local parameters compressed: reduced 5178 bytes (7.02%)
Results Aggregated in 23.44 seconds.
{'TextMLP': {'train_loss': [0.6144182500693534, 0.5196509647124343, 0.4815148082024521, 0.4624616453071435, 0.4556409038318528, 0.45387118754784267, 0.444099330886205, 0.4416219022585286, 0.4414639681796233], 'train_accuracy': [0.7739159722222222, 0.8111104166666666, 0.8258215277777777, 0.8323173611111111, 0.8341416666666667, 0.8337298611111111, 0.8374125, 0.8381541666666666, 0.8380659722222222], 'train_f1': [0.7728206225431589, 0.809830319289193, 0.8252964034000788, 0.8317780774152809, 0.8334871223866869, 0.8332820519776628, 0.8367927027720308, 0.8374036038273067, 0.8377710769278962], 'train_mae': [0.3494479166666667, 0.2927208333333333, 0.2758388888888889, 0.2645958333333333, 0.2622069444444444, 0.26259305555555557, 0.25800972222222224, 0.25453333333333333, 0.2557152777777778], 'val_loss': [0.6282215628707618, 0.5381716526391214, 0.5005220032679407, 0.4816120577119944, 0.4750463320916159, 0.4732778656482697, 0.4640829060161323, 0.46142603689641287, 0.46069012542042814], 'val_accuracy': [0.7653728070175438, 0.8005482456140351, 0.8155043859649123, 0.8223245614035087, 0.8246162280701754, 0.8251206140350877, 0.8282017543859649, 0.8289035087719298, 0.8291776315789474], 'val_f1': [0.7642032140294928, 0.7993394616267854, 0.8149244396541436, 0.8217295388927075, 0.8239054029195056, 0.8246005400826658, 0.8275100606471515, 0.8280910550280112, 0.828872938587321], 'val_mae': [0.3613486842105263, 0.3073355263157895, 0.28959429824561406, 0.27792763157894734, 0.27552631578947373, 0.27410087719298243, 0.27031798245614036, 0.26668859649122806, 0.2680263157894737], 'jsd': [(0, 0, 0, 0, 0, 0, 0, 0, 0, 0, 0, 0), (0, 0, 0, 0, 0, 0, 0, 0, 0, 0, 0, 0), (0, 0, 0, 0, 0, 0, 0, 0, 0, 0, 0, 0), (0, 0, 0, 0, 0, 0, 0, 0, 0, 0, 0, 0), (0, 0, 0, 0, 0, 0, 0, 0, 0, 0, 0, 0), (0, 0, 0, 0, 0, 0, 0, 0, 0, 0, 0, 0), (0, 0, 0, 0, 0, 0, 0, 0, 0, 0, 0, 0), (0, 0, 0, 0, 0, 0, 0, 0, 0, 0, 0, 0), (0, 0, 0, 0, 0, 0, 0, 0, 0, 0, 0, 0)]}}
AdaptationManager: Configuring next round...
{'client_registry': {'enabled': True, 'params': {}}, 'client_selector': {'enabled': False, 'params': {}}, 'client_cluster': {'enabled': False, 'params': {}}, 'message_compressor': {'enabled': True, 'params': {}}, 'model_co-versioning_registry': {'enabled': False, 'params': {}}, 'multi-task_model_trainer': {'enabled': False, 'params': {}}, 'heterogeneous_data_handler': {'enabled': False, 'params': {}}}
{'client_selector': {'enabled': False}, 'client_cluster': {'enabled': False}, 'message_compressor': {'enabled': True}, 'model_co-versioning_registry': {'enabled': False}, 'multi-task_model_trainer': {'enabled': False}, 'heterogeneous_data_handler': {'enabled': False}, 'client_registry': {'enabled': True, 'params': {}}}
time=23.437057495117188, message_compressor activated ✅
client Client 27 injecting delay of 7 seconds
client Client 25 injecting delay of 1 seconds
client Client 23 injecting delay of 1 seconds
client Client 32 injecting delay of 10 seconds
client Client 33 injecting delay of 0 seconds
Local parameters compressed: reduced 5179 bytes (7.02%)
client Client 34 injecting delay of 2 seconds
client Client 30 injecting delay of 10 seconds
client Client 26 injecting delay of 7 seconds
client Client 28 injecting delay of 8 seconds
client Client 29 injecting delay of 1 seconds
client Client 31 injecting delay of 9 seconds
client Client 24 injecting delay of 4 seconds
Local parameters compressed: reduced 5172 bytes (7.01%)
Local parameters compressed: reduced 5168 bytes (7.00%)
Local parameters compressed: reduced 5148 bytes (6.98%)
Local parameters compressed: reduced 5154 bytes (6.98%)
Local parameters compressed: reduced 5156 bytes (6.99%)
Local parameters compressed: reduced 5173 bytes (7.01%)
Local parameters compressed: reduced 5189 bytes (7.03%)
Local parameters compressed: reduced 5147 bytes (6.98%)
Local parameters compressed: reduced 5147 bytes (6.98%)
Local parameters compressed: reduced 5188 bytes (7.03%)
Local parameters compressed: reduced 5178 bytes (7.02%)
Results Aggregated in 19.39 seconds.
{'TextMLP': {'train_loss': [0.6144182500693534, 0.5196509647124343, 0.4815148082024521, 0.4624616453071435, 0.4556409038318528, 0.45387118754784267, 0.444099330886205, 0.4416219022585286, 0.4414639681796233, 0.4383401806294918], 'train_accuracy': [0.7739159722222222, 0.8111104166666666, 0.8258215277777777, 0.8323173611111111, 0.8341416666666667, 0.8337298611111111, 0.8374125, 0.8381541666666666, 0.8380659722222222, 0.83935], 'train_f1': [0.7728206225431589, 0.809830319289193, 0.8252964034000788, 0.8317780774152809, 0.8334871223866869, 0.8332820519776628, 0.8367927027720308, 0.8374036038273067, 0.8377710769278962, 0.8388824913061691], 'train_mae': [0.3494479166666667, 0.2927208333333333, 0.2758388888888889, 0.2645958333333333, 0.2622069444444444, 0.26259305555555557, 0.25800972222222224, 0.25453333333333333, 0.2557152777777778, 0.25381458333333334], 'val_loss': [0.6282215628707618, 0.5381716526391214, 0.5005220032679407, 0.4816120577119944, 0.4750463320916159, 0.4732778656482697, 0.4640829060161323, 0.46142603689641287, 0.46069012542042814, 0.458026483864115], 'val_accuracy': [0.7653728070175438, 0.8005482456140351, 0.8155043859649123, 0.8223245614035087, 0.8246162280701754, 0.8251206140350877, 0.8282017543859649, 0.8289035087719298, 0.8291776315789474, 0.8303070175438597], 'val_f1': [0.7642032140294928, 0.7993394616267854, 0.8149244396541436, 0.8217295388927075, 0.8239054029195056, 0.8246005400826658, 0.8275100606471515, 0.8280910550280112, 0.828872938587321, 0.8298199446947392], 'val_mae': [0.3613486842105263, 0.3073355263157895, 0.28959429824561406, 0.27792763157894734, 0.27552631578947373, 0.27410087719298243, 0.27031798245614036, 0.26668859649122806, 0.2680263157894737, 0.2656030701754386], 'jsd': [(0, 0, 0, 0, 0, 0, 0, 0, 0, 0, 0, 0), (0, 0, 0, 0, 0, 0, 0, 0, 0, 0, 0, 0), (0, 0, 0, 0, 0, 0, 0, 0, 0, 0, 0, 0), (0, 0, 0, 0, 0, 0, 0, 0, 0, 0, 0, 0), (0, 0, 0, 0, 0, 0, 0, 0, 0, 0, 0, 0), (0, 0, 0, 0, 0, 0, 0, 0, 0, 0, 0, 0), (0, 0, 0, 0, 0, 0, 0, 0, 0, 0, 0, 0), (0, 0, 0, 0, 0, 0, 0, 0, 0, 0, 0, 0), (0, 0, 0, 0, 0, 0, 0, 0, 0, 0, 0, 0), (0, 0, 0, 0, 0, 0, 0, 0, 0, 0, 0, 0)]}}
AdaptationManager: Configuring next round...
{'client_registry': {'enabled': True, 'params': {}}, 'client_selector': {'enabled': False, 'params': {}}, 'client_cluster': {'enabled': False, 'params': {}}, 'message_compressor': {'enabled': True, 'params': {}}, 'model_co-versioning_registry': {'enabled': False, 'params': {}}, 'multi-task_model_trainer': {'enabled': False, 'params': {}}, 'heterogeneous_data_handler': {'enabled': False, 'params': {}}}
{'client_selector': {'enabled': False}, 'client_cluster': {'enabled': False}, 'message_compressor': {'enabled': True}, 'model_co-versioning_registry': {'enabled': False}, 'multi-task_model_trainer': {'enabled': False}, 'heterogeneous_data_handler': {'enabled': False}, 'client_registry': {'enabled': True, 'params': {}}}
time=19.388250827789307, message_compressor de-activated ❌
client Client 26 injecting delay of 3 seconds
client Client 29 injecting delay of 3 seconds
client Client 31 injecting delay of 1 seconds
client Client 24 injecting delay of 9 seconds
client Client 27 injecting delay of 1 seconds
client Client 30 injecting delay of 5 seconds
client Client 23 injecting delay of 3 seconds
client Client 25 injecting delay of 3 seconds
client Client 28 injecting delay of 2 seconds
client Client 32 injecting delay of 7 seconds
client Client 33 injecting delay of 1 seconds
client Client 34 injecting delay of 10 seconds
Results Aggregated in 21.32 seconds.
{'TextMLP': {'train_loss': [0.6144182500693534, 0.5196509647124343, 0.4815148082024521, 0.4624616453071435, 0.4556409038318528, 0.45387118754784267, 0.444099330886205, 0.4416219022585286, 0.4414639681796233, 0.4383401806294918, 0.43530897423989245], 'train_accuracy': [0.7739159722222222, 0.8111104166666666, 0.8258215277777777, 0.8323173611111111, 0.8341416666666667, 0.8337298611111111, 0.8374125, 0.8381541666666666, 0.8380659722222222, 0.83935, 0.84028125], 'train_f1': [0.7728206225431589, 0.809830319289193, 0.8252964034000788, 0.8317780774152809, 0.8334871223866869, 0.8332820519776628, 0.8367927027720308, 0.8374036038273067, 0.8377710769278962, 0.8388824913061691, 0.8394062370764994], 'train_mae': [0.3494479166666667, 0.2927208333333333, 0.2758388888888889, 0.2645958333333333, 0.2622069444444444, 0.26259305555555557, 0.25800972222222224, 0.25453333333333333, 0.2557152777777778, 0.25381458333333334, 0.25226180555555555], 'val_loss': [0.6282215628707618, 0.5381716526391214, 0.5005220032679407, 0.4816120577119944, 0.4750463320916159, 0.4732778656482697, 0.4640829060161323, 0.46142603689641287, 0.46069012542042814, 0.458026483864115, 0.45580606395738166], 'val_accuracy': [0.7653728070175438, 0.8005482456140351, 0.8155043859649123, 0.8223245614035087, 0.8246162280701754, 0.8251206140350877, 0.8282017543859649, 0.8289035087719298, 0.8291776315789474, 0.8303070175438597, 0.8315131578947369], 'val_f1': [0.7642032140294928, 0.7993394616267854, 0.8149244396541436, 0.8217295388927075, 0.8239054029195056, 0.8246005400826658, 0.8275100606471515, 0.8280910550280112, 0.828872938587321, 0.8298199446947392, 0.8305015433925849], 'val_mae': [0.3613486842105263, 0.3073355263157895, 0.28959429824561406, 0.27792763157894734, 0.27552631578947373, 0.27410087719298243, 0.27031798245614036, 0.26668859649122806, 0.2680263157894737, 0.2656030701754386, 0.2644078947368421], 'jsd': [(0, 0, 0, 0, 0, 0, 0, 0, 0, 0, 0, 0), (0, 0, 0, 0, 0, 0, 0, 0, 0, 0, 0, 0), (0, 0, 0, 0, 0, 0, 0, 0, 0, 0, 0, 0), (0, 0, 0, 0, 0, 0, 0, 0, 0, 0, 0, 0), (0, 0, 0, 0, 0, 0, 0, 0, 0, 0, 0, 0), (0, 0, 0, 0, 0, 0, 0, 0, 0, 0, 0, 0), (0, 0, 0, 0, 0, 0, 0, 0, 0, 0, 0, 0), (0, 0, 0, 0, 0, 0, 0, 0, 0, 0, 0, 0), (0, 0, 0, 0, 0, 0, 0, 0, 0, 0, 0, 0), (0, 0, 0, 0, 0, 0, 0, 0, 0, 0, 0, 0), (0, 0, 0, 0, 0, 0, 0, 0, 0, 0, 0, 0)]}}
AdaptationManager: Configuring next round...
{'client_registry': {'enabled': True, 'params': {}}, 'client_selector': {'enabled': False, 'params': {}}, 'client_cluster': {'enabled': False, 'params': {}}, 'message_compressor': {'enabled': True, 'params': {}}, 'model_co-versioning_registry': {'enabled': False, 'params': {}}, 'multi-task_model_trainer': {'enabled': False, 'params': {}}, 'heterogeneous_data_handler': {'enabled': False, 'params': {}}}
{'client_selector': {'enabled': False}, 'client_cluster': {'enabled': False}, 'message_compressor': {'enabled': False}, 'model_co-versioning_registry': {'enabled': False}, 'multi-task_model_trainer': {'enabled': False}, 'heterogeneous_data_handler': {'enabled': False}, 'client_registry': {'enabled': True, 'params': {}}}
time=21.322163581848145, message_compressor activated ✅
client Client 30 injecting delay of 2 seconds
client Client 29 injecting delay of 7 seconds
client Client 24 injecting delay of 7 seconds
client Client 25 injecting delay of 8 seconds
client Client 31 injecting delay of 2 seconds
client Client 26 injecting delay of 4 seconds
Local parameters compressed: reduced 5165 bytes (7.00%)
client Client 27 injecting delay of 5 seconds
client Client 23 injecting delay of 3 seconds
client Client 28 injecting delay of 3 seconds
client Client 32 injecting delay of 8 seconds
Local parameters compressed: reduced 5155 bytes (6.99%)
client Client 33 injecting delay of 4 seconds
client Client 34 injecting delay of 3 seconds
Local parameters compressed: reduced 5163 bytes (7.00%)
Local parameters compressed: reduced 5154 bytes (6.98%)
Local parameters compressed: reduced 5156 bytes (6.99%)
Local parameters compressed: reduced 5124 bytes (6.94%)
Local parameters compressed: reduced 5168 bytes (7.00%)
Local parameters compressed: reduced 5154 bytes (6.98%)
Local parameters compressed: reduced 5163 bytes (7.00%)
Local parameters compressed: reduced 5155 bytes (6.99%)
Local parameters compressed: reduced 5173 bytes (7.01%)
Local parameters compressed: reduced 5152 bytes (6.98%)
Results Aggregated in 33.52 seconds.
{'TextMLP': {'train_loss': [0.6144182500693534, 0.5196509647124343, 0.4815148082024521, 0.4624616453071435, 0.4556409038318528, 0.45387118754784267, 0.444099330886205, 0.4416219022585286, 0.4414639681796233, 0.4383401806294918, 0.43530897423989245, 0.43441933838658864], 'train_accuracy': [0.7739159722222222, 0.8111104166666666, 0.8258215277777777, 0.8323173611111111, 0.8341416666666667, 0.8337298611111111, 0.8374125, 0.8381541666666666, 0.8380659722222222, 0.83935, 0.84028125, 0.8404708333333333], 'train_f1': [0.7728206225431589, 0.809830319289193, 0.8252964034000788, 0.8317780774152809, 0.8334871223866869, 0.8332820519776628, 0.8367927027720308, 0.8374036038273067, 0.8377710769278962, 0.8388824913061691, 0.8394062370764994, 0.8399924789366457], 'train_mae': [0.3494479166666667, 0.2927208333333333, 0.2758388888888889, 0.2645958333333333, 0.2622069444444444, 0.26259305555555557, 0.25800972222222224, 0.25453333333333333, 0.2557152777777778, 0.25381458333333334, 0.25226180555555555, 0.25293680555555553], 'val_loss': [0.6282215628707618, 0.5381716526391214, 0.5005220032679407, 0.4816120577119944, 0.4750463320916159, 0.4732778656482697, 0.4640829060161323, 0.46142603689641287, 0.46069012542042814, 0.458026483864115, 0.45580606395738166, 0.4550288570659203], 'val_accuracy': [0.7653728070175438, 0.8005482456140351, 0.8155043859649123, 0.8223245614035087, 0.8246162280701754, 0.8251206140350877, 0.8282017543859649, 0.8289035087719298, 0.8291776315789474, 0.8303070175438597, 0.8315131578947369, 0.8322697368421051], 'val_f1': [0.7642032140294928, 0.7993394616267854, 0.8149244396541436, 0.8217295388927075, 0.8239054029195056, 0.8246005400826658, 0.8275100606471515, 0.8280910550280112, 0.828872938587321, 0.8298199446947392, 0.8305015433925849, 0.8317285306993958], 'val_mae': [0.3613486842105263, 0.3073355263157895, 0.28959429824561406, 0.27792763157894734, 0.27552631578947373, 0.27410087719298243, 0.27031798245614036, 0.26668859649122806, 0.2680263157894737, 0.2656030701754386, 0.2644078947368421, 0.26448464912280706], 'jsd': [(0, 0, 0, 0, 0, 0, 0, 0, 0, 0, 0, 0), (0, 0, 0, 0, 0, 0, 0, 0, 0, 0, 0, 0), (0, 0, 0, 0, 0, 0, 0, 0, 0, 0, 0, 0), (0, 0, 0, 0, 0, 0, 0, 0, 0, 0, 0, 0), (0, 0, 0, 0, 0, 0, 0, 0, 0, 0, 0, 0), (0, 0, 0, 0, 0, 0, 0, 0, 0, 0, 0, 0), (0, 0, 0, 0, 0, 0, 0, 0, 0, 0, 0, 0), (0, 0, 0, 0, 0, 0, 0, 0, 0, 0, 0, 0), (0, 0, 0, 0, 0, 0, 0, 0, 0, 0, 0, 0), (0, 0, 0, 0, 0, 0, 0, 0, 0, 0, 0, 0), (0, 0, 0, 0, 0, 0, 0, 0, 0, 0, 0, 0), (0, 0, 0, 0, 0, 0, 0, 0, 0, 0, 0, 0)]}}
AdaptationManager: Configuring next round...
{'client_registry': {'enabled': True, 'params': {}}, 'client_selector': {'enabled': False, 'params': {}}, 'client_cluster': {'enabled': False, 'params': {}}, 'message_compressor': {'enabled': True, 'params': {}}, 'model_co-versioning_registry': {'enabled': False, 'params': {}}, 'multi-task_model_trainer': {'enabled': False, 'params': {}}, 'heterogeneous_data_handler': {'enabled': False, 'params': {}}}
{'client_selector': {'enabled': False}, 'client_cluster': {'enabled': False}, 'message_compressor': {'enabled': True}, 'model_co-versioning_registry': {'enabled': False}, 'multi-task_model_trainer': {'enabled': False}, 'heterogeneous_data_handler': {'enabled': False}, 'client_registry': {'enabled': True, 'params': {}}}
time=33.52134037017822, message_compressor activated ✅
client Client 25 injecting delay of 4 seconds
client Client 23 injecting delay of 10 seconds
client Client 28 injecting delay of 4 seconds
client Client 26 injecting delay of 2 seconds
client Client 32 injecting delay of 8 seconds
client Client 27 injecting delay of 6 seconds
client Client 33 injecting delay of 4 seconds
client Client 30 injecting delay of 10 seconds
client Client 24 injecting delay of 10 seconds
client Client 34 injecting delay of 10 seconds
Local parameters compressed: reduced 5164 bytes (7.00%)
client Client 29 injecting delay of 7 seconds
client Client 31 injecting delay of 0 seconds
Local parameters compressed: reduced 5201 bytes (7.05%)
Local parameters compressed: reduced 5151 bytes (6.98%)
Local parameters compressed: reduced 5156 bytes (6.99%)
Local parameters compressed: reduced 5144 bytes (6.97%)
Local parameters compressed: reduced 5176 bytes (7.01%)
Local parameters compressed: reduced 5137 bytes (6.96%)
Local parameters compressed: reduced 5172 bytes (7.01%)
Local parameters compressed: reduced 5168 bytes (7.00%)
Local parameters compressed: reduced 5156 bytes (6.99%)
Local parameters compressed: reduced 5160 bytes (6.99%)
Local parameters compressed: reduced 5156 bytes (6.99%)
Results Aggregated in 31.76 seconds.
{'TextMLP': {'train_loss': [0.6144182500693534, 0.5196509647124343, 0.4815148082024521, 0.4624616453071435, 0.4556409038318528, 0.45387118754784267, 0.444099330886205, 0.4416219022585286, 0.4414639681796233, 0.4383401806294918, 0.43530897423989245, 0.43441933838658864, 0.43792351792123585], 'train_accuracy': [0.7739159722222222, 0.8111104166666666, 0.8258215277777777, 0.8323173611111111, 0.8341416666666667, 0.8337298611111111, 0.8374125, 0.8381541666666666, 0.8380659722222222, 0.83935, 0.84028125, 0.8404708333333333, 0.8382361111111111], 'train_f1': [0.7728206225431589, 0.809830319289193, 0.8252964034000788, 0.8317780774152809, 0.8334871223866869, 0.8332820519776628, 0.8367927027720308, 0.8374036038273067, 0.8377710769278962, 0.8388824913061691, 0.8394062370764994, 0.8399924789366457, 0.8375967110806295], 'train_mae': [0.3494479166666667, 0.2927208333333333, 0.2758388888888889, 0.2645958333333333, 0.2622069444444444, 0.26259305555555557, 0.25800972222222224, 0.25453333333333333, 0.2557152777777778, 0.25381458333333334, 0.25226180555555555, 0.25293680555555553, 0.25546944444444447], 'val_loss': [0.6282215628707618, 0.5381716526391214, 0.5005220032679407, 0.4816120577119944, 0.4750463320916159, 0.4732778656482697, 0.4640829060161323, 0.46142603689641287, 0.46069012542042814, 0.458026483864115, 0.45580606395738166, 0.4550288570659203, 0.4588254988820929], 'val_accuracy': [0.7653728070175438, 0.8005482456140351, 0.8155043859649123, 0.8223245614035087, 0.8246162280701754, 0.8251206140350877, 0.8282017543859649, 0.8289035087719298, 0.8291776315789474, 0.8303070175438597, 0.8315131578947369, 0.8322697368421051, 0.830032894736842], 'val_f1': [0.7642032140294928, 0.7993394616267854, 0.8149244396541436, 0.8217295388927075, 0.8239054029195056, 0.8246005400826658, 0.8275100606471515, 0.8280910550280112, 0.828872938587321, 0.8298199446947392, 0.8305015433925849, 0.8317285306993958, 0.8293234152119406], 'val_mae': [0.3613486842105263, 0.3073355263157895, 0.28959429824561406, 0.27792763157894734, 0.27552631578947373, 0.27410087719298243, 0.27031798245614036, 0.26668859649122806, 0.2680263157894737, 0.2656030701754386, 0.2644078947368421, 0.26448464912280706, 0.2675], 'jsd': [(0, 0, 0, 0, 0, 0, 0, 0, 0, 0, 0, 0), (0, 0, 0, 0, 0, 0, 0, 0, 0, 0, 0, 0), (0, 0, 0, 0, 0, 0, 0, 0, 0, 0, 0, 0), (0, 0, 0, 0, 0, 0, 0, 0, 0, 0, 0, 0), (0, 0, 0, 0, 0, 0, 0, 0, 0, 0, 0, 0), (0, 0, 0, 0, 0, 0, 0, 0, 0, 0, 0, 0), (0, 0, 0, 0, 0, 0, 0, 0, 0, 0, 0, 0), (0, 0, 0, 0, 0, 0, 0, 0, 0, 0, 0, 0), (0, 0, 0, 0, 0, 0, 0, 0, 0, 0, 0, 0), (0, 0, 0, 0, 0, 0, 0, 0, 0, 0, 0, 0), (0, 0, 0, 0, 0, 0, 0, 0, 0, 0, 0, 0), (0, 0, 0, 0, 0, 0, 0, 0, 0, 0, 0, 0), (0, 0, 0, 0, 0, 0, 0, 0, 0, 0, 0, 0)]}}
AdaptationManager: Configuring next round...
{'client_registry': {'enabled': True, 'params': {}}, 'client_selector': {'enabled': False, 'params': {}}, 'client_cluster': {'enabled': False, 'params': {}}, 'message_compressor': {'enabled': True, 'params': {}}, 'model_co-versioning_registry': {'enabled': False, 'params': {}}, 'multi-task_model_trainer': {'enabled': False, 'params': {}}, 'heterogeneous_data_handler': {'enabled': False, 'params': {}}}
{'client_selector': {'enabled': False}, 'client_cluster': {'enabled': False}, 'message_compressor': {'enabled': True}, 'model_co-versioning_registry': {'enabled': False}, 'multi-task_model_trainer': {'enabled': False}, 'heterogeneous_data_handler': {'enabled': False}, 'client_registry': {'enabled': True, 'params': {}}}
time=31.760813236236572, message_compressor activated ✅
client Client 27 injecting delay of 0 seconds
Local parameters compressed: reduced 5140 bytes (6.97%)
client Client 23 injecting delay of 6 seconds
client Client 26 injecting delay of 7 seconds
client Client 32 injecting delay of 9 seconds
client Client 30 injecting delay of 9 seconds
client Client 25 injecting delay of 3 seconds
client Client 34 injecting delay of 4 seconds
client Client 24 injecting delay of 3 seconds
client Client 33 injecting delay of 7 seconds
client Client 28 injecting delay of 0 seconds
Local parameters compressed: reduced 5118 bytes (6.94%)
client Client 31 injecting delay of 2 seconds
client Client 29 injecting delay of 3 seconds
Local parameters compressed: reduced 5141 bytes (6.97%)
Local parameters compressed: reduced 5175 bytes (7.01%)
Local parameters compressed: reduced 5154 bytes (6.98%)
Local parameters compressed: reduced 5121 bytes (6.94%)
Local parameters compressed: reduced 5146 bytes (6.97%)
Local parameters compressed: reduced 5165 bytes (7.00%)
Local parameters compressed: reduced 5139 bytes (6.96%)
Local parameters compressed: reduced 5115 bytes (6.93%)
Local parameters compressed: reduced 5161 bytes (6.99%)
Local parameters compressed: reduced 5173 bytes (7.01%)
Results Aggregated in 18.39 seconds.
{'TextMLP': {'train_loss': [0.6144182500693534, 0.5196509647124343, 0.4815148082024521, 0.4624616453071435, 0.4556409038318528, 0.45387118754784267, 0.444099330886205, 0.4416219022585286, 0.4414639681796233, 0.4383401806294918, 0.43530897423989245, 0.43441933838658864, 0.43792351792123585, 0.42945389105611376], 'train_accuracy': [0.7739159722222222, 0.8111104166666666, 0.8258215277777777, 0.8323173611111111, 0.8341416666666667, 0.8337298611111111, 0.8374125, 0.8381541666666666, 0.8380659722222222, 0.83935, 0.84028125, 0.8404708333333333, 0.8382361111111111, 0.8422659722222222], 'train_f1': [0.7728206225431589, 0.809830319289193, 0.8252964034000788, 0.8317780774152809, 0.8334871223866869, 0.8332820519776628, 0.8367927027720308, 0.8374036038273067, 0.8377710769278962, 0.8388824913061691, 0.8394062370764994, 0.8399924789366457, 0.8375967110806295, 0.8417699600132823], 'train_mae': [0.3494479166666667, 0.2927208333333333, 0.2758388888888889, 0.2645958333333333, 0.2622069444444444, 0.26259305555555557, 0.25800972222222224, 0.25453333333333333, 0.2557152777777778, 0.25381458333333334, 0.25226180555555555, 0.25293680555555553, 0.25546944444444447, 0.25248611111111113], 'val_loss': [0.6282215628707618, 0.5381716526391214, 0.5005220032679407, 0.4816120577119944, 0.4750463320916159, 0.4732778656482697, 0.4640829060161323, 0.46142603689641287, 0.46069012542042814, 0.458026483864115, 0.45580606395738166, 0.4550288570659203, 0.4588254988820929, 0.4504529690899347], 'val_accuracy': [0.7653728070175438, 0.8005482456140351, 0.8155043859649123, 0.8223245614035087, 0.8246162280701754, 0.8251206140350877, 0.8282017543859649, 0.8289035087719298, 0.8291776315789474, 0.8303070175438597, 0.8315131578947369, 0.8322697368421051, 0.830032894736842, 0.8336403508771929], 'val_f1': [0.7642032140294928, 0.7993394616267854, 0.8149244396541436, 0.8217295388927075, 0.8239054029195056, 0.8246005400826658, 0.8275100606471515, 0.8280910550280112, 0.828872938587321, 0.8298199446947392, 0.8305015433925849, 0.8317285306993958, 0.8293234152119406, 0.8330862035518677], 'val_mae': [0.3613486842105263, 0.3073355263157895, 0.28959429824561406, 0.27792763157894734, 0.27552631578947373, 0.27410087719298243, 0.27031798245614036, 0.26668859649122806, 0.2680263157894737, 0.2656030701754386, 0.2644078947368421, 0.26448464912280706, 0.2675, 0.2646491228070176], 'jsd': [(0, 0, 0, 0, 0, 0, 0, 0, 0, 0, 0, 0), (0, 0, 0, 0, 0, 0, 0, 0, 0, 0, 0, 0), (0, 0, 0, 0, 0, 0, 0, 0, 0, 0, 0, 0), (0, 0, 0, 0, 0, 0, 0, 0, 0, 0, 0, 0), (0, 0, 0, 0, 0, 0, 0, 0, 0, 0, 0, 0), (0, 0, 0, 0, 0, 0, 0, 0, 0, 0, 0, 0), (0, 0, 0, 0, 0, 0, 0, 0, 0, 0, 0, 0), (0, 0, 0, 0, 0, 0, 0, 0, 0, 0, 0, 0), (0, 0, 0, 0, 0, 0, 0, 0, 0, 0, 0, 0), (0, 0, 0, 0, 0, 0, 0, 0, 0, 0, 0, 0), (0, 0, 0, 0, 0, 0, 0, 0, 0, 0, 0, 0), (0, 0, 0, 0, 0, 0, 0, 0, 0, 0, 0, 0), (0, 0, 0, 0, 0, 0, 0, 0, 0, 0, 0, 0), (0, 0, 0, 0, 0, 0, 0, 0, 0, 0, 0, 0)]}}
AdaptationManager: Configuring next round...
{'client_registry': {'enabled': True, 'params': {}}, 'client_selector': {'enabled': False, 'params': {}}, 'client_cluster': {'enabled': False, 'params': {}}, 'message_compressor': {'enabled': True, 'params': {}}, 'model_co-versioning_registry': {'enabled': False, 'params': {}}, 'multi-task_model_trainer': {'enabled': False, 'params': {}}, 'heterogeneous_data_handler': {'enabled': False, 'params': {}}}
{'client_selector': {'enabled': False}, 'client_cluster': {'enabled': False}, 'message_compressor': {'enabled': True}, 'model_co-versioning_registry': {'enabled': False}, 'multi-task_model_trainer': {'enabled': False}, 'heterogeneous_data_handler': {'enabled': False}, 'client_registry': {'enabled': True, 'params': {}}}
time=18.38613772392273, message_compressor de-activated ❌
client Client 26 injecting delay of 0 seconds
client Client 27 injecting delay of 8 seconds
client Client 24 injecting delay of 0 seconds
client Client 32 injecting delay of 8 seconds
client Client 25 injecting delay of 5 seconds
client Client 29 injecting delay of 1 seconds
client Client 31 injecting delay of 1 seconds
client Client 23 injecting delay of 6 seconds
client Client 30 injecting delay of 9 seconds
client Client 28 injecting delay of 4 seconds
client Client 33 injecting delay of 2 seconds
client Client 34 injecting delay of 3 seconds
Results Aggregated in 19.63 seconds.
{'TextMLP': {'train_loss': [0.6144182500693534, 0.5196509647124343, 0.4815148082024521, 0.4624616453071435, 0.4556409038318528, 0.45387118754784267, 0.444099330886205, 0.4416219022585286, 0.4414639681796233, 0.4383401806294918, 0.43530897423989245, 0.43441933838658864, 0.43792351792123585, 0.42945389105611376, 0.4273519345919291], 'train_accuracy': [0.7739159722222222, 0.8111104166666666, 0.8258215277777777, 0.8323173611111111, 0.8341416666666667, 0.8337298611111111, 0.8374125, 0.8381541666666666, 0.8380659722222222, 0.83935, 0.84028125, 0.8404708333333333, 0.8382361111111111, 0.8422659722222222, 0.8431534722222223], 'train_f1': [0.7728206225431589, 0.809830319289193, 0.8252964034000788, 0.8317780774152809, 0.8334871223866869, 0.8332820519776628, 0.8367927027720308, 0.8374036038273067, 0.8377710769278962, 0.8388824913061691, 0.8394062370764994, 0.8399924789366457, 0.8375967110806295, 0.8417699600132823, 0.8426731851747491], 'train_mae': [0.3494479166666667, 0.2927208333333333, 0.2758388888888889, 0.2645958333333333, 0.2622069444444444, 0.26259305555555557, 0.25800972222222224, 0.25453333333333333, 0.2557152777777778, 0.25381458333333334, 0.25226180555555555, 0.25293680555555553, 0.25546944444444447, 0.25248611111111113, 0.24924722222222223], 'val_loss': [0.6282215628707618, 0.5381716526391214, 0.5005220032679407, 0.4816120577119944, 0.4750463320916159, 0.4732778656482697, 0.4640829060161323, 0.46142603689641287, 0.46069012542042814, 0.458026483864115, 0.45580606395738166, 0.4550288570659203, 0.4588254988820929, 0.4504529690899347, 0.4480639752902483], 'val_accuracy': [0.7653728070175438, 0.8005482456140351, 0.8155043859649123, 0.8223245614035087, 0.8246162280701754, 0.8251206140350877, 0.8282017543859649, 0.8289035087719298, 0.8291776315789474, 0.8303070175438597, 0.8315131578947369, 0.8322697368421051, 0.830032894736842, 0.8336403508771929, 0.8347697368421053], 'val_f1': [0.7642032140294928, 0.7993394616267854, 0.8149244396541436, 0.8217295388927075, 0.8239054029195056, 0.8246005400826658, 0.8275100606471515, 0.8280910550280112, 0.828872938587321, 0.8298199446947392, 0.8305015433925849, 0.8317285306993958, 0.8293234152119406, 0.8330862035518677, 0.8342669692316677], 'val_mae': [0.3613486842105263, 0.3073355263157895, 0.28959429824561406, 0.27792763157894734, 0.27552631578947373, 0.27410087719298243, 0.27031798245614036, 0.26668859649122806, 0.2680263157894737, 0.2656030701754386, 0.2644078947368421, 0.26448464912280706, 0.2675, 0.2646491228070176, 0.2611732456140351], 'jsd': [(0, 0, 0, 0, 0, 0, 0, 0, 0, 0, 0, 0), (0, 0, 0, 0, 0, 0, 0, 0, 0, 0, 0, 0), (0, 0, 0, 0, 0, 0, 0, 0, 0, 0, 0, 0), (0, 0, 0, 0, 0, 0, 0, 0, 0, 0, 0, 0), (0, 0, 0, 0, 0, 0, 0, 0, 0, 0, 0, 0), (0, 0, 0, 0, 0, 0, 0, 0, 0, 0, 0, 0), (0, 0, 0, 0, 0, 0, 0, 0, 0, 0, 0, 0), (0, 0, 0, 0, 0, 0, 0, 0, 0, 0, 0, 0), (0, 0, 0, 0, 0, 0, 0, 0, 0, 0, 0, 0), (0, 0, 0, 0, 0, 0, 0, 0, 0, 0, 0, 0), (0, 0, 0, 0, 0, 0, 0, 0, 0, 0, 0, 0), (0, 0, 0, 0, 0, 0, 0, 0, 0, 0, 0, 0), (0, 0, 0, 0, 0, 0, 0, 0, 0, 0, 0, 0), (0, 0, 0, 0, 0, 0, 0, 0, 0, 0, 0, 0), (0, 0, 0, 0, 0, 0, 0, 0, 0, 0, 0, 0)]}}
AdaptationManager: Configuring next round...
{'client_registry': {'enabled': True, 'params': {}}, 'client_selector': {'enabled': False, 'params': {}}, 'client_cluster': {'enabled': False, 'params': {}}, 'message_compressor': {'enabled': True, 'params': {}}, 'model_co-versioning_registry': {'enabled': False, 'params': {}}, 'multi-task_model_trainer': {'enabled': False, 'params': {}}, 'heterogeneous_data_handler': {'enabled': False, 'params': {}}}
{'client_selector': {'enabled': False}, 'client_cluster': {'enabled': False}, 'message_compressor': {'enabled': False}, 'model_co-versioning_registry': {'enabled': False}, 'multi-task_model_trainer': {'enabled': False}, 'heterogeneous_data_handler': {'enabled': False}, 'client_registry': {'enabled': True, 'params': {}}}
time=19.631181240081787, message_compressor de-activated ❌
client Client 27 injecting delay of 8 seconds
client Client 30 injecting delay of 9 seconds
client Client 26 injecting delay of 4 seconds
client Client 29 injecting delay of 0 seconds
client Client 24 injecting delay of 3 seconds
client Client 23 injecting delay of 5 seconds
client Client 28 injecting delay of 4 seconds
client Client 25 injecting delay of 0 seconds
client Client 31 injecting delay of 0 seconds
client Client 32 injecting delay of 7 seconds
client Client 33 injecting delay of 1 seconds
client Client 34 injecting delay of 4 seconds
Results Aggregated in 32.68 seconds.
{'TextMLP': {'train_loss': [0.6144182500693534, 0.5196509647124343, 0.4815148082024521, 0.4624616453071435, 0.4556409038318528, 0.45387118754784267, 0.444099330886205, 0.4416219022585286, 0.4414639681796233, 0.4383401806294918, 0.43530897423989245, 0.43441933838658864, 0.43792351792123585, 0.42945389105611376, 0.4273519345919291, 0.42781538307865463], 'train_accuracy': [0.7739159722222222, 0.8111104166666666, 0.8258215277777777, 0.8323173611111111, 0.8341416666666667, 0.8337298611111111, 0.8374125, 0.8381541666666666, 0.8380659722222222, 0.83935, 0.84028125, 0.8404708333333333, 0.8382361111111111, 0.8422659722222222, 0.8431534722222223, 0.8427354166666666], 'train_f1': [0.7728206225431589, 0.809830319289193, 0.8252964034000788, 0.8317780774152809, 0.8334871223866869, 0.8332820519776628, 0.8367927027720308, 0.8374036038273067, 0.8377710769278962, 0.8388824913061691, 0.8394062370764994, 0.8399924789366457, 0.8375967110806295, 0.8417699600132823, 0.8426731851747491, 0.8423149765538066], 'train_mae': [0.3494479166666667, 0.2927208333333333, 0.2758388888888889, 0.2645958333333333, 0.2622069444444444, 0.26259305555555557, 0.25800972222222224, 0.25453333333333333, 0.2557152777777778, 0.25381458333333334, 0.25226180555555555, 0.25293680555555553, 0.25546944444444447, 0.25248611111111113, 0.24924722222222223, 0.24908819444444444], 'val_loss': [0.6282215628707618, 0.5381716526391214, 0.5005220032679407, 0.4816120577119944, 0.4750463320916159, 0.4732778656482697, 0.4640829060161323, 0.46142603689641287, 0.46069012542042814, 0.458026483864115, 0.45580606395738166, 0.4550288570659203, 0.4588254988820929, 0.4504529690899347, 0.4480639752902483, 0.44881922426976656], 'val_accuracy': [0.7653728070175438, 0.8005482456140351, 0.8155043859649123, 0.8223245614035087, 0.8246162280701754, 0.8251206140350877, 0.8282017543859649, 0.8289035087719298, 0.8291776315789474, 0.8303070175438597, 0.8315131578947369, 0.8322697368421051, 0.830032894736842, 0.8336403508771929, 0.8347697368421053, 0.8348245614035087], 'val_f1': [0.7642032140294928, 0.7993394616267854, 0.8149244396541436, 0.8217295388927075, 0.8239054029195056, 0.8246005400826658, 0.8275100606471515, 0.8280910550280112, 0.828872938587321, 0.8298199446947392, 0.8305015433925849, 0.8317285306993958, 0.8293234152119406, 0.8330862035518677, 0.8342669692316677, 0.8343620831808128], 'val_mae': [0.3613486842105263, 0.3073355263157895, 0.28959429824561406, 0.27792763157894734, 0.27552631578947373, 0.27410087719298243, 0.27031798245614036, 0.26668859649122806, 0.2680263157894737, 0.2656030701754386, 0.2644078947368421, 0.26448464912280706, 0.2675, 0.2646491228070176, 0.2611732456140351, 0.26104166666666667], 'jsd': [(0, 0, 0, 0, 0, 0, 0, 0, 0, 0, 0, 0), (0, 0, 0, 0, 0, 0, 0, 0, 0, 0, 0, 0), (0, 0, 0, 0, 0, 0, 0, 0, 0, 0, 0, 0), (0, 0, 0, 0, 0, 0, 0, 0, 0, 0, 0, 0), (0, 0, 0, 0, 0, 0, 0, 0, 0, 0, 0, 0), (0, 0, 0, 0, 0, 0, 0, 0, 0, 0, 0, 0), (0, 0, 0, 0, 0, 0, 0, 0, 0, 0, 0, 0), (0, 0, 0, 0, 0, 0, 0, 0, 0, 0, 0, 0), (0, 0, 0, 0, 0, 0, 0, 0, 0, 0, 0, 0), (0, 0, 0, 0, 0, 0, 0, 0, 0, 0, 0, 0), (0, 0, 0, 0, 0, 0, 0, 0, 0, 0, 0, 0), (0, 0, 0, 0, 0, 0, 0, 0, 0, 0, 0, 0), (0, 0, 0, 0, 0, 0, 0, 0, 0, 0, 0, 0), (0, 0, 0, 0, 0, 0, 0, 0, 0, 0, 0, 0), (0, 0, 0, 0, 0, 0, 0, 0, 0, 0, 0, 0), (0, 0, 0, 0, 0, 0, 0, 0, 0, 0, 0, 0)]}}
AdaptationManager: Configuring next round...
{'client_registry': {'enabled': True, 'params': {}}, 'client_selector': {'enabled': False, 'params': {}}, 'client_cluster': {'enabled': False, 'params': {}}, 'message_compressor': {'enabled': True, 'params': {}}, 'model_co-versioning_registry': {'enabled': False, 'params': {}}, 'multi-task_model_trainer': {'enabled': False, 'params': {}}, 'heterogeneous_data_handler': {'enabled': False, 'params': {}}}
{'client_selector': {'enabled': False}, 'client_cluster': {'enabled': False}, 'message_compressor': {'enabled': False}, 'model_co-versioning_registry': {'enabled': False}, 'multi-task_model_trainer': {'enabled': False}, 'heterogeneous_data_handler': {'enabled': False}, 'client_registry': {'enabled': True, 'params': {}}}
time=32.683924198150635, message_compressor activated ✅
client Client 26 injecting delay of 4 seconds
client Client 25 injecting delay of 8 seconds
client Client 23 injecting delay of 3 seconds
client Client 29 injecting delay of 1 seconds
client Client 24 injecting delay of 7 seconds
client Client 28 injecting delay of 10 seconds
client Client 30 injecting delay of 1 seconds
client Client 27 injecting delay of 5 seconds
client Client 33 injecting delay of 1 seconds
client Client 32 injecting delay of 2 seconds
Local parameters compressed: reduced 5162 bytes (7.00%)
client Client 34 injecting delay of 8 seconds
Local parameters compressed: reduced 5158 bytes (6.99%)
Local parameters compressed: reduced 5092 bytes (6.90%)
client Client 31 injecting delay of 8 seconds
Local parameters compressed: reduced 5117 bytes (6.93%)
Local parameters compressed: reduced 5146 bytes (6.97%)
Local parameters compressed: reduced 5137 bytes (6.96%)
Local parameters compressed: reduced 5121 bytes (6.94%)
Local parameters compressed: reduced 5109 bytes (6.92%)
Local parameters compressed: reduced 5133 bytes (6.96%)
Local parameters compressed: reduced 5128 bytes (6.95%)
Local parameters compressed: reduced 5145 bytes (6.97%)
Local parameters compressed: reduced 5150 bytes (6.98%)
Results Aggregated in 32.31 seconds.
{'TextMLP': {'train_loss': [0.6144182500693534, 0.5196509647124343, 0.4815148082024521, 0.4624616453071435, 0.4556409038318528, 0.45387118754784267, 0.444099330886205, 0.4416219022585286, 0.4414639681796233, 0.4383401806294918, 0.43530897423989245, 0.43441933838658864, 0.43792351792123585, 0.42945389105611376, 0.4273519345919291, 0.42781538307865463, 0.4277129444744852], 'train_accuracy': [0.7739159722222222, 0.8111104166666666, 0.8258215277777777, 0.8323173611111111, 0.8341416666666667, 0.8337298611111111, 0.8374125, 0.8381541666666666, 0.8380659722222222, 0.83935, 0.84028125, 0.8404708333333333, 0.8382361111111111, 0.8422659722222222, 0.8431534722222223, 0.8427354166666666, 0.8432486111111112], 'train_f1': [0.7728206225431589, 0.809830319289193, 0.8252964034000788, 0.8317780774152809, 0.8334871223866869, 0.8332820519776628, 0.8367927027720308, 0.8374036038273067, 0.8377710769278962, 0.8388824913061691, 0.8394062370764994, 0.8399924789366457, 0.8375967110806295, 0.8417699600132823, 0.8426731851747491, 0.8423149765538066, 0.8428164116443545], 'train_mae': [0.3494479166666667, 0.2927208333333333, 0.2758388888888889, 0.2645958333333333, 0.2622069444444444, 0.26259305555555557, 0.25800972222222224, 0.25453333333333333, 0.2557152777777778, 0.25381458333333334, 0.25226180555555555, 0.25293680555555553, 0.25546944444444447, 0.25248611111111113, 0.24924722222222223, 0.24908819444444444, 0.2474201388888889], 'val_loss': [0.6282215628707618, 0.5381716526391214, 0.5005220032679407, 0.4816120577119944, 0.4750463320916159, 0.4732778656482697, 0.4640829060161323, 0.46142603689641287, 0.46069012542042814, 0.458026483864115, 0.45580606395738166, 0.4550288570659203, 0.4588254988820929, 0.4504529690899347, 0.4480639752902483, 0.44881922426976656, 0.44851871622759], 'val_accuracy': [0.7653728070175438, 0.8005482456140351, 0.8155043859649123, 0.8223245614035087, 0.8246162280701754, 0.8251206140350877, 0.8282017543859649, 0.8289035087719298, 0.8291776315789474, 0.8303070175438597, 0.8315131578947369, 0.8322697368421051, 0.830032894736842, 0.8336403508771929, 0.8347697368421053, 0.8348245614035087, 0.8347807017543859], 'val_f1': [0.7642032140294928, 0.7993394616267854, 0.8149244396541436, 0.8217295388927075, 0.8239054029195056, 0.8246005400826658, 0.8275100606471515, 0.8280910550280112, 0.828872938587321, 0.8298199446947392, 0.8305015433925849, 0.8317285306993958, 0.8293234152119406, 0.8330862035518677, 0.8342669692316677, 0.8343620831808128, 0.8342811982028041], 'val_mae': [0.3613486842105263, 0.3073355263157895, 0.28959429824561406, 0.27792763157894734, 0.27552631578947373, 0.27410087719298243, 0.27031798245614036, 0.26668859649122806, 0.2680263157894737, 0.2656030701754386, 0.2644078947368421, 0.26448464912280706, 0.2675, 0.2646491228070176, 0.2611732456140351, 0.26104166666666667, 0.26028508771929826], 'jsd': [(0, 0, 0, 0, 0, 0, 0, 0, 0, 0, 0, 0), (0, 0, 0, 0, 0, 0, 0, 0, 0, 0, 0, 0), (0, 0, 0, 0, 0, 0, 0, 0, 0, 0, 0, 0), (0, 0, 0, 0, 0, 0, 0, 0, 0, 0, 0, 0), (0, 0, 0, 0, 0, 0, 0, 0, 0, 0, 0, 0), (0, 0, 0, 0, 0, 0, 0, 0, 0, 0, 0, 0), (0, 0, 0, 0, 0, 0, 0, 0, 0, 0, 0, 0), (0, 0, 0, 0, 0, 0, 0, 0, 0, 0, 0, 0), (0, 0, 0, 0, 0, 0, 0, 0, 0, 0, 0, 0), (0, 0, 0, 0, 0, 0, 0, 0, 0, 0, 0, 0), (0, 0, 0, 0, 0, 0, 0, 0, 0, 0, 0, 0), (0, 0, 0, 0, 0, 0, 0, 0, 0, 0, 0, 0), (0, 0, 0, 0, 0, 0, 0, 0, 0, 0, 0, 0), (0, 0, 0, 0, 0, 0, 0, 0, 0, 0, 0, 0), (0, 0, 0, 0, 0, 0, 0, 0, 0, 0, 0, 0), (0, 0, 0, 0, 0, 0, 0, 0, 0, 0, 0, 0), (0, 0, 0, 0, 0, 0, 0, 0, 0, 0, 0, 0)]}}
AdaptationManager: Configuring next round...
{'client_registry': {'enabled': True, 'params': {}}, 'client_selector': {'enabled': False, 'params': {}}, 'client_cluster': {'enabled': False, 'params': {}}, 'message_compressor': {'enabled': True, 'params': {}}, 'model_co-versioning_registry': {'enabled': False, 'params': {}}, 'multi-task_model_trainer': {'enabled': False, 'params': {}}, 'heterogeneous_data_handler': {'enabled': False, 'params': {}}}
{'client_selector': {'enabled': False}, 'client_cluster': {'enabled': False}, 'message_compressor': {'enabled': True}, 'model_co-versioning_registry': {'enabled': False}, 'multi-task_model_trainer': {'enabled': False}, 'heterogeneous_data_handler': {'enabled': False}, 'client_registry': {'enabled': True, 'params': {}}}
time=32.31374454498291, message_compressor activated ✅
client Client 26 injecting delay of 7 seconds
client Client 23 injecting delay of 5 seconds
client Client 29 injecting delay of 8 seconds
client Client 27 injecting delay of 5 seconds
client Client 25 injecting delay of 5 seconds
client Client 32 injecting delay of 1 seconds
client Client 24 injecting delay of 10 seconds
client Client 30 injecting delay of 4 seconds
client Client 34 injecting delay of 5 seconds
client Client 33 injecting delay of 8 seconds
client Client 28 injecting delay of 6 seconds
client Client 31 injecting delay of 1 seconds
Local parameters compressed: reduced 5145 bytes (6.97%)
Local parameters compressed: reduced 5144 bytes (6.97%)
Local parameters compressed: reduced 5158 bytes (6.99%)
Local parameters compressed: reduced 5114 bytes (6.93%)
Local parameters compressed: reduced 5145 bytes (6.97%)
Local parameters compressed: reduced 5142 bytes (6.97%)
Local parameters compressed: reduced 5091 bytes (6.90%)
Local parameters compressed: reduced 5145 bytes (6.97%)
Local parameters compressed: reduced 5167 bytes (7.00%)
Local parameters compressed: reduced 5159 bytes (6.99%)
Local parameters compressed: reduced 5138 bytes (6.96%)
Local parameters compressed: reduced 5153 bytes (6.98%)
Results Aggregated in 19.60 seconds.
{'TextMLP': {'train_loss': [0.6144182500693534, 0.5196509647124343, 0.4815148082024521, 0.4624616453071435, 0.4556409038318528, 0.45387118754784267, 0.444099330886205, 0.4416219022585286, 0.4414639681796233, 0.4383401806294918, 0.43530897423989245, 0.43441933838658864, 0.43792351792123585, 0.42945389105611376, 0.4273519345919291, 0.42781538307865463, 0.4277129444744852, 0.42871249092684854], 'train_accuracy': [0.7739159722222222, 0.8111104166666666, 0.8258215277777777, 0.8323173611111111, 0.8341416666666667, 0.8337298611111111, 0.8374125, 0.8381541666666666, 0.8380659722222222, 0.83935, 0.84028125, 0.8404708333333333, 0.8382361111111111, 0.8422659722222222, 0.8431534722222223, 0.8427354166666666, 0.8432486111111112, 0.8422458333333334], 'train_f1': [0.7728206225431589, 0.809830319289193, 0.8252964034000788, 0.8317780774152809, 0.8334871223866869, 0.8332820519776628, 0.8367927027720308, 0.8374036038273067, 0.8377710769278962, 0.8388824913061691, 0.8394062370764994, 0.8399924789366457, 0.8375967110806295, 0.8417699600132823, 0.8426731851747491, 0.8423149765538066, 0.8428164116443545, 0.8417053221018778], 'train_mae': [0.3494479166666667, 0.2927208333333333, 0.2758388888888889, 0.2645958333333333, 0.2622069444444444, 0.26259305555555557, 0.25800972222222224, 0.25453333333333333, 0.2557152777777778, 0.25381458333333334, 0.25226180555555555, 0.25293680555555553, 0.25546944444444447, 0.25248611111111113, 0.24924722222222223, 0.24908819444444444, 0.2474201388888889, 0.2498826388888889], 'val_loss': [0.6282215628707618, 0.5381716526391214, 0.5005220032679407, 0.4816120577119944, 0.4750463320916159, 0.4732778656482697, 0.4640829060161323, 0.46142603689641287, 0.46069012542042814, 0.458026483864115, 0.45580606395738166, 0.4550288570659203, 0.4588254988820929, 0.4504529690899347, 0.4480639752902483, 0.44881922426976656, 0.44851871622759, 0.44992437514819594], 'val_accuracy': [0.7653728070175438, 0.8005482456140351, 0.8155043859649123, 0.8223245614035087, 0.8246162280701754, 0.8251206140350877, 0.8282017543859649, 0.8289035087719298, 0.8291776315789474, 0.8303070175438597, 0.8315131578947369, 0.8322697368421051, 0.830032894736842, 0.8336403508771929, 0.8347697368421053, 0.8348245614035087, 0.8347807017543859, 0.8346271929824561], 'val_f1': [0.7642032140294928, 0.7993394616267854, 0.8149244396541436, 0.8217295388927075, 0.8239054029195056, 0.8246005400826658, 0.8275100606471515, 0.8280910550280112, 0.828872938587321, 0.8298199446947392, 0.8305015433925849, 0.8317285306993958, 0.8293234152119406, 0.8330862035518677, 0.8342669692316677, 0.8343620831808128, 0.8342811982028041, 0.8340383527583316], 'val_mae': [0.3613486842105263, 0.3073355263157895, 0.28959429824561406, 0.27792763157894734, 0.27552631578947373, 0.27410087719298243, 0.27031798245614036, 0.26668859649122806, 0.2680263157894737, 0.2656030701754386, 0.2644078947368421, 0.26448464912280706, 0.2675, 0.2646491228070176, 0.2611732456140351, 0.26104166666666667, 0.26028508771929826, 0.261546052631579], 'jsd': [(0, 0, 0, 0, 0, 0, 0, 0, 0, 0, 0, 0), (0, 0, 0, 0, 0, 0, 0, 0, 0, 0, 0, 0), (0, 0, 0, 0, 0, 0, 0, 0, 0, 0, 0, 0), (0, 0, 0, 0, 0, 0, 0, 0, 0, 0, 0, 0), (0, 0, 0, 0, 0, 0, 0, 0, 0, 0, 0, 0), (0, 0, 0, 0, 0, 0, 0, 0, 0, 0, 0, 0), (0, 0, 0, 0, 0, 0, 0, 0, 0, 0, 0, 0), (0, 0, 0, 0, 0, 0, 0, 0, 0, 0, 0, 0), (0, 0, 0, 0, 0, 0, 0, 0, 0, 0, 0, 0), (0, 0, 0, 0, 0, 0, 0, 0, 0, 0, 0, 0), (0, 0, 0, 0, 0, 0, 0, 0, 0, 0, 0, 0), (0, 0, 0, 0, 0, 0, 0, 0, 0, 0, 0, 0), (0, 0, 0, 0, 0, 0, 0, 0, 0, 0, 0, 0), (0, 0, 0, 0, 0, 0, 0, 0, 0, 0, 0, 0), (0, 0, 0, 0, 0, 0, 0, 0, 0, 0, 0, 0), (0, 0, 0, 0, 0, 0, 0, 0, 0, 0, 0, 0), (0, 0, 0, 0, 0, 0, 0, 0, 0, 0, 0, 0), (0, 0, 0, 0, 0, 0, 0, 0, 0, 0, 0, 0)]}}
AdaptationManager: Configuring next round...
{'client_registry': {'enabled': True, 'params': {}}, 'client_selector': {'enabled': False, 'params': {}}, 'client_cluster': {'enabled': False, 'params': {}}, 'message_compressor': {'enabled': True, 'params': {}}, 'model_co-versioning_registry': {'enabled': False, 'params': {}}, 'multi-task_model_trainer': {'enabled': False, 'params': {}}, 'heterogeneous_data_handler': {'enabled': False, 'params': {}}}
{'client_selector': {'enabled': False}, 'client_cluster': {'enabled': False}, 'message_compressor': {'enabled': True}, 'model_co-versioning_registry': {'enabled': False}, 'multi-task_model_trainer': {'enabled': False}, 'heterogeneous_data_handler': {'enabled': False}, 'client_registry': {'enabled': True, 'params': {}}}
time=19.59898042678833, message_compressor de-activated ❌
client Client 25 injecting delay of 0 seconds
client Client 26 injecting delay of 7 seconds
client Client 30 injecting delay of 2 seconds
client Client 34 injecting delay of 10 seconds
client Client 28 injecting delay of 2 seconds
client Client 29 injecting delay of 1 seconds
client Client 27 injecting delay of 3 seconds
client Client 24 injecting delay of 7 seconds
client Client 23 injecting delay of 2 seconds
client Client 32 injecting delay of 5 seconds
client Client 33 injecting delay of 8 seconds
client Client 31 injecting delay of 5 seconds
Results Aggregated in 20.66 seconds.
{'TextMLP': {'train_loss': [0.6144182500693534, 0.5196509647124343, 0.4815148082024521, 0.4624616453071435, 0.4556409038318528, 0.45387118754784267, 0.444099330886205, 0.4416219022585286, 0.4414639681796233, 0.4383401806294918, 0.43530897423989245, 0.43441933838658864, 0.43792351792123585, 0.42945389105611376, 0.4273519345919291, 0.42781538307865463, 0.4277129444744852, 0.42871249092684854, 0.42370504025452665], 'train_accuracy': [0.7739159722222222, 0.8111104166666666, 0.8258215277777777, 0.8323173611111111, 0.8341416666666667, 0.8337298611111111, 0.8374125, 0.8381541666666666, 0.8380659722222222, 0.83935, 0.84028125, 0.8404708333333333, 0.8382361111111111, 0.8422659722222222, 0.8431534722222223, 0.8427354166666666, 0.8432486111111112, 0.8422458333333334, 0.8443090277777778], 'train_f1': [0.7728206225431589, 0.809830319289193, 0.8252964034000788, 0.8317780774152809, 0.8334871223866869, 0.8332820519776628, 0.8367927027720308, 0.8374036038273067, 0.8377710769278962, 0.8388824913061691, 0.8394062370764994, 0.8399924789366457, 0.8375967110806295, 0.8417699600132823, 0.8426731851747491, 0.8423149765538066, 0.8428164116443545, 0.8417053221018778, 0.8437522475159236], 'train_mae': [0.3494479166666667, 0.2927208333333333, 0.2758388888888889, 0.2645958333333333, 0.2622069444444444, 0.26259305555555557, 0.25800972222222224, 0.25453333333333333, 0.2557152777777778, 0.25381458333333334, 0.25226180555555555, 0.25293680555555553, 0.25546944444444447, 0.25248611111111113, 0.24924722222222223, 0.24908819444444444, 0.2474201388888889, 0.2498826388888889, 0.2491736111111111], 'val_loss': [0.6282215628707618, 0.5381716526391214, 0.5005220032679407, 0.4816120577119944, 0.4750463320916159, 0.4732778656482697, 0.4640829060161323, 0.46142603689641287, 0.46069012542042814, 0.458026483864115, 0.45580606395738166, 0.4550288570659203, 0.4588254988820929, 0.4504529690899347, 0.4480639752902483, 0.44881922426976656, 0.44851871622759, 0.44992437514819594, 0.44515942428718536], 'val_accuracy': [0.7653728070175438, 0.8005482456140351, 0.8155043859649123, 0.8223245614035087, 0.8246162280701754, 0.8251206140350877, 0.8282017543859649, 0.8289035087719298, 0.8291776315789474, 0.8303070175438597, 0.8315131578947369, 0.8322697368421051, 0.830032894736842, 0.8336403508771929, 0.8347697368421053, 0.8348245614035087, 0.8347807017543859, 0.8346271929824561, 0.8365021929824561], 'val_f1': [0.7642032140294928, 0.7993394616267854, 0.8149244396541436, 0.8217295388927075, 0.8239054029195056, 0.8246005400826658, 0.8275100606471515, 0.8280910550280112, 0.828872938587321, 0.8298199446947392, 0.8305015433925849, 0.8317285306993958, 0.8293234152119406, 0.8330862035518677, 0.8342669692316677, 0.8343620831808128, 0.8342811982028041, 0.8340383527583316, 0.8358895600280087], 'val_mae': [0.3613486842105263, 0.3073355263157895, 0.28959429824561406, 0.27792763157894734, 0.27552631578947373, 0.27410087719298243, 0.27031798245614036, 0.26668859649122806, 0.2680263157894737, 0.2656030701754386, 0.2644078947368421, 0.26448464912280706, 0.2675, 0.2646491228070176, 0.2611732456140351, 0.26104166666666667, 0.26028508771929826, 0.261546052631579, 0.26096491228070173], 'jsd': [(0, 0, 0, 0, 0, 0, 0, 0, 0, 0, 0, 0), (0, 0, 0, 0, 0, 0, 0, 0, 0, 0, 0, 0), (0, 0, 0, 0, 0, 0, 0, 0, 0, 0, 0, 0), (0, 0, 0, 0, 0, 0, 0, 0, 0, 0, 0, 0), (0, 0, 0, 0, 0, 0, 0, 0, 0, 0, 0, 0), (0, 0, 0, 0, 0, 0, 0, 0, 0, 0, 0, 0), (0, 0, 0, 0, 0, 0, 0, 0, 0, 0, 0, 0), (0, 0, 0, 0, 0, 0, 0, 0, 0, 0, 0, 0), (0, 0, 0, 0, 0, 0, 0, 0, 0, 0, 0, 0), (0, 0, 0, 0, 0, 0, 0, 0, 0, 0, 0, 0), (0, 0, 0, 0, 0, 0, 0, 0, 0, 0, 0, 0), (0, 0, 0, 0, 0, 0, 0, 0, 0, 0, 0, 0), (0, 0, 0, 0, 0, 0, 0, 0, 0, 0, 0, 0), (0, 0, 0, 0, 0, 0, 0, 0, 0, 0, 0, 0), (0, 0, 0, 0, 0, 0, 0, 0, 0, 0, 0, 0), (0, 0, 0, 0, 0, 0, 0, 0, 0, 0, 0, 0), (0, 0, 0, 0, 0, 0, 0, 0, 0, 0, 0, 0), (0, 0, 0, 0, 0, 0, 0, 0, 0, 0, 0, 0), (0, 0, 0, 0, 0, 0, 0, 0, 0, 0, 0, 0)]}}
AdaptationManager: Configuring next round...
{'client_registry': {'enabled': True, 'params': {}}, 'client_selector': {'enabled': False, 'params': {}}, 'client_cluster': {'enabled': False, 'params': {}}, 'message_compressor': {'enabled': True, 'params': {}}, 'model_co-versioning_registry': {'enabled': False, 'params': {}}, 'multi-task_model_trainer': {'enabled': False, 'params': {}}, 'heterogeneous_data_handler': {'enabled': False, 'params': {}}}
{'client_selector': {'enabled': False}, 'client_cluster': {'enabled': False}, 'message_compressor': {'enabled': False}, 'model_co-versioning_registry': {'enabled': False}, 'multi-task_model_trainer': {'enabled': False}, 'heterogeneous_data_handler': {'enabled': False}, 'client_registry': {'enabled': True, 'params': {}}}
time=20.662068128585815, message_compressor activated ✅
client Client 24 injecting delay of 7 seconds
client Client 30 injecting delay of 6 seconds
client Client 29 injecting delay of 2 seconds
client Client 31 injecting delay of 3 seconds
client Client 23 injecting delay of 6 seconds
client Client 27 injecting delay of 3 seconds
client Client 28 injecting delay of 10 seconds
Local parameters compressed: reduced 5117 bytes (6.93%)
client Client 26 injecting delay of 1 seconds
client Client 25 injecting delay of 4 seconds
Local parameters compressed: reduced 5130 bytes (6.95%)
Local parameters compressed: reduced 5126 bytes (6.95%)
client Client 33 injecting delay of 8 seconds
client Client 34 injecting delay of 3 seconds
Local parameters compressed: reduced 5107 bytes (6.92%)
client Client 32 injecting delay of 7 seconds
Local parameters compressed: reduced 5127 bytes (6.95%)
Local parameters compressed: reduced 5096 bytes (6.91%)
Local parameters compressed: reduced 5133 bytes (6.96%)
Local parameters compressed: reduced 5134 bytes (6.96%)
Local parameters compressed: reduced 5112 bytes (6.93%)
Local parameters compressed: reduced 5101 bytes (6.91%)
Local parameters compressed: reduced 5122 bytes (6.94%)
Local parameters compressed: reduced 5128 bytes (6.95%)
Results Aggregated in 28.86 seconds.
{'TextMLP': {'train_loss': [0.6144182500693534, 0.5196509647124343, 0.4815148082024521, 0.4624616453071435, 0.4556409038318528, 0.45387118754784267, 0.444099330886205, 0.4416219022585286, 0.4414639681796233, 0.4383401806294918, 0.43530897423989245, 0.43441933838658864, 0.43792351792123585, 0.42945389105611376, 0.4273519345919291, 0.42781538307865463, 0.4277129444744852, 0.42871249092684854, 0.42370504025452665, 0.4240837520642413], 'train_accuracy': [0.7739159722222222, 0.8111104166666666, 0.8258215277777777, 0.8323173611111111, 0.8341416666666667, 0.8337298611111111, 0.8374125, 0.8381541666666666, 0.8380659722222222, 0.83935, 0.84028125, 0.8404708333333333, 0.8382361111111111, 0.8422659722222222, 0.8431534722222223, 0.8427354166666666, 0.8432486111111112, 0.8422458333333334, 0.8443090277777778, 0.8443631944444444], 'train_f1': [0.7728206225431589, 0.809830319289193, 0.8252964034000788, 0.8317780774152809, 0.8334871223866869, 0.8332820519776628, 0.8367927027720308, 0.8374036038273067, 0.8377710769278962, 0.8388824913061691, 0.8394062370764994, 0.8399924789366457, 0.8375967110806295, 0.8417699600132823, 0.8426731851747491, 0.8423149765538066, 0.8428164116443545, 0.8417053221018778, 0.8437522475159236, 0.8439846544693733], 'train_mae': [0.3494479166666667, 0.2927208333333333, 0.2758388888888889, 0.2645958333333333, 0.2622069444444444, 0.26259305555555557, 0.25800972222222224, 0.25453333333333333, 0.2557152777777778, 0.25381458333333334, 0.25226180555555555, 0.25293680555555553, 0.25546944444444447, 0.25248611111111113, 0.24924722222222223, 0.24908819444444444, 0.2474201388888889, 0.2498826388888889, 0.2491736111111111, 0.24525763888888888], 'val_loss': [0.6282215628707618, 0.5381716526391214, 0.5005220032679407, 0.4816120577119944, 0.4750463320916159, 0.4732778656482697, 0.4640829060161323, 0.46142603689641287, 0.46069012542042814, 0.458026483864115, 0.45580606395738166, 0.4550288570659203, 0.4588254988820929, 0.4504529690899347, 0.4480639752902483, 0.44881922426976656, 0.44851871622759, 0.44992437514819594, 0.44515942428718536, 0.4447076661231225], 'val_accuracy': [0.7653728070175438, 0.8005482456140351, 0.8155043859649123, 0.8223245614035087, 0.8246162280701754, 0.8251206140350877, 0.8282017543859649, 0.8289035087719298, 0.8291776315789474, 0.8303070175438597, 0.8315131578947369, 0.8322697368421051, 0.830032894736842, 0.8336403508771929, 0.8347697368421053, 0.8348245614035087, 0.8347807017543859, 0.8346271929824561, 0.8365021929824561, 0.8363048245614035], 'val_f1': [0.7642032140294928, 0.7993394616267854, 0.8149244396541436, 0.8217295388927075, 0.8239054029195056, 0.8246005400826658, 0.8275100606471515, 0.8280910550280112, 0.828872938587321, 0.8298199446947392, 0.8305015433925849, 0.8317285306993958, 0.8293234152119406, 0.8330862035518677, 0.8342669692316677, 0.8343620831808128, 0.8342811982028041, 0.8340383527583316, 0.8358895600280087, 0.8358846993910771], 'val_mae': [0.3613486842105263, 0.3073355263157895, 0.28959429824561406, 0.27792763157894734, 0.27552631578947373, 0.27410087719298243, 0.27031798245614036, 0.26668859649122806, 0.2680263157894737, 0.2656030701754386, 0.2644078947368421, 0.26448464912280706, 0.2675, 0.2646491228070176, 0.2611732456140351, 0.26104166666666667, 0.26028508771929826, 0.261546052631579, 0.26096491228070173, 0.2576973684210526], 'jsd': [(0, 0, 0, 0, 0, 0, 0, 0, 0, 0, 0, 0), (0, 0, 0, 0, 0, 0, 0, 0, 0, 0, 0, 0), (0, 0, 0, 0, 0, 0, 0, 0, 0, 0, 0, 0), (0, 0, 0, 0, 0, 0, 0, 0, 0, 0, 0, 0), (0, 0, 0, 0, 0, 0, 0, 0, 0, 0, 0, 0), (0, 0, 0, 0, 0, 0, 0, 0, 0, 0, 0, 0), (0, 0, 0, 0, 0, 0, 0, 0, 0, 0, 0, 0), (0, 0, 0, 0, 0, 0, 0, 0, 0, 0, 0, 0), (0, 0, 0, 0, 0, 0, 0, 0, 0, 0, 0, 0), (0, 0, 0, 0, 0, 0, 0, 0, 0, 0, 0, 0), (0, 0, 0, 0, 0, 0, 0, 0, 0, 0, 0, 0), (0, 0, 0, 0, 0, 0, 0, 0, 0, 0, 0, 0), (0, 0, 0, 0, 0, 0, 0, 0, 0, 0, 0, 0), (0, 0, 0, 0, 0, 0, 0, 0, 0, 0, 0, 0), (0, 0, 0, 0, 0, 0, 0, 0, 0, 0, 0, 0), (0, 0, 0, 0, 0, 0, 0, 0, 0, 0, 0, 0), (0, 0, 0, 0, 0, 0, 0, 0, 0, 0, 0, 0), (0, 0, 0, 0, 0, 0, 0, 0, 0, 0, 0, 0), (0, 0, 0, 0, 0, 0, 0, 0, 0, 0, 0, 0), (0, 0, 0, 0, 0, 0, 0, 0, 0, 0, 0, 0)]}}
AdaptationManager: Configuring next round...
{'client_registry': {'enabled': True, 'params': {}}, 'client_selector': {'enabled': False, 'params': {}}, 'client_cluster': {'enabled': False, 'params': {}}, 'message_compressor': {'enabled': True, 'params': {}}, 'model_co-versioning_registry': {'enabled': False, 'params': {}}, 'multi-task_model_trainer': {'enabled': False, 'params': {}}, 'heterogeneous_data_handler': {'enabled': False, 'params': {}}}
{'client_selector': {'enabled': False}, 'client_cluster': {'enabled': False}, 'message_compressor': {'enabled': True}, 'model_co-versioning_registry': {'enabled': False}, 'multi-task_model_trainer': {'enabled': False}, 'heterogeneous_data_handler': {'enabled': False}, 'client_registry': {'enabled': True, 'params': {}}}
time=28.85976266860962, message_compressor activated ✅
