==========================================
  ___  ______  ___ ______       _ 
 / _ \ | ___ \/   ||  ___|     | |
/ /_\ \| |_/ / /| || |_ ___  __| |
|  _  ||  __/ /_| ||  _/ _ \/ _` |
| | | || |  \___  || ||  __/ (_| |
\_| |_/\_|      |_/\_| \___|\__,_| v.1.5.0

==========================================
Simulation Started!
List of the Architectural Patterns enabled:
Adaptation Enabled ✅
Metric: val_f1, online learning with alpha 0.1
Client Registry ✅
Client Selector ✅
 AP Parameters: {'selection_strategy': 'Resource-Based', 'selection_criteria': 'CPU', 'selection_value': 2}
==========================================
Client Client 4 participates in this round. (CPU: 2, RAM: 4)
Client Client 6 has insufficient CPU (1). Will not participate in the next FL round.
Client Client 3 participates in this round. (CPU: 2, RAM: 4)
Client Client 5 has insufficient CPU (1). Will not participate in the next FL round.
Client Client 2 participates in this round. (CPU: 2, RAM: 4)
Client Client 1 participates in this round. (CPU: 2, RAM: 4)
Results Aggregated in 23.76 seconds.
{'CNN 16k': {'train_loss': [1.6429396955490112], 'train_accuracy': [0.4061], 'train_f1': [0.09148891807858395], 'train_mae': [2.5726], 'val_loss': [2.9755056195259093], 'val_accuracy': [0.1155], 'val_f1': [0.03416159307212178], 'val_mae': [3.596925], 'jsd': [(0, 0, 0.18723514280063847, 0.23736891999850385, 0.3230897009334441, 0.25523823663918604)]}}
AdaptationManager: Configuring next round...
{'client_registry': {'enabled': True, 'params': {}}, 'client_selector': {'enabled': True, 'params': {'selection_strategy': 'Resource-Based', 'selection_criteria': 'CPU', 'selection_value': 2}}, 'client_cluster': {'enabled': False, 'params': {}}, 'message_compressor': {'enabled': False, 'params': {}}, 'model_co-versioning_registry': {'enabled': False, 'params': {}}, 'multi-task_model_trainer': {'enabled': False, 'params': {}}, 'heterogeneous_data_handler': {'enabled': False, 'params': {}}}
{'client_selector': {'enabled': True}, 'client_cluster': {'enabled': False}, 'message_compressor': {'enabled': False}, 'model_co-versioning_registry': {'enabled': False}, 'multi-task_model_trainer': {'enabled': False}, 'heterogeneous_data_handler': {'enabled': False}, 'client_registry': {'enabled': True, 'params': {}}}
client_selector de-activated ❌
Results Aggregated in 28.36 seconds.
{'CNN 16k': {'train_loss': [1.6429396955490112, 1.6900051655960082], 'train_accuracy': [0.4061, 0.39256], 'train_f1': [0.09148891807858395, 0.10909419266736373], 'train_mae': [2.5726, 2.45552], 'val_loss': [2.9755056195259093, 3.0175315896224975], 'val_accuracy': [0.1155, 0.14332], 'val_f1': [0.03416159307212178, 0.06481238364678957], 'val_mae': [3.596925, 3.30438], 'jsd': [(0, 0, 0.18723514280063847, 0.23736891999850385, 0.3230897009334441, 0.25523823663918604), (0.13040496687808534, 0.12654365940455523, 0.13578511926160158, 0.26515908167506796, 0.33798890906099965, 0.24006168029881197)]}}
AdaptationManager: Configuring next round...
{'client_registry': {'enabled': True, 'params': {}}, 'client_selector': {'enabled': True, 'params': {'selection_strategy': 'Resource-Based', 'selection_criteria': 'CPU', 'selection_value': 2}}, 'client_cluster': {'enabled': False, 'params': {}}, 'message_compressor': {'enabled': False, 'params': {}}, 'model_co-versioning_registry': {'enabled': False, 'params': {}}, 'multi-task_model_trainer': {'enabled': False, 'params': {}}, 'heterogeneous_data_handler': {'enabled': False, 'params': {}}}
{'client_selector': {'enabled': False}, 'client_cluster': {'enabled': False}, 'message_compressor': {'enabled': False}, 'model_co-versioning_registry': {'enabled': False}, 'multi-task_model_trainer': {'enabled': False}, 'heterogeneous_data_handler': {'enabled': False}, 'client_registry': {'enabled': True, 'params': {}}}
client_selector activated ✅
Client Client 1 participates in this round. (CPU: 2, RAM: 4)
Client Client 5 has insufficient CPU (1). Will not participate in the next FL round.
Client Client 6 has insufficient CPU (1). Will not participate in the next FL round.
Client Client 3 participates in this round. (CPU: 2, RAM: 4)
Client Client 4 participates in this round. (CPU: 2, RAM: 4)
Client Client 2 participates in this round. (CPU: 2, RAM: 4)
Results Aggregated in 32.70 seconds.
{'CNN 16k': {'train_loss': [1.6429396955490112, 1.6900051655960082, 1.6242008541901907], 'train_accuracy': [0.4061, 0.39256, 0.41323333333333334], 'train_f1': [0.09148891807858395, 0.10909419266736373, 0.18594338619390588], 'train_mae': [2.5726, 2.45552, 2.196633333333333], 'val_loss': [2.9755056195259093, 3.0175315896224975, 2.4770166188240053], 'val_accuracy': [0.1155, 0.14332, 0.214525], 'val_f1': [0.03416159307212178, 0.06481238364678957, 0.1333338190784778], 'val_mae': [3.596925, 3.30438, 3.049725], 'jsd': [(0, 0, 0.18723514280063847, 0.23736891999850385, 0.3230897009334441, 0.25523823663918604), (0.13040496687808534, 0.12654365940455523, 0.13578511926160158, 0.26515908167506796, 0.33798890906099965, 0.24006168029881197), (0, 0, 0.09663723166772638, 0.0870105748872203, 0.18062830506741756, 0.15744190095273553)]}}
AdaptationManager: Configuring next round...
{'client_registry': {'enabled': True, 'params': {}}, 'client_selector': {'enabled': True, 'params': {'selection_strategy': 'Resource-Based', 'selection_criteria': 'CPU', 'selection_value': 2}}, 'client_cluster': {'enabled': False, 'params': {}}, 'message_compressor': {'enabled': False, 'params': {}}, 'model_co-versioning_registry': {'enabled': False, 'params': {}}, 'multi-task_model_trainer': {'enabled': False, 'params': {}}, 'heterogeneous_data_handler': {'enabled': False, 'params': {}}}
{'client_selector': {'enabled': True}, 'client_cluster': {'enabled': False}, 'message_compressor': {'enabled': False}, 'model_co-versioning_registry': {'enabled': False}, 'multi-task_model_trainer': {'enabled': False}, 'heterogeneous_data_handler': {'enabled': False}, 'client_registry': {'enabled': True, 'params': {}}}
client_selector de-activated ❌
Results Aggregated in 35.27 seconds.
{'CNN 16k': {'train_loss': [1.6429396955490112, 1.6900051655960082, 1.6242008541901907, 1.5448965225982667], 'train_accuracy': [0.4061, 0.39256, 0.41323333333333334, 0.43728], 'train_f1': [0.09148891807858395, 0.10909419266736373, 0.18594338619390588, 0.2487237203213073], 'train_mae': [2.5726, 2.45552, 2.196633333333333, 2.0222], 'val_loss': [2.9755056195259093, 3.0175315896224975, 2.4770166188240053, 2.2931465589904785], 'val_accuracy': [0.1155, 0.14332, 0.214525, 0.26209], 'val_f1': [0.03416159307212178, 0.06481238364678957, 0.1333338190784778, 0.19889895964043292], 'val_mae': [3.596925, 3.30438, 3.049725, 2.71006], 'jsd': [(0, 0, 0.18723514280063847, 0.23736891999850385, 0.3230897009334441, 0.25523823663918604), (0.13040496687808534, 0.12654365940455523, 0.13578511926160158, 0.26515908167506796, 0.33798890906099965, 0.24006168029881197), (0, 0, 0.09663723166772638, 0.0870105748872203, 0.18062830506741756, 0.15744190095273553), (0.06695421768610572, 0.0623587089269976, 0.12063614112406719, 0.140707196663356, 0.2640990672928296, 0.20366052030914258)]}}
AdaptationManager: Configuring next round...
{'client_registry': {'enabled': True, 'params': {}}, 'client_selector': {'enabled': True, 'params': {'selection_strategy': 'Resource-Based', 'selection_criteria': 'CPU', 'selection_value': 2}}, 'client_cluster': {'enabled': False, 'params': {}}, 'message_compressor': {'enabled': False, 'params': {}}, 'model_co-versioning_registry': {'enabled': False, 'params': {}}, 'multi-task_model_trainer': {'enabled': False, 'params': {}}, 'heterogeneous_data_handler': {'enabled': False, 'params': {}}}
{'client_selector': {'enabled': False}, 'client_cluster': {'enabled': False}, 'message_compressor': {'enabled': False}, 'model_co-versioning_registry': {'enabled': False}, 'multi-task_model_trainer': {'enabled': False}, 'heterogeneous_data_handler': {'enabled': False}, 'client_registry': {'enabled': True, 'params': {}}}
client_selector activated ✅
Client Client 1 participates in this round. (CPU: 2, RAM: 4)
Client Client 4 participates in this round. (CPU: 2, RAM: 4)
Client Client 6 has insufficient CPU (1). Will not participate in the next FL round.
Client Client 3 participates in this round. (CPU: 2, RAM: 4)
Client Client 5 has insufficient CPU (1). Will not participate in the next FL round.
Client Client 2 participates in this round. (CPU: 2, RAM: 4)
Results Aggregated in 39.62 seconds.
{'CNN 16k': {'train_loss': [1.6429396955490112, 1.6900051655960082, 1.6242008541901907, 1.5448965225982667, 1.5242514442157746], 'train_accuracy': [0.4061, 0.39256, 0.41323333333333334, 0.43728, 0.44978], 'train_f1': [0.09148891807858395, 0.10909419266736373, 0.18594338619390588, 0.2487237203213073, 0.2939305359154404], 'train_mae': [2.5726, 2.45552, 2.196633333333333, 2.0222, 2.12604], 'val_loss': [2.9755056195259093, 3.0175315896224975, 2.4770166188240053, 2.2931465589904785, 1.9655557077407837], 'val_accuracy': [0.1155, 0.14332, 0.214525, 0.26209, 0.30465], 'val_f1': [0.03416159307212178, 0.06481238364678957, 0.1333338190784778, 0.19889895964043292, 0.2448833979363127], 'val_mae': [3.596925, 3.30438, 3.049725, 2.71006, 2.627025], 'jsd': [(0, 0, 0.18723514280063847, 0.23736891999850385, 0.3230897009334441, 0.25523823663918604), (0.13040496687808534, 0.12654365940455523, 0.13578511926160158, 0.26515908167506796, 0.33798890906099965, 0.24006168029881197), (0, 0, 0.09663723166772638, 0.0870105748872203, 0.18062830506741756, 0.15744190095273553), (0.06695421768610572, 0.0623587089269976, 0.12063614112406719, 0.140707196663356, 0.2640990672928296, 0.20366052030914258), (0, 0, 0.07432442241166336, 0.04577243561024199, 0.08605353406992114, 0.10321399552355599)]}}
AdaptationManager: Configuring next round...
{'client_registry': {'enabled': True, 'params': {}}, 'client_selector': {'enabled': True, 'params': {'selection_strategy': 'Resource-Based', 'selection_criteria': 'CPU', 'selection_value': 2}}, 'client_cluster': {'enabled': False, 'params': {}}, 'message_compressor': {'enabled': False, 'params': {}}, 'model_co-versioning_registry': {'enabled': False, 'params': {}}, 'multi-task_model_trainer': {'enabled': False, 'params': {}}, 'heterogeneous_data_handler': {'enabled': False, 'params': {}}}
{'client_selector': {'enabled': True}, 'client_cluster': {'enabled': False}, 'message_compressor': {'enabled': False}, 'model_co-versioning_registry': {'enabled': False}, 'multi-task_model_trainer': {'enabled': False}, 'heterogeneous_data_handler': {'enabled': False}, 'client_registry': {'enabled': True, 'params': {}}}
client_selector de-activated ❌
Results Aggregated in 42.34 seconds.
{'CNN 16k': {'train_loss': [1.6429396955490112, 1.6900051655960082, 1.6242008541901907, 1.5448965225982667, 1.5242514442157746, 1.4727402635161082], 'train_accuracy': [0.4061, 0.39256, 0.41323333333333334, 0.43728, 0.44978, 0.47058666666666665], 'train_f1': [0.09148891807858395, 0.10909419266736373, 0.18594338619390588, 0.2487237203213073, 0.2939305359154404, 0.3253296004326922], 'train_mae': [2.5726, 2.45552, 2.196633333333333, 2.0222, 2.12604, 2.091013333333333], 'val_loss': [2.9755056195259093, 3.0175315896224975, 2.4770166188240053, 2.2931465589904785, 1.9655557077407837, 1.898617590522766], 'val_accuracy': [0.1155, 0.14332, 0.214525, 0.26209, 0.30465, 0.33274], 'val_f1': [0.03416159307212178, 0.06481238364678957, 0.1333338190784778, 0.19889895964043292, 0.2448833979363127, 0.28124183049384294], 'val_mae': [3.596925, 3.30438, 3.049725, 2.71006, 2.627025, 2.54753], 'jsd': [(0, 0, 0.18723514280063847, 0.23736891999850385, 0.3230897009334441, 0.25523823663918604), (0.13040496687808534, 0.12654365940455523, 0.13578511926160158, 0.26515908167506796, 0.33798890906099965, 0.24006168029881197), (0, 0, 0.09663723166772638, 0.0870105748872203, 0.18062830506741756, 0.15744190095273553), (0.06695421768610572, 0.0623587089269976, 0.12063614112406719, 0.140707196663356, 0.2640990672928296, 0.20366052030914258), (0, 0, 0.07432442241166336, 0.04577243561024199, 0.08605353406992114, 0.10321399552355599), (0.06815754581507988, 0.012368004060323828, 0.04266517007690075, 0.07769943411269123, 0.1736047774484608, 0.17478024629465394)]}}
AdaptationManager: Configuring next round...
{'client_registry': {'enabled': True, 'params': {}}, 'client_selector': {'enabled': True, 'params': {'selection_strategy': 'Resource-Based', 'selection_criteria': 'CPU', 'selection_value': 2}}, 'client_cluster': {'enabled': False, 'params': {}}, 'message_compressor': {'enabled': False, 'params': {}}, 'model_co-versioning_registry': {'enabled': False, 'params': {}}, 'multi-task_model_trainer': {'enabled': False, 'params': {}}, 'heterogeneous_data_handler': {'enabled': False, 'params': {}}}
{'client_selector': {'enabled': False}, 'client_cluster': {'enabled': False}, 'message_compressor': {'enabled': False}, 'model_co-versioning_registry': {'enabled': False}, 'multi-task_model_trainer': {'enabled': False}, 'heterogeneous_data_handler': {'enabled': False}, 'client_registry': {'enabled': True, 'params': {}}}
client_selector activated ✅
Client Client 4 participates in this round. (CPU: 2, RAM: 4)
Client Client 6 has insufficient CPU (1). Will not participate in the next FL round.
Client Client 5 has insufficient CPU (1). Will not participate in the next FL round.
Client Client 2 participates in this round. (CPU: 2, RAM: 4)
Client Client 1 participates in this round. (CPU: 2, RAM: 4)
Client Client 3 participates in this round. (CPU: 2, RAM: 4)
Results Aggregated in 46.75 seconds.
{'CNN 16k': {'train_loss': [1.6429396955490112, 1.6900051655960082, 1.6242008541901907, 1.5448965225982667, 1.5242514442157746, 1.4727402635161082, 1.5152880278246743], 'train_accuracy': [0.4061, 0.39256, 0.41323333333333334, 0.43728, 0.44978, 0.47058666666666665, 0.45427142857142855], 'train_f1': [0.09148891807858395, 0.10909419266736373, 0.18594338619390588, 0.2487237203213073, 0.2939305359154404, 0.3253296004326922, 0.3881956071254675], 'train_mae': [2.5726, 2.45552, 2.196633333333333, 2.0222, 2.12604, 2.091013333333333, 1.9971142857142856], 'val_loss': [2.9755056195259093, 3.0175315896224975, 2.4770166188240053, 2.2931465589904785, 1.9655557077407837, 1.898617590522766, 1.6805400304794311], 'val_accuracy': [0.1155, 0.14332, 0.214525, 0.26209, 0.30465, 0.33274, 0.37995], 'val_f1': [0.03416159307212178, 0.06481238364678957, 0.1333338190784778, 0.19889895964043292, 0.2448833979363127, 0.28124183049384294, 0.3548013269687643], 'val_mae': [3.596925, 3.30438, 3.049725, 2.71006, 2.627025, 2.54753, 2.37085], 'jsd': [(0, 0, 0.18723514280063847, 0.23736891999850385, 0.3230897009334441, 0.25523823663918604), (0.13040496687808534, 0.12654365940455523, 0.13578511926160158, 0.26515908167506796, 0.33798890906099965, 0.24006168029881197), (0, 0, 0.09663723166772638, 0.0870105748872203, 0.18062830506741756, 0.15744190095273553), (0.06695421768610572, 0.0623587089269976, 0.12063614112406719, 0.140707196663356, 0.2640990672928296, 0.20366052030914258), (0, 0, 0.07432442241166336, 0.04577243561024199, 0.08605353406992114, 0.10321399552355599), (0.06815754581507988, 0.012368004060323828, 0.04266517007690075, 0.07769943411269123, 0.1736047774484608, 0.17478024629465394), (0, 0, 0.030047490376294374, 0.01304250110896438, 0.05136220774662484, 0.04774019054178502)]}}
AdaptationManager: Configuring next round...
{'client_registry': {'enabled': True, 'params': {}}, 'client_selector': {'enabled': True, 'params': {'selection_strategy': 'Resource-Based', 'selection_criteria': 'CPU', 'selection_value': 2}}, 'client_cluster': {'enabled': False, 'params': {}}, 'message_compressor': {'enabled': False, 'params': {}}, 'model_co-versioning_registry': {'enabled': False, 'params': {}}, 'multi-task_model_trainer': {'enabled': False, 'params': {}}, 'heterogeneous_data_handler': {'enabled': False, 'params': {}}}
{'client_selector': {'enabled': True}, 'client_cluster': {'enabled': False}, 'message_compressor': {'enabled': False}, 'model_co-versioning_registry': {'enabled': False}, 'multi-task_model_trainer': {'enabled': False}, 'heterogeneous_data_handler': {'enabled': False}, 'client_registry': {'enabled': True, 'params': {}}}
client_selector de-activated ❌
Results Aggregated in 50.36 seconds.
{'CNN 16k': {'train_loss': [1.6429396955490112, 1.6900051655960082, 1.6242008541901907, 1.5448965225982667, 1.5242514442157746, 1.4727402635161082, 1.5152880278246743, 1.4153987638282777], 'train_accuracy': [0.4061, 0.39256, 0.41323333333333334, 0.43728, 0.44978, 0.47058666666666665, 0.45427142857142855, 0.48868], 'train_f1': [0.09148891807858395, 0.10909419266736373, 0.18594338619390588, 0.2487237203213073, 0.2939305359154404, 0.3253296004326922, 0.3881956071254675, 0.39758034302698086], 'train_mae': [2.5726, 2.45552, 2.196633333333333, 2.0222, 2.12604, 2.091013333333333, 1.9971142857142856, 1.93704], 'val_loss': [2.9755056195259093, 3.0175315896224975, 2.4770166188240053, 2.2931465589904785, 1.9655557077407837, 1.898617590522766, 1.6805400304794311, 1.6746355430793762], 'val_accuracy': [0.1155, 0.14332, 0.214525, 0.26209, 0.30465, 0.33274, 0.37995, 0.38972], 'val_f1': [0.03416159307212178, 0.06481238364678957, 0.1333338190784778, 0.19889895964043292, 0.2448833979363127, 0.28124183049384294, 0.3548013269687643, 0.36250570090588924], 'val_mae': [3.596925, 3.30438, 3.049725, 2.71006, 2.627025, 2.54753, 2.37085, 2.25463], 'jsd': [(0, 0, 0.18723514280063847, 0.23736891999850385, 0.3230897009334441, 0.25523823663918604), (0.13040496687808534, 0.12654365940455523, 0.13578511926160158, 0.26515908167506796, 0.33798890906099965, 0.24006168029881197), (0, 0, 0.09663723166772638, 0.0870105748872203, 0.18062830506741756, 0.15744190095273553), (0.06695421768610572, 0.0623587089269976, 0.12063614112406719, 0.140707196663356, 0.2640990672928296, 0.20366052030914258), (0, 0, 0.07432442241166336, 0.04577243561024199, 0.08605353406992114, 0.10321399552355599), (0.06815754581507988, 0.012368004060323828, 0.04266517007690075, 0.07769943411269123, 0.1736047774484608, 0.17478024629465394), (0, 0, 0.030047490376294374, 0.01304250110896438, 0.05136220774662484, 0.04774019054178502), (0.03025083592224865, 0.012151306322226564, 0.035107538077647486, 0.050549264407502036, 0.13938008172047905, 0.11827768740860893)]}}
AdaptationManager: Configuring next round...
{'client_registry': {'enabled': True, 'params': {}}, 'client_selector': {'enabled': True, 'params': {'selection_strategy': 'Resource-Based', 'selection_criteria': 'CPU', 'selection_value': 2}}, 'client_cluster': {'enabled': False, 'params': {}}, 'message_compressor': {'enabled': False, 'params': {}}, 'model_co-versioning_registry': {'enabled': False, 'params': {}}, 'multi-task_model_trainer': {'enabled': False, 'params': {}}, 'heterogeneous_data_handler': {'enabled': False, 'params': {}}}
{'client_selector': {'enabled': False}, 'client_cluster': {'enabled': False}, 'message_compressor': {'enabled': False}, 'model_co-versioning_registry': {'enabled': False}, 'multi-task_model_trainer': {'enabled': False}, 'heterogeneous_data_handler': {'enabled': False}, 'client_registry': {'enabled': True, 'params': {}}}
client_selector activated ✅
Client Client 4 participates in this round. (CPU: 2, RAM: 4)
Client Client 5 has insufficient CPU (1). Will not participate in the next FL round.
Client Client 6 has insufficient CPU (1). Will not participate in the next FL round.
Client Client 1 participates in this round. (CPU: 2, RAM: 4)
Client Client 2 participates in this round. (CPU: 2, RAM: 4)
Client Client 3 participates in this round. (CPU: 2, RAM: 4)
Results Aggregated in 54.43 seconds.
{'CNN 16k': {'train_loss': [1.6429396955490112, 1.6900051655960082, 1.6242008541901907, 1.5448965225982667, 1.5242514442157746, 1.4727402635161082, 1.5152880278246743, 1.4153987638282777, 1.419728307888243], 'train_accuracy': [0.4061, 0.39256, 0.41323333333333334, 0.43728, 0.44978, 0.47058666666666665, 0.45427142857142855, 0.48868, 0.48815555555555556], 'train_f1': [0.09148891807858395, 0.10909419266736373, 0.18594338619390588, 0.2487237203213073, 0.2939305359154404, 0.3253296004326922, 0.3881956071254675, 0.39758034302698086, 0.4282039376313352], 'train_mae': [2.5726, 2.45552, 2.196633333333333, 2.0222, 2.12604, 2.091013333333333, 1.9971142857142856, 1.93704, 1.9458333333333333], 'val_loss': [2.9755056195259093, 3.0175315896224975, 2.4770166188240053, 2.2931465589904785, 1.9655557077407837, 1.898617590522766, 1.6805400304794311, 1.6746355430793762, 1.5670490406036377], 'val_accuracy': [0.1155, 0.14332, 0.214525, 0.26209, 0.30465, 0.33274, 0.37995, 0.38972, 0.42365], 'val_f1': [0.03416159307212178, 0.06481238364678957, 0.1333338190784778, 0.19889895964043292, 0.2448833979363127, 0.28124183049384294, 0.3548013269687643, 0.36250570090588924, 0.4008314293492713], 'val_mae': [3.596925, 3.30438, 3.049725, 2.71006, 2.627025, 2.54753, 2.37085, 2.25463, 2.17725], 'jsd': [(0, 0, 0.18723514280063847, 0.23736891999850385, 0.3230897009334441, 0.25523823663918604), (0.13040496687808534, 0.12654365940455523, 0.13578511926160158, 0.26515908167506796, 0.33798890906099965, 0.24006168029881197), (0, 0, 0.09663723166772638, 0.0870105748872203, 0.18062830506741756, 0.15744190095273553), (0.06695421768610572, 0.0623587089269976, 0.12063614112406719, 0.140707196663356, 0.2640990672928296, 0.20366052030914258), (0, 0, 0.07432442241166336, 0.04577243561024199, 0.08605353406992114, 0.10321399552355599), (0.06815754581507988, 0.012368004060323828, 0.04266517007690075, 0.07769943411269123, 0.1736047774484608, 0.17478024629465394), (0, 0, 0.030047490376294374, 0.01304250110896438, 0.05136220774662484, 0.04774019054178502), (0.03025083592224865, 0.012151306322226564, 0.035107538077647486, 0.050549264407502036, 0.13938008172047905, 0.11827768740860893), (0, 0, 0.022076276977657204, 0.011363538022330883, 0.02586800087055292, 0.045633926232213455)]}}
AdaptationManager: Configuring next round...
{'client_registry': {'enabled': True, 'params': {}}, 'client_selector': {'enabled': True, 'params': {'selection_strategy': 'Resource-Based', 'selection_criteria': 'CPU', 'selection_value': 2}}, 'client_cluster': {'enabled': False, 'params': {}}, 'message_compressor': {'enabled': False, 'params': {}}, 'model_co-versioning_registry': {'enabled': False, 'params': {}}, 'multi-task_model_trainer': {'enabled': False, 'params': {}}, 'heterogeneous_data_handler': {'enabled': False, 'params': {}}}
{'client_selector': {'enabled': True}, 'client_cluster': {'enabled': False}, 'message_compressor': {'enabled': False}, 'model_co-versioning_registry': {'enabled': False}, 'multi-task_model_trainer': {'enabled': False}, 'heterogeneous_data_handler': {'enabled': False}, 'client_registry': {'enabled': True, 'params': {}}}
client_selector activated ✅
Client Client 1 participates in this round. (CPU: 2, RAM: 4)
Client Client 4 participates in this round. (CPU: 2, RAM: 4)
Client Client 3 participates in this round. (CPU: 2, RAM: 4)
Client Client 5 has insufficient CPU (1). Will not participate in the next FL round.
Client Client 6 has insufficient CPU (1). Will not participate in the next FL round.
Client Client 2 participates in this round. (CPU: 2, RAM: 4)
Results Aggregated in 58.30 seconds.
{'CNN 16k': {'train_loss': [1.6429396955490112, 1.6900051655960082, 1.6242008541901907, 1.5448965225982667, 1.5242514442157746, 1.4727402635161082, 1.5152880278246743, 1.4153987638282777, 1.419728307888243, 1.3830874160289763], 'train_accuracy': [0.4061, 0.39256, 0.41323333333333334, 0.43728, 0.44978, 0.47058666666666665, 0.45427142857142855, 0.48868, 0.48815555555555556, 0.49895], 'train_f1': [0.09148891807858395, 0.10909419266736373, 0.18594338619390588, 0.2487237203213073, 0.2939305359154404, 0.3253296004326922, 0.3881956071254675, 0.39758034302698086, 0.4282039376313352, 0.44048864715232716], 'train_mae': [2.5726, 2.45552, 2.196633333333333, 2.0222, 2.12604, 2.091013333333333, 1.9971142857142856, 1.93704, 1.9458333333333333, 1.93572], 'val_loss': [2.9755056195259093, 3.0175315896224975, 2.4770166188240053, 2.2931465589904785, 1.9655557077407837, 1.898617590522766, 1.6805400304794311, 1.6746355430793762, 1.5670490406036377, 1.5231955304145812], 'val_accuracy': [0.1155, 0.14332, 0.214525, 0.26209, 0.30465, 0.33274, 0.37995, 0.38972, 0.42365, 0.432525], 'val_f1': [0.03416159307212178, 0.06481238364678957, 0.1333338190784778, 0.19889895964043292, 0.2448833979363127, 0.28124183049384294, 0.3548013269687643, 0.36250570090588924, 0.4008314293492713, 0.41315459561647244], 'val_mae': [3.596925, 3.30438, 3.049725, 2.71006, 2.627025, 2.54753, 2.37085, 2.25463, 2.17725, 2.13505], 'jsd': [(0, 0, 0.18723514280063847, 0.23736891999850385, 0.3230897009334441, 0.25523823663918604), (0.13040496687808534, 0.12654365940455523, 0.13578511926160158, 0.26515908167506796, 0.33798890906099965, 0.24006168029881197), (0, 0, 0.09663723166772638, 0.0870105748872203, 0.18062830506741756, 0.15744190095273553), (0.06695421768610572, 0.0623587089269976, 0.12063614112406719, 0.140707196663356, 0.2640990672928296, 0.20366052030914258), (0, 0, 0.07432442241166336, 0.04577243561024199, 0.08605353406992114, 0.10321399552355599), (0.06815754581507988, 0.012368004060323828, 0.04266517007690075, 0.07769943411269123, 0.1736047774484608, 0.17478024629465394), (0, 0, 0.030047490376294374, 0.01304250110896438, 0.05136220774662484, 0.04774019054178502), (0.03025083592224865, 0.012151306322226564, 0.035107538077647486, 0.050549264407502036, 0.13938008172047905, 0.11827768740860893), (0, 0, 0.022076276977657204, 0.011363538022330883, 0.02586800087055292, 0.045633926232213455), (0, 0, 0.010514007867284713, 0.016383500439113262, 0.0346025163101647, 0.036413720502736446)]}}
AdaptationManager: Configuring next round...
{'client_registry': {'enabled': True, 'params': {}}, 'client_selector': {'enabled': True, 'params': {'selection_strategy': 'Resource-Based', 'selection_criteria': 'CPU', 'selection_value': 2}}, 'client_cluster': {'enabled': False, 'params': {}}, 'message_compressor': {'enabled': False, 'params': {}}, 'model_co-versioning_registry': {'enabled': False, 'params': {}}, 'multi-task_model_trainer': {'enabled': False, 'params': {}}, 'heterogeneous_data_handler': {'enabled': False, 'params': {}}}
{'client_selector': {'enabled': True}, 'client_cluster': {'enabled': False}, 'message_compressor': {'enabled': False}, 'model_co-versioning_registry': {'enabled': False}, 'multi-task_model_trainer': {'enabled': False}, 'heterogeneous_data_handler': {'enabled': False}, 'client_registry': {'enabled': True, 'params': {}}}
client_selector de-activated ❌
Results Aggregated in 62.80 seconds.
{'CNN 16k': {'train_loss': [1.6429396955490112, 1.6900051655960082, 1.6242008541901907, 1.5448965225982667, 1.5242514442157746, 1.4727402635161082, 1.5152880278246743, 1.4153987638282777, 1.419728307888243, 1.3830874160289763, 1.328215030165072], 'train_accuracy': [0.4061, 0.39256, 0.41323333333333334, 0.43728, 0.44978, 0.47058666666666665, 0.45427142857142855, 0.48868, 0.48815555555555556, 0.49895, 0.5225777777777778], 'train_f1': [0.09148891807858395, 0.10909419266736373, 0.18594338619390588, 0.2487237203213073, 0.2939305359154404, 0.3253296004326922, 0.3881956071254675, 0.39758034302698086, 0.4282039376313352, 0.44048864715232716, 0.45376293393163775], 'train_mae': [2.5726, 2.45552, 2.196633333333333, 2.0222, 2.12604, 2.091013333333333, 1.9971142857142856, 1.93704, 1.9458333333333333, 1.93572, 1.7780148148148147], 'val_loss': [2.9755056195259093, 3.0175315896224975, 2.4770166188240053, 2.2931465589904785, 1.9655557077407837, 1.898617590522766, 1.6805400304794311, 1.6746355430793762, 1.5670490406036377, 1.5231955304145812, 1.54438396258884], 'val_accuracy': [0.1155, 0.14332, 0.214525, 0.26209, 0.30465, 0.33274, 0.37995, 0.38972, 0.42365, 0.432525, 0.44353703703703706], 'val_f1': [0.03416159307212178, 0.06481238364678957, 0.1333338190784778, 0.19889895964043292, 0.2448833979363127, 0.28124183049384294, 0.3548013269687643, 0.36250570090588924, 0.4008314293492713, 0.41315459561647244, 0.41920054063398815], 'val_mae': [3.596925, 3.30438, 3.049725, 2.71006, 2.627025, 2.54753, 2.37085, 2.25463, 2.17725, 2.13505, 2.050853703703704], 'jsd': [(0, 0, 0.18723514280063847, 0.23736891999850385, 0.3230897009334441, 0.25523823663918604), (0.13040496687808534, 0.12654365940455523, 0.13578511926160158, 0.26515908167506796, 0.33798890906099965, 0.24006168029881197), (0, 0, 0.09663723166772638, 0.0870105748872203, 0.18062830506741756, 0.15744190095273553), (0.06695421768610572, 0.0623587089269976, 0.12063614112406719, 0.140707196663356, 0.2640990672928296, 0.20366052030914258), (0, 0, 0.07432442241166336, 0.04577243561024199, 0.08605353406992114, 0.10321399552355599), (0.06815754581507988, 0.012368004060323828, 0.04266517007690075, 0.07769943411269123, 0.1736047774484608, 0.17478024629465394), (0, 0, 0.030047490376294374, 0.01304250110896438, 0.05136220774662484, 0.04774019054178502), (0.03025083592224865, 0.012151306322226564, 0.035107538077647486, 0.050549264407502036, 0.13938008172047905, 0.11827768740860893), (0, 0, 0.022076276977657204, 0.011363538022330883, 0.02586800087055292, 0.045633926232213455), (0, 0, 0.010514007867284713, 0.016383500439113262, 0.0346025163101647, 0.036413720502736446), (0.010647265445798509, 0.014004144187991112, 0.0349176334275628, 0.03268320266812047, 0.0951446603740993, 0.08419900913574854)]}}
AdaptationManager: Configuring next round...
{'client_registry': {'enabled': True, 'params': {}}, 'client_selector': {'enabled': True, 'params': {'selection_strategy': 'Resource-Based', 'selection_criteria': 'CPU', 'selection_value': 2}}, 'client_cluster': {'enabled': False, 'params': {}}, 'message_compressor': {'enabled': False, 'params': {}}, 'model_co-versioning_registry': {'enabled': False, 'params': {}}, 'multi-task_model_trainer': {'enabled': False, 'params': {}}, 'heterogeneous_data_handler': {'enabled': False, 'params': {}}}
{'client_selector': {'enabled': False}, 'client_cluster': {'enabled': False}, 'message_compressor': {'enabled': False}, 'model_co-versioning_registry': {'enabled': False}, 'multi-task_model_trainer': {'enabled': False}, 'heterogeneous_data_handler': {'enabled': False}, 'client_registry': {'enabled': True, 'params': {}}}
client_selector activated ✅
Client Client 4 participates in this round. (CPU: 2, RAM: 4)
Client Client 1 participates in this round. (CPU: 2, RAM: 4)
Client Client 5 has insufficient CPU (1). Will not participate in the next FL round.
Client Client 2 participates in this round. (CPU: 2, RAM: 4)
Client Client 6 has insufficient CPU (1). Will not participate in the next FL round.
Client Client 3 participates in this round. (CPU: 2, RAM: 4)
Results Aggregated in 67.04 seconds.
{'CNN 16k': {'train_loss': [1.6429396955490112, 1.6900051655960082, 1.6242008541901907, 1.5448965225982667, 1.5242514442157746, 1.4727402635161082, 1.5152880278246743, 1.4153987638282777, 1.419728307888243, 1.3830874160289763, 1.328215030165072, 1.3230425998369852], 'train_accuracy': [0.4061, 0.39256, 0.41323333333333334, 0.43728, 0.44978, 0.47058666666666665, 0.45427142857142855, 0.48868, 0.48815555555555556, 0.49895, 0.5225777777777778, 0.5239416666666666], 'train_f1': [0.09148891807858395, 0.10909419266736373, 0.18594338619390588, 0.2487237203213073, 0.2939305359154404, 0.3253296004326922, 0.3881956071254675, 0.39758034302698086, 0.4282039376313352, 0.44048864715232716, 0.45376293393163775, 0.4739882618983611], 'train_mae': [2.5726, 2.45552, 2.196633333333333, 2.0222, 2.12604, 2.091013333333333, 1.9971142857142856, 1.93704, 1.9458333333333333, 1.93572, 1.7780148148148147, 1.8039666666666667], 'val_loss': [2.9755056195259093, 3.0175315896224975, 2.4770166188240053, 2.2931465589904785, 1.9655557077407837, 1.898617590522766, 1.6805400304794311, 1.6746355430793762, 1.5670490406036377, 1.5231955304145812, 1.54438396258884, 1.451162186026573], 'val_accuracy': [0.1155, 0.14332, 0.214525, 0.26209, 0.30465, 0.33274, 0.37995, 0.38972, 0.42365, 0.432525, 0.44353703703703706, 0.4697], 'val_f1': [0.03416159307212178, 0.06481238364678957, 0.1333338190784778, 0.19889895964043292, 0.2448833979363127, 0.28124183049384294, 0.3548013269687643, 0.36250570090588924, 0.4008314293492713, 0.41315459561647244, 0.41920054063398815, 0.4453102203334228], 'val_mae': [3.596925, 3.30438, 3.049725, 2.71006, 2.627025, 2.54753, 2.37085, 2.25463, 2.17725, 2.13505, 2.050853703703704, 2.018125], 'jsd': [(0, 0, 0.18723514280063847, 0.23736891999850385, 0.3230897009334441, 0.25523823663918604), (0.13040496687808534, 0.12654365940455523, 0.13578511926160158, 0.26515908167506796, 0.33798890906099965, 0.24006168029881197), (0, 0, 0.09663723166772638, 0.0870105748872203, 0.18062830506741756, 0.15744190095273553), (0.06695421768610572, 0.0623587089269976, 0.12063614112406719, 0.140707196663356, 0.2640990672928296, 0.20366052030914258), (0, 0, 0.07432442241166336, 0.04577243561024199, 0.08605353406992114, 0.10321399552355599), (0.06815754581507988, 0.012368004060323828, 0.04266517007690075, 0.07769943411269123, 0.1736047774484608, 0.17478024629465394), (0, 0, 0.030047490376294374, 0.01304250110896438, 0.05136220774662484, 0.04774019054178502), (0.03025083592224865, 0.012151306322226564, 0.035107538077647486, 0.050549264407502036, 0.13938008172047905, 0.11827768740860893), (0, 0, 0.022076276977657204, 0.011363538022330883, 0.02586800087055292, 0.045633926232213455), (0, 0, 0.010514007867284713, 0.016383500439113262, 0.0346025163101647, 0.036413720502736446), (0.010647265445798509, 0.014004144187991112, 0.0349176334275628, 0.03268320266812047, 0.0951446603740993, 0.08419900913574854), (0, 0, 0.01131731173081802, 0.013637546137325606, 0.022325359984164565, 0.030802366547030544)]}}
AdaptationManager: Configuring next round...
{'client_registry': {'enabled': True, 'params': {}}, 'client_selector': {'enabled': True, 'params': {'selection_strategy': 'Resource-Based', 'selection_criteria': 'CPU', 'selection_value': 2}}, 'client_cluster': {'enabled': False, 'params': {}}, 'message_compressor': {'enabled': False, 'params': {}}, 'model_co-versioning_registry': {'enabled': False, 'params': {}}, 'multi-task_model_trainer': {'enabled': False, 'params': {}}, 'heterogeneous_data_handler': {'enabled': False, 'params': {}}}
{'client_selector': {'enabled': True}, 'client_cluster': {'enabled': False}, 'message_compressor': {'enabled': False}, 'model_co-versioning_registry': {'enabled': False}, 'multi-task_model_trainer': {'enabled': False}, 'heterogeneous_data_handler': {'enabled': False}, 'client_registry': {'enabled': True, 'params': {}}}
client_selector de-activated ❌
Results Aggregated in 71.15 seconds.
{'CNN 16k': {'train_loss': [1.6429396955490112, 1.6900051655960082, 1.6242008541901907, 1.5448965225982667, 1.5242514442157746, 1.4727402635161082, 1.5152880278246743, 1.4153987638282777, 1.419728307888243, 1.3830874160289763, 1.328215030165072, 1.3230425998369852, 1.2957864614397288], 'train_accuracy': [0.4061, 0.39256, 0.41323333333333334, 0.43728, 0.44978, 0.47058666666666665, 0.45427142857142855, 0.48868, 0.48815555555555556, 0.49895, 0.5225777777777778, 0.5239416666666666, 0.53221875], 'train_f1': [0.09148891807858395, 0.10909419266736373, 0.18594338619390588, 0.2487237203213073, 0.2939305359154404, 0.3253296004326922, 0.3881956071254675, 0.39758034302698086, 0.4282039376313352, 0.44048864715232716, 0.45376293393163775, 0.4739882618983611, 0.4838898295937322], 'train_mae': [2.5726, 2.45552, 2.196633333333333, 2.0222, 2.12604, 2.091013333333333, 1.9971142857142856, 1.93704, 1.9458333333333333, 1.93572, 1.7780148148148147, 1.8039666666666667, 1.7814875], 'val_loss': [2.9755056195259093, 3.0175315896224975, 2.4770166188240053, 2.2931465589904785, 1.9655557077407837, 1.898617590522766, 1.6805400304794311, 1.6746355430793762, 1.5670490406036377, 1.5231955304145812, 1.54438396258884, 1.451162186026573, 1.457444438523054], 'val_accuracy': [0.1155, 0.14332, 0.214525, 0.26209, 0.30465, 0.33274, 0.37995, 0.38972, 0.42365, 0.432525, 0.44353703703703706, 0.4697, 0.47244375], 'val_f1': [0.03416159307212178, 0.06481238364678957, 0.1333338190784778, 0.19889895964043292, 0.2448833979363127, 0.28124183049384294, 0.3548013269687643, 0.36250570090588924, 0.4008314293492713, 0.41315459561647244, 0.41920054063398815, 0.4453102203334228, 0.4538113471983984], 'val_mae': [3.596925, 3.30438, 3.049725, 2.71006, 2.627025, 2.54753, 2.37085, 2.25463, 2.17725, 2.13505, 2.050853703703704, 2.018125, 1.9371953125], 'jsd': [(0, 0, 0.18723514280063847, 0.23736891999850385, 0.3230897009334441, 0.25523823663918604), (0.13040496687808534, 0.12654365940455523, 0.13578511926160158, 0.26515908167506796, 0.33798890906099965, 0.24006168029881197), (0, 0, 0.09663723166772638, 0.0870105748872203, 0.18062830506741756, 0.15744190095273553), (0.06695421768610572, 0.0623587089269976, 0.12063614112406719, 0.140707196663356, 0.2640990672928296, 0.20366052030914258), (0, 0, 0.07432442241166336, 0.04577243561024199, 0.08605353406992114, 0.10321399552355599), (0.06815754581507988, 0.012368004060323828, 0.04266517007690075, 0.07769943411269123, 0.1736047774484608, 0.17478024629465394), (0, 0, 0.030047490376294374, 0.01304250110896438, 0.05136220774662484, 0.04774019054178502), (0.03025083592224865, 0.012151306322226564, 0.035107538077647486, 0.050549264407502036, 0.13938008172047905, 0.11827768740860893), (0, 0, 0.022076276977657204, 0.011363538022330883, 0.02586800087055292, 0.045633926232213455), (0, 0, 0.010514007867284713, 0.016383500439113262, 0.0346025163101647, 0.036413720502736446), (0.010647265445798509, 0.014004144187991112, 0.0349176334275628, 0.03268320266812047, 0.0951446603740993, 0.08419900913574854), (0, 0, 0.01131731173081802, 0.013637546137325606, 0.022325359984164565, 0.030802366547030544), (0.009752332789832525, 0.012177192548806403, 0.0220835314280984, 0.007070075844078235, 0.08004489745334113, 0.07640133024456534)]}}
AdaptationManager: Configuring next round...
{'client_registry': {'enabled': True, 'params': {}}, 'client_selector': {'enabled': True, 'params': {'selection_strategy': 'Resource-Based', 'selection_criteria': 'CPU', 'selection_value': 2}}, 'client_cluster': {'enabled': False, 'params': {}}, 'message_compressor': {'enabled': False, 'params': {}}, 'model_co-versioning_registry': {'enabled': False, 'params': {}}, 'multi-task_model_trainer': {'enabled': False, 'params': {}}, 'heterogeneous_data_handler': {'enabled': False, 'params': {}}}
{'client_selector': {'enabled': False}, 'client_cluster': {'enabled': False}, 'message_compressor': {'enabled': False}, 'model_co-versioning_registry': {'enabled': False}, 'multi-task_model_trainer': {'enabled': False}, 'heterogeneous_data_handler': {'enabled': False}, 'client_registry': {'enabled': True, 'params': {}}}
client_selector activated ✅
Client Client 1 participates in this round. (CPU: 2, RAM: 4)
Client Client 4 participates in this round. (CPU: 2, RAM: 4)
Client Client 2 participates in this round. (CPU: 2, RAM: 4)
Client Client 5 has insufficient CPU (1). Will not participate in the next FL round.
Client Client 3 participates in this round. (CPU: 2, RAM: 4)
Client Client 6 has insufficient CPU (1). Will not participate in the next FL round.
Results Aggregated in 73.60 seconds.
{'CNN 16k': {'train_loss': [1.6429396955490112, 1.6900051655960082, 1.6242008541901907, 1.5448965225982667, 1.5242514442157746, 1.4727402635161082, 1.5152880278246743, 1.4153987638282777, 1.419728307888243, 1.3830874160289763, 1.328215030165072, 1.3230425998369852, 1.2957864614397288, 1.2869377662454333], 'train_accuracy': [0.4061, 0.39256, 0.41323333333333334, 0.43728, 0.44978, 0.47058666666666665, 0.45427142857142855, 0.48868, 0.48815555555555556, 0.49895, 0.5225777777777778, 0.5239416666666666, 0.53221875, 0.5361928571428571], 'train_f1': [0.09148891807858395, 0.10909419266736373, 0.18594338619390588, 0.2487237203213073, 0.2939305359154404, 0.3253296004326922, 0.3881956071254675, 0.39758034302698086, 0.4282039376313352, 0.44048864715232716, 0.45376293393163775, 0.4739882618983611, 0.4838898295937322, 0.5133274044122109], 'train_mae': [2.5726, 2.45552, 2.196633333333333, 2.0222, 2.12604, 2.091013333333333, 1.9971142857142856, 1.93704, 1.9458333333333333, 1.93572, 1.7780148148148147, 1.8039666666666667, 1.7814875, 1.7529], 'val_loss': [2.9755056195259093, 3.0175315896224975, 2.4770166188240053, 2.2931465589904785, 1.9655557077407837, 1.898617590522766, 1.6805400304794311, 1.6746355430793762, 1.5670490406036377, 1.5231955304145812, 1.54438396258884, 1.451162186026573, 1.457444438523054, 1.373236473751068], 'val_accuracy': [0.1155, 0.14332, 0.214525, 0.26209, 0.30465, 0.33274, 0.37995, 0.38972, 0.42365, 0.432525, 0.44353703703703706, 0.4697, 0.47244375, 0.500625], 'val_f1': [0.03416159307212178, 0.06481238364678957, 0.1333338190784778, 0.19889895964043292, 0.2448833979363127, 0.28124183049384294, 0.3548013269687643, 0.36250570090588924, 0.4008314293492713, 0.41315459561647244, 0.41920054063398815, 0.4453102203334228, 0.4538113471983984, 0.48980427760090284], 'val_mae': [3.596925, 3.30438, 3.049725, 2.71006, 2.627025, 2.54753, 2.37085, 2.25463, 2.17725, 2.13505, 2.050853703703704, 2.018125, 1.9371953125, 1.840075], 'jsd': [(0, 0, 0.18723514280063847, 0.23736891999850385, 0.3230897009334441, 0.25523823663918604), (0.13040496687808534, 0.12654365940455523, 0.13578511926160158, 0.26515908167506796, 0.33798890906099965, 0.24006168029881197), (0, 0, 0.09663723166772638, 0.0870105748872203, 0.18062830506741756, 0.15744190095273553), (0.06695421768610572, 0.0623587089269976, 0.12063614112406719, 0.140707196663356, 0.2640990672928296, 0.20366052030914258), (0, 0, 0.07432442241166336, 0.04577243561024199, 0.08605353406992114, 0.10321399552355599), (0.06815754581507988, 0.012368004060323828, 0.04266517007690075, 0.07769943411269123, 0.1736047774484608, 0.17478024629465394), (0, 0, 0.030047490376294374, 0.01304250110896438, 0.05136220774662484, 0.04774019054178502), (0.03025083592224865, 0.012151306322226564, 0.035107538077647486, 0.050549264407502036, 0.13938008172047905, 0.11827768740860893), (0, 0, 0.022076276977657204, 0.011363538022330883, 0.02586800087055292, 0.045633926232213455), (0, 0, 0.010514007867284713, 0.016383500439113262, 0.0346025163101647, 0.036413720502736446), (0.010647265445798509, 0.014004144187991112, 0.0349176334275628, 0.03268320266812047, 0.0951446603740993, 0.08419900913574854), (0, 0, 0.01131731173081802, 0.013637546137325606, 0.022325359984164565, 0.030802366547030544), (0.009752332789832525, 0.012177192548806403, 0.0220835314280984, 0.007070075844078235, 0.08004489745334113, 0.07640133024456534), (0, 0, 0.002464419301166569, 0.013570239117014042, 0.0137055225382362, 0.006146049782901039)]}}
AdaptationManager: Configuring next round...
{'client_registry': {'enabled': True, 'params': {}}, 'client_selector': {'enabled': True, 'params': {'selection_strategy': 'Resource-Based', 'selection_criteria': 'CPU', 'selection_value': 2}}, 'client_cluster': {'enabled': False, 'params': {}}, 'message_compressor': {'enabled': False, 'params': {}}, 'model_co-versioning_registry': {'enabled': False, 'params': {}}, 'multi-task_model_trainer': {'enabled': False, 'params': {}}, 'heterogeneous_data_handler': {'enabled': False, 'params': {}}}
{'client_selector': {'enabled': True}, 'client_cluster': {'enabled': False}, 'message_compressor': {'enabled': False}, 'model_co-versioning_registry': {'enabled': False}, 'multi-task_model_trainer': {'enabled': False}, 'heterogeneous_data_handler': {'enabled': False}, 'client_registry': {'enabled': True, 'params': {}}}
client_selector activated ✅
Client Client 4 participates in this round. (CPU: 2, RAM: 4)
Client Client 5 has insufficient CPU (1). Will not participate in the next FL round.
Client Client 2 participates in this round. (CPU: 2, RAM: 4)
Client Client 1 participates in this round. (CPU: 2, RAM: 4)
Client Client 6 has insufficient CPU (1). Will not participate in the next FL round.
Client Client 3 participates in this round. (CPU: 2, RAM: 4)
Results Aggregated in 77.35 seconds.
{'CNN 16k': {'train_loss': [1.6429396955490112, 1.6900051655960082, 1.6242008541901907, 1.5448965225982667, 1.5242514442157746, 1.4727402635161082, 1.5152880278246743, 1.4153987638282777, 1.419728307888243, 1.3830874160289763, 1.328215030165072, 1.3230425998369852, 1.2957864614397288, 1.2869377662454333, 1.2724687298901876], 'train_accuracy': [0.4061, 0.39256, 0.41323333333333334, 0.43728, 0.44978, 0.47058666666666665, 0.45427142857142855, 0.48868, 0.48815555555555556, 0.49895, 0.5225777777777778, 0.5239416666666666, 0.53221875, 0.5361928571428571, 0.5430333333333334], 'train_f1': [0.09148891807858395, 0.10909419266736373, 0.18594338619390588, 0.2487237203213073, 0.2939305359154404, 0.3253296004326922, 0.3881956071254675, 0.39758034302698086, 0.4282039376313352, 0.44048864715232716, 0.45376293393163775, 0.4739882618983611, 0.4838898295937322, 0.5133274044122109, 0.5272067124581479], 'train_mae': [2.5726, 2.45552, 2.196633333333333, 2.0222, 2.12604, 2.091013333333333, 1.9971142857142856, 1.93704, 1.9458333333333333, 1.93572, 1.7780148148148147, 1.8039666666666667, 1.7814875, 1.7529, 1.7119466666666667], 'val_loss': [2.9755056195259093, 3.0175315896224975, 2.4770166188240053, 2.2931465589904785, 1.9655557077407837, 1.898617590522766, 1.6805400304794311, 1.6746355430793762, 1.5670490406036377, 1.5231955304145812, 1.54438396258884, 1.451162186026573, 1.457444438523054, 1.373236473751068, 1.3617347853899002], 'val_accuracy': [0.1155, 0.14332, 0.214525, 0.26209, 0.30465, 0.33274, 0.37995, 0.38972, 0.42365, 0.432525, 0.44353703703703706, 0.4697, 0.47244375, 0.500625, 0.51195], 'val_f1': [0.03416159307212178, 0.06481238364678957, 0.1333338190784778, 0.19889895964043292, 0.2448833979363127, 0.28124183049384294, 0.3548013269687643, 0.36250570090588924, 0.4008314293492713, 0.41315459561647244, 0.41920054063398815, 0.4453102203334228, 0.4538113471983984, 0.48980427760090284, 0.5051981830145705], 'val_mae': [3.596925, 3.30438, 3.049725, 2.71006, 2.627025, 2.54753, 2.37085, 2.25463, 2.17725, 2.13505, 2.050853703703704, 2.018125, 1.9371953125, 1.840075, 1.79195], 'jsd': [(0, 0, 0.18723514280063847, 0.23736891999850385, 0.3230897009334441, 0.25523823663918604), (0.13040496687808534, 0.12654365940455523, 0.13578511926160158, 0.26515908167506796, 0.33798890906099965, 0.24006168029881197), (0, 0, 0.09663723166772638, 0.0870105748872203, 0.18062830506741756, 0.15744190095273553), (0.06695421768610572, 0.0623587089269976, 0.12063614112406719, 0.140707196663356, 0.2640990672928296, 0.20366052030914258), (0, 0, 0.07432442241166336, 0.04577243561024199, 0.08605353406992114, 0.10321399552355599), (0.06815754581507988, 0.012368004060323828, 0.04266517007690075, 0.07769943411269123, 0.1736047774484608, 0.17478024629465394), (0, 0, 0.030047490376294374, 0.01304250110896438, 0.05136220774662484, 0.04774019054178502), (0.03025083592224865, 0.012151306322226564, 0.035107538077647486, 0.050549264407502036, 0.13938008172047905, 0.11827768740860893), (0, 0, 0.022076276977657204, 0.011363538022330883, 0.02586800087055292, 0.045633926232213455), (0, 0, 0.010514007867284713, 0.016383500439113262, 0.0346025163101647, 0.036413720502736446), (0.010647265445798509, 0.014004144187991112, 0.0349176334275628, 0.03268320266812047, 0.0951446603740993, 0.08419900913574854), (0, 0, 0.01131731173081802, 0.013637546137325606, 0.022325359984164565, 0.030802366547030544), (0.009752332789832525, 0.012177192548806403, 0.0220835314280984, 0.007070075844078235, 0.08004489745334113, 0.07640133024456534), (0, 0, 0.002464419301166569, 0.013570239117014042, 0.0137055225382362, 0.006146049782901039), (0, 0, 0.0028236875361363294, 0.00964905376623946, 0.005502469273547812, 0.005417985767444845)]}}
AdaptationManager: Configuring next round...
{'client_registry': {'enabled': True, 'params': {}}, 'client_selector': {'enabled': True, 'params': {'selection_strategy': 'Resource-Based', 'selection_criteria': 'CPU', 'selection_value': 2}}, 'client_cluster': {'enabled': False, 'params': {}}, 'message_compressor': {'enabled': False, 'params': {}}, 'model_co-versioning_registry': {'enabled': False, 'params': {}}, 'multi-task_model_trainer': {'enabled': False, 'params': {}}, 'heterogeneous_data_handler': {'enabled': False, 'params': {}}}
{'client_selector': {'enabled': True}, 'client_cluster': {'enabled': False}, 'message_compressor': {'enabled': False}, 'model_co-versioning_registry': {'enabled': False}, 'multi-task_model_trainer': {'enabled': False}, 'heterogeneous_data_handler': {'enabled': False}, 'client_registry': {'enabled': True, 'params': {}}}
client_selector de-activated ❌
Results Aggregated in 80.38 seconds.
{'CNN 16k': {'train_loss': [1.6429396955490112, 1.6900051655960082, 1.6242008541901907, 1.5448965225982667, 1.5242514442157746, 1.4727402635161082, 1.5152880278246743, 1.4153987638282777, 1.419728307888243, 1.3830874160289763, 1.328215030165072, 1.3230425998369852, 1.2957864614397288, 1.2869377662454333, 1.2724687298901876, 1.246902076755426], 'train_accuracy': [0.4061, 0.39256, 0.41323333333333334, 0.43728, 0.44978, 0.47058666666666665, 0.45427142857142855, 0.48868, 0.48815555555555556, 0.49895, 0.5225777777777778, 0.5239416666666666, 0.53221875, 0.5361928571428571, 0.5430333333333334, 0.5502358974358974], 'train_f1': [0.09148891807858395, 0.10909419266736373, 0.18594338619390588, 0.2487237203213073, 0.2939305359154404, 0.3253296004326922, 0.3881956071254675, 0.39758034302698086, 0.4282039376313352, 0.44048864715232716, 0.45376293393163775, 0.4739882618983611, 0.4838898295937322, 0.5133274044122109, 0.5272067124581479, 0.528329488576446], 'train_mae': [2.5726, 2.45552, 2.196633333333333, 2.0222, 2.12604, 2.091013333333333, 1.9971142857142856, 1.93704, 1.9458333333333333, 1.93572, 1.7780148148148147, 1.8039666666666667, 1.7814875, 1.7529, 1.7119466666666667, 1.6528769230769231], 'val_loss': [2.9755056195259093, 3.0175315896224975, 2.4770166188240053, 2.2931465589904785, 1.9655557077407837, 1.898617590522766, 1.6805400304794311, 1.6746355430793762, 1.5670490406036377, 1.5231955304145812, 1.54438396258884, 1.451162186026573, 1.457444438523054, 1.373236473751068, 1.3617347853899002, 1.365719724602577], 'val_accuracy': [0.1155, 0.14332, 0.214525, 0.26209, 0.30465, 0.33274, 0.37995, 0.38972, 0.42365, 0.432525, 0.44353703703703706, 0.4697, 0.47244375, 0.500625, 0.51195, 0.513523076923077], 'val_f1': [0.03416159307212178, 0.06481238364678957, 0.1333338190784778, 0.19889895964043292, 0.2448833979363127, 0.28124183049384294, 0.3548013269687643, 0.36250570090588924, 0.4008314293492713, 0.41315459561647244, 0.41920054063398815, 0.4453102203334228, 0.4538113471983984, 0.48980427760090284, 0.5051981830145705, 0.5050567562836087], 'val_mae': [3.596925, 3.30438, 3.049725, 2.71006, 2.627025, 2.54753, 2.37085, 2.25463, 2.17725, 2.13505, 2.050853703703704, 2.018125, 1.9371953125, 1.840075, 1.79195, 1.754548717948718], 'jsd': [(0, 0, 0.18723514280063847, 0.23736891999850385, 0.3230897009334441, 0.25523823663918604), (0.13040496687808534, 0.12654365940455523, 0.13578511926160158, 0.26515908167506796, 0.33798890906099965, 0.24006168029881197), (0, 0, 0.09663723166772638, 0.0870105748872203, 0.18062830506741756, 0.15744190095273553), (0.06695421768610572, 0.0623587089269976, 0.12063614112406719, 0.140707196663356, 0.2640990672928296, 0.20366052030914258), (0, 0, 0.07432442241166336, 0.04577243561024199, 0.08605353406992114, 0.10321399552355599), (0.06815754581507988, 0.012368004060323828, 0.04266517007690075, 0.07769943411269123, 0.1736047774484608, 0.17478024629465394), (0, 0, 0.030047490376294374, 0.01304250110896438, 0.05136220774662484, 0.04774019054178502), (0.03025083592224865, 0.012151306322226564, 0.035107538077647486, 0.050549264407502036, 0.13938008172047905, 0.11827768740860893), (0, 0, 0.022076276977657204, 0.011363538022330883, 0.02586800087055292, 0.045633926232213455), (0, 0, 0.010514007867284713, 0.016383500439113262, 0.0346025163101647, 0.036413720502736446), (0.010647265445798509, 0.014004144187991112, 0.0349176334275628, 0.03268320266812047, 0.0951446603740993, 0.08419900913574854), (0, 0, 0.01131731173081802, 0.013637546137325606, 0.022325359984164565, 0.030802366547030544), (0.009752332789832525, 0.012177192548806403, 0.0220835314280984, 0.007070075844078235, 0.08004489745334113, 0.07640133024456534), (0, 0, 0.002464419301166569, 0.013570239117014042, 0.0137055225382362, 0.006146049782901039), (0, 0, 0.0028236875361363294, 0.00964905376623946, 0.005502469273547812, 0.005417985767444845), (0.002793792513375052, 0.010869945492507822, 0.004155600394167596, 0.0032240583278562553, 0.04867945266061599, 0.07215863208956035)]}}
AdaptationManager: Configuring next round...
{'client_registry': {'enabled': True, 'params': {}}, 'client_selector': {'enabled': True, 'params': {'selection_strategy': 'Resource-Based', 'selection_criteria': 'CPU', 'selection_value': 2}}, 'client_cluster': {'enabled': False, 'params': {}}, 'message_compressor': {'enabled': False, 'params': {}}, 'model_co-versioning_registry': {'enabled': False, 'params': {}}, 'multi-task_model_trainer': {'enabled': False, 'params': {}}, 'heterogeneous_data_handler': {'enabled': False, 'params': {}}}
{'client_selector': {'enabled': False}, 'client_cluster': {'enabled': False}, 'message_compressor': {'enabled': False}, 'model_co-versioning_registry': {'enabled': False}, 'multi-task_model_trainer': {'enabled': False}, 'heterogeneous_data_handler': {'enabled': False}, 'client_registry': {'enabled': True, 'params': {}}}
client_selector activated ✅
Client Client 4 participates in this round. (CPU: 2, RAM: 4)
Client Client 5 has insufficient CPU (1). Will not participate in the next FL round.
Client Client 6 has insufficient CPU (1). Will not participate in the next FL round.
Client Client 1 participates in this round. (CPU: 2, RAM: 4)
Client Client 3 participates in this round. (CPU: 2, RAM: 4)
Client Client 2 participates in this round. (CPU: 2, RAM: 4)
Results Aggregated in 85.48 seconds.
{'CNN 16k': {'train_loss': [1.6429396955490112, 1.6900051655960082, 1.6242008541901907, 1.5448965225982667, 1.5242514442157746, 1.4727402635161082, 1.5152880278246743, 1.4153987638282777, 1.419728307888243, 1.3830874160289763, 1.328215030165072, 1.3230425998369852, 1.2957864614397288, 1.2869377662454333, 1.2724687298901876, 1.246902076755426, 1.2571399899286382], 'train_accuracy': [0.4061, 0.39256, 0.41323333333333334, 0.43728, 0.44978, 0.47058666666666665, 0.45427142857142855, 0.48868, 0.48815555555555556, 0.49895, 0.5225777777777778, 0.5239416666666666, 0.53221875, 0.5361928571428571, 0.5430333333333334, 0.5502358974358974, 0.547564705882353], 'train_f1': [0.09148891807858395, 0.10909419266736373, 0.18594338619390588, 0.2487237203213073, 0.2939305359154404, 0.3253296004326922, 0.3881956071254675, 0.39758034302698086, 0.4282039376313352, 0.44048864715232716, 0.45376293393163775, 0.4739882618983611, 0.4838898295937322, 0.5133274044122109, 0.5272067124581479, 0.528329488576446, 0.540899538795729], 'train_mae': [2.5726, 2.45552, 2.196633333333333, 2.0222, 2.12604, 2.091013333333333, 1.9971142857142856, 1.93704, 1.9458333333333333, 1.93572, 1.7780148148148147, 1.8039666666666667, 1.7814875, 1.7529, 1.7119466666666667, 1.6528769230769231, 1.6209529411764705], 'val_loss': [2.9755056195259093, 3.0175315896224975, 2.4770166188240053, 2.2931465589904785, 1.9655557077407837, 1.898617590522766, 1.6805400304794311, 1.6746355430793762, 1.5670490406036377, 1.5231955304145812, 1.54438396258884, 1.451162186026573, 1.457444438523054, 1.373236473751068, 1.3617347853899002, 1.365719724602577, 1.325228244137764], 'val_accuracy': [0.1155, 0.14332, 0.214525, 0.26209, 0.30465, 0.33274, 0.37995, 0.38972, 0.42365, 0.432525, 0.44353703703703706, 0.4697, 0.47244375, 0.500625, 0.51195, 0.513523076923077, 0.52655], 'val_f1': [0.03416159307212178, 0.06481238364678957, 0.1333338190784778, 0.19889895964043292, 0.2448833979363127, 0.28124183049384294, 0.3548013269687643, 0.36250570090588924, 0.4008314293492713, 0.41315459561647244, 0.41920054063398815, 0.4453102203334228, 0.4538113471983984, 0.48980427760090284, 0.5051981830145705, 0.5050567562836087, 0.521044505112403], 'val_mae': [3.596925, 3.30438, 3.049725, 2.71006, 2.627025, 2.54753, 2.37085, 2.25463, 2.17725, 2.13505, 2.050853703703704, 2.018125, 1.9371953125, 1.840075, 1.79195, 1.754548717948718, 1.6991], 'jsd': [(0, 0, 0.18723514280063847, 0.23736891999850385, 0.3230897009334441, 0.25523823663918604), (0.13040496687808534, 0.12654365940455523, 0.13578511926160158, 0.26515908167506796, 0.33798890906099965, 0.24006168029881197), (0, 0, 0.09663723166772638, 0.0870105748872203, 0.18062830506741756, 0.15744190095273553), (0.06695421768610572, 0.0623587089269976, 0.12063614112406719, 0.140707196663356, 0.2640990672928296, 0.20366052030914258), (0, 0, 0.07432442241166336, 0.04577243561024199, 0.08605353406992114, 0.10321399552355599), (0.06815754581507988, 0.012368004060323828, 0.04266517007690075, 0.07769943411269123, 0.1736047774484608, 0.17478024629465394), (0, 0, 0.030047490376294374, 0.01304250110896438, 0.05136220774662484, 0.04774019054178502), (0.03025083592224865, 0.012151306322226564, 0.035107538077647486, 0.050549264407502036, 0.13938008172047905, 0.11827768740860893), (0, 0, 0.022076276977657204, 0.011363538022330883, 0.02586800087055292, 0.045633926232213455), (0, 0, 0.010514007867284713, 0.016383500439113262, 0.0346025163101647, 0.036413720502736446), (0.010647265445798509, 0.014004144187991112, 0.0349176334275628, 0.03268320266812047, 0.0951446603740993, 0.08419900913574854), (0, 0, 0.01131731173081802, 0.013637546137325606, 0.022325359984164565, 0.030802366547030544), (0.009752332789832525, 0.012177192548806403, 0.0220835314280984, 0.007070075844078235, 0.08004489745334113, 0.07640133024456534), (0, 0, 0.002464419301166569, 0.013570239117014042, 0.0137055225382362, 0.006146049782901039), (0, 0, 0.0028236875361363294, 0.00964905376623946, 0.005502469273547812, 0.005417985767444845), (0.002793792513375052, 0.010869945492507822, 0.004155600394167596, 0.0032240583278562553, 0.04867945266061599, 0.07215863208956035), (0, 0, 0.002565851547684902, 0.00596631904607958, 0.0051046475319938426, 0.001262687432959215)]}}
AdaptationManager: Configuring next round...
{'client_registry': {'enabled': True, 'params': {}}, 'client_selector': {'enabled': True, 'params': {'selection_strategy': 'Resource-Based', 'selection_criteria': 'CPU', 'selection_value': 2}}, 'client_cluster': {'enabled': False, 'params': {}}, 'message_compressor': {'enabled': False, 'params': {}}, 'model_co-versioning_registry': {'enabled': False, 'params': {}}, 'multi-task_model_trainer': {'enabled': False, 'params': {}}, 'heterogeneous_data_handler': {'enabled': False, 'params': {}}}
{'client_selector': {'enabled': True}, 'client_cluster': {'enabled': False}, 'message_compressor': {'enabled': False}, 'model_co-versioning_registry': {'enabled': False}, 'multi-task_model_trainer': {'enabled': False}, 'heterogeneous_data_handler': {'enabled': False}, 'client_registry': {'enabled': True, 'params': {}}}
client_selector activated ✅
Client Client 3 participates in this round. (CPU: 2, RAM: 4)
Client Client 4 participates in this round. (CPU: 2, RAM: 4)
Client Client 2 participates in this round. (CPU: 2, RAM: 4)
Client Client 6 has insufficient CPU (1). Will not participate in the next FL round.
Client Client 1 participates in this round. (CPU: 2, RAM: 4)
Client Client 5 has insufficient CPU (1). Will not participate in the next FL round.
Results Aggregated in 86.31 seconds.
{'CNN 16k': {'train_loss': [1.6429396955490112, 1.6900051655960082, 1.6242008541901907, 1.5448965225982667, 1.5242514442157746, 1.4727402635161082, 1.5152880278246743, 1.4153987638282777, 1.419728307888243, 1.3830874160289763, 1.328215030165072, 1.3230425998369852, 1.2957864614397288, 1.2869377662454333, 1.2724687298901876, 1.246902076755426, 1.2571399899286382, 1.223564262930552], 'train_accuracy': [0.4061, 0.39256, 0.41323333333333334, 0.43728, 0.44978, 0.47058666666666665, 0.45427142857142855, 0.48868, 0.48815555555555556, 0.49895, 0.5225777777777778, 0.5239416666666666, 0.53221875, 0.5361928571428571, 0.5430333333333334, 0.5502358974358974, 0.547564705882353, 0.5605888888888889], 'train_f1': [0.09148891807858395, 0.10909419266736373, 0.18594338619390588, 0.2487237203213073, 0.2939305359154404, 0.3253296004326922, 0.3881956071254675, 0.39758034302698086, 0.4282039376313352, 0.44048864715232716, 0.45376293393163775, 0.4739882618983611, 0.4838898295937322, 0.5133274044122109, 0.5272067124581479, 0.528329488576446, 0.540899538795729, 0.5534183075445176], 'train_mae': [2.5726, 2.45552, 2.196633333333333, 2.0222, 2.12604, 2.091013333333333, 1.9971142857142856, 1.93704, 1.9458333333333333, 1.93572, 1.7780148148148147, 1.8039666666666667, 1.7814875, 1.7529, 1.7119466666666667, 1.6528769230769231, 1.6209529411764705, 1.599911111111111], 'val_loss': [2.9755056195259093, 3.0175315896224975, 2.4770166188240053, 2.2931465589904785, 1.9655557077407837, 1.898617590522766, 1.6805400304794311, 1.6746355430793762, 1.5670490406036377, 1.5231955304145812, 1.54438396258884, 1.451162186026573, 1.457444438523054, 1.373236473751068, 1.3617347853899002, 1.365719724602577, 1.325228244137764, 1.3034702238082885], 'val_accuracy': [0.1155, 0.14332, 0.214525, 0.26209, 0.30465, 0.33274, 0.37995, 0.38972, 0.42365, 0.432525, 0.44353703703703706, 0.4697, 0.47244375, 0.500625, 0.51195, 0.513523076923077, 0.52655, 0.533875], 'val_f1': [0.03416159307212178, 0.06481238364678957, 0.1333338190784778, 0.19889895964043292, 0.2448833979363127, 0.28124183049384294, 0.3548013269687643, 0.36250570090588924, 0.4008314293492713, 0.41315459561647244, 0.41920054063398815, 0.4453102203334228, 0.4538113471983984, 0.48980427760090284, 0.5051981830145705, 0.5050567562836087, 0.521044505112403, 0.5282848818627309], 'val_mae': [3.596925, 3.30438, 3.049725, 2.71006, 2.627025, 2.54753, 2.37085, 2.25463, 2.17725, 2.13505, 2.050853703703704, 2.018125, 1.9371953125, 1.840075, 1.79195, 1.754548717948718, 1.6991, 1.70235], 'jsd': [(0, 0, 0.18723514280063847, 0.23736891999850385, 0.3230897009334441, 0.25523823663918604), (0.13040496687808534, 0.12654365940455523, 0.13578511926160158, 0.26515908167506796, 0.33798890906099965, 0.24006168029881197), (0, 0, 0.09663723166772638, 0.0870105748872203, 0.18062830506741756, 0.15744190095273553), (0.06695421768610572, 0.0623587089269976, 0.12063614112406719, 0.140707196663356, 0.2640990672928296, 0.20366052030914258), (0, 0, 0.07432442241166336, 0.04577243561024199, 0.08605353406992114, 0.10321399552355599), (0.06815754581507988, 0.012368004060323828, 0.04266517007690075, 0.07769943411269123, 0.1736047774484608, 0.17478024629465394), (0, 0, 0.030047490376294374, 0.01304250110896438, 0.05136220774662484, 0.04774019054178502), (0.03025083592224865, 0.012151306322226564, 0.035107538077647486, 0.050549264407502036, 0.13938008172047905, 0.11827768740860893), (0, 0, 0.022076276977657204, 0.011363538022330883, 0.02586800087055292, 0.045633926232213455), (0, 0, 0.010514007867284713, 0.016383500439113262, 0.0346025163101647, 0.036413720502736446), (0.010647265445798509, 0.014004144187991112, 0.0349176334275628, 0.03268320266812047, 0.0951446603740993, 0.08419900913574854), (0, 0, 0.01131731173081802, 0.013637546137325606, 0.022325359984164565, 0.030802366547030544), (0.009752332789832525, 0.012177192548806403, 0.0220835314280984, 0.007070075844078235, 0.08004489745334113, 0.07640133024456534), (0, 0, 0.002464419301166569, 0.013570239117014042, 0.0137055225382362, 0.006146049782901039), (0, 0, 0.0028236875361363294, 0.00964905376623946, 0.005502469273547812, 0.005417985767444845), (0.002793792513375052, 0.010869945492507822, 0.004155600394167596, 0.0032240583278562553, 0.04867945266061599, 0.07215863208956035), (0, 0, 0.002565851547684902, 0.00596631904607958, 0.0051046475319938426, 0.001262687432959215), (0, 0, 0.001037787040719398, 0.004892113350219338, 0.0022978785413730564, 0.0007785515098554857)]}}
AdaptationManager: Configuring next round...
{'client_registry': {'enabled': True, 'params': {}}, 'client_selector': {'enabled': True, 'params': {'selection_strategy': 'Resource-Based', 'selection_criteria': 'CPU', 'selection_value': 2}}, 'client_cluster': {'enabled': False, 'params': {}}, 'message_compressor': {'enabled': False, 'params': {}}, 'model_co-versioning_registry': {'enabled': False, 'params': {}}, 'multi-task_model_trainer': {'enabled': False, 'params': {}}, 'heterogeneous_data_handler': {'enabled': False, 'params': {}}}
{'client_selector': {'enabled': True}, 'client_cluster': {'enabled': False}, 'message_compressor': {'enabled': False}, 'model_co-versioning_registry': {'enabled': False}, 'multi-task_model_trainer': {'enabled': False}, 'heterogeneous_data_handler': {'enabled': False}, 'client_registry': {'enabled': True, 'params': {}}}
client_selector de-activated ❌
Results Aggregated in 95.15 seconds.
{'CNN 16k': {'train_loss': [1.6429396955490112, 1.6900051655960082, 1.6242008541901907, 1.5448965225982667, 1.5242514442157746, 1.4727402635161082, 1.5152880278246743, 1.4153987638282777, 1.419728307888243, 1.3830874160289763, 1.328215030165072, 1.3230425998369852, 1.2957864614397288, 1.2869377662454333, 1.2724687298901876, 1.246902076755426, 1.2571399899286382, 1.223564262930552, 1.1941859522518905], 'train_accuracy': [0.4061, 0.39256, 0.41323333333333334, 0.43728, 0.44978, 0.47058666666666665, 0.45427142857142855, 0.48868, 0.48815555555555556, 0.49895, 0.5225777777777778, 0.5239416666666666, 0.53221875, 0.5361928571428571, 0.5430333333333334, 0.5502358974358974, 0.547564705882353, 0.5605888888888889, 0.5726652173913044], 'train_f1': [0.09148891807858395, 0.10909419266736373, 0.18594338619390588, 0.2487237203213073, 0.2939305359154404, 0.3253296004326922, 0.3881956071254675, 0.39758034302698086, 0.4282039376313352, 0.44048864715232716, 0.45376293393163775, 0.4739882618983611, 0.4838898295937322, 0.5133274044122109, 0.5272067124581479, 0.528329488576446, 0.540899538795729, 0.5534183075445176, 0.5570916253884454], 'train_mae': [2.5726, 2.45552, 2.196633333333333, 2.0222, 2.12604, 2.091013333333333, 1.9971142857142856, 1.93704, 1.9458333333333333, 1.93572, 1.7780148148148147, 1.8039666666666667, 1.7814875, 1.7529, 1.7119466666666667, 1.6528769230769231, 1.6209529411764705, 1.599911111111111, 1.539108695652174], 'val_loss': [2.9755056195259093, 3.0175315896224975, 2.4770166188240053, 2.2931465589904785, 1.9655557077407837, 1.898617590522766, 1.6805400304794311, 1.6746355430793762, 1.5670490406036377, 1.5231955304145812, 1.54438396258884, 1.451162186026573, 1.457444438523054, 1.373236473751068, 1.3617347853899002, 1.365719724602577, 1.325228244137764, 1.3034702238082885, 1.3174611074302507], 'val_accuracy': [0.1155, 0.14332, 0.214525, 0.26209, 0.30465, 0.33274, 0.37995, 0.38972, 0.42365, 0.432525, 0.44353703703703706, 0.4697, 0.47244375, 0.500625, 0.51195, 0.513523076923077, 0.52655, 0.533875, 0.5321456521739131], 'val_f1': [0.03416159307212178, 0.06481238364678957, 0.1333338190784778, 0.19889895964043292, 0.2448833979363127, 0.28124183049384294, 0.3548013269687643, 0.36250570090588924, 0.4008314293492713, 0.41315459561647244, 0.41920054063398815, 0.4453102203334228, 0.4538113471983984, 0.48980427760090284, 0.5051981830145705, 0.5050567562836087, 0.521044505112403, 0.5282848818627309, 0.5248042790604457], 'val_mae': [3.596925, 3.30438, 3.049725, 2.71006, 2.627025, 2.54753, 2.37085, 2.25463, 2.17725, 2.13505, 2.050853703703704, 2.018125, 1.9371953125, 1.840075, 1.79195, 1.754548717948718, 1.6991, 1.70235, 1.6792380434782608], 'jsd': [(0, 0, 0.18723514280063847, 0.23736891999850385, 0.3230897009334441, 0.25523823663918604), (0.13040496687808534, 0.12654365940455523, 0.13578511926160158, 0.26515908167506796, 0.33798890906099965, 0.24006168029881197), (0, 0, 0.09663723166772638, 0.0870105748872203, 0.18062830506741756, 0.15744190095273553), (0.06695421768610572, 0.0623587089269976, 0.12063614112406719, 0.140707196663356, 0.2640990672928296, 0.20366052030914258), (0, 0, 0.07432442241166336, 0.04577243561024199, 0.08605353406992114, 0.10321399552355599), (0.06815754581507988, 0.012368004060323828, 0.04266517007690075, 0.07769943411269123, 0.1736047774484608, 0.17478024629465394), (0, 0, 0.030047490376294374, 0.01304250110896438, 0.05136220774662484, 0.04774019054178502), (0.03025083592224865, 0.012151306322226564, 0.035107538077647486, 0.050549264407502036, 0.13938008172047905, 0.11827768740860893), (0, 0, 0.022076276977657204, 0.011363538022330883, 0.02586800087055292, 0.045633926232213455), (0, 0, 0.010514007867284713, 0.016383500439113262, 0.0346025163101647, 0.036413720502736446), (0.010647265445798509, 0.014004144187991112, 0.0349176334275628, 0.03268320266812047, 0.0951446603740993, 0.08419900913574854), (0, 0, 0.01131731173081802, 0.013637546137325606, 0.022325359984164565, 0.030802366547030544), (0.009752332789832525, 0.012177192548806403, 0.0220835314280984, 0.007070075844078235, 0.08004489745334113, 0.07640133024456534), (0, 0, 0.002464419301166569, 0.013570239117014042, 0.0137055225382362, 0.006146049782901039), (0, 0, 0.0028236875361363294, 0.00964905376623946, 0.005502469273547812, 0.005417985767444845), (0.002793792513375052, 0.010869945492507822, 0.004155600394167596, 0.0032240583278562553, 0.04867945266061599, 0.07215863208956035), (0, 0, 0.002565851547684902, 0.00596631904607958, 0.0051046475319938426, 0.001262687432959215), (0, 0, 0.001037787040719398, 0.004892113350219338, 0.0022978785413730564, 0.0007785515098554857), (0.0002745992978879948, 6.318700898948486e-05, 0.0001335534757089707, 0.0002534367958073572, 0.02556668045586491, 0.059304589831870064)]}}
AdaptationManager: Configuring next round...
{'client_registry': {'enabled': True, 'params': {}}, 'client_selector': {'enabled': True, 'params': {'selection_strategy': 'Resource-Based', 'selection_criteria': 'CPU', 'selection_value': 2}}, 'client_cluster': {'enabled': False, 'params': {}}, 'message_compressor': {'enabled': False, 'params': {}}, 'model_co-versioning_registry': {'enabled': False, 'params': {}}, 'multi-task_model_trainer': {'enabled': False, 'params': {}}, 'heterogeneous_data_handler': {'enabled': False, 'params': {}}}
{'client_selector': {'enabled': False}, 'client_cluster': {'enabled': False}, 'message_compressor': {'enabled': False}, 'model_co-versioning_registry': {'enabled': False}, 'multi-task_model_trainer': {'enabled': False}, 'heterogeneous_data_handler': {'enabled': False}, 'client_registry': {'enabled': True, 'params': {}}}
client_selector activated ✅
Client Client 1 participates in this round. (CPU: 2, RAM: 4)
Client Client 4 participates in this round. (CPU: 2, RAM: 4)
Client Client 5 has insufficient CPU (1). Will not participate in the next FL round.
Client Client 3 participates in this round. (CPU: 2, RAM: 4)
Client Client 6 has insufficient CPU (1). Will not participate in the next FL round.
Client Client 2 participates in this round. (CPU: 2, RAM: 4)
Results Aggregated in 94.14 seconds.
{'CNN 16k': {'train_loss': [1.6429396955490112, 1.6900051655960082, 1.6242008541901907, 1.5448965225982667, 1.5242514442157746, 1.4727402635161082, 1.5152880278246743, 1.4153987638282777, 1.419728307888243, 1.3830874160289763, 1.328215030165072, 1.3230425998369852, 1.2957864614397288, 1.2869377662454333, 1.2724687298901876, 1.246902076755426, 1.2571399899286382, 1.223564262930552, 1.1941859522518905, 1.2019729417991638], 'train_accuracy': [0.4061, 0.39256, 0.41323333333333334, 0.43728, 0.44978, 0.47058666666666665, 0.45427142857142855, 0.48868, 0.48815555555555556, 0.49895, 0.5225777777777778, 0.5239416666666666, 0.53221875, 0.5361928571428571, 0.5430333333333334, 0.5502358974358974, 0.547564705882353, 0.5605888888888889, 0.5726652173913044, 0.56819], 'train_f1': [0.09148891807858395, 0.10909419266736373, 0.18594338619390588, 0.2487237203213073, 0.2939305359154404, 0.3253296004326922, 0.3881956071254675, 0.39758034302698086, 0.4282039376313352, 0.44048864715232716, 0.45376293393163775, 0.4739882618983611, 0.4838898295937322, 0.5133274044122109, 0.5272067124581479, 0.528329488576446, 0.540899538795729, 0.5534183075445176, 0.5570916253884454, 0.5600614242192195], 'train_mae': [2.5726, 2.45552, 2.196633333333333, 2.0222, 2.12604, 2.091013333333333, 1.9971142857142856, 1.93704, 1.9458333333333333, 1.93572, 1.7780148148148147, 1.8039666666666667, 1.7814875, 1.7529, 1.7119466666666667, 1.6528769230769231, 1.6209529411764705, 1.599911111111111, 1.539108695652174, 1.56774], 'val_loss': [2.9755056195259093, 3.0175315896224975, 2.4770166188240053, 2.2931465589904785, 1.9655557077407837, 1.898617590522766, 1.6805400304794311, 1.6746355430793762, 1.5670490406036377, 1.5231955304145812, 1.54438396258884, 1.451162186026573, 1.457444438523054, 1.373236473751068, 1.3617347853899002, 1.365719724602577, 1.325228244137764, 1.3034702238082885, 1.3174611074302507, 1.2857737345457076], 'val_accuracy': [0.1155, 0.14332, 0.214525, 0.26209, 0.30465, 0.33274, 0.37995, 0.38972, 0.42365, 0.432525, 0.44353703703703706, 0.4697, 0.47244375, 0.500625, 0.51195, 0.513523076923077, 0.52655, 0.533875, 0.5321456521739131, 0.540975], 'val_f1': [0.03416159307212178, 0.06481238364678957, 0.1333338190784778, 0.19889895964043292, 0.2448833979363127, 0.28124183049384294, 0.3548013269687643, 0.36250570090588924, 0.4008314293492713, 0.41315459561647244, 0.41920054063398815, 0.4453102203334228, 0.4538113471983984, 0.48980427760090284, 0.5051981830145705, 0.5050567562836087, 0.521044505112403, 0.5282848818627309, 0.5248042790604457, 0.5326983054960384], 'val_mae': [3.596925, 3.30438, 3.049725, 2.71006, 2.627025, 2.54753, 2.37085, 2.25463, 2.17725, 2.13505, 2.050853703703704, 2.018125, 1.9371953125, 1.840075, 1.79195, 1.754548717948718, 1.6991, 1.70235, 1.6792380434782608, 1.673275], 'jsd': [(0, 0, 0.18723514280063847, 0.23736891999850385, 0.3230897009334441, 0.25523823663918604), (0.13040496687808534, 0.12654365940455523, 0.13578511926160158, 0.26515908167506796, 0.33798890906099965, 0.24006168029881197), (0, 0, 0.09663723166772638, 0.0870105748872203, 0.18062830506741756, 0.15744190095273553), (0.06695421768610572, 0.0623587089269976, 0.12063614112406719, 0.140707196663356, 0.2640990672928296, 0.20366052030914258), (0, 0, 0.07432442241166336, 0.04577243561024199, 0.08605353406992114, 0.10321399552355599), (0.06815754581507988, 0.012368004060323828, 0.04266517007690075, 0.07769943411269123, 0.1736047774484608, 0.17478024629465394), (0, 0, 0.030047490376294374, 0.01304250110896438, 0.05136220774662484, 0.04774019054178502), (0.03025083592224865, 0.012151306322226564, 0.035107538077647486, 0.050549264407502036, 0.13938008172047905, 0.11827768740860893), (0, 0, 0.022076276977657204, 0.011363538022330883, 0.02586800087055292, 0.045633926232213455), (0, 0, 0.010514007867284713, 0.016383500439113262, 0.0346025163101647, 0.036413720502736446), (0.010647265445798509, 0.014004144187991112, 0.0349176334275628, 0.03268320266812047, 0.0951446603740993, 0.08419900913574854), (0, 0, 0.01131731173081802, 0.013637546137325606, 0.022325359984164565, 0.030802366547030544), (0.009752332789832525, 0.012177192548806403, 0.0220835314280984, 0.007070075844078235, 0.08004489745334113, 0.07640133024456534), (0, 0, 0.002464419301166569, 0.013570239117014042, 0.0137055225382362, 0.006146049782901039), (0, 0, 0.0028236875361363294, 0.00964905376623946, 0.005502469273547812, 0.005417985767444845), (0.002793792513375052, 0.010869945492507822, 0.004155600394167596, 0.0032240583278562553, 0.04867945266061599, 0.07215863208956035), (0, 0, 0.002565851547684902, 0.00596631904607958, 0.0051046475319938426, 0.001262687432959215), (0, 0, 0.001037787040719398, 0.004892113350219338, 0.0022978785413730564, 0.0007785515098554857), (0.0002745992978879948, 6.318700898948486e-05, 0.0001335534757089707, 0.0002534367958073572, 0.02556668045586491, 0.059304589831870064), (0, 0, 0, 0, 0, 0)]}}
AdaptationManager: Configuring next round...
{'client_registry': {'enabled': True, 'params': {}}, 'client_selector': {'enabled': True, 'params': {'selection_strategy': 'Resource-Based', 'selection_criteria': 'CPU', 'selection_value': 2}}, 'client_cluster': {'enabled': False, 'params': {}}, 'message_compressor': {'enabled': False, 'params': {}}, 'model_co-versioning_registry': {'enabled': False, 'params': {}}, 'multi-task_model_trainer': {'enabled': False, 'params': {}}, 'heterogeneous_data_handler': {'enabled': False, 'params': {}}}
{'client_selector': {'enabled': True}, 'client_cluster': {'enabled': False}, 'message_compressor': {'enabled': False}, 'model_co-versioning_registry': {'enabled': False}, 'multi-task_model_trainer': {'enabled': False}, 'heterogeneous_data_handler': {'enabled': False}, 'client_registry': {'enabled': True, 'params': {}}}
client_selector de-activated ❌
