==========================================
  ___  ______  ___ ______       _ 
 / _ \ | ___ \/   ||  ___|     | |
/ /_\ \| |_/ / /| || |_ ___  __| |
|  _  ||  __/ /_| ||  _/ _ \/ _` |
| | | || |  \___  || ||  __/ (_| |
\_| |_/\_|      |_/\_| \___|\__,_| v.1.5.0

==========================================
Simulation Started!
List of the Architectural Patterns enabled:
Adaptation Enabled ✅
Metric: val_f1, predictor-based: predictors/f1overtime_xgboost_selector_text.pkl
Client Registry ✅
Client Selector ✅
 AP Parameters: {'selection_strategy': 'Resource-Based', 'selection_criteria': 'CPU', 'selection_value': 2}
==========================================
Client Client 1 participates in this round. (CPU: 2, RAM: 4)
Client Client 6 has insufficient CPU (1). Will not participate in the next FL round.
Client Client 4 has insufficient CPU (1). Will not participate in the next FL round.
Client Client 3 has insufficient CPU (1). Will not participate in the next FL round.
Client Client 2 participates in this round. (CPU: 2, RAM: 4)
Client Client 5 has insufficient CPU (1). Will not participate in the next FL round.
Results Aggregated in 30.53 seconds.
{'TextMLP': {'train_loss': [0.5864371805985769], 'train_accuracy': [0.7875416666666667], 'train_f1': [0.7864404428528673], 'train_mae': [0.34399166666666664], 'val_loss': [0.5992775201797486], 'val_accuracy': [0.7771052631578946], 'val_f1': [0.7758217204976533], 'val_mae': [0.35572368421052636], 'jsd': [(0, 0, 0, 0, 0, 0)]}}
AdaptationManager: Configuring next round...
{'client_registry': {'enabled': True, 'params': {}}, 'client_selector': {'enabled': True, 'params': {'selection_strategy': 'Resource-Based', 'selection_criteria': 'CPU', 'selection_value': 2}}, 'client_cluster': {'enabled': False, 'params': {}}, 'message_compressor': {'enabled': False, 'params': {}}, 'model_co-versioning_registry': {'enabled': False, 'params': {}}, 'multi-task_model_trainer': {'enabled': False, 'params': {}}, 'heterogeneous_data_handler': {'enabled': False, 'params': {}}}
{'client_selector': {'enabled': True}, 'client_cluster': {'enabled': False}, 'message_compressor': {'enabled': False}, 'model_co-versioning_registry': {'enabled': False}, 'multi-task_model_trainer': {'enabled': False}, 'heterogeneous_data_handler': {'enabled': False}, 'client_registry': {'enabled': True, 'params': {}}}
100.0-iid clients, predicted wo:0.0704 vs w:0.0704, client_selector activated ✅
Client Client 4 has insufficient CPU (1). Will not participate in the next FL round.
Client Client 2 participates in this round. (CPU: 2, RAM: 4)
Client Client 3 has insufficient CPU (1). Will not participate in the next FL round.
Client Client 5 has insufficient CPU (1). Will not participate in the next FL round.
Client Client 1 participates in this round. (CPU: 2, RAM: 4)
Client Client 6 has insufficient CPU (1). Will not participate in the next FL round.
Results Aggregated in 10.80 seconds.
{'TextMLP': {'train_loss': [0.5864371805985769, 0.49678685913880666], 'train_accuracy': [0.7875416666666667, 0.8199875], 'train_f1': [0.7864404428528673, 0.8193292726733589], 'train_mae': [0.34399166666666664, 0.2874041666666667], 'val_loss': [0.5992775201797486, 0.5134754999687797], 'val_accuracy': [0.7771052631578946, 0.8133552631578946], 'val_f1': [0.7758217204976533, 0.8126466509737768], 'val_mae': [0.35572368421052636, 0.295], 'jsd': [(0, 0, 0, 0, 0, 0), (0, 0, 0, 0, 0, 0)]}}
AdaptationManager: Configuring next round...
{'client_registry': {'enabled': True, 'params': {}}, 'client_selector': {'enabled': True, 'params': {'selection_strategy': 'Resource-Based', 'selection_criteria': 'CPU', 'selection_value': 2}}, 'client_cluster': {'enabled': False, 'params': {}}, 'message_compressor': {'enabled': False, 'params': {}}, 'model_co-versioning_registry': {'enabled': False, 'params': {}}, 'multi-task_model_trainer': {'enabled': False, 'params': {}}, 'heterogeneous_data_handler': {'enabled': False, 'params': {}}}
{'client_selector': {'enabled': True}, 'client_cluster': {'enabled': False}, 'message_compressor': {'enabled': False}, 'model_co-versioning_registry': {'enabled': False}, 'multi-task_model_trainer': {'enabled': False}, 'heterogeneous_data_handler': {'enabled': False}, 'client_registry': {'enabled': True, 'params': {}}}
100.0-iid clients, predicted wo:0.0752 vs w:0.0752, client_selector activated ✅
Client Client 2 participates in this round. (CPU: 2, RAM: 4)
Client Client 1 participates in this round. (CPU: 2, RAM: 4)
Client Client 5 has insufficient CPU (1). Will not participate in the next FL round.
Client Client 6 has insufficient CPU (1). Will not participate in the next FL round.
Client Client 3 has insufficient CPU (1). Will not participate in the next FL round.
Client Client 4 has insufficient CPU (1). Will not participate in the next FL round.
Results Aggregated in 11.26 seconds.
{'TextMLP': {'train_loss': [0.5864371805985769, 0.49678685913880666, 0.4717318385442098], 'train_accuracy': [0.7875416666666667, 0.8199875, 0.8287583333333334], 'train_f1': [0.7864404428528673, 0.8193292726733589, 0.8289318096555692], 'train_mae': [0.34399166666666664, 0.2874041666666667, 0.270675], 'val_loss': [0.5992775201797486, 0.5134754999687797, 0.4890997031801625], 'val_accuracy': [0.7771052631578946, 0.8133552631578946, 0.8203289473684211], 'val_f1': [0.7758217204976533, 0.8126466509737768, 0.8204518973864207], 'val_mae': [0.35572368421052636, 0.295, 0.2805263157894737], 'jsd': [(0, 0, 0, 0, 0, 0), (0, 0, 0, 0, 0, 0), (0, 0, 0, 0, 0, 0)]}}
AdaptationManager: Configuring next round...
{'client_registry': {'enabled': True, 'params': {}}, 'client_selector': {'enabled': True, 'params': {'selection_strategy': 'Resource-Based', 'selection_criteria': 'CPU', 'selection_value': 2}}, 'client_cluster': {'enabled': False, 'params': {}}, 'message_compressor': {'enabled': False, 'params': {}}, 'model_co-versioning_registry': {'enabled': False, 'params': {}}, 'multi-task_model_trainer': {'enabled': False, 'params': {}}, 'heterogeneous_data_handler': {'enabled': False, 'params': {}}}
{'client_selector': {'enabled': True}, 'client_cluster': {'enabled': False}, 'message_compressor': {'enabled': False}, 'model_co-versioning_registry': {'enabled': False}, 'multi-task_model_trainer': {'enabled': False}, 'heterogeneous_data_handler': {'enabled': False}, 'client_registry': {'enabled': True, 'params': {}}}
100.0-iid clients, predicted wo:0.0739 vs w:0.0739, client_selector activated ✅
Client Client 5 has insufficient CPU (1). Will not participate in the next FL round.
Client Client 2 participates in this round. (CPU: 2, RAM: 4)
Client Client 1 participates in this round. (CPU: 2, RAM: 4)
Client Client 3 has insufficient CPU (1). Will not participate in the next FL round.
Client Client 4 has insufficient CPU (1). Will not participate in the next FL round.
Client Client 6 has insufficient CPU (1). Will not participate in the next FL round.
Results Aggregated in 10.80 seconds.
{'TextMLP': {'train_loss': [0.5864371805985769, 0.49678685913880666, 0.4717318385442098, 0.46960235184431076], 'train_accuracy': [0.7875416666666667, 0.8199875, 0.8287583333333334, 0.8284041666666667], 'train_f1': [0.7864404428528673, 0.8193292726733589, 0.8289318096555692, 0.8288189657697709], 'train_mae': [0.34399166666666664, 0.2874041666666667, 0.270675, 0.274525], 'val_loss': [0.5992775201797486, 0.5134754999687797, 0.4890997031801625, 0.4872811077770434], 'val_accuracy': [0.7771052631578946, 0.8133552631578946, 0.8203289473684211, 0.81875], 'val_f1': [0.7758217204976533, 0.8126466509737768, 0.8204518973864207, 0.819274662748164], 'val_mae': [0.35572368421052636, 0.295, 0.2805263157894737, 0.2892105263157894], 'jsd': [(0, 0, 0, 0, 0, 0), (0, 0, 0, 0, 0, 0), (0, 0, 0, 0, 0, 0), (0, 0, 0, 0, 0, 0)]}}
AdaptationManager: Configuring next round...
{'client_registry': {'enabled': True, 'params': {}}, 'client_selector': {'enabled': True, 'params': {'selection_strategy': 'Resource-Based', 'selection_criteria': 'CPU', 'selection_value': 2}}, 'client_cluster': {'enabled': False, 'params': {}}, 'message_compressor': {'enabled': False, 'params': {}}, 'model_co-versioning_registry': {'enabled': False, 'params': {}}, 'multi-task_model_trainer': {'enabled': False, 'params': {}}, 'heterogeneous_data_handler': {'enabled': False, 'params': {}}}
{'client_selector': {'enabled': True}, 'client_cluster': {'enabled': False}, 'message_compressor': {'enabled': False}, 'model_co-versioning_registry': {'enabled': False}, 'multi-task_model_trainer': {'enabled': False}, 'heterogeneous_data_handler': {'enabled': False}, 'client_registry': {'enabled': True, 'params': {}}}
100.0-iid clients, predicted wo:0.0752 vs w:0.0752, client_selector activated ✅
Client Client 4 has insufficient CPU (1). Will not participate in the next FL round.
Client Client 5 has insufficient CPU (1). Will not participate in the next FL round.
Client Client 2 participates in this round. (CPU: 2, RAM: 4)
Client Client 1 participates in this round. (CPU: 2, RAM: 4)
Client Client 3 has insufficient CPU (1). Will not participate in the next FL round.
Client Client 6 has insufficient CPU (1). Will not participate in the next FL round.
Results Aggregated in 10.44 seconds.
{'TextMLP': {'train_loss': [0.5864371805985769, 0.49678685913880666, 0.4717318385442098, 0.46960235184431076, 0.4495032391031583], 'train_accuracy': [0.7875416666666667, 0.8199875, 0.8287583333333334, 0.8284041666666667, 0.8353958333333333], 'train_f1': [0.7864404428528673, 0.8193292726733589, 0.8289318096555692, 0.8288189657697709, 0.8343229569555842], 'train_mae': [0.34399166666666664, 0.2874041666666667, 0.270675, 0.274525, 0.2638875], 'val_loss': [0.5992775201797486, 0.5134754999687797, 0.4890997031801625, 0.4872811077770434, 0.46968201561977985], 'val_accuracy': [0.7771052631578946, 0.8133552631578946, 0.8203289473684211, 0.81875, 0.8267763157894736], 'val_f1': [0.7758217204976533, 0.8126466509737768, 0.8204518973864207, 0.819274662748164, 0.8255841395127909], 'val_mae': [0.35572368421052636, 0.295, 0.2805263157894737, 0.2892105263157894, 0.27453947368421056], 'jsd': [(0, 0, 0, 0, 0, 0), (0, 0, 0, 0, 0, 0), (0, 0, 0, 0, 0, 0), (0, 0, 0, 0, 0, 0), (0, 0, 0, 0, 0, 0)]}}
AdaptationManager: Configuring next round...
{'client_registry': {'enabled': True, 'params': {}}, 'client_selector': {'enabled': True, 'params': {'selection_strategy': 'Resource-Based', 'selection_criteria': 'CPU', 'selection_value': 2}}, 'client_cluster': {'enabled': False, 'params': {}}, 'message_compressor': {'enabled': False, 'params': {}}, 'model_co-versioning_registry': {'enabled': False, 'params': {}}, 'multi-task_model_trainer': {'enabled': False, 'params': {}}, 'heterogeneous_data_handler': {'enabled': False, 'params': {}}}
{'client_selector': {'enabled': True}, 'client_cluster': {'enabled': False}, 'message_compressor': {'enabled': False}, 'model_co-versioning_registry': {'enabled': False}, 'multi-task_model_trainer': {'enabled': False}, 'heterogeneous_data_handler': {'enabled': False}, 'client_registry': {'enabled': True, 'params': {}}}
100.0-iid clients, predicted wo:0.0753 vs w:0.0753, client_selector activated ✅
Client Client 1 participates in this round. (CPU: 2, RAM: 4)
Client Client 2 participates in this round. (CPU: 2, RAM: 4)
Client Client 4 has insufficient CPU (1). Will not participate in the next FL round.
Client Client 6 has insufficient CPU (1). Will not participate in the next FL round.
Client Client 5 has insufficient CPU (1). Will not participate in the next FL round.
Client Client 3 has insufficient CPU (1). Will not participate in the next FL round.
Results Aggregated in 10.97 seconds.
{'TextMLP': {'train_loss': [0.5864371805985769, 0.49678685913880666, 0.4717318385442098, 0.46960235184431076, 0.4495032391031583, 0.4451297569314639], 'train_accuracy': [0.7875416666666667, 0.8199875, 0.8287583333333334, 0.8284041666666667, 0.8353958333333333, 0.8373125], 'train_f1': [0.7864404428528673, 0.8193292726733589, 0.8289318096555692, 0.8288189657697709, 0.8343229569555842, 0.8371658748714769], 'train_mae': [0.34399166666666664, 0.2874041666666667, 0.270675, 0.274525, 0.2638875, 0.2600333333333333], 'val_loss': [0.5992775201797486, 0.5134754999687797, 0.4890997031801625, 0.4872811077770434, 0.46968201561977985, 0.46559984357733475], 'val_accuracy': [0.7771052631578946, 0.8133552631578946, 0.8203289473684211, 0.81875, 0.8267763157894736, 0.8270394736842105], 'val_f1': [0.7758217204976533, 0.8126466509737768, 0.8204518973864207, 0.819274662748164, 0.8255841395127909, 0.8268556081743186], 'val_mae': [0.35572368421052636, 0.295, 0.2805263157894737, 0.2892105263157894, 0.27453947368421056, 0.2734868421052632], 'jsd': [(0, 0, 0, 0, 0, 0), (0, 0, 0, 0, 0, 0), (0, 0, 0, 0, 0, 0), (0, 0, 0, 0, 0, 0), (0, 0, 0, 0, 0, 0), (0, 0, 0, 0, 0, 0)]}}
AdaptationManager: Configuring next round...
{'client_registry': {'enabled': True, 'params': {}}, 'client_selector': {'enabled': True, 'params': {'selection_strategy': 'Resource-Based', 'selection_criteria': 'CPU', 'selection_value': 2}}, 'client_cluster': {'enabled': False, 'params': {}}, 'message_compressor': {'enabled': False, 'params': {}}, 'model_co-versioning_registry': {'enabled': False, 'params': {}}, 'multi-task_model_trainer': {'enabled': False, 'params': {}}, 'heterogeneous_data_handler': {'enabled': False, 'params': {}}}
{'client_selector': {'enabled': True}, 'client_cluster': {'enabled': False}, 'message_compressor': {'enabled': False}, 'model_co-versioning_registry': {'enabled': False}, 'multi-task_model_trainer': {'enabled': False}, 'heterogeneous_data_handler': {'enabled': False}, 'client_registry': {'enabled': True, 'params': {}}}
100.0-iid clients, predicted wo:0.0752 vs w:0.0752, client_selector activated ✅
Client Client 1 participates in this round. (CPU: 2, RAM: 4)
Client Client 6 has insufficient CPU (1). Will not participate in the next FL round.
Client Client 2 participates in this round. (CPU: 2, RAM: 4)
Client Client 5 has insufficient CPU (1). Will not participate in the next FL round.
Client Client 3 has insufficient CPU (1). Will not participate in the next FL round.
Client Client 4 has insufficient CPU (1). Will not participate in the next FL round.
Results Aggregated in 10.82 seconds.
{'TextMLP': {'train_loss': [0.5864371805985769, 0.49678685913880666, 0.4717318385442098, 0.46960235184431076, 0.4495032391031583, 0.4451297569314639, 0.4443531688928604], 'train_accuracy': [0.7875416666666667, 0.8199875, 0.8287583333333334, 0.8284041666666667, 0.8353958333333333, 0.8373125, 0.8371666666666666], 'train_f1': [0.7864404428528673, 0.8193292726733589, 0.8289318096555692, 0.8288189657697709, 0.8343229569555842, 0.8371658748714769, 0.8373153059954158], 'train_mae': [0.34399166666666664, 0.2874041666666667, 0.270675, 0.274525, 0.2638875, 0.2600333333333333, 0.2607125], 'val_loss': [0.5992775201797486, 0.5134754999687797, 0.4890997031801625, 0.4872811077770434, 0.46968201561977985, 0.46559984357733475, 0.464825740958515], 'val_accuracy': [0.7771052631578946, 0.8133552631578946, 0.8203289473684211, 0.81875, 0.8267763157894736, 0.8270394736842105, 0.8282236842105264], 'val_f1': [0.7758217204976533, 0.8126466509737768, 0.8204518973864207, 0.819274662748164, 0.8255841395127909, 0.8268556081743186, 0.8283055346108547], 'val_mae': [0.35572368421052636, 0.295, 0.2805263157894737, 0.2892105263157894, 0.27453947368421056, 0.2734868421052632, 0.27328947368421047], 'jsd': [(0, 0, 0, 0, 0, 0), (0, 0, 0, 0, 0, 0), (0, 0, 0, 0, 0, 0), (0, 0, 0, 0, 0, 0), (0, 0, 0, 0, 0, 0), (0, 0, 0, 0, 0, 0), (0, 0, 0, 0, 0, 0)]}}
AdaptationManager: Configuring next round...
{'client_registry': {'enabled': True, 'params': {}}, 'client_selector': {'enabled': True, 'params': {'selection_strategy': 'Resource-Based', 'selection_criteria': 'CPU', 'selection_value': 2}}, 'client_cluster': {'enabled': False, 'params': {}}, 'message_compressor': {'enabled': False, 'params': {}}, 'model_co-versioning_registry': {'enabled': False, 'params': {}}, 'multi-task_model_trainer': {'enabled': False, 'params': {}}, 'heterogeneous_data_handler': {'enabled': False, 'params': {}}}
{'client_selector': {'enabled': True}, 'client_cluster': {'enabled': False}, 'message_compressor': {'enabled': False}, 'model_co-versioning_registry': {'enabled': False}, 'multi-task_model_trainer': {'enabled': False}, 'heterogeneous_data_handler': {'enabled': False}, 'client_registry': {'enabled': True, 'params': {}}}
100.0-iid clients, predicted wo:0.0753 vs w:0.0753, client_selector activated ✅
Client Client 1 participates in this round. (CPU: 2, RAM: 4)
Client Client 5 has insufficient CPU (1). Will not participate in the next FL round.
Client Client 4 has insufficient CPU (1). Will not participate in the next FL round.
Client Client 3 has insufficient CPU (1). Will not participate in the next FL round.
Client Client 2 participates in this round. (CPU: 2, RAM: 4)
Client Client 6 has insufficient CPU (1). Will not participate in the next FL round.
Results Aggregated in 10.64 seconds.
{'TextMLP': {'train_loss': [0.5864371805985769, 0.49678685913880666, 0.4717318385442098, 0.46960235184431076, 0.4495032391031583, 0.4451297569314639, 0.4443531688928604, 0.43806602482795715], 'train_accuracy': [0.7875416666666667, 0.8199875, 0.8287583333333334, 0.8284041666666667, 0.8353958333333333, 0.8373125, 0.8371666666666666, 0.839225], 'train_f1': [0.7864404428528673, 0.8193292726733589, 0.8289318096555692, 0.8288189657697709, 0.8343229569555842, 0.8371658748714769, 0.8373153059954158, 0.8389080958305075], 'train_mae': [0.34399166666666664, 0.2874041666666667, 0.270675, 0.274525, 0.2638875, 0.2600333333333333, 0.2607125, 0.25706666666666667], 'val_loss': [0.5992775201797486, 0.5134754999687797, 0.4890997031801625, 0.4872811077770434, 0.46968201561977985, 0.46559984357733475, 0.464825740958515, 0.45779477025333204], 'val_accuracy': [0.7771052631578946, 0.8133552631578946, 0.8203289473684211, 0.81875, 0.8267763157894736, 0.8270394736842105, 0.8282236842105264, 0.8346710526315789], 'val_f1': [0.7758217204976533, 0.8126466509737768, 0.8204518973864207, 0.819274662748164, 0.8255841395127909, 0.8268556081743186, 0.8283055346108547, 0.8343738551080918], 'val_mae': [0.35572368421052636, 0.295, 0.2805263157894737, 0.2892105263157894, 0.27453947368421056, 0.2734868421052632, 0.27328947368421047, 0.2642763157894737], 'jsd': [(0, 0, 0, 0, 0, 0), (0, 0, 0, 0, 0, 0), (0, 0, 0, 0, 0, 0), (0, 0, 0, 0, 0, 0), (0, 0, 0, 0, 0, 0), (0, 0, 0, 0, 0, 0), (0, 0, 0, 0, 0, 0), (0, 0, 0, 0, 0, 0)]}}
AdaptationManager: Configuring next round...
{'client_registry': {'enabled': True, 'params': {}}, 'client_selector': {'enabled': True, 'params': {'selection_strategy': 'Resource-Based', 'selection_criteria': 'CPU', 'selection_value': 2}}, 'client_cluster': {'enabled': False, 'params': {}}, 'message_compressor': {'enabled': False, 'params': {}}, 'model_co-versioning_registry': {'enabled': False, 'params': {}}, 'multi-task_model_trainer': {'enabled': False, 'params': {}}, 'heterogeneous_data_handler': {'enabled': False, 'params': {}}}
{'client_selector': {'enabled': True}, 'client_cluster': {'enabled': False}, 'message_compressor': {'enabled': False}, 'model_co-versioning_registry': {'enabled': False}, 'multi-task_model_trainer': {'enabled': False}, 'heterogeneous_data_handler': {'enabled': False}, 'client_registry': {'enabled': True, 'params': {}}}
100.0-iid clients, predicted wo:0.0754 vs w:0.0754, client_selector activated ✅
Client Client 2 participates in this round. (CPU: 2, RAM: 4)
Client Client 4 has insufficient CPU (1). Will not participate in the next FL round.
Client Client 3 has insufficient CPU (1). Will not participate in the next FL round.
Client Client 1 participates in this round. (CPU: 2, RAM: 4)
Client Client 6 has insufficient CPU (1). Will not participate in the next FL round.
Client Client 5 has insufficient CPU (1). Will not participate in the next FL round.
Results Aggregated in 10.92 seconds.
{'TextMLP': {'train_loss': [0.5864371805985769, 0.49678685913880666, 0.4717318385442098, 0.46960235184431076, 0.4495032391031583, 0.4451297569314639, 0.4443531688928604, 0.43806602482795715, 0.44158371419906617], 'train_accuracy': [0.7875416666666667, 0.8199875, 0.8287583333333334, 0.8284041666666667, 0.8353958333333333, 0.8373125, 0.8371666666666666, 0.839225, 0.8379833333333333], 'train_f1': [0.7864404428528673, 0.8193292726733589, 0.8289318096555692, 0.8288189657697709, 0.8343229569555842, 0.8371658748714769, 0.8373153059954158, 0.8389080958305075, 0.838202371087698], 'train_mae': [0.34399166666666664, 0.2874041666666667, 0.270675, 0.274525, 0.2638875, 0.2600333333333333, 0.2607125, 0.25706666666666667, 0.25579583333333333], 'val_loss': [0.5992775201797486, 0.5134754999687797, 0.4890997031801625, 0.4872811077770434, 0.46968201561977985, 0.46559984357733475, 0.464825740958515, 0.45779477025333204, 0.46109249033425986], 'val_accuracy': [0.7771052631578946, 0.8133552631578946, 0.8203289473684211, 0.81875, 0.8267763157894736, 0.8270394736842105, 0.8282236842105264, 0.8346710526315789, 0.8309210526315789], 'val_f1': [0.7758217204976533, 0.8126466509737768, 0.8204518973864207, 0.819274662748164, 0.8255841395127909, 0.8268556081743186, 0.8283055346108547, 0.8343738551080918, 0.8312151618354743], 'val_mae': [0.35572368421052636, 0.295, 0.2805263157894737, 0.2892105263157894, 0.27453947368421056, 0.2734868421052632, 0.27328947368421047, 0.2642763157894737, 0.2669736842105263], 'jsd': [(0, 0, 0, 0, 0, 0), (0, 0, 0, 0, 0, 0), (0, 0, 0, 0, 0, 0), (0, 0, 0, 0, 0, 0), (0, 0, 0, 0, 0, 0), (0, 0, 0, 0, 0, 0), (0, 0, 0, 0, 0, 0), (0, 0, 0, 0, 0, 0), (0, 0, 0, 0, 0, 0)]}}
AdaptationManager: Configuring next round...
{'client_registry': {'enabled': True, 'params': {}}, 'client_selector': {'enabled': True, 'params': {'selection_strategy': 'Resource-Based', 'selection_criteria': 'CPU', 'selection_value': 2}}, 'client_cluster': {'enabled': False, 'params': {}}, 'message_compressor': {'enabled': False, 'params': {}}, 'model_co-versioning_registry': {'enabled': False, 'params': {}}, 'multi-task_model_trainer': {'enabled': False, 'params': {}}, 'heterogeneous_data_handler': {'enabled': False, 'params': {}}}
{'client_selector': {'enabled': True}, 'client_cluster': {'enabled': False}, 'message_compressor': {'enabled': False}, 'model_co-versioning_registry': {'enabled': False}, 'multi-task_model_trainer': {'enabled': False}, 'heterogeneous_data_handler': {'enabled': False}, 'client_registry': {'enabled': True, 'params': {}}}
100.0-iid clients, predicted wo:0.0752 vs w:0.0752, client_selector activated ✅
Client Client 4 has insufficient CPU (1). Will not participate in the next FL round.
Client Client 6 has insufficient CPU (1). Will not participate in the next FL round.
Client Client 1 participates in this round. (CPU: 2, RAM: 4)
Client Client 2 participates in this round. (CPU: 2, RAM: 4)
Client Client 3 has insufficient CPU (1). Will not participate in the next FL round.
Client Client 5 has insufficient CPU (1). Will not participate in the next FL round.
Results Aggregated in 10.80 seconds.
{'TextMLP': {'train_loss': [0.5864371805985769, 0.49678685913880666, 0.4717318385442098, 0.46960235184431076, 0.4495032391031583, 0.4451297569314639, 0.4443531688928604, 0.43806602482795715, 0.44158371419906617, 0.43256404144366584], 'train_accuracy': [0.7875416666666667, 0.8199875, 0.8287583333333334, 0.8284041666666667, 0.8353958333333333, 0.8373125, 0.8371666666666666, 0.839225, 0.8379833333333333, 0.8412666666666667], 'train_f1': [0.7864404428528673, 0.8193292726733589, 0.8289318096555692, 0.8288189657697709, 0.8343229569555842, 0.8371658748714769, 0.8373153059954158, 0.8389080958305075, 0.838202371087698, 0.8403498846290861], 'train_mae': [0.34399166666666664, 0.2874041666666667, 0.270675, 0.274525, 0.2638875, 0.2600333333333333, 0.2607125, 0.25706666666666667, 0.25579583333333333, 0.2541083333333333], 'val_loss': [0.5992775201797486, 0.5134754999687797, 0.4890997031801625, 0.4872811077770434, 0.46968201561977985, 0.46559984357733475, 0.464825740958515, 0.45779477025333204, 0.46109249033425986, 0.45433837074982486], 'val_accuracy': [0.7771052631578946, 0.8133552631578946, 0.8203289473684211, 0.81875, 0.8267763157894736, 0.8270394736842105, 0.8282236842105264, 0.8346710526315789, 0.8309210526315789, 0.8318421052631579], 'val_f1': [0.7758217204976533, 0.8126466509737768, 0.8204518973864207, 0.819274662748164, 0.8255841395127909, 0.8268556081743186, 0.8283055346108547, 0.8343738551080918, 0.8312151618354743, 0.8308026899768924], 'val_mae': [0.35572368421052636, 0.295, 0.2805263157894737, 0.2892105263157894, 0.27453947368421056, 0.2734868421052632, 0.27328947368421047, 0.2642763157894737, 0.2669736842105263, 0.2673684210526316], 'jsd': [(0, 0, 0, 0, 0, 0), (0, 0, 0, 0, 0, 0), (0, 0, 0, 0, 0, 0), (0, 0, 0, 0, 0, 0), (0, 0, 0, 0, 0, 0), (0, 0, 0, 0, 0, 0), (0, 0, 0, 0, 0, 0), (0, 0, 0, 0, 0, 0), (0, 0, 0, 0, 0, 0), (0, 0, 0, 0, 0, 0)]}}
AdaptationManager: Configuring next round...
{'client_registry': {'enabled': True, 'params': {}}, 'client_selector': {'enabled': True, 'params': {'selection_strategy': 'Resource-Based', 'selection_criteria': 'CPU', 'selection_value': 2}}, 'client_cluster': {'enabled': False, 'params': {}}, 'message_compressor': {'enabled': False, 'params': {}}, 'model_co-versioning_registry': {'enabled': False, 'params': {}}, 'multi-task_model_trainer': {'enabled': False, 'params': {}}, 'heterogeneous_data_handler': {'enabled': False, 'params': {}}}
{'client_selector': {'enabled': True}, 'client_cluster': {'enabled': False}, 'message_compressor': {'enabled': False}, 'model_co-versioning_registry': {'enabled': False}, 'multi-task_model_trainer': {'enabled': False}, 'heterogeneous_data_handler': {'enabled': False}, 'client_registry': {'enabled': True, 'params': {}}}
100.0-iid clients, predicted wo:0.0763 vs w:0.0763, client_selector activated ✅
Client Client 2 participates in this round. (CPU: 2, RAM: 4)
Client Client 1 participates in this round. (CPU: 2, RAM: 4)
Client Client 6 has insufficient CPU (1). Will not participate in the next FL round.
Client Client 3 has insufficient CPU (1). Will not participate in the next FL round.
Client Client 5 has insufficient CPU (1). Will not participate in the next FL round.
Client Client 4 has insufficient CPU (1). Will not participate in the next FL round.
Results Aggregated in 10.55 seconds.
{'TextMLP': {'train_loss': [0.5864371805985769, 0.49678685913880666, 0.4717318385442098, 0.46960235184431076, 0.4495032391031583, 0.4451297569314639, 0.4443531688928604, 0.43806602482795715, 0.44158371419906617, 0.43256404144366584, 0.43596926286617915], 'train_accuracy': [0.7875416666666667, 0.8199875, 0.8287583333333334, 0.8284041666666667, 0.8353958333333333, 0.8373125, 0.8371666666666666, 0.839225, 0.8379833333333333, 0.8412666666666667, 0.8400333333333333], 'train_f1': [0.7864404428528673, 0.8193292726733589, 0.8289318096555692, 0.8288189657697709, 0.8343229569555842, 0.8371658748714769, 0.8373153059954158, 0.8389080958305075, 0.838202371087698, 0.8403498846290861, 0.8401200167979753], 'train_mae': [0.34399166666666664, 0.2874041666666667, 0.270675, 0.274525, 0.2638875, 0.2600333333333333, 0.2607125, 0.25706666666666667, 0.25579583333333333, 0.2541083333333333, 0.25050833333333333], 'val_loss': [0.5992775201797486, 0.5134754999687797, 0.4890997031801625, 0.4872811077770434, 0.46968201561977985, 0.46559984357733475, 0.464825740958515, 0.45779477025333204, 0.46109249033425986, 0.45433837074982486, 0.455669436674369], 'val_accuracy': [0.7771052631578946, 0.8133552631578946, 0.8203289473684211, 0.81875, 0.8267763157894736, 0.8270394736842105, 0.8282236842105264, 0.8346710526315789, 0.8309210526315789, 0.8318421052631579, 0.8327631578947369], 'val_f1': [0.7758217204976533, 0.8126466509737768, 0.8204518973864207, 0.819274662748164, 0.8255841395127909, 0.8268556081743186, 0.8283055346108547, 0.8343738551080918, 0.8312151618354743, 0.8308026899768924, 0.8328036805677603], 'val_mae': [0.35572368421052636, 0.295, 0.2805263157894737, 0.2892105263157894, 0.27453947368421056, 0.2734868421052632, 0.27328947368421047, 0.2642763157894737, 0.2669736842105263, 0.2673684210526316, 0.26190789473684206], 'jsd': [(0, 0, 0, 0, 0, 0), (0, 0, 0, 0, 0, 0), (0, 0, 0, 0, 0, 0), (0, 0, 0, 0, 0, 0), (0, 0, 0, 0, 0, 0), (0, 0, 0, 0, 0, 0), (0, 0, 0, 0, 0, 0), (0, 0, 0, 0, 0, 0), (0, 0, 0, 0, 0, 0), (0, 0, 0, 0, 0, 0), (0, 0, 0, 0, 0, 0)]}}
AdaptationManager: Configuring next round...
{'client_registry': {'enabled': True, 'params': {}}, 'client_selector': {'enabled': True, 'params': {'selection_strategy': 'Resource-Based', 'selection_criteria': 'CPU', 'selection_value': 2}}, 'client_cluster': {'enabled': False, 'params': {}}, 'message_compressor': {'enabled': False, 'params': {}}, 'model_co-versioning_registry': {'enabled': False, 'params': {}}, 'multi-task_model_trainer': {'enabled': False, 'params': {}}, 'heterogeneous_data_handler': {'enabled': False, 'params': {}}}
{'client_selector': {'enabled': True}, 'client_cluster': {'enabled': False}, 'message_compressor': {'enabled': False}, 'model_co-versioning_registry': {'enabled': False}, 'multi-task_model_trainer': {'enabled': False}, 'heterogeneous_data_handler': {'enabled': False}, 'client_registry': {'enabled': True, 'params': {}}}
100.0-iid clients, predicted wo:0.0760 vs w:0.0760, client_selector activated ✅
Client Client 6 has insufficient CPU (1). Will not participate in the next FL round.
Client Client 5 has insufficient CPU (1). Will not participate in the next FL round.
Client Client 2 participates in this round. (CPU: 2, RAM: 4)
Client Client 3 has insufficient CPU (1). Will not participate in the next FL round.
Client Client 4 has insufficient CPU (1). Will not participate in the next FL round.
Client Client 1 participates in this round. (CPU: 2, RAM: 4)
Results Aggregated in 11.14 seconds.
{'TextMLP': {'train_loss': [0.5864371805985769, 0.49678685913880666, 0.4717318385442098, 0.46960235184431076, 0.4495032391031583, 0.4451297569314639, 0.4443531688928604, 0.43806602482795715, 0.44158371419906617, 0.43256404144366584, 0.43596926286617915, 0.42813688197930655], 'train_accuracy': [0.7875416666666667, 0.8199875, 0.8287583333333334, 0.8284041666666667, 0.8353958333333333, 0.8373125, 0.8371666666666666, 0.839225, 0.8379833333333333, 0.8412666666666667, 0.8400333333333333, 0.8434583333333333], 'train_f1': [0.7864404428528673, 0.8193292726733589, 0.8289318096555692, 0.8288189657697709, 0.8343229569555842, 0.8371658748714769, 0.8373153059954158, 0.8389080958305075, 0.838202371087698, 0.8403498846290861, 0.8401200167979753, 0.8430465873332612], 'train_mae': [0.34399166666666664, 0.2874041666666667, 0.270675, 0.274525, 0.2638875, 0.2600333333333333, 0.2607125, 0.25706666666666667, 0.25579583333333333, 0.2541083333333333, 0.25050833333333333, 0.24531666666666666], 'val_loss': [0.5992775201797486, 0.5134754999687797, 0.4890997031801625, 0.4872811077770434, 0.46968201561977985, 0.46559984357733475, 0.464825740958515, 0.45779477025333204, 0.46109249033425986, 0.45433837074982486, 0.455669436674369, 0.4477561092690418], 'val_accuracy': [0.7771052631578946, 0.8133552631578946, 0.8203289473684211, 0.81875, 0.8267763157894736, 0.8270394736842105, 0.8282236842105264, 0.8346710526315789, 0.8309210526315789, 0.8318421052631579, 0.8327631578947369, 0.8367763157894736], 'val_f1': [0.7758217204976533, 0.8126466509737768, 0.8204518973864207, 0.819274662748164, 0.8255841395127909, 0.8268556081743186, 0.8283055346108547, 0.8343738551080918, 0.8312151618354743, 0.8308026899768924, 0.8328036805677603, 0.8363264907211873], 'val_mae': [0.35572368421052636, 0.295, 0.2805263157894737, 0.2892105263157894, 0.27453947368421056, 0.2734868421052632, 0.27328947368421047, 0.2642763157894737, 0.2669736842105263, 0.2673684210526316, 0.26190789473684206, 0.25638157894736846], 'jsd': [(0, 0, 0, 0, 0, 0), (0, 0, 0, 0, 0, 0), (0, 0, 0, 0, 0, 0), (0, 0, 0, 0, 0, 0), (0, 0, 0, 0, 0, 0), (0, 0, 0, 0, 0, 0), (0, 0, 0, 0, 0, 0), (0, 0, 0, 0, 0, 0), (0, 0, 0, 0, 0, 0), (0, 0, 0, 0, 0, 0), (0, 0, 0, 0, 0, 0), (0, 0, 0, 0, 0, 0)]}}
AdaptationManager: Configuring next round...
{'client_registry': {'enabled': True, 'params': {}}, 'client_selector': {'enabled': True, 'params': {'selection_strategy': 'Resource-Based', 'selection_criteria': 'CPU', 'selection_value': 2}}, 'client_cluster': {'enabled': False, 'params': {}}, 'message_compressor': {'enabled': False, 'params': {}}, 'model_co-versioning_registry': {'enabled': False, 'params': {}}, 'multi-task_model_trainer': {'enabled': False, 'params': {}}, 'heterogeneous_data_handler': {'enabled': False, 'params': {}}}
{'client_selector': {'enabled': True}, 'client_cluster': {'enabled': False}, 'message_compressor': {'enabled': False}, 'model_co-versioning_registry': {'enabled': False}, 'multi-task_model_trainer': {'enabled': False}, 'heterogeneous_data_handler': {'enabled': False}, 'client_registry': {'enabled': True, 'params': {}}}
100.0-iid clients, predicted wo:0.0752 vs w:0.0752, client_selector activated ✅
Client Client 5 has insufficient CPU (1). Will not participate in the next FL round.
Client Client 1 participates in this round. (CPU: 2, RAM: 4)
Client Client 6 has insufficient CPU (1). Will not participate in the next FL round.
Client Client 3 has insufficient CPU (1). Will not participate in the next FL round.
Client Client 4 has insufficient CPU (1). Will not participate in the next FL round.
Client Client 2 participates in this round. (CPU: 2, RAM: 4)
Results Aggregated in 11.19 seconds.
{'TextMLP': {'train_loss': [0.5864371805985769, 0.49678685913880666, 0.4717318385442098, 0.46960235184431076, 0.4495032391031583, 0.4451297569314639, 0.4443531688928604, 0.43806602482795715, 0.44158371419906617, 0.43256404144366584, 0.43596926286617915, 0.42813688197930655, 0.4348057552377383], 'train_accuracy': [0.7875416666666667, 0.8199875, 0.8287583333333334, 0.8284041666666667, 0.8353958333333333, 0.8373125, 0.8371666666666666, 0.839225, 0.8379833333333333, 0.8412666666666667, 0.8400333333333333, 0.8434583333333333, 0.841025], 'train_f1': [0.7864404428528673, 0.8193292726733589, 0.8289318096555692, 0.8288189657697709, 0.8343229569555842, 0.8371658748714769, 0.8373153059954158, 0.8389080958305075, 0.838202371087698, 0.8403498846290861, 0.8401200167979753, 0.8430465873332612, 0.841633641278059], 'train_mae': [0.34399166666666664, 0.2874041666666667, 0.270675, 0.274525, 0.2638875, 0.2600333333333333, 0.2607125, 0.25706666666666667, 0.25579583333333333, 0.2541083333333333, 0.25050833333333333, 0.24531666666666666, 0.2500791666666667], 'val_loss': [0.5992775201797486, 0.5134754999687797, 0.4890997031801625, 0.4872811077770434, 0.46968201561977985, 0.46559984357733475, 0.464825740958515, 0.45779477025333204, 0.46109249033425986, 0.45433837074982486, 0.455669436674369, 0.4477561092690418, 0.45446579111249824], 'val_accuracy': [0.7771052631578946, 0.8133552631578946, 0.8203289473684211, 0.81875, 0.8267763157894736, 0.8270394736842105, 0.8282236842105264, 0.8346710526315789, 0.8309210526315789, 0.8318421052631579, 0.8327631578947369, 0.8367763157894736, 0.8334210526315788], 'val_f1': [0.7758217204976533, 0.8126466509737768, 0.8204518973864207, 0.819274662748164, 0.8255841395127909, 0.8268556081743186, 0.8283055346108547, 0.8343738551080918, 0.8312151618354743, 0.8308026899768924, 0.8328036805677603, 0.8363264907211873, 0.8339807113494616], 'val_mae': [0.35572368421052636, 0.295, 0.2805263157894737, 0.2892105263157894, 0.27453947368421056, 0.2734868421052632, 0.27328947368421047, 0.2642763157894737, 0.2669736842105263, 0.2673684210526316, 0.26190789473684206, 0.25638157894736846, 0.26223684210526316], 'jsd': [(0, 0, 0, 0, 0, 0), (0, 0, 0, 0, 0, 0), (0, 0, 0, 0, 0, 0), (0, 0, 0, 0, 0, 0), (0, 0, 0, 0, 0, 0), (0, 0, 0, 0, 0, 0), (0, 0, 0, 0, 0, 0), (0, 0, 0, 0, 0, 0), (0, 0, 0, 0, 0, 0), (0, 0, 0, 0, 0, 0), (0, 0, 0, 0, 0, 0), (0, 0, 0, 0, 0, 0), (0, 0, 0, 0, 0, 0)]}}
AdaptationManager: Configuring next round...
{'client_registry': {'enabled': True, 'params': {}}, 'client_selector': {'enabled': True, 'params': {'selection_strategy': 'Resource-Based', 'selection_criteria': 'CPU', 'selection_value': 2}}, 'client_cluster': {'enabled': False, 'params': {}}, 'message_compressor': {'enabled': False, 'params': {}}, 'model_co-versioning_registry': {'enabled': False, 'params': {}}, 'multi-task_model_trainer': {'enabled': False, 'params': {}}, 'heterogeneous_data_handler': {'enabled': False, 'params': {}}}
{'client_selector': {'enabled': True}, 'client_cluster': {'enabled': False}, 'message_compressor': {'enabled': False}, 'model_co-versioning_registry': {'enabled': False}, 'multi-task_model_trainer': {'enabled': False}, 'heterogeneous_data_handler': {'enabled': False}, 'client_registry': {'enabled': True, 'params': {}}}
100.0-iid clients, predicted wo:0.0752 vs w:0.0752, client_selector activated ✅
Client Client 4 has insufficient CPU (1). Will not participate in the next FL round.
Client Client 1 participates in this round. (CPU: 2, RAM: 4)
Client Client 5 has insufficient CPU (1). Will not participate in the next FL round.
Client Client 3 has insufficient CPU (1). Will not participate in the next FL round.
Client Client 6 has insufficient CPU (1). Will not participate in the next FL round.
Client Client 2 participates in this round. (CPU: 2, RAM: 4)
Results Aggregated in 10.87 seconds.
{'TextMLP': {'train_loss': [0.5864371805985769, 0.49678685913880666, 0.4717318385442098, 0.46960235184431076, 0.4495032391031583, 0.4451297569314639, 0.4443531688928604, 0.43806602482795715, 0.44158371419906617, 0.43256404144366584, 0.43596926286617915, 0.42813688197930655, 0.4348057552377383, 0.42887834261258445], 'train_accuracy': [0.7875416666666667, 0.8199875, 0.8287583333333334, 0.8284041666666667, 0.8353958333333333, 0.8373125, 0.8371666666666666, 0.839225, 0.8379833333333333, 0.8412666666666667, 0.8400333333333333, 0.8434583333333333, 0.841025, 0.8431916666666667], 'train_f1': [0.7864404428528673, 0.8193292726733589, 0.8289318096555692, 0.8288189657697709, 0.8343229569555842, 0.8371658748714769, 0.8373153059954158, 0.8389080958305075, 0.838202371087698, 0.8403498846290861, 0.8401200167979753, 0.8430465873332612, 0.841633641278059, 0.8436221359819981], 'train_mae': [0.34399166666666664, 0.2874041666666667, 0.270675, 0.274525, 0.2638875, 0.2600333333333333, 0.2607125, 0.25706666666666667, 0.25579583333333333, 0.2541083333333333, 0.25050833333333333, 0.24531666666666666, 0.2500791666666667, 0.25274166666666664], 'val_loss': [0.5992775201797486, 0.5134754999687797, 0.4890997031801625, 0.4872811077770434, 0.46968201561977985, 0.46559984357733475, 0.464825740958515, 0.45779477025333204, 0.46109249033425986, 0.45433837074982486, 0.455669436674369, 0.4477561092690418, 0.45446579111249824, 0.4502302116783042], 'val_accuracy': [0.7771052631578946, 0.8133552631578946, 0.8203289473684211, 0.81875, 0.8267763157894736, 0.8270394736842105, 0.8282236842105264, 0.8346710526315789, 0.8309210526315789, 0.8318421052631579, 0.8327631578947369, 0.8367763157894736, 0.8334210526315788, 0.8370394736842104], 'val_f1': [0.7758217204976533, 0.8126466509737768, 0.8204518973864207, 0.819274662748164, 0.8255841395127909, 0.8268556081743186, 0.8283055346108547, 0.8343738551080918, 0.8312151618354743, 0.8308026899768924, 0.8328036805677603, 0.8363264907211873, 0.8339807113494616, 0.8374839256172167], 'val_mae': [0.35572368421052636, 0.295, 0.2805263157894737, 0.2892105263157894, 0.27453947368421056, 0.2734868421052632, 0.27328947368421047, 0.2642763157894737, 0.2669736842105263, 0.2673684210526316, 0.26190789473684206, 0.25638157894736846, 0.26223684210526316, 0.2625], 'jsd': [(0, 0, 0, 0, 0, 0), (0, 0, 0, 0, 0, 0), (0, 0, 0, 0, 0, 0), (0, 0, 0, 0, 0, 0), (0, 0, 0, 0, 0, 0), (0, 0, 0, 0, 0, 0), (0, 0, 0, 0, 0, 0), (0, 0, 0, 0, 0, 0), (0, 0, 0, 0, 0, 0), (0, 0, 0, 0, 0, 0), (0, 0, 0, 0, 0, 0), (0, 0, 0, 0, 0, 0), (0, 0, 0, 0, 0, 0), (0, 0, 0, 0, 0, 0)]}}
AdaptationManager: Configuring next round...
{'client_registry': {'enabled': True, 'params': {}}, 'client_selector': {'enabled': True, 'params': {'selection_strategy': 'Resource-Based', 'selection_criteria': 'CPU', 'selection_value': 2}}, 'client_cluster': {'enabled': False, 'params': {}}, 'message_compressor': {'enabled': False, 'params': {}}, 'model_co-versioning_registry': {'enabled': False, 'params': {}}, 'multi-task_model_trainer': {'enabled': False, 'params': {}}, 'heterogeneous_data_handler': {'enabled': False, 'params': {}}}
{'client_selector': {'enabled': True}, 'client_cluster': {'enabled': False}, 'message_compressor': {'enabled': False}, 'model_co-versioning_registry': {'enabled': False}, 'multi-task_model_trainer': {'enabled': False}, 'heterogeneous_data_handler': {'enabled': False}, 'client_registry': {'enabled': True, 'params': {}}}
100.0-iid clients, predicted wo:0.0763 vs w:0.0763, client_selector activated ✅
Client Client 1 participates in this round. (CPU: 2, RAM: 4)
Client Client 6 has insufficient CPU (1). Will not participate in the next FL round.
Client Client 3 has insufficient CPU (1). Will not participate in the next FL round.
Client Client 5 has insufficient CPU (1). Will not participate in the next FL round.
Client Client 4 has insufficient CPU (1). Will not participate in the next FL round.
Client Client 2 participates in this round. (CPU: 2, RAM: 4)
Results Aggregated in 10.59 seconds.
{'TextMLP': {'train_loss': [0.5864371805985769, 0.49678685913880666, 0.4717318385442098, 0.46960235184431076, 0.4495032391031583, 0.4451297569314639, 0.4443531688928604, 0.43806602482795715, 0.44158371419906617, 0.43256404144366584, 0.43596926286617915, 0.42813688197930655, 0.4348057552377383, 0.42887834261258445, 0.4312010072191556], 'train_accuracy': [0.7875416666666667, 0.8199875, 0.8287583333333334, 0.8284041666666667, 0.8353958333333333, 0.8373125, 0.8371666666666666, 0.839225, 0.8379833333333333, 0.8412666666666667, 0.8400333333333333, 0.8434583333333333, 0.841025, 0.8431916666666667, 0.8411708333333333], 'train_f1': [0.7864404428528673, 0.8193292726733589, 0.8289318096555692, 0.8288189657697709, 0.8343229569555842, 0.8371658748714769, 0.8373153059954158, 0.8389080958305075, 0.838202371087698, 0.8403498846290861, 0.8401200167979753, 0.8430465873332612, 0.841633641278059, 0.8436221359819981, 0.8399483519464096], 'train_mae': [0.34399166666666664, 0.2874041666666667, 0.270675, 0.274525, 0.2638875, 0.2600333333333333, 0.2607125, 0.25706666666666667, 0.25579583333333333, 0.2541083333333333, 0.25050833333333333, 0.24531666666666666, 0.2500791666666667, 0.25274166666666664, 0.2540833333333333], 'val_loss': [0.5992775201797486, 0.5134754999687797, 0.4890997031801625, 0.4872811077770434, 0.46968201561977985, 0.46559984357733475, 0.464825740958515, 0.45779477025333204, 0.46109249033425986, 0.45433837074982486, 0.455669436674369, 0.4477561092690418, 0.45446579111249824, 0.4502302116783042, 0.45431923464724894], 'val_accuracy': [0.7771052631578946, 0.8133552631578946, 0.8203289473684211, 0.81875, 0.8267763157894736, 0.8270394736842105, 0.8282236842105264, 0.8346710526315789, 0.8309210526315789, 0.8318421052631579, 0.8327631578947369, 0.8367763157894736, 0.8334210526315788, 0.8370394736842104, 0.8341447368421052], 'val_f1': [0.7758217204976533, 0.8126466509737768, 0.8204518973864207, 0.819274662748164, 0.8255841395127909, 0.8268556081743186, 0.8283055346108547, 0.8343738551080918, 0.8312151618354743, 0.8308026899768924, 0.8328036805677603, 0.8363264907211873, 0.8339807113494616, 0.8374839256172167, 0.8328118240764838], 'val_mae': [0.35572368421052636, 0.295, 0.2805263157894737, 0.2892105263157894, 0.27453947368421056, 0.2734868421052632, 0.27328947368421047, 0.2642763157894737, 0.2669736842105263, 0.2673684210526316, 0.26190789473684206, 0.25638157894736846, 0.26223684210526316, 0.2625, 0.26434210526315793], 'jsd': [(0, 0, 0, 0, 0, 0), (0, 0, 0, 0, 0, 0), (0, 0, 0, 0, 0, 0), (0, 0, 0, 0, 0, 0), (0, 0, 0, 0, 0, 0), (0, 0, 0, 0, 0, 0), (0, 0, 0, 0, 0, 0), (0, 0, 0, 0, 0, 0), (0, 0, 0, 0, 0, 0), (0, 0, 0, 0, 0, 0), (0, 0, 0, 0, 0, 0), (0, 0, 0, 0, 0, 0), (0, 0, 0, 0, 0, 0), (0, 0, 0, 0, 0, 0), (0, 0, 0, 0, 0, 0)]}}
AdaptationManager: Configuring next round...
{'client_registry': {'enabled': True, 'params': {}}, 'client_selector': {'enabled': True, 'params': {'selection_strategy': 'Resource-Based', 'selection_criteria': 'CPU', 'selection_value': 2}}, 'client_cluster': {'enabled': False, 'params': {}}, 'message_compressor': {'enabled': False, 'params': {}}, 'model_co-versioning_registry': {'enabled': False, 'params': {}}, 'multi-task_model_trainer': {'enabled': False, 'params': {}}, 'heterogeneous_data_handler': {'enabled': False, 'params': {}}}
{'client_selector': {'enabled': True}, 'client_cluster': {'enabled': False}, 'message_compressor': {'enabled': False}, 'model_co-versioning_registry': {'enabled': False}, 'multi-task_model_trainer': {'enabled': False}, 'heterogeneous_data_handler': {'enabled': False}, 'client_registry': {'enabled': True, 'params': {}}}
100.0-iid clients, predicted wo:0.0780 vs w:0.0780, client_selector activated ✅
Client Client 1 participates in this round. (CPU: 2, RAM: 4)
Client Client 3 has insufficient CPU (1). Will not participate in the next FL round.
Client Client 2 participates in this round. (CPU: 2, RAM: 4)
Client Client 5 has insufficient CPU (1). Will not participate in the next FL round.
Client Client 6 has insufficient CPU (1). Will not participate in the next FL round.
Client Client 4 has insufficient CPU (1). Will not participate in the next FL round.
Results Aggregated in 10.82 seconds.
{'TextMLP': {'train_loss': [0.5864371805985769, 0.49678685913880666, 0.4717318385442098, 0.46960235184431076, 0.4495032391031583, 0.4451297569314639, 0.4443531688928604, 0.43806602482795715, 0.44158371419906617, 0.43256404144366584, 0.43596926286617915, 0.42813688197930655, 0.4348057552377383, 0.42887834261258445, 0.4312010072191556, 0.43337566720247267], 'train_accuracy': [0.7875416666666667, 0.8199875, 0.8287583333333334, 0.8284041666666667, 0.8353958333333333, 0.8373125, 0.8371666666666666, 0.839225, 0.8379833333333333, 0.8412666666666667, 0.8400333333333333, 0.8434583333333333, 0.841025, 0.8431916666666667, 0.8411708333333333, 0.8396708333333334], 'train_f1': [0.7864404428528673, 0.8193292726733589, 0.8289318096555692, 0.8288189657697709, 0.8343229569555842, 0.8371658748714769, 0.8373153059954158, 0.8389080958305075, 0.838202371087698, 0.8403498846290861, 0.8401200167979753, 0.8430465873332612, 0.841633641278059, 0.8436221359819981, 0.8399483519464096, 0.8395573954903562], 'train_mae': [0.34399166666666664, 0.2874041666666667, 0.270675, 0.274525, 0.2638875, 0.2600333333333333, 0.2607125, 0.25706666666666667, 0.25579583333333333, 0.2541083333333333, 0.25050833333333333, 0.24531666666666666, 0.2500791666666667, 0.25274166666666664, 0.2540833333333333, 0.24790833333333334], 'val_loss': [0.5992775201797486, 0.5134754999687797, 0.4890997031801625, 0.4872811077770434, 0.46968201561977985, 0.46559984357733475, 0.464825740958515, 0.45779477025333204, 0.46109249033425986, 0.45433837074982486, 0.455669436674369, 0.4477561092690418, 0.45446579111249824, 0.4502302116783042, 0.45431923464724894, 0.45486883853611193], 'val_accuracy': [0.7771052631578946, 0.8133552631578946, 0.8203289473684211, 0.81875, 0.8267763157894736, 0.8270394736842105, 0.8282236842105264, 0.8346710526315789, 0.8309210526315789, 0.8318421052631579, 0.8327631578947369, 0.8367763157894736, 0.8334210526315788, 0.8370394736842104, 0.8341447368421052, 0.832236842105263], 'val_f1': [0.7758217204976533, 0.8126466509737768, 0.8204518973864207, 0.819274662748164, 0.8255841395127909, 0.8268556081743186, 0.8283055346108547, 0.8343738551080918, 0.8312151618354743, 0.8308026899768924, 0.8328036805677603, 0.8363264907211873, 0.8339807113494616, 0.8374839256172167, 0.8328118240764838, 0.8319699229013796], 'val_mae': [0.35572368421052636, 0.295, 0.2805263157894737, 0.2892105263157894, 0.27453947368421056, 0.2734868421052632, 0.27328947368421047, 0.2642763157894737, 0.2669736842105263, 0.2673684210526316, 0.26190789473684206, 0.25638157894736846, 0.26223684210526316, 0.2625, 0.26434210526315793, 0.25861842105263155], 'jsd': [(0, 0, 0, 0, 0, 0), (0, 0, 0, 0, 0, 0), (0, 0, 0, 0, 0, 0), (0, 0, 0, 0, 0, 0), (0, 0, 0, 0, 0, 0), (0, 0, 0, 0, 0, 0), (0, 0, 0, 0, 0, 0), (0, 0, 0, 0, 0, 0), (0, 0, 0, 0, 0, 0), (0, 0, 0, 0, 0, 0), (0, 0, 0, 0, 0, 0), (0, 0, 0, 0, 0, 0), (0, 0, 0, 0, 0, 0), (0, 0, 0, 0, 0, 0), (0, 0, 0, 0, 0, 0), (0, 0, 0, 0, 0, 0)]}}
AdaptationManager: Configuring next round...
{'client_registry': {'enabled': True, 'params': {}}, 'client_selector': {'enabled': True, 'params': {'selection_strategy': 'Resource-Based', 'selection_criteria': 'CPU', 'selection_value': 2}}, 'client_cluster': {'enabled': False, 'params': {}}, 'message_compressor': {'enabled': False, 'params': {}}, 'model_co-versioning_registry': {'enabled': False, 'params': {}}, 'multi-task_model_trainer': {'enabled': False, 'params': {}}, 'heterogeneous_data_handler': {'enabled': False, 'params': {}}}
{'client_selector': {'enabled': True}, 'client_cluster': {'enabled': False}, 'message_compressor': {'enabled': False}, 'model_co-versioning_registry': {'enabled': False}, 'multi-task_model_trainer': {'enabled': False}, 'heterogeneous_data_handler': {'enabled': False}, 'client_registry': {'enabled': True, 'params': {}}}
100.0-iid clients, predicted wo:0.0763 vs w:0.0763, client_selector activated ✅
Client Client 5 has insufficient CPU (1). Will not participate in the next FL round.
Client Client 6 has insufficient CPU (1). Will not participate in the next FL round.
Client Client 1 participates in this round. (CPU: 2, RAM: 4)
Client Client 2 participates in this round. (CPU: 2, RAM: 4)
Client Client 4 has insufficient CPU (1). Will not participate in the next FL round.
Client Client 3 has insufficient CPU (1). Will not participate in the next FL round.
Results Aggregated in 11.02 seconds.
{'TextMLP': {'train_loss': [0.5864371805985769, 0.49678685913880666, 0.4717318385442098, 0.46960235184431076, 0.4495032391031583, 0.4451297569314639, 0.4443531688928604, 0.43806602482795715, 0.44158371419906617, 0.43256404144366584, 0.43596926286617915, 0.42813688197930655, 0.4348057552377383, 0.42887834261258445, 0.4312010072191556, 0.43337566720247267, 0.4269113629301389], 'train_accuracy': [0.7875416666666667, 0.8199875, 0.8287583333333334, 0.8284041666666667, 0.8353958333333333, 0.8373125, 0.8371666666666666, 0.839225, 0.8379833333333333, 0.8412666666666667, 0.8400333333333333, 0.8434583333333333, 0.841025, 0.8431916666666667, 0.8411708333333333, 0.8396708333333334, 0.8427708333333334], 'train_f1': [0.7864404428528673, 0.8193292726733589, 0.8289318096555692, 0.8288189657697709, 0.8343229569555842, 0.8371658748714769, 0.8373153059954158, 0.8389080958305075, 0.838202371087698, 0.8403498846290861, 0.8401200167979753, 0.8430465873332612, 0.841633641278059, 0.8436221359819981, 0.8399483519464096, 0.8395573954903562, 0.8427520812469991], 'train_mae': [0.34399166666666664, 0.2874041666666667, 0.270675, 0.274525, 0.2638875, 0.2600333333333333, 0.2607125, 0.25706666666666667, 0.25579583333333333, 0.2541083333333333, 0.25050833333333333, 0.24531666666666666, 0.2500791666666667, 0.25274166666666664, 0.2540833333333333, 0.24790833333333334, 0.25655833333333333], 'val_loss': [0.5992775201797486, 0.5134754999687797, 0.4890997031801625, 0.4872811077770434, 0.46968201561977985, 0.46559984357733475, 0.464825740958515, 0.45779477025333204, 0.46109249033425986, 0.45433837074982486, 0.455669436674369, 0.4477561092690418, 0.45446579111249824, 0.4502302116783042, 0.45431923464724894, 0.45486883853611193, 0.45027445416701467], 'val_accuracy': [0.7771052631578946, 0.8133552631578946, 0.8203289473684211, 0.81875, 0.8267763157894736, 0.8270394736842105, 0.8282236842105264, 0.8346710526315789, 0.8309210526315789, 0.8318421052631579, 0.8327631578947369, 0.8367763157894736, 0.8334210526315788, 0.8370394736842104, 0.8341447368421052, 0.832236842105263, 0.834407894736842], 'val_f1': [0.7758217204976533, 0.8126466509737768, 0.8204518973864207, 0.819274662748164, 0.8255841395127909, 0.8268556081743186, 0.8283055346108547, 0.8343738551080918, 0.8312151618354743, 0.8308026899768924, 0.8328036805677603, 0.8363264907211873, 0.8339807113494616, 0.8374839256172167, 0.8328118240764838, 0.8319699229013796, 0.8343793669635806], 'val_mae': [0.35572368421052636, 0.295, 0.2805263157894737, 0.2892105263157894, 0.27453947368421056, 0.2734868421052632, 0.27328947368421047, 0.2642763157894737, 0.2669736842105263, 0.2673684210526316, 0.26190789473684206, 0.25638157894736846, 0.26223684210526316, 0.2625, 0.26434210526315793, 0.25861842105263155, 0.2686842105263158], 'jsd': [(0, 0, 0, 0, 0, 0), (0, 0, 0, 0, 0, 0), (0, 0, 0, 0, 0, 0), (0, 0, 0, 0, 0, 0), (0, 0, 0, 0, 0, 0), (0, 0, 0, 0, 0, 0), (0, 0, 0, 0, 0, 0), (0, 0, 0, 0, 0, 0), (0, 0, 0, 0, 0, 0), (0, 0, 0, 0, 0, 0), (0, 0, 0, 0, 0, 0), (0, 0, 0, 0, 0, 0), (0, 0, 0, 0, 0, 0), (0, 0, 0, 0, 0, 0), (0, 0, 0, 0, 0, 0), (0, 0, 0, 0, 0, 0), (0, 0, 0, 0, 0, 0)]}}
AdaptationManager: Configuring next round...
{'client_registry': {'enabled': True, 'params': {}}, 'client_selector': {'enabled': True, 'params': {'selection_strategy': 'Resource-Based', 'selection_criteria': 'CPU', 'selection_value': 2}}, 'client_cluster': {'enabled': False, 'params': {}}, 'message_compressor': {'enabled': False, 'params': {}}, 'model_co-versioning_registry': {'enabled': False, 'params': {}}, 'multi-task_model_trainer': {'enabled': False, 'params': {}}, 'heterogeneous_data_handler': {'enabled': False, 'params': {}}}
{'client_selector': {'enabled': True}, 'client_cluster': {'enabled': False}, 'message_compressor': {'enabled': False}, 'model_co-versioning_registry': {'enabled': False}, 'multi-task_model_trainer': {'enabled': False}, 'heterogeneous_data_handler': {'enabled': False}, 'client_registry': {'enabled': True, 'params': {}}}
100.0-iid clients, predicted wo:0.0752 vs w:0.0752, client_selector activated ✅
Client Client 6 has insufficient CPU (1). Will not participate in the next FL round.
Client Client 3 has insufficient CPU (1). Will not participate in the next FL round.
Client Client 4 has insufficient CPU (1). Will not participate in the next FL round.
Client Client 5 has insufficient CPU (1). Will not participate in the next FL round.
Client Client 2 participates in this round. (CPU: 2, RAM: 4)
Client Client 1 participates in this round. (CPU: 2, RAM: 4)
Results Aggregated in 11.15 seconds.
{'TextMLP': {'train_loss': [0.5864371805985769, 0.49678685913880666, 0.4717318385442098, 0.46960235184431076, 0.4495032391031583, 0.4451297569314639, 0.4443531688928604, 0.43806602482795715, 0.44158371419906617, 0.43256404144366584, 0.43596926286617915, 0.42813688197930655, 0.4348057552377383, 0.42887834261258445, 0.4312010072191556, 0.43337566720247267, 0.4269113629301389, 0.4196413192152977], 'train_accuracy': [0.7875416666666667, 0.8199875, 0.8287583333333334, 0.8284041666666667, 0.8353958333333333, 0.8373125, 0.8371666666666666, 0.839225, 0.8379833333333333, 0.8412666666666667, 0.8400333333333333, 0.8434583333333333, 0.841025, 0.8431916666666667, 0.8411708333333333, 0.8396708333333334, 0.8427708333333334, 0.8455958333333333], 'train_f1': [0.7864404428528673, 0.8193292726733589, 0.8289318096555692, 0.8288189657697709, 0.8343229569555842, 0.8371658748714769, 0.8373153059954158, 0.8389080958305075, 0.838202371087698, 0.8403498846290861, 0.8401200167979753, 0.8430465873332612, 0.841633641278059, 0.8436221359819981, 0.8399483519464096, 0.8395573954903562, 0.8427520812469991, 0.8447896757288793], 'train_mae': [0.34399166666666664, 0.2874041666666667, 0.270675, 0.274525, 0.2638875, 0.2600333333333333, 0.2607125, 0.25706666666666667, 0.25579583333333333, 0.2541083333333333, 0.25050833333333333, 0.24531666666666666, 0.2500791666666667, 0.25274166666666664, 0.2540833333333333, 0.24790833333333334, 0.25655833333333333, 0.24491666666666667], 'val_loss': [0.5992775201797486, 0.5134754999687797, 0.4890997031801625, 0.4872811077770434, 0.46968201561977985, 0.46559984357733475, 0.464825740958515, 0.45779477025333204, 0.46109249033425986, 0.45433837074982486, 0.455669436674369, 0.4477561092690418, 0.45446579111249824, 0.4502302116783042, 0.45431923464724894, 0.45486883853611193, 0.45027445416701467, 0.44113785564899444], 'val_accuracy': [0.7771052631578946, 0.8133552631578946, 0.8203289473684211, 0.81875, 0.8267763157894736, 0.8270394736842105, 0.8282236842105264, 0.8346710526315789, 0.8309210526315789, 0.8318421052631579, 0.8327631578947369, 0.8367763157894736, 0.8334210526315788, 0.8370394736842104, 0.8341447368421052, 0.832236842105263, 0.834407894736842, 0.8400657894736843], 'val_f1': [0.7758217204976533, 0.8126466509737768, 0.8204518973864207, 0.819274662748164, 0.8255841395127909, 0.8268556081743186, 0.8283055346108547, 0.8343738551080918, 0.8312151618354743, 0.8308026899768924, 0.8328036805677603, 0.8363264907211873, 0.8339807113494616, 0.8374839256172167, 0.8328118240764838, 0.8319699229013796, 0.8343793669635806, 0.8391346628472219], 'val_mae': [0.35572368421052636, 0.295, 0.2805263157894737, 0.2892105263157894, 0.27453947368421056, 0.2734868421052632, 0.27328947368421047, 0.2642763157894737, 0.2669736842105263, 0.2673684210526316, 0.26190789473684206, 0.25638157894736846, 0.26223684210526316, 0.2625, 0.26434210526315793, 0.25861842105263155, 0.2686842105263158, 0.2530921052631579], 'jsd': [(0, 0, 0, 0, 0, 0), (0, 0, 0, 0, 0, 0), (0, 0, 0, 0, 0, 0), (0, 0, 0, 0, 0, 0), (0, 0, 0, 0, 0, 0), (0, 0, 0, 0, 0, 0), (0, 0, 0, 0, 0, 0), (0, 0, 0, 0, 0, 0), (0, 0, 0, 0, 0, 0), (0, 0, 0, 0, 0, 0), (0, 0, 0, 0, 0, 0), (0, 0, 0, 0, 0, 0), (0, 0, 0, 0, 0, 0), (0, 0, 0, 0, 0, 0), (0, 0, 0, 0, 0, 0), (0, 0, 0, 0, 0, 0), (0, 0, 0, 0, 0, 0), (0, 0, 0, 0, 0, 0)]}}
AdaptationManager: Configuring next round...
{'client_registry': {'enabled': True, 'params': {}}, 'client_selector': {'enabled': True, 'params': {'selection_strategy': 'Resource-Based', 'selection_criteria': 'CPU', 'selection_value': 2}}, 'client_cluster': {'enabled': False, 'params': {}}, 'message_compressor': {'enabled': False, 'params': {}}, 'model_co-versioning_registry': {'enabled': False, 'params': {}}, 'multi-task_model_trainer': {'enabled': False, 'params': {}}, 'heterogeneous_data_handler': {'enabled': False, 'params': {}}}
{'client_selector': {'enabled': True}, 'client_cluster': {'enabled': False}, 'message_compressor': {'enabled': False}, 'model_co-versioning_registry': {'enabled': False}, 'multi-task_model_trainer': {'enabled': False}, 'heterogeneous_data_handler': {'enabled': False}, 'client_registry': {'enabled': True, 'params': {}}}
100.0-iid clients, predicted wo:0.0752 vs w:0.0752, client_selector activated ✅
Client Client 6 has insufficient CPU (1). Will not participate in the next FL round.
Client Client 1 participates in this round. (CPU: 2, RAM: 4)
Client Client 3 has insufficient CPU (1). Will not participate in the next FL round.
Client Client 4 has insufficient CPU (1). Will not participate in the next FL round.
Client Client 5 has insufficient CPU (1). Will not participate in the next FL round.
Client Client 2 participates in this round. (CPU: 2, RAM: 4)
Results Aggregated in 11.00 seconds.
{'TextMLP': {'train_loss': [0.5864371805985769, 0.49678685913880666, 0.4717318385442098, 0.46960235184431076, 0.4495032391031583, 0.4451297569314639, 0.4443531688928604, 0.43806602482795715, 0.44158371419906617, 0.43256404144366584, 0.43596926286617915, 0.42813688197930655, 0.4348057552377383, 0.42887834261258445, 0.4312010072191556, 0.43337566720247267, 0.4269113629301389, 0.4196413192152977, 0.4201739334106445], 'train_accuracy': [0.7875416666666667, 0.8199875, 0.8287583333333334, 0.8284041666666667, 0.8353958333333333, 0.8373125, 0.8371666666666666, 0.839225, 0.8379833333333333, 0.8412666666666667, 0.8400333333333333, 0.8434583333333333, 0.841025, 0.8431916666666667, 0.8411708333333333, 0.8396708333333334, 0.8427708333333334, 0.8455958333333333, 0.8456], 'train_f1': [0.7864404428528673, 0.8193292726733589, 0.8289318096555692, 0.8288189657697709, 0.8343229569555842, 0.8371658748714769, 0.8373153059954158, 0.8389080958305075, 0.838202371087698, 0.8403498846290861, 0.8401200167979753, 0.8430465873332612, 0.841633641278059, 0.8436221359819981, 0.8399483519464096, 0.8395573954903562, 0.8427520812469991, 0.8447896757288793, 0.8447916383027813], 'train_mae': [0.34399166666666664, 0.2874041666666667, 0.270675, 0.274525, 0.2638875, 0.2600333333333333, 0.2607125, 0.25706666666666667, 0.25579583333333333, 0.2541083333333333, 0.25050833333333333, 0.24531666666666666, 0.2500791666666667, 0.25274166666666664, 0.2540833333333333, 0.24790833333333334, 0.25655833333333333, 0.24491666666666667, 0.24554166666666666], 'val_loss': [0.5992775201797486, 0.5134754999687797, 0.4890997031801625, 0.4872811077770434, 0.46968201561977985, 0.46559984357733475, 0.464825740958515, 0.45779477025333204, 0.46109249033425986, 0.45433837074982486, 0.455669436674369, 0.4477561092690418, 0.45446579111249824, 0.4502302116783042, 0.45431923464724894, 0.45486883853611193, 0.45027445416701467, 0.44113785564899444, 0.4425107154093291], 'val_accuracy': [0.7771052631578946, 0.8133552631578946, 0.8203289473684211, 0.81875, 0.8267763157894736, 0.8270394736842105, 0.8282236842105264, 0.8346710526315789, 0.8309210526315789, 0.8318421052631579, 0.8327631578947369, 0.8367763157894736, 0.8334210526315788, 0.8370394736842104, 0.8341447368421052, 0.832236842105263, 0.834407894736842, 0.8400657894736843, 0.8394078947368421], 'val_f1': [0.7758217204976533, 0.8126466509737768, 0.8204518973864207, 0.819274662748164, 0.8255841395127909, 0.8268556081743186, 0.8283055346108547, 0.8343738551080918, 0.8312151618354743, 0.8308026899768924, 0.8328036805677603, 0.8363264907211873, 0.8339807113494616, 0.8374839256172167, 0.8328118240764838, 0.8319699229013796, 0.8343793669635806, 0.8391346628472219, 0.8385140293674901], 'val_mae': [0.35572368421052636, 0.295, 0.2805263157894737, 0.2892105263157894, 0.27453947368421056, 0.2734868421052632, 0.27328947368421047, 0.2642763157894737, 0.2669736842105263, 0.2673684210526316, 0.26190789473684206, 0.25638157894736846, 0.26223684210526316, 0.2625, 0.26434210526315793, 0.25861842105263155, 0.2686842105263158, 0.2530921052631579, 0.25401315789473683], 'jsd': [(0, 0, 0, 0, 0, 0), (0, 0, 0, 0, 0, 0), (0, 0, 0, 0, 0, 0), (0, 0, 0, 0, 0, 0), (0, 0, 0, 0, 0, 0), (0, 0, 0, 0, 0, 0), (0, 0, 0, 0, 0, 0), (0, 0, 0, 0, 0, 0), (0, 0, 0, 0, 0, 0), (0, 0, 0, 0, 0, 0), (0, 0, 0, 0, 0, 0), (0, 0, 0, 0, 0, 0), (0, 0, 0, 0, 0, 0), (0, 0, 0, 0, 0, 0), (0, 0, 0, 0, 0, 0), (0, 0, 0, 0, 0, 0), (0, 0, 0, 0, 0, 0), (0, 0, 0, 0, 0, 0), (0, 0, 0, 0, 0, 0)]}}
AdaptationManager: Configuring next round...
{'client_registry': {'enabled': True, 'params': {}}, 'client_selector': {'enabled': True, 'params': {'selection_strategy': 'Resource-Based', 'selection_criteria': 'CPU', 'selection_value': 2}}, 'client_cluster': {'enabled': False, 'params': {}}, 'message_compressor': {'enabled': False, 'params': {}}, 'model_co-versioning_registry': {'enabled': False, 'params': {}}, 'multi-task_model_trainer': {'enabled': False, 'params': {}}, 'heterogeneous_data_handler': {'enabled': False, 'params': {}}}
{'client_selector': {'enabled': True}, 'client_cluster': {'enabled': False}, 'message_compressor': {'enabled': False}, 'model_co-versioning_registry': {'enabled': False}, 'multi-task_model_trainer': {'enabled': False}, 'heterogeneous_data_handler': {'enabled': False}, 'client_registry': {'enabled': True, 'params': {}}}
100.0-iid clients, predicted wo:0.0752 vs w:0.0752, client_selector activated ✅
Client Client 2 participates in this round. (CPU: 2, RAM: 4)
Client Client 5 has insufficient CPU (1). Will not participate in the next FL round.
Client Client 3 has insufficient CPU (1). Will not participate in the next FL round.
Client Client 6 has insufficient CPU (1). Will not participate in the next FL round.
Client Client 1 participates in this round. (CPU: 2, RAM: 4)
Client Client 4 has insufficient CPU (1). Will not participate in the next FL round.
Results Aggregated in 10.82 seconds.
{'TextMLP': {'train_loss': [0.5864371805985769, 0.49678685913880666, 0.4717318385442098, 0.46960235184431076, 0.4495032391031583, 0.4451297569314639, 0.4443531688928604, 0.43806602482795715, 0.44158371419906617, 0.43256404144366584, 0.43596926286617915, 0.42813688197930655, 0.4348057552377383, 0.42887834261258445, 0.4312010072191556, 0.43337566720247267, 0.4269113629301389, 0.4196413192152977, 0.4201739334106445, 0.41644061146179834], 'train_accuracy': [0.7875416666666667, 0.8199875, 0.8287583333333334, 0.8284041666666667, 0.8353958333333333, 0.8373125, 0.8371666666666666, 0.839225, 0.8379833333333333, 0.8412666666666667, 0.8400333333333333, 0.8434583333333333, 0.841025, 0.8431916666666667, 0.8411708333333333, 0.8396708333333334, 0.8427708333333334, 0.8455958333333333, 0.8456, 0.8477458333333333], 'train_f1': [0.7864404428528673, 0.8193292726733589, 0.8289318096555692, 0.8288189657697709, 0.8343229569555842, 0.8371658748714769, 0.8373153059954158, 0.8389080958305075, 0.838202371087698, 0.8403498846290861, 0.8401200167979753, 0.8430465873332612, 0.841633641278059, 0.8436221359819981, 0.8399483519464096, 0.8395573954903562, 0.8427520812469991, 0.8447896757288793, 0.8447916383027813, 0.8474404136672748], 'train_mae': [0.34399166666666664, 0.2874041666666667, 0.270675, 0.274525, 0.2638875, 0.2600333333333333, 0.2607125, 0.25706666666666667, 0.25579583333333333, 0.2541083333333333, 0.25050833333333333, 0.24531666666666666, 0.2500791666666667, 0.25274166666666664, 0.2540833333333333, 0.24790833333333334, 0.25655833333333333, 0.24491666666666667, 0.24554166666666666, 0.24089166666666667], 'val_loss': [0.5992775201797486, 0.5134754999687797, 0.4890997031801625, 0.4872811077770434, 0.46968201561977985, 0.46559984357733475, 0.464825740958515, 0.45779477025333204, 0.46109249033425986, 0.45433837074982486, 0.455669436674369, 0.4477561092690418, 0.45446579111249824, 0.4502302116783042, 0.45431923464724894, 0.45486883853611193, 0.45027445416701467, 0.44113785564899444, 0.4425107154093291, 0.4385171785793806], 'val_accuracy': [0.7771052631578946, 0.8133552631578946, 0.8203289473684211, 0.81875, 0.8267763157894736, 0.8270394736842105, 0.8282236842105264, 0.8346710526315789, 0.8309210526315789, 0.8318421052631579, 0.8327631578947369, 0.8367763157894736, 0.8334210526315788, 0.8370394736842104, 0.8341447368421052, 0.832236842105263, 0.834407894736842, 0.8400657894736843, 0.8394078947368421, 0.8411184210526316], 'val_f1': [0.7758217204976533, 0.8126466509737768, 0.8204518973864207, 0.819274662748164, 0.8255841395127909, 0.8268556081743186, 0.8283055346108547, 0.8343738551080918, 0.8312151618354743, 0.8308026899768924, 0.8328036805677603, 0.8363264907211873, 0.8339807113494616, 0.8374839256172167, 0.8328118240764838, 0.8319699229013796, 0.8343793669635806, 0.8391346628472219, 0.8385140293674901, 0.8407701899141551], 'val_mae': [0.35572368421052636, 0.295, 0.2805263157894737, 0.2892105263157894, 0.27453947368421056, 0.2734868421052632, 0.27328947368421047, 0.2642763157894737, 0.2669736842105263, 0.2673684210526316, 0.26190789473684206, 0.25638157894736846, 0.26223684210526316, 0.2625, 0.26434210526315793, 0.25861842105263155, 0.2686842105263158, 0.2530921052631579, 0.25401315789473683, 0.2523026315789474], 'jsd': [(0, 0, 0, 0, 0, 0), (0, 0, 0, 0, 0, 0), (0, 0, 0, 0, 0, 0), (0, 0, 0, 0, 0, 0), (0, 0, 0, 0, 0, 0), (0, 0, 0, 0, 0, 0), (0, 0, 0, 0, 0, 0), (0, 0, 0, 0, 0, 0), (0, 0, 0, 0, 0, 0), (0, 0, 0, 0, 0, 0), (0, 0, 0, 0, 0, 0), (0, 0, 0, 0, 0, 0), (0, 0, 0, 0, 0, 0), (0, 0, 0, 0, 0, 0), (0, 0, 0, 0, 0, 0), (0, 0, 0, 0, 0, 0), (0, 0, 0, 0, 0, 0), (0, 0, 0, 0, 0, 0), (0, 0, 0, 0, 0, 0), (0, 0, 0, 0, 0, 0)]}}
AdaptationManager: Configuring next round...
{'client_registry': {'enabled': True, 'params': {}}, 'client_selector': {'enabled': True, 'params': {'selection_strategy': 'Resource-Based', 'selection_criteria': 'CPU', 'selection_value': 2}}, 'client_cluster': {'enabled': False, 'params': {}}, 'message_compressor': {'enabled': False, 'params': {}}, 'model_co-versioning_registry': {'enabled': False, 'params': {}}, 'multi-task_model_trainer': {'enabled': False, 'params': {}}, 'heterogeneous_data_handler': {'enabled': False, 'params': {}}}
{'client_selector': {'enabled': True}, 'client_cluster': {'enabled': False}, 'message_compressor': {'enabled': False}, 'model_co-versioning_registry': {'enabled': False}, 'multi-task_model_trainer': {'enabled': False}, 'heterogeneous_data_handler': {'enabled': False}, 'client_registry': {'enabled': True, 'params': {}}}
100.0-iid clients, predicted wo:0.0763 vs w:0.0763, client_selector activated ✅
