==========================================
  ___  ______  ___ ______       _ 
 / _ \ | ___ \/   ||  ___|     | |
/ /_\ \| |_/ / /| || |_ ___  __| |
|  _  ||  __/ /_| ||  _/ _ \/ _` |
| | | || |  \___  || ||  __/ (_| |
\_| |_/\_|      |_/\_| \___|\__,_| v.1.5.0

==========================================
Simulation Started!
List of the Architectural Patterns enabled:
Adaptation Enabled ✅
Metric: val_f1, comparison with fixed value: 0.4
Client Registry ✅
Client Selector ✅
 AP Parameters: {'selection_strategy': 'Resource-Based', 'selection_criteria': 'CPU', 'selection_value': 2}
==========================================
Client Client 23 participates in this round. (CPU: 2, RAM: 2)
Client Client 27 has insufficient CPU (1). Will not participate in the next FL round.
Client Client 30 has insufficient CPU (1). Will not participate in the next FL round.
Client Client 29 has insufficient CPU (1). Will not participate in the next FL round.
Client Client 28 has insufficient CPU (1). Will not participate in the next FL round.
Client Client 33 has insufficient CPU (1). Will not participate in the next FL round.
Client Client 32 has insufficient CPU (1). Will not participate in the next FL round.
Client Client 31 has insufficient CPU (1). Will not participate in the next FL round.
Client Client 26 participates in this round. (CPU: 2, RAM: 2)
Client Client 24 participates in this round. (CPU: 2, RAM: 2)
Client Client 34 has insufficient CPU (1). Will not participate in the next FL round.
Client Client 25 participates in this round. (CPU: 2, RAM: 2)
Results Aggregated in 61.55 seconds.
{'CNN 16k': {'train_loss': [1.5378297536754608], 'train_accuracy': [0.43315], 'train_f1': [0.4237541079516813], 'train_mae': [2.102725], 'val_loss': [1.53614527926445], 'val_accuracy': [0.434525], 'val_f1': [0.42445357565431957], 'val_mae': [2.108225]}}
AdaptationManager: Configuring next round...
{'client_registry': {'enabled': True, 'params': {}}, 'client_selector': {'enabled': True, 'params': {'selection_strategy': 'Resource-Based', 'selection_criteria': 'CPU', 'selection_value': 2}}, 'client_cluster': {'enabled': False, 'params': {}}, 'message_compressor': {'enabled': False, 'params': {}}, 'model_co-versioning_registry': {'enabled': False, 'params': {}}, 'multi-task_model_trainer': {'enabled': False, 'params': {}}, 'heterogeneous_data_handler': {'enabled': False, 'params': {}}}
{'client_selector': {'enabled': True}, 'client_cluster': {'enabled': False}, 'message_compressor': {'enabled': False}, 'model_co-versioning_registry': {'enabled': False}, 'multi-task_model_trainer': {'enabled': False}, 'heterogeneous_data_handler': {'enabled': False}, 'client_registry': {'enabled': True}}
AdaptationManager: Less than 2 rounds completed. Keeping default config.
Client Client 26 participates in this round. (CPU: 2, RAM: 2)
Client Client 34 has insufficient CPU (1). Will not participate in the next FL round.
Client Client 30 has insufficient CPU (1). Will not participate in the next FL round.
Client Client 29 has insufficient CPU (1). Will not participate in the next FL round.
Client Client 28 has insufficient CPU (1). Will not participate in the next FL round.
Client Client 32 has insufficient CPU (1). Will not participate in the next FL round.
Client Client 23 participates in this round. (CPU: 2, RAM: 2)
Client Client 27 has insufficient CPU (1). Will not participate in the next FL round.
Client Client 33 has insufficient CPU (1). Will not participate in the next FL round.
Client Client 31 has insufficient CPU (1). Will not participate in the next FL round.
Client Client 24 participates in this round. (CPU: 2, RAM: 2)
Client Client 25 participates in this round. (CPU: 2, RAM: 2)
Results Aggregated in 60.44 seconds.
{'CNN 16k': {'train_loss': [1.5378297536754608, 1.416263126888275], 'train_accuracy': [0.43315, 0.48498], 'train_f1': [0.4237541079516813, 0.47665506846146455], 'train_mae': [2.102725, 1.92189], 'val_loss': [1.53614527926445, 1.4256243221759797], 'val_accuracy': [0.434525, 0.480925], 'val_f1': [0.42445357565431957, 0.4719693879518298], 'val_mae': [2.108225, 1.92495]}}
AdaptationManager: Configuring next round...
{'client_registry': {'enabled': True, 'params': {}}, 'client_selector': {'enabled': True, 'params': {'selection_strategy': 'Resource-Based', 'selection_criteria': 'CPU', 'selection_value': 2}}, 'client_cluster': {'enabled': False, 'params': {}}, 'message_compressor': {'enabled': False, 'params': {}}, 'model_co-versioning_registry': {'enabled': False, 'params': {}}, 'multi-task_model_trainer': {'enabled': False, 'params': {}}, 'heterogeneous_data_handler': {'enabled': False, 'params': {}}}
{'client_selector': {'enabled': True}, 'client_cluster': {'enabled': False}, 'message_compressor': {'enabled': False}, 'model_co-versioning_registry': {'enabled': False}, 'multi-task_model_trainer': {'enabled': False}, 'heterogeneous_data_handler': {'enabled': False}, 'client_registry': {'enabled': True}}
Accuracy ok: Selector activated ✅
Accuracy ok: Selector activated ✅
Client Client 30 has insufficient CPU (1). Will not participate in the next FL round.
Client Client 33 has insufficient CPU (1). Will not participate in the next FL round.
Client Client 23 participates in this round. (CPU: 2, RAM: 2)
Client Client 26 participates in this round. (CPU: 2, RAM: 2)
Client Client 27 has insufficient CPU (1). Will not participate in the next FL round.
Client Client 31 has insufficient CPU (1). Will not participate in the next FL round.
Client Client 25 participates in this round. (CPU: 2, RAM: 2)
Client Client 34 has insufficient CPU (1). Will not participate in the next FL round.
Client Client 32 has insufficient CPU (1). Will not participate in the next FL round.
Client Client 28 has insufficient CPU (1). Will not participate in the next FL round.
Client Client 24 participates in this round. (CPU: 2, RAM: 2)
Client Client 29 has insufficient CPU (1). Will not participate in the next FL round.
Results Aggregated in 71.00 seconds.
{'CNN 16k': {'train_loss': [1.5378297536754608, 1.416263126888275, 1.3328313723754883], 'train_accuracy': [0.43315, 0.48498, 0.51851], 'train_f1': [0.4237541079516813, 0.47665506846146455, 0.5130302071826098], 'train_mae': [2.102725, 1.92189, 1.771515], 'val_loss': [1.53614527926445, 1.4256243221759797, 1.3551470066070557], 'val_accuracy': [0.434525, 0.480925, 0.509875], 'val_f1': [0.42445357565431957, 0.4719693879518298, 0.5036962855431468], 'val_mae': [2.108225, 1.92495, 1.8097]}}
AdaptationManager: Configuring next round...
{'client_registry': {'enabled': True, 'params': {}}, 'client_selector': {'enabled': True, 'params': {'selection_strategy': 'Resource-Based', 'selection_criteria': 'CPU', 'selection_value': 2}}, 'client_cluster': {'enabled': False, 'params': {}}, 'message_compressor': {'enabled': False, 'params': {}}, 'model_co-versioning_registry': {'enabled': False, 'params': {}}, 'multi-task_model_trainer': {'enabled': False, 'params': {}}, 'heterogeneous_data_handler': {'enabled': False, 'params': {}}}
{'client_selector': {'enabled': True}, 'client_cluster': {'enabled': False}, 'message_compressor': {'enabled': False}, 'model_co-versioning_registry': {'enabled': False}, 'multi-task_model_trainer': {'enabled': False}, 'heterogeneous_data_handler': {'enabled': False}, 'client_registry': {'enabled': True}}
Accuracy ok: Selector activated ✅
Accuracy ok: Selector activated ✅
Client Client 26 participates in this round. (CPU: 2, RAM: 2)
Client Client 27 has insufficient CPU (1). Will not participate in the next FL round.
Client Client 25 participates in this round. (CPU: 2, RAM: 2)
Client Client 34 has insufficient CPU (1). Will not participate in the next FL round.
Client Client 23 participates in this round. (CPU: 2, RAM: 2)
Client Client 29 has insufficient CPU (1). Will not participate in the next FL round.
Client Client 24 participates in this round. (CPU: 2, RAM: 2)
Client Client 31 has insufficient CPU (1). Will not participate in the next FL round.
Client Client 33 has insufficient CPU (1). Will not participate in the next FL round.
Client Client 28 has insufficient CPU (1). Will not participate in the next FL round.
Client Client 30 has insufficient CPU (1). Will not participate in the next FL round.
Client Client 32 has insufficient CPU (1). Will not participate in the next FL round.
Results Aggregated in 68.55 seconds.
{'CNN 16k': {'train_loss': [1.5378297536754608, 1.416263126888275, 1.3328313723754883, 1.273816775574684], 'train_accuracy': [0.43315, 0.48498, 0.51851, 0.54375], 'train_f1': [0.4237541079516813, 0.47665506846146455, 0.5130302071826098, 0.5408629698965688], 'train_mae': [2.102725, 1.92189, 1.771515, 1.662405], 'val_loss': [1.53614527926445, 1.4256243221759797, 1.3551470066070557, 1.3154817397117615], 'val_accuracy': [0.434525, 0.480925, 0.509875, 0.529625], 'val_f1': [0.42445357565431957, 0.4719693879518298, 0.5036962855431468, 0.5258975516744114], 'val_mae': [2.108225, 1.92495, 1.8097, 1.718125]}}
AdaptationManager: Configuring next round...
{'client_registry': {'enabled': True, 'params': {}}, 'client_selector': {'enabled': True, 'params': {'selection_strategy': 'Resource-Based', 'selection_criteria': 'CPU', 'selection_value': 2}}, 'client_cluster': {'enabled': False, 'params': {}}, 'message_compressor': {'enabled': False, 'params': {}}, 'model_co-versioning_registry': {'enabled': False, 'params': {}}, 'multi-task_model_trainer': {'enabled': False, 'params': {}}, 'heterogeneous_data_handler': {'enabled': False, 'params': {}}}
{'client_selector': {'enabled': True}, 'client_cluster': {'enabled': False}, 'message_compressor': {'enabled': False}, 'model_co-versioning_registry': {'enabled': False}, 'multi-task_model_trainer': {'enabled': False}, 'heterogeneous_data_handler': {'enabled': False}, 'client_registry': {'enabled': True}}
Accuracy ok: Selector activated ✅
Accuracy ok: Selector activated ✅
Client Client 29 has insufficient CPU (1). Will not participate in the next FL round.
Client Client 32 has insufficient CPU (1). Will not participate in the next FL round.
Client Client 27 has insufficient CPU (1). Will not participate in the next FL round.
Client Client 28 has insufficient CPU (1). Will not participate in the next FL round.
Client Client 33 has insufficient CPU (1). Will not participate in the next FL round.
Client Client 25 participates in this round. (CPU: 2, RAM: 2)
Client Client 23 participates in this round. (CPU: 2, RAM: 2)
Client Client 24 participates in this round. (CPU: 2, RAM: 2)
Client Client 34 has insufficient CPU (1). Will not participate in the next FL round.
Client Client 30 has insufficient CPU (1). Will not participate in the next FL round.
Client Client 31 has insufficient CPU (1). Will not participate in the next FL round.
Client Client 26 participates in this round. (CPU: 2, RAM: 2)
Results Aggregated in 64.21 seconds.
{'CNN 16k': {'train_loss': [1.5378297536754608, 1.416263126888275, 1.3328313723754883, 1.273816775574684, 1.2299304228925705], 'train_accuracy': [0.43315, 0.48498, 0.51851, 0.54375, 0.560265], 'train_f1': [0.4237541079516813, 0.47665506846146455, 0.5130302071826098, 0.5408629698965688, 0.5564407110395913], 'train_mae': [2.102725, 1.92189, 1.771515, 1.662405, 1.59165], 'val_loss': [1.53614527926445, 1.4256243221759797, 1.3551470066070557, 1.3154817397117615, 1.2884688227653502], 'val_accuracy': [0.434525, 0.480925, 0.509875, 0.529625, 0.542075], 'val_f1': [0.42445357565431957, 0.4719693879518298, 0.5036962855431468, 0.5258975516744114, 0.5377582477795546], 'val_mae': [2.108225, 1.92495, 1.8097, 1.718125, 1.6636]}}
AdaptationManager: Configuring next round...
{'client_registry': {'enabled': True, 'params': {}}, 'client_selector': {'enabled': True, 'params': {'selection_strategy': 'Resource-Based', 'selection_criteria': 'CPU', 'selection_value': 2}}, 'client_cluster': {'enabled': False, 'params': {}}, 'message_compressor': {'enabled': False, 'params': {}}, 'model_co-versioning_registry': {'enabled': False, 'params': {}}, 'multi-task_model_trainer': {'enabled': False, 'params': {}}, 'heterogeneous_data_handler': {'enabled': False, 'params': {}}}
{'client_selector': {'enabled': True}, 'client_cluster': {'enabled': False}, 'message_compressor': {'enabled': False}, 'model_co-versioning_registry': {'enabled': False}, 'multi-task_model_trainer': {'enabled': False}, 'heterogeneous_data_handler': {'enabled': False}, 'client_registry': {'enabled': True}}
Accuracy ok: Selector activated ✅
Accuracy ok: Selector activated ✅
Client Client 33 has insufficient CPU (1). Will not participate in the next FL round.
Client Client 24 participates in this round. (CPU: 2, RAM: 2)
Client Client 34 has insufficient CPU (1). Will not participate in the next FL round.
Client Client 26 participates in this round. (CPU: 2, RAM: 2)
Client Client 23 participates in this round. (CPU: 2, RAM: 2)
Client Client 27 has insufficient CPU (1). Will not participate in the next FL round.
Client Client 31 has insufficient CPU (1). Will not participate in the next FL round.
Client Client 32 has insufficient CPU (1). Will not participate in the next FL round.
Client Client 29 has insufficient CPU (1). Will not participate in the next FL round.
Client Client 30 has insufficient CPU (1). Will not participate in the next FL round.
Client Client 25 participates in this round. (CPU: 2, RAM: 2)
Client Client 28 has insufficient CPU (1). Will not participate in the next FL round.
Results Aggregated in 62.69 seconds.
{'CNN 16k': {'train_loss': [1.5378297536754608, 1.416263126888275, 1.3328313723754883, 1.273816775574684, 1.2299304228925705, 1.212386763124466], 'train_accuracy': [0.43315, 0.48498, 0.51851, 0.54375, 0.560265, 0.56585], 'train_f1': [0.4237541079516813, 0.47665506846146455, 0.5130302071826098, 0.5408629698965688, 0.5564407110395913, 0.5615506280124991], 'train_mae': [2.102725, 1.92189, 1.771515, 1.662405, 1.59165, 1.5931], 'val_loss': [1.53614527926445, 1.4256243221759797, 1.3551470066070557, 1.3154817397117615, 1.2884688227653502, 1.2881764466762542], 'val_accuracy': [0.434525, 0.480925, 0.509875, 0.529625, 0.542075, 0.543325], 'val_f1': [0.42445357565431957, 0.4719693879518298, 0.5036962855431468, 0.5258975516744114, 0.5377582477795546, 0.5382457666310261], 'val_mae': [2.108225, 1.92495, 1.8097, 1.718125, 1.6636, 1.69295]}}
AdaptationManager: Configuring next round...
{'client_registry': {'enabled': True, 'params': {}}, 'client_selector': {'enabled': True, 'params': {'selection_strategy': 'Resource-Based', 'selection_criteria': 'CPU', 'selection_value': 2}}, 'client_cluster': {'enabled': False, 'params': {}}, 'message_compressor': {'enabled': False, 'params': {}}, 'model_co-versioning_registry': {'enabled': False, 'params': {}}, 'multi-task_model_trainer': {'enabled': False, 'params': {}}, 'heterogeneous_data_handler': {'enabled': False, 'params': {}}}
{'client_selector': {'enabled': True}, 'client_cluster': {'enabled': False}, 'message_compressor': {'enabled': False}, 'model_co-versioning_registry': {'enabled': False}, 'multi-task_model_trainer': {'enabled': False}, 'heterogeneous_data_handler': {'enabled': False}, 'client_registry': {'enabled': True}}
Accuracy ok: Selector activated ✅
Accuracy ok: Selector activated ✅
Client Client 34 has insufficient CPU (1). Will not participate in the next FL round.
Client Client 31 has insufficient CPU (1). Will not participate in the next FL round.
Client Client 29 has insufficient CPU (1). Will not participate in the next FL round.
Client Client 33 has insufficient CPU (1). Will not participate in the next FL round.
Client Client 32 has insufficient CPU (1). Will not participate in the next FL round.
Client Client 24 participates in this round. (CPU: 2, RAM: 2)
Client Client 23 participates in this round. (CPU: 2, RAM: 2)
Client Client 28 has insufficient CPU (1). Will not participate in the next FL round.
Client Client 27 has insufficient CPU (1). Will not participate in the next FL round.
Client Client 30 has insufficient CPU (1). Will not participate in the next FL round.
Client Client 26 participates in this round. (CPU: 2, RAM: 2)
Client Client 25 participates in this round. (CPU: 2, RAM: 2)
Results Aggregated in 65.99 seconds.
{'CNN 16k': {'train_loss': [1.5378297536754608, 1.416263126888275, 1.3328313723754883, 1.273816775574684, 1.2299304228925705, 1.212386763124466, 1.1779025505161285], 'train_accuracy': [0.43315, 0.48498, 0.51851, 0.54375, 0.560265, 0.56585, 0.57948], 'train_f1': [0.4237541079516813, 0.47665506846146455, 0.5130302071826098, 0.5408629698965688, 0.5564407110395913, 0.5615506280124991, 0.5737803055396598], 'train_mae': [2.102725, 1.92189, 1.771515, 1.662405, 1.59165, 1.5931, 1.531545], 'val_loss': [1.53614527926445, 1.4256243221759797, 1.3551470066070557, 1.3154817397117615, 1.2884688227653502, 1.2881764466762542, 1.26898714928627], 'val_accuracy': [0.434525, 0.480925, 0.509875, 0.529625, 0.542075, 0.543325, 0.550275], 'val_f1': [0.42445357565431957, 0.4719693879518298, 0.5036962855431468, 0.5258975516744114, 0.5377582477795546, 0.5382457666310261, 0.5437319057220382], 'val_mae': [2.108225, 1.92495, 1.8097, 1.718125, 1.6636, 1.69295, 1.6373]}}
AdaptationManager: Configuring next round...
{'client_registry': {'enabled': True, 'params': {}}, 'client_selector': {'enabled': True, 'params': {'selection_strategy': 'Resource-Based', 'selection_criteria': 'CPU', 'selection_value': 2}}, 'client_cluster': {'enabled': False, 'params': {}}, 'message_compressor': {'enabled': False, 'params': {}}, 'model_co-versioning_registry': {'enabled': False, 'params': {}}, 'multi-task_model_trainer': {'enabled': False, 'params': {}}, 'heterogeneous_data_handler': {'enabled': False, 'params': {}}}
{'client_selector': {'enabled': True}, 'client_cluster': {'enabled': False}, 'message_compressor': {'enabled': False}, 'model_co-versioning_registry': {'enabled': False}, 'multi-task_model_trainer': {'enabled': False}, 'heterogeneous_data_handler': {'enabled': False}, 'client_registry': {'enabled': True}}
Accuracy ok: Selector activated ✅
Accuracy ok: Selector activated ✅
Client Client 25 participates in this round. (CPU: 2, RAM: 2)
Client Client 28 has insufficient CPU (1). Will not participate in the next FL round.
Client Client 23 participates in this round. (CPU: 2, RAM: 2)
Client Client 32 has insufficient CPU (1). Will not participate in the next FL round.
Client Client 34 has insufficient CPU (1). Will not participate in the next FL round.
Client Client 33 has insufficient CPU (1). Will not participate in the next FL round.
Client Client 26 participates in this round. (CPU: 2, RAM: 2)
Client Client 31 has insufficient CPU (1). Will not participate in the next FL round.
Client Client 24 participates in this round. (CPU: 2, RAM: 2)
Client Client 30 has insufficient CPU (1). Will not participate in the next FL round.
Client Client 27 has insufficient CPU (1). Will not participate in the next FL round.
Client Client 29 has insufficient CPU (1). Will not participate in the next FL round.
Results Aggregated in 65.08 seconds.
{'CNN 16k': {'train_loss': [1.5378297536754608, 1.416263126888275, 1.3328313723754883, 1.273816775574684, 1.2299304228925705, 1.212386763124466, 1.1779025505161285, 1.1364136480522156], 'train_accuracy': [0.43315, 0.48498, 0.51851, 0.54375, 0.560265, 0.56585, 0.57948, 0.595305], 'train_f1': [0.4237541079516813, 0.47665506846146455, 0.5130302071826098, 0.5408629698965688, 0.5564407110395913, 0.5615506280124991, 0.5737803055396598, 0.5922898723632485], 'train_mae': [2.102725, 1.92189, 1.771515, 1.662405, 1.59165, 1.5931, 1.531545, 1.45837], 'val_loss': [1.53614527926445, 1.4256243221759797, 1.3551470066070557, 1.3154817397117615, 1.2884688227653502, 1.2881764466762542, 1.26898714928627, 1.2427525779247284], 'val_accuracy': [0.434525, 0.480925, 0.509875, 0.529625, 0.542075, 0.543325, 0.550275, 0.56155], 'val_f1': [0.42445357565431957, 0.4719693879518298, 0.5036962855431468, 0.5258975516744114, 0.5377582477795546, 0.5382457666310261, 0.5437319057220382, 0.5577888803113666], 'val_mae': [2.108225, 1.92495, 1.8097, 1.718125, 1.6636, 1.69295, 1.6373, 1.5898]}}
AdaptationManager: Configuring next round...
{'client_registry': {'enabled': True, 'params': {}}, 'client_selector': {'enabled': True, 'params': {'selection_strategy': 'Resource-Based', 'selection_criteria': 'CPU', 'selection_value': 2}}, 'client_cluster': {'enabled': False, 'params': {}}, 'message_compressor': {'enabled': False, 'params': {}}, 'model_co-versioning_registry': {'enabled': False, 'params': {}}, 'multi-task_model_trainer': {'enabled': False, 'params': {}}, 'heterogeneous_data_handler': {'enabled': False, 'params': {}}}
{'client_selector': {'enabled': True}, 'client_cluster': {'enabled': False}, 'message_compressor': {'enabled': False}, 'model_co-versioning_registry': {'enabled': False}, 'multi-task_model_trainer': {'enabled': False}, 'heterogeneous_data_handler': {'enabled': False}, 'client_registry': {'enabled': True}}
Accuracy ok: Selector activated ✅
Accuracy ok: Selector activated ✅
Client Client 33 has insufficient CPU (1). Will not participate in the next FL round.
Client Client 23 participates in this round. (CPU: 2, RAM: 2)
Client Client 25 participates in this round. (CPU: 2, RAM: 2)
Client Client 28 has insufficient CPU (1). Will not participate in the next FL round.
Client Client 34 has insufficient CPU (1). Will not participate in the next FL round.
Client Client 32 has insufficient CPU (1). Will not participate in the next FL round.
Client Client 27 has insufficient CPU (1). Will not participate in the next FL round.
Client Client 26 participates in this round. (CPU: 2, RAM: 2)
Client Client 30 has insufficient CPU (1). Will not participate in the next FL round.
Client Client 24 participates in this round. (CPU: 2, RAM: 2)
Client Client 29 has insufficient CPU (1). Will not participate in the next FL round.
Client Client 31 has insufficient CPU (1). Will not participate in the next FL round.
Results Aggregated in 64.77 seconds.
{'CNN 16k': {'train_loss': [1.5378297536754608, 1.416263126888275, 1.3328313723754883, 1.273816775574684, 1.2299304228925705, 1.212386763124466, 1.1779025505161285, 1.1364136480522156, 1.1188308637332915], 'train_accuracy': [0.43315, 0.48498, 0.51851, 0.54375, 0.560265, 0.56585, 0.57948, 0.595305, 0.601525], 'train_f1': [0.4237541079516813, 0.47665506846146455, 0.5130302071826098, 0.5408629698965688, 0.5564407110395913, 0.5615506280124991, 0.5737803055396598, 0.5922898723632485, 0.6001166901023838], 'train_mae': [2.102725, 1.92189, 1.771515, 1.662405, 1.59165, 1.5931, 1.531545, 1.45837, 1.423755], 'val_loss': [1.53614527926445, 1.4256243221759797, 1.3551470066070557, 1.3154817397117615, 1.2884688227653502, 1.2881764466762542, 1.26898714928627, 1.2427525779247284, 1.238846362543106], 'val_accuracy': [0.434525, 0.480925, 0.509875, 0.529625, 0.542075, 0.543325, 0.550275, 0.56155, 0.5640999999999999], 'val_f1': [0.42445357565431957, 0.4719693879518298, 0.5036962855431468, 0.5258975516744114, 0.5377582477795546, 0.5382457666310261, 0.5437319057220382, 0.5577888803113666, 0.5625524680895841], 'val_mae': [2.108225, 1.92495, 1.8097, 1.718125, 1.6636, 1.69295, 1.6373, 1.5898, 1.569225]}}
AdaptationManager: Configuring next round...
{'client_registry': {'enabled': True, 'params': {}}, 'client_selector': {'enabled': True, 'params': {'selection_strategy': 'Resource-Based', 'selection_criteria': 'CPU', 'selection_value': 2}}, 'client_cluster': {'enabled': False, 'params': {}}, 'message_compressor': {'enabled': False, 'params': {}}, 'model_co-versioning_registry': {'enabled': False, 'params': {}}, 'multi-task_model_trainer': {'enabled': False, 'params': {}}, 'heterogeneous_data_handler': {'enabled': False, 'params': {}}}
{'client_selector': {'enabled': True}, 'client_cluster': {'enabled': False}, 'message_compressor': {'enabled': False}, 'model_co-versioning_registry': {'enabled': False}, 'multi-task_model_trainer': {'enabled': False}, 'heterogeneous_data_handler': {'enabled': False}, 'client_registry': {'enabled': True}}
Accuracy ok: Selector activated ✅
Accuracy ok: Selector activated ✅
Client Client 32 has insufficient CPU (1). Will not participate in the next FL round.
Client Client 23 participates in this round. (CPU: 2, RAM: 2)
Client Client 25 participates in this round. (CPU: 2, RAM: 2)
Client Client 27 has insufficient CPU (1). Will not participate in the next FL round.
Client Client 29 has insufficient CPU (1). Will not participate in the next FL round.
Client Client 30 has insufficient CPU (1). Will not participate in the next FL round.
Client Client 31 has insufficient CPU (1). Will not participate in the next FL round.
Client Client 24 participates in this round. (CPU: 2, RAM: 2)
Client Client 33 has insufficient CPU (1). Will not participate in the next FL round.
Client Client 28 has insufficient CPU (1). Will not participate in the next FL round.
Client Client 26 participates in this round. (CPU: 2, RAM: 2)
Client Client 34 has insufficient CPU (1). Will not participate in the next FL round.
Results Aggregated in 64.76 seconds.
{'CNN 16k': {'train_loss': [1.5378297536754608, 1.416263126888275, 1.3328313723754883, 1.273816775574684, 1.2299304228925705, 1.212386763124466, 1.1779025505161285, 1.1364136480522156, 1.1188308637332915, 1.1130974565982819], 'train_accuracy': [0.43315, 0.48498, 0.51851, 0.54375, 0.560265, 0.56585, 0.57948, 0.595305, 0.601525, 0.603945], 'train_f1': [0.4237541079516813, 0.47665506846146455, 0.5130302071826098, 0.5408629698965688, 0.5564407110395913, 0.5615506280124991, 0.5737803055396598, 0.5922898723632485, 0.6001166901023838, 0.6016265064908947], 'train_mae': [2.102725, 1.92189, 1.771515, 1.662405, 1.59165, 1.5931, 1.531545, 1.45837, 1.423755, 1.42221], 'val_loss': [1.53614527926445, 1.4256243221759797, 1.3551470066070557, 1.3154817397117615, 1.2884688227653502, 1.2881764466762542, 1.26898714928627, 1.2427525779247284, 1.238846362543106, 1.236483892393112], 'val_accuracy': [0.434525, 0.480925, 0.509875, 0.529625, 0.542075, 0.543325, 0.550275, 0.56155, 0.5640999999999999, 0.564275], 'val_f1': [0.42445357565431957, 0.4719693879518298, 0.5036962855431468, 0.5258975516744114, 0.5377582477795546, 0.5382457666310261, 0.5437319057220382, 0.5577888803113666, 0.5625524680895841, 0.5617408619107244], 'val_mae': [2.108225, 1.92495, 1.8097, 1.718125, 1.6636, 1.69295, 1.6373, 1.5898, 1.569225, 1.57405]}}
AdaptationManager: Configuring next round...
{'client_registry': {'enabled': True, 'params': {}}, 'client_selector': {'enabled': True, 'params': {'selection_strategy': 'Resource-Based', 'selection_criteria': 'CPU', 'selection_value': 2}}, 'client_cluster': {'enabled': False, 'params': {}}, 'message_compressor': {'enabled': False, 'params': {}}, 'model_co-versioning_registry': {'enabled': False, 'params': {}}, 'multi-task_model_trainer': {'enabled': False, 'params': {}}, 'heterogeneous_data_handler': {'enabled': False, 'params': {}}}
{'client_selector': {'enabled': True}, 'client_cluster': {'enabled': False}, 'message_compressor': {'enabled': False}, 'model_co-versioning_registry': {'enabled': False}, 'multi-task_model_trainer': {'enabled': False}, 'heterogeneous_data_handler': {'enabled': False}, 'client_registry': {'enabled': True}}
Accuracy too low or decreasing, Selector de-activated ❌
Accuracy too low or decreasing, Selector de-activated ❌
Results Aggregated in 79.21 seconds.
{'CNN 16k': {'train_loss': [1.5378297536754608, 1.416263126888275, 1.3328313723754883, 1.273816775574684, 1.2299304228925705, 1.212386763124466, 1.1779025505161285, 1.1364136480522156, 1.1188308637332915, 1.1130974565982819, 1.089597093820572], 'train_accuracy': [0.43315, 0.48498, 0.51851, 0.54375, 0.560265, 0.56585, 0.57948, 0.595305, 0.601525, 0.603945, 0.6119666666666667], 'train_f1': [0.4237541079516813, 0.47665506846146455, 0.5130302071826098, 0.5408629698965688, 0.5564407110395913, 0.5615506280124991, 0.5737803055396598, 0.5922898723632485, 0.6001166901023838, 0.6016265064908947, 0.6097108968155281], 'train_mae': [2.102725, 1.92189, 1.771515, 1.662405, 1.59165, 1.5931, 1.531545, 1.45837, 1.423755, 1.42221, 1.3753633333333333], 'val_loss': [1.53614527926445, 1.4256243221759797, 1.3551470066070557, 1.3154817397117615, 1.2884688227653502, 1.2881764466762542, 1.26898714928627, 1.2427525779247284, 1.238846362543106, 1.236483892393112, 1.2309770681063334], 'val_accuracy': [0.434525, 0.480925, 0.509875, 0.529625, 0.542075, 0.543325, 0.550275, 0.56155, 0.5640999999999999, 0.564275, 0.5689083333333333], 'val_f1': [0.42445357565431957, 0.4719693879518298, 0.5036962855431468, 0.5258975516744114, 0.5377582477795546, 0.5382457666310261, 0.5437319057220382, 0.5577888803113666, 0.5625524680895841, 0.5617408619107244, 0.5661733576091105], 'val_mae': [2.108225, 1.92495, 1.8097, 1.718125, 1.6636, 1.69295, 1.6373, 1.5898, 1.569225, 1.57405, 1.5427833333333334]}}
AdaptationManager: Configuring next round...
{'client_registry': {'enabled': True, 'params': {}}, 'client_selector': {'enabled': True, 'params': {'selection_strategy': 'Resource-Based', 'selection_criteria': 'CPU', 'selection_value': 2}}, 'client_cluster': {'enabled': False, 'params': {}}, 'message_compressor': {'enabled': False, 'params': {}}, 'model_co-versioning_registry': {'enabled': False, 'params': {}}, 'multi-task_model_trainer': {'enabled': False, 'params': {}}, 'heterogeneous_data_handler': {'enabled': False, 'params': {}}}
{'client_selector': {'enabled': False}, 'client_cluster': {'enabled': False}, 'message_compressor': {'enabled': False}, 'model_co-versioning_registry': {'enabled': False}, 'multi-task_model_trainer': {'enabled': False}, 'heterogeneous_data_handler': {'enabled': False}, 'client_registry': {'enabled': False}}
Accuracy ok: Selector activated ✅
Accuracy ok: Selector activated ✅
Client Client 23 participates in this round. (CPU: 2, RAM: 2)
Client Client 25 participates in this round. (CPU: 2, RAM: 2)
Client Client 27 has insufficient CPU (1). Will not participate in the next FL round.
Client Client 24 participates in this round. (CPU: 2, RAM: 2)
Client Client 30 has insufficient CPU (1). Will not participate in the next FL round.
Client Client 29 has insufficient CPU (1). Will not participate in the next FL round.
Client Client 28 has insufficient CPU (1). Will not participate in the next FL round.
Client Client 31 has insufficient CPU (1). Will not participate in the next FL round.
Client Client 34 has insufficient CPU (1). Will not participate in the next FL round.
Client Client 33 has insufficient CPU (1). Will not participate in the next FL round.
Client Client 32 has insufficient CPU (1). Will not participate in the next FL round.
Client Client 26 participates in this round. (CPU: 2, RAM: 2)
Results Aggregated in 62.60 seconds.
{'CNN 16k': {'train_loss': [1.5378297536754608, 1.416263126888275, 1.3328313723754883, 1.273816775574684, 1.2299304228925705, 1.212386763124466, 1.1779025505161285, 1.1364136480522156, 1.1188308637332915, 1.1130974565982819, 1.089597093820572, 1.0639822696304322], 'train_accuracy': [0.43315, 0.48498, 0.51851, 0.54375, 0.560265, 0.56585, 0.57948, 0.595305, 0.601525, 0.603945, 0.6119666666666667, 0.6201], 'train_f1': [0.4237541079516813, 0.47665506846146455, 0.5130302071826098, 0.5408629698965688, 0.5564407110395913, 0.5615506280124991, 0.5737803055396598, 0.5922898723632485, 0.6001166901023838, 0.6016265064908947, 0.6097108968155281, 0.617782826167469], 'train_mae': [2.102725, 1.92189, 1.771515, 1.662405, 1.59165, 1.5931, 1.531545, 1.45837, 1.423755, 1.42221, 1.3753633333333333, 1.36471], 'val_loss': [1.53614527926445, 1.4256243221759797, 1.3551470066070557, 1.3154817397117615, 1.2884688227653502, 1.2881764466762542, 1.26898714928627, 1.2427525779247284, 1.238846362543106, 1.236483892393112, 1.2309770681063334, 1.2149790470123292], 'val_accuracy': [0.434525, 0.480925, 0.509875, 0.529625, 0.542075, 0.543325, 0.550275, 0.56155, 0.5640999999999999, 0.564275, 0.5689083333333333, 0.5733], 'val_f1': [0.42445357565431957, 0.4719693879518298, 0.5036962855431468, 0.5258975516744114, 0.5377582477795546, 0.5382457666310261, 0.5437319057220382, 0.5577888803113666, 0.5625524680895841, 0.5617408619107244, 0.5661733576091105, 0.5705872238358178], 'val_mae': [2.108225, 1.92495, 1.8097, 1.718125, 1.6636, 1.69295, 1.6373, 1.5898, 1.569225, 1.57405, 1.5427833333333334, 1.546675]}}
AdaptationManager: Configuring next round...
{'client_registry': {'enabled': True, 'params': {}}, 'client_selector': {'enabled': True, 'params': {'selection_strategy': 'Resource-Based', 'selection_criteria': 'CPU', 'selection_value': 2}}, 'client_cluster': {'enabled': False, 'params': {}}, 'message_compressor': {'enabled': False, 'params': {}}, 'model_co-versioning_registry': {'enabled': False, 'params': {}}, 'multi-task_model_trainer': {'enabled': False, 'params': {}}, 'heterogeneous_data_handler': {'enabled': False, 'params': {}}}
{'client_selector': {'enabled': True}, 'client_cluster': {'enabled': False}, 'message_compressor': {'enabled': False}, 'model_co-versioning_registry': {'enabled': False}, 'multi-task_model_trainer': {'enabled': False}, 'heterogeneous_data_handler': {'enabled': False}, 'client_registry': {'enabled': True}}
Accuracy ok: Selector activated ✅
Accuracy ok: Selector activated ✅
Client Client 27 has insufficient CPU (1). Will not participate in the next FL round.
Client Client 31 has insufficient CPU (1). Will not participate in the next FL round.
Client Client 25 participates in this round. (CPU: 2, RAM: 2)
Client Client 30 has insufficient CPU (1). Will not participate in the next FL round.
Client Client 29 has insufficient CPU (1). Will not participate in the next FL round.
Client Client 33 has insufficient CPU (1). Will not participate in the next FL round.
Client Client 28 has insufficient CPU (1). Will not participate in the next FL round.
Client Client 23 participates in this round. (CPU: 2, RAM: 2)
Client Client 24 participates in this round. (CPU: 2, RAM: 2)
Client Client 34 has insufficient CPU (1). Will not participate in the next FL round.
Client Client 26 participates in this round. (CPU: 2, RAM: 2)
Client Client 32 has insufficient CPU (1). Will not participate in the next FL round.
Results Aggregated in 62.93 seconds.
{'CNN 16k': {'train_loss': [1.5378297536754608, 1.416263126888275, 1.3328313723754883, 1.273816775574684, 1.2299304228925705, 1.212386763124466, 1.1779025505161285, 1.1364136480522156, 1.1188308637332915, 1.1130974565982819, 1.089597093820572, 1.0639822696304322, 1.050827522034645], 'train_accuracy': [0.43315, 0.48498, 0.51851, 0.54375, 0.560265, 0.56585, 0.57948, 0.595305, 0.601525, 0.603945, 0.6119666666666667, 0.6201, 0.625], 'train_f1': [0.4237541079516813, 0.47665506846146455, 0.5130302071826098, 0.5408629698965688, 0.5564407110395913, 0.5615506280124991, 0.5737803055396598, 0.5922898723632485, 0.6001166901023838, 0.6016265064908947, 0.6097108968155281, 0.617782826167469, 0.6208985781886067], 'train_mae': [2.102725, 1.92189, 1.771515, 1.662405, 1.59165, 1.5931, 1.531545, 1.45837, 1.423755, 1.42221, 1.3753633333333333, 1.36471, 1.343335], 'val_loss': [1.53614527926445, 1.4256243221759797, 1.3551470066070557, 1.3154817397117615, 1.2884688227653502, 1.2881764466762542, 1.26898714928627, 1.2427525779247284, 1.238846362543106, 1.236483892393112, 1.2309770681063334, 1.2149790470123292, 1.2138608789682388], 'val_accuracy': [0.434525, 0.480925, 0.509875, 0.529625, 0.542075, 0.543325, 0.550275, 0.56155, 0.5640999999999999, 0.564275, 0.5689083333333333, 0.5733, 0.5765], 'val_f1': [0.42445357565431957, 0.4719693879518298, 0.5036962855431468, 0.5258975516744114, 0.5377582477795546, 0.5382457666310261, 0.5437319057220382, 0.5577888803113666, 0.5625524680895841, 0.5617408619107244, 0.5661733576091105, 0.5705872238358178, 0.5722556875231835], 'val_mae': [2.108225, 1.92495, 1.8097, 1.718125, 1.6636, 1.69295, 1.6373, 1.5898, 1.569225, 1.57405, 1.5427833333333334, 1.546675, 1.529125]}}
AdaptationManager: Configuring next round...
{'client_registry': {'enabled': True, 'params': {}}, 'client_selector': {'enabled': True, 'params': {'selection_strategy': 'Resource-Based', 'selection_criteria': 'CPU', 'selection_value': 2}}, 'client_cluster': {'enabled': False, 'params': {}}, 'message_compressor': {'enabled': False, 'params': {}}, 'model_co-versioning_registry': {'enabled': False, 'params': {}}, 'multi-task_model_trainer': {'enabled': False, 'params': {}}, 'heterogeneous_data_handler': {'enabled': False, 'params': {}}}
{'client_selector': {'enabled': True}, 'client_cluster': {'enabled': False}, 'message_compressor': {'enabled': False}, 'model_co-versioning_registry': {'enabled': False}, 'multi-task_model_trainer': {'enabled': False}, 'heterogeneous_data_handler': {'enabled': False}, 'client_registry': {'enabled': True}}
Accuracy ok: Selector activated ✅
Accuracy ok: Selector activated ✅
Client Client 24 participates in this round. (CPU: 2, RAM: 2)
Client Client 27 has insufficient CPU (1). Will not participate in the next FL round.
Client Client 31 has insufficient CPU (1). Will not participate in the next FL round.
Client Client 32 has insufficient CPU (1). Will not participate in the next FL round.
Client Client 25 participates in this round. (CPU: 2, RAM: 2)
Client Client 28 has insufficient CPU (1). Will not participate in the next FL round.
Client Client 26 participates in this round. (CPU: 2, RAM: 2)
Client Client 34 has insufficient CPU (1). Will not participate in the next FL round.
Client Client 30 has insufficient CPU (1). Will not participate in the next FL round.
Client Client 23 participates in this round. (CPU: 2, RAM: 2)
Client Client 33 has insufficient CPU (1). Will not participate in the next FL round.
Client Client 29 has insufficient CPU (1). Will not participate in the next FL round.
Results Aggregated in 60.67 seconds.
{'CNN 16k': {'train_loss': [1.5378297536754608, 1.416263126888275, 1.3328313723754883, 1.273816775574684, 1.2299304228925705, 1.212386763124466, 1.1779025505161285, 1.1364136480522156, 1.1188308637332915, 1.1130974565982819, 1.089597093820572, 1.0639822696304322, 1.050827522034645, 1.0538587303972244], 'train_accuracy': [0.43315, 0.48498, 0.51851, 0.54375, 0.560265, 0.56585, 0.57948, 0.595305, 0.601525, 0.603945, 0.6119666666666667, 0.6201, 0.625, 0.62445], 'train_f1': [0.4237541079516813, 0.47665506846146455, 0.5130302071826098, 0.5408629698965688, 0.5564407110395913, 0.5615506280124991, 0.5737803055396598, 0.5922898723632485, 0.6001166901023838, 0.6016265064908947, 0.6097108968155281, 0.617782826167469, 0.6208985781886067, 0.6201347476576266], 'train_mae': [2.102725, 1.92189, 1.771515, 1.662405, 1.59165, 1.5931, 1.531545, 1.45837, 1.423755, 1.42221, 1.3753633333333333, 1.36471, 1.343335, 1.35157], 'val_loss': [1.53614527926445, 1.4256243221759797, 1.3551470066070557, 1.3154817397117615, 1.2884688227653502, 1.2881764466762542, 1.26898714928627, 1.2427525779247284, 1.238846362543106, 1.236483892393112, 1.2309770681063334, 1.2149790470123292, 1.2138608789682388, 1.225254070663452], 'val_accuracy': [0.434525, 0.480925, 0.509875, 0.529625, 0.542075, 0.543325, 0.550275, 0.56155, 0.5640999999999999, 0.564275, 0.5689083333333333, 0.5733, 0.5765, 0.5741], 'val_f1': [0.42445357565431957, 0.4719693879518298, 0.5036962855431468, 0.5258975516744114, 0.5377582477795546, 0.5382457666310261, 0.5437319057220382, 0.5577888803113666, 0.5625524680895841, 0.5617408619107244, 0.5661733576091105, 0.5705872238358178, 0.5722556875231835, 0.5691299108672329], 'val_mae': [2.108225, 1.92495, 1.8097, 1.718125, 1.6636, 1.69295, 1.6373, 1.5898, 1.569225, 1.57405, 1.5427833333333334, 1.546675, 1.529125, 1.55215]}}
AdaptationManager: Configuring next round...
{'client_registry': {'enabled': True, 'params': {}}, 'client_selector': {'enabled': True, 'params': {'selection_strategy': 'Resource-Based', 'selection_criteria': 'CPU', 'selection_value': 2}}, 'client_cluster': {'enabled': False, 'params': {}}, 'message_compressor': {'enabled': False, 'params': {}}, 'model_co-versioning_registry': {'enabled': False, 'params': {}}, 'multi-task_model_trainer': {'enabled': False, 'params': {}}, 'heterogeneous_data_handler': {'enabled': False, 'params': {}}}
{'client_selector': {'enabled': True}, 'client_cluster': {'enabled': False}, 'message_compressor': {'enabled': False}, 'model_co-versioning_registry': {'enabled': False}, 'multi-task_model_trainer': {'enabled': False}, 'heterogeneous_data_handler': {'enabled': False}, 'client_registry': {'enabled': True}}
Accuracy too low or decreasing, Selector de-activated ❌
Accuracy too low or decreasing, Selector de-activated ❌
Results Aggregated in 70.42 seconds.
{'CNN 16k': {'train_loss': [1.5378297536754608, 1.416263126888275, 1.3328313723754883, 1.273816775574684, 1.2299304228925705, 1.212386763124466, 1.1779025505161285, 1.1364136480522156, 1.1188308637332915, 1.1130974565982819, 1.089597093820572, 1.0639822696304322, 1.050827522034645, 1.0538587303972244, 1.0358241629393896], 'train_accuracy': [0.43315, 0.48498, 0.51851, 0.54375, 0.560265, 0.56585, 0.57948, 0.595305, 0.601525, 0.603945, 0.6119666666666667, 0.6201, 0.625, 0.62445, 0.6299333333333333], 'train_f1': [0.4237541079516813, 0.47665506846146455, 0.5130302071826098, 0.5408629698965688, 0.5564407110395913, 0.5615506280124991, 0.5737803055396598, 0.5922898723632485, 0.6001166901023838, 0.6016265064908947, 0.6097108968155281, 0.617782826167469, 0.6208985781886067, 0.6201347476576266, 0.6274566162922337], 'train_mae': [2.102725, 1.92189, 1.771515, 1.662405, 1.59165, 1.5931, 1.531545, 1.45837, 1.423755, 1.42221, 1.3753633333333333, 1.36471, 1.343335, 1.35157, 1.3113933333333334], 'val_loss': [1.53614527926445, 1.4256243221759797, 1.3551470066070557, 1.3154817397117615, 1.2884688227653502, 1.2881764466762542, 1.26898714928627, 1.2427525779247284, 1.238846362543106, 1.236483892393112, 1.2309770681063334, 1.2149790470123292, 1.2138608789682388, 1.225254070663452, 1.2199075279871623], 'val_accuracy': [0.434525, 0.480925, 0.509875, 0.529625, 0.542075, 0.543325, 0.550275, 0.56155, 0.5640999999999999, 0.564275, 0.5689083333333333, 0.5733, 0.5765, 0.5741, 0.5762583333333333], 'val_f1': [0.42445357565431957, 0.4719693879518298, 0.5036962855431468, 0.5258975516744114, 0.5377582477795546, 0.5382457666310261, 0.5437319057220382, 0.5577888803113666, 0.5625524680895841, 0.5617408619107244, 0.5661733576091105, 0.5705872238358178, 0.5722556875231835, 0.5691299108672329, 0.5733248671432232], 'val_mae': [2.108225, 1.92495, 1.8097, 1.718125, 1.6636, 1.69295, 1.6373, 1.5898, 1.569225, 1.57405, 1.5427833333333334, 1.546675, 1.529125, 1.55215, 1.5236166666666666]}}
AdaptationManager: Configuring next round...
{'client_registry': {'enabled': True, 'params': {}}, 'client_selector': {'enabled': True, 'params': {'selection_strategy': 'Resource-Based', 'selection_criteria': 'CPU', 'selection_value': 2}}, 'client_cluster': {'enabled': False, 'params': {}}, 'message_compressor': {'enabled': False, 'params': {}}, 'model_co-versioning_registry': {'enabled': False, 'params': {}}, 'multi-task_model_trainer': {'enabled': False, 'params': {}}, 'heterogeneous_data_handler': {'enabled': False, 'params': {}}}
{'client_selector': {'enabled': False}, 'client_cluster': {'enabled': False}, 'message_compressor': {'enabled': False}, 'model_co-versioning_registry': {'enabled': False}, 'multi-task_model_trainer': {'enabled': False}, 'heterogeneous_data_handler': {'enabled': False}, 'client_registry': {'enabled': False}}
Accuracy ok: Selector activated ✅
Accuracy ok: Selector activated ✅
Client Client 23 participates in this round. (CPU: 2, RAM: 2)
Client Client 30 has insufficient CPU (1). Will not participate in the next FL round.
Client Client 34 has insufficient CPU (1). Will not participate in the next FL round.
Client Client 33 has insufficient CPU (1). Will not participate in the next FL round.
Client Client 27 has insufficient CPU (1). Will not participate in the next FL round.
Client Client 24 participates in this round. (CPU: 2, RAM: 2)
Client Client 28 has insufficient CPU (1). Will not participate in the next FL round.
Client Client 32 has insufficient CPU (1). Will not participate in the next FL round.
Client Client 25 participates in this round. (CPU: 2, RAM: 2)
Client Client 26 participates in this round. (CPU: 2, RAM: 2)
Client Client 31 has insufficient CPU (1). Will not participate in the next FL round.
Client Client 29 has insufficient CPU (1). Will not participate in the next FL round.
Results Aggregated in 57.75 seconds.
{'CNN 16k': {'train_loss': [1.5378297536754608, 1.416263126888275, 1.3328313723754883, 1.273816775574684, 1.2299304228925705, 1.212386763124466, 1.1779025505161285, 1.1364136480522156, 1.1188308637332915, 1.1130974565982819, 1.089597093820572, 1.0639822696304322, 1.050827522034645, 1.0538587303972244, 1.0358241629393896, 1.0108436307120323], 'train_accuracy': [0.43315, 0.48498, 0.51851, 0.54375, 0.560265, 0.56585, 0.57948, 0.595305, 0.601525, 0.603945, 0.6119666666666667, 0.6201, 0.625, 0.62445, 0.6299333333333333, 0.640115], 'train_f1': [0.4237541079516813, 0.47665506846146455, 0.5130302071826098, 0.5408629698965688, 0.5564407110395913, 0.5615506280124991, 0.5737803055396598, 0.5922898723632485, 0.6001166901023838, 0.6016265064908947, 0.6097108968155281, 0.617782826167469, 0.6208985781886067, 0.6201347476576266, 0.6274566162922337, 0.6389849449821355], 'train_mae': [2.102725, 1.92189, 1.771515, 1.662405, 1.59165, 1.5931, 1.531545, 1.45837, 1.423755, 1.42221, 1.3753633333333333, 1.36471, 1.343335, 1.35157, 1.3113933333333334, 1.28429], 'val_loss': [1.53614527926445, 1.4256243221759797, 1.3551470066070557, 1.3154817397117615, 1.2884688227653502, 1.2881764466762542, 1.26898714928627, 1.2427525779247284, 1.238846362543106, 1.236483892393112, 1.2309770681063334, 1.2149790470123292, 1.2138608789682388, 1.225254070663452, 1.2199075279871623, 1.2031693004846573], 'val_accuracy': [0.434525, 0.480925, 0.509875, 0.529625, 0.542075, 0.543325, 0.550275, 0.56155, 0.5640999999999999, 0.564275, 0.5689083333333333, 0.5733, 0.5765, 0.5741, 0.5762583333333333, 0.5813750000000001], 'val_f1': [0.42445357565431957, 0.4719693879518298, 0.5036962855431468, 0.5258975516744114, 0.5377582477795546, 0.5382457666310261, 0.5437319057220382, 0.5577888803113666, 0.5625524680895841, 0.5617408619107244, 0.5661733576091105, 0.5705872238358178, 0.5722556875231835, 0.5691299108672329, 0.5733248671432232, 0.5798950549553379], 'val_mae': [2.108225, 1.92495, 1.8097, 1.718125, 1.6636, 1.69295, 1.6373, 1.5898, 1.569225, 1.57405, 1.5427833333333334, 1.546675, 1.529125, 1.55215, 1.5236166666666666, 1.5202]}}
AdaptationManager: Configuring next round...
{'client_registry': {'enabled': True, 'params': {}}, 'client_selector': {'enabled': True, 'params': {'selection_strategy': 'Resource-Based', 'selection_criteria': 'CPU', 'selection_value': 2}}, 'client_cluster': {'enabled': False, 'params': {}}, 'message_compressor': {'enabled': False, 'params': {}}, 'model_co-versioning_registry': {'enabled': False, 'params': {}}, 'multi-task_model_trainer': {'enabled': False, 'params': {}}, 'heterogeneous_data_handler': {'enabled': False, 'params': {}}}
{'client_selector': {'enabled': True}, 'client_cluster': {'enabled': False}, 'message_compressor': {'enabled': False}, 'model_co-versioning_registry': {'enabled': False}, 'multi-task_model_trainer': {'enabled': False}, 'heterogeneous_data_handler': {'enabled': False}, 'client_registry': {'enabled': True}}
Accuracy ok: Selector activated ✅
Accuracy ok: Selector activated ✅
Client Client 30 has insufficient CPU (1). Will not participate in the next FL round.
Client Client 32 has insufficient CPU (1). Will not participate in the next FL round.
Client Client 33 has insufficient CPU (1). Will not participate in the next FL round.
Client Client 34 has insufficient CPU (1). Will not participate in the next FL round.
Client Client 27 has insufficient CPU (1). Will not participate in the next FL round.
Client Client 31 has insufficient CPU (1). Will not participate in the next FL round.
Client Client 25 participates in this round. (CPU: 2, RAM: 2)
Client Client 29 has insufficient CPU (1). Will not participate in the next FL round.
Client Client 23 participates in this round. (CPU: 2, RAM: 2)
Client Client 26 participates in this round. (CPU: 2, RAM: 2)
Client Client 24 participates in this round. (CPU: 2, RAM: 2)
Client Client 28 has insufficient CPU (1). Will not participate in the next FL round.
Results Aggregated in 53.21 seconds.
{'CNN 16k': {'train_loss': [1.5378297536754608, 1.416263126888275, 1.3328313723754883, 1.273816775574684, 1.2299304228925705, 1.212386763124466, 1.1779025505161285, 1.1364136480522156, 1.1188308637332915, 1.1130974565982819, 1.089597093820572, 1.0639822696304322, 1.050827522034645, 1.0538587303972244, 1.0358241629393896, 1.0108436307120323, 1.0000838195991517], 'train_accuracy': [0.43315, 0.48498, 0.51851, 0.54375, 0.560265, 0.56585, 0.57948, 0.595305, 0.601525, 0.603945, 0.6119666666666667, 0.6201, 0.625, 0.62445, 0.6299333333333333, 0.640115, 0.642375], 'train_f1': [0.4237541079516813, 0.47665506846146455, 0.5130302071826098, 0.5408629698965688, 0.5564407110395913, 0.5615506280124991, 0.5737803055396598, 0.5922898723632485, 0.6001166901023838, 0.6016265064908947, 0.6097108968155281, 0.617782826167469, 0.6208985781886067, 0.6201347476576266, 0.6274566162922337, 0.6389849449821355, 0.6380867774103028], 'train_mae': [2.102725, 1.92189, 1.771515, 1.662405, 1.59165, 1.5931, 1.531545, 1.45837, 1.423755, 1.42221, 1.3753633333333333, 1.36471, 1.343335, 1.35157, 1.3113933333333334, 1.28429, 1.277115], 'val_loss': [1.53614527926445, 1.4256243221759797, 1.3551470066070557, 1.3154817397117615, 1.2884688227653502, 1.2881764466762542, 1.26898714928627, 1.2427525779247284, 1.238846362543106, 1.236483892393112, 1.2309770681063334, 1.2149790470123292, 1.2138608789682388, 1.225254070663452, 1.2199075279871623, 1.2031693004846573, 1.2041035326480864], 'val_accuracy': [0.434525, 0.480925, 0.509875, 0.529625, 0.542075, 0.543325, 0.550275, 0.56155, 0.5640999999999999, 0.564275, 0.5689083333333333, 0.5733, 0.5765, 0.5741, 0.5762583333333333, 0.5813750000000001, 0.584125], 'val_f1': [0.42445357565431957, 0.4719693879518298, 0.5036962855431468, 0.5258975516744114, 0.5377582477795546, 0.5382457666310261, 0.5437319057220382, 0.5577888803113666, 0.5625524680895841, 0.5617408619107244, 0.5661733576091105, 0.5705872238358178, 0.5722556875231835, 0.5691299108672329, 0.5733248671432232, 0.5798950549553379, 0.5792708821710589], 'val_mae': [2.108225, 1.92495, 1.8097, 1.718125, 1.6636, 1.69295, 1.6373, 1.5898, 1.569225, 1.57405, 1.5427833333333334, 1.546675, 1.529125, 1.55215, 1.5236166666666666, 1.5202, 1.506625]}}
AdaptationManager: Configuring next round...
{'client_registry': {'enabled': True, 'params': {}}, 'client_selector': {'enabled': True, 'params': {'selection_strategy': 'Resource-Based', 'selection_criteria': 'CPU', 'selection_value': 2}}, 'client_cluster': {'enabled': False, 'params': {}}, 'message_compressor': {'enabled': False, 'params': {}}, 'model_co-versioning_registry': {'enabled': False, 'params': {}}, 'multi-task_model_trainer': {'enabled': False, 'params': {}}, 'heterogeneous_data_handler': {'enabled': False, 'params': {}}}
{'client_selector': {'enabled': True}, 'client_cluster': {'enabled': False}, 'message_compressor': {'enabled': False}, 'model_co-versioning_registry': {'enabled': False}, 'multi-task_model_trainer': {'enabled': False}, 'heterogeneous_data_handler': {'enabled': False}, 'client_registry': {'enabled': True}}
Accuracy too low or decreasing, Selector de-activated ❌
Accuracy too low or decreasing, Selector de-activated ❌
Results Aggregated in 63.15 seconds.
{'CNN 16k': {'train_loss': [1.5378297536754608, 1.416263126888275, 1.3328313723754883, 1.273816775574684, 1.2299304228925705, 1.212386763124466, 1.1779025505161285, 1.1364136480522156, 1.1188308637332915, 1.1130974565982819, 1.089597093820572, 1.0639822696304322, 1.050827522034645, 1.0538587303972244, 1.0358241629393896, 1.0108436307120323, 1.0000838195991517, 1.0101210296996435], 'train_accuracy': [0.43315, 0.48498, 0.51851, 0.54375, 0.560265, 0.56585, 0.57948, 0.595305, 0.601525, 0.603945, 0.6119666666666667, 0.6201, 0.625, 0.62445, 0.6299333333333333, 0.640115, 0.642375, 0.6398933333333333], 'train_f1': [0.4237541079516813, 0.47665506846146455, 0.5130302071826098, 0.5408629698965688, 0.5564407110395913, 0.5615506280124991, 0.5737803055396598, 0.5922898723632485, 0.6001166901023838, 0.6016265064908947, 0.6097108968155281, 0.617782826167469, 0.6208985781886067, 0.6201347476576266, 0.6274566162922337, 0.6389849449821355, 0.6380867774103028, 0.6384295703439575], 'train_mae': [2.102725, 1.92189, 1.771515, 1.662405, 1.59165, 1.5931, 1.531545, 1.45837, 1.423755, 1.42221, 1.3753633333333333, 1.36471, 1.343335, 1.35157, 1.3113933333333334, 1.28429, 1.277115, 1.283855], 'val_loss': [1.53614527926445, 1.4256243221759797, 1.3551470066070557, 1.3154817397117615, 1.2884688227653502, 1.2881764466762542, 1.26898714928627, 1.2427525779247284, 1.238846362543106, 1.236483892393112, 1.2309770681063334, 1.2149790470123292, 1.2138608789682388, 1.225254070663452, 1.2199075279871623, 1.2031693004846573, 1.2041035326480864, 1.220081418466568], 'val_accuracy': [0.434525, 0.480925, 0.509875, 0.529625, 0.542075, 0.543325, 0.550275, 0.56155, 0.5640999999999999, 0.564275, 0.5689083333333333, 0.5733, 0.5765, 0.5741, 0.5762583333333333, 0.5813750000000001, 0.584125, 0.578825], 'val_f1': [0.42445357565431957, 0.4719693879518298, 0.5036962855431468, 0.5258975516744114, 0.5377582477795546, 0.5382457666310261, 0.5437319057220382, 0.5577888803113666, 0.5625524680895841, 0.5617408619107244, 0.5661733576091105, 0.5705872238358178, 0.5722556875231835, 0.5691299108672329, 0.5733248671432232, 0.5798950549553379, 0.5792708821710589, 0.5766968507257798], 'val_mae': [2.108225, 1.92495, 1.8097, 1.718125, 1.6636, 1.69295, 1.6373, 1.5898, 1.569225, 1.57405, 1.5427833333333334, 1.546675, 1.529125, 1.55215, 1.5236166666666666, 1.5202, 1.506625, 1.5307166666666667]}}
AdaptationManager: Configuring next round...
{'client_registry': {'enabled': True, 'params': {}}, 'client_selector': {'enabled': True, 'params': {'selection_strategy': 'Resource-Based', 'selection_criteria': 'CPU', 'selection_value': 2}}, 'client_cluster': {'enabled': False, 'params': {}}, 'message_compressor': {'enabled': False, 'params': {}}, 'model_co-versioning_registry': {'enabled': False, 'params': {}}, 'multi-task_model_trainer': {'enabled': False, 'params': {}}, 'heterogeneous_data_handler': {'enabled': False, 'params': {}}}
{'client_selector': {'enabled': False}, 'client_cluster': {'enabled': False}, 'message_compressor': {'enabled': False}, 'model_co-versioning_registry': {'enabled': False}, 'multi-task_model_trainer': {'enabled': False}, 'heterogeneous_data_handler': {'enabled': False}, 'client_registry': {'enabled': False}}
Accuracy too low or decreasing, Selector de-activated ❌
Accuracy too low or decreasing, Selector de-activated ❌
Results Aggregated in 66.55 seconds.
{'CNN 16k': {'train_loss': [1.5378297536754608, 1.416263126888275, 1.3328313723754883, 1.273816775574684, 1.2299304228925705, 1.212386763124466, 1.1779025505161285, 1.1364136480522156, 1.1188308637332915, 1.1130974565982819, 1.089597093820572, 1.0639822696304322, 1.050827522034645, 1.0538587303972244, 1.0358241629393896, 1.0108436307120323, 1.0000838195991517, 1.0101210296996435, 0.9902998908297221], 'train_accuracy': [0.43315, 0.48498, 0.51851, 0.54375, 0.560265, 0.56585, 0.57948, 0.595305, 0.601525, 0.603945, 0.6119666666666667, 0.6201, 0.625, 0.62445, 0.6299333333333333, 0.640115, 0.642375, 0.6398933333333333, 0.6470483333333333], 'train_f1': [0.4237541079516813, 0.47665506846146455, 0.5130302071826098, 0.5408629698965688, 0.5564407110395913, 0.5615506280124991, 0.5737803055396598, 0.5922898723632485, 0.6001166901023838, 0.6016265064908947, 0.6097108968155281, 0.617782826167469, 0.6208985781886067, 0.6201347476576266, 0.6274566162922337, 0.6389849449821355, 0.6380867774103028, 0.6384295703439575, 0.6461676269224177], 'train_mae': [2.102725, 1.92189, 1.771515, 1.662405, 1.59165, 1.5931, 1.531545, 1.45837, 1.423755, 1.42221, 1.3753633333333333, 1.36471, 1.343335, 1.35157, 1.3113933333333334, 1.28429, 1.277115, 1.283855, 1.24737], 'val_loss': [1.53614527926445, 1.4256243221759797, 1.3551470066070557, 1.3154817397117615, 1.2884688227653502, 1.2881764466762542, 1.26898714928627, 1.2427525779247284, 1.238846362543106, 1.236483892393112, 1.2309770681063334, 1.2149790470123292, 1.2138608789682388, 1.225254070663452, 1.2199075279871623, 1.2031693004846573, 1.2041035326480864, 1.220081418466568, 1.2133608715613684], 'val_accuracy': [0.434525, 0.480925, 0.509875, 0.529625, 0.542075, 0.543325, 0.550275, 0.56155, 0.5640999999999999, 0.564275, 0.5689083333333333, 0.5733, 0.5765, 0.5741, 0.5762583333333333, 0.5813750000000001, 0.584125, 0.578825, 0.5829666666666666], 'val_f1': [0.42445357565431957, 0.4719693879518298, 0.5036962855431468, 0.5258975516744114, 0.5377582477795546, 0.5382457666310261, 0.5437319057220382, 0.5577888803113666, 0.5625524680895841, 0.5617408619107244, 0.5661733576091105, 0.5705872238358178, 0.5722556875231835, 0.5691299108672329, 0.5733248671432232, 0.5798950549553379, 0.5792708821710589, 0.5766968507257798, 0.5814716321465215], 'val_mae': [2.108225, 1.92495, 1.8097, 1.718125, 1.6636, 1.69295, 1.6373, 1.5898, 1.569225, 1.57405, 1.5427833333333334, 1.546675, 1.529125, 1.55215, 1.5236166666666666, 1.5202, 1.506625, 1.5307166666666667, 1.5017916666666666]}}
AdaptationManager: Configuring next round...
{'client_registry': {'enabled': True, 'params': {}}, 'client_selector': {'enabled': True, 'params': {'selection_strategy': 'Resource-Based', 'selection_criteria': 'CPU', 'selection_value': 2}}, 'client_cluster': {'enabled': False, 'params': {}}, 'message_compressor': {'enabled': False, 'params': {}}, 'model_co-versioning_registry': {'enabled': False, 'params': {}}, 'multi-task_model_trainer': {'enabled': False, 'params': {}}, 'heterogeneous_data_handler': {'enabled': False, 'params': {}}}
{'client_selector': {'enabled': False}, 'client_cluster': {'enabled': False}, 'message_compressor': {'enabled': False}, 'model_co-versioning_registry': {'enabled': False}, 'multi-task_model_trainer': {'enabled': False}, 'heterogeneous_data_handler': {'enabled': False}, 'client_registry': {'enabled': False}}
Accuracy ok: Selector activated ✅
Accuracy ok: Selector activated ✅
Client Client 23 participates in this round. (CPU: 2, RAM: 2)
Client Client 31 has insufficient CPU (1). Will not participate in the next FL round.
Client Client 33 has insufficient CPU (1). Will not participate in the next FL round.
Client Client 32 has insufficient CPU (1). Will not participate in the next FL round.
Client Client 34 has insufficient CPU (1). Will not participate in the next FL round.
Client Client 30 has insufficient CPU (1). Will not participate in the next FL round.
Client Client 29 has insufficient CPU (1). Will not participate in the next FL round.
Client Client 25 participates in this round. (CPU: 2, RAM: 2)
Client Client 26 participates in this round. (CPU: 2, RAM: 2)
Client Client 28 has insufficient CPU (1). Will not participate in the next FL round.
Client Client 24 participates in this round. (CPU: 2, RAM: 2)
Client Client 27 has insufficient CPU (1). Will not participate in the next FL round.
Results Aggregated in 57.25 seconds.
{'CNN 16k': {'train_loss': [1.5378297536754608, 1.416263126888275, 1.3328313723754883, 1.273816775574684, 1.2299304228925705, 1.212386763124466, 1.1779025505161285, 1.1364136480522156, 1.1188308637332915, 1.1130974565982819, 1.089597093820572, 1.0639822696304322, 1.050827522034645, 1.0538587303972244, 1.0358241629393896, 1.0108436307120323, 1.0000838195991517, 1.0101210296996435, 0.9902998908297221, 0.9797602607655526], 'train_accuracy': [0.43315, 0.48498, 0.51851, 0.54375, 0.560265, 0.56585, 0.57948, 0.595305, 0.601525, 0.603945, 0.6119666666666667, 0.6201, 0.625, 0.62445, 0.6299333333333333, 0.640115, 0.642375, 0.6398933333333333, 0.6470483333333333, 0.65009], 'train_f1': [0.4237541079516813, 0.47665506846146455, 0.5130302071826098, 0.5408629698965688, 0.5564407110395913, 0.5615506280124991, 0.5737803055396598, 0.5922898723632485, 0.6001166901023838, 0.6016265064908947, 0.6097108968155281, 0.617782826167469, 0.6208985781886067, 0.6201347476576266, 0.6274566162922337, 0.6389849449821355, 0.6380867774103028, 0.6384295703439575, 0.6461676269224177, 0.6458837809567318], 'train_mae': [2.102725, 1.92189, 1.771515, 1.662405, 1.59165, 1.5931, 1.531545, 1.45837, 1.423755, 1.42221, 1.3753633333333333, 1.36471, 1.343335, 1.35157, 1.3113933333333334, 1.28429, 1.277115, 1.283855, 1.24737, 1.24578], 'val_loss': [1.53614527926445, 1.4256243221759797, 1.3551470066070557, 1.3154817397117615, 1.2884688227653502, 1.2881764466762542, 1.26898714928627, 1.2427525779247284, 1.238846362543106, 1.236483892393112, 1.2309770681063334, 1.2149790470123292, 1.2138608789682388, 1.225254070663452, 1.2199075279871623, 1.2031693004846573, 1.2041035326480864, 1.220081418466568, 1.2133608715613684, 1.2108327628612519], 'val_accuracy': [0.434525, 0.480925, 0.509875, 0.529625, 0.542075, 0.543325, 0.550275, 0.56155, 0.5640999999999999, 0.564275, 0.5689083333333333, 0.5733, 0.5765, 0.5741, 0.5762583333333333, 0.5813750000000001, 0.584125, 0.578825, 0.5829666666666666, 0.584225], 'val_f1': [0.42445357565431957, 0.4719693879518298, 0.5036962855431468, 0.5258975516744114, 0.5377582477795546, 0.5382457666310261, 0.5437319057220382, 0.5577888803113666, 0.5625524680895841, 0.5617408619107244, 0.5661733576091105, 0.5705872238358178, 0.5722556875231835, 0.5691299108672329, 0.5733248671432232, 0.5798950549553379, 0.5792708821710589, 0.5766968507257798, 0.5814716321465215, 0.5801390838729014], 'val_mae': [2.108225, 1.92495, 1.8097, 1.718125, 1.6636, 1.69295, 1.6373, 1.5898, 1.569225, 1.57405, 1.5427833333333334, 1.546675, 1.529125, 1.55215, 1.5236166666666666, 1.5202, 1.506625, 1.5307166666666667, 1.5017916666666666, 1.517775]}}
AdaptationManager: Configuring next round...
{'client_registry': {'enabled': True, 'params': {}}, 'client_selector': {'enabled': True, 'params': {'selection_strategy': 'Resource-Based', 'selection_criteria': 'CPU', 'selection_value': 2}}, 'client_cluster': {'enabled': False, 'params': {}}, 'message_compressor': {'enabled': False, 'params': {}}, 'model_co-versioning_registry': {'enabled': False, 'params': {}}, 'multi-task_model_trainer': {'enabled': False, 'params': {}}, 'heterogeneous_data_handler': {'enabled': False, 'params': {}}}
{'client_selector': {'enabled': True}, 'client_cluster': {'enabled': False}, 'message_compressor': {'enabled': False}, 'model_co-versioning_registry': {'enabled': False}, 'multi-task_model_trainer': {'enabled': False}, 'heterogeneous_data_handler': {'enabled': False}, 'client_registry': {'enabled': True}}
Accuracy too low or decreasing, Selector de-activated ❌
Accuracy too low or decreasing, Selector de-activated ❌
