==========================================
  ___  ______  ___ ______       _ 
 / _ \ | ___ \/   ||  ___|     | |
/ /_\ \| |_/ / /| || |_ ___  __| |
|  _  ||  __/ /_| ||  _/ _ \/ _` |
| | | || |  \___  || ||  __/ (_| |
\_| |_/\_|      |_/\_| \___|\__,_| v.1.5.0

==========================================
Simulation Started!
List of the Architectural Patterns enabled:
Adaptation Enabled ✅
Global Metric: time, comparison with fixed value: 75.0
Client Registry ✅
Message Compressor ✅
==========================================
Local parameters compressed: reduced 4796 bytes (7.49%)
Local parameters compressed: reduced 4829 bytes (7.54%)
Local parameters compressed: reduced 4847 bytes (7.57%)
Local parameters compressed: reduced 4785 bytes (7.48%)
Local parameters compressed: reduced 4836 bytes (7.56%)
Local parameters compressed: reduced 4845 bytes (7.57%)
Local parameters compressed: reduced 4841 bytes (7.56%)
Local parameters compressed: reduced 4796 bytes (7.49%)
Local parameters compressed: reduced 4846 bytes (7.57%)
Local parameters compressed: reduced 4822 bytes (7.53%)
Results Aggregated in 70.95 seconds.
{'CNN 16k': {'train_loss': [1.5817068724136352], 'train_accuracy': [0.423348], 'train_f1': [0.4151169793598533], 'train_mae': [2.124636], 'val_loss': [1.581907022781372], 'val_accuracy': [0.42511], 'val_f1': [0.4163341036868833], 'val_mae': [2.12377], 'jsd': [(0, 0, 0, 0, 0, 0, 0, 0, 0, 0)]}}
AdaptationManager: Configuring next round...
{'client_registry': {'enabled': True, 'params': {}}, 'client_selector': {'enabled': False, 'params': {}}, 'client_cluster': {'enabled': False, 'params': {}}, 'message_compressor': {'enabled': True, 'params': {}}, 'model_co-versioning_registry': {'enabled': False, 'params': {}}, 'multi-task_model_trainer': {'enabled': False, 'params': {}}, 'heterogeneous_data_handler': {'enabled': False, 'params': {}}}
{'client_selector': {'enabled': False}, 'client_cluster': {'enabled': False}, 'message_compressor': {'enabled': True}, 'model_co-versioning_registry': {'enabled': False}, 'multi-task_model_trainer': {'enabled': False}, 'heterogeneous_data_handler': {'enabled': False}, 'client_registry': {'enabled': True, 'params': {}}}
time=70.95102071762085, message_compressor de-activated ❌
Results Aggregated in 84.74 seconds.
{'CNN 16k': {'train_loss': [1.5817068724136352, 1.458372112312317], 'train_accuracy': [0.423348, 0.467006], 'train_f1': [0.4151169793598533, 0.46047613262559184], 'train_mae': [2.124636, 1.977636], 'val_loss': [1.581907022781372, 1.4659620007133485], 'val_accuracy': [0.42511, 0.46653], 'val_f1': [0.4163341036868833, 0.45982578331866086], 'val_mae': [2.12377, 1.9904], 'jsd': [(0, 0, 0, 0, 0, 0, 0, 0, 0, 0), (0, 0, 0, 0, 0, 0, 0, 0, 0, 0)]}}
AdaptationManager: Configuring next round...
{'client_registry': {'enabled': True, 'params': {}}, 'client_selector': {'enabled': False, 'params': {}}, 'client_cluster': {'enabled': False, 'params': {}}, 'message_compressor': {'enabled': True, 'params': {}}, 'model_co-versioning_registry': {'enabled': False, 'params': {}}, 'multi-task_model_trainer': {'enabled': False, 'params': {}}, 'heterogeneous_data_handler': {'enabled': False, 'params': {}}}
{'client_selector': {'enabled': False}, 'client_cluster': {'enabled': False}, 'message_compressor': {'enabled': False}, 'model_co-versioning_registry': {'enabled': False}, 'multi-task_model_trainer': {'enabled': False}, 'heterogeneous_data_handler': {'enabled': False}, 'client_registry': {'enabled': True, 'params': {}}}
time=84.7416729927063, message_compressor activated ✅
Local parameters compressed: reduced 4744 bytes (7.41%)
Local parameters compressed: reduced 4730 bytes (7.39%)
Local parameters compressed: reduced 4709 bytes (7.36%)
Local parameters compressed: reduced 4742 bytes (7.41%)
Local parameters compressed: reduced 4733 bytes (7.39%)
Local parameters compressed: reduced 4753 bytes (7.43%)
Local parameters compressed: reduced 4745 bytes (7.41%)
Local parameters compressed: reduced 4731 bytes (7.39%)
Local parameters compressed: reduced 4729 bytes (7.39%)
Local parameters compressed: reduced 4734 bytes (7.40%)
Results Aggregated in 67.36 seconds.
{'CNN 16k': {'train_loss': [1.5817068724136352, 1.458372112312317, 1.3780563724594117], 'train_accuracy': [0.423348, 0.467006, 0.498572], 'train_f1': [0.4151169793598533, 0.46047613262559184, 0.49344546513710785], 'train_mae': [2.124636, 1.977636, 1.846546], 'val_loss': [1.581907022781372, 1.4659620007133485, 1.397968971118927], 'val_accuracy': [0.42511, 0.46653, 0.4953], 'val_f1': [0.4163341036868833, 0.45982578331866086, 0.4897279004910047], 'val_mae': [2.12377, 1.9904, 1.86598], 'jsd': [(0, 0, 0, 0, 0, 0, 0, 0, 0, 0), (0, 0, 0, 0, 0, 0, 0, 0, 0, 0), (0, 0, 0, 0, 0, 0, 0, 0, 0, 0)]}}
AdaptationManager: Configuring next round...
{'client_registry': {'enabled': True, 'params': {}}, 'client_selector': {'enabled': False, 'params': {}}, 'client_cluster': {'enabled': False, 'params': {}}, 'message_compressor': {'enabled': True, 'params': {}}, 'model_co-versioning_registry': {'enabled': False, 'params': {}}, 'multi-task_model_trainer': {'enabled': False, 'params': {}}, 'heterogeneous_data_handler': {'enabled': False, 'params': {}}}
{'client_selector': {'enabled': False}, 'client_cluster': {'enabled': False}, 'message_compressor': {'enabled': True}, 'model_co-versioning_registry': {'enabled': False}, 'multi-task_model_trainer': {'enabled': False}, 'heterogeneous_data_handler': {'enabled': False}, 'client_registry': {'enabled': True, 'params': {}}}
time=67.35767436027527, message_compressor de-activated ❌
Results Aggregated in 88.08 seconds.
{'CNN 16k': {'train_loss': [1.5817068724136352, 1.458372112312317, 1.3780563724594117, 1.3294230558052063], 'train_accuracy': [0.423348, 0.467006, 0.498572, 0.518878], 'train_f1': [0.4151169793598533, 0.46047613262559184, 0.49344546513710785, 0.5140062941184015], 'train_mae': [2.124636, 1.977636, 1.846546, 1.764248], 'val_loss': [1.581907022781372, 1.4659620007133485, 1.397968971118927, 1.362237006483078], 'val_accuracy': [0.42511, 0.46653, 0.4953, 0.50873], 'val_f1': [0.4163341036868833, 0.45982578331866086, 0.4897279004910047, 0.5041463950813796], 'val_mae': [2.12377, 1.9904, 1.86598, 1.80026], 'jsd': [(0, 0, 0, 0, 0, 0, 0, 0, 0, 0), (0, 0, 0, 0, 0, 0, 0, 0, 0, 0), (0, 0, 0, 0, 0, 0, 0, 0, 0, 0), (0, 0, 0, 0, 0, 0, 0, 0, 0, 0)]}}
AdaptationManager: Configuring next round...
{'client_registry': {'enabled': True, 'params': {}}, 'client_selector': {'enabled': False, 'params': {}}, 'client_cluster': {'enabled': False, 'params': {}}, 'message_compressor': {'enabled': True, 'params': {}}, 'model_co-versioning_registry': {'enabled': False, 'params': {}}, 'multi-task_model_trainer': {'enabled': False, 'params': {}}, 'heterogeneous_data_handler': {'enabled': False, 'params': {}}}
{'client_selector': {'enabled': False}, 'client_cluster': {'enabled': False}, 'message_compressor': {'enabled': False}, 'model_co-versioning_registry': {'enabled': False}, 'multi-task_model_trainer': {'enabled': False}, 'heterogeneous_data_handler': {'enabled': False}, 'client_registry': {'enabled': True, 'params': {}}}
time=88.07692360877991, message_compressor activated ✅
Local parameters compressed: reduced 4704 bytes (7.35%)
Local parameters compressed: reduced 4697 bytes (7.34%)
Local parameters compressed: reduced 4653 bytes (7.27%)
Local parameters compressed: reduced 4696 bytes (7.34%)
Local parameters compressed: reduced 4658 bytes (7.28%)
Local parameters compressed: reduced 4650 bytes (7.26%)
Local parameters compressed: reduced 4686 bytes (7.32%)
Local parameters compressed: reduced 4682 bytes (7.31%)
Local parameters compressed: reduced 4658 bytes (7.28%)
Local parameters compressed: reduced 4664 bytes (7.29%)
Results Aggregated in 68.53 seconds.
{'CNN 16k': {'train_loss': [1.5817068724136352, 1.458372112312317, 1.3780563724594117, 1.3294230558052063, 1.2907102844543457], 'train_accuracy': [0.423348, 0.467006, 0.498572, 0.518878, 0.536154], 'train_f1': [0.4151169793598533, 0.46047613262559184, 0.49344546513710785, 0.5140062941184015, 0.5302183693740803], 'train_mae': [2.124636, 1.977636, 1.846546, 1.764248, 1.714964], 'val_loss': [1.581907022781372, 1.4659620007133485, 1.397968971118927, 1.362237006483078, 1.3334917975711822], 'val_accuracy': [0.42511, 0.46653, 0.4953, 0.50873, 0.52016], 'val_f1': [0.4163341036868833, 0.45982578331866086, 0.4897279004910047, 0.5041463950813796, 0.513998433090409], 'val_mae': [2.12377, 1.9904, 1.86598, 1.80026, 1.7821], 'jsd': [(0, 0, 0, 0, 0, 0, 0, 0, 0, 0), (0, 0, 0, 0, 0, 0, 0, 0, 0, 0), (0, 0, 0, 0, 0, 0, 0, 0, 0, 0), (0, 0, 0, 0, 0, 0, 0, 0, 0, 0), (0, 0, 0, 0, 0, 0, 0, 0, 0, 0)]}}
AdaptationManager: Configuring next round...
{'client_registry': {'enabled': True, 'params': {}}, 'client_selector': {'enabled': False, 'params': {}}, 'client_cluster': {'enabled': False, 'params': {}}, 'message_compressor': {'enabled': True, 'params': {}}, 'model_co-versioning_registry': {'enabled': False, 'params': {}}, 'multi-task_model_trainer': {'enabled': False, 'params': {}}, 'heterogeneous_data_handler': {'enabled': False, 'params': {}}}
{'client_selector': {'enabled': False}, 'client_cluster': {'enabled': False}, 'message_compressor': {'enabled': True}, 'model_co-versioning_registry': {'enabled': False}, 'multi-task_model_trainer': {'enabled': False}, 'heterogeneous_data_handler': {'enabled': False}, 'client_registry': {'enabled': True, 'params': {}}}
time=68.53229451179504, message_compressor de-activated ❌
Results Aggregated in 84.58 seconds.
{'CNN 16k': {'train_loss': [1.5817068724136352, 1.458372112312317, 1.3780563724594117, 1.3294230558052063, 1.2907102844543457, 1.25443798837471], 'train_accuracy': [0.423348, 0.467006, 0.498572, 0.518878, 0.536154, 0.550188], 'train_f1': [0.4151169793598533, 0.46047613262559184, 0.49344546513710785, 0.5140062941184015, 0.5302183693740803, 0.5461982438463465], 'train_mae': [2.124636, 1.977636, 1.846546, 1.764248, 1.714964, 1.654014], 'val_loss': [1.581907022781372, 1.4659620007133485, 1.397968971118927, 1.362237006483078, 1.3334917975711822, 1.308609445581436], 'val_accuracy': [0.42511, 0.46653, 0.4953, 0.50873, 0.52016, 0.52801], 'val_f1': [0.4163341036868833, 0.45982578331866086, 0.4897279004910047, 0.5041463950813796, 0.513998433090409, 0.5238294900375633], 'val_mae': [2.12377, 1.9904, 1.86598, 1.80026, 1.7821, 1.73838], 'jsd': [(0, 0, 0, 0, 0, 0, 0, 0, 0, 0), (0, 0, 0, 0, 0, 0, 0, 0, 0, 0), (0, 0, 0, 0, 0, 0, 0, 0, 0, 0), (0, 0, 0, 0, 0, 0, 0, 0, 0, 0), (0, 0, 0, 0, 0, 0, 0, 0, 0, 0), (0, 0, 0, 0, 0, 0, 0, 0, 0, 0)]}}
AdaptationManager: Configuring next round...
{'client_registry': {'enabled': True, 'params': {}}, 'client_selector': {'enabled': False, 'params': {}}, 'client_cluster': {'enabled': False, 'params': {}}, 'message_compressor': {'enabled': True, 'params': {}}, 'model_co-versioning_registry': {'enabled': False, 'params': {}}, 'multi-task_model_trainer': {'enabled': False, 'params': {}}, 'heterogeneous_data_handler': {'enabled': False, 'params': {}}}
{'client_selector': {'enabled': False}, 'client_cluster': {'enabled': False}, 'message_compressor': {'enabled': False}, 'model_co-versioning_registry': {'enabled': False}, 'multi-task_model_trainer': {'enabled': False}, 'heterogeneous_data_handler': {'enabled': False}, 'client_registry': {'enabled': True, 'params': {}}}
time=84.58460998535156, message_compressor activated ✅
Local parameters compressed: reduced 4643 bytes (7.25%)
Local parameters compressed: reduced 4626 bytes (7.23%)
Local parameters compressed: reduced 4649 bytes (7.26%)
Local parameters compressed: reduced 4654 bytes (7.27%)
Local parameters compressed: reduced 4671 bytes (7.30%)
Local parameters compressed: reduced 4654 bytes (7.27%)
Local parameters compressed: reduced 4669 bytes (7.29%)
Local parameters compressed: reduced 4647 bytes (7.26%)
Local parameters compressed: reduced 4631 bytes (7.24%)
Local parameters compressed: reduced 4648 bytes (7.26%)
Results Aggregated in 72.78 seconds.
{'CNN 16k': {'train_loss': [1.5817068724136352, 1.458372112312317, 1.3780563724594117, 1.3294230558052063, 1.2907102844543457, 1.25443798837471, 1.2292180805091857], 'train_accuracy': [0.423348, 0.467006, 0.498572, 0.518878, 0.536154, 0.550188, 0.559562], 'train_f1': [0.4151169793598533, 0.46047613262559184, 0.49344546513710785, 0.5140062941184015, 0.5302183693740803, 0.5461982438463465, 0.5560674966078768], 'train_mae': [2.124636, 1.977636, 1.846546, 1.764248, 1.714964, 1.654014, 1.610094], 'val_loss': [1.581907022781372, 1.4659620007133485, 1.397968971118927, 1.362237006483078, 1.3334917975711822, 1.308609445581436, 1.2942181847000123], 'val_accuracy': [0.42511, 0.46653, 0.4953, 0.50873, 0.52016, 0.52801, 0.53706], 'val_f1': [0.4163341036868833, 0.45982578331866086, 0.4897279004910047, 0.5041463950813796, 0.513998433090409, 0.5238294900375633, 0.5335393111655637], 'val_mae': [2.12377, 1.9904, 1.86598, 1.80026, 1.7821, 1.73838, 1.6937], 'jsd': [(0, 0, 0, 0, 0, 0, 0, 0, 0, 0), (0, 0, 0, 0, 0, 0, 0, 0, 0, 0), (0, 0, 0, 0, 0, 0, 0, 0, 0, 0), (0, 0, 0, 0, 0, 0, 0, 0, 0, 0), (0, 0, 0, 0, 0, 0, 0, 0, 0, 0), (0, 0, 0, 0, 0, 0, 0, 0, 0, 0), (0, 0, 0, 0, 0, 0, 0, 0, 0, 0)]}}
AdaptationManager: Configuring next round...
{'client_registry': {'enabled': True, 'params': {}}, 'client_selector': {'enabled': False, 'params': {}}, 'client_cluster': {'enabled': False, 'params': {}}, 'message_compressor': {'enabled': True, 'params': {}}, 'model_co-versioning_registry': {'enabled': False, 'params': {}}, 'multi-task_model_trainer': {'enabled': False, 'params': {}}, 'heterogeneous_data_handler': {'enabled': False, 'params': {}}}
{'client_selector': {'enabled': False}, 'client_cluster': {'enabled': False}, 'message_compressor': {'enabled': True}, 'model_co-versioning_registry': {'enabled': False}, 'multi-task_model_trainer': {'enabled': False}, 'heterogeneous_data_handler': {'enabled': False}, 'client_registry': {'enabled': True, 'params': {}}}
time=72.78400564193726, message_compressor de-activated ❌
Results Aggregated in 84.68 seconds.
{'CNN 16k': {'train_loss': [1.5817068724136352, 1.458372112312317, 1.3780563724594117, 1.3294230558052063, 1.2907102844543457, 1.25443798837471, 1.2292180805091857, 1.200166755935669], 'train_accuracy': [0.423348, 0.467006, 0.498572, 0.518878, 0.536154, 0.550188, 0.559562, 0.571498], 'train_f1': [0.4151169793598533, 0.46047613262559184, 0.49344546513710785, 0.5140062941184015, 0.5302183693740803, 0.5461982438463465, 0.5560674966078768, 0.567062467228084], 'train_mae': [2.124636, 1.977636, 1.846546, 1.764248, 1.714964, 1.654014, 1.610094, 1.566038], 'val_loss': [1.581907022781372, 1.4659620007133485, 1.397968971118927, 1.362237006483078, 1.3334917975711822, 1.308609445581436, 1.2942181847000123, 1.2764691764640808], 'val_accuracy': [0.42511, 0.46653, 0.4953, 0.50873, 0.52016, 0.52801, 0.53706, 0.54428], 'val_f1': [0.4163341036868833, 0.45982578331866086, 0.4897279004910047, 0.5041463950813796, 0.513998433090409, 0.5238294900375633, 0.5335393111655637, 0.539798359101687], 'val_mae': [2.12377, 1.9904, 1.86598, 1.80026, 1.7821, 1.73838, 1.6937, 1.66587], 'jsd': [(0, 0, 0, 0, 0, 0, 0, 0, 0, 0), (0, 0, 0, 0, 0, 0, 0, 0, 0, 0), (0, 0, 0, 0, 0, 0, 0, 0, 0, 0), (0, 0, 0, 0, 0, 0, 0, 0, 0, 0), (0, 0, 0, 0, 0, 0, 0, 0, 0, 0), (0, 0, 0, 0, 0, 0, 0, 0, 0, 0), (0, 0, 0, 0, 0, 0, 0, 0, 0, 0), (0, 0, 0, 0, 0, 0, 0, 0, 0, 0)]}}
AdaptationManager: Configuring next round...
{'client_registry': {'enabled': True, 'params': {}}, 'client_selector': {'enabled': False, 'params': {}}, 'client_cluster': {'enabled': False, 'params': {}}, 'message_compressor': {'enabled': True, 'params': {}}, 'model_co-versioning_registry': {'enabled': False, 'params': {}}, 'multi-task_model_trainer': {'enabled': False, 'params': {}}, 'heterogeneous_data_handler': {'enabled': False, 'params': {}}}
{'client_selector': {'enabled': False}, 'client_cluster': {'enabled': False}, 'message_compressor': {'enabled': False}, 'model_co-versioning_registry': {'enabled': False}, 'multi-task_model_trainer': {'enabled': False}, 'heterogeneous_data_handler': {'enabled': False}, 'client_registry': {'enabled': True, 'params': {}}}
time=84.68303871154785, message_compressor activated ✅
Local parameters compressed: reduced 4625 bytes (7.23%)
Local parameters compressed: reduced 4650 bytes (7.26%)
Local parameters compressed: reduced 4620 bytes (7.22%)
Local parameters compressed: reduced 4603 bytes (7.19%)
Local parameters compressed: reduced 4615 bytes (7.21%)
Local parameters compressed: reduced 4654 bytes (7.27%)
Local parameters compressed: reduced 4605 bytes (7.19%)
Local parameters compressed: reduced 4663 bytes (7.29%)
Local parameters compressed: reduced 4640 bytes (7.25%)
Local parameters compressed: reduced 4610 bytes (7.20%)
Results Aggregated in 67.04 seconds.
{'CNN 16k': {'train_loss': [1.5817068724136352, 1.458372112312317, 1.3780563724594117, 1.3294230558052063, 1.2907102844543457, 1.25443798837471, 1.2292180805091857, 1.200166755935669, 1.188106380809784], 'train_accuracy': [0.423348, 0.467006, 0.498572, 0.518878, 0.536154, 0.550188, 0.559562, 0.571498, 0.575402], 'train_f1': [0.4151169793598533, 0.46047613262559184, 0.49344546513710785, 0.5140062941184015, 0.5302183693740803, 0.5461982438463465, 0.5560674966078768, 0.567062467228084, 0.5715583824023762], 'train_mae': [2.124636, 1.977636, 1.846546, 1.764248, 1.714964, 1.654014, 1.610094, 1.566038, 1.564426], 'val_loss': [1.581907022781372, 1.4659620007133485, 1.397968971118927, 1.362237006483078, 1.3334917975711822, 1.308609445581436, 1.2942181847000123, 1.2764691764640808, 1.270828029241562], 'val_accuracy': [0.42511, 0.46653, 0.4953, 0.50873, 0.52016, 0.52801, 0.53706, 0.54428, 0.54592], 'val_f1': [0.4163341036868833, 0.45982578331866086, 0.4897279004910047, 0.5041463950813796, 0.513998433090409, 0.5238294900375633, 0.5335393111655637, 0.539798359101687, 0.542240684856946], 'val_mae': [2.12377, 1.9904, 1.86598, 1.80026, 1.7821, 1.73838, 1.6937, 1.66587, 1.67281], 'jsd': [(0, 0, 0, 0, 0, 0, 0, 0, 0, 0), (0, 0, 0, 0, 0, 0, 0, 0, 0, 0), (0, 0, 0, 0, 0, 0, 0, 0, 0, 0), (0, 0, 0, 0, 0, 0, 0, 0, 0, 0), (0, 0, 0, 0, 0, 0, 0, 0, 0, 0), (0, 0, 0, 0, 0, 0, 0, 0, 0, 0), (0, 0, 0, 0, 0, 0, 0, 0, 0, 0), (0, 0, 0, 0, 0, 0, 0, 0, 0, 0), (0, 0, 0, 0, 0, 0, 0, 0, 0, 0)]}}
AdaptationManager: Configuring next round...
{'client_registry': {'enabled': True, 'params': {}}, 'client_selector': {'enabled': False, 'params': {}}, 'client_cluster': {'enabled': False, 'params': {}}, 'message_compressor': {'enabled': True, 'params': {}}, 'model_co-versioning_registry': {'enabled': False, 'params': {}}, 'multi-task_model_trainer': {'enabled': False, 'params': {}}, 'heterogeneous_data_handler': {'enabled': False, 'params': {}}}
{'client_selector': {'enabled': False}, 'client_cluster': {'enabled': False}, 'message_compressor': {'enabled': True}, 'model_co-versioning_registry': {'enabled': False}, 'multi-task_model_trainer': {'enabled': False}, 'heterogeneous_data_handler': {'enabled': False}, 'client_registry': {'enabled': True, 'params': {}}}
time=67.03722786903381, message_compressor de-activated ❌
Results Aggregated in 88.73 seconds.
{'CNN 16k': {'train_loss': [1.5817068724136352, 1.458372112312317, 1.3780563724594117, 1.3294230558052063, 1.2907102844543457, 1.25443798837471, 1.2292180805091857, 1.200166755935669, 1.188106380809784, 1.1634790226039886], 'train_accuracy': [0.423348, 0.467006, 0.498572, 0.518878, 0.536154, 0.550188, 0.559562, 0.571498, 0.575402, 0.58494], 'train_f1': [0.4151169793598533, 0.46047613262559184, 0.49344546513710785, 0.5140062941184015, 0.5302183693740803, 0.5461982438463465, 0.5560674966078768, 0.567062467228084, 0.5715583824023762, 0.5802046846207751], 'train_mae': [2.124636, 1.977636, 1.846546, 1.764248, 1.714964, 1.654014, 1.610094, 1.566038, 1.564426, 1.51912], 'val_loss': [1.581907022781372, 1.4659620007133485, 1.397968971118927, 1.362237006483078, 1.3334917975711822, 1.308609445581436, 1.2942181847000123, 1.2764691764640808, 1.270828029241562, 1.256761716003418], 'val_accuracy': [0.42511, 0.46653, 0.4953, 0.50873, 0.52016, 0.52801, 0.53706, 0.54428, 0.54592, 0.55282], 'val_f1': [0.4163341036868833, 0.45982578331866086, 0.4897279004910047, 0.5041463950813796, 0.513998433090409, 0.5238294900375633, 0.5335393111655637, 0.539798359101687, 0.542240684856946, 0.5480483972452169], 'val_mae': [2.12377, 1.9904, 1.86598, 1.80026, 1.7821, 1.73838, 1.6937, 1.66587, 1.67281, 1.63045], 'jsd': [(0, 0, 0, 0, 0, 0, 0, 0, 0, 0), (0, 0, 0, 0, 0, 0, 0, 0, 0, 0), (0, 0, 0, 0, 0, 0, 0, 0, 0, 0), (0, 0, 0, 0, 0, 0, 0, 0, 0, 0), (0, 0, 0, 0, 0, 0, 0, 0, 0, 0), (0, 0, 0, 0, 0, 0, 0, 0, 0, 0), (0, 0, 0, 0, 0, 0, 0, 0, 0, 0), (0, 0, 0, 0, 0, 0, 0, 0, 0, 0), (0, 0, 0, 0, 0, 0, 0, 0, 0, 0), (0, 0, 0, 0, 0, 0, 0, 0, 0, 0)]}}
AdaptationManager: Configuring next round...
{'client_registry': {'enabled': True, 'params': {}}, 'client_selector': {'enabled': False, 'params': {}}, 'client_cluster': {'enabled': False, 'params': {}}, 'message_compressor': {'enabled': True, 'params': {}}, 'model_co-versioning_registry': {'enabled': False, 'params': {}}, 'multi-task_model_trainer': {'enabled': False, 'params': {}}, 'heterogeneous_data_handler': {'enabled': False, 'params': {}}}
{'client_selector': {'enabled': False}, 'client_cluster': {'enabled': False}, 'message_compressor': {'enabled': False}, 'model_co-versioning_registry': {'enabled': False}, 'multi-task_model_trainer': {'enabled': False}, 'heterogeneous_data_handler': {'enabled': False}, 'client_registry': {'enabled': True, 'params': {}}}
time=88.7303819656372, message_compressor activated ✅
Local parameters compressed: reduced 4582 bytes (7.16%)
Local parameters compressed: reduced 4601 bytes (7.19%)
Local parameters compressed: reduced 4594 bytes (7.18%)
Local parameters compressed: reduced 4603 bytes (7.19%)
Local parameters compressed: reduced 4629 bytes (7.23%)
Local parameters compressed: reduced 4619 bytes (7.22%)
Local parameters compressed: reduced 4636 bytes (7.24%)
Local parameters compressed: reduced 4627 bytes (7.23%)
Local parameters compressed: reduced 4617 bytes (7.21%)
Local parameters compressed: reduced 4600 bytes (7.19%)
Results Aggregated in 68.23 seconds.
{'CNN 16k': {'train_loss': [1.5817068724136352, 1.458372112312317, 1.3780563724594117, 1.3294230558052063, 1.2907102844543457, 1.25443798837471, 1.2292180805091857, 1.200166755935669, 1.188106380809784, 1.1634790226039886, 1.1588267999420165], 'train_accuracy': [0.423348, 0.467006, 0.498572, 0.518878, 0.536154, 0.550188, 0.559562, 0.571498, 0.575402, 0.58494, 0.587902], 'train_f1': [0.4151169793598533, 0.46047613262559184, 0.49344546513710785, 0.5140062941184015, 0.5302183693740803, 0.5461982438463465, 0.5560674966078768, 0.567062467228084, 0.5715583824023762, 0.5802046846207751, 0.5843632586901676], 'train_mae': [2.124636, 1.977636, 1.846546, 1.764248, 1.714964, 1.654014, 1.610094, 1.566038, 1.564426, 1.51912, 1.50129], 'val_loss': [1.581907022781372, 1.4659620007133485, 1.397968971118927, 1.362237006483078, 1.3334917975711822, 1.308609445581436, 1.2942181847000123, 1.2764691764640808, 1.270828029241562, 1.256761716003418, 1.2573319656276702], 'val_accuracy': [0.42511, 0.46653, 0.4953, 0.50873, 0.52016, 0.52801, 0.53706, 0.54428, 0.54592, 0.55282, 0.55722], 'val_f1': [0.4163341036868833, 0.45982578331866086, 0.4897279004910047, 0.5041463950813796, 0.513998433090409, 0.5238294900375633, 0.5335393111655637, 0.539798359101687, 0.542240684856946, 0.5480483972452169, 0.5536922643573745], 'val_mae': [2.12377, 1.9904, 1.86598, 1.80026, 1.7821, 1.73838, 1.6937, 1.66587, 1.67281, 1.63045, 1.60895], 'jsd': [(0, 0, 0, 0, 0, 0, 0, 0, 0, 0), (0, 0, 0, 0, 0, 0, 0, 0, 0, 0), (0, 0, 0, 0, 0, 0, 0, 0, 0, 0), (0, 0, 0, 0, 0, 0, 0, 0, 0, 0), (0, 0, 0, 0, 0, 0, 0, 0, 0, 0), (0, 0, 0, 0, 0, 0, 0, 0, 0, 0), (0, 0, 0, 0, 0, 0, 0, 0, 0, 0), (0, 0, 0, 0, 0, 0, 0, 0, 0, 0), (0, 0, 0, 0, 0, 0, 0, 0, 0, 0), (0, 0, 0, 0, 0, 0, 0, 0, 0, 0), (0, 0, 0, 0, 0, 0, 0, 0, 0, 0)]}}
AdaptationManager: Configuring next round...
{'client_registry': {'enabled': True, 'params': {}}, 'client_selector': {'enabled': False, 'params': {}}, 'client_cluster': {'enabled': False, 'params': {}}, 'message_compressor': {'enabled': True, 'params': {}}, 'model_co-versioning_registry': {'enabled': False, 'params': {}}, 'multi-task_model_trainer': {'enabled': False, 'params': {}}, 'heterogeneous_data_handler': {'enabled': False, 'params': {}}}
{'client_selector': {'enabled': False}, 'client_cluster': {'enabled': False}, 'message_compressor': {'enabled': True}, 'model_co-versioning_registry': {'enabled': False}, 'multi-task_model_trainer': {'enabled': False}, 'heterogeneous_data_handler': {'enabled': False}, 'client_registry': {'enabled': True, 'params': {}}}
time=68.22525906562805, message_compressor de-activated ❌
Results Aggregated in 83.83 seconds.
{'CNN 16k': {'train_loss': [1.5817068724136352, 1.458372112312317, 1.3780563724594117, 1.3294230558052063, 1.2907102844543457, 1.25443798837471, 1.2292180805091857, 1.200166755935669, 1.188106380809784, 1.1634790226039886, 1.1588267999420165, 1.1293972492218018], 'train_accuracy': [0.423348, 0.467006, 0.498572, 0.518878, 0.536154, 0.550188, 0.559562, 0.571498, 0.575402, 0.58494, 0.587902, 0.598542], 'train_f1': [0.4151169793598533, 0.46047613262559184, 0.49344546513710785, 0.5140062941184015, 0.5302183693740803, 0.5461982438463465, 0.5560674966078768, 0.567062467228084, 0.5715583824023762, 0.5802046846207751, 0.5843632586901676, 0.5958353510196155], 'train_mae': [2.124636, 1.977636, 1.846546, 1.764248, 1.714964, 1.654014, 1.610094, 1.566038, 1.564426, 1.51912, 1.50129, 1.450502], 'val_loss': [1.581907022781372, 1.4659620007133485, 1.397968971118927, 1.362237006483078, 1.3334917975711822, 1.308609445581436, 1.2942181847000123, 1.2764691764640808, 1.270828029241562, 1.256761716003418, 1.2573319656276702, 1.2385904419994354], 'val_accuracy': [0.42511, 0.46653, 0.4953, 0.50873, 0.52016, 0.52801, 0.53706, 0.54428, 0.54592, 0.55282, 0.55722, 0.5613], 'val_f1': [0.4163341036868833, 0.45982578331866086, 0.4897279004910047, 0.5041463950813796, 0.513998433090409, 0.5238294900375633, 0.5335393111655637, 0.539798359101687, 0.542240684856946, 0.5480483972452169, 0.5536922643573745, 0.5586514432635525], 'val_mae': [2.12377, 1.9904, 1.86598, 1.80026, 1.7821, 1.73838, 1.6937, 1.66587, 1.67281, 1.63045, 1.60895, 1.5797], 'jsd': [(0, 0, 0, 0, 0, 0, 0, 0, 0, 0), (0, 0, 0, 0, 0, 0, 0, 0, 0, 0), (0, 0, 0, 0, 0, 0, 0, 0, 0, 0), (0, 0, 0, 0, 0, 0, 0, 0, 0, 0), (0, 0, 0, 0, 0, 0, 0, 0, 0, 0), (0, 0, 0, 0, 0, 0, 0, 0, 0, 0), (0, 0, 0, 0, 0, 0, 0, 0, 0, 0), (0, 0, 0, 0, 0, 0, 0, 0, 0, 0), (0, 0, 0, 0, 0, 0, 0, 0, 0, 0), (0, 0, 0, 0, 0, 0, 0, 0, 0, 0), (0, 0, 0, 0, 0, 0, 0, 0, 0, 0), (0, 0, 0, 0, 0, 0, 0, 0, 0, 0)]}}
AdaptationManager: Configuring next round...
{'client_registry': {'enabled': True, 'params': {}}, 'client_selector': {'enabled': False, 'params': {}}, 'client_cluster': {'enabled': False, 'params': {}}, 'message_compressor': {'enabled': True, 'params': {}}, 'model_co-versioning_registry': {'enabled': False, 'params': {}}, 'multi-task_model_trainer': {'enabled': False, 'params': {}}, 'heterogeneous_data_handler': {'enabled': False, 'params': {}}}
{'client_selector': {'enabled': False}, 'client_cluster': {'enabled': False}, 'message_compressor': {'enabled': False}, 'model_co-versioning_registry': {'enabled': False}, 'multi-task_model_trainer': {'enabled': False}, 'heterogeneous_data_handler': {'enabled': False}, 'client_registry': {'enabled': True, 'params': {}}}
time=83.82681155204773, message_compressor activated ✅
Local parameters compressed: reduced 4608 bytes (7.20%)
Local parameters compressed: reduced 4632 bytes (7.24%)
Local parameters compressed: reduced 4612 bytes (7.21%)
Local parameters compressed: reduced 4615 bytes (7.21%)
Local parameters compressed: reduced 4587 bytes (7.17%)
Local parameters compressed: reduced 4594 bytes (7.18%)
Local parameters compressed: reduced 4600 bytes (7.19%)
Local parameters compressed: reduced 4610 bytes (7.20%)
Local parameters compressed: reduced 4648 bytes (7.26%)
Local parameters compressed: reduced 4581 bytes (7.16%)
Results Aggregated in 66.35 seconds.
{'CNN 16k': {'train_loss': [1.5817068724136352, 1.458372112312317, 1.3780563724594117, 1.3294230558052063, 1.2907102844543457, 1.25443798837471, 1.2292180805091857, 1.200166755935669, 1.188106380809784, 1.1634790226039886, 1.1588267999420165, 1.1293972492218018, 1.1159398811206818], 'train_accuracy': [0.423348, 0.467006, 0.498572, 0.518878, 0.536154, 0.550188, 0.559562, 0.571498, 0.575402, 0.58494, 0.587902, 0.598542, 0.603182], 'train_f1': [0.4151169793598533, 0.46047613262559184, 0.49344546513710785, 0.5140062941184015, 0.5302183693740803, 0.5461982438463465, 0.5560674966078768, 0.567062467228084, 0.5715583824023762, 0.5802046846207751, 0.5843632586901676, 0.5958353510196155, 0.5998743483346316], 'train_mae': [2.124636, 1.977636, 1.846546, 1.764248, 1.714964, 1.654014, 1.610094, 1.566038, 1.564426, 1.51912, 1.50129, 1.450502, 1.436242], 'val_loss': [1.581907022781372, 1.4659620007133485, 1.397968971118927, 1.362237006483078, 1.3334917975711822, 1.308609445581436, 1.2942181847000123, 1.2764691764640808, 1.270828029241562, 1.256761716003418, 1.2573319656276702, 1.2385904419994354, 1.2348175770568848], 'val_accuracy': [0.42511, 0.46653, 0.4953, 0.50873, 0.52016, 0.52801, 0.53706, 0.54428, 0.54592, 0.55282, 0.55722, 0.5613, 0.564], 'val_f1': [0.4163341036868833, 0.45982578331866086, 0.4897279004910047, 0.5041463950813796, 0.513998433090409, 0.5238294900375633, 0.5335393111655637, 0.539798359101687, 0.542240684856946, 0.5480483972452169, 0.5536922643573745, 0.5586514432635525, 0.5605300131614568], 'val_mae': [2.12377, 1.9904, 1.86598, 1.80026, 1.7821, 1.73838, 1.6937, 1.66587, 1.67281, 1.63045, 1.60895, 1.5797, 1.57352], 'jsd': [(0, 0, 0, 0, 0, 0, 0, 0, 0, 0), (0, 0, 0, 0, 0, 0, 0, 0, 0, 0), (0, 0, 0, 0, 0, 0, 0, 0, 0, 0), (0, 0, 0, 0, 0, 0, 0, 0, 0, 0), (0, 0, 0, 0, 0, 0, 0, 0, 0, 0), (0, 0, 0, 0, 0, 0, 0, 0, 0, 0), (0, 0, 0, 0, 0, 0, 0, 0, 0, 0), (0, 0, 0, 0, 0, 0, 0, 0, 0, 0), (0, 0, 0, 0, 0, 0, 0, 0, 0, 0), (0, 0, 0, 0, 0, 0, 0, 0, 0, 0), (0, 0, 0, 0, 0, 0, 0, 0, 0, 0), (0, 0, 0, 0, 0, 0, 0, 0, 0, 0), (0, 0, 0, 0, 0, 0, 0, 0, 0, 0)]}}
AdaptationManager: Configuring next round...
{'client_registry': {'enabled': True, 'params': {}}, 'client_selector': {'enabled': False, 'params': {}}, 'client_cluster': {'enabled': False, 'params': {}}, 'message_compressor': {'enabled': True, 'params': {}}, 'model_co-versioning_registry': {'enabled': False, 'params': {}}, 'multi-task_model_trainer': {'enabled': False, 'params': {}}, 'heterogeneous_data_handler': {'enabled': False, 'params': {}}}
{'client_selector': {'enabled': False}, 'client_cluster': {'enabled': False}, 'message_compressor': {'enabled': True}, 'model_co-versioning_registry': {'enabled': False}, 'multi-task_model_trainer': {'enabled': False}, 'heterogeneous_data_handler': {'enabled': False}, 'client_registry': {'enabled': True, 'params': {}}}
time=66.35132813453674, message_compressor de-activated ❌
Results Aggregated in 82.22 seconds.
{'CNN 16k': {'train_loss': [1.5817068724136352, 1.458372112312317, 1.3780563724594117, 1.3294230558052063, 1.2907102844543457, 1.25443798837471, 1.2292180805091857, 1.200166755935669, 1.188106380809784, 1.1634790226039886, 1.1588267999420165, 1.1293972492218018, 1.1159398811206818, 1.1048379559841155], 'train_accuracy': [0.423348, 0.467006, 0.498572, 0.518878, 0.536154, 0.550188, 0.559562, 0.571498, 0.575402, 0.58494, 0.587902, 0.598542, 0.603182, 0.607164], 'train_f1': [0.4151169793598533, 0.46047613262559184, 0.49344546513710785, 0.5140062941184015, 0.5302183693740803, 0.5461982438463465, 0.5560674966078768, 0.567062467228084, 0.5715583824023762, 0.5802046846207751, 0.5843632586901676, 0.5958353510196155, 0.5998743483346316, 0.6032592884355712], 'train_mae': [2.124636, 1.977636, 1.846546, 1.764248, 1.714964, 1.654014, 1.610094, 1.566038, 1.564426, 1.51912, 1.50129, 1.450502, 1.436242, 1.421154], 'val_loss': [1.581907022781372, 1.4659620007133485, 1.397968971118927, 1.362237006483078, 1.3334917975711822, 1.308609445581436, 1.2942181847000123, 1.2764691764640808, 1.270828029241562, 1.256761716003418, 1.2573319656276702, 1.2385904419994354, 1.2348175770568848, 1.2290305646800994], 'val_accuracy': [0.42511, 0.46653, 0.4953, 0.50873, 0.52016, 0.52801, 0.53706, 0.54428, 0.54592, 0.55282, 0.55722, 0.5613, 0.564, 0.56619], 'val_f1': [0.4163341036868833, 0.45982578331866086, 0.4897279004910047, 0.5041463950813796, 0.513998433090409, 0.5238294900375633, 0.5335393111655637, 0.539798359101687, 0.542240684856946, 0.5480483972452169, 0.5536922643573745, 0.5586514432635525, 0.5605300131614568, 0.5622337470643223], 'val_mae': [2.12377, 1.9904, 1.86598, 1.80026, 1.7821, 1.73838, 1.6937, 1.66587, 1.67281, 1.63045, 1.60895, 1.5797, 1.57352, 1.57116], 'jsd': [(0, 0, 0, 0, 0, 0, 0, 0, 0, 0), (0, 0, 0, 0, 0, 0, 0, 0, 0, 0), (0, 0, 0, 0, 0, 0, 0, 0, 0, 0), (0, 0, 0, 0, 0, 0, 0, 0, 0, 0), (0, 0, 0, 0, 0, 0, 0, 0, 0, 0), (0, 0, 0, 0, 0, 0, 0, 0, 0, 0), (0, 0, 0, 0, 0, 0, 0, 0, 0, 0), (0, 0, 0, 0, 0, 0, 0, 0, 0, 0), (0, 0, 0, 0, 0, 0, 0, 0, 0, 0), (0, 0, 0, 0, 0, 0, 0, 0, 0, 0), (0, 0, 0, 0, 0, 0, 0, 0, 0, 0), (0, 0, 0, 0, 0, 0, 0, 0, 0, 0), (0, 0, 0, 0, 0, 0, 0, 0, 0, 0), (0, 0, 0, 0, 0, 0, 0, 0, 0, 0)]}}
AdaptationManager: Configuring next round...
{'client_registry': {'enabled': True, 'params': {}}, 'client_selector': {'enabled': False, 'params': {}}, 'client_cluster': {'enabled': False, 'params': {}}, 'message_compressor': {'enabled': True, 'params': {}}, 'model_co-versioning_registry': {'enabled': False, 'params': {}}, 'multi-task_model_trainer': {'enabled': False, 'params': {}}, 'heterogeneous_data_handler': {'enabled': False, 'params': {}}}
{'client_selector': {'enabled': False}, 'client_cluster': {'enabled': False}, 'message_compressor': {'enabled': False}, 'model_co-versioning_registry': {'enabled': False}, 'multi-task_model_trainer': {'enabled': False}, 'heterogeneous_data_handler': {'enabled': False}, 'client_registry': {'enabled': True, 'params': {}}}
time=82.21761703491211, message_compressor activated ✅
Local parameters compressed: reduced 4628 bytes (7.23%)
Local parameters compressed: reduced 4630 bytes (7.23%)
Local parameters compressed: reduced 4625 bytes (7.23%)
Local parameters compressed: reduced 4577 bytes (7.15%)
Local parameters compressed: reduced 4651 bytes (7.27%)
Local parameters compressed: reduced 4600 bytes (7.19%)
Local parameters compressed: reduced 4636 bytes (7.24%)
Local parameters compressed: reduced 4625 bytes (7.23%)
Local parameters compressed: reduced 4619 bytes (7.22%)
Local parameters compressed: reduced 4625 bytes (7.23%)
Results Aggregated in 68.18 seconds.
{'CNN 16k': {'train_loss': [1.5817068724136352, 1.458372112312317, 1.3780563724594117, 1.3294230558052063, 1.2907102844543457, 1.25443798837471, 1.2292180805091857, 1.200166755935669, 1.188106380809784, 1.1634790226039886, 1.1588267999420165, 1.1293972492218018, 1.1159398811206818, 1.1048379559841155, 1.0822841884498595], 'train_accuracy': [0.423348, 0.467006, 0.498572, 0.518878, 0.536154, 0.550188, 0.559562, 0.571498, 0.575402, 0.58494, 0.587902, 0.598542, 0.603182, 0.607164, 0.616776], 'train_f1': [0.4151169793598533, 0.46047613262559184, 0.49344546513710785, 0.5140062941184015, 0.5302183693740803, 0.5461982438463465, 0.5560674966078768, 0.567062467228084, 0.5715583824023762, 0.5802046846207751, 0.5843632586901676, 0.5958353510196155, 0.5998743483346316, 0.6032592884355712, 0.6136750786941836], 'train_mae': [2.124636, 1.977636, 1.846546, 1.764248, 1.714964, 1.654014, 1.610094, 1.566038, 1.564426, 1.51912, 1.50129, 1.450502, 1.436242, 1.421154, 1.37953], 'val_loss': [1.581907022781372, 1.4659620007133485, 1.397968971118927, 1.362237006483078, 1.3334917975711822, 1.308609445581436, 1.2942181847000123, 1.2764691764640808, 1.270828029241562, 1.256761716003418, 1.2573319656276702, 1.2385904419994354, 1.2348175770568848, 1.2290305646800994, 1.217818523826599], 'val_accuracy': [0.42511, 0.46653, 0.4953, 0.50873, 0.52016, 0.52801, 0.53706, 0.54428, 0.54592, 0.55282, 0.55722, 0.5613, 0.564, 0.56619, 0.57153], 'val_f1': [0.4163341036868833, 0.45982578331866086, 0.4897279004910047, 0.5041463950813796, 0.513998433090409, 0.5238294900375633, 0.5335393111655637, 0.539798359101687, 0.542240684856946, 0.5480483972452169, 0.5536922643573745, 0.5586514432635525, 0.5605300131614568, 0.5622337470643223, 0.5682999605250045], 'val_mae': [2.12377, 1.9904, 1.86598, 1.80026, 1.7821, 1.73838, 1.6937, 1.66587, 1.67281, 1.63045, 1.60895, 1.5797, 1.57352, 1.57116, 1.55063], 'jsd': [(0, 0, 0, 0, 0, 0, 0, 0, 0, 0), (0, 0, 0, 0, 0, 0, 0, 0, 0, 0), (0, 0, 0, 0, 0, 0, 0, 0, 0, 0), (0, 0, 0, 0, 0, 0, 0, 0, 0, 0), (0, 0, 0, 0, 0, 0, 0, 0, 0, 0), (0, 0, 0, 0, 0, 0, 0, 0, 0, 0), (0, 0, 0, 0, 0, 0, 0, 0, 0, 0), (0, 0, 0, 0, 0, 0, 0, 0, 0, 0), (0, 0, 0, 0, 0, 0, 0, 0, 0, 0), (0, 0, 0, 0, 0, 0, 0, 0, 0, 0), (0, 0, 0, 0, 0, 0, 0, 0, 0, 0), (0, 0, 0, 0, 0, 0, 0, 0, 0, 0), (0, 0, 0, 0, 0, 0, 0, 0, 0, 0), (0, 0, 0, 0, 0, 0, 0, 0, 0, 0), (0, 0, 0, 0, 0, 0, 0, 0, 0, 0)]}}
AdaptationManager: Configuring next round...
{'client_registry': {'enabled': True, 'params': {}}, 'client_selector': {'enabled': False, 'params': {}}, 'client_cluster': {'enabled': False, 'params': {}}, 'message_compressor': {'enabled': True, 'params': {}}, 'model_co-versioning_registry': {'enabled': False, 'params': {}}, 'multi-task_model_trainer': {'enabled': False, 'params': {}}, 'heterogeneous_data_handler': {'enabled': False, 'params': {}}}
{'client_selector': {'enabled': False}, 'client_cluster': {'enabled': False}, 'message_compressor': {'enabled': True}, 'model_co-versioning_registry': {'enabled': False}, 'multi-task_model_trainer': {'enabled': False}, 'heterogeneous_data_handler': {'enabled': False}, 'client_registry': {'enabled': True, 'params': {}}}
time=68.18434405326843, message_compressor de-activated ❌
Results Aggregated in 86.52 seconds.
{'CNN 16k': {'train_loss': [1.5817068724136352, 1.458372112312317, 1.3780563724594117, 1.3294230558052063, 1.2907102844543457, 1.25443798837471, 1.2292180805091857, 1.200166755935669, 1.188106380809784, 1.1634790226039886, 1.1588267999420165, 1.1293972492218018, 1.1159398811206818, 1.1048379559841155, 1.0822841884498595, 1.0789154941921235], 'train_accuracy': [0.423348, 0.467006, 0.498572, 0.518878, 0.536154, 0.550188, 0.559562, 0.571498, 0.575402, 0.58494, 0.587902, 0.598542, 0.603182, 0.607164, 0.616776, 0.617188], 'train_f1': [0.4151169793598533, 0.46047613262559184, 0.49344546513710785, 0.5140062941184015, 0.5302183693740803, 0.5461982438463465, 0.5560674966078768, 0.567062467228084, 0.5715583824023762, 0.5802046846207751, 0.5843632586901676, 0.5958353510196155, 0.5998743483346316, 0.6032592884355712, 0.6136750786941836, 0.6144550971119346], 'train_mae': [2.124636, 1.977636, 1.846546, 1.764248, 1.714964, 1.654014, 1.610094, 1.566038, 1.564426, 1.51912, 1.50129, 1.450502, 1.436242, 1.421154, 1.37953, 1.381036], 'val_loss': [1.581907022781372, 1.4659620007133485, 1.397968971118927, 1.362237006483078, 1.3334917975711822, 1.308609445581436, 1.2942181847000123, 1.2764691764640808, 1.270828029241562, 1.256761716003418, 1.2573319656276702, 1.2385904419994354, 1.2348175770568848, 1.2290305646800994, 1.217818523826599, 1.2200142804813385], 'val_accuracy': [0.42511, 0.46653, 0.4953, 0.50873, 0.52016, 0.52801, 0.53706, 0.54428, 0.54592, 0.55282, 0.55722, 0.5613, 0.564, 0.56619, 0.57153, 0.57171], 'val_f1': [0.4163341036868833, 0.45982578331866086, 0.4897279004910047, 0.5041463950813796, 0.513998433090409, 0.5238294900375633, 0.5335393111655637, 0.539798359101687, 0.542240684856946, 0.5480483972452169, 0.5536922643573745, 0.5586514432635525, 0.5605300131614568, 0.5622337470643223, 0.5682999605250045, 0.569054926163937], 'val_mae': [2.12377, 1.9904, 1.86598, 1.80026, 1.7821, 1.73838, 1.6937, 1.66587, 1.67281, 1.63045, 1.60895, 1.5797, 1.57352, 1.57116, 1.55063, 1.54882], 'jsd': [(0, 0, 0, 0, 0, 0, 0, 0, 0, 0), (0, 0, 0, 0, 0, 0, 0, 0, 0, 0), (0, 0, 0, 0, 0, 0, 0, 0, 0, 0), (0, 0, 0, 0, 0, 0, 0, 0, 0, 0), (0, 0, 0, 0, 0, 0, 0, 0, 0, 0), (0, 0, 0, 0, 0, 0, 0, 0, 0, 0), (0, 0, 0, 0, 0, 0, 0, 0, 0, 0), (0, 0, 0, 0, 0, 0, 0, 0, 0, 0), (0, 0, 0, 0, 0, 0, 0, 0, 0, 0), (0, 0, 0, 0, 0, 0, 0, 0, 0, 0), (0, 0, 0, 0, 0, 0, 0, 0, 0, 0), (0, 0, 0, 0, 0, 0, 0, 0, 0, 0), (0, 0, 0, 0, 0, 0, 0, 0, 0, 0), (0, 0, 0, 0, 0, 0, 0, 0, 0, 0), (0, 0, 0, 0, 0, 0, 0, 0, 0, 0), (0, 0, 0, 0, 0, 0, 0, 0, 0, 0)]}}
AdaptationManager: Configuring next round...
{'client_registry': {'enabled': True, 'params': {}}, 'client_selector': {'enabled': False, 'params': {}}, 'client_cluster': {'enabled': False, 'params': {}}, 'message_compressor': {'enabled': True, 'params': {}}, 'model_co-versioning_registry': {'enabled': False, 'params': {}}, 'multi-task_model_trainer': {'enabled': False, 'params': {}}, 'heterogeneous_data_handler': {'enabled': False, 'params': {}}}
{'client_selector': {'enabled': False}, 'client_cluster': {'enabled': False}, 'message_compressor': {'enabled': False}, 'model_co-versioning_registry': {'enabled': False}, 'multi-task_model_trainer': {'enabled': False}, 'heterogeneous_data_handler': {'enabled': False}, 'client_registry': {'enabled': True, 'params': {}}}
time=86.52063918113708, message_compressor activated ✅
Local parameters compressed: reduced 4600 bytes (7.19%)
Local parameters compressed: reduced 4621 bytes (7.22%)
Local parameters compressed: reduced 4647 bytes (7.26%)
Local parameters compressed: reduced 4625 bytes (7.23%)
Local parameters compressed: reduced 4642 bytes (7.25%)
Local parameters compressed: reduced 4584 bytes (7.16%)
Local parameters compressed: reduced 4591 bytes (7.17%)
Local parameters compressed: reduced 4621 bytes (7.22%)
Local parameters compressed: reduced 4638 bytes (7.25%)
Local parameters compressed: reduced 4563 bytes (7.13%)
Results Aggregated in 67.56 seconds.
{'CNN 16k': {'train_loss': [1.5817068724136352, 1.458372112312317, 1.3780563724594117, 1.3294230558052063, 1.2907102844543457, 1.25443798837471, 1.2292180805091857, 1.200166755935669, 1.188106380809784, 1.1634790226039886, 1.1588267999420165, 1.1293972492218018, 1.1159398811206818, 1.1048379559841155, 1.0822841884498595, 1.0789154941921235, 1.0658632796287537], 'train_accuracy': [0.423348, 0.467006, 0.498572, 0.518878, 0.536154, 0.550188, 0.559562, 0.571498, 0.575402, 0.58494, 0.587902, 0.598542, 0.603182, 0.607164, 0.616776, 0.617188, 0.622016], 'train_f1': [0.4151169793598533, 0.46047613262559184, 0.49344546513710785, 0.5140062941184015, 0.5302183693740803, 0.5461982438463465, 0.5560674966078768, 0.567062467228084, 0.5715583824023762, 0.5802046846207751, 0.5843632586901676, 0.5958353510196155, 0.5998743483346316, 0.6032592884355712, 0.6136750786941836, 0.6144550971119346, 0.6187667281473281], 'train_mae': [2.124636, 1.977636, 1.846546, 1.764248, 1.714964, 1.654014, 1.610094, 1.566038, 1.564426, 1.51912, 1.50129, 1.450502, 1.436242, 1.421154, 1.37953, 1.381036, 1.34601], 'val_loss': [1.581907022781372, 1.4659620007133485, 1.397968971118927, 1.362237006483078, 1.3334917975711822, 1.308609445581436, 1.2942181847000123, 1.2764691764640808, 1.270828029241562, 1.256761716003418, 1.2573319656276702, 1.2385904419994354, 1.2348175770568848, 1.2290305646800994, 1.217818523826599, 1.2200142804813385, 1.218218197288513], 'val_accuracy': [0.42511, 0.46653, 0.4953, 0.50873, 0.52016, 0.52801, 0.53706, 0.54428, 0.54592, 0.55282, 0.55722, 0.5613, 0.564, 0.56619, 0.57153, 0.57171, 0.57193], 'val_f1': [0.4163341036868833, 0.45982578331866086, 0.4897279004910047, 0.5041463950813796, 0.513998433090409, 0.5238294900375633, 0.5335393111655637, 0.539798359101687, 0.542240684856946, 0.5480483972452169, 0.5536922643573745, 0.5586514432635525, 0.5605300131614568, 0.5622337470643223, 0.5682999605250045, 0.569054926163937, 0.5686993713897248], 'val_mae': [2.12377, 1.9904, 1.86598, 1.80026, 1.7821, 1.73838, 1.6937, 1.66587, 1.67281, 1.63045, 1.60895, 1.5797, 1.57352, 1.57116, 1.55063, 1.54882, 1.53096], 'jsd': [(0, 0, 0, 0, 0, 0, 0, 0, 0, 0), (0, 0, 0, 0, 0, 0, 0, 0, 0, 0), (0, 0, 0, 0, 0, 0, 0, 0, 0, 0), (0, 0, 0, 0, 0, 0, 0, 0, 0, 0), (0, 0, 0, 0, 0, 0, 0, 0, 0, 0), (0, 0, 0, 0, 0, 0, 0, 0, 0, 0), (0, 0, 0, 0, 0, 0, 0, 0, 0, 0), (0, 0, 0, 0, 0, 0, 0, 0, 0, 0), (0, 0, 0, 0, 0, 0, 0, 0, 0, 0), (0, 0, 0, 0, 0, 0, 0, 0, 0, 0), (0, 0, 0, 0, 0, 0, 0, 0, 0, 0), (0, 0, 0, 0, 0, 0, 0, 0, 0, 0), (0, 0, 0, 0, 0, 0, 0, 0, 0, 0), (0, 0, 0, 0, 0, 0, 0, 0, 0, 0), (0, 0, 0, 0, 0, 0, 0, 0, 0, 0), (0, 0, 0, 0, 0, 0, 0, 0, 0, 0), (0, 0, 0, 0, 0, 0, 0, 0, 0, 0)]}}
AdaptationManager: Configuring next round...
{'client_registry': {'enabled': True, 'params': {}}, 'client_selector': {'enabled': False, 'params': {}}, 'client_cluster': {'enabled': False, 'params': {}}, 'message_compressor': {'enabled': True, 'params': {}}, 'model_co-versioning_registry': {'enabled': False, 'params': {}}, 'multi-task_model_trainer': {'enabled': False, 'params': {}}, 'heterogeneous_data_handler': {'enabled': False, 'params': {}}}
{'client_selector': {'enabled': False}, 'client_cluster': {'enabled': False}, 'message_compressor': {'enabled': True}, 'model_co-versioning_registry': {'enabled': False}, 'multi-task_model_trainer': {'enabled': False}, 'heterogeneous_data_handler': {'enabled': False}, 'client_registry': {'enabled': True, 'params': {}}}
time=67.55956172943115, message_compressor de-activated ❌
Results Aggregated in 84.94 seconds.
{'CNN 16k': {'train_loss': [1.5817068724136352, 1.458372112312317, 1.3780563724594117, 1.3294230558052063, 1.2907102844543457, 1.25443798837471, 1.2292180805091857, 1.200166755935669, 1.188106380809784, 1.1634790226039886, 1.1588267999420165, 1.1293972492218018, 1.1159398811206818, 1.1048379559841155, 1.0822841884498595, 1.0789154941921235, 1.0658632796287537, 1.0550118371047974], 'train_accuracy': [0.423348, 0.467006, 0.498572, 0.518878, 0.536154, 0.550188, 0.559562, 0.571498, 0.575402, 0.58494, 0.587902, 0.598542, 0.603182, 0.607164, 0.616776, 0.617188, 0.622016, 0.62642], 'train_f1': [0.4151169793598533, 0.46047613262559184, 0.49344546513710785, 0.5140062941184015, 0.5302183693740803, 0.5461982438463465, 0.5560674966078768, 0.567062467228084, 0.5715583824023762, 0.5802046846207751, 0.5843632586901676, 0.5958353510196155, 0.5998743483346316, 0.6032592884355712, 0.6136750786941836, 0.6144550971119346, 0.6187667281473281, 0.6239836828822983], 'train_mae': [2.124636, 1.977636, 1.846546, 1.764248, 1.714964, 1.654014, 1.610094, 1.566038, 1.564426, 1.51912, 1.50129, 1.450502, 1.436242, 1.421154, 1.37953, 1.381036, 1.34601, 1.326878], 'val_loss': [1.581907022781372, 1.4659620007133485, 1.397968971118927, 1.362237006483078, 1.3334917975711822, 1.308609445581436, 1.2942181847000123, 1.2764691764640808, 1.270828029241562, 1.256761716003418, 1.2573319656276702, 1.2385904419994354, 1.2348175770568848, 1.2290305646800994, 1.217818523826599, 1.2200142804813385, 1.218218197288513, 1.213020211200714], 'val_accuracy': [0.42511, 0.46653, 0.4953, 0.50873, 0.52016, 0.52801, 0.53706, 0.54428, 0.54592, 0.55282, 0.55722, 0.5613, 0.564, 0.56619, 0.57153, 0.57171, 0.57193, 0.57343], 'val_f1': [0.4163341036868833, 0.45982578331866086, 0.4897279004910047, 0.5041463950813796, 0.513998433090409, 0.5238294900375633, 0.5335393111655637, 0.539798359101687, 0.542240684856946, 0.5480483972452169, 0.5536922643573745, 0.5586514432635525, 0.5605300131614568, 0.5622337470643223, 0.5682999605250045, 0.569054926163937, 0.5686993713897248, 0.5710734376073149], 'val_mae': [2.12377, 1.9904, 1.86598, 1.80026, 1.7821, 1.73838, 1.6937, 1.66587, 1.67281, 1.63045, 1.60895, 1.5797, 1.57352, 1.57116, 1.55063, 1.54882, 1.53096, 1.52246], 'jsd': [(0, 0, 0, 0, 0, 0, 0, 0, 0, 0), (0, 0, 0, 0, 0, 0, 0, 0, 0, 0), (0, 0, 0, 0, 0, 0, 0, 0, 0, 0), (0, 0, 0, 0, 0, 0, 0, 0, 0, 0), (0, 0, 0, 0, 0, 0, 0, 0, 0, 0), (0, 0, 0, 0, 0, 0, 0, 0, 0, 0), (0, 0, 0, 0, 0, 0, 0, 0, 0, 0), (0, 0, 0, 0, 0, 0, 0, 0, 0, 0), (0, 0, 0, 0, 0, 0, 0, 0, 0, 0), (0, 0, 0, 0, 0, 0, 0, 0, 0, 0), (0, 0, 0, 0, 0, 0, 0, 0, 0, 0), (0, 0, 0, 0, 0, 0, 0, 0, 0, 0), (0, 0, 0, 0, 0, 0, 0, 0, 0, 0), (0, 0, 0, 0, 0, 0, 0, 0, 0, 0), (0, 0, 0, 0, 0, 0, 0, 0, 0, 0), (0, 0, 0, 0, 0, 0, 0, 0, 0, 0), (0, 0, 0, 0, 0, 0, 0, 0, 0, 0), (0, 0, 0, 0, 0, 0, 0, 0, 0, 0)]}}
AdaptationManager: Configuring next round...
{'client_registry': {'enabled': True, 'params': {}}, 'client_selector': {'enabled': False, 'params': {}}, 'client_cluster': {'enabled': False, 'params': {}}, 'message_compressor': {'enabled': True, 'params': {}}, 'model_co-versioning_registry': {'enabled': False, 'params': {}}, 'multi-task_model_trainer': {'enabled': False, 'params': {}}, 'heterogeneous_data_handler': {'enabled': False, 'params': {}}}
{'client_selector': {'enabled': False}, 'client_cluster': {'enabled': False}, 'message_compressor': {'enabled': False}, 'model_co-versioning_registry': {'enabled': False}, 'multi-task_model_trainer': {'enabled': False}, 'heterogeneous_data_handler': {'enabled': False}, 'client_registry': {'enabled': True, 'params': {}}}
time=84.93875002861023, message_compressor activated ✅
Local parameters compressed: reduced 4581 bytes (7.16%)
Local parameters compressed: reduced 4589 bytes (7.17%)
Local parameters compressed: reduced 4585 bytes (7.16%)
Local parameters compressed: reduced 4600 bytes (7.19%)
Local parameters compressed: reduced 4621 bytes (7.22%)
Local parameters compressed: reduced 4653 bytes (7.27%)
Local parameters compressed: reduced 4598 bytes (7.18%)
Local parameters compressed: reduced 4602 bytes (7.19%)
Local parameters compressed: reduced 4594 bytes (7.18%)
Local parameters compressed: reduced 4629 bytes (7.23%)
Results Aggregated in 68.32 seconds.
{'CNN 16k': {'train_loss': [1.5817068724136352, 1.458372112312317, 1.3780563724594117, 1.3294230558052063, 1.2907102844543457, 1.25443798837471, 1.2292180805091857, 1.200166755935669, 1.188106380809784, 1.1634790226039886, 1.1588267999420165, 1.1293972492218018, 1.1159398811206818, 1.1048379559841155, 1.0822841884498595, 1.0789154941921235, 1.0658632796287537, 1.0550118371047974, 1.045107725320816], 'train_accuracy': [0.423348, 0.467006, 0.498572, 0.518878, 0.536154, 0.550188, 0.559562, 0.571498, 0.575402, 0.58494, 0.587902, 0.598542, 0.603182, 0.607164, 0.616776, 0.617188, 0.622016, 0.62642, 0.630392], 'train_f1': [0.4151169793598533, 0.46047613262559184, 0.49344546513710785, 0.5140062941184015, 0.5302183693740803, 0.5461982438463465, 0.5560674966078768, 0.567062467228084, 0.5715583824023762, 0.5802046846207751, 0.5843632586901676, 0.5958353510196155, 0.5998743483346316, 0.6032592884355712, 0.6136750786941836, 0.6144550971119346, 0.6187667281473281, 0.6239836828822983, 0.6279578119908071], 'train_mae': [2.124636, 1.977636, 1.846546, 1.764248, 1.714964, 1.654014, 1.610094, 1.566038, 1.564426, 1.51912, 1.50129, 1.450502, 1.436242, 1.421154, 1.37953, 1.381036, 1.34601, 1.326878, 1.323396], 'val_loss': [1.581907022781372, 1.4659620007133485, 1.397968971118927, 1.362237006483078, 1.3334917975711822, 1.308609445581436, 1.2942181847000123, 1.2764691764640808, 1.270828029241562, 1.256761716003418, 1.2573319656276702, 1.2385904419994354, 1.2348175770568848, 1.2290305646800994, 1.217818523826599, 1.2200142804813385, 1.218218197288513, 1.213020211200714, 1.2132851145362853], 'val_accuracy': [0.42511, 0.46653, 0.4953, 0.50873, 0.52016, 0.52801, 0.53706, 0.54428, 0.54592, 0.55282, 0.55722, 0.5613, 0.564, 0.56619, 0.57153, 0.57171, 0.57193, 0.57343, 0.57539], 'val_f1': [0.4163341036868833, 0.45982578331866086, 0.4897279004910047, 0.5041463950813796, 0.513998433090409, 0.5238294900375633, 0.5335393111655637, 0.539798359101687, 0.542240684856946, 0.5480483972452169, 0.5536922643573745, 0.5586514432635525, 0.5605300131614568, 0.5622337470643223, 0.5682999605250045, 0.569054926163937, 0.5686993713897248, 0.5710734376073149, 0.5730476692060654], 'val_mae': [2.12377, 1.9904, 1.86598, 1.80026, 1.7821, 1.73838, 1.6937, 1.66587, 1.67281, 1.63045, 1.60895, 1.5797, 1.57352, 1.57116, 1.55063, 1.54882, 1.53096, 1.52246, 1.52712], 'jsd': [(0, 0, 0, 0, 0, 0, 0, 0, 0, 0), (0, 0, 0, 0, 0, 0, 0, 0, 0, 0), (0, 0, 0, 0, 0, 0, 0, 0, 0, 0), (0, 0, 0, 0, 0, 0, 0, 0, 0, 0), (0, 0, 0, 0, 0, 0, 0, 0, 0, 0), (0, 0, 0, 0, 0, 0, 0, 0, 0, 0), (0, 0, 0, 0, 0, 0, 0, 0, 0, 0), (0, 0, 0, 0, 0, 0, 0, 0, 0, 0), (0, 0, 0, 0, 0, 0, 0, 0, 0, 0), (0, 0, 0, 0, 0, 0, 0, 0, 0, 0), (0, 0, 0, 0, 0, 0, 0, 0, 0, 0), (0, 0, 0, 0, 0, 0, 0, 0, 0, 0), (0, 0, 0, 0, 0, 0, 0, 0, 0, 0), (0, 0, 0, 0, 0, 0, 0, 0, 0, 0), (0, 0, 0, 0, 0, 0, 0, 0, 0, 0), (0, 0, 0, 0, 0, 0, 0, 0, 0, 0), (0, 0, 0, 0, 0, 0, 0, 0, 0, 0), (0, 0, 0, 0, 0, 0, 0, 0, 0, 0), (0, 0, 0, 0, 0, 0, 0, 0, 0, 0)]}}
AdaptationManager: Configuring next round...
{'client_registry': {'enabled': True, 'params': {}}, 'client_selector': {'enabled': False, 'params': {}}, 'client_cluster': {'enabled': False, 'params': {}}, 'message_compressor': {'enabled': True, 'params': {}}, 'model_co-versioning_registry': {'enabled': False, 'params': {}}, 'multi-task_model_trainer': {'enabled': False, 'params': {}}, 'heterogeneous_data_handler': {'enabled': False, 'params': {}}}
{'client_selector': {'enabled': False}, 'client_cluster': {'enabled': False}, 'message_compressor': {'enabled': True}, 'model_co-versioning_registry': {'enabled': False}, 'multi-task_model_trainer': {'enabled': False}, 'heterogeneous_data_handler': {'enabled': False}, 'client_registry': {'enabled': True, 'params': {}}}
time=68.32289862632751, message_compressor de-activated ❌
Results Aggregated in 84.20 seconds.
{'CNN 16k': {'train_loss': [1.5817068724136352, 1.458372112312317, 1.3780563724594117, 1.3294230558052063, 1.2907102844543457, 1.25443798837471, 1.2292180805091857, 1.200166755935669, 1.188106380809784, 1.1634790226039886, 1.1588267999420165, 1.1293972492218018, 1.1159398811206818, 1.1048379559841155, 1.0822841884498595, 1.0789154941921235, 1.0658632796287537, 1.0550118371047974, 1.045107725320816, 1.0415083672161103], 'train_accuracy': [0.423348, 0.467006, 0.498572, 0.518878, 0.536154, 0.550188, 0.559562, 0.571498, 0.575402, 0.58494, 0.587902, 0.598542, 0.603182, 0.607164, 0.616776, 0.617188, 0.622016, 0.62642, 0.630392, 0.631548], 'train_f1': [0.4151169793598533, 0.46047613262559184, 0.49344546513710785, 0.5140062941184015, 0.5302183693740803, 0.5461982438463465, 0.5560674966078768, 0.567062467228084, 0.5715583824023762, 0.5802046846207751, 0.5843632586901676, 0.5958353510196155, 0.5998743483346316, 0.6032592884355712, 0.6136750786941836, 0.6144550971119346, 0.6187667281473281, 0.6239836828822983, 0.6279578119908071, 0.6276006905184058], 'train_mae': [2.124636, 1.977636, 1.846546, 1.764248, 1.714964, 1.654014, 1.610094, 1.566038, 1.564426, 1.51912, 1.50129, 1.450502, 1.436242, 1.421154, 1.37953, 1.381036, 1.34601, 1.326878, 1.323396, 1.325964], 'val_loss': [1.581907022781372, 1.4659620007133485, 1.397968971118927, 1.362237006483078, 1.3334917975711822, 1.308609445581436, 1.2942181847000123, 1.2764691764640808, 1.270828029241562, 1.256761716003418, 1.2573319656276702, 1.2385904419994354, 1.2348175770568848, 1.2290305646800994, 1.217818523826599, 1.2200142804813385, 1.218218197288513, 1.213020211200714, 1.2132851145362853, 1.2140366417789459], 'val_accuracy': [0.42511, 0.46653, 0.4953, 0.50873, 0.52016, 0.52801, 0.53706, 0.54428, 0.54592, 0.55282, 0.55722, 0.5613, 0.564, 0.56619, 0.57153, 0.57171, 0.57193, 0.57343, 0.57539, 0.57533], 'val_f1': [0.4163341036868833, 0.45982578331866086, 0.4897279004910047, 0.5041463950813796, 0.513998433090409, 0.5238294900375633, 0.5335393111655637, 0.539798359101687, 0.542240684856946, 0.5480483972452169, 0.5536922643573745, 0.5586514432635525, 0.5605300131614568, 0.5622337470643223, 0.5682999605250045, 0.569054926163937, 0.5686993713897248, 0.5710734376073149, 0.5730476692060654, 0.5712960978844212], 'val_mae': [2.12377, 1.9904, 1.86598, 1.80026, 1.7821, 1.73838, 1.6937, 1.66587, 1.67281, 1.63045, 1.60895, 1.5797, 1.57352, 1.57116, 1.55063, 1.54882, 1.53096, 1.52246, 1.52712, 1.53509], 'jsd': [(0, 0, 0, 0, 0, 0, 0, 0, 0, 0), (0, 0, 0, 0, 0, 0, 0, 0, 0, 0), (0, 0, 0, 0, 0, 0, 0, 0, 0, 0), (0, 0, 0, 0, 0, 0, 0, 0, 0, 0), (0, 0, 0, 0, 0, 0, 0, 0, 0, 0), (0, 0, 0, 0, 0, 0, 0, 0, 0, 0), (0, 0, 0, 0, 0, 0, 0, 0, 0, 0), (0, 0, 0, 0, 0, 0, 0, 0, 0, 0), (0, 0, 0, 0, 0, 0, 0, 0, 0, 0), (0, 0, 0, 0, 0, 0, 0, 0, 0, 0), (0, 0, 0, 0, 0, 0, 0, 0, 0, 0), (0, 0, 0, 0, 0, 0, 0, 0, 0, 0), (0, 0, 0, 0, 0, 0, 0, 0, 0, 0), (0, 0, 0, 0, 0, 0, 0, 0, 0, 0), (0, 0, 0, 0, 0, 0, 0, 0, 0, 0), (0, 0, 0, 0, 0, 0, 0, 0, 0, 0), (0, 0, 0, 0, 0, 0, 0, 0, 0, 0), (0, 0, 0, 0, 0, 0, 0, 0, 0, 0), (0, 0, 0, 0, 0, 0, 0, 0, 0, 0), (0, 0, 0, 0, 0, 0, 0, 0, 0, 0)]}}
AdaptationManager: Configuring next round...
{'client_registry': {'enabled': True, 'params': {}}, 'client_selector': {'enabled': False, 'params': {}}, 'client_cluster': {'enabled': False, 'params': {}}, 'message_compressor': {'enabled': True, 'params': {}}, 'model_co-versioning_registry': {'enabled': False, 'params': {}}, 'multi-task_model_trainer': {'enabled': False, 'params': {}}, 'heterogeneous_data_handler': {'enabled': False, 'params': {}}}
{'client_selector': {'enabled': False}, 'client_cluster': {'enabled': False}, 'message_compressor': {'enabled': False}, 'model_co-versioning_registry': {'enabled': False}, 'multi-task_model_trainer': {'enabled': False}, 'heterogeneous_data_handler': {'enabled': False}, 'client_registry': {'enabled': True, 'params': {}}}
time=84.19785070419312, message_compressor activated ✅
