==========================================
  ___  ______  ___ ______       _ 
 / _ \ | ___ \/   ||  ___|     | |
/ /_\ \| |_/ / /| || |_ ___  __| |
|  _  ||  __/ /_| ||  _/ _ \/ _` |
| | | || |  \___  || ||  __/ (_| |
\_| |_/\_|      |_/\_| \___|\__,_| v.1.5.0

==========================================
Simulation Started!
List of the Architectural Patterns enabled:
Client Registry ✅
==========================================
client Client 23 injecting delay of 4 seconds
client Client 28 injecting delay of 1 seconds
client Client 24 injecting delay of 5 seconds
client Client 27 injecting delay of 2 seconds
client Client 25 injecting delay of 3 seconds
client Client 26 injecting delay of 10 seconds
Results Aggregated in 39.11 seconds.
{'TextMLP': {'train_loss': [0.6042531619257397], 'train_accuracy': [0.7798305555555556], 'train_f1': [0.779061543293289], 'train_mae': [0.3511388888888889], 'val_loss': [0.6145875278062988], 'val_accuracy': [0.7745833333333333], 'val_f1': [0.7736549620100672], 'val_mae': [0.35482456140350876], 'jsd': [(0, 0, 0, 0, 0, 0)]}}
client Client 25 injecting delay of 4 seconds
client Client 23 injecting delay of 5 seconds
client Client 26 injecting delay of 4 seconds
client Client 28 injecting delay of 7 seconds
client Client 27 injecting delay of 8 seconds
client Client 24 injecting delay of 10 seconds
Results Aggregated in 20.78 seconds.
{'TextMLP': {'train_loss': [0.6042531619257397, 0.5203527527504497], 'train_accuracy': [0.7798305555555556, 0.8104416666666666], 'train_f1': [0.779061543293289, 0.8098958734050996], 'train_mae': [0.3511388888888889, 0.2988472222222222], 'val_loss': [0.6145875278062988, 0.5359098082153421], 'val_accuracy': [0.7745833333333333, 0.8028508771929825], 'val_f1': [0.7736549620100672, 0.8023242131161917], 'val_mae': [0.35482456140350876, 0.3090570175438596], 'jsd': [(0, 0, 0, 0, 0, 0), (0, 0, 0, 0, 0, 0)]}}
client Client 27 injecting delay of 0 seconds
client Client 23 injecting delay of 7 seconds
client Client 25 injecting delay of 0 seconds
client Client 28 injecting delay of 10 seconds
client Client 24 injecting delay of 3 seconds
client Client 26 injecting delay of 10 seconds
Results Aggregated in 20.57 seconds.
{'TextMLP': {'train_loss': [0.6042531619257397, 0.5203527527504497, 0.48455694648954606], 'train_accuracy': [0.7798305555555556, 0.8104416666666666, 0.8238263888888889], 'train_f1': [0.779061543293289, 0.8098958734050996, 0.8234404603408226], 'train_mae': [0.3511388888888889, 0.2988472222222222, 0.28192083333333334], 'val_loss': [0.6145875278062988, 0.5359098082153421, 0.5027543497085571], 'val_accuracy': [0.7745833333333333, 0.8028508771929825, 0.8141447368421053], 'val_f1': [0.7736549620100672, 0.8023242131161917, 0.8136600593599682], 'val_mae': [0.35482456140350876, 0.3090570175438596, 0.29611842105263153], 'jsd': [(0, 0, 0, 0, 0, 0), (0, 0, 0, 0, 0, 0), (0, 0, 0, 0, 0, 0)]}}
client Client 23 injecting delay of 7 seconds
client Client 26 injecting delay of 7 seconds
client Client 25 injecting delay of 9 seconds
client Client 28 injecting delay of 4 seconds
client Client 27 injecting delay of 1 seconds
client Client 24 injecting delay of 6 seconds
Results Aggregated in 19.19 seconds.
{'TextMLP': {'train_loss': [0.6042531619257397, 0.5203527527504497, 0.48455694648954606, 0.4638950658109453], 'train_accuracy': [0.7798305555555556, 0.8104416666666666, 0.8238263888888889, 0.8313902777777777], 'train_f1': [0.779061543293289, 0.8098958734050996, 0.8234404603408226, 0.8310199412592804], 'train_mae': [0.3511388888888889, 0.2988472222222222, 0.28192083333333334, 0.26408611111111113], 'val_loss': [0.6145875278062988, 0.5359098082153421, 0.5027543497085571, 0.48171674322663693], 'val_accuracy': [0.7745833333333333, 0.8028508771929825, 0.8141447368421053, 0.8242763157894736], 'val_f1': [0.7736549620100672, 0.8023242131161917, 0.8136600593599682, 0.8239312451621678], 'val_mae': [0.35482456140350876, 0.3090570175438596, 0.29611842105263153, 0.2749122807017544], 'jsd': [(0, 0, 0, 0, 0, 0), (0, 0, 0, 0, 0, 0), (0, 0, 0, 0, 0, 0), (0, 0, 0, 0, 0, 0)]}}
client Client 23 injecting delay of 0 seconds
client Client 27 injecting delay of 5 seconds
client Client 28 injecting delay of 2 seconds
client Client 26 injecting delay of 0 seconds
client Client 24 injecting delay of 10 seconds
client Client 25 injecting delay of 6 seconds
Results Aggregated in 20.54 seconds.
{'TextMLP': {'train_loss': [0.6042531619257397, 0.5203527527504497, 0.48455694648954606, 0.4638950658109453, 0.4543245600369242], 'train_accuracy': [0.7798305555555556, 0.8104416666666666, 0.8238263888888889, 0.8313902777777777, 0.8345916666666666], 'train_f1': [0.779061543293289, 0.8098958734050996, 0.8234404603408226, 0.8310199412592804, 0.8340064703963339], 'train_mae': [0.3511388888888889, 0.2988472222222222, 0.28192083333333334, 0.26408611111111113, 0.26038194444444446], 'val_loss': [0.6145875278062988, 0.5359098082153421, 0.5027543497085571, 0.48171674322663693, 0.4732317824426451], 'val_accuracy': [0.7745833333333333, 0.8028508771929825, 0.8141447368421053, 0.8242763157894736, 0.8265789473684211], 'val_f1': [0.7736549620100672, 0.8023242131161917, 0.8136600593599682, 0.8239312451621678, 0.8259733111294202], 'val_mae': [0.35482456140350876, 0.3090570175438596, 0.29611842105263153, 0.2749122807017544, 0.2712280701754386], 'jsd': [(0, 0, 0, 0, 0, 0), (0, 0, 0, 0, 0, 0), (0, 0, 0, 0, 0, 0), (0, 0, 0, 0, 0, 0), (0, 0, 0, 0, 0, 0)]}}
client Client 25 injecting delay of 0 seconds
client Client 23 injecting delay of 8 seconds
client Client 28 injecting delay of 7 seconds
client Client 24 injecting delay of 7 seconds
client Client 26 injecting delay of 6 seconds
client Client 27 injecting delay of 10 seconds
Results Aggregated in 21.62 seconds.
{'TextMLP': {'train_loss': [0.6042531619257397, 0.5203527527504497, 0.48455694648954606, 0.4638950658109453, 0.4543245600369242, 0.44908470768001346], 'train_accuracy': [0.7798305555555556, 0.8104416666666666, 0.8238263888888889, 0.8313902777777777, 0.8345916666666666, 0.8358972222222222], 'train_f1': [0.779061543293289, 0.8098958734050996, 0.8234404603408226, 0.8310199412592804, 0.8340064703963339, 0.8357170256032499], 'train_mae': [0.3511388888888889, 0.2988472222222222, 0.28192083333333334, 0.26408611111111113, 0.26038194444444446, 0.2632527777777778], 'val_loss': [0.6145875278062988, 0.5359098082153421, 0.5027543497085571, 0.48171674322663693, 0.4732317824426451, 0.4697598086428224], 'val_accuracy': [0.7745833333333333, 0.8028508771929825, 0.8141447368421053, 0.8242763157894736, 0.8265789473684211, 0.8270394736842105], 'val_f1': [0.7736549620100672, 0.8023242131161917, 0.8136600593599682, 0.8239312451621678, 0.8259733111294202, 0.8268218454795975], 'val_mae': [0.35482456140350876, 0.3090570175438596, 0.29611842105263153, 0.2749122807017544, 0.2712280701754386, 0.27519736842105263], 'jsd': [(0, 0, 0, 0, 0, 0), (0, 0, 0, 0, 0, 0), (0, 0, 0, 0, 0, 0), (0, 0, 0, 0, 0, 0), (0, 0, 0, 0, 0, 0), (0, 0, 0, 0, 0, 0)]}}
client Client 23 injecting delay of 2 seconds
client Client 24 injecting delay of 1 seconds
client Client 28 injecting delay of 5 seconds
client Client 27 injecting delay of 5 seconds
client Client 25 injecting delay of 9 seconds
client Client 26 injecting delay of 7 seconds
Results Aggregated in 18.80 seconds.
{'TextMLP': {'train_loss': [0.6042531619257397, 0.5203527527504497, 0.48455694648954606, 0.4638950658109453, 0.4543245600369242, 0.44908470768001346, 0.4429429435796208], 'train_accuracy': [0.7798305555555556, 0.8104416666666666, 0.8238263888888889, 0.8313902777777777, 0.8345916666666666, 0.8358972222222222, 0.8376138888888889], 'train_f1': [0.779061543293289, 0.8098958734050996, 0.8234404603408226, 0.8310199412592804, 0.8340064703963339, 0.8357170256032499, 0.837030198663552], 'train_mae': [0.3511388888888889, 0.2988472222222222, 0.28192083333333334, 0.26408611111111113, 0.26038194444444446, 0.2632527777777778, 0.2579986111111111], 'val_loss': [0.6145875278062988, 0.5359098082153421, 0.5027543497085571, 0.48171674322663693, 0.4732317824426451, 0.4697598086428224, 0.4641254217478267], 'val_accuracy': [0.7745833333333333, 0.8028508771929825, 0.8141447368421053, 0.8242763157894736, 0.8265789473684211, 0.8270394736842105, 0.8288815789473685], 'val_f1': [0.7736549620100672, 0.8023242131161917, 0.8136600593599682, 0.8239312451621678, 0.8259733111294202, 0.8268218454795975, 0.8282448753216126], 'val_mae': [0.35482456140350876, 0.3090570175438596, 0.29611842105263153, 0.2749122807017544, 0.2712280701754386, 0.27519736842105263, 0.26958333333333334], 'jsd': [(0, 0, 0, 0, 0, 0), (0, 0, 0, 0, 0, 0), (0, 0, 0, 0, 0, 0), (0, 0, 0, 0, 0, 0), (0, 0, 0, 0, 0, 0), (0, 0, 0, 0, 0, 0), (0, 0, 0, 0, 0, 0)]}}
client Client 26 injecting delay of 10 seconds
client Client 27 injecting delay of 1 seconds
client Client 23 injecting delay of 10 seconds
client Client 28 injecting delay of 3 seconds
client Client 25 injecting delay of 8 seconds
client Client 24 injecting delay of 4 seconds
Results Aggregated in 20.16 seconds.
{'TextMLP': {'train_loss': [0.6042531619257397, 0.5203527527504497, 0.48455694648954606, 0.4638950658109453, 0.4543245600369242, 0.44908470768001346, 0.4429429435796208, 0.4388361712733905], 'train_accuracy': [0.7798305555555556, 0.8104416666666666, 0.8238263888888889, 0.8313902777777777, 0.8345916666666666, 0.8358972222222222, 0.8376138888888889, 0.8397694444444445], 'train_f1': [0.779061543293289, 0.8098958734050996, 0.8234404603408226, 0.8310199412592804, 0.8340064703963339, 0.8357170256032499, 0.837030198663552, 0.8390778602069172], 'train_mae': [0.3511388888888889, 0.2988472222222222, 0.28192083333333334, 0.26408611111111113, 0.26038194444444446, 0.2632527777777778, 0.2579986111111111, 0.2545277777777778], 'val_loss': [0.6145875278062988, 0.5359098082153421, 0.5027543497085571, 0.48171674322663693, 0.4732317824426451, 0.4697598086428224, 0.4641254217478267, 0.45930637271780717], 'val_accuracy': [0.7745833333333333, 0.8028508771929825, 0.8141447368421053, 0.8242763157894736, 0.8265789473684211, 0.8270394736842105, 0.8288815789473685, 0.8314692982456141], 'val_f1': [0.7736549620100672, 0.8023242131161917, 0.8136600593599682, 0.8239312451621678, 0.8259733111294202, 0.8268218454795975, 0.8282448753216126, 0.8306896465820593], 'val_mae': [0.35482456140350876, 0.3090570175438596, 0.29611842105263153, 0.2749122807017544, 0.2712280701754386, 0.27519736842105263, 0.26958333333333334, 0.26539473684210524], 'jsd': [(0, 0, 0, 0, 0, 0), (0, 0, 0, 0, 0, 0), (0, 0, 0, 0, 0, 0), (0, 0, 0, 0, 0, 0), (0, 0, 0, 0, 0, 0), (0, 0, 0, 0, 0, 0), (0, 0, 0, 0, 0, 0), (0, 0, 0, 0, 0, 0)]}}
client Client 23 injecting delay of 6 seconds
client Client 26 injecting delay of 0 seconds
client Client 25 injecting delay of 8 seconds
client Client 27 injecting delay of 7 seconds
client Client 24 injecting delay of 5 seconds
client Client 28 injecting delay of 0 seconds
Results Aggregated in 18.16 seconds.
{'TextMLP': {'train_loss': [0.6042531619257397, 0.5203527527504497, 0.48455694648954606, 0.4638950658109453, 0.4543245600369242, 0.44908470768001346, 0.4429429435796208, 0.4388361712733905, 0.4446295647011863], 'train_accuracy': [0.7798305555555556, 0.8104416666666666, 0.8238263888888889, 0.8313902777777777, 0.8345916666666666, 0.8358972222222222, 0.8376138888888889, 0.8397694444444445, 0.8372472222222223], 'train_f1': [0.779061543293289, 0.8098958734050996, 0.8234404603408226, 0.8310199412592804, 0.8340064703963339, 0.8357170256032499, 0.837030198663552, 0.8390778602069172, 0.8363047207707439], 'train_mae': [0.3511388888888889, 0.2988472222222222, 0.28192083333333334, 0.26408611111111113, 0.26038194444444446, 0.2632527777777778, 0.2579986111111111, 0.2545277777777778, 0.25990833333333335], 'val_loss': [0.6145875278062988, 0.5359098082153421, 0.5027543497085571, 0.48171674322663693, 0.4732317824426451, 0.4697598086428224, 0.4641254217478267, 0.45930637271780717, 0.4659799407448685], 'val_accuracy': [0.7745833333333333, 0.8028508771929825, 0.8141447368421053, 0.8242763157894736, 0.8265789473684211, 0.8270394736842105, 0.8288815789473685, 0.8314692982456141, 0.8300657894736841], 'val_f1': [0.7736549620100672, 0.8023242131161917, 0.8136600593599682, 0.8239312451621678, 0.8259733111294202, 0.8268218454795975, 0.8282448753216126, 0.8306896465820593, 0.8290693005544479], 'val_mae': [0.35482456140350876, 0.3090570175438596, 0.29611842105263153, 0.2749122807017544, 0.2712280701754386, 0.27519736842105263, 0.26958333333333334, 0.26539473684210524, 0.26918859649122806], 'jsd': [(0, 0, 0, 0, 0, 0), (0, 0, 0, 0, 0, 0), (0, 0, 0, 0, 0, 0), (0, 0, 0, 0, 0, 0), (0, 0, 0, 0, 0, 0), (0, 0, 0, 0, 0, 0), (0, 0, 0, 0, 0, 0), (0, 0, 0, 0, 0, 0), (0, 0, 0, 0, 0, 0)]}}
client Client 28 injecting delay of 3 seconds
client Client 23 injecting delay of 5 seconds
client Client 25 injecting delay of 1 seconds
client Client 26 injecting delay of 4 seconds
client Client 27 injecting delay of 0 seconds
client Client 24 injecting delay of 4 seconds
Results Aggregated in 15.19 seconds.
{'TextMLP': {'train_loss': [0.6042531619257397, 0.5203527527504497, 0.48455694648954606, 0.4638950658109453, 0.4543245600369242, 0.44908470768001346, 0.4429429435796208, 0.4388361712733905, 0.4446295647011863, 0.43736390149063537], 'train_accuracy': [0.7798305555555556, 0.8104416666666666, 0.8238263888888889, 0.8313902777777777, 0.8345916666666666, 0.8358972222222222, 0.8376138888888889, 0.8397694444444445, 0.8372472222222223, 0.8397402777777778], 'train_f1': [0.779061543293289, 0.8098958734050996, 0.8234404603408226, 0.8310199412592804, 0.8340064703963339, 0.8357170256032499, 0.837030198663552, 0.8390778602069172, 0.8363047207707439, 0.839791097513014], 'train_mae': [0.3511388888888889, 0.2988472222222222, 0.28192083333333334, 0.26408611111111113, 0.26038194444444446, 0.2632527777777778, 0.2579986111111111, 0.2545277777777778, 0.25990833333333335, 0.25561666666666666], 'val_loss': [0.6145875278062988, 0.5359098082153421, 0.5027543497085571, 0.48171674322663693, 0.4732317824426451, 0.4697598086428224, 0.4641254217478267, 0.45930637271780717, 0.4659799407448685, 0.4586572771950772], 'val_accuracy': [0.7745833333333333, 0.8028508771929825, 0.8141447368421053, 0.8242763157894736, 0.8265789473684211, 0.8270394736842105, 0.8288815789473685, 0.8314692982456141, 0.8300657894736841, 0.8311184210526316], 'val_f1': [0.7736549620100672, 0.8023242131161917, 0.8136600593599682, 0.8239312451621678, 0.8259733111294202, 0.8268218454795975, 0.8282448753216126, 0.8306896465820593, 0.8290693005544479, 0.8311656872800058], 'val_mae': [0.35482456140350876, 0.3090570175438596, 0.29611842105263153, 0.2749122807017544, 0.2712280701754386, 0.27519736842105263, 0.26958333333333334, 0.26539473684210524, 0.26918859649122806, 0.26789473684210524], 'jsd': [(0, 0, 0, 0, 0, 0), (0, 0, 0, 0, 0, 0), (0, 0, 0, 0, 0, 0), (0, 0, 0, 0, 0, 0), (0, 0, 0, 0, 0, 0), (0, 0, 0, 0, 0, 0), (0, 0, 0, 0, 0, 0), (0, 0, 0, 0, 0, 0), (0, 0, 0, 0, 0, 0), (0, 0, 0, 0, 0, 0)]}}
client Client 23 injecting delay of 5 seconds
client Client 25 injecting delay of 9 seconds
client Client 26 injecting delay of 4 seconds
client Client 27 injecting delay of 5 seconds
client Client 24 injecting delay of 9 seconds
client Client 28 injecting delay of 8 seconds
Results Aggregated in 19.44 seconds.
{'TextMLP': {'train_loss': [0.6042531619257397, 0.5203527527504497, 0.48455694648954606, 0.4638950658109453, 0.4543245600369242, 0.44908470768001346, 0.4429429435796208, 0.4388361712733905, 0.4446295647011863, 0.43736390149063537, 0.43361848418447707], 'train_accuracy': [0.7798305555555556, 0.8104416666666666, 0.8238263888888889, 0.8313902777777777, 0.8345916666666666, 0.8358972222222222, 0.8376138888888889, 0.8397694444444445, 0.8372472222222223, 0.8397402777777778, 0.8409486111111111], 'train_f1': [0.779061543293289, 0.8098958734050996, 0.8234404603408226, 0.8310199412592804, 0.8340064703963339, 0.8357170256032499, 0.837030198663552, 0.8390778602069172, 0.8363047207707439, 0.839791097513014, 0.8404310669328428], 'train_mae': [0.3511388888888889, 0.2988472222222222, 0.28192083333333334, 0.26408611111111113, 0.26038194444444446, 0.2632527777777778, 0.2579986111111111, 0.2545277777777778, 0.25990833333333335, 0.25561666666666666, 0.25293472222222224], 'val_loss': [0.6145875278062988, 0.5359098082153421, 0.5027543497085571, 0.48171674322663693, 0.4732317824426451, 0.4697598086428224, 0.4641254217478267, 0.45930637271780717, 0.4659799407448685, 0.4586572771950772, 0.45552107313223056], 'val_accuracy': [0.7745833333333333, 0.8028508771929825, 0.8141447368421053, 0.8242763157894736, 0.8265789473684211, 0.8270394736842105, 0.8288815789473685, 0.8314692982456141, 0.8300657894736841, 0.8311184210526316, 0.8321491228070175], 'val_f1': [0.7736549620100672, 0.8023242131161917, 0.8136600593599682, 0.8239312451621678, 0.8259733111294202, 0.8268218454795975, 0.8282448753216126, 0.8306896465820593, 0.8290693005544479, 0.8311656872800058, 0.8315247311146513], 'val_mae': [0.35482456140350876, 0.3090570175438596, 0.29611842105263153, 0.2749122807017544, 0.2712280701754386, 0.27519736842105263, 0.26958333333333334, 0.26539473684210524, 0.26918859649122806, 0.26789473684210524, 0.26480263157894735], 'jsd': [(0, 0, 0, 0, 0, 0), (0, 0, 0, 0, 0, 0), (0, 0, 0, 0, 0, 0), (0, 0, 0, 0, 0, 0), (0, 0, 0, 0, 0, 0), (0, 0, 0, 0, 0, 0), (0, 0, 0, 0, 0, 0), (0, 0, 0, 0, 0, 0), (0, 0, 0, 0, 0, 0), (0, 0, 0, 0, 0, 0), (0, 0, 0, 0, 0, 0)]}}
client Client 23 injecting delay of 8 seconds
client Client 25 injecting delay of 2 seconds
client Client 27 injecting delay of 9 seconds
client Client 28 injecting delay of 0 seconds
client Client 24 injecting delay of 6 seconds
client Client 26 injecting delay of 4 seconds
Results Aggregated in 19.50 seconds.
{'TextMLP': {'train_loss': [0.6042531619257397, 0.5203527527504497, 0.48455694648954606, 0.4638950658109453, 0.4543245600369242, 0.44908470768001346, 0.4429429435796208, 0.4388361712733905, 0.4446295647011863, 0.43736390149063537, 0.43361848418447707, 0.4308927827331755], 'train_accuracy': [0.7798305555555556, 0.8104416666666666, 0.8238263888888889, 0.8313902777777777, 0.8345916666666666, 0.8358972222222222, 0.8376138888888889, 0.8397694444444445, 0.8372472222222223, 0.8397402777777778, 0.8409486111111111, 0.8422763888888889], 'train_f1': [0.779061543293289, 0.8098958734050996, 0.8234404603408226, 0.8310199412592804, 0.8340064703963339, 0.8357170256032499, 0.837030198663552, 0.8390778602069172, 0.8363047207707439, 0.839791097513014, 0.8404310669328428, 0.8421527855913918], 'train_mae': [0.3511388888888889, 0.2988472222222222, 0.28192083333333334, 0.26408611111111113, 0.26038194444444446, 0.2632527777777778, 0.2579986111111111, 0.2545277777777778, 0.25990833333333335, 0.25561666666666666, 0.25293472222222224, 0.2509263888888889], 'val_loss': [0.6145875278062988, 0.5359098082153421, 0.5027543497085571, 0.48171674322663693, 0.4732317824426451, 0.4697598086428224, 0.4641254217478267, 0.45930637271780717, 0.4659799407448685, 0.4586572771950772, 0.45552107313223056, 0.4520423194504621], 'val_accuracy': [0.7745833333333333, 0.8028508771929825, 0.8141447368421053, 0.8242763157894736, 0.8265789473684211, 0.8270394736842105, 0.8288815789473685, 0.8314692982456141, 0.8300657894736841, 0.8311184210526316, 0.8321491228070175, 0.8341008771929825], 'val_f1': [0.7736549620100672, 0.8023242131161917, 0.8136600593599682, 0.8239312451621678, 0.8259733111294202, 0.8268218454795975, 0.8282448753216126, 0.8306896465820593, 0.8290693005544479, 0.8311656872800058, 0.8315247311146513, 0.8339153646145905], 'val_mae': [0.35482456140350876, 0.3090570175438596, 0.29611842105263153, 0.2749122807017544, 0.2712280701754386, 0.27519736842105263, 0.26958333333333334, 0.26539473684210524, 0.26918859649122806, 0.26789473684210524, 0.26480263157894735, 0.262719298245614], 'jsd': [(0, 0, 0, 0, 0, 0), (0, 0, 0, 0, 0, 0), (0, 0, 0, 0, 0, 0), (0, 0, 0, 0, 0, 0), (0, 0, 0, 0, 0, 0), (0, 0, 0, 0, 0, 0), (0, 0, 0, 0, 0, 0), (0, 0, 0, 0, 0, 0), (0, 0, 0, 0, 0, 0), (0, 0, 0, 0, 0, 0), (0, 0, 0, 0, 0, 0), (0, 0, 0, 0, 0, 0)]}}
client Client 26 injecting delay of 8 seconds
client Client 23 injecting delay of 9 seconds
client Client 25 injecting delay of 3 seconds
client Client 24 injecting delay of 7 seconds
client Client 27 injecting delay of 6 seconds
client Client 28 injecting delay of 8 seconds
Results Aggregated in 19.50 seconds.
{'TextMLP': {'train_loss': [0.6042531619257397, 0.5203527527504497, 0.48455694648954606, 0.4638950658109453, 0.4543245600369242, 0.44908470768001346, 0.4429429435796208, 0.4388361712733905, 0.4446295647011863, 0.43736390149063537, 0.43361848418447707, 0.4308927827331755, 0.4428930737508668], 'train_accuracy': [0.7798305555555556, 0.8104416666666666, 0.8238263888888889, 0.8313902777777777, 0.8345916666666666, 0.8358972222222222, 0.8376138888888889, 0.8397694444444445, 0.8372472222222223, 0.8397402777777778, 0.8409486111111111, 0.8422763888888889, 0.8363138888888889], 'train_f1': [0.779061543293289, 0.8098958734050996, 0.8234404603408226, 0.8310199412592804, 0.8340064703963339, 0.8357170256032499, 0.837030198663552, 0.8390778602069172, 0.8363047207707439, 0.839791097513014, 0.8404310669328428, 0.8421527855913918, 0.8352860832677884], 'train_mae': [0.3511388888888889, 0.2988472222222222, 0.28192083333333334, 0.26408611111111113, 0.26038194444444446, 0.2632527777777778, 0.2579986111111111, 0.2545277777777778, 0.25990833333333335, 0.25561666666666666, 0.25293472222222224, 0.2509263888888889, 0.25246805555555557], 'val_loss': [0.6145875278062988, 0.5359098082153421, 0.5027543497085571, 0.48171674322663693, 0.4732317824426451, 0.4697598086428224, 0.4641254217478267, 0.45930637271780717, 0.4659799407448685, 0.4586572771950772, 0.45552107313223056, 0.4520423194504621, 0.4637029422584333], 'val_accuracy': [0.7745833333333333, 0.8028508771929825, 0.8141447368421053, 0.8242763157894736, 0.8265789473684211, 0.8270394736842105, 0.8288815789473685, 0.8314692982456141, 0.8300657894736841, 0.8311184210526316, 0.8321491228070175, 0.8341008771929825, 0.8285745614035087], 'val_f1': [0.7736549620100672, 0.8023242131161917, 0.8136600593599682, 0.8239312451621678, 0.8259733111294202, 0.8268218454795975, 0.8282448753216126, 0.8306896465820593, 0.8290693005544479, 0.8311656872800058, 0.8315247311146513, 0.8339153646145905, 0.8274319807927822], 'val_mae': [0.35482456140350876, 0.3090570175438596, 0.29611842105263153, 0.2749122807017544, 0.2712280701754386, 0.27519736842105263, 0.26958333333333334, 0.26539473684210524, 0.26918859649122806, 0.26789473684210524, 0.26480263157894735, 0.262719298245614, 0.2638815789473684], 'jsd': [(0, 0, 0, 0, 0, 0), (0, 0, 0, 0, 0, 0), (0, 0, 0, 0, 0, 0), (0, 0, 0, 0, 0, 0), (0, 0, 0, 0, 0, 0), (0, 0, 0, 0, 0, 0), (0, 0, 0, 0, 0, 0), (0, 0, 0, 0, 0, 0), (0, 0, 0, 0, 0, 0), (0, 0, 0, 0, 0, 0), (0, 0, 0, 0, 0, 0), (0, 0, 0, 0, 0, 0), (0, 0, 0, 0, 0, 0)]}}
client Client 25 injecting delay of 10 seconds
client Client 28 injecting delay of 6 seconds
client Client 26 injecting delay of 10 seconds
client Client 24 injecting delay of 3 seconds
client Client 23 injecting delay of 7 seconds
client Client 27 injecting delay of 8 seconds
Results Aggregated in 20.21 seconds.
{'TextMLP': {'train_loss': [0.6042531619257397, 0.5203527527504497, 0.48455694648954606, 0.4638950658109453, 0.4543245600369242, 0.44908470768001346, 0.4429429435796208, 0.4388361712733905, 0.4446295647011863, 0.43736390149063537, 0.43361848418447707, 0.4308927827331755, 0.4428930737508668, 0.43046014507081776], 'train_accuracy': [0.7798305555555556, 0.8104416666666666, 0.8238263888888889, 0.8313902777777777, 0.8345916666666666, 0.8358972222222222, 0.8376138888888889, 0.8397694444444445, 0.8372472222222223, 0.8397402777777778, 0.8409486111111111, 0.8422763888888889, 0.8363138888888889, 0.8419763888888889], 'train_f1': [0.779061543293289, 0.8098958734050996, 0.8234404603408226, 0.8310199412592804, 0.8340064703963339, 0.8357170256032499, 0.837030198663552, 0.8390778602069172, 0.8363047207707439, 0.839791097513014, 0.8404310669328428, 0.8421527855913918, 0.8352860832677884, 0.8409386872419827], 'train_mae': [0.3511388888888889, 0.2988472222222222, 0.28192083333333334, 0.26408611111111113, 0.26038194444444446, 0.2632527777777778, 0.2579986111111111, 0.2545277777777778, 0.25990833333333335, 0.25561666666666666, 0.25293472222222224, 0.2509263888888889, 0.25246805555555557, 0.24845416666666667], 'val_loss': [0.6145875278062988, 0.5359098082153421, 0.5027543497085571, 0.48171674322663693, 0.4732317824426451, 0.4697598086428224, 0.4641254217478267, 0.45930637271780717, 0.4659799407448685, 0.4586572771950772, 0.45552107313223056, 0.4520423194504621, 0.4637029422584333, 0.45279230080152805], 'val_accuracy': [0.7745833333333333, 0.8028508771929825, 0.8141447368421053, 0.8242763157894736, 0.8265789473684211, 0.8270394736842105, 0.8288815789473685, 0.8314692982456141, 0.8300657894736841, 0.8311184210526316, 0.8321491228070175, 0.8341008771929825, 0.8285745614035087, 0.8335087719298246], 'val_f1': [0.7736549620100672, 0.8023242131161917, 0.8136600593599682, 0.8239312451621678, 0.8259733111294202, 0.8268218454795975, 0.8282448753216126, 0.8306896465820593, 0.8290693005544479, 0.8311656872800058, 0.8315247311146513, 0.8339153646145905, 0.8274319807927822, 0.8323498207752469], 'val_mae': [0.35482456140350876, 0.3090570175438596, 0.29611842105263153, 0.2749122807017544, 0.2712280701754386, 0.27519736842105263, 0.26958333333333334, 0.26539473684210524, 0.26918859649122806, 0.26789473684210524, 0.26480263157894735, 0.262719298245614, 0.2638815789473684, 0.26035087719298244], 'jsd': [(0, 0, 0, 0, 0, 0), (0, 0, 0, 0, 0, 0), (0, 0, 0, 0, 0, 0), (0, 0, 0, 0, 0, 0), (0, 0, 0, 0, 0, 0), (0, 0, 0, 0, 0, 0), (0, 0, 0, 0, 0, 0), (0, 0, 0, 0, 0, 0), (0, 0, 0, 0, 0, 0), (0, 0, 0, 0, 0, 0), (0, 0, 0, 0, 0, 0), (0, 0, 0, 0, 0, 0), (0, 0, 0, 0, 0, 0), (0, 0, 0, 0, 0, 0)]}}
client Client 23 injecting delay of 2 seconds
client Client 25 injecting delay of 3 seconds
client Client 28 injecting delay of 5 seconds
client Client 27 injecting delay of 6 seconds
client Client 24 injecting delay of 2 seconds
client Client 26 injecting delay of 0 seconds
Results Aggregated in 15.98 seconds.
{'TextMLP': {'train_loss': [0.6042531619257397, 0.5203527527504497, 0.48455694648954606, 0.4638950658109453, 0.4543245600369242, 0.44908470768001346, 0.4429429435796208, 0.4388361712733905, 0.4446295647011863, 0.43736390149063537, 0.43361848418447707, 0.4308927827331755, 0.4428930737508668, 0.43046014507081776, 0.4274505138562785], 'train_accuracy': [0.7798305555555556, 0.8104416666666666, 0.8238263888888889, 0.8313902777777777, 0.8345916666666666, 0.8358972222222222, 0.8376138888888889, 0.8397694444444445, 0.8372472222222223, 0.8397402777777778, 0.8409486111111111, 0.8422763888888889, 0.8363138888888889, 0.8419763888888889, 0.8430305555555555], 'train_f1': [0.779061543293289, 0.8098958734050996, 0.8234404603408226, 0.8310199412592804, 0.8340064703963339, 0.8357170256032499, 0.837030198663552, 0.8390778602069172, 0.8363047207707439, 0.839791097513014, 0.8404310669328428, 0.8421527855913918, 0.8352860832677884, 0.8409386872419827, 0.8425073063732403], 'train_mae': [0.3511388888888889, 0.2988472222222222, 0.28192083333333334, 0.26408611111111113, 0.26038194444444446, 0.2632527777777778, 0.2579986111111111, 0.2545277777777778, 0.25990833333333335, 0.25561666666666666, 0.25293472222222224, 0.2509263888888889, 0.25246805555555557, 0.24845416666666667, 0.24891805555555555], 'val_loss': [0.6145875278062988, 0.5359098082153421, 0.5027543497085571, 0.48171674322663693, 0.4732317824426451, 0.4697598086428224, 0.4641254217478267, 0.45930637271780717, 0.4659799407448685, 0.4586572771950772, 0.45552107313223056, 0.4520423194504621, 0.4637029422584333, 0.45279230080152805, 0.44921426055724156], 'val_accuracy': [0.7745833333333333, 0.8028508771929825, 0.8141447368421053, 0.8242763157894736, 0.8265789473684211, 0.8270394736842105, 0.8288815789473685, 0.8314692982456141, 0.8300657894736841, 0.8311184210526316, 0.8321491228070175, 0.8341008771929825, 0.8285745614035087, 0.8335087719298246, 0.8351973684210526], 'val_f1': [0.7736549620100672, 0.8023242131161917, 0.8136600593599682, 0.8239312451621678, 0.8259733111294202, 0.8268218454795975, 0.8282448753216126, 0.8306896465820593, 0.8290693005544479, 0.8311656872800058, 0.8315247311146513, 0.8339153646145905, 0.8274319807927822, 0.8323498207752469, 0.8346274108057027], 'val_mae': [0.35482456140350876, 0.3090570175438596, 0.29611842105263153, 0.2749122807017544, 0.2712280701754386, 0.27519736842105263, 0.26958333333333334, 0.26539473684210524, 0.26918859649122806, 0.26789473684210524, 0.26480263157894735, 0.262719298245614, 0.2638815789473684, 0.26035087719298244, 0.260219298245614], 'jsd': [(0, 0, 0, 0, 0, 0), (0, 0, 0, 0, 0, 0), (0, 0, 0, 0, 0, 0), (0, 0, 0, 0, 0, 0), (0, 0, 0, 0, 0, 0), (0, 0, 0, 0, 0, 0), (0, 0, 0, 0, 0, 0), (0, 0, 0, 0, 0, 0), (0, 0, 0, 0, 0, 0), (0, 0, 0, 0, 0, 0), (0, 0, 0, 0, 0, 0), (0, 0, 0, 0, 0, 0), (0, 0, 0, 0, 0, 0), (0, 0, 0, 0, 0, 0), (0, 0, 0, 0, 0, 0)]}}
client Client 25 injecting delay of 10 seconds
client Client 28 injecting delay of 0 seconds
client Client 23 injecting delay of 3 seconds
client Client 24 injecting delay of 1 seconds
client Client 27 injecting delay of 9 seconds
client Client 26 injecting delay of 5 seconds
Results Aggregated in 19.76 seconds.
{'TextMLP': {'train_loss': [0.6042531619257397, 0.5203527527504497, 0.48455694648954606, 0.4638950658109453, 0.4543245600369242, 0.44908470768001346, 0.4429429435796208, 0.4388361712733905, 0.4446295647011863, 0.43736390149063537, 0.43361848418447707, 0.4308927827331755, 0.4428930737508668, 0.43046014507081776, 0.4274505138562785, 0.42622917676501804], 'train_accuracy': [0.7798305555555556, 0.8104416666666666, 0.8238263888888889, 0.8313902777777777, 0.8345916666666666, 0.8358972222222222, 0.8376138888888889, 0.8397694444444445, 0.8372472222222223, 0.8397402777777778, 0.8409486111111111, 0.8422763888888889, 0.8363138888888889, 0.8419763888888889, 0.8430305555555555, 0.8436430555555555], 'train_f1': [0.779061543293289, 0.8098958734050996, 0.8234404603408226, 0.8310199412592804, 0.8340064703963339, 0.8357170256032499, 0.837030198663552, 0.8390778602069172, 0.8363047207707439, 0.839791097513014, 0.8404310669328428, 0.8421527855913918, 0.8352860832677884, 0.8409386872419827, 0.8425073063732403, 0.8431228105627], 'train_mae': [0.3511388888888889, 0.2988472222222222, 0.28192083333333334, 0.26408611111111113, 0.26038194444444446, 0.2632527777777778, 0.2579986111111111, 0.2545277777777778, 0.25990833333333335, 0.25561666666666666, 0.25293472222222224, 0.2509263888888889, 0.25246805555555557, 0.24845416666666667, 0.24891805555555555, 0.25003888888888887], 'val_loss': [0.6145875278062988, 0.5359098082153421, 0.5027543497085571, 0.48171674322663693, 0.4732317824426451, 0.4697598086428224, 0.4641254217478267, 0.45930637271780717, 0.4659799407448685, 0.4586572771950772, 0.45552107313223056, 0.4520423194504621, 0.4637029422584333, 0.45279230080152805, 0.44921426055724156, 0.44765917908727076], 'val_accuracy': [0.7745833333333333, 0.8028508771929825, 0.8141447368421053, 0.8242763157894736, 0.8265789473684211, 0.8270394736842105, 0.8288815789473685, 0.8314692982456141, 0.8300657894736841, 0.8311184210526316, 0.8321491228070175, 0.8341008771929825, 0.8285745614035087, 0.8335087719298246, 0.8351973684210526, 0.8360087719298246], 'val_f1': [0.7736549620100672, 0.8023242131161917, 0.8136600593599682, 0.8239312451621678, 0.8259733111294202, 0.8268218454795975, 0.8282448753216126, 0.8306896465820593, 0.8290693005544479, 0.8311656872800058, 0.8315247311146513, 0.8339153646145905, 0.8274319807927822, 0.8323498207752469, 0.8346274108057027, 0.8354179917075842], 'val_mae': [0.35482456140350876, 0.3090570175438596, 0.29611842105263153, 0.2749122807017544, 0.2712280701754386, 0.27519736842105263, 0.26958333333333334, 0.26539473684210524, 0.26918859649122806, 0.26789473684210524, 0.26480263157894735, 0.262719298245614, 0.2638815789473684, 0.26035087719298244, 0.260219298245614, 0.2612061403508772], 'jsd': [(0, 0, 0, 0, 0, 0), (0, 0, 0, 0, 0, 0), (0, 0, 0, 0, 0, 0), (0, 0, 0, 0, 0, 0), (0, 0, 0, 0, 0, 0), (0, 0, 0, 0, 0, 0), (0, 0, 0, 0, 0, 0), (0, 0, 0, 0, 0, 0), (0, 0, 0, 0, 0, 0), (0, 0, 0, 0, 0, 0), (0, 0, 0, 0, 0, 0), (0, 0, 0, 0, 0, 0), (0, 0, 0, 0, 0, 0), (0, 0, 0, 0, 0, 0), (0, 0, 0, 0, 0, 0), (0, 0, 0, 0, 0, 0)]}}
client Client 23 injecting delay of 4 seconds
client Client 24 injecting delay of 5 seconds
client Client 26 injecting delay of 10 seconds
client Client 25 injecting delay of 4 seconds
client Client 28 injecting delay of 8 seconds
client Client 27 injecting delay of 2 seconds
Results Aggregated in 20.20 seconds.
{'TextMLP': {'train_loss': [0.6042531619257397, 0.5203527527504497, 0.48455694648954606, 0.4638950658109453, 0.4543245600369242, 0.44908470768001346, 0.4429429435796208, 0.4388361712733905, 0.4446295647011863, 0.43736390149063537, 0.43361848418447707, 0.4308927827331755, 0.4428930737508668, 0.43046014507081776, 0.4274505138562785, 0.42622917676501804, 0.42305599383115766], 'train_accuracy': [0.7798305555555556, 0.8104416666666666, 0.8238263888888889, 0.8313902777777777, 0.8345916666666666, 0.8358972222222222, 0.8376138888888889, 0.8397694444444445, 0.8372472222222223, 0.8397402777777778, 0.8409486111111111, 0.8422763888888889, 0.8363138888888889, 0.8419763888888889, 0.8430305555555555, 0.8436430555555555, 0.8452680555555555], 'train_f1': [0.779061543293289, 0.8098958734050996, 0.8234404603408226, 0.8310199412592804, 0.8340064703963339, 0.8357170256032499, 0.837030198663552, 0.8390778602069172, 0.8363047207707439, 0.839791097513014, 0.8404310669328428, 0.8421527855913918, 0.8352860832677884, 0.8409386872419827, 0.8425073063732403, 0.8431228105627, 0.8451281997541519], 'train_mae': [0.3511388888888889, 0.2988472222222222, 0.28192083333333334, 0.26408611111111113, 0.26038194444444446, 0.2632527777777778, 0.2579986111111111, 0.2545277777777778, 0.25990833333333335, 0.25561666666666666, 0.25293472222222224, 0.2509263888888889, 0.25246805555555557, 0.24845416666666667, 0.24891805555555555, 0.25003888888888887, 0.24559305555555555], 'val_loss': [0.6145875278062988, 0.5359098082153421, 0.5027543497085571, 0.48171674322663693, 0.4732317824426451, 0.4697598086428224, 0.4641254217478267, 0.45930637271780717, 0.4659799407448685, 0.4586572771950772, 0.45552107313223056, 0.4520423194504621, 0.4637029422584333, 0.45279230080152805, 0.44921426055724156, 0.44765917908727076, 0.4444025469349142], 'val_accuracy': [0.7745833333333333, 0.8028508771929825, 0.8141447368421053, 0.8242763157894736, 0.8265789473684211, 0.8270394736842105, 0.8288815789473685, 0.8314692982456141, 0.8300657894736841, 0.8311184210526316, 0.8321491228070175, 0.8341008771929825, 0.8285745614035087, 0.8335087719298246, 0.8351973684210526, 0.8360087719298246, 0.838311403508772], 'val_f1': [0.7736549620100672, 0.8023242131161917, 0.8136600593599682, 0.8239312451621678, 0.8259733111294202, 0.8268218454795975, 0.8282448753216126, 0.8306896465820593, 0.8290693005544479, 0.8311656872800058, 0.8315247311146513, 0.8339153646145905, 0.8274319807927822, 0.8323498207752469, 0.8346274108057027, 0.8354179917075842, 0.8381810993236978], 'val_mae': [0.35482456140350876, 0.3090570175438596, 0.29611842105263153, 0.2749122807017544, 0.2712280701754386, 0.27519736842105263, 0.26958333333333334, 0.26539473684210524, 0.26918859649122806, 0.26789473684210524, 0.26480263157894735, 0.262719298245614, 0.2638815789473684, 0.26035087719298244, 0.260219298245614, 0.2612061403508772, 0.2560964912280702], 'jsd': [(0, 0, 0, 0, 0, 0), (0, 0, 0, 0, 0, 0), (0, 0, 0, 0, 0, 0), (0, 0, 0, 0, 0, 0), (0, 0, 0, 0, 0, 0), (0, 0, 0, 0, 0, 0), (0, 0, 0, 0, 0, 0), (0, 0, 0, 0, 0, 0), (0, 0, 0, 0, 0, 0), (0, 0, 0, 0, 0, 0), (0, 0, 0, 0, 0, 0), (0, 0, 0, 0, 0, 0), (0, 0, 0, 0, 0, 0), (0, 0, 0, 0, 0, 0), (0, 0, 0, 0, 0, 0), (0, 0, 0, 0, 0, 0), (0, 0, 0, 0, 0, 0)]}}
client Client 23 injecting delay of 10 seconds
client Client 26 injecting delay of 3 seconds
client Client 25 injecting delay of 7 seconds
client Client 28 injecting delay of 9 seconds
client Client 24 injecting delay of 9 seconds
client Client 27 injecting delay of 2 seconds
Results Aggregated in 21.22 seconds.
{'TextMLP': {'train_loss': [0.6042531619257397, 0.5203527527504497, 0.48455694648954606, 0.4638950658109453, 0.4543245600369242, 0.44908470768001346, 0.4429429435796208, 0.4388361712733905, 0.4446295647011863, 0.43736390149063537, 0.43361848418447707, 0.4308927827331755, 0.4428930737508668, 0.43046014507081776, 0.4274505138562785, 0.42622917676501804, 0.42305599383115766, 0.42697815768983627], 'train_accuracy': [0.7798305555555556, 0.8104416666666666, 0.8238263888888889, 0.8313902777777777, 0.8345916666666666, 0.8358972222222222, 0.8376138888888889, 0.8397694444444445, 0.8372472222222223, 0.8397402777777778, 0.8409486111111111, 0.8422763888888889, 0.8363138888888889, 0.8419763888888889, 0.8430305555555555, 0.8436430555555555, 0.8452680555555555, 0.8429513888888889], 'train_f1': [0.779061543293289, 0.8098958734050996, 0.8234404603408226, 0.8310199412592804, 0.8340064703963339, 0.8357170256032499, 0.837030198663552, 0.8390778602069172, 0.8363047207707439, 0.839791097513014, 0.8404310669328428, 0.8421527855913918, 0.8352860832677884, 0.8409386872419827, 0.8425073063732403, 0.8431228105627, 0.8451281997541519, 0.8425477125099617], 'train_mae': [0.3511388888888889, 0.2988472222222222, 0.28192083333333334, 0.26408611111111113, 0.26038194444444446, 0.2632527777777778, 0.2579986111111111, 0.2545277777777778, 0.25990833333333335, 0.25561666666666666, 0.25293472222222224, 0.2509263888888889, 0.25246805555555557, 0.24845416666666667, 0.24891805555555555, 0.25003888888888887, 0.24559305555555555, 0.25459444444444446], 'val_loss': [0.6145875278062988, 0.5359098082153421, 0.5027543497085571, 0.48171674322663693, 0.4732317824426451, 0.4697598086428224, 0.4641254217478267, 0.45930637271780717, 0.4659799407448685, 0.4586572771950772, 0.45552107313223056, 0.4520423194504621, 0.4637029422584333, 0.45279230080152805, 0.44921426055724156, 0.44765917908727076, 0.4444025469349142, 0.4505446203654273], 'val_accuracy': [0.7745833333333333, 0.8028508771929825, 0.8141447368421053, 0.8242763157894736, 0.8265789473684211, 0.8270394736842105, 0.8288815789473685, 0.8314692982456141, 0.8300657894736841, 0.8311184210526316, 0.8321491228070175, 0.8341008771929825, 0.8285745614035087, 0.8335087719298246, 0.8351973684210526, 0.8360087719298246, 0.838311403508772, 0.8353947368421052], 'val_f1': [0.7736549620100672, 0.8023242131161917, 0.8136600593599682, 0.8239312451621678, 0.8259733111294202, 0.8268218454795975, 0.8282448753216126, 0.8306896465820593, 0.8290693005544479, 0.8311656872800058, 0.8315247311146513, 0.8339153646145905, 0.8274319807927822, 0.8323498207752469, 0.8346274108057027, 0.8354179917075842, 0.8381810993236978, 0.8348610503802562], 'val_mae': [0.35482456140350876, 0.3090570175438596, 0.29611842105263153, 0.2749122807017544, 0.2712280701754386, 0.27519736842105263, 0.26958333333333334, 0.26539473684210524, 0.26918859649122806, 0.26789473684210524, 0.26480263157894735, 0.262719298245614, 0.2638815789473684, 0.26035087719298244, 0.260219298245614, 0.2612061403508772, 0.2560964912280702, 0.264890350877193], 'jsd': [(0, 0, 0, 0, 0, 0), (0, 0, 0, 0, 0, 0), (0, 0, 0, 0, 0, 0), (0, 0, 0, 0, 0, 0), (0, 0, 0, 0, 0, 0), (0, 0, 0, 0, 0, 0), (0, 0, 0, 0, 0, 0), (0, 0, 0, 0, 0, 0), (0, 0, 0, 0, 0, 0), (0, 0, 0, 0, 0, 0), (0, 0, 0, 0, 0, 0), (0, 0, 0, 0, 0, 0), (0, 0, 0, 0, 0, 0), (0, 0, 0, 0, 0, 0), (0, 0, 0, 0, 0, 0), (0, 0, 0, 0, 0, 0), (0, 0, 0, 0, 0, 0), (0, 0, 0, 0, 0, 0)]}}
client Client 25 injecting delay of 0 seconds
client Client 26 injecting delay of 6 seconds
client Client 23 injecting delay of 0 seconds
client Client 27 injecting delay of 5 seconds
client Client 24 injecting delay of 8 seconds
client Client 28 injecting delay of 2 seconds
Results Aggregated in 18.93 seconds.
{'TextMLP': {'train_loss': [0.6042531619257397, 0.5203527527504497, 0.48455694648954606, 0.4638950658109453, 0.4543245600369242, 0.44908470768001346, 0.4429429435796208, 0.4388361712733905, 0.4446295647011863, 0.43736390149063537, 0.43361848418447707, 0.4308927827331755, 0.4428930737508668, 0.43046014507081776, 0.4274505138562785, 0.42622917676501804, 0.42305599383115766, 0.42697815768983627, 0.42664830495119094], 'train_accuracy': [0.7798305555555556, 0.8104416666666666, 0.8238263888888889, 0.8313902777777777, 0.8345916666666666, 0.8358972222222222, 0.8376138888888889, 0.8397694444444445, 0.8372472222222223, 0.8397402777777778, 0.8409486111111111, 0.8422763888888889, 0.8363138888888889, 0.8419763888888889, 0.8430305555555555, 0.8436430555555555, 0.8452680555555555, 0.8429513888888889, 0.8427388888888889], 'train_f1': [0.779061543293289, 0.8098958734050996, 0.8234404603408226, 0.8310199412592804, 0.8340064703963339, 0.8357170256032499, 0.837030198663552, 0.8390778602069172, 0.8363047207707439, 0.839791097513014, 0.8404310669328428, 0.8421527855913918, 0.8352860832677884, 0.8409386872419827, 0.8425073063732403, 0.8431228105627, 0.8451281997541519, 0.8425477125099617, 0.841995652823735], 'train_mae': [0.3511388888888889, 0.2988472222222222, 0.28192083333333334, 0.26408611111111113, 0.26038194444444446, 0.2632527777777778, 0.2579986111111111, 0.2545277777777778, 0.25990833333333335, 0.25561666666666666, 0.25293472222222224, 0.2509263888888889, 0.25246805555555557, 0.24845416666666667, 0.24891805555555555, 0.25003888888888887, 0.24559305555555555, 0.25459444444444446, 0.24973333333333333], 'val_loss': [0.6145875278062988, 0.5359098082153421, 0.5027543497085571, 0.48171674322663693, 0.4732317824426451, 0.4697598086428224, 0.4641254217478267, 0.45930637271780717, 0.4659799407448685, 0.4586572771950772, 0.45552107313223056, 0.4520423194504621, 0.4637029422584333, 0.45279230080152805, 0.44921426055724156, 0.44765917908727076, 0.4444025469349142, 0.4505446203654273, 0.44911092984048945], 'val_accuracy': [0.7745833333333333, 0.8028508771929825, 0.8141447368421053, 0.8242763157894736, 0.8265789473684211, 0.8270394736842105, 0.8288815789473685, 0.8314692982456141, 0.8300657894736841, 0.8311184210526316, 0.8321491228070175, 0.8341008771929825, 0.8285745614035087, 0.8335087719298246, 0.8351973684210526, 0.8360087719298246, 0.838311403508772, 0.8353947368421052, 0.8342105263157895], 'val_f1': [0.7736549620100672, 0.8023242131161917, 0.8136600593599682, 0.8239312451621678, 0.8259733111294202, 0.8268218454795975, 0.8282448753216126, 0.8306896465820593, 0.8290693005544479, 0.8311656872800058, 0.8315247311146513, 0.8339153646145905, 0.8274319807927822, 0.8323498207752469, 0.8346274108057027, 0.8354179917075842, 0.8381810993236978, 0.8348610503802562, 0.8333888678375575], 'val_mae': [0.35482456140350876, 0.3090570175438596, 0.29611842105263153, 0.2749122807017544, 0.2712280701754386, 0.27519736842105263, 0.26958333333333334, 0.26539473684210524, 0.26918859649122806, 0.26789473684210524, 0.26480263157894735, 0.262719298245614, 0.2638815789473684, 0.26035087719298244, 0.260219298245614, 0.2612061403508772, 0.2560964912280702, 0.264890350877193, 0.2616008771929824], 'jsd': [(0, 0, 0, 0, 0, 0), (0, 0, 0, 0, 0, 0), (0, 0, 0, 0, 0, 0), (0, 0, 0, 0, 0, 0), (0, 0, 0, 0, 0, 0), (0, 0, 0, 0, 0, 0), (0, 0, 0, 0, 0, 0), (0, 0, 0, 0, 0, 0), (0, 0, 0, 0, 0, 0), (0, 0, 0, 0, 0, 0), (0, 0, 0, 0, 0, 0), (0, 0, 0, 0, 0, 0), (0, 0, 0, 0, 0, 0), (0, 0, 0, 0, 0, 0), (0, 0, 0, 0, 0, 0), (0, 0, 0, 0, 0, 0), (0, 0, 0, 0, 0, 0), (0, 0, 0, 0, 0, 0), (0, 0, 0, 0, 0, 0)]}}
client Client 28 injecting delay of 0 seconds
client Client 25 injecting delay of 4 seconds
client Client 23 injecting delay of 7 seconds
client Client 26 injecting delay of 9 seconds
client Client 27 injecting delay of 3 seconds
client Client 24 injecting delay of 9 seconds
Results Aggregated in 19.27 seconds.
{'TextMLP': {'train_loss': [0.6042531619257397, 0.5203527527504497, 0.48455694648954606, 0.4638950658109453, 0.4543245600369242, 0.44908470768001346, 0.4429429435796208, 0.4388361712733905, 0.4446295647011863, 0.43736390149063537, 0.43361848418447707, 0.4308927827331755, 0.4428930737508668, 0.43046014507081776, 0.4274505138562785, 0.42622917676501804, 0.42305599383115766, 0.42697815768983627, 0.42664830495119094, 0.4219234368191825], 'train_accuracy': [0.7798305555555556, 0.8104416666666666, 0.8238263888888889, 0.8313902777777777, 0.8345916666666666, 0.8358972222222222, 0.8376138888888889, 0.8397694444444445, 0.8372472222222223, 0.8397402777777778, 0.8409486111111111, 0.8422763888888889, 0.8363138888888889, 0.8419763888888889, 0.8430305555555555, 0.8436430555555555, 0.8452680555555555, 0.8429513888888889, 0.8427388888888889, 0.8456486111111111], 'train_f1': [0.779061543293289, 0.8098958734050996, 0.8234404603408226, 0.8310199412592804, 0.8340064703963339, 0.8357170256032499, 0.837030198663552, 0.8390778602069172, 0.8363047207707439, 0.839791097513014, 0.8404310669328428, 0.8421527855913918, 0.8352860832677884, 0.8409386872419827, 0.8425073063732403, 0.8431228105627, 0.8451281997541519, 0.8425477125099617, 0.841995652823735, 0.8453173617797765], 'train_mae': [0.3511388888888889, 0.2988472222222222, 0.28192083333333334, 0.26408611111111113, 0.26038194444444446, 0.2632527777777778, 0.2579986111111111, 0.2545277777777778, 0.25990833333333335, 0.25561666666666666, 0.25293472222222224, 0.2509263888888889, 0.25246805555555557, 0.24845416666666667, 0.24891805555555555, 0.25003888888888887, 0.24559305555555555, 0.25459444444444446, 0.24973333333333333, 0.24494027777777777], 'val_loss': [0.6145875278062988, 0.5359098082153421, 0.5027543497085571, 0.48171674322663693, 0.4732317824426451, 0.4697598086428224, 0.4641254217478267, 0.45930637271780717, 0.4659799407448685, 0.4586572771950772, 0.45552107313223056, 0.4520423194504621, 0.4637029422584333, 0.45279230080152805, 0.44921426055724156, 0.44765917908727076, 0.4444025469349142, 0.4505446203654273, 0.44911092984048945, 0.44469616511411836], 'val_accuracy': [0.7745833333333333, 0.8028508771929825, 0.8141447368421053, 0.8242763157894736, 0.8265789473684211, 0.8270394736842105, 0.8288815789473685, 0.8314692982456141, 0.8300657894736841, 0.8311184210526316, 0.8321491228070175, 0.8341008771929825, 0.8285745614035087, 0.8335087719298246, 0.8351973684210526, 0.8360087719298246, 0.838311403508772, 0.8353947368421052, 0.8342105263157895, 0.8385307017543859], 'val_f1': [0.7736549620100672, 0.8023242131161917, 0.8136600593599682, 0.8239312451621678, 0.8259733111294202, 0.8268218454795975, 0.8282448753216126, 0.8306896465820593, 0.8290693005544479, 0.8311656872800058, 0.8315247311146513, 0.8339153646145905, 0.8274319807927822, 0.8323498207752469, 0.8346274108057027, 0.8354179917075842, 0.8381810993236978, 0.8348610503802562, 0.8333888678375575, 0.8381458244610568], 'val_mae': [0.35482456140350876, 0.3090570175438596, 0.29611842105263153, 0.2749122807017544, 0.2712280701754386, 0.27519736842105263, 0.26958333333333334, 0.26539473684210524, 0.26918859649122806, 0.26789473684210524, 0.26480263157894735, 0.262719298245614, 0.2638815789473684, 0.26035087719298244, 0.260219298245614, 0.2612061403508772, 0.2560964912280702, 0.264890350877193, 0.2616008771929824, 0.2548464912280702], 'jsd': [(0, 0, 0, 0, 0, 0), (0, 0, 0, 0, 0, 0), (0, 0, 0, 0, 0, 0), (0, 0, 0, 0, 0, 0), (0, 0, 0, 0, 0, 0), (0, 0, 0, 0, 0, 0), (0, 0, 0, 0, 0, 0), (0, 0, 0, 0, 0, 0), (0, 0, 0, 0, 0, 0), (0, 0, 0, 0, 0, 0), (0, 0, 0, 0, 0, 0), (0, 0, 0, 0, 0, 0), (0, 0, 0, 0, 0, 0), (0, 0, 0, 0, 0, 0), (0, 0, 0, 0, 0, 0), (0, 0, 0, 0, 0, 0), (0, 0, 0, 0, 0, 0), (0, 0, 0, 0, 0, 0), (0, 0, 0, 0, 0, 0), (0, 0, 0, 0, 0, 0)]}}
