==========================================
  ___  ______  ___ ______       _ 
 / _ \ | ___ \/   ||  ___|     | |
/ /_\ \| |_/ / /| || |_ ___  __| |
|  _  ||  __/ /_| ||  _/ _ \/ _` |
| | | || |  \___  || ||  __/ (_| |
\_| |_/\_|      |_/\_| \___|\__,_| v.1.5.0

==========================================
Simulation Started!
List of the Architectural Patterns enabled:
Adaptation Enabled ✅
Metric: val_f1, predictor-based: predictors/f1overtime_tree_selector_1280.pkl
Client Registry ✅
Client Selector ✅
 AP Parameters: {'selection_strategy': 'Resource-Based', 'selection_criteria': 'CPU', 'selection_value': 2}
==========================================
Client Client 3 has insufficient CPU (1). Will not participate in the next FL round.
Client Client 4 has insufficient CPU (1). Will not participate in the next FL round.
Client Client 2 participates in this round. (CPU: 2, RAM: 2)
Client Client 5 has insufficient CPU (1). Will not participate in the next FL round.
Client Client 7 has insufficient CPU (1). Will not participate in the next FL round.
Client Client 6 has insufficient CPU (1). Will not participate in the next FL round.
Client Client 9 has insufficient CPU (1). Will not participate in the next FL round.
Client Client 8 has insufficient CPU (1). Will not participate in the next FL round.
Client Client 1 participates in this round. (CPU: 2, RAM: 2)
Client Client 10 has insufficient CPU (1). Will not participate in the next FL round.
Results Aggregated in 26.16 seconds.
{'CNN 16k': {'train_loss': [2.2210148067474367], 'train_accuracy': [0.1678], 'train_f1': [0.11105373565377923], 'train_mae': [3.4916], 'val_loss': [2.2282619060516358], 'val_accuracy': [0.1625], 'val_f1': [0.10663821315181177], 'val_mae': [3.5229], 'jsd': [(0, 0, 0, 0, 0, 0, 0, 0, 0, 0)]}}
AdaptationManager: Configuring next round...
{'client_registry': {'enabled': True, 'params': {}}, 'client_selector': {'enabled': True, 'params': {'selection_strategy': 'Resource-Based', 'selection_criteria': 'CPU', 'selection_value': 2}}, 'client_cluster': {'enabled': False, 'params': {}}, 'message_compressor': {'enabled': False, 'params': {}}, 'model_co-versioning_registry': {'enabled': False, 'params': {}}, 'multi-task_model_trainer': {'enabled': False, 'params': {}}, 'heterogeneous_data_handler': {'enabled': False, 'params': {}}}
{'client_selector': {'enabled': True}, 'client_cluster': {'enabled': False}, 'message_compressor': {'enabled': False}, 'model_co-versioning_registry': {'enabled': False}, 'multi-task_model_trainer': {'enabled': False}, 'heterogeneous_data_handler': {'enabled': False}, 'client_registry': {'enabled': True, 'params': {}}}
100.0-iid clients, predicted wo:0.0044 vs w:0.0053, client_selector activated ✅
Client Client 2 participates in this round. (CPU: 2, RAM: 2)
Client Client 8 has insufficient CPU (1). Will not participate in the next FL round.
Client Client 6 has insufficient CPU (1). Will not participate in the next FL round.
Client Client 3 has insufficient CPU (1). Will not participate in the next FL round.
Client Client 4 has insufficient CPU (1). Will not participate in the next FL round.
Client Client 1 participates in this round. (CPU: 2, RAM: 2)
Client Client 10 has insufficient CPU (1). Will not participate in the next FL round.
Client Client 9 has insufficient CPU (1). Will not participate in the next FL round.
Client Client 7 has insufficient CPU (1). Will not participate in the next FL round.
Client Client 5 has insufficient CPU (1). Will not participate in the next FL round.
Results Aggregated in 28.97 seconds.
{'CNN 16k': {'train_loss': [2.2210148067474367, 2.001579521560669], 'train_accuracy': [0.1678, 0.2914], 'train_f1': [0.11105373565377923, 0.26591906961168227], 'train_mae': [3.4916, 2.5472], 'val_loss': [2.2282619060516358, 2.0159093885421755], 'val_accuracy': [0.1625, 0.28555], 'val_f1': [0.10663821315181177, 0.2603411062347319], 'val_mae': [3.5229, 2.60765], 'jsd': [(0, 0, 0, 0, 0, 0, 0, 0, 0, 0), (0, 0, 0, 0, 0, 0, 0, 0, 0, 0)]}}
AdaptationManager: Configuring next round...
{'client_registry': {'enabled': True, 'params': {}}, 'client_selector': {'enabled': True, 'params': {'selection_strategy': 'Resource-Based', 'selection_criteria': 'CPU', 'selection_value': 2}}, 'client_cluster': {'enabled': False, 'params': {}}, 'message_compressor': {'enabled': False, 'params': {}}, 'model_co-versioning_registry': {'enabled': False, 'params': {}}, 'multi-task_model_trainer': {'enabled': False, 'params': {}}, 'heterogeneous_data_handler': {'enabled': False, 'params': {}}}
{'client_selector': {'enabled': True}, 'client_cluster': {'enabled': False}, 'message_compressor': {'enabled': False}, 'model_co-versioning_registry': {'enabled': False}, 'multi-task_model_trainer': {'enabled': False}, 'heterogeneous_data_handler': {'enabled': False}, 'client_registry': {'enabled': True, 'params': {}}}
100.0-iid clients, predicted wo:0.0075 vs w:0.0094, client_selector activated ✅
Client Client 8 has insufficient CPU (1). Will not participate in the next FL round.
Client Client 6 has insufficient CPU (1). Will not participate in the next FL round.
Client Client 7 has insufficient CPU (1). Will not participate in the next FL round.
Client Client 9 has insufficient CPU (1). Will not participate in the next FL round.
Client Client 3 has insufficient CPU (1). Will not participate in the next FL round.
Client Client 5 has insufficient CPU (1). Will not participate in the next FL round.
Client Client 2 participates in this round. (CPU: 2, RAM: 2)
Client Client 4 has insufficient CPU (1). Will not participate in the next FL round.
Client Client 10 has insufficient CPU (1). Will not participate in the next FL round.
Client Client 1 participates in this round. (CPU: 2, RAM: 2)
Results Aggregated in 33.12 seconds.
{'CNN 16k': {'train_loss': [2.2210148067474367, 2.001579521560669, 1.8356433160146077], 'train_accuracy': [0.1678, 0.2914, 0.3382], 'train_f1': [0.11105373565377923, 0.26591906961168227, 0.31171827401350855], 'train_mae': [3.4916, 2.5472, 2.526266666666667], 'val_loss': [2.2282619060516358, 2.0159093885421755, 1.8556764370918275], 'val_accuracy': [0.1625, 0.28555, 0.33], 'val_f1': [0.10663821315181177, 0.2603411062347319, 0.3030686523289507], 'val_mae': [3.5229, 2.60765, 2.5559], 'jsd': [(0, 0, 0, 0, 0, 0, 0, 0, 0, 0), (0, 0, 0, 0, 0, 0, 0, 0, 0, 0), (0, 0, 0, 0, 0, 0, 0, 0, 0, 0)]}}
AdaptationManager: Configuring next round...
{'client_registry': {'enabled': True, 'params': {}}, 'client_selector': {'enabled': True, 'params': {'selection_strategy': 'Resource-Based', 'selection_criteria': 'CPU', 'selection_value': 2}}, 'client_cluster': {'enabled': False, 'params': {}}, 'message_compressor': {'enabled': False, 'params': {}}, 'model_co-versioning_registry': {'enabled': False, 'params': {}}, 'multi-task_model_trainer': {'enabled': False, 'params': {}}, 'heterogeneous_data_handler': {'enabled': False, 'params': {}}}
{'client_selector': {'enabled': True}, 'client_cluster': {'enabled': False}, 'message_compressor': {'enabled': False}, 'model_co-versioning_registry': {'enabled': False}, 'multi-task_model_trainer': {'enabled': False}, 'heterogeneous_data_handler': {'enabled': False}, 'client_registry': {'enabled': True, 'params': {}}}
100.0-iid clients, predicted wo:0.0075 vs w:0.0094, client_selector activated ✅
Client Client 10 has insufficient CPU (1). Will not participate in the next FL round.
Client Client 3 has insufficient CPU (1). Will not participate in the next FL round.
Client Client 2 participates in this round. (CPU: 2, RAM: 2)
Client Client 9 has insufficient CPU (1). Will not participate in the next FL round.
Client Client 4 has insufficient CPU (1). Will not participate in the next FL round.
Client Client 1 participates in this round. (CPU: 2, RAM: 2)
Client Client 8 has insufficient CPU (1). Will not participate in the next FL round.
Client Client 7 has insufficient CPU (1). Will not participate in the next FL round.
Client Client 6 has insufficient CPU (1). Will not participate in the next FL round.
Client Client 5 has insufficient CPU (1). Will not participate in the next FL round.
Results Aggregated in 36.16 seconds.
{'CNN 16k': {'train_loss': [2.2210148067474367, 2.001579521560669, 1.8356433160146077, 1.7450421094894408], 'train_accuracy': [0.1678, 0.2914, 0.3382, 0.3677], 'train_f1': [0.11105373565377923, 0.26591906961168227, 0.31171827401350855, 0.3424134457352744], 'train_mae': [3.4916, 2.5472, 2.526266666666667, 2.3059], 'val_loss': [2.2282619060516358, 2.0159093885421755, 1.8556764370918275, 1.7650972873687745], 'val_accuracy': [0.1625, 0.28555, 0.33, 0.3576], 'val_f1': [0.10663821315181177, 0.2603411062347319, 0.3030686523289507, 0.33186249316937766], 'val_mae': [3.5229, 2.60765, 2.5559, 2.3265], 'jsd': [(0, 0, 0, 0, 0, 0, 0, 0, 0, 0), (0, 0, 0, 0, 0, 0, 0, 0, 0, 0), (0, 0, 0, 0, 0, 0, 0, 0, 0, 0), (0, 0, 0, 0, 0, 0, 0, 0, 0, 0)]}}
AdaptationManager: Configuring next round...
{'client_registry': {'enabled': True, 'params': {}}, 'client_selector': {'enabled': True, 'params': {'selection_strategy': 'Resource-Based', 'selection_criteria': 'CPU', 'selection_value': 2}}, 'client_cluster': {'enabled': False, 'params': {}}, 'message_compressor': {'enabled': False, 'params': {}}, 'model_co-versioning_registry': {'enabled': False, 'params': {}}, 'multi-task_model_trainer': {'enabled': False, 'params': {}}, 'heterogeneous_data_handler': {'enabled': False, 'params': {}}}
{'client_selector': {'enabled': True}, 'client_cluster': {'enabled': False}, 'message_compressor': {'enabled': False}, 'model_co-versioning_registry': {'enabled': False}, 'multi-task_model_trainer': {'enabled': False}, 'heterogeneous_data_handler': {'enabled': False}, 'client_registry': {'enabled': True, 'params': {}}}
100.0-iid clients, predicted wo:0.0075 vs w:0.0094, client_selector activated ✅
Client Client 9 has insufficient CPU (1). Will not participate in the next FL round.
Client Client 4 has insufficient CPU (1). Will not participate in the next FL round.
Client Client 2 participates in this round. (CPU: 2, RAM: 2)
Client Client 3 has insufficient CPU (1). Will not participate in the next FL round.
Client Client 6 has insufficient CPU (1). Will not participate in the next FL round.
Client Client 1 participates in this round. (CPU: 2, RAM: 2)
Client Client 7 has insufficient CPU (1). Will not participate in the next FL round.
Client Client 8 has insufficient CPU (1). Will not participate in the next FL round.
Client Client 10 has insufficient CPU (1). Will not participate in the next FL round.
Client Client 5 has insufficient CPU (1). Will not participate in the next FL round.
Results Aggregated in 38.86 seconds.
{'CNN 16k': {'train_loss': [2.2210148067474367, 2.001579521560669, 1.8356433160146077, 1.7450421094894408, 1.6668627828598022], 'train_accuracy': [0.1678, 0.2914, 0.3382, 0.3677, 0.38876], 'train_f1': [0.11105373565377923, 0.26591906961168227, 0.31171827401350855, 0.3424134457352744, 0.37777116786645626], 'train_mae': [3.4916, 2.5472, 2.526266666666667, 2.3059, 2.21244], 'val_loss': [2.2282619060516358, 2.0159093885421755, 1.8556764370918275, 1.7650972873687745, 1.6875779768943786], 'val_accuracy': [0.1625, 0.28555, 0.33, 0.3576, 0.3795], 'val_f1': [0.10663821315181177, 0.2603411062347319, 0.3030686523289507, 0.33186249316937766, 0.3670996162176179], 'val_mae': [3.5229, 2.60765, 2.5559, 2.3265, 2.23685], 'jsd': [(0, 0, 0, 0, 0, 0, 0, 0, 0, 0), (0, 0, 0, 0, 0, 0, 0, 0, 0, 0), (0, 0, 0, 0, 0, 0, 0, 0, 0, 0), (0, 0, 0, 0, 0, 0, 0, 0, 0, 0), (0, 0, 0, 0, 0, 0, 0, 0, 0, 0)]}}
AdaptationManager: Configuring next round...
{'client_registry': {'enabled': True, 'params': {}}, 'client_selector': {'enabled': True, 'params': {'selection_strategy': 'Resource-Based', 'selection_criteria': 'CPU', 'selection_value': 2}}, 'client_cluster': {'enabled': False, 'params': {}}, 'message_compressor': {'enabled': False, 'params': {}}, 'model_co-versioning_registry': {'enabled': False, 'params': {}}, 'multi-task_model_trainer': {'enabled': False, 'params': {}}, 'heterogeneous_data_handler': {'enabled': False, 'params': {}}}
{'client_selector': {'enabled': True}, 'client_cluster': {'enabled': False}, 'message_compressor': {'enabled': False}, 'model_co-versioning_registry': {'enabled': False}, 'multi-task_model_trainer': {'enabled': False}, 'heterogeneous_data_handler': {'enabled': False}, 'client_registry': {'enabled': True, 'params': {}}}
100.0-iid clients, predicted wo:0.0080 vs w:0.0096, client_selector activated ✅
Client Client 2 participates in this round. (CPU: 2, RAM: 2)
Client Client 9 has insufficient CPU (1). Will not participate in the next FL round.
Client Client 3 has insufficient CPU (1). Will not participate in the next FL round.
Client Client 5 has insufficient CPU (1). Will not participate in the next FL round.
Client Client 6 has insufficient CPU (1). Will not participate in the next FL round.
Client Client 8 has insufficient CPU (1). Will not participate in the next FL round.
Client Client 4 has insufficient CPU (1). Will not participate in the next FL round.
Client Client 1 participates in this round. (CPU: 2, RAM: 2)
Client Client 10 has insufficient CPU (1). Will not participate in the next FL round.
Client Client 7 has insufficient CPU (1). Will not participate in the next FL round.
Results Aggregated in 43.05 seconds.
{'CNN 16k': {'train_loss': [2.2210148067474367, 2.001579521560669, 1.8356433160146077, 1.7450421094894408, 1.6668627828598022, 1.6132977362950642], 'train_accuracy': [0.1678, 0.2914, 0.3382, 0.3677, 0.38876, 0.4148], 'train_f1': [0.11105373565377923, 0.26591906961168227, 0.31171827401350855, 0.3424134457352744, 0.37777116786645626, 0.4045525239535827], 'train_mae': [3.4916, 2.5472, 2.526266666666667, 2.3059, 2.21244, 2.0999333333333334], 'val_loss': [2.2282619060516358, 2.0159093885421755, 1.8556764370918275, 1.7650972873687745, 1.6875779768943786, 1.6363441856384278], 'val_accuracy': [0.1625, 0.28555, 0.33, 0.3576, 0.3795, 0.40605], 'val_f1': [0.10663821315181177, 0.2603411062347319, 0.3030686523289507, 0.33186249316937766, 0.3670996162176179, 0.39526351835759505], 'val_mae': [3.5229, 2.60765, 2.5559, 2.3265, 2.23685, 2.1405], 'jsd': [(0, 0, 0, 0, 0, 0, 0, 0, 0, 0), (0, 0, 0, 0, 0, 0, 0, 0, 0, 0), (0, 0, 0, 0, 0, 0, 0, 0, 0, 0), (0, 0, 0, 0, 0, 0, 0, 0, 0, 0), (0, 0, 0, 0, 0, 0, 0, 0, 0, 0), (0, 0, 0, 0, 0, 0, 0, 0, 0, 0)]}}
AdaptationManager: Configuring next round...
{'client_registry': {'enabled': True, 'params': {}}, 'client_selector': {'enabled': True, 'params': {'selection_strategy': 'Resource-Based', 'selection_criteria': 'CPU', 'selection_value': 2}}, 'client_cluster': {'enabled': False, 'params': {}}, 'message_compressor': {'enabled': False, 'params': {}}, 'model_co-versioning_registry': {'enabled': False, 'params': {}}, 'multi-task_model_trainer': {'enabled': False, 'params': {}}, 'heterogeneous_data_handler': {'enabled': False, 'params': {}}}
{'client_selector': {'enabled': True}, 'client_cluster': {'enabled': False}, 'message_compressor': {'enabled': False}, 'model_co-versioning_registry': {'enabled': False}, 'multi-task_model_trainer': {'enabled': False}, 'heterogeneous_data_handler': {'enabled': False}, 'client_registry': {'enabled': True, 'params': {}}}
100.0-iid clients, predicted wo:0.0075 vs w:0.0094, client_selector activated ✅
Client Client 7 has insufficient CPU (1). Will not participate in the next FL round.
Client Client 5 has insufficient CPU (1). Will not participate in the next FL round.
Client Client 9 has insufficient CPU (1). Will not participate in the next FL round.
Client Client 3 has insufficient CPU (1). Will not participate in the next FL round.
Client Client 4 has insufficient CPU (1). Will not participate in the next FL round.
Client Client 2 participates in this round. (CPU: 2, RAM: 2)
Client Client 6 has insufficient CPU (1). Will not participate in the next FL round.
Client Client 8 has insufficient CPU (1). Will not participate in the next FL round.
Client Client 1 participates in this round. (CPU: 2, RAM: 2)
Client Client 10 has insufficient CPU (1). Will not participate in the next FL round.
Results Aggregated in 47.43 seconds.
{'CNN 16k': {'train_loss': [2.2210148067474367, 2.001579521560669, 1.8356433160146077, 1.7450421094894408, 1.6668627828598022, 1.6132977362950642, 1.552625018787384], 'train_accuracy': [0.1678, 0.2914, 0.3382, 0.3677, 0.38876, 0.4148, 0.4349142857142857], 'train_f1': [0.11105373565377923, 0.26591906961168227, 0.31171827401350855, 0.3424134457352744, 0.37777116786645626, 0.4045525239535827, 0.42224946127229207], 'train_mae': [3.4916, 2.5472, 2.526266666666667, 2.3059, 2.21244, 2.0999333333333334, 2.039657142857143], 'val_loss': [2.2282619060516358, 2.0159093885421755, 1.8556764370918275, 1.7650972873687745, 1.6875779768943786, 1.6363441856384278, 1.575131403541565], 'val_accuracy': [0.1625, 0.28555, 0.33, 0.3576, 0.3795, 0.40605, 0.42415], 'val_f1': [0.10663821315181177, 0.2603411062347319, 0.3030686523289507, 0.33186249316937766, 0.3670996162176179, 0.39526351835759505, 0.4111888376635901], 'val_mae': [3.5229, 2.60765, 2.5559, 2.3265, 2.23685, 2.1405, 2.0642], 'jsd': [(0, 0, 0, 0, 0, 0, 0, 0, 0, 0), (0, 0, 0, 0, 0, 0, 0, 0, 0, 0), (0, 0, 0, 0, 0, 0, 0, 0, 0, 0), (0, 0, 0, 0, 0, 0, 0, 0, 0, 0), (0, 0, 0, 0, 0, 0, 0, 0, 0, 0), (0, 0, 0, 0, 0, 0, 0, 0, 0, 0), (0, 0, 0, 0, 0, 0, 0, 0, 0, 0)]}}
AdaptationManager: Configuring next round...
{'client_registry': {'enabled': True, 'params': {}}, 'client_selector': {'enabled': True, 'params': {'selection_strategy': 'Resource-Based', 'selection_criteria': 'CPU', 'selection_value': 2}}, 'client_cluster': {'enabled': False, 'params': {}}, 'message_compressor': {'enabled': False, 'params': {}}, 'model_co-versioning_registry': {'enabled': False, 'params': {}}, 'multi-task_model_trainer': {'enabled': False, 'params': {}}, 'heterogeneous_data_handler': {'enabled': False, 'params': {}}}
{'client_selector': {'enabled': True}, 'client_cluster': {'enabled': False}, 'message_compressor': {'enabled': False}, 'model_co-versioning_registry': {'enabled': False}, 'multi-task_model_trainer': {'enabled': False}, 'heterogeneous_data_handler': {'enabled': False}, 'client_registry': {'enabled': True, 'params': {}}}
100.0-iid clients, predicted wo:0.0088 vs w:0.0094, client_selector activated ✅
Client Client 4 has insufficient CPU (1). Will not participate in the next FL round.
Client Client 9 has insufficient CPU (1). Will not participate in the next FL round.
Client Client 2 participates in this round. (CPU: 2, RAM: 2)
Client Client 6 has insufficient CPU (1). Will not participate in the next FL round.
Client Client 3 has insufficient CPU (1). Will not participate in the next FL round.
Client Client 8 has insufficient CPU (1). Will not participate in the next FL round.
Client Client 10 has insufficient CPU (1). Will not participate in the next FL round.
Client Client 7 has insufficient CPU (1). Will not participate in the next FL round.
Client Client 1 participates in this round. (CPU: 2, RAM: 2)
Client Client 5 has insufficient CPU (1). Will not participate in the next FL round.
Results Aggregated in 52.05 seconds.
{'CNN 16k': {'train_loss': [2.2210148067474367, 2.001579521560669, 1.8356433160146077, 1.7450421094894408, 1.6668627828598022, 1.6132977362950642, 1.552625018787384, 1.5237536571502686], 'train_accuracy': [0.1678, 0.2914, 0.3382, 0.3677, 0.38876, 0.4148, 0.4349142857142857, 0.449325], 'train_f1': [0.11105373565377923, 0.26591906961168227, 0.31171827401350855, 0.3424134457352744, 0.37777116786645626, 0.4045525239535827, 0.42224946127229207, 0.4423557781734472], 'train_mae': [3.4916, 2.5472, 2.526266666666667, 2.3059, 2.21244, 2.0999333333333334, 2.039657142857143, 2.040875], 'val_loss': [2.2282619060516358, 2.0159093885421755, 1.8556764370918275, 1.7650972873687745, 1.6875779768943786, 1.6363441856384278, 1.575131403541565, 1.5567419776916505], 'val_accuracy': [0.1625, 0.28555, 0.33, 0.3576, 0.3795, 0.40605, 0.42415, 0.435], 'val_f1': [0.10663821315181177, 0.2603411062347319, 0.3030686523289507, 0.33186249316937766, 0.3670996162176179, 0.39526351835759505, 0.4111888376635901, 0.4274271569350638], 'val_mae': [3.5229, 2.60765, 2.5559, 2.3265, 2.23685, 2.1405, 2.0642, 2.0887], 'jsd': [(0, 0, 0, 0, 0, 0, 0, 0, 0, 0), (0, 0, 0, 0, 0, 0, 0, 0, 0, 0), (0, 0, 0, 0, 0, 0, 0, 0, 0, 0), (0, 0, 0, 0, 0, 0, 0, 0, 0, 0), (0, 0, 0, 0, 0, 0, 0, 0, 0, 0), (0, 0, 0, 0, 0, 0, 0, 0, 0, 0), (0, 0, 0, 0, 0, 0, 0, 0, 0, 0), (0, 0, 0, 0, 0, 0, 0, 0, 0, 0)]}}
AdaptationManager: Configuring next round...
{'client_registry': {'enabled': True, 'params': {}}, 'client_selector': {'enabled': True, 'params': {'selection_strategy': 'Resource-Based', 'selection_criteria': 'CPU', 'selection_value': 2}}, 'client_cluster': {'enabled': False, 'params': {}}, 'message_compressor': {'enabled': False, 'params': {}}, 'model_co-versioning_registry': {'enabled': False, 'params': {}}, 'multi-task_model_trainer': {'enabled': False, 'params': {}}, 'heterogeneous_data_handler': {'enabled': False, 'params': {}}}
{'client_selector': {'enabled': True}, 'client_cluster': {'enabled': False}, 'message_compressor': {'enabled': False}, 'model_co-versioning_registry': {'enabled': False}, 'multi-task_model_trainer': {'enabled': False}, 'heterogeneous_data_handler': {'enabled': False}, 'client_registry': {'enabled': True, 'params': {}}}
100.0-iid clients, predicted wo:0.0084 vs w:0.0094, client_selector activated ✅
Client Client 3 has insufficient CPU (1). Will not participate in the next FL round.
Client Client 4 has insufficient CPU (1). Will not participate in the next FL round.
Client Client 2 participates in this round. (CPU: 2, RAM: 2)
Client Client 10 has insufficient CPU (1). Will not participate in the next FL round.
Client Client 9 has insufficient CPU (1). Will not participate in the next FL round.
Client Client 8 has insufficient CPU (1). Will not participate in the next FL round.
Client Client 5 has insufficient CPU (1). Will not participate in the next FL round.
Client Client 6 has insufficient CPU (1). Will not participate in the next FL round.
Client Client 1 participates in this round. (CPU: 2, RAM: 2)
Client Client 7 has insufficient CPU (1). Will not participate in the next FL round.
Results Aggregated in 54.74 seconds.
{'CNN 16k': {'train_loss': [2.2210148067474367, 2.001579521560669, 1.8356433160146077, 1.7450421094894408, 1.6668627828598022, 1.6132977362950642, 1.552625018787384, 1.5237536571502686, 1.4603600983937581], 'train_accuracy': [0.1678, 0.2914, 0.3382, 0.3677, 0.38876, 0.4148, 0.4349142857142857, 0.449325, 0.4719111111111111], 'train_f1': [0.11105373565377923, 0.26591906961168227, 0.31171827401350855, 0.3424134457352744, 0.37777116786645626, 0.4045525239535827, 0.42224946127229207, 0.4423557781734472, 0.4682399636091345], 'train_mae': [3.4916, 2.5472, 2.526266666666667, 2.3059, 2.21244, 2.0999333333333334, 2.039657142857143, 2.040875, 1.900711111111111], 'val_loss': [2.2282619060516358, 2.0159093885421755, 1.8556764370918275, 1.7650972873687745, 1.6875779768943786, 1.6363441856384278, 1.575131403541565, 1.5567419776916505, 1.50234753408432], 'val_accuracy': [0.1625, 0.28555, 0.33, 0.3576, 0.3795, 0.40605, 0.42415, 0.435, 0.4548], 'val_f1': [0.10663821315181177, 0.2603411062347319, 0.3030686523289507, 0.33186249316937766, 0.3670996162176179, 0.39526351835759505, 0.4111888376635901, 0.4274271569350638, 0.44999999956631814], 'val_mae': [3.5229, 2.60765, 2.5559, 2.3265, 2.23685, 2.1405, 2.0642, 2.0887, 1.9553], 'jsd': [(0, 0, 0, 0, 0, 0, 0, 0, 0, 0), (0, 0, 0, 0, 0, 0, 0, 0, 0, 0), (0, 0, 0, 0, 0, 0, 0, 0, 0, 0), (0, 0, 0, 0, 0, 0, 0, 0, 0, 0), (0, 0, 0, 0, 0, 0, 0, 0, 0, 0), (0, 0, 0, 0, 0, 0, 0, 0, 0, 0), (0, 0, 0, 0, 0, 0, 0, 0, 0, 0), (0, 0, 0, 0, 0, 0, 0, 0, 0, 0), (0, 0, 0, 0, 0, 0, 0, 0, 0, 0)]}}
AdaptationManager: Configuring next round...
{'client_registry': {'enabled': True, 'params': {}}, 'client_selector': {'enabled': True, 'params': {'selection_strategy': 'Resource-Based', 'selection_criteria': 'CPU', 'selection_value': 2}}, 'client_cluster': {'enabled': False, 'params': {}}, 'message_compressor': {'enabled': False, 'params': {}}, 'model_co-versioning_registry': {'enabled': False, 'params': {}}, 'multi-task_model_trainer': {'enabled': False, 'params': {}}, 'heterogeneous_data_handler': {'enabled': False, 'params': {}}}
{'client_selector': {'enabled': True}, 'client_cluster': {'enabled': False}, 'message_compressor': {'enabled': False}, 'model_co-versioning_registry': {'enabled': False}, 'multi-task_model_trainer': {'enabled': False}, 'heterogeneous_data_handler': {'enabled': False}, 'client_registry': {'enabled': True, 'params': {}}}
100.0-iid clients, predicted wo:0.0081 vs w:0.0094, client_selector activated ✅
Client Client 2 participates in this round. (CPU: 2, RAM: 2)
Client Client 3 has insufficient CPU (1). Will not participate in the next FL round.
Client Client 10 has insufficient CPU (1). Will not participate in the next FL round.
Client Client 7 has insufficient CPU (1). Will not participate in the next FL round.
Client Client 4 has insufficient CPU (1). Will not participate in the next FL round.
Client Client 6 has insufficient CPU (1). Will not participate in the next FL round.
Client Client 8 has insufficient CPU (1). Will not participate in the next FL round.
Client Client 5 has insufficient CPU (1). Will not participate in the next FL round.
Client Client 9 has insufficient CPU (1). Will not participate in the next FL round.
Client Client 1 participates in this round. (CPU: 2, RAM: 2)
Results Aggregated in 60.81 seconds.
{'CNN 16k': {'train_loss': [2.2210148067474367, 2.001579521560669, 1.8356433160146077, 1.7450421094894408, 1.6668627828598022, 1.6132977362950642, 1.552625018787384, 1.5237536571502686, 1.4603600983937581, 1.4230667071151732], 'train_accuracy': [0.1678, 0.2914, 0.3382, 0.3677, 0.38876, 0.4148, 0.4349142857142857, 0.449325, 0.4719111111111111, 0.48332], 'train_f1': [0.11105373565377923, 0.26591906961168227, 0.31171827401350855, 0.3424134457352744, 0.37777116786645626, 0.4045525239535827, 0.42224946127229207, 0.4423557781734472, 0.4682399636091345, 0.47091144764461773], 'train_mae': [3.4916, 2.5472, 2.526266666666667, 2.3059, 2.21244, 2.0999333333333334, 2.039657142857143, 2.040875, 1.900711111111111, 1.89102], 'val_loss': [2.2282619060516358, 2.0159093885421755, 1.8556764370918275, 1.7650972873687745, 1.6875779768943786, 1.6363441856384278, 1.575131403541565, 1.5567419776916505, 1.50234753408432, 1.4687804445266723], 'val_accuracy': [0.1625, 0.28555, 0.33, 0.3576, 0.3795, 0.40605, 0.42415, 0.435, 0.4548, 0.4656], 'val_f1': [0.10663821315181177, 0.2603411062347319, 0.3030686523289507, 0.33186249316937766, 0.3670996162176179, 0.39526351835759505, 0.4111888376635901, 0.4274271569350638, 0.44999999956631814, 0.4532427954157049], 'val_mae': [3.5229, 2.60765, 2.5559, 2.3265, 2.23685, 2.1405, 2.0642, 2.0887, 1.9553, 1.9466], 'jsd': [(0, 0, 0, 0, 0, 0, 0, 0, 0, 0), (0, 0, 0, 0, 0, 0, 0, 0, 0, 0), (0, 0, 0, 0, 0, 0, 0, 0, 0, 0), (0, 0, 0, 0, 0, 0, 0, 0, 0, 0), (0, 0, 0, 0, 0, 0, 0, 0, 0, 0), (0, 0, 0, 0, 0, 0, 0, 0, 0, 0), (0, 0, 0, 0, 0, 0, 0, 0, 0, 0), (0, 0, 0, 0, 0, 0, 0, 0, 0, 0), (0, 0, 0, 0, 0, 0, 0, 0, 0, 0), (0, 0, 0, 0, 0, 0, 0, 0, 0, 0)]}}
AdaptationManager: Configuring next round...
{'client_registry': {'enabled': True, 'params': {}}, 'client_selector': {'enabled': True, 'params': {'selection_strategy': 'Resource-Based', 'selection_criteria': 'CPU', 'selection_value': 2}}, 'client_cluster': {'enabled': False, 'params': {}}, 'message_compressor': {'enabled': False, 'params': {}}, 'model_co-versioning_registry': {'enabled': False, 'params': {}}, 'multi-task_model_trainer': {'enabled': False, 'params': {}}, 'heterogeneous_data_handler': {'enabled': False, 'params': {}}}
{'client_selector': {'enabled': True}, 'client_cluster': {'enabled': False}, 'message_compressor': {'enabled': False}, 'model_co-versioning_registry': {'enabled': False}, 'multi-task_model_trainer': {'enabled': False}, 'heterogeneous_data_handler': {'enabled': False}, 'client_registry': {'enabled': True, 'params': {}}}
100.0-iid clients, predicted wo:0.0079 vs w:0.0081, client_selector activated ✅
Client Client 2 participates in this round. (CPU: 2, RAM: 2)
Client Client 4 has insufficient CPU (1). Will not participate in the next FL round.
Client Client 10 has insufficient CPU (1). Will not participate in the next FL round.
Client Client 8 has insufficient CPU (1). Will not participate in the next FL round.
Client Client 9 has insufficient CPU (1). Will not participate in the next FL round.
Client Client 3 has insufficient CPU (1). Will not participate in the next FL round.
Client Client 5 has insufficient CPU (1). Will not participate in the next FL round.
Client Client 7 has insufficient CPU (1). Will not participate in the next FL round.
Client Client 6 has insufficient CPU (1). Will not participate in the next FL round.
Client Client 1 participates in this round. (CPU: 2, RAM: 2)
Results Aggregated in 62.61 seconds.
{'CNN 16k': {'train_loss': [2.2210148067474367, 2.001579521560669, 1.8356433160146077, 1.7450421094894408, 1.6668627828598022, 1.6132977362950642, 1.552625018787384, 1.5237536571502686, 1.4603600983937581, 1.4230667071151732, 1.3656710594697432], 'train_accuracy': [0.1678, 0.2914, 0.3382, 0.3677, 0.38876, 0.4148, 0.4349142857142857, 0.449325, 0.4719111111111111, 0.48332, 0.506490909090909], 'train_f1': [0.11105373565377923, 0.26591906961168227, 0.31171827401350855, 0.3424134457352744, 0.37777116786645626, 0.4045525239535827, 0.42224946127229207, 0.4423557781734472, 0.4682399636091345, 0.47091144764461773, 0.5006241307319718], 'train_mae': [3.4916, 2.5472, 2.526266666666667, 2.3059, 2.21244, 2.0999333333333334, 2.039657142857143, 2.040875, 1.900711111111111, 1.89102, 1.8370545454545455], 'val_loss': [2.2282619060516358, 2.0159093885421755, 1.8556764370918275, 1.7650972873687745, 1.6875779768943786, 1.6363441856384278, 1.575131403541565, 1.5567419776916505, 1.50234753408432, 1.4687804445266723, 1.4244698857307434], 'val_accuracy': [0.1625, 0.28555, 0.33, 0.3576, 0.3795, 0.40605, 0.42415, 0.435, 0.4548, 0.4656, 0.4817], 'val_f1': [0.10663821315181177, 0.2603411062347319, 0.3030686523289507, 0.33186249316937766, 0.3670996162176179, 0.39526351835759505, 0.4111888376635901, 0.4274271569350638, 0.44999999956631814, 0.4532427954157049, 0.47552458500415234], 'val_mae': [3.5229, 2.60765, 2.5559, 2.3265, 2.23685, 2.1405, 2.0642, 2.0887, 1.9553, 1.9466, 1.92725], 'jsd': [(0, 0, 0, 0, 0, 0, 0, 0, 0, 0), (0, 0, 0, 0, 0, 0, 0, 0, 0, 0), (0, 0, 0, 0, 0, 0, 0, 0, 0, 0), (0, 0, 0, 0, 0, 0, 0, 0, 0, 0), (0, 0, 0, 0, 0, 0, 0, 0, 0, 0), (0, 0, 0, 0, 0, 0, 0, 0, 0, 0), (0, 0, 0, 0, 0, 0, 0, 0, 0, 0), (0, 0, 0, 0, 0, 0, 0, 0, 0, 0), (0, 0, 0, 0, 0, 0, 0, 0, 0, 0), (0, 0, 0, 0, 0, 0, 0, 0, 0, 0), (0, 0, 0, 0, 0, 0, 0, 0, 0, 0)]}}
AdaptationManager: Configuring next round...
{'client_registry': {'enabled': True, 'params': {}}, 'client_selector': {'enabled': True, 'params': {'selection_strategy': 'Resource-Based', 'selection_criteria': 'CPU', 'selection_value': 2}}, 'client_cluster': {'enabled': False, 'params': {}}, 'message_compressor': {'enabled': False, 'params': {}}, 'model_co-versioning_registry': {'enabled': False, 'params': {}}, 'multi-task_model_trainer': {'enabled': False, 'params': {}}, 'heterogeneous_data_handler': {'enabled': False, 'params': {}}}
{'client_selector': {'enabled': True}, 'client_cluster': {'enabled': False}, 'message_compressor': {'enabled': False}, 'model_co-versioning_registry': {'enabled': False}, 'multi-task_model_trainer': {'enabled': False}, 'heterogeneous_data_handler': {'enabled': False}, 'client_registry': {'enabled': True, 'params': {}}}
100.0-iid clients, predicted wo:0.0079 vs w:0.0085, client_selector activated ✅
Client Client 3 has insufficient CPU (1). Will not participate in the next FL round.
Client Client 5 has insufficient CPU (1). Will not participate in the next FL round.
Client Client 8 has insufficient CPU (1). Will not participate in the next FL round.
Client Client 2 participates in this round. (CPU: 2, RAM: 2)
Client Client 4 has insufficient CPU (1). Will not participate in the next FL round.
Client Client 9 has insufficient CPU (1). Will not participate in the next FL round.
Client Client 6 has insufficient CPU (1). Will not participate in the next FL round.
Client Client 10 has insufficient CPU (1). Will not participate in the next FL round.
Client Client 7 has insufficient CPU (1). Will not participate in the next FL round.
Client Client 1 participates in this round. (CPU: 2, RAM: 2)
Results Aggregated in 65.78 seconds.
{'CNN 16k': {'train_loss': [2.2210148067474367, 2.001579521560669, 1.8356433160146077, 1.7450421094894408, 1.6668627828598022, 1.6132977362950642, 1.552625018787384, 1.5237536571502686, 1.4603600983937581, 1.4230667071151732, 1.3656710594697432, 1.3255127300580343], 'train_accuracy': [0.1678, 0.2914, 0.3382, 0.3677, 0.38876, 0.4148, 0.4349142857142857, 0.449325, 0.4719111111111111, 0.48332, 0.506490909090909, 0.5240166666666667], 'train_f1': [0.11105373565377923, 0.26591906961168227, 0.31171827401350855, 0.3424134457352744, 0.37777116786645626, 0.4045525239535827, 0.42224946127229207, 0.4423557781734472, 0.4682399636091345, 0.47091144764461773, 0.5006241307319718, 0.5155169625441436], 'train_mae': [3.4916, 2.5472, 2.526266666666667, 2.3059, 2.21244, 2.0999333333333334, 2.039657142857143, 2.040875, 1.900711111111111, 1.89102, 1.8370545454545455, 1.7325166666666667], 'val_loss': [2.2282619060516358, 2.0159093885421755, 1.8556764370918275, 1.7650972873687745, 1.6875779768943786, 1.6363441856384278, 1.575131403541565, 1.5567419776916505, 1.50234753408432, 1.4687804445266723, 1.4244698857307434, 1.389793060874939], 'val_accuracy': [0.1625, 0.28555, 0.33, 0.3576, 0.3795, 0.40605, 0.42415, 0.435, 0.4548, 0.4656, 0.4817, 0.4942], 'val_f1': [0.10663821315181177, 0.2603411062347319, 0.3030686523289507, 0.33186249316937766, 0.3670996162176179, 0.39526351835759505, 0.4111888376635901, 0.4274271569350638, 0.44999999956631814, 0.4532427954157049, 0.47552458500415234, 0.48505075385715646], 'val_mae': [3.5229, 2.60765, 2.5559, 2.3265, 2.23685, 2.1405, 2.0642, 2.0887, 1.9553, 1.9466, 1.92725, 1.846], 'jsd': [(0, 0, 0, 0, 0, 0, 0, 0, 0, 0), (0, 0, 0, 0, 0, 0, 0, 0, 0, 0), (0, 0, 0, 0, 0, 0, 0, 0, 0, 0), (0, 0, 0, 0, 0, 0, 0, 0, 0, 0), (0, 0, 0, 0, 0, 0, 0, 0, 0, 0), (0, 0, 0, 0, 0, 0, 0, 0, 0, 0), (0, 0, 0, 0, 0, 0, 0, 0, 0, 0), (0, 0, 0, 0, 0, 0, 0, 0, 0, 0), (0, 0, 0, 0, 0, 0, 0, 0, 0, 0), (0, 0, 0, 0, 0, 0, 0, 0, 0, 0), (0, 0, 0, 0, 0, 0, 0, 0, 0, 0), (0, 0, 0, 0, 0, 0, 0, 0, 0, 0)]}}
AdaptationManager: Configuring next round...
{'client_registry': {'enabled': True, 'params': {}}, 'client_selector': {'enabled': True, 'params': {'selection_strategy': 'Resource-Based', 'selection_criteria': 'CPU', 'selection_value': 2}}, 'client_cluster': {'enabled': False, 'params': {}}, 'message_compressor': {'enabled': False, 'params': {}}, 'model_co-versioning_registry': {'enabled': False, 'params': {}}, 'multi-task_model_trainer': {'enabled': False, 'params': {}}, 'heterogeneous_data_handler': {'enabled': False, 'params': {}}}
{'client_selector': {'enabled': True}, 'client_cluster': {'enabled': False}, 'message_compressor': {'enabled': False}, 'model_co-versioning_registry': {'enabled': False}, 'multi-task_model_trainer': {'enabled': False}, 'heterogeneous_data_handler': {'enabled': False}, 'client_registry': {'enabled': True, 'params': {}}}
100.0-iid clients, predicted wo:0.0079 vs w:0.0081, client_selector activated ✅
Client Client 5 has insufficient CPU (1). Will not participate in the next FL round.
Client Client 3 has insufficient CPU (1). Will not participate in the next FL round.
Client Client 6 has insufficient CPU (1). Will not participate in the next FL round.
Client Client 4 has insufficient CPU (1). Will not participate in the next FL round.
Client Client 9 has insufficient CPU (1). Will not participate in the next FL round.
Client Client 10 has insufficient CPU (1). Will not participate in the next FL round.
Client Client 7 has insufficient CPU (1). Will not participate in the next FL round.
Client Client 2 participates in this round. (CPU: 2, RAM: 2)
Client Client 8 has insufficient CPU (1). Will not participate in the next FL round.
Client Client 1 participates in this round. (CPU: 2, RAM: 2)
Results Aggregated in 70.72 seconds.
{'CNN 16k': {'train_loss': [2.2210148067474367, 2.001579521560669, 1.8356433160146077, 1.7450421094894408, 1.6668627828598022, 1.6132977362950642, 1.552625018787384, 1.5237536571502686, 1.4603600983937581, 1.4230667071151732, 1.3656710594697432, 1.3255127300580343, 1.3097642595657935], 'train_accuracy': [0.1678, 0.2914, 0.3382, 0.3677, 0.38876, 0.4148, 0.4349142857142857, 0.449325, 0.4719111111111111, 0.48332, 0.506490909090909, 0.5240166666666667, 0.5264923076923077], 'train_f1': [0.11105373565377923, 0.26591906961168227, 0.31171827401350855, 0.3424134457352744, 0.37777116786645626, 0.4045525239535827, 0.42224946127229207, 0.4423557781734472, 0.4682399636091345, 0.47091144764461773, 0.5006241307319718, 0.5155169625441436, 0.5186417721849026], 'train_mae': [3.4916, 2.5472, 2.526266666666667, 2.3059, 2.21244, 2.0999333333333334, 2.039657142857143, 2.040875, 1.900711111111111, 1.89102, 1.8370545454545455, 1.7325166666666667, 1.7381846153846154], 'val_loss': [2.2282619060516358, 2.0159093885421755, 1.8556764370918275, 1.7650972873687745, 1.6875779768943786, 1.6363441856384278, 1.575131403541565, 1.5567419776916505, 1.50234753408432, 1.4687804445266723, 1.4244698857307434, 1.389793060874939, 1.3762312138557433], 'val_accuracy': [0.1625, 0.28555, 0.33, 0.3576, 0.3795, 0.40605, 0.42415, 0.435, 0.4548, 0.4656, 0.4817, 0.4942, 0.5022], 'val_f1': [0.10663821315181177, 0.2603411062347319, 0.3030686523289507, 0.33186249316937766, 0.3670996162176179, 0.39526351835759505, 0.4111888376635901, 0.4274271569350638, 0.44999999956631814, 0.4532427954157049, 0.47552458500415234, 0.48505075385715646, 0.4944910867958221], 'val_mae': [3.5229, 2.60765, 2.5559, 2.3265, 2.23685, 2.1405, 2.0642, 2.0887, 1.9553, 1.9466, 1.92725, 1.846, 1.8373], 'jsd': [(0, 0, 0, 0, 0, 0, 0, 0, 0, 0), (0, 0, 0, 0, 0, 0, 0, 0, 0, 0), (0, 0, 0, 0, 0, 0, 0, 0, 0, 0), (0, 0, 0, 0, 0, 0, 0, 0, 0, 0), (0, 0, 0, 0, 0, 0, 0, 0, 0, 0), (0, 0, 0, 0, 0, 0, 0, 0, 0, 0), (0, 0, 0, 0, 0, 0, 0, 0, 0, 0), (0, 0, 0, 0, 0, 0, 0, 0, 0, 0), (0, 0, 0, 0, 0, 0, 0, 0, 0, 0), (0, 0, 0, 0, 0, 0, 0, 0, 0, 0), (0, 0, 0, 0, 0, 0, 0, 0, 0, 0), (0, 0, 0, 0, 0, 0, 0, 0, 0, 0), (0, 0, 0, 0, 0, 0, 0, 0, 0, 0)]}}
AdaptationManager: Configuring next round...
{'client_registry': {'enabled': True, 'params': {}}, 'client_selector': {'enabled': True, 'params': {'selection_strategy': 'Resource-Based', 'selection_criteria': 'CPU', 'selection_value': 2}}, 'client_cluster': {'enabled': False, 'params': {}}, 'message_compressor': {'enabled': False, 'params': {}}, 'model_co-versioning_registry': {'enabled': False, 'params': {}}, 'multi-task_model_trainer': {'enabled': False, 'params': {}}, 'heterogeneous_data_handler': {'enabled': False, 'params': {}}}
{'client_selector': {'enabled': True}, 'client_cluster': {'enabled': False}, 'message_compressor': {'enabled': False}, 'model_co-versioning_registry': {'enabled': False}, 'multi-task_model_trainer': {'enabled': False}, 'heterogeneous_data_handler': {'enabled': False}, 'client_registry': {'enabled': True, 'params': {}}}
100.0-iid clients, predicted wo:0.0088 vs w:0.0078, client_selector de-activated ❌
Results Aggregated in 74.58 seconds.
{'CNN 16k': {'train_loss': [2.2210148067474367, 2.001579521560669, 1.8356433160146077, 1.7450421094894408, 1.6668627828598022, 1.6132977362950642, 1.552625018787384, 1.5237536571502686, 1.4603600983937581, 1.4230667071151732, 1.3656710594697432, 1.3255127300580343, 1.3097642595657935, 1.2656220758835475], 'train_accuracy': [0.1678, 0.2914, 0.3382, 0.3677, 0.38876, 0.4148, 0.4349142857142857, 0.449325, 0.4719111111111111, 0.48332, 0.506490909090909, 0.5240166666666667, 0.5264923076923077, 0.5444111111111111], 'train_f1': [0.11105373565377923, 0.26591906961168227, 0.31171827401350855, 0.3424134457352744, 0.37777116786645626, 0.4045525239535827, 0.42224946127229207, 0.4423557781734472, 0.4682399636091345, 0.47091144764461773, 0.5006241307319718, 0.5155169625441436, 0.5186417721849026, 0.5377586302010169], 'train_mae': [3.4916, 2.5472, 2.526266666666667, 2.3059, 2.21244, 2.0999333333333334, 2.039657142857143, 2.040875, 1.900711111111111, 1.89102, 1.8370545454545455, 1.7325166666666667, 1.7381846153846154, 1.6675888888888888], 'val_loss': [2.2282619060516358, 2.0159093885421755, 1.8556764370918275, 1.7650972873687745, 1.6875779768943786, 1.6363441856384278, 1.575131403541565, 1.5567419776916505, 1.50234753408432, 1.4687804445266723, 1.4244698857307434, 1.389793060874939, 1.3762312138557433, 1.356153124470181], 'val_accuracy': [0.1625, 0.28555, 0.33, 0.3576, 0.3795, 0.40605, 0.42415, 0.435, 0.4548, 0.4656, 0.4817, 0.4942, 0.5022, 0.5111777777777777], 'val_f1': [0.10663821315181177, 0.2603411062347319, 0.3030686523289507, 0.33186249316937766, 0.3670996162176179, 0.39526351835759505, 0.4111888376635901, 0.4274271569350638, 0.44999999956631814, 0.4532427954157049, 0.47552458500415234, 0.48505075385715646, 0.4944910867958221, 0.503938635949375], 'val_mae': [3.5229, 2.60765, 2.5559, 2.3265, 2.23685, 2.1405, 2.0642, 2.0887, 1.9553, 1.9466, 1.92725, 1.846, 1.8373, 1.79095], 'jsd': [(0, 0, 0, 0, 0, 0, 0, 0, 0, 0), (0, 0, 0, 0, 0, 0, 0, 0, 0, 0), (0, 0, 0, 0, 0, 0, 0, 0, 0, 0), (0, 0, 0, 0, 0, 0, 0, 0, 0, 0), (0, 0, 0, 0, 0, 0, 0, 0, 0, 0), (0, 0, 0, 0, 0, 0, 0, 0, 0, 0), (0, 0, 0, 0, 0, 0, 0, 0, 0, 0), (0, 0, 0, 0, 0, 0, 0, 0, 0, 0), (0, 0, 0, 0, 0, 0, 0, 0, 0, 0), (0, 0, 0, 0, 0, 0, 0, 0, 0, 0), (0, 0, 0, 0, 0, 0, 0, 0, 0, 0), (0, 0, 0, 0, 0, 0, 0, 0, 0, 0), (0, 0, 0, 0, 0, 0, 0, 0, 0, 0), (0, 0, 0, 0, 0, 0, 0, 0, 0, 0)]}}
AdaptationManager: Configuring next round...
{'client_registry': {'enabled': True, 'params': {}}, 'client_selector': {'enabled': True, 'params': {'selection_strategy': 'Resource-Based', 'selection_criteria': 'CPU', 'selection_value': 2}}, 'client_cluster': {'enabled': False, 'params': {}}, 'message_compressor': {'enabled': False, 'params': {}}, 'model_co-versioning_registry': {'enabled': False, 'params': {}}, 'multi-task_model_trainer': {'enabled': False, 'params': {}}, 'heterogeneous_data_handler': {'enabled': False, 'params': {}}}
{'client_selector': {'enabled': False}, 'client_cluster': {'enabled': False}, 'message_compressor': {'enabled': False}, 'model_co-versioning_registry': {'enabled': False}, 'multi-task_model_trainer': {'enabled': False}, 'heterogeneous_data_handler': {'enabled': False}, 'client_registry': {'enabled': True, 'params': {}}}
100.0-iid clients, predicted wo:0.0057 vs w:0.0081, client_selector activated ✅
Client Client 4 has insufficient CPU (1). Will not participate in the next FL round.
Client Client 5 has insufficient CPU (1). Will not participate in the next FL round.
Client Client 9 has insufficient CPU (1). Will not participate in the next FL round.
Client Client 10 has insufficient CPU (1). Will not participate in the next FL round.
Client Client 2 participates in this round. (CPU: 2, RAM: 2)
Client Client 7 has insufficient CPU (1). Will not participate in the next FL round.
Client Client 1 participates in this round. (CPU: 2, RAM: 2)
Client Client 8 has insufficient CPU (1). Will not participate in the next FL round.
Client Client 6 has insufficient CPU (1). Will not participate in the next FL round.
Client Client 3 has insufficient CPU (1). Will not participate in the next FL round.
Results Aggregated in 80.82 seconds.
{'CNN 16k': {'train_loss': [2.2210148067474367, 2.001579521560669, 1.8356433160146077, 1.7450421094894408, 1.6668627828598022, 1.6132977362950642, 1.552625018787384, 1.5237536571502686, 1.4603600983937581, 1.4230667071151732, 1.3656710594697432, 1.3255127300580343, 1.3097642595657935, 1.2656220758835475, 1.27748703912735], 'train_accuracy': [0.1678, 0.2914, 0.3382, 0.3677, 0.38876, 0.4148, 0.4349142857142857, 0.449325, 0.4719111111111111, 0.48332, 0.506490909090909, 0.5240166666666667, 0.5264923076923077, 0.5444111111111111, 0.5403066666666667], 'train_f1': [0.11105373565377923, 0.26591906961168227, 0.31171827401350855, 0.3424134457352744, 0.37777116786645626, 0.4045525239535827, 0.42224946127229207, 0.4423557781734472, 0.4682399636091345, 0.47091144764461773, 0.5006241307319718, 0.5155169625441436, 0.5186417721849026, 0.5377586302010169, 0.5324704796542926], 'train_mae': [3.4916, 2.5472, 2.526266666666667, 2.3059, 2.21244, 2.0999333333333334, 2.039657142857143, 2.040875, 1.900711111111111, 1.89102, 1.8370545454545455, 1.7325166666666667, 1.7381846153846154, 1.6675888888888888, 1.6768933333333333], 'val_loss': [2.2282619060516358, 2.0159093885421755, 1.8556764370918275, 1.7650972873687745, 1.6875779768943786, 1.6363441856384278, 1.575131403541565, 1.5567419776916505, 1.50234753408432, 1.4687804445266723, 1.4244698857307434, 1.389793060874939, 1.3762312138557433, 1.356153124470181, 1.3504641894340514], 'val_accuracy': [0.1625, 0.28555, 0.33, 0.3576, 0.3795, 0.40605, 0.42415, 0.435, 0.4548, 0.4656, 0.4817, 0.4942, 0.5022, 0.5111777777777777, 0.51145], 'val_f1': [0.10663821315181177, 0.2603411062347319, 0.3030686523289507, 0.33186249316937766, 0.3670996162176179, 0.39526351835759505, 0.4111888376635901, 0.4274271569350638, 0.44999999956631814, 0.4532427954157049, 0.47552458500415234, 0.48505075385715646, 0.4944910867958221, 0.503938635949375, 0.503372205263265], 'val_mae': [3.5229, 2.60765, 2.5559, 2.3265, 2.23685, 2.1405, 2.0642, 2.0887, 1.9553, 1.9466, 1.92725, 1.846, 1.8373, 1.79095, 1.77645], 'jsd': [(0, 0, 0, 0, 0, 0, 0, 0, 0, 0), (0, 0, 0, 0, 0, 0, 0, 0, 0, 0), (0, 0, 0, 0, 0, 0, 0, 0, 0, 0), (0, 0, 0, 0, 0, 0, 0, 0, 0, 0), (0, 0, 0, 0, 0, 0, 0, 0, 0, 0), (0, 0, 0, 0, 0, 0, 0, 0, 0, 0), (0, 0, 0, 0, 0, 0, 0, 0, 0, 0), (0, 0, 0, 0, 0, 0, 0, 0, 0, 0), (0, 0, 0, 0, 0, 0, 0, 0, 0, 0), (0, 0, 0, 0, 0, 0, 0, 0, 0, 0), (0, 0, 0, 0, 0, 0, 0, 0, 0, 0), (0, 0, 0, 0, 0, 0, 0, 0, 0, 0), (0, 0, 0, 0, 0, 0, 0, 0, 0, 0), (0, 0, 0, 0, 0, 0, 0, 0, 0, 0), (0, 0, 0, 0, 0, 0, 0, 0, 0, 0)]}}
AdaptationManager: Configuring next round...
{'client_registry': {'enabled': True, 'params': {}}, 'client_selector': {'enabled': True, 'params': {'selection_strategy': 'Resource-Based', 'selection_criteria': 'CPU', 'selection_value': 2}}, 'client_cluster': {'enabled': False, 'params': {}}, 'message_compressor': {'enabled': False, 'params': {}}, 'model_co-versioning_registry': {'enabled': False, 'params': {}}, 'multi-task_model_trainer': {'enabled': False, 'params': {}}, 'heterogeneous_data_handler': {'enabled': False, 'params': {}}}
{'client_selector': {'enabled': True}, 'client_cluster': {'enabled': False}, 'message_compressor': {'enabled': False}, 'model_co-versioning_registry': {'enabled': False}, 'multi-task_model_trainer': {'enabled': False}, 'heterogeneous_data_handler': {'enabled': False}, 'client_registry': {'enabled': True, 'params': {}}}
100.0-iid clients, predicted wo:0.0051 vs w:0.0075, client_selector activated ✅
Client Client 6 has insufficient CPU (1). Will not participate in the next FL round.
Client Client 5 has insufficient CPU (1). Will not participate in the next FL round.
Client Client 8 has insufficient CPU (1). Will not participate in the next FL round.
Client Client 2 participates in this round. (CPU: 2, RAM: 2)
Client Client 7 has insufficient CPU (1). Will not participate in the next FL round.
Client Client 10 has insufficient CPU (1). Will not participate in the next FL round.
Client Client 9 has insufficient CPU (1). Will not participate in the next FL round.
Client Client 1 participates in this round. (CPU: 2, RAM: 2)
Client Client 4 has insufficient CPU (1). Will not participate in the next FL round.
Client Client 3 has insufficient CPU (1). Will not participate in the next FL round.
Results Aggregated in 84.10 seconds.
{'CNN 16k': {'train_loss': [2.2210148067474367, 2.001579521560669, 1.8356433160146077, 1.7450421094894408, 1.6668627828598022, 1.6132977362950642, 1.552625018787384, 1.5237536571502686, 1.4603600983937581, 1.4230667071151732, 1.3656710594697432, 1.3255127300580343, 1.3097642595657935, 1.2656220758835475, 1.27748703912735, 1.240683285522461], 'train_accuracy': [0.1678, 0.2914, 0.3382, 0.3677, 0.38876, 0.4148, 0.4349142857142857, 0.449325, 0.4719111111111111, 0.48332, 0.506490909090909, 0.5240166666666667, 0.5264923076923077, 0.5444111111111111, 0.5403066666666667, 0.5529625], 'train_f1': [0.11105373565377923, 0.26591906961168227, 0.31171827401350855, 0.3424134457352744, 0.37777116786645626, 0.4045525239535827, 0.42224946127229207, 0.4423557781734472, 0.4682399636091345, 0.47091144764461773, 0.5006241307319718, 0.5155169625441436, 0.5186417721849026, 0.5377586302010169, 0.5324704796542926, 0.5485132194351748], 'train_mae': [3.4916, 2.5472, 2.526266666666667, 2.3059, 2.21244, 2.0999333333333334, 2.039657142857143, 2.040875, 1.900711111111111, 1.89102, 1.8370545454545455, 1.7325166666666667, 1.7381846153846154, 1.6675888888888888, 1.6768933333333333, 1.636475], 'val_loss': [2.2282619060516358, 2.0159093885421755, 1.8556764370918275, 1.7650972873687745, 1.6875779768943786, 1.6363441856384278, 1.575131403541565, 1.5567419776916505, 1.50234753408432, 1.4687804445266723, 1.4244698857307434, 1.389793060874939, 1.3762312138557433, 1.356153124470181, 1.3504641894340514, 1.3159719850540161], 'val_accuracy': [0.1625, 0.28555, 0.33, 0.3576, 0.3795, 0.40605, 0.42415, 0.435, 0.4548, 0.4656, 0.4817, 0.4942, 0.5022, 0.5111777777777777, 0.51145, 0.52575], 'val_f1': [0.10663821315181177, 0.2603411062347319, 0.3030686523289507, 0.33186249316937766, 0.3670996162176179, 0.39526351835759505, 0.4111888376635901, 0.4274271569350638, 0.44999999956631814, 0.4532427954157049, 0.47552458500415234, 0.48505075385715646, 0.4944910867958221, 0.503938635949375, 0.503372205263265, 0.5212720974004896], 'val_mae': [3.5229, 2.60765, 2.5559, 2.3265, 2.23685, 2.1405, 2.0642, 2.0887, 1.9553, 1.9466, 1.92725, 1.846, 1.8373, 1.79095, 1.77645, 1.7412], 'jsd': [(0, 0, 0, 0, 0, 0, 0, 0, 0, 0), (0, 0, 0, 0, 0, 0, 0, 0, 0, 0), (0, 0, 0, 0, 0, 0, 0, 0, 0, 0), (0, 0, 0, 0, 0, 0, 0, 0, 0, 0), (0, 0, 0, 0, 0, 0, 0, 0, 0, 0), (0, 0, 0, 0, 0, 0, 0, 0, 0, 0), (0, 0, 0, 0, 0, 0, 0, 0, 0, 0), (0, 0, 0, 0, 0, 0, 0, 0, 0, 0), (0, 0, 0, 0, 0, 0, 0, 0, 0, 0), (0, 0, 0, 0, 0, 0, 0, 0, 0, 0), (0, 0, 0, 0, 0, 0, 0, 0, 0, 0), (0, 0, 0, 0, 0, 0, 0, 0, 0, 0), (0, 0, 0, 0, 0, 0, 0, 0, 0, 0), (0, 0, 0, 0, 0, 0, 0, 0, 0, 0), (0, 0, 0, 0, 0, 0, 0, 0, 0, 0), (0, 0, 0, 0, 0, 0, 0, 0, 0, 0)]}}
AdaptationManager: Configuring next round...
{'client_registry': {'enabled': True, 'params': {}}, 'client_selector': {'enabled': True, 'params': {'selection_strategy': 'Resource-Based', 'selection_criteria': 'CPU', 'selection_value': 2}}, 'client_cluster': {'enabled': False, 'params': {}}, 'message_compressor': {'enabled': False, 'params': {}}, 'model_co-versioning_registry': {'enabled': False, 'params': {}}, 'multi-task_model_trainer': {'enabled': False, 'params': {}}, 'heterogeneous_data_handler': {'enabled': False, 'params': {}}}
{'client_selector': {'enabled': True}, 'client_cluster': {'enabled': False}, 'message_compressor': {'enabled': False}, 'model_co-versioning_registry': {'enabled': False}, 'multi-task_model_trainer': {'enabled': False}, 'heterogeneous_data_handler': {'enabled': False}, 'client_registry': {'enabled': True, 'params': {}}}
100.0-iid clients, predicted wo:0.0051 vs w:0.0075, client_selector activated ✅
Client Client 2 participates in this round. (CPU: 2, RAM: 2)
Client Client 5 has insufficient CPU (1). Will not participate in the next FL round.
Client Client 7 has insufficient CPU (1). Will not participate in the next FL round.
Client Client 6 has insufficient CPU (1). Will not participate in the next FL round.
Client Client 9 has insufficient CPU (1). Will not participate in the next FL round.
Client Client 8 has insufficient CPU (1). Will not participate in the next FL round.
Client Client 4 has insufficient CPU (1). Will not participate in the next FL round.
Client Client 3 has insufficient CPU (1). Will not participate in the next FL round.
Client Client 10 has insufficient CPU (1). Will not participate in the next FL round.
Client Client 1 participates in this round. (CPU: 2, RAM: 2)
Results Aggregated in 84.76 seconds.
{'CNN 16k': {'train_loss': [2.2210148067474367, 2.001579521560669, 1.8356433160146077, 1.7450421094894408, 1.6668627828598022, 1.6132977362950642, 1.552625018787384, 1.5237536571502686, 1.4603600983937581, 1.4230667071151732, 1.3656710594697432, 1.3255127300580343, 1.3097642595657935, 1.2656220758835475, 1.27748703912735, 1.240683285522461, 1.2522937565466936], 'train_accuracy': [0.1678, 0.2914, 0.3382, 0.3677, 0.38876, 0.4148, 0.4349142857142857, 0.449325, 0.4719111111111111, 0.48332, 0.506490909090909, 0.5240166666666667, 0.5264923076923077, 0.5444111111111111, 0.5403066666666667, 0.5529625, 0.5525882352941176], 'train_f1': [0.11105373565377923, 0.26591906961168227, 0.31171827401350855, 0.3424134457352744, 0.37777116786645626, 0.4045525239535827, 0.42224946127229207, 0.4423557781734472, 0.4682399636091345, 0.47091144764461773, 0.5006241307319718, 0.5155169625441436, 0.5186417721849026, 0.5377586302010169, 0.5324704796542926, 0.5485132194351748, 0.5511825451309328], 'train_mae': [3.4916, 2.5472, 2.526266666666667, 2.3059, 2.21244, 2.0999333333333334, 2.039657142857143, 2.040875, 1.900711111111111, 1.89102, 1.8370545454545455, 1.7325166666666667, 1.7381846153846154, 1.6675888888888888, 1.6768933333333333, 1.636475, 1.5979882352941177], 'val_loss': [2.2282619060516358, 2.0159093885421755, 1.8556764370918275, 1.7650972873687745, 1.6875779768943786, 1.6363441856384278, 1.575131403541565, 1.5567419776916505, 1.50234753408432, 1.4687804445266723, 1.4244698857307434, 1.389793060874939, 1.3762312138557433, 1.356153124470181, 1.3504641894340514, 1.3159719850540161, 1.3280567272186279], 'val_accuracy': [0.1625, 0.28555, 0.33, 0.3576, 0.3795, 0.40605, 0.42415, 0.435, 0.4548, 0.4656, 0.4817, 0.4942, 0.5022, 0.5111777777777777, 0.51145, 0.52575, 0.51945], 'val_f1': [0.10663821315181177, 0.2603411062347319, 0.3030686523289507, 0.33186249316937766, 0.3670996162176179, 0.39526351835759505, 0.4111888376635901, 0.4274271569350638, 0.44999999956631814, 0.4532427954157049, 0.47552458500415234, 0.48505075385715646, 0.4944910867958221, 0.503938635949375, 0.503372205263265, 0.5212720974004896, 0.5181519340718591], 'val_mae': [3.5229, 2.60765, 2.5559, 2.3265, 2.23685, 2.1405, 2.0642, 2.0887, 1.9553, 1.9466, 1.92725, 1.846, 1.8373, 1.79095, 1.77645, 1.7412, 1.73335], 'jsd': [(0, 0, 0, 0, 0, 0, 0, 0, 0, 0), (0, 0, 0, 0, 0, 0, 0, 0, 0, 0), (0, 0, 0, 0, 0, 0, 0, 0, 0, 0), (0, 0, 0, 0, 0, 0, 0, 0, 0, 0), (0, 0, 0, 0, 0, 0, 0, 0, 0, 0), (0, 0, 0, 0, 0, 0, 0, 0, 0, 0), (0, 0, 0, 0, 0, 0, 0, 0, 0, 0), (0, 0, 0, 0, 0, 0, 0, 0, 0, 0), (0, 0, 0, 0, 0, 0, 0, 0, 0, 0), (0, 0, 0, 0, 0, 0, 0, 0, 0, 0), (0, 0, 0, 0, 0, 0, 0, 0, 0, 0), (0, 0, 0, 0, 0, 0, 0, 0, 0, 0), (0, 0, 0, 0, 0, 0, 0, 0, 0, 0), (0, 0, 0, 0, 0, 0, 0, 0, 0, 0), (0, 0, 0, 0, 0, 0, 0, 0, 0, 0), (0, 0, 0, 0, 0, 0, 0, 0, 0, 0), (0, 0, 0, 0, 0, 0, 0, 0, 0, 0)]}}
AdaptationManager: Configuring next round...
{'client_registry': {'enabled': True, 'params': {}}, 'client_selector': {'enabled': True, 'params': {'selection_strategy': 'Resource-Based', 'selection_criteria': 'CPU', 'selection_value': 2}}, 'client_cluster': {'enabled': False, 'params': {}}, 'message_compressor': {'enabled': False, 'params': {}}, 'model_co-versioning_registry': {'enabled': False, 'params': {}}, 'multi-task_model_trainer': {'enabled': False, 'params': {}}, 'heterogeneous_data_handler': {'enabled': False, 'params': {}}}
{'client_selector': {'enabled': True}, 'client_cluster': {'enabled': False}, 'message_compressor': {'enabled': False}, 'model_co-versioning_registry': {'enabled': False}, 'multi-task_model_trainer': {'enabled': False}, 'heterogeneous_data_handler': {'enabled': False}, 'client_registry': {'enabled': True, 'params': {}}}
100.0-iid clients, predicted wo:0.0063 vs w:0.0077, client_selector activated ✅
Client Client 8 has insufficient CPU (1). Will not participate in the next FL round.
Client Client 2 participates in this round. (CPU: 2, RAM: 2)
Client Client 4 has insufficient CPU (1). Will not participate in the next FL round.
Client Client 1 participates in this round. (CPU: 2, RAM: 2)
Client Client 10 has insufficient CPU (1). Will not participate in the next FL round.
Client Client 7 has insufficient CPU (1). Will not participate in the next FL round.
Client Client 9 has insufficient CPU (1). Will not participate in the next FL round.
Client Client 6 has insufficient CPU (1). Will not participate in the next FL round.
Client Client 3 has insufficient CPU (1). Will not participate in the next FL round.
Client Client 5 has insufficient CPU (1). Will not participate in the next FL round.
Results Aggregated in 89.93 seconds.
{'CNN 16k': {'train_loss': [2.2210148067474367, 2.001579521560669, 1.8356433160146077, 1.7450421094894408, 1.6668627828598022, 1.6132977362950642, 1.552625018787384, 1.5237536571502686, 1.4603600983937581, 1.4230667071151732, 1.3656710594697432, 1.3255127300580343, 1.3097642595657935, 1.2656220758835475, 1.27748703912735, 1.240683285522461, 1.2522937565466936, 1.2202591327031453], 'train_accuracy': [0.1678, 0.2914, 0.3382, 0.3677, 0.38876, 0.4148, 0.4349142857142857, 0.449325, 0.4719111111111111, 0.48332, 0.506490909090909, 0.5240166666666667, 0.5264923076923077, 0.5444111111111111, 0.5403066666666667, 0.5529625, 0.5525882352941176, 0.5632222222222222], 'train_f1': [0.11105373565377923, 0.26591906961168227, 0.31171827401350855, 0.3424134457352744, 0.37777116786645626, 0.4045525239535827, 0.42224946127229207, 0.4423557781734472, 0.4682399636091345, 0.47091144764461773, 0.5006241307319718, 0.5155169625441436, 0.5186417721849026, 0.5377586302010169, 0.5324704796542926, 0.5485132194351748, 0.5511825451309328, 0.5560873594585974], 'train_mae': [3.4916, 2.5472, 2.526266666666667, 2.3059, 2.21244, 2.0999333333333334, 2.039657142857143, 2.040875, 1.900711111111111, 1.89102, 1.8370545454545455, 1.7325166666666667, 1.7381846153846154, 1.6675888888888888, 1.6768933333333333, 1.636475, 1.5979882352941177, 1.5705888888888888], 'val_loss': [2.2282619060516358, 2.0159093885421755, 1.8556764370918275, 1.7650972873687745, 1.6875779768943786, 1.6363441856384278, 1.575131403541565, 1.5567419776916505, 1.50234753408432, 1.4687804445266723, 1.4244698857307434, 1.389793060874939, 1.3762312138557433, 1.356153124470181, 1.3504641894340514, 1.3159719850540161, 1.3280567272186279, 1.303906545162201], 'val_accuracy': [0.1625, 0.28555, 0.33, 0.3576, 0.3795, 0.40605, 0.42415, 0.435, 0.4548, 0.4656, 0.4817, 0.4942, 0.5022, 0.5111777777777777, 0.51145, 0.52575, 0.51945, 0.53215], 'val_f1': [0.10663821315181177, 0.2603411062347319, 0.3030686523289507, 0.33186249316937766, 0.3670996162176179, 0.39526351835759505, 0.4111888376635901, 0.4274271569350638, 0.44999999956631814, 0.4532427954157049, 0.47552458500415234, 0.48505075385715646, 0.4944910867958221, 0.503938635949375, 0.503372205263265, 0.5212720974004896, 0.5181519340718591, 0.52432750704327], 'val_mae': [3.5229, 2.60765, 2.5559, 2.3265, 2.23685, 2.1405, 2.0642, 2.0887, 1.9553, 1.9466, 1.92725, 1.846, 1.8373, 1.79095, 1.77645, 1.7412, 1.73335, 1.6982], 'jsd': [(0, 0, 0, 0, 0, 0, 0, 0, 0, 0), (0, 0, 0, 0, 0, 0, 0, 0, 0, 0), (0, 0, 0, 0, 0, 0, 0, 0, 0, 0), (0, 0, 0, 0, 0, 0, 0, 0, 0, 0), (0, 0, 0, 0, 0, 0, 0, 0, 0, 0), (0, 0, 0, 0, 0, 0, 0, 0, 0, 0), (0, 0, 0, 0, 0, 0, 0, 0, 0, 0), (0, 0, 0, 0, 0, 0, 0, 0, 0, 0), (0, 0, 0, 0, 0, 0, 0, 0, 0, 0), (0, 0, 0, 0, 0, 0, 0, 0, 0, 0), (0, 0, 0, 0, 0, 0, 0, 0, 0, 0), (0, 0, 0, 0, 0, 0, 0, 0, 0, 0), (0, 0, 0, 0, 0, 0, 0, 0, 0, 0), (0, 0, 0, 0, 0, 0, 0, 0, 0, 0), (0, 0, 0, 0, 0, 0, 0, 0, 0, 0), (0, 0, 0, 0, 0, 0, 0, 0, 0, 0), (0, 0, 0, 0, 0, 0, 0, 0, 0, 0), (0, 0, 0, 0, 0, 0, 0, 0, 0, 0)]}}
AdaptationManager: Configuring next round...
{'client_registry': {'enabled': True, 'params': {}}, 'client_selector': {'enabled': True, 'params': {'selection_strategy': 'Resource-Based', 'selection_criteria': 'CPU', 'selection_value': 2}}, 'client_cluster': {'enabled': False, 'params': {}}, 'message_compressor': {'enabled': False, 'params': {}}, 'model_co-versioning_registry': {'enabled': False, 'params': {}}, 'multi-task_model_trainer': {'enabled': False, 'params': {}}, 'heterogeneous_data_handler': {'enabled': False, 'params': {}}}
{'client_selector': {'enabled': True}, 'client_cluster': {'enabled': False}, 'message_compressor': {'enabled': False}, 'model_co-versioning_registry': {'enabled': False}, 'multi-task_model_trainer': {'enabled': False}, 'heterogeneous_data_handler': {'enabled': False}, 'client_registry': {'enabled': True, 'params': {}}}
100.0-iid clients, predicted wo:0.0063 vs w:0.0077, client_selector activated ✅
Client Client 7 has insufficient CPU (1). Will not participate in the next FL round.
Client Client 10 has insufficient CPU (1). Will not participate in the next FL round.
Client Client 9 has insufficient CPU (1). Will not participate in the next FL round.
Client Client 4 has insufficient CPU (1). Will not participate in the next FL round.
Client Client 3 has insufficient CPU (1). Will not participate in the next FL round.
Client Client 2 participates in this round. (CPU: 2, RAM: 2)
Client Client 6 has insufficient CPU (1). Will not participate in the next FL round.
Client Client 8 has insufficient CPU (1). Will not participate in the next FL round.
Client Client 5 has insufficient CPU (1). Will not participate in the next FL round.
Client Client 1 participates in this round. (CPU: 2, RAM: 2)
Results Aggregated in 98.06 seconds.
{'CNN 16k': {'train_loss': [2.2210148067474367, 2.001579521560669, 1.8356433160146077, 1.7450421094894408, 1.6668627828598022, 1.6132977362950642, 1.552625018787384, 1.5237536571502686, 1.4603600983937581, 1.4230667071151732, 1.3656710594697432, 1.3255127300580343, 1.3097642595657935, 1.2656220758835475, 1.27748703912735, 1.240683285522461, 1.2522937565466936, 1.2202591327031453, 1.1949625247227518], 'train_accuracy': [0.1678, 0.2914, 0.3382, 0.3677, 0.38876, 0.4148, 0.4349142857142857, 0.449325, 0.4719111111111111, 0.48332, 0.506490909090909, 0.5240166666666667, 0.5264923076923077, 0.5444111111111111, 0.5403066666666667, 0.5529625, 0.5525882352941176, 0.5632222222222222, 0.5737368421052632], 'train_f1': [0.11105373565377923, 0.26591906961168227, 0.31171827401350855, 0.3424134457352744, 0.37777116786645626, 0.4045525239535827, 0.42224946127229207, 0.4423557781734472, 0.4682399636091345, 0.47091144764461773, 0.5006241307319718, 0.5155169625441436, 0.5186417721849026, 0.5377586302010169, 0.5324704796542926, 0.5485132194351748, 0.5511825451309328, 0.5560873594585974, 0.5696462957996298], 'train_mae': [3.4916, 2.5472, 2.526266666666667, 2.3059, 2.21244, 2.0999333333333334, 2.039657142857143, 2.040875, 1.900711111111111, 1.89102, 1.8370545454545455, 1.7325166666666667, 1.7381846153846154, 1.6675888888888888, 1.6768933333333333, 1.636475, 1.5979882352941177, 1.5705888888888888, 1.5372631578947369], 'val_loss': [2.2282619060516358, 2.0159093885421755, 1.8556764370918275, 1.7650972873687745, 1.6875779768943786, 1.6363441856384278, 1.575131403541565, 1.5567419776916505, 1.50234753408432, 1.4687804445266723, 1.4244698857307434, 1.389793060874939, 1.3762312138557433, 1.356153124470181, 1.3504641894340514, 1.3159719850540161, 1.3280567272186279, 1.303906545162201, 1.2851838710784913], 'val_accuracy': [0.1625, 0.28555, 0.33, 0.3576, 0.3795, 0.40605, 0.42415, 0.435, 0.4548, 0.4656, 0.4817, 0.4942, 0.5022, 0.5111777777777777, 0.51145, 0.52575, 0.51945, 0.53215, 0.53705], 'val_f1': [0.10663821315181177, 0.2603411062347319, 0.3030686523289507, 0.33186249316937766, 0.3670996162176179, 0.39526351835759505, 0.4111888376635901, 0.4274271569350638, 0.44999999956631814, 0.4532427954157049, 0.47552458500415234, 0.48505075385715646, 0.4944910867958221, 0.503938635949375, 0.503372205263265, 0.5212720974004896, 0.5181519340718591, 0.52432750704327, 0.5330329182921526], 'val_mae': [3.5229, 2.60765, 2.5559, 2.3265, 2.23685, 2.1405, 2.0642, 2.0887, 1.9553, 1.9466, 1.92725, 1.846, 1.8373, 1.79095, 1.77645, 1.7412, 1.73335, 1.6982, 1.6623], 'jsd': [(0, 0, 0, 0, 0, 0, 0, 0, 0, 0), (0, 0, 0, 0, 0, 0, 0, 0, 0, 0), (0, 0, 0, 0, 0, 0, 0, 0, 0, 0), (0, 0, 0, 0, 0, 0, 0, 0, 0, 0), (0, 0, 0, 0, 0, 0, 0, 0, 0, 0), (0, 0, 0, 0, 0, 0, 0, 0, 0, 0), (0, 0, 0, 0, 0, 0, 0, 0, 0, 0), (0, 0, 0, 0, 0, 0, 0, 0, 0, 0), (0, 0, 0, 0, 0, 0, 0, 0, 0, 0), (0, 0, 0, 0, 0, 0, 0, 0, 0, 0), (0, 0, 0, 0, 0, 0, 0, 0, 0, 0), (0, 0, 0, 0, 0, 0, 0, 0, 0, 0), (0, 0, 0, 0, 0, 0, 0, 0, 0, 0), (0, 0, 0, 0, 0, 0, 0, 0, 0, 0), (0, 0, 0, 0, 0, 0, 0, 0, 0, 0), (0, 0, 0, 0, 0, 0, 0, 0, 0, 0), (0, 0, 0, 0, 0, 0, 0, 0, 0, 0), (0, 0, 0, 0, 0, 0, 0, 0, 0, 0), (0, 0, 0, 0, 0, 0, 0, 0, 0, 0)]}}
AdaptationManager: Configuring next round...
{'client_registry': {'enabled': True, 'params': {}}, 'client_selector': {'enabled': True, 'params': {'selection_strategy': 'Resource-Based', 'selection_criteria': 'CPU', 'selection_value': 2}}, 'client_cluster': {'enabled': False, 'params': {}}, 'message_compressor': {'enabled': False, 'params': {}}, 'model_co-versioning_registry': {'enabled': False, 'params': {}}, 'multi-task_model_trainer': {'enabled': False, 'params': {}}, 'heterogeneous_data_handler': {'enabled': False, 'params': {}}}
{'client_selector': {'enabled': True}, 'client_cluster': {'enabled': False}, 'message_compressor': {'enabled': False}, 'model_co-versioning_registry': {'enabled': False}, 'multi-task_model_trainer': {'enabled': False}, 'heterogeneous_data_handler': {'enabled': False}, 'client_registry': {'enabled': True, 'params': {}}}
100.0-iid clients, predicted wo:0.0059 vs w:0.0071, client_selector activated ✅
Client Client 7 has insufficient CPU (1). Will not participate in the next FL round.
Client Client 9 has insufficient CPU (1). Will not participate in the next FL round.
Client Client 3 has insufficient CPU (1). Will not participate in the next FL round.
Client Client 6 has insufficient CPU (1). Will not participate in the next FL round.
Client Client 2 participates in this round. (CPU: 2, RAM: 2)
Client Client 8 has insufficient CPU (1). Will not participate in the next FL round.
Client Client 1 participates in this round. (CPU: 2, RAM: 2)
Client Client 10 has insufficient CPU (1). Will not participate in the next FL round.
Client Client 5 has insufficient CPU (1). Will not participate in the next FL round.
Client Client 4 has insufficient CPU (1). Will not participate in the next FL round.
Results Aggregated in 98.62 seconds.
{'CNN 16k': {'train_loss': [2.2210148067474367, 2.001579521560669, 1.8356433160146077, 1.7450421094894408, 1.6668627828598022, 1.6132977362950642, 1.552625018787384, 1.5237536571502686, 1.4603600983937581, 1.4230667071151732, 1.3656710594697432, 1.3255127300580343, 1.3097642595657935, 1.2656220758835475, 1.27748703912735, 1.240683285522461, 1.2522937565466936, 1.2202591327031453, 1.1949625247227518, 1.1764682531738282], 'train_accuracy': [0.1678, 0.2914, 0.3382, 0.3677, 0.38876, 0.4148, 0.4349142857142857, 0.449325, 0.4719111111111111, 0.48332, 0.506490909090909, 0.5240166666666667, 0.5264923076923077, 0.5444111111111111, 0.5403066666666667, 0.5529625, 0.5525882352941176, 0.5632222222222222, 0.5737368421052632, 0.5807], 'train_f1': [0.11105373565377923, 0.26591906961168227, 0.31171827401350855, 0.3424134457352744, 0.37777116786645626, 0.4045525239535827, 0.42224946127229207, 0.4423557781734472, 0.4682399636091345, 0.47091144764461773, 0.5006241307319718, 0.5155169625441436, 0.5186417721849026, 0.5377586302010169, 0.5324704796542926, 0.5485132194351748, 0.5511825451309328, 0.5560873594585974, 0.5696462957996298, 0.5759858882312402], 'train_mae': [3.4916, 2.5472, 2.526266666666667, 2.3059, 2.21244, 2.0999333333333334, 2.039657142857143, 2.040875, 1.900711111111111, 1.89102, 1.8370545454545455, 1.7325166666666667, 1.7381846153846154, 1.6675888888888888, 1.6768933333333333, 1.636475, 1.5979882352941177, 1.5705888888888888, 1.5372631578947369, 1.49018], 'val_loss': [2.2282619060516358, 2.0159093885421755, 1.8556764370918275, 1.7650972873687745, 1.6875779768943786, 1.6363441856384278, 1.575131403541565, 1.5567419776916505, 1.50234753408432, 1.4687804445266723, 1.4244698857307434, 1.389793060874939, 1.3762312138557433, 1.356153124470181, 1.3504641894340514, 1.3159719850540161, 1.3280567272186279, 1.303906545162201, 1.2851838710784913, 1.2638744502067565], 'val_accuracy': [0.1625, 0.28555, 0.33, 0.3576, 0.3795, 0.40605, 0.42415, 0.435, 0.4548, 0.4656, 0.4817, 0.4942, 0.5022, 0.5111777777777777, 0.51145, 0.52575, 0.51945, 0.53215, 0.53705, 0.54625], 'val_f1': [0.10663821315181177, 0.2603411062347319, 0.3030686523289507, 0.33186249316937766, 0.3670996162176179, 0.39526351835759505, 0.4111888376635901, 0.4274271569350638, 0.44999999956631814, 0.4532427954157049, 0.47552458500415234, 0.48505075385715646, 0.4944910867958221, 0.503938635949375, 0.503372205263265, 0.5212720974004896, 0.5181519340718591, 0.52432750704327, 0.5330329182921526, 0.5413198191143787], 'val_mae': [3.5229, 2.60765, 2.5559, 2.3265, 2.23685, 2.1405, 2.0642, 2.0887, 1.9553, 1.9466, 1.92725, 1.846, 1.8373, 1.79095, 1.77645, 1.7412, 1.73335, 1.6982, 1.6623, 1.6047], 'jsd': [(0, 0, 0, 0, 0, 0, 0, 0, 0, 0), (0, 0, 0, 0, 0, 0, 0, 0, 0, 0), (0, 0, 0, 0, 0, 0, 0, 0, 0, 0), (0, 0, 0, 0, 0, 0, 0, 0, 0, 0), (0, 0, 0, 0, 0, 0, 0, 0, 0, 0), (0, 0, 0, 0, 0, 0, 0, 0, 0, 0), (0, 0, 0, 0, 0, 0, 0, 0, 0, 0), (0, 0, 0, 0, 0, 0, 0, 0, 0, 0), (0, 0, 0, 0, 0, 0, 0, 0, 0, 0), (0, 0, 0, 0, 0, 0, 0, 0, 0, 0), (0, 0, 0, 0, 0, 0, 0, 0, 0, 0), (0, 0, 0, 0, 0, 0, 0, 0, 0, 0), (0, 0, 0, 0, 0, 0, 0, 0, 0, 0), (0, 0, 0, 0, 0, 0, 0, 0, 0, 0), (0, 0, 0, 0, 0, 0, 0, 0, 0, 0), (0, 0, 0, 0, 0, 0, 0, 0, 0, 0), (0, 0, 0, 0, 0, 0, 0, 0, 0, 0), (0, 0, 0, 0, 0, 0, 0, 0, 0, 0), (0, 0, 0, 0, 0, 0, 0, 0, 0, 0), (0, 0, 0, 0, 0, 0, 0, 0, 0, 0)]}}
AdaptationManager: Configuring next round...
{'client_registry': {'enabled': True, 'params': {}}, 'client_selector': {'enabled': True, 'params': {'selection_strategy': 'Resource-Based', 'selection_criteria': 'CPU', 'selection_value': 2}}, 'client_cluster': {'enabled': False, 'params': {}}, 'message_compressor': {'enabled': False, 'params': {}}, 'model_co-versioning_registry': {'enabled': False, 'params': {}}, 'multi-task_model_trainer': {'enabled': False, 'params': {}}, 'heterogeneous_data_handler': {'enabled': False, 'params': {}}}
{'client_selector': {'enabled': True}, 'client_cluster': {'enabled': False}, 'message_compressor': {'enabled': False}, 'model_co-versioning_registry': {'enabled': False}, 'multi-task_model_trainer': {'enabled': False}, 'heterogeneous_data_handler': {'enabled': False}, 'client_registry': {'enabled': True, 'params': {}}}
100.0-iid clients, predicted wo:0.0059 vs w:0.0067, client_selector activated ✅
