==========================================
  ___  ______  ___ ______       _ 
 / _ \ | ___ \/   ||  ___|     | |
/ /_\ \| |_/ / /| || |_ ___  __| |
|  _  ||  __/ /_| ||  _/ _ \/ _` |
| | | || |  \___  || ||  __/ (_| |
\_| |_/\_|      |_/\_| \___|\__,_| v.1.5.0

==========================================
Simulation Started!
List of the Architectural Patterns enabled:
Adaptation Enabled ✅
Metric: time, bo-based: predictors/bo_model_compressor_text.pkl
Client Registry ✅
Message Compressor ✅
==========================================
Local parameters compressed: reduced 5286 bytes (7.16%)
Local parameters compressed: reduced 5314 bytes (7.20%)
Local parameters compressed: reduced 5316 bytes (7.20%)
Local parameters compressed: reduced 5315 bytes (7.20%)
Local parameters compressed: reduced 5276 bytes (7.15%)
Local parameters compressed: reduced 5293 bytes (7.17%)
Local parameters compressed: reduced 5322 bytes (7.21%)
Local parameters compressed: reduced 5268 bytes (7.14%)
Local parameters compressed: reduced 5309 bytes (7.20%)
Local parameters compressed: reduced 5276 bytes (7.15%)
Local parameters compressed: reduced 5304 bytes (7.19%)
Local parameters compressed: reduced 5315 bytes (7.20%)
Results Aggregated in 27.50 seconds.
{'TextMLP': {'train_loss': [0.39740045075482794], 'train_accuracy': [0.8515361111111112], 'train_f1': [0.7546036106670982], 'train_mae': [0.21321736111111111], 'val_loss': [3.288752904021949], 'val_accuracy': [0.5401315789473684], 'val_f1': [0.4626503505602048], 'val_mae': [0.7804824561403509], 'jsd': [(0, 0, 0, 0, 0, 0, 0, 0, 0, 0, 0, 0)]}}
AdaptationManager: Configuring next round...
{'client_registry': {'enabled': True, 'params': {}}, 'client_selector': {'enabled': False, 'params': {}}, 'client_cluster': {'enabled': False, 'params': {}}, 'message_compressor': {'enabled': True, 'params': {}}, 'model_co-versioning_registry': {'enabled': False, 'params': {}}, 'multi-task_model_trainer': {'enabled': False, 'params': {}}, 'heterogeneous_data_handler': {'enabled': False, 'params': {}}}
{'client_selector': {'enabled': False}, 'client_cluster': {'enabled': False}, 'message_compressor': {'enabled': True}, 'model_co-versioning_registry': {'enabled': False}, 'multi-task_model_trainer': {'enabled': False}, 'heterogeneous_data_handler': {'enabled': False}, 'client_registry': {'enabled': True, 'params': {}}}
round 2, 8 high, 4 low, 0.0-iid clients, predicted best policy: message_compressor activated ✅
Local parameters compressed: reduced 5269 bytes (7.14%)
Local parameters compressed: reduced 5254 bytes (7.12%)
Local parameters compressed: reduced 5281 bytes (7.16%)
Local parameters compressed: reduced 5280 bytes (7.16%)
Local parameters compressed: reduced 5251 bytes (7.12%)
Local parameters compressed: reduced 5269 bytes (7.14%)
Local parameters compressed: reduced 5261 bytes (7.13%)
Local parameters compressed: reduced 5271 bytes (7.14%)
Local parameters compressed: reduced 5296 bytes (7.18%)
Local parameters compressed: reduced 5263 bytes (7.13%)
Local parameters compressed: reduced 5253 bytes (7.12%)
Local parameters compressed: reduced 5256 bytes (7.12%)
Results Aggregated in 10.09 seconds.
{'TextMLP': {'train_loss': [0.39740045075482794, 0.29558743976420826], 'train_accuracy': [0.8515361111111112, 0.8901180555555556], 'train_f1': [0.7546036106670982, 0.8410155784435425], 'train_mae': [0.21321736111111111, 0.1655], 'val_loss': [3.288752904021949, 4.3297485728012886], 'val_accuracy': [0.5401315789473684, 0.616140350877193], 'val_f1': [0.4626503505602048, 0.5337435468748372], 'val_mae': [0.7804824561403509, 0.6789364035087719], 'jsd': [(0, 0, 0, 0, 0, 0, 0, 0, 0, 0, 0, 0), (0, 0, 0, 0, 0, 0, 0, 0, 0, 0, 0, 0)]}}
AdaptationManager: Configuring next round...
{'client_registry': {'enabled': True, 'params': {}}, 'client_selector': {'enabled': False, 'params': {}}, 'client_cluster': {'enabled': False, 'params': {}}, 'message_compressor': {'enabled': True, 'params': {}}, 'model_co-versioning_registry': {'enabled': False, 'params': {}}, 'multi-task_model_trainer': {'enabled': False, 'params': {}}, 'heterogeneous_data_handler': {'enabled': False, 'params': {}}}
{'client_selector': {'enabled': False}, 'client_cluster': {'enabled': False}, 'message_compressor': {'enabled': True}, 'model_co-versioning_registry': {'enabled': False}, 'multi-task_model_trainer': {'enabled': False}, 'heterogeneous_data_handler': {'enabled': False}, 'client_registry': {'enabled': True, 'params': {}}}
round 3, 8 high, 4 low, 0.0-iid clients, predicted best policy: message_compressor activated ✅
Local parameters compressed: reduced 5243 bytes (7.11%)
Local parameters compressed: reduced 5243 bytes (7.11%)
Local parameters compressed: reduced 5251 bytes (7.12%)
Local parameters compressed: reduced 5252 bytes (7.12%)
Local parameters compressed: reduced 5201 bytes (7.05%)
Local parameters compressed: reduced 5259 bytes (7.13%)
Local parameters compressed: reduced 5264 bytes (7.13%)
Local parameters compressed: reduced 5243 bytes (7.11%)
Local parameters compressed: reduced 5262 bytes (7.13%)
Local parameters compressed: reduced 5226 bytes (7.08%)
Local parameters compressed: reduced 5213 bytes (7.06%)
Local parameters compressed: reduced 5266 bytes (7.14%)
Results Aggregated in 11.51 seconds.
{'TextMLP': {'train_loss': [0.39740045075482794, 0.29558743976420826, 0.2732599251728919], 'train_accuracy': [0.8515361111111112, 0.8901180555555556, 0.8970715277777778], 'train_f1': [0.7546036106670982, 0.8410155784435425, 0.8537959813252773], 'train_mae': [0.21321736111111111, 0.1655, 0.15738541666666667], 'val_loss': [3.288752904021949, 4.3297485728012886, 5.5893953719892], 'val_accuracy': [0.5401315789473684, 0.616140350877193, 0.628157894736842], 'val_f1': [0.4626503505602048, 0.5337435468748372, 0.5451479032392245], 'val_mae': [0.7804824561403509, 0.6789364035087719, 0.6395285087719298], 'jsd': [(0, 0, 0, 0, 0, 0, 0, 0, 0, 0, 0, 0), (0, 0, 0, 0, 0, 0, 0, 0, 0, 0, 0, 0), (0, 0, 0, 0, 0, 0, 0, 0, 0, 0, 0, 0)]}}
AdaptationManager: Configuring next round...
{'client_registry': {'enabled': True, 'params': {}}, 'client_selector': {'enabled': False, 'params': {}}, 'client_cluster': {'enabled': False, 'params': {}}, 'message_compressor': {'enabled': True, 'params': {}}, 'model_co-versioning_registry': {'enabled': False, 'params': {}}, 'multi-task_model_trainer': {'enabled': False, 'params': {}}, 'heterogeneous_data_handler': {'enabled': False, 'params': {}}}
{'client_selector': {'enabled': False}, 'client_cluster': {'enabled': False}, 'message_compressor': {'enabled': True}, 'model_co-versioning_registry': {'enabled': False}, 'multi-task_model_trainer': {'enabled': False}, 'heterogeneous_data_handler': {'enabled': False}, 'client_registry': {'enabled': True, 'params': {}}}
round 4, 8 high, 4 low, 0.0-iid clients, predicted best policy: message_compressor activated ✅
Local parameters compressed: reduced 5213 bytes (7.06%)
Local parameters compressed: reduced 5212 bytes (7.06%)
Local parameters compressed: reduced 5206 bytes (7.06%)
Local parameters compressed: reduced 5205 bytes (7.05%)
Local parameters compressed: reduced 5205 bytes (7.05%)
Local parameters compressed: reduced 5230 bytes (7.09%)
Local parameters compressed: reduced 5181 bytes (7.02%)
Local parameters compressed: reduced 5207 bytes (7.06%)
Local parameters compressed: reduced 5199 bytes (7.05%)
Local parameters compressed: reduced 5233 bytes (7.09%)
Local parameters compressed: reduced 5204 bytes (7.05%)
Local parameters compressed: reduced 5217 bytes (7.07%)
Results Aggregated in 11.84 seconds.
{'TextMLP': {'train_loss': [0.39740045075482794, 0.29558743976420826, 0.2732599251728919, 0.2599597111872501], 'train_accuracy': [0.8515361111111112, 0.8901180555555556, 0.8970715277777778, 0.9007493055555555], 'train_f1': [0.7546036106670982, 0.8410155784435425, 0.8537959813252773, 0.8583911821701533], 'train_mae': [0.21321736111111111, 0.1655, 0.15738541666666667, 0.1526048611111111], 'val_loss': [3.288752904021949, 4.3297485728012886, 5.5893953719892, 5.949725858203151], 'val_accuracy': [0.5401315789473684, 0.616140350877193, 0.628157894736842, 0.626875], 'val_f1': [0.4626503505602048, 0.5337435468748372, 0.5451479032392245, 0.5439274848129578], 'val_mae': [0.7804824561403509, 0.6789364035087719, 0.6395285087719298, 0.6677302631578947], 'jsd': [(0, 0, 0, 0, 0, 0, 0, 0, 0, 0, 0, 0), (0, 0, 0, 0, 0, 0, 0, 0, 0, 0, 0, 0), (0, 0, 0, 0, 0, 0, 0, 0, 0, 0, 0, 0), (0, 0, 0, 0, 0, 0, 0, 0, 0, 0, 0, 0)]}}
AdaptationManager: Configuring next round...
{'client_registry': {'enabled': True, 'params': {}}, 'client_selector': {'enabled': False, 'params': {}}, 'client_cluster': {'enabled': False, 'params': {}}, 'message_compressor': {'enabled': True, 'params': {}}, 'model_co-versioning_registry': {'enabled': False, 'params': {}}, 'multi-task_model_trainer': {'enabled': False, 'params': {}}, 'heterogeneous_data_handler': {'enabled': False, 'params': {}}}
{'client_selector': {'enabled': False}, 'client_cluster': {'enabled': False}, 'message_compressor': {'enabled': True}, 'model_co-versioning_registry': {'enabled': False}, 'multi-task_model_trainer': {'enabled': False}, 'heterogeneous_data_handler': {'enabled': False}, 'client_registry': {'enabled': True, 'params': {}}}
round 5, 8 high, 4 low, 0.0-iid clients, predicted best policy: message_compressor activated ✅
Local parameters compressed: reduced 5193 bytes (7.04%)
Local parameters compressed: reduced 5230 bytes (7.09%)
Local parameters compressed: reduced 5153 bytes (6.98%)
Local parameters compressed: reduced 5224 bytes (7.08%)
Local parameters compressed: reduced 5185 bytes (7.03%)
Local parameters compressed: reduced 5209 bytes (7.06%)
Local parameters compressed: reduced 5176 bytes (7.01%)
Local parameters compressed: reduced 5187 bytes (7.03%)
Local parameters compressed: reduced 5166 bytes (7.00%)
Local parameters compressed: reduced 5208 bytes (7.06%)
Local parameters compressed: reduced 5213 bytes (7.06%)
Local parameters compressed: reduced 5174 bytes (7.01%)
Results Aggregated in 12.03 seconds.
{'TextMLP': {'train_loss': [0.39740045075482794, 0.29558743976420826, 0.2732599251728919, 0.2599597111872501, 0.2538860373549991], 'train_accuracy': [0.8515361111111112, 0.8901180555555556, 0.8970715277777778, 0.9007493055555555, 0.9029944444444444], 'train_f1': [0.7546036106670982, 0.8410155784435425, 0.8537959813252773, 0.8583911821701533, 0.8617861034522938], 'train_mae': [0.21321736111111111, 0.1655, 0.15738541666666667, 0.1526048611111111, 0.1497652777777778], 'val_loss': [3.288752904021949, 4.3297485728012886, 5.5893953719892, 5.949725858203151, 5.844766275924549], 'val_accuracy': [0.5401315789473684, 0.616140350877193, 0.628157894736842, 0.626875, 0.6313048245614035], 'val_f1': [0.4626503505602048, 0.5337435468748372, 0.5451479032392245, 0.5439274848129578, 0.5472274634506071], 'val_mae': [0.7804824561403509, 0.6789364035087719, 0.6395285087719298, 0.6677302631578947, 0.6669078947368421], 'jsd': [(0, 0, 0, 0, 0, 0, 0, 0, 0, 0, 0, 0), (0, 0, 0, 0, 0, 0, 0, 0, 0, 0, 0, 0), (0, 0, 0, 0, 0, 0, 0, 0, 0, 0, 0, 0), (0, 0, 0, 0, 0, 0, 0, 0, 0, 0, 0, 0), (0, 0, 0, 0, 0, 0, 0, 0, 0, 0, 0, 0)]}}
AdaptationManager: Configuring next round...
{'client_registry': {'enabled': True, 'params': {}}, 'client_selector': {'enabled': False, 'params': {}}, 'client_cluster': {'enabled': False, 'params': {}}, 'message_compressor': {'enabled': True, 'params': {}}, 'model_co-versioning_registry': {'enabled': False, 'params': {}}, 'multi-task_model_trainer': {'enabled': False, 'params': {}}, 'heterogeneous_data_handler': {'enabled': False, 'params': {}}}
{'client_selector': {'enabled': False}, 'client_cluster': {'enabled': False}, 'message_compressor': {'enabled': True}, 'model_co-versioning_registry': {'enabled': False}, 'multi-task_model_trainer': {'enabled': False}, 'heterogeneous_data_handler': {'enabled': False}, 'client_registry': {'enabled': True, 'params': {}}}
round 6, 8 high, 4 low, 0.0-iid clients, predicted best policy: message_compressor activated ✅
Local parameters compressed: reduced 5168 bytes (7.00%)
Local parameters compressed: reduced 5136 bytes (6.96%)
Local parameters compressed: reduced 5193 bytes (7.04%)
Local parameters compressed: reduced 5199 bytes (7.05%)
Local parameters compressed: reduced 5156 bytes (6.99%)
Local parameters compressed: reduced 5189 bytes (7.03%)
Local parameters compressed: reduced 5183 bytes (7.02%)
Local parameters compressed: reduced 5178 bytes (7.02%)
Local parameters compressed: reduced 5158 bytes (6.99%)
Local parameters compressed: reduced 5185 bytes (7.03%)
Local parameters compressed: reduced 5197 bytes (7.04%)
Local parameters compressed: reduced 5181 bytes (7.02%)
Results Aggregated in 10.28 seconds.
{'TextMLP': {'train_loss': [0.39740045075482794, 0.29558743976420826, 0.2732599251728919, 0.2599597111872501, 0.2538860373549991, 0.24727468775428005], 'train_accuracy': [0.8515361111111112, 0.8901180555555556, 0.8970715277777778, 0.9007493055555555, 0.9029944444444444, 0.9061152777777778], 'train_f1': [0.7546036106670982, 0.8410155784435425, 0.8537959813252773, 0.8583911821701533, 0.8617861034522938, 0.8673653976870892], 'train_mae': [0.21321736111111111, 0.1655, 0.15738541666666667, 0.1526048611111111, 0.1497652777777778, 0.14476597222222223], 'val_loss': [3.288752904021949, 4.3297485728012886, 5.5893953719892, 5.949725858203151, 5.844766275924549, 5.816209036509196], 'val_accuracy': [0.5401315789473684, 0.616140350877193, 0.628157894736842, 0.626875, 0.6313048245614035, 0.6353618421052631], 'val_f1': [0.4626503505602048, 0.5337435468748372, 0.5451479032392245, 0.5439274848129578, 0.5472274634506071, 0.550977337760481], 'val_mae': [0.7804824561403509, 0.6789364035087719, 0.6395285087719298, 0.6677302631578947, 0.6669078947368421, 0.6392872807017543], 'jsd': [(0, 0, 0, 0, 0, 0, 0, 0, 0, 0, 0, 0), (0, 0, 0, 0, 0, 0, 0, 0, 0, 0, 0, 0), (0, 0, 0, 0, 0, 0, 0, 0, 0, 0, 0, 0), (0, 0, 0, 0, 0, 0, 0, 0, 0, 0, 0, 0), (0, 0, 0, 0, 0, 0, 0, 0, 0, 0, 0, 0), (0, 0, 0, 0, 0, 0, 0, 0, 0, 0, 0, 0)]}}
AdaptationManager: Configuring next round...
{'client_registry': {'enabled': True, 'params': {}}, 'client_selector': {'enabled': False, 'params': {}}, 'client_cluster': {'enabled': False, 'params': {}}, 'message_compressor': {'enabled': True, 'params': {}}, 'model_co-versioning_registry': {'enabled': False, 'params': {}}, 'multi-task_model_trainer': {'enabled': False, 'params': {}}, 'heterogeneous_data_handler': {'enabled': False, 'params': {}}}
{'client_selector': {'enabled': False}, 'client_cluster': {'enabled': False}, 'message_compressor': {'enabled': True}, 'model_co-versioning_registry': {'enabled': False}, 'multi-task_model_trainer': {'enabled': False}, 'heterogeneous_data_handler': {'enabled': False}, 'client_registry': {'enabled': True, 'params': {}}}
round 7, 8 high, 4 low, 0.0-iid clients, predicted best policy: message_compressor activated ✅
Local parameters compressed: reduced 5153 bytes (6.98%)
Local parameters compressed: reduced 5208 bytes (7.06%)
Local parameters compressed: reduced 5193 bytes (7.04%)
Local parameters compressed: reduced 5172 bytes (7.01%)
Local parameters compressed: reduced 5164 bytes (7.00%)
Local parameters compressed: reduced 5192 bytes (7.04%)
Local parameters compressed: reduced 5167 bytes (7.00%)
Local parameters compressed: reduced 5198 bytes (7.04%)
Local parameters compressed: reduced 5183 bytes (7.02%)
Local parameters compressed: reduced 5168 bytes (7.00%)
Local parameters compressed: reduced 5178 bytes (7.02%)
Local parameters compressed: reduced 5192 bytes (7.04%)
Results Aggregated in 11.75 seconds.
{'TextMLP': {'train_loss': [0.39740045075482794, 0.29558743976420826, 0.2732599251728919, 0.2599597111872501, 0.2538860373549991, 0.24727468775428005, 0.24316184613406658], 'train_accuracy': [0.8515361111111112, 0.8901180555555556, 0.8970715277777778, 0.9007493055555555, 0.9029944444444444, 0.9061152777777778, 0.9078125], 'train_f1': [0.7546036106670982, 0.8410155784435425, 0.8537959813252773, 0.8583911821701533, 0.8617861034522938, 0.8673653976870892, 0.8715548733245829], 'train_mae': [0.21321736111111111, 0.1655, 0.15738541666666667, 0.1526048611111111, 0.1497652777777778, 0.14476597222222223, 0.14083541666666666], 'val_loss': [3.288752904021949, 4.3297485728012886, 5.5893953719892, 5.949725858203151, 5.844766275924549, 5.816209036509196, 5.6659515679510015], 'val_accuracy': [0.5401315789473684, 0.616140350877193, 0.628157894736842, 0.626875, 0.6313048245614035, 0.6353618421052631, 0.6452741228070175], 'val_f1': [0.4626503505602048, 0.5337435468748372, 0.5451479032392245, 0.5439274848129578, 0.5472274634506071, 0.550977337760481, 0.5586335294289521], 'val_mae': [0.7804824561403509, 0.6789364035087719, 0.6395285087719298, 0.6677302631578947, 0.6669078947368421, 0.6392872807017543, 0.6118530701754386], 'jsd': [(0, 0, 0, 0, 0, 0, 0, 0, 0, 0, 0, 0), (0, 0, 0, 0, 0, 0, 0, 0, 0, 0, 0, 0), (0, 0, 0, 0, 0, 0, 0, 0, 0, 0, 0, 0), (0, 0, 0, 0, 0, 0, 0, 0, 0, 0, 0, 0), (0, 0, 0, 0, 0, 0, 0, 0, 0, 0, 0, 0), (0, 0, 0, 0, 0, 0, 0, 0, 0, 0, 0, 0), (0, 0, 0, 0, 0, 0, 0, 0, 0, 0, 0, 0)]}}
AdaptationManager: Configuring next round...
{'client_registry': {'enabled': True, 'params': {}}, 'client_selector': {'enabled': False, 'params': {}}, 'client_cluster': {'enabled': False, 'params': {}}, 'message_compressor': {'enabled': True, 'params': {}}, 'model_co-versioning_registry': {'enabled': False, 'params': {}}, 'multi-task_model_trainer': {'enabled': False, 'params': {}}, 'heterogeneous_data_handler': {'enabled': False, 'params': {}}}
{'client_selector': {'enabled': False}, 'client_cluster': {'enabled': False}, 'message_compressor': {'enabled': True}, 'model_co-versioning_registry': {'enabled': False}, 'multi-task_model_trainer': {'enabled': False}, 'heterogeneous_data_handler': {'enabled': False}, 'client_registry': {'enabled': True, 'params': {}}}
round 8, 8 high, 4 low, 0.0-iid clients, predicted best policy: message_compressor activated ✅
Local parameters compressed: reduced 5172 bytes (7.01%)
Local parameters compressed: reduced 5182 bytes (7.02%)
Local parameters compressed: reduced 5152 bytes (6.98%)
Local parameters compressed: reduced 5178 bytes (7.02%)
Local parameters compressed: reduced 5121 bytes (6.94%)
Local parameters compressed: reduced 5171 bytes (7.01%)
Local parameters compressed: reduced 5194 bytes (7.04%)
Local parameters compressed: reduced 5161 bytes (6.99%)
Local parameters compressed: reduced 5121 bytes (6.94%)
Local parameters compressed: reduced 5164 bytes (7.00%)
Local parameters compressed: reduced 5127 bytes (6.95%)
Local parameters compressed: reduced 5138 bytes (6.96%)
Results Aggregated in 10.02 seconds.
{'TextMLP': {'train_loss': [0.39740045075482794, 0.29558743976420826, 0.2732599251728919, 0.2599597111872501, 0.2538860373549991, 0.24727468775428005, 0.24316184613406658, 0.23851551139503718], 'train_accuracy': [0.8515361111111112, 0.8901180555555556, 0.8970715277777778, 0.9007493055555555, 0.9029944444444444, 0.9061152777777778, 0.9078125, 0.9095819444444444], 'train_f1': [0.7546036106670982, 0.8410155784435425, 0.8537959813252773, 0.8583911821701533, 0.8617861034522938, 0.8673653976870892, 0.8715548733245829, 0.8720947700819413], 'train_mae': [0.21321736111111111, 0.1655, 0.15738541666666667, 0.1526048611111111, 0.1497652777777778, 0.14476597222222223, 0.14083541666666666, 0.13907708333333332], 'val_loss': [3.288752904021949, 4.3297485728012886, 5.5893953719892, 5.949725858203151, 5.844766275924549, 5.816209036509196, 5.6659515679510015, 5.582754484561452], 'val_accuracy': [0.5401315789473684, 0.616140350877193, 0.628157894736842, 0.626875, 0.6313048245614035, 0.6353618421052631, 0.6452741228070175, 0.635625], 'val_f1': [0.4626503505602048, 0.5337435468748372, 0.5451479032392245, 0.5439274848129578, 0.5472274634506071, 0.550977337760481, 0.5586335294289521, 0.5512460393045477], 'val_mae': [0.7804824561403509, 0.6789364035087719, 0.6395285087719298, 0.6677302631578947, 0.6669078947368421, 0.6392872807017543, 0.6118530701754386, 0.6440899122807018], 'jsd': [(0, 0, 0, 0, 0, 0, 0, 0, 0, 0, 0, 0), (0, 0, 0, 0, 0, 0, 0, 0, 0, 0, 0, 0), (0, 0, 0, 0, 0, 0, 0, 0, 0, 0, 0, 0), (0, 0, 0, 0, 0, 0, 0, 0, 0, 0, 0, 0), (0, 0, 0, 0, 0, 0, 0, 0, 0, 0, 0, 0), (0, 0, 0, 0, 0, 0, 0, 0, 0, 0, 0, 0), (0, 0, 0, 0, 0, 0, 0, 0, 0, 0, 0, 0), (0, 0, 0, 0, 0, 0, 0, 0, 0, 0, 0, 0)]}}
AdaptationManager: Configuring next round...
{'client_registry': {'enabled': True, 'params': {}}, 'client_selector': {'enabled': False, 'params': {}}, 'client_cluster': {'enabled': False, 'params': {}}, 'message_compressor': {'enabled': True, 'params': {}}, 'model_co-versioning_registry': {'enabled': False, 'params': {}}, 'multi-task_model_trainer': {'enabled': False, 'params': {}}, 'heterogeneous_data_handler': {'enabled': False, 'params': {}}}
{'client_selector': {'enabled': False}, 'client_cluster': {'enabled': False}, 'message_compressor': {'enabled': True}, 'model_co-versioning_registry': {'enabled': False}, 'multi-task_model_trainer': {'enabled': False}, 'heterogeneous_data_handler': {'enabled': False}, 'client_registry': {'enabled': True, 'params': {}}}
round 9, 8 high, 4 low, 0.0-iid clients, predicted best policy: message_compressor activated ✅
Local parameters compressed: reduced 5149 bytes (6.98%)
Local parameters compressed: reduced 5157 bytes (6.99%)
Local parameters compressed: reduced 5142 bytes (6.97%)
Local parameters compressed: reduced 5143 bytes (6.97%)
Local parameters compressed: reduced 5156 bytes (6.99%)
Local parameters compressed: reduced 5133 bytes (6.96%)
Local parameters compressed: reduced 5132 bytes (6.96%)
Local parameters compressed: reduced 5132 bytes (6.96%)
Local parameters compressed: reduced 5160 bytes (6.99%)
Local parameters compressed: reduced 5163 bytes (7.00%)
Local parameters compressed: reduced 5175 bytes (7.01%)
Local parameters compressed: reduced 5152 bytes (6.98%)
Results Aggregated in 10.36 seconds.
{'TextMLP': {'train_loss': [0.39740045075482794, 0.29558743976420826, 0.2732599251728919, 0.2599597111872501, 0.2538860373549991, 0.24727468775428005, 0.24316184613406658, 0.23851551139503718, 0.23490635960830583], 'train_accuracy': [0.8515361111111112, 0.8901180555555556, 0.8970715277777778, 0.9007493055555555, 0.9029944444444444, 0.9061152777777778, 0.9078125, 0.9095819444444444, 0.9117645833333333], 'train_f1': [0.7546036106670982, 0.8410155784435425, 0.8537959813252773, 0.8583911821701533, 0.8617861034522938, 0.8673653976870892, 0.8715548733245829, 0.8720947700819413, 0.8758768347561461], 'train_mae': [0.21321736111111111, 0.1655, 0.15738541666666667, 0.1526048611111111, 0.1497652777777778, 0.14476597222222223, 0.14083541666666666, 0.13907708333333332, 0.13628541666666666], 'val_loss': [3.288752904021949, 4.3297485728012886, 5.5893953719892, 5.949725858203151, 5.844766275924549, 5.816209036509196, 5.6659515679510015, 5.582754484561452, 5.3971864813252495], 'val_accuracy': [0.5401315789473684, 0.616140350877193, 0.628157894736842, 0.626875, 0.6313048245614035, 0.6353618421052631, 0.6452741228070175, 0.635625, 0.6399890350877193], 'val_f1': [0.4626503505602048, 0.5337435468748372, 0.5451479032392245, 0.5439274848129578, 0.5472274634506071, 0.550977337760481, 0.5586335294289521, 0.5512460393045477, 0.5549371977831492], 'val_mae': [0.7804824561403509, 0.6789364035087719, 0.6395285087719298, 0.6677302631578947, 0.6669078947368421, 0.6392872807017543, 0.6118530701754386, 0.6440899122807018, 0.6290021929824562], 'jsd': [(0, 0, 0, 0, 0, 0, 0, 0, 0, 0, 0, 0), (0, 0, 0, 0, 0, 0, 0, 0, 0, 0, 0, 0), (0, 0, 0, 0, 0, 0, 0, 0, 0, 0, 0, 0), (0, 0, 0, 0, 0, 0, 0, 0, 0, 0, 0, 0), (0, 0, 0, 0, 0, 0, 0, 0, 0, 0, 0, 0), (0, 0, 0, 0, 0, 0, 0, 0, 0, 0, 0, 0), (0, 0, 0, 0, 0, 0, 0, 0, 0, 0, 0, 0), (0, 0, 0, 0, 0, 0, 0, 0, 0, 0, 0, 0), (0, 0, 0, 0, 0, 0, 0, 0, 0, 0, 0, 0)]}}
AdaptationManager: Configuring next round...
{'client_registry': {'enabled': True, 'params': {}}, 'client_selector': {'enabled': False, 'params': {}}, 'client_cluster': {'enabled': False, 'params': {}}, 'message_compressor': {'enabled': True, 'params': {}}, 'model_co-versioning_registry': {'enabled': False, 'params': {}}, 'multi-task_model_trainer': {'enabled': False, 'params': {}}, 'heterogeneous_data_handler': {'enabled': False, 'params': {}}}
{'client_selector': {'enabled': False}, 'client_cluster': {'enabled': False}, 'message_compressor': {'enabled': True}, 'model_co-versioning_registry': {'enabled': False}, 'multi-task_model_trainer': {'enabled': False}, 'heterogeneous_data_handler': {'enabled': False}, 'client_registry': {'enabled': True, 'params': {}}}
round 10, 8 high, 4 low, 0.0-iid clients, predicted best policy: message_compressor activated ✅
Local parameters compressed: reduced 5141 bytes (6.97%)
Local parameters compressed: reduced 5143 bytes (6.97%)
Local parameters compressed: reduced 5132 bytes (6.96%)
Local parameters compressed: reduced 5151 bytes (6.98%)
Local parameters compressed: reduced 5146 bytes (6.97%)
Local parameters compressed: reduced 5171 bytes (7.01%)
Local parameters compressed: reduced 5166 bytes (7.00%)
Local parameters compressed: reduced 5150 bytes (6.98%)
Local parameters compressed: reduced 5136 bytes (6.96%)
Local parameters compressed: reduced 5161 bytes (6.99%)
Local parameters compressed: reduced 5158 bytes (6.99%)
Local parameters compressed: reduced 5149 bytes (6.98%)
Results Aggregated in 9.89 seconds.
{'TextMLP': {'train_loss': [0.39740045075482794, 0.29558743976420826, 0.2732599251728919, 0.2599597111872501, 0.2538860373549991, 0.24727468775428005, 0.24316184613406658, 0.23851551139503718, 0.23490635960830583, 0.23102069022340907], 'train_accuracy': [0.8515361111111112, 0.8901180555555556, 0.8970715277777778, 0.9007493055555555, 0.9029944444444444, 0.9061152777777778, 0.9078125, 0.9095819444444444, 0.9117645833333333, 0.9132138888888889], 'train_f1': [0.7546036106670982, 0.8410155784435425, 0.8537959813252773, 0.8583911821701533, 0.8617861034522938, 0.8673653976870892, 0.8715548733245829, 0.8720947700819413, 0.8758768347561461, 0.8780928416789745], 'train_mae': [0.21321736111111111, 0.1655, 0.15738541666666667, 0.1526048611111111, 0.1497652777777778, 0.14476597222222223, 0.14083541666666666, 0.13907708333333332, 0.13628541666666666, 0.13319722222222222], 'val_loss': [3.288752904021949, 4.3297485728012886, 5.5893953719892, 5.949725858203151, 5.844766275924549, 5.816209036509196, 5.6659515679510015, 5.582754484561452, 5.3971864813252495, 5.244692895788895], 'val_accuracy': [0.5401315789473684, 0.616140350877193, 0.628157894736842, 0.626875, 0.6313048245614035, 0.6353618421052631, 0.6452741228070175, 0.635625, 0.6399890350877193, 0.6426535087719298], 'val_f1': [0.4626503505602048, 0.5337435468748372, 0.5451479032392245, 0.5439274848129578, 0.5472274634506071, 0.550977337760481, 0.5586335294289521, 0.5512460393045477, 0.5549371977831492, 0.5569829671409049], 'val_mae': [0.7804824561403509, 0.6789364035087719, 0.6395285087719298, 0.6677302631578947, 0.6669078947368421, 0.6392872807017543, 0.6118530701754386, 0.6440899122807018, 0.6290021929824562, 0.6199561403508772], 'jsd': [(0, 0, 0, 0, 0, 0, 0, 0, 0, 0, 0, 0), (0, 0, 0, 0, 0, 0, 0, 0, 0, 0, 0, 0), (0, 0, 0, 0, 0, 0, 0, 0, 0, 0, 0, 0), (0, 0, 0, 0, 0, 0, 0, 0, 0, 0, 0, 0), (0, 0, 0, 0, 0, 0, 0, 0, 0, 0, 0, 0), (0, 0, 0, 0, 0, 0, 0, 0, 0, 0, 0, 0), (0, 0, 0, 0, 0, 0, 0, 0, 0, 0, 0, 0), (0, 0, 0, 0, 0, 0, 0, 0, 0, 0, 0, 0), (0, 0, 0, 0, 0, 0, 0, 0, 0, 0, 0, 0), (0, 0, 0, 0, 0, 0, 0, 0, 0, 0, 0, 0)]}}
AdaptationManager: Configuring next round...
{'client_registry': {'enabled': True, 'params': {}}, 'client_selector': {'enabled': False, 'params': {}}, 'client_cluster': {'enabled': False, 'params': {}}, 'message_compressor': {'enabled': True, 'params': {}}, 'model_co-versioning_registry': {'enabled': False, 'params': {}}, 'multi-task_model_trainer': {'enabled': False, 'params': {}}, 'heterogeneous_data_handler': {'enabled': False, 'params': {}}}
{'client_selector': {'enabled': False}, 'client_cluster': {'enabled': False}, 'message_compressor': {'enabled': True}, 'model_co-versioning_registry': {'enabled': False}, 'multi-task_model_trainer': {'enabled': False}, 'heterogeneous_data_handler': {'enabled': False}, 'client_registry': {'enabled': True, 'params': {}}}
round 11, 8 high, 4 low, 0.0-iid clients, predicted best policy: message_compressor activated ✅
Local parameters compressed: reduced 5159 bytes (6.99%)
Local parameters compressed: reduced 5140 bytes (6.97%)
Local parameters compressed: reduced 5145 bytes (6.97%)
Local parameters compressed: reduced 5152 bytes (6.98%)
Local parameters compressed: reduced 5112 bytes (6.93%)
Local parameters compressed: reduced 5140 bytes (6.97%)
Local parameters compressed: reduced 5149 bytes (6.98%)
Local parameters compressed: reduced 5149 bytes (6.98%)
Local parameters compressed: reduced 5158 bytes (6.99%)
Local parameters compressed: reduced 5139 bytes (6.96%)
Local parameters compressed: reduced 5146 bytes (6.97%)
Local parameters compressed: reduced 5161 bytes (6.99%)
Results Aggregated in 10.24 seconds.
{'TextMLP': {'train_loss': [0.39740045075482794, 0.29558743976420826, 0.2732599251728919, 0.2599597111872501, 0.2538860373549991, 0.24727468775428005, 0.24316184613406658, 0.23851551139503718, 0.23490635960830583, 0.23102069022340907, 0.22891955879115397], 'train_accuracy': [0.8515361111111112, 0.8901180555555556, 0.8970715277777778, 0.9007493055555555, 0.9029944444444444, 0.9061152777777778, 0.9078125, 0.9095819444444444, 0.9117645833333333, 0.9132138888888889, 0.9142993055555556], 'train_f1': [0.7546036106670982, 0.8410155784435425, 0.8537959813252773, 0.8583911821701533, 0.8617861034522938, 0.8673653976870892, 0.8715548733245829, 0.8720947700819413, 0.8758768347561461, 0.8780928416789745, 0.8796174540691168], 'train_mae': [0.21321736111111111, 0.1655, 0.15738541666666667, 0.1526048611111111, 0.1497652777777778, 0.14476597222222223, 0.14083541666666666, 0.13907708333333332, 0.13628541666666666, 0.13319722222222222, 0.13175347222222222], 'val_loss': [3.288752904021949, 4.3297485728012886, 5.5893953719892, 5.949725858203151, 5.844766275924549, 5.816209036509196, 5.6659515679510015, 5.582754484561452, 5.3971864813252495, 5.244692895788895, 5.435064269032394], 'val_accuracy': [0.5401315789473684, 0.616140350877193, 0.628157894736842, 0.626875, 0.6313048245614035, 0.6353618421052631, 0.6452741228070175, 0.635625, 0.6399890350877193, 0.6426535087719298, 0.6429934210526316], 'val_f1': [0.4626503505602048, 0.5337435468748372, 0.5451479032392245, 0.5439274848129578, 0.5472274634506071, 0.550977337760481, 0.5586335294289521, 0.5512460393045477, 0.5549371977831492, 0.5569829671409049, 0.5573882692607345], 'val_mae': [0.7804824561403509, 0.6789364035087719, 0.6395285087719298, 0.6677302631578947, 0.6669078947368421, 0.6392872807017543, 0.6118530701754386, 0.6440899122807018, 0.6290021929824562, 0.6199561403508772, 0.6190899122807018], 'jsd': [(0, 0, 0, 0, 0, 0, 0, 0, 0, 0, 0, 0), (0, 0, 0, 0, 0, 0, 0, 0, 0, 0, 0, 0), (0, 0, 0, 0, 0, 0, 0, 0, 0, 0, 0, 0), (0, 0, 0, 0, 0, 0, 0, 0, 0, 0, 0, 0), (0, 0, 0, 0, 0, 0, 0, 0, 0, 0, 0, 0), (0, 0, 0, 0, 0, 0, 0, 0, 0, 0, 0, 0), (0, 0, 0, 0, 0, 0, 0, 0, 0, 0, 0, 0), (0, 0, 0, 0, 0, 0, 0, 0, 0, 0, 0, 0), (0, 0, 0, 0, 0, 0, 0, 0, 0, 0, 0, 0), (0, 0, 0, 0, 0, 0, 0, 0, 0, 0, 0, 0), (0, 0, 0, 0, 0, 0, 0, 0, 0, 0, 0, 0)]}}
AdaptationManager: Configuring next round...
{'client_registry': {'enabled': True, 'params': {}}, 'client_selector': {'enabled': False, 'params': {}}, 'client_cluster': {'enabled': False, 'params': {}}, 'message_compressor': {'enabled': True, 'params': {}}, 'model_co-versioning_registry': {'enabled': False, 'params': {}}, 'multi-task_model_trainer': {'enabled': False, 'params': {}}, 'heterogeneous_data_handler': {'enabled': False, 'params': {}}}
{'client_selector': {'enabled': False}, 'client_cluster': {'enabled': False}, 'message_compressor': {'enabled': True}, 'model_co-versioning_registry': {'enabled': False}, 'multi-task_model_trainer': {'enabled': False}, 'heterogeneous_data_handler': {'enabled': False}, 'client_registry': {'enabled': True, 'params': {}}}
round 12, 8 high, 4 low, 0.0-iid clients, predicted best policy: message_compressor activated ✅
Local parameters compressed: reduced 5135 bytes (6.96%)
Local parameters compressed: reduced 5176 bytes (7.01%)
Local parameters compressed: reduced 5138 bytes (6.96%)
Local parameters compressed: reduced 5152 bytes (6.98%)
Local parameters compressed: reduced 5115 bytes (6.93%)
Local parameters compressed: reduced 5107 bytes (6.92%)
Local parameters compressed: reduced 5148 bytes (6.98%)
Local parameters compressed: reduced 5096 bytes (6.91%)
Local parameters compressed: reduced 5179 bytes (7.02%)
Local parameters compressed: reduced 5143 bytes (6.97%)
Local parameters compressed: reduced 5114 bytes (6.93%)
Local parameters compressed: reduced 5157 bytes (6.99%)
Results Aggregated in 9.71 seconds.
{'TextMLP': {'train_loss': [0.39740045075482794, 0.29558743976420826, 0.2732599251728919, 0.2599597111872501, 0.2538860373549991, 0.24727468775428005, 0.24316184613406658, 0.23851551139503718, 0.23490635960830583, 0.23102069022340907, 0.22891955879115397, 0.22821207407365243], 'train_accuracy': [0.8515361111111112, 0.8901180555555556, 0.8970715277777778, 0.9007493055555555, 0.9029944444444444, 0.9061152777777778, 0.9078125, 0.9095819444444444, 0.9117645833333333, 0.9132138888888889, 0.9142993055555556, 0.9150083333333333], 'train_f1': [0.7546036106670982, 0.8410155784435425, 0.8537959813252773, 0.8583911821701533, 0.8617861034522938, 0.8673653976870892, 0.8715548733245829, 0.8720947700819413, 0.8758768347561461, 0.8780928416789745, 0.8796174540691168, 0.880207607785644], 'train_mae': [0.21321736111111111, 0.1655, 0.15738541666666667, 0.1526048611111111, 0.1497652777777778, 0.14476597222222223, 0.14083541666666666, 0.13907708333333332, 0.13628541666666666, 0.13319722222222222, 0.13175347222222222, 0.13087222222222222], 'val_loss': [3.288752904021949, 4.3297485728012886, 5.5893953719892, 5.949725858203151, 5.844766275924549, 5.816209036509196, 5.6659515679510015, 5.582754484561452, 5.3971864813252495, 5.244692895788895, 5.435064269032394, 5.47421983317325], 'val_accuracy': [0.5401315789473684, 0.616140350877193, 0.628157894736842, 0.626875, 0.6313048245614035, 0.6353618421052631, 0.6452741228070175, 0.635625, 0.6399890350877193, 0.6426535087719298, 0.6429934210526316, 0.6419517543859649], 'val_f1': [0.4626503505602048, 0.5337435468748372, 0.5451479032392245, 0.5439274848129578, 0.5472274634506071, 0.550977337760481, 0.5586335294289521, 0.5512460393045477, 0.5549371977831492, 0.5569829671409049, 0.5573882692607345, 0.5565242290800088], 'val_mae': [0.7804824561403509, 0.6789364035087719, 0.6395285087719298, 0.6677302631578947, 0.6669078947368421, 0.6392872807017543, 0.6118530701754386, 0.6440899122807018, 0.6290021929824562, 0.6199561403508772, 0.6190899122807018, 0.6232236842105263], 'jsd': [(0, 0, 0, 0, 0, 0, 0, 0, 0, 0, 0, 0), (0, 0, 0, 0, 0, 0, 0, 0, 0, 0, 0, 0), (0, 0, 0, 0, 0, 0, 0, 0, 0, 0, 0, 0), (0, 0, 0, 0, 0, 0, 0, 0, 0, 0, 0, 0), (0, 0, 0, 0, 0, 0, 0, 0, 0, 0, 0, 0), (0, 0, 0, 0, 0, 0, 0, 0, 0, 0, 0, 0), (0, 0, 0, 0, 0, 0, 0, 0, 0, 0, 0, 0), (0, 0, 0, 0, 0, 0, 0, 0, 0, 0, 0, 0), (0, 0, 0, 0, 0, 0, 0, 0, 0, 0, 0, 0), (0, 0, 0, 0, 0, 0, 0, 0, 0, 0, 0, 0), (0, 0, 0, 0, 0, 0, 0, 0, 0, 0, 0, 0), (0, 0, 0, 0, 0, 0, 0, 0, 0, 0, 0, 0)]}}
AdaptationManager: Configuring next round...
{'client_registry': {'enabled': True, 'params': {}}, 'client_selector': {'enabled': False, 'params': {}}, 'client_cluster': {'enabled': False, 'params': {}}, 'message_compressor': {'enabled': True, 'params': {}}, 'model_co-versioning_registry': {'enabled': False, 'params': {}}, 'multi-task_model_trainer': {'enabled': False, 'params': {}}, 'heterogeneous_data_handler': {'enabled': False, 'params': {}}}
{'client_selector': {'enabled': False}, 'client_cluster': {'enabled': False}, 'message_compressor': {'enabled': True}, 'model_co-versioning_registry': {'enabled': False}, 'multi-task_model_trainer': {'enabled': False}, 'heterogeneous_data_handler': {'enabled': False}, 'client_registry': {'enabled': True, 'params': {}}}
round 13, 8 high, 4 low, 0.0-iid clients, predicted best policy: message_compressor activated ✅
Local parameters compressed: reduced 5127 bytes (6.95%)
Local parameters compressed: reduced 5098 bytes (6.91%)
Local parameters compressed: reduced 5131 bytes (6.95%)
Local parameters compressed: reduced 5137 bytes (6.96%)
Local parameters compressed: reduced 5115 bytes (6.93%)
Local parameters compressed: reduced 5148 bytes (6.98%)
Local parameters compressed: reduced 5138 bytes (6.96%)
Local parameters compressed: reduced 5096 bytes (6.91%)
Local parameters compressed: reduced 5127 bytes (6.95%)
Local parameters compressed: reduced 5155 bytes (6.99%)
Local parameters compressed: reduced 5155 bytes (6.99%)
Local parameters compressed: reduced 5145 bytes (6.97%)
Results Aggregated in 10.06 seconds.
{'TextMLP': {'train_loss': [0.39740045075482794, 0.29558743976420826, 0.2732599251728919, 0.2599597111872501, 0.2538860373549991, 0.24727468775428005, 0.24316184613406658, 0.23851551139503718, 0.23490635960830583, 0.23102069022340907, 0.22891955879115397, 0.22821207407365243, 0.22345010133816137], 'train_accuracy': [0.8515361111111112, 0.8901180555555556, 0.8970715277777778, 0.9007493055555555, 0.9029944444444444, 0.9061152777777778, 0.9078125, 0.9095819444444444, 0.9117645833333333, 0.9132138888888889, 0.9142993055555556, 0.9150083333333333, 0.91678125], 'train_f1': [0.7546036106670982, 0.8410155784435425, 0.8537959813252773, 0.8583911821701533, 0.8617861034522938, 0.8673653976870892, 0.8715548733245829, 0.8720947700819413, 0.8758768347561461, 0.8780928416789745, 0.8796174540691168, 0.880207607785644, 0.8824523527943428], 'train_mae': [0.21321736111111111, 0.1655, 0.15738541666666667, 0.1526048611111111, 0.1497652777777778, 0.14476597222222223, 0.14083541666666666, 0.13907708333333332, 0.13628541666666666, 0.13319722222222222, 0.13175347222222222, 0.13087222222222222, 0.12856041666666668], 'val_loss': [3.288752904021949, 4.3297485728012886, 5.5893953719892, 5.949725858203151, 5.844766275924549, 5.816209036509196, 5.6659515679510015, 5.582754484561452, 5.3971864813252495, 5.244692895788895, 5.435064269032394, 5.47421983317325, 5.592368162054765], 'val_accuracy': [0.5401315789473684, 0.616140350877193, 0.628157894736842, 0.626875, 0.6313048245614035, 0.6353618421052631, 0.6452741228070175, 0.635625, 0.6399890350877193, 0.6426535087719298, 0.6429934210526316, 0.6419517543859649, 0.6420394736842105], 'val_f1': [0.4626503505602048, 0.5337435468748372, 0.5451479032392245, 0.5439274848129578, 0.5472274634506071, 0.550977337760481, 0.5586335294289521, 0.5512460393045477, 0.5549371977831492, 0.5569829671409049, 0.5573882692607345, 0.5565242290800088, 0.5567828877166876], 'val_mae': [0.7804824561403509, 0.6789364035087719, 0.6395285087719298, 0.6677302631578947, 0.6669078947368421, 0.6392872807017543, 0.6118530701754386, 0.6440899122807018, 0.6290021929824562, 0.6199561403508772, 0.6190899122807018, 0.6232236842105263, 0.6266337719298245], 'jsd': [(0, 0, 0, 0, 0, 0, 0, 0, 0, 0, 0, 0), (0, 0, 0, 0, 0, 0, 0, 0, 0, 0, 0, 0), (0, 0, 0, 0, 0, 0, 0, 0, 0, 0, 0, 0), (0, 0, 0, 0, 0, 0, 0, 0, 0, 0, 0, 0), (0, 0, 0, 0, 0, 0, 0, 0, 0, 0, 0, 0), (0, 0, 0, 0, 0, 0, 0, 0, 0, 0, 0, 0), (0, 0, 0, 0, 0, 0, 0, 0, 0, 0, 0, 0), (0, 0, 0, 0, 0, 0, 0, 0, 0, 0, 0, 0), (0, 0, 0, 0, 0, 0, 0, 0, 0, 0, 0, 0), (0, 0, 0, 0, 0, 0, 0, 0, 0, 0, 0, 0), (0, 0, 0, 0, 0, 0, 0, 0, 0, 0, 0, 0), (0, 0, 0, 0, 0, 0, 0, 0, 0, 0, 0, 0), (0, 0, 0, 0, 0, 0, 0, 0, 0, 0, 0, 0)]}}
AdaptationManager: Configuring next round...
{'client_registry': {'enabled': True, 'params': {}}, 'client_selector': {'enabled': False, 'params': {}}, 'client_cluster': {'enabled': False, 'params': {}}, 'message_compressor': {'enabled': True, 'params': {}}, 'model_co-versioning_registry': {'enabled': False, 'params': {}}, 'multi-task_model_trainer': {'enabled': False, 'params': {}}, 'heterogeneous_data_handler': {'enabled': False, 'params': {}}}
{'client_selector': {'enabled': False}, 'client_cluster': {'enabled': False}, 'message_compressor': {'enabled': True}, 'model_co-versioning_registry': {'enabled': False}, 'multi-task_model_trainer': {'enabled': False}, 'heterogeneous_data_handler': {'enabled': False}, 'client_registry': {'enabled': True, 'params': {}}}
round 14, 8 high, 4 low, 0.0-iid clients, predicted best policy: message_compressor activated ✅
Local parameters compressed: reduced 5124 bytes (6.94%)
Local parameters compressed: reduced 5128 bytes (6.95%)
Local parameters compressed: reduced 5143 bytes (6.97%)
Local parameters compressed: reduced 5143 bytes (6.97%)
Local parameters compressed: reduced 5139 bytes (6.96%)
Local parameters compressed: reduced 5102 bytes (6.91%)
Local parameters compressed: reduced 5156 bytes (6.99%)
Local parameters compressed: reduced 5129 bytes (6.95%)
Local parameters compressed: reduced 5129 bytes (6.95%)
Local parameters compressed: reduced 5137 bytes (6.96%)
Local parameters compressed: reduced 5124 bytes (6.94%)
Local parameters compressed: reduced 5138 bytes (6.96%)
Results Aggregated in 11.67 seconds.
{'TextMLP': {'train_loss': [0.39740045075482794, 0.29558743976420826, 0.2732599251728919, 0.2599597111872501, 0.2538860373549991, 0.24727468775428005, 0.24316184613406658, 0.23851551139503718, 0.23490635960830583, 0.23102069022340907, 0.22891955879115397, 0.22821207407365243, 0.22345010133816137, 0.22370718019406], 'train_accuracy': [0.8515361111111112, 0.8901180555555556, 0.8970715277777778, 0.9007493055555555, 0.9029944444444444, 0.9061152777777778, 0.9078125, 0.9095819444444444, 0.9117645833333333, 0.9132138888888889, 0.9142993055555556, 0.9150083333333333, 0.91678125, 0.9170402777777777], 'train_f1': [0.7546036106670982, 0.8410155784435425, 0.8537959813252773, 0.8583911821701533, 0.8617861034522938, 0.8673653976870892, 0.8715548733245829, 0.8720947700819413, 0.8758768347561461, 0.8780928416789745, 0.8796174540691168, 0.880207607785644, 0.8824523527943428, 0.8832990940893797], 'train_mae': [0.21321736111111111, 0.1655, 0.15738541666666667, 0.1526048611111111, 0.1497652777777778, 0.14476597222222223, 0.14083541666666666, 0.13907708333333332, 0.13628541666666666, 0.13319722222222222, 0.13175347222222222, 0.13087222222222222, 0.12856041666666668, 0.12768055555555555], 'val_loss': [3.288752904021949, 4.3297485728012886, 5.5893953719892, 5.949725858203151, 5.844766275924549, 5.816209036509196, 5.6659515679510015, 5.582754484561452, 5.3971864813252495, 5.244692895788895, 5.435064269032394, 5.47421983317325, 5.592368162054765, 5.762954357967042], 'val_accuracy': [0.5401315789473684, 0.616140350877193, 0.628157894736842, 0.626875, 0.6313048245614035, 0.6353618421052631, 0.6452741228070175, 0.635625, 0.6399890350877193, 0.6426535087719298, 0.6429934210526316, 0.6419517543859649, 0.6420394736842105, 0.6469298245614035], 'val_f1': [0.4626503505602048, 0.5337435468748372, 0.5451479032392245, 0.5439274848129578, 0.5472274634506071, 0.550977337760481, 0.5586335294289521, 0.5512460393045477, 0.5549371977831492, 0.5569829671409049, 0.5573882692607345, 0.5565242290800088, 0.5567828877166876, 0.5603970238227911], 'val_mae': [0.7804824561403509, 0.6789364035087719, 0.6395285087719298, 0.6677302631578947, 0.6669078947368421, 0.6392872807017543, 0.6118530701754386, 0.6440899122807018, 0.6290021929824562, 0.6199561403508772, 0.6190899122807018, 0.6232236842105263, 0.6266337719298245, 0.6121929824561404], 'jsd': [(0, 0, 0, 0, 0, 0, 0, 0, 0, 0, 0, 0), (0, 0, 0, 0, 0, 0, 0, 0, 0, 0, 0, 0), (0, 0, 0, 0, 0, 0, 0, 0, 0, 0, 0, 0), (0, 0, 0, 0, 0, 0, 0, 0, 0, 0, 0, 0), (0, 0, 0, 0, 0, 0, 0, 0, 0, 0, 0, 0), (0, 0, 0, 0, 0, 0, 0, 0, 0, 0, 0, 0), (0, 0, 0, 0, 0, 0, 0, 0, 0, 0, 0, 0), (0, 0, 0, 0, 0, 0, 0, 0, 0, 0, 0, 0), (0, 0, 0, 0, 0, 0, 0, 0, 0, 0, 0, 0), (0, 0, 0, 0, 0, 0, 0, 0, 0, 0, 0, 0), (0, 0, 0, 0, 0, 0, 0, 0, 0, 0, 0, 0), (0, 0, 0, 0, 0, 0, 0, 0, 0, 0, 0, 0), (0, 0, 0, 0, 0, 0, 0, 0, 0, 0, 0, 0), (0, 0, 0, 0, 0, 0, 0, 0, 0, 0, 0, 0)]}}
AdaptationManager: Configuring next round...
{'client_registry': {'enabled': True, 'params': {}}, 'client_selector': {'enabled': False, 'params': {}}, 'client_cluster': {'enabled': False, 'params': {}}, 'message_compressor': {'enabled': True, 'params': {}}, 'model_co-versioning_registry': {'enabled': False, 'params': {}}, 'multi-task_model_trainer': {'enabled': False, 'params': {}}, 'heterogeneous_data_handler': {'enabled': False, 'params': {}}}
{'client_selector': {'enabled': False}, 'client_cluster': {'enabled': False}, 'message_compressor': {'enabled': True}, 'model_co-versioning_registry': {'enabled': False}, 'multi-task_model_trainer': {'enabled': False}, 'heterogeneous_data_handler': {'enabled': False}, 'client_registry': {'enabled': True, 'params': {}}}
round 15, 8 high, 4 low, 0.0-iid clients, predicted best policy: message_compressor activated ✅
Local parameters compressed: reduced 5123 bytes (6.94%)
Local parameters compressed: reduced 5125 bytes (6.95%)
Local parameters compressed: reduced 5113 bytes (6.93%)
Local parameters compressed: reduced 5129 bytes (6.95%)
Local parameters compressed: reduced 5121 bytes (6.94%)
Local parameters compressed: reduced 5153 bytes (6.98%)
Local parameters compressed: reduced 5150 bytes (6.98%)
Local parameters compressed: reduced 5113 bytes (6.93%)
Local parameters compressed: reduced 5161 bytes (6.99%)
Local parameters compressed: reduced 5123 bytes (6.94%)
Local parameters compressed: reduced 5146 bytes (6.97%)
Local parameters compressed: reduced 5134 bytes (6.96%)
Results Aggregated in 11.62 seconds.
{'TextMLP': {'train_loss': [0.39740045075482794, 0.29558743976420826, 0.2732599251728919, 0.2599597111872501, 0.2538860373549991, 0.24727468775428005, 0.24316184613406658, 0.23851551139503718, 0.23490635960830583, 0.23102069022340907, 0.22891955879115397, 0.22821207407365243, 0.22345010133816137, 0.22370718019406, 0.21679632714539765], 'train_accuracy': [0.8515361111111112, 0.8901180555555556, 0.8970715277777778, 0.9007493055555555, 0.9029944444444444, 0.9061152777777778, 0.9078125, 0.9095819444444444, 0.9117645833333333, 0.9132138888888889, 0.9142993055555556, 0.9150083333333333, 0.91678125, 0.9170402777777777, 0.9201069444444444], 'train_f1': [0.7546036106670982, 0.8410155784435425, 0.8537959813252773, 0.8583911821701533, 0.8617861034522938, 0.8673653976870892, 0.8715548733245829, 0.8720947700819413, 0.8758768347561461, 0.8780928416789745, 0.8796174540691168, 0.880207607785644, 0.8824523527943428, 0.8832990940893797, 0.8877759429683955], 'train_mae': [0.21321736111111111, 0.1655, 0.15738541666666667, 0.1526048611111111, 0.1497652777777778, 0.14476597222222223, 0.14083541666666666, 0.13907708333333332, 0.13628541666666666, 0.13319722222222222, 0.13175347222222222, 0.13087222222222222, 0.12856041666666668, 0.12768055555555555, 0.12351875], 'val_loss': [3.288752904021949, 4.3297485728012886, 5.5893953719892, 5.949725858203151, 5.844766275924549, 5.816209036509196, 5.6659515679510015, 5.582754484561452, 5.3971864813252495, 5.244692895788895, 5.435064269032394, 5.47421983317325, 5.592368162054765, 5.762954357967042, 5.799090270410504], 'val_accuracy': [0.5401315789473684, 0.616140350877193, 0.628157894736842, 0.626875, 0.6313048245614035, 0.6353618421052631, 0.6452741228070175, 0.635625, 0.6399890350877193, 0.6426535087719298, 0.6429934210526316, 0.6419517543859649, 0.6420394736842105, 0.6469298245614035, 0.6495285087719298], 'val_f1': [0.4626503505602048, 0.5337435468748372, 0.5451479032392245, 0.5439274848129578, 0.5472274634506071, 0.550977337760481, 0.5586335294289521, 0.5512460393045477, 0.5549371977831492, 0.5569829671409049, 0.5573882692607345, 0.5565242290800088, 0.5567828877166876, 0.5603970238227911, 0.5627439662227679], 'val_mae': [0.7804824561403509, 0.6789364035087719, 0.6395285087719298, 0.6677302631578947, 0.6669078947368421, 0.6392872807017543, 0.6118530701754386, 0.6440899122807018, 0.6290021929824562, 0.6199561403508772, 0.6190899122807018, 0.6232236842105263, 0.6266337719298245, 0.6121929824561404, 0.6062061403508772], 'jsd': [(0, 0, 0, 0, 0, 0, 0, 0, 0, 0, 0, 0), (0, 0, 0, 0, 0, 0, 0, 0, 0, 0, 0, 0), (0, 0, 0, 0, 0, 0, 0, 0, 0, 0, 0, 0), (0, 0, 0, 0, 0, 0, 0, 0, 0, 0, 0, 0), (0, 0, 0, 0, 0, 0, 0, 0, 0, 0, 0, 0), (0, 0, 0, 0, 0, 0, 0, 0, 0, 0, 0, 0), (0, 0, 0, 0, 0, 0, 0, 0, 0, 0, 0, 0), (0, 0, 0, 0, 0, 0, 0, 0, 0, 0, 0, 0), (0, 0, 0, 0, 0, 0, 0, 0, 0, 0, 0, 0), (0, 0, 0, 0, 0, 0, 0, 0, 0, 0, 0, 0), (0, 0, 0, 0, 0, 0, 0, 0, 0, 0, 0, 0), (0, 0, 0, 0, 0, 0, 0, 0, 0, 0, 0, 0), (0, 0, 0, 0, 0, 0, 0, 0, 0, 0, 0, 0), (0, 0, 0, 0, 0, 0, 0, 0, 0, 0, 0, 0), (0, 0, 0, 0, 0, 0, 0, 0, 0, 0, 0, 0)]}}
AdaptationManager: Configuring next round...
{'client_registry': {'enabled': True, 'params': {}}, 'client_selector': {'enabled': False, 'params': {}}, 'client_cluster': {'enabled': False, 'params': {}}, 'message_compressor': {'enabled': True, 'params': {}}, 'model_co-versioning_registry': {'enabled': False, 'params': {}}, 'multi-task_model_trainer': {'enabled': False, 'params': {}}, 'heterogeneous_data_handler': {'enabled': False, 'params': {}}}
{'client_selector': {'enabled': False}, 'client_cluster': {'enabled': False}, 'message_compressor': {'enabled': True}, 'model_co-versioning_registry': {'enabled': False}, 'multi-task_model_trainer': {'enabled': False}, 'heterogeneous_data_handler': {'enabled': False}, 'client_registry': {'enabled': True, 'params': {}}}
round 16, 8 high, 4 low, 0.0-iid clients, predicted best policy: message_compressor activated ✅
Local parameters compressed: reduced 5092 bytes (6.90%)
Local parameters compressed: reduced 5122 bytes (6.94%)
Local parameters compressed: reduced 5146 bytes (6.97%)
Local parameters compressed: reduced 5114 bytes (6.93%)
Local parameters compressed: reduced 5117 bytes (6.93%)
Local parameters compressed: reduced 5124 bytes (6.94%)
Local parameters compressed: reduced 5085 bytes (6.89%)
Local parameters compressed: reduced 5110 bytes (6.93%)
Local parameters compressed: reduced 5063 bytes (6.86%)
Local parameters compressed: reduced 5096 bytes (6.91%)
Local parameters compressed: reduced 5130 bytes (6.95%)
Local parameters compressed: reduced 5146 bytes (6.97%)
Results Aggregated in 10.73 seconds.
{'TextMLP': {'train_loss': [0.39740045075482794, 0.29558743976420826, 0.2732599251728919, 0.2599597111872501, 0.2538860373549991, 0.24727468775428005, 0.24316184613406658, 0.23851551139503718, 0.23490635960830583, 0.23102069022340907, 0.22891955879115397, 0.22821207407365243, 0.22345010133816137, 0.22370718019406, 0.21679632714539765, 0.21449777399682338], 'train_accuracy': [0.8515361111111112, 0.8901180555555556, 0.8970715277777778, 0.9007493055555555, 0.9029944444444444, 0.9061152777777778, 0.9078125, 0.9095819444444444, 0.9117645833333333, 0.9132138888888889, 0.9142993055555556, 0.9150083333333333, 0.91678125, 0.9170402777777777, 0.9201069444444444, 0.9211409722222222], 'train_f1': [0.7546036106670982, 0.8410155784435425, 0.8537959813252773, 0.8583911821701533, 0.8617861034522938, 0.8673653976870892, 0.8715548733245829, 0.8720947700819413, 0.8758768347561461, 0.8780928416789745, 0.8796174540691168, 0.880207607785644, 0.8824523527943428, 0.8832990940893797, 0.8877759429683955, 0.8892968891934493], 'train_mae': [0.21321736111111111, 0.1655, 0.15738541666666667, 0.1526048611111111, 0.1497652777777778, 0.14476597222222223, 0.14083541666666666, 0.13907708333333332, 0.13628541666666666, 0.13319722222222222, 0.13175347222222222, 0.13087222222222222, 0.12856041666666668, 0.12768055555555555, 0.12351875, 0.12137569444444445], 'val_loss': [3.288752904021949, 4.3297485728012886, 5.5893953719892, 5.949725858203151, 5.844766275924549, 5.816209036509196, 5.6659515679510015, 5.582754484561452, 5.3971864813252495, 5.244692895788895, 5.435064269032394, 5.47421983317325, 5.592368162054765, 5.762954357967042, 5.799090270410504, 5.844784249506499], 'val_accuracy': [0.5401315789473684, 0.616140350877193, 0.628157894736842, 0.626875, 0.6313048245614035, 0.6353618421052631, 0.6452741228070175, 0.635625, 0.6399890350877193, 0.6426535087719298, 0.6429934210526316, 0.6419517543859649, 0.6420394736842105, 0.6469298245614035, 0.6495285087719298, 0.6523464912280701], 'val_f1': [0.4626503505602048, 0.5337435468748372, 0.5451479032392245, 0.5439274848129578, 0.5472274634506071, 0.550977337760481, 0.5586335294289521, 0.5512460393045477, 0.5549371977831492, 0.5569829671409049, 0.5573882692607345, 0.5565242290800088, 0.5567828877166876, 0.5603970238227911, 0.5627439662227679, 0.5648443733440671], 'val_mae': [0.7804824561403509, 0.6789364035087719, 0.6395285087719298, 0.6677302631578947, 0.6669078947368421, 0.6392872807017543, 0.6118530701754386, 0.6440899122807018, 0.6290021929824562, 0.6199561403508772, 0.6190899122807018, 0.6232236842105263, 0.6266337719298245, 0.6121929824561404, 0.6062061403508772, 0.5973903508771929], 'jsd': [(0, 0, 0, 0, 0, 0, 0, 0, 0, 0, 0, 0), (0, 0, 0, 0, 0, 0, 0, 0, 0, 0, 0, 0), (0, 0, 0, 0, 0, 0, 0, 0, 0, 0, 0, 0), (0, 0, 0, 0, 0, 0, 0, 0, 0, 0, 0, 0), (0, 0, 0, 0, 0, 0, 0, 0, 0, 0, 0, 0), (0, 0, 0, 0, 0, 0, 0, 0, 0, 0, 0, 0), (0, 0, 0, 0, 0, 0, 0, 0, 0, 0, 0, 0), (0, 0, 0, 0, 0, 0, 0, 0, 0, 0, 0, 0), (0, 0, 0, 0, 0, 0, 0, 0, 0, 0, 0, 0), (0, 0, 0, 0, 0, 0, 0, 0, 0, 0, 0, 0), (0, 0, 0, 0, 0, 0, 0, 0, 0, 0, 0, 0), (0, 0, 0, 0, 0, 0, 0, 0, 0, 0, 0, 0), (0, 0, 0, 0, 0, 0, 0, 0, 0, 0, 0, 0), (0, 0, 0, 0, 0, 0, 0, 0, 0, 0, 0, 0), (0, 0, 0, 0, 0, 0, 0, 0, 0, 0, 0, 0), (0, 0, 0, 0, 0, 0, 0, 0, 0, 0, 0, 0)]}}
AdaptationManager: Configuring next round...
{'client_registry': {'enabled': True, 'params': {}}, 'client_selector': {'enabled': False, 'params': {}}, 'client_cluster': {'enabled': False, 'params': {}}, 'message_compressor': {'enabled': True, 'params': {}}, 'model_co-versioning_registry': {'enabled': False, 'params': {}}, 'multi-task_model_trainer': {'enabled': False, 'params': {}}, 'heterogeneous_data_handler': {'enabled': False, 'params': {}}}
{'client_selector': {'enabled': False}, 'client_cluster': {'enabled': False}, 'message_compressor': {'enabled': True}, 'model_co-versioning_registry': {'enabled': False}, 'multi-task_model_trainer': {'enabled': False}, 'heterogeneous_data_handler': {'enabled': False}, 'client_registry': {'enabled': True, 'params': {}}}
round 17, 8 high, 4 low, 0.0-iid clients, predicted best policy: message_compressor activated ✅
Local parameters compressed: reduced 5058 bytes (6.85%)
Local parameters compressed: reduced 5135 bytes (6.96%)
Local parameters compressed: reduced 5088 bytes (6.90%)
Local parameters compressed: reduced 5085 bytes (6.89%)
Local parameters compressed: reduced 5103 bytes (6.92%)
Local parameters compressed: reduced 5110 bytes (6.93%)
Local parameters compressed: reduced 5128 bytes (6.95%)
Local parameters compressed: reduced 5135 bytes (6.96%)
Local parameters compressed: reduced 5139 bytes (6.96%)
Local parameters compressed: reduced 5130 bytes (6.95%)
Local parameters compressed: reduced 5116 bytes (6.93%)
Local parameters compressed: reduced 5117 bytes (6.93%)
Results Aggregated in 10.45 seconds.
{'TextMLP': {'train_loss': [0.39740045075482794, 0.29558743976420826, 0.2732599251728919, 0.2599597111872501, 0.2538860373549991, 0.24727468775428005, 0.24316184613406658, 0.23851551139503718, 0.23490635960830583, 0.23102069022340907, 0.22891955879115397, 0.22821207407365243, 0.22345010133816137, 0.22370718019406, 0.21679632714539765, 0.21449777399682338, 0.21520854005399678], 'train_accuracy': [0.8515361111111112, 0.8901180555555556, 0.8970715277777778, 0.9007493055555555, 0.9029944444444444, 0.9061152777777778, 0.9078125, 0.9095819444444444, 0.9117645833333333, 0.9132138888888889, 0.9142993055555556, 0.9150083333333333, 0.91678125, 0.9170402777777777, 0.9201069444444444, 0.9211409722222222, 0.9206847222222222], 'train_f1': [0.7546036106670982, 0.8410155784435425, 0.8537959813252773, 0.8583911821701533, 0.8617861034522938, 0.8673653976870892, 0.8715548733245829, 0.8720947700819413, 0.8758768347561461, 0.8780928416789745, 0.8796174540691168, 0.880207607785644, 0.8824523527943428, 0.8832990940893797, 0.8877759429683955, 0.8892968891934493, 0.888279470852776], 'train_mae': [0.21321736111111111, 0.1655, 0.15738541666666667, 0.1526048611111111, 0.1497652777777778, 0.14476597222222223, 0.14083541666666666, 0.13907708333333332, 0.13628541666666666, 0.13319722222222222, 0.13175347222222222, 0.13087222222222222, 0.12856041666666668, 0.12768055555555555, 0.12351875, 0.12137569444444445, 0.12267083333333334], 'val_loss': [3.288752904021949, 4.3297485728012886, 5.5893953719892, 5.949725858203151, 5.844766275924549, 5.816209036509196, 5.6659515679510015, 5.582754484561452, 5.3971864813252495, 5.244692895788895, 5.435064269032394, 5.47421983317325, 5.592368162054765, 5.762954357967042, 5.799090270410504, 5.844784249506499, 5.96269408920355], 'val_accuracy': [0.5401315789473684, 0.616140350877193, 0.628157894736842, 0.626875, 0.6313048245614035, 0.6353618421052631, 0.6452741228070175, 0.635625, 0.6399890350877193, 0.6426535087719298, 0.6429934210526316, 0.6419517543859649, 0.6420394736842105, 0.6469298245614035, 0.6495285087719298, 0.6523464912280701, 0.6479166666666667], 'val_f1': [0.4626503505602048, 0.5337435468748372, 0.5451479032392245, 0.5439274848129578, 0.5472274634506071, 0.550977337760481, 0.5586335294289521, 0.5512460393045477, 0.5549371977831492, 0.5569829671409049, 0.5573882692607345, 0.5565242290800088, 0.5567828877166876, 0.5603970238227911, 0.5627439662227679, 0.5648443733440671, 0.5616107102933862], 'val_mae': [0.7804824561403509, 0.6789364035087719, 0.6395285087719298, 0.6677302631578947, 0.6669078947368421, 0.6392872807017543, 0.6118530701754386, 0.6440899122807018, 0.6290021929824562, 0.6199561403508772, 0.6190899122807018, 0.6232236842105263, 0.6266337719298245, 0.6121929824561404, 0.6062061403508772, 0.5973903508771929, 0.606359649122807], 'jsd': [(0, 0, 0, 0, 0, 0, 0, 0, 0, 0, 0, 0), (0, 0, 0, 0, 0, 0, 0, 0, 0, 0, 0, 0), (0, 0, 0, 0, 0, 0, 0, 0, 0, 0, 0, 0), (0, 0, 0, 0, 0, 0, 0, 0, 0, 0, 0, 0), (0, 0, 0, 0, 0, 0, 0, 0, 0, 0, 0, 0), (0, 0, 0, 0, 0, 0, 0, 0, 0, 0, 0, 0), (0, 0, 0, 0, 0, 0, 0, 0, 0, 0, 0, 0), (0, 0, 0, 0, 0, 0, 0, 0, 0, 0, 0, 0), (0, 0, 0, 0, 0, 0, 0, 0, 0, 0, 0, 0), (0, 0, 0, 0, 0, 0, 0, 0, 0, 0, 0, 0), (0, 0, 0, 0, 0, 0, 0, 0, 0, 0, 0, 0), (0, 0, 0, 0, 0, 0, 0, 0, 0, 0, 0, 0), (0, 0, 0, 0, 0, 0, 0, 0, 0, 0, 0, 0), (0, 0, 0, 0, 0, 0, 0, 0, 0, 0, 0, 0), (0, 0, 0, 0, 0, 0, 0, 0, 0, 0, 0, 0), (0, 0, 0, 0, 0, 0, 0, 0, 0, 0, 0, 0), (0, 0, 0, 0, 0, 0, 0, 0, 0, 0, 0, 0)]}}
AdaptationManager: Configuring next round...
{'client_registry': {'enabled': True, 'params': {}}, 'client_selector': {'enabled': False, 'params': {}}, 'client_cluster': {'enabled': False, 'params': {}}, 'message_compressor': {'enabled': True, 'params': {}}, 'model_co-versioning_registry': {'enabled': False, 'params': {}}, 'multi-task_model_trainer': {'enabled': False, 'params': {}}, 'heterogeneous_data_handler': {'enabled': False, 'params': {}}}
{'client_selector': {'enabled': False}, 'client_cluster': {'enabled': False}, 'message_compressor': {'enabled': True}, 'model_co-versioning_registry': {'enabled': False}, 'multi-task_model_trainer': {'enabled': False}, 'heterogeneous_data_handler': {'enabled': False}, 'client_registry': {'enabled': True, 'params': {}}}
round 18, 8 high, 4 low, 0.0-iid clients, predicted best policy: message_compressor activated ✅
Local parameters compressed: reduced 5136 bytes (6.96%)
Local parameters compressed: reduced 5122 bytes (6.94%)
Local parameters compressed: reduced 5085 bytes (6.89%)
Local parameters compressed: reduced 5131 bytes (6.95%)
Local parameters compressed: reduced 5098 bytes (6.91%)
Local parameters compressed: reduced 5088 bytes (6.90%)
Local parameters compressed: reduced 5080 bytes (6.88%)
Local parameters compressed: reduced 5098 bytes (6.91%)
Local parameters compressed: reduced 5105 bytes (6.92%)
Local parameters compressed: reduced 5085 bytes (6.89%)
Local parameters compressed: reduced 5110 bytes (6.93%)
Local parameters compressed: reduced 5088 bytes (6.90%)
Results Aggregated in 10.40 seconds.
{'TextMLP': {'train_loss': [0.39740045075482794, 0.29558743976420826, 0.2732599251728919, 0.2599597111872501, 0.2538860373549991, 0.24727468775428005, 0.24316184613406658, 0.23851551139503718, 0.23490635960830583, 0.23102069022340907, 0.22891955879115397, 0.22821207407365243, 0.22345010133816137, 0.22370718019406, 0.21679632714539765, 0.21449777399682338, 0.21520854005399678, 0.21280590714977848], 'train_accuracy': [0.8515361111111112, 0.8901180555555556, 0.8970715277777778, 0.9007493055555555, 0.9029944444444444, 0.9061152777777778, 0.9078125, 0.9095819444444444, 0.9117645833333333, 0.9132138888888889, 0.9142993055555556, 0.9150083333333333, 0.91678125, 0.9170402777777777, 0.9201069444444444, 0.9211409722222222, 0.9206847222222222, 0.9216006944444445], 'train_f1': [0.7546036106670982, 0.8410155784435425, 0.8537959813252773, 0.8583911821701533, 0.8617861034522938, 0.8673653976870892, 0.8715548733245829, 0.8720947700819413, 0.8758768347561461, 0.8780928416789745, 0.8796174540691168, 0.880207607785644, 0.8824523527943428, 0.8832990940893797, 0.8877759429683955, 0.8892968891934493, 0.888279470852776, 0.8894058664771783], 'train_mae': [0.21321736111111111, 0.1655, 0.15738541666666667, 0.1526048611111111, 0.1497652777777778, 0.14476597222222223, 0.14083541666666666, 0.13907708333333332, 0.13628541666666666, 0.13319722222222222, 0.13175347222222222, 0.13087222222222222, 0.12856041666666668, 0.12768055555555555, 0.12351875, 0.12137569444444445, 0.12267083333333334, 0.12122083333333333], 'val_loss': [3.288752904021949, 4.3297485728012886, 5.5893953719892, 5.949725858203151, 5.844766275924549, 5.816209036509196, 5.6659515679510015, 5.582754484561452, 5.3971864813252495, 5.244692895788895, 5.435064269032394, 5.47421983317325, 5.592368162054765, 5.762954357967042, 5.799090270410504, 5.844784249506499, 5.96269408920355, 6.065503561120284], 'val_accuracy': [0.5401315789473684, 0.616140350877193, 0.628157894736842, 0.626875, 0.6313048245614035, 0.6353618421052631, 0.6452741228070175, 0.635625, 0.6399890350877193, 0.6426535087719298, 0.6429934210526316, 0.6419517543859649, 0.6420394736842105, 0.6469298245614035, 0.6495285087719298, 0.6523464912280701, 0.6479166666666667, 0.647905701754386], 'val_f1': [0.4626503505602048, 0.5337435468748372, 0.5451479032392245, 0.5439274848129578, 0.5472274634506071, 0.550977337760481, 0.5586335294289521, 0.5512460393045477, 0.5549371977831492, 0.5569829671409049, 0.5573882692607345, 0.5565242290800088, 0.5567828877166876, 0.5603970238227911, 0.5627439662227679, 0.5648443733440671, 0.5616107102933862, 0.5617440080293286], 'val_mae': [0.7804824561403509, 0.6789364035087719, 0.6395285087719298, 0.6677302631578947, 0.6669078947368421, 0.6392872807017543, 0.6118530701754386, 0.6440899122807018, 0.6290021929824562, 0.6199561403508772, 0.6190899122807018, 0.6232236842105263, 0.6266337719298245, 0.6121929824561404, 0.6062061403508772, 0.5973903508771929, 0.606359649122807, 0.6078728070175439], 'jsd': [(0, 0, 0, 0, 0, 0, 0, 0, 0, 0, 0, 0), (0, 0, 0, 0, 0, 0, 0, 0, 0, 0, 0, 0), (0, 0, 0, 0, 0, 0, 0, 0, 0, 0, 0, 0), (0, 0, 0, 0, 0, 0, 0, 0, 0, 0, 0, 0), (0, 0, 0, 0, 0, 0, 0, 0, 0, 0, 0, 0), (0, 0, 0, 0, 0, 0, 0, 0, 0, 0, 0, 0), (0, 0, 0, 0, 0, 0, 0, 0, 0, 0, 0, 0), (0, 0, 0, 0, 0, 0, 0, 0, 0, 0, 0, 0), (0, 0, 0, 0, 0, 0, 0, 0, 0, 0, 0, 0), (0, 0, 0, 0, 0, 0, 0, 0, 0, 0, 0, 0), (0, 0, 0, 0, 0, 0, 0, 0, 0, 0, 0, 0), (0, 0, 0, 0, 0, 0, 0, 0, 0, 0, 0, 0), (0, 0, 0, 0, 0, 0, 0, 0, 0, 0, 0, 0), (0, 0, 0, 0, 0, 0, 0, 0, 0, 0, 0, 0), (0, 0, 0, 0, 0, 0, 0, 0, 0, 0, 0, 0), (0, 0, 0, 0, 0, 0, 0, 0, 0, 0, 0, 0), (0, 0, 0, 0, 0, 0, 0, 0, 0, 0, 0, 0), (0, 0, 0, 0, 0, 0, 0, 0, 0, 0, 0, 0)]}}
AdaptationManager: Configuring next round...
{'client_registry': {'enabled': True, 'params': {}}, 'client_selector': {'enabled': False, 'params': {}}, 'client_cluster': {'enabled': False, 'params': {}}, 'message_compressor': {'enabled': True, 'params': {}}, 'model_co-versioning_registry': {'enabled': False, 'params': {}}, 'multi-task_model_trainer': {'enabled': False, 'params': {}}, 'heterogeneous_data_handler': {'enabled': False, 'params': {}}}
{'client_selector': {'enabled': False}, 'client_cluster': {'enabled': False}, 'message_compressor': {'enabled': True}, 'model_co-versioning_registry': {'enabled': False}, 'multi-task_model_trainer': {'enabled': False}, 'heterogeneous_data_handler': {'enabled': False}, 'client_registry': {'enabled': True, 'params': {}}}
round 19, 8 high, 4 low, 0.0-iid clients, predicted best policy: message_compressor activated ✅
Local parameters compressed: reduced 5076 bytes (6.88%)
Local parameters compressed: reduced 5070 bytes (6.87%)
Local parameters compressed: reduced 5090 bytes (6.90%)
Local parameters compressed: reduced 5120 bytes (6.94%)
Local parameters compressed: reduced 5062 bytes (6.86%)
Local parameters compressed: reduced 5091 bytes (6.90%)
Local parameters compressed: reduced 5101 bytes (6.91%)
Local parameters compressed: reduced 5116 bytes (6.93%)
Local parameters compressed: reduced 5083 bytes (6.89%)
Local parameters compressed: reduced 5081 bytes (6.89%)
Local parameters compressed: reduced 5072 bytes (6.87%)
Local parameters compressed: reduced 5061 bytes (6.86%)
Results Aggregated in 10.24 seconds.
{'TextMLP': {'train_loss': [0.39740045075482794, 0.29558743976420826, 0.2732599251728919, 0.2599597111872501, 0.2538860373549991, 0.24727468775428005, 0.24316184613406658, 0.23851551139503718, 0.23490635960830583, 0.23102069022340907, 0.22891955879115397, 0.22821207407365243, 0.22345010133816137, 0.22370718019406, 0.21679632714539765, 0.21449777399682338, 0.21520854005399678, 0.21280590714977848, 0.21110105291621553], 'train_accuracy': [0.8515361111111112, 0.8901180555555556, 0.8970715277777778, 0.9007493055555555, 0.9029944444444444, 0.9061152777777778, 0.9078125, 0.9095819444444444, 0.9117645833333333, 0.9132138888888889, 0.9142993055555556, 0.9150083333333333, 0.91678125, 0.9170402777777777, 0.9201069444444444, 0.9211409722222222, 0.9206847222222222, 0.9216006944444445, 0.9221569444444444], 'train_f1': [0.7546036106670982, 0.8410155784435425, 0.8537959813252773, 0.8583911821701533, 0.8617861034522938, 0.8673653976870892, 0.8715548733245829, 0.8720947700819413, 0.8758768347561461, 0.8780928416789745, 0.8796174540691168, 0.880207607785644, 0.8824523527943428, 0.8832990940893797, 0.8877759429683955, 0.8892968891934493, 0.888279470852776, 0.8894058664771783, 0.8902962078262231], 'train_mae': [0.21321736111111111, 0.1655, 0.15738541666666667, 0.1526048611111111, 0.1497652777777778, 0.14476597222222223, 0.14083541666666666, 0.13907708333333332, 0.13628541666666666, 0.13319722222222222, 0.13175347222222222, 0.13087222222222222, 0.12856041666666668, 0.12768055555555555, 0.12351875, 0.12137569444444445, 0.12267083333333334, 0.12122083333333333, 0.11977222222222222], 'val_loss': [3.288752904021949, 4.3297485728012886, 5.5893953719892, 5.949725858203151, 5.844766275924549, 5.816209036509196, 5.6659515679510015, 5.582754484561452, 5.3971864813252495, 5.244692895788895, 5.435064269032394, 5.47421983317325, 5.592368162054765, 5.762954357967042, 5.799090270410504, 5.844784249506499, 5.96269408920355, 6.065503561120284, 6.11284454981486], 'val_accuracy': [0.5401315789473684, 0.616140350877193, 0.628157894736842, 0.626875, 0.6313048245614035, 0.6353618421052631, 0.6452741228070175, 0.635625, 0.6399890350877193, 0.6426535087719298, 0.6429934210526316, 0.6419517543859649, 0.6420394736842105, 0.6469298245614035, 0.6495285087719298, 0.6523464912280701, 0.6479166666666667, 0.647905701754386, 0.6502741228070176], 'val_f1': [0.4626503505602048, 0.5337435468748372, 0.5451479032392245, 0.5439274848129578, 0.5472274634506071, 0.550977337760481, 0.5586335294289521, 0.5512460393045477, 0.5549371977831492, 0.5569829671409049, 0.5573882692607345, 0.5565242290800088, 0.5567828877166876, 0.5603970238227911, 0.5627439662227679, 0.5648443733440671, 0.5616107102933862, 0.5617440080293286, 0.5634060658478401], 'val_mae': [0.7804824561403509, 0.6789364035087719, 0.6395285087719298, 0.6677302631578947, 0.6669078947368421, 0.6392872807017543, 0.6118530701754386, 0.6440899122807018, 0.6290021929824562, 0.6199561403508772, 0.6190899122807018, 0.6232236842105263, 0.6266337719298245, 0.6121929824561404, 0.6062061403508772, 0.5973903508771929, 0.606359649122807, 0.6078728070175439, 0.5995175438596491], 'jsd': [(0, 0, 0, 0, 0, 0, 0, 0, 0, 0, 0, 0), (0, 0, 0, 0, 0, 0, 0, 0, 0, 0, 0, 0), (0, 0, 0, 0, 0, 0, 0, 0, 0, 0, 0, 0), (0, 0, 0, 0, 0, 0, 0, 0, 0, 0, 0, 0), (0, 0, 0, 0, 0, 0, 0, 0, 0, 0, 0, 0), (0, 0, 0, 0, 0, 0, 0, 0, 0, 0, 0, 0), (0, 0, 0, 0, 0, 0, 0, 0, 0, 0, 0, 0), (0, 0, 0, 0, 0, 0, 0, 0, 0, 0, 0, 0), (0, 0, 0, 0, 0, 0, 0, 0, 0, 0, 0, 0), (0, 0, 0, 0, 0, 0, 0, 0, 0, 0, 0, 0), (0, 0, 0, 0, 0, 0, 0, 0, 0, 0, 0, 0), (0, 0, 0, 0, 0, 0, 0, 0, 0, 0, 0, 0), (0, 0, 0, 0, 0, 0, 0, 0, 0, 0, 0, 0), (0, 0, 0, 0, 0, 0, 0, 0, 0, 0, 0, 0), (0, 0, 0, 0, 0, 0, 0, 0, 0, 0, 0, 0), (0, 0, 0, 0, 0, 0, 0, 0, 0, 0, 0, 0), (0, 0, 0, 0, 0, 0, 0, 0, 0, 0, 0, 0), (0, 0, 0, 0, 0, 0, 0, 0, 0, 0, 0, 0), (0, 0, 0, 0, 0, 0, 0, 0, 0, 0, 0, 0)]}}
AdaptationManager: Configuring next round...
{'client_registry': {'enabled': True, 'params': {}}, 'client_selector': {'enabled': False, 'params': {}}, 'client_cluster': {'enabled': False, 'params': {}}, 'message_compressor': {'enabled': True, 'params': {}}, 'model_co-versioning_registry': {'enabled': False, 'params': {}}, 'multi-task_model_trainer': {'enabled': False, 'params': {}}, 'heterogeneous_data_handler': {'enabled': False, 'params': {}}}
{'client_selector': {'enabled': False}, 'client_cluster': {'enabled': False}, 'message_compressor': {'enabled': True}, 'model_co-versioning_registry': {'enabled': False}, 'multi-task_model_trainer': {'enabled': False}, 'heterogeneous_data_handler': {'enabled': False}, 'client_registry': {'enabled': True, 'params': {}}}
round 20, 8 high, 4 low, 0.0-iid clients, predicted best policy: message_compressor activated ✅
Local parameters compressed: reduced 5079 bytes (6.88%)
Local parameters compressed: reduced 5090 bytes (6.90%)
Local parameters compressed: reduced 5112 bytes (6.93%)
Local parameters compressed: reduced 5056 bytes (6.85%)
Local parameters compressed: reduced 5081 bytes (6.89%)
Local parameters compressed: reduced 5123 bytes (6.94%)
Local parameters compressed: reduced 5088 bytes (6.90%)
Local parameters compressed: reduced 5083 bytes (6.89%)
Local parameters compressed: reduced 5088 bytes (6.90%)
Local parameters compressed: reduced 5068 bytes (6.87%)
Local parameters compressed: reduced 5087 bytes (6.89%)
Local parameters compressed: reduced 5044 bytes (6.84%)
Results Aggregated in 10.14 seconds.
{'TextMLP': {'train_loss': [0.39740045075482794, 0.29558743976420826, 0.2732599251728919, 0.2599597111872501, 0.2538860373549991, 0.24727468775428005, 0.24316184613406658, 0.23851551139503718, 0.23490635960830583, 0.23102069022340907, 0.22891955879115397, 0.22821207407365243, 0.22345010133816137, 0.22370718019406, 0.21679632714539765, 0.21449777399682338, 0.21520854005399678, 0.21280590714977848, 0.21110105291621553, 0.2091283702507615], 'train_accuracy': [0.8515361111111112, 0.8901180555555556, 0.8970715277777778, 0.9007493055555555, 0.9029944444444444, 0.9061152777777778, 0.9078125, 0.9095819444444444, 0.9117645833333333, 0.9132138888888889, 0.9142993055555556, 0.9150083333333333, 0.91678125, 0.9170402777777777, 0.9201069444444444, 0.9211409722222222, 0.9206847222222222, 0.9216006944444445, 0.9221569444444444, 0.9230694444444445], 'train_f1': [0.7546036106670982, 0.8410155784435425, 0.8537959813252773, 0.8583911821701533, 0.8617861034522938, 0.8673653976870892, 0.8715548733245829, 0.8720947700819413, 0.8758768347561461, 0.8780928416789745, 0.8796174540691168, 0.880207607785644, 0.8824523527943428, 0.8832990940893797, 0.8877759429683955, 0.8892968891934493, 0.888279470852776, 0.8894058664771783, 0.8902962078262231, 0.8917424382954865], 'train_mae': [0.21321736111111111, 0.1655, 0.15738541666666667, 0.1526048611111111, 0.1497652777777778, 0.14476597222222223, 0.14083541666666666, 0.13907708333333332, 0.13628541666666666, 0.13319722222222222, 0.13175347222222222, 0.13087222222222222, 0.12856041666666668, 0.12768055555555555, 0.12351875, 0.12137569444444445, 0.12267083333333334, 0.12122083333333333, 0.11977222222222222, 0.11898055555555556], 'val_loss': [3.288752904021949, 4.3297485728012886, 5.5893953719892, 5.949725858203151, 5.844766275924549, 5.816209036509196, 5.6659515679510015, 5.582754484561452, 5.3971864813252495, 5.244692895788895, 5.435064269032394, 5.47421983317325, 5.592368162054765, 5.762954357967042, 5.799090270410504, 5.844784249506499, 5.96269408920355, 6.065503561120284, 6.11284454981486, 6.369701212749146], 'val_accuracy': [0.5401315789473684, 0.616140350877193, 0.628157894736842, 0.626875, 0.6313048245614035, 0.6353618421052631, 0.6452741228070175, 0.635625, 0.6399890350877193, 0.6426535087719298, 0.6429934210526316, 0.6419517543859649, 0.6420394736842105, 0.6469298245614035, 0.6495285087719298, 0.6523464912280701, 0.6479166666666667, 0.647905701754386, 0.6502741228070176, 0.6513596491228071], 'val_f1': [0.4626503505602048, 0.5337435468748372, 0.5451479032392245, 0.5439274848129578, 0.5472274634506071, 0.550977337760481, 0.5586335294289521, 0.5512460393045477, 0.5549371977831492, 0.5569829671409049, 0.5573882692607345, 0.5565242290800088, 0.5567828877166876, 0.5603970238227911, 0.5627439662227679, 0.5648443733440671, 0.5616107102933862, 0.5617440080293286, 0.5634060658478401, 0.5645719085861832], 'val_mae': [0.7804824561403509, 0.6789364035087719, 0.6395285087719298, 0.6677302631578947, 0.6669078947368421, 0.6392872807017543, 0.6118530701754386, 0.6440899122807018, 0.6290021929824562, 0.6199561403508772, 0.6190899122807018, 0.6232236842105263, 0.6266337719298245, 0.6121929824561404, 0.6062061403508772, 0.5973903508771929, 0.606359649122807, 0.6078728070175439, 0.5995175438596491, 0.5950767543859649], 'jsd': [(0, 0, 0, 0, 0, 0, 0, 0, 0, 0, 0, 0), (0, 0, 0, 0, 0, 0, 0, 0, 0, 0, 0, 0), (0, 0, 0, 0, 0, 0, 0, 0, 0, 0, 0, 0), (0, 0, 0, 0, 0, 0, 0, 0, 0, 0, 0, 0), (0, 0, 0, 0, 0, 0, 0, 0, 0, 0, 0, 0), (0, 0, 0, 0, 0, 0, 0, 0, 0, 0, 0, 0), (0, 0, 0, 0, 0, 0, 0, 0, 0, 0, 0, 0), (0, 0, 0, 0, 0, 0, 0, 0, 0, 0, 0, 0), (0, 0, 0, 0, 0, 0, 0, 0, 0, 0, 0, 0), (0, 0, 0, 0, 0, 0, 0, 0, 0, 0, 0, 0), (0, 0, 0, 0, 0, 0, 0, 0, 0, 0, 0, 0), (0, 0, 0, 0, 0, 0, 0, 0, 0, 0, 0, 0), (0, 0, 0, 0, 0, 0, 0, 0, 0, 0, 0, 0), (0, 0, 0, 0, 0, 0, 0, 0, 0, 0, 0, 0), (0, 0, 0, 0, 0, 0, 0, 0, 0, 0, 0, 0), (0, 0, 0, 0, 0, 0, 0, 0, 0, 0, 0, 0), (0, 0, 0, 0, 0, 0, 0, 0, 0, 0, 0, 0), (0, 0, 0, 0, 0, 0, 0, 0, 0, 0, 0, 0), (0, 0, 0, 0, 0, 0, 0, 0, 0, 0, 0, 0), (0, 0, 0, 0, 0, 0, 0, 0, 0, 0, 0, 0)]}}
AdaptationManager: Configuring next round...
{'client_registry': {'enabled': True, 'params': {}}, 'client_selector': {'enabled': False, 'params': {}}, 'client_cluster': {'enabled': False, 'params': {}}, 'message_compressor': {'enabled': True, 'params': {}}, 'model_co-versioning_registry': {'enabled': False, 'params': {}}, 'multi-task_model_trainer': {'enabled': False, 'params': {}}, 'heterogeneous_data_handler': {'enabled': False, 'params': {}}}
{'client_selector': {'enabled': False}, 'client_cluster': {'enabled': False}, 'message_compressor': {'enabled': True}, 'model_co-versioning_registry': {'enabled': False}, 'multi-task_model_trainer': {'enabled': False}, 'heterogeneous_data_handler': {'enabled': False}, 'client_registry': {'enabled': True, 'params': {}}}
round 21, 8 high, 4 low, 0.0-iid clients, predicted best policy: message_compressor activated ✅
