==========================================
  ___  ______  ___ ______       _ 
 / _ \ | ___ \/   ||  ___|     | |
/ /_\ \| |_/ / /| || |_ ___  __| |
|  _  ||  __/ /_| ||  _/ _ \/ _` |
| | | || |  \___  || ||  __/ (_| |
\_| |_/\_|      |_/\_| \___|\__,_| v.1.5.0

==========================================
Simulation Started!
List of the Architectural Patterns enabled:
Client Registry ✅
Message Compressor ✅
==========================================
Local parameters compressed: reduced 5273 bytes (7.15%)
Local parameters compressed: reduced 5307 bytes (7.19%)
Local parameters compressed: reduced 5266 bytes (7.14%)
Local parameters compressed: reduced 5287 bytes (7.17%)
Local parameters compressed: reduced 5305 bytes (7.19%)
Local parameters compressed: reduced 5254 bytes (7.12%)
Local parameters compressed: reduced 5267 bytes (7.14%)
Local parameters compressed: reduced 5291 bytes (7.17%)
Local parameters compressed: reduced 5262 bytes (7.13%)
Local parameters compressed: reduced 5299 bytes (7.18%)
Results Aggregated in 26.72 seconds.
{'TextMLP': {'train_loss': [0.6381173129765193], 'train_accuracy': [0.7676475], 'train_f1': [0.7650768343199532], 'train_mae': [0.36075083333333335], 'val_loss': [0.645511721146734], 'val_accuracy': [0.7625526315789474], 'val_f1': [0.7600266654057519], 'val_mae': [0.36564473684210524], 'jsd': [(0, 0, 0, 0, 0, 0, 0, 0, 0, 0)]}}
Local parameters compressed: reduced 5240 bytes (7.10%)
Local parameters compressed: reduced 5256 bytes (7.12%)
Local parameters compressed: reduced 5206 bytes (7.06%)
Local parameters compressed: reduced 5268 bytes (7.14%)
Local parameters compressed: reduced 5260 bytes (7.13%)
Local parameters compressed: reduced 5247 bytes (7.11%)
Local parameters compressed: reduced 5222 bytes (7.08%)
Local parameters compressed: reduced 5282 bytes (7.16%)
Local parameters compressed: reduced 5272 bytes (7.14%)
Local parameters compressed: reduced 5256 bytes (7.12%)
Results Aggregated in 10.37 seconds.
{'TextMLP': {'train_loss': [0.6381173129765193, 0.5192519363236427], 'train_accuracy': [0.7676475, 0.813335], 'train_f1': [0.7650768343199532, 0.8125961195203794], 'train_mae': [0.36075083333333335, 0.29487083333333336], 'val_loss': [0.645511721146734, 0.5356752753508719], 'val_accuracy': [0.7625526315789474, 0.8057763157894737], 'val_f1': [0.7600266654057519, 0.8049936840213792], 'val_mae': [0.36564473684210524, 0.30628947368421056], 'jsd': [(0, 0, 0, 0, 0, 0, 0, 0, 0, 0), (0, 0, 0, 0, 0, 0, 0, 0, 0, 0)]}}
Local parameters compressed: reduced 5203 bytes (7.05%)
Local parameters compressed: reduced 5214 bytes (7.07%)
Local parameters compressed: reduced 5229 bytes (7.09%)
Local parameters compressed: reduced 5210 bytes (7.06%)
Local parameters compressed: reduced 5195 bytes (7.04%)
Local parameters compressed: reduced 5219 bytes (7.07%)
Local parameters compressed: reduced 5200 bytes (7.05%)
Local parameters compressed: reduced 5202 bytes (7.05%)
Local parameters compressed: reduced 5195 bytes (7.04%)
Local parameters compressed: reduced 5231 bytes (7.09%)
Results Aggregated in 11.02 seconds.
{'TextMLP': {'train_loss': [0.6381173129765193, 0.5192519363236427, 0.4815341050807635], 'train_accuracy': [0.7676475, 0.813335, 0.8262933333333333], 'train_f1': [0.7650768343199532, 0.8125961195203794, 0.8257687470683968], 'train_mae': [0.36075083333333335, 0.29487083333333336, 0.275135], 'val_loss': [0.645511721146734, 0.5356752753508719, 0.5006553354890723], 'val_accuracy': [0.7625526315789474, 0.8057763157894737, 0.8166315789473685], 'val_f1': [0.7600266654057519, 0.8049936840213792, 0.8161335551647302], 'val_mae': [0.36564473684210524, 0.30628947368421056, 0.28957894736842105], 'jsd': [(0, 0, 0, 0, 0, 0, 0, 0, 0, 0), (0, 0, 0, 0, 0, 0, 0, 0, 0, 0), (0, 0, 0, 0, 0, 0, 0, 0, 0, 0)]}}
Local parameters compressed: reduced 5166 bytes (7.00%)
Local parameters compressed: reduced 5180 bytes (7.02%)
Local parameters compressed: reduced 5205 bytes (7.05%)
Local parameters compressed: reduced 5196 bytes (7.04%)
Local parameters compressed: reduced 5188 bytes (7.03%)
Local parameters compressed: reduced 5183 bytes (7.02%)
Local parameters compressed: reduced 5187 bytes (7.03%)
Local parameters compressed: reduced 5230 bytes (7.09%)
Local parameters compressed: reduced 5198 bytes (7.04%)
Local parameters compressed: reduced 5238 bytes (7.10%)
Results Aggregated in 10.02 seconds.
{'TextMLP': {'train_loss': [0.6381173129765193, 0.5192519363236427, 0.4815341050807635, 0.46820237215916316], 'train_accuracy': [0.7676475, 0.813335, 0.8262933333333333, 0.8301608333333333], 'train_f1': [0.7650768343199532, 0.8125961195203794, 0.8257687470683968, 0.8302022438173235], 'train_mae': [0.36075083333333335, 0.29487083333333336, 0.275135, 0.2701883333333333], 'val_loss': [0.645511721146734, 0.5356752753508719, 0.5006553354890723, 0.48826307845115663], 'val_accuracy': [0.7625526315789474, 0.8057763157894737, 0.8166315789473685, 0.8205394736842105], 'val_f1': [0.7600266654057519, 0.8049936840213792, 0.8161335551647302, 0.8206032913504905], 'val_mae': [0.36564473684210524, 0.30628947368421056, 0.28957894736842105, 0.2840921052631579], 'jsd': [(0, 0, 0, 0, 0, 0, 0, 0, 0, 0), (0, 0, 0, 0, 0, 0, 0, 0, 0, 0), (0, 0, 0, 0, 0, 0, 0, 0, 0, 0), (0, 0, 0, 0, 0, 0, 0, 0, 0, 0)]}}
Local parameters compressed: reduced 5203 bytes (7.05%)
Local parameters compressed: reduced 5196 bytes (7.04%)
Local parameters compressed: reduced 5199 bytes (7.05%)
Local parameters compressed: reduced 5213 bytes (7.06%)
Local parameters compressed: reduced 5196 bytes (7.04%)
Local parameters compressed: reduced 5189 bytes (7.03%)
Local parameters compressed: reduced 5174 bytes (7.01%)
Local parameters compressed: reduced 5177 bytes (7.02%)
Local parameters compressed: reduced 5173 bytes (7.01%)
Local parameters compressed: reduced 5164 bytes (7.00%)
Results Aggregated in 11.89 seconds.
{'TextMLP': {'train_loss': [0.6381173129765193, 0.5192519363236427, 0.4815341050807635, 0.46820237215916316, 0.4565142504787445], 'train_accuracy': [0.7676475, 0.813335, 0.8262933333333333, 0.8301608333333333, 0.8339708333333333], 'train_f1': [0.7650768343199532, 0.8125961195203794, 0.8257687470683968, 0.8302022438173235, 0.8335665916484369], 'train_mae': [0.36075083333333335, 0.29487083333333336, 0.275135, 0.2701883333333333, 0.26551416666666666], 'val_loss': [0.645511721146734, 0.5356752753508719, 0.5006553354890723, 0.48826307845115663, 0.4771216759744444], 'val_accuracy': [0.7625526315789474, 0.8057763157894737, 0.8166315789473685, 0.8205394736842105, 0.8234605263157895], 'val_f1': [0.7600266654057519, 0.8049936840213792, 0.8161335551647302, 0.8206032913504905, 0.8230037888472338], 'val_mae': [0.36564473684210524, 0.30628947368421056, 0.28957894736842105, 0.2840921052631579, 0.28001315789473685], 'jsd': [(0, 0, 0, 0, 0, 0, 0, 0, 0, 0), (0, 0, 0, 0, 0, 0, 0, 0, 0, 0), (0, 0, 0, 0, 0, 0, 0, 0, 0, 0), (0, 0, 0, 0, 0, 0, 0, 0, 0, 0), (0, 0, 0, 0, 0, 0, 0, 0, 0, 0)]}}
Local parameters compressed: reduced 5169 bytes (7.01%)
Local parameters compressed: reduced 5183 bytes (7.02%)
Local parameters compressed: reduced 5185 bytes (7.03%)
Local parameters compressed: reduced 5189 bytes (7.03%)
Local parameters compressed: reduced 5219 bytes (7.07%)
Local parameters compressed: reduced 5228 bytes (7.09%)
Local parameters compressed: reduced 5166 bytes (7.00%)
Local parameters compressed: reduced 5227 bytes (7.08%)
Local parameters compressed: reduced 5211 bytes (7.06%)
Local parameters compressed: reduced 5202 bytes (7.05%)
Results Aggregated in 10.01 seconds.
{'TextMLP': {'train_loss': [0.6381173129765193, 0.5192519363236427, 0.4815341050807635, 0.46820237215916316, 0.4565142504787445, 0.4514042920533816], 'train_accuracy': [0.7676475, 0.813335, 0.8262933333333333, 0.8301608333333333, 0.8339708333333333, 0.8356066666666667], 'train_f1': [0.7650768343199532, 0.8125961195203794, 0.8257687470683968, 0.8302022438173235, 0.8335665916484369, 0.8353101535134057], 'train_mae': [0.36075083333333335, 0.29487083333333336, 0.275135, 0.2701883333333333, 0.26551416666666666, 0.2611016666666667], 'val_loss': [0.645511721146734, 0.5356752753508719, 0.5006553354890723, 0.48826307845115663, 0.4771216759744444, 0.47137644748311297], 'val_accuracy': [0.7625526315789474, 0.8057763157894737, 0.8166315789473685, 0.8205394736842105, 0.8234605263157895, 0.8262368421052632], 'val_f1': [0.7600266654057519, 0.8049936840213792, 0.8161335551647302, 0.8206032913504905, 0.8230037888472338, 0.8258917391688626], 'val_mae': [0.36564473684210524, 0.30628947368421056, 0.28957894736842105, 0.2840921052631579, 0.28001315789473685, 0.27521052631578946], 'jsd': [(0, 0, 0, 0, 0, 0, 0, 0, 0, 0), (0, 0, 0, 0, 0, 0, 0, 0, 0, 0), (0, 0, 0, 0, 0, 0, 0, 0, 0, 0), (0, 0, 0, 0, 0, 0, 0, 0, 0, 0), (0, 0, 0, 0, 0, 0, 0, 0, 0, 0), (0, 0, 0, 0, 0, 0, 0, 0, 0, 0)]}}
Local parameters compressed: reduced 5153 bytes (6.98%)
Local parameters compressed: reduced 5209 bytes (7.06%)
Local parameters compressed: reduced 5181 bytes (7.02%)
Local parameters compressed: reduced 5195 bytes (7.04%)
Local parameters compressed: reduced 5150 bytes (6.98%)
Local parameters compressed: reduced 5179 bytes (7.02%)
Local parameters compressed: reduced 5156 bytes (6.99%)
Local parameters compressed: reduced 5203 bytes (7.05%)
Local parameters compressed: reduced 5171 bytes (7.01%)
Local parameters compressed: reduced 5210 bytes (7.06%)
Results Aggregated in 11.25 seconds.
{'TextMLP': {'train_loss': [0.6381173129765193, 0.5192519363236427, 0.4815341050807635, 0.46820237215916316, 0.4565142504787445, 0.4514042920533816, 0.4528886486450831], 'train_accuracy': [0.7676475, 0.813335, 0.8262933333333333, 0.8301608333333333, 0.8339708333333333, 0.8356066666666667, 0.8343058333333333], 'train_f1': [0.7650768343199532, 0.8125961195203794, 0.8257687470683968, 0.8302022438173235, 0.8335665916484369, 0.8353101535134057, 0.8338416462536612], 'train_mae': [0.36075083333333335, 0.29487083333333336, 0.275135, 0.2701883333333333, 0.26551416666666666, 0.2611016666666667, 0.26292333333333334], 'val_loss': [0.645511721146734, 0.5356752753508719, 0.5006553354890723, 0.48826307845115663, 0.4771216759744444, 0.47137644748311297, 0.4725847122731962], 'val_accuracy': [0.7625526315789474, 0.8057763157894737, 0.8166315789473685, 0.8205394736842105, 0.8234605263157895, 0.8262368421052632, 0.8255263157894737], 'val_f1': [0.7600266654057519, 0.8049936840213792, 0.8161335551647302, 0.8206032913504905, 0.8230037888472338, 0.8258917391688626, 0.8250203462247282], 'val_mae': [0.36564473684210524, 0.30628947368421056, 0.28957894736842105, 0.2840921052631579, 0.28001315789473685, 0.27521052631578946, 0.27471052631578946], 'jsd': [(0, 0, 0, 0, 0, 0, 0, 0, 0, 0), (0, 0, 0, 0, 0, 0, 0, 0, 0, 0), (0, 0, 0, 0, 0, 0, 0, 0, 0, 0), (0, 0, 0, 0, 0, 0, 0, 0, 0, 0), (0, 0, 0, 0, 0, 0, 0, 0, 0, 0), (0, 0, 0, 0, 0, 0, 0, 0, 0, 0), (0, 0, 0, 0, 0, 0, 0, 0, 0, 0)]}}
Local parameters compressed: reduced 5171 bytes (7.01%)
Local parameters compressed: reduced 5181 bytes (7.02%)
Local parameters compressed: reduced 5181 bytes (7.02%)
Local parameters compressed: reduced 5184 bytes (7.03%)
Local parameters compressed: reduced 5163 bytes (7.00%)
Local parameters compressed: reduced 5199 bytes (7.05%)
Local parameters compressed: reduced 5151 bytes (6.98%)
Local parameters compressed: reduced 5180 bytes (7.02%)
Local parameters compressed: reduced 5184 bytes (7.03%)
Local parameters compressed: reduced 5174 bytes (7.01%)
Results Aggregated in 9.93 seconds.
{'TextMLP': {'train_loss': [0.6381173129765193, 0.5192519363236427, 0.4815341050807635, 0.46820237215916316, 0.4565142504787445, 0.4514042920533816, 0.4528886486450831, 0.4454267820660273], 'train_accuracy': [0.7676475, 0.813335, 0.8262933333333333, 0.8301608333333333, 0.8339708333333333, 0.8356066666666667, 0.8343058333333333, 0.83708], 'train_f1': [0.7650768343199532, 0.8125961195203794, 0.8257687470683968, 0.8302022438173235, 0.8335665916484369, 0.8353101535134057, 0.8338416462536612, 0.8366909235862082], 'train_mae': [0.36075083333333335, 0.29487083333333336, 0.275135, 0.2701883333333333, 0.26551416666666666, 0.2611016666666667, 0.26292333333333334, 0.25727], 'val_loss': [0.645511721146734, 0.5356752753508719, 0.5006553354890723, 0.48826307845115663, 0.4771216759744444, 0.47137644748311297, 0.4725847122731962, 0.46502524252941735], 'val_accuracy': [0.7625526315789474, 0.8057763157894737, 0.8166315789473685, 0.8205394736842105, 0.8234605263157895, 0.8262368421052632, 0.8255263157894737, 0.8281842105263157], 'val_f1': [0.7600266654057519, 0.8049936840213792, 0.8161335551647302, 0.8206032913504905, 0.8230037888472338, 0.8258917391688626, 0.8250203462247282, 0.8277273108472403], 'val_mae': [0.36564473684210524, 0.30628947368421056, 0.28957894736842105, 0.2840921052631579, 0.28001315789473685, 0.27521052631578946, 0.27471052631578946, 0.27039473684210524], 'jsd': [(0, 0, 0, 0, 0, 0, 0, 0, 0, 0), (0, 0, 0, 0, 0, 0, 0, 0, 0, 0), (0, 0, 0, 0, 0, 0, 0, 0, 0, 0), (0, 0, 0, 0, 0, 0, 0, 0, 0, 0), (0, 0, 0, 0, 0, 0, 0, 0, 0, 0), (0, 0, 0, 0, 0, 0, 0, 0, 0, 0), (0, 0, 0, 0, 0, 0, 0, 0, 0, 0), (0, 0, 0, 0, 0, 0, 0, 0, 0, 0)]}}
Local parameters compressed: reduced 5174 bytes (7.01%)
Local parameters compressed: reduced 5113 bytes (6.93%)
Local parameters compressed: reduced 5179 bytes (7.02%)
Local parameters compressed: reduced 5159 bytes (6.99%)
Local parameters compressed: reduced 5158 bytes (6.99%)
Local parameters compressed: reduced 5152 bytes (6.98%)
Local parameters compressed: reduced 5138 bytes (6.96%)
Local parameters compressed: reduced 5146 bytes (6.97%)
Local parameters compressed: reduced 5181 bytes (7.02%)
Local parameters compressed: reduced 5138 bytes (6.96%)
Results Aggregated in 9.97 seconds.
{'TextMLP': {'train_loss': [0.6381173129765193, 0.5192519363236427, 0.4815341050807635, 0.46820237215916316, 0.4565142504787445, 0.4514042920533816, 0.4528886486450831, 0.4454267820660273, 0.44086272603670756], 'train_accuracy': [0.7676475, 0.813335, 0.8262933333333333, 0.8301608333333333, 0.8339708333333333, 0.8356066666666667, 0.8343058333333333, 0.83708, 0.8383225], 'train_f1': [0.7650768343199532, 0.8125961195203794, 0.8257687470683968, 0.8302022438173235, 0.8335665916484369, 0.8353101535134057, 0.8338416462536612, 0.8366909235862082, 0.837828753521699], 'train_mae': [0.36075083333333335, 0.29487083333333336, 0.275135, 0.2701883333333333, 0.26551416666666666, 0.2611016666666667, 0.26292333333333334, 0.25727, 0.25514583333333335], 'val_loss': [0.645511721146734, 0.5356752753508719, 0.5006553354890723, 0.48826307845115663, 0.4771216759744444, 0.47137644748311297, 0.4725847122731962, 0.46502524252941735, 0.4607560966140346], 'val_accuracy': [0.7625526315789474, 0.8057763157894737, 0.8166315789473685, 0.8205394736842105, 0.8234605263157895, 0.8262368421052632, 0.8255263157894737, 0.8281842105263157, 0.8291184210526316], 'val_f1': [0.7600266654057519, 0.8049936840213792, 0.8161335551647302, 0.8206032913504905, 0.8230037888472338, 0.8258917391688626, 0.8250203462247282, 0.8277273108472403, 0.8285255893356495], 'val_mae': [0.36564473684210524, 0.30628947368421056, 0.28957894736842105, 0.2840921052631579, 0.28001315789473685, 0.27521052631578946, 0.27471052631578946, 0.27039473684210524, 0.2684605263157895], 'jsd': [(0, 0, 0, 0, 0, 0, 0, 0, 0, 0), (0, 0, 0, 0, 0, 0, 0, 0, 0, 0), (0, 0, 0, 0, 0, 0, 0, 0, 0, 0), (0, 0, 0, 0, 0, 0, 0, 0, 0, 0), (0, 0, 0, 0, 0, 0, 0, 0, 0, 0), (0, 0, 0, 0, 0, 0, 0, 0, 0, 0), (0, 0, 0, 0, 0, 0, 0, 0, 0, 0), (0, 0, 0, 0, 0, 0, 0, 0, 0, 0), (0, 0, 0, 0, 0, 0, 0, 0, 0, 0)]}}
Local parameters compressed: reduced 5176 bytes (7.01%)
Local parameters compressed: reduced 5168 bytes (7.00%)
Local parameters compressed: reduced 5119 bytes (6.94%)
Local parameters compressed: reduced 5169 bytes (7.01%)
Local parameters compressed: reduced 5106 bytes (6.92%)
Local parameters compressed: reduced 5106 bytes (6.92%)
Local parameters compressed: reduced 5175 bytes (7.01%)
Local parameters compressed: reduced 5184 bytes (7.03%)
Local parameters compressed: reduced 5114 bytes (6.93%)
Local parameters compressed: reduced 5158 bytes (6.99%)
Results Aggregated in 9.59 seconds.
{'TextMLP': {'train_loss': [0.6381173129765193, 0.5192519363236427, 0.4815341050807635, 0.46820237215916316, 0.4565142504787445, 0.4514042920533816, 0.4528886486450831, 0.4454267820660273, 0.44086272603670756, 0.4375336691562335], 'train_accuracy': [0.7676475, 0.813335, 0.8262933333333333, 0.8301608333333333, 0.8339708333333333, 0.8356066666666667, 0.8343058333333333, 0.83708, 0.8383225, 0.8394766666666666], 'train_f1': [0.7650768343199532, 0.8125961195203794, 0.8257687470683968, 0.8302022438173235, 0.8335665916484369, 0.8353101535134057, 0.8338416462536612, 0.8366909235862082, 0.837828753521699, 0.838990075570534], 'train_mae': [0.36075083333333335, 0.29487083333333336, 0.275135, 0.2701883333333333, 0.26551416666666666, 0.2611016666666667, 0.26292333333333334, 0.25727, 0.25514583333333335, 0.25346166666666664], 'val_loss': [0.645511721146734, 0.5356752753508719, 0.5006553354890723, 0.48826307845115663, 0.4771216759744444, 0.47137644748311297, 0.4725847122731962, 0.46502524252941735, 0.4607560966140346, 0.4574180807753613], 'val_accuracy': [0.7625526315789474, 0.8057763157894737, 0.8166315789473685, 0.8205394736842105, 0.8234605263157895, 0.8262368421052632, 0.8255263157894737, 0.8281842105263157, 0.8291184210526316, 0.8311578947368421], 'val_f1': [0.7600266654057519, 0.8049936840213792, 0.8161335551647302, 0.8206032913504905, 0.8230037888472338, 0.8258917391688626, 0.8250203462247282, 0.8277273108472403, 0.8285255893356495, 0.8305821613130826], 'val_mae': [0.36564473684210524, 0.30628947368421056, 0.28957894736842105, 0.2840921052631579, 0.28001315789473685, 0.27521052631578946, 0.27471052631578946, 0.27039473684210524, 0.2684605263157895, 0.26523684210526316], 'jsd': [(0, 0, 0, 0, 0, 0, 0, 0, 0, 0), (0, 0, 0, 0, 0, 0, 0, 0, 0, 0), (0, 0, 0, 0, 0, 0, 0, 0, 0, 0), (0, 0, 0, 0, 0, 0, 0, 0, 0, 0), (0, 0, 0, 0, 0, 0, 0, 0, 0, 0), (0, 0, 0, 0, 0, 0, 0, 0, 0, 0), (0, 0, 0, 0, 0, 0, 0, 0, 0, 0), (0, 0, 0, 0, 0, 0, 0, 0, 0, 0), (0, 0, 0, 0, 0, 0, 0, 0, 0, 0), (0, 0, 0, 0, 0, 0, 0, 0, 0, 0)]}}
Local parameters compressed: reduced 5143 bytes (6.97%)
Local parameters compressed: reduced 5122 bytes (6.94%)
Local parameters compressed: reduced 5154 bytes (6.98%)
Local parameters compressed: reduced 5141 bytes (6.97%)
Local parameters compressed: reduced 5150 bytes (6.98%)
Local parameters compressed: reduced 5147 bytes (6.98%)
Local parameters compressed: reduced 5089 bytes (6.90%)
Local parameters compressed: reduced 5192 bytes (7.04%)
Local parameters compressed: reduced 5153 bytes (6.98%)
Local parameters compressed: reduced 5106 bytes (6.92%)
Results Aggregated in 11.56 seconds.
{'TextMLP': {'train_loss': [0.6381173129765193, 0.5192519363236427, 0.4815341050807635, 0.46820237215916316, 0.4565142504787445, 0.4514042920533816, 0.4528886486450831, 0.4454267820660273, 0.44086272603670756, 0.4375336691562335, 0.4333112769774596], 'train_accuracy': [0.7676475, 0.813335, 0.8262933333333333, 0.8301608333333333, 0.8339708333333333, 0.8356066666666667, 0.8343058333333333, 0.83708, 0.8383225, 0.8394766666666666, 0.8413483333333334], 'train_f1': [0.7650768343199532, 0.8125961195203794, 0.8257687470683968, 0.8302022438173235, 0.8335665916484369, 0.8353101535134057, 0.8338416462536612, 0.8366909235862082, 0.837828753521699, 0.838990075570534, 0.8407236934263349], 'train_mae': [0.36075083333333335, 0.29487083333333336, 0.275135, 0.2701883333333333, 0.26551416666666666, 0.2611016666666667, 0.26292333333333334, 0.25727, 0.25514583333333335, 0.25346166666666664, 0.25218583333333333], 'val_loss': [0.645511721146734, 0.5356752753508719, 0.5006553354890723, 0.48826307845115663, 0.4771216759744444, 0.47137644748311297, 0.4725847122731962, 0.46502524252941735, 0.4607560966140346, 0.4574180807753613, 0.45347698174652307], 'val_accuracy': [0.7625526315789474, 0.8057763157894737, 0.8166315789473685, 0.8205394736842105, 0.8234605263157895, 0.8262368421052632, 0.8255263157894737, 0.8281842105263157, 0.8291184210526316, 0.8311578947368421, 0.833171052631579], 'val_f1': [0.7600266654057519, 0.8049936840213792, 0.8161335551647302, 0.8206032913504905, 0.8230037888472338, 0.8258917391688626, 0.8250203462247282, 0.8277273108472403, 0.8285255893356495, 0.8305821613130826, 0.8324601794734383], 'val_mae': [0.36564473684210524, 0.30628947368421056, 0.28957894736842105, 0.2840921052631579, 0.28001315789473685, 0.27521052631578946, 0.27471052631578946, 0.27039473684210524, 0.2684605263157895, 0.26523684210526316, 0.2632763157894737], 'jsd': [(0, 0, 0, 0, 0, 0, 0, 0, 0, 0), (0, 0, 0, 0, 0, 0, 0, 0, 0, 0), (0, 0, 0, 0, 0, 0, 0, 0, 0, 0), (0, 0, 0, 0, 0, 0, 0, 0, 0, 0), (0, 0, 0, 0, 0, 0, 0, 0, 0, 0), (0, 0, 0, 0, 0, 0, 0, 0, 0, 0), (0, 0, 0, 0, 0, 0, 0, 0, 0, 0), (0, 0, 0, 0, 0, 0, 0, 0, 0, 0), (0, 0, 0, 0, 0, 0, 0, 0, 0, 0), (0, 0, 0, 0, 0, 0, 0, 0, 0, 0), (0, 0, 0, 0, 0, 0, 0, 0, 0, 0)]}}
Local parameters compressed: reduced 5126 bytes (6.95%)
Local parameters compressed: reduced 5124 bytes (6.94%)
Local parameters compressed: reduced 5141 bytes (6.97%)
Local parameters compressed: reduced 5124 bytes (6.94%)
Local parameters compressed: reduced 5145 bytes (6.97%)
Local parameters compressed: reduced 5139 bytes (6.96%)
Local parameters compressed: reduced 5129 bytes (6.95%)
Local parameters compressed: reduced 5130 bytes (6.95%)
Local parameters compressed: reduced 5133 bytes (6.96%)
Local parameters compressed: reduced 5131 bytes (6.95%)
Results Aggregated in 9.73 seconds.
{'TextMLP': {'train_loss': [0.6381173129765193, 0.5192519363236427, 0.4815341050807635, 0.46820237215916316, 0.4565142504787445, 0.4514042920533816, 0.4528886486450831, 0.4454267820660273, 0.44086272603670756, 0.4375336691562335, 0.4333112769774596, 0.43713301974256835], 'train_accuracy': [0.7676475, 0.813335, 0.8262933333333333, 0.8301608333333333, 0.8339708333333333, 0.8356066666666667, 0.8343058333333333, 0.83708, 0.8383225, 0.8394766666666666, 0.8413483333333334, 0.8397566666666667], 'train_f1': [0.7650768343199532, 0.8125961195203794, 0.8257687470683968, 0.8302022438173235, 0.8335665916484369, 0.8353101535134057, 0.8338416462536612, 0.8366909235862082, 0.837828753521699, 0.838990075570534, 0.8407236934263349, 0.8396229494563572], 'train_mae': [0.36075083333333335, 0.29487083333333336, 0.275135, 0.2701883333333333, 0.26551416666666666, 0.2611016666666667, 0.26292333333333334, 0.25727, 0.25514583333333335, 0.25346166666666664, 0.25218583333333333, 0.252925], 'val_loss': [0.645511721146734, 0.5356752753508719, 0.5006553354890723, 0.48826307845115663, 0.4771216759744444, 0.47137644748311297, 0.4725847122731962, 0.46502524252941735, 0.4607560966140346, 0.4574180807753613, 0.45347698174652307, 0.4563697885274887], 'val_accuracy': [0.7625526315789474, 0.8057763157894737, 0.8166315789473685, 0.8205394736842105, 0.8234605263157895, 0.8262368421052632, 0.8255263157894737, 0.8281842105263157, 0.8291184210526316, 0.8311578947368421, 0.833171052631579, 0.8317105263157896], 'val_f1': [0.7600266654057519, 0.8049936840213792, 0.8161335551647302, 0.8206032913504905, 0.8230037888472338, 0.8258917391688626, 0.8250203462247282, 0.8277273108472403, 0.8285255893356495, 0.8305821613130826, 0.8324601794734383, 0.8315328766467548], 'val_mae': [0.36564473684210524, 0.30628947368421056, 0.28957894736842105, 0.2840921052631579, 0.28001315789473685, 0.27521052631578946, 0.27471052631578946, 0.27039473684210524, 0.2684605263157895, 0.26523684210526316, 0.2632763157894737, 0.26388157894736847], 'jsd': [(0, 0, 0, 0, 0, 0, 0, 0, 0, 0), (0, 0, 0, 0, 0, 0, 0, 0, 0, 0), (0, 0, 0, 0, 0, 0, 0, 0, 0, 0), (0, 0, 0, 0, 0, 0, 0, 0, 0, 0), (0, 0, 0, 0, 0, 0, 0, 0, 0, 0), (0, 0, 0, 0, 0, 0, 0, 0, 0, 0), (0, 0, 0, 0, 0, 0, 0, 0, 0, 0), (0, 0, 0, 0, 0, 0, 0, 0, 0, 0), (0, 0, 0, 0, 0, 0, 0, 0, 0, 0), (0, 0, 0, 0, 0, 0, 0, 0, 0, 0), (0, 0, 0, 0, 0, 0, 0, 0, 0, 0), (0, 0, 0, 0, 0, 0, 0, 0, 0, 0)]}}
Local parameters compressed: reduced 5134 bytes (6.96%)
Local parameters compressed: reduced 5131 bytes (6.95%)
Local parameters compressed: reduced 5158 bytes (6.99%)
Local parameters compressed: reduced 5116 bytes (6.93%)
Local parameters compressed: reduced 5099 bytes (6.91%)
Local parameters compressed: reduced 5150 bytes (6.98%)
Local parameters compressed: reduced 5129 bytes (6.95%)
Local parameters compressed: reduced 5113 bytes (6.93%)
Local parameters compressed: reduced 5131 bytes (6.95%)
Local parameters compressed: reduced 5105 bytes (6.92%)
Results Aggregated in 10.42 seconds.
{'TextMLP': {'train_loss': [0.6381173129765193, 0.5192519363236427, 0.4815341050807635, 0.46820237215916316, 0.4565142504787445, 0.4514042920533816, 0.4528886486450831, 0.4454267820660273, 0.44086272603670756, 0.4375336691562335, 0.4333112769774596, 0.43713301974256835, 0.43195777713537215], 'train_accuracy': [0.7676475, 0.813335, 0.8262933333333333, 0.8301608333333333, 0.8339708333333333, 0.8356066666666667, 0.8343058333333333, 0.83708, 0.8383225, 0.8394766666666666, 0.8413483333333334, 0.8397566666666667, 0.8416116666666666], 'train_f1': [0.7650768343199532, 0.8125961195203794, 0.8257687470683968, 0.8302022438173235, 0.8335665916484369, 0.8353101535134057, 0.8338416462536612, 0.8366909235862082, 0.837828753521699, 0.838990075570534, 0.8407236934263349, 0.8396229494563572, 0.8411096012346322], 'train_mae': [0.36075083333333335, 0.29487083333333336, 0.275135, 0.2701883333333333, 0.26551416666666666, 0.2611016666666667, 0.26292333333333334, 0.25727, 0.25514583333333335, 0.25346166666666664, 0.25218583333333333, 0.252925, 0.25273666666666667], 'val_loss': [0.645511721146734, 0.5356752753508719, 0.5006553354890723, 0.48826307845115663, 0.4771216759744444, 0.47137644748311297, 0.4725847122731962, 0.46502524252941735, 0.4607560966140346, 0.4574180807753613, 0.45347698174652307, 0.4563697885274887, 0.4529827185743734], 'val_accuracy': [0.7625526315789474, 0.8057763157894737, 0.8166315789473685, 0.8205394736842105, 0.8234605263157895, 0.8262368421052632, 0.8255263157894737, 0.8281842105263157, 0.8291184210526316, 0.8311578947368421, 0.833171052631579, 0.8317105263157896, 0.8328947368421052], 'val_f1': [0.7600266654057519, 0.8049936840213792, 0.8161335551647302, 0.8206032913504905, 0.8230037888472338, 0.8258917391688626, 0.8250203462247282, 0.8277273108472403, 0.8285255893356495, 0.8305821613130826, 0.8324601794734383, 0.8315328766467548, 0.8322572511413237], 'val_mae': [0.36564473684210524, 0.30628947368421056, 0.28957894736842105, 0.2840921052631579, 0.28001315789473685, 0.27521052631578946, 0.27471052631578946, 0.27039473684210524, 0.2684605263157895, 0.26523684210526316, 0.2632763157894737, 0.26388157894736847, 0.26502631578947367], 'jsd': [(0, 0, 0, 0, 0, 0, 0, 0, 0, 0), (0, 0, 0, 0, 0, 0, 0, 0, 0, 0), (0, 0, 0, 0, 0, 0, 0, 0, 0, 0), (0, 0, 0, 0, 0, 0, 0, 0, 0, 0), (0, 0, 0, 0, 0, 0, 0, 0, 0, 0), (0, 0, 0, 0, 0, 0, 0, 0, 0, 0), (0, 0, 0, 0, 0, 0, 0, 0, 0, 0), (0, 0, 0, 0, 0, 0, 0, 0, 0, 0), (0, 0, 0, 0, 0, 0, 0, 0, 0, 0), (0, 0, 0, 0, 0, 0, 0, 0, 0, 0), (0, 0, 0, 0, 0, 0, 0, 0, 0, 0), (0, 0, 0, 0, 0, 0, 0, 0, 0, 0), (0, 0, 0, 0, 0, 0, 0, 0, 0, 0)]}}
Local parameters compressed: reduced 5118 bytes (6.94%)
Local parameters compressed: reduced 5111 bytes (6.93%)
Local parameters compressed: reduced 5122 bytes (6.94%)
Local parameters compressed: reduced 5122 bytes (6.94%)
Local parameters compressed: reduced 5098 bytes (6.91%)
Local parameters compressed: reduced 5133 bytes (6.96%)
Local parameters compressed: reduced 5132 bytes (6.96%)
Local parameters compressed: reduced 5134 bytes (6.96%)
Local parameters compressed: reduced 5105 bytes (6.92%)
Local parameters compressed: reduced 5161 bytes (6.99%)
Results Aggregated in 11.92 seconds.
{'TextMLP': {'train_loss': [0.6381173129765193, 0.5192519363236427, 0.4815341050807635, 0.46820237215916316, 0.4565142504787445, 0.4514042920533816, 0.4528886486450831, 0.4454267820660273, 0.44086272603670756, 0.4375336691562335, 0.4333112769774596, 0.43713301974256835, 0.43195777713537215, 0.4326996278611819], 'train_accuracy': [0.7676475, 0.813335, 0.8262933333333333, 0.8301608333333333, 0.8339708333333333, 0.8356066666666667, 0.8343058333333333, 0.83708, 0.8383225, 0.8394766666666666, 0.8413483333333334, 0.8397566666666667, 0.8416116666666666, 0.8410591666666667], 'train_f1': [0.7650768343199532, 0.8125961195203794, 0.8257687470683968, 0.8302022438173235, 0.8335665916484369, 0.8353101535134057, 0.8338416462536612, 0.8366909235862082, 0.837828753521699, 0.838990075570534, 0.8407236934263349, 0.8396229494563572, 0.8411096012346322, 0.8405252472981645], 'train_mae': [0.36075083333333335, 0.29487083333333336, 0.275135, 0.2701883333333333, 0.26551416666666666, 0.2611016666666667, 0.26292333333333334, 0.25727, 0.25514583333333335, 0.25346166666666664, 0.25218583333333333, 0.252925, 0.25273666666666667, 0.25124166666666664], 'val_loss': [0.645511721146734, 0.5356752753508719, 0.5006553354890723, 0.48826307845115663, 0.4771216759744444, 0.47137644748311297, 0.4725847122731962, 0.46502524252941735, 0.4607560966140346, 0.4574180807753613, 0.45347698174652307, 0.4563697885274887, 0.4529827185743734, 0.453133824467659], 'val_accuracy': [0.7625526315789474, 0.8057763157894737, 0.8166315789473685, 0.8205394736842105, 0.8234605263157895, 0.8262368421052632, 0.8255263157894737, 0.8281842105263157, 0.8291184210526316, 0.8311578947368421, 0.833171052631579, 0.8317105263157896, 0.8328947368421052, 0.833171052631579], 'val_f1': [0.7600266654057519, 0.8049936840213792, 0.8161335551647302, 0.8206032913504905, 0.8230037888472338, 0.8258917391688626, 0.8250203462247282, 0.8277273108472403, 0.8285255893356495, 0.8305821613130826, 0.8324601794734383, 0.8315328766467548, 0.8322572511413237, 0.8325358389288557], 'val_mae': [0.36564473684210524, 0.30628947368421056, 0.28957894736842105, 0.2840921052631579, 0.28001315789473685, 0.27521052631578946, 0.27471052631578946, 0.27039473684210524, 0.2684605263157895, 0.26523684210526316, 0.2632763157894737, 0.26388157894736847, 0.26502631578947367, 0.2620921052631579], 'jsd': [(0, 0, 0, 0, 0, 0, 0, 0, 0, 0), (0, 0, 0, 0, 0, 0, 0, 0, 0, 0), (0, 0, 0, 0, 0, 0, 0, 0, 0, 0), (0, 0, 0, 0, 0, 0, 0, 0, 0, 0), (0, 0, 0, 0, 0, 0, 0, 0, 0, 0), (0, 0, 0, 0, 0, 0, 0, 0, 0, 0), (0, 0, 0, 0, 0, 0, 0, 0, 0, 0), (0, 0, 0, 0, 0, 0, 0, 0, 0, 0), (0, 0, 0, 0, 0, 0, 0, 0, 0, 0), (0, 0, 0, 0, 0, 0, 0, 0, 0, 0), (0, 0, 0, 0, 0, 0, 0, 0, 0, 0), (0, 0, 0, 0, 0, 0, 0, 0, 0, 0), (0, 0, 0, 0, 0, 0, 0, 0, 0, 0), (0, 0, 0, 0, 0, 0, 0, 0, 0, 0)]}}
Local parameters compressed: reduced 5097 bytes (6.91%)
Local parameters compressed: reduced 5129 bytes (6.95%)
Local parameters compressed: reduced 5109 bytes (6.92%)
Local parameters compressed: reduced 5122 bytes (6.94%)
Local parameters compressed: reduced 5086 bytes (6.89%)
Local parameters compressed: reduced 5107 bytes (6.92%)
Local parameters compressed: reduced 5139 bytes (6.96%)
Local parameters compressed: reduced 5065 bytes (6.86%)
Local parameters compressed: reduced 5092 bytes (6.90%)
Local parameters compressed: reduced 5127 bytes (6.95%)
Results Aggregated in 10.05 seconds.
{'TextMLP': {'train_loss': [0.6381173129765193, 0.5192519363236427, 0.4815341050807635, 0.46820237215916316, 0.4565142504787445, 0.4514042920533816, 0.4528886486450831, 0.4454267820660273, 0.44086272603670756, 0.4375336691562335, 0.4333112769774596, 0.43713301974256835, 0.43195777713537215, 0.4326996278611819, 0.43191075010299684], 'train_accuracy': [0.7676475, 0.813335, 0.8262933333333333, 0.8301608333333333, 0.8339708333333333, 0.8356066666666667, 0.8343058333333333, 0.83708, 0.8383225, 0.8394766666666666, 0.8413483333333334, 0.8397566666666667, 0.8416116666666666, 0.8410591666666667, 0.8416125], 'train_f1': [0.7650768343199532, 0.8125961195203794, 0.8257687470683968, 0.8302022438173235, 0.8335665916484369, 0.8353101535134057, 0.8338416462536612, 0.8366909235862082, 0.837828753521699, 0.838990075570534, 0.8407236934263349, 0.8396229494563572, 0.8411096012346322, 0.8405252472981645, 0.8413236903139947], 'train_mae': [0.36075083333333335, 0.29487083333333336, 0.275135, 0.2701883333333333, 0.26551416666666666, 0.2611016666666667, 0.26292333333333334, 0.25727, 0.25514583333333335, 0.25346166666666664, 0.25218583333333333, 0.252925, 0.25273666666666667, 0.25124166666666664, 0.25019], 'val_loss': [0.645511721146734, 0.5356752753508719, 0.5006553354890723, 0.48826307845115663, 0.4771216759744444, 0.47137644748311297, 0.4725847122731962, 0.46502524252941735, 0.4607560966140346, 0.4574180807753613, 0.45347698174652307, 0.4563697885274887, 0.4529827185743734, 0.453133824467659, 0.4520026593271055], 'val_accuracy': [0.7625526315789474, 0.8057763157894737, 0.8166315789473685, 0.8205394736842105, 0.8234605263157895, 0.8262368421052632, 0.8255263157894737, 0.8281842105263157, 0.8291184210526316, 0.8311578947368421, 0.833171052631579, 0.8317105263157896, 0.8328947368421052, 0.833171052631579, 0.8345921052631579], 'val_f1': [0.7600266654057519, 0.8049936840213792, 0.8161335551647302, 0.8206032913504905, 0.8230037888472338, 0.8258917391688626, 0.8250203462247282, 0.8277273108472403, 0.8285255893356495, 0.8305821613130826, 0.8324601794734383, 0.8315328766467548, 0.8322572511413237, 0.8325358389288557, 0.8342462610849141], 'val_mae': [0.36564473684210524, 0.30628947368421056, 0.28957894736842105, 0.2840921052631579, 0.28001315789473685, 0.27521052631578946, 0.27471052631578946, 0.27039473684210524, 0.2684605263157895, 0.26523684210526316, 0.2632763157894737, 0.26388157894736847, 0.26502631578947367, 0.2620921052631579, 0.26051315789473684], 'jsd': [(0, 0, 0, 0, 0, 0, 0, 0, 0, 0), (0, 0, 0, 0, 0, 0, 0, 0, 0, 0), (0, 0, 0, 0, 0, 0, 0, 0, 0, 0), (0, 0, 0, 0, 0, 0, 0, 0, 0, 0), (0, 0, 0, 0, 0, 0, 0, 0, 0, 0), (0, 0, 0, 0, 0, 0, 0, 0, 0, 0), (0, 0, 0, 0, 0, 0, 0, 0, 0, 0), (0, 0, 0, 0, 0, 0, 0, 0, 0, 0), (0, 0, 0, 0, 0, 0, 0, 0, 0, 0), (0, 0, 0, 0, 0, 0, 0, 0, 0, 0), (0, 0, 0, 0, 0, 0, 0, 0, 0, 0), (0, 0, 0, 0, 0, 0, 0, 0, 0, 0), (0, 0, 0, 0, 0, 0, 0, 0, 0, 0), (0, 0, 0, 0, 0, 0, 0, 0, 0, 0), (0, 0, 0, 0, 0, 0, 0, 0, 0, 0)]}}
Local parameters compressed: reduced 5109 bytes (6.92%)
Local parameters compressed: reduced 5121 bytes (6.94%)
Local parameters compressed: reduced 5098 bytes (6.91%)
Local parameters compressed: reduced 5130 bytes (6.95%)
Local parameters compressed: reduced 5121 bytes (6.94%)
Local parameters compressed: reduced 5122 bytes (6.94%)
Local parameters compressed: reduced 5096 bytes (6.91%)
Local parameters compressed: reduced 5108 bytes (6.92%)
Local parameters compressed: reduced 5114 bytes (6.93%)
Local parameters compressed: reduced 5124 bytes (6.94%)
Results Aggregated in 11.42 seconds.
{'TextMLP': {'train_loss': [0.6381173129765193, 0.5192519363236427, 0.4815341050807635, 0.46820237215916316, 0.4565142504787445, 0.4514042920533816, 0.4528886486450831, 0.4454267820660273, 0.44086272603670756, 0.4375336691562335, 0.4333112769774596, 0.43713301974256835, 0.43195777713537215, 0.4326996278611819, 0.43191075010299684, 0.4276740008632342], 'train_accuracy': [0.7676475, 0.813335, 0.8262933333333333, 0.8301608333333333, 0.8339708333333333, 0.8356066666666667, 0.8343058333333333, 0.83708, 0.8383225, 0.8394766666666666, 0.8413483333333334, 0.8397566666666667, 0.8416116666666666, 0.8410591666666667, 0.8416125, 0.8431883333333333], 'train_f1': [0.7650768343199532, 0.8125961195203794, 0.8257687470683968, 0.8302022438173235, 0.8335665916484369, 0.8353101535134057, 0.8338416462536612, 0.8366909235862082, 0.837828753521699, 0.838990075570534, 0.8407236934263349, 0.8396229494563572, 0.8411096012346322, 0.8405252472981645, 0.8413236903139947, 0.8425869161131595], 'train_mae': [0.36075083333333335, 0.29487083333333336, 0.275135, 0.2701883333333333, 0.26551416666666666, 0.2611016666666667, 0.26292333333333334, 0.25727, 0.25514583333333335, 0.25346166666666664, 0.25218583333333333, 0.252925, 0.25273666666666667, 0.25124166666666664, 0.25019, 0.248295], 'val_loss': [0.645511721146734, 0.5356752753508719, 0.5006553354890723, 0.48826307845115663, 0.4771216759744444, 0.47137644748311297, 0.4725847122731962, 0.46502524252941735, 0.4607560966140346, 0.4574180807753613, 0.45347698174652307, 0.4563697885274887, 0.4529827185743734, 0.453133824467659, 0.4520026593271055, 0.44872860504451545], 'val_accuracy': [0.7625526315789474, 0.8057763157894737, 0.8166315789473685, 0.8205394736842105, 0.8234605263157895, 0.8262368421052632, 0.8255263157894737, 0.8281842105263157, 0.8291184210526316, 0.8311578947368421, 0.833171052631579, 0.8317105263157896, 0.8328947368421052, 0.833171052631579, 0.8345921052631579, 0.83525], 'val_f1': [0.7600266654057519, 0.8049936840213792, 0.8161335551647302, 0.8206032913504905, 0.8230037888472338, 0.8258917391688626, 0.8250203462247282, 0.8277273108472403, 0.8285255893356495, 0.8305821613130826, 0.8324601794734383, 0.8315328766467548, 0.8322572511413237, 0.8325358389288557, 0.8342462610849141, 0.8345785414405441], 'val_mae': [0.36564473684210524, 0.30628947368421056, 0.28957894736842105, 0.2840921052631579, 0.28001315789473685, 0.27521052631578946, 0.27471052631578946, 0.27039473684210524, 0.2684605263157895, 0.26523684210526316, 0.2632763157894737, 0.26388157894736847, 0.26502631578947367, 0.2620921052631579, 0.26051315789473684, 0.2595263157894737], 'jsd': [(0, 0, 0, 0, 0, 0, 0, 0, 0, 0), (0, 0, 0, 0, 0, 0, 0, 0, 0, 0), (0, 0, 0, 0, 0, 0, 0, 0, 0, 0), (0, 0, 0, 0, 0, 0, 0, 0, 0, 0), (0, 0, 0, 0, 0, 0, 0, 0, 0, 0), (0, 0, 0, 0, 0, 0, 0, 0, 0, 0), (0, 0, 0, 0, 0, 0, 0, 0, 0, 0), (0, 0, 0, 0, 0, 0, 0, 0, 0, 0), (0, 0, 0, 0, 0, 0, 0, 0, 0, 0), (0, 0, 0, 0, 0, 0, 0, 0, 0, 0), (0, 0, 0, 0, 0, 0, 0, 0, 0, 0), (0, 0, 0, 0, 0, 0, 0, 0, 0, 0), (0, 0, 0, 0, 0, 0, 0, 0, 0, 0), (0, 0, 0, 0, 0, 0, 0, 0, 0, 0), (0, 0, 0, 0, 0, 0, 0, 0, 0, 0), (0, 0, 0, 0, 0, 0, 0, 0, 0, 0)]}}
Local parameters compressed: reduced 5110 bytes (6.93%)
Local parameters compressed: reduced 5123 bytes (6.94%)
Local parameters compressed: reduced 5103 bytes (6.92%)
Local parameters compressed: reduced 5109 bytes (6.92%)
Local parameters compressed: reduced 5091 bytes (6.90%)
Local parameters compressed: reduced 5128 bytes (6.95%)
Local parameters compressed: reduced 5121 bytes (6.94%)
Local parameters compressed: reduced 5157 bytes (6.99%)
Local parameters compressed: reduced 5121 bytes (6.94%)
Local parameters compressed: reduced 5084 bytes (6.89%)
Results Aggregated in 12.59 seconds.
{'TextMLP': {'train_loss': [0.6381173129765193, 0.5192519363236427, 0.4815341050807635, 0.46820237215916316, 0.4565142504787445, 0.4514042920533816, 0.4528886486450831, 0.4454267820660273, 0.44086272603670756, 0.4375336691562335, 0.4333112769774596, 0.43713301974256835, 0.43195777713537215, 0.4326996278611819, 0.43191075010299684, 0.4276740008632342, 0.4292424642674128], 'train_accuracy': [0.7676475, 0.813335, 0.8262933333333333, 0.8301608333333333, 0.8339708333333333, 0.8356066666666667, 0.8343058333333333, 0.83708, 0.8383225, 0.8394766666666666, 0.8413483333333334, 0.8397566666666667, 0.8416116666666666, 0.8410591666666667, 0.8416125, 0.8431883333333333, 0.8422558333333333], 'train_f1': [0.7650768343199532, 0.8125961195203794, 0.8257687470683968, 0.8302022438173235, 0.8335665916484369, 0.8353101535134057, 0.8338416462536612, 0.8366909235862082, 0.837828753521699, 0.838990075570534, 0.8407236934263349, 0.8396229494563572, 0.8411096012346322, 0.8405252472981645, 0.8413236903139947, 0.8425869161131595, 0.8418828298241464], 'train_mae': [0.36075083333333335, 0.29487083333333336, 0.275135, 0.2701883333333333, 0.26551416666666666, 0.2611016666666667, 0.26292333333333334, 0.25727, 0.25514583333333335, 0.25346166666666664, 0.25218583333333333, 0.252925, 0.25273666666666667, 0.25124166666666664, 0.25019, 0.248295, 0.25230833333333336], 'val_loss': [0.645511721146734, 0.5356752753508719, 0.5006553354890723, 0.48826307845115663, 0.4771216759744444, 0.47137644748311297, 0.4725847122731962, 0.46502524252941735, 0.4607560966140346, 0.4574180807753613, 0.45347698174652307, 0.4563697885274887, 0.4529827185743734, 0.453133824467659, 0.4520026593271055, 0.44872860504451545, 0.45092746277859336], 'val_accuracy': [0.7625526315789474, 0.8057763157894737, 0.8166315789473685, 0.8205394736842105, 0.8234605263157895, 0.8262368421052632, 0.8255263157894737, 0.8281842105263157, 0.8291184210526316, 0.8311578947368421, 0.833171052631579, 0.8317105263157896, 0.8328947368421052, 0.833171052631579, 0.8345921052631579, 0.83525, 0.8347631578947369], 'val_f1': [0.7600266654057519, 0.8049936840213792, 0.8161335551647302, 0.8206032913504905, 0.8230037888472338, 0.8258917391688626, 0.8250203462247282, 0.8277273108472403, 0.8285255893356495, 0.8305821613130826, 0.8324601794734383, 0.8315328766467548, 0.8322572511413237, 0.8325358389288557, 0.8342462610849141, 0.8345785414405441, 0.8343256300550007], 'val_mae': [0.36564473684210524, 0.30628947368421056, 0.28957894736842105, 0.2840921052631579, 0.28001315789473685, 0.27521052631578946, 0.27471052631578946, 0.27039473684210524, 0.2684605263157895, 0.26523684210526316, 0.2632763157894737, 0.26388157894736847, 0.26502631578947367, 0.2620921052631579, 0.26051315789473684, 0.2595263157894737, 0.26303947368421055], 'jsd': [(0, 0, 0, 0, 0, 0, 0, 0, 0, 0), (0, 0, 0, 0, 0, 0, 0, 0, 0, 0), (0, 0, 0, 0, 0, 0, 0, 0, 0, 0), (0, 0, 0, 0, 0, 0, 0, 0, 0, 0), (0, 0, 0, 0, 0, 0, 0, 0, 0, 0), (0, 0, 0, 0, 0, 0, 0, 0, 0, 0), (0, 0, 0, 0, 0, 0, 0, 0, 0, 0), (0, 0, 0, 0, 0, 0, 0, 0, 0, 0), (0, 0, 0, 0, 0, 0, 0, 0, 0, 0), (0, 0, 0, 0, 0, 0, 0, 0, 0, 0), (0, 0, 0, 0, 0, 0, 0, 0, 0, 0), (0, 0, 0, 0, 0, 0, 0, 0, 0, 0), (0, 0, 0, 0, 0, 0, 0, 0, 0, 0), (0, 0, 0, 0, 0, 0, 0, 0, 0, 0), (0, 0, 0, 0, 0, 0, 0, 0, 0, 0), (0, 0, 0, 0, 0, 0, 0, 0, 0, 0), (0, 0, 0, 0, 0, 0, 0, 0, 0, 0)]}}
Local parameters compressed: reduced 5113 bytes (6.93%)
Local parameters compressed: reduced 5120 bytes (6.94%)
Local parameters compressed: reduced 5136 bytes (6.96%)
Local parameters compressed: reduced 5144 bytes (6.97%)
Local parameters compressed: reduced 5079 bytes (6.88%)
Local parameters compressed: reduced 5121 bytes (6.94%)
Local parameters compressed: reduced 5123 bytes (6.94%)
Local parameters compressed: reduced 5141 bytes (6.97%)
Local parameters compressed: reduced 5096 bytes (6.91%)
Local parameters compressed: reduced 5130 bytes (6.95%)
Results Aggregated in 11.46 seconds.
{'TextMLP': {'train_loss': [0.6381173129765193, 0.5192519363236427, 0.4815341050807635, 0.46820237215916316, 0.4565142504787445, 0.4514042920533816, 0.4528886486450831, 0.4454267820660273, 0.44086272603670756, 0.4375336691562335, 0.4333112769774596, 0.43713301974256835, 0.43195777713537215, 0.4326996278611819, 0.43191075010299684, 0.4276740008632342, 0.4292424642674128, 0.4277832911388079], 'train_accuracy': [0.7676475, 0.813335, 0.8262933333333333, 0.8301608333333333, 0.8339708333333333, 0.8356066666666667, 0.8343058333333333, 0.83708, 0.8383225, 0.8394766666666666, 0.8413483333333334, 0.8397566666666667, 0.8416116666666666, 0.8410591666666667, 0.8416125, 0.8431883333333333, 0.8422558333333333, 0.8428758333333334], 'train_f1': [0.7650768343199532, 0.8125961195203794, 0.8257687470683968, 0.8302022438173235, 0.8335665916484369, 0.8353101535134057, 0.8338416462536612, 0.8366909235862082, 0.837828753521699, 0.838990075570534, 0.8407236934263349, 0.8396229494563572, 0.8411096012346322, 0.8405252472981645, 0.8413236903139947, 0.8425869161131595, 0.8418828298241464, 0.8424509424288447], 'train_mae': [0.36075083333333335, 0.29487083333333336, 0.275135, 0.2701883333333333, 0.26551416666666666, 0.2611016666666667, 0.26292333333333334, 0.25727, 0.25514583333333335, 0.25346166666666664, 0.25218583333333333, 0.252925, 0.25273666666666667, 0.25124166666666664, 0.25019, 0.248295, 0.25230833333333336, 0.24860416666666665], 'val_loss': [0.645511721146734, 0.5356752753508719, 0.5006553354890723, 0.48826307845115663, 0.4771216759744444, 0.47137644748311297, 0.4725847122731962, 0.46502524252941735, 0.4607560966140346, 0.4574180807753613, 0.45347698174652307, 0.4563697885274887, 0.4529827185743734, 0.453133824467659, 0.4520026593271055, 0.44872860504451545, 0.45092746277859336, 0.4488038838725341], 'val_accuracy': [0.7625526315789474, 0.8057763157894737, 0.8166315789473685, 0.8205394736842105, 0.8234605263157895, 0.8262368421052632, 0.8255263157894737, 0.8281842105263157, 0.8291184210526316, 0.8311578947368421, 0.833171052631579, 0.8317105263157896, 0.8328947368421052, 0.833171052631579, 0.8345921052631579, 0.83525, 0.8347631578947369, 0.8354078947368422], 'val_f1': [0.7600266654057519, 0.8049936840213792, 0.8161335551647302, 0.8206032913504905, 0.8230037888472338, 0.8258917391688626, 0.8250203462247282, 0.8277273108472403, 0.8285255893356495, 0.8305821613130826, 0.8324601794734383, 0.8315328766467548, 0.8322572511413237, 0.8325358389288557, 0.8342462610849141, 0.8345785414405441, 0.8343256300550007, 0.8348843153778596], 'val_mae': [0.36564473684210524, 0.30628947368421056, 0.28957894736842105, 0.2840921052631579, 0.28001315789473685, 0.27521052631578946, 0.27471052631578946, 0.27039473684210524, 0.2684605263157895, 0.26523684210526316, 0.2632763157894737, 0.26388157894736847, 0.26502631578947367, 0.2620921052631579, 0.26051315789473684, 0.2595263157894737, 0.26303947368421055, 0.2591973684210526], 'jsd': [(0, 0, 0, 0, 0, 0, 0, 0, 0, 0), (0, 0, 0, 0, 0, 0, 0, 0, 0, 0), (0, 0, 0, 0, 0, 0, 0, 0, 0, 0), (0, 0, 0, 0, 0, 0, 0, 0, 0, 0), (0, 0, 0, 0, 0, 0, 0, 0, 0, 0), (0, 0, 0, 0, 0, 0, 0, 0, 0, 0), (0, 0, 0, 0, 0, 0, 0, 0, 0, 0), (0, 0, 0, 0, 0, 0, 0, 0, 0, 0), (0, 0, 0, 0, 0, 0, 0, 0, 0, 0), (0, 0, 0, 0, 0, 0, 0, 0, 0, 0), (0, 0, 0, 0, 0, 0, 0, 0, 0, 0), (0, 0, 0, 0, 0, 0, 0, 0, 0, 0), (0, 0, 0, 0, 0, 0, 0, 0, 0, 0), (0, 0, 0, 0, 0, 0, 0, 0, 0, 0), (0, 0, 0, 0, 0, 0, 0, 0, 0, 0), (0, 0, 0, 0, 0, 0, 0, 0, 0, 0), (0, 0, 0, 0, 0, 0, 0, 0, 0, 0), (0, 0, 0, 0, 0, 0, 0, 0, 0, 0)]}}
Local parameters compressed: reduced 5120 bytes (6.94%)
Local parameters compressed: reduced 5103 bytes (6.92%)
Local parameters compressed: reduced 5112 bytes (6.93%)
Local parameters compressed: reduced 5099 bytes (6.91%)
Local parameters compressed: reduced 5103 bytes (6.92%)
Local parameters compressed: reduced 5074 bytes (6.88%)
Local parameters compressed: reduced 5107 bytes (6.92%)
Local parameters compressed: reduced 5094 bytes (6.90%)
Local parameters compressed: reduced 5102 bytes (6.91%)
Local parameters compressed: reduced 5084 bytes (6.89%)
Results Aggregated in 10.56 seconds.
{'TextMLP': {'train_loss': [0.6381173129765193, 0.5192519363236427, 0.4815341050807635, 0.46820237215916316, 0.4565142504787445, 0.4514042920533816, 0.4528886486450831, 0.4454267820660273, 0.44086272603670756, 0.4375336691562335, 0.4333112769774596, 0.43713301974256835, 0.43195777713537215, 0.4326996278611819, 0.43191075010299684, 0.4276740008632342, 0.4292424642674128, 0.4277832911388079, 0.4289726146785418], 'train_accuracy': [0.7676475, 0.813335, 0.8262933333333333, 0.8301608333333333, 0.8339708333333333, 0.8356066666666667, 0.8343058333333333, 0.83708, 0.8383225, 0.8394766666666666, 0.8413483333333334, 0.8397566666666667, 0.8416116666666666, 0.8410591666666667, 0.8416125, 0.8431883333333333, 0.8422558333333333, 0.8428758333333334, 0.8424416666666666], 'train_f1': [0.7650768343199532, 0.8125961195203794, 0.8257687470683968, 0.8302022438173235, 0.8335665916484369, 0.8353101535134057, 0.8338416462536612, 0.8366909235862082, 0.837828753521699, 0.838990075570534, 0.8407236934263349, 0.8396229494563572, 0.8411096012346322, 0.8405252472981645, 0.8413236903139947, 0.8425869161131595, 0.8418828298241464, 0.8424509424288447, 0.8421392156000029], 'train_mae': [0.36075083333333335, 0.29487083333333336, 0.275135, 0.2701883333333333, 0.26551416666666666, 0.2611016666666667, 0.26292333333333334, 0.25727, 0.25514583333333335, 0.25346166666666664, 0.25218583333333333, 0.252925, 0.25273666666666667, 0.25124166666666664, 0.25019, 0.248295, 0.25230833333333336, 0.24860416666666665, 0.248935], 'val_loss': [0.645511721146734, 0.5356752753508719, 0.5006553354890723, 0.48826307845115663, 0.4771216759744444, 0.47137644748311297, 0.4725847122731962, 0.46502524252941735, 0.4607560966140346, 0.4574180807753613, 0.45347698174652307, 0.4563697885274887, 0.4529827185743734, 0.453133824467659, 0.4520026593271055, 0.44872860504451545, 0.45092746277859336, 0.4488038838725341, 0.4500352034819754], 'val_accuracy': [0.7625526315789474, 0.8057763157894737, 0.8166315789473685, 0.8205394736842105, 0.8234605263157895, 0.8262368421052632, 0.8255263157894737, 0.8281842105263157, 0.8291184210526316, 0.8311578947368421, 0.833171052631579, 0.8317105263157896, 0.8328947368421052, 0.833171052631579, 0.8345921052631579, 0.83525, 0.8347631578947369, 0.8354078947368422, 0.8347236842105263], 'val_f1': [0.7600266654057519, 0.8049936840213792, 0.8161335551647302, 0.8206032913504905, 0.8230037888472338, 0.8258917391688626, 0.8250203462247282, 0.8277273108472403, 0.8285255893356495, 0.8305821613130826, 0.8324601794734383, 0.8315328766467548, 0.8322572511413237, 0.8325358389288557, 0.8342462610849141, 0.8345785414405441, 0.8343256300550007, 0.8348843153778596, 0.8343906438900768], 'val_mae': [0.36564473684210524, 0.30628947368421056, 0.28957894736842105, 0.2840921052631579, 0.28001315789473685, 0.27521052631578946, 0.27471052631578946, 0.27039473684210524, 0.2684605263157895, 0.26523684210526316, 0.2632763157894737, 0.26388157894736847, 0.26502631578947367, 0.2620921052631579, 0.26051315789473684, 0.2595263157894737, 0.26303947368421055, 0.2591973684210526, 0.26089473684210523], 'jsd': [(0, 0, 0, 0, 0, 0, 0, 0, 0, 0), (0, 0, 0, 0, 0, 0, 0, 0, 0, 0), (0, 0, 0, 0, 0, 0, 0, 0, 0, 0), (0, 0, 0, 0, 0, 0, 0, 0, 0, 0), (0, 0, 0, 0, 0, 0, 0, 0, 0, 0), (0, 0, 0, 0, 0, 0, 0, 0, 0, 0), (0, 0, 0, 0, 0, 0, 0, 0, 0, 0), (0, 0, 0, 0, 0, 0, 0, 0, 0, 0), (0, 0, 0, 0, 0, 0, 0, 0, 0, 0), (0, 0, 0, 0, 0, 0, 0, 0, 0, 0), (0, 0, 0, 0, 0, 0, 0, 0, 0, 0), (0, 0, 0, 0, 0, 0, 0, 0, 0, 0), (0, 0, 0, 0, 0, 0, 0, 0, 0, 0), (0, 0, 0, 0, 0, 0, 0, 0, 0, 0), (0, 0, 0, 0, 0, 0, 0, 0, 0, 0), (0, 0, 0, 0, 0, 0, 0, 0, 0, 0), (0, 0, 0, 0, 0, 0, 0, 0, 0, 0), (0, 0, 0, 0, 0, 0, 0, 0, 0, 0), (0, 0, 0, 0, 0, 0, 0, 0, 0, 0)]}}
Local parameters compressed: reduced 5095 bytes (6.91%)
Local parameters compressed: reduced 5095 bytes (6.91%)
Local parameters compressed: reduced 5089 bytes (6.90%)
Local parameters compressed: reduced 5087 bytes (6.89%)
Local parameters compressed: reduced 5098 bytes (6.91%)
Local parameters compressed: reduced 5088 bytes (6.90%)
Local parameters compressed: reduced 5123 bytes (6.94%)
Local parameters compressed: reduced 5089 bytes (6.90%)
Local parameters compressed: reduced 5085 bytes (6.89%)
Local parameters compressed: reduced 5089 bytes (6.90%)
Results Aggregated in 11.09 seconds.
{'TextMLP': {'train_loss': [0.6381173129765193, 0.5192519363236427, 0.4815341050807635, 0.46820237215916316, 0.4565142504787445, 0.4514042920533816, 0.4528886486450831, 0.4454267820660273, 0.44086272603670756, 0.4375336691562335, 0.4333112769774596, 0.43713301974256835, 0.43195777713537215, 0.4326996278611819, 0.43191075010299684, 0.4276740008632342, 0.4292424642674128, 0.4277832911388079, 0.4289726146785418, 0.42176416708866754], 'train_accuracy': [0.7676475, 0.813335, 0.8262933333333333, 0.8301608333333333, 0.8339708333333333, 0.8356066666666667, 0.8343058333333333, 0.83708, 0.8383225, 0.8394766666666666, 0.8413483333333334, 0.8397566666666667, 0.8416116666666666, 0.8410591666666667, 0.8416125, 0.8431883333333333, 0.8422558333333333, 0.8428758333333334, 0.8424416666666666, 0.8453341666666667], 'train_f1': [0.7650768343199532, 0.8125961195203794, 0.8257687470683968, 0.8302022438173235, 0.8335665916484369, 0.8353101535134057, 0.8338416462536612, 0.8366909235862082, 0.837828753521699, 0.838990075570534, 0.8407236934263349, 0.8396229494563572, 0.8411096012346322, 0.8405252472981645, 0.8413236903139947, 0.8425869161131595, 0.8418828298241464, 0.8424509424288447, 0.8421392156000029, 0.844925524033367], 'train_mae': [0.36075083333333335, 0.29487083333333336, 0.275135, 0.2701883333333333, 0.26551416666666666, 0.2611016666666667, 0.26292333333333334, 0.25727, 0.25514583333333335, 0.25346166666666664, 0.25218583333333333, 0.252925, 0.25273666666666667, 0.25124166666666664, 0.25019, 0.248295, 0.25230833333333336, 0.24860416666666665, 0.248935, 0.245085], 'val_loss': [0.645511721146734, 0.5356752753508719, 0.5006553354890723, 0.48826307845115663, 0.4771216759744444, 0.47137644748311297, 0.4725847122731962, 0.46502524252941735, 0.4607560966140346, 0.4574180807753613, 0.45347698174652307, 0.4563697885274887, 0.4529827185743734, 0.453133824467659, 0.4520026593271055, 0.44872860504451545, 0.45092746277859336, 0.4488038838725341, 0.4500352034819754, 0.44301320340131456], 'val_accuracy': [0.7625526315789474, 0.8057763157894737, 0.8166315789473685, 0.8205394736842105, 0.8234605263157895, 0.8262368421052632, 0.8255263157894737, 0.8281842105263157, 0.8291184210526316, 0.8311578947368421, 0.833171052631579, 0.8317105263157896, 0.8328947368421052, 0.833171052631579, 0.8345921052631579, 0.83525, 0.8347631578947369, 0.8354078947368422, 0.8347236842105263, 0.8382105263157895], 'val_f1': [0.7600266654057519, 0.8049936840213792, 0.8161335551647302, 0.8206032913504905, 0.8230037888472338, 0.8258917391688626, 0.8250203462247282, 0.8277273108472403, 0.8285255893356495, 0.8305821613130826, 0.8324601794734383, 0.8315328766467548, 0.8322572511413237, 0.8325358389288557, 0.8342462610849141, 0.8345785414405441, 0.8343256300550007, 0.8348843153778596, 0.8343906438900768, 0.8377448492762168], 'val_mae': [0.36564473684210524, 0.30628947368421056, 0.28957894736842105, 0.2840921052631579, 0.28001315789473685, 0.27521052631578946, 0.27471052631578946, 0.27039473684210524, 0.2684605263157895, 0.26523684210526316, 0.2632763157894737, 0.26388157894736847, 0.26502631578947367, 0.2620921052631579, 0.26051315789473684, 0.2595263157894737, 0.26303947368421055, 0.2591973684210526, 0.26089473684210523, 0.25544736842105265], 'jsd': [(0, 0, 0, 0, 0, 0, 0, 0, 0, 0), (0, 0, 0, 0, 0, 0, 0, 0, 0, 0), (0, 0, 0, 0, 0, 0, 0, 0, 0, 0), (0, 0, 0, 0, 0, 0, 0, 0, 0, 0), (0, 0, 0, 0, 0, 0, 0, 0, 0, 0), (0, 0, 0, 0, 0, 0, 0, 0, 0, 0), (0, 0, 0, 0, 0, 0, 0, 0, 0, 0), (0, 0, 0, 0, 0, 0, 0, 0, 0, 0), (0, 0, 0, 0, 0, 0, 0, 0, 0, 0), (0, 0, 0, 0, 0, 0, 0, 0, 0, 0), (0, 0, 0, 0, 0, 0, 0, 0, 0, 0), (0, 0, 0, 0, 0, 0, 0, 0, 0, 0), (0, 0, 0, 0, 0, 0, 0, 0, 0, 0), (0, 0, 0, 0, 0, 0, 0, 0, 0, 0), (0, 0, 0, 0, 0, 0, 0, 0, 0, 0), (0, 0, 0, 0, 0, 0, 0, 0, 0, 0), (0, 0, 0, 0, 0, 0, 0, 0, 0, 0), (0, 0, 0, 0, 0, 0, 0, 0, 0, 0), (0, 0, 0, 0, 0, 0, 0, 0, 0, 0), (0, 0, 0, 0, 0, 0, 0, 0, 0, 0)]}}
