==========================================
  ___  ______  ___ ______       _ 
 / _ \ | ___ \/   ||  ___|     | |
/ /_\ \| |_/ / /| || |_ ___  __| |
|  _  ||  __/ /_| ||  _/ _ \/ _` |
| | | || |  \___  || ||  __/ (_| |
\_| |_/\_|      |_/\_| \___|\__,_| v.1.5.0

==========================================
Simulation Started!
List of the Architectural Patterns enabled:
Adaptation Enabled ✅
Metric: time, bo-based: predictors/bo_model_compressor_text.pkl
Client Registry ✅
Message Compressor ✅
==========================================
Local parameters compressed: reduced 5335 bytes (7.23%)
Local parameters compressed: reduced 5295 bytes (7.18%)
Local parameters compressed: reduced 5305 bytes (7.19%)
Local parameters compressed: reduced 5346 bytes (7.25%)
Local parameters compressed: reduced 5331 bytes (7.22%)
Local parameters compressed: reduced 5371 bytes (7.28%)
Local parameters compressed: reduced 5314 bytes (7.20%)
Local parameters compressed: reduced 5336 bytes (7.23%)
Local parameters compressed: reduced 5295 bytes (7.18%)
Local parameters compressed: reduced 5318 bytes (7.21%)
Results Aggregated in 29.18 seconds.
{'TextMLP': {'train_loss': [0.38268132218281425], 'train_accuracy': [0.85898], 'train_f1': [0.7757208410410493], 'train_mae': [0.20301166666666667], 'val_loss': [3.2816401859584605], 'val_accuracy': [0.5581052631578948], 'val_f1': [0.48068289789437285], 'val_mae': [0.767671052631579], 'jsd': [(0, 0, 0, 0, 0, 0, 0, 0, 0, 0)]}}
AdaptationManager: Configuring next round...
{'client_registry': {'enabled': True, 'params': {}}, 'client_selector': {'enabled': False, 'params': {}}, 'client_cluster': {'enabled': False, 'params': {}}, 'message_compressor': {'enabled': True, 'params': {}}, 'model_co-versioning_registry': {'enabled': False, 'params': {}}, 'multi-task_model_trainer': {'enabled': False, 'params': {}}, 'heterogeneous_data_handler': {'enabled': False, 'params': {}}}
{'client_selector': {'enabled': False}, 'client_cluster': {'enabled': False}, 'message_compressor': {'enabled': True}, 'model_co-versioning_registry': {'enabled': False}, 'multi-task_model_trainer': {'enabled': False}, 'heterogeneous_data_handler': {'enabled': False}, 'client_registry': {'enabled': True, 'params': {}}}
round 2, 5 high, 5 low, 0.0-iid clients, predicted best policy: message_compressor activated ✅
Local parameters compressed: reduced 5315 bytes (7.20%)
Local parameters compressed: reduced 5323 bytes (7.21%)
Local parameters compressed: reduced 5344 bytes (7.24%)
Local parameters compressed: reduced 5339 bytes (7.24%)
Local parameters compressed: reduced 5314 bytes (7.20%)
Local parameters compressed: reduced 5291 bytes (7.17%)
Local parameters compressed: reduced 5281 bytes (7.16%)
Local parameters compressed: reduced 5263 bytes (7.13%)
Local parameters compressed: reduced 5324 bytes (7.22%)
Local parameters compressed: reduced 5294 bytes (7.17%)
Results Aggregated in 10.02 seconds.
{'TextMLP': {'train_loss': [0.38268132218281425, 0.29773577007333435], 'train_accuracy': [0.85898, 0.8901625], 'train_f1': [0.7757208410410493, 0.8408027187509066], 'train_mae': [0.20301166666666667, 0.16567166666666666], 'val_loss': [3.2816401859584605, 4.175458279559487], 'val_accuracy': [0.5581052631578948, 0.6153421052631579], 'val_f1': [0.48068289789437285, 0.5332567031206943], 'val_mae': [0.767671052631579, 0.66625], 'jsd': [(0, 0, 0, 0, 0, 0, 0, 0, 0, 0), (0, 0, 0, 0, 0, 0, 0, 0, 0, 0)]}}
AdaptationManager: Configuring next round...
{'client_registry': {'enabled': True, 'params': {}}, 'client_selector': {'enabled': False, 'params': {}}, 'client_cluster': {'enabled': False, 'params': {}}, 'message_compressor': {'enabled': True, 'params': {}}, 'model_co-versioning_registry': {'enabled': False, 'params': {}}, 'multi-task_model_trainer': {'enabled': False, 'params': {}}, 'heterogeneous_data_handler': {'enabled': False, 'params': {}}}
{'client_selector': {'enabled': False}, 'client_cluster': {'enabled': False}, 'message_compressor': {'enabled': True}, 'model_co-versioning_registry': {'enabled': False}, 'multi-task_model_trainer': {'enabled': False}, 'heterogeneous_data_handler': {'enabled': False}, 'client_registry': {'enabled': True, 'params': {}}}
round 3, 5 high, 5 low, 0.0-iid clients, predicted best policy: message_compressor activated ✅
Local parameters compressed: reduced 5258 bytes (7.13%)
Local parameters compressed: reduced 5282 bytes (7.16%)
Local parameters compressed: reduced 5299 bytes (7.18%)
Local parameters compressed: reduced 5241 bytes (7.10%)
Local parameters compressed: reduced 5264 bytes (7.13%)
Local parameters compressed: reduced 5298 bytes (7.18%)
Local parameters compressed: reduced 5263 bytes (7.13%)
Local parameters compressed: reduced 5286 bytes (7.16%)
Local parameters compressed: reduced 5257 bytes (7.12%)
Local parameters compressed: reduced 5259 bytes (7.13%)
Results Aggregated in 10.93 seconds.
{'TextMLP': {'train_loss': [0.38268132218281425, 0.29773577007333435, 0.2736971839090188], 'train_accuracy': [0.85898, 0.8901625, 0.8981291666666666], 'train_f1': [0.7757208410410493, 0.8408027187509066, 0.8562643017945037], 'train_mae': [0.20301166666666667, 0.16567166666666666, 0.15502916666666666], 'val_loss': [3.2816401859584605, 4.175458279559487, 5.374234817103336], 'val_accuracy': [0.5581052631578948, 0.6153421052631579, 0.636], 'val_f1': [0.48068289789437285, 0.5332567031206943, 0.5506385509281775], 'val_mae': [0.767671052631579, 0.66625, 0.6264210526315789], 'jsd': [(0, 0, 0, 0, 0, 0, 0, 0, 0, 0), (0, 0, 0, 0, 0, 0, 0, 0, 0, 0), (0, 0, 0, 0, 0, 0, 0, 0, 0, 0)]}}
AdaptationManager: Configuring next round...
{'client_registry': {'enabled': True, 'params': {}}, 'client_selector': {'enabled': False, 'params': {}}, 'client_cluster': {'enabled': False, 'params': {}}, 'message_compressor': {'enabled': True, 'params': {}}, 'model_co-versioning_registry': {'enabled': False, 'params': {}}, 'multi-task_model_trainer': {'enabled': False, 'params': {}}, 'heterogeneous_data_handler': {'enabled': False, 'params': {}}}
{'client_selector': {'enabled': False}, 'client_cluster': {'enabled': False}, 'message_compressor': {'enabled': True}, 'model_co-versioning_registry': {'enabled': False}, 'multi-task_model_trainer': {'enabled': False}, 'heterogeneous_data_handler': {'enabled': False}, 'client_registry': {'enabled': True, 'params': {}}}
round 4, 5 high, 5 low, 0.0-iid clients, predicted best policy: message_compressor activated ✅
Local parameters compressed: reduced 5291 bytes (7.17%)
Local parameters compressed: reduced 5230 bytes (7.09%)
Local parameters compressed: reduced 5245 bytes (7.11%)
Local parameters compressed: reduced 5274 bytes (7.15%)
Local parameters compressed: reduced 5242 bytes (7.10%)
Local parameters compressed: reduced 5252 bytes (7.12%)
Local parameters compressed: reduced 5217 bytes (7.07%)
Local parameters compressed: reduced 5288 bytes (7.17%)
Local parameters compressed: reduced 5260 bytes (7.13%)
Local parameters compressed: reduced 5254 bytes (7.12%)
Results Aggregated in 10.10 seconds.
{'TextMLP': {'train_loss': [0.38268132218281425, 0.29773577007333435, 0.2736971839090188, 0.26394963738838834], 'train_accuracy': [0.85898, 0.8901625, 0.8981291666666666, 0.9003591666666667], 'train_f1': [0.7757208410410493, 0.8408027187509066, 0.8562643017945037, 0.8584168756548337], 'train_mae': [0.20301166666666667, 0.16567166666666666, 0.15502916666666666, 0.151445], 'val_loss': [3.2816401859584605, 4.175458279559487, 5.374234817103336, 5.787242908979717], 'val_accuracy': [0.5581052631578948, 0.6153421052631579, 0.636, 0.6308684210526316], 'val_f1': [0.48068289789437285, 0.5332567031206943, 0.5506385509281775, 0.5464556428279769], 'val_mae': [0.767671052631579, 0.66625, 0.6264210526315789, 0.6459078947368422], 'jsd': [(0, 0, 0, 0, 0, 0, 0, 0, 0, 0), (0, 0, 0, 0, 0, 0, 0, 0, 0, 0), (0, 0, 0, 0, 0, 0, 0, 0, 0, 0), (0, 0, 0, 0, 0, 0, 0, 0, 0, 0)]}}
AdaptationManager: Configuring next round...
{'client_registry': {'enabled': True, 'params': {}}, 'client_selector': {'enabled': False, 'params': {}}, 'client_cluster': {'enabled': False, 'params': {}}, 'message_compressor': {'enabled': True, 'params': {}}, 'model_co-versioning_registry': {'enabled': False, 'params': {}}, 'multi-task_model_trainer': {'enabled': False, 'params': {}}, 'heterogeneous_data_handler': {'enabled': False, 'params': {}}}
{'client_selector': {'enabled': False}, 'client_cluster': {'enabled': False}, 'message_compressor': {'enabled': True}, 'model_co-versioning_registry': {'enabled': False}, 'multi-task_model_trainer': {'enabled': False}, 'heterogeneous_data_handler': {'enabled': False}, 'client_registry': {'enabled': True, 'params': {}}}
round 5, 5 high, 5 low, 0.0-iid clients, predicted best policy: message_compressor activated ✅
Local parameters compressed: reduced 5212 bytes (7.06%)
Local parameters compressed: reduced 5208 bytes (7.06%)
Local parameters compressed: reduced 5216 bytes (7.07%)
Local parameters compressed: reduced 5233 bytes (7.09%)
Local parameters compressed: reduced 5225 bytes (7.08%)
Local parameters compressed: reduced 5204 bytes (7.05%)
Local parameters compressed: reduced 5197 bytes (7.04%)
Local parameters compressed: reduced 5246 bytes (7.11%)
Local parameters compressed: reduced 5235 bytes (7.09%)
Local parameters compressed: reduced 5222 bytes (7.08%)
Results Aggregated in 10.77 seconds.
{'TextMLP': {'train_loss': [0.38268132218281425, 0.29773577007333435, 0.2736971839090188, 0.26394963738838834, 0.2545284282596906], 'train_accuracy': [0.85898, 0.8901625, 0.8981291666666666, 0.9003591666666667, 0.9036358333333333], 'train_f1': [0.7757208410410493, 0.8408027187509066, 0.8562643017945037, 0.8584168756548337, 0.864574409094555], 'train_mae': [0.20301166666666667, 0.16567166666666666, 0.15502916666666666, 0.151445, 0.1478575], 'val_loss': [3.2816401859584605, 4.175458279559487, 5.374234817103336, 5.787242908979717, 5.833578301580329], 'val_accuracy': [0.5581052631578948, 0.6153421052631579, 0.636, 0.6308684210526316, 0.6381052631578947], 'val_f1': [0.48068289789437285, 0.5332567031206943, 0.5506385509281775, 0.5464556428279769, 0.5533073396536424], 'val_mae': [0.767671052631579, 0.66625, 0.6264210526315789, 0.6459078947368422, 0.6214868421052632], 'jsd': [(0, 0, 0, 0, 0, 0, 0, 0, 0, 0), (0, 0, 0, 0, 0, 0, 0, 0, 0, 0), (0, 0, 0, 0, 0, 0, 0, 0, 0, 0), (0, 0, 0, 0, 0, 0, 0, 0, 0, 0), (0, 0, 0, 0, 0, 0, 0, 0, 0, 0)]}}
AdaptationManager: Configuring next round...
{'client_registry': {'enabled': True, 'params': {}}, 'client_selector': {'enabled': False, 'params': {}}, 'client_cluster': {'enabled': False, 'params': {}}, 'message_compressor': {'enabled': True, 'params': {}}, 'model_co-versioning_registry': {'enabled': False, 'params': {}}, 'multi-task_model_trainer': {'enabled': False, 'params': {}}, 'heterogeneous_data_handler': {'enabled': False, 'params': {}}}
{'client_selector': {'enabled': False}, 'client_cluster': {'enabled': False}, 'message_compressor': {'enabled': True}, 'model_co-versioning_registry': {'enabled': False}, 'multi-task_model_trainer': {'enabled': False}, 'heterogeneous_data_handler': {'enabled': False}, 'client_registry': {'enabled': True, 'params': {}}}
round 6, 5 high, 5 low, 0.0-iid clients, predicted best policy: message_compressor activated ✅
Local parameters compressed: reduced 5207 bytes (7.06%)
Local parameters compressed: reduced 5250 bytes (7.12%)
Local parameters compressed: reduced 5236 bytes (7.10%)
Local parameters compressed: reduced 5206 bytes (7.06%)
Local parameters compressed: reduced 5259 bytes (7.13%)
Local parameters compressed: reduced 5204 bytes (7.05%)
Local parameters compressed: reduced 5206 bytes (7.06%)
Local parameters compressed: reduced 5243 bytes (7.11%)
Local parameters compressed: reduced 5240 bytes (7.10%)
Local parameters compressed: reduced 5217 bytes (7.07%)
Results Aggregated in 10.40 seconds.
{'TextMLP': {'train_loss': [0.38268132218281425, 0.29773577007333435, 0.2736971839090188, 0.26394963738838834, 0.2545284282596906, 0.24854337799052398], 'train_accuracy': [0.85898, 0.8901625, 0.8981291666666666, 0.9003591666666667, 0.9036358333333333, 0.9055975], 'train_f1': [0.7757208410410493, 0.8408027187509066, 0.8562643017945037, 0.8584168756548337, 0.864574409094555, 0.8677935721349648], 'train_mae': [0.20301166666666667, 0.16567166666666666, 0.15502916666666666, 0.151445, 0.1478575, 0.14575], 'val_loss': [3.2816401859584605, 4.175458279559487, 5.374234817103336, 5.787242908979717, 5.833578301580329, 5.805204943305568], 'val_accuracy': [0.5581052631578948, 0.6153421052631579, 0.636, 0.6308684210526316, 0.6381052631578947, 0.6387631578947368], 'val_f1': [0.48068289789437285, 0.5332567031206943, 0.5506385509281775, 0.5464556428279769, 0.5533073396536424, 0.5542921819122074], 'val_mae': [0.767671052631579, 0.66625, 0.6264210526315789, 0.6459078947368422, 0.6214868421052632, 0.6190394736842105], 'jsd': [(0, 0, 0, 0, 0, 0, 0, 0, 0, 0), (0, 0, 0, 0, 0, 0, 0, 0, 0, 0), (0, 0, 0, 0, 0, 0, 0, 0, 0, 0), (0, 0, 0, 0, 0, 0, 0, 0, 0, 0), (0, 0, 0, 0, 0, 0, 0, 0, 0, 0), (0, 0, 0, 0, 0, 0, 0, 0, 0, 0)]}}
AdaptationManager: Configuring next round...
{'client_registry': {'enabled': True, 'params': {}}, 'client_selector': {'enabled': False, 'params': {}}, 'client_cluster': {'enabled': False, 'params': {}}, 'message_compressor': {'enabled': True, 'params': {}}, 'model_co-versioning_registry': {'enabled': False, 'params': {}}, 'multi-task_model_trainer': {'enabled': False, 'params': {}}, 'heterogeneous_data_handler': {'enabled': False, 'params': {}}}
{'client_selector': {'enabled': False}, 'client_cluster': {'enabled': False}, 'message_compressor': {'enabled': True}, 'model_co-versioning_registry': {'enabled': False}, 'multi-task_model_trainer': {'enabled': False}, 'heterogeneous_data_handler': {'enabled': False}, 'client_registry': {'enabled': True, 'params': {}}}
round 7, 5 high, 5 low, 0.0-iid clients, predicted best policy: message_compressor activated ✅
Local parameters compressed: reduced 5180 bytes (7.02%)
Local parameters compressed: reduced 5188 bytes (7.03%)
Local parameters compressed: reduced 5223 bytes (7.08%)
Local parameters compressed: reduced 5186 bytes (7.03%)
Local parameters compressed: reduced 5225 bytes (7.08%)
Local parameters compressed: reduced 5180 bytes (7.02%)
Local parameters compressed: reduced 5184 bytes (7.03%)
Local parameters compressed: reduced 5212 bytes (7.06%)
Local parameters compressed: reduced 5216 bytes (7.07%)
Local parameters compressed: reduced 5212 bytes (7.06%)
Results Aggregated in 10.03 seconds.
{'TextMLP': {'train_loss': [0.38268132218281425, 0.29773577007333435, 0.2736971839090188, 0.26394963738838834, 0.2545284282596906, 0.24854337799052398, 0.24307410257061324], 'train_accuracy': [0.85898, 0.8901625, 0.8981291666666666, 0.9003591666666667, 0.9036358333333333, 0.9055975, 0.9078466666666667], 'train_f1': [0.7757208410410493, 0.8408027187509066, 0.8562643017945037, 0.8584168756548337, 0.864574409094555, 0.8677935721349648, 0.8701612117882376], 'train_mae': [0.20301166666666667, 0.16567166666666666, 0.15502916666666666, 0.151445, 0.1478575, 0.14575, 0.14215916666666667], 'val_loss': [3.2816401859584605, 4.175458279559487, 5.374234817103336, 5.787242908979717, 5.833578301580329, 5.805204943305568, 5.752246149866204], 'val_accuracy': [0.5581052631578948, 0.6153421052631579, 0.636, 0.6308684210526316, 0.6381052631578947, 0.6387631578947368, 0.6369605263157895], 'val_f1': [0.48068289789437285, 0.5332567031206943, 0.5506385509281775, 0.5464556428279769, 0.5533073396536424, 0.5542921819122074, 0.5526030555796494], 'val_mae': [0.767671052631579, 0.66625, 0.6264210526315789, 0.6459078947368422, 0.6214868421052632, 0.6190394736842105, 0.6300789473684211], 'jsd': [(0, 0, 0, 0, 0, 0, 0, 0, 0, 0), (0, 0, 0, 0, 0, 0, 0, 0, 0, 0), (0, 0, 0, 0, 0, 0, 0, 0, 0, 0), (0, 0, 0, 0, 0, 0, 0, 0, 0, 0), (0, 0, 0, 0, 0, 0, 0, 0, 0, 0), (0, 0, 0, 0, 0, 0, 0, 0, 0, 0), (0, 0, 0, 0, 0, 0, 0, 0, 0, 0)]}}
AdaptationManager: Configuring next round...
{'client_registry': {'enabled': True, 'params': {}}, 'client_selector': {'enabled': False, 'params': {}}, 'client_cluster': {'enabled': False, 'params': {}}, 'message_compressor': {'enabled': True, 'params': {}}, 'model_co-versioning_registry': {'enabled': False, 'params': {}}, 'multi-task_model_trainer': {'enabled': False, 'params': {}}, 'heterogeneous_data_handler': {'enabled': False, 'params': {}}}
{'client_selector': {'enabled': False}, 'client_cluster': {'enabled': False}, 'message_compressor': {'enabled': True}, 'model_co-versioning_registry': {'enabled': False}, 'multi-task_model_trainer': {'enabled': False}, 'heterogeneous_data_handler': {'enabled': False}, 'client_registry': {'enabled': True, 'params': {}}}
round 8, 5 high, 5 low, 0.0-iid clients, predicted best policy: message_compressor activated ✅
Local parameters compressed: reduced 5171 bytes (7.01%)
Local parameters compressed: reduced 5134 bytes (6.96%)
Local parameters compressed: reduced 5148 bytes (6.98%)
Local parameters compressed: reduced 5177 bytes (7.02%)
Local parameters compressed: reduced 5217 bytes (7.07%)
Local parameters compressed: reduced 5163 bytes (7.00%)
Local parameters compressed: reduced 5140 bytes (6.97%)
Local parameters compressed: reduced 5174 bytes (7.01%)
Local parameters compressed: reduced 5176 bytes (7.01%)
Local parameters compressed: reduced 5178 bytes (7.02%)
Results Aggregated in 10.26 seconds.
{'TextMLP': {'train_loss': [0.38268132218281425, 0.29773577007333435, 0.2736971839090188, 0.26394963738838834, 0.2545284282596906, 0.24854337799052398, 0.24307410257061324, 0.23969694815397263], 'train_accuracy': [0.85898, 0.8901625, 0.8981291666666666, 0.9003591666666667, 0.9036358333333333, 0.9055975, 0.9078466666666667, 0.9090775], 'train_f1': [0.7757208410410493, 0.8408027187509066, 0.8562643017945037, 0.8584168756548337, 0.864574409094555, 0.8677935721349648, 0.8701612117882376, 0.8721488391823354], 'train_mae': [0.20301166666666667, 0.16567166666666666, 0.15502916666666666, 0.151445, 0.1478575, 0.14575, 0.14215916666666667, 0.139315], 'val_loss': [3.2816401859584605, 4.175458279559487, 5.374234817103336, 5.787242908979717, 5.833578301580329, 5.805204943305568, 5.752246149866204, 5.604236238178454], 'val_accuracy': [0.5581052631578948, 0.6153421052631579, 0.636, 0.6308684210526316, 0.6381052631578947, 0.6387631578947368, 0.6369605263157895, 0.6398157894736842], 'val_f1': [0.48068289789437285, 0.5332567031206943, 0.5506385509281775, 0.5464556428279769, 0.5533073396536424, 0.5542921819122074, 0.5526030555796494, 0.5545409285595052], 'val_mae': [0.767671052631579, 0.66625, 0.6264210526315789, 0.6459078947368422, 0.6214868421052632, 0.6190394736842105, 0.6300789473684211, 0.6235], 'jsd': [(0, 0, 0, 0, 0, 0, 0, 0, 0, 0), (0, 0, 0, 0, 0, 0, 0, 0, 0, 0), (0, 0, 0, 0, 0, 0, 0, 0, 0, 0), (0, 0, 0, 0, 0, 0, 0, 0, 0, 0), (0, 0, 0, 0, 0, 0, 0, 0, 0, 0), (0, 0, 0, 0, 0, 0, 0, 0, 0, 0), (0, 0, 0, 0, 0, 0, 0, 0, 0, 0), (0, 0, 0, 0, 0, 0, 0, 0, 0, 0)]}}
AdaptationManager: Configuring next round...
{'client_registry': {'enabled': True, 'params': {}}, 'client_selector': {'enabled': False, 'params': {}}, 'client_cluster': {'enabled': False, 'params': {}}, 'message_compressor': {'enabled': True, 'params': {}}, 'model_co-versioning_registry': {'enabled': False, 'params': {}}, 'multi-task_model_trainer': {'enabled': False, 'params': {}}, 'heterogeneous_data_handler': {'enabled': False, 'params': {}}}
{'client_selector': {'enabled': False}, 'client_cluster': {'enabled': False}, 'message_compressor': {'enabled': True}, 'model_co-versioning_registry': {'enabled': False}, 'multi-task_model_trainer': {'enabled': False}, 'heterogeneous_data_handler': {'enabled': False}, 'client_registry': {'enabled': True, 'params': {}}}
round 9, 5 high, 5 low, 0.0-iid clients, predicted best policy: message_compressor activated ✅
Local parameters compressed: reduced 5197 bytes (7.04%)
Local parameters compressed: reduced 5176 bytes (7.01%)
Local parameters compressed: reduced 5184 bytes (7.03%)
Local parameters compressed: reduced 5150 bytes (6.98%)
Local parameters compressed: reduced 5167 bytes (7.00%)
Local parameters compressed: reduced 5188 bytes (7.03%)
Local parameters compressed: reduced 5159 bytes (6.99%)
Local parameters compressed: reduced 5186 bytes (7.03%)
Local parameters compressed: reduced 5159 bytes (6.99%)
Local parameters compressed: reduced 5127 bytes (6.95%)
Results Aggregated in 10.08 seconds.
{'TextMLP': {'train_loss': [0.38268132218281425, 0.29773577007333435, 0.2736971839090188, 0.26394963738838834, 0.2545284282596906, 0.24854337799052398, 0.24307410257061324, 0.23969694815397263, 0.2354907036135594], 'train_accuracy': [0.85898, 0.8901625, 0.8981291666666666, 0.9003591666666667, 0.9036358333333333, 0.9055975, 0.9078466666666667, 0.9090775, 0.9112266666666666], 'train_f1': [0.7757208410410493, 0.8408027187509066, 0.8562643017945037, 0.8584168756548337, 0.864574409094555, 0.8677935721349648, 0.8701612117882376, 0.8721488391823354, 0.8750220593713659], 'train_mae': [0.20301166666666667, 0.16567166666666666, 0.15502916666666666, 0.151445, 0.1478575, 0.14575, 0.14215916666666667, 0.139315, 0.1369975], 'val_loss': [3.2816401859584605, 4.175458279559487, 5.374234817103336, 5.787242908979717, 5.833578301580329, 5.805204943305568, 5.752246149866204, 5.604236238178454, 5.548465724342748], 'val_accuracy': [0.5581052631578948, 0.6153421052631579, 0.636, 0.6308684210526316, 0.6381052631578947, 0.6387631578947368, 0.6369605263157895, 0.6398157894736842, 0.638921052631579], 'val_f1': [0.48068289789437285, 0.5332567031206943, 0.5506385509281775, 0.5464556428279769, 0.5533073396536424, 0.5542921819122074, 0.5526030555796494, 0.5545409285595052, 0.5544944134518981], 'val_mae': [0.767671052631579, 0.66625, 0.6264210526315789, 0.6459078947368422, 0.6214868421052632, 0.6190394736842105, 0.6300789473684211, 0.6235, 0.6183684210526316], 'jsd': [(0, 0, 0, 0, 0, 0, 0, 0, 0, 0), (0, 0, 0, 0, 0, 0, 0, 0, 0, 0), (0, 0, 0, 0, 0, 0, 0, 0, 0, 0), (0, 0, 0, 0, 0, 0, 0, 0, 0, 0), (0, 0, 0, 0, 0, 0, 0, 0, 0, 0), (0, 0, 0, 0, 0, 0, 0, 0, 0, 0), (0, 0, 0, 0, 0, 0, 0, 0, 0, 0), (0, 0, 0, 0, 0, 0, 0, 0, 0, 0), (0, 0, 0, 0, 0, 0, 0, 0, 0, 0)]}}
AdaptationManager: Configuring next round...
{'client_registry': {'enabled': True, 'params': {}}, 'client_selector': {'enabled': False, 'params': {}}, 'client_cluster': {'enabled': False, 'params': {}}, 'message_compressor': {'enabled': True, 'params': {}}, 'model_co-versioning_registry': {'enabled': False, 'params': {}}, 'multi-task_model_trainer': {'enabled': False, 'params': {}}, 'heterogeneous_data_handler': {'enabled': False, 'params': {}}}
{'client_selector': {'enabled': False}, 'client_cluster': {'enabled': False}, 'message_compressor': {'enabled': True}, 'model_co-versioning_registry': {'enabled': False}, 'multi-task_model_trainer': {'enabled': False}, 'heterogeneous_data_handler': {'enabled': False}, 'client_registry': {'enabled': True, 'params': {}}}
round 10, 5 high, 5 low, 0.0-iid clients, predicted best policy: message_compressor activated ✅
Local parameters compressed: reduced 5164 bytes (7.00%)
Local parameters compressed: reduced 5176 bytes (7.01%)
Local parameters compressed: reduced 5202 bytes (7.05%)
Local parameters compressed: reduced 5132 bytes (6.96%)
Local parameters compressed: reduced 5169 bytes (7.01%)
Local parameters compressed: reduced 5171 bytes (7.01%)
Local parameters compressed: reduced 5177 bytes (7.02%)
Local parameters compressed: reduced 5181 bytes (7.02%)
Local parameters compressed: reduced 5176 bytes (7.01%)
Local parameters compressed: reduced 5164 bytes (7.00%)
Results Aggregated in 10.56 seconds.
{'TextMLP': {'train_loss': [0.38268132218281425, 0.29773577007333435, 0.2736971839090188, 0.26394963738838834, 0.2545284282596906, 0.24854337799052398, 0.24307410257061324, 0.23969694815397263, 0.2354907036135594, 0.23299944700181485], 'train_accuracy': [0.85898, 0.8901625, 0.8981291666666666, 0.9003591666666667, 0.9036358333333333, 0.9055975, 0.9078466666666667, 0.9090775, 0.9112266666666666, 0.9119983333333334], 'train_f1': [0.7757208410410493, 0.8408027187509066, 0.8562643017945037, 0.8584168756548337, 0.864574409094555, 0.8677935721349648, 0.8701612117882376, 0.8721488391823354, 0.8750220593713659, 0.8770921884661715], 'train_mae': [0.20301166666666667, 0.16567166666666666, 0.15502916666666666, 0.151445, 0.1478575, 0.14575, 0.14215916666666667, 0.139315, 0.1369975, 0.13471416666666666], 'val_loss': [3.2816401859584605, 4.175458279559487, 5.374234817103336, 5.787242908979717, 5.833578301580329, 5.805204943305568, 5.752246149866204, 5.604236238178454, 5.548465724342748, 5.641596237082231], 'val_accuracy': [0.5581052631578948, 0.6153421052631579, 0.636, 0.6308684210526316, 0.6381052631578947, 0.6387631578947368, 0.6369605263157895, 0.6398157894736842, 0.638921052631579, 0.6451842105263158], 'val_f1': [0.48068289789437285, 0.5332567031206943, 0.5506385509281775, 0.5464556428279769, 0.5533073396536424, 0.5542921819122074, 0.5526030555796494, 0.5545409285595052, 0.5544944134518981, 0.5590887843384745], 'val_mae': [0.767671052631579, 0.66625, 0.6264210526315789, 0.6459078947368422, 0.6214868421052632, 0.6190394736842105, 0.6300789473684211, 0.6235, 0.6183684210526316, 0.6041447368421052], 'jsd': [(0, 0, 0, 0, 0, 0, 0, 0, 0, 0), (0, 0, 0, 0, 0, 0, 0, 0, 0, 0), (0, 0, 0, 0, 0, 0, 0, 0, 0, 0), (0, 0, 0, 0, 0, 0, 0, 0, 0, 0), (0, 0, 0, 0, 0, 0, 0, 0, 0, 0), (0, 0, 0, 0, 0, 0, 0, 0, 0, 0), (0, 0, 0, 0, 0, 0, 0, 0, 0, 0), (0, 0, 0, 0, 0, 0, 0, 0, 0, 0), (0, 0, 0, 0, 0, 0, 0, 0, 0, 0), (0, 0, 0, 0, 0, 0, 0, 0, 0, 0)]}}
AdaptationManager: Configuring next round...
{'client_registry': {'enabled': True, 'params': {}}, 'client_selector': {'enabled': False, 'params': {}}, 'client_cluster': {'enabled': False, 'params': {}}, 'message_compressor': {'enabled': True, 'params': {}}, 'model_co-versioning_registry': {'enabled': False, 'params': {}}, 'multi-task_model_trainer': {'enabled': False, 'params': {}}, 'heterogeneous_data_handler': {'enabled': False, 'params': {}}}
{'client_selector': {'enabled': False}, 'client_cluster': {'enabled': False}, 'message_compressor': {'enabled': True}, 'model_co-versioning_registry': {'enabled': False}, 'multi-task_model_trainer': {'enabled': False}, 'heterogeneous_data_handler': {'enabled': False}, 'client_registry': {'enabled': True, 'params': {}}}
round 11, 5 high, 5 low, 0.0-iid clients, predicted best policy: message_compressor activated ✅
Local parameters compressed: reduced 5161 bytes (6.99%)
Local parameters compressed: reduced 5210 bytes (7.06%)
Local parameters compressed: reduced 5187 bytes (7.03%)
Local parameters compressed: reduced 5201 bytes (7.05%)
Local parameters compressed: reduced 5177 bytes (7.02%)
Local parameters compressed: reduced 5159 bytes (6.99%)
Local parameters compressed: reduced 5181 bytes (7.02%)
Local parameters compressed: reduced 5187 bytes (7.03%)
Local parameters compressed: reduced 5118 bytes (6.94%)
Local parameters compressed: reduced 5168 bytes (7.00%)
Results Aggregated in 10.60 seconds.
{'TextMLP': {'train_loss': [0.38268132218281425, 0.29773577007333435, 0.2736971839090188, 0.26394963738838834, 0.2545284282596906, 0.24854337799052398, 0.24307410257061324, 0.23969694815397263, 0.2354907036135594, 0.23299944700181485, 0.2327310100988547], 'train_accuracy': [0.85898, 0.8901625, 0.8981291666666666, 0.9003591666666667, 0.9036358333333333, 0.9055975, 0.9078466666666667, 0.9090775, 0.9112266666666666, 0.9119983333333334, 0.911985], 'train_f1': [0.7757208410410493, 0.8408027187509066, 0.8562643017945037, 0.8584168756548337, 0.864574409094555, 0.8677935721349648, 0.8701612117882376, 0.8721488391823354, 0.8750220593713659, 0.8770921884661715, 0.8766376791215733], 'train_mae': [0.20301166666666667, 0.16567166666666666, 0.15502916666666666, 0.151445, 0.1478575, 0.14575, 0.14215916666666667, 0.139315, 0.1369975, 0.13471416666666666, 0.13547333333333333], 'val_loss': [3.2816401859584605, 4.175458279559487, 5.374234817103336, 5.787242908979717, 5.833578301580329, 5.805204943305568, 5.752246149866204, 5.604236238178454, 5.548465724342748, 5.641596237082231, 5.6908286974053635], 'val_accuracy': [0.5581052631578948, 0.6153421052631579, 0.636, 0.6308684210526316, 0.6381052631578947, 0.6387631578947368, 0.6369605263157895, 0.6398157894736842, 0.638921052631579, 0.6451842105263158, 0.6428815789473684], 'val_f1': [0.48068289789437285, 0.5332567031206943, 0.5506385509281775, 0.5464556428279769, 0.5533073396536424, 0.5542921819122074, 0.5526030555796494, 0.5545409285595052, 0.5544944134518981, 0.5590887843384745, 0.5575200512439346], 'val_mae': [0.767671052631579, 0.66625, 0.6264210526315789, 0.6459078947368422, 0.6214868421052632, 0.6190394736842105, 0.6300789473684211, 0.6235, 0.6183684210526316, 0.6041447368421052, 0.616421052631579], 'jsd': [(0, 0, 0, 0, 0, 0, 0, 0, 0, 0), (0, 0, 0, 0, 0, 0, 0, 0, 0, 0), (0, 0, 0, 0, 0, 0, 0, 0, 0, 0), (0, 0, 0, 0, 0, 0, 0, 0, 0, 0), (0, 0, 0, 0, 0, 0, 0, 0, 0, 0), (0, 0, 0, 0, 0, 0, 0, 0, 0, 0), (0, 0, 0, 0, 0, 0, 0, 0, 0, 0), (0, 0, 0, 0, 0, 0, 0, 0, 0, 0), (0, 0, 0, 0, 0, 0, 0, 0, 0, 0), (0, 0, 0, 0, 0, 0, 0, 0, 0, 0), (0, 0, 0, 0, 0, 0, 0, 0, 0, 0)]}}
AdaptationManager: Configuring next round...
{'client_registry': {'enabled': True, 'params': {}}, 'client_selector': {'enabled': False, 'params': {}}, 'client_cluster': {'enabled': False, 'params': {}}, 'message_compressor': {'enabled': True, 'params': {}}, 'model_co-versioning_registry': {'enabled': False, 'params': {}}, 'multi-task_model_trainer': {'enabled': False, 'params': {}}, 'heterogeneous_data_handler': {'enabled': False, 'params': {}}}
{'client_selector': {'enabled': False}, 'client_cluster': {'enabled': False}, 'message_compressor': {'enabled': True}, 'model_co-versioning_registry': {'enabled': False}, 'multi-task_model_trainer': {'enabled': False}, 'heterogeneous_data_handler': {'enabled': False}, 'client_registry': {'enabled': True, 'params': {}}}
round 12, 5 high, 5 low, 0.0-iid clients, predicted best policy: message_compressor activated ✅
Local parameters compressed: reduced 5156 bytes (6.99%)
Local parameters compressed: reduced 5135 bytes (6.96%)
Local parameters compressed: reduced 5155 bytes (6.99%)
Local parameters compressed: reduced 5138 bytes (6.96%)
Local parameters compressed: reduced 5135 bytes (6.96%)
Local parameters compressed: reduced 5178 bytes (7.02%)
Local parameters compressed: reduced 5123 bytes (6.94%)
Local parameters compressed: reduced 5144 bytes (6.97%)
Local parameters compressed: reduced 5150 bytes (6.98%)
Local parameters compressed: reduced 5170 bytes (7.01%)
Results Aggregated in 11.05 seconds.
{'TextMLP': {'train_loss': [0.38268132218281425, 0.29773577007333435, 0.2736971839090188, 0.26394963738838834, 0.2545284282596906, 0.24854337799052398, 0.24307410257061324, 0.23969694815397263, 0.2354907036135594, 0.23299944700181485, 0.2327310100988547, 0.2317246241825819], 'train_accuracy': [0.85898, 0.8901625, 0.8981291666666666, 0.9003591666666667, 0.9036358333333333, 0.9055975, 0.9078466666666667, 0.9090775, 0.9112266666666666, 0.9119983333333334, 0.911985, 0.9126991666666666], 'train_f1': [0.7757208410410493, 0.8408027187509066, 0.8562643017945037, 0.8584168756548337, 0.864574409094555, 0.8677935721349648, 0.8701612117882376, 0.8721488391823354, 0.8750220593713659, 0.8770921884661715, 0.8766376791215733, 0.8772587431464276], 'train_mae': [0.20301166666666667, 0.16567166666666666, 0.15502916666666666, 0.151445, 0.1478575, 0.14575, 0.14215916666666667, 0.139315, 0.1369975, 0.13471416666666666, 0.13547333333333333, 0.1343275], 'val_loss': [3.2816401859584605, 4.175458279559487, 5.374234817103336, 5.787242908979717, 5.833578301580329, 5.805204943305568, 5.752246149866204, 5.604236238178454, 5.548465724342748, 5.641596237082231, 5.6908286974053635, 5.869942703648617], 'val_accuracy': [0.5581052631578948, 0.6153421052631579, 0.636, 0.6308684210526316, 0.6381052631578947, 0.6387631578947368, 0.6369605263157895, 0.6398157894736842, 0.638921052631579, 0.6451842105263158, 0.6428815789473684, 0.6420921052631579], 'val_f1': [0.48068289789437285, 0.5332567031206943, 0.5506385509281775, 0.5464556428279769, 0.5533073396536424, 0.5542921819122074, 0.5526030555796494, 0.5545409285595052, 0.5544944134518981, 0.5590887843384745, 0.5575200512439346, 0.5571316696413352], 'val_mae': [0.767671052631579, 0.66625, 0.6264210526315789, 0.6459078947368422, 0.6214868421052632, 0.6190394736842105, 0.6300789473684211, 0.6235, 0.6183684210526316, 0.6041447368421052, 0.616421052631579, 0.6077105263157895], 'jsd': [(0, 0, 0, 0, 0, 0, 0, 0, 0, 0), (0, 0, 0, 0, 0, 0, 0, 0, 0, 0), (0, 0, 0, 0, 0, 0, 0, 0, 0, 0), (0, 0, 0, 0, 0, 0, 0, 0, 0, 0), (0, 0, 0, 0, 0, 0, 0, 0, 0, 0), (0, 0, 0, 0, 0, 0, 0, 0, 0, 0), (0, 0, 0, 0, 0, 0, 0, 0, 0, 0), (0, 0, 0, 0, 0, 0, 0, 0, 0, 0), (0, 0, 0, 0, 0, 0, 0, 0, 0, 0), (0, 0, 0, 0, 0, 0, 0, 0, 0, 0), (0, 0, 0, 0, 0, 0, 0, 0, 0, 0), (0, 0, 0, 0, 0, 0, 0, 0, 0, 0)]}}
AdaptationManager: Configuring next round...
{'client_registry': {'enabled': True, 'params': {}}, 'client_selector': {'enabled': False, 'params': {}}, 'client_cluster': {'enabled': False, 'params': {}}, 'message_compressor': {'enabled': True, 'params': {}}, 'model_co-versioning_registry': {'enabled': False, 'params': {}}, 'multi-task_model_trainer': {'enabled': False, 'params': {}}, 'heterogeneous_data_handler': {'enabled': False, 'params': {}}}
{'client_selector': {'enabled': False}, 'client_cluster': {'enabled': False}, 'message_compressor': {'enabled': True}, 'model_co-versioning_registry': {'enabled': False}, 'multi-task_model_trainer': {'enabled': False}, 'heterogeneous_data_handler': {'enabled': False}, 'client_registry': {'enabled': True, 'params': {}}}
round 13, 5 high, 5 low, 0.0-iid clients, predicted best policy: message_compressor activated ✅
Local parameters compressed: reduced 5172 bytes (7.01%)
Local parameters compressed: reduced 5133 bytes (6.96%)
Local parameters compressed: reduced 5129 bytes (6.95%)
Local parameters compressed: reduced 5137 bytes (6.96%)
Local parameters compressed: reduced 5125 bytes (6.95%)
Local parameters compressed: reduced 5122 bytes (6.94%)
Local parameters compressed: reduced 5127 bytes (6.95%)
Local parameters compressed: reduced 5084 bytes (6.89%)
Local parameters compressed: reduced 5133 bytes (6.96%)
Local parameters compressed: reduced 5139 bytes (6.96%)
Results Aggregated in 10.09 seconds.
{'TextMLP': {'train_loss': [0.38268132218281425, 0.29773577007333435, 0.2736971839090188, 0.26394963738838834, 0.2545284282596906, 0.24854337799052398, 0.24307410257061324, 0.23969694815397263, 0.2354907036135594, 0.23299944700181485, 0.2327310100988547, 0.2317246241825819, 0.2269445701976617], 'train_accuracy': [0.85898, 0.8901625, 0.8981291666666666, 0.9003591666666667, 0.9036358333333333, 0.9055975, 0.9078466666666667, 0.9090775, 0.9112266666666666, 0.9119983333333334, 0.911985, 0.9126991666666666, 0.9145875], 'train_f1': [0.7757208410410493, 0.8408027187509066, 0.8562643017945037, 0.8584168756548337, 0.864574409094555, 0.8677935721349648, 0.8701612117882376, 0.8721488391823354, 0.8750220593713659, 0.8770921884661715, 0.8766376791215733, 0.8772587431464276, 0.8806243456354315], 'train_mae': [0.20301166666666667, 0.16567166666666666, 0.15502916666666666, 0.151445, 0.1478575, 0.14575, 0.14215916666666667, 0.139315, 0.1369975, 0.13471416666666666, 0.13547333333333333, 0.1343275, 0.131005], 'val_loss': [3.2816401859584605, 4.175458279559487, 5.374234817103336, 5.787242908979717, 5.833578301580329, 5.805204943305568, 5.752246149866204, 5.604236238178454, 5.548465724342748, 5.641596237082231, 5.6908286974053635, 5.869942703648617, 5.81817956161499], 'val_accuracy': [0.5581052631578948, 0.6153421052631579, 0.636, 0.6308684210526316, 0.6381052631578947, 0.6387631578947368, 0.6369605263157895, 0.6398157894736842, 0.638921052631579, 0.6451842105263158, 0.6428815789473684, 0.6420921052631579, 0.6487368421052632], 'val_f1': [0.48068289789437285, 0.5332567031206943, 0.5506385509281775, 0.5464556428279769, 0.5533073396536424, 0.5542921819122074, 0.5526030555796494, 0.5545409285595052, 0.5544944134518981, 0.5590887843384745, 0.5575200512439346, 0.5571316696413352, 0.5618704782124841], 'val_mae': [0.767671052631579, 0.66625, 0.6264210526315789, 0.6459078947368422, 0.6214868421052632, 0.6190394736842105, 0.6300789473684211, 0.6235, 0.6183684210526316, 0.6041447368421052, 0.616421052631579, 0.6077105263157895, 0.6049736842105263], 'jsd': [(0, 0, 0, 0, 0, 0, 0, 0, 0, 0), (0, 0, 0, 0, 0, 0, 0, 0, 0, 0), (0, 0, 0, 0, 0, 0, 0, 0, 0, 0), (0, 0, 0, 0, 0, 0, 0, 0, 0, 0), (0, 0, 0, 0, 0, 0, 0, 0, 0, 0), (0, 0, 0, 0, 0, 0, 0, 0, 0, 0), (0, 0, 0, 0, 0, 0, 0, 0, 0, 0), (0, 0, 0, 0, 0, 0, 0, 0, 0, 0), (0, 0, 0, 0, 0, 0, 0, 0, 0, 0), (0, 0, 0, 0, 0, 0, 0, 0, 0, 0), (0, 0, 0, 0, 0, 0, 0, 0, 0, 0), (0, 0, 0, 0, 0, 0, 0, 0, 0, 0), (0, 0, 0, 0, 0, 0, 0, 0, 0, 0)]}}
AdaptationManager: Configuring next round...
{'client_registry': {'enabled': True, 'params': {}}, 'client_selector': {'enabled': False, 'params': {}}, 'client_cluster': {'enabled': False, 'params': {}}, 'message_compressor': {'enabled': True, 'params': {}}, 'model_co-versioning_registry': {'enabled': False, 'params': {}}, 'multi-task_model_trainer': {'enabled': False, 'params': {}}, 'heterogeneous_data_handler': {'enabled': False, 'params': {}}}
{'client_selector': {'enabled': False}, 'client_cluster': {'enabled': False}, 'message_compressor': {'enabled': True}, 'model_co-versioning_registry': {'enabled': False}, 'multi-task_model_trainer': {'enabled': False}, 'heterogeneous_data_handler': {'enabled': False}, 'client_registry': {'enabled': True, 'params': {}}}
round 14, 5 high, 5 low, 0.0-iid clients, predicted best policy: message_compressor activated ✅
Local parameters compressed: reduced 5139 bytes (6.96%)
Local parameters compressed: reduced 5132 bytes (6.96%)
Local parameters compressed: reduced 5127 bytes (6.95%)
Local parameters compressed: reduced 5131 bytes (6.95%)
Local parameters compressed: reduced 5150 bytes (6.98%)
Local parameters compressed: reduced 5126 bytes (6.95%)
Local parameters compressed: reduced 5161 bytes (6.99%)
Local parameters compressed: reduced 5155 bytes (6.99%)
Local parameters compressed: reduced 5135 bytes (6.96%)
Local parameters compressed: reduced 5127 bytes (6.95%)
Results Aggregated in 10.42 seconds.
{'TextMLP': {'train_loss': [0.38268132218281425, 0.29773577007333435, 0.2736971839090188, 0.26394963738838834, 0.2545284282596906, 0.24854337799052398, 0.24307410257061324, 0.23969694815397263, 0.2354907036135594, 0.23299944700181485, 0.2327310100988547, 0.2317246241825819, 0.2269445701976617, 0.22434972606321177], 'train_accuracy': [0.85898, 0.8901625, 0.8981291666666666, 0.9003591666666667, 0.9036358333333333, 0.9055975, 0.9078466666666667, 0.9090775, 0.9112266666666666, 0.9119983333333334, 0.911985, 0.9126991666666666, 0.9145875, 0.9158175], 'train_f1': [0.7757208410410493, 0.8408027187509066, 0.8562643017945037, 0.8584168756548337, 0.864574409094555, 0.8677935721349648, 0.8701612117882376, 0.8721488391823354, 0.8750220593713659, 0.8770921884661715, 0.8766376791215733, 0.8772587431464276, 0.8806243456354315, 0.8818594486940107], 'train_mae': [0.20301166666666667, 0.16567166666666666, 0.15502916666666666, 0.151445, 0.1478575, 0.14575, 0.14215916666666667, 0.139315, 0.1369975, 0.13471416666666666, 0.13547333333333333, 0.1343275, 0.131005, 0.12919916666666667], 'val_loss': [3.2816401859584605, 4.175458279559487, 5.374234817103336, 5.787242908979717, 5.833578301580329, 5.805204943305568, 5.752246149866204, 5.604236238178454, 5.548465724342748, 5.641596237082231, 5.6908286974053635, 5.869942703648617, 5.81817956161499, 5.986147730777138], 'val_accuracy': [0.5581052631578948, 0.6153421052631579, 0.636, 0.6308684210526316, 0.6381052631578947, 0.6387631578947368, 0.6369605263157895, 0.6398157894736842, 0.638921052631579, 0.6451842105263158, 0.6428815789473684, 0.6420921052631579, 0.6487368421052632, 0.6464473684210527], 'val_f1': [0.48068289789437285, 0.5332567031206943, 0.5506385509281775, 0.5464556428279769, 0.5533073396536424, 0.5542921819122074, 0.5526030555796494, 0.5545409285595052, 0.5544944134518981, 0.5590887843384745, 0.5575200512439346, 0.5571316696413352, 0.5618704782124841, 0.5600836881080777], 'val_mae': [0.767671052631579, 0.66625, 0.6264210526315789, 0.6459078947368422, 0.6214868421052632, 0.6190394736842105, 0.6300789473684211, 0.6235, 0.6183684210526316, 0.6041447368421052, 0.616421052631579, 0.6077105263157895, 0.6049736842105263, 0.6117236842105264], 'jsd': [(0, 0, 0, 0, 0, 0, 0, 0, 0, 0), (0, 0, 0, 0, 0, 0, 0, 0, 0, 0), (0, 0, 0, 0, 0, 0, 0, 0, 0, 0), (0, 0, 0, 0, 0, 0, 0, 0, 0, 0), (0, 0, 0, 0, 0, 0, 0, 0, 0, 0), (0, 0, 0, 0, 0, 0, 0, 0, 0, 0), (0, 0, 0, 0, 0, 0, 0, 0, 0, 0), (0, 0, 0, 0, 0, 0, 0, 0, 0, 0), (0, 0, 0, 0, 0, 0, 0, 0, 0, 0), (0, 0, 0, 0, 0, 0, 0, 0, 0, 0), (0, 0, 0, 0, 0, 0, 0, 0, 0, 0), (0, 0, 0, 0, 0, 0, 0, 0, 0, 0), (0, 0, 0, 0, 0, 0, 0, 0, 0, 0), (0, 0, 0, 0, 0, 0, 0, 0, 0, 0)]}}
AdaptationManager: Configuring next round...
{'client_registry': {'enabled': True, 'params': {}}, 'client_selector': {'enabled': False, 'params': {}}, 'client_cluster': {'enabled': False, 'params': {}}, 'message_compressor': {'enabled': True, 'params': {}}, 'model_co-versioning_registry': {'enabled': False, 'params': {}}, 'multi-task_model_trainer': {'enabled': False, 'params': {}}, 'heterogeneous_data_handler': {'enabled': False, 'params': {}}}
{'client_selector': {'enabled': False}, 'client_cluster': {'enabled': False}, 'message_compressor': {'enabled': True}, 'model_co-versioning_registry': {'enabled': False}, 'multi-task_model_trainer': {'enabled': False}, 'heterogeneous_data_handler': {'enabled': False}, 'client_registry': {'enabled': True, 'params': {}}}
round 15, 5 high, 5 low, 0.0-iid clients, predicted best policy: message_compressor activated ✅
Local parameters compressed: reduced 5109 bytes (6.92%)
Local parameters compressed: reduced 5108 bytes (6.92%)
Local parameters compressed: reduced 5155 bytes (6.99%)
Local parameters compressed: reduced 5149 bytes (6.98%)
Local parameters compressed: reduced 5120 bytes (6.94%)
Local parameters compressed: reduced 5120 bytes (6.94%)
Local parameters compressed: reduced 5081 bytes (6.89%)
Local parameters compressed: reduced 5133 bytes (6.96%)
Local parameters compressed: reduced 5141 bytes (6.97%)
Local parameters compressed: reduced 5079 bytes (6.88%)
Results Aggregated in 10.20 seconds.
{'TextMLP': {'train_loss': [0.38268132218281425, 0.29773577007333435, 0.2736971839090188, 0.26394963738838834, 0.2545284282596906, 0.24854337799052398, 0.24307410257061324, 0.23969694815397263, 0.2354907036135594, 0.23299944700181485, 0.2327310100988547, 0.2317246241825819, 0.2269445701976617, 0.22434972606321177, 0.2222721628210942], 'train_accuracy': [0.85898, 0.8901625, 0.8981291666666666, 0.9003591666666667, 0.9036358333333333, 0.9055975, 0.9078466666666667, 0.9090775, 0.9112266666666666, 0.9119983333333334, 0.911985, 0.9126991666666666, 0.9145875, 0.9158175, 0.9171075], 'train_f1': [0.7757208410410493, 0.8408027187509066, 0.8562643017945037, 0.8584168756548337, 0.864574409094555, 0.8677935721349648, 0.8701612117882376, 0.8721488391823354, 0.8750220593713659, 0.8770921884661715, 0.8766376791215733, 0.8772587431464276, 0.8806243456354315, 0.8818594486940107, 0.8830693731883149], 'train_mae': [0.20301166666666667, 0.16567166666666666, 0.15502916666666666, 0.151445, 0.1478575, 0.14575, 0.14215916666666667, 0.139315, 0.1369975, 0.13471416666666666, 0.13547333333333333, 0.1343275, 0.131005, 0.12919916666666667, 0.12775916666666667], 'val_loss': [3.2816401859584605, 4.175458279559487, 5.374234817103336, 5.787242908979717, 5.833578301580329, 5.805204943305568, 5.752246149866204, 5.604236238178454, 5.548465724342748, 5.641596237082231, 5.6908286974053635, 5.869942703648617, 5.81817956161499, 5.986147730777138, 6.007180187024568], 'val_accuracy': [0.5581052631578948, 0.6153421052631579, 0.636, 0.6308684210526316, 0.6381052631578947, 0.6387631578947368, 0.6369605263157895, 0.6398157894736842, 0.638921052631579, 0.6451842105263158, 0.6428815789473684, 0.6420921052631579, 0.6487368421052632, 0.6464473684210527, 0.6448157894736842], 'val_f1': [0.48068289789437285, 0.5332567031206943, 0.5506385509281775, 0.5464556428279769, 0.5533073396536424, 0.5542921819122074, 0.5526030555796494, 0.5545409285595052, 0.5544944134518981, 0.5590887843384745, 0.5575200512439346, 0.5571316696413352, 0.5618704782124841, 0.5600836881080777, 0.5589915429164101], 'val_mae': [0.767671052631579, 0.66625, 0.6264210526315789, 0.6459078947368422, 0.6214868421052632, 0.6190394736842105, 0.6300789473684211, 0.6235, 0.6183684210526316, 0.6041447368421052, 0.616421052631579, 0.6077105263157895, 0.6049736842105263, 0.6117236842105264, 0.6184605263157895], 'jsd': [(0, 0, 0, 0, 0, 0, 0, 0, 0, 0), (0, 0, 0, 0, 0, 0, 0, 0, 0, 0), (0, 0, 0, 0, 0, 0, 0, 0, 0, 0), (0, 0, 0, 0, 0, 0, 0, 0, 0, 0), (0, 0, 0, 0, 0, 0, 0, 0, 0, 0), (0, 0, 0, 0, 0, 0, 0, 0, 0, 0), (0, 0, 0, 0, 0, 0, 0, 0, 0, 0), (0, 0, 0, 0, 0, 0, 0, 0, 0, 0), (0, 0, 0, 0, 0, 0, 0, 0, 0, 0), (0, 0, 0, 0, 0, 0, 0, 0, 0, 0), (0, 0, 0, 0, 0, 0, 0, 0, 0, 0), (0, 0, 0, 0, 0, 0, 0, 0, 0, 0), (0, 0, 0, 0, 0, 0, 0, 0, 0, 0), (0, 0, 0, 0, 0, 0, 0, 0, 0, 0), (0, 0, 0, 0, 0, 0, 0, 0, 0, 0)]}}
AdaptationManager: Configuring next round...
{'client_registry': {'enabled': True, 'params': {}}, 'client_selector': {'enabled': False, 'params': {}}, 'client_cluster': {'enabled': False, 'params': {}}, 'message_compressor': {'enabled': True, 'params': {}}, 'model_co-versioning_registry': {'enabled': False, 'params': {}}, 'multi-task_model_trainer': {'enabled': False, 'params': {}}, 'heterogeneous_data_handler': {'enabled': False, 'params': {}}}
{'client_selector': {'enabled': False}, 'client_cluster': {'enabled': False}, 'message_compressor': {'enabled': True}, 'model_co-versioning_registry': {'enabled': False}, 'multi-task_model_trainer': {'enabled': False}, 'heterogeneous_data_handler': {'enabled': False}, 'client_registry': {'enabled': True, 'params': {}}}
round 16, 5 high, 5 low, 0.0-iid clients, predicted best policy: message_compressor activated ✅
Local parameters compressed: reduced 5144 bytes (6.97%)
Local parameters compressed: reduced 5142 bytes (6.97%)
Local parameters compressed: reduced 5155 bytes (6.99%)
Local parameters compressed: reduced 5138 bytes (6.96%)
Local parameters compressed: reduced 5117 bytes (6.93%)
Local parameters compressed: reduced 5172 bytes (7.01%)
Local parameters compressed: reduced 5142 bytes (6.97%)
Local parameters compressed: reduced 5155 bytes (6.99%)
Local parameters compressed: reduced 5132 bytes (6.96%)
Local parameters compressed: reduced 5107 bytes (6.92%)
Results Aggregated in 11.17 seconds.
{'TextMLP': {'train_loss': [0.38268132218281425, 0.29773577007333435, 0.2736971839090188, 0.26394963738838834, 0.2545284282596906, 0.24854337799052398, 0.24307410257061324, 0.23969694815397263, 0.2354907036135594, 0.23299944700181485, 0.2327310100988547, 0.2317246241825819, 0.2269445701976617, 0.22434972606321177, 0.2222721628210942, 0.21994741228501002], 'train_accuracy': [0.85898, 0.8901625, 0.8981291666666666, 0.9003591666666667, 0.9036358333333333, 0.9055975, 0.9078466666666667, 0.9090775, 0.9112266666666666, 0.9119983333333334, 0.911985, 0.9126991666666666, 0.9145875, 0.9158175, 0.9171075, 0.9180725], 'train_f1': [0.7757208410410493, 0.8408027187509066, 0.8562643017945037, 0.8584168756548337, 0.864574409094555, 0.8677935721349648, 0.8701612117882376, 0.8721488391823354, 0.8750220593713659, 0.8770921884661715, 0.8766376791215733, 0.8772587431464276, 0.8806243456354315, 0.8818594486940107, 0.8830693731883149, 0.8848289046633738], 'train_mae': [0.20301166666666667, 0.16567166666666666, 0.15502916666666666, 0.151445, 0.1478575, 0.14575, 0.14215916666666667, 0.139315, 0.1369975, 0.13471416666666666, 0.13547333333333333, 0.1343275, 0.131005, 0.12919916666666667, 0.12775916666666667, 0.12689166666666668], 'val_loss': [3.2816401859584605, 4.175458279559487, 5.374234817103336, 5.787242908979717, 5.833578301580329, 5.805204943305568, 5.752246149866204, 5.604236238178454, 5.548465724342748, 5.641596237082231, 5.6908286974053635, 5.869942703648617, 5.81817956161499, 5.986147730777138, 6.007180187024568, 6.088284879784836], 'val_accuracy': [0.5581052631578948, 0.6153421052631579, 0.636, 0.6308684210526316, 0.6381052631578947, 0.6387631578947368, 0.6369605263157895, 0.6398157894736842, 0.638921052631579, 0.6451842105263158, 0.6428815789473684, 0.6420921052631579, 0.6487368421052632, 0.6464473684210527, 0.6448157894736842, 0.6453552631578947], 'val_f1': [0.48068289789437285, 0.5332567031206943, 0.5506385509281775, 0.5464556428279769, 0.5533073396536424, 0.5542921819122074, 0.5526030555796494, 0.5545409285595052, 0.5544944134518981, 0.5590887843384745, 0.5575200512439346, 0.5571316696413352, 0.5618704782124841, 0.5600836881080777, 0.5589915429164101, 0.5597255232942226], 'val_mae': [0.767671052631579, 0.66625, 0.6264210526315789, 0.6459078947368422, 0.6214868421052632, 0.6190394736842105, 0.6300789473684211, 0.6235, 0.6183684210526316, 0.6041447368421052, 0.616421052631579, 0.6077105263157895, 0.6049736842105263, 0.6117236842105264, 0.6184605263157895, 0.6120657894736842], 'jsd': [(0, 0, 0, 0, 0, 0, 0, 0, 0, 0), (0, 0, 0, 0, 0, 0, 0, 0, 0, 0), (0, 0, 0, 0, 0, 0, 0, 0, 0, 0), (0, 0, 0, 0, 0, 0, 0, 0, 0, 0), (0, 0, 0, 0, 0, 0, 0, 0, 0, 0), (0, 0, 0, 0, 0, 0, 0, 0, 0, 0), (0, 0, 0, 0, 0, 0, 0, 0, 0, 0), (0, 0, 0, 0, 0, 0, 0, 0, 0, 0), (0, 0, 0, 0, 0, 0, 0, 0, 0, 0), (0, 0, 0, 0, 0, 0, 0, 0, 0, 0), (0, 0, 0, 0, 0, 0, 0, 0, 0, 0), (0, 0, 0, 0, 0, 0, 0, 0, 0, 0), (0, 0, 0, 0, 0, 0, 0, 0, 0, 0), (0, 0, 0, 0, 0, 0, 0, 0, 0, 0), (0, 0, 0, 0, 0, 0, 0, 0, 0, 0), (0, 0, 0, 0, 0, 0, 0, 0, 0, 0)]}}
AdaptationManager: Configuring next round...
{'client_registry': {'enabled': True, 'params': {}}, 'client_selector': {'enabled': False, 'params': {}}, 'client_cluster': {'enabled': False, 'params': {}}, 'message_compressor': {'enabled': True, 'params': {}}, 'model_co-versioning_registry': {'enabled': False, 'params': {}}, 'multi-task_model_trainer': {'enabled': False, 'params': {}}, 'heterogeneous_data_handler': {'enabled': False, 'params': {}}}
{'client_selector': {'enabled': False}, 'client_cluster': {'enabled': False}, 'message_compressor': {'enabled': True}, 'model_co-versioning_registry': {'enabled': False}, 'multi-task_model_trainer': {'enabled': False}, 'heterogeneous_data_handler': {'enabled': False}, 'client_registry': {'enabled': True, 'params': {}}}
round 17, 5 high, 5 low, 0.0-iid clients, predicted best policy: message_compressor activated ✅
Local parameters compressed: reduced 5149 bytes (6.98%)
Local parameters compressed: reduced 5129 bytes (6.95%)
Local parameters compressed: reduced 5117 bytes (6.93%)
Local parameters compressed: reduced 5100 bytes (6.91%)
Local parameters compressed: reduced 5127 bytes (6.95%)
Local parameters compressed: reduced 5137 bytes (6.96%)
Local parameters compressed: reduced 5152 bytes (6.98%)
Local parameters compressed: reduced 5100 bytes (6.91%)
Local parameters compressed: reduced 5110 bytes (6.93%)
Local parameters compressed: reduced 5116 bytes (6.93%)
Results Aggregated in 9.97 seconds.
{'TextMLP': {'train_loss': [0.38268132218281425, 0.29773577007333435, 0.2736971839090188, 0.26394963738838834, 0.2545284282596906, 0.24854337799052398, 0.24307410257061324, 0.23969694815397263, 0.2354907036135594, 0.23299944700181485, 0.2327310100988547, 0.2317246241825819, 0.2269445701976617, 0.22434972606321177, 0.2222721628210942, 0.21994741228501002, 0.21843828211208186], 'train_accuracy': [0.85898, 0.8901625, 0.8981291666666666, 0.9003591666666667, 0.9036358333333333, 0.9055975, 0.9078466666666667, 0.9090775, 0.9112266666666666, 0.9119983333333334, 0.911985, 0.9126991666666666, 0.9145875, 0.9158175, 0.9171075, 0.9180725, 0.919105], 'train_f1': [0.7757208410410493, 0.8408027187509066, 0.8562643017945037, 0.8584168756548337, 0.864574409094555, 0.8677935721349648, 0.8701612117882376, 0.8721488391823354, 0.8750220593713659, 0.8770921884661715, 0.8766376791215733, 0.8772587431464276, 0.8806243456354315, 0.8818594486940107, 0.8830693731883149, 0.8848289046633738, 0.8858019781774141], 'train_mae': [0.20301166666666667, 0.16567166666666666, 0.15502916666666666, 0.151445, 0.1478575, 0.14575, 0.14215916666666667, 0.139315, 0.1369975, 0.13471416666666666, 0.13547333333333333, 0.1343275, 0.131005, 0.12919916666666667, 0.12775916666666667, 0.12689166666666668, 0.12517833333333334], 'val_loss': [3.2816401859584605, 4.175458279559487, 5.374234817103336, 5.787242908979717, 5.833578301580329, 5.805204943305568, 5.752246149866204, 5.604236238178454, 5.548465724342748, 5.641596237082231, 5.6908286974053635, 5.869942703648617, 5.81817956161499, 5.986147730777138, 6.007180187024568, 6.088284879784836, 6.126808843211124], 'val_accuracy': [0.5581052631578948, 0.6153421052631579, 0.636, 0.6308684210526316, 0.6381052631578947, 0.6387631578947368, 0.6369605263157895, 0.6398157894736842, 0.638921052631579, 0.6451842105263158, 0.6428815789473684, 0.6420921052631579, 0.6487368421052632, 0.6464473684210527, 0.6448157894736842, 0.6453552631578947, 0.6448815789473684], 'val_f1': [0.48068289789437285, 0.5332567031206943, 0.5506385509281775, 0.5464556428279769, 0.5533073396536424, 0.5542921819122074, 0.5526030555796494, 0.5545409285595052, 0.5544944134518981, 0.5590887843384745, 0.5575200512439346, 0.5571316696413352, 0.5618704782124841, 0.5600836881080777, 0.5589915429164101, 0.5597255232942226, 0.5591152978469202], 'val_mae': [0.767671052631579, 0.66625, 0.6264210526315789, 0.6459078947368422, 0.6214868421052632, 0.6190394736842105, 0.6300789473684211, 0.6235, 0.6183684210526316, 0.6041447368421052, 0.616421052631579, 0.6077105263157895, 0.6049736842105263, 0.6117236842105264, 0.6184605263157895, 0.6120657894736842, 0.6164078947368421], 'jsd': [(0, 0, 0, 0, 0, 0, 0, 0, 0, 0), (0, 0, 0, 0, 0, 0, 0, 0, 0, 0), (0, 0, 0, 0, 0, 0, 0, 0, 0, 0), (0, 0, 0, 0, 0, 0, 0, 0, 0, 0), (0, 0, 0, 0, 0, 0, 0, 0, 0, 0), (0, 0, 0, 0, 0, 0, 0, 0, 0, 0), (0, 0, 0, 0, 0, 0, 0, 0, 0, 0), (0, 0, 0, 0, 0, 0, 0, 0, 0, 0), (0, 0, 0, 0, 0, 0, 0, 0, 0, 0), (0, 0, 0, 0, 0, 0, 0, 0, 0, 0), (0, 0, 0, 0, 0, 0, 0, 0, 0, 0), (0, 0, 0, 0, 0, 0, 0, 0, 0, 0), (0, 0, 0, 0, 0, 0, 0, 0, 0, 0), (0, 0, 0, 0, 0, 0, 0, 0, 0, 0), (0, 0, 0, 0, 0, 0, 0, 0, 0, 0), (0, 0, 0, 0, 0, 0, 0, 0, 0, 0), (0, 0, 0, 0, 0, 0, 0, 0, 0, 0)]}}
AdaptationManager: Configuring next round...
{'client_registry': {'enabled': True, 'params': {}}, 'client_selector': {'enabled': False, 'params': {}}, 'client_cluster': {'enabled': False, 'params': {}}, 'message_compressor': {'enabled': True, 'params': {}}, 'model_co-versioning_registry': {'enabled': False, 'params': {}}, 'multi-task_model_trainer': {'enabled': False, 'params': {}}, 'heterogeneous_data_handler': {'enabled': False, 'params': {}}}
{'client_selector': {'enabled': False}, 'client_cluster': {'enabled': False}, 'message_compressor': {'enabled': True}, 'model_co-versioning_registry': {'enabled': False}, 'multi-task_model_trainer': {'enabled': False}, 'heterogeneous_data_handler': {'enabled': False}, 'client_registry': {'enabled': True, 'params': {}}}
round 18, 5 high, 5 low, 0.0-iid clients, predicted best policy: message_compressor activated ✅
Local parameters compressed: reduced 5135 bytes (6.96%)
Local parameters compressed: reduced 5150 bytes (6.98%)
Local parameters compressed: reduced 5129 bytes (6.95%)
Local parameters compressed: reduced 5142 bytes (6.97%)
Local parameters compressed: reduced 5131 bytes (6.95%)
Local parameters compressed: reduced 5157 bytes (6.99%)
Local parameters compressed: reduced 5134 bytes (6.96%)
Local parameters compressed: reduced 5085 bytes (6.89%)
Local parameters compressed: reduced 5131 bytes (6.95%)
Local parameters compressed: reduced 5130 bytes (6.95%)
Results Aggregated in 10.20 seconds.
{'TextMLP': {'train_loss': [0.38268132218281425, 0.29773577007333435, 0.2736971839090188, 0.26394963738838834, 0.2545284282596906, 0.24854337799052398, 0.24307410257061324, 0.23969694815397263, 0.2354907036135594, 0.23299944700181485, 0.2327310100988547, 0.2317246241825819, 0.2269445701976617, 0.22434972606321177, 0.2222721628210942, 0.21994741228501002, 0.21843828211208186, 0.21433961597363155], 'train_accuracy': [0.85898, 0.8901625, 0.8981291666666666, 0.9003591666666667, 0.9036358333333333, 0.9055975, 0.9078466666666667, 0.9090775, 0.9112266666666666, 0.9119983333333334, 0.911985, 0.9126991666666666, 0.9145875, 0.9158175, 0.9171075, 0.9180725, 0.919105, 0.9205175], 'train_f1': [0.7757208410410493, 0.8408027187509066, 0.8562643017945037, 0.8584168756548337, 0.864574409094555, 0.8677935721349648, 0.8701612117882376, 0.8721488391823354, 0.8750220593713659, 0.8770921884661715, 0.8766376791215733, 0.8772587431464276, 0.8806243456354315, 0.8818594486940107, 0.8830693731883149, 0.8848289046633738, 0.8858019781774141, 0.8885487226448391], 'train_mae': [0.20301166666666667, 0.16567166666666666, 0.15502916666666666, 0.151445, 0.1478575, 0.14575, 0.14215916666666667, 0.139315, 0.1369975, 0.13471416666666666, 0.13547333333333333, 0.1343275, 0.131005, 0.12919916666666667, 0.12775916666666667, 0.12689166666666668, 0.12517833333333334, 0.12275416666666666], 'val_loss': [3.2816401859584605, 4.175458279559487, 5.374234817103336, 5.787242908979717, 5.833578301580329, 5.805204943305568, 5.752246149866204, 5.604236238178454, 5.548465724342748, 5.641596237082231, 5.6908286974053635, 5.869942703648617, 5.81817956161499, 5.986147730777138, 6.007180187024568, 6.088284879784836, 6.126808843211124, 6.142964043968602], 'val_accuracy': [0.5581052631578948, 0.6153421052631579, 0.636, 0.6308684210526316, 0.6381052631578947, 0.6387631578947368, 0.6369605263157895, 0.6398157894736842, 0.638921052631579, 0.6451842105263158, 0.6428815789473684, 0.6420921052631579, 0.6487368421052632, 0.6464473684210527, 0.6448157894736842, 0.6453552631578947, 0.6448815789473684, 0.6515526315789474], 'val_f1': [0.48068289789437285, 0.5332567031206943, 0.5506385509281775, 0.5464556428279769, 0.5533073396536424, 0.5542921819122074, 0.5526030555796494, 0.5545409285595052, 0.5544944134518981, 0.5590887843384745, 0.5575200512439346, 0.5571316696413352, 0.5618704782124841, 0.5600836881080777, 0.5589915429164101, 0.5597255232942226, 0.5591152978469202, 0.5645073391048857], 'val_mae': [0.767671052631579, 0.66625, 0.6264210526315789, 0.6459078947368422, 0.6214868421052632, 0.6190394736842105, 0.6300789473684211, 0.6235, 0.6183684210526316, 0.6041447368421052, 0.616421052631579, 0.6077105263157895, 0.6049736842105263, 0.6117236842105264, 0.6184605263157895, 0.6120657894736842, 0.6164078947368421, 0.5943552631578948], 'jsd': [(0, 0, 0, 0, 0, 0, 0, 0, 0, 0), (0, 0, 0, 0, 0, 0, 0, 0, 0, 0), (0, 0, 0, 0, 0, 0, 0, 0, 0, 0), (0, 0, 0, 0, 0, 0, 0, 0, 0, 0), (0, 0, 0, 0, 0, 0, 0, 0, 0, 0), (0, 0, 0, 0, 0, 0, 0, 0, 0, 0), (0, 0, 0, 0, 0, 0, 0, 0, 0, 0), (0, 0, 0, 0, 0, 0, 0, 0, 0, 0), (0, 0, 0, 0, 0, 0, 0, 0, 0, 0), (0, 0, 0, 0, 0, 0, 0, 0, 0, 0), (0, 0, 0, 0, 0, 0, 0, 0, 0, 0), (0, 0, 0, 0, 0, 0, 0, 0, 0, 0), (0, 0, 0, 0, 0, 0, 0, 0, 0, 0), (0, 0, 0, 0, 0, 0, 0, 0, 0, 0), (0, 0, 0, 0, 0, 0, 0, 0, 0, 0), (0, 0, 0, 0, 0, 0, 0, 0, 0, 0), (0, 0, 0, 0, 0, 0, 0, 0, 0, 0), (0, 0, 0, 0, 0, 0, 0, 0, 0, 0)]}}
AdaptationManager: Configuring next round...
{'client_registry': {'enabled': True, 'params': {}}, 'client_selector': {'enabled': False, 'params': {}}, 'client_cluster': {'enabled': False, 'params': {}}, 'message_compressor': {'enabled': True, 'params': {}}, 'model_co-versioning_registry': {'enabled': False, 'params': {}}, 'multi-task_model_trainer': {'enabled': False, 'params': {}}, 'heterogeneous_data_handler': {'enabled': False, 'params': {}}}
{'client_selector': {'enabled': False}, 'client_cluster': {'enabled': False}, 'message_compressor': {'enabled': True}, 'model_co-versioning_registry': {'enabled': False}, 'multi-task_model_trainer': {'enabled': False}, 'heterogeneous_data_handler': {'enabled': False}, 'client_registry': {'enabled': True, 'params': {}}}
round 19, 5 high, 5 low, 0.0-iid clients, predicted best policy: message_compressor activated ✅
Local parameters compressed: reduced 5115 bytes (6.93%)
Local parameters compressed: reduced 5165 bytes (7.00%)
Local parameters compressed: reduced 5101 bytes (6.91%)
Local parameters compressed: reduced 5137 bytes (6.96%)
Local parameters compressed: reduced 5129 bytes (6.95%)
Local parameters compressed: reduced 5124 bytes (6.94%)
Local parameters compressed: reduced 5118 bytes (6.94%)
Local parameters compressed: reduced 5125 bytes (6.95%)
Local parameters compressed: reduced 5138 bytes (6.96%)
Local parameters compressed: reduced 5129 bytes (6.95%)
Results Aggregated in 10.24 seconds.
{'TextMLP': {'train_loss': [0.38268132218281425, 0.29773577007333435, 0.2736971839090188, 0.26394963738838834, 0.2545284282596906, 0.24854337799052398, 0.24307410257061324, 0.23969694815397263, 0.2354907036135594, 0.23299944700181485, 0.2327310100988547, 0.2317246241825819, 0.2269445701976617, 0.22434972606321177, 0.2222721628210942, 0.21994741228501002, 0.21843828211208186, 0.21433961597363155, 0.2137598680881659], 'train_accuracy': [0.85898, 0.8901625, 0.8981291666666666, 0.9003591666666667, 0.9036358333333333, 0.9055975, 0.9078466666666667, 0.9090775, 0.9112266666666666, 0.9119983333333334, 0.911985, 0.9126991666666666, 0.9145875, 0.9158175, 0.9171075, 0.9180725, 0.919105, 0.9205175, 0.9206383333333333], 'train_f1': [0.7757208410410493, 0.8408027187509066, 0.8562643017945037, 0.8584168756548337, 0.864574409094555, 0.8677935721349648, 0.8701612117882376, 0.8721488391823354, 0.8750220593713659, 0.8770921884661715, 0.8766376791215733, 0.8772587431464276, 0.8806243456354315, 0.8818594486940107, 0.8830693731883149, 0.8848289046633738, 0.8858019781774141, 0.8885487226448391, 0.888727753796097], 'train_mae': [0.20301166666666667, 0.16567166666666666, 0.15502916666666666, 0.151445, 0.1478575, 0.14575, 0.14215916666666667, 0.139315, 0.1369975, 0.13471416666666666, 0.13547333333333333, 0.1343275, 0.131005, 0.12919916666666667, 0.12775916666666667, 0.12689166666666668, 0.12517833333333334, 0.12275416666666666, 0.121995], 'val_loss': [3.2816401859584605, 4.175458279559487, 5.374234817103336, 5.787242908979717, 5.833578301580329, 5.805204943305568, 5.752246149866204, 5.604236238178454, 5.548465724342748, 5.641596237082231, 5.6908286974053635, 5.869942703648617, 5.81817956161499, 5.986147730777138, 6.007180187024568, 6.088284879784836, 6.126808843211124, 6.142964043968602, 6.171175983629729], 'val_accuracy': [0.5581052631578948, 0.6153421052631579, 0.636, 0.6308684210526316, 0.6381052631578947, 0.6387631578947368, 0.6369605263157895, 0.6398157894736842, 0.638921052631579, 0.6451842105263158, 0.6428815789473684, 0.6420921052631579, 0.6487368421052632, 0.6464473684210527, 0.6448157894736842, 0.6453552631578947, 0.6448815789473684, 0.6515526315789474, 0.6537105263157894], 'val_f1': [0.48068289789437285, 0.5332567031206943, 0.5506385509281775, 0.5464556428279769, 0.5533073396536424, 0.5542921819122074, 0.5526030555796494, 0.5545409285595052, 0.5544944134518981, 0.5590887843384745, 0.5575200512439346, 0.5571316696413352, 0.5618704782124841, 0.5600836881080777, 0.5589915429164101, 0.5597255232942226, 0.5591152978469202, 0.5645073391048857, 0.5660930202821735], 'val_mae': [0.767671052631579, 0.66625, 0.6264210526315789, 0.6459078947368422, 0.6214868421052632, 0.6190394736842105, 0.6300789473684211, 0.6235, 0.6183684210526316, 0.6041447368421052, 0.616421052631579, 0.6077105263157895, 0.6049736842105263, 0.6117236842105264, 0.6184605263157895, 0.6120657894736842, 0.6164078947368421, 0.5943552631578948, 0.5865394736842104], 'jsd': [(0, 0, 0, 0, 0, 0, 0, 0, 0, 0), (0, 0, 0, 0, 0, 0, 0, 0, 0, 0), (0, 0, 0, 0, 0, 0, 0, 0, 0, 0), (0, 0, 0, 0, 0, 0, 0, 0, 0, 0), (0, 0, 0, 0, 0, 0, 0, 0, 0, 0), (0, 0, 0, 0, 0, 0, 0, 0, 0, 0), (0, 0, 0, 0, 0, 0, 0, 0, 0, 0), (0, 0, 0, 0, 0, 0, 0, 0, 0, 0), (0, 0, 0, 0, 0, 0, 0, 0, 0, 0), (0, 0, 0, 0, 0, 0, 0, 0, 0, 0), (0, 0, 0, 0, 0, 0, 0, 0, 0, 0), (0, 0, 0, 0, 0, 0, 0, 0, 0, 0), (0, 0, 0, 0, 0, 0, 0, 0, 0, 0), (0, 0, 0, 0, 0, 0, 0, 0, 0, 0), (0, 0, 0, 0, 0, 0, 0, 0, 0, 0), (0, 0, 0, 0, 0, 0, 0, 0, 0, 0), (0, 0, 0, 0, 0, 0, 0, 0, 0, 0), (0, 0, 0, 0, 0, 0, 0, 0, 0, 0), (0, 0, 0, 0, 0, 0, 0, 0, 0, 0)]}}
AdaptationManager: Configuring next round...
{'client_registry': {'enabled': True, 'params': {}}, 'client_selector': {'enabled': False, 'params': {}}, 'client_cluster': {'enabled': False, 'params': {}}, 'message_compressor': {'enabled': True, 'params': {}}, 'model_co-versioning_registry': {'enabled': False, 'params': {}}, 'multi-task_model_trainer': {'enabled': False, 'params': {}}, 'heterogeneous_data_handler': {'enabled': False, 'params': {}}}
{'client_selector': {'enabled': False}, 'client_cluster': {'enabled': False}, 'message_compressor': {'enabled': True}, 'model_co-versioning_registry': {'enabled': False}, 'multi-task_model_trainer': {'enabled': False}, 'heterogeneous_data_handler': {'enabled': False}, 'client_registry': {'enabled': True, 'params': {}}}
round 20, 5 high, 5 low, 0.0-iid clients, predicted best policy: message_compressor activated ✅
Local parameters compressed: reduced 5124 bytes (6.94%)
Local parameters compressed: reduced 5169 bytes (7.01%)
Local parameters compressed: reduced 5120 bytes (6.94%)
Local parameters compressed: reduced 5111 bytes (6.93%)
Local parameters compressed: reduced 5146 bytes (6.97%)
Local parameters compressed: reduced 5143 bytes (6.97%)
Local parameters compressed: reduced 5106 bytes (6.92%)
Local parameters compressed: reduced 5126 bytes (6.95%)
Local parameters compressed: reduced 5114 bytes (6.93%)
Local parameters compressed: reduced 5134 bytes (6.96%)
Results Aggregated in 10.06 seconds.
{'TextMLP': {'train_loss': [0.38268132218281425, 0.29773577007333435, 0.2736971839090188, 0.26394963738838834, 0.2545284282596906, 0.24854337799052398, 0.24307410257061324, 0.23969694815397263, 0.2354907036135594, 0.23299944700181485, 0.2327310100988547, 0.2317246241825819, 0.2269445701976617, 0.22434972606321177, 0.2222721628210942, 0.21994741228501002, 0.21843828211208186, 0.21433961597363155, 0.2137598680881659, 0.21056489889601868], 'train_accuracy': [0.85898, 0.8901625, 0.8981291666666666, 0.9003591666666667, 0.9036358333333333, 0.9055975, 0.9078466666666667, 0.9090775, 0.9112266666666666, 0.9119983333333334, 0.911985, 0.9126991666666666, 0.9145875, 0.9158175, 0.9171075, 0.9180725, 0.919105, 0.9205175, 0.9206383333333333, 0.9219066666666667], 'train_f1': [0.7757208410410493, 0.8408027187509066, 0.8562643017945037, 0.8584168756548337, 0.864574409094555, 0.8677935721349648, 0.8701612117882376, 0.8721488391823354, 0.8750220593713659, 0.8770921884661715, 0.8766376791215733, 0.8772587431464276, 0.8806243456354315, 0.8818594486940107, 0.8830693731883149, 0.8848289046633738, 0.8858019781774141, 0.8885487226448391, 0.888727753796097, 0.8900728118242007], 'train_mae': [0.20301166666666667, 0.16567166666666666, 0.15502916666666666, 0.151445, 0.1478575, 0.14575, 0.14215916666666667, 0.139315, 0.1369975, 0.13471416666666666, 0.13547333333333333, 0.1343275, 0.131005, 0.12919916666666667, 0.12775916666666667, 0.12689166666666668, 0.12517833333333334, 0.12275416666666666, 0.121995, 0.1203725], 'val_loss': [3.2816401859584605, 4.175458279559487, 5.374234817103336, 5.787242908979717, 5.833578301580329, 5.805204943305568, 5.752246149866204, 5.604236238178454, 5.548465724342748, 5.641596237082231, 5.6908286974053635, 5.869942703648617, 5.81817956161499, 5.986147730777138, 6.007180187024568, 6.088284879784836, 6.126808843211124, 6.142964043968602, 6.171175983629729, 6.115970278388575], 'val_accuracy': [0.5581052631578948, 0.6153421052631579, 0.636, 0.6308684210526316, 0.6381052631578947, 0.6387631578947368, 0.6369605263157895, 0.6398157894736842, 0.638921052631579, 0.6451842105263158, 0.6428815789473684, 0.6420921052631579, 0.6487368421052632, 0.6464473684210527, 0.6448157894736842, 0.6453552631578947, 0.6448815789473684, 0.6515526315789474, 0.6537105263157894, 0.6512236842105263], 'val_f1': [0.48068289789437285, 0.5332567031206943, 0.5506385509281775, 0.5464556428279769, 0.5533073396536424, 0.5542921819122074, 0.5526030555796494, 0.5545409285595052, 0.5544944134518981, 0.5590887843384745, 0.5575200512439346, 0.5571316696413352, 0.5618704782124841, 0.5600836881080777, 0.5589915429164101, 0.5597255232942226, 0.5591152978469202, 0.5645073391048857, 0.5660930202821735, 0.5642943442873436], 'val_mae': [0.767671052631579, 0.66625, 0.6264210526315789, 0.6459078947368422, 0.6214868421052632, 0.6190394736842105, 0.6300789473684211, 0.6235, 0.6183684210526316, 0.6041447368421052, 0.616421052631579, 0.6077105263157895, 0.6049736842105263, 0.6117236842105264, 0.6184605263157895, 0.6120657894736842, 0.6164078947368421, 0.5943552631578948, 0.5865394736842104, 0.5947894736842105], 'jsd': [(0, 0, 0, 0, 0, 0, 0, 0, 0, 0), (0, 0, 0, 0, 0, 0, 0, 0, 0, 0), (0, 0, 0, 0, 0, 0, 0, 0, 0, 0), (0, 0, 0, 0, 0, 0, 0, 0, 0, 0), (0, 0, 0, 0, 0, 0, 0, 0, 0, 0), (0, 0, 0, 0, 0, 0, 0, 0, 0, 0), (0, 0, 0, 0, 0, 0, 0, 0, 0, 0), (0, 0, 0, 0, 0, 0, 0, 0, 0, 0), (0, 0, 0, 0, 0, 0, 0, 0, 0, 0), (0, 0, 0, 0, 0, 0, 0, 0, 0, 0), (0, 0, 0, 0, 0, 0, 0, 0, 0, 0), (0, 0, 0, 0, 0, 0, 0, 0, 0, 0), (0, 0, 0, 0, 0, 0, 0, 0, 0, 0), (0, 0, 0, 0, 0, 0, 0, 0, 0, 0), (0, 0, 0, 0, 0, 0, 0, 0, 0, 0), (0, 0, 0, 0, 0, 0, 0, 0, 0, 0), (0, 0, 0, 0, 0, 0, 0, 0, 0, 0), (0, 0, 0, 0, 0, 0, 0, 0, 0, 0), (0, 0, 0, 0, 0, 0, 0, 0, 0, 0), (0, 0, 0, 0, 0, 0, 0, 0, 0, 0)]}}
AdaptationManager: Configuring next round...
{'client_registry': {'enabled': True, 'params': {}}, 'client_selector': {'enabled': False, 'params': {}}, 'client_cluster': {'enabled': False, 'params': {}}, 'message_compressor': {'enabled': True, 'params': {}}, 'model_co-versioning_registry': {'enabled': False, 'params': {}}, 'multi-task_model_trainer': {'enabled': False, 'params': {}}, 'heterogeneous_data_handler': {'enabled': False, 'params': {}}}
{'client_selector': {'enabled': False}, 'client_cluster': {'enabled': False}, 'message_compressor': {'enabled': True}, 'model_co-versioning_registry': {'enabled': False}, 'multi-task_model_trainer': {'enabled': False}, 'heterogeneous_data_handler': {'enabled': False}, 'client_registry': {'enabled': True, 'params': {}}}
round 21, 5 high, 5 low, 0.0-iid clients, predicted best policy: message_compressor activated ✅
