==========================================
  ___  ______  ___ ______       _ 
 / _ \ | ___ \/   ||  ___|     | |
/ /_\ \| |_/ / /| || |_ ___  __| |
|  _  ||  __/ /_| ||  _/ _ \/ _` |
| | | || |  \___  || ||  __/ (_| |
\_| |_/\_|      |_/\_| \___|\__,_| v.1.5.0

==========================================
Simulation Started!
List of the Architectural Patterns enabled:
Adaptation Enabled ✅
Metric: val_f1, comparison with fixed value: 0.4
Client Registry ✅
Client Selector ✅
 AP Parameters: {'selection_strategy': 'Resource-Based', 'selection_criteria': 'CPU', 'selection_value': 2}
==========================================
Client Client 1 participates in this round. (CPU: 2, RAM: 2)
Client Client 4 participates in this round. (CPU: 2, RAM: 2)
Client Client 3 participates in this round. (CPU: 2, RAM: 2)
Client Client 2 participates in this round. (CPU: 2, RAM: 2)
Client Client 6 has insufficient CPU (1). Will not participate in the next FL round.
Client Client 5 has insufficient CPU (1). Will not participate in the next FL round.
Results Aggregated in 59.96 seconds.
{'CNN 16k': {'train_loss': [3578.638069331646], 'train_accuracy': [0.16547], 'train_f1': [0.09115853160619736], 'train_mae': [3.3786149621009827], 'val_loss': [716.6886192560196], 'val_accuracy': [0.164575], 'val_f1': [0.09155058115720749], 'val_mae': [3.3684500455856323]}}
AdaptationManager: Configuring next round...
{'client_registry': {'enabled': True, 'params': {}}, 'client_selector': {'enabled': True, 'params': {'selection_strategy': 'Resource-Based', 'selection_criteria': 'CPU', 'selection_value': 2}}, 'client_cluster': {'enabled': False, 'params': {}}, 'message_compressor': {'enabled': False, 'params': {}}, 'model_co-versioning_registry': {'enabled': False, 'params': {}}, 'multi-task_model_trainer': {'enabled': False, 'params': {}}, 'heterogeneous_data_handler': {'enabled': False, 'params': {}}}
{'client_selector': {'enabled': True}, 'client_cluster': {'enabled': False}, 'message_compressor': {'enabled': False}, 'model_co-versioning_registry': {'enabled': False}, 'multi-task_model_trainer': {'enabled': False}, 'heterogeneous_data_handler': {'enabled': False}, 'client_registry': {'enabled': True}}
AdaptationManager: Less than 2 rounds completed. Keeping default config.
Client Client 3 participates in this round. (CPU: 2, RAM: 2)
Client Client 2 participates in this round. (CPU: 2, RAM: 2)
Client Client 4 participates in this round. (CPU: 2, RAM: 2)
Client Client 1 participates in this round. (CPU: 2, RAM: 2)
Client Client 5 has insufficient CPU (1). Will not participate in the next FL round.
Client Client 6 has insufficient CPU (1). Will not participate in the next FL round.
Results Aggregated in 50.90 seconds.
{'CNN 16k': {'train_loss': [3578.638069331646, 3212.8605168163776], 'train_accuracy': [0.16547, 0.27738], 'train_f1': [0.09115853160619736, 0.2479381561279297], 'train_mae': [3.3786149621009827, 2.793940007686615], 'val_loss': [716.6886192560196, 643.159565359354], 'val_accuracy': [0.164575, 0.282825], 'val_f1': [0.09155058115720749, 0.2525680437684059], 'val_mae': [3.3684500455856323, 2.772949993610382]}}
AdaptationManager: Configuring next round...
{'client_registry': {'enabled': True, 'params': {}}, 'client_selector': {'enabled': True, 'params': {'selection_strategy': 'Resource-Based', 'selection_criteria': 'CPU', 'selection_value': 2}}, 'client_cluster': {'enabled': False, 'params': {}}, 'message_compressor': {'enabled': False, 'params': {}}, 'model_co-versioning_registry': {'enabled': False, 'params': {}}, 'multi-task_model_trainer': {'enabled': False, 'params': {}}, 'heterogeneous_data_handler': {'enabled': False, 'params': {}}}
{'client_selector': {'enabled': True}, 'client_cluster': {'enabled': False}, 'message_compressor': {'enabled': False}, 'model_co-versioning_registry': {'enabled': False}, 'multi-task_model_trainer': {'enabled': False}, 'heterogeneous_data_handler': {'enabled': False}, 'client_registry': {'enabled': True}}
Accuracy too low or decreasing, Selector de-activated ❌
Accuracy too low or decreasing, Selector de-activated ❌
Results Aggregated in 57.71 seconds.
{'CNN 16k': {'train_loss': [3578.638069331646, 3212.8605168163776, 2737.501655379931], 'train_accuracy': [0.16547, 0.27738, 0.35651666666666665], 'train_f1': [0.09115853160619736, 0.2479381561279297, 0.34405704339345294], 'train_mae': [3.3786149621009827, 2.793940007686615, 2.415640036265055], 'val_loss': [716.6886192560196, 643.159565359354, 546.5123200416565], 'val_accuracy': [0.164575, 0.282825, 0.35846666666666666], 'val_f1': [0.09155058115720749, 0.2525680437684059, 0.34515851736068726], 'val_mae': [3.3684500455856323, 2.772949993610382, 2.438283363978068]}}
AdaptationManager: Configuring next round...
{'client_registry': {'enabled': True, 'params': {}}, 'client_selector': {'enabled': True, 'params': {'selection_strategy': 'Resource-Based', 'selection_criteria': 'CPU', 'selection_value': 2}}, 'client_cluster': {'enabled': False, 'params': {}}, 'message_compressor': {'enabled': False, 'params': {}}, 'model_co-versioning_registry': {'enabled': False, 'params': {}}, 'multi-task_model_trainer': {'enabled': False, 'params': {}}, 'heterogeneous_data_handler': {'enabled': False, 'params': {}}}
{'client_selector': {'enabled': False}, 'client_cluster': {'enabled': False}, 'message_compressor': {'enabled': False}, 'model_co-versioning_registry': {'enabled': False}, 'multi-task_model_trainer': {'enabled': False}, 'heterogeneous_data_handler': {'enabled': False}, 'client_registry': {'enabled': False}}
Accuracy too low or decreasing, Selector de-activated ❌
Accuracy too low or decreasing, Selector de-activated ❌
Results Aggregated in 57.89 seconds.
{'CNN 16k': {'train_loss': [3578.638069331646, 3212.8605168163776, 2737.501655379931, 2492.2400151491165], 'train_accuracy': [0.16547, 0.27738, 0.35651666666666665, 0.41433333333333333], 'train_f1': [0.09115853160619736, 0.2479381561279297, 0.34405704339345294, 0.4034380416075389], 'train_mae': [3.3786149621009827, 2.793940007686615, 2.415640036265055, 2.2295800050099692], 'val_loss': [716.6886192560196, 643.159565359354, 546.5123200416565, 499.33153039216995], 'val_accuracy': [0.164575, 0.282825, 0.35846666666666666, 0.414], 'val_f1': [0.09155058115720749, 0.2525680437684059, 0.34515851736068726, 0.40173472464084625], 'val_mae': [3.3684500455856323, 2.772949993610382, 2.438283363978068, 2.2496333519617715]}}
AdaptationManager: Configuring next round...
{'client_registry': {'enabled': True, 'params': {}}, 'client_selector': {'enabled': True, 'params': {'selection_strategy': 'Resource-Based', 'selection_criteria': 'CPU', 'selection_value': 2}}, 'client_cluster': {'enabled': False, 'params': {}}, 'message_compressor': {'enabled': False, 'params': {}}, 'model_co-versioning_registry': {'enabled': False, 'params': {}}, 'multi-task_model_trainer': {'enabled': False, 'params': {}}, 'heterogeneous_data_handler': {'enabled': False, 'params': {}}}
{'client_selector': {'enabled': False}, 'client_cluster': {'enabled': False}, 'message_compressor': {'enabled': False}, 'model_co-versioning_registry': {'enabled': False}, 'multi-task_model_trainer': {'enabled': False}, 'heterogeneous_data_handler': {'enabled': False}, 'client_registry': {'enabled': False}}
Accuracy ok: Selector activated ✅
Accuracy ok: Selector activated ✅
Client Client 4 participates in this round. (CPU: 2, RAM: 2)
Client Client 1 participates in this round. (CPU: 2, RAM: 2)
Client Client 2 participates in this round. (CPU: 2, RAM: 2)
Client Client 6 has insufficient CPU (1). Will not participate in the next FL round.
Client Client 3 participates in this round. (CPU: 2, RAM: 2)
Client Client 5 has insufficient CPU (1). Will not participate in the next FL round.
Results Aggregated in 51.31 seconds.
{'CNN 16k': {'train_loss': [3578.638069331646, 3212.8605168163776, 2737.501655379931, 2492.2400151491165, 2395.3562245815992], 'train_accuracy': [0.16547, 0.27738, 0.35651666666666665, 0.41433333333333333, 0.44075], 'train_f1': [0.09115853160619736, 0.2479381561279297, 0.34405704339345294, 0.4034380416075389, 0.4307481050491333], 'train_mae': [3.3786149621009827, 2.793940007686615, 2.415640036265055, 2.2295800050099692, 2.0672900080680847], 'val_loss': [716.6886192560196, 643.159565359354, 546.5123200416565, 499.33153039216995, 481.10071659088135], 'val_accuracy': [0.164575, 0.282825, 0.35846666666666666, 0.414, 0.4395], 'val_f1': [0.09155058115720749, 0.2525680437684059, 0.34515851736068726, 0.40173472464084625, 0.4293653219938278], 'val_mae': [3.3684500455856323, 2.772949993610382, 2.438283363978068, 2.2496333519617715, 2.083250045776367]}}
AdaptationManager: Configuring next round...
{'client_registry': {'enabled': True, 'params': {}}, 'client_selector': {'enabled': True, 'params': {'selection_strategy': 'Resource-Based', 'selection_criteria': 'CPU', 'selection_value': 2}}, 'client_cluster': {'enabled': False, 'params': {}}, 'message_compressor': {'enabled': False, 'params': {}}, 'model_co-versioning_registry': {'enabled': False, 'params': {}}, 'multi-task_model_trainer': {'enabled': False, 'params': {}}, 'heterogeneous_data_handler': {'enabled': False, 'params': {}}}
{'client_selector': {'enabled': True}, 'client_cluster': {'enabled': False}, 'message_compressor': {'enabled': False}, 'model_co-versioning_registry': {'enabled': False}, 'multi-task_model_trainer': {'enabled': False}, 'heterogeneous_data_handler': {'enabled': False}, 'client_registry': {'enabled': True}}
Accuracy ok: Selector activated ✅
Accuracy ok: Selector activated ✅
Client Client 3 participates in this round. (CPU: 2, RAM: 2)
Client Client 2 participates in this round. (CPU: 2, RAM: 2)
Client Client 1 participates in this round. (CPU: 2, RAM: 2)
Client Client 6 has insufficient CPU (1). Will not participate in the next FL round.
Client Client 5 has insufficient CPU (1). Will not participate in the next FL round.
Client Client 4 participates in this round. (CPU: 2, RAM: 2)
Results Aggregated in 51.78 seconds.
{'CNN 16k': {'train_loss': [3578.638069331646, 3212.8605168163776, 2737.501655379931, 2492.2400151491165, 2395.3562245815992, 2273.6183172911406], 'train_accuracy': [0.16547, 0.27738, 0.35651666666666665, 0.41433333333333333, 0.44075, 0.467555], 'train_f1': [0.09115853160619736, 0.2479381561279297, 0.34405704339345294, 0.4034380416075389, 0.4307481050491333, 0.4603073373436928], 'train_mae': [3.3786149621009827, 2.793940007686615, 2.415640036265055, 2.2295800050099692, 2.0672900080680847, 1.9947450160980225], 'val_loss': [716.6886192560196, 643.159565359354, 546.5123200416565, 499.33153039216995, 481.10071659088135, 458.36498379707336], 'val_accuracy': [0.164575, 0.282825, 0.35846666666666666, 0.414, 0.4395, 0.46655], 'val_f1': [0.09155058115720749, 0.2525680437684059, 0.34515851736068726, 0.40173472464084625, 0.4293653219938278, 0.45868273824453354], 'val_mae': [3.3684500455856323, 2.772949993610382, 2.438283363978068, 2.2496333519617715, 2.083250045776367, 2.0032249987125397]}}
AdaptationManager: Configuring next round...
{'client_registry': {'enabled': True, 'params': {}}, 'client_selector': {'enabled': True, 'params': {'selection_strategy': 'Resource-Based', 'selection_criteria': 'CPU', 'selection_value': 2}}, 'client_cluster': {'enabled': False, 'params': {}}, 'message_compressor': {'enabled': False, 'params': {}}, 'model_co-versioning_registry': {'enabled': False, 'params': {}}, 'multi-task_model_trainer': {'enabled': False, 'params': {}}, 'heterogeneous_data_handler': {'enabled': False, 'params': {}}}
{'client_selector': {'enabled': True}, 'client_cluster': {'enabled': False}, 'message_compressor': {'enabled': False}, 'model_co-versioning_registry': {'enabled': False}, 'multi-task_model_trainer': {'enabled': False}, 'heterogeneous_data_handler': {'enabled': False}, 'client_registry': {'enabled': True}}
Accuracy ok: Selector activated ✅
Accuracy ok: Selector activated ✅
Client Client 1 participates in this round. (CPU: 2, RAM: 2)
Client Client 4 participates in this round. (CPU: 2, RAM: 2)
Client Client 5 has insufficient CPU (1). Will not participate in the next FL round.
Client Client 3 participates in this round. (CPU: 2, RAM: 2)
Client Client 6 has insufficient CPU (1). Will not participate in the next FL round.
Client Client 2 participates in this round. (CPU: 2, RAM: 2)
Results Aggregated in 53.09 seconds.
{'CNN 16k': {'train_loss': [3578.638069331646, 3212.8605168163776, 2737.501655379931, 2492.2400151491165, 2395.3562245815992, 2273.6183172911406, 2206.3136463314295], 'train_accuracy': [0.16547, 0.27738, 0.35651666666666665, 0.41433333333333333, 0.44075, 0.467555, 0.485935], 'train_f1': [0.09115853160619736, 0.2479381561279297, 0.34405704339345294, 0.4034380416075389, 0.4307481050491333, 0.4603073373436928, 0.4785338491201401], 'train_mae': [3.3786149621009827, 2.793940007686615, 2.415640036265055, 2.2295800050099692, 2.0672900080680847, 1.9947450160980225, 1.9112299978733063], 'val_loss': [716.6886192560196, 643.159565359354, 546.5123200416565, 499.33153039216995, 481.10071659088135, 458.36498379707336, 446.436897829175], 'val_accuracy': [0.164575, 0.282825, 0.35846666666666666, 0.414, 0.4395, 0.46655, 0.47925], 'val_f1': [0.09155058115720749, 0.2525680437684059, 0.34515851736068726, 0.40173472464084625, 0.4293653219938278, 0.45868273824453354, 0.4717293009161949], 'val_mae': [3.3684500455856323, 2.772949993610382, 2.438283363978068, 2.2496333519617715, 2.083250045776367, 2.0032249987125397, 1.9338500201702118]}}
AdaptationManager: Configuring next round...
{'client_registry': {'enabled': True, 'params': {}}, 'client_selector': {'enabled': True, 'params': {'selection_strategy': 'Resource-Based', 'selection_criteria': 'CPU', 'selection_value': 2}}, 'client_cluster': {'enabled': False, 'params': {}}, 'message_compressor': {'enabled': False, 'params': {}}, 'model_co-versioning_registry': {'enabled': False, 'params': {}}, 'multi-task_model_trainer': {'enabled': False, 'params': {}}, 'heterogeneous_data_handler': {'enabled': False, 'params': {}}}
{'client_selector': {'enabled': True}, 'client_cluster': {'enabled': False}, 'message_compressor': {'enabled': False}, 'model_co-versioning_registry': {'enabled': False}, 'multi-task_model_trainer': {'enabled': False}, 'heterogeneous_data_handler': {'enabled': False}, 'client_registry': {'enabled': True}}
Accuracy ok: Selector activated ✅
Accuracy ok: Selector activated ✅
Client Client 3 participates in this round. (CPU: 2, RAM: 2)
Client Client 5 has insufficient CPU (1). Will not participate in the next FL round.
Client Client 4 participates in this round. (CPU: 2, RAM: 2)
Client Client 6 has insufficient CPU (1). Will not participate in the next FL round.
Client Client 1 participates in this round. (CPU: 2, RAM: 2)
Client Client 2 participates in this round. (CPU: 2, RAM: 2)
Results Aggregated in 52.28 seconds.
{'CNN 16k': {'train_loss': [3578.638069331646, 3212.8605168163776, 2737.501655379931, 2492.2400151491165, 2395.3562245815992, 2273.6183172911406, 2206.3136463314295, 2181.9373213499784], 'train_accuracy': [0.16547, 0.27738, 0.35651666666666665, 0.41433333333333333, 0.44075, 0.467555, 0.485935, 0.498175], 'train_f1': [0.09115853160619736, 0.2479381561279297, 0.34405704339345294, 0.4034380416075389, 0.4307481050491333, 0.4603073373436928, 0.4785338491201401, 0.49343711882829666], 'train_mae': [3.3786149621009827, 2.793940007686615, 2.415640036265055, 2.2295800050099692, 2.0672900080680847, 1.9947450160980225, 1.9112299978733063, 1.8417800068855286], 'val_loss': [716.6886192560196, 643.159565359354, 546.5123200416565, 499.33153039216995, 481.10071659088135, 458.36498379707336, 446.436897829175, 443.1006373912096], 'val_accuracy': [0.164575, 0.282825, 0.35846666666666666, 0.414, 0.4395, 0.46655, 0.47925, 0.488975], 'val_f1': [0.09155058115720749, 0.2525680437684059, 0.34515851736068726, 0.40173472464084625, 0.4293653219938278, 0.45868273824453354, 0.4717293009161949, 0.483968161046505], 'val_mae': [3.3684500455856323, 2.772949993610382, 2.438283363978068, 2.2496333519617715, 2.083250045776367, 2.0032249987125397, 1.9338500201702118, 1.867225021123886]}}
AdaptationManager: Configuring next round...
{'client_registry': {'enabled': True, 'params': {}}, 'client_selector': {'enabled': True, 'params': {'selection_strategy': 'Resource-Based', 'selection_criteria': 'CPU', 'selection_value': 2}}, 'client_cluster': {'enabled': False, 'params': {}}, 'message_compressor': {'enabled': False, 'params': {}}, 'model_co-versioning_registry': {'enabled': False, 'params': {}}, 'multi-task_model_trainer': {'enabled': False, 'params': {}}, 'heterogeneous_data_handler': {'enabled': False, 'params': {}}}
{'client_selector': {'enabled': True}, 'client_cluster': {'enabled': False}, 'message_compressor': {'enabled': False}, 'model_co-versioning_registry': {'enabled': False}, 'multi-task_model_trainer': {'enabled': False}, 'heterogeneous_data_handler': {'enabled': False}, 'client_registry': {'enabled': True}}
Accuracy ok: Selector activated ✅
Accuracy ok: Selector activated ✅
Client Client 2 participates in this round. (CPU: 2, RAM: 2)
Client Client 4 participates in this round. (CPU: 2, RAM: 2)
Client Client 1 participates in this round. (CPU: 2, RAM: 2)
Client Client 3 participates in this round. (CPU: 2, RAM: 2)
Client Client 6 has insufficient CPU (1). Will not participate in the next FL round.
Client Client 5 has insufficient CPU (1). Will not participate in the next FL round.
Results Aggregated in 50.01 seconds.
{'CNN 16k': {'train_loss': [3578.638069331646, 3212.8605168163776, 2737.501655379931, 2492.2400151491165, 2395.3562245815992, 2273.6183172911406, 2206.3136463314295, 2181.9373213499784, 2110.612938180566], 'train_accuracy': [0.16547, 0.27738, 0.35651666666666665, 0.41433333333333333, 0.44075, 0.467555, 0.485935, 0.498175, 0.513245], 'train_f1': [0.09115853160619736, 0.2479381561279297, 0.34405704339345294, 0.4034380416075389, 0.4307481050491333, 0.4603073373436928, 0.4785338491201401, 0.49343711882829666, 0.5067464932799339], 'train_mae': [3.3786149621009827, 2.793940007686615, 2.415640036265055, 2.2295800050099692, 2.0672900080680847, 1.9947450160980225, 1.9112299978733063, 1.8417800068855286, 1.7872450053691864], 'val_loss': [716.6886192560196, 643.159565359354, 546.5123200416565, 499.33153039216995, 481.10071659088135, 458.36498379707336, 446.436897829175, 443.1006373912096, 431.713883548975], 'val_accuracy': [0.164575, 0.282825, 0.35846666666666666, 0.414, 0.4395, 0.46655, 0.47925, 0.488975, 0.498625], 'val_f1': [0.09155058115720749, 0.2525680437684059, 0.34515851736068726, 0.40173472464084625, 0.4293653219938278, 0.45868273824453354, 0.4717293009161949, 0.483968161046505, 0.49247705191373825], 'val_mae': [3.3684500455856323, 2.772949993610382, 2.438283363978068, 2.2496333519617715, 2.083250045776367, 2.0032249987125397, 1.9338500201702118, 1.867225021123886, 1.8298249542713165]}}
AdaptationManager: Configuring next round...
{'client_registry': {'enabled': True, 'params': {}}, 'client_selector': {'enabled': True, 'params': {'selection_strategy': 'Resource-Based', 'selection_criteria': 'CPU', 'selection_value': 2}}, 'client_cluster': {'enabled': False, 'params': {}}, 'message_compressor': {'enabled': False, 'params': {}}, 'model_co-versioning_registry': {'enabled': False, 'params': {}}, 'multi-task_model_trainer': {'enabled': False, 'params': {}}, 'heterogeneous_data_handler': {'enabled': False, 'params': {}}}
{'client_selector': {'enabled': True}, 'client_cluster': {'enabled': False}, 'message_compressor': {'enabled': False}, 'model_co-versioning_registry': {'enabled': False}, 'multi-task_model_trainer': {'enabled': False}, 'heterogeneous_data_handler': {'enabled': False}, 'client_registry': {'enabled': True}}
Accuracy ok: Selector activated ✅
Accuracy ok: Selector activated ✅
Client Client 6 has insufficient CPU (1). Will not participate in the next FL round.
Client Client 4 participates in this round. (CPU: 2, RAM: 2)
Client Client 3 participates in this round. (CPU: 2, RAM: 2)
Client Client 1 participates in this round. (CPU: 2, RAM: 2)
Client Client 2 participates in this round. (CPU: 2, RAM: 2)
Client Client 5 has insufficient CPU (1). Will not participate in the next FL round.
Results Aggregated in 50.88 seconds.
{'CNN 16k': {'train_loss': [3578.638069331646, 3212.8605168163776, 2737.501655379931, 2492.2400151491165, 2395.3562245815992, 2273.6183172911406, 2206.3136463314295, 2181.9373213499784, 2110.612938180566, 2062.3774565160275], 'train_accuracy': [0.16547, 0.27738, 0.35651666666666665, 0.41433333333333333, 0.44075, 0.467555, 0.485935, 0.498175, 0.513245, 0.522765], 'train_f1': [0.09115853160619736, 0.2479381561279297, 0.34405704339345294, 0.4034380416075389, 0.4307481050491333, 0.4603073373436928, 0.4785338491201401, 0.49343711882829666, 0.5067464932799339, 0.5163941234350204], 'train_mae': [3.3786149621009827, 2.793940007686615, 2.415640036265055, 2.2295800050099692, 2.0672900080680847, 1.9947450160980225, 1.9112299978733063, 1.8417800068855286, 1.7872450053691864, 1.7323899865150452], 'val_loss': [716.6886192560196, 643.159565359354, 546.5123200416565, 499.33153039216995, 481.10071659088135, 458.36498379707336, 446.436897829175, 443.1006373912096, 431.713883548975, 423.79563546180725], 'val_accuracy': [0.164575, 0.282825, 0.35846666666666666, 0.414, 0.4395, 0.46655, 0.47925, 0.488975, 0.498625, 0.508175], 'val_f1': [0.09155058115720749, 0.2525680437684059, 0.34515851736068726, 0.40173472464084625, 0.4293653219938278, 0.45868273824453354, 0.4717293009161949, 0.483968161046505, 0.49247705191373825, 0.5017740949988365], 'val_mae': [3.3684500455856323, 2.772949993610382, 2.438283363978068, 2.2496333519617715, 2.083250045776367, 2.0032249987125397, 1.9338500201702118, 1.867225021123886, 1.8298249542713165, 1.775199979543686]}}
AdaptationManager: Configuring next round...
{'client_registry': {'enabled': True, 'params': {}}, 'client_selector': {'enabled': True, 'params': {'selection_strategy': 'Resource-Based', 'selection_criteria': 'CPU', 'selection_value': 2}}, 'client_cluster': {'enabled': False, 'params': {}}, 'message_compressor': {'enabled': False, 'params': {}}, 'model_co-versioning_registry': {'enabled': False, 'params': {}}, 'multi-task_model_trainer': {'enabled': False, 'params': {}}, 'heterogeneous_data_handler': {'enabled': False, 'params': {}}}
{'client_selector': {'enabled': True}, 'client_cluster': {'enabled': False}, 'message_compressor': {'enabled': False}, 'model_co-versioning_registry': {'enabled': False}, 'multi-task_model_trainer': {'enabled': False}, 'heterogeneous_data_handler': {'enabled': False}, 'client_registry': {'enabled': True}}
Accuracy ok: Selector activated ✅
Accuracy ok: Selector activated ✅
Client Client 3 participates in this round. (CPU: 2, RAM: 2)
Client Client 1 participates in this round. (CPU: 2, RAM: 2)
Client Client 2 participates in this round. (CPU: 2, RAM: 2)
Client Client 5 has insufficient CPU (1). Will not participate in the next FL round.
Client Client 6 has insufficient CPU (1). Will not participate in the next FL round.
Client Client 4 participates in this round. (CPU: 2, RAM: 2)
Results Aggregated in 51.51 seconds.
{'CNN 16k': {'train_loss': [3578.638069331646, 3212.8605168163776, 2737.501655379931, 2492.2400151491165, 2395.3562245815992, 2273.6183172911406, 2206.3136463314295, 2181.9373213499784, 2110.612938180566, 2062.3774565160275, 2022.2207221090794], 'train_accuracy': [0.16547, 0.27738, 0.35651666666666665, 0.41433333333333333, 0.44075, 0.467555, 0.485935, 0.498175, 0.513245, 0.522765, 0.53537], 'train_f1': [0.09115853160619736, 0.2479381561279297, 0.34405704339345294, 0.4034380416075389, 0.4307481050491333, 0.4603073373436928, 0.4785338491201401, 0.49343711882829666, 0.5067464932799339, 0.5163941234350204, 0.5311057418584824], 'train_mae': [3.3786149621009827, 2.793940007686615, 2.415640036265055, 2.2295800050099692, 2.0672900080680847, 1.9947450160980225, 1.9112299978733063, 1.8417800068855286, 1.7872450053691864, 1.7323899865150452, 1.6920700073242188], 'val_loss': [716.6886192560196, 643.159565359354, 546.5123200416565, 499.33153039216995, 481.10071659088135, 458.36498379707336, 446.436897829175, 443.1006373912096, 431.713883548975, 423.79563546180725, 417.9698578119278], 'val_accuracy': [0.164575, 0.282825, 0.35846666666666666, 0.414, 0.4395, 0.46655, 0.47925, 0.488975, 0.498625, 0.508175, 0.51825], 'val_f1': [0.09155058115720749, 0.2525680437684059, 0.34515851736068726, 0.40173472464084625, 0.4293653219938278, 0.45868273824453354, 0.4717293009161949, 0.483968161046505, 0.49247705191373825, 0.5017740949988365, 0.5138285160064697], 'val_mae': [3.3684500455856323, 2.772949993610382, 2.438283363978068, 2.2496333519617715, 2.083250045776367, 2.0032249987125397, 1.9338500201702118, 1.867225021123886, 1.8298249542713165, 1.775199979543686, 1.7451000213623047]}}
AdaptationManager: Configuring next round...
{'client_registry': {'enabled': True, 'params': {}}, 'client_selector': {'enabled': True, 'params': {'selection_strategy': 'Resource-Based', 'selection_criteria': 'CPU', 'selection_value': 2}}, 'client_cluster': {'enabled': False, 'params': {}}, 'message_compressor': {'enabled': False, 'params': {}}, 'model_co-versioning_registry': {'enabled': False, 'params': {}}, 'multi-task_model_trainer': {'enabled': False, 'params': {}}, 'heterogeneous_data_handler': {'enabled': False, 'params': {}}}
{'client_selector': {'enabled': True}, 'client_cluster': {'enabled': False}, 'message_compressor': {'enabled': False}, 'model_co-versioning_registry': {'enabled': False}, 'multi-task_model_trainer': {'enabled': False}, 'heterogeneous_data_handler': {'enabled': False}, 'client_registry': {'enabled': True}}
Accuracy ok: Selector activated ✅
Accuracy ok: Selector activated ✅
Client Client 1 participates in this round. (CPU: 2, RAM: 2)
Client Client 2 participates in this round. (CPU: 2, RAM: 2)
Client Client 4 participates in this round. (CPU: 2, RAM: 2)
Client Client 3 participates in this round. (CPU: 2, RAM: 2)
Client Client 6 has insufficient CPU (1). Will not participate in the next FL round.
Client Client 5 has insufficient CPU (1). Will not participate in the next FL round.
Results Aggregated in 49.95 seconds.
{'CNN 16k': {'train_loss': [3578.638069331646, 3212.8605168163776, 2737.501655379931, 2492.2400151491165, 2395.3562245815992, 2273.6183172911406, 2206.3136463314295, 2181.9373213499784, 2110.612938180566, 2062.3774565160275, 2022.2207221090794, 2000.965531051159], 'train_accuracy': [0.16547, 0.27738, 0.35651666666666665, 0.41433333333333333, 0.44075, 0.467555, 0.485935, 0.498175, 0.513245, 0.522765, 0.53537, 0.538735], 'train_f1': [0.09115853160619736, 0.2479381561279297, 0.34405704339345294, 0.4034380416075389, 0.4307481050491333, 0.4603073373436928, 0.4785338491201401, 0.49343711882829666, 0.5067464932799339, 0.5163941234350204, 0.5311057418584824, 0.5331937670707703], 'train_mae': [3.3786149621009827, 2.793940007686615, 2.415640036265055, 2.2295800050099692, 2.0672900080680847, 1.9947450160980225, 1.9112299978733063, 1.8417800068855286, 1.7872450053691864, 1.7323899865150452, 1.6920700073242188, 1.66942498087883], 'val_loss': [716.6886192560196, 643.159565359354, 546.5123200416565, 499.33153039216995, 481.10071659088135, 458.36498379707336, 446.436897829175, 443.1006373912096, 431.713883548975, 423.79563546180725, 417.9698578119278, 415.4515873938799], 'val_accuracy': [0.164575, 0.282825, 0.35846666666666666, 0.414, 0.4395, 0.46655, 0.47925, 0.488975, 0.498625, 0.508175, 0.51825, 0.519475], 'val_f1': [0.09155058115720749, 0.2525680437684059, 0.34515851736068726, 0.40173472464084625, 0.4293653219938278, 0.45868273824453354, 0.4717293009161949, 0.483968161046505, 0.49247705191373825, 0.5017740949988365, 0.5138285160064697, 0.5130793303251266], 'val_mae': [3.3684500455856323, 2.772949993610382, 2.438283363978068, 2.2496333519617715, 2.083250045776367, 2.0032249987125397, 1.9338500201702118, 1.867225021123886, 1.8298249542713165, 1.775199979543686, 1.7451000213623047, 1.733225017786026]}}
AdaptationManager: Configuring next round...
{'client_registry': {'enabled': True, 'params': {}}, 'client_selector': {'enabled': True, 'params': {'selection_strategy': 'Resource-Based', 'selection_criteria': 'CPU', 'selection_value': 2}}, 'client_cluster': {'enabled': False, 'params': {}}, 'message_compressor': {'enabled': False, 'params': {}}, 'model_co-versioning_registry': {'enabled': False, 'params': {}}, 'multi-task_model_trainer': {'enabled': False, 'params': {}}, 'heterogeneous_data_handler': {'enabled': False, 'params': {}}}
{'client_selector': {'enabled': True}, 'client_cluster': {'enabled': False}, 'message_compressor': {'enabled': False}, 'model_co-versioning_registry': {'enabled': False}, 'multi-task_model_trainer': {'enabled': False}, 'heterogeneous_data_handler': {'enabled': False}, 'client_registry': {'enabled': True}}
Accuracy too low or decreasing, Selector de-activated ❌
Accuracy too low or decreasing, Selector de-activated ❌
Results Aggregated in 58.44 seconds.
{'CNN 16k': {'train_loss': [3578.638069331646, 3212.8605168163776, 2737.501655379931, 2492.2400151491165, 2395.3562245815992, 2273.6183172911406, 2206.3136463314295, 2181.9373213499784, 2110.612938180566, 2062.3774565160275, 2022.2207221090794, 2000.965531051159, 1971.0094448129337], 'train_accuracy': [0.16547, 0.27738, 0.35651666666666665, 0.41433333333333333, 0.44075, 0.467555, 0.485935, 0.498175, 0.513245, 0.522765, 0.53537, 0.538735, 0.5476966666666667], 'train_f1': [0.09115853160619736, 0.2479381561279297, 0.34405704339345294, 0.4034380416075389, 0.4307481050491333, 0.4603073373436928, 0.4785338491201401, 0.49343711882829666, 0.5067464932799339, 0.5163941234350204, 0.5311057418584824, 0.5331937670707703, 0.5448583463827769], 'train_mae': [3.3786149621009827, 2.793940007686615, 2.415640036265055, 2.2295800050099692, 2.0672900080680847, 1.9947450160980225, 1.9112299978733063, 1.8417800068855286, 1.7872450053691864, 1.7323899865150452, 1.6920700073242188, 1.66942498087883, 1.6160632967948914], 'val_loss': [716.6886192560196, 643.159565359354, 546.5123200416565, 499.33153039216995, 481.10071659088135, 458.36498379707336, 446.436897829175, 443.1006373912096, 431.713883548975, 423.79563546180725, 417.9698578119278, 415.4515873938799, 410.62956536809605], 'val_accuracy': [0.164575, 0.282825, 0.35846666666666666, 0.414, 0.4395, 0.46655, 0.47925, 0.488975, 0.498625, 0.508175, 0.51825, 0.519475, 0.528], 'val_f1': [0.09155058115720749, 0.2525680437684059, 0.34515851736068726, 0.40173472464084625, 0.4293653219938278, 0.45868273824453354, 0.4717293009161949, 0.483968161046505, 0.49247705191373825, 0.5017740949988365, 0.5138285160064697, 0.5130793303251266, 0.5246602793534597], 'val_mae': [3.3684500455856323, 2.772949993610382, 2.438283363978068, 2.2496333519617715, 2.083250045776367, 2.0032249987125397, 1.9338500201702118, 1.867225021123886, 1.8298249542713165, 1.775199979543686, 1.7451000213623047, 1.733225017786026, 1.6795999805132549]}}
AdaptationManager: Configuring next round...
{'client_registry': {'enabled': True, 'params': {}}, 'client_selector': {'enabled': True, 'params': {'selection_strategy': 'Resource-Based', 'selection_criteria': 'CPU', 'selection_value': 2}}, 'client_cluster': {'enabled': False, 'params': {}}, 'message_compressor': {'enabled': False, 'params': {}}, 'model_co-versioning_registry': {'enabled': False, 'params': {}}, 'multi-task_model_trainer': {'enabled': False, 'params': {}}, 'heterogeneous_data_handler': {'enabled': False, 'params': {}}}
{'client_selector': {'enabled': False}, 'client_cluster': {'enabled': False}, 'message_compressor': {'enabled': False}, 'model_co-versioning_registry': {'enabled': False}, 'multi-task_model_trainer': {'enabled': False}, 'heterogeneous_data_handler': {'enabled': False}, 'client_registry': {'enabled': False}}
Accuracy ok: Selector activated ✅
Accuracy ok: Selector activated ✅
Client Client 1 participates in this round. (CPU: 2, RAM: 2)
Client Client 3 participates in this round. (CPU: 2, RAM: 2)
Client Client 4 participates in this round. (CPU: 2, RAM: 2)
Client Client 6 has insufficient CPU (1). Will not participate in the next FL round.
Client Client 5 has insufficient CPU (1). Will not participate in the next FL round.
Client Client 2 participates in this round. (CPU: 2, RAM: 2)
Results Aggregated in 51.04 seconds.
{'CNN 16k': {'train_loss': [3578.638069331646, 3212.8605168163776, 2737.501655379931, 2492.2400151491165, 2395.3562245815992, 2273.6183172911406, 2206.3136463314295, 2181.9373213499784, 2110.612938180566, 2062.3774565160275, 2022.2207221090794, 2000.965531051159, 1971.0094448129337, 1947.6764294803143], 'train_accuracy': [0.16547, 0.27738, 0.35651666666666665, 0.41433333333333333, 0.44075, 0.467555, 0.485935, 0.498175, 0.513245, 0.522765, 0.53537, 0.538735, 0.5476966666666667, 0.552555], 'train_f1': [0.09115853160619736, 0.2479381561279297, 0.34405704339345294, 0.4034380416075389, 0.4307481050491333, 0.4603073373436928, 0.4785338491201401, 0.49343711882829666, 0.5067464932799339, 0.5163941234350204, 0.5311057418584824, 0.5331937670707703, 0.5448583463827769, 0.5430180430412292], 'train_mae': [3.3786149621009827, 2.793940007686615, 2.415640036265055, 2.2295800050099692, 2.0672900080680847, 1.9947450160980225, 1.9112299978733063, 1.8417800068855286, 1.7872450053691864, 1.7323899865150452, 1.6920700073242188, 1.66942498087883, 1.6160632967948914, 1.6419299840927124], 'val_loss': [716.6886192560196, 643.159565359354, 546.5123200416565, 499.33153039216995, 481.10071659088135, 458.36498379707336, 446.436897829175, 443.1006373912096, 431.713883548975, 423.79563546180725, 417.9698578119278, 415.4515873938799, 410.62956536809605, 407.90151031315327], 'val_accuracy': [0.164575, 0.282825, 0.35846666666666666, 0.414, 0.4395, 0.46655, 0.47925, 0.488975, 0.498625, 0.508175, 0.51825, 0.519475, 0.528, 0.532625], 'val_f1': [0.09155058115720749, 0.2525680437684059, 0.34515851736068726, 0.40173472464084625, 0.4293653219938278, 0.45868273824453354, 0.4717293009161949, 0.483968161046505, 0.49247705191373825, 0.5017740949988365, 0.5138285160064697, 0.5130793303251266, 0.5246602793534597, 0.5227741301059723], 'val_mae': [3.3684500455856323, 2.772949993610382, 2.438283363978068, 2.2496333519617715, 2.083250045776367, 2.0032249987125397, 1.9338500201702118, 1.867225021123886, 1.8298249542713165, 1.775199979543686, 1.7451000213623047, 1.733225017786026, 1.6795999805132549, 1.707025021314621]}}
AdaptationManager: Configuring next round...
{'client_registry': {'enabled': True, 'params': {}}, 'client_selector': {'enabled': True, 'params': {'selection_strategy': 'Resource-Based', 'selection_criteria': 'CPU', 'selection_value': 2}}, 'client_cluster': {'enabled': False, 'params': {}}, 'message_compressor': {'enabled': False, 'params': {}}, 'model_co-versioning_registry': {'enabled': False, 'params': {}}, 'multi-task_model_trainer': {'enabled': False, 'params': {}}, 'heterogeneous_data_handler': {'enabled': False, 'params': {}}}
{'client_selector': {'enabled': True}, 'client_cluster': {'enabled': False}, 'message_compressor': {'enabled': False}, 'model_co-versioning_registry': {'enabled': False}, 'multi-task_model_trainer': {'enabled': False}, 'heterogeneous_data_handler': {'enabled': False}, 'client_registry': {'enabled': True}}
Accuracy too low or decreasing, Selector de-activated ❌
Accuracy too low or decreasing, Selector de-activated ❌
Results Aggregated in 57.34 seconds.
{'CNN 16k': {'train_loss': [3578.638069331646, 3212.8605168163776, 2737.501655379931, 2492.2400151491165, 2395.3562245815992, 2273.6183172911406, 2206.3136463314295, 2181.9373213499784, 2110.612938180566, 2062.3774565160275, 2022.2207221090794, 2000.965531051159, 1971.0094448129337, 1947.6764294803143, 1899.9198551177979], 'train_accuracy': [0.16547, 0.27738, 0.35651666666666665, 0.41433333333333333, 0.44075, 0.467555, 0.485935, 0.498175, 0.513245, 0.522765, 0.53537, 0.538735, 0.5476966666666667, 0.552555, 0.56463], 'train_f1': [0.09115853160619736, 0.2479381561279297, 0.34405704339345294, 0.4034380416075389, 0.4307481050491333, 0.4603073373436928, 0.4785338491201401, 0.49343711882829666, 0.5067464932799339, 0.5163941234350204, 0.5311057418584824, 0.5331937670707703, 0.5448583463827769, 0.5430180430412292, 0.5598785877227783], 'train_mae': [3.3786149621009827, 2.793940007686615, 2.415640036265055, 2.2295800050099692, 2.0672900080680847, 1.9947450160980225, 1.9112299978733063, 1.8417800068855286, 1.7872450053691864, 1.7323899865150452, 1.6920700073242188, 1.66942498087883, 1.6160632967948914, 1.6419299840927124, 1.5606833299001057], 'val_loss': [716.6886192560196, 643.159565359354, 546.5123200416565, 499.33153039216995, 481.10071659088135, 458.36498379707336, 446.436897829175, 443.1006373912096, 431.713883548975, 423.79563546180725, 417.9698578119278, 415.4515873938799, 410.62956536809605, 407.90151031315327, 400.88288341959316], 'val_accuracy': [0.164575, 0.282825, 0.35846666666666666, 0.414, 0.4395, 0.46655, 0.47925, 0.488975, 0.498625, 0.508175, 0.51825, 0.519475, 0.528, 0.532625, 0.5408333333333334], 'val_f1': [0.09155058115720749, 0.2525680437684059, 0.34515851736068726, 0.40173472464084625, 0.4293653219938278, 0.45868273824453354, 0.4717293009161949, 0.483968161046505, 0.49247705191373825, 0.5017740949988365, 0.5138285160064697, 0.5130793303251266, 0.5246602793534597, 0.5227741301059723, 0.535625288883845], 'val_mae': [3.3684500455856323, 2.772949993610382, 2.438283363978068, 2.2496333519617715, 2.083250045776367, 2.0032249987125397, 1.9338500201702118, 1.867225021123886, 1.8298249542713165, 1.775199979543686, 1.7451000213623047, 1.733225017786026, 1.6795999805132549, 1.707025021314621, 1.640933334827423]}}
AdaptationManager: Configuring next round...
{'client_registry': {'enabled': True, 'params': {}}, 'client_selector': {'enabled': True, 'params': {'selection_strategy': 'Resource-Based', 'selection_criteria': 'CPU', 'selection_value': 2}}, 'client_cluster': {'enabled': False, 'params': {}}, 'message_compressor': {'enabled': False, 'params': {}}, 'model_co-versioning_registry': {'enabled': False, 'params': {}}, 'multi-task_model_trainer': {'enabled': False, 'params': {}}, 'heterogeneous_data_handler': {'enabled': False, 'params': {}}}
{'client_selector': {'enabled': False}, 'client_cluster': {'enabled': False}, 'message_compressor': {'enabled': False}, 'model_co-versioning_registry': {'enabled': False}, 'multi-task_model_trainer': {'enabled': False}, 'heterogeneous_data_handler': {'enabled': False}, 'client_registry': {'enabled': False}}
Accuracy ok: Selector activated ✅
Accuracy ok: Selector activated ✅
Client Client 1 participates in this round. (CPU: 2, RAM: 2)
Client Client 4 participates in this round. (CPU: 2, RAM: 2)
Client Client 3 participates in this round. (CPU: 2, RAM: 2)
Client Client 6 has insufficient CPU (1). Will not participate in the next FL round.
Client Client 5 has insufficient CPU (1). Will not participate in the next FL round.
Client Client 2 participates in this round. (CPU: 2, RAM: 2)
Results Aggregated in 51.93 seconds.
{'CNN 16k': {'train_loss': [3578.638069331646, 3212.8605168163776, 2737.501655379931, 2492.2400151491165, 2395.3562245815992, 2273.6183172911406, 2206.3136463314295, 2181.9373213499784, 2110.612938180566, 2062.3774565160275, 2022.2207221090794, 2000.965531051159, 1971.0094448129337, 1947.6764294803143, 1899.9198551177979, 1862.4587151259184], 'train_accuracy': [0.16547, 0.27738, 0.35651666666666665, 0.41433333333333333, 0.44075, 0.467555, 0.485935, 0.498175, 0.513245, 0.522765, 0.53537, 0.538735, 0.5476966666666667, 0.552555, 0.56463, 0.573465], 'train_f1': [0.09115853160619736, 0.2479381561279297, 0.34405704339345294, 0.4034380416075389, 0.4307481050491333, 0.4603073373436928, 0.4785338491201401, 0.49343711882829666, 0.5067464932799339, 0.5163941234350204, 0.5311057418584824, 0.5331937670707703, 0.5448583463827769, 0.5430180430412292, 0.5598785877227783, 0.5693535357713699], 'train_mae': [3.3786149621009827, 2.793940007686615, 2.415640036265055, 2.2295800050099692, 2.0672900080680847, 1.9947450160980225, 1.9112299978733063, 1.8417800068855286, 1.7872450053691864, 1.7323899865150452, 1.6920700073242188, 1.66942498087883, 1.6160632967948914, 1.6419299840927124, 1.5606833299001057, 1.5350349843502045], 'val_loss': [716.6886192560196, 643.159565359354, 546.5123200416565, 499.33153039216995, 481.10071659088135, 458.36498379707336, 446.436897829175, 443.1006373912096, 431.713883548975, 423.79563546180725, 417.9698578119278, 415.4515873938799, 410.62956536809605, 407.90151031315327, 400.88288341959316, 396.12390288710594], 'val_accuracy': [0.164575, 0.282825, 0.35846666666666666, 0.414, 0.4395, 0.46655, 0.47925, 0.488975, 0.498625, 0.508175, 0.51825, 0.519475, 0.528, 0.532625, 0.5408333333333334, 0.54735], 'val_f1': [0.09155058115720749, 0.2525680437684059, 0.34515851736068726, 0.40173472464084625, 0.4293653219938278, 0.45868273824453354, 0.4717293009161949, 0.483968161046505, 0.49247705191373825, 0.5017740949988365, 0.5138285160064697, 0.5130793303251266, 0.5246602793534597, 0.5227741301059723, 0.535625288883845, 0.542904332280159], 'val_mae': [3.3684500455856323, 2.772949993610382, 2.438283363978068, 2.2496333519617715, 2.083250045776367, 2.0032249987125397, 1.9338500201702118, 1.867225021123886, 1.8298249542713165, 1.775199979543686, 1.7451000213623047, 1.733225017786026, 1.6795999805132549, 1.707025021314621, 1.640933334827423, 1.6181749999523163]}}
AdaptationManager: Configuring next round...
{'client_registry': {'enabled': True, 'params': {}}, 'client_selector': {'enabled': True, 'params': {'selection_strategy': 'Resource-Based', 'selection_criteria': 'CPU', 'selection_value': 2}}, 'client_cluster': {'enabled': False, 'params': {}}, 'message_compressor': {'enabled': False, 'params': {}}, 'model_co-versioning_registry': {'enabled': False, 'params': {}}, 'multi-task_model_trainer': {'enabled': False, 'params': {}}, 'heterogeneous_data_handler': {'enabled': False, 'params': {}}}
{'client_selector': {'enabled': True}, 'client_cluster': {'enabled': False}, 'message_compressor': {'enabled': False}, 'model_co-versioning_registry': {'enabled': False}, 'multi-task_model_trainer': {'enabled': False}, 'heterogeneous_data_handler': {'enabled': False}, 'client_registry': {'enabled': True}}
Accuracy ok: Selector activated ✅
Accuracy ok: Selector activated ✅
Client Client 2 participates in this round. (CPU: 2, RAM: 2)
Client Client 4 participates in this round. (CPU: 2, RAM: 2)
Client Client 3 participates in this round. (CPU: 2, RAM: 2)
Client Client 1 participates in this round. (CPU: 2, RAM: 2)
Client Client 5 has insufficient CPU (1). Will not participate in the next FL round.
Client Client 6 has insufficient CPU (1). Will not participate in the next FL round.
Results Aggregated in 54.12 seconds.
{'CNN 16k': {'train_loss': [3578.638069331646, 3212.8605168163776, 2737.501655379931, 2492.2400151491165, 2395.3562245815992, 2273.6183172911406, 2206.3136463314295, 2181.9373213499784, 2110.612938180566, 2062.3774565160275, 2022.2207221090794, 2000.965531051159, 1971.0094448129337, 1947.6764294803143, 1899.9198551177979, 1862.4587151259184, 1865.6065652668476], 'train_accuracy': [0.16547, 0.27738, 0.35651666666666665, 0.41433333333333333, 0.44075, 0.467555, 0.485935, 0.498175, 0.513245, 0.522765, 0.53537, 0.538735, 0.5476966666666667, 0.552555, 0.56463, 0.573465, 0.575645], 'train_f1': [0.09115853160619736, 0.2479381561279297, 0.34405704339345294, 0.4034380416075389, 0.4307481050491333, 0.4603073373436928, 0.4785338491201401, 0.49343711882829666, 0.5067464932799339, 0.5163941234350204, 0.5311057418584824, 0.5331937670707703, 0.5448583463827769, 0.5430180430412292, 0.5598785877227783, 0.5693535357713699, 0.5740355253219604], 'train_mae': [3.3786149621009827, 2.793940007686615, 2.415640036265055, 2.2295800050099692, 2.0672900080680847, 1.9947450160980225, 1.9112299978733063, 1.8417800068855286, 1.7872450053691864, 1.7323899865150452, 1.6920700073242188, 1.66942498087883, 1.6160632967948914, 1.6419299840927124, 1.5606833299001057, 1.5350349843502045, 1.5019800066947937], 'val_loss': [716.6886192560196, 643.159565359354, 546.5123200416565, 499.33153039216995, 481.10071659088135, 458.36498379707336, 446.436897829175, 443.1006373912096, 431.713883548975, 423.79563546180725, 417.9698578119278, 415.4515873938799, 410.62956536809605, 407.90151031315327, 400.88288341959316, 396.12390288710594, 398.28040838241577], 'val_accuracy': [0.164575, 0.282825, 0.35846666666666666, 0.414, 0.4395, 0.46655, 0.47925, 0.488975, 0.498625, 0.508175, 0.51825, 0.519475, 0.528, 0.532625, 0.5408333333333334, 0.54735, 0.54865], 'val_f1': [0.09155058115720749, 0.2525680437684059, 0.34515851736068726, 0.40173472464084625, 0.4293653219938278, 0.45868273824453354, 0.4717293009161949, 0.483968161046505, 0.49247705191373825, 0.5017740949988365, 0.5138285160064697, 0.5130793303251266, 0.5246602793534597, 0.5227741301059723, 0.535625288883845, 0.542904332280159, 0.5464885532855988], 'val_mae': [3.3684500455856323, 2.772949993610382, 2.438283363978068, 2.2496333519617715, 2.083250045776367, 2.0032249987125397, 1.9338500201702118, 1.867225021123886, 1.8298249542713165, 1.775199979543686, 1.7451000213623047, 1.733225017786026, 1.6795999805132549, 1.707025021314621, 1.640933334827423, 1.6181749999523163, 1.592074990272522]}}
AdaptationManager: Configuring next round...
{'client_registry': {'enabled': True, 'params': {}}, 'client_selector': {'enabled': True, 'params': {'selection_strategy': 'Resource-Based', 'selection_criteria': 'CPU', 'selection_value': 2}}, 'client_cluster': {'enabled': False, 'params': {}}, 'message_compressor': {'enabled': False, 'params': {}}, 'model_co-versioning_registry': {'enabled': False, 'params': {}}, 'multi-task_model_trainer': {'enabled': False, 'params': {}}, 'heterogeneous_data_handler': {'enabled': False, 'params': {}}}
{'client_selector': {'enabled': True}, 'client_cluster': {'enabled': False}, 'message_compressor': {'enabled': False}, 'model_co-versioning_registry': {'enabled': False}, 'multi-task_model_trainer': {'enabled': False}, 'heterogeneous_data_handler': {'enabled': False}, 'client_registry': {'enabled': True}}
Accuracy ok: Selector activated ✅
Accuracy ok: Selector activated ✅
Client Client 3 participates in this round. (CPU: 2, RAM: 2)
Client Client 1 participates in this round. (CPU: 2, RAM: 2)
Client Client 2 participates in this round. (CPU: 2, RAM: 2)
Client Client 4 participates in this round. (CPU: 2, RAM: 2)
Client Client 6 has insufficient CPU (1). Will not participate in the next FL round.
Client Client 5 has insufficient CPU (1). Will not participate in the next FL round.
Results Aggregated in 50.46 seconds.
{'CNN 16k': {'train_loss': [3578.638069331646, 3212.8605168163776, 2737.501655379931, 2492.2400151491165, 2395.3562245815992, 2273.6183172911406, 2206.3136463314295, 2181.9373213499784, 2110.612938180566, 2062.3774565160275, 2022.2207221090794, 2000.965531051159, 1971.0094448129337, 1947.6764294803143, 1899.9198551177979, 1862.4587151259184, 1865.6065652668476, 1849.6041154265404], 'train_accuracy': [0.16547, 0.27738, 0.35651666666666665, 0.41433333333333333, 0.44075, 0.467555, 0.485935, 0.498175, 0.513245, 0.522765, 0.53537, 0.538735, 0.5476966666666667, 0.552555, 0.56463, 0.573465, 0.575645, 0.57681], 'train_f1': [0.09115853160619736, 0.2479381561279297, 0.34405704339345294, 0.4034380416075389, 0.4307481050491333, 0.4603073373436928, 0.4785338491201401, 0.49343711882829666, 0.5067464932799339, 0.5163941234350204, 0.5311057418584824, 0.5331937670707703, 0.5448583463827769, 0.5430180430412292, 0.5598785877227783, 0.5693535357713699, 0.5740355253219604, 0.5728390961885452], 'train_mae': [3.3786149621009827, 2.793940007686615, 2.415640036265055, 2.2295800050099692, 2.0672900080680847, 1.9947450160980225, 1.9112299978733063, 1.8417800068855286, 1.7872450053691864, 1.7323899865150452, 1.6920700073242188, 1.66942498087883, 1.6160632967948914, 1.6419299840927124, 1.5606833299001057, 1.5350349843502045, 1.5019800066947937, 1.5030999779701233], 'val_loss': [716.6886192560196, 643.159565359354, 546.5123200416565, 499.33153039216995, 481.10071659088135, 458.36498379707336, 446.436897829175, 443.1006373912096, 431.713883548975, 423.79563546180725, 417.9698578119278, 415.4515873938799, 410.62956536809605, 407.90151031315327, 400.88288341959316, 396.12390288710594, 398.28040838241577, 397.28451758623123], 'val_accuracy': [0.164575, 0.282825, 0.35846666666666666, 0.414, 0.4395, 0.46655, 0.47925, 0.488975, 0.498625, 0.508175, 0.51825, 0.519475, 0.528, 0.532625, 0.5408333333333334, 0.54735, 0.54865, 0.546275], 'val_f1': [0.09155058115720749, 0.2525680437684059, 0.34515851736068726, 0.40173472464084625, 0.4293653219938278, 0.45868273824453354, 0.4717293009161949, 0.483968161046505, 0.49247705191373825, 0.5017740949988365, 0.5138285160064697, 0.5130793303251266, 0.5246602793534597, 0.5227741301059723, 0.535625288883845, 0.542904332280159, 0.5464885532855988, 0.541780561208725], 'val_mae': [3.3684500455856323, 2.772949993610382, 2.438283363978068, 2.2496333519617715, 2.083250045776367, 2.0032249987125397, 1.9338500201702118, 1.867225021123886, 1.8298249542713165, 1.775199979543686, 1.7451000213623047, 1.733225017786026, 1.6795999805132549, 1.707025021314621, 1.640933334827423, 1.6181749999523163, 1.592074990272522, 1.601074993610382]}}
AdaptationManager: Configuring next round...
{'client_registry': {'enabled': True, 'params': {}}, 'client_selector': {'enabled': True, 'params': {'selection_strategy': 'Resource-Based', 'selection_criteria': 'CPU', 'selection_value': 2}}, 'client_cluster': {'enabled': False, 'params': {}}, 'message_compressor': {'enabled': False, 'params': {}}, 'model_co-versioning_registry': {'enabled': False, 'params': {}}, 'multi-task_model_trainer': {'enabled': False, 'params': {}}, 'heterogeneous_data_handler': {'enabled': False, 'params': {}}}
{'client_selector': {'enabled': True}, 'client_cluster': {'enabled': False}, 'message_compressor': {'enabled': False}, 'model_co-versioning_registry': {'enabled': False}, 'multi-task_model_trainer': {'enabled': False}, 'heterogeneous_data_handler': {'enabled': False}, 'client_registry': {'enabled': True}}
Accuracy too low or decreasing, Selector de-activated ❌
Accuracy too low or decreasing, Selector de-activated ❌
Results Aggregated in 58.03 seconds.
{'CNN 16k': {'train_loss': [3578.638069331646, 3212.8605168163776, 2737.501655379931, 2492.2400151491165, 2395.3562245815992, 2273.6183172911406, 2206.3136463314295, 2181.9373213499784, 2110.612938180566, 2062.3774565160275, 2022.2207221090794, 2000.965531051159, 1971.0094448129337, 1947.6764294803143, 1899.9198551177979, 1862.4587151259184, 1865.6065652668476, 1849.6041154265404, 1809.7018489738305], 'train_accuracy': [0.16547, 0.27738, 0.35651666666666665, 0.41433333333333333, 0.44075, 0.467555, 0.485935, 0.498175, 0.513245, 0.522765, 0.53537, 0.538735, 0.5476966666666667, 0.552555, 0.56463, 0.573465, 0.575645, 0.57681, 0.58704], 'train_f1': [0.09115853160619736, 0.2479381561279297, 0.34405704339345294, 0.4034380416075389, 0.4307481050491333, 0.4603073373436928, 0.4785338491201401, 0.49343711882829666, 0.5067464932799339, 0.5163941234350204, 0.5311057418584824, 0.5331937670707703, 0.5448583463827769, 0.5430180430412292, 0.5598785877227783, 0.5693535357713699, 0.5740355253219604, 0.5728390961885452, 0.5856733620166779], 'train_mae': [3.3786149621009827, 2.793940007686615, 2.415640036265055, 2.2295800050099692, 2.0672900080680847, 1.9947450160980225, 1.9112299978733063, 1.8417800068855286, 1.7872450053691864, 1.7323899865150452, 1.6920700073242188, 1.66942498087883, 1.6160632967948914, 1.6419299840927124, 1.5606833299001057, 1.5350349843502045, 1.5019800066947937, 1.5030999779701233, 1.4512033263842266], 'val_loss': [716.6886192560196, 643.159565359354, 546.5123200416565, 499.33153039216995, 481.10071659088135, 458.36498379707336, 446.436897829175, 443.1006373912096, 431.713883548975, 423.79563546180725, 417.9698578119278, 415.4515873938799, 410.62956536809605, 407.90151031315327, 400.88288341959316, 396.12390288710594, 398.28040838241577, 397.28451758623123, 392.2538193265597], 'val_accuracy': [0.164575, 0.282825, 0.35846666666666666, 0.414, 0.4395, 0.46655, 0.47925, 0.488975, 0.498625, 0.508175, 0.51825, 0.519475, 0.528, 0.532625, 0.5408333333333334, 0.54735, 0.54865, 0.546275, 0.5523666666666667], 'val_f1': [0.09155058115720749, 0.2525680437684059, 0.34515851736068726, 0.40173472464084625, 0.4293653219938278, 0.45868273824453354, 0.4717293009161949, 0.483968161046505, 0.49247705191373825, 0.5017740949988365, 0.5138285160064697, 0.5130793303251266, 0.5246602793534597, 0.5227741301059723, 0.535625288883845, 0.542904332280159, 0.5464885532855988, 0.541780561208725, 0.5505658586819967], 'val_mae': [3.3684500455856323, 2.772949993610382, 2.438283363978068, 2.2496333519617715, 2.083250045776367, 2.0032249987125397, 1.9338500201702118, 1.867225021123886, 1.8298249542713165, 1.775199979543686, 1.7451000213623047, 1.733225017786026, 1.6795999805132549, 1.707025021314621, 1.640933334827423, 1.6181749999523163, 1.592074990272522, 1.601074993610382, 1.5720667044321697]}}
AdaptationManager: Configuring next round...
{'client_registry': {'enabled': True, 'params': {}}, 'client_selector': {'enabled': True, 'params': {'selection_strategy': 'Resource-Based', 'selection_criteria': 'CPU', 'selection_value': 2}}, 'client_cluster': {'enabled': False, 'params': {}}, 'message_compressor': {'enabled': False, 'params': {}}, 'model_co-versioning_registry': {'enabled': False, 'params': {}}, 'multi-task_model_trainer': {'enabled': False, 'params': {}}, 'heterogeneous_data_handler': {'enabled': False, 'params': {}}}
{'client_selector': {'enabled': False}, 'client_cluster': {'enabled': False}, 'message_compressor': {'enabled': False}, 'model_co-versioning_registry': {'enabled': False}, 'multi-task_model_trainer': {'enabled': False}, 'heterogeneous_data_handler': {'enabled': False}, 'client_registry': {'enabled': False}}
Accuracy ok: Selector activated ✅
Accuracy ok: Selector activated ✅
Client Client 4 participates in this round. (CPU: 2, RAM: 2)
Client Client 6 has insufficient CPU (1). Will not participate in the next FL round.
Client Client 2 participates in this round. (CPU: 2, RAM: 2)
Client Client 1 participates in this round. (CPU: 2, RAM: 2)
Client Client 3 participates in this round. (CPU: 2, RAM: 2)
Client Client 5 has insufficient CPU (1). Will not participate in the next FL round.
Results Aggregated in 50.70 seconds.
{'CNN 16k': {'train_loss': [3578.638069331646, 3212.8605168163776, 2737.501655379931, 2492.2400151491165, 2395.3562245815992, 2273.6183172911406, 2206.3136463314295, 2181.9373213499784, 2110.612938180566, 2062.3774565160275, 2022.2207221090794, 2000.965531051159, 1971.0094448129337, 1947.6764294803143, 1899.9198551177979, 1862.4587151259184, 1865.6065652668476, 1849.6041154265404, 1809.7018489738305, 1779.7970878258348], 'train_accuracy': [0.16547, 0.27738, 0.35651666666666665, 0.41433333333333333, 0.44075, 0.467555, 0.485935, 0.498175, 0.513245, 0.522765, 0.53537, 0.538735, 0.5476966666666667, 0.552555, 0.56463, 0.573465, 0.575645, 0.57681, 0.58704, 0.59463], 'train_f1': [0.09115853160619736, 0.2479381561279297, 0.34405704339345294, 0.4034380416075389, 0.4307481050491333, 0.4603073373436928, 0.4785338491201401, 0.49343711882829666, 0.5067464932799339, 0.5163941234350204, 0.5311057418584824, 0.5331937670707703, 0.5448583463827769, 0.5430180430412292, 0.5598785877227783, 0.5693535357713699, 0.5740355253219604, 0.5728390961885452, 0.5856733620166779, 0.5939133763313293], 'train_mae': [3.3786149621009827, 2.793940007686615, 2.415640036265055, 2.2295800050099692, 2.0672900080680847, 1.9947450160980225, 1.9112299978733063, 1.8417800068855286, 1.7872450053691864, 1.7323899865150452, 1.6920700073242188, 1.66942498087883, 1.6160632967948914, 1.6419299840927124, 1.5606833299001057, 1.5350349843502045, 1.5019800066947937, 1.5030999779701233, 1.4512033263842266, 1.4185049831867218], 'val_loss': [716.6886192560196, 643.159565359354, 546.5123200416565, 499.33153039216995, 481.10071659088135, 458.36498379707336, 446.436897829175, 443.1006373912096, 431.713883548975, 423.79563546180725, 417.9698578119278, 415.4515873938799, 410.62956536809605, 407.90151031315327, 400.88288341959316, 396.12390288710594, 398.28040838241577, 397.28451758623123, 392.2538193265597, 388.44313910603523], 'val_accuracy': [0.164575, 0.282825, 0.35846666666666666, 0.414, 0.4395, 0.46655, 0.47925, 0.488975, 0.498625, 0.508175, 0.51825, 0.519475, 0.528, 0.532625, 0.5408333333333334, 0.54735, 0.54865, 0.546275, 0.5523666666666667, 0.558425], 'val_f1': [0.09155058115720749, 0.2525680437684059, 0.34515851736068726, 0.40173472464084625, 0.4293653219938278, 0.45868273824453354, 0.4717293009161949, 0.483968161046505, 0.49247705191373825, 0.5017740949988365, 0.5138285160064697, 0.5130793303251266, 0.5246602793534597, 0.5227741301059723, 0.535625288883845, 0.542904332280159, 0.5464885532855988, 0.541780561208725, 0.5505658586819967, 0.5570851266384125], 'val_mae': [3.3684500455856323, 2.772949993610382, 2.438283363978068, 2.2496333519617715, 2.083250045776367, 2.0032249987125397, 1.9338500201702118, 1.867225021123886, 1.8298249542713165, 1.775199979543686, 1.7451000213623047, 1.733225017786026, 1.6795999805132549, 1.707025021314621, 1.640933334827423, 1.6181749999523163, 1.592074990272522, 1.601074993610382, 1.5720667044321697, 1.54380002617836]}}
AdaptationManager: Configuring next round...
{'client_registry': {'enabled': True, 'params': {}}, 'client_selector': {'enabled': True, 'params': {'selection_strategy': 'Resource-Based', 'selection_criteria': 'CPU', 'selection_value': 2}}, 'client_cluster': {'enabled': False, 'params': {}}, 'message_compressor': {'enabled': False, 'params': {}}, 'model_co-versioning_registry': {'enabled': False, 'params': {}}, 'multi-task_model_trainer': {'enabled': False, 'params': {}}, 'heterogeneous_data_handler': {'enabled': False, 'params': {}}}
{'client_selector': {'enabled': True}, 'client_cluster': {'enabled': False}, 'message_compressor': {'enabled': False}, 'model_co-versioning_registry': {'enabled': False}, 'multi-task_model_trainer': {'enabled': False}, 'heterogeneous_data_handler': {'enabled': False}, 'client_registry': {'enabled': True}}
Accuracy ok: Selector activated ✅
Accuracy ok: Selector activated ✅
