==========================================
  ___  ______  ___ ______       _ 
 / _ \ | ___ \/   ||  ___|     | |
/ /_\ \| |_/ / /| || |_ ___  __| |
|  _  ||  __/ /_| ||  _/ _ \/ _` |
| | | || |  \___  || ||  __/ (_| |
\_| |_/\_|      |_/\_| \___|\__,_| v.1.5.0

==========================================
Simulation Started!
List of the Architectural Patterns enabled:
Adaptation Enabled ✅
Metric: val_f1, predictor-based: predictors/f1overtime_tree_regressor_2000.pkl
Client Registry ✅
Client Selector ✅
 AP Parameters: {'selection_strategy': 'Resource-Based', 'selection_criteria': 'CPU', 'selection_value': 2}
==========================================
Client Client 5 has insufficient CPU (1). Will not participate in the next FL round.
Client Client 6 has insufficient CPU (1). Will not participate in the next FL round.
Client Client 3 participates in this round. (CPU: 2, RAM: 2)
Client Client 2 participates in this round. (CPU: 2, RAM: 2)
Client Client 4 participates in this round. (CPU: 2, RAM: 2)
Client Client 1 participates in this round. (CPU: 2, RAM: 2)
Results Aggregated in 30.61 seconds.
{'CNN 16k': {'train_loss': [2.148051945734024], 'train_accuracy': [0.209], 'train_f1': [0.15863743560520474], 'train_mae': [3.0623], 'val_loss': [2.163355140066147], 'val_accuracy': [0.19775], 'val_f1': [0.14785687371713288], 'val_mae': [3.08895], 'jsd': [(0, 0, 0, 0, 0, 0)]}}
AdaptationManager: Configuring next round...
{'client_registry': {'enabled': True, 'params': {}}, 'client_selector': {'enabled': True, 'params': {'selection_strategy': 'Resource-Based', 'selection_criteria': 'CPU', 'selection_value': 2}}, 'client_cluster': {'enabled': False, 'params': {}}, 'message_compressor': {'enabled': False, 'params': {}}, 'model_co-versioning_registry': {'enabled': False, 'params': {}}, 'multi-task_model_trainer': {'enabled': False, 'params': {}}, 'heterogeneous_data_handler': {'enabled': False, 'params': {}}}
{'client_selector': {'enabled': True}, 'client_cluster': {'enabled': False}, 'message_compressor': {'enabled': False}, 'model_co-versioning_registry': {'enabled': False}, 'multi-task_model_trainer': {'enabled': False}, 'heterogeneous_data_handler': {'enabled': False}, 'client_registry': {'enabled': True, 'params': {}}}
100.0-iid clients, predicted wo:0.0053 vs w:0.0057, client_selector activated ✅
Client Client 2 participates in this round. (CPU: 2, RAM: 2)
Client Client 6 has insufficient CPU (1). Will not participate in the next FL round.
Client Client 4 participates in this round. (CPU: 2, RAM: 2)
Client Client 3 participates in this round. (CPU: 2, RAM: 2)
Client Client 1 participates in this round. (CPU: 2, RAM: 2)
Client Client 5 has insufficient CPU (1). Will not participate in the next FL round.
Results Aggregated in 31.57 seconds.
{'CNN 16k': {'train_loss': [2.148051945734024, 1.9770666862487793], 'train_accuracy': [0.209, 0.28315], 'train_f1': [0.15863743560520474, 0.24855833197991561], 'train_mae': [3.0623, 2.54565], 'val_loss': [2.163355140066147, 1.995774026107788], 'val_accuracy': [0.19775, 0.275875], 'val_f1': [0.14785687371713288, 0.2421270362889548], 'val_mae': [3.08895, 2.5621], 'jsd': [(0, 0, 0, 0, 0, 0), (0, 0, 0, 0, 0, 0)]}}
AdaptationManager: Configuring next round...
{'client_registry': {'enabled': True, 'params': {}}, 'client_selector': {'enabled': True, 'params': {'selection_strategy': 'Resource-Based', 'selection_criteria': 'CPU', 'selection_value': 2}}, 'client_cluster': {'enabled': False, 'params': {}}, 'message_compressor': {'enabled': False, 'params': {}}, 'model_co-versioning_registry': {'enabled': False, 'params': {}}, 'multi-task_model_trainer': {'enabled': False, 'params': {}}, 'heterogeneous_data_handler': {'enabled': False, 'params': {}}}
{'client_selector': {'enabled': True}, 'client_cluster': {'enabled': False}, 'message_compressor': {'enabled': False}, 'model_co-versioning_registry': {'enabled': False}, 'multi-task_model_trainer': {'enabled': False}, 'heterogeneous_data_handler': {'enabled': False}, 'client_registry': {'enabled': True, 'params': {}}}
100.0-iid clients, predicted wo:0.0077 vs w:0.0084, client_selector activated ✅
Client Client 2 participates in this round. (CPU: 2, RAM: 2)
Client Client 3 participates in this round. (CPU: 2, RAM: 2)
Client Client 6 has insufficient CPU (1). Will not participate in the next FL round.
Client Client 4 participates in this round. (CPU: 2, RAM: 2)
Client Client 1 participates in this round. (CPU: 2, RAM: 2)
Client Client 5 has insufficient CPU (1). Will not participate in the next FL round.
Results Aggregated in 36.24 seconds.
{'CNN 16k': {'train_loss': [2.148051945734024, 1.9770666862487793, 1.869685526227951], 'train_accuracy': [0.209, 0.28315, 0.31716666666666665], 'train_f1': [0.15863743560520474, 0.24855833197991561, 0.2883956057039091], 'train_mae': [3.0623, 2.54565, 2.4092666666666664], 'val_loss': [2.163355140066147, 1.995774026107788, 1.8902192290782929], 'val_accuracy': [0.19775, 0.275875, 0.31405], 'val_f1': [0.14785687371713288, 0.2421270362889548, 0.2857439857680255], 'val_mae': [3.08895, 2.5621, 2.4088], 'jsd': [(0, 0, 0, 0, 0, 0), (0, 0, 0, 0, 0, 0), (0, 0, 0, 0, 0, 0)]}}
AdaptationManager: Configuring next round...
{'client_registry': {'enabled': True, 'params': {}}, 'client_selector': {'enabled': True, 'params': {'selection_strategy': 'Resource-Based', 'selection_criteria': 'CPU', 'selection_value': 2}}, 'client_cluster': {'enabled': False, 'params': {}}, 'message_compressor': {'enabled': False, 'params': {}}, 'model_co-versioning_registry': {'enabled': False, 'params': {}}, 'multi-task_model_trainer': {'enabled': False, 'params': {}}, 'heterogeneous_data_handler': {'enabled': False, 'params': {}}}
{'client_selector': {'enabled': True}, 'client_cluster': {'enabled': False}, 'message_compressor': {'enabled': False}, 'model_co-versioning_registry': {'enabled': False}, 'multi-task_model_trainer': {'enabled': False}, 'heterogeneous_data_handler': {'enabled': False}, 'client_registry': {'enabled': True, 'params': {}}}
100.0-iid clients, predicted wo:0.0077 vs w:0.0084, client_selector activated ✅
Client Client 6 has insufficient CPU (1). Will not participate in the next FL round.
Client Client 5 has insufficient CPU (1). Will not participate in the next FL round.
Client Client 3 participates in this round. (CPU: 2, RAM: 2)
Client Client 2 participates in this round. (CPU: 2, RAM: 2)
Client Client 4 participates in this round. (CPU: 2, RAM: 2)
Client Client 1 participates in this round. (CPU: 2, RAM: 2)
Results Aggregated in 38.77 seconds.
{'CNN 16k': {'train_loss': [2.148051945734024, 1.9770666862487793, 1.869685526227951, 1.7939251425743103], 'train_accuracy': [0.209, 0.28315, 0.31716666666666665, 0.340975], 'train_f1': [0.15863743560520474, 0.24855833197991561, 0.2883956057039091, 0.31665823741222193], 'train_mae': [3.0623, 2.54565, 2.4092666666666664, 2.3736], 'val_loss': [2.163355140066147, 1.995774026107788, 1.8902192290782929, 1.8086967094898223], 'val_accuracy': [0.19775, 0.275875, 0.31405, 0.33745], 'val_f1': [0.14785687371713288, 0.2421270362889548, 0.2857439857680255, 0.3139444890293411], 'val_mae': [3.08895, 2.5621, 2.4088, 2.369175], 'jsd': [(0, 0, 0, 0, 0, 0), (0, 0, 0, 0, 0, 0), (0, 0, 0, 0, 0, 0), (0, 0, 0, 0, 0, 0)]}}
AdaptationManager: Configuring next round...
{'client_registry': {'enabled': True, 'params': {}}, 'client_selector': {'enabled': True, 'params': {'selection_strategy': 'Resource-Based', 'selection_criteria': 'CPU', 'selection_value': 2}}, 'client_cluster': {'enabled': False, 'params': {}}, 'message_compressor': {'enabled': False, 'params': {}}, 'model_co-versioning_registry': {'enabled': False, 'params': {}}, 'multi-task_model_trainer': {'enabled': False, 'params': {}}, 'heterogeneous_data_handler': {'enabled': False, 'params': {}}}
{'client_selector': {'enabled': True}, 'client_cluster': {'enabled': False}, 'message_compressor': {'enabled': False}, 'model_co-versioning_registry': {'enabled': False}, 'multi-task_model_trainer': {'enabled': False}, 'heterogeneous_data_handler': {'enabled': False}, 'client_registry': {'enabled': True, 'params': {}}}
100.0-iid clients, predicted wo:0.0077 vs w:0.0084, client_selector activated ✅
Client Client 5 has insufficient CPU (1). Will not participate in the next FL round.
Client Client 1 participates in this round. (CPU: 2, RAM: 2)
Client Client 6 has insufficient CPU (1). Will not participate in the next FL round.
Client Client 2 participates in this round. (CPU: 2, RAM: 2)
Client Client 3 participates in this round. (CPU: 2, RAM: 2)
Client Client 4 participates in this round. (CPU: 2, RAM: 2)
Results Aggregated in 43.53 seconds.
{'CNN 16k': {'train_loss': [2.148051945734024, 1.9770666862487793, 1.869685526227951, 1.7939251425743103, 1.7079791031837463], 'train_accuracy': [0.209, 0.28315, 0.31716666666666665, 0.340975, 0.37454], 'train_f1': [0.15863743560520474, 0.24855833197991561, 0.2883956057039091, 0.31665823741222193, 0.35379509495509587], 'train_mae': [3.0623, 2.54565, 2.4092666666666664, 2.3736, 2.28676], 'val_loss': [2.163355140066147, 1.995774026107788, 1.8902192290782929, 1.8086967094898223, 1.7286400465488434], 'val_accuracy': [0.19775, 0.275875, 0.31405, 0.33745, 0.37015], 'val_f1': [0.14785687371713288, 0.2421270362889548, 0.2857439857680255, 0.3139444890293411, 0.3491335738078121], 'val_mae': [3.08895, 2.5621, 2.4088, 2.369175, 2.29175], 'jsd': [(0, 0, 0, 0, 0, 0), (0, 0, 0, 0, 0, 0), (0, 0, 0, 0, 0, 0), (0, 0, 0, 0, 0, 0), (0, 0, 0, 0, 0, 0)]}}
AdaptationManager: Configuring next round...
{'client_registry': {'enabled': True, 'params': {}}, 'client_selector': {'enabled': True, 'params': {'selection_strategy': 'Resource-Based', 'selection_criteria': 'CPU', 'selection_value': 2}}, 'client_cluster': {'enabled': False, 'params': {}}, 'message_compressor': {'enabled': False, 'params': {}}, 'model_co-versioning_registry': {'enabled': False, 'params': {}}, 'multi-task_model_trainer': {'enabled': False, 'params': {}}, 'heterogeneous_data_handler': {'enabled': False, 'params': {}}}
{'client_selector': {'enabled': True}, 'client_cluster': {'enabled': False}, 'message_compressor': {'enabled': False}, 'model_co-versioning_registry': {'enabled': False}, 'multi-task_model_trainer': {'enabled': False}, 'heterogeneous_data_handler': {'enabled': False}, 'client_registry': {'enabled': True, 'params': {}}}
100.0-iid clients, predicted wo:0.0077 vs w:0.0084, client_selector activated ✅
Client Client 5 has insufficient CPU (1). Will not participate in the next FL round.
Client Client 6 has insufficient CPU (1). Will not participate in the next FL round.
Client Client 4 participates in this round. (CPU: 2, RAM: 2)
Client Client 1 participates in this round. (CPU: 2, RAM: 2)
Client Client 3 participates in this round. (CPU: 2, RAM: 2)
Client Client 2 participates in this round. (CPU: 2, RAM: 2)
Results Aggregated in 47.74 seconds.
{'CNN 16k': {'train_loss': [2.148051945734024, 1.9770666862487793, 1.869685526227951, 1.7939251425743103, 1.7079791031837463, 1.6270437412103018], 'train_accuracy': [0.209, 0.28315, 0.31716666666666665, 0.340975, 0.37454, 0.4134], 'train_f1': [0.15863743560520474, 0.24855833197991561, 0.2883956057039091, 0.31665823741222193, 0.35379509495509587, 0.3956629812379324], 'train_mae': [3.0623, 2.54565, 2.4092666666666664, 2.3736, 2.28676, 2.14705], 'val_loss': [2.163355140066147, 1.995774026107788, 1.8902192290782929, 1.8086967094898223, 1.7286400465488434, 1.6470866069316863], 'val_accuracy': [0.19775, 0.275875, 0.31405, 0.33745, 0.37015, 0.404375], 'val_f1': [0.14785687371713288, 0.2421270362889548, 0.2857439857680255, 0.3139444890293411, 0.3491335738078121, 0.38697884935885785], 'val_mae': [3.08895, 2.5621, 2.4088, 2.369175, 2.29175, 2.164875], 'jsd': [(0, 0, 0, 0, 0, 0), (0, 0, 0, 0, 0, 0), (0, 0, 0, 0, 0, 0), (0, 0, 0, 0, 0, 0), (0, 0, 0, 0, 0, 0), (0, 0, 0, 0, 0, 0)]}}
AdaptationManager: Configuring next round...
{'client_registry': {'enabled': True, 'params': {}}, 'client_selector': {'enabled': True, 'params': {'selection_strategy': 'Resource-Based', 'selection_criteria': 'CPU', 'selection_value': 2}}, 'client_cluster': {'enabled': False, 'params': {}}, 'message_compressor': {'enabled': False, 'params': {}}, 'model_co-versioning_registry': {'enabled': False, 'params': {}}, 'multi-task_model_trainer': {'enabled': False, 'params': {}}, 'heterogeneous_data_handler': {'enabled': False, 'params': {}}}
{'client_selector': {'enabled': True}, 'client_cluster': {'enabled': False}, 'message_compressor': {'enabled': False}, 'model_co-versioning_registry': {'enabled': False}, 'multi-task_model_trainer': {'enabled': False}, 'heterogeneous_data_handler': {'enabled': False}, 'client_registry': {'enabled': True, 'params': {}}}
100.0-iid clients, predicted wo:0.0077 vs w:0.0084, client_selector activated ✅
Client Client 3 participates in this round. (CPU: 2, RAM: 2)
Client Client 5 has insufficient CPU (1). Will not participate in the next FL round.
Client Client 2 participates in this round. (CPU: 2, RAM: 2)
Client Client 4 participates in this round. (CPU: 2, RAM: 2)
Client Client 6 has insufficient CPU (1). Will not participate in the next FL round.
Client Client 1 participates in this round. (CPU: 2, RAM: 2)
Results Aggregated in 53.02 seconds.
{'CNN 16k': {'train_loss': [2.148051945734024, 1.9770666862487793, 1.869685526227951, 1.7939251425743103, 1.7079791031837463, 1.6270437412103018, 1.554983739042282], 'train_accuracy': [0.209, 0.28315, 0.31716666666666665, 0.340975, 0.37454, 0.4134, 0.44047142857142857], 'train_f1': [0.15863743560520474, 0.24855833197991561, 0.2883956057039091, 0.31665823741222193, 0.35379509495509587, 0.3956629812379324, 0.43049737978786806], 'train_mae': [3.0623, 2.54565, 2.4092666666666664, 2.3736, 2.28676, 2.14705, 2.0522285714285715], 'val_loss': [2.163355140066147, 1.995774026107788, 1.8902192290782929, 1.8086967094898223, 1.7286400465488434, 1.6470866069316863, 1.580220803976059], 'val_accuracy': [0.19775, 0.275875, 0.31405, 0.33745, 0.37015, 0.404375, 0.427775], 'val_f1': [0.14785687371713288, 0.2421270362889548, 0.2857439857680255, 0.3139444890293411, 0.3491335738078121, 0.38697884935885785, 0.41762030513769993], 'val_mae': [3.08895, 2.5621, 2.4088, 2.369175, 2.29175, 2.164875, 2.080875], 'jsd': [(0, 0, 0, 0, 0, 0), (0, 0, 0, 0, 0, 0), (0, 0, 0, 0, 0, 0), (0, 0, 0, 0, 0, 0), (0, 0, 0, 0, 0, 0), (0, 0, 0, 0, 0, 0), (0, 0, 0, 0, 0, 0)]}}
AdaptationManager: Configuring next round...
{'client_registry': {'enabled': True, 'params': {}}, 'client_selector': {'enabled': True, 'params': {'selection_strategy': 'Resource-Based', 'selection_criteria': 'CPU', 'selection_value': 2}}, 'client_cluster': {'enabled': False, 'params': {}}, 'message_compressor': {'enabled': False, 'params': {}}, 'model_co-versioning_registry': {'enabled': False, 'params': {}}, 'multi-task_model_trainer': {'enabled': False, 'params': {}}, 'heterogeneous_data_handler': {'enabled': False, 'params': {}}}
{'client_selector': {'enabled': True}, 'client_cluster': {'enabled': False}, 'message_compressor': {'enabled': False}, 'model_co-versioning_registry': {'enabled': False}, 'multi-task_model_trainer': {'enabled': False}, 'heterogeneous_data_handler': {'enabled': False}, 'client_registry': {'enabled': True, 'params': {}}}
100.0-iid clients, predicted wo:0.0077 vs w:0.0084, client_selector activated ✅
Client Client 5 has insufficient CPU (1). Will not participate in the next FL round.
Client Client 3 participates in this round. (CPU: 2, RAM: 2)
Client Client 2 participates in this round. (CPU: 2, RAM: 2)
Client Client 6 has insufficient CPU (1). Will not participate in the next FL round.
Client Client 4 participates in this round. (CPU: 2, RAM: 2)
Client Client 1 participates in this round. (CPU: 2, RAM: 2)
Results Aggregated in 55.45 seconds.
{'CNN 16k': {'train_loss': [2.148051945734024, 1.9770666862487793, 1.869685526227951, 1.7939251425743103, 1.7079791031837463, 1.6270437412103018, 1.554983739042282, 1.5106931448936463], 'train_accuracy': [0.209, 0.28315, 0.31716666666666665, 0.340975, 0.37454, 0.4134, 0.44047142857142857, 0.4585375], 'train_f1': [0.15863743560520474, 0.24855833197991561, 0.2883956057039091, 0.31665823741222193, 0.35379509495509587, 0.3956629812379324, 0.43049737978786806, 0.44756407074135085], 'train_mae': [3.0623, 2.54565, 2.4092666666666664, 2.3736, 2.28676, 2.14705, 2.0522285714285715, 2.005825], 'val_loss': [2.163355140066147, 1.995774026107788, 1.8902192290782929, 1.8086967094898223, 1.7286400465488434, 1.6470866069316863, 1.580220803976059, 1.54111106133461], 'val_accuracy': [0.19775, 0.275875, 0.31405, 0.33745, 0.37015, 0.404375, 0.427775, 0.4457], 'val_f1': [0.14785687371713288, 0.2421270362889548, 0.2857439857680255, 0.3139444890293411, 0.3491335738078121, 0.38697884935885785, 0.41762030513769993, 0.4339293017403323], 'val_mae': [3.08895, 2.5621, 2.4088, 2.369175, 2.29175, 2.164875, 2.080875, 2.032525], 'jsd': [(0, 0, 0, 0, 0, 0), (0, 0, 0, 0, 0, 0), (0, 0, 0, 0, 0, 0), (0, 0, 0, 0, 0, 0), (0, 0, 0, 0, 0, 0), (0, 0, 0, 0, 0, 0), (0, 0, 0, 0, 0, 0), (0, 0, 0, 0, 0, 0)]}}
AdaptationManager: Configuring next round...
{'client_registry': {'enabled': True, 'params': {}}, 'client_selector': {'enabled': True, 'params': {'selection_strategy': 'Resource-Based', 'selection_criteria': 'CPU', 'selection_value': 2}}, 'client_cluster': {'enabled': False, 'params': {}}, 'message_compressor': {'enabled': False, 'params': {}}, 'model_co-versioning_registry': {'enabled': False, 'params': {}}, 'multi-task_model_trainer': {'enabled': False, 'params': {}}, 'heterogeneous_data_handler': {'enabled': False, 'params': {}}}
{'client_selector': {'enabled': True}, 'client_cluster': {'enabled': False}, 'message_compressor': {'enabled': False}, 'model_co-versioning_registry': {'enabled': False}, 'multi-task_model_trainer': {'enabled': False}, 'heterogeneous_data_handler': {'enabled': False}, 'client_registry': {'enabled': True, 'params': {}}}
100.0-iid clients, predicted wo:0.0077 vs w:0.0084, client_selector activated ✅
Client Client 5 has insufficient CPU (1). Will not participate in the next FL round.
Client Client 2 participates in this round. (CPU: 2, RAM: 2)
Client Client 4 participates in this round. (CPU: 2, RAM: 2)
Client Client 3 participates in this round. (CPU: 2, RAM: 2)
Client Client 6 has insufficient CPU (1). Will not participate in the next FL round.
Client Client 1 participates in this round. (CPU: 2, RAM: 2)
Results Aggregated in 62.00 seconds.
{'CNN 16k': {'train_loss': [2.148051945734024, 1.9770666862487793, 1.869685526227951, 1.7939251425743103, 1.7079791031837463, 1.6270437412103018, 1.554983739042282, 1.5106931448936463, 1.4577721155802408], 'train_accuracy': [0.209, 0.28315, 0.31716666666666665, 0.340975, 0.37454, 0.4134, 0.44047142857142857, 0.4585375, 0.48], 'train_f1': [0.15863743560520474, 0.24855833197991561, 0.2883956057039091, 0.31665823741222193, 0.35379509495509587, 0.3956629812379324, 0.43049737978786806, 0.44756407074135085, 0.4697968991097481], 'train_mae': [3.0623, 2.54565, 2.4092666666666664, 2.3736, 2.28676, 2.14705, 2.0522285714285715, 2.005825, 1.928188888888889], 'val_loss': [2.163355140066147, 1.995774026107788, 1.8902192290782929, 1.8086967094898223, 1.7286400465488434, 1.6470866069316863, 1.580220803976059, 1.54111106133461, 1.4961879127979278], 'val_accuracy': [0.19775, 0.275875, 0.31405, 0.33745, 0.37015, 0.404375, 0.427775, 0.4457, 0.463675], 'val_f1': [0.14785687371713288, 0.2421270362889548, 0.2857439857680255, 0.3139444890293411, 0.3491335738078121, 0.38697884935885785, 0.41762030513769993, 0.4339293017403323, 0.45318350561206633], 'val_mae': [3.08895, 2.5621, 2.4088, 2.369175, 2.29175, 2.164875, 2.080875, 2.032525, 1.9844], 'jsd': [(0, 0, 0, 0, 0, 0), (0, 0, 0, 0, 0, 0), (0, 0, 0, 0, 0, 0), (0, 0, 0, 0, 0, 0), (0, 0, 0, 0, 0, 0), (0, 0, 0, 0, 0, 0), (0, 0, 0, 0, 0, 0), (0, 0, 0, 0, 0, 0), (0, 0, 0, 0, 0, 0)]}}
AdaptationManager: Configuring next round...
{'client_registry': {'enabled': True, 'params': {}}, 'client_selector': {'enabled': True, 'params': {'selection_strategy': 'Resource-Based', 'selection_criteria': 'CPU', 'selection_value': 2}}, 'client_cluster': {'enabled': False, 'params': {}}, 'message_compressor': {'enabled': False, 'params': {}}, 'model_co-versioning_registry': {'enabled': False, 'params': {}}, 'multi-task_model_trainer': {'enabled': False, 'params': {}}, 'heterogeneous_data_handler': {'enabled': False, 'params': {}}}
{'client_selector': {'enabled': True}, 'client_cluster': {'enabled': False}, 'message_compressor': {'enabled': False}, 'model_co-versioning_registry': {'enabled': False}, 'multi-task_model_trainer': {'enabled': False}, 'heterogeneous_data_handler': {'enabled': False}, 'client_registry': {'enabled': True, 'params': {}}}
100.0-iid clients, predicted wo:0.0077 vs w:0.0078, client_selector activated ✅
Client Client 6 has insufficient CPU (1). Will not participate in the next FL round.
Client Client 5 has insufficient CPU (1). Will not participate in the next FL round.
Client Client 2 participates in this round. (CPU: 2, RAM: 2)
Client Client 3 participates in this round. (CPU: 2, RAM: 2)
Client Client 1 participates in this round. (CPU: 2, RAM: 2)
Client Client 4 participates in this round. (CPU: 2, RAM: 2)
Results Aggregated in 65.87 seconds.
{'CNN 16k': {'train_loss': [2.148051945734024, 1.9770666862487793, 1.869685526227951, 1.7939251425743103, 1.7079791031837463, 1.6270437412103018, 1.554983739042282, 1.5106931448936463, 1.4577721155802408, 1.4170894686603546], 'train_accuracy': [0.209, 0.28315, 0.31716666666666665, 0.340975, 0.37454, 0.4134, 0.44047142857142857, 0.4585375, 0.48, 0.49332], 'train_f1': [0.15863743560520474, 0.24855833197991561, 0.2883956057039091, 0.31665823741222193, 0.35379509495509587, 0.3956629812379324, 0.43049737978786806, 0.44756407074135085, 0.4697968991097481, 0.48672746812315826], 'train_mae': [3.0623, 2.54565, 2.4092666666666664, 2.3736, 2.28676, 2.14705, 2.0522285714285715, 2.005825, 1.928188888888889, 1.87002], 'val_loss': [2.163355140066147, 1.995774026107788, 1.8902192290782929, 1.8086967094898223, 1.7286400465488434, 1.6470866069316863, 1.580220803976059, 1.54111106133461, 1.4961879127979278, 1.4680292118072509], 'val_accuracy': [0.19775, 0.275875, 0.31405, 0.33745, 0.37015, 0.404375, 0.427775, 0.4457, 0.463675, 0.473625], 'val_f1': [0.14785687371713288, 0.2421270362889548, 0.2857439857680255, 0.3139444890293411, 0.3491335738078121, 0.38697884935885785, 0.41762030513769993, 0.4339293017403323, 0.45318350561206633, 0.46612819546492945], 'val_mae': [3.08895, 2.5621, 2.4088, 2.369175, 2.29175, 2.164875, 2.080875, 2.032525, 1.9844, 1.95665], 'jsd': [(0, 0, 0, 0, 0, 0), (0, 0, 0, 0, 0, 0), (0, 0, 0, 0, 0, 0), (0, 0, 0, 0, 0, 0), (0, 0, 0, 0, 0, 0), (0, 0, 0, 0, 0, 0), (0, 0, 0, 0, 0, 0), (0, 0, 0, 0, 0, 0), (0, 0, 0, 0, 0, 0), (0, 0, 0, 0, 0, 0)]}}
AdaptationManager: Configuring next round...
{'client_registry': {'enabled': True, 'params': {}}, 'client_selector': {'enabled': True, 'params': {'selection_strategy': 'Resource-Based', 'selection_criteria': 'CPU', 'selection_value': 2}}, 'client_cluster': {'enabled': False, 'params': {}}, 'message_compressor': {'enabled': False, 'params': {}}, 'model_co-versioning_registry': {'enabled': False, 'params': {}}, 'multi-task_model_trainer': {'enabled': False, 'params': {}}, 'heterogeneous_data_handler': {'enabled': False, 'params': {}}}
{'client_selector': {'enabled': True}, 'client_cluster': {'enabled': False}, 'message_compressor': {'enabled': False}, 'model_co-versioning_registry': {'enabled': False}, 'multi-task_model_trainer': {'enabled': False}, 'heterogeneous_data_handler': {'enabled': False}, 'client_registry': {'enabled': True, 'params': {}}}
100.0-iid clients, predicted wo:0.0077 vs w:0.0078, client_selector activated ✅
Client Client 2 participates in this round. (CPU: 2, RAM: 2)
Client Client 6 has insufficient CPU (1). Will not participate in the next FL round.
Client Client 1 participates in this round. (CPU: 2, RAM: 2)
Client Client 3 participates in this round. (CPU: 2, RAM: 2)
Client Client 5 has insufficient CPU (1). Will not participate in the next FL round.
Client Client 4 participates in this round. (CPU: 2, RAM: 2)
Results Aggregated in 65.41 seconds.
{'CNN 16k': {'train_loss': [2.148051945734024, 1.9770666862487793, 1.869685526227951, 1.7939251425743103, 1.7079791031837463, 1.6270437412103018, 1.554983739042282, 1.5106931448936463, 1.4577721155802408, 1.4170894686603546, 1.3904455752936276], 'train_accuracy': [0.209, 0.28315, 0.31716666666666665, 0.340975, 0.37454, 0.4134, 0.44047142857142857, 0.4585375, 0.48, 0.49332, 0.5007727272727273], 'train_f1': [0.15863743560520474, 0.24855833197991561, 0.2883956057039091, 0.31665823741222193, 0.35379509495509587, 0.3956629812379324, 0.43049737978786806, 0.44756407074135085, 0.4697968991097481, 0.48672746812315826, 0.4903819788951572], 'train_mae': [3.0623, 2.54565, 2.4092666666666664, 2.3736, 2.28676, 2.14705, 2.0522285714285715, 2.005825, 1.928188888888889, 1.87002, 1.852681818181818], 'val_loss': [2.163355140066147, 1.995774026107788, 1.8902192290782929, 1.8086967094898223, 1.7286400465488434, 1.6470866069316863, 1.580220803976059, 1.54111106133461, 1.4961879127979278, 1.4680292118072509, 1.4483232908010484], 'val_accuracy': [0.19775, 0.275875, 0.31405, 0.33745, 0.37015, 0.404375, 0.427775, 0.4457, 0.463675, 0.473625, 0.480725], 'val_f1': [0.14785687371713288, 0.2421270362889548, 0.2857439857680255, 0.3139444890293411, 0.3491335738078121, 0.38697884935885785, 0.41762030513769993, 0.4339293017403323, 0.45318350561206633, 0.46612819546492945, 0.4698371366194734], 'val_mae': [3.08895, 2.5621, 2.4088, 2.369175, 2.29175, 2.164875, 2.080875, 2.032525, 1.9844, 1.95665, 1.9204], 'jsd': [(0, 0, 0, 0, 0, 0), (0, 0, 0, 0, 0, 0), (0, 0, 0, 0, 0, 0), (0, 0, 0, 0, 0, 0), (0, 0, 0, 0, 0, 0), (0, 0, 0, 0, 0, 0), (0, 0, 0, 0, 0, 0), (0, 0, 0, 0, 0, 0), (0, 0, 0, 0, 0, 0), (0, 0, 0, 0, 0, 0), (0, 0, 0, 0, 0, 0)]}}
AdaptationManager: Configuring next round...
{'client_registry': {'enabled': True, 'params': {}}, 'client_selector': {'enabled': True, 'params': {'selection_strategy': 'Resource-Based', 'selection_criteria': 'CPU', 'selection_value': 2}}, 'client_cluster': {'enabled': False, 'params': {}}, 'message_compressor': {'enabled': False, 'params': {}}, 'model_co-versioning_registry': {'enabled': False, 'params': {}}, 'multi-task_model_trainer': {'enabled': False, 'params': {}}, 'heterogeneous_data_handler': {'enabled': False, 'params': {}}}
{'client_selector': {'enabled': True}, 'client_cluster': {'enabled': False}, 'message_compressor': {'enabled': False}, 'model_co-versioning_registry': {'enabled': False}, 'multi-task_model_trainer': {'enabled': False}, 'heterogeneous_data_handler': {'enabled': False}, 'client_registry': {'enabled': True, 'params': {}}}
100.0-iid clients, predicted wo:0.0077 vs w:0.0078, client_selector activated ✅
Client Client 5 has insufficient CPU (1). Will not participate in the next FL round.
Client Client 4 participates in this round. (CPU: 2, RAM: 2)
Client Client 1 participates in this round. (CPU: 2, RAM: 2)
Client Client 2 participates in this round. (CPU: 2, RAM: 2)
Client Client 6 has insufficient CPU (1). Will not participate in the next FL round.
Client Client 3 participates in this round. (CPU: 2, RAM: 2)
Results Aggregated in 72.86 seconds.
{'CNN 16k': {'train_loss': [2.148051945734024, 1.9770666862487793, 1.869685526227951, 1.7939251425743103, 1.7079791031837463, 1.6270437412103018, 1.554983739042282, 1.5106931448936463, 1.4577721155802408, 1.4170894686603546, 1.3904455752936276, 1.3483195365428924], 'train_accuracy': [0.209, 0.28315, 0.31716666666666665, 0.340975, 0.37454, 0.4134, 0.44047142857142857, 0.4585375, 0.48, 0.49332, 0.5007727272727273, 0.51745], 'train_f1': [0.15863743560520474, 0.24855833197991561, 0.2883956057039091, 0.31665823741222193, 0.35379509495509587, 0.3956629812379324, 0.43049737978786806, 0.44756407074135085, 0.4697968991097481, 0.48672746812315826, 0.4903819788951572, 0.5110503312267123], 'train_mae': [3.0623, 2.54565, 2.4092666666666664, 2.3736, 2.28676, 2.14705, 2.0522285714285715, 2.005825, 1.928188888888889, 1.87002, 1.852681818181818, 1.776025], 'val_loss': [2.163355140066147, 1.995774026107788, 1.8902192290782929, 1.8086967094898223, 1.7286400465488434, 1.6470866069316863, 1.580220803976059, 1.54111106133461, 1.4961879127979278, 1.4680292118072509, 1.4483232908010484, 1.4096779519557954], 'val_accuracy': [0.19775, 0.275875, 0.31405, 0.33745, 0.37015, 0.404375, 0.427775, 0.4457, 0.463675, 0.473625, 0.480725, 0.495525], 'val_f1': [0.14785687371713288, 0.2421270362889548, 0.2857439857680255, 0.3139444890293411, 0.3491335738078121, 0.38697884935885785, 0.41762030513769993, 0.4339293017403323, 0.45318350561206633, 0.46612819546492945, 0.4698371366194734, 0.48869824964477704], 'val_mae': [3.08895, 2.5621, 2.4088, 2.369175, 2.29175, 2.164875, 2.080875, 2.032525, 1.9844, 1.95665, 1.9204, 1.8527], 'jsd': [(0, 0, 0, 0, 0, 0), (0, 0, 0, 0, 0, 0), (0, 0, 0, 0, 0, 0), (0, 0, 0, 0, 0, 0), (0, 0, 0, 0, 0, 0), (0, 0, 0, 0, 0, 0), (0, 0, 0, 0, 0, 0), (0, 0, 0, 0, 0, 0), (0, 0, 0, 0, 0, 0), (0, 0, 0, 0, 0, 0), (0, 0, 0, 0, 0, 0), (0, 0, 0, 0, 0, 0)]}}
AdaptationManager: Configuring next round...
{'client_registry': {'enabled': True, 'params': {}}, 'client_selector': {'enabled': True, 'params': {'selection_strategy': 'Resource-Based', 'selection_criteria': 'CPU', 'selection_value': 2}}, 'client_cluster': {'enabled': False, 'params': {}}, 'message_compressor': {'enabled': False, 'params': {}}, 'model_co-versioning_registry': {'enabled': False, 'params': {}}, 'multi-task_model_trainer': {'enabled': False, 'params': {}}, 'heterogeneous_data_handler': {'enabled': False, 'params': {}}}
{'client_selector': {'enabled': True}, 'client_cluster': {'enabled': False}, 'message_compressor': {'enabled': False}, 'model_co-versioning_registry': {'enabled': False}, 'multi-task_model_trainer': {'enabled': False}, 'heterogeneous_data_handler': {'enabled': False}, 'client_registry': {'enabled': True, 'params': {}}}
100.0-iid clients, predicted wo:0.0064 vs w:0.0070, client_selector activated ✅
Client Client 5 has insufficient CPU (1). Will not participate in the next FL round.
Client Client 6 has insufficient CPU (1). Will not participate in the next FL round.
Client Client 4 participates in this round. (CPU: 2, RAM: 2)
Client Client 2 participates in this round. (CPU: 2, RAM: 2)
Client Client 1 participates in this round. (CPU: 2, RAM: 2)
Client Client 3 participates in this round. (CPU: 2, RAM: 2)
Results Aggregated in 82.32 seconds.
{'CNN 16k': {'train_loss': [2.148051945734024, 1.9770666862487793, 1.869685526227951, 1.7939251425743103, 1.7079791031837463, 1.6270437412103018, 1.554983739042282, 1.5106931448936463, 1.4577721155802408, 1.4170894686603546, 1.3904455752936276, 1.3483195365428924, 1.3361543550381294], 'train_accuracy': [0.209, 0.28315, 0.31716666666666665, 0.340975, 0.37454, 0.4134, 0.44047142857142857, 0.4585375, 0.48, 0.49332, 0.5007727272727273, 0.51745, 0.5188], 'train_f1': [0.15863743560520474, 0.24855833197991561, 0.2883956057039091, 0.31665823741222193, 0.35379509495509587, 0.3956629812379324, 0.43049737978786806, 0.44756407074135085, 0.4697968991097481, 0.48672746812315826, 0.4903819788951572, 0.5110503312267123, 0.5111803882694804], 'train_mae': [3.0623, 2.54565, 2.4092666666666664, 2.3736, 2.28676, 2.14705, 2.0522285714285715, 2.005825, 1.928188888888889, 1.87002, 1.852681818181818, 1.776025, 1.767053846153846], 'val_loss': [2.163355140066147, 1.995774026107788, 1.8902192290782929, 1.8086967094898223, 1.7286400465488434, 1.6470866069316863, 1.580220803976059, 1.54111106133461, 1.4961879127979278, 1.4680292118072509, 1.4483232908010484, 1.4096779519557954, 1.4055512166500093], 'val_accuracy': [0.19775, 0.275875, 0.31405, 0.33745, 0.37015, 0.404375, 0.427775, 0.4457, 0.463675, 0.473625, 0.480725, 0.495525, 0.4948], 'val_f1': [0.14785687371713288, 0.2421270362889548, 0.2857439857680255, 0.3139444890293411, 0.3491335738078121, 0.38697884935885785, 0.41762030513769993, 0.4339293017403323, 0.45318350561206633, 0.46612819546492945, 0.4698371366194734, 0.48869824964477704, 0.48667087686049143], 'val_mae': [3.08895, 2.5621, 2.4088, 2.369175, 2.29175, 2.164875, 2.080875, 2.032525, 1.9844, 1.95665, 1.9204, 1.8527, 1.856875], 'jsd': [(0, 0, 0, 0, 0, 0), (0, 0, 0, 0, 0, 0), (0, 0, 0, 0, 0, 0), (0, 0, 0, 0, 0, 0), (0, 0, 0, 0, 0, 0), (0, 0, 0, 0, 0, 0), (0, 0, 0, 0, 0, 0), (0, 0, 0, 0, 0, 0), (0, 0, 0, 0, 0, 0), (0, 0, 0, 0, 0, 0), (0, 0, 0, 0, 0, 0), (0, 0, 0, 0, 0, 0), (0, 0, 0, 0, 0, 0)]}}
AdaptationManager: Configuring next round...
{'client_registry': {'enabled': True, 'params': {}}, 'client_selector': {'enabled': True, 'params': {'selection_strategy': 'Resource-Based', 'selection_criteria': 'CPU', 'selection_value': 2}}, 'client_cluster': {'enabled': False, 'params': {}}, 'message_compressor': {'enabled': False, 'params': {}}, 'model_co-versioning_registry': {'enabled': False, 'params': {}}, 'multi-task_model_trainer': {'enabled': False, 'params': {}}, 'heterogeneous_data_handler': {'enabled': False, 'params': {}}}
{'client_selector': {'enabled': True}, 'client_cluster': {'enabled': False}, 'message_compressor': {'enabled': False}, 'model_co-versioning_registry': {'enabled': False}, 'multi-task_model_trainer': {'enabled': False}, 'heterogeneous_data_handler': {'enabled': False}, 'client_registry': {'enabled': True, 'params': {}}}
100.0-iid clients, predicted wo:0.0058 vs w:0.0063, client_selector activated ✅
Client Client 6 has insufficient CPU (1). Will not participate in the next FL round.
Client Client 5 has insufficient CPU (1). Will not participate in the next FL round.
Client Client 3 participates in this round. (CPU: 2, RAM: 2)
Client Client 2 participates in this round. (CPU: 2, RAM: 2)
Client Client 1 participates in this round. (CPU: 2, RAM: 2)
Client Client 4 participates in this round. (CPU: 2, RAM: 2)
Results Aggregated in 82.94 seconds.
{'CNN 16k': {'train_loss': [2.148051945734024, 1.9770666862487793, 1.869685526227951, 1.7939251425743103, 1.7079791031837463, 1.6270437412103018, 1.554983739042282, 1.5106931448936463, 1.4577721155802408, 1.4170894686603546, 1.3904455752936276, 1.3483195365428924, 1.3361543550381294, 1.307401821415765], 'train_accuracy': [0.209, 0.28315, 0.31716666666666665, 0.340975, 0.37454, 0.4134, 0.44047142857142857, 0.4585375, 0.48, 0.49332, 0.5007727272727273, 0.51745, 0.5188, 0.5317642857142857], 'train_f1': [0.15863743560520474, 0.24855833197991561, 0.2883956057039091, 0.31665823741222193, 0.35379509495509587, 0.3956629812379324, 0.43049737978786806, 0.44756407074135085, 0.4697968991097481, 0.48672746812315826, 0.4903819788951572, 0.5110503312267123, 0.5111803882694804, 0.5252952384705026], 'train_mae': [3.0623, 2.54565, 2.4092666666666664, 2.3736, 2.28676, 2.14705, 2.0522285714285715, 2.005825, 1.928188888888889, 1.87002, 1.852681818181818, 1.776025, 1.767053846153846, 1.7092214285714287], 'val_loss': [2.163355140066147, 1.995774026107788, 1.8902192290782929, 1.8086967094898223, 1.7286400465488434, 1.6470866069316863, 1.580220803976059, 1.54111106133461, 1.4961879127979278, 1.4680292118072509, 1.4483232908010484, 1.4096779519557954, 1.4055512166500093, 1.3725206791877747], 'val_accuracy': [0.19775, 0.275875, 0.31405, 0.33745, 0.37015, 0.404375, 0.427775, 0.4457, 0.463675, 0.473625, 0.480725, 0.495525, 0.4948, 0.509275], 'val_f1': [0.14785687371713288, 0.2421270362889548, 0.2857439857680255, 0.3139444890293411, 0.3491335738078121, 0.38697884935885785, 0.41762030513769993, 0.4339293017403323, 0.45318350561206633, 0.46612819546492945, 0.4698371366194734, 0.48869824964477704, 0.48667087686049143, 0.5022843983286251], 'val_mae': [3.08895, 2.5621, 2.4088, 2.369175, 2.29175, 2.164875, 2.080875, 2.032525, 1.9844, 1.95665, 1.9204, 1.8527, 1.856875, 1.79315], 'jsd': [(0, 0, 0, 0, 0, 0), (0, 0, 0, 0, 0, 0), (0, 0, 0, 0, 0, 0), (0, 0, 0, 0, 0, 0), (0, 0, 0, 0, 0, 0), (0, 0, 0, 0, 0, 0), (0, 0, 0, 0, 0, 0), (0, 0, 0, 0, 0, 0), (0, 0, 0, 0, 0, 0), (0, 0, 0, 0, 0, 0), (0, 0, 0, 0, 0, 0), (0, 0, 0, 0, 0, 0), (0, 0, 0, 0, 0, 0), (0, 0, 0, 0, 0, 0)]}}
AdaptationManager: Configuring next round...
{'client_registry': {'enabled': True, 'params': {}}, 'client_selector': {'enabled': True, 'params': {'selection_strategy': 'Resource-Based', 'selection_criteria': 'CPU', 'selection_value': 2}}, 'client_cluster': {'enabled': False, 'params': {}}, 'message_compressor': {'enabled': False, 'params': {}}, 'model_co-versioning_registry': {'enabled': False, 'params': {}}, 'multi-task_model_trainer': {'enabled': False, 'params': {}}, 'heterogeneous_data_handler': {'enabled': False, 'params': {}}}
{'client_selector': {'enabled': True}, 'client_cluster': {'enabled': False}, 'message_compressor': {'enabled': False}, 'model_co-versioning_registry': {'enabled': False}, 'multi-task_model_trainer': {'enabled': False}, 'heterogeneous_data_handler': {'enabled': False}, 'client_registry': {'enabled': True, 'params': {}}}
100.0-iid clients, predicted wo:0.0058 vs w:0.0063, client_selector activated ✅
Client Client 6 has insufficient CPU (1). Will not participate in the next FL round.
Client Client 5 has insufficient CPU (1). Will not participate in the next FL round.
Client Client 2 participates in this round. (CPU: 2, RAM: 2)
Client Client 4 participates in this round. (CPU: 2, RAM: 2)
Client Client 1 participates in this round. (CPU: 2, RAM: 2)
Client Client 3 participates in this round. (CPU: 2, RAM: 2)
Results Aggregated in 96.11 seconds.
{'CNN 16k': {'train_loss': [2.148051945734024, 1.9770666862487793, 1.869685526227951, 1.7939251425743103, 1.7079791031837463, 1.6270437412103018, 1.554983739042282, 1.5106931448936463, 1.4577721155802408, 1.4170894686603546, 1.3904455752936276, 1.3483195365428924, 1.3361543550381294, 1.307401821415765, 1.2791741395982106], 'train_accuracy': [0.209, 0.28315, 0.31716666666666665, 0.340975, 0.37454, 0.4134, 0.44047142857142857, 0.4585375, 0.48, 0.49332, 0.5007727272727273, 0.51745, 0.5188, 0.5317642857142857, 0.5411733333333333], 'train_f1': [0.15863743560520474, 0.24855833197991561, 0.2883956057039091, 0.31665823741222193, 0.35379509495509587, 0.3956629812379324, 0.43049737978786806, 0.44756407074135085, 0.4697968991097481, 0.48672746812315826, 0.4903819788951572, 0.5110503312267123, 0.5111803882694804, 0.5252952384705026, 0.5354014271231609], 'train_mae': [3.0623, 2.54565, 2.4092666666666664, 2.3736, 2.28676, 2.14705, 2.0522285714285715, 2.005825, 1.928188888888889, 1.87002, 1.852681818181818, 1.776025, 1.767053846153846, 1.7092214285714287, 1.6640866666666667], 'val_loss': [2.163355140066147, 1.995774026107788, 1.8902192290782929, 1.8086967094898223, 1.7286400465488434, 1.6470866069316863, 1.580220803976059, 1.54111106133461, 1.4961879127979278, 1.4680292118072509, 1.4483232908010484, 1.4096779519557954, 1.4055512166500093, 1.3725206791877747, 1.3490402016162872], 'val_accuracy': [0.19775, 0.275875, 0.31405, 0.33745, 0.37015, 0.404375, 0.427775, 0.4457, 0.463675, 0.473625, 0.480725, 0.495525, 0.4948, 0.509275, 0.5164], 'val_f1': [0.14785687371713288, 0.2421270362889548, 0.2857439857680255, 0.3139444890293411, 0.3491335738078121, 0.38697884935885785, 0.41762030513769993, 0.4339293017403323, 0.45318350561206633, 0.46612819546492945, 0.4698371366194734, 0.48869824964477704, 0.48667087686049143, 0.5022843983286251, 0.5109918473527986], 'val_mae': [3.08895, 2.5621, 2.4088, 2.369175, 2.29175, 2.164875, 2.080875, 2.032525, 1.9844, 1.95665, 1.9204, 1.8527, 1.856875, 1.79315, 1.74905], 'jsd': [(0, 0, 0, 0, 0, 0), (0, 0, 0, 0, 0, 0), (0, 0, 0, 0, 0, 0), (0, 0, 0, 0, 0, 0), (0, 0, 0, 0, 0, 0), (0, 0, 0, 0, 0, 0), (0, 0, 0, 0, 0, 0), (0, 0, 0, 0, 0, 0), (0, 0, 0, 0, 0, 0), (0, 0, 0, 0, 0, 0), (0, 0, 0, 0, 0, 0), (0, 0, 0, 0, 0, 0), (0, 0, 0, 0, 0, 0), (0, 0, 0, 0, 0, 0), (0, 0, 0, 0, 0, 0)]}}
AdaptationManager: Configuring next round...
{'client_registry': {'enabled': True, 'params': {}}, 'client_selector': {'enabled': True, 'params': {'selection_strategy': 'Resource-Based', 'selection_criteria': 'CPU', 'selection_value': 2}}, 'client_cluster': {'enabled': False, 'params': {}}, 'message_compressor': {'enabled': False, 'params': {}}, 'model_co-versioning_registry': {'enabled': False, 'params': {}}, 'multi-task_model_trainer': {'enabled': False, 'params': {}}, 'heterogeneous_data_handler': {'enabled': False, 'params': {}}}
{'client_selector': {'enabled': True}, 'client_cluster': {'enabled': False}, 'message_compressor': {'enabled': False}, 'model_co-versioning_registry': {'enabled': False}, 'multi-task_model_trainer': {'enabled': False}, 'heterogeneous_data_handler': {'enabled': False}, 'client_registry': {'enabled': True, 'params': {}}}
100.0-iid clients, predicted wo:0.0053 vs w:0.0057, client_selector activated ✅
Client Client 6 has insufficient CPU (1). Will not participate in the next FL round.
Client Client 2 participates in this round. (CPU: 2, RAM: 2)
Client Client 5 has insufficient CPU (1). Will not participate in the next FL round.
Client Client 3 participates in this round. (CPU: 2, RAM: 2)
Client Client 1 participates in this round. (CPU: 2, RAM: 2)
Client Client 4 participates in this round. (CPU: 2, RAM: 2)
Results Aggregated in 90.62 seconds.
{'CNN 16k': {'train_loss': [2.148051945734024, 1.9770666862487793, 1.869685526227951, 1.7939251425743103, 1.7079791031837463, 1.6270437412103018, 1.554983739042282, 1.5106931448936463, 1.4577721155802408, 1.4170894686603546, 1.3904455752936276, 1.3483195365428924, 1.3361543550381294, 1.307401821415765, 1.2791741395982106, 1.2606884248018264], 'train_accuracy': [0.209, 0.28315, 0.31716666666666665, 0.340975, 0.37454, 0.4134, 0.44047142857142857, 0.4585375, 0.48, 0.49332, 0.5007727272727273, 0.51745, 0.5188, 0.5317642857142857, 0.5411733333333333, 0.55163125], 'train_f1': [0.15863743560520474, 0.24855833197991561, 0.2883956057039091, 0.31665823741222193, 0.35379509495509587, 0.3956629812379324, 0.43049737978786806, 0.44756407074135085, 0.4697968991097481, 0.48672746812315826, 0.4903819788951572, 0.5110503312267123, 0.5111803882694804, 0.5252952384705026, 0.5354014271231609, 0.5447237187101156], 'train_mae': [3.0623, 2.54565, 2.4092666666666664, 2.3736, 2.28676, 2.14705, 2.0522285714285715, 2.005825, 1.928188888888889, 1.87002, 1.852681818181818, 1.776025, 1.767053846153846, 1.7092214285714287, 1.6640866666666667, 1.6369375], 'val_loss': [2.163355140066147, 1.995774026107788, 1.8902192290782929, 1.8086967094898223, 1.7286400465488434, 1.6470866069316863, 1.580220803976059, 1.54111106133461, 1.4961879127979278, 1.4680292118072509, 1.4483232908010484, 1.4096779519557954, 1.4055512166500093, 1.3725206791877747, 1.3490402016162872, 1.331228384923935], 'val_accuracy': [0.19775, 0.275875, 0.31405, 0.33745, 0.37015, 0.404375, 0.427775, 0.4457, 0.463675, 0.473625, 0.480725, 0.495525, 0.4948, 0.509275, 0.5164, 0.523925], 'val_f1': [0.14785687371713288, 0.2421270362889548, 0.2857439857680255, 0.3139444890293411, 0.3491335738078121, 0.38697884935885785, 0.41762030513769993, 0.4339293017403323, 0.45318350561206633, 0.46612819546492945, 0.4698371366194734, 0.48869824964477704, 0.48667087686049143, 0.5022843983286251, 0.5109918473527986, 0.5169966583851888], 'val_mae': [3.08895, 2.5621, 2.4088, 2.369175, 2.29175, 2.164875, 2.080875, 2.032525, 1.9844, 1.95665, 1.9204, 1.8527, 1.856875, 1.79315, 1.74905, 1.7522], 'jsd': [(0, 0, 0, 0, 0, 0), (0, 0, 0, 0, 0, 0), (0, 0, 0, 0, 0, 0), (0, 0, 0, 0, 0, 0), (0, 0, 0, 0, 0, 0), (0, 0, 0, 0, 0, 0), (0, 0, 0, 0, 0, 0), (0, 0, 0, 0, 0, 0), (0, 0, 0, 0, 0, 0), (0, 0, 0, 0, 0, 0), (0, 0, 0, 0, 0, 0), (0, 0, 0, 0, 0, 0), (0, 0, 0, 0, 0, 0), (0, 0, 0, 0, 0, 0), (0, 0, 0, 0, 0, 0), (0, 0, 0, 0, 0, 0)]}}
AdaptationManager: Configuring next round...
{'client_registry': {'enabled': True, 'params': {}}, 'client_selector': {'enabled': True, 'params': {'selection_strategy': 'Resource-Based', 'selection_criteria': 'CPU', 'selection_value': 2}}, 'client_cluster': {'enabled': False, 'params': {}}, 'message_compressor': {'enabled': False, 'params': {}}, 'model_co-versioning_registry': {'enabled': False, 'params': {}}, 'multi-task_model_trainer': {'enabled': False, 'params': {}}, 'heterogeneous_data_handler': {'enabled': False, 'params': {}}}
{'client_selector': {'enabled': True}, 'client_cluster': {'enabled': False}, 'message_compressor': {'enabled': False}, 'model_co-versioning_registry': {'enabled': False}, 'multi-task_model_trainer': {'enabled': False}, 'heterogeneous_data_handler': {'enabled': False}, 'client_registry': {'enabled': True, 'params': {}}}
100.0-iid clients, predicted wo:0.0058 vs w:0.0063, client_selector activated ✅
Client Client 5 has insufficient CPU (1). Will not participate in the next FL round.
Client Client 3 participates in this round. (CPU: 2, RAM: 2)
Client Client 6 has insufficient CPU (1). Will not participate in the next FL round.
Client Client 4 participates in this round. (CPU: 2, RAM: 2)
Client Client 2 participates in this round. (CPU: 2, RAM: 2)
Client Client 1 participates in this round. (CPU: 2, RAM: 2)
Results Aggregated in 96.33 seconds.
{'CNN 16k': {'train_loss': [2.148051945734024, 1.9770666862487793, 1.869685526227951, 1.7939251425743103, 1.7079791031837463, 1.6270437412103018, 1.554983739042282, 1.5106931448936463, 1.4577721155802408, 1.4170894686603546, 1.3904455752936276, 1.3483195365428924, 1.3361543550381294, 1.307401821415765, 1.2791741395982106, 1.2606884248018264, 1.2308913657174392], 'train_accuracy': [0.209, 0.28315, 0.31716666666666665, 0.340975, 0.37454, 0.4134, 0.44047142857142857, 0.4585375, 0.48, 0.49332, 0.5007727272727273, 0.51745, 0.5188, 0.5317642857142857, 0.5411733333333333, 0.55163125, 0.5633294117647059], 'train_f1': [0.15863743560520474, 0.24855833197991561, 0.2883956057039091, 0.31665823741222193, 0.35379509495509587, 0.3956629812379324, 0.43049737978786806, 0.44756407074135085, 0.4697968991097481, 0.48672746812315826, 0.4903819788951572, 0.5110503312267123, 0.5111803882694804, 0.5252952384705026, 0.5354014271231609, 0.5447237187101156, 0.559356080238889], 'train_mae': [3.0623, 2.54565, 2.4092666666666664, 2.3736, 2.28676, 2.14705, 2.0522285714285715, 2.005825, 1.928188888888889, 1.87002, 1.852681818181818, 1.776025, 1.767053846153846, 1.7092214285714287, 1.6640866666666667, 1.6369375, 1.567305882352941], 'val_loss': [2.163355140066147, 1.995774026107788, 1.8902192290782929, 1.8086967094898223, 1.7286400465488434, 1.6470866069316863, 1.580220803976059, 1.54111106133461, 1.4961879127979278, 1.4680292118072509, 1.4483232908010484, 1.4096779519557954, 1.4055512166500093, 1.3725206791877747, 1.3490402016162872, 1.331228384923935, 1.3012000236988068], 'val_accuracy': [0.19775, 0.275875, 0.31405, 0.33745, 0.37015, 0.404375, 0.427775, 0.4457, 0.463675, 0.473625, 0.480725, 0.495525, 0.4948, 0.509275, 0.5164, 0.523925, 0.53605], 'val_f1': [0.14785687371713288, 0.2421270362889548, 0.2857439857680255, 0.3139444890293411, 0.3491335738078121, 0.38697884935885785, 0.41762030513769993, 0.4339293017403323, 0.45318350561206633, 0.46612819546492945, 0.4698371366194734, 0.48869824964477704, 0.48667087686049143, 0.5022843983286251, 0.5109918473527986, 0.5169966583851888, 0.5321965791240845], 'val_mae': [3.08895, 2.5621, 2.4088, 2.369175, 2.29175, 2.164875, 2.080875, 2.032525, 1.9844, 1.95665, 1.9204, 1.8527, 1.856875, 1.79315, 1.74905, 1.7522, 1.666625], 'jsd': [(0, 0, 0, 0, 0, 0), (0, 0, 0, 0, 0, 0), (0, 0, 0, 0, 0, 0), (0, 0, 0, 0, 0, 0), (0, 0, 0, 0, 0, 0), (0, 0, 0, 0, 0, 0), (0, 0, 0, 0, 0, 0), (0, 0, 0, 0, 0, 0), (0, 0, 0, 0, 0, 0), (0, 0, 0, 0, 0, 0), (0, 0, 0, 0, 0, 0), (0, 0, 0, 0, 0, 0), (0, 0, 0, 0, 0, 0), (0, 0, 0, 0, 0, 0), (0, 0, 0, 0, 0, 0), (0, 0, 0, 0, 0, 0), (0, 0, 0, 0, 0, 0)]}}
AdaptationManager: Configuring next round...
{'client_registry': {'enabled': True, 'params': {}}, 'client_selector': {'enabled': True, 'params': {'selection_strategy': 'Resource-Based', 'selection_criteria': 'CPU', 'selection_value': 2}}, 'client_cluster': {'enabled': False, 'params': {}}, 'message_compressor': {'enabled': False, 'params': {}}, 'model_co-versioning_registry': {'enabled': False, 'params': {}}, 'multi-task_model_trainer': {'enabled': False, 'params': {}}, 'heterogeneous_data_handler': {'enabled': False, 'params': {}}}
{'client_selector': {'enabled': True}, 'client_cluster': {'enabled': False}, 'message_compressor': {'enabled': False}, 'model_co-versioning_registry': {'enabled': False}, 'multi-task_model_trainer': {'enabled': False}, 'heterogeneous_data_handler': {'enabled': False}, 'client_registry': {'enabled': True, 'params': {}}}
100.0-iid clients, predicted wo:0.0058 vs w:0.0063, client_selector activated ✅
Client Client 5 has insufficient CPU (1). Will not participate in the next FL round.
Client Client 6 has insufficient CPU (1). Will not participate in the next FL round.
Client Client 3 participates in this round. (CPU: 2, RAM: 2)
Client Client 2 participates in this round. (CPU: 2, RAM: 2)
Client Client 4 participates in this round. (CPU: 2, RAM: 2)
Client Client 1 participates in this round. (CPU: 2, RAM: 2)
Results Aggregated in 103.77 seconds.
{'CNN 16k': {'train_loss': [2.148051945734024, 1.9770666862487793, 1.869685526227951, 1.7939251425743103, 1.7079791031837463, 1.6270437412103018, 1.554983739042282, 1.5106931448936463, 1.4577721155802408, 1.4170894686603546, 1.3904455752936276, 1.3483195365428924, 1.3361543550381294, 1.307401821415765, 1.2791741395982106, 1.2606884248018264, 1.2308913657174392, 1.2122634928438398], 'train_accuracy': [0.209, 0.28315, 0.31716666666666665, 0.340975, 0.37454, 0.4134, 0.44047142857142857, 0.4585375, 0.48, 0.49332, 0.5007727272727273, 0.51745, 0.5188, 0.5317642857142857, 0.5411733333333333, 0.55163125, 0.5633294117647059, 0.5696055555555556], 'train_f1': [0.15863743560520474, 0.24855833197991561, 0.2883956057039091, 0.31665823741222193, 0.35379509495509587, 0.3956629812379324, 0.43049737978786806, 0.44756407074135085, 0.4697968991097481, 0.48672746812315826, 0.4903819788951572, 0.5110503312267123, 0.5111803882694804, 0.5252952384705026, 0.5354014271231609, 0.5447237187101156, 0.559356080238889, 0.5625592598564142], 'train_mae': [3.0623, 2.54565, 2.4092666666666664, 2.3736, 2.28676, 2.14705, 2.0522285714285715, 2.005825, 1.928188888888889, 1.87002, 1.852681818181818, 1.776025, 1.767053846153846, 1.7092214285714287, 1.6640866666666667, 1.6369375, 1.567305882352941, 1.5376722222222223], 'val_loss': [2.163355140066147, 1.995774026107788, 1.8902192290782929, 1.8086967094898223, 1.7286400465488434, 1.6470866069316863, 1.580220803976059, 1.54111106133461, 1.4961879127979278, 1.4680292118072509, 1.4483232908010484, 1.4096779519557954, 1.4055512166500093, 1.3725206791877747, 1.3490402016162872, 1.331228384923935, 1.3012000236988068, 1.2860767473697663], 'val_accuracy': [0.19775, 0.275875, 0.31405, 0.33745, 0.37015, 0.404375, 0.427775, 0.4457, 0.463675, 0.473625, 0.480725, 0.495525, 0.4948, 0.509275, 0.5164, 0.523925, 0.53605, 0.538375], 'val_f1': [0.14785687371713288, 0.2421270362889548, 0.2857439857680255, 0.3139444890293411, 0.3491335738078121, 0.38697884935885785, 0.41762030513769993, 0.4339293017403323, 0.45318350561206633, 0.46612819546492945, 0.4698371366194734, 0.48869824964477704, 0.48667087686049143, 0.5022843983286251, 0.5109918473527986, 0.5169966583851888, 0.5321965791240845, 0.5307114214347763], 'val_mae': [3.08895, 2.5621, 2.4088, 2.369175, 2.29175, 2.164875, 2.080875, 2.032525, 1.9844, 1.95665, 1.9204, 1.8527, 1.856875, 1.79315, 1.74905, 1.7522, 1.666625, 1.65795], 'jsd': [(0, 0, 0, 0, 0, 0), (0, 0, 0, 0, 0, 0), (0, 0, 0, 0, 0, 0), (0, 0, 0, 0, 0, 0), (0, 0, 0, 0, 0, 0), (0, 0, 0, 0, 0, 0), (0, 0, 0, 0, 0, 0), (0, 0, 0, 0, 0, 0), (0, 0, 0, 0, 0, 0), (0, 0, 0, 0, 0, 0), (0, 0, 0, 0, 0, 0), (0, 0, 0, 0, 0, 0), (0, 0, 0, 0, 0, 0), (0, 0, 0, 0, 0, 0), (0, 0, 0, 0, 0, 0), (0, 0, 0, 0, 0, 0), (0, 0, 0, 0, 0, 0), (0, 0, 0, 0, 0, 0)]}}
AdaptationManager: Configuring next round...
{'client_registry': {'enabled': True, 'params': {}}, 'client_selector': {'enabled': True, 'params': {'selection_strategy': 'Resource-Based', 'selection_criteria': 'CPU', 'selection_value': 2}}, 'client_cluster': {'enabled': False, 'params': {}}, 'message_compressor': {'enabled': False, 'params': {}}, 'model_co-versioning_registry': {'enabled': False, 'params': {}}, 'multi-task_model_trainer': {'enabled': False, 'params': {}}, 'heterogeneous_data_handler': {'enabled': False, 'params': {}}}
{'client_selector': {'enabled': True}, 'client_cluster': {'enabled': False}, 'message_compressor': {'enabled': False}, 'model_co-versioning_registry': {'enabled': False}, 'multi-task_model_trainer': {'enabled': False}, 'heterogeneous_data_handler': {'enabled': False}, 'client_registry': {'enabled': True, 'params': {}}}
100.0-iid clients, predicted wo:0.0053 vs w:0.0057, client_selector activated ✅
Client Client 3 participates in this round. (CPU: 2, RAM: 2)
Client Client 6 has insufficient CPU (1). Will not participate in the next FL round.
Client Client 4 participates in this round. (CPU: 2, RAM: 2)
Client Client 2 participates in this round. (CPU: 2, RAM: 2)
Client Client 1 participates in this round. (CPU: 2, RAM: 2)
Client Client 5 has insufficient CPU (1). Will not participate in the next FL round.
Results Aggregated in 109.94 seconds.
{'CNN 16k': {'train_loss': [2.148051945734024, 1.9770666862487793, 1.869685526227951, 1.7939251425743103, 1.7079791031837463, 1.6270437412103018, 1.554983739042282, 1.5106931448936463, 1.4577721155802408, 1.4170894686603546, 1.3904455752936276, 1.3483195365428924, 1.3361543550381294, 1.307401821415765, 1.2791741395982106, 1.2606884248018264, 1.2308913657174392, 1.2122634928438398, 1.1961847281368154], 'train_accuracy': [0.209, 0.28315, 0.31716666666666665, 0.340975, 0.37454, 0.4134, 0.44047142857142857, 0.4585375, 0.48, 0.49332, 0.5007727272727273, 0.51745, 0.5188, 0.5317642857142857, 0.5411733333333333, 0.55163125, 0.5633294117647059, 0.5696055555555556, 0.5756315789473684], 'train_f1': [0.15863743560520474, 0.24855833197991561, 0.2883956057039091, 0.31665823741222193, 0.35379509495509587, 0.3956629812379324, 0.43049737978786806, 0.44756407074135085, 0.4697968991097481, 0.48672746812315826, 0.4903819788951572, 0.5110503312267123, 0.5111803882694804, 0.5252952384705026, 0.5354014271231609, 0.5447237187101156, 0.559356080238889, 0.5625592598564142, 0.5737137281222725], 'train_mae': [3.0623, 2.54565, 2.4092666666666664, 2.3736, 2.28676, 2.14705, 2.0522285714285715, 2.005825, 1.928188888888889, 1.87002, 1.852681818181818, 1.776025, 1.767053846153846, 1.7092214285714287, 1.6640866666666667, 1.6369375, 1.567305882352941, 1.5376722222222223, 1.5060631578947368], 'val_loss': [2.163355140066147, 1.995774026107788, 1.8902192290782929, 1.8086967094898223, 1.7286400465488434, 1.6470866069316863, 1.580220803976059, 1.54111106133461, 1.4961879127979278, 1.4680292118072509, 1.4483232908010484, 1.4096779519557954, 1.4055512166500093, 1.3725206791877747, 1.3490402016162872, 1.331228384923935, 1.3012000236988068, 1.2860767473697663, 1.2738569347381592], 'val_accuracy': [0.19775, 0.275875, 0.31405, 0.33745, 0.37015, 0.404375, 0.427775, 0.4457, 0.463675, 0.473625, 0.480725, 0.495525, 0.4948, 0.509275, 0.5164, 0.523925, 0.53605, 0.538375, 0.5461499999999999], 'val_f1': [0.14785687371713288, 0.2421270362889548, 0.2857439857680255, 0.3139444890293411, 0.3491335738078121, 0.38697884935885785, 0.41762030513769993, 0.4339293017403323, 0.45318350561206633, 0.46612819546492945, 0.4698371366194734, 0.48869824964477704, 0.48667087686049143, 0.5022843983286251, 0.5109918473527986, 0.5169966583851888, 0.5321965791240845, 0.5307114214347763, 0.5441695854957131], 'val_mae': [3.08895, 2.5621, 2.4088, 2.369175, 2.29175, 2.164875, 2.080875, 2.032525, 1.9844, 1.95665, 1.9204, 1.8527, 1.856875, 1.79315, 1.74905, 1.7522, 1.666625, 1.65795, 1.619675], 'jsd': [(0, 0, 0, 0, 0, 0), (0, 0, 0, 0, 0, 0), (0, 0, 0, 0, 0, 0), (0, 0, 0, 0, 0, 0), (0, 0, 0, 0, 0, 0), (0, 0, 0, 0, 0, 0), (0, 0, 0, 0, 0, 0), (0, 0, 0, 0, 0, 0), (0, 0, 0, 0, 0, 0), (0, 0, 0, 0, 0, 0), (0, 0, 0, 0, 0, 0), (0, 0, 0, 0, 0, 0), (0, 0, 0, 0, 0, 0), (0, 0, 0, 0, 0, 0), (0, 0, 0, 0, 0, 0), (0, 0, 0, 0, 0, 0), (0, 0, 0, 0, 0, 0), (0, 0, 0, 0, 0, 0), (0, 0, 0, 0, 0, 0)]}}
AdaptationManager: Configuring next round...
{'client_registry': {'enabled': True, 'params': {}}, 'client_selector': {'enabled': True, 'params': {'selection_strategy': 'Resource-Based', 'selection_criteria': 'CPU', 'selection_value': 2}}, 'client_cluster': {'enabled': False, 'params': {}}, 'message_compressor': {'enabled': False, 'params': {}}, 'model_co-versioning_registry': {'enabled': False, 'params': {}}, 'multi-task_model_trainer': {'enabled': False, 'params': {}}, 'heterogeneous_data_handler': {'enabled': False, 'params': {}}}
{'client_selector': {'enabled': True}, 'client_cluster': {'enabled': False}, 'message_compressor': {'enabled': False}, 'model_co-versioning_registry': {'enabled': False}, 'multi-task_model_trainer': {'enabled': False}, 'heterogeneous_data_handler': {'enabled': False}, 'client_registry': {'enabled': True, 'params': {}}}
100.0-iid clients, predicted wo:0.0053 vs w:0.0057, client_selector activated ✅
Client Client 3 participates in this round. (CPU: 2, RAM: 2)
Client Client 6 has insufficient CPU (1). Will not participate in the next FL round.
Client Client 4 participates in this round. (CPU: 2, RAM: 2)
Client Client 2 participates in this round. (CPU: 2, RAM: 2)
Client Client 5 has insufficient CPU (1). Will not participate in the next FL round.
Client Client 1 participates in this round. (CPU: 2, RAM: 2)
Results Aggregated in 108.88 seconds.
{'CNN 16k': {'train_loss': [2.148051945734024, 1.9770666862487793, 1.869685526227951, 1.7939251425743103, 1.7079791031837463, 1.6270437412103018, 1.554983739042282, 1.5106931448936463, 1.4577721155802408, 1.4170894686603546, 1.3904455752936276, 1.3483195365428924, 1.3361543550381294, 1.307401821415765, 1.2791741395982106, 1.2606884248018264, 1.2308913657174392, 1.2122634928438398, 1.1961847281368154, 1.1902224133396149], 'train_accuracy': [0.209, 0.28315, 0.31716666666666665, 0.340975, 0.37454, 0.4134, 0.44047142857142857, 0.4585375, 0.48, 0.49332, 0.5007727272727273, 0.51745, 0.5188, 0.5317642857142857, 0.5411733333333333, 0.55163125, 0.5633294117647059, 0.5696055555555556, 0.5756315789473684, 0.57929], 'train_f1': [0.15863743560520474, 0.24855833197991561, 0.2883956057039091, 0.31665823741222193, 0.35379509495509587, 0.3956629812379324, 0.43049737978786806, 0.44756407074135085, 0.4697968991097481, 0.48672746812315826, 0.4903819788951572, 0.5110503312267123, 0.5111803882694804, 0.5252952384705026, 0.5354014271231609, 0.5447237187101156, 0.559356080238889, 0.5625592598564142, 0.5737137281222725, 0.5748158697713766], 'train_mae': [3.0623, 2.54565, 2.4092666666666664, 2.3736, 2.28676, 2.14705, 2.0522285714285715, 2.005825, 1.928188888888889, 1.87002, 1.852681818181818, 1.776025, 1.767053846153846, 1.7092214285714287, 1.6640866666666667, 1.6369375, 1.567305882352941, 1.5376722222222223, 1.5060631578947368, 1.49157], 'val_loss': [2.163355140066147, 1.995774026107788, 1.8902192290782929, 1.8086967094898223, 1.7286400465488434, 1.6470866069316863, 1.580220803976059, 1.54111106133461, 1.4961879127979278, 1.4680292118072509, 1.4483232908010484, 1.4096779519557954, 1.4055512166500093, 1.3725206791877747, 1.3490402016162872, 1.331228384923935, 1.3012000236988068, 1.2860767473697663, 1.2738569347381592, 1.2666259066104888], 'val_accuracy': [0.19775, 0.275875, 0.31405, 0.33745, 0.37015, 0.404375, 0.427775, 0.4457, 0.463675, 0.473625, 0.480725, 0.495525, 0.4948, 0.509275, 0.5164, 0.523925, 0.53605, 0.538375, 0.5461499999999999, 0.552925], 'val_f1': [0.14785687371713288, 0.2421270362889548, 0.2857439857680255, 0.3139444890293411, 0.3491335738078121, 0.38697884935885785, 0.41762030513769993, 0.4339293017403323, 0.45318350561206633, 0.46612819546492945, 0.4698371366194734, 0.48869824964477704, 0.48667087686049143, 0.5022843983286251, 0.5109918473527986, 0.5169966583851888, 0.5321965791240845, 0.5307114214347763, 0.5441695854957131, 0.5481836211230621], 'val_mae': [3.08895, 2.5621, 2.4088, 2.369175, 2.29175, 2.164875, 2.080875, 2.032525, 1.9844, 1.95665, 1.9204, 1.8527, 1.856875, 1.79315, 1.74905, 1.7522, 1.666625, 1.65795, 1.619675, 1.5985], 'jsd': [(0, 0, 0, 0, 0, 0), (0, 0, 0, 0, 0, 0), (0, 0, 0, 0, 0, 0), (0, 0, 0, 0, 0, 0), (0, 0, 0, 0, 0, 0), (0, 0, 0, 0, 0, 0), (0, 0, 0, 0, 0, 0), (0, 0, 0, 0, 0, 0), (0, 0, 0, 0, 0, 0), (0, 0, 0, 0, 0, 0), (0, 0, 0, 0, 0, 0), (0, 0, 0, 0, 0, 0), (0, 0, 0, 0, 0, 0), (0, 0, 0, 0, 0, 0), (0, 0, 0, 0, 0, 0), (0, 0, 0, 0, 0, 0), (0, 0, 0, 0, 0, 0), (0, 0, 0, 0, 0, 0), (0, 0, 0, 0, 0, 0), (0, 0, 0, 0, 0, 0)]}}
AdaptationManager: Configuring next round...
{'client_registry': {'enabled': True, 'params': {}}, 'client_selector': {'enabled': True, 'params': {'selection_strategy': 'Resource-Based', 'selection_criteria': 'CPU', 'selection_value': 2}}, 'client_cluster': {'enabled': False, 'params': {}}, 'message_compressor': {'enabled': False, 'params': {}}, 'model_co-versioning_registry': {'enabled': False, 'params': {}}, 'multi-task_model_trainer': {'enabled': False, 'params': {}}, 'heterogeneous_data_handler': {'enabled': False, 'params': {}}}
{'client_selector': {'enabled': True}, 'client_cluster': {'enabled': False}, 'message_compressor': {'enabled': False}, 'model_co-versioning_registry': {'enabled': False}, 'multi-task_model_trainer': {'enabled': False}, 'heterogeneous_data_handler': {'enabled': False}, 'client_registry': {'enabled': True, 'params': {}}}
100.0-iid clients, predicted wo:0.0053 vs w:0.0057, client_selector activated ✅
