==========================================
  ___  ______  ___ ______       _ 
 / _ \ | ___ \/   ||  ___|     | |
/ /_\ \| |_/ / /| || |_ ___  __| |
|  _  ||  __/ /_| ||  _/ _ \/ _` |
| | | || |  \___  || ||  __/ (_| |
\_| |_/\_|      |_/\_| \___|\__,_| v.1.5.0

==========================================
Simulation Started!
List of the Architectural Patterns enabled:
Adaptation Enabled ✅
Random activation criterion
Client Registry ✅
Message Compressor ✅
==========================================
Local parameters compressed: reduced 4834 bytes (7.55%)
Local parameters compressed: reduced 4869 bytes (7.61%)
Local parameters compressed: reduced 4838 bytes (7.56%)
Local parameters compressed: reduced 4816 bytes (7.52%)
Local parameters compressed: reduced 4836 bytes (7.56%)
Local parameters compressed: reduced 4865 bytes (7.60%)
Results Aggregated in 112.98 seconds.
{'CNN 16k': {'train_loss': [1.3102092467625936], 'train_accuracy': [0.5317266666666667], 'train_f1': [0.3606536964430266], 'train_mae': [1.9063566666666667], 'val_loss': [2.811933997154236], 'val_accuracy': [0.3275166666666667], 'val_f1': [0.2620819277616313], 'val_mae': [2.523233333333333], 'jsd': [(0, 0, 0, 0, 0, 0)]}}
AdaptationManager: Configuring next round...
{'client_registry': {'enabled': True, 'params': {}}, 'client_selector': {'enabled': False, 'params': {}}, 'client_cluster': {'enabled': False, 'params': {}}, 'message_compressor': {'enabled': True, 'params': {}}, 'model_co-versioning_registry': {'enabled': False, 'params': {}}, 'multi-task_model_trainer': {'enabled': False, 'params': {}}, 'heterogeneous_data_handler': {'enabled': False, 'params': {}}}
{'client_selector': {'enabled': False}, 'client_cluster': {'enabled': False}, 'message_compressor': {'enabled': True}, 'model_co-versioning_registry': {'enabled': False}, 'multi-task_model_trainer': {'enabled': False}, 'heterogeneous_data_handler': {'enabled': False}, 'client_registry': {'enabled': True, 'params': {}}}
message_compressor activated ✅
Local parameters compressed: reduced 4863 bytes (7.60%)
Local parameters compressed: reduced 4801 bytes (7.50%)
Local parameters compressed: reduced 4825 bytes (7.54%)
Local parameters compressed: reduced 4812 bytes (7.52%)
Local parameters compressed: reduced 4848 bytes (7.57%)
Local parameters compressed: reduced 4799 bytes (7.50%)
Results Aggregated in 68.01 seconds.
{'CNN 16k': {'train_loss': [1.3102092467625936, 1.2159456287288666], 'train_accuracy': [0.5317266666666667, 0.5644833333333333], 'train_f1': [0.3606536964430266, 0.40842898190296456], 'train_mae': [1.9063566666666667, 1.7673433333333333], 'val_loss': [2.811933997154236, 2.4725982539494833], 'val_accuracy': [0.3275166666666667, 0.36693333333333333], 'val_f1': [0.2620819277616313, 0.3064157305503212], 'val_mae': [2.523233333333333, 2.372933333333333], 'jsd': [(0, 0, 0, 0, 0, 0), (0, 0, 0, 0, 0, 0)]}}
AdaptationManager: Configuring next round...
{'client_registry': {'enabled': True, 'params': {}}, 'client_selector': {'enabled': False, 'params': {}}, 'client_cluster': {'enabled': False, 'params': {}}, 'message_compressor': {'enabled': True, 'params': {}}, 'model_co-versioning_registry': {'enabled': False, 'params': {}}, 'multi-task_model_trainer': {'enabled': False, 'params': {}}, 'heterogeneous_data_handler': {'enabled': False, 'params': {}}}
{'client_selector': {'enabled': False}, 'client_cluster': {'enabled': False}, 'message_compressor': {'enabled': True, 'params': {'enabled_clients': ['Client 23', 'Client 24', 'Client 28']}}, 'model_co-versioning_registry': {'enabled': False}, 'multi-task_model_trainer': {'enabled': False}, 'heterogeneous_data_handler': {'enabled': False}, 'client_registry': {'enabled': True, 'params': {}}}
message_compressor activated ✅
Local parameters compressed: reduced 4752 bytes (7.42%)
Local parameters compressed: reduced 4768 bytes (7.45%)
Local parameters compressed: reduced 4766 bytes (7.45%)
Local parameters compressed: reduced 4814 bytes (7.52%)
Local parameters compressed: reduced 4755 bytes (7.43%)
Local parameters compressed: reduced 4725 bytes (7.38%)
Results Aggregated in 64.49 seconds.
{'CNN 16k': {'train_loss': [1.3102092467625936, 1.2159456287288666, 1.1375996273612976], 'train_accuracy': [0.5317266666666667, 0.5644833333333333, 0.5938966666666666], 'train_f1': [0.3606536964430266, 0.40842898190296456, 0.4500285128883194], 'train_mae': [1.9063566666666667, 1.7673433333333333, 1.6334266666666666], 'val_loss': [2.811933997154236, 2.4725982539494833, 2.336468557039897], 'val_accuracy': [0.3275166666666667, 0.36693333333333333, 0.39211666666666667], 'val_f1': [0.2620819277616313, 0.3064157305503212, 0.3390089062251072], 'val_mae': [2.523233333333333, 2.372933333333333, 2.3034333333333334], 'jsd': [(0, 0, 0, 0, 0, 0), (0, 0, 0, 0, 0, 0), (0, 0, 0, 0, 0, 0)]}}
AdaptationManager: Configuring next round...
{'client_registry': {'enabled': True, 'params': {}}, 'client_selector': {'enabled': False, 'params': {}}, 'client_cluster': {'enabled': False, 'params': {}}, 'message_compressor': {'enabled': True, 'params': {}}, 'model_co-versioning_registry': {'enabled': False, 'params': {}}, 'multi-task_model_trainer': {'enabled': False, 'params': {}}, 'heterogeneous_data_handler': {'enabled': False, 'params': {}}}
{'client_selector': {'enabled': False}, 'client_cluster': {'enabled': False}, 'message_compressor': {'enabled': True, 'params': {'enabled_clients': ['Client 26', 'Client 27', 'Client 28']}}, 'model_co-versioning_registry': {'enabled': False}, 'multi-task_model_trainer': {'enabled': False}, 'heterogeneous_data_handler': {'enabled': False}, 'client_registry': {'enabled': True, 'params': {}}}
message_compressor de-activated ❌
Results Aggregated in 82.72 seconds.
{'CNN 16k': {'train_loss': [1.3102092467625936, 1.2159456287288666, 1.1375996273612976, 1.093279855222702], 'train_accuracy': [0.5317266666666667, 0.5644833333333333, 0.5938966666666666, 0.6098966666666666], 'train_f1': [0.3606536964430266, 0.40842898190296456, 0.4500285128883194, 0.46593599267467417], 'train_mae': [1.9063566666666667, 1.7673433333333333, 1.6334266666666666, 1.5939366666666666], 'val_loss': [2.811933997154236, 2.4725982539494833, 2.336468557039897, 2.3462066624323525], 'val_accuracy': [0.3275166666666667, 0.36693333333333333, 0.39211666666666667, 0.39935], 'val_f1': [0.2620819277616313, 0.3064157305503212, 0.3390089062251072, 0.3443489592972456], 'val_mae': [2.523233333333333, 2.372933333333333, 2.3034333333333334, 2.3282666666666665], 'jsd': [(0, 0, 0, 0, 0, 0), (0, 0, 0, 0, 0, 0), (0, 0, 0, 0, 0, 0), (0.1929242848643572, 0.13735782770322294, 0.11443180158151062, 0.09575610199990908, 0.07584907944899671, 0.1820696842986726)]}}
AdaptationManager: Configuring next round...
{'client_registry': {'enabled': True, 'params': {}}, 'client_selector': {'enabled': False, 'params': {}}, 'client_cluster': {'enabled': False, 'params': {}}, 'message_compressor': {'enabled': True, 'params': {}}, 'model_co-versioning_registry': {'enabled': False, 'params': {}}, 'multi-task_model_trainer': {'enabled': False, 'params': {}}, 'heterogeneous_data_handler': {'enabled': False, 'params': {}}}
{'client_selector': {'enabled': False}, 'client_cluster': {'enabled': False}, 'message_compressor': {'enabled': False, 'params': {'enabled_clients': ['Client 26', 'Client 27', 'Client 28']}}, 'model_co-versioning_registry': {'enabled': False}, 'multi-task_model_trainer': {'enabled': False}, 'heterogeneous_data_handler': {'enabled': False}, 'client_registry': {'enabled': True, 'params': {}}}
message_compressor de-activated ❌
Results Aggregated in 83.66 seconds.
{'CNN 16k': {'train_loss': [1.3102092467625936, 1.2159456287288666, 1.1375996273612976, 1.093279855222702, 1.0580294788869222], 'train_accuracy': [0.5317266666666667, 0.5644833333333333, 0.5938966666666666, 0.6098966666666666, 0.6219066666666667], 'train_f1': [0.3606536964430266, 0.40842898190296456, 0.4500285128883194, 0.46593599267467417, 0.4851655688456725], 'train_mae': [1.9063566666666667, 1.7673433333333333, 1.6334266666666666, 1.5939366666666666, 1.5319233333333333], 'val_loss': [2.811933997154236, 2.4725982539494833, 2.336468557039897, 2.3462066624323525, 2.3054143050193785], 'val_accuracy': [0.3275166666666667, 0.36693333333333333, 0.39211666666666667, 0.39935, 0.41365], 'val_f1': [0.2620819277616313, 0.3064157305503212, 0.3390089062251072, 0.3443489592972456, 0.36253767422149186], 'val_mae': [2.523233333333333, 2.372933333333333, 2.3034333333333334, 2.3282666666666665, 2.2491833333333333], 'jsd': [(0, 0, 0, 0, 0, 0), (0, 0, 0, 0, 0, 0), (0, 0, 0, 0, 0, 0), (0.1929242848643572, 0.13735782770322294, 0.11443180158151062, 0.09575610199990908, 0.07584907944899671, 0.1820696842986726), (0.1929242848643572, 0.13735782770322294, 0.11443180158151062, 0.09575610199990908, 0.07584907944899671, 0.1820696842986726)]}}
AdaptationManager: Configuring next round...
{'client_registry': {'enabled': True, 'params': {}}, 'client_selector': {'enabled': False, 'params': {}}, 'client_cluster': {'enabled': False, 'params': {}}, 'message_compressor': {'enabled': True, 'params': {}}, 'model_co-versioning_registry': {'enabled': False, 'params': {}}, 'multi-task_model_trainer': {'enabled': False, 'params': {}}, 'heterogeneous_data_handler': {'enabled': False, 'params': {}}}
{'client_selector': {'enabled': False}, 'client_cluster': {'enabled': False}, 'message_compressor': {'enabled': False, 'params': {'enabled_clients': ['Client 26', 'Client 27', 'Client 28']}}, 'model_co-versioning_registry': {'enabled': False}, 'multi-task_model_trainer': {'enabled': False}, 'heterogeneous_data_handler': {'enabled': False}, 'client_registry': {'enabled': True, 'params': {}}}
message_compressor activated ✅
Local parameters compressed: reduced 4675 bytes (7.30%)
Local parameters compressed: reduced 4669 bytes (7.29%)
Local parameters compressed: reduced 4620 bytes (7.22%)
Local parameters compressed: reduced 4639 bytes (7.25%)
Local parameters compressed: reduced 4685 bytes (7.32%)
Local parameters compressed: reduced 4678 bytes (7.31%)
Results Aggregated in 66.14 seconds.
{'CNN 16k': {'train_loss': [1.3102092467625936, 1.2159456287288666, 1.1375996273612976, 1.093279855222702, 1.0580294788869222, 1.017657624724706], 'train_accuracy': [0.5317266666666667, 0.5644833333333333, 0.5938966666666666, 0.6098966666666666, 0.6219066666666667, 0.6371366666666667], 'train_f1': [0.3606536964430266, 0.40842898190296456, 0.4500285128883194, 0.46593599267467417, 0.4851655688456725, 0.5062858816673957], 'train_mae': [1.9063566666666667, 1.7673433333333333, 1.6334266666666666, 1.5939366666666666, 1.5319233333333333, 1.4529333333333334], 'val_loss': [2.811933997154236, 2.4725982539494833, 2.336468557039897, 2.3462066624323525, 2.3054143050193785, 2.275149238904317], 'val_accuracy': [0.3275166666666667, 0.36693333333333333, 0.39211666666666667, 0.39935, 0.41365, 0.4259], 'val_f1': [0.2620819277616313, 0.3064157305503212, 0.3390089062251072, 0.3443489592972456, 0.36253767422149186, 0.3789823685831356], 'val_mae': [2.523233333333333, 2.372933333333333, 2.3034333333333334, 2.3282666666666665, 2.2491833333333333, 2.1925166666666667], 'jsd': [(0, 0, 0, 0, 0, 0), (0, 0, 0, 0, 0, 0), (0, 0, 0, 0, 0, 0), (0.1929242848643572, 0.13735782770322294, 0.11443180158151062, 0.09575610199990908, 0.07584907944899671, 0.1820696842986726), (0.1929242848643572, 0.13735782770322294, 0.11443180158151062, 0.09575610199990908, 0.07584907944899671, 0.1820696842986726), (0, 0, 0, 0, 0, 0)]}}
AdaptationManager: Configuring next round...
{'client_registry': {'enabled': True, 'params': {}}, 'client_selector': {'enabled': False, 'params': {}}, 'client_cluster': {'enabled': False, 'params': {}}, 'message_compressor': {'enabled': True, 'params': {}}, 'model_co-versioning_registry': {'enabled': False, 'params': {}}, 'multi-task_model_trainer': {'enabled': False, 'params': {}}, 'heterogeneous_data_handler': {'enabled': False, 'params': {}}}
{'client_selector': {'enabled': False}, 'client_cluster': {'enabled': False}, 'message_compressor': {'enabled': True, 'params': {'enabled_clients': ['Client 24', 'Client 26', 'Client 27']}}, 'model_co-versioning_registry': {'enabled': False}, 'multi-task_model_trainer': {'enabled': False}, 'heterogeneous_data_handler': {'enabled': False}, 'client_registry': {'enabled': True, 'params': {}}}
message_compressor de-activated ❌
Results Aggregated in 80.01 seconds.
{'CNN 16k': {'train_loss': [1.3102092467625936, 1.2159456287288666, 1.1375996273612976, 1.093279855222702, 1.0580294788869222, 1.017657624724706, 1.0008064018821716], 'train_accuracy': [0.5317266666666667, 0.5644833333333333, 0.5938966666666666, 0.6098966666666666, 0.6219066666666667, 0.6371366666666667, 0.64495], 'train_f1': [0.3606536964430266, 0.40842898190296456, 0.4500285128883194, 0.46593599267467417, 0.4851655688456725, 0.5062858816673957, 0.5222602165921205], 'train_mae': [1.9063566666666667, 1.7673433333333333, 1.6334266666666666, 1.5939366666666666, 1.5319233333333333, 1.4529333333333334, 1.39686], 'val_loss': [2.811933997154236, 2.4725982539494833, 2.336468557039897, 2.3462066624323525, 2.3054143050193785, 2.275149238904317, 2.246409422588348], 'val_accuracy': [0.3275166666666667, 0.36693333333333333, 0.39211666666666667, 0.39935, 0.41365, 0.4259, 0.43615], 'val_f1': [0.2620819277616313, 0.3064157305503212, 0.3390089062251072, 0.3443489592972456, 0.36253767422149186, 0.3789823685831356, 0.3939633036708675], 'val_mae': [2.523233333333333, 2.372933333333333, 2.3034333333333334, 2.3282666666666665, 2.2491833333333333, 2.1925166666666667, 2.1464333333333334], 'jsd': [(0, 0, 0, 0, 0, 0), (0, 0, 0, 0, 0, 0), (0, 0, 0, 0, 0, 0), (0.1929242848643572, 0.13735782770322294, 0.11443180158151062, 0.09575610199990908, 0.07584907944899671, 0.1820696842986726), (0.1929242848643572, 0.13735782770322294, 0.11443180158151062, 0.09575610199990908, 0.07584907944899671, 0.1820696842986726), (0, 0, 0, 0, 0, 0), (0.1929242848643572, 0.13735782770322294, 0.11443180158151062, 0.09575610199990908, 0.07584907944899671, 0.1820696842986726)]}}
AdaptationManager: Configuring next round...
{'client_registry': {'enabled': True, 'params': {}}, 'client_selector': {'enabled': False, 'params': {}}, 'client_cluster': {'enabled': False, 'params': {}}, 'message_compressor': {'enabled': True, 'params': {}}, 'model_co-versioning_registry': {'enabled': False, 'params': {}}, 'multi-task_model_trainer': {'enabled': False, 'params': {}}, 'heterogeneous_data_handler': {'enabled': False, 'params': {}}}
{'client_selector': {'enabled': False}, 'client_cluster': {'enabled': False}, 'message_compressor': {'enabled': False, 'params': {'enabled_clients': ['Client 24', 'Client 26', 'Client 27']}}, 'model_co-versioning_registry': {'enabled': False}, 'multi-task_model_trainer': {'enabled': False}, 'heterogeneous_data_handler': {'enabled': False}, 'client_registry': {'enabled': True, 'params': {}}}
message_compressor de-activated ❌
Results Aggregated in 80.79 seconds.
{'CNN 16k': {'train_loss': [1.3102092467625936, 1.2159456287288666, 1.1375996273612976, 1.093279855222702, 1.0580294788869222, 1.017657624724706, 1.0008064018821716, 0.9776504405212403], 'train_accuracy': [0.5317266666666667, 0.5644833333333333, 0.5938966666666666, 0.6098966666666666, 0.6219066666666667, 0.6371366666666667, 0.64495, 0.65477], 'train_f1': [0.3606536964430266, 0.40842898190296456, 0.4500285128883194, 0.46593599267467417, 0.4851655688456725, 0.5062858816673957, 0.5222602165921205, 0.5375095328691023], 'train_mae': [1.9063566666666667, 1.7673433333333333, 1.6334266666666666, 1.5939366666666666, 1.5319233333333333, 1.4529333333333334, 1.39686, 1.3471766666666667], 'val_loss': [2.811933997154236, 2.4725982539494833, 2.336468557039897, 2.3462066624323525, 2.3054143050193785, 2.275149238904317, 2.246409422588348, 2.157983888753255], 'val_accuracy': [0.3275166666666667, 0.36693333333333333, 0.39211666666666667, 0.39935, 0.41365, 0.4259, 0.43615, 0.4419], 'val_f1': [0.2620819277616313, 0.3064157305503212, 0.3390089062251072, 0.3443489592972456, 0.36253767422149186, 0.3789823685831356, 0.3939633036708675, 0.4010061089668598], 'val_mae': [2.523233333333333, 2.372933333333333, 2.3034333333333334, 2.3282666666666665, 2.2491833333333333, 2.1925166666666667, 2.1464333333333334, 2.13175], 'jsd': [(0, 0, 0, 0, 0, 0), (0, 0, 0, 0, 0, 0), (0, 0, 0, 0, 0, 0), (0.1929242848643572, 0.13735782770322294, 0.11443180158151062, 0.09575610199990908, 0.07584907944899671, 0.1820696842986726), (0.1929242848643572, 0.13735782770322294, 0.11443180158151062, 0.09575610199990908, 0.07584907944899671, 0.1820696842986726), (0, 0, 0, 0, 0, 0), (0.1929242848643572, 0.13735782770322294, 0.11443180158151062, 0.09575610199990908, 0.07584907944899671, 0.1820696842986726), (0.1929242848643572, 0.13735782770322294, 0.11443180158151062, 0.09575610199990908, 0.07584907944899671, 0.1820696842986726)]}}
AdaptationManager: Configuring next round...
{'client_registry': {'enabled': True, 'params': {}}, 'client_selector': {'enabled': False, 'params': {}}, 'client_cluster': {'enabled': False, 'params': {}}, 'message_compressor': {'enabled': True, 'params': {}}, 'model_co-versioning_registry': {'enabled': False, 'params': {}}, 'multi-task_model_trainer': {'enabled': False, 'params': {}}, 'heterogeneous_data_handler': {'enabled': False, 'params': {}}}
{'client_selector': {'enabled': False}, 'client_cluster': {'enabled': False}, 'message_compressor': {'enabled': False, 'params': {'enabled_clients': ['Client 24', 'Client 26', 'Client 27']}}, 'model_co-versioning_registry': {'enabled': False}, 'multi-task_model_trainer': {'enabled': False}, 'heterogeneous_data_handler': {'enabled': False}, 'client_registry': {'enabled': True, 'params': {}}}
message_compressor de-activated ❌
Results Aggregated in 84.21 seconds.
{'CNN 16k': {'train_loss': [1.3102092467625936, 1.2159456287288666, 1.1375996273612976, 1.093279855222702, 1.0580294788869222, 1.017657624724706, 1.0008064018821716, 0.9776504405212403, 0.9461508723513286], 'train_accuracy': [0.5317266666666667, 0.5644833333333333, 0.5938966666666666, 0.6098966666666666, 0.6219066666666667, 0.6371366666666667, 0.64495, 0.65477, 0.66384], 'train_f1': [0.3606536964430266, 0.40842898190296456, 0.4500285128883194, 0.46593599267467417, 0.4851655688456725, 0.5062858816673957, 0.5222602165921205, 0.5375095328691023, 0.5419714934641227], 'train_mae': [1.9063566666666667, 1.7673433333333333, 1.6334266666666666, 1.5939366666666666, 1.5319233333333333, 1.4529333333333334, 1.39686, 1.3471766666666667, 1.3113166666666667], 'val_loss': [2.811933997154236, 2.4725982539494833, 2.336468557039897, 2.3462066624323525, 2.3054143050193785, 2.275149238904317, 2.246409422588348, 2.157983888753255, 2.235738081264496], 'val_accuracy': [0.3275166666666667, 0.36693333333333333, 0.39211666666666667, 0.39935, 0.41365, 0.4259, 0.43615, 0.4419, 0.44215], 'val_f1': [0.2620819277616313, 0.3064157305503212, 0.3390089062251072, 0.3443489592972456, 0.36253767422149186, 0.3789823685831356, 0.3939633036708675, 0.4010061089668598, 0.39840500251688094], 'val_mae': [2.523233333333333, 2.372933333333333, 2.3034333333333334, 2.3282666666666665, 2.2491833333333333, 2.1925166666666667, 2.1464333333333334, 2.13175, 2.101766666666667], 'jsd': [(0, 0, 0, 0, 0, 0), (0, 0, 0, 0, 0, 0), (0, 0, 0, 0, 0, 0), (0.1929242848643572, 0.13735782770322294, 0.11443180158151062, 0.09575610199990908, 0.07584907944899671, 0.1820696842986726), (0.1929242848643572, 0.13735782770322294, 0.11443180158151062, 0.09575610199990908, 0.07584907944899671, 0.1820696842986726), (0, 0, 0, 0, 0, 0), (0.1929242848643572, 0.13735782770322294, 0.11443180158151062, 0.09575610199990908, 0.07584907944899671, 0.1820696842986726), (0.1929242848643572, 0.13735782770322294, 0.11443180158151062, 0.09575610199990908, 0.07584907944899671, 0.1820696842986726), (0.1929242848643572, 0.13735782770322294, 0.11443180158151062, 0.09575610199990908, 0.07584907944899671, 0.1820696842986726)]}}
AdaptationManager: Configuring next round...
{'client_registry': {'enabled': True, 'params': {}}, 'client_selector': {'enabled': False, 'params': {}}, 'client_cluster': {'enabled': False, 'params': {}}, 'message_compressor': {'enabled': True, 'params': {}}, 'model_co-versioning_registry': {'enabled': False, 'params': {}}, 'multi-task_model_trainer': {'enabled': False, 'params': {}}, 'heterogeneous_data_handler': {'enabled': False, 'params': {}}}
{'client_selector': {'enabled': False}, 'client_cluster': {'enabled': False}, 'message_compressor': {'enabled': False, 'params': {'enabled_clients': ['Client 24', 'Client 26', 'Client 27']}}, 'model_co-versioning_registry': {'enabled': False}, 'multi-task_model_trainer': {'enabled': False}, 'heterogeneous_data_handler': {'enabled': False}, 'client_registry': {'enabled': True, 'params': {}}}
message_compressor de-activated ❌
Results Aggregated in 83.49 seconds.
{'CNN 16k': {'train_loss': [1.3102092467625936, 1.2159456287288666, 1.1375996273612976, 1.093279855222702, 1.0580294788869222, 1.017657624724706, 1.0008064018821716, 0.9776504405212403, 0.9461508723513286, 0.9309803789393107], 'train_accuracy': [0.5317266666666667, 0.5644833333333333, 0.5938966666666666, 0.6098966666666666, 0.6219066666666667, 0.6371366666666667, 0.64495, 0.65477, 0.66384, 0.67073], 'train_f1': [0.3606536964430266, 0.40842898190296456, 0.4500285128883194, 0.46593599267467417, 0.4851655688456725, 0.5062858816673957, 0.5222602165921205, 0.5375095328691023, 0.5419714934641227, 0.5463206621339249], 'train_mae': [1.9063566666666667, 1.7673433333333333, 1.6334266666666666, 1.5939366666666666, 1.5319233333333333, 1.4529333333333334, 1.39686, 1.3471766666666667, 1.3113166666666667, 1.28808], 'val_loss': [2.811933997154236, 2.4725982539494833, 2.336468557039897, 2.3462066624323525, 2.3054143050193785, 2.275149238904317, 2.246409422588348, 2.157983888753255, 2.235738081264496, 2.2760873399416606], 'val_accuracy': [0.3275166666666667, 0.36693333333333333, 0.39211666666666667, 0.39935, 0.41365, 0.4259, 0.43615, 0.4419, 0.44215, 0.4431333333333333], 'val_f1': [0.2620819277616313, 0.3064157305503212, 0.3390089062251072, 0.3443489592972456, 0.36253767422149186, 0.3789823685831356, 0.3939633036708675, 0.4010061089668598, 0.39840500251688094, 0.39683460839430346], 'val_mae': [2.523233333333333, 2.372933333333333, 2.3034333333333334, 2.3282666666666665, 2.2491833333333333, 2.1925166666666667, 2.1464333333333334, 2.13175, 2.101766666666667, 2.0991833333333334], 'jsd': [(0, 0, 0, 0, 0, 0), (0, 0, 0, 0, 0, 0), (0, 0, 0, 0, 0, 0), (0.1929242848643572, 0.13735782770322294, 0.11443180158151062, 0.09575610199990908, 0.07584907944899671, 0.1820696842986726), (0.1929242848643572, 0.13735782770322294, 0.11443180158151062, 0.09575610199990908, 0.07584907944899671, 0.1820696842986726), (0, 0, 0, 0, 0, 0), (0.1929242848643572, 0.13735782770322294, 0.11443180158151062, 0.09575610199990908, 0.07584907944899671, 0.1820696842986726), (0.1929242848643572, 0.13735782770322294, 0.11443180158151062, 0.09575610199990908, 0.07584907944899671, 0.1820696842986726), (0.1929242848643572, 0.13735782770322294, 0.11443180158151062, 0.09575610199990908, 0.07584907944899671, 0.1820696842986726), (0.1929242848643572, 0.13735782770322294, 0.11443180158151062, 0.09575610199990908, 0.07584907944899671, 0.1820696842986726)]}}
AdaptationManager: Configuring next round...
{'client_registry': {'enabled': True, 'params': {}}, 'client_selector': {'enabled': False, 'params': {}}, 'client_cluster': {'enabled': False, 'params': {}}, 'message_compressor': {'enabled': True, 'params': {}}, 'model_co-versioning_registry': {'enabled': False, 'params': {}}, 'multi-task_model_trainer': {'enabled': False, 'params': {}}, 'heterogeneous_data_handler': {'enabled': False, 'params': {}}}
{'client_selector': {'enabled': False}, 'client_cluster': {'enabled': False}, 'message_compressor': {'enabled': False, 'params': {'enabled_clients': ['Client 24', 'Client 26', 'Client 27']}}, 'model_co-versioning_registry': {'enabled': False}, 'multi-task_model_trainer': {'enabled': False}, 'heterogeneous_data_handler': {'enabled': False}, 'client_registry': {'enabled': True, 'params': {}}}
message_compressor de-activated ❌
Results Aggregated in 84.69 seconds.
{'CNN 16k': {'train_loss': [1.3102092467625936, 1.2159456287288666, 1.1375996273612976, 1.093279855222702, 1.0580294788869222, 1.017657624724706, 1.0008064018821716, 0.9776504405212403, 0.9461508723513286, 0.9309803789393107, 0.9228045631297429], 'train_accuracy': [0.5317266666666667, 0.5644833333333333, 0.5938966666666666, 0.6098966666666666, 0.6219066666666667, 0.6371366666666667, 0.64495, 0.65477, 0.66384, 0.67073, 0.6749933333333333], 'train_f1': [0.3606536964430266, 0.40842898190296456, 0.4500285128883194, 0.46593599267467417, 0.4851655688456725, 0.5062858816673957, 0.5222602165921205, 0.5375095328691023, 0.5419714934641227, 0.5463206621339249, 0.5637943506010752], 'train_mae': [1.9063566666666667, 1.7673433333333333, 1.6334266666666666, 1.5939366666666666, 1.5319233333333333, 1.4529333333333334, 1.39686, 1.3471766666666667, 1.3113166666666667, 1.28808, 1.25472], 'val_loss': [2.811933997154236, 2.4725982539494833, 2.336468557039897, 2.3462066624323525, 2.3054143050193785, 2.275149238904317, 2.246409422588348, 2.157983888753255, 2.235738081264496, 2.2760873399416606, 2.2117238284428913], 'val_accuracy': [0.3275166666666667, 0.36693333333333333, 0.39211666666666667, 0.39935, 0.41365, 0.4259, 0.43615, 0.4419, 0.44215, 0.4431333333333333, 0.4534], 'val_f1': [0.2620819277616313, 0.3064157305503212, 0.3390089062251072, 0.3443489592972456, 0.36253767422149186, 0.3789823685831356, 0.3939633036708675, 0.4010061089668598, 0.39840500251688094, 0.39683460839430346, 0.4132906312307157], 'val_mae': [2.523233333333333, 2.372933333333333, 2.3034333333333334, 2.3282666666666665, 2.2491833333333333, 2.1925166666666667, 2.1464333333333334, 2.13175, 2.101766666666667, 2.0991833333333334, 2.04725], 'jsd': [(0, 0, 0, 0, 0, 0), (0, 0, 0, 0, 0, 0), (0, 0, 0, 0, 0, 0), (0.1929242848643572, 0.13735782770322294, 0.11443180158151062, 0.09575610199990908, 0.07584907944899671, 0.1820696842986726), (0.1929242848643572, 0.13735782770322294, 0.11443180158151062, 0.09575610199990908, 0.07584907944899671, 0.1820696842986726), (0, 0, 0, 0, 0, 0), (0.1929242848643572, 0.13735782770322294, 0.11443180158151062, 0.09575610199990908, 0.07584907944899671, 0.1820696842986726), (0.1929242848643572, 0.13735782770322294, 0.11443180158151062, 0.09575610199990908, 0.07584907944899671, 0.1820696842986726), (0.1929242848643572, 0.13735782770322294, 0.11443180158151062, 0.09575610199990908, 0.07584907944899671, 0.1820696842986726), (0.1929242848643572, 0.13735782770322294, 0.11443180158151062, 0.09575610199990908, 0.07584907944899671, 0.1820696842986726), (0.1929242848643572, 0.13735782770322294, 0.11443180158151062, 0.09575610199990908, 0.07584907944899671, 0.1820696842986726)]}}
AdaptationManager: Configuring next round...
{'client_registry': {'enabled': True, 'params': {}}, 'client_selector': {'enabled': False, 'params': {}}, 'client_cluster': {'enabled': False, 'params': {}}, 'message_compressor': {'enabled': True, 'params': {}}, 'model_co-versioning_registry': {'enabled': False, 'params': {}}, 'multi-task_model_trainer': {'enabled': False, 'params': {}}, 'heterogeneous_data_handler': {'enabled': False, 'params': {}}}
{'client_selector': {'enabled': False}, 'client_cluster': {'enabled': False}, 'message_compressor': {'enabled': False, 'params': {'enabled_clients': ['Client 24', 'Client 26', 'Client 27']}}, 'model_co-versioning_registry': {'enabled': False}, 'multi-task_model_trainer': {'enabled': False}, 'heterogeneous_data_handler': {'enabled': False}, 'client_registry': {'enabled': True, 'params': {}}}
message_compressor activated ✅
Local parameters compressed: reduced 4607 bytes (7.20%)
Local parameters compressed: reduced 4639 bytes (7.25%)
Local parameters compressed: reduced 4618 bytes (7.21%)
Local parameters compressed: reduced 4592 bytes (7.17%)
Local parameters compressed: reduced 4604 bytes (7.19%)
Local parameters compressed: reduced 4631 bytes (7.24%)
Results Aggregated in 66.72 seconds.
{'CNN 16k': {'train_loss': [1.3102092467625936, 1.2159456287288666, 1.1375996273612976, 1.093279855222702, 1.0580294788869222, 1.017657624724706, 1.0008064018821716, 0.9776504405212403, 0.9461508723513286, 0.9309803789393107, 0.9228045631297429, 0.9109488398567835], 'train_accuracy': [0.5317266666666667, 0.5644833333333333, 0.5938966666666666, 0.6098966666666666, 0.6219066666666667, 0.6371366666666667, 0.64495, 0.65477, 0.66384, 0.67073, 0.6749933333333333, 0.6778433333333334], 'train_f1': [0.3606536964430266, 0.40842898190296456, 0.4500285128883194, 0.46593599267467417, 0.4851655688456725, 0.5062858816673957, 0.5222602165921205, 0.5375095328691023, 0.5419714934641227, 0.5463206621339249, 0.5637943506010752, 0.5651439677449414], 'train_mae': [1.9063566666666667, 1.7673433333333333, 1.6334266666666666, 1.5939366666666666, 1.5319233333333333, 1.4529333333333334, 1.39686, 1.3471766666666667, 1.3113166666666667, 1.28808, 1.25472, 1.25633], 'val_loss': [2.811933997154236, 2.4725982539494833, 2.336468557039897, 2.3462066624323525, 2.3054143050193785, 2.275149238904317, 2.246409422588348, 2.157983888753255, 2.235738081264496, 2.2760873399416606, 2.2117238284428913, 2.1890242241223654], 'val_accuracy': [0.3275166666666667, 0.36693333333333333, 0.39211666666666667, 0.39935, 0.41365, 0.4259, 0.43615, 0.4419, 0.44215, 0.4431333333333333, 0.4534, 0.4519], 'val_f1': [0.2620819277616313, 0.3064157305503212, 0.3390089062251072, 0.3443489592972456, 0.36253767422149186, 0.3789823685831356, 0.3939633036708675, 0.4010061089668598, 0.39840500251688094, 0.39683460839430346, 0.4132906312307157, 0.4094147631005879], 'val_mae': [2.523233333333333, 2.372933333333333, 2.3034333333333334, 2.3282666666666665, 2.2491833333333333, 2.1925166666666667, 2.1464333333333334, 2.13175, 2.101766666666667, 2.0991833333333334, 2.04725, 2.0534166666666667], 'jsd': [(0, 0, 0, 0, 0, 0), (0, 0, 0, 0, 0, 0), (0, 0, 0, 0, 0, 0), (0.1929242848643572, 0.13735782770322294, 0.11443180158151062, 0.09575610199990908, 0.07584907944899671, 0.1820696842986726), (0.1929242848643572, 0.13735782770322294, 0.11443180158151062, 0.09575610199990908, 0.07584907944899671, 0.1820696842986726), (0, 0, 0, 0, 0, 0), (0.1929242848643572, 0.13735782770322294, 0.11443180158151062, 0.09575610199990908, 0.07584907944899671, 0.1820696842986726), (0.1929242848643572, 0.13735782770322294, 0.11443180158151062, 0.09575610199990908, 0.07584907944899671, 0.1820696842986726), (0.1929242848643572, 0.13735782770322294, 0.11443180158151062, 0.09575610199990908, 0.07584907944899671, 0.1820696842986726), (0.1929242848643572, 0.13735782770322294, 0.11443180158151062, 0.09575610199990908, 0.07584907944899671, 0.1820696842986726), (0.1929242848643572, 0.13735782770322294, 0.11443180158151062, 0.09575610199990908, 0.07584907944899671, 0.1820696842986726), (0, 0, 0, 0, 0, 0)]}}
AdaptationManager: Configuring next round...
{'client_registry': {'enabled': True, 'params': {}}, 'client_selector': {'enabled': False, 'params': {}}, 'client_cluster': {'enabled': False, 'params': {}}, 'message_compressor': {'enabled': True, 'params': {}}, 'model_co-versioning_registry': {'enabled': False, 'params': {}}, 'multi-task_model_trainer': {'enabled': False, 'params': {}}, 'heterogeneous_data_handler': {'enabled': False, 'params': {}}}
{'client_selector': {'enabled': False}, 'client_cluster': {'enabled': False}, 'message_compressor': {'enabled': True, 'params': {'enabled_clients': ['Client 23', 'Client 24', 'Client 26', 'Client 27']}}, 'model_co-versioning_registry': {'enabled': False}, 'multi-task_model_trainer': {'enabled': False}, 'heterogeneous_data_handler': {'enabled': False}, 'client_registry': {'enabled': True, 'params': {}}}
message_compressor activated ✅
Local parameters compressed: reduced 4634 bytes (7.24%)
Local parameters compressed: reduced 4602 bytes (7.19%)
Local parameters compressed: reduced 4607 bytes (7.20%)
Local parameters compressed: reduced 4627 bytes (7.23%)
Local parameters compressed: reduced 4642 bytes (7.25%)
Local parameters compressed: reduced 4606 bytes (7.20%)
Results Aggregated in 67.74 seconds.
{'CNN 16k': {'train_loss': [1.3102092467625936, 1.2159456287288666, 1.1375996273612976, 1.093279855222702, 1.0580294788869222, 1.017657624724706, 1.0008064018821716, 0.9776504405212403, 0.9461508723513286, 0.9309803789393107, 0.9228045631297429, 0.9109488398567835, 0.896879186964035], 'train_accuracy': [0.5317266666666667, 0.5644833333333333, 0.5938966666666666, 0.6098966666666666, 0.6219066666666667, 0.6371366666666667, 0.64495, 0.65477, 0.66384, 0.67073, 0.6749933333333333, 0.6778433333333334, 0.68151], 'train_f1': [0.3606536964430266, 0.40842898190296456, 0.4500285128883194, 0.46593599267467417, 0.4851655688456725, 0.5062858816673957, 0.5222602165921205, 0.5375095328691023, 0.5419714934641227, 0.5463206621339249, 0.5637943506010752, 0.5651439677449414, 0.5635329882599361], 'train_mae': [1.9063566666666667, 1.7673433333333333, 1.6334266666666666, 1.5939366666666666, 1.5319233333333333, 1.4529333333333334, 1.39686, 1.3471766666666667, 1.3113166666666667, 1.28808, 1.25472, 1.25633, 1.2154833333333332], 'val_loss': [2.811933997154236, 2.4725982539494833, 2.336468557039897, 2.3462066624323525, 2.3054143050193785, 2.275149238904317, 2.246409422588348, 2.157983888753255, 2.235738081264496, 2.2760873399416606, 2.2117238284428913, 2.1890242241223654, 2.2341596873919167], 'val_accuracy': [0.3275166666666667, 0.36693333333333333, 0.39211666666666667, 0.39935, 0.41365, 0.4259, 0.43615, 0.4419, 0.44215, 0.4431333333333333, 0.4534, 0.4519, 0.4461333333333333], 'val_f1': [0.2620819277616313, 0.3064157305503212, 0.3390089062251072, 0.3443489592972456, 0.36253767422149186, 0.3789823685831356, 0.3939633036708675, 0.4010061089668598, 0.39840500251688094, 0.39683460839430346, 0.4132906312307157, 0.4094147631005879, 0.40346144924399036], 'val_mae': [2.523233333333333, 2.372933333333333, 2.3034333333333334, 2.3282666666666665, 2.2491833333333333, 2.1925166666666667, 2.1464333333333334, 2.13175, 2.101766666666667, 2.0991833333333334, 2.04725, 2.0534166666666667, 2.0763166666666666], 'jsd': [(0, 0, 0, 0, 0, 0), (0, 0, 0, 0, 0, 0), (0, 0, 0, 0, 0, 0), (0.1929242848643572, 0.13735782770322294, 0.11443180158151062, 0.09575610199990908, 0.07584907944899671, 0.1820696842986726), (0.1929242848643572, 0.13735782770322294, 0.11443180158151062, 0.09575610199990908, 0.07584907944899671, 0.1820696842986726), (0, 0, 0, 0, 0, 0), (0.1929242848643572, 0.13735782770322294, 0.11443180158151062, 0.09575610199990908, 0.07584907944899671, 0.1820696842986726), (0.1929242848643572, 0.13735782770322294, 0.11443180158151062, 0.09575610199990908, 0.07584907944899671, 0.1820696842986726), (0.1929242848643572, 0.13735782770322294, 0.11443180158151062, 0.09575610199990908, 0.07584907944899671, 0.1820696842986726), (0.1929242848643572, 0.13735782770322294, 0.11443180158151062, 0.09575610199990908, 0.07584907944899671, 0.1820696842986726), (0.1929242848643572, 0.13735782770322294, 0.11443180158151062, 0.09575610199990908, 0.07584907944899671, 0.1820696842986726), (0, 0, 0, 0, 0, 0), (0, 0, 0, 0, 0, 0)]}}
AdaptationManager: Configuring next round...
{'client_registry': {'enabled': True, 'params': {}}, 'client_selector': {'enabled': False, 'params': {}}, 'client_cluster': {'enabled': False, 'params': {}}, 'message_compressor': {'enabled': True, 'params': {}}, 'model_co-versioning_registry': {'enabled': False, 'params': {}}, 'multi-task_model_trainer': {'enabled': False, 'params': {}}, 'heterogeneous_data_handler': {'enabled': False, 'params': {}}}
{'client_selector': {'enabled': False}, 'client_cluster': {'enabled': False}, 'message_compressor': {'enabled': True, 'params': {'enabled_clients': ['Client 24', 'Client 26', 'Client 27', 'Client 28']}}, 'model_co-versioning_registry': {'enabled': False}, 'multi-task_model_trainer': {'enabled': False}, 'heterogeneous_data_handler': {'enabled': False}, 'client_registry': {'enabled': True, 'params': {}}}
message_compressor de-activated ❌
Results Aggregated in 80.51 seconds.
{'CNN 16k': {'train_loss': [1.3102092467625936, 1.2159456287288666, 1.1375996273612976, 1.093279855222702, 1.0580294788869222, 1.017657624724706, 1.0008064018821716, 0.9776504405212403, 0.9461508723513286, 0.9309803789393107, 0.9228045631297429, 0.9109488398567835, 0.896879186964035, 0.8815008523241679], 'train_accuracy': [0.5317266666666667, 0.5644833333333333, 0.5938966666666666, 0.6098966666666666, 0.6219066666666667, 0.6371366666666667, 0.64495, 0.65477, 0.66384, 0.67073, 0.6749933333333333, 0.6778433333333334, 0.68151, 0.68891], 'train_f1': [0.3606536964430266, 0.40842898190296456, 0.4500285128883194, 0.46593599267467417, 0.4851655688456725, 0.5062858816673957, 0.5222602165921205, 0.5375095328691023, 0.5419714934641227, 0.5463206621339249, 0.5637943506010752, 0.5651439677449414, 0.5635329882599361, 0.5753868951368586], 'train_mae': [1.9063566666666667, 1.7673433333333333, 1.6334266666666666, 1.5939366666666666, 1.5319233333333333, 1.4529333333333334, 1.39686, 1.3471766666666667, 1.3113166666666667, 1.28808, 1.25472, 1.25633, 1.2154833333333332, 1.1834666666666667], 'val_loss': [2.811933997154236, 2.4725982539494833, 2.336468557039897, 2.3462066624323525, 2.3054143050193785, 2.275149238904317, 2.246409422588348, 2.157983888753255, 2.235738081264496, 2.2760873399416606, 2.2117238284428913, 2.1890242241223654, 2.2341596873919167, 2.2002486949920654], 'val_accuracy': [0.3275166666666667, 0.36693333333333333, 0.39211666666666667, 0.39935, 0.41365, 0.4259, 0.43615, 0.4419, 0.44215, 0.4431333333333333, 0.4534, 0.4519, 0.4461333333333333, 0.4522], 'val_f1': [0.2620819277616313, 0.3064157305503212, 0.3390089062251072, 0.3443489592972456, 0.36253767422149186, 0.3789823685831356, 0.3939633036708675, 0.4010061089668598, 0.39840500251688094, 0.39683460839430346, 0.4132906312307157, 0.4094147631005879, 0.40346144924399036, 0.411496374281465], 'val_mae': [2.523233333333333, 2.372933333333333, 2.3034333333333334, 2.3282666666666665, 2.2491833333333333, 2.1925166666666667, 2.1464333333333334, 2.13175, 2.101766666666667, 2.0991833333333334, 2.04725, 2.0534166666666667, 2.0763166666666666, 2.0419833333333335], 'jsd': [(0, 0, 0, 0, 0, 0), (0, 0, 0, 0, 0, 0), (0, 0, 0, 0, 0, 0), (0.1929242848643572, 0.13735782770322294, 0.11443180158151062, 0.09575610199990908, 0.07584907944899671, 0.1820696842986726), (0.1929242848643572, 0.13735782770322294, 0.11443180158151062, 0.09575610199990908, 0.07584907944899671, 0.1820696842986726), (0, 0, 0, 0, 0, 0), (0.1929242848643572, 0.13735782770322294, 0.11443180158151062, 0.09575610199990908, 0.07584907944899671, 0.1820696842986726), (0.1929242848643572, 0.13735782770322294, 0.11443180158151062, 0.09575610199990908, 0.07584907944899671, 0.1820696842986726), (0.1929242848643572, 0.13735782770322294, 0.11443180158151062, 0.09575610199990908, 0.07584907944899671, 0.1820696842986726), (0.1929242848643572, 0.13735782770322294, 0.11443180158151062, 0.09575610199990908, 0.07584907944899671, 0.1820696842986726), (0.1929242848643572, 0.13735782770322294, 0.11443180158151062, 0.09575610199990908, 0.07584907944899671, 0.1820696842986726), (0, 0, 0, 0, 0, 0), (0, 0, 0, 0, 0, 0), (0.1929242848643572, 0.13735782770322294, 0.11443180158151062, 0.09575610199990908, 0.07584907944899671, 0.1820696842986726)]}}
AdaptationManager: Configuring next round...
{'client_registry': {'enabled': True, 'params': {}}, 'client_selector': {'enabled': False, 'params': {}}, 'client_cluster': {'enabled': False, 'params': {}}, 'message_compressor': {'enabled': True, 'params': {}}, 'model_co-versioning_registry': {'enabled': False, 'params': {}}, 'multi-task_model_trainer': {'enabled': False, 'params': {}}, 'heterogeneous_data_handler': {'enabled': False, 'params': {}}}
{'client_selector': {'enabled': False}, 'client_cluster': {'enabled': False}, 'message_compressor': {'enabled': False, 'params': {'enabled_clients': ['Client 24', 'Client 26', 'Client 27', 'Client 28']}}, 'model_co-versioning_registry': {'enabled': False}, 'multi-task_model_trainer': {'enabled': False}, 'heterogeneous_data_handler': {'enabled': False}, 'client_registry': {'enabled': True, 'params': {}}}
message_compressor activated ✅
Local parameters compressed: reduced 4579 bytes (7.15%)
Local parameters compressed: reduced 4595 bytes (7.18%)
Local parameters compressed: reduced 4605 bytes (7.19%)
Local parameters compressed: reduced 4589 bytes (7.17%)
Local parameters compressed: reduced 4613 bytes (7.21%)
Local parameters compressed: reduced 4591 bytes (7.17%)
Results Aggregated in 66.91 seconds.
{'CNN 16k': {'train_loss': [1.3102092467625936, 1.2159456287288666, 1.1375996273612976, 1.093279855222702, 1.0580294788869222, 1.017657624724706, 1.0008064018821716, 0.9776504405212403, 0.9461508723513286, 0.9309803789393107, 0.9228045631297429, 0.9109488398567835, 0.896879186964035, 0.8815008523241679, 0.8624938477532069], 'train_accuracy': [0.5317266666666667, 0.5644833333333333, 0.5938966666666666, 0.6098966666666666, 0.6219066666666667, 0.6371366666666667, 0.64495, 0.65477, 0.66384, 0.67073, 0.6749933333333333, 0.6778433333333334, 0.68151, 0.68891, 0.69388], 'train_f1': [0.3606536964430266, 0.40842898190296456, 0.4500285128883194, 0.46593599267467417, 0.4851655688456725, 0.5062858816673957, 0.5222602165921205, 0.5375095328691023, 0.5419714934641227, 0.5463206621339249, 0.5637943506010752, 0.5651439677449414, 0.5635329882599361, 0.5753868951368586, 0.5805844162037503], 'train_mae': [1.9063566666666667, 1.7673433333333333, 1.6334266666666666, 1.5939366666666666, 1.5319233333333333, 1.4529333333333334, 1.39686, 1.3471766666666667, 1.3113166666666667, 1.28808, 1.25472, 1.25633, 1.2154833333333332, 1.1834666666666667, 1.1688766666666666], 'val_loss': [2.811933997154236, 2.4725982539494833, 2.336468557039897, 2.3462066624323525, 2.3054143050193785, 2.275149238904317, 2.246409422588348, 2.157983888753255, 2.235738081264496, 2.2760873399416606, 2.2117238284428913, 2.1890242241223654, 2.2341596873919167, 2.2002486949920654, 2.1908657647768655], 'val_accuracy': [0.3275166666666667, 0.36693333333333333, 0.39211666666666667, 0.39935, 0.41365, 0.4259, 0.43615, 0.4419, 0.44215, 0.4431333333333333, 0.4534, 0.4519, 0.4461333333333333, 0.4522, 0.4557333333333333], 'val_f1': [0.2620819277616313, 0.3064157305503212, 0.3390089062251072, 0.3443489592972456, 0.36253767422149186, 0.3789823685831356, 0.3939633036708675, 0.4010061089668598, 0.39840500251688094, 0.39683460839430346, 0.4132906312307157, 0.4094147631005879, 0.40346144924399036, 0.411496374281465, 0.41491616282720617], 'val_mae': [2.523233333333333, 2.372933333333333, 2.3034333333333334, 2.3282666666666665, 2.2491833333333333, 2.1925166666666667, 2.1464333333333334, 2.13175, 2.101766666666667, 2.0991833333333334, 2.04725, 2.0534166666666667, 2.0763166666666666, 2.0419833333333335, 2.0286833333333334], 'jsd': [(0, 0, 0, 0, 0, 0), (0, 0, 0, 0, 0, 0), (0, 0, 0, 0, 0, 0), (0.1929242848643572, 0.13735782770322294, 0.11443180158151062, 0.09575610199990908, 0.07584907944899671, 0.1820696842986726), (0.1929242848643572, 0.13735782770322294, 0.11443180158151062, 0.09575610199990908, 0.07584907944899671, 0.1820696842986726), (0, 0, 0, 0, 0, 0), (0.1929242848643572, 0.13735782770322294, 0.11443180158151062, 0.09575610199990908, 0.07584907944899671, 0.1820696842986726), (0.1929242848643572, 0.13735782770322294, 0.11443180158151062, 0.09575610199990908, 0.07584907944899671, 0.1820696842986726), (0.1929242848643572, 0.13735782770322294, 0.11443180158151062, 0.09575610199990908, 0.07584907944899671, 0.1820696842986726), (0.1929242848643572, 0.13735782770322294, 0.11443180158151062, 0.09575610199990908, 0.07584907944899671, 0.1820696842986726), (0.1929242848643572, 0.13735782770322294, 0.11443180158151062, 0.09575610199990908, 0.07584907944899671, 0.1820696842986726), (0, 0, 0, 0, 0, 0), (0, 0, 0, 0, 0, 0), (0.1929242848643572, 0.13735782770322294, 0.11443180158151062, 0.09575610199990908, 0.07584907944899671, 0.1820696842986726), (0, 0, 0, 0, 0, 0)]}}
AdaptationManager: Configuring next round...
{'client_registry': {'enabled': True, 'params': {}}, 'client_selector': {'enabled': False, 'params': {}}, 'client_cluster': {'enabled': False, 'params': {}}, 'message_compressor': {'enabled': True, 'params': {}}, 'model_co-versioning_registry': {'enabled': False, 'params': {}}, 'multi-task_model_trainer': {'enabled': False, 'params': {}}, 'heterogeneous_data_handler': {'enabled': False, 'params': {}}}
{'client_selector': {'enabled': False}, 'client_cluster': {'enabled': False}, 'message_compressor': {'enabled': True, 'params': {'enabled_clients': ['Client 25', 'Client 26', 'Client 27', 'Client 28']}}, 'model_co-versioning_registry': {'enabled': False}, 'multi-task_model_trainer': {'enabled': False}, 'heterogeneous_data_handler': {'enabled': False}, 'client_registry': {'enabled': True, 'params': {}}}
message_compressor de-activated ❌
Results Aggregated in 84.13 seconds.
{'CNN 16k': {'train_loss': [1.3102092467625936, 1.2159456287288666, 1.1375996273612976, 1.093279855222702, 1.0580294788869222, 1.017657624724706, 1.0008064018821716, 0.9776504405212403, 0.9461508723513286, 0.9309803789393107, 0.9228045631297429, 0.9109488398567835, 0.896879186964035, 0.8815008523241679, 0.8624938477532069, 0.8488973335647583], 'train_accuracy': [0.5317266666666667, 0.5644833333333333, 0.5938966666666666, 0.6098966666666666, 0.6219066666666667, 0.6371366666666667, 0.64495, 0.65477, 0.66384, 0.67073, 0.6749933333333333, 0.6778433333333334, 0.68151, 0.68891, 0.69388, 0.70053], 'train_f1': [0.3606536964430266, 0.40842898190296456, 0.4500285128883194, 0.46593599267467417, 0.4851655688456725, 0.5062858816673957, 0.5222602165921205, 0.5375095328691023, 0.5419714934641227, 0.5463206621339249, 0.5637943506010752, 0.5651439677449414, 0.5635329882599361, 0.5753868951368586, 0.5805844162037503, 0.5957453142170187], 'train_mae': [1.9063566666666667, 1.7673433333333333, 1.6334266666666666, 1.5939366666666666, 1.5319233333333333, 1.4529333333333334, 1.39686, 1.3471766666666667, 1.3113166666666667, 1.28808, 1.25472, 1.25633, 1.2154833333333332, 1.1834666666666667, 1.1688766666666666, 1.1402566666666667], 'val_loss': [2.811933997154236, 2.4725982539494833, 2.336468557039897, 2.3462066624323525, 2.3054143050193785, 2.275149238904317, 2.246409422588348, 2.157983888753255, 2.235738081264496, 2.2760873399416606, 2.2117238284428913, 2.1890242241223654, 2.2341596873919167, 2.2002486949920654, 2.1908657647768655, 2.171233339881897], 'val_accuracy': [0.3275166666666667, 0.36693333333333333, 0.39211666666666667, 0.39935, 0.41365, 0.4259, 0.43615, 0.4419, 0.44215, 0.4431333333333333, 0.4534, 0.4519, 0.4461333333333333, 0.4522, 0.4557333333333333, 0.4598333333333333], 'val_f1': [0.2620819277616313, 0.3064157305503212, 0.3390089062251072, 0.3443489592972456, 0.36253767422149186, 0.3789823685831356, 0.3939633036708675, 0.4010061089668598, 0.39840500251688094, 0.39683460839430346, 0.4132906312307157, 0.4094147631005879, 0.40346144924399036, 0.411496374281465, 0.41491616282720617, 0.42221253088341737], 'val_mae': [2.523233333333333, 2.372933333333333, 2.3034333333333334, 2.3282666666666665, 2.2491833333333333, 2.1925166666666667, 2.1464333333333334, 2.13175, 2.101766666666667, 2.0991833333333334, 2.04725, 2.0534166666666667, 2.0763166666666666, 2.0419833333333335, 2.0286833333333334, 2.027233333333333], 'jsd': [(0, 0, 0, 0, 0, 0), (0, 0, 0, 0, 0, 0), (0, 0, 0, 0, 0, 0), (0.1929242848643572, 0.13735782770322294, 0.11443180158151062, 0.09575610199990908, 0.07584907944899671, 0.1820696842986726), (0.1929242848643572, 0.13735782770322294, 0.11443180158151062, 0.09575610199990908, 0.07584907944899671, 0.1820696842986726), (0, 0, 0, 0, 0, 0), (0.1929242848643572, 0.13735782770322294, 0.11443180158151062, 0.09575610199990908, 0.07584907944899671, 0.1820696842986726), (0.1929242848643572, 0.13735782770322294, 0.11443180158151062, 0.09575610199990908, 0.07584907944899671, 0.1820696842986726), (0.1929242848643572, 0.13735782770322294, 0.11443180158151062, 0.09575610199990908, 0.07584907944899671, 0.1820696842986726), (0.1929242848643572, 0.13735782770322294, 0.11443180158151062, 0.09575610199990908, 0.07584907944899671, 0.1820696842986726), (0.1929242848643572, 0.13735782770322294, 0.11443180158151062, 0.09575610199990908, 0.07584907944899671, 0.1820696842986726), (0, 0, 0, 0, 0, 0), (0, 0, 0, 0, 0, 0), (0.1929242848643572, 0.13735782770322294, 0.11443180158151062, 0.09575610199990908, 0.07584907944899671, 0.1820696842986726), (0, 0, 0, 0, 0, 0), (0.1929242848643572, 0.13735782770322294, 0.11443180158151062, 0.09575610199990908, 0.07584907944899671, 0.1820696842986726)]}}
AdaptationManager: Configuring next round...
{'client_registry': {'enabled': True, 'params': {}}, 'client_selector': {'enabled': False, 'params': {}}, 'client_cluster': {'enabled': False, 'params': {}}, 'message_compressor': {'enabled': True, 'params': {}}, 'model_co-versioning_registry': {'enabled': False, 'params': {}}, 'multi-task_model_trainer': {'enabled': False, 'params': {}}, 'heterogeneous_data_handler': {'enabled': False, 'params': {}}}
{'client_selector': {'enabled': False}, 'client_cluster': {'enabled': False}, 'message_compressor': {'enabled': False, 'params': {'enabled_clients': ['Client 25', 'Client 26', 'Client 27', 'Client 28']}}, 'model_co-versioning_registry': {'enabled': False}, 'multi-task_model_trainer': {'enabled': False}, 'heterogeneous_data_handler': {'enabled': False}, 'client_registry': {'enabled': True, 'params': {}}}
message_compressor de-activated ❌
Results Aggregated in 83.00 seconds.
{'CNN 16k': {'train_loss': [1.3102092467625936, 1.2159456287288666, 1.1375996273612976, 1.093279855222702, 1.0580294788869222, 1.017657624724706, 1.0008064018821716, 0.9776504405212403, 0.9461508723513286, 0.9309803789393107, 0.9228045631297429, 0.9109488398567835, 0.896879186964035, 0.8815008523241679, 0.8624938477532069, 0.8488973335647583, 0.8437663810793559], 'train_accuracy': [0.5317266666666667, 0.5644833333333333, 0.5938966666666666, 0.6098966666666666, 0.6219066666666667, 0.6371366666666667, 0.64495, 0.65477, 0.66384, 0.67073, 0.6749933333333333, 0.6778433333333334, 0.68151, 0.68891, 0.69388, 0.70053, 0.70249], 'train_f1': [0.3606536964430266, 0.40842898190296456, 0.4500285128883194, 0.46593599267467417, 0.4851655688456725, 0.5062858816673957, 0.5222602165921205, 0.5375095328691023, 0.5419714934641227, 0.5463206621339249, 0.5637943506010752, 0.5651439677449414, 0.5635329882599361, 0.5753868951368586, 0.5805844162037503, 0.5957453142170187, 0.5922216618257305], 'train_mae': [1.9063566666666667, 1.7673433333333333, 1.6334266666666666, 1.5939366666666666, 1.5319233333333333, 1.4529333333333334, 1.39686, 1.3471766666666667, 1.3113166666666667, 1.28808, 1.25472, 1.25633, 1.2154833333333332, 1.1834666666666667, 1.1688766666666666, 1.1402566666666667, 1.12694], 'val_loss': [2.811933997154236, 2.4725982539494833, 2.336468557039897, 2.3462066624323525, 2.3054143050193785, 2.275149238904317, 2.246409422588348, 2.157983888753255, 2.235738081264496, 2.2760873399416606, 2.2117238284428913, 2.1890242241223654, 2.2341596873919167, 2.2002486949920654, 2.1908657647768655, 2.171233339881897, 2.216229981295268], 'val_accuracy': [0.3275166666666667, 0.36693333333333333, 0.39211666666666667, 0.39935, 0.41365, 0.4259, 0.43615, 0.4419, 0.44215, 0.4431333333333333, 0.4534, 0.4519, 0.4461333333333333, 0.4522, 0.4557333333333333, 0.4598333333333333, 0.45761666666666667], 'val_f1': [0.2620819277616313, 0.3064157305503212, 0.3390089062251072, 0.3443489592972456, 0.36253767422149186, 0.3789823685831356, 0.3939633036708675, 0.4010061089668598, 0.39840500251688094, 0.39683460839430346, 0.4132906312307157, 0.4094147631005879, 0.40346144924399036, 0.411496374281465, 0.41491616282720617, 0.42221253088341737, 0.4173625469547736], 'val_mae': [2.523233333333333, 2.372933333333333, 2.3034333333333334, 2.3282666666666665, 2.2491833333333333, 2.1925166666666667, 2.1464333333333334, 2.13175, 2.101766666666667, 2.0991833333333334, 2.04725, 2.0534166666666667, 2.0763166666666666, 2.0419833333333335, 2.0286833333333334, 2.027233333333333, 2.02665], 'jsd': [(0, 0, 0, 0, 0, 0), (0, 0, 0, 0, 0, 0), (0, 0, 0, 0, 0, 0), (0.1929242848643572, 0.13735782770322294, 0.11443180158151062, 0.09575610199990908, 0.07584907944899671, 0.1820696842986726), (0.1929242848643572, 0.13735782770322294, 0.11443180158151062, 0.09575610199990908, 0.07584907944899671, 0.1820696842986726), (0, 0, 0, 0, 0, 0), (0.1929242848643572, 0.13735782770322294, 0.11443180158151062, 0.09575610199990908, 0.07584907944899671, 0.1820696842986726), (0.1929242848643572, 0.13735782770322294, 0.11443180158151062, 0.09575610199990908, 0.07584907944899671, 0.1820696842986726), (0.1929242848643572, 0.13735782770322294, 0.11443180158151062, 0.09575610199990908, 0.07584907944899671, 0.1820696842986726), (0.1929242848643572, 0.13735782770322294, 0.11443180158151062, 0.09575610199990908, 0.07584907944899671, 0.1820696842986726), (0.1929242848643572, 0.13735782770322294, 0.11443180158151062, 0.09575610199990908, 0.07584907944899671, 0.1820696842986726), (0, 0, 0, 0, 0, 0), (0, 0, 0, 0, 0, 0), (0.1929242848643572, 0.13735782770322294, 0.11443180158151062, 0.09575610199990908, 0.07584907944899671, 0.1820696842986726), (0, 0, 0, 0, 0, 0), (0.1929242848643572, 0.13735782770322294, 0.11443180158151062, 0.09575610199990908, 0.07584907944899671, 0.1820696842986726), (0.1929242848643572, 0.13735782770322294, 0.11443180158151062, 0.09575610199990908, 0.07584907944899671, 0.1820696842986726)]}}
AdaptationManager: Configuring next round...
{'client_registry': {'enabled': True, 'params': {}}, 'client_selector': {'enabled': False, 'params': {}}, 'client_cluster': {'enabled': False, 'params': {}}, 'message_compressor': {'enabled': True, 'params': {}}, 'model_co-versioning_registry': {'enabled': False, 'params': {}}, 'multi-task_model_trainer': {'enabled': False, 'params': {}}, 'heterogeneous_data_handler': {'enabled': False, 'params': {}}}
{'client_selector': {'enabled': False}, 'client_cluster': {'enabled': False}, 'message_compressor': {'enabled': False, 'params': {'enabled_clients': ['Client 25', 'Client 26', 'Client 27', 'Client 28']}}, 'model_co-versioning_registry': {'enabled': False}, 'multi-task_model_trainer': {'enabled': False}, 'heterogeneous_data_handler': {'enabled': False}, 'client_registry': {'enabled': True, 'params': {}}}
message_compressor de-activated ❌
Results Aggregated in 80.52 seconds.
{'CNN 16k': {'train_loss': [1.3102092467625936, 1.2159456287288666, 1.1375996273612976, 1.093279855222702, 1.0580294788869222, 1.017657624724706, 1.0008064018821716, 0.9776504405212403, 0.9461508723513286, 0.9309803789393107, 0.9228045631297429, 0.9109488398567835, 0.896879186964035, 0.8815008523241679, 0.8624938477532069, 0.8488973335647583, 0.8437663810793559, 0.835679281574885], 'train_accuracy': [0.5317266666666667, 0.5644833333333333, 0.5938966666666666, 0.6098966666666666, 0.6219066666666667, 0.6371366666666667, 0.64495, 0.65477, 0.66384, 0.67073, 0.6749933333333333, 0.6778433333333334, 0.68151, 0.68891, 0.69388, 0.70053, 0.70249, 0.70618], 'train_f1': [0.3606536964430266, 0.40842898190296456, 0.4500285128883194, 0.46593599267467417, 0.4851655688456725, 0.5062858816673957, 0.5222602165921205, 0.5375095328691023, 0.5419714934641227, 0.5463206621339249, 0.5637943506010752, 0.5651439677449414, 0.5635329882599361, 0.5753868951368586, 0.5805844162037503, 0.5957453142170187, 0.5922216618257305, 0.5986811006230549], 'train_mae': [1.9063566666666667, 1.7673433333333333, 1.6334266666666666, 1.5939366666666666, 1.5319233333333333, 1.4529333333333334, 1.39686, 1.3471766666666667, 1.3113166666666667, 1.28808, 1.25472, 1.25633, 1.2154833333333332, 1.1834666666666667, 1.1688766666666666, 1.1402566666666667, 1.12694, 1.1007233333333333], 'val_loss': [2.811933997154236, 2.4725982539494833, 2.336468557039897, 2.3462066624323525, 2.3054143050193785, 2.275149238904317, 2.246409422588348, 2.157983888753255, 2.235738081264496, 2.2760873399416606, 2.2117238284428913, 2.1890242241223654, 2.2341596873919167, 2.2002486949920654, 2.1908657647768655, 2.171233339881897, 2.216229981295268, 2.1993185201009116], 'val_accuracy': [0.3275166666666667, 0.36693333333333333, 0.39211666666666667, 0.39935, 0.41365, 0.4259, 0.43615, 0.4419, 0.44215, 0.4431333333333333, 0.4534, 0.4519, 0.4461333333333333, 0.4522, 0.4557333333333333, 0.4598333333333333, 0.45761666666666667, 0.46176666666666666], 'val_f1': [0.2620819277616313, 0.3064157305503212, 0.3390089062251072, 0.3443489592972456, 0.36253767422149186, 0.3789823685831356, 0.3939633036708675, 0.4010061089668598, 0.39840500251688094, 0.39683460839430346, 0.4132906312307157, 0.4094147631005879, 0.40346144924399036, 0.411496374281465, 0.41491616282720617, 0.42221253088341737, 0.4173625469547736, 0.4238680722104513], 'val_mae': [2.523233333333333, 2.372933333333333, 2.3034333333333334, 2.3282666666666665, 2.2491833333333333, 2.1925166666666667, 2.1464333333333334, 2.13175, 2.101766666666667, 2.0991833333333334, 2.04725, 2.0534166666666667, 2.0763166666666666, 2.0419833333333335, 2.0286833333333334, 2.027233333333333, 2.02665, 1.9882333333333333], 'jsd': [(0, 0, 0, 0, 0, 0), (0, 0, 0, 0, 0, 0), (0, 0, 0, 0, 0, 0), (0.1929242848643572, 0.13735782770322294, 0.11443180158151062, 0.09575610199990908, 0.07584907944899671, 0.1820696842986726), (0.1929242848643572, 0.13735782770322294, 0.11443180158151062, 0.09575610199990908, 0.07584907944899671, 0.1820696842986726), (0, 0, 0, 0, 0, 0), (0.1929242848643572, 0.13735782770322294, 0.11443180158151062, 0.09575610199990908, 0.07584907944899671, 0.1820696842986726), (0.1929242848643572, 0.13735782770322294, 0.11443180158151062, 0.09575610199990908, 0.07584907944899671, 0.1820696842986726), (0.1929242848643572, 0.13735782770322294, 0.11443180158151062, 0.09575610199990908, 0.07584907944899671, 0.1820696842986726), (0.1929242848643572, 0.13735782770322294, 0.11443180158151062, 0.09575610199990908, 0.07584907944899671, 0.1820696842986726), (0.1929242848643572, 0.13735782770322294, 0.11443180158151062, 0.09575610199990908, 0.07584907944899671, 0.1820696842986726), (0, 0, 0, 0, 0, 0), (0, 0, 0, 0, 0, 0), (0.1929242848643572, 0.13735782770322294, 0.11443180158151062, 0.09575610199990908, 0.07584907944899671, 0.1820696842986726), (0, 0, 0, 0, 0, 0), (0.1929242848643572, 0.13735782770322294, 0.11443180158151062, 0.09575610199990908, 0.07584907944899671, 0.1820696842986726), (0.1929242848643572, 0.13735782770322294, 0.11443180158151062, 0.09575610199990908, 0.07584907944899671, 0.1820696842986726), (0.1929242848643572, 0.13735782770322294, 0.11443180158151062, 0.09575610199990908, 0.07584907944899671, 0.1820696842986726)]}}
AdaptationManager: Configuring next round...
{'client_registry': {'enabled': True, 'params': {}}, 'client_selector': {'enabled': False, 'params': {}}, 'client_cluster': {'enabled': False, 'params': {}}, 'message_compressor': {'enabled': True, 'params': {}}, 'model_co-versioning_registry': {'enabled': False, 'params': {}}, 'multi-task_model_trainer': {'enabled': False, 'params': {}}, 'heterogeneous_data_handler': {'enabled': False, 'params': {}}}
{'client_selector': {'enabled': False}, 'client_cluster': {'enabled': False}, 'message_compressor': {'enabled': False, 'params': {'enabled_clients': ['Client 25', 'Client 26', 'Client 27', 'Client 28']}}, 'model_co-versioning_registry': {'enabled': False}, 'multi-task_model_trainer': {'enabled': False}, 'heterogeneous_data_handler': {'enabled': False}, 'client_registry': {'enabled': True, 'params': {}}}
message_compressor activated ✅
Local parameters compressed: reduced 4554 bytes (7.11%)
Local parameters compressed: reduced 4604 bytes (7.19%)
Local parameters compressed: reduced 4608 bytes (7.20%)
Local parameters compressed: reduced 4556 bytes (7.12%)
Local parameters compressed: reduced 4575 bytes (7.15%)
Local parameters compressed: reduced 4609 bytes (7.20%)
Results Aggregated in 69.61 seconds.
{'CNN 16k': {'train_loss': [1.3102092467625936, 1.2159456287288666, 1.1375996273612976, 1.093279855222702, 1.0580294788869222, 1.017657624724706, 1.0008064018821716, 0.9776504405212403, 0.9461508723513286, 0.9309803789393107, 0.9228045631297429, 0.9109488398567835, 0.896879186964035, 0.8815008523241679, 0.8624938477532069, 0.8488973335647583, 0.8437663810793559, 0.835679281574885, 0.8264104652309417], 'train_accuracy': [0.5317266666666667, 0.5644833333333333, 0.5938966666666666, 0.6098966666666666, 0.6219066666666667, 0.6371366666666667, 0.64495, 0.65477, 0.66384, 0.67073, 0.6749933333333333, 0.6778433333333334, 0.68151, 0.68891, 0.69388, 0.70053, 0.70249, 0.70618, 0.7073533333333333], 'train_f1': [0.3606536964430266, 0.40842898190296456, 0.4500285128883194, 0.46593599267467417, 0.4851655688456725, 0.5062858816673957, 0.5222602165921205, 0.5375095328691023, 0.5419714934641227, 0.5463206621339249, 0.5637943506010752, 0.5651439677449414, 0.5635329882599361, 0.5753868951368586, 0.5805844162037503, 0.5957453142170187, 0.5922216618257305, 0.5986811006230549, 0.5986448594956422], 'train_mae': [1.9063566666666667, 1.7673433333333333, 1.6334266666666666, 1.5939366666666666, 1.5319233333333333, 1.4529333333333334, 1.39686, 1.3471766666666667, 1.3113166666666667, 1.28808, 1.25472, 1.25633, 1.2154833333333332, 1.1834666666666667, 1.1688766666666666, 1.1402566666666667, 1.12694, 1.1007233333333333, 1.09746], 'val_loss': [2.811933997154236, 2.4725982539494833, 2.336468557039897, 2.3462066624323525, 2.3054143050193785, 2.275149238904317, 2.246409422588348, 2.157983888753255, 2.235738081264496, 2.2760873399416606, 2.2117238284428913, 2.1890242241223654, 2.2341596873919167, 2.2002486949920654, 2.1908657647768655, 2.171233339881897, 2.216229981295268, 2.1993185201009116, 2.207763314119975], 'val_accuracy': [0.3275166666666667, 0.36693333333333333, 0.39211666666666667, 0.39935, 0.41365, 0.4259, 0.43615, 0.4419, 0.44215, 0.4431333333333333, 0.4534, 0.4519, 0.4461333333333333, 0.4522, 0.4557333333333333, 0.4598333333333333, 0.45761666666666667, 0.46176666666666666, 0.45926666666666666], 'val_f1': [0.2620819277616313, 0.3064157305503212, 0.3390089062251072, 0.3443489592972456, 0.36253767422149186, 0.3789823685831356, 0.3939633036708675, 0.4010061089668598, 0.39840500251688094, 0.39683460839430346, 0.4132906312307157, 0.4094147631005879, 0.40346144924399036, 0.411496374281465, 0.41491616282720617, 0.42221253088341737, 0.4173625469547736, 0.4238680722104513, 0.41997213770403985], 'val_mae': [2.523233333333333, 2.372933333333333, 2.3034333333333334, 2.3282666666666665, 2.2491833333333333, 2.1925166666666667, 2.1464333333333334, 2.13175, 2.101766666666667, 2.0991833333333334, 2.04725, 2.0534166666666667, 2.0763166666666666, 2.0419833333333335, 2.0286833333333334, 2.027233333333333, 2.02665, 1.9882333333333333, 2.0076833333333335], 'jsd': [(0, 0, 0, 0, 0, 0), (0, 0, 0, 0, 0, 0), (0, 0, 0, 0, 0, 0), (0.1929242848643572, 0.13735782770322294, 0.11443180158151062, 0.09575610199990908, 0.07584907944899671, 0.1820696842986726), (0.1929242848643572, 0.13735782770322294, 0.11443180158151062, 0.09575610199990908, 0.07584907944899671, 0.1820696842986726), (0, 0, 0, 0, 0, 0), (0.1929242848643572, 0.13735782770322294, 0.11443180158151062, 0.09575610199990908, 0.07584907944899671, 0.1820696842986726), (0.1929242848643572, 0.13735782770322294, 0.11443180158151062, 0.09575610199990908, 0.07584907944899671, 0.1820696842986726), (0.1929242848643572, 0.13735782770322294, 0.11443180158151062, 0.09575610199990908, 0.07584907944899671, 0.1820696842986726), (0.1929242848643572, 0.13735782770322294, 0.11443180158151062, 0.09575610199990908, 0.07584907944899671, 0.1820696842986726), (0.1929242848643572, 0.13735782770322294, 0.11443180158151062, 0.09575610199990908, 0.07584907944899671, 0.1820696842986726), (0, 0, 0, 0, 0, 0), (0, 0, 0, 0, 0, 0), (0.1929242848643572, 0.13735782770322294, 0.11443180158151062, 0.09575610199990908, 0.07584907944899671, 0.1820696842986726), (0, 0, 0, 0, 0, 0), (0.1929242848643572, 0.13735782770322294, 0.11443180158151062, 0.09575610199990908, 0.07584907944899671, 0.1820696842986726), (0.1929242848643572, 0.13735782770322294, 0.11443180158151062, 0.09575610199990908, 0.07584907944899671, 0.1820696842986726), (0.1929242848643572, 0.13735782770322294, 0.11443180158151062, 0.09575610199990908, 0.07584907944899671, 0.1820696842986726), (0, 0, 0, 0, 0, 0)]}}
AdaptationManager: Configuring next round...
{'client_registry': {'enabled': True, 'params': {}}, 'client_selector': {'enabled': False, 'params': {}}, 'client_cluster': {'enabled': False, 'params': {}}, 'message_compressor': {'enabled': True, 'params': {}}, 'model_co-versioning_registry': {'enabled': False, 'params': {}}, 'multi-task_model_trainer': {'enabled': False, 'params': {}}, 'heterogeneous_data_handler': {'enabled': False, 'params': {}}}
{'client_selector': {'enabled': False}, 'client_cluster': {'enabled': False}, 'message_compressor': {'enabled': True, 'params': {'enabled_clients': ['Client 26', 'Client 28']}}, 'model_co-versioning_registry': {'enabled': False}, 'multi-task_model_trainer': {'enabled': False}, 'heterogeneous_data_handler': {'enabled': False}, 'client_registry': {'enabled': True, 'params': {}}}
message_compressor de-activated ❌
Results Aggregated in 83.67 seconds.
{'CNN 16k': {'train_loss': [1.3102092467625936, 1.2159456287288666, 1.1375996273612976, 1.093279855222702, 1.0580294788869222, 1.017657624724706, 1.0008064018821716, 0.9776504405212403, 0.9461508723513286, 0.9309803789393107, 0.9228045631297429, 0.9109488398567835, 0.896879186964035, 0.8815008523241679, 0.8624938477532069, 0.8488973335647583, 0.8437663810793559, 0.835679281574885, 0.8264104652309417, 0.80771964837869], 'train_accuracy': [0.5317266666666667, 0.5644833333333333, 0.5938966666666666, 0.6098966666666666, 0.6219066666666667, 0.6371366666666667, 0.64495, 0.65477, 0.66384, 0.67073, 0.6749933333333333, 0.6778433333333334, 0.68151, 0.68891, 0.69388, 0.70053, 0.70249, 0.70618, 0.7073533333333333, 0.7166566666666667], 'train_f1': [0.3606536964430266, 0.40842898190296456, 0.4500285128883194, 0.46593599267467417, 0.4851655688456725, 0.5062858816673957, 0.5222602165921205, 0.5375095328691023, 0.5419714934641227, 0.5463206621339249, 0.5637943506010752, 0.5651439677449414, 0.5635329882599361, 0.5753868951368586, 0.5805844162037503, 0.5957453142170187, 0.5922216618257305, 0.5986811006230549, 0.5986448594956422, 0.6114485235932541], 'train_mae': [1.9063566666666667, 1.7673433333333333, 1.6334266666666666, 1.5939366666666666, 1.5319233333333333, 1.4529333333333334, 1.39686, 1.3471766666666667, 1.3113166666666667, 1.28808, 1.25472, 1.25633, 1.2154833333333332, 1.1834666666666667, 1.1688766666666666, 1.1402566666666667, 1.12694, 1.1007233333333333, 1.09746, 1.0616666666666668], 'val_loss': [2.811933997154236, 2.4725982539494833, 2.336468557039897, 2.3462066624323525, 2.3054143050193785, 2.275149238904317, 2.246409422588348, 2.157983888753255, 2.235738081264496, 2.2760873399416606, 2.2117238284428913, 2.1890242241223654, 2.2341596873919167, 2.2002486949920654, 2.1908657647768655, 2.171233339881897, 2.216229981295268, 2.1993185201009116, 2.207763314119975, 2.1957011419614156], 'val_accuracy': [0.3275166666666667, 0.36693333333333333, 0.39211666666666667, 0.39935, 0.41365, 0.4259, 0.43615, 0.4419, 0.44215, 0.4431333333333333, 0.4534, 0.4519, 0.4461333333333333, 0.4522, 0.4557333333333333, 0.4598333333333333, 0.45761666666666667, 0.46176666666666666, 0.45926666666666666, 0.46641666666666665], 'val_f1': [0.2620819277616313, 0.3064157305503212, 0.3390089062251072, 0.3443489592972456, 0.36253767422149186, 0.3789823685831356, 0.3939633036708675, 0.4010061089668598, 0.39840500251688094, 0.39683460839430346, 0.4132906312307157, 0.4094147631005879, 0.40346144924399036, 0.411496374281465, 0.41491616282720617, 0.42221253088341737, 0.4173625469547736, 0.4238680722104513, 0.41997213770403985, 0.4275891523363749], 'val_mae': [2.523233333333333, 2.372933333333333, 2.3034333333333334, 2.3282666666666665, 2.2491833333333333, 2.1925166666666667, 2.1464333333333334, 2.13175, 2.101766666666667, 2.0991833333333334, 2.04725, 2.0534166666666667, 2.0763166666666666, 2.0419833333333335, 2.0286833333333334, 2.027233333333333, 2.02665, 1.9882333333333333, 2.0076833333333335, 1.9902], 'jsd': [(0, 0, 0, 0, 0, 0), (0, 0, 0, 0, 0, 0), (0, 0, 0, 0, 0, 0), (0.1929242848643572, 0.13735782770322294, 0.11443180158151062, 0.09575610199990908, 0.07584907944899671, 0.1820696842986726), (0.1929242848643572, 0.13735782770322294, 0.11443180158151062, 0.09575610199990908, 0.07584907944899671, 0.1820696842986726), (0, 0, 0, 0, 0, 0), (0.1929242848643572, 0.13735782770322294, 0.11443180158151062, 0.09575610199990908, 0.07584907944899671, 0.1820696842986726), (0.1929242848643572, 0.13735782770322294, 0.11443180158151062, 0.09575610199990908, 0.07584907944899671, 0.1820696842986726), (0.1929242848643572, 0.13735782770322294, 0.11443180158151062, 0.09575610199990908, 0.07584907944899671, 0.1820696842986726), (0.1929242848643572, 0.13735782770322294, 0.11443180158151062, 0.09575610199990908, 0.07584907944899671, 0.1820696842986726), (0.1929242848643572, 0.13735782770322294, 0.11443180158151062, 0.09575610199990908, 0.07584907944899671, 0.1820696842986726), (0, 0, 0, 0, 0, 0), (0, 0, 0, 0, 0, 0), (0.1929242848643572, 0.13735782770322294, 0.11443180158151062, 0.09575610199990908, 0.07584907944899671, 0.1820696842986726), (0, 0, 0, 0, 0, 0), (0.1929242848643572, 0.13735782770322294, 0.11443180158151062, 0.09575610199990908, 0.07584907944899671, 0.1820696842986726), (0.1929242848643572, 0.13735782770322294, 0.11443180158151062, 0.09575610199990908, 0.07584907944899671, 0.1820696842986726), (0.1929242848643572, 0.13735782770322294, 0.11443180158151062, 0.09575610199990908, 0.07584907944899671, 0.1820696842986726), (0, 0, 0, 0, 0, 0), (0.1929242848643572, 0.13735782770322294, 0.11443180158151062, 0.09575610199990908, 0.07584907944899671, 0.1820696842986726)]}}
AdaptationManager: Configuring next round...
{'client_registry': {'enabled': True, 'params': {}}, 'client_selector': {'enabled': False, 'params': {}}, 'client_cluster': {'enabled': False, 'params': {}}, 'message_compressor': {'enabled': True, 'params': {}}, 'model_co-versioning_registry': {'enabled': False, 'params': {}}, 'multi-task_model_trainer': {'enabled': False, 'params': {}}, 'heterogeneous_data_handler': {'enabled': False, 'params': {}}}
{'client_selector': {'enabled': False}, 'client_cluster': {'enabled': False}, 'message_compressor': {'enabled': False, 'params': {'enabled_clients': ['Client 26', 'Client 28']}}, 'model_co-versioning_registry': {'enabled': False}, 'multi-task_model_trainer': {'enabled': False}, 'heterogeneous_data_handler': {'enabled': False}, 'client_registry': {'enabled': True, 'params': {}}}
message_compressor de-activated ❌
