==========================================
  ___  ______  ___ ______       _ 
 / _ \ | ___ \/   ||  ___|     | |
/ /_\ \| |_/ / /| || |_ ___  __| |
|  _  ||  __/ /_| ||  _/ _ \/ _` |
| | | || |  \___  || ||  __/ (_| |
\_| |_/\_|      |_/\_| \___|\__,_| v.1.5.0

==========================================
Simulation Started!
List of the Architectural Patterns enabled:
Adaptation Enabled ✅
Metric: val_f1, bo-based: predictors/bo_model.pkl
Client Registry ✅
Client Selector ✅
 AP Parameters: {'selection_strategy': 'Resource-Based', 'selection_criteria': 'CPU', 'selection_value': 2}
==========================================
Client Client 2 participates in this round. (CPU: 2, RAM: 2)
Client Client 6 has insufficient CPU (1). Will not participate in the next FL round.
Client Client 3 participates in this round. (CPU: 2, RAM: 2)
Client Client 5 has insufficient CPU (1). Will not participate in the next FL round.
Client Client 1 participates in this round. (CPU: 2, RAM: 2)
Client Client 4 participates in this round. (CPU: 2, RAM: 2)
Results Aggregated in 62.70 seconds.
{'CNN 16k': {'train_loss': [1.234346916809082], 'train_accuracy': [0.567825], 'train_f1': [0.3457457455319557], 'train_mae': [1.531955], 'val_loss': [2.8554828935146332], 'val_accuracy': [0.321225], 'val_f1': [0.23176499219152413], 'val_mae': [2.6621]}}
AdaptationManager: Configuring next round...
{'client_registry': {'enabled': True, 'params': {}}, 'client_selector': {'enabled': True, 'params': {'selection_strategy': 'Resource-Based', 'selection_criteria': 'CPU', 'selection_value': 2}}, 'client_cluster': {'enabled': False, 'params': {}}, 'message_compressor': {'enabled': False, 'params': {}}, 'model_co-versioning_registry': {'enabled': False, 'params': {}}, 'multi-task_model_trainer': {'enabled': False, 'params': {}}, 'heterogeneous_data_handler': {'enabled': False, 'params': {}}}
{'client_selector': {'enabled': True}, 'client_cluster': {'enabled': False}, 'message_compressor': {'enabled': False}, 'model_co-versioning_registry': {'enabled': False}, 'multi-task_model_trainer': {'enabled': False}, 'heterogeneous_data_handler': {'enabled': False}, 'client_registry': {'enabled': True}}
round 2, 4 high, 2 low, 0.0-iid clients, predicted best policy: pattern de-activated ❌
round 2, 4 high, 2 low, 0.0-iid clients, predicted best policy: pattern de-activated ❌
Results Aggregated in 57.43 seconds.
{'CNN 16k': {'train_loss': [1.234346916809082, 1.1649109493700662], 'train_accuracy': [0.567825, 0.57826], 'train_f1': [0.3457457455319557, 0.4307651915742942], 'train_mae': [1.531955, 1.5091966666666667], 'val_loss': [2.8554828935146332, 2.4383455814361574], 'val_accuracy': [0.321225, 0.37845], 'val_f1': [0.23176499219152413, 0.3173160535710712], 'val_mae': [2.6621, 2.3329833333333334]}}
AdaptationManager: Configuring next round...
{'client_registry': {'enabled': True, 'params': {}}, 'client_selector': {'enabled': True, 'params': {'selection_strategy': 'Resource-Based', 'selection_criteria': 'CPU', 'selection_value': 2}}, 'client_cluster': {'enabled': False, 'params': {}}, 'message_compressor': {'enabled': False, 'params': {}}, 'model_co-versioning_registry': {'enabled': False, 'params': {}}, 'multi-task_model_trainer': {'enabled': False, 'params': {}}, 'heterogeneous_data_handler': {'enabled': False, 'params': {}}}
{'client_selector': {'enabled': False}, 'client_cluster': {'enabled': False}, 'message_compressor': {'enabled': False}, 'model_co-versioning_registry': {'enabled': False}, 'multi-task_model_trainer': {'enabled': False}, 'heterogeneous_data_handler': {'enabled': False}, 'client_registry': {'enabled': False}}
round 3, 4 high, 2 low, 0.0-iid clients, predicted best policy: pattern de-activated ❌
round 3, 4 high, 2 low, 0.0-iid clients, predicted best policy: pattern de-activated ❌
Results Aggregated in 55.45 seconds.
{'CNN 16k': {'train_loss': [1.234346916809082, 1.1649109493700662, 1.1035455695374807], 'train_accuracy': [0.567825, 0.57826, 0.6021066666666667], 'train_f1': [0.3457457455319557, 0.4307651915742942, 0.4661258586983253], 'train_mae': [1.531955, 1.5091966666666667, 1.41098], 'val_loss': [2.8554828935146332, 2.4383455814361574, 2.43861738948822], 'val_accuracy': [0.321225, 0.37845, 0.40105], 'val_f1': [0.23176499219152413, 0.3173160535710712, 0.34486500507867673], 'val_mae': [2.6621, 2.3329833333333334, 2.2076166666666666]}}
AdaptationManager: Configuring next round...
{'client_registry': {'enabled': True, 'params': {}}, 'client_selector': {'enabled': True, 'params': {'selection_strategy': 'Resource-Based', 'selection_criteria': 'CPU', 'selection_value': 2}}, 'client_cluster': {'enabled': False, 'params': {}}, 'message_compressor': {'enabled': False, 'params': {}}, 'model_co-versioning_registry': {'enabled': False, 'params': {}}, 'multi-task_model_trainer': {'enabled': False, 'params': {}}, 'heterogeneous_data_handler': {'enabled': False, 'params': {}}}
{'client_selector': {'enabled': False}, 'client_cluster': {'enabled': False}, 'message_compressor': {'enabled': False}, 'model_co-versioning_registry': {'enabled': False}, 'multi-task_model_trainer': {'enabled': False}, 'heterogeneous_data_handler': {'enabled': False}, 'client_registry': {'enabled': False}}
round 4, 4 high, 2 low, 0.0-iid clients, predicted best policy: pattern activated ✅
round 4, 4 high, 2 low, 0.0-iid clients, predicted best policy: pattern activated ✅
Client Client 5 has insufficient CPU (1). Will not participate in the next FL round.
Client Client 3 participates in this round. (CPU: 2, RAM: 2)
Client Client 6 has insufficient CPU (1). Will not participate in the next FL round.
Client Client 2 participates in this round. (CPU: 2, RAM: 2)
Client Client 1 participates in this round. (CPU: 2, RAM: 2)
Client Client 4 participates in this round. (CPU: 2, RAM: 2)
Results Aggregated in 56.63 seconds.
{'CNN 16k': {'train_loss': [1.234346916809082, 1.1649109493700662, 1.1035455695374807, 1.0127637656879425], 'train_accuracy': [0.567825, 0.57826, 0.6021066666666667, 0.638055], 'train_f1': [0.3457457455319557, 0.4307651915742942, 0.4661258586983253, 0.47838976774192443], 'train_mae': [1.531955, 1.5091966666666667, 1.41098, 1.2195], 'val_loss': [2.8554828935146332, 2.4383455814361574, 2.43861738948822, 2.481585679578781], 'val_accuracy': [0.321225, 0.37845, 0.40105, 0.3983], 'val_f1': [0.23176499219152413, 0.3173160535710712, 0.34486500507867673, 0.3394756546590576], 'val_mae': [2.6621, 2.3329833333333334, 2.2076166666666666, 2.250075]}}
AdaptationManager: Configuring next round...
{'client_registry': {'enabled': True, 'params': {}}, 'client_selector': {'enabled': True, 'params': {'selection_strategy': 'Resource-Based', 'selection_criteria': 'CPU', 'selection_value': 2}}, 'client_cluster': {'enabled': False, 'params': {}}, 'message_compressor': {'enabled': False, 'params': {}}, 'model_co-versioning_registry': {'enabled': False, 'params': {}}, 'multi-task_model_trainer': {'enabled': False, 'params': {}}, 'heterogeneous_data_handler': {'enabled': False, 'params': {}}}
{'client_selector': {'enabled': True}, 'client_cluster': {'enabled': False}, 'message_compressor': {'enabled': False}, 'model_co-versioning_registry': {'enabled': False}, 'multi-task_model_trainer': {'enabled': False}, 'heterogeneous_data_handler': {'enabled': False}, 'client_registry': {'enabled': True}}
round 5, 4 high, 2 low, 0.0-iid clients, predicted best policy: pattern activated ✅
round 5, 4 high, 2 low, 0.0-iid clients, predicted best policy: pattern activated ✅
Client Client 2 participates in this round. (CPU: 2, RAM: 2)
Client Client 6 has insufficient CPU (1). Will not participate in the next FL round.
Client Client 3 participates in this round. (CPU: 2, RAM: 2)
Client Client 1 participates in this round. (CPU: 2, RAM: 2)
Client Client 4 participates in this round. (CPU: 2, RAM: 2)
Client Client 5 has insufficient CPU (1). Will not participate in the next FL round.
Results Aggregated in 58.59 seconds.
{'CNN 16k': {'train_loss': [1.234346916809082, 1.1649109493700662, 1.1035455695374807, 1.0127637656879425, 0.9792137720584869], 'train_accuracy': [0.567825, 0.57826, 0.6021066666666667, 0.638055, 0.651385], 'train_f1': [0.3457457455319557, 0.4307651915742942, 0.4661258586983253, 0.47838976774192443, 0.5028740924269781], 'train_mae': [1.531955, 1.5091966666666667, 1.41098, 1.2195, 1.157715], 'val_loss': [2.8554828935146332, 2.4383455814361574, 2.43861738948822, 2.481585679578781, 2.4958284791469576], 'val_accuracy': [0.321225, 0.37845, 0.40105, 0.3983, 0.414575], 'val_f1': [0.23176499219152413, 0.3173160535710712, 0.34486500507867673, 0.3394756546590576, 0.3583556272220389], 'val_mae': [2.6621, 2.3329833333333334, 2.2076166666666666, 2.250075, 2.141925]}}
AdaptationManager: Configuring next round...
{'client_registry': {'enabled': True, 'params': {}}, 'client_selector': {'enabled': True, 'params': {'selection_strategy': 'Resource-Based', 'selection_criteria': 'CPU', 'selection_value': 2}}, 'client_cluster': {'enabled': False, 'params': {}}, 'message_compressor': {'enabled': False, 'params': {}}, 'model_co-versioning_registry': {'enabled': False, 'params': {}}, 'multi-task_model_trainer': {'enabled': False, 'params': {}}, 'heterogeneous_data_handler': {'enabled': False, 'params': {}}}
{'client_selector': {'enabled': True}, 'client_cluster': {'enabled': False}, 'message_compressor': {'enabled': False}, 'model_co-versioning_registry': {'enabled': False}, 'multi-task_model_trainer': {'enabled': False}, 'heterogeneous_data_handler': {'enabled': False}, 'client_registry': {'enabled': True}}
round 6, 4 high, 2 low, 0.0-iid clients, predicted best policy: pattern activated ✅
round 6, 4 high, 2 low, 0.0-iid clients, predicted best policy: pattern activated ✅
Client Client 1 participates in this round. (CPU: 2, RAM: 2)
Client Client 3 participates in this round. (CPU: 2, RAM: 2)
Client Client 5 has insufficient CPU (1). Will not participate in the next FL round.
Client Client 4 participates in this round. (CPU: 2, RAM: 2)
Client Client 2 participates in this round. (CPU: 2, RAM: 2)
Client Client 6 has insufficient CPU (1). Will not participate in the next FL round.
Results Aggregated in 56.89 seconds.
{'CNN 16k': {'train_loss': [1.234346916809082, 1.1649109493700662, 1.1035455695374807, 1.0127637656879425, 0.9792137720584869, 0.9421748673295974], 'train_accuracy': [0.567825, 0.57826, 0.6021066666666667, 0.638055, 0.651385, 0.66493], 'train_f1': [0.3457457455319557, 0.4307651915742942, 0.4661258586983253, 0.47838976774192443, 0.5028740924269781, 0.5233528442897843], 'train_mae': [1.531955, 1.5091966666666667, 1.41098, 1.2195, 1.157715, 1.10654], 'val_loss': [2.8554828935146332, 2.4383455814361574, 2.43861738948822, 2.481585679578781, 2.4958284791469576, 2.5209967865943907], 'val_accuracy': [0.321225, 0.37845, 0.40105, 0.3983, 0.414575, 0.427425], 'val_f1': [0.23176499219152413, 0.3173160535710712, 0.34486500507867673, 0.3394756546590576, 0.3583556272220389, 0.37679043472712653], 'val_mae': [2.6621, 2.3329833333333334, 2.2076166666666666, 2.250075, 2.141925, 2.06065]}}
AdaptationManager: Configuring next round...
{'client_registry': {'enabled': True, 'params': {}}, 'client_selector': {'enabled': True, 'params': {'selection_strategy': 'Resource-Based', 'selection_criteria': 'CPU', 'selection_value': 2}}, 'client_cluster': {'enabled': False, 'params': {}}, 'message_compressor': {'enabled': False, 'params': {}}, 'model_co-versioning_registry': {'enabled': False, 'params': {}}, 'multi-task_model_trainer': {'enabled': False, 'params': {}}, 'heterogeneous_data_handler': {'enabled': False, 'params': {}}}
{'client_selector': {'enabled': True}, 'client_cluster': {'enabled': False}, 'message_compressor': {'enabled': False}, 'model_co-versioning_registry': {'enabled': False}, 'multi-task_model_trainer': {'enabled': False}, 'heterogeneous_data_handler': {'enabled': False}, 'client_registry': {'enabled': True}}
round 7, 4 high, 2 low, 0.0-iid clients, predicted best policy: pattern activated ✅
round 7, 4 high, 2 low, 0.0-iid clients, predicted best policy: pattern activated ✅
Client Client 3 participates in this round. (CPU: 2, RAM: 2)
Client Client 5 has insufficient CPU (1). Will not participate in the next FL round.
Client Client 6 has insufficient CPU (1). Will not participate in the next FL round.
Client Client 4 participates in this round. (CPU: 2, RAM: 2)
Client Client 1 participates in this round. (CPU: 2, RAM: 2)
Client Client 2 participates in this round. (CPU: 2, RAM: 2)
Results Aggregated in 55.76 seconds.
{'CNN 16k': {'train_loss': [1.234346916809082, 1.1649109493700662, 1.1035455695374807, 1.0127637656879425, 0.9792137720584869, 0.9421748673295974, 0.9164069710350037], 'train_accuracy': [0.567825, 0.57826, 0.6021066666666667, 0.638055, 0.651385, 0.66493, 0.675535], 'train_f1': [0.3457457455319557, 0.4307651915742942, 0.4661258586983253, 0.47838976774192443, 0.5028740924269781, 0.5233528442897843, 0.5346572989946644], 'train_mae': [1.531955, 1.5091966666666667, 1.41098, 1.2195, 1.157715, 1.10654, 1.093665], 'val_loss': [2.8554828935146332, 2.4383455814361574, 2.43861738948822, 2.481585679578781, 2.4958284791469576, 2.5209967865943907, 2.5334851613998413], 'val_accuracy': [0.321225, 0.37845, 0.40105, 0.3983, 0.414575, 0.427425, 0.439175], 'val_f1': [0.23176499219152413, 0.3173160535710712, 0.34486500507867673, 0.3394756546590576, 0.3583556272220389, 0.37679043472712653, 0.3845718758667637], 'val_mae': [2.6621, 2.3329833333333334, 2.2076166666666666, 2.250075, 2.141925, 2.06065, 2.11685]}}
AdaptationManager: Configuring next round...
{'client_registry': {'enabled': True, 'params': {}}, 'client_selector': {'enabled': True, 'params': {'selection_strategy': 'Resource-Based', 'selection_criteria': 'CPU', 'selection_value': 2}}, 'client_cluster': {'enabled': False, 'params': {}}, 'message_compressor': {'enabled': False, 'params': {}}, 'model_co-versioning_registry': {'enabled': False, 'params': {}}, 'multi-task_model_trainer': {'enabled': False, 'params': {}}, 'heterogeneous_data_handler': {'enabled': False, 'params': {}}}
{'client_selector': {'enabled': True}, 'client_cluster': {'enabled': False}, 'message_compressor': {'enabled': False}, 'model_co-versioning_registry': {'enabled': False}, 'multi-task_model_trainer': {'enabled': False}, 'heterogeneous_data_handler': {'enabled': False}, 'client_registry': {'enabled': True}}
round 8, 4 high, 2 low, 0.0-iid clients, predicted best policy: pattern de-activated ❌
round 8, 4 high, 2 low, 0.0-iid clients, predicted best policy: pattern de-activated ❌
Results Aggregated in 55.90 seconds.
{'CNN 16k': {'train_loss': [1.234346916809082, 1.1649109493700662, 1.1035455695374807, 1.0127637656879425, 0.9792137720584869, 0.9421748673295974, 0.9164069710350037, 0.9408411170609792], 'train_accuracy': [0.567825, 0.57826, 0.6021066666666667, 0.638055, 0.651385, 0.66493, 0.675535, 0.6613566666666667], 'train_f1': [0.3457457455319557, 0.4307651915742942, 0.4661258586983253, 0.47838976774192443, 0.5028740924269781, 0.5233528442897843, 0.5346572989946644, 0.5573677872793538], 'train_mae': [1.531955, 1.5091966666666667, 1.41098, 1.2195, 1.157715, 1.10654, 1.093665, 1.1646966666666667], 'val_loss': [2.8554828935146332, 2.4383455814361574, 2.43861738948822, 2.481585679578781, 2.4958284791469576, 2.5209967865943907, 2.5334851613998413, 2.2483527448654175], 'val_accuracy': [0.321225, 0.37845, 0.40105, 0.3983, 0.414575, 0.427425, 0.439175, 0.46225], 'val_f1': [0.23176499219152413, 0.3173160535710712, 0.34486500507867673, 0.3394756546590576, 0.3583556272220389, 0.37679043472712653, 0.3845718758667637, 0.4173483172219876], 'val_mae': [2.6621, 2.3329833333333334, 2.2076166666666666, 2.250075, 2.141925, 2.06065, 2.11685, 1.9196]}}
AdaptationManager: Configuring next round...
{'client_registry': {'enabled': True, 'params': {}}, 'client_selector': {'enabled': True, 'params': {'selection_strategy': 'Resource-Based', 'selection_criteria': 'CPU', 'selection_value': 2}}, 'client_cluster': {'enabled': False, 'params': {}}, 'message_compressor': {'enabled': False, 'params': {}}, 'model_co-versioning_registry': {'enabled': False, 'params': {}}, 'multi-task_model_trainer': {'enabled': False, 'params': {}}, 'heterogeneous_data_handler': {'enabled': False, 'params': {}}}
{'client_selector': {'enabled': False}, 'client_cluster': {'enabled': False}, 'message_compressor': {'enabled': False}, 'model_co-versioning_registry': {'enabled': False}, 'multi-task_model_trainer': {'enabled': False}, 'heterogeneous_data_handler': {'enabled': False}, 'client_registry': {'enabled': False}}
round 9, 4 high, 2 low, 0.0-iid clients, predicted best policy: pattern de-activated ❌
round 9, 4 high, 2 low, 0.0-iid clients, predicted best policy: pattern de-activated ❌
Results Aggregated in 57.07 seconds.
{'CNN 16k': {'train_loss': [1.234346916809082, 1.1649109493700662, 1.1035455695374807, 1.0127637656879425, 0.9792137720584869, 0.9421748673295974, 0.9164069710350037, 0.9408411170609792, 0.9075379716205597], 'train_accuracy': [0.567825, 0.57826, 0.6021066666666667, 0.638055, 0.651385, 0.66493, 0.675535, 0.6613566666666667, 0.67443], 'train_f1': [0.3457457455319557, 0.4307651915742942, 0.4661258586983253, 0.47838976774192443, 0.5028740924269781, 0.5233528442897843, 0.5346572989946644, 0.5573677872793538, 0.5775530765386964], 'train_mae': [1.531955, 1.5091966666666667, 1.41098, 1.2195, 1.157715, 1.10654, 1.093665, 1.1646966666666667, 1.10316], 'val_loss': [2.8554828935146332, 2.4383455814361574, 2.43861738948822, 2.481585679578781, 2.4958284791469576, 2.5209967865943907, 2.5334851613998413, 2.2483527448654175, 2.241874914550781], 'val_accuracy': [0.321225, 0.37845, 0.40105, 0.3983, 0.414575, 0.427425, 0.439175, 0.46225, 0.46686666666666665], 'val_f1': [0.23176499219152413, 0.3173160535710712, 0.34486500507867673, 0.3394756546590576, 0.3583556272220389, 0.37679043472712653, 0.3845718758667637, 0.4173483172219876, 0.4262090282041086], 'val_mae': [2.6621, 2.3329833333333334, 2.2076166666666666, 2.250075, 2.141925, 2.06065, 2.11685, 1.9196, 1.90915]}}
AdaptationManager: Configuring next round...
{'client_registry': {'enabled': True, 'params': {}}, 'client_selector': {'enabled': True, 'params': {'selection_strategy': 'Resource-Based', 'selection_criteria': 'CPU', 'selection_value': 2}}, 'client_cluster': {'enabled': False, 'params': {}}, 'message_compressor': {'enabled': False, 'params': {}}, 'model_co-versioning_registry': {'enabled': False, 'params': {}}, 'multi-task_model_trainer': {'enabled': False, 'params': {}}, 'heterogeneous_data_handler': {'enabled': False, 'params': {}}}
{'client_selector': {'enabled': False}, 'client_cluster': {'enabled': False}, 'message_compressor': {'enabled': False}, 'model_co-versioning_registry': {'enabled': False}, 'multi-task_model_trainer': {'enabled': False}, 'heterogeneous_data_handler': {'enabled': False}, 'client_registry': {'enabled': False}}
round 10, 4 high, 2 low, 0.0-iid clients, predicted best policy: pattern de-activated ❌
round 10, 4 high, 2 low, 0.0-iid clients, predicted best policy: pattern de-activated ❌
Results Aggregated in 59.41 seconds.
{'CNN 16k': {'train_loss': [1.234346916809082, 1.1649109493700662, 1.1035455695374807, 1.0127637656879425, 0.9792137720584869, 0.9421748673295974, 0.9164069710350037, 0.9408411170609792, 0.9075379716205597, 0.9138485307518641], 'train_accuracy': [0.567825, 0.57826, 0.6021066666666667, 0.638055, 0.651385, 0.66493, 0.675535, 0.6613566666666667, 0.67443, 0.6725033333333333], 'train_f1': [0.3457457455319557, 0.4307651915742942, 0.4661258586983253, 0.47838976774192443, 0.5028740924269781, 0.5233528442897843, 0.5346572989946644, 0.5573677872793538, 0.5775530765386964, 0.572624732262745], 'train_mae': [1.531955, 1.5091966666666667, 1.41098, 1.2195, 1.157715, 1.10654, 1.093665, 1.1646966666666667, 1.10316, 1.1297066666666666], 'val_loss': [2.8554828935146332, 2.4383455814361574, 2.43861738948822, 2.481585679578781, 2.4958284791469576, 2.5209967865943907, 2.5334851613998413, 2.2483527448654175, 2.241874914550781, 2.2179917529741924], 'val_accuracy': [0.321225, 0.37845, 0.40105, 0.3983, 0.414575, 0.427425, 0.439175, 0.46225, 0.46686666666666665, 0.46468333333333334], 'val_f1': [0.23176499219152413, 0.3173160535710712, 0.34486500507867673, 0.3394756546590576, 0.3583556272220389, 0.37679043472712653, 0.3845718758667637, 0.4173483172219876, 0.4262090282041086, 0.42401269591349156], 'val_mae': [2.6621, 2.3329833333333334, 2.2076166666666666, 2.250075, 2.141925, 2.06065, 2.11685, 1.9196, 1.90915, 1.8912833333333334]}}
AdaptationManager: Configuring next round...
{'client_registry': {'enabled': True, 'params': {}}, 'client_selector': {'enabled': True, 'params': {'selection_strategy': 'Resource-Based', 'selection_criteria': 'CPU', 'selection_value': 2}}, 'client_cluster': {'enabled': False, 'params': {}}, 'message_compressor': {'enabled': False, 'params': {}}, 'model_co-versioning_registry': {'enabled': False, 'params': {}}, 'multi-task_model_trainer': {'enabled': False, 'params': {}}, 'heterogeneous_data_handler': {'enabled': False, 'params': {}}}
{'client_selector': {'enabled': False}, 'client_cluster': {'enabled': False}, 'message_compressor': {'enabled': False}, 'model_co-versioning_registry': {'enabled': False}, 'multi-task_model_trainer': {'enabled': False}, 'heterogeneous_data_handler': {'enabled': False}, 'client_registry': {'enabled': False}}
round 11, 4 high, 2 low, 0.0-iid clients, predicted best policy: pattern de-activated ❌
round 11, 4 high, 2 low, 0.0-iid clients, predicted best policy: pattern de-activated ❌
Results Aggregated in 58.62 seconds.
{'CNN 16k': {'train_loss': [1.234346916809082, 1.1649109493700662, 1.1035455695374807, 1.0127637656879425, 0.9792137720584869, 0.9421748673295974, 0.9164069710350037, 0.9408411170609792, 0.9075379716205597, 0.9138485307518641, 0.8831457420190175], 'train_accuracy': [0.567825, 0.57826, 0.6021066666666667, 0.638055, 0.651385, 0.66493, 0.675535, 0.6613566666666667, 0.67443, 0.6725033333333333, 0.68302], 'train_f1': [0.3457457455319557, 0.4307651915742942, 0.4661258586983253, 0.47838976774192443, 0.5028740924269781, 0.5233528442897843, 0.5346572989946644, 0.5573677872793538, 0.5775530765386964, 0.572624732262745, 0.5852946287944594], 'train_mae': [1.531955, 1.5091966666666667, 1.41098, 1.2195, 1.157715, 1.10654, 1.093665, 1.1646966666666667, 1.10316, 1.1297066666666666, 1.0891333333333333], 'val_loss': [2.8554828935146332, 2.4383455814361574, 2.43861738948822, 2.481585679578781, 2.4958284791469576, 2.5209967865943907, 2.5334851613998413, 2.2483527448654175, 2.241874914550781, 2.2179917529741924, 2.2040882954915366], 'val_accuracy': [0.321225, 0.37845, 0.40105, 0.3983, 0.414575, 0.427425, 0.439175, 0.46225, 0.46686666666666665, 0.46468333333333334, 0.46815], 'val_f1': [0.23176499219152413, 0.3173160535710712, 0.34486500507867673, 0.3394756546590576, 0.3583556272220389, 0.37679043472712653, 0.3845718758667637, 0.4173483172219876, 0.4262090282041086, 0.42401269591349156, 0.42768987085967036], 'val_mae': [2.6621, 2.3329833333333334, 2.2076166666666666, 2.250075, 2.141925, 2.06065, 2.11685, 1.9196, 1.90915, 1.8912833333333334, 1.9267666666666667]}}
AdaptationManager: Configuring next round...
{'client_registry': {'enabled': True, 'params': {}}, 'client_selector': {'enabled': True, 'params': {'selection_strategy': 'Resource-Based', 'selection_criteria': 'CPU', 'selection_value': 2}}, 'client_cluster': {'enabled': False, 'params': {}}, 'message_compressor': {'enabled': False, 'params': {}}, 'model_co-versioning_registry': {'enabled': False, 'params': {}}, 'multi-task_model_trainer': {'enabled': False, 'params': {}}, 'heterogeneous_data_handler': {'enabled': False, 'params': {}}}
{'client_selector': {'enabled': False}, 'client_cluster': {'enabled': False}, 'message_compressor': {'enabled': False}, 'model_co-versioning_registry': {'enabled': False}, 'multi-task_model_trainer': {'enabled': False}, 'heterogeneous_data_handler': {'enabled': False}, 'client_registry': {'enabled': False}}
round 12, 4 high, 2 low, 0.0-iid clients, predicted best policy: pattern de-activated ❌
round 12, 4 high, 2 low, 0.0-iid clients, predicted best policy: pattern de-activated ❌
Results Aggregated in 61.66 seconds.
{'CNN 16k': {'train_loss': [1.234346916809082, 1.1649109493700662, 1.1035455695374807, 1.0127637656879425, 0.9792137720584869, 0.9421748673295974, 0.9164069710350037, 0.9408411170609792, 0.9075379716205597, 0.9138485307518641, 0.8831457420190175, 0.8624883882808685], 'train_accuracy': [0.567825, 0.57826, 0.6021066666666667, 0.638055, 0.651385, 0.66493, 0.675535, 0.6613566666666667, 0.67443, 0.6725033333333333, 0.68302, 0.6912766666666667], 'train_f1': [0.3457457455319557, 0.4307651915742942, 0.4661258586983253, 0.47838976774192443, 0.5028740924269781, 0.5233528442897843, 0.5346572989946644, 0.5573677872793538, 0.5775530765386964, 0.572624732262745, 0.5852946287944594, 0.5968127161698638], 'train_mae': [1.531955, 1.5091966666666667, 1.41098, 1.2195, 1.157715, 1.10654, 1.093665, 1.1646966666666667, 1.10316, 1.1297066666666666, 1.0891333333333333, 1.0418333333333334], 'val_loss': [2.8554828935146332, 2.4383455814361574, 2.43861738948822, 2.481585679578781, 2.4958284791469576, 2.5209967865943907, 2.5334851613998413, 2.2483527448654175, 2.241874914550781, 2.2179917529741924, 2.2040882954915366, 2.145632934919993], 'val_accuracy': [0.321225, 0.37845, 0.40105, 0.3983, 0.414575, 0.427425, 0.439175, 0.46225, 0.46686666666666665, 0.46468333333333334, 0.46815, 0.47541666666666665], 'val_f1': [0.23176499219152413, 0.3173160535710712, 0.34486500507867673, 0.3394756546590576, 0.3583556272220389, 0.37679043472712653, 0.3845718758667637, 0.4173483172219876, 0.4262090282041086, 0.42401269591349156, 0.42768987085967036, 0.43470936216692996], 'val_mae': [2.6621, 2.3329833333333334, 2.2076166666666666, 2.250075, 2.141925, 2.06065, 2.11685, 1.9196, 1.90915, 1.8912833333333334, 1.9267666666666667, 1.8576833333333334]}}
AdaptationManager: Configuring next round...
{'client_registry': {'enabled': True, 'params': {}}, 'client_selector': {'enabled': True, 'params': {'selection_strategy': 'Resource-Based', 'selection_criteria': 'CPU', 'selection_value': 2}}, 'client_cluster': {'enabled': False, 'params': {}}, 'message_compressor': {'enabled': False, 'params': {}}, 'model_co-versioning_registry': {'enabled': False, 'params': {}}, 'multi-task_model_trainer': {'enabled': False, 'params': {}}, 'heterogeneous_data_handler': {'enabled': False, 'params': {}}}
{'client_selector': {'enabled': False}, 'client_cluster': {'enabled': False}, 'message_compressor': {'enabled': False}, 'model_co-versioning_registry': {'enabled': False}, 'multi-task_model_trainer': {'enabled': False}, 'heterogeneous_data_handler': {'enabled': False}, 'client_registry': {'enabled': False}}
round 13, 4 high, 2 low, 0.0-iid clients, predicted best policy: pattern activated ✅
round 13, 4 high, 2 low, 0.0-iid clients, predicted best policy: pattern activated ✅
Client Client 4 participates in this round. (CPU: 2, RAM: 2)
Client Client 2 participates in this round. (CPU: 2, RAM: 2)
Client Client 5 has insufficient CPU (1). Will not participate in the next FL round.
Client Client 6 has insufficient CPU (1). Will not participate in the next FL round.
Client Client 3 participates in this round. (CPU: 2, RAM: 2)
Client Client 1 participates in this round. (CPU: 2, RAM: 2)
Results Aggregated in 57.01 seconds.
{'CNN 16k': {'train_loss': [1.234346916809082, 1.1649109493700662, 1.1035455695374807, 1.0127637656879425, 0.9792137720584869, 0.9421748673295974, 0.9164069710350037, 0.9408411170609792, 0.9075379716205597, 0.9138485307518641, 0.8831457420190175, 0.8624883882808685, 0.8268766751408577], 'train_accuracy': [0.567825, 0.57826, 0.6021066666666667, 0.638055, 0.651385, 0.66493, 0.675535, 0.6613566666666667, 0.67443, 0.6725033333333333, 0.68302, 0.6912766666666667, 0.70789], 'train_f1': [0.3457457455319557, 0.4307651915742942, 0.4661258586983253, 0.47838976774192443, 0.5028740924269781, 0.5233528442897843, 0.5346572989946644, 0.5573677872793538, 0.5775530765386964, 0.572624732262745, 0.5852946287944594, 0.5968127161698638, 0.5824166036234815], 'train_mae': [1.531955, 1.5091966666666667, 1.41098, 1.2195, 1.157715, 1.10654, 1.093665, 1.1646966666666667, 1.10316, 1.1297066666666666, 1.0891333333333333, 1.0418333333333334, 0.97133], 'val_loss': [2.8554828935146332, 2.4383455814361574, 2.43861738948822, 2.481585679578781, 2.4958284791469576, 2.5209967865943907, 2.5334851613998413, 2.2483527448654175, 2.241874914550781, 2.2179917529741924, 2.2040882954915366, 2.145632934919993, 2.3100229409217836], 'val_accuracy': [0.321225, 0.37845, 0.40105, 0.3983, 0.414575, 0.427425, 0.439175, 0.46225, 0.46686666666666665, 0.46468333333333334, 0.46815, 0.47541666666666665, 0.46085], 'val_f1': [0.23176499219152413, 0.3173160535710712, 0.34486500507867673, 0.3394756546590576, 0.3583556272220389, 0.37679043472712653, 0.3845718758667637, 0.4173483172219876, 0.4262090282041086, 0.42401269591349156, 0.42768987085967036, 0.43470936216692996, 0.41189085712299084], 'val_mae': [2.6621, 2.3329833333333334, 2.2076166666666666, 2.250075, 2.141925, 2.06065, 2.11685, 1.9196, 1.90915, 1.8912833333333334, 1.9267666666666667, 1.8576833333333334, 1.97715]}}
AdaptationManager: Configuring next round...
{'client_registry': {'enabled': True, 'params': {}}, 'client_selector': {'enabled': True, 'params': {'selection_strategy': 'Resource-Based', 'selection_criteria': 'CPU', 'selection_value': 2}}, 'client_cluster': {'enabled': False, 'params': {}}, 'message_compressor': {'enabled': False, 'params': {}}, 'model_co-versioning_registry': {'enabled': False, 'params': {}}, 'multi-task_model_trainer': {'enabled': False, 'params': {}}, 'heterogeneous_data_handler': {'enabled': False, 'params': {}}}
{'client_selector': {'enabled': True}, 'client_cluster': {'enabled': False}, 'message_compressor': {'enabled': False}, 'model_co-versioning_registry': {'enabled': False}, 'multi-task_model_trainer': {'enabled': False}, 'heterogeneous_data_handler': {'enabled': False}, 'client_registry': {'enabled': True}}
round 14, 4 high, 2 low, 0.0-iid clients, predicted best policy: pattern de-activated ❌
round 14, 4 high, 2 low, 0.0-iid clients, predicted best policy: pattern de-activated ❌
Results Aggregated in 56.13 seconds.
{'CNN 16k': {'train_loss': [1.234346916809082, 1.1649109493700662, 1.1035455695374807, 1.0127637656879425, 0.9792137720584869, 0.9421748673295974, 0.9164069710350037, 0.9408411170609792, 0.9075379716205597, 0.9138485307518641, 0.8831457420190175, 0.8624883882808685, 0.8268766751408577, 0.8463107210556666], 'train_accuracy': [0.567825, 0.57826, 0.6021066666666667, 0.638055, 0.651385, 0.66493, 0.675535, 0.6613566666666667, 0.67443, 0.6725033333333333, 0.68302, 0.6912766666666667, 0.70789, 0.6966066666666667], 'train_f1': [0.3457457455319557, 0.4307651915742942, 0.4661258586983253, 0.47838976774192443, 0.5028740924269781, 0.5233528442897843, 0.5346572989946644, 0.5573677872793538, 0.5775530765386964, 0.572624732262745, 0.5852946287944594, 0.5968127161698638, 0.5824166036234815, 0.6060388751291574], 'train_mae': [1.531955, 1.5091966666666667, 1.41098, 1.2195, 1.157715, 1.10654, 1.093665, 1.1646966666666667, 1.10316, 1.1297066666666666, 1.0891333333333333, 1.0418333333333334, 0.97133, 1.0347133333333334], 'val_loss': [2.8554828935146332, 2.4383455814361574, 2.43861738948822, 2.481585679578781, 2.4958284791469576, 2.5209967865943907, 2.5334851613998413, 2.2483527448654175, 2.241874914550781, 2.2179917529741924, 2.2040882954915366, 2.145632934919993, 2.3100229409217836, 2.1795816358566285], 'val_accuracy': [0.321225, 0.37845, 0.40105, 0.3983, 0.414575, 0.427425, 0.439175, 0.46225, 0.46686666666666665, 0.46468333333333334, 0.46815, 0.47541666666666665, 0.46085, 0.47883333333333333], 'val_f1': [0.23176499219152413, 0.3173160535710712, 0.34486500507867673, 0.3394756546590576, 0.3583556272220389, 0.37679043472712653, 0.3845718758667637, 0.4173483172219876, 0.4262090282041086, 0.42401269591349156, 0.42768987085967036, 0.43470936216692996, 0.41189085712299084, 0.4398863845518019], 'val_mae': [2.6621, 2.3329833333333334, 2.2076166666666666, 2.250075, 2.141925, 2.06065, 2.11685, 1.9196, 1.90915, 1.8912833333333334, 1.9267666666666667, 1.8576833333333334, 1.97715, 1.8807]}}
AdaptationManager: Configuring next round...
{'client_registry': {'enabled': True, 'params': {}}, 'client_selector': {'enabled': True, 'params': {'selection_strategy': 'Resource-Based', 'selection_criteria': 'CPU', 'selection_value': 2}}, 'client_cluster': {'enabled': False, 'params': {}}, 'message_compressor': {'enabled': False, 'params': {}}, 'model_co-versioning_registry': {'enabled': False, 'params': {}}, 'multi-task_model_trainer': {'enabled': False, 'params': {}}, 'heterogeneous_data_handler': {'enabled': False, 'params': {}}}
{'client_selector': {'enabled': False}, 'client_cluster': {'enabled': False}, 'message_compressor': {'enabled': False}, 'model_co-versioning_registry': {'enabled': False}, 'multi-task_model_trainer': {'enabled': False}, 'heterogeneous_data_handler': {'enabled': False}, 'client_registry': {'enabled': False}}
round 15, 4 high, 2 low, 0.0-iid clients, predicted best policy: pattern activated ✅
round 15, 4 high, 2 low, 0.0-iid clients, predicted best policy: pattern activated ✅
Client Client 3 participates in this round. (CPU: 2, RAM: 2)
Client Client 1 participates in this round. (CPU: 2, RAM: 2)
Client Client 5 has insufficient CPU (1). Will not participate in the next FL round.
Client Client 4 participates in this round. (CPU: 2, RAM: 2)
Client Client 6 has insufficient CPU (1). Will not participate in the next FL round.
Client Client 2 participates in this round. (CPU: 2, RAM: 2)
Results Aggregated in 55.51 seconds.
{'CNN 16k': {'train_loss': [1.234346916809082, 1.1649109493700662, 1.1035455695374807, 1.0127637656879425, 0.9792137720584869, 0.9421748673295974, 0.9164069710350037, 0.9408411170609792, 0.9075379716205597, 0.9138485307518641, 0.8831457420190175, 0.8624883882808685, 0.8268766751408577, 0.8463107210556666, 0.7819877067971229], 'train_accuracy': [0.567825, 0.57826, 0.6021066666666667, 0.638055, 0.651385, 0.66493, 0.675535, 0.6613566666666667, 0.67443, 0.6725033333333333, 0.68302, 0.6912766666666667, 0.70789, 0.6966066666666667, 0.723595], 'train_f1': [0.3457457455319557, 0.4307651915742942, 0.4661258586983253, 0.47838976774192443, 0.5028740924269781, 0.5233528442897843, 0.5346572989946644, 0.5573677872793538, 0.5775530765386964, 0.572624732262745, 0.5852946287944594, 0.5968127161698638, 0.5824166036234815, 0.6060388751291574, 0.6078810354312566], 'train_mae': [1.531955, 1.5091966666666667, 1.41098, 1.2195, 1.157715, 1.10654, 1.093665, 1.1646966666666667, 1.10316, 1.1297066666666666, 1.0891333333333333, 1.0418333333333334, 0.97133, 1.0347133333333334, 0.90549], 'val_loss': [2.8554828935146332, 2.4383455814361574, 2.43861738948822, 2.481585679578781, 2.4958284791469576, 2.5209967865943907, 2.5334851613998413, 2.2483527448654175, 2.241874914550781, 2.2179917529741924, 2.2040882954915366, 2.145632934919993, 2.3100229409217836, 2.1795816358566285, 2.314827768421173], 'val_accuracy': [0.321225, 0.37845, 0.40105, 0.3983, 0.414575, 0.427425, 0.439175, 0.46225, 0.46686666666666665, 0.46468333333333334, 0.46815, 0.47541666666666665, 0.46085, 0.47883333333333333, 0.4728], 'val_f1': [0.23176499219152413, 0.3173160535710712, 0.34486500507867673, 0.3394756546590576, 0.3583556272220389, 0.37679043472712653, 0.3845718758667637, 0.4173483172219876, 0.4262090282041086, 0.42401269591349156, 0.42768987085967036, 0.43470936216692996, 0.41189085712299084, 0.4398863845518019, 0.4283361191007467], 'val_mae': [2.6621, 2.3329833333333334, 2.2076166666666666, 2.250075, 2.141925, 2.06065, 2.11685, 1.9196, 1.90915, 1.8912833333333334, 1.9267666666666667, 1.8576833333333334, 1.97715, 1.8807, 1.910875]}}
AdaptationManager: Configuring next round...
{'client_registry': {'enabled': True, 'params': {}}, 'client_selector': {'enabled': True, 'params': {'selection_strategy': 'Resource-Based', 'selection_criteria': 'CPU', 'selection_value': 2}}, 'client_cluster': {'enabled': False, 'params': {}}, 'message_compressor': {'enabled': False, 'params': {}}, 'model_co-versioning_registry': {'enabled': False, 'params': {}}, 'multi-task_model_trainer': {'enabled': False, 'params': {}}, 'heterogeneous_data_handler': {'enabled': False, 'params': {}}}
{'client_selector': {'enabled': True}, 'client_cluster': {'enabled': False}, 'message_compressor': {'enabled': False}, 'model_co-versioning_registry': {'enabled': False}, 'multi-task_model_trainer': {'enabled': False}, 'heterogeneous_data_handler': {'enabled': False}, 'client_registry': {'enabled': True}}
round 16, 4 high, 2 low, 0.0-iid clients, predicted best policy: pattern de-activated ❌
round 16, 4 high, 2 low, 0.0-iid clients, predicted best policy: pattern de-activated ❌
Results Aggregated in 58.62 seconds.
{'CNN 16k': {'train_loss': [1.234346916809082, 1.1649109493700662, 1.1035455695374807, 1.0127637656879425, 0.9792137720584869, 0.9421748673295974, 0.9164069710350037, 0.9408411170609792, 0.9075379716205597, 0.9138485307518641, 0.8831457420190175, 0.8624883882808685, 0.8268766751408577, 0.8463107210556666, 0.7819877067971229, 0.8232438507461548], 'train_accuracy': [0.567825, 0.57826, 0.6021066666666667, 0.638055, 0.651385, 0.66493, 0.675535, 0.6613566666666667, 0.67443, 0.6725033333333333, 0.68302, 0.6912766666666667, 0.70789, 0.6966066666666667, 0.723595, 0.7059], 'train_f1': [0.3457457455319557, 0.4307651915742942, 0.4661258586983253, 0.47838976774192443, 0.5028740924269781, 0.5233528442897843, 0.5346572989946644, 0.5573677872793538, 0.5775530765386964, 0.572624732262745, 0.5852946287944594, 0.5968127161698638, 0.5824166036234815, 0.6060388751291574, 0.6078810354312566, 0.6156239001477867], 'train_mae': [1.531955, 1.5091966666666667, 1.41098, 1.2195, 1.157715, 1.10654, 1.093665, 1.1646966666666667, 1.10316, 1.1297066666666666, 1.0891333333333333, 1.0418333333333334, 0.97133, 1.0347133333333334, 0.90549, 0.9872766666666667], 'val_loss': [2.8554828935146332, 2.4383455814361574, 2.43861738948822, 2.481585679578781, 2.4958284791469576, 2.5209967865943907, 2.5334851613998413, 2.2483527448654175, 2.241874914550781, 2.2179917529741924, 2.2040882954915366, 2.145632934919993, 2.3100229409217836, 2.1795816358566285, 2.314827768421173, 2.2203348256429036], 'val_accuracy': [0.321225, 0.37845, 0.40105, 0.3983, 0.414575, 0.427425, 0.439175, 0.46225, 0.46686666666666665, 0.46468333333333334, 0.46815, 0.47541666666666665, 0.46085, 0.47883333333333333, 0.4728, 0.4787666666666667], 'val_f1': [0.23176499219152413, 0.3173160535710712, 0.34486500507867673, 0.3394756546590576, 0.3583556272220389, 0.37679043472712653, 0.3845718758667637, 0.4173483172219876, 0.4262090282041086, 0.42401269591349156, 0.42768987085967036, 0.43470936216692996, 0.41189085712299084, 0.4398863845518019, 0.4283361191007467, 0.4395916048791044], 'val_mae': [2.6621, 2.3329833333333334, 2.2076166666666666, 2.250075, 2.141925, 2.06065, 2.11685, 1.9196, 1.90915, 1.8912833333333334, 1.9267666666666667, 1.8576833333333334, 1.97715, 1.8807, 1.910875, 1.8224]}}
AdaptationManager: Configuring next round...
{'client_registry': {'enabled': True, 'params': {}}, 'client_selector': {'enabled': True, 'params': {'selection_strategy': 'Resource-Based', 'selection_criteria': 'CPU', 'selection_value': 2}}, 'client_cluster': {'enabled': False, 'params': {}}, 'message_compressor': {'enabled': False, 'params': {}}, 'model_co-versioning_registry': {'enabled': False, 'params': {}}, 'multi-task_model_trainer': {'enabled': False, 'params': {}}, 'heterogeneous_data_handler': {'enabled': False, 'params': {}}}
{'client_selector': {'enabled': False}, 'client_cluster': {'enabled': False}, 'message_compressor': {'enabled': False}, 'model_co-versioning_registry': {'enabled': False}, 'multi-task_model_trainer': {'enabled': False}, 'heterogeneous_data_handler': {'enabled': False}, 'client_registry': {'enabled': False}}
round 17, 4 high, 2 low, 0.0-iid clients, predicted best policy: pattern de-activated ❌
round 17, 4 high, 2 low, 0.0-iid clients, predicted best policy: pattern de-activated ❌
Results Aggregated in 58.46 seconds.
{'CNN 16k': {'train_loss': [1.234346916809082, 1.1649109493700662, 1.1035455695374807, 1.0127637656879425, 0.9792137720584869, 0.9421748673295974, 0.9164069710350037, 0.9408411170609792, 0.9075379716205597, 0.9138485307518641, 0.8831457420190175, 0.8624883882808685, 0.8268766751408577, 0.8463107210556666, 0.7819877067971229, 0.8232438507461548, 0.8087535666910808], 'train_accuracy': [0.567825, 0.57826, 0.6021066666666667, 0.638055, 0.651385, 0.66493, 0.675535, 0.6613566666666667, 0.67443, 0.6725033333333333, 0.68302, 0.6912766666666667, 0.70789, 0.6966066666666667, 0.723595, 0.7059, 0.7099766666666667], 'train_f1': [0.3457457455319557, 0.4307651915742942, 0.4661258586983253, 0.47838976774192443, 0.5028740924269781, 0.5233528442897843, 0.5346572989946644, 0.5573677872793538, 0.5775530765386964, 0.572624732262745, 0.5852946287944594, 0.5968127161698638, 0.5824166036234815, 0.6060388751291574, 0.6078810354312566, 0.6156239001477867, 0.6200005839818296], 'train_mae': [1.531955, 1.5091966666666667, 1.41098, 1.2195, 1.157715, 1.10654, 1.093665, 1.1646966666666667, 1.10316, 1.1297066666666666, 1.0891333333333333, 1.0418333333333334, 0.97133, 1.0347133333333334, 0.90549, 0.9872766666666667, 0.9757966666666666], 'val_loss': [2.8554828935146332, 2.4383455814361574, 2.43861738948822, 2.481585679578781, 2.4958284791469576, 2.5209967865943907, 2.5334851613998413, 2.2483527448654175, 2.241874914550781, 2.2179917529741924, 2.2040882954915366, 2.145632934919993, 2.3100229409217836, 2.1795816358566285, 2.314827768421173, 2.2203348256429036, 2.1789673382759096], 'val_accuracy': [0.321225, 0.37845, 0.40105, 0.3983, 0.414575, 0.427425, 0.439175, 0.46225, 0.46686666666666665, 0.46468333333333334, 0.46815, 0.47541666666666665, 0.46085, 0.47883333333333333, 0.4728, 0.4787666666666667, 0.4835833333333333], 'val_f1': [0.23176499219152413, 0.3173160535710712, 0.34486500507867673, 0.3394756546590576, 0.3583556272220389, 0.37679043472712653, 0.3845718758667637, 0.4173483172219876, 0.4262090282041086, 0.42401269591349156, 0.42768987085967036, 0.43470936216692996, 0.41189085712299084, 0.4398863845518019, 0.4283361191007467, 0.4395916048791044, 0.4449423845161608], 'val_mae': [2.6621, 2.3329833333333334, 2.2076166666666666, 2.250075, 2.141925, 2.06065, 2.11685, 1.9196, 1.90915, 1.8912833333333334, 1.9267666666666667, 1.8576833333333334, 1.97715, 1.8807, 1.910875, 1.8224, 1.8482666666666667]}}
AdaptationManager: Configuring next round...
{'client_registry': {'enabled': True, 'params': {}}, 'client_selector': {'enabled': True, 'params': {'selection_strategy': 'Resource-Based', 'selection_criteria': 'CPU', 'selection_value': 2}}, 'client_cluster': {'enabled': False, 'params': {}}, 'message_compressor': {'enabled': False, 'params': {}}, 'model_co-versioning_registry': {'enabled': False, 'params': {}}, 'multi-task_model_trainer': {'enabled': False, 'params': {}}, 'heterogeneous_data_handler': {'enabled': False, 'params': {}}}
{'client_selector': {'enabled': False}, 'client_cluster': {'enabled': False}, 'message_compressor': {'enabled': False}, 'model_co-versioning_registry': {'enabled': False}, 'multi-task_model_trainer': {'enabled': False}, 'heterogeneous_data_handler': {'enabled': False}, 'client_registry': {'enabled': False}}
round 18, 4 high, 2 low, 0.0-iid clients, predicted best policy: pattern activated ✅
round 18, 4 high, 2 low, 0.0-iid clients, predicted best policy: pattern activated ✅
Client Client 2 participates in this round. (CPU: 2, RAM: 2)
Client Client 4 participates in this round. (CPU: 2, RAM: 2)
Client Client 3 participates in this round. (CPU: 2, RAM: 2)
Client Client 1 participates in this round. (CPU: 2, RAM: 2)
Client Client 6 has insufficient CPU (1). Will not participate in the next FL round.
Client Client 5 has insufficient CPU (1). Will not participate in the next FL round.
Results Aggregated in 55.97 seconds.
{'CNN 16k': {'train_loss': [1.234346916809082, 1.1649109493700662, 1.1035455695374807, 1.0127637656879425, 0.9792137720584869, 0.9421748673295974, 0.9164069710350037, 0.9408411170609792, 0.9075379716205597, 0.9138485307518641, 0.8831457420190175, 0.8624883882808685, 0.8268766751408577, 0.8463107210556666, 0.7819877067971229, 0.8232438507461548, 0.8087535666910808, 0.7708924922657013], 'train_accuracy': [0.567825, 0.57826, 0.6021066666666667, 0.638055, 0.651385, 0.66493, 0.675535, 0.6613566666666667, 0.67443, 0.6725033333333333, 0.68302, 0.6912766666666667, 0.70789, 0.6966066666666667, 0.723595, 0.7059, 0.7099766666666667, 0.726575], 'train_f1': [0.3457457455319557, 0.4307651915742942, 0.4661258586983253, 0.47838976774192443, 0.5028740924269781, 0.5233528442897843, 0.5346572989946644, 0.5573677872793538, 0.5775530765386964, 0.572624732262745, 0.5852946287944594, 0.5968127161698638, 0.5824166036234815, 0.6060388751291574, 0.6078810354312566, 0.6156239001477867, 0.6200005839818296, 0.6149647844877323], 'train_mae': [1.531955, 1.5091966666666667, 1.41098, 1.2195, 1.157715, 1.10654, 1.093665, 1.1646966666666667, 1.10316, 1.1297066666666666, 1.0891333333333333, 1.0418333333333334, 0.97133, 1.0347133333333334, 0.90549, 0.9872766666666667, 0.9757966666666666, 0.90941], 'val_loss': [2.8554828935146332, 2.4383455814361574, 2.43861738948822, 2.481585679578781, 2.4958284791469576, 2.5209967865943907, 2.5334851613998413, 2.2483527448654175, 2.241874914550781, 2.2179917529741924, 2.2040882954915366, 2.145632934919993, 2.3100229409217836, 2.1795816358566285, 2.314827768421173, 2.2203348256429036, 2.1789673382759096, 2.2825290869235992], 'val_accuracy': [0.321225, 0.37845, 0.40105, 0.3983, 0.414575, 0.427425, 0.439175, 0.46225, 0.46686666666666665, 0.46468333333333334, 0.46815, 0.47541666666666665, 0.46085, 0.47883333333333333, 0.4728, 0.4787666666666667, 0.4835833333333333, 0.47195], 'val_f1': [0.23176499219152413, 0.3173160535710712, 0.34486500507867673, 0.3394756546590576, 0.3583556272220389, 0.37679043472712653, 0.3845718758667637, 0.4173483172219876, 0.4262090282041086, 0.42401269591349156, 0.42768987085967036, 0.43470936216692996, 0.41189085712299084, 0.4398863845518019, 0.4283361191007467, 0.4395916048791044, 0.4449423845161608, 0.4288896272768614], 'val_mae': [2.6621, 2.3329833333333334, 2.2076166666666666, 2.250075, 2.141925, 2.06065, 2.11685, 1.9196, 1.90915, 1.8912833333333334, 1.9267666666666667, 1.8576833333333334, 1.97715, 1.8807, 1.910875, 1.8224, 1.8482666666666667, 1.918425]}}
AdaptationManager: Configuring next round...
{'client_registry': {'enabled': True, 'params': {}}, 'client_selector': {'enabled': True, 'params': {'selection_strategy': 'Resource-Based', 'selection_criteria': 'CPU', 'selection_value': 2}}, 'client_cluster': {'enabled': False, 'params': {}}, 'message_compressor': {'enabled': False, 'params': {}}, 'model_co-versioning_registry': {'enabled': False, 'params': {}}, 'multi-task_model_trainer': {'enabled': False, 'params': {}}, 'heterogeneous_data_handler': {'enabled': False, 'params': {}}}
{'client_selector': {'enabled': True}, 'client_cluster': {'enabled': False}, 'message_compressor': {'enabled': False}, 'model_co-versioning_registry': {'enabled': False}, 'multi-task_model_trainer': {'enabled': False}, 'heterogeneous_data_handler': {'enabled': False}, 'client_registry': {'enabled': True}}
round 19, 4 high, 2 low, 0.0-iid clients, predicted best policy: pattern activated ✅
round 19, 4 high, 2 low, 0.0-iid clients, predicted best policy: pattern activated ✅
Client Client 3 participates in this round. (CPU: 2, RAM: 2)
Client Client 5 has insufficient CPU (1). Will not participate in the next FL round.
Client Client 2 participates in this round. (CPU: 2, RAM: 2)
Client Client 4 participates in this round. (CPU: 2, RAM: 2)
Client Client 6 has insufficient CPU (1). Will not participate in the next FL round.
Client Client 1 participates in this round. (CPU: 2, RAM: 2)
Results Aggregated in 56.06 seconds.
{'CNN 16k': {'train_loss': [1.234346916809082, 1.1649109493700662, 1.1035455695374807, 1.0127637656879425, 0.9792137720584869, 0.9421748673295974, 0.9164069710350037, 0.9408411170609792, 0.9075379716205597, 0.9138485307518641, 0.8831457420190175, 0.8624883882808685, 0.8268766751408577, 0.8463107210556666, 0.7819877067971229, 0.8232438507461548, 0.8087535666910808, 0.7708924922657013, 0.7505779929351807], 'train_accuracy': [0.567825, 0.57826, 0.6021066666666667, 0.638055, 0.651385, 0.66493, 0.675535, 0.6613566666666667, 0.67443, 0.6725033333333333, 0.68302, 0.6912766666666667, 0.70789, 0.6966066666666667, 0.723595, 0.7059, 0.7099766666666667, 0.726575, 0.735975], 'train_f1': [0.3457457455319557, 0.4307651915742942, 0.4661258586983253, 0.47838976774192443, 0.5028740924269781, 0.5233528442897843, 0.5346572989946644, 0.5573677872793538, 0.5775530765386964, 0.572624732262745, 0.5852946287944594, 0.5968127161698638, 0.5824166036234815, 0.6060388751291574, 0.6078810354312566, 0.6156239001477867, 0.6200005839818296, 0.6149647844877323, 0.6201911671523527], 'train_mae': [1.531955, 1.5091966666666667, 1.41098, 1.2195, 1.157715, 1.10654, 1.093665, 1.1646966666666667, 1.10316, 1.1297066666666666, 1.0891333333333333, 1.0418333333333334, 0.97133, 1.0347133333333334, 0.90549, 0.9872766666666667, 0.9757966666666666, 0.90941, 0.87549], 'val_loss': [2.8554828935146332, 2.4383455814361574, 2.43861738948822, 2.481585679578781, 2.4958284791469576, 2.5209967865943907, 2.5334851613998413, 2.2483527448654175, 2.241874914550781, 2.2179917529741924, 2.2040882954915366, 2.145632934919993, 2.3100229409217836, 2.1795816358566285, 2.314827768421173, 2.2203348256429036, 2.1789673382759096, 2.2825290869235992, 2.3728459650039673], 'val_accuracy': [0.321225, 0.37845, 0.40105, 0.3983, 0.414575, 0.427425, 0.439175, 0.46225, 0.46686666666666665, 0.46468333333333334, 0.46815, 0.47541666666666665, 0.46085, 0.47883333333333333, 0.4728, 0.4787666666666667, 0.4835833333333333, 0.47195, 0.473425], 'val_f1': [0.23176499219152413, 0.3173160535710712, 0.34486500507867673, 0.3394756546590576, 0.3583556272220389, 0.37679043472712653, 0.3845718758667637, 0.4173483172219876, 0.4262090282041086, 0.42401269591349156, 0.42768987085967036, 0.43470936216692996, 0.41189085712299084, 0.4398863845518019, 0.4283361191007467, 0.4395916048791044, 0.4449423845161608, 0.4288896272768614, 0.42842102631115514], 'val_mae': [2.6621, 2.3329833333333334, 2.2076166666666666, 2.250075, 2.141925, 2.06065, 2.11685, 1.9196, 1.90915, 1.8912833333333334, 1.9267666666666667, 1.8576833333333334, 1.97715, 1.8807, 1.910875, 1.8224, 1.8482666666666667, 1.918425, 1.929]}}
AdaptationManager: Configuring next round...
{'client_registry': {'enabled': True, 'params': {}}, 'client_selector': {'enabled': True, 'params': {'selection_strategy': 'Resource-Based', 'selection_criteria': 'CPU', 'selection_value': 2}}, 'client_cluster': {'enabled': False, 'params': {}}, 'message_compressor': {'enabled': False, 'params': {}}, 'model_co-versioning_registry': {'enabled': False, 'params': {}}, 'multi-task_model_trainer': {'enabled': False, 'params': {}}, 'heterogeneous_data_handler': {'enabled': False, 'params': {}}}
{'client_selector': {'enabled': True}, 'client_cluster': {'enabled': False}, 'message_compressor': {'enabled': False}, 'model_co-versioning_registry': {'enabled': False}, 'multi-task_model_trainer': {'enabled': False}, 'heterogeneous_data_handler': {'enabled': False}, 'client_registry': {'enabled': True}}
round 20, 4 high, 2 low, 0.0-iid clients, predicted best policy: pattern activated ✅
round 20, 4 high, 2 low, 0.0-iid clients, predicted best policy: pattern activated ✅
Client Client 3 participates in this round. (CPU: 2, RAM: 2)
Client Client 6 has insufficient CPU (1). Will not participate in the next FL round.
Client Client 1 participates in this round. (CPU: 2, RAM: 2)
Client Client 2 participates in this round. (CPU: 2, RAM: 2)
Client Client 5 has insufficient CPU (1). Will not participate in the next FL round.
Client Client 4 participates in this round. (CPU: 2, RAM: 2)
Results Aggregated in 56.83 seconds.
{'CNN 16k': {'train_loss': [1.234346916809082, 1.1649109493700662, 1.1035455695374807, 1.0127637656879425, 0.9792137720584869, 0.9421748673295974, 0.9164069710350037, 0.9408411170609792, 0.9075379716205597, 0.9138485307518641, 0.8831457420190175, 0.8624883882808685, 0.8268766751408577, 0.8463107210556666, 0.7819877067971229, 0.8232438507461548, 0.8087535666910808, 0.7708924922657013, 0.7505779929351807, 0.7434184949064255], 'train_accuracy': [0.567825, 0.57826, 0.6021066666666667, 0.638055, 0.651385, 0.66493, 0.675535, 0.6613566666666667, 0.67443, 0.6725033333333333, 0.68302, 0.6912766666666667, 0.70789, 0.6966066666666667, 0.723595, 0.7059, 0.7099766666666667, 0.726575, 0.735975, 0.737455], 'train_f1': [0.3457457455319557, 0.4307651915742942, 0.4661258586983253, 0.47838976774192443, 0.5028740924269781, 0.5233528442897843, 0.5346572989946644, 0.5573677872793538, 0.5775530765386964, 0.572624732262745, 0.5852946287944594, 0.5968127161698638, 0.5824166036234815, 0.6060388751291574, 0.6078810354312566, 0.6156239001477867, 0.6200005839818296, 0.6149647844877323, 0.6201911671523527, 0.6211690504302705], 'train_mae': [1.531955, 1.5091966666666667, 1.41098, 1.2195, 1.157715, 1.10654, 1.093665, 1.1646966666666667, 1.10316, 1.1297066666666666, 1.0891333333333333, 1.0418333333333334, 0.97133, 1.0347133333333334, 0.90549, 0.9872766666666667, 0.9757966666666666, 0.90941, 0.87549, 0.86363], 'val_loss': [2.8554828935146332, 2.4383455814361574, 2.43861738948822, 2.481585679578781, 2.4958284791469576, 2.5209967865943907, 2.5334851613998413, 2.2483527448654175, 2.241874914550781, 2.2179917529741924, 2.2040882954915366, 2.145632934919993, 2.3100229409217836, 2.1795816358566285, 2.314827768421173, 2.2203348256429036, 2.1789673382759096, 2.2825290869235992, 2.3728459650039673, 2.4776074309825895], 'val_accuracy': [0.321225, 0.37845, 0.40105, 0.3983, 0.414575, 0.427425, 0.439175, 0.46225, 0.46686666666666665, 0.46468333333333334, 0.46815, 0.47541666666666665, 0.46085, 0.47883333333333333, 0.4728, 0.4787666666666667, 0.4835833333333333, 0.47195, 0.473425, 0.4698], 'val_f1': [0.23176499219152413, 0.3173160535710712, 0.34486500507867673, 0.3394756546590576, 0.3583556272220389, 0.37679043472712653, 0.3845718758667637, 0.4173483172219876, 0.4262090282041086, 0.42401269591349156, 0.42768987085967036, 0.43470936216692996, 0.41189085712299084, 0.4398863845518019, 0.4283361191007467, 0.4395916048791044, 0.4449423845161608, 0.4288896272768614, 0.42842102631115514, 0.42585233108009773], 'val_mae': [2.6621, 2.3329833333333334, 2.2076166666666666, 2.250075, 2.141925, 2.06065, 2.11685, 1.9196, 1.90915, 1.8912833333333334, 1.9267666666666667, 1.8576833333333334, 1.97715, 1.8807, 1.910875, 1.8224, 1.8482666666666667, 1.918425, 1.929, 1.93735]}}
AdaptationManager: Configuring next round...
{'client_registry': {'enabled': True, 'params': {}}, 'client_selector': {'enabled': True, 'params': {'selection_strategy': 'Resource-Based', 'selection_criteria': 'CPU', 'selection_value': 2}}, 'client_cluster': {'enabled': False, 'params': {}}, 'message_compressor': {'enabled': False, 'params': {}}, 'model_co-versioning_registry': {'enabled': False, 'params': {}}, 'multi-task_model_trainer': {'enabled': False, 'params': {}}, 'heterogeneous_data_handler': {'enabled': False, 'params': {}}}
{'client_selector': {'enabled': True}, 'client_cluster': {'enabled': False}, 'message_compressor': {'enabled': False}, 'model_co-versioning_registry': {'enabled': False}, 'multi-task_model_trainer': {'enabled': False}, 'heterogeneous_data_handler': {'enabled': False}, 'client_registry': {'enabled': True}}
round 21, 4 high, 2 low, 0.0-iid clients, predicted best policy: pattern activated ✅
round 21, 4 high, 2 low, 0.0-iid clients, predicted best policy: pattern activated ✅
