==========================================
  ___  ______  ___ ______       _ 
 / _ \ | ___ \/   ||  ___|     | |
/ /_\ \| |_/ / /| || |_ ___  __| |
|  _  ||  __/ /_| ||  _/ _ \/ _` |
| | | || |  \___  || ||  __/ (_| |
\_| |_/\_|      |_/\_| \___|\__,_| v.1.5.0

==========================================
Simulation Started!
List of the Architectural Patterns enabled:
Adaptation Enabled ✅
Metric: val_f1, comparison with fixed value: 0.3
Client Registry ✅
Client Selector ✅
 AP Parameters: {'selection_strategy': 'Resource-Based', 'selection_criteria': 'CPU', 'selection_value': 2}
==========================================
Client Client 1 participates in this round. (CPU: 2, RAM: 2)
Client Client 11 has insufficient CPU (1). Will not participate in the next FL round.
Client Client 2 participates in this round. (CPU: 2, RAM: 2)
Client Client 10 has insufficient CPU (1). Will not participate in the next FL round.
Client Client 9 has insufficient CPU (1). Will not participate in the next FL round.
Client Client 8 participates in this round. (CPU: 2, RAM: 2)
Client Client 6 participates in this round. (CPU: 2, RAM: 2)
Client Client 3 participates in this round. (CPU: 2, RAM: 2)
Client Client 7 participates in this round. (CPU: 2, RAM: 2)
Client Client 12 has insufficient CPU (1). Will not participate in the next FL round.
Client Client 4 participates in this round. (CPU: 2, RAM: 2)
Client Client 5 participates in this round. (CPU: 2, RAM: 2)
Results Aggregated in 81.51 seconds.
{'CNN 16k': {'train_loss': [2565.882148772478], 'train_accuracy': [0.432655], 'train_f1': [0.17877278104424477], 'train_mae': [1.9948875159025192], 'val_loss': [923.6315865069628], 'val_accuracy': [0.21355], 'val_f1': [0.12043907400220633], 'val_mae': [2.8970500230789185]}}
AdaptationManager: Configuring next round...
{'client_registry': {'enabled': True, 'params': {}}, 'client_selector': {'enabled': True, 'params': {'selection_strategy': 'Resource-Based', 'selection_criteria': 'CPU', 'selection_value': 2}}, 'client_cluster': {'enabled': False, 'params': {}}, 'message_compressor': {'enabled': False, 'params': {}}, 'model_co-versioning_registry': {'enabled': False, 'params': {}}, 'multi-task_model_trainer': {'enabled': False, 'params': {}}, 'heterogeneous_data_handler': {'enabled': False, 'params': {}}}
{'client_selector': {'enabled': True}, 'client_cluster': {'enabled': False}, 'message_compressor': {'enabled': False}, 'model_co-versioning_registry': {'enabled': False}, 'multi-task_model_trainer': {'enabled': False}, 'heterogeneous_data_handler': {'enabled': False}, 'client_registry': {'enabled': True}}
AdaptationManager: Less than 2 rounds completed. Keeping default config.
Client Client 8 participates in this round. (CPU: 2, RAM: 2)
Client Client 4 participates in this round. (CPU: 2, RAM: 2)
Client Client 9 has insufficient CPU (1). Will not participate in the next FL round.
Client Client 5 participates in this round. (CPU: 2, RAM: 2)
Client Client 1 participates in this round. (CPU: 2, RAM: 2)
Client Client 7 participates in this round. (CPU: 2, RAM: 2)
Client Client 11 has insufficient CPU (1). Will not participate in the next FL round.
Client Client 6 participates in this round. (CPU: 2, RAM: 2)
Client Client 12 has insufficient CPU (1). Will not participate in the next FL round.
Client Client 2 participates in this round. (CPU: 2, RAM: 2)
Client Client 3 participates in this round. (CPU: 2, RAM: 2)
Client Client 10 has insufficient CPU (1). Will not participate in the next FL round.
Results Aggregated in 61.09 seconds.
{'CNN 16k': {'train_loss': [2565.882148772478, 2194.7166223973036], 'train_accuracy': [0.432655, 0.5131525], 'train_f1': [0.17877278104424477, 0.25490723736584187], 'train_mae': [1.9948875159025192, 1.6972250044345856], 'val_loss': [923.6315865069628, 831.014780536294], 'val_accuracy': [0.21355, 0.277075], 'val_f1': [0.12043907400220633, 0.1890983209013939], 'val_mae': [2.8970500230789185, 2.677512466907501]}}
AdaptationManager: Configuring next round...
{'client_registry': {'enabled': True, 'params': {}}, 'client_selector': {'enabled': True, 'params': {'selection_strategy': 'Resource-Based', 'selection_criteria': 'CPU', 'selection_value': 2}}, 'client_cluster': {'enabled': False, 'params': {}}, 'message_compressor': {'enabled': False, 'params': {}}, 'model_co-versioning_registry': {'enabled': False, 'params': {}}, 'multi-task_model_trainer': {'enabled': False, 'params': {}}, 'heterogeneous_data_handler': {'enabled': False, 'params': {}}}
{'client_selector': {'enabled': True}, 'client_cluster': {'enabled': False}, 'message_compressor': {'enabled': False}, 'model_co-versioning_registry': {'enabled': False}, 'multi-task_model_trainer': {'enabled': False}, 'heterogeneous_data_handler': {'enabled': False}, 'client_registry': {'enabled': True}}
Accuracy too low or decreasing, Selector de-activated ❌
Accuracy too low or decreasing, Selector de-activated ❌
Results Aggregated in 65.52 seconds.
{'CNN 16k': {'train_loss': [2565.882148772478, 2194.7166223973036, 1583.096131071282], 'train_accuracy': [0.432655, 0.5131525, 0.5836816666666667], 'train_f1': [0.17877278104424477, 0.25490723736584187, 0.2972526112565284], 'train_mae': [1.9948875159025192, 1.6972250044345856, 1.4825500029158591], 'val_loss': [923.6315865069628, 831.014780536294, 658.5242480780283], 'val_accuracy': [0.21355, 0.277075, 0.2940333333333333], 'val_f1': [0.12043907400220633, 0.1890983209013939, 0.21806822615592591], 'val_mae': [2.8970500230789185, 2.677512466907501, 2.6302000413894655]}}
AdaptationManager: Configuring next round...
{'client_registry': {'enabled': True, 'params': {}}, 'client_selector': {'enabled': True, 'params': {'selection_strategy': 'Resource-Based', 'selection_criteria': 'CPU', 'selection_value': 2}}, 'client_cluster': {'enabled': False, 'params': {}}, 'message_compressor': {'enabled': False, 'params': {}}, 'model_co-versioning_registry': {'enabled': False, 'params': {}}, 'multi-task_model_trainer': {'enabled': False, 'params': {}}, 'heterogeneous_data_handler': {'enabled': False, 'params': {}}}
{'client_selector': {'enabled': False}, 'client_cluster': {'enabled': False}, 'message_compressor': {'enabled': False}, 'model_co-versioning_registry': {'enabled': False}, 'multi-task_model_trainer': {'enabled': False}, 'heterogeneous_data_handler': {'enabled': False}, 'client_registry': {'enabled': False}}
Accuracy too low or decreasing, Selector de-activated ❌
Accuracy too low or decreasing, Selector de-activated ❌
Results Aggregated in 61.69 seconds.
{'CNN 16k': {'train_loss': [2565.882148772478, 2194.7166223973036, 1583.096131071282, 1491.5944483520323], 'train_accuracy': [0.432655, 0.5131525, 0.5836816666666667, 0.6104433333333333], 'train_f1': [0.17877278104424477, 0.25490723736584187, 0.2972526112565284, 0.32530978877506217], 'train_mae': [1.9948875159025192, 1.6972250044345856, 1.4825500029158591, 1.3952416700959205], 'val_loss': [923.6315865069628, 831.014780536294, 658.5242480780283, 633.8240865641117], 'val_accuracy': [0.21355, 0.277075, 0.2940333333333333, 0.31493333333333334], 'val_f1': [0.12043907400220633, 0.1890983209013939, 0.21806822615592591, 0.24122594429935143], 'val_mae': [2.8970500230789185, 2.677512466907501, 2.6302000413894655, 2.5661333498954773]}}
AdaptationManager: Configuring next round...
{'client_registry': {'enabled': True, 'params': {}}, 'client_selector': {'enabled': True, 'params': {'selection_strategy': 'Resource-Based', 'selection_criteria': 'CPU', 'selection_value': 2}}, 'client_cluster': {'enabled': False, 'params': {}}, 'message_compressor': {'enabled': False, 'params': {}}, 'model_co-versioning_registry': {'enabled': False, 'params': {}}, 'multi-task_model_trainer': {'enabled': False, 'params': {}}, 'heterogeneous_data_handler': {'enabled': False, 'params': {}}}
{'client_selector': {'enabled': False}, 'client_cluster': {'enabled': False}, 'message_compressor': {'enabled': False}, 'model_co-versioning_registry': {'enabled': False}, 'multi-task_model_trainer': {'enabled': False}, 'heterogeneous_data_handler': {'enabled': False}, 'client_registry': {'enabled': False}}
Accuracy too low or decreasing, Selector de-activated ❌
Accuracy too low or decreasing, Selector de-activated ❌
Results Aggregated in 64.47 seconds.
{'CNN 16k': {'train_loss': [2565.882148772478, 2194.7166223973036, 1583.096131071282, 1491.5944483520323, 1418.2795546007799], 'train_accuracy': [0.432655, 0.5131525, 0.5836816666666667, 0.6104433333333333, 0.6273933333333334], 'train_f1': [0.17877278104424477, 0.25490723736584187, 0.2972526112565284, 0.32530978877506217, 0.3521912215939285], 'train_mae': [1.9948875159025192, 1.6972250044345856, 1.4825500029158591, 1.3952416700959205, 1.3276766627907752], 'val_loss': [923.6315865069628, 831.014780536294, 658.5242480780283, 633.8240865641117, 600.9763535996119], 'val_accuracy': [0.21355, 0.277075, 0.2940333333333333, 0.31493333333333334, 0.33475], 'val_f1': [0.12043907400220633, 0.1890983209013939, 0.21806822615592591, 0.24122594429935143, 0.2651673016822235], 'val_mae': [2.8970500230789185, 2.677512466907501, 2.6302000413894655, 2.5661333498954773, 2.5222749859174094]}}
AdaptationManager: Configuring next round...
{'client_registry': {'enabled': True, 'params': {}}, 'client_selector': {'enabled': True, 'params': {'selection_strategy': 'Resource-Based', 'selection_criteria': 'CPU', 'selection_value': 2}}, 'client_cluster': {'enabled': False, 'params': {}}, 'message_compressor': {'enabled': False, 'params': {}}, 'model_co-versioning_registry': {'enabled': False, 'params': {}}, 'multi-task_model_trainer': {'enabled': False, 'params': {}}, 'heterogeneous_data_handler': {'enabled': False, 'params': {}}}
{'client_selector': {'enabled': False}, 'client_cluster': {'enabled': False}, 'message_compressor': {'enabled': False}, 'model_co-versioning_registry': {'enabled': False}, 'multi-task_model_trainer': {'enabled': False}, 'heterogeneous_data_handler': {'enabled': False}, 'client_registry': {'enabled': False}}
Accuracy too low or decreasing, Selector de-activated ❌
Accuracy too low or decreasing, Selector de-activated ❌
Results Aggregated in 65.10 seconds.
{'CNN 16k': {'train_loss': [2565.882148772478, 2194.7166223973036, 1583.096131071282, 1491.5944483520323, 1418.2795546007799, 1376.2974280170074], 'train_accuracy': [0.432655, 0.5131525, 0.5836816666666667, 0.6104433333333333, 0.6273933333333334, 0.637805], 'train_f1': [0.17877278104424477, 0.25490723736584187, 0.2972526112565284, 0.32530978877506217, 0.3521912215939285, 0.3735777611475955], 'train_mae': [1.9948875159025192, 1.6972250044345856, 1.4825500029158591, 1.3952416700959205, 1.3276766627907752, 1.2853150056910514], 'val_loss': [923.6315865069628, 831.014780536294, 658.5242480780283, 633.8240865641117, 600.9763535996119, 588.7008545787652], 'val_accuracy': [0.21355, 0.277075, 0.2940333333333333, 0.31493333333333334, 0.33475, 0.3503833333333333], 'val_f1': [0.12043907400220633, 0.1890983209013939, 0.21806822615592591, 0.24122594429935143, 0.2651673016822235, 0.2856790624123479], 'val_mae': [2.8970500230789185, 2.677512466907501, 2.6302000413894655, 2.5661333498954773, 2.5222749859174094, 2.4485083349545795]}}
AdaptationManager: Configuring next round...
{'client_registry': {'enabled': True, 'params': {}}, 'client_selector': {'enabled': True, 'params': {'selection_strategy': 'Resource-Based', 'selection_criteria': 'CPU', 'selection_value': 2}}, 'client_cluster': {'enabled': False, 'params': {}}, 'message_compressor': {'enabled': False, 'params': {}}, 'model_co-versioning_registry': {'enabled': False, 'params': {}}, 'multi-task_model_trainer': {'enabled': False, 'params': {}}, 'heterogeneous_data_handler': {'enabled': False, 'params': {}}}
{'client_selector': {'enabled': False}, 'client_cluster': {'enabled': False}, 'message_compressor': {'enabled': False}, 'model_co-versioning_registry': {'enabled': False}, 'multi-task_model_trainer': {'enabled': False}, 'heterogeneous_data_handler': {'enabled': False}, 'client_registry': {'enabled': False}}
Accuracy too low or decreasing, Selector de-activated ❌
Accuracy too low or decreasing, Selector de-activated ❌
Results Aggregated in 72.77 seconds.
{'CNN 16k': {'train_loss': [2565.882148772478, 2194.7166223973036, 1583.096131071282, 1491.5944483520323, 1418.2795546007799, 1376.2974280170074, 1339.3168432944028], 'train_accuracy': [0.432655, 0.5131525, 0.5836816666666667, 0.6104433333333333, 0.6273933333333334, 0.637805, 0.6471983333333333], 'train_f1': [0.17877278104424477, 0.25490723736584187, 0.2972526112565284, 0.32530978877506217, 0.3521912215939285, 0.3735777611475955, 0.3897265651542909], 'train_mae': [1.9948875159025192, 1.6972250044345856, 1.4825500029158591, 1.3952416700959205, 1.3276766627907752, 1.2853150056910514, 1.2528450074132285], 'val_loss': [923.6315865069628, 831.014780536294, 658.5242480780283, 633.8240865641117, 600.9763535996119, 588.7008545787652, 571.981917901818], 'val_accuracy': [0.21355, 0.277075, 0.2940333333333333, 0.31493333333333334, 0.33475, 0.3503833333333333, 0.362625], 'val_f1': [0.12043907400220633, 0.1890983209013939, 0.21806822615592591, 0.24122594429935143, 0.2651673016822235, 0.2856790624123479, 0.3010801863020431], 'val_mae': [2.8970500230789185, 2.677512466907501, 2.6302000413894655, 2.5661333498954773, 2.5222749859174094, 2.4485083349545795, 2.4230750024795533]}}
AdaptationManager: Configuring next round...
{'client_registry': {'enabled': True, 'params': {}}, 'client_selector': {'enabled': True, 'params': {'selection_strategy': 'Resource-Based', 'selection_criteria': 'CPU', 'selection_value': 2}}, 'client_cluster': {'enabled': False, 'params': {}}, 'message_compressor': {'enabled': False, 'params': {}}, 'model_co-versioning_registry': {'enabled': False, 'params': {}}, 'multi-task_model_trainer': {'enabled': False, 'params': {}}, 'heterogeneous_data_handler': {'enabled': False, 'params': {}}}
{'client_selector': {'enabled': False}, 'client_cluster': {'enabled': False}, 'message_compressor': {'enabled': False}, 'model_co-versioning_registry': {'enabled': False}, 'multi-task_model_trainer': {'enabled': False}, 'heterogeneous_data_handler': {'enabled': False}, 'client_registry': {'enabled': False}}
Accuracy ok: Selector activated ✅
Accuracy ok: Selector activated ✅
Client Client 10 has insufficient CPU (1). Will not participate in the next FL round.
Client Client 11 has insufficient CPU (1). Will not participate in the next FL round.
Client Client 8 participates in this round. (CPU: 2, RAM: 2)
Client Client 9 has insufficient CPU (1). Will not participate in the next FL round.
Client Client 4 participates in this round. (CPU: 2, RAM: 2)
Client Client 6 participates in this round. (CPU: 2, RAM: 2)
Client Client 3 participates in this round. (CPU: 2, RAM: 2)
Client Client 7 participates in this round. (CPU: 2, RAM: 2)
Client Client 2 participates in this round. (CPU: 2, RAM: 2)
Client Client 12 has insufficient CPU (1). Will not participate in the next FL round.
Client Client 5 participates in this round. (CPU: 2, RAM: 2)
Client Client 1 participates in this round. (CPU: 2, RAM: 2)
Results Aggregated in 59.81 seconds.
{'CNN 16k': {'train_loss': [2565.882148772478, 2194.7166223973036, 1583.096131071282, 1491.5944483520323, 1418.2795546007799, 1376.2974280170074, 1339.3168432944028, 1716.0282667800784], 'train_accuracy': [0.432655, 0.5131525, 0.5836816666666667, 0.6104433333333333, 0.6273933333333334, 0.637805, 0.6471983333333333, 0.6121675], 'train_f1': [0.17877278104424477, 0.25490723736584187, 0.2972526112565284, 0.32530978877506217, 0.3521912215939285, 0.3735777611475955, 0.3897265651542909, 0.39867856726050377], 'train_mae': [1.9948875159025192, 1.6972250044345856, 1.4825500029158591, 1.3952416700959205, 1.3276766627907752, 1.2853150056910514, 1.2528450074132285, 1.280347503721714], 'val_loss': [923.6315865069628, 831.014780536294, 658.5242480780283, 633.8240865641117, 600.9763535996119, 588.7008545787652, 571.981917901818, 646.4584382474422], 'val_accuracy': [0.21355, 0.277075, 0.2940333333333333, 0.31493333333333334, 0.33475, 0.3503833333333333, 0.362625, 0.3834375], 'val_f1': [0.12043907400220633, 0.1890983209013939, 0.21806822615592591, 0.24122594429935143, 0.2651673016822235, 0.2856790624123479, 0.3010801863020431, 0.32828231528401375], 'val_mae': [2.8970500230789185, 2.677512466907501, 2.6302000413894655, 2.5661333498954773, 2.5222749859174094, 2.4485083349545795, 2.4230750024795533, 2.2975375056266785]}}
AdaptationManager: Configuring next round...
{'client_registry': {'enabled': True, 'params': {}}, 'client_selector': {'enabled': True, 'params': {'selection_strategy': 'Resource-Based', 'selection_criteria': 'CPU', 'selection_value': 2}}, 'client_cluster': {'enabled': False, 'params': {}}, 'message_compressor': {'enabled': False, 'params': {}}, 'model_co-versioning_registry': {'enabled': False, 'params': {}}, 'multi-task_model_trainer': {'enabled': False, 'params': {}}, 'heterogeneous_data_handler': {'enabled': False, 'params': {}}}
{'client_selector': {'enabled': True}, 'client_cluster': {'enabled': False}, 'message_compressor': {'enabled': False}, 'model_co-versioning_registry': {'enabled': False}, 'multi-task_model_trainer': {'enabled': False}, 'heterogeneous_data_handler': {'enabled': False}, 'client_registry': {'enabled': True}}
Accuracy ok: Selector activated ✅
Accuracy ok: Selector activated ✅
Client Client 3 participates in this round. (CPU: 2, RAM: 2)
Client Client 9 has insufficient CPU (1). Will not participate in the next FL round.
Client Client 12 has insufficient CPU (1). Will not participate in the next FL round.
Client Client 1 participates in this round. (CPU: 2, RAM: 2)
Client Client 7 participates in this round. (CPU: 2, RAM: 2)
Client Client 6 participates in this round. (CPU: 2, RAM: 2)
Client Client 8 participates in this round. (CPU: 2, RAM: 2)
Client Client 4 participates in this round. (CPU: 2, RAM: 2)
Client Client 10 has insufficient CPU (1). Will not participate in the next FL round.
Client Client 11 has insufficient CPU (1). Will not participate in the next FL round.
Client Client 2 participates in this round. (CPU: 2, RAM: 2)
Client Client 5 participates in this round. (CPU: 2, RAM: 2)
Results Aggregated in 58.57 seconds.
{'CNN 16k': {'train_loss': [2565.882148772478, 2194.7166223973036, 1583.096131071282, 1491.5944483520323, 1418.2795546007799, 1376.2974280170074, 1339.3168432944028, 1716.0282667800784, 1672.8275119923055], 'train_accuracy': [0.432655, 0.5131525, 0.5836816666666667, 0.6104433333333333, 0.6273933333333334, 0.637805, 0.6471983333333333, 0.6121675, 0.6232375], 'train_f1': [0.17877278104424477, 0.25490723736584187, 0.2972526112565284, 0.32530978877506217, 0.3521912215939285, 0.3735777611475955, 0.3897265651542909, 0.39867856726050377, 0.40800758823752403], 'train_mae': [1.9948875159025192, 1.6972250044345856, 1.4825500029158591, 1.3952416700959205, 1.3276766627907752, 1.2853150056910514, 1.2528450074132285, 1.280347503721714, 1.2766174897551537], 'val_loss': [923.6315865069628, 831.014780536294, 658.5242480780283, 633.8240865641117, 600.9763535996119, 588.7008545787652, 571.981917901818, 646.4584382474422, 641.6310450136662], 'val_accuracy': [0.21355, 0.277075, 0.2940333333333333, 0.31493333333333334, 0.33475, 0.3503833333333333, 0.362625, 0.3834375, 0.3900375], 'val_f1': [0.12043907400220633, 0.1890983209013939, 0.21806822615592591, 0.24122594429935143, 0.2651673016822235, 0.2856790624123479, 0.3010801863020431, 0.32828231528401375, 0.33209575340151787], 'val_mae': [2.8970500230789185, 2.677512466907501, 2.6302000413894655, 2.5661333498954773, 2.5222749859174094, 2.4485083349545795, 2.4230750024795533, 2.2975375056266785, 2.3571375012397766]}}
AdaptationManager: Configuring next round...
{'client_registry': {'enabled': True, 'params': {}}, 'client_selector': {'enabled': True, 'params': {'selection_strategy': 'Resource-Based', 'selection_criteria': 'CPU', 'selection_value': 2}}, 'client_cluster': {'enabled': False, 'params': {}}, 'message_compressor': {'enabled': False, 'params': {}}, 'model_co-versioning_registry': {'enabled': False, 'params': {}}, 'multi-task_model_trainer': {'enabled': False, 'params': {}}, 'heterogeneous_data_handler': {'enabled': False, 'params': {}}}
{'client_selector': {'enabled': True}, 'client_cluster': {'enabled': False}, 'message_compressor': {'enabled': False}, 'model_co-versioning_registry': {'enabled': False}, 'multi-task_model_trainer': {'enabled': False}, 'heterogeneous_data_handler': {'enabled': False}, 'client_registry': {'enabled': True}}
Accuracy ok: Selector activated ✅
Accuracy ok: Selector activated ✅
Client Client 9 has insufficient CPU (1). Will not participate in the next FL round.
Client Client 2 participates in this round. (CPU: 2, RAM: 2)
Client Client 10 has insufficient CPU (1). Will not participate in the next FL round.
Client Client 11 has insufficient CPU (1). Will not participate in the next FL round.
Client Client 6 participates in this round. (CPU: 2, RAM: 2)
Client Client 4 participates in this round. (CPU: 2, RAM: 2)
Client Client 12 has insufficient CPU (1). Will not participate in the next FL round.
Client Client 5 participates in this round. (CPU: 2, RAM: 2)
Client Client 3 participates in this round. (CPU: 2, RAM: 2)
Client Client 1 participates in this round. (CPU: 2, RAM: 2)
Client Client 7 participates in this round. (CPU: 2, RAM: 2)
Client Client 8 participates in this round. (CPU: 2, RAM: 2)
Results Aggregated in 65.56 seconds.
{'CNN 16k': {'train_loss': [2565.882148772478, 2194.7166223973036, 1583.096131071282, 1491.5944483520323, 1418.2795546007799, 1376.2974280170074, 1339.3168432944028, 1716.0282667800784, 1672.8275119923055, 1649.650893472135], 'train_accuracy': [0.432655, 0.5131525, 0.5836816666666667, 0.6104433333333333, 0.6273933333333334, 0.637805, 0.6471983333333333, 0.6121675, 0.6232375, 0.6289625], 'train_f1': [0.17877278104424477, 0.25490723736584187, 0.2972526112565284, 0.32530978877506217, 0.3521912215939285, 0.3735777611475955, 0.3897265651542909, 0.39867856726050377, 0.40800758823752403, 0.4128131978213787], 'train_mae': [1.9948875159025192, 1.6972250044345856, 1.4825500029158591, 1.3952416700959205, 1.3276766627907752, 1.2853150056910514, 1.2528450074132285, 1.280347503721714, 1.2766174897551537, 1.2542200088500977], 'val_loss': [923.6315865069628, 831.014780536294, 658.5242480780283, 633.8240865641117, 600.9763535996119, 588.7008545787652, 571.981917901818, 646.4584382474422, 641.6310450136662, 641.1737941130996], 'val_accuracy': [0.21355, 0.277075, 0.2940333333333333, 0.31493333333333334, 0.33475, 0.3503833333333333, 0.362625, 0.3834375, 0.3900375, 0.399275], 'val_f1': [0.12043907400220633, 0.1890983209013939, 0.21806822615592591, 0.24122594429935143, 0.2651673016822235, 0.2856790624123479, 0.3010801863020431, 0.32828231528401375, 0.33209575340151787, 0.3396802246570587], 'val_mae': [2.8970500230789185, 2.677512466907501, 2.6302000413894655, 2.5661333498954773, 2.5222749859174094, 2.4485083349545795, 2.4230750024795533, 2.2975375056266785, 2.3571375012397766, 2.3173125088214874]}}
AdaptationManager: Configuring next round...
{'client_registry': {'enabled': True, 'params': {}}, 'client_selector': {'enabled': True, 'params': {'selection_strategy': 'Resource-Based', 'selection_criteria': 'CPU', 'selection_value': 2}}, 'client_cluster': {'enabled': False, 'params': {}}, 'message_compressor': {'enabled': False, 'params': {}}, 'model_co-versioning_registry': {'enabled': False, 'params': {}}, 'multi-task_model_trainer': {'enabled': False, 'params': {}}, 'heterogeneous_data_handler': {'enabled': False, 'params': {}}}
{'client_selector': {'enabled': True}, 'client_cluster': {'enabled': False}, 'message_compressor': {'enabled': False}, 'model_co-versioning_registry': {'enabled': False}, 'multi-task_model_trainer': {'enabled': False}, 'heterogeneous_data_handler': {'enabled': False}, 'client_registry': {'enabled': True}}
Accuracy ok: Selector activated ✅
Accuracy ok: Selector activated ✅
Client Client 5 participates in this round. (CPU: 2, RAM: 2)
Client Client 10 has insufficient CPU (1). Will not participate in the next FL round.
Client Client 6 participates in this round. (CPU: 2, RAM: 2)
Client Client 2 participates in this round. (CPU: 2, RAM: 2)
Client Client 11 has insufficient CPU (1). Will not participate in the next FL round.
Client Client 1 participates in this round. (CPU: 2, RAM: 2)
Client Client 4 participates in this round. (CPU: 2, RAM: 2)
Client Client 7 participates in this round. (CPU: 2, RAM: 2)
Client Client 12 has insufficient CPU (1). Will not participate in the next FL round.
Client Client 3 participates in this round. (CPU: 2, RAM: 2)
Client Client 9 has insufficient CPU (1). Will not participate in the next FL round.
Client Client 8 participates in this round. (CPU: 2, RAM: 2)
Results Aggregated in 62.34 seconds.
{'CNN 16k': {'train_loss': [2565.882148772478, 2194.7166223973036, 1583.096131071282, 1491.5944483520323, 1418.2795546007799, 1376.2974280170074, 1339.3168432944028, 1716.0282667800784, 1672.8275119923055, 1649.650893472135, 1633.5791447088122], 'train_accuracy': [0.432655, 0.5131525, 0.5836816666666667, 0.6104433333333333, 0.6273933333333334, 0.637805, 0.6471983333333333, 0.6121675, 0.6232375, 0.6289625, 0.63299], 'train_f1': [0.17877278104424477, 0.25490723736584187, 0.2972526112565284, 0.32530978877506217, 0.3521912215939285, 0.3735777611475955, 0.3897265651542909, 0.39867856726050377, 0.40800758823752403, 0.4128131978213787, 0.42031189054250717], 'train_mae': [1.9948875159025192, 1.6972250044345856, 1.4825500029158591, 1.3952416700959205, 1.3276766627907752, 1.2853150056910514, 1.2528450074132285, 1.280347503721714, 1.2766174897551537, 1.2542200088500977, 1.227277509868145], 'val_loss': [923.6315865069628, 831.014780536294, 658.5242480780283, 633.8240865641117, 600.9763535996119, 588.7008545787652, 571.981917901818, 646.4584382474422, 641.6310450136662, 641.1737941130996, 652.3959274291992], 'val_accuracy': [0.21355, 0.277075, 0.2940333333333333, 0.31493333333333334, 0.33475, 0.3503833333333333, 0.362625, 0.3834375, 0.3900375, 0.399275, 0.397], 'val_f1': [0.12043907400220633, 0.1890983209013939, 0.21806822615592591, 0.24122594429935143, 0.2651673016822235, 0.2856790624123479, 0.3010801863020431, 0.32828231528401375, 0.33209575340151787, 0.3396802246570587, 0.34263766929507256], 'val_mae': [2.8970500230789185, 2.677512466907501, 2.6302000413894655, 2.5661333498954773, 2.5222749859174094, 2.4485083349545795, 2.4230750024795533, 2.2975375056266785, 2.3571375012397766, 2.3173125088214874, 2.3024000227451324]}}
AdaptationManager: Configuring next round...
{'client_registry': {'enabled': True, 'params': {}}, 'client_selector': {'enabled': True, 'params': {'selection_strategy': 'Resource-Based', 'selection_criteria': 'CPU', 'selection_value': 2}}, 'client_cluster': {'enabled': False, 'params': {}}, 'message_compressor': {'enabled': False, 'params': {}}, 'model_co-versioning_registry': {'enabled': False, 'params': {}}, 'multi-task_model_trainer': {'enabled': False, 'params': {}}, 'heterogeneous_data_handler': {'enabled': False, 'params': {}}}
{'client_selector': {'enabled': True}, 'client_cluster': {'enabled': False}, 'message_compressor': {'enabled': False}, 'model_co-versioning_registry': {'enabled': False}, 'multi-task_model_trainer': {'enabled': False}, 'heterogeneous_data_handler': {'enabled': False}, 'client_registry': {'enabled': True}}
Accuracy ok: Selector activated ✅
Accuracy ok: Selector activated ✅
Client Client 9 has insufficient CPU (1). Will not participate in the next FL round.
Client Client 1 participates in this round. (CPU: 2, RAM: 2)
Client Client 4 participates in this round. (CPU: 2, RAM: 2)
Client Client 5 participates in this round. (CPU: 2, RAM: 2)
Client Client 6 participates in this round. (CPU: 2, RAM: 2)
Client Client 10 has insufficient CPU (1). Will not participate in the next FL round.
Client Client 8 participates in this round. (CPU: 2, RAM: 2)
Client Client 3 participates in this round. (CPU: 2, RAM: 2)
Client Client 2 participates in this round. (CPU: 2, RAM: 2)
Client Client 12 has insufficient CPU (1). Will not participate in the next FL round.
Client Client 11 has insufficient CPU (1). Will not participate in the next FL round.
Client Client 7 participates in this round. (CPU: 2, RAM: 2)
Results Aggregated in 60.60 seconds.
{'CNN 16k': {'train_loss': [2565.882148772478, 2194.7166223973036, 1583.096131071282, 1491.5944483520323, 1418.2795546007799, 1376.2974280170074, 1339.3168432944028, 1716.0282667800784, 1672.8275119923055, 1649.650893472135, 1633.5791447088122, 1591.830516492948], 'train_accuracy': [0.432655, 0.5131525, 0.5836816666666667, 0.6104433333333333, 0.6273933333333334, 0.637805, 0.6471983333333333, 0.6121675, 0.6232375, 0.6289625, 0.63299, 0.6426375], 'train_f1': [0.17877278104424477, 0.25490723736584187, 0.2972526112565284, 0.32530978877506217, 0.3521912215939285, 0.3735777611475955, 0.3897265651542909, 0.39867856726050377, 0.40800758823752403, 0.4128131978213787, 0.42031189054250717, 0.4260215312242508], 'train_mae': [1.9948875159025192, 1.6972250044345856, 1.4825500029158591, 1.3952416700959205, 1.3276766627907752, 1.2853150056910514, 1.2528450074132285, 1.280347503721714, 1.2766174897551537, 1.2542200088500977, 1.227277509868145, 1.188395008444786], 'val_loss': [923.6315865069628, 831.014780536294, 658.5242480780283, 633.8240865641117, 600.9763535996119, 588.7008545787652, 571.981917901818, 646.4584382474422, 641.6310450136662, 641.1737941130996, 652.3959274291992, 650.9298113361001], 'val_accuracy': [0.21355, 0.277075, 0.2940333333333333, 0.31493333333333334, 0.33475, 0.3503833333333333, 0.362625, 0.3834375, 0.3900375, 0.399275, 0.397, 0.3989875], 'val_f1': [0.12043907400220633, 0.1890983209013939, 0.21806822615592591, 0.24122594429935143, 0.2651673016822235, 0.2856790624123479, 0.3010801863020431, 0.32828231528401375, 0.33209575340151787, 0.3396802246570587, 0.34263766929507256, 0.342394445091486], 'val_mae': [2.8970500230789185, 2.677512466907501, 2.6302000413894655, 2.5661333498954773, 2.5222749859174094, 2.4485083349545795, 2.4230750024795533, 2.2975375056266785, 2.3571375012397766, 2.3173125088214874, 2.3024000227451324, 2.28235000371933]}}
AdaptationManager: Configuring next round...
{'client_registry': {'enabled': True, 'params': {}}, 'client_selector': {'enabled': True, 'params': {'selection_strategy': 'Resource-Based', 'selection_criteria': 'CPU', 'selection_value': 2}}, 'client_cluster': {'enabled': False, 'params': {}}, 'message_compressor': {'enabled': False, 'params': {}}, 'model_co-versioning_registry': {'enabled': False, 'params': {}}, 'multi-task_model_trainer': {'enabled': False, 'params': {}}, 'heterogeneous_data_handler': {'enabled': False, 'params': {}}}
{'client_selector': {'enabled': True}, 'client_cluster': {'enabled': False}, 'message_compressor': {'enabled': False}, 'model_co-versioning_registry': {'enabled': False}, 'multi-task_model_trainer': {'enabled': False}, 'heterogeneous_data_handler': {'enabled': False}, 'client_registry': {'enabled': True}}
Accuracy too low or decreasing, Selector de-activated ❌
Accuracy too low or decreasing, Selector de-activated ❌
Results Aggregated in 64.06 seconds.
{'CNN 16k': {'train_loss': [2565.882148772478, 2194.7166223973036, 1583.096131071282, 1491.5944483520323, 1418.2795546007799, 1376.2974280170074, 1339.3168432944028, 1716.0282667800784, 1672.8275119923055, 1649.650893472135, 1633.5791447088122, 1591.830516492948, 1213.3734717398183], 'train_accuracy': [0.432655, 0.5131525, 0.5836816666666667, 0.6104433333333333, 0.6273933333333334, 0.637805, 0.6471983333333333, 0.6121675, 0.6232375, 0.6289625, 0.63299, 0.6426375, 0.6797983333333333], 'train_f1': [0.17877278104424477, 0.25490723736584187, 0.2972526112565284, 0.32530978877506217, 0.3521912215939285, 0.3735777611475955, 0.3897265651542909, 0.39867856726050377, 0.40800758823752403, 0.4128131978213787, 0.42031189054250717, 0.4260215312242508, 0.44310223840447965], 'train_mae': [1.9948875159025192, 1.6972250044345856, 1.4825500029158591, 1.3952416700959205, 1.3276766627907752, 1.2853150056910514, 1.2528450074132285, 1.280347503721714, 1.2766174897551537, 1.2542200088500977, 1.227277509868145, 1.188395008444786, 1.1272850065867106], 'val_loss': [923.6315865069628, 831.014780536294, 658.5242480780283, 633.8240865641117, 600.9763535996119, 588.7008545787652, 571.981917901818, 646.4584382474422, 641.6310450136662, 641.1737941130996, 652.3959274291992, 650.9298113361001, 555.1098415931542], 'val_accuracy': [0.21355, 0.277075, 0.2940333333333333, 0.31493333333333334, 0.33475, 0.3503833333333333, 0.362625, 0.3834375, 0.3900375, 0.399275, 0.397, 0.3989875, 0.39393333333333336], 'val_f1': [0.12043907400220633, 0.1890983209013939, 0.21806822615592591, 0.24122594429935143, 0.2651673016822235, 0.2856790624123479, 0.3010801863020431, 0.32828231528401375, 0.33209575340151787, 0.3396802246570587, 0.34263766929507256, 0.342394445091486, 0.34211774883454676], 'val_mae': [2.8970500230789185, 2.677512466907501, 2.6302000413894655, 2.5661333498954773, 2.5222749859174094, 2.4485083349545795, 2.4230750024795533, 2.2975375056266785, 2.3571375012397766, 2.3173125088214874, 2.3024000227451324, 2.28235000371933, 2.279891694609324]}}
AdaptationManager: Configuring next round...
{'client_registry': {'enabled': True, 'params': {}}, 'client_selector': {'enabled': True, 'params': {'selection_strategy': 'Resource-Based', 'selection_criteria': 'CPU', 'selection_value': 2}}, 'client_cluster': {'enabled': False, 'params': {}}, 'message_compressor': {'enabled': False, 'params': {}}, 'model_co-versioning_registry': {'enabled': False, 'params': {}}, 'multi-task_model_trainer': {'enabled': False, 'params': {}}, 'heterogeneous_data_handler': {'enabled': False, 'params': {}}}
{'client_selector': {'enabled': False}, 'client_cluster': {'enabled': False}, 'message_compressor': {'enabled': False}, 'model_co-versioning_registry': {'enabled': False}, 'multi-task_model_trainer': {'enabled': False}, 'heterogeneous_data_handler': {'enabled': False}, 'client_registry': {'enabled': False}}
Accuracy too low or decreasing, Selector de-activated ❌
Accuracy too low or decreasing, Selector de-activated ❌
Results Aggregated in 62.60 seconds.
{'CNN 16k': {'train_loss': [2565.882148772478, 2194.7166223973036, 1583.096131071282, 1491.5944483520323, 1418.2795546007799, 1376.2974280170074, 1339.3168432944028, 1716.0282667800784, 1672.8275119923055, 1649.650893472135, 1633.5791447088122, 1591.830516492948, 1213.3734717398183, 1189.2454689325252], 'train_accuracy': [0.432655, 0.5131525, 0.5836816666666667, 0.6104433333333333, 0.6273933333333334, 0.637805, 0.6471983333333333, 0.6121675, 0.6232375, 0.6289625, 0.63299, 0.6426375, 0.6797983333333333, 0.687105], 'train_f1': [0.17877278104424477, 0.25490723736584187, 0.2972526112565284, 0.32530978877506217, 0.3521912215939285, 0.3735777611475955, 0.3897265651542909, 0.39867856726050377, 0.40800758823752403, 0.4128131978213787, 0.42031189054250717, 0.4260215312242508, 0.44310223840447965, 0.4532099124121777], 'train_mae': [1.9948875159025192, 1.6972250044345856, 1.4825500029158591, 1.3952416700959205, 1.3276766627907752, 1.2853150056910514, 1.2528450074132285, 1.280347503721714, 1.2766174897551537, 1.2542200088500977, 1.227277509868145, 1.188395008444786, 1.1272850065867106, 1.091150006169478], 'val_loss': [923.6315865069628, 831.014780536294, 658.5242480780283, 633.8240865641117, 600.9763535996119, 588.7008545787652, 571.981917901818, 646.4584382474422, 641.6310450136662, 641.1737941130996, 652.3959274291992, 650.9298113361001, 555.1098415931542, 544.6153967059295], 'val_accuracy': [0.21355, 0.277075, 0.2940333333333333, 0.31493333333333334, 0.33475, 0.3503833333333333, 0.362625, 0.3834375, 0.3900375, 0.399275, 0.397, 0.3989875, 0.39393333333333336, 0.4008833333333333], 'val_f1': [0.12043907400220633, 0.1890983209013939, 0.21806822615592591, 0.24122594429935143, 0.2651673016822235, 0.2856790624123479, 0.3010801863020431, 0.32828231528401375, 0.33209575340151787, 0.3396802246570587, 0.34263766929507256, 0.342394445091486, 0.34211774883454676, 0.35080593411646366], 'val_mae': [2.8970500230789185, 2.677512466907501, 2.6302000413894655, 2.5661333498954773, 2.5222749859174094, 2.4485083349545795, 2.4230750024795533, 2.2975375056266785, 2.3571375012397766, 2.3173125088214874, 2.3024000227451324, 2.28235000371933, 2.279891694609324, 2.2480416553338367]}}
AdaptationManager: Configuring next round...
{'client_registry': {'enabled': True, 'params': {}}, 'client_selector': {'enabled': True, 'params': {'selection_strategy': 'Resource-Based', 'selection_criteria': 'CPU', 'selection_value': 2}}, 'client_cluster': {'enabled': False, 'params': {}}, 'message_compressor': {'enabled': False, 'params': {}}, 'model_co-versioning_registry': {'enabled': False, 'params': {}}, 'multi-task_model_trainer': {'enabled': False, 'params': {}}, 'heterogeneous_data_handler': {'enabled': False, 'params': {}}}
{'client_selector': {'enabled': False}, 'client_cluster': {'enabled': False}, 'message_compressor': {'enabled': False}, 'model_co-versioning_registry': {'enabled': False}, 'multi-task_model_trainer': {'enabled': False}, 'heterogeneous_data_handler': {'enabled': False}, 'client_registry': {'enabled': False}}
Accuracy ok: Selector activated ✅
Accuracy ok: Selector activated ✅
Client Client 12 has insufficient CPU (1). Will not participate in the next FL round.
Client Client 9 has insufficient CPU (1). Will not participate in the next FL round.
Client Client 2 participates in this round. (CPU: 2, RAM: 2)
Client Client 8 participates in this round. (CPU: 2, RAM: 2)
Client Client 3 participates in this round. (CPU: 2, RAM: 2)
Client Client 1 participates in this round. (CPU: 2, RAM: 2)
Client Client 7 participates in this round. (CPU: 2, RAM: 2)
Client Client 11 has insufficient CPU (1). Will not participate in the next FL round.
Client Client 6 participates in this round. (CPU: 2, RAM: 2)
Client Client 10 has insufficient CPU (1). Will not participate in the next FL round.
Client Client 4 participates in this round. (CPU: 2, RAM: 2)
Client Client 5 participates in this round. (CPU: 2, RAM: 2)
Results Aggregated in 58.21 seconds.
{'CNN 16k': {'train_loss': [2565.882148772478, 2194.7166223973036, 1583.096131071282, 1491.5944483520323, 1418.2795546007799, 1376.2974280170074, 1339.3168432944028, 1716.0282667800784, 1672.8275119923055, 1649.650893472135, 1633.5791447088122, 1591.830516492948, 1213.3734717398183, 1189.2454689325252, 1513.7621359080076], 'train_accuracy': [0.432655, 0.5131525, 0.5836816666666667, 0.6104433333333333, 0.6273933333333334, 0.637805, 0.6471983333333333, 0.6121675, 0.6232375, 0.6289625, 0.63299, 0.6426375, 0.6797983333333333, 0.687105, 0.6625875], 'train_f1': [0.17877278104424477, 0.25490723736584187, 0.2972526112565284, 0.32530978877506217, 0.3521912215939285, 0.3735777611475955, 0.3897265651542909, 0.39867856726050377, 0.40800758823752403, 0.4128131978213787, 0.42031189054250717, 0.4260215312242508, 0.44310223840447965, 0.4532099124121777, 0.45827431231737137], 'train_mae': [1.9948875159025192, 1.6972250044345856, 1.4825500029158591, 1.3952416700959205, 1.3276766627907752, 1.2853150056910514, 1.2528450074132285, 1.280347503721714, 1.2766174897551537, 1.2542200088500977, 1.227277509868145, 1.188395008444786, 1.1272850065867106, 1.091150006169478, 1.1200749725103378], 'val_loss': [923.6315865069628, 831.014780536294, 658.5242480780283, 633.8240865641117, 600.9763535996119, 588.7008545787652, 571.981917901818, 646.4584382474422, 641.6310450136662, 641.1737941130996, 652.3959274291992, 650.9298113361001, 555.1098415931542, 544.6153967059295, 615.4707858934999], 'val_accuracy': [0.21355, 0.277075, 0.2940333333333333, 0.31493333333333334, 0.33475, 0.3503833333333333, 0.362625, 0.3834375, 0.3900375, 0.399275, 0.397, 0.3989875, 0.39393333333333336, 0.4008833333333333, 0.4259125], 'val_f1': [0.12043907400220633, 0.1890983209013939, 0.21806822615592591, 0.24122594429935143, 0.2651673016822235, 0.2856790624123479, 0.3010801863020431, 0.32828231528401375, 0.33209575340151787, 0.3396802246570587, 0.34263766929507256, 0.342394445091486, 0.34211774883454676, 0.35080593411646366, 0.3751959055662155], 'val_mae': [2.8970500230789185, 2.677512466907501, 2.6302000413894655, 2.5661333498954773, 2.5222749859174094, 2.4485083349545795, 2.4230750024795533, 2.2975375056266785, 2.3571375012397766, 2.3173125088214874, 2.3024000227451324, 2.28235000371933, 2.279891694609324, 2.2480416553338367, 2.181300014257431]}}
AdaptationManager: Configuring next round...
{'client_registry': {'enabled': True, 'params': {}}, 'client_selector': {'enabled': True, 'params': {'selection_strategy': 'Resource-Based', 'selection_criteria': 'CPU', 'selection_value': 2}}, 'client_cluster': {'enabled': False, 'params': {}}, 'message_compressor': {'enabled': False, 'params': {}}, 'model_co-versioning_registry': {'enabled': False, 'params': {}}, 'multi-task_model_trainer': {'enabled': False, 'params': {}}, 'heterogeneous_data_handler': {'enabled': False, 'params': {}}}
{'client_selector': {'enabled': True}, 'client_cluster': {'enabled': False}, 'message_compressor': {'enabled': False}, 'model_co-versioning_registry': {'enabled': False}, 'multi-task_model_trainer': {'enabled': False}, 'heterogeneous_data_handler': {'enabled': False}, 'client_registry': {'enabled': True}}
Accuracy ok: Selector activated ✅
Accuracy ok: Selector activated ✅
Client Client 6 participates in this round. (CPU: 2, RAM: 2)
Client Client 4 participates in this round. (CPU: 2, RAM: 2)
Client Client 8 participates in this round. (CPU: 2, RAM: 2)
Client Client 2 participates in this round. (CPU: 2, RAM: 2)
Client Client 5 participates in this round. (CPU: 2, RAM: 2)
Client Client 9 has insufficient CPU (1). Will not participate in the next FL round.
Client Client 7 participates in this round. (CPU: 2, RAM: 2)
Client Client 1 participates in this round. (CPU: 2, RAM: 2)
Client Client 10 has insufficient CPU (1). Will not participate in the next FL round.
Client Client 12 has insufficient CPU (1). Will not participate in the next FL round.
Client Client 3 participates in this round. (CPU: 2, RAM: 2)
Client Client 11 has insufficient CPU (1). Will not participate in the next FL round.
Results Aggregated in 62.53 seconds.
{'CNN 16k': {'train_loss': [2565.882148772478, 2194.7166223973036, 1583.096131071282, 1491.5944483520323, 1418.2795546007799, 1376.2974280170074, 1339.3168432944028, 1716.0282667800784, 1672.8275119923055, 1649.650893472135, 1633.5791447088122, 1591.830516492948, 1213.3734717398183, 1189.2454689325252, 1513.7621359080076, 1507.8991017825902], 'train_accuracy': [0.432655, 0.5131525, 0.5836816666666667, 0.6104433333333333, 0.6273933333333334, 0.637805, 0.6471983333333333, 0.6121675, 0.6232375, 0.6289625, 0.63299, 0.6426375, 0.6797983333333333, 0.687105, 0.6625875, 0.6626725], 'train_f1': [0.17877278104424477, 0.25490723736584187, 0.2972526112565284, 0.32530978877506217, 0.3521912215939285, 0.3735777611475955, 0.3897265651542909, 0.39867856726050377, 0.40800758823752403, 0.4128131978213787, 0.42031189054250717, 0.4260215312242508, 0.44310223840447965, 0.4532099124121777, 0.45827431231737137, 0.4648391902446747], 'train_mae': [1.9948875159025192, 1.6972250044345856, 1.4825500029158591, 1.3952416700959205, 1.3276766627907752, 1.2853150056910514, 1.2528450074132285, 1.280347503721714, 1.2766174897551537, 1.2542200088500977, 1.227277509868145, 1.188395008444786, 1.1272850065867106, 1.091150006169478, 1.1200749725103378, 1.1129974946379662], 'val_loss': [923.6315865069628, 831.014780536294, 658.5242480780283, 633.8240865641117, 600.9763535996119, 588.7008545787652, 571.981917901818, 646.4584382474422, 641.6310450136662, 641.1737941130996, 652.3959274291992, 650.9298113361001, 555.1098415931542, 544.6153967059295, 615.4707858934999, 606.3548129945993], 'val_accuracy': [0.21355, 0.277075, 0.2940333333333333, 0.31493333333333334, 0.33475, 0.3503833333333333, 0.362625, 0.3834375, 0.3900375, 0.399275, 0.397, 0.3989875, 0.39393333333333336, 0.4008833333333333, 0.4259125, 0.43405], 'val_f1': [0.12043907400220633, 0.1890983209013939, 0.21806822615592591, 0.24122594429935143, 0.2651673016822235, 0.2856790624123479, 0.3010801863020431, 0.32828231528401375, 0.33209575340151787, 0.3396802246570587, 0.34263766929507256, 0.342394445091486, 0.34211774883454676, 0.35080593411646366, 0.3751959055662155, 0.38552844524383545], 'val_mae': [2.8970500230789185, 2.677512466907501, 2.6302000413894655, 2.5661333498954773, 2.5222749859174094, 2.4485083349545795, 2.4230750024795533, 2.2975375056266785, 2.3571375012397766, 2.3173125088214874, 2.3024000227451324, 2.28235000371933, 2.279891694609324, 2.2480416553338367, 2.181300014257431, 2.1365499943494797]}}
AdaptationManager: Configuring next round...
{'client_registry': {'enabled': True, 'params': {}}, 'client_selector': {'enabled': True, 'params': {'selection_strategy': 'Resource-Based', 'selection_criteria': 'CPU', 'selection_value': 2}}, 'client_cluster': {'enabled': False, 'params': {}}, 'message_compressor': {'enabled': False, 'params': {}}, 'model_co-versioning_registry': {'enabled': False, 'params': {}}, 'multi-task_model_trainer': {'enabled': False, 'params': {}}, 'heterogeneous_data_handler': {'enabled': False, 'params': {}}}
{'client_selector': {'enabled': True}, 'client_cluster': {'enabled': False}, 'message_compressor': {'enabled': False}, 'model_co-versioning_registry': {'enabled': False}, 'multi-task_model_trainer': {'enabled': False}, 'heterogeneous_data_handler': {'enabled': False}, 'client_registry': {'enabled': True}}
Accuracy ok: Selector activated ✅
Accuracy ok: Selector activated ✅
Client Client 9 has insufficient CPU (1). Will not participate in the next FL round.
Client Client 1 participates in this round. (CPU: 2, RAM: 2)
Client Client 5 participates in this round. (CPU: 2, RAM: 2)
Client Client 2 participates in this round. (CPU: 2, RAM: 2)
Client Client 12 has insufficient CPU (1). Will not participate in the next FL round.
Client Client 7 participates in this round. (CPU: 2, RAM: 2)
Client Client 4 participates in this round. (CPU: 2, RAM: 2)
Client Client 6 participates in this round. (CPU: 2, RAM: 2)
Client Client 11 has insufficient CPU (1). Will not participate in the next FL round.
Client Client 10 has insufficient CPU (1). Will not participate in the next FL round.
Client Client 3 participates in this round. (CPU: 2, RAM: 2)
Client Client 8 participates in this round. (CPU: 2, RAM: 2)
Results Aggregated in 71.53 seconds.
{'CNN 16k': {'train_loss': [2565.882148772478, 2194.7166223973036, 1583.096131071282, 1491.5944483520323, 1418.2795546007799, 1376.2974280170074, 1339.3168432944028, 1716.0282667800784, 1672.8275119923055, 1649.650893472135, 1633.5791447088122, 1591.830516492948, 1213.3734717398183, 1189.2454689325252, 1513.7621359080076, 1507.8991017825902, 1491.50866551511], 'train_accuracy': [0.432655, 0.5131525, 0.5836816666666667, 0.6104433333333333, 0.6273933333333334, 0.637805, 0.6471983333333333, 0.6121675, 0.6232375, 0.6289625, 0.63299, 0.6426375, 0.6797983333333333, 0.687105, 0.6625875, 0.6626725, 0.66482], 'train_f1': [0.17877278104424477, 0.25490723736584187, 0.2972526112565284, 0.32530978877506217, 0.3521912215939285, 0.3735777611475955, 0.3897265651542909, 0.39867856726050377, 0.40800758823752403, 0.4128131978213787, 0.42031189054250717, 0.4260215312242508, 0.44310223840447965, 0.4532099124121777, 0.45827431231737137, 0.4648391902446747, 0.4656921550631523], 'train_mae': [1.9948875159025192, 1.6972250044345856, 1.4825500029158591, 1.3952416700959205, 1.3276766627907752, 1.2853150056910514, 1.2528450074132285, 1.280347503721714, 1.2766174897551537, 1.2542200088500977, 1.227277509868145, 1.188395008444786, 1.1272850065867106, 1.091150006169478, 1.1200749725103378, 1.1129974946379662, 1.1086249947547913], 'val_loss': [923.6315865069628, 831.014780536294, 658.5242480780283, 633.8240865641117, 600.9763535996119, 588.7008545787652, 571.981917901818, 646.4584382474422, 641.6310450136662, 641.1737941130996, 652.3959274291992, 650.9298113361001, 555.1098415931542, 544.6153967059295, 615.4707858934999, 606.3548129945993, 621.933918222785], 'val_accuracy': [0.21355, 0.277075, 0.2940333333333333, 0.31493333333333334, 0.33475, 0.3503833333333333, 0.362625, 0.3834375, 0.3900375, 0.399275, 0.397, 0.3989875, 0.39393333333333336, 0.4008833333333333, 0.4259125, 0.43405, 0.42735], 'val_f1': [0.12043907400220633, 0.1890983209013939, 0.21806822615592591, 0.24122594429935143, 0.2651673016822235, 0.2856790624123479, 0.3010801863020431, 0.32828231528401375, 0.33209575340151787, 0.3396802246570587, 0.34263766929507256, 0.342394445091486, 0.34211774883454676, 0.35080593411646366, 0.3751959055662155, 0.38552844524383545, 0.38073190301656723], 'val_mae': [2.8970500230789185, 2.677512466907501, 2.6302000413894655, 2.5661333498954773, 2.5222749859174094, 2.4485083349545795, 2.4230750024795533, 2.2975375056266785, 2.3571375012397766, 2.3173125088214874, 2.3024000227451324, 2.28235000371933, 2.279891694609324, 2.2480416553338367, 2.181300014257431, 2.1365499943494797, 2.1830374896526337]}}
AdaptationManager: Configuring next round...
{'client_registry': {'enabled': True, 'params': {}}, 'client_selector': {'enabled': True, 'params': {'selection_strategy': 'Resource-Based', 'selection_criteria': 'CPU', 'selection_value': 2}}, 'client_cluster': {'enabled': False, 'params': {}}, 'message_compressor': {'enabled': False, 'params': {}}, 'model_co-versioning_registry': {'enabled': False, 'params': {}}, 'multi-task_model_trainer': {'enabled': False, 'params': {}}, 'heterogeneous_data_handler': {'enabled': False, 'params': {}}}
{'client_selector': {'enabled': True}, 'client_cluster': {'enabled': False}, 'message_compressor': {'enabled': False}, 'model_co-versioning_registry': {'enabled': False}, 'multi-task_model_trainer': {'enabled': False}, 'heterogeneous_data_handler': {'enabled': False}, 'client_registry': {'enabled': True}}
Accuracy too low or decreasing, Selector de-activated ❌
Accuracy too low or decreasing, Selector de-activated ❌
Results Aggregated in 76.67 seconds.
{'CNN 16k': {'train_loss': [2565.882148772478, 2194.7166223973036, 1583.096131071282, 1491.5944483520323, 1418.2795546007799, 1376.2974280170074, 1339.3168432944028, 1716.0282667800784, 1672.8275119923055, 1649.650893472135, 1633.5791447088122, 1591.830516492948, 1213.3734717398183, 1189.2454689325252, 1513.7621359080076, 1507.8991017825902, 1491.50866551511, 1135.5415681014385], 'train_accuracy': [0.432655, 0.5131525, 0.5836816666666667, 0.6104433333333333, 0.6273933333333334, 0.637805, 0.6471983333333333, 0.6121675, 0.6232375, 0.6289625, 0.63299, 0.6426375, 0.6797983333333333, 0.687105, 0.6625875, 0.6626725, 0.66482, 0.7030566666666667], 'train_f1': [0.17877278104424477, 0.25490723736584187, 0.2972526112565284, 0.32530978877506217, 0.3521912215939285, 0.3735777611475955, 0.3897265651542909, 0.39867856726050377, 0.40800758823752403, 0.4128131978213787, 0.42031189054250717, 0.4260215312242508, 0.44310223840447965, 0.4532099124121777, 0.45827431231737137, 0.4648391902446747, 0.4656921550631523, 0.480291084601248], 'train_mae': [1.9948875159025192, 1.6972250044345856, 1.4825500029158591, 1.3952416700959205, 1.3276766627907752, 1.2853150056910514, 1.2528450074132285, 1.280347503721714, 1.2766174897551537, 1.2542200088500977, 1.227277509868145, 1.188395008444786, 1.1272850065867106, 1.091150006169478, 1.1200749725103378, 1.1129974946379662, 1.1086249947547913, 1.0300733281501133], 'val_loss': [923.6315865069628, 831.014780536294, 658.5242480780283, 633.8240865641117, 600.9763535996119, 588.7008545787652, 571.981917901818, 646.4584382474422, 641.6310450136662, 641.1737941130996, 652.3959274291992, 650.9298113361001, 555.1098415931542, 544.6153967059295, 615.4707858934999, 606.3548129945993, 621.933918222785, 537.1418212789376], 'val_accuracy': [0.21355, 0.277075, 0.2940333333333333, 0.31493333333333334, 0.33475, 0.3503833333333333, 0.362625, 0.3834375, 0.3900375, 0.399275, 0.397, 0.3989875, 0.39393333333333336, 0.4008833333333333, 0.4259125, 0.43405, 0.42735, 0.41688333333333333], 'val_f1': [0.12043907400220633, 0.1890983209013939, 0.21806822615592591, 0.24122594429935143, 0.2651673016822235, 0.2856790624123479, 0.3010801863020431, 0.32828231528401375, 0.33209575340151787, 0.3396802246570587, 0.34263766929507256, 0.342394445091486, 0.34211774883454676, 0.35080593411646366, 0.3751959055662155, 0.38552844524383545, 0.38073190301656723, 0.36974037480547367], 'val_mae': [2.8970500230789185, 2.677512466907501, 2.6302000413894655, 2.5661333498954773, 2.5222749859174094, 2.4485083349545795, 2.4230750024795533, 2.2975375056266785, 2.3571375012397766, 2.3173125088214874, 2.3024000227451324, 2.28235000371933, 2.279891694609324, 2.2480416553338367, 2.181300014257431, 2.1365499943494797, 2.1830374896526337, 2.168124964205424]}}
AdaptationManager: Configuring next round...
{'client_registry': {'enabled': True, 'params': {}}, 'client_selector': {'enabled': True, 'params': {'selection_strategy': 'Resource-Based', 'selection_criteria': 'CPU', 'selection_value': 2}}, 'client_cluster': {'enabled': False, 'params': {}}, 'message_compressor': {'enabled': False, 'params': {}}, 'model_co-versioning_registry': {'enabled': False, 'params': {}}, 'multi-task_model_trainer': {'enabled': False, 'params': {}}, 'heterogeneous_data_handler': {'enabled': False, 'params': {}}}
{'client_selector': {'enabled': False}, 'client_cluster': {'enabled': False}, 'message_compressor': {'enabled': False}, 'model_co-versioning_registry': {'enabled': False}, 'multi-task_model_trainer': {'enabled': False}, 'heterogeneous_data_handler': {'enabled': False}, 'client_registry': {'enabled': False}}
Accuracy too low or decreasing, Selector de-activated ❌
Accuracy too low or decreasing, Selector de-activated ❌
Results Aggregated in 68.68 seconds.
{'CNN 16k': {'train_loss': [2565.882148772478, 2194.7166223973036, 1583.096131071282, 1491.5944483520323, 1418.2795546007799, 1376.2974280170074, 1339.3168432944028, 1716.0282667800784, 1672.8275119923055, 1649.650893472135, 1633.5791447088122, 1591.830516492948, 1213.3734717398183, 1189.2454689325252, 1513.7621359080076, 1507.8991017825902, 1491.50866551511, 1135.5415681014385, 1126.4557177135046], 'train_accuracy': [0.432655, 0.5131525, 0.5836816666666667, 0.6104433333333333, 0.6273933333333334, 0.637805, 0.6471983333333333, 0.6121675, 0.6232375, 0.6289625, 0.63299, 0.6426375, 0.6797983333333333, 0.687105, 0.6625875, 0.6626725, 0.66482, 0.7030566666666667, 0.7045216666666667], 'train_f1': [0.17877278104424477, 0.25490723736584187, 0.2972526112565284, 0.32530978877506217, 0.3521912215939285, 0.3735777611475955, 0.3897265651542909, 0.39867856726050377, 0.40800758823752403, 0.4128131978213787, 0.42031189054250717, 0.4260215312242508, 0.44310223840447965, 0.4532099124121777, 0.45827431231737137, 0.4648391902446747, 0.4656921550631523, 0.480291084601248, 0.4826575807704207], 'train_mae': [1.9948875159025192, 1.6972250044345856, 1.4825500029158591, 1.3952416700959205, 1.3276766627907752, 1.2853150056910514, 1.2528450074132285, 1.280347503721714, 1.2766174897551537, 1.2542200088500977, 1.227277509868145, 1.188395008444786, 1.1272850065867106, 1.091150006169478, 1.1200749725103378, 1.1129974946379662, 1.1086249947547913, 1.0300733281501133, 1.041511657693386], 'val_loss': [923.6315865069628, 831.014780536294, 658.5242480780283, 633.8240865641117, 600.9763535996119, 588.7008545787652, 571.981917901818, 646.4584382474422, 641.6310450136662, 641.1737941130996, 652.3959274291992, 650.9298113361001, 555.1098415931542, 544.6153967059295, 615.4707858934999, 606.3548129945993, 621.933918222785, 537.1418212789376, 538.1019389580488], 'val_accuracy': [0.21355, 0.277075, 0.2940333333333333, 0.31493333333333334, 0.33475, 0.3503833333333333, 0.362625, 0.3834375, 0.3900375, 0.399275, 0.397, 0.3989875, 0.39393333333333336, 0.4008833333333333, 0.4259125, 0.43405, 0.42735, 0.41688333333333333, 0.41720833333333335], 'val_f1': [0.12043907400220633, 0.1890983209013939, 0.21806822615592591, 0.24122594429935143, 0.2651673016822235, 0.2856790624123479, 0.3010801863020431, 0.32828231528401375, 0.33209575340151787, 0.3396802246570587, 0.34263766929507256, 0.342394445091486, 0.34211774883454676, 0.35080593411646366, 0.3751959055662155, 0.38552844524383545, 0.38073190301656723, 0.36974037480547367, 0.37075141327525724], 'val_mae': [2.8970500230789185, 2.677512466907501, 2.6302000413894655, 2.5661333498954773, 2.5222749859174094, 2.4485083349545795, 2.4230750024795533, 2.2975375056266785, 2.3571375012397766, 2.3173125088214874, 2.3024000227451324, 2.28235000371933, 2.279891694609324, 2.2480416553338367, 2.181300014257431, 2.1365499943494797, 2.1830374896526337, 2.168124964205424, 2.166341674439112]}}
AdaptationManager: Configuring next round...
{'client_registry': {'enabled': True, 'params': {}}, 'client_selector': {'enabled': True, 'params': {'selection_strategy': 'Resource-Based', 'selection_criteria': 'CPU', 'selection_value': 2}}, 'client_cluster': {'enabled': False, 'params': {}}, 'message_compressor': {'enabled': False, 'params': {}}, 'model_co-versioning_registry': {'enabled': False, 'params': {}}, 'multi-task_model_trainer': {'enabled': False, 'params': {}}, 'heterogeneous_data_handler': {'enabled': False, 'params': {}}}
{'client_selector': {'enabled': False}, 'client_cluster': {'enabled': False}, 'message_compressor': {'enabled': False}, 'model_co-versioning_registry': {'enabled': False}, 'multi-task_model_trainer': {'enabled': False}, 'heterogeneous_data_handler': {'enabled': False}, 'client_registry': {'enabled': False}}
Accuracy ok: Selector activated ✅
Accuracy ok: Selector activated ✅
Client Client 12 has insufficient CPU (1). Will not participate in the next FL round.
Client Client 11 has insufficient CPU (1). Will not participate in the next FL round.
Client Client 7 participates in this round. (CPU: 2, RAM: 2)
Client Client 6 participates in this round. (CPU: 2, RAM: 2)
Client Client 10 has insufficient CPU (1). Will not participate in the next FL round.
Client Client 2 participates in this round. (CPU: 2, RAM: 2)
Client Client 4 participates in this round. (CPU: 2, RAM: 2)
Client Client 1 participates in this round. (CPU: 2, RAM: 2)
Client Client 9 has insufficient CPU (1). Will not participate in the next FL round.
Client Client 5 participates in this round. (CPU: 2, RAM: 2)
Client Client 8 participates in this round. (CPU: 2, RAM: 2)
Client Client 3 participates in this round. (CPU: 2, RAM: 2)
Results Aggregated in 64.65 seconds.
{'CNN 16k': {'train_loss': [2565.882148772478, 2194.7166223973036, 1583.096131071282, 1491.5944483520323, 1418.2795546007799, 1376.2974280170074, 1339.3168432944028, 1716.0282667800784, 1672.8275119923055, 1649.650893472135, 1633.5791447088122, 1591.830516492948, 1213.3734717398183, 1189.2454689325252, 1513.7621359080076, 1507.8991017825902, 1491.50866551511, 1135.5415681014385, 1126.4557177135046, 1450.186825381592], 'train_accuracy': [0.432655, 0.5131525, 0.5836816666666667, 0.6104433333333333, 0.6273933333333334, 0.637805, 0.6471983333333333, 0.6121675, 0.6232375, 0.6289625, 0.63299, 0.6426375, 0.6797983333333333, 0.687105, 0.6625875, 0.6626725, 0.66482, 0.7030566666666667, 0.7045216666666667, 0.675775], 'train_f1': [0.17877278104424477, 0.25490723736584187, 0.2972526112565284, 0.32530978877506217, 0.3521912215939285, 0.3735777611475955, 0.3897265651542909, 0.39867856726050377, 0.40800758823752403, 0.4128131978213787, 0.42031189054250717, 0.4260215312242508, 0.44310223840447965, 0.4532099124121777, 0.45827431231737137, 0.4648391902446747, 0.4656921550631523, 0.480291084601248, 0.4826575807704207, 0.477554053068161], 'train_mae': [1.9948875159025192, 1.6972250044345856, 1.4825500029158591, 1.3952416700959205, 1.3276766627907752, 1.2853150056910514, 1.2528450074132285, 1.280347503721714, 1.2766174897551537, 1.2542200088500977, 1.227277509868145, 1.188395008444786, 1.1272850065867106, 1.091150006169478, 1.1200749725103378, 1.1129974946379662, 1.1086249947547913, 1.0300733281501133, 1.041511657693386, 1.0808649808168411], 'val_loss': [923.6315865069628, 831.014780536294, 658.5242480780283, 633.8240865641117, 600.9763535996119, 588.7008545787652, 571.981917901818, 646.4584382474422, 641.6310450136662, 641.1737941130996, 652.3959274291992, 650.9298113361001, 555.1098415931542, 544.6153967059295, 615.4707858934999, 606.3548129945993, 621.933918222785, 537.1418212789376, 538.1019389580488, 613.5179148241878], 'val_accuracy': [0.21355, 0.277075, 0.2940333333333333, 0.31493333333333334, 0.33475, 0.3503833333333333, 0.362625, 0.3834375, 0.3900375, 0.399275, 0.397, 0.3989875, 0.39393333333333336, 0.4008833333333333, 0.4259125, 0.43405, 0.42735, 0.41688333333333333, 0.41720833333333335, 0.436925], 'val_f1': [0.12043907400220633, 0.1890983209013939, 0.21806822615592591, 0.24122594429935143, 0.2651673016822235, 0.2856790624123479, 0.3010801863020431, 0.32828231528401375, 0.33209575340151787, 0.3396802246570587, 0.34263766929507256, 0.342394445091486, 0.34211774883454676, 0.35080593411646366, 0.3751959055662155, 0.38552844524383545, 0.38073190301656723, 0.36974037480547367, 0.37075141327525724, 0.3889968544244766], 'val_mae': [2.8970500230789185, 2.677512466907501, 2.6302000413894655, 2.5661333498954773, 2.5222749859174094, 2.4485083349545795, 2.4230750024795533, 2.2975375056266785, 2.3571375012397766, 2.3173125088214874, 2.3024000227451324, 2.28235000371933, 2.279891694609324, 2.2480416553338367, 2.181300014257431, 2.1365499943494797, 2.1830374896526337, 2.168124964205424, 2.166341674439112, 2.190674990415573]}}
AdaptationManager: Configuring next round...
{'client_registry': {'enabled': True, 'params': {}}, 'client_selector': {'enabled': True, 'params': {'selection_strategy': 'Resource-Based', 'selection_criteria': 'CPU', 'selection_value': 2}}, 'client_cluster': {'enabled': False, 'params': {}}, 'message_compressor': {'enabled': False, 'params': {}}, 'model_co-versioning_registry': {'enabled': False, 'params': {}}, 'multi-task_model_trainer': {'enabled': False, 'params': {}}, 'heterogeneous_data_handler': {'enabled': False, 'params': {}}}
{'client_selector': {'enabled': True}, 'client_cluster': {'enabled': False}, 'message_compressor': {'enabled': False}, 'model_co-versioning_registry': {'enabled': False}, 'multi-task_model_trainer': {'enabled': False}, 'heterogeneous_data_handler': {'enabled': False}, 'client_registry': {'enabled': True}}
Accuracy ok: Selector activated ✅
Accuracy ok: Selector activated ✅
