==========================================
  ___  ______  ___ ______       _ 
 / _ \ | ___ \/   ||  ___|     | |
/ /_\ \| |_/ / /| || |_ ___  __| |
|  _  ||  __/ /_| ||  _/ _ \/ _` |
| | | || |  \___  || ||  __/ (_| |
\_| |_/\_|      |_/\_| \___|\__,_| v.1.5.0

==========================================
Simulation Started!
List of the Architectural Patterns enabled:
Adaptation Enabled ✅
Random activation criterion
Client Registry ✅
Message Compressor ✅
==========================================
client Client 1 injecting delay of 16 seconds
client Client 2 injecting delay of 18 seconds
client Client 3 injecting delay of 14 seconds
client Client 5 injecting delay of 7 seconds
client Client 6 injecting delay of 18 seconds
client Client 4 injecting delay of 10 seconds
Local parameters compressed: reduced 18446 bytes (7.42%)
Local parameters compressed: reduced 18427 bytes (7.42%)
Local parameters compressed: reduced 18481 bytes (7.44%)
Local parameters compressed: reduced 18427 bytes (7.42%)
Local parameters compressed: reduced 18563 bytes (7.47%)
Local parameters compressed: reduced 18454 bytes (7.43%)
Results Aggregated in 95.60 seconds.
{'CNN 64k': {'train_loss': [1.4352751258087157], 'train_accuracy': [0.4806433333333333], 'train_f1': [0.47369620766908765], 'train_mae': [1.90708], 'val_loss': [1.45334617617925], 'val_accuracy': [0.4698833333333333], 'val_f1': [0.462236258526006], 'val_mae': [1.9579], 'jsd': [(0, 0, 0, 0, 0, 0)]}}
AdaptationManager: Configuring next round...
{'client_registry': {'enabled': True, 'params': {}}, 'client_selector': {'enabled': False, 'params': {}}, 'client_cluster': {'enabled': False, 'params': {}}, 'message_compressor': {'enabled': True, 'params': {}}, 'model_co-versioning_registry': {'enabled': False, 'params': {}}, 'multi-task_model_trainer': {'enabled': False, 'params': {}}, 'heterogeneous_data_handler': {'enabled': False, 'params': {}}}
{'client_selector': {'enabled': False}, 'client_cluster': {'enabled': False}, 'message_compressor': {'enabled': True}, 'model_co-versioning_registry': {'enabled': False}, 'multi-task_model_trainer': {'enabled': False}, 'heterogeneous_data_handler': {'enabled': False}, 'client_registry': {'enabled': True, 'params': {}}}
message_compressor de-activated ❌
client Client 2 injecting delay of 9 seconds
client Client 1 injecting delay of 16 seconds
client Client 3 injecting delay of 11 seconds
client Client 4 injecting delay of 17 seconds
client Client 6 injecting delay of 9 seconds
client Client 5 injecting delay of 16 seconds
Results Aggregated in 112.82 seconds.
{'CNN 64k': {'train_loss': [1.4352751258087157, 1.2959530869293212], 'train_accuracy': [0.4806433333333333, 0.5359666666666667], 'train_f1': [0.47369620766908765, 0.5265919438875794], 'train_mae': [1.90708, 1.7130733333333332], 'val_loss': [1.45334617617925, 1.3305838715235392], 'val_accuracy': [0.4698833333333333, 0.52055], 'val_f1': [0.462236258526006, 0.5106022607620344], 'val_mae': [1.9579, 1.7856833333333333], 'jsd': [(0, 0, 0, 0, 0, 0), (0, 0, 0, 0, 0, 0)]}}
AdaptationManager: Configuring next round...
{'client_registry': {'enabled': True, 'params': {}}, 'client_selector': {'enabled': False, 'params': {}}, 'client_cluster': {'enabled': False, 'params': {}}, 'message_compressor': {'enabled': True, 'params': {}}, 'model_co-versioning_registry': {'enabled': False, 'params': {}}, 'multi-task_model_trainer': {'enabled': False, 'params': {}}, 'heterogeneous_data_handler': {'enabled': False, 'params': {}}}
{'client_selector': {'enabled': False}, 'client_cluster': {'enabled': False}, 'message_compressor': {'enabled': False}, 'model_co-versioning_registry': {'enabled': False}, 'multi-task_model_trainer': {'enabled': False}, 'heterogeneous_data_handler': {'enabled': False}, 'client_registry': {'enabled': True, 'params': {}}}
message_compressor de-activated ❌
client Client 2 injecting delay of 9 seconds
client Client 3 injecting delay of 18 seconds
client Client 1 injecting delay of 8 seconds
client Client 4 injecting delay of 7 seconds
client Client 5 injecting delay of 17 seconds
client Client 6 injecting delay of 4 seconds
Results Aggregated in 111.79 seconds.
{'CNN 64k': {'train_loss': [1.4352751258087157, 1.2959530869293212, 1.163955313943227], 'train_accuracy': [0.4806433333333333, 0.5359666666666667, 0.5851866666666666], 'train_f1': [0.47369620766908765, 0.5265919438875794, 0.5794593438497698], 'train_mae': [1.90708, 1.7130733333333332, 1.50617], 'val_loss': [1.45334617617925, 1.3305838715235392, 1.2187828297932943], 'val_accuracy': [0.4698833333333333, 0.52055, 0.5617833333333333], 'val_f1': [0.462236258526006, 0.5106022607620344, 0.555565586038655], 'val_mae': [1.9579, 1.7856833333333333, 1.6033833333333334], 'jsd': [(0, 0, 0, 0, 0, 0), (0, 0, 0, 0, 0, 0), (0, 0, 0, 0, 0, 0)]}}
AdaptationManager: Configuring next round...
{'client_registry': {'enabled': True, 'params': {}}, 'client_selector': {'enabled': False, 'params': {}}, 'client_cluster': {'enabled': False, 'params': {}}, 'message_compressor': {'enabled': True, 'params': {}}, 'model_co-versioning_registry': {'enabled': False, 'params': {}}, 'multi-task_model_trainer': {'enabled': False, 'params': {}}, 'heterogeneous_data_handler': {'enabled': False, 'params': {}}}
{'client_selector': {'enabled': False}, 'client_cluster': {'enabled': False}, 'message_compressor': {'enabled': False}, 'model_co-versioning_registry': {'enabled': False}, 'multi-task_model_trainer': {'enabled': False}, 'heterogeneous_data_handler': {'enabled': False}, 'client_registry': {'enabled': True, 'params': {}}}
message_compressor de-activated ❌
client Client 2 injecting delay of 7 seconds
client Client 3 injecting delay of 2 seconds
client Client 1 injecting delay of 20 seconds
client Client 6 injecting delay of 6 seconds
client Client 5 injecting delay of 14 seconds
client Client 4 injecting delay of 10 seconds
Results Aggregated in 110.90 seconds.
{'CNN 64k': {'train_loss': [1.4352751258087157, 1.2959530869293212, 1.163955313943227, 1.081168833676974], 'train_accuracy': [0.4806433333333333, 0.5359666666666667, 0.5851866666666666, 0.6157133333333333], 'train_f1': [0.47369620766908765, 0.5265919438875794, 0.5794593438497698, 0.6115144930127329], 'train_mae': [1.90708, 1.7130733333333332, 1.50617, 1.3789566666666666], 'val_loss': [1.45334617617925, 1.3305838715235392, 1.2187828297932943, 1.1647198536554972], 'val_accuracy': [0.4698833333333333, 0.52055, 0.5617833333333333, 0.5837833333333333], 'val_f1': [0.462236258526006, 0.5106022607620344, 0.555565586038655, 0.5787475850100151], 'val_mae': [1.9579, 1.7856833333333333, 1.6033833333333334, 1.4987333333333333], 'jsd': [(0, 0, 0, 0, 0, 0), (0, 0, 0, 0, 0, 0), (0, 0, 0, 0, 0, 0), (0, 0, 0, 0, 0, 0)]}}
AdaptationManager: Configuring next round...
{'client_registry': {'enabled': True, 'params': {}}, 'client_selector': {'enabled': False, 'params': {}}, 'client_cluster': {'enabled': False, 'params': {}}, 'message_compressor': {'enabled': True, 'params': {}}, 'model_co-versioning_registry': {'enabled': False, 'params': {}}, 'multi-task_model_trainer': {'enabled': False, 'params': {}}, 'heterogeneous_data_handler': {'enabled': False, 'params': {}}}
{'client_selector': {'enabled': False}, 'client_cluster': {'enabled': False}, 'message_compressor': {'enabled': False}, 'model_co-versioning_registry': {'enabled': False}, 'multi-task_model_trainer': {'enabled': False}, 'heterogeneous_data_handler': {'enabled': False}, 'client_registry': {'enabled': True, 'params': {}}}
message_compressor activated ✅
client Client 2 injecting delay of 8 seconds
client Client 3 injecting delay of 19 seconds
client Client 1 injecting delay of 18 seconds
client Client 6 injecting delay of 0 seconds
Local parameters compressed: reduced 17940 bytes (7.22%)
client Client 5 injecting delay of 10 seconds
client Client 4 injecting delay of 10 seconds
Local parameters compressed: reduced 17878 bytes (7.19%)
Local parameters compressed: reduced 17941 bytes (7.22%)
Local parameters compressed: reduced 17899 bytes (7.20%)
Local parameters compressed: reduced 17897 bytes (7.20%)
Local parameters compressed: reduced 17929 bytes (7.22%)
Results Aggregated in 91.04 seconds.
{'CNN 64k': {'train_loss': [1.4352751258087157, 1.2959530869293212, 1.163955313943227, 1.081168833676974, 1.0067045054244994], 'train_accuracy': [0.4806433333333333, 0.5359666666666667, 0.5851866666666666, 0.6157133333333333, 0.6434766666666667], 'train_f1': [0.47369620766908765, 0.5265919438875794, 0.5794593438497698, 0.6115144930127329, 0.6405917716588791], 'train_mae': [1.90708, 1.7130733333333332, 1.50617, 1.3789566666666666, 1.25915], 'val_loss': [1.45334617617925, 1.3305838715235392, 1.2187828297932943, 1.1647198536554972, 1.1166645969708762], 'val_accuracy': [0.4698833333333333, 0.52055, 0.5617833333333333, 0.5837833333333333, 0.6019166666666667], 'val_f1': [0.462236258526006, 0.5106022607620344, 0.555565586038655, 0.5787475850100151, 0.598074452057342], 'val_mae': [1.9579, 1.7856833333333333, 1.6033833333333334, 1.4987333333333333, 1.42595], 'jsd': [(0, 0, 0, 0, 0, 0), (0, 0, 0, 0, 0, 0), (0, 0, 0, 0, 0, 0), (0, 0, 0, 0, 0, 0), (0, 0, 0, 0, 0, 0)]}}
AdaptationManager: Configuring next round...
{'client_registry': {'enabled': True, 'params': {}}, 'client_selector': {'enabled': False, 'params': {}}, 'client_cluster': {'enabled': False, 'params': {}}, 'message_compressor': {'enabled': True, 'params': {}}, 'model_co-versioning_registry': {'enabled': False, 'params': {}}, 'multi-task_model_trainer': {'enabled': False, 'params': {}}, 'heterogeneous_data_handler': {'enabled': False, 'params': {}}}
{'client_selector': {'enabled': False}, 'client_cluster': {'enabled': False}, 'message_compressor': {'enabled': True, 'params': {'enabled_clients': ['Client 1', 'Client 5']}}, 'model_co-versioning_registry': {'enabled': False}, 'multi-task_model_trainer': {'enabled': False}, 'heterogeneous_data_handler': {'enabled': False}, 'client_registry': {'enabled': True, 'params': {}}}
message_compressor activated ✅
client Client 2 injecting delay of 10 seconds
client Client 3 injecting delay of 2 seconds
client Client 1 injecting delay of 5 seconds
Local parameters compressed: reduced 17748 bytes (7.14%)
client Client 5 injecting delay of 2 seconds
Local parameters compressed: reduced 17763 bytes (7.15%)
client Client 6 injecting delay of 2 seconds
client Client 4 injecting delay of 10 seconds
Local parameters compressed: reduced 17816 bytes (7.17%)
Local parameters compressed: reduced 17776 bytes (7.15%)
Local parameters compressed: reduced 17787 bytes (7.16%)
Local parameters compressed: reduced 17795 bytes (7.16%)
Results Aggregated in 87.05 seconds.
{'CNN 64k': {'train_loss': [1.4352751258087157, 1.2959530869293212, 1.163955313943227, 1.081168833676974, 1.0067045054244994, 0.9548417352167765], 'train_accuracy': [0.4806433333333333, 0.5359666666666667, 0.5851866666666666, 0.6157133333333333, 0.6434766666666667, 0.6627466666666667], 'train_f1': [0.47369620766908765, 0.5265919438875794, 0.5794593438497698, 0.6115144930127329, 0.6405917716588791, 0.6610665923896283], 'train_mae': [1.90708, 1.7130733333333332, 1.50617, 1.3789566666666666, 1.25915, 1.1888566666666667], 'val_loss': [1.45334617617925, 1.3305838715235392, 1.2187828297932943, 1.1647198536554972, 1.1166645969708762, 1.0991136569499969], 'val_accuracy': [0.4698833333333333, 0.52055, 0.5617833333333333, 0.5837833333333333, 0.6019166666666667, 0.61325], 'val_f1': [0.462236258526006, 0.5106022607620344, 0.555565586038655, 0.5787475850100151, 0.598074452057342, 0.6106576399412499], 'val_mae': [1.9579, 1.7856833333333333, 1.6033833333333334, 1.4987333333333333, 1.42595, 1.3878833333333334], 'jsd': [(0, 0, 0, 0, 0, 0), (0, 0, 0, 0, 0, 0), (0, 0, 0, 0, 0, 0), (0, 0, 0, 0, 0, 0), (0, 0, 0, 0, 0, 0), (0, 0, 0, 0, 0, 0)]}}
AdaptationManager: Configuring next round...
{'client_registry': {'enabled': True, 'params': {}}, 'client_selector': {'enabled': False, 'params': {}}, 'client_cluster': {'enabled': False, 'params': {}}, 'message_compressor': {'enabled': True, 'params': {}}, 'model_co-versioning_registry': {'enabled': False, 'params': {}}, 'multi-task_model_trainer': {'enabled': False, 'params': {}}, 'heterogeneous_data_handler': {'enabled': False, 'params': {}}}
{'client_selector': {'enabled': False}, 'client_cluster': {'enabled': False}, 'message_compressor': {'enabled': True, 'params': {'enabled_clients': ['Client 5']}}, 'model_co-versioning_registry': {'enabled': False}, 'multi-task_model_trainer': {'enabled': False}, 'heterogeneous_data_handler': {'enabled': False}, 'client_registry': {'enabled': True, 'params': {}}}
message_compressor de-activated ❌
client Client 2 injecting delay of 6 seconds
client Client 3 injecting delay of 14 seconds
client Client 1 injecting delay of 16 seconds
client Client 6 injecting delay of 19 seconds
client Client 4 injecting delay of 8 seconds
client Client 5 injecting delay of 19 seconds
Results Aggregated in 111.34 seconds.
{'CNN 64k': {'train_loss': [1.4352751258087157, 1.2959530869293212, 1.163955313943227, 1.081168833676974, 1.0067045054244994, 0.9548417352167765, 0.9076833233706156], 'train_accuracy': [0.4806433333333333, 0.5359666666666667, 0.5851866666666666, 0.6157133333333333, 0.6434766666666667, 0.6627466666666667, 0.67843], 'train_f1': [0.47369620766908765, 0.5265919438875794, 0.5794593438497698, 0.6115144930127329, 0.6405917716588791, 0.6610665923896283, 0.6781071366825069], 'train_mae': [1.90708, 1.7130733333333332, 1.50617, 1.3789566666666666, 1.25915, 1.1888566666666667, 1.1304133333333333], 'val_loss': [1.45334617617925, 1.3305838715235392, 1.2187828297932943, 1.1647198536554972, 1.1166645969708762, 1.0991136569499969, 1.0843242326577505], 'val_accuracy': [0.4698833333333333, 0.52055, 0.5617833333333333, 0.5837833333333333, 0.6019166666666667, 0.61325, 0.6177833333333334], 'val_f1': [0.462236258526006, 0.5106022607620344, 0.555565586038655, 0.5787475850100151, 0.598074452057342, 0.6106576399412499, 0.6169598543030169], 'val_mae': [1.9579, 1.7856833333333333, 1.6033833333333334, 1.4987333333333333, 1.42595, 1.3878833333333334, 1.3651], 'jsd': [(0, 0, 0, 0, 0, 0), (0, 0, 0, 0, 0, 0), (0, 0, 0, 0, 0, 0), (0, 0, 0, 0, 0, 0), (0, 0, 0, 0, 0, 0), (0, 0, 0, 0, 0, 0), (0, 0, 0, 0, 0, 0)]}}
AdaptationManager: Configuring next round...
{'client_registry': {'enabled': True, 'params': {}}, 'client_selector': {'enabled': False, 'params': {}}, 'client_cluster': {'enabled': False, 'params': {}}, 'message_compressor': {'enabled': True, 'params': {}}, 'model_co-versioning_registry': {'enabled': False, 'params': {}}, 'multi-task_model_trainer': {'enabled': False, 'params': {}}, 'heterogeneous_data_handler': {'enabled': False, 'params': {}}}
{'client_selector': {'enabled': False}, 'client_cluster': {'enabled': False}, 'message_compressor': {'enabled': False, 'params': {'enabled_clients': ['Client 5']}}, 'model_co-versioning_registry': {'enabled': False}, 'multi-task_model_trainer': {'enabled': False}, 'heterogeneous_data_handler': {'enabled': False}, 'client_registry': {'enabled': True, 'params': {}}}
message_compressor de-activated ❌
client Client 1 injecting delay of 17 seconds
client Client 3 injecting delay of 4 seconds
client Client 2 injecting delay of 12 seconds
client Client 6 injecting delay of 18 seconds
client Client 4 injecting delay of 20 seconds
client Client 5 injecting delay of 13 seconds
Results Aggregated in 114.07 seconds.
{'CNN 64k': {'train_loss': [1.4352751258087157, 1.2959530869293212, 1.163955313943227, 1.081168833676974, 1.0067045054244994, 0.9548417352167765, 0.9076833233706156, 0.8581043858750661], 'train_accuracy': [0.4806433333333333, 0.5359666666666667, 0.5851866666666666, 0.6157133333333333, 0.6434766666666667, 0.6627466666666667, 0.67843, 0.6968233333333334], 'train_f1': [0.47369620766908765, 0.5265919438875794, 0.5794593438497698, 0.6115144930127329, 0.6405917716588791, 0.6610665923896283, 0.6781071366825069, 0.6959281740961841], 'train_mae': [1.90708, 1.7130733333333332, 1.50617, 1.3789566666666666, 1.25915, 1.1888566666666667, 1.1304133333333333, 1.0474], 'val_loss': [1.45334617617925, 1.3305838715235392, 1.2187828297932943, 1.1647198536554972, 1.1166645969708762, 1.0991136569499969, 1.0843242326577505, 1.069147515996297], 'val_accuracy': [0.4698833333333333, 0.52055, 0.5617833333333333, 0.5837833333333333, 0.6019166666666667, 0.61325, 0.6177833333333334, 0.62775], 'val_f1': [0.462236258526006, 0.5106022607620344, 0.555565586038655, 0.5787475850100151, 0.598074452057342, 0.6106576399412499, 0.6169598543030169, 0.6263027736016655], 'val_mae': [1.9579, 1.7856833333333333, 1.6033833333333334, 1.4987333333333333, 1.42595, 1.3878833333333334, 1.3651, 1.32035], 'jsd': [(0, 0, 0, 0, 0, 0), (0, 0, 0, 0, 0, 0), (0, 0, 0, 0, 0, 0), (0, 0, 0, 0, 0, 0), (0, 0, 0, 0, 0, 0), (0, 0, 0, 0, 0, 0), (0, 0, 0, 0, 0, 0), (0, 0, 0, 0, 0, 0)]}}
AdaptationManager: Configuring next round...
{'client_registry': {'enabled': True, 'params': {}}, 'client_selector': {'enabled': False, 'params': {}}, 'client_cluster': {'enabled': False, 'params': {}}, 'message_compressor': {'enabled': True, 'params': {}}, 'model_co-versioning_registry': {'enabled': False, 'params': {}}, 'multi-task_model_trainer': {'enabled': False, 'params': {}}, 'heterogeneous_data_handler': {'enabled': False, 'params': {}}}
{'client_selector': {'enabled': False}, 'client_cluster': {'enabled': False}, 'message_compressor': {'enabled': False, 'params': {'enabled_clients': ['Client 5']}}, 'model_co-versioning_registry': {'enabled': False}, 'multi-task_model_trainer': {'enabled': False}, 'heterogeneous_data_handler': {'enabled': False}, 'client_registry': {'enabled': True, 'params': {}}}
message_compressor activated ✅
client Client 2 injecting delay of 5 seconds
client Client 3 injecting delay of 1 seconds
Local parameters compressed: reduced 17546 bytes (7.06%)
client Client 1 injecting delay of 6 seconds
client Client 6 injecting delay of 3 seconds
client Client 5 injecting delay of 20 seconds
Local parameters compressed: reduced 17642 bytes (7.10%)
client Client 4 injecting delay of 4 seconds
Local parameters compressed: reduced 17563 bytes (7.07%)
Local parameters compressed: reduced 17450 bytes (7.02%)
Local parameters compressed: reduced 17547 bytes (7.06%)
Local parameters compressed: reduced 17518 bytes (7.05%)
Results Aggregated in 96.94 seconds.
{'CNN 64k': {'train_loss': [1.4352751258087157, 1.2959530869293212, 1.163955313943227, 1.081168833676974, 1.0067045054244994, 0.9548417352167765, 0.9076833233706156, 0.8581043858750661, 0.826104744459788], 'train_accuracy': [0.4806433333333333, 0.5359666666666667, 0.5851866666666666, 0.6157133333333333, 0.6434766666666667, 0.6627466666666667, 0.67843, 0.6968233333333334, 0.70828], 'train_f1': [0.47369620766908765, 0.5265919438875794, 0.5794593438497698, 0.6115144930127329, 0.6405917716588791, 0.6610665923896283, 0.6781071366825069, 0.6959281740961841, 0.7046605902337726], 'train_mae': [1.90708, 1.7130733333333332, 1.50617, 1.3789566666666666, 1.25915, 1.1888566666666667, 1.1304133333333333, 1.0474, 1.0255933333333334], 'val_loss': [1.45334617617925, 1.3305838715235392, 1.2187828297932943, 1.1647198536554972, 1.1166645969708762, 1.0991136569499969, 1.0843242326577505, 1.069147515996297, 1.0674382588068645], 'val_accuracy': [0.4698833333333333, 0.52055, 0.5617833333333333, 0.5837833333333333, 0.6019166666666667, 0.61325, 0.6177833333333334, 0.62775, 0.6284166666666666], 'val_f1': [0.462236258526006, 0.5106022607620344, 0.555565586038655, 0.5787475850100151, 0.598074452057342, 0.6106576399412499, 0.6169598543030169, 0.6263027736016655, 0.6235873739420882], 'val_mae': [1.9579, 1.7856833333333333, 1.6033833333333334, 1.4987333333333333, 1.42595, 1.3878833333333334, 1.3651, 1.32035, 1.3366333333333333], 'jsd': [(0, 0, 0, 0, 0, 0), (0, 0, 0, 0, 0, 0), (0, 0, 0, 0, 0, 0), (0, 0, 0, 0, 0, 0), (0, 0, 0, 0, 0, 0), (0, 0, 0, 0, 0, 0), (0, 0, 0, 0, 0, 0), (0, 0, 0, 0, 0, 0), (0, 0, 0, 0, 0, 0)]}}
AdaptationManager: Configuring next round...
{'client_registry': {'enabled': True, 'params': {}}, 'client_selector': {'enabled': False, 'params': {}}, 'client_cluster': {'enabled': False, 'params': {}}, 'message_compressor': {'enabled': True, 'params': {}}, 'model_co-versioning_registry': {'enabled': False, 'params': {}}, 'multi-task_model_trainer': {'enabled': False, 'params': {}}, 'heterogeneous_data_handler': {'enabled': False, 'params': {}}}
{'client_selector': {'enabled': False}, 'client_cluster': {'enabled': False}, 'message_compressor': {'enabled': True, 'params': {'enabled_clients': ['Client 1', 'Client 4', 'Client 5']}}, 'model_co-versioning_registry': {'enabled': False}, 'multi-task_model_trainer': {'enabled': False}, 'heterogeneous_data_handler': {'enabled': False}, 'client_registry': {'enabled': True, 'params': {}}}
message_compressor activated ✅
client Client 3 injecting delay of 9 seconds
client Client 2 injecting delay of 9 seconds
client Client 1 injecting delay of 13 seconds
client Client 6 injecting delay of 14 seconds
client Client 5 injecting delay of 9 seconds
client Client 4 injecting delay of 10 seconds
Local parameters compressed: reduced 17456 bytes (7.02%)
Local parameters compressed: reduced 17421 bytes (7.01%)
Local parameters compressed: reduced 17399 bytes (7.00%)
Local parameters compressed: reduced 17477 bytes (7.03%)
Local parameters compressed: reduced 17480 bytes (7.03%)
Local parameters compressed: reduced 17484 bytes (7.04%)
Results Aggregated in 89.20 seconds.
{'CNN 64k': {'train_loss': [1.4352751258087157, 1.2959530869293212, 1.163955313943227, 1.081168833676974, 1.0067045054244994, 0.9548417352167765, 0.9076833233706156, 0.8581043858750661, 0.826104744459788, 0.7875062717405955], 'train_accuracy': [0.4806433333333333, 0.5359666666666667, 0.5851866666666666, 0.6157133333333333, 0.6434766666666667, 0.6627466666666667, 0.67843, 0.6968233333333334, 0.70828, 0.72134], 'train_f1': [0.47369620766908765, 0.5265919438875794, 0.5794593438497698, 0.6115144930127329, 0.6405917716588791, 0.6610665923896283, 0.6781071366825069, 0.6959281740961841, 0.7046605902337726, 0.7197460381483055], 'train_mae': [1.90708, 1.7130733333333332, 1.50617, 1.3789566666666666, 1.25915, 1.1888566666666667, 1.1304133333333333, 1.0474, 1.0255933333333334, 0.95334], 'val_loss': [1.45334617617925, 1.3305838715235392, 1.2187828297932943, 1.1647198536554972, 1.1166645969708762, 1.0991136569499969, 1.0843242326577505, 1.069147515996297, 1.0674382588068645, 1.0669785933971405], 'val_accuracy': [0.4698833333333333, 0.52055, 0.5617833333333333, 0.5837833333333333, 0.6019166666666667, 0.61325, 0.6177833333333334, 0.62775, 0.6284166666666666, 0.63135], 'val_f1': [0.462236258526006, 0.5106022607620344, 0.555565586038655, 0.5787475850100151, 0.598074452057342, 0.6106576399412499, 0.6169598543030169, 0.6263027736016655, 0.6235873739420882, 0.6291291354458478], 'val_mae': [1.9579, 1.7856833333333333, 1.6033833333333334, 1.4987333333333333, 1.42595, 1.3878833333333334, 1.3651, 1.32035, 1.3366333333333333, 1.3008], 'jsd': [(0, 0, 0, 0, 0, 0), (0, 0, 0, 0, 0, 0), (0, 0, 0, 0, 0, 0), (0, 0, 0, 0, 0, 0), (0, 0, 0, 0, 0, 0), (0, 0, 0, 0, 0, 0), (0, 0, 0, 0, 0, 0), (0, 0, 0, 0, 0, 0), (0, 0, 0, 0, 0, 0), (0, 0, 0, 0, 0, 0)]}}
AdaptationManager: Configuring next round...
{'client_registry': {'enabled': True, 'params': {}}, 'client_selector': {'enabled': False, 'params': {}}, 'client_cluster': {'enabled': False, 'params': {}}, 'message_compressor': {'enabled': True, 'params': {}}, 'model_co-versioning_registry': {'enabled': False, 'params': {}}, 'multi-task_model_trainer': {'enabled': False, 'params': {}}, 'heterogeneous_data_handler': {'enabled': False, 'params': {}}}
{'client_selector': {'enabled': False}, 'client_cluster': {'enabled': False}, 'message_compressor': {'enabled': True, 'params': {'enabled_clients': ['Client 1', 'Client 2', 'Client 3', 'Client 4']}}, 'model_co-versioning_registry': {'enabled': False}, 'multi-task_model_trainer': {'enabled': False}, 'heterogeneous_data_handler': {'enabled': False}, 'client_registry': {'enabled': True, 'params': {}}}
message_compressor de-activated ❌
client Client 1 injecting delay of 19 seconds
client Client 3 injecting delay of 19 seconds
client Client 2 injecting delay of 8 seconds
client Client 5 injecting delay of 7 seconds
client Client 4 injecting delay of 18 seconds
client Client 6 injecting delay of 3 seconds
Results Aggregated in 113.71 seconds.
{'CNN 64k': {'train_loss': [1.4352751258087157, 1.2959530869293212, 1.163955313943227, 1.081168833676974, 1.0067045054244994, 0.9548417352167765, 0.9076833233706156, 0.8581043858750661, 0.826104744459788, 0.7875062717405955, 0.7624568167813619], 'train_accuracy': [0.4806433333333333, 0.5359666666666667, 0.5851866666666666, 0.6157133333333333, 0.6434766666666667, 0.6627466666666667, 0.67843, 0.6968233333333334, 0.70828, 0.72134, 0.7298066666666667], 'train_f1': [0.47369620766908765, 0.5265919438875794, 0.5794593438497698, 0.6115144930127329, 0.6405917716588791, 0.6610665923896283, 0.6781071366825069, 0.6959281740961841, 0.7046605902337726, 0.7197460381483055, 0.7277899259849877], 'train_mae': [1.90708, 1.7130733333333332, 1.50617, 1.3789566666666666, 1.25915, 1.1888566666666667, 1.1304133333333333, 1.0474, 1.0255933333333334, 0.95334, 0.9366266666666667], 'val_loss': [1.45334617617925, 1.3305838715235392, 1.2187828297932943, 1.1647198536554972, 1.1166645969708762, 1.0991136569499969, 1.0843242326577505, 1.069147515996297, 1.0674382588068645, 1.0669785933971405, 1.07968021235466], 'val_accuracy': [0.4698833333333333, 0.52055, 0.5617833333333333, 0.5837833333333333, 0.6019166666666667, 0.61325, 0.6177833333333334, 0.62775, 0.6284166666666666, 0.63135, 0.63135], 'val_f1': [0.462236258526006, 0.5106022607620344, 0.555565586038655, 0.5787475850100151, 0.598074452057342, 0.6106576399412499, 0.6169598543030169, 0.6263027736016655, 0.6235873739420882, 0.6291291354458478, 0.6280896860649964], 'val_mae': [1.9579, 1.7856833333333333, 1.6033833333333334, 1.4987333333333333, 1.42595, 1.3878833333333334, 1.3651, 1.32035, 1.3366333333333333, 1.3008, 1.3100333333333334], 'jsd': [(0, 0, 0, 0, 0, 0), (0, 0, 0, 0, 0, 0), (0, 0, 0, 0, 0, 0), (0, 0, 0, 0, 0, 0), (0, 0, 0, 0, 0, 0), (0, 0, 0, 0, 0, 0), (0, 0, 0, 0, 0, 0), (0, 0, 0, 0, 0, 0), (0, 0, 0, 0, 0, 0), (0, 0, 0, 0, 0, 0), (0, 0, 0, 0, 0, 0)]}}
AdaptationManager: Configuring next round...
{'client_registry': {'enabled': True, 'params': {}}, 'client_selector': {'enabled': False, 'params': {}}, 'client_cluster': {'enabled': False, 'params': {}}, 'message_compressor': {'enabled': True, 'params': {}}, 'model_co-versioning_registry': {'enabled': False, 'params': {}}, 'multi-task_model_trainer': {'enabled': False, 'params': {}}, 'heterogeneous_data_handler': {'enabled': False, 'params': {}}}
{'client_selector': {'enabled': False}, 'client_cluster': {'enabled': False}, 'message_compressor': {'enabled': False, 'params': {'enabled_clients': ['Client 1', 'Client 2', 'Client 3', 'Client 4']}}, 'model_co-versioning_registry': {'enabled': False}, 'multi-task_model_trainer': {'enabled': False}, 'heterogeneous_data_handler': {'enabled': False}, 'client_registry': {'enabled': True, 'params': {}}}
message_compressor de-activated ❌
client Client 3 injecting delay of 7 seconds
client Client 2 injecting delay of 10 seconds
client Client 1 injecting delay of 11 seconds
client Client 6 injecting delay of 11 seconds
client Client 5 injecting delay of 19 seconds
client Client 4 injecting delay of 0 seconds
Results Aggregated in 112.68 seconds.
{'CNN 64k': {'train_loss': [1.4352751258087157, 1.2959530869293212, 1.163955313943227, 1.081168833676974, 1.0067045054244994, 0.9548417352167765, 0.9076833233706156, 0.8581043858750661, 0.826104744459788, 0.7875062717405955, 0.7624568167813619, 0.71696706899484], 'train_accuracy': [0.4806433333333333, 0.5359666666666667, 0.5851866666666666, 0.6157133333333333, 0.6434766666666667, 0.6627466666666667, 0.67843, 0.6968233333333334, 0.70828, 0.72134, 0.7298066666666667, 0.74752], 'train_f1': [0.47369620766908765, 0.5265919438875794, 0.5794593438497698, 0.6115144930127329, 0.6405917716588791, 0.6610665923896283, 0.6781071366825069, 0.6959281740961841, 0.7046605902337726, 0.7197460381483055, 0.7277899259849877, 0.7466465580827623], 'train_mae': [1.90708, 1.7130733333333332, 1.50617, 1.3789566666666666, 1.25915, 1.1888566666666667, 1.1304133333333333, 1.0474, 1.0255933333333334, 0.95334, 0.9366266666666667, 0.8672866666666667], 'val_loss': [1.45334617617925, 1.3305838715235392, 1.2187828297932943, 1.1647198536554972, 1.1166645969708762, 1.0991136569499969, 1.0843242326577505, 1.069147515996297, 1.0674382588068645, 1.0669785933971405, 1.07968021235466, 1.0705895878473917], 'val_accuracy': [0.4698833333333333, 0.52055, 0.5617833333333333, 0.5837833333333333, 0.6019166666666667, 0.61325, 0.6177833333333334, 0.62775, 0.6284166666666666, 0.63135, 0.63135, 0.63855], 'val_f1': [0.462236258526006, 0.5106022607620344, 0.555565586038655, 0.5787475850100151, 0.598074452057342, 0.6106576399412499, 0.6169598543030169, 0.6263027736016655, 0.6235873739420882, 0.6291291354458478, 0.6280896860649964, 0.637015414730289], 'val_mae': [1.9579, 1.7856833333333333, 1.6033833333333334, 1.4987333333333333, 1.42595, 1.3878833333333334, 1.3651, 1.32035, 1.3366333333333333, 1.3008, 1.3100333333333334, 1.2823166666666668], 'jsd': [(0, 0, 0, 0, 0, 0), (0, 0, 0, 0, 0, 0), (0, 0, 0, 0, 0, 0), (0, 0, 0, 0, 0, 0), (0, 0, 0, 0, 0, 0), (0, 0, 0, 0, 0, 0), (0, 0, 0, 0, 0, 0), (0, 0, 0, 0, 0, 0), (0, 0, 0, 0, 0, 0), (0, 0, 0, 0, 0, 0), (0, 0, 0, 0, 0, 0), (0, 0, 0, 0, 0, 0)]}}
AdaptationManager: Configuring next round...
{'client_registry': {'enabled': True, 'params': {}}, 'client_selector': {'enabled': False, 'params': {}}, 'client_cluster': {'enabled': False, 'params': {}}, 'message_compressor': {'enabled': True, 'params': {}}, 'model_co-versioning_registry': {'enabled': False, 'params': {}}, 'multi-task_model_trainer': {'enabled': False, 'params': {}}, 'heterogeneous_data_handler': {'enabled': False, 'params': {}}}
{'client_selector': {'enabled': False}, 'client_cluster': {'enabled': False}, 'message_compressor': {'enabled': False, 'params': {'enabled_clients': ['Client 1', 'Client 2', 'Client 3', 'Client 4']}}, 'model_co-versioning_registry': {'enabled': False}, 'multi-task_model_trainer': {'enabled': False}, 'heterogeneous_data_handler': {'enabled': False}, 'client_registry': {'enabled': True, 'params': {}}}
message_compressor de-activated ❌
client Client 2 injecting delay of 19 seconds
client Client 1 injecting delay of 7 seconds
client Client 3 injecting delay of 2 seconds
client Client 6 injecting delay of 2 seconds
client Client 5 injecting delay of 9 seconds
client Client 4 injecting delay of 19 seconds
Results Aggregated in 116.09 seconds.
{'CNN 64k': {'train_loss': [1.4352751258087157, 1.2959530869293212, 1.163955313943227, 1.081168833676974, 1.0067045054244994, 0.9548417352167765, 0.9076833233706156, 0.8581043858750661, 0.826104744459788, 0.7875062717405955, 0.7624568167813619, 0.71696706899484, 0.6826626059508324], 'train_accuracy': [0.4806433333333333, 0.5359666666666667, 0.5851866666666666, 0.6157133333333333, 0.6434766666666667, 0.6627466666666667, 0.67843, 0.6968233333333334, 0.70828, 0.72134, 0.7298066666666667, 0.74752, 0.75973], 'train_f1': [0.47369620766908765, 0.5265919438875794, 0.5794593438497698, 0.6115144930127329, 0.6405917716588791, 0.6610665923896283, 0.6781071366825069, 0.6959281740961841, 0.7046605902337726, 0.7197460381483055, 0.7277899259849877, 0.7466465580827623, 0.7584814799956276], 'train_mae': [1.90708, 1.7130733333333332, 1.50617, 1.3789566666666666, 1.25915, 1.1888566666666667, 1.1304133333333333, 1.0474, 1.0255933333333334, 0.95334, 0.9366266666666667, 0.8672866666666667, 0.8298933333333334], 'val_loss': [1.45334617617925, 1.3305838715235392, 1.2187828297932943, 1.1647198536554972, 1.1166645969708762, 1.0991136569499969, 1.0843242326577505, 1.069147515996297, 1.0674382588068645, 1.0669785933971405, 1.07968021235466, 1.0705895878473917, 1.0874164323329925], 'val_accuracy': [0.4698833333333333, 0.52055, 0.5617833333333333, 0.5837833333333333, 0.6019166666666667, 0.61325, 0.6177833333333334, 0.62775, 0.6284166666666666, 0.63135, 0.63135, 0.63855, 0.6371833333333333], 'val_f1': [0.462236258526006, 0.5106022607620344, 0.555565586038655, 0.5787475850100151, 0.598074452057342, 0.6106576399412499, 0.6169598543030169, 0.6263027736016655, 0.6235873739420882, 0.6291291354458478, 0.6280896860649964, 0.637015414730289, 0.6351776844965823], 'val_mae': [1.9579, 1.7856833333333333, 1.6033833333333334, 1.4987333333333333, 1.42595, 1.3878833333333334, 1.3651, 1.32035, 1.3366333333333333, 1.3008, 1.3100333333333334, 1.2823166666666668, 1.29645], 'jsd': [(0, 0, 0, 0, 0, 0), (0, 0, 0, 0, 0, 0), (0, 0, 0, 0, 0, 0), (0, 0, 0, 0, 0, 0), (0, 0, 0, 0, 0, 0), (0, 0, 0, 0, 0, 0), (0, 0, 0, 0, 0, 0), (0, 0, 0, 0, 0, 0), (0, 0, 0, 0, 0, 0), (0, 0, 0, 0, 0, 0), (0, 0, 0, 0, 0, 0), (0, 0, 0, 0, 0, 0), (0, 0, 0, 0, 0, 0)]}}
AdaptationManager: Configuring next round...
{'client_registry': {'enabled': True, 'params': {}}, 'client_selector': {'enabled': False, 'params': {}}, 'client_cluster': {'enabled': False, 'params': {}}, 'message_compressor': {'enabled': True, 'params': {}}, 'model_co-versioning_registry': {'enabled': False, 'params': {}}, 'multi-task_model_trainer': {'enabled': False, 'params': {}}, 'heterogeneous_data_handler': {'enabled': False, 'params': {}}}
{'client_selector': {'enabled': False}, 'client_cluster': {'enabled': False}, 'message_compressor': {'enabled': False, 'params': {'enabled_clients': ['Client 1', 'Client 2', 'Client 3', 'Client 4']}}, 'model_co-versioning_registry': {'enabled': False}, 'multi-task_model_trainer': {'enabled': False}, 'heterogeneous_data_handler': {'enabled': False}, 'client_registry': {'enabled': True, 'params': {}}}
message_compressor de-activated ❌
client Client 1 injecting delay of 1 seconds
client Client 2 injecting delay of 13 seconds
client Client 3 injecting delay of 16 seconds
client Client 5 injecting delay of 11 seconds
client Client 6 injecting delay of 10 seconds
client Client 4 injecting delay of 12 seconds
Results Aggregated in 107.76 seconds.
{'CNN 64k': {'train_loss': [1.4352751258087157, 1.2959530869293212, 1.163955313943227, 1.081168833676974, 1.0067045054244994, 0.9548417352167765, 0.9076833233706156, 0.8581043858750661, 0.826104744459788, 0.7875062717405955, 0.7624568167813619, 0.71696706899484, 0.6826626059508324, 0.6473687056827545], 'train_accuracy': [0.4806433333333333, 0.5359666666666667, 0.5851866666666666, 0.6157133333333333, 0.6434766666666667, 0.6627466666666667, 0.67843, 0.6968233333333334, 0.70828, 0.72134, 0.7298066666666667, 0.74752, 0.75973, 0.7721633333333333], 'train_f1': [0.47369620766908765, 0.5265919438875794, 0.5794593438497698, 0.6115144930127329, 0.6405917716588791, 0.6610665923896283, 0.6781071366825069, 0.6959281740961841, 0.7046605902337726, 0.7197460381483055, 0.7277899259849877, 0.7466465580827623, 0.7584814799956276, 0.7712686974788433], 'train_mae': [1.90708, 1.7130733333333332, 1.50617, 1.3789566666666666, 1.25915, 1.1888566666666667, 1.1304133333333333, 1.0474, 1.0255933333333334, 0.95334, 0.9366266666666667, 0.8672866666666667, 0.8298933333333334, 0.7782433333333333], 'val_loss': [1.45334617617925, 1.3305838715235392, 1.2187828297932943, 1.1647198536554972, 1.1166645969708762, 1.0991136569499969, 1.0843242326577505, 1.069147515996297, 1.0674382588068645, 1.0669785933971405, 1.07968021235466, 1.0705895878473917, 1.0874164323329925, 1.0920416438897451], 'val_accuracy': [0.4698833333333333, 0.52055, 0.5617833333333333, 0.5837833333333333, 0.6019166666666667, 0.61325, 0.6177833333333334, 0.62775, 0.6284166666666666, 0.63135, 0.63135, 0.63855, 0.6371833333333333, 0.6390833333333333], 'val_f1': [0.462236258526006, 0.5106022607620344, 0.555565586038655, 0.5787475850100151, 0.598074452057342, 0.6106576399412499, 0.6169598543030169, 0.6263027736016655, 0.6235873739420882, 0.6291291354458478, 0.6280896860649964, 0.637015414730289, 0.6351776844965823, 0.6372993429575928], 'val_mae': [1.9579, 1.7856833333333333, 1.6033833333333334, 1.4987333333333333, 1.42595, 1.3878833333333334, 1.3651, 1.32035, 1.3366333333333333, 1.3008, 1.3100333333333334, 1.2823166666666668, 1.29645, 1.28215], 'jsd': [(0, 0, 0, 0, 0, 0), (0, 0, 0, 0, 0, 0), (0, 0, 0, 0, 0, 0), (0, 0, 0, 0, 0, 0), (0, 0, 0, 0, 0, 0), (0, 0, 0, 0, 0, 0), (0, 0, 0, 0, 0, 0), (0, 0, 0, 0, 0, 0), (0, 0, 0, 0, 0, 0), (0, 0, 0, 0, 0, 0), (0, 0, 0, 0, 0, 0), (0, 0, 0, 0, 0, 0), (0, 0, 0, 0, 0, 0), (0, 0, 0, 0, 0, 0)]}}
AdaptationManager: Configuring next round...
{'client_registry': {'enabled': True, 'params': {}}, 'client_selector': {'enabled': False, 'params': {}}, 'client_cluster': {'enabled': False, 'params': {}}, 'message_compressor': {'enabled': True, 'params': {}}, 'model_co-versioning_registry': {'enabled': False, 'params': {}}, 'multi-task_model_trainer': {'enabled': False, 'params': {}}, 'heterogeneous_data_handler': {'enabled': False, 'params': {}}}
{'client_selector': {'enabled': False}, 'client_cluster': {'enabled': False}, 'message_compressor': {'enabled': False, 'params': {'enabled_clients': ['Client 1', 'Client 2', 'Client 3', 'Client 4']}}, 'model_co-versioning_registry': {'enabled': False}, 'multi-task_model_trainer': {'enabled': False}, 'heterogeneous_data_handler': {'enabled': False}, 'client_registry': {'enabled': True, 'params': {}}}
message_compressor de-activated ❌
client Client 2 injecting delay of 5 seconds
client Client 1 injecting delay of 16 seconds
client Client 3 injecting delay of 1 seconds
client Client 6 injecting delay of 13 seconds
client Client 5 injecting delay of 7 seconds
client Client 4 injecting delay of 15 seconds
Results Aggregated in 111.12 seconds.
{'CNN 64k': {'train_loss': [1.4352751258087157, 1.2959530869293212, 1.163955313943227, 1.081168833676974, 1.0067045054244994, 0.9548417352167765, 0.9076833233706156, 0.8581043858750661, 0.826104744459788, 0.7875062717405955, 0.7624568167813619, 0.71696706899484, 0.6826626059508324, 0.6473687056827545, 0.6209286926794052], 'train_accuracy': [0.4806433333333333, 0.5359666666666667, 0.5851866666666666, 0.6157133333333333, 0.6434766666666667, 0.6627466666666667, 0.67843, 0.6968233333333334, 0.70828, 0.72134, 0.7298066666666667, 0.74752, 0.75973, 0.7721633333333333, 0.78119], 'train_f1': [0.47369620766908765, 0.5265919438875794, 0.5794593438497698, 0.6115144930127329, 0.6405917716588791, 0.6610665923896283, 0.6781071366825069, 0.6959281740961841, 0.7046605902337726, 0.7197460381483055, 0.7277899259849877, 0.7466465580827623, 0.7584814799956276, 0.7712686974788433, 0.7818057516740171], 'train_mae': [1.90708, 1.7130733333333332, 1.50617, 1.3789566666666666, 1.25915, 1.1888566666666667, 1.1304133333333333, 1.0474, 1.0255933333333334, 0.95334, 0.9366266666666667, 0.8672866666666667, 0.8298933333333334, 0.7782433333333333, 0.7397233333333333], 'val_loss': [1.45334617617925, 1.3305838715235392, 1.2187828297932943, 1.1647198536554972, 1.1166645969708762, 1.0991136569499969, 1.0843242326577505, 1.069147515996297, 1.0674382588068645, 1.0669785933971405, 1.07968021235466, 1.0705895878473917, 1.0874164323329925, 1.0920416438897451, 1.1196044502894085], 'val_accuracy': [0.4698833333333333, 0.52055, 0.5617833333333333, 0.5837833333333333, 0.6019166666666667, 0.61325, 0.6177833333333334, 0.62775, 0.6284166666666666, 0.63135, 0.63135, 0.63855, 0.6371833333333333, 0.6390833333333333, 0.6345166666666666], 'val_f1': [0.462236258526006, 0.5106022607620344, 0.555565586038655, 0.5787475850100151, 0.598074452057342, 0.6106576399412499, 0.6169598543030169, 0.6263027736016655, 0.6235873739420882, 0.6291291354458478, 0.6280896860649964, 0.637015414730289, 0.6351776844965823, 0.6372993429575928, 0.6351147994208141], 'val_mae': [1.9579, 1.7856833333333333, 1.6033833333333334, 1.4987333333333333, 1.42595, 1.3878833333333334, 1.3651, 1.32035, 1.3366333333333333, 1.3008, 1.3100333333333334, 1.2823166666666668, 1.29645, 1.28215, 1.28935], 'jsd': [(0, 0, 0, 0, 0, 0), (0, 0, 0, 0, 0, 0), (0, 0, 0, 0, 0, 0), (0, 0, 0, 0, 0, 0), (0, 0, 0, 0, 0, 0), (0, 0, 0, 0, 0, 0), (0, 0, 0, 0, 0, 0), (0, 0, 0, 0, 0, 0), (0, 0, 0, 0, 0, 0), (0, 0, 0, 0, 0, 0), (0, 0, 0, 0, 0, 0), (0, 0, 0, 0, 0, 0), (0, 0, 0, 0, 0, 0), (0, 0, 0, 0, 0, 0), (0, 0, 0, 0, 0, 0)]}}
AdaptationManager: Configuring next round...
{'client_registry': {'enabled': True, 'params': {}}, 'client_selector': {'enabled': False, 'params': {}}, 'client_cluster': {'enabled': False, 'params': {}}, 'message_compressor': {'enabled': True, 'params': {}}, 'model_co-versioning_registry': {'enabled': False, 'params': {}}, 'multi-task_model_trainer': {'enabled': False, 'params': {}}, 'heterogeneous_data_handler': {'enabled': False, 'params': {}}}
{'client_selector': {'enabled': False}, 'client_cluster': {'enabled': False}, 'message_compressor': {'enabled': False, 'params': {'enabled_clients': ['Client 1', 'Client 2', 'Client 3', 'Client 4']}}, 'model_co-versioning_registry': {'enabled': False}, 'multi-task_model_trainer': {'enabled': False}, 'heterogeneous_data_handler': {'enabled': False}, 'client_registry': {'enabled': True, 'params': {}}}
message_compressor activated ✅
client Client 3 injecting delay of 6 seconds
client Client 2 injecting delay of 18 seconds
client Client 1 injecting delay of 2 seconds
Local parameters compressed: reduced 17278 bytes (6.95%)
client Client 5 injecting delay of 0 seconds
Local parameters compressed: reduced 17267 bytes (6.95%)
Local parameters compressed: reduced 17284 bytes (6.96%)
client Client 6 injecting delay of 15 seconds
client Client 4 injecting delay of 14 seconds
Local parameters compressed: reduced 17206 bytes (6.92%)
Local parameters compressed: reduced 17239 bytes (6.94%)
Local parameters compressed: reduced 17222 bytes (6.93%)
Results Aggregated in 91.22 seconds.
{'CNN 64k': {'train_loss': [1.4352751258087157, 1.2959530869293212, 1.163955313943227, 1.081168833676974, 1.0067045054244994, 0.9548417352167765, 0.9076833233706156, 0.8581043858750661, 0.826104744459788, 0.7875062717405955, 0.7624568167813619, 0.71696706899484, 0.6826626059508324, 0.6473687056827545, 0.6209286926794052, 0.6141434171358744], 'train_accuracy': [0.4806433333333333, 0.5359666666666667, 0.5851866666666666, 0.6157133333333333, 0.6434766666666667, 0.6627466666666667, 0.67843, 0.6968233333333334, 0.70828, 0.72134, 0.7298066666666667, 0.74752, 0.75973, 0.7721633333333333, 0.78119, 0.78295], 'train_f1': [0.47369620766908765, 0.5265919438875794, 0.5794593438497698, 0.6115144930127329, 0.6405917716588791, 0.6610665923896283, 0.6781071366825069, 0.6959281740961841, 0.7046605902337726, 0.7197460381483055, 0.7277899259849877, 0.7466465580827623, 0.7584814799956276, 0.7712686974788433, 0.7818057516740171, 0.7826112994995862], 'train_mae': [1.90708, 1.7130733333333332, 1.50617, 1.3789566666666666, 1.25915, 1.1888566666666667, 1.1304133333333333, 1.0474, 1.0255933333333334, 0.95334, 0.9366266666666667, 0.8672866666666667, 0.8298933333333334, 0.7782433333333333, 0.7397233333333333, 0.7334166666666667], 'val_loss': [1.45334617617925, 1.3305838715235392, 1.2187828297932943, 1.1647198536554972, 1.1166645969708762, 1.0991136569499969, 1.0843242326577505, 1.069147515996297, 1.0674382588068645, 1.0669785933971405, 1.07968021235466, 1.0705895878473917, 1.0874164323329925, 1.0920416438897451, 1.1196044502894085, 1.1652229464054107], 'val_accuracy': [0.4698833333333333, 0.52055, 0.5617833333333333, 0.5837833333333333, 0.6019166666666667, 0.61325, 0.6177833333333334, 0.62775, 0.6284166666666666, 0.63135, 0.63135, 0.63855, 0.6371833333333333, 0.6390833333333333, 0.6345166666666666, 0.63075], 'val_f1': [0.462236258526006, 0.5106022607620344, 0.555565586038655, 0.5787475850100151, 0.598074452057342, 0.6106576399412499, 0.6169598543030169, 0.6263027736016655, 0.6235873739420882, 0.6291291354458478, 0.6280896860649964, 0.637015414730289, 0.6351776844965823, 0.6372993429575928, 0.6351147994208141, 0.6295402000217997], 'val_mae': [1.9579, 1.7856833333333333, 1.6033833333333334, 1.4987333333333333, 1.42595, 1.3878833333333334, 1.3651, 1.32035, 1.3366333333333333, 1.3008, 1.3100333333333334, 1.2823166666666668, 1.29645, 1.28215, 1.28935, 1.3038], 'jsd': [(0, 0, 0, 0, 0, 0), (0, 0, 0, 0, 0, 0), (0, 0, 0, 0, 0, 0), (0, 0, 0, 0, 0, 0), (0, 0, 0, 0, 0, 0), (0, 0, 0, 0, 0, 0), (0, 0, 0, 0, 0, 0), (0, 0, 0, 0, 0, 0), (0, 0, 0, 0, 0, 0), (0, 0, 0, 0, 0, 0), (0, 0, 0, 0, 0, 0), (0, 0, 0, 0, 0, 0), (0, 0, 0, 0, 0, 0), (0, 0, 0, 0, 0, 0), (0, 0, 0, 0, 0, 0), (0, 0, 0, 0, 0, 0)]}}
AdaptationManager: Configuring next round...
{'client_registry': {'enabled': True, 'params': {}}, 'client_selector': {'enabled': False, 'params': {}}, 'client_cluster': {'enabled': False, 'params': {}}, 'message_compressor': {'enabled': True, 'params': {}}, 'model_co-versioning_registry': {'enabled': False, 'params': {}}, 'multi-task_model_trainer': {'enabled': False, 'params': {}}, 'heterogeneous_data_handler': {'enabled': False, 'params': {}}}
{'client_selector': {'enabled': False}, 'client_cluster': {'enabled': False}, 'message_compressor': {'enabled': True, 'params': {'enabled_clients': ['Client 1', 'Client 2', 'Client 3', 'Client 4']}}, 'model_co-versioning_registry': {'enabled': False}, 'multi-task_model_trainer': {'enabled': False}, 'heterogeneous_data_handler': {'enabled': False}, 'client_registry': {'enabled': True, 'params': {}}}
message_compressor activated ✅
client Client 2 injecting delay of 4 seconds
client Client 1 injecting delay of 17 seconds
client Client 3 injecting delay of 5 seconds
client Client 6 injecting delay of 7 seconds
Local parameters compressed: reduced 17279 bytes (6.95%)
client Client 5 injecting delay of 18 seconds
client Client 4 injecting delay of 11 seconds
Local parameters compressed: reduced 17228 bytes (6.93%)
Local parameters compressed: reduced 17158 bytes (6.90%)
Local parameters compressed: reduced 17211 bytes (6.93%)
Local parameters compressed: reduced 17225 bytes (6.93%)
Local parameters compressed: reduced 17185 bytes (6.92%)
Results Aggregated in 94.09 seconds.
{'CNN 64k': {'train_loss': [1.4352751258087157, 1.2959530869293212, 1.163955313943227, 1.081168833676974, 1.0067045054244994, 0.9548417352167765, 0.9076833233706156, 0.8581043858750661, 0.826104744459788, 0.7875062717405955, 0.7624568167813619, 0.71696706899484, 0.6826626059508324, 0.6473687056827545, 0.6209286926794052, 0.6141434171358744, 0.5773905270751317], 'train_accuracy': [0.4806433333333333, 0.5359666666666667, 0.5851866666666666, 0.6157133333333333, 0.6434766666666667, 0.6627466666666667, 0.67843, 0.6968233333333334, 0.70828, 0.72134, 0.7298066666666667, 0.74752, 0.75973, 0.7721633333333333, 0.78119, 0.78295, 0.7958766666666667], 'train_f1': [0.47369620766908765, 0.5265919438875794, 0.5794593438497698, 0.6115144930127329, 0.6405917716588791, 0.6610665923896283, 0.6781071366825069, 0.6959281740961841, 0.7046605902337726, 0.7197460381483055, 0.7277899259849877, 0.7466465580827623, 0.7584814799956276, 0.7712686974788433, 0.7818057516740171, 0.7826112994995862, 0.7964145865863527], 'train_mae': [1.90708, 1.7130733333333332, 1.50617, 1.3789566666666666, 1.25915, 1.1888566666666667, 1.1304133333333333, 1.0474, 1.0255933333333334, 0.95334, 0.9366266666666667, 0.8672866666666667, 0.8298933333333334, 0.7782433333333333, 0.7397233333333333, 0.7334166666666667, 0.68801], 'val_loss': [1.45334617617925, 1.3305838715235392, 1.2187828297932943, 1.1647198536554972, 1.1166645969708762, 1.0991136569499969, 1.0843242326577505, 1.069147515996297, 1.0674382588068645, 1.0669785933971405, 1.07968021235466, 1.0705895878473917, 1.0874164323329925, 1.0920416438897451, 1.1196044502894085, 1.1652229464054107, 1.1667668127695718], 'val_accuracy': [0.4698833333333333, 0.52055, 0.5617833333333333, 0.5837833333333333, 0.6019166666666667, 0.61325, 0.6177833333333334, 0.62775, 0.6284166666666666, 0.63135, 0.63135, 0.63855, 0.6371833333333333, 0.6390833333333333, 0.6345166666666666, 0.63075, 0.6311666666666667], 'val_f1': [0.462236258526006, 0.5106022607620344, 0.555565586038655, 0.5787475850100151, 0.598074452057342, 0.6106576399412499, 0.6169598543030169, 0.6263027736016655, 0.6235873739420882, 0.6291291354458478, 0.6280896860649964, 0.637015414730289, 0.6351776844965823, 0.6372993429575928, 0.6351147994208141, 0.6295402000217997, 0.6312680386849542], 'val_mae': [1.9579, 1.7856833333333333, 1.6033833333333334, 1.4987333333333333, 1.42595, 1.3878833333333334, 1.3651, 1.32035, 1.3366333333333333, 1.3008, 1.3100333333333334, 1.2823166666666668, 1.29645, 1.28215, 1.28935, 1.3038, 1.2972666666666666], 'jsd': [(0, 0, 0, 0, 0, 0), (0, 0, 0, 0, 0, 0), (0, 0, 0, 0, 0, 0), (0, 0, 0, 0, 0, 0), (0, 0, 0, 0, 0, 0), (0, 0, 0, 0, 0, 0), (0, 0, 0, 0, 0, 0), (0, 0, 0, 0, 0, 0), (0, 0, 0, 0, 0, 0), (0, 0, 0, 0, 0, 0), (0, 0, 0, 0, 0, 0), (0, 0, 0, 0, 0, 0), (0, 0, 0, 0, 0, 0), (0, 0, 0, 0, 0, 0), (0, 0, 0, 0, 0, 0), (0, 0, 0, 0, 0, 0), (0, 0, 0, 0, 0, 0)]}}
AdaptationManager: Configuring next round...
{'client_registry': {'enabled': True, 'params': {}}, 'client_selector': {'enabled': False, 'params': {}}, 'client_cluster': {'enabled': False, 'params': {}}, 'message_compressor': {'enabled': True, 'params': {}}, 'model_co-versioning_registry': {'enabled': False, 'params': {}}, 'multi-task_model_trainer': {'enabled': False, 'params': {}}, 'heterogeneous_data_handler': {'enabled': False, 'params': {}}}
{'client_selector': {'enabled': False}, 'client_cluster': {'enabled': False}, 'message_compressor': {'enabled': True, 'params': {'enabled_clients': ['Client 2', 'Client 3', 'Client 6']}}, 'model_co-versioning_registry': {'enabled': False}, 'multi-task_model_trainer': {'enabled': False}, 'heterogeneous_data_handler': {'enabled': False}, 'client_registry': {'enabled': True, 'params': {}}}
message_compressor de-activated ❌
client Client 3 injecting delay of 14 seconds
client Client 1 injecting delay of 10 seconds
client Client 2 injecting delay of 1 seconds
client Client 6 injecting delay of 20 seconds
client Client 5 injecting delay of 16 seconds
client Client 4 injecting delay of 15 seconds
Results Aggregated in 112.72 seconds.
{'CNN 64k': {'train_loss': [1.4352751258087157, 1.2959530869293212, 1.163955313943227, 1.081168833676974, 1.0067045054244994, 0.9548417352167765, 0.9076833233706156, 0.8581043858750661, 0.826104744459788, 0.7875062717405955, 0.7624568167813619, 0.71696706899484, 0.6826626059508324, 0.6473687056827545, 0.6209286926794052, 0.6141434171358744, 0.5773905270751317, 0.5451023414373398], 'train_accuracy': [0.4806433333333333, 0.5359666666666667, 0.5851866666666666, 0.6157133333333333, 0.6434766666666667, 0.6627466666666667, 0.67843, 0.6968233333333334, 0.70828, 0.72134, 0.7298066666666667, 0.74752, 0.75973, 0.7721633333333333, 0.78119, 0.78295, 0.7958766666666667, 0.80857], 'train_f1': [0.47369620766908765, 0.5265919438875794, 0.5794593438497698, 0.6115144930127329, 0.6405917716588791, 0.6610665923896283, 0.6781071366825069, 0.6959281740961841, 0.7046605902337726, 0.7197460381483055, 0.7277899259849877, 0.7466465580827623, 0.7584814799956276, 0.7712686974788433, 0.7818057516740171, 0.7826112994995862, 0.7964145865863527, 0.8076019099762562], 'train_mae': [1.90708, 1.7130733333333332, 1.50617, 1.3789566666666666, 1.25915, 1.1888566666666667, 1.1304133333333333, 1.0474, 1.0255933333333334, 0.95334, 0.9366266666666667, 0.8672866666666667, 0.8298933333333334, 0.7782433333333333, 0.7397233333333333, 0.7334166666666667, 0.68801, 0.6399633333333333], 'val_loss': [1.45334617617925, 1.3305838715235392, 1.2187828297932943, 1.1647198536554972, 1.1166645969708762, 1.0991136569499969, 1.0843242326577505, 1.069147515996297, 1.0674382588068645, 1.0669785933971405, 1.07968021235466, 1.0705895878473917, 1.0874164323329925, 1.0920416438897451, 1.1196044502894085, 1.1652229464054107, 1.1667668127695718, 1.1896285009384155], 'val_accuracy': [0.4698833333333333, 0.52055, 0.5617833333333333, 0.5837833333333333, 0.6019166666666667, 0.61325, 0.6177833333333334, 0.62775, 0.6284166666666666, 0.63135, 0.63135, 0.63855, 0.6371833333333333, 0.6390833333333333, 0.6345166666666666, 0.63075, 0.6311666666666667, 0.6331666666666667], 'val_f1': [0.462236258526006, 0.5106022607620344, 0.555565586038655, 0.5787475850100151, 0.598074452057342, 0.6106576399412499, 0.6169598543030169, 0.6263027736016655, 0.6235873739420882, 0.6291291354458478, 0.6280896860649964, 0.637015414730289, 0.6351776844965823, 0.6372993429575928, 0.6351147994208141, 0.6295402000217997, 0.6312680386849542, 0.6312527856313317], 'val_mae': [1.9579, 1.7856833333333333, 1.6033833333333334, 1.4987333333333333, 1.42595, 1.3878833333333334, 1.3651, 1.32035, 1.3366333333333333, 1.3008, 1.3100333333333334, 1.2823166666666668, 1.29645, 1.28215, 1.28935, 1.3038, 1.2972666666666666, 1.29275], 'jsd': [(0, 0, 0, 0, 0, 0), (0, 0, 0, 0, 0, 0), (0, 0, 0, 0, 0, 0), (0, 0, 0, 0, 0, 0), (0, 0, 0, 0, 0, 0), (0, 0, 0, 0, 0, 0), (0, 0, 0, 0, 0, 0), (0, 0, 0, 0, 0, 0), (0, 0, 0, 0, 0, 0), (0, 0, 0, 0, 0, 0), (0, 0, 0, 0, 0, 0), (0, 0, 0, 0, 0, 0), (0, 0, 0, 0, 0, 0), (0, 0, 0, 0, 0, 0), (0, 0, 0, 0, 0, 0), (0, 0, 0, 0, 0, 0), (0, 0, 0, 0, 0, 0), (0, 0, 0, 0, 0, 0)]}}
AdaptationManager: Configuring next round...
{'client_registry': {'enabled': True, 'params': {}}, 'client_selector': {'enabled': False, 'params': {}}, 'client_cluster': {'enabled': False, 'params': {}}, 'message_compressor': {'enabled': True, 'params': {}}, 'model_co-versioning_registry': {'enabled': False, 'params': {}}, 'multi-task_model_trainer': {'enabled': False, 'params': {}}, 'heterogeneous_data_handler': {'enabled': False, 'params': {}}}
{'client_selector': {'enabled': False}, 'client_cluster': {'enabled': False}, 'message_compressor': {'enabled': False, 'params': {'enabled_clients': ['Client 2', 'Client 3', 'Client 6']}}, 'model_co-versioning_registry': {'enabled': False}, 'multi-task_model_trainer': {'enabled': False}, 'heterogeneous_data_handler': {'enabled': False}, 'client_registry': {'enabled': True, 'params': {}}}
message_compressor activated ✅
client Client 3 injecting delay of 3 seconds
client Client 2 injecting delay of 17 seconds
client Client 1 injecting delay of 8 seconds
Local parameters compressed: reduced 17175 bytes (6.91%)
client Client 6 injecting delay of 20 seconds
client Client 4 injecting delay of 3 seconds
client Client 5 injecting delay of 10 seconds
Local parameters compressed: reduced 17190 bytes (6.92%)
Local parameters compressed: reduced 17144 bytes (6.90%)
Local parameters compressed: reduced 17151 bytes (6.90%)
Local parameters compressed: reduced 17245 bytes (6.94%)
Local parameters compressed: reduced 17148 bytes (6.90%)
Results Aggregated in 96.07 seconds.
{'CNN 64k': {'train_loss': [1.4352751258087157, 1.2959530869293212, 1.163955313943227, 1.081168833676974, 1.0067045054244994, 0.9548417352167765, 0.9076833233706156, 0.8581043858750661, 0.826104744459788, 0.7875062717405955, 0.7624568167813619, 0.71696706899484, 0.6826626059508324, 0.6473687056827545, 0.6209286926794052, 0.6141434171358744, 0.5773905270751317, 0.5451023414373398, 0.5210777659972509], 'train_accuracy': [0.4806433333333333, 0.5359666666666667, 0.5851866666666666, 0.6157133333333333, 0.6434766666666667, 0.6627466666666667, 0.67843, 0.6968233333333334, 0.70828, 0.72134, 0.7298066666666667, 0.74752, 0.75973, 0.7721633333333333, 0.78119, 0.78295, 0.7958766666666667, 0.80857, 0.8171233333333333], 'train_f1': [0.47369620766908765, 0.5265919438875794, 0.5794593438497698, 0.6115144930127329, 0.6405917716588791, 0.6610665923896283, 0.6781071366825069, 0.6959281740961841, 0.7046605902337726, 0.7197460381483055, 0.7277899259849877, 0.7466465580827623, 0.7584814799956276, 0.7712686974788433, 0.7818057516740171, 0.7826112994995862, 0.7964145865863527, 0.8076019099762562, 0.8167994134291937], 'train_mae': [1.90708, 1.7130733333333332, 1.50617, 1.3789566666666666, 1.25915, 1.1888566666666667, 1.1304133333333333, 1.0474, 1.0255933333333334, 0.95334, 0.9366266666666667, 0.8672866666666667, 0.8298933333333334, 0.7782433333333333, 0.7397233333333333, 0.7334166666666667, 0.68801, 0.6399633333333333, 0.6033966666666667], 'val_loss': [1.45334617617925, 1.3305838715235392, 1.2187828297932943, 1.1647198536554972, 1.1166645969708762, 1.0991136569499969, 1.0843242326577505, 1.069147515996297, 1.0674382588068645, 1.0669785933971405, 1.07968021235466, 1.0705895878473917, 1.0874164323329925, 1.0920416438897451, 1.1196044502894085, 1.1652229464054107, 1.1667668127695718, 1.1896285009384155, 1.231228392537435], 'val_accuracy': [0.4698833333333333, 0.52055, 0.5617833333333333, 0.5837833333333333, 0.6019166666666667, 0.61325, 0.6177833333333334, 0.62775, 0.6284166666666666, 0.63135, 0.63135, 0.63855, 0.6371833333333333, 0.6390833333333333, 0.6345166666666666, 0.63075, 0.6311666666666667, 0.6331666666666667, 0.6300166666666667], 'val_f1': [0.462236258526006, 0.5106022607620344, 0.555565586038655, 0.5787475850100151, 0.598074452057342, 0.6106576399412499, 0.6169598543030169, 0.6263027736016655, 0.6235873739420882, 0.6291291354458478, 0.6280896860649964, 0.637015414730289, 0.6351776844965823, 0.6372993429575928, 0.6351147994208141, 0.6295402000217997, 0.6312680386849542, 0.6312527856313317, 0.6292425995593266], 'val_mae': [1.9579, 1.7856833333333333, 1.6033833333333334, 1.4987333333333333, 1.42595, 1.3878833333333334, 1.3651, 1.32035, 1.3366333333333333, 1.3008, 1.3100333333333334, 1.2823166666666668, 1.29645, 1.28215, 1.28935, 1.3038, 1.2972666666666666, 1.29275, 1.30145], 'jsd': [(0, 0, 0, 0, 0, 0), (0, 0, 0, 0, 0, 0), (0, 0, 0, 0, 0, 0), (0, 0, 0, 0, 0, 0), (0, 0, 0, 0, 0, 0), (0, 0, 0, 0, 0, 0), (0, 0, 0, 0, 0, 0), (0, 0, 0, 0, 0, 0), (0, 0, 0, 0, 0, 0), (0, 0, 0, 0, 0, 0), (0, 0, 0, 0, 0, 0), (0, 0, 0, 0, 0, 0), (0, 0, 0, 0, 0, 0), (0, 0, 0, 0, 0, 0), (0, 0, 0, 0, 0, 0), (0, 0, 0, 0, 0, 0), (0, 0, 0, 0, 0, 0), (0, 0, 0, 0, 0, 0), (0, 0, 0, 0, 0, 0)]}}
AdaptationManager: Configuring next round...
{'client_registry': {'enabled': True, 'params': {}}, 'client_selector': {'enabled': False, 'params': {}}, 'client_cluster': {'enabled': False, 'params': {}}, 'message_compressor': {'enabled': True, 'params': {}}, 'model_co-versioning_registry': {'enabled': False, 'params': {}}, 'multi-task_model_trainer': {'enabled': False, 'params': {}}, 'heterogeneous_data_handler': {'enabled': False, 'params': {}}}
{'client_selector': {'enabled': False}, 'client_cluster': {'enabled': False}, 'message_compressor': {'enabled': True, 'params': {'enabled_clients': ['Client 1', 'Client 4']}}, 'model_co-versioning_registry': {'enabled': False}, 'multi-task_model_trainer': {'enabled': False}, 'heterogeneous_data_handler': {'enabled': False}, 'client_registry': {'enabled': True, 'params': {}}}
message_compressor activated ✅
client Client 1 injecting delay of 16 seconds
client Client 3 injecting delay of 7 seconds
client Client 2 injecting delay of 18 seconds
client Client 6 injecting delay of 10 seconds
client Client 5 injecting delay of 7 seconds
client Client 4 injecting delay of 12 seconds
Local parameters compressed: reduced 17114 bytes (6.89%)
Local parameters compressed: reduced 17092 bytes (6.88%)
Local parameters compressed: reduced 17186 bytes (6.92%)
Local parameters compressed: reduced 17166 bytes (6.91%)
Local parameters compressed: reduced 17129 bytes (6.89%)
Local parameters compressed: reduced 17115 bytes (6.89%)
Results Aggregated in 90.39 seconds.
{'CNN 64k': {'train_loss': [1.4352751258087157, 1.2959530869293212, 1.163955313943227, 1.081168833676974, 1.0067045054244994, 0.9548417352167765, 0.9076833233706156, 0.8581043858750661, 0.826104744459788, 0.7875062717405955, 0.7624568167813619, 0.71696706899484, 0.6826626059508324, 0.6473687056827545, 0.6209286926794052, 0.6141434171358744, 0.5773905270751317, 0.5451023414373398, 0.5210777659972509, 0.5077381615575155], 'train_accuracy': [0.4806433333333333, 0.5359666666666667, 0.5851866666666666, 0.6157133333333333, 0.6434766666666667, 0.6627466666666667, 0.67843, 0.6968233333333334, 0.70828, 0.72134, 0.7298066666666667, 0.74752, 0.75973, 0.7721633333333333, 0.78119, 0.78295, 0.7958766666666667, 0.80857, 0.8171233333333333, 0.82031], 'train_f1': [0.47369620766908765, 0.5265919438875794, 0.5794593438497698, 0.6115144930127329, 0.6405917716588791, 0.6610665923896283, 0.6781071366825069, 0.6959281740961841, 0.7046605902337726, 0.7197460381483055, 0.7277899259849877, 0.7466465580827623, 0.7584814799956276, 0.7712686974788433, 0.7818057516740171, 0.7826112994995862, 0.7964145865863527, 0.8076019099762562, 0.8167994134291937, 0.8195875191924957], 'train_mae': [1.90708, 1.7130733333333332, 1.50617, 1.3789566666666666, 1.25915, 1.1888566666666667, 1.1304133333333333, 1.0474, 1.0255933333333334, 0.95334, 0.9366266666666667, 0.8672866666666667, 0.8298933333333334, 0.7782433333333333, 0.7397233333333333, 0.7334166666666667, 0.68801, 0.6399633333333333, 0.6033966666666667, 0.60061], 'val_loss': [1.45334617617925, 1.3305838715235392, 1.2187828297932943, 1.1647198536554972, 1.1166645969708762, 1.0991136569499969, 1.0843242326577505, 1.069147515996297, 1.0674382588068645, 1.0669785933971405, 1.07968021235466, 1.0705895878473917, 1.0874164323329925, 1.0920416438897451, 1.1196044502894085, 1.1652229464054107, 1.1667668127695718, 1.1896285009384155, 1.231228392537435, 1.2645444468180338], 'val_accuracy': [0.4698833333333333, 0.52055, 0.5617833333333333, 0.5837833333333333, 0.6019166666666667, 0.61325, 0.6177833333333334, 0.62775, 0.6284166666666666, 0.63135, 0.63135, 0.63855, 0.6371833333333333, 0.6390833333333333, 0.6345166666666666, 0.63075, 0.6311666666666667, 0.6331666666666667, 0.6300166666666667, 0.626], 'val_f1': [0.462236258526006, 0.5106022607620344, 0.555565586038655, 0.5787475850100151, 0.598074452057342, 0.6106576399412499, 0.6169598543030169, 0.6263027736016655, 0.6235873739420882, 0.6291291354458478, 0.6280896860649964, 0.637015414730289, 0.6351776844965823, 0.6372993429575928, 0.6351147994208141, 0.6295402000217997, 0.6312680386849542, 0.6312527856313317, 0.6292425995593266, 0.6242524258424802], 'val_mae': [1.9579, 1.7856833333333333, 1.6033833333333334, 1.4987333333333333, 1.42595, 1.3878833333333334, 1.3651, 1.32035, 1.3366333333333333, 1.3008, 1.3100333333333334, 1.2823166666666668, 1.29645, 1.28215, 1.28935, 1.3038, 1.2972666666666666, 1.29275, 1.30145, 1.3140333333333334], 'jsd': [(0, 0, 0, 0, 0, 0), (0, 0, 0, 0, 0, 0), (0, 0, 0, 0, 0, 0), (0, 0, 0, 0, 0, 0), (0, 0, 0, 0, 0, 0), (0, 0, 0, 0, 0, 0), (0, 0, 0, 0, 0, 0), (0, 0, 0, 0, 0, 0), (0, 0, 0, 0, 0, 0), (0, 0, 0, 0, 0, 0), (0, 0, 0, 0, 0, 0), (0, 0, 0, 0, 0, 0), (0, 0, 0, 0, 0, 0), (0, 0, 0, 0, 0, 0), (0, 0, 0, 0, 0, 0), (0, 0, 0, 0, 0, 0), (0, 0, 0, 0, 0, 0), (0, 0, 0, 0, 0, 0), (0, 0, 0, 0, 0, 0), (0, 0, 0, 0, 0, 0)]}}
AdaptationManager: Configuring next round...
{'client_registry': {'enabled': True, 'params': {}}, 'client_selector': {'enabled': False, 'params': {}}, 'client_cluster': {'enabled': False, 'params': {}}, 'message_compressor': {'enabled': True, 'params': {}}, 'model_co-versioning_registry': {'enabled': False, 'params': {}}, 'multi-task_model_trainer': {'enabled': False, 'params': {}}, 'heterogeneous_data_handler': {'enabled': False, 'params': {}}}
{'client_selector': {'enabled': False}, 'client_cluster': {'enabled': False}, 'message_compressor': {'enabled': True, 'params': {'enabled_clients': ['Client 1', 'Client 2', 'Client 3', 'Client 4', 'Client 6']}}, 'model_co-versioning_registry': {'enabled': False}, 'multi-task_model_trainer': {'enabled': False}, 'heterogeneous_data_handler': {'enabled': False}, 'client_registry': {'enabled': True, 'params': {}}}
message_compressor activated ✅
