==========================================
  ___  ______  ___ ______       _ 
 / _ \ | ___ \/   ||  ___|     | |
/ /_\ \| |_/ / /| || |_ ___  __| |
|  _  ||  __/ /_| ||  _/ _ \/ _` |
| | | || |  \___  || ||  __/ (_| |
\_| |_/\_|      |_/\_| \___|\__,_| v.1.5.0

==========================================
Simulation Started!
List of the Architectural Patterns enabled:
Adaptation Enabled ✅
Metric: val_f1, predictor-based: predictors/f1overtime_xgboost_selector_text.pkl
Client Registry ✅
Client Selector ✅
 AP Parameters: {'selection_strategy': 'Resource-Based', 'selection_criteria': 'CPU', 'selection_value': 2}
==========================================
Client Client 1 participates in this round. (CPU: 2, RAM: 4)
Client Client 9 has insufficient CPU (1). Will not participate in the next FL round.
Client Client 2 participates in this round. (CPU: 2, RAM: 4)
Client Client 7 has insufficient CPU (1). Will not participate in the next FL round.
Client Client 12 has insufficient CPU (1). Will not participate in the next FL round.
Client Client 8 has insufficient CPU (1). Will not participate in the next FL round.
Client Client 4 participates in this round. (CPU: 2, RAM: 4)
Client Client 11 has insufficient CPU (1). Will not participate in the next FL round.
Client Client 10 has insufficient CPU (1). Will not participate in the next FL round.
Client Client 5 has insufficient CPU (1). Will not participate in the next FL round.
Client Client 3 participates in this round. (CPU: 2, RAM: 4)
Client Client 6 has insufficient CPU (1). Will not participate in the next FL round.
Results Aggregated in 28.52 seconds.
{'TextMLP': {'train_loss': [0.32424755962193014], 'train_accuracy': [0.8792270833333333], 'train_f1': [0.8226068813593979], 'train_mae': [0.1822625], 'val_loss': [2.8719968942592016], 'val_accuracy': [0.5942434210526315], 'val_f1': [0.5154210025109712], 'val_mae': [0.7277302631578947], 'jsd': [(0, 0, 0, 0, 0, 0.22129893392959865, 0.22129893392959865, 0.22129893392959865, 0.22129893392959865, 0, 0, 0)]}}
AdaptationManager: Configuring next round...
{'client_registry': {'enabled': True, 'params': {}}, 'client_selector': {'enabled': True, 'params': {'selection_strategy': 'Resource-Based', 'selection_criteria': 'CPU', 'selection_value': 2}}, 'client_cluster': {'enabled': False, 'params': {}}, 'message_compressor': {'enabled': False, 'params': {}}, 'model_co-versioning_registry': {'enabled': False, 'params': {}}, 'multi-task_model_trainer': {'enabled': False, 'params': {}}, 'heterogeneous_data_handler': {'enabled': False, 'params': {}}}
{'client_selector': {'enabled': True}, 'client_cluster': {'enabled': False}, 'message_compressor': {'enabled': False}, 'model_co-versioning_registry': {'enabled': False}, 'multi-task_model_trainer': {'enabled': False}, 'heterogeneous_data_handler': {'enabled': False}, 'client_registry': {'enabled': True, 'params': {}}}
0.0-iid clients, predicted wo:0.0450 vs w:0.0450, client_selector activated ✅
Client Client 2 participates in this round. (CPU: 2, RAM: 4)
Client Client 7 has insufficient CPU (1). Will not participate in the next FL round.
Client Client 3 participates in this round. (CPU: 2, RAM: 4)
Client Client 12 has insufficient CPU (1). Will not participate in the next FL round.
Client Client 11 has insufficient CPU (1). Will not participate in the next FL round.
Client Client 8 has insufficient CPU (1). Will not participate in the next FL round.
Client Client 4 participates in this round. (CPU: 2, RAM: 4)
Client Client 10 has insufficient CPU (1). Will not participate in the next FL round.
Client Client 5 has insufficient CPU (1). Will not participate in the next FL round.
Client Client 1 participates in this round. (CPU: 2, RAM: 4)
Client Client 6 has insufficient CPU (1). Will not participate in the next FL round.
Client Client 9 has insufficient CPU (1). Will not participate in the next FL round.
Results Aggregated in 11.50 seconds.
{'TextMLP': {'train_loss': [0.32424755962193014, 0.27893770068784557], 'train_accuracy': [0.8792270833333333, 0.895675], 'train_f1': [0.8226068813593979, 0.8510081561502505], 'train_mae': [0.1822625, 0.16050625], 'val_loss': [2.8719968942592016, 4.2949706470338915], 'val_accuracy': [0.5942434210526315, 0.6214144736842104], 'val_f1': [0.5154210025109712, 0.539151341627317], 'val_mae': [0.7277302631578947, 0.6756907894736842], 'jsd': [(0, 0, 0, 0, 0, 0.22129893392959865, 0.22129893392959865, 0.22129893392959865, 0.22129893392959865, 0, 0, 0), (0, 0, 0, 0, 0, 0.22129893392959865, 0.22129893392959865, 0.22129893392959865, 0.22129893392959865, 0, 0, 0)]}}
AdaptationManager: Configuring next round...
{'client_registry': {'enabled': True, 'params': {}}, 'client_selector': {'enabled': True, 'params': {'selection_strategy': 'Resource-Based', 'selection_criteria': 'CPU', 'selection_value': 2}}, 'client_cluster': {'enabled': False, 'params': {}}, 'message_compressor': {'enabled': False, 'params': {}}, 'model_co-versioning_registry': {'enabled': False, 'params': {}}, 'multi-task_model_trainer': {'enabled': False, 'params': {}}, 'heterogeneous_data_handler': {'enabled': False, 'params': {}}}
{'client_selector': {'enabled': True}, 'client_cluster': {'enabled': False}, 'message_compressor': {'enabled': False}, 'model_co-versioning_registry': {'enabled': False}, 'multi-task_model_trainer': {'enabled': False}, 'heterogeneous_data_handler': {'enabled': False}, 'client_registry': {'enabled': True, 'params': {}}}
0.0-iid clients, predicted wo:0.0465 vs w:0.0465, client_selector activated ✅
Client Client 3 participates in this round. (CPU: 2, RAM: 4)
Client Client 4 participates in this round. (CPU: 2, RAM: 4)
Client Client 2 participates in this round. (CPU: 2, RAM: 4)
Client Client 7 has insufficient CPU (1). Will not participate in the next FL round.
Client Client 5 has insufficient CPU (1). Will not participate in the next FL round.
Client Client 9 has insufficient CPU (1). Will not participate in the next FL round.
Client Client 12 has insufficient CPU (1). Will not participate in the next FL round.
Client Client 8 has insufficient CPU (1). Will not participate in the next FL round.
Client Client 6 has insufficient CPU (1). Will not participate in the next FL round.
Client Client 11 has insufficient CPU (1). Will not participate in the next FL round.
Client Client 10 has insufficient CPU (1). Will not participate in the next FL round.
Client Client 1 participates in this round. (CPU: 2, RAM: 4)
Results Aggregated in 10.89 seconds.
{'TextMLP': {'train_loss': [0.32424755962193014, 0.27893770068784557, 0.26349558704197407], 'train_accuracy': [0.8792270833333333, 0.895675, 0.9006375], 'train_f1': [0.8226068813593979, 0.8510081561502505, 0.8589413149154251], 'train_mae': [0.1822625, 0.16050625, 0.15298541666666668], 'val_loss': [2.8719968942592016, 4.2949706470338915, 5.567108674551312], 'val_accuracy': [0.5942434210526315, 0.6214144736842104, 0.6275], 'val_f1': [0.5154210025109712, 0.539151341627317, 0.5441364304669768], 'val_mae': [0.7277302631578947, 0.6756907894736842, 0.6652960526315789], 'jsd': [(0, 0, 0, 0, 0, 0.22129893392959865, 0.22129893392959865, 0.22129893392959865, 0.22129893392959865, 0, 0, 0), (0, 0, 0, 0, 0, 0.22129893392959865, 0.22129893392959865, 0.22129893392959865, 0.22129893392959865, 0, 0, 0), (0, 0, 0, 0, 0, 0.22129893392959865, 0.22129893392959865, 0.22129893392959865, 0.22129893392959865, 0, 0, 0)]}}
AdaptationManager: Configuring next round...
{'client_registry': {'enabled': True, 'params': {}}, 'client_selector': {'enabled': True, 'params': {'selection_strategy': 'Resource-Based', 'selection_criteria': 'CPU', 'selection_value': 2}}, 'client_cluster': {'enabled': False, 'params': {}}, 'message_compressor': {'enabled': False, 'params': {}}, 'model_co-versioning_registry': {'enabled': False, 'params': {}}, 'multi-task_model_trainer': {'enabled': False, 'params': {}}, 'heterogeneous_data_handler': {'enabled': False, 'params': {}}}
{'client_selector': {'enabled': True}, 'client_cluster': {'enabled': False}, 'message_compressor': {'enabled': False}, 'model_co-versioning_registry': {'enabled': False}, 'multi-task_model_trainer': {'enabled': False}, 'heterogeneous_data_handler': {'enabled': False}, 'client_registry': {'enabled': True, 'params': {}}}
0.0-iid clients, predicted wo:0.0475 vs w:0.0475, client_selector activated ✅
Client Client 6 has insufficient CPU (1). Will not participate in the next FL round.
Client Client 12 has insufficient CPU (1). Will not participate in the next FL round.
Client Client 5 has insufficient CPU (1). Will not participate in the next FL round.
Client Client 10 has insufficient CPU (1). Will not participate in the next FL round.
Client Client 7 has insufficient CPU (1). Will not participate in the next FL round.
Client Client 3 participates in this round. (CPU: 2, RAM: 4)
Client Client 1 participates in this round. (CPU: 2, RAM: 4)
Client Client 9 has insufficient CPU (1). Will not participate in the next FL round.
Client Client 8 has insufficient CPU (1). Will not participate in the next FL round.
Client Client 11 has insufficient CPU (1). Will not participate in the next FL round.
Client Client 4 participates in this round. (CPU: 2, RAM: 4)
Client Client 2 participates in this round. (CPU: 2, RAM: 4)
Results Aggregated in 10.26 seconds.
{'TextMLP': {'train_loss': [0.32424755962193014, 0.27893770068784557, 0.26349558704197407, 0.25338057452837626], 'train_accuracy': [0.8792270833333333, 0.895675, 0.9006375, 0.90413125], 'train_f1': [0.8226068813593979, 0.8510081561502505, 0.8589413149154251, 0.8659740021582968], 'train_mae': [0.1822625, 0.16050625, 0.15298541666666668, 0.14839583333333334], 'val_loss': [2.8719968942592016, 4.2949706470338915, 5.567108674551312, 5.898899560727571], 'val_accuracy': [0.5942434210526315, 0.6214144736842104, 0.6275, 0.6379276315789474], 'val_f1': [0.5154210025109712, 0.539151341627317, 0.5441364304669768, 0.5531754107801684], 'val_mae': [0.7277302631578947, 0.6756907894736842, 0.6652960526315789, 0.630328947368421], 'jsd': [(0, 0, 0, 0, 0, 0.22129893392959865, 0.22129893392959865, 0.22129893392959865, 0.22129893392959865, 0, 0, 0), (0, 0, 0, 0, 0, 0.22129893392959865, 0.22129893392959865, 0.22129893392959865, 0.22129893392959865, 0, 0, 0), (0, 0, 0, 0, 0, 0.22129893392959865, 0.22129893392959865, 0.22129893392959865, 0.22129893392959865, 0, 0, 0), (0, 0, 0, 0, 0, 0.22129893392959865, 0.22129893392959865, 0.22129893392959865, 0.22129893392959865, 0, 0, 0)]}}
AdaptationManager: Configuring next round...
{'client_registry': {'enabled': True, 'params': {}}, 'client_selector': {'enabled': True, 'params': {'selection_strategy': 'Resource-Based', 'selection_criteria': 'CPU', 'selection_value': 2}}, 'client_cluster': {'enabled': False, 'params': {}}, 'message_compressor': {'enabled': False, 'params': {}}, 'model_co-versioning_registry': {'enabled': False, 'params': {}}, 'multi-task_model_trainer': {'enabled': False, 'params': {}}, 'heterogeneous_data_handler': {'enabled': False, 'params': {}}}
{'client_selector': {'enabled': True}, 'client_cluster': {'enabled': False}, 'message_compressor': {'enabled': False}, 'model_co-versioning_registry': {'enabled': False}, 'multi-task_model_trainer': {'enabled': False}, 'heterogeneous_data_handler': {'enabled': False}, 'client_registry': {'enabled': True, 'params': {}}}
0.0-iid clients, predicted wo:0.0480 vs w:0.0480, client_selector activated ✅
Client Client 7 has insufficient CPU (1). Will not participate in the next FL round.
Client Client 3 participates in this round. (CPU: 2, RAM: 4)
Client Client 2 participates in this round. (CPU: 2, RAM: 4)
Client Client 1 participates in this round. (CPU: 2, RAM: 4)
Client Client 9 has insufficient CPU (1). Will not participate in the next FL round.
Client Client 5 has insufficient CPU (1). Will not participate in the next FL round.
Client Client 11 has insufficient CPU (1). Will not participate in the next FL round.
Client Client 8 has insufficient CPU (1). Will not participate in the next FL round.
Client Client 12 has insufficient CPU (1). Will not participate in the next FL round.
Client Client 6 has insufficient CPU (1). Will not participate in the next FL round.
Client Client 4 participates in this round. (CPU: 2, RAM: 4)
Client Client 10 has insufficient CPU (1). Will not participate in the next FL round.
Results Aggregated in 10.99 seconds.
{'TextMLP': {'train_loss': [0.32424755962193014, 0.27893770068784557, 0.26349558704197407, 0.25338057452837626, 0.24471645671576261], 'train_accuracy': [0.8792270833333333, 0.895675, 0.9006375, 0.90413125, 0.9072916666666667], 'train_f1': [0.8226068813593979, 0.8510081561502505, 0.8589413149154251, 0.8659740021582968, 0.8701250142778612], 'train_mae': [0.1822625, 0.16050625, 0.15298541666666668, 0.14839583333333334, 0.14364375], 'val_loss': [2.8719968942592016, 4.2949706470338915, 5.567108674551312, 5.898899560727571, 5.936022361705177], 'val_accuracy': [0.5942434210526315, 0.6214144736842104, 0.6275, 0.6379276315789474, 0.6375986842105263], 'val_f1': [0.5154210025109712, 0.539151341627317, 0.5441364304669768, 0.5531754107801684, 0.5529189203666106], 'val_mae': [0.7277302631578947, 0.6756907894736842, 0.6652960526315789, 0.630328947368421, 0.6391776315789474], 'jsd': [(0, 0, 0, 0, 0, 0.22129893392959865, 0.22129893392959865, 0.22129893392959865, 0.22129893392959865, 0, 0, 0), (0, 0, 0, 0, 0, 0.22129893392959865, 0.22129893392959865, 0.22129893392959865, 0.22129893392959865, 0, 0, 0), (0, 0, 0, 0, 0, 0.22129893392959865, 0.22129893392959865, 0.22129893392959865, 0.22129893392959865, 0, 0, 0), (0, 0, 0, 0, 0, 0.22129893392959865, 0.22129893392959865, 0.22129893392959865, 0.22129893392959865, 0, 0, 0), (0, 0, 0, 0, 0, 0.22129893392959865, 0.22129893392959865, 0.22129893392959865, 0.22129893392959865, 0, 0, 0)]}}
AdaptationManager: Configuring next round...
{'client_registry': {'enabled': True, 'params': {}}, 'client_selector': {'enabled': True, 'params': {'selection_strategy': 'Resource-Based', 'selection_criteria': 'CPU', 'selection_value': 2}}, 'client_cluster': {'enabled': False, 'params': {}}, 'message_compressor': {'enabled': False, 'params': {}}, 'model_co-versioning_registry': {'enabled': False, 'params': {}}, 'multi-task_model_trainer': {'enabled': False, 'params': {}}, 'heterogeneous_data_handler': {'enabled': False, 'params': {}}}
{'client_selector': {'enabled': True}, 'client_cluster': {'enabled': False}, 'message_compressor': {'enabled': False}, 'model_co-versioning_registry': {'enabled': False}, 'multi-task_model_trainer': {'enabled': False}, 'heterogeneous_data_handler': {'enabled': False}, 'client_registry': {'enabled': True, 'params': {}}}
0.0-iid clients, predicted wo:0.0475 vs w:0.0475, client_selector activated ✅
Client Client 1 participates in this round. (CPU: 2, RAM: 4)
Client Client 4 participates in this round. (CPU: 2, RAM: 4)
Client Client 5 has insufficient CPU (1). Will not participate in the next FL round.
Client Client 12 has insufficient CPU (1). Will not participate in the next FL round.
Client Client 9 has insufficient CPU (1). Will not participate in the next FL round.
Client Client 2 participates in this round. (CPU: 2, RAM: 4)
Client Client 8 has insufficient CPU (1). Will not participate in the next FL round.
Client Client 11 has insufficient CPU (1). Will not participate in the next FL round.
Client Client 3 participates in this round. (CPU: 2, RAM: 4)
Client Client 6 has insufficient CPU (1). Will not participate in the next FL round.
Client Client 10 has insufficient CPU (1). Will not participate in the next FL round.
Client Client 7 has insufficient CPU (1). Will not participate in the next FL round.
Results Aggregated in 10.47 seconds.
{'TextMLP': {'train_loss': [0.32424755962193014, 0.27893770068784557, 0.26349558704197407, 0.25338057452837626, 0.24471645671576261, 0.2429290641799569], 'train_accuracy': [0.8792270833333333, 0.895675, 0.9006375, 0.90413125, 0.9072916666666667, 0.9083479166666667], 'train_f1': [0.8226068813593979, 0.8510081561502505, 0.8589413149154251, 0.8659740021582968, 0.8701250142778612, 0.871162007742802], 'train_mae': [0.1822625, 0.16050625, 0.15298541666666668, 0.14839583333333334, 0.14364375, 0.14192916666666666], 'val_loss': [2.8719968942592016, 4.2949706470338915, 5.567108674551312, 5.898899560727571, 5.936022361705177, 5.877825392421923], 'val_accuracy': [0.5942434210526315, 0.6214144736842104, 0.6275, 0.6379276315789474, 0.6375986842105263, 0.6382894736842105], 'val_f1': [0.5154210025109712, 0.539151341627317, 0.5441364304669768, 0.5531754107801684, 0.5529189203666106, 0.5533010649272226], 'val_mae': [0.7277302631578947, 0.6756907894736842, 0.6652960526315789, 0.630328947368421, 0.6391776315789474, 0.6440460526315789], 'jsd': [(0, 0, 0, 0, 0, 0.22129893392959865, 0.22129893392959865, 0.22129893392959865, 0.22129893392959865, 0, 0, 0), (0, 0, 0, 0, 0, 0.22129893392959865, 0.22129893392959865, 0.22129893392959865, 0.22129893392959865, 0, 0, 0), (0, 0, 0, 0, 0, 0.22129893392959865, 0.22129893392959865, 0.22129893392959865, 0.22129893392959865, 0, 0, 0), (0, 0, 0, 0, 0, 0.22129893392959865, 0.22129893392959865, 0.22129893392959865, 0.22129893392959865, 0, 0, 0), (0, 0, 0, 0, 0, 0.22129893392959865, 0.22129893392959865, 0.22129893392959865, 0.22129893392959865, 0, 0, 0), (0, 0, 0, 0, 0, 0.22129893392959865, 0.22129893392959865, 0.22129893392959865, 0.22129893392959865, 0, 0, 0)]}}
AdaptationManager: Configuring next round...
{'client_registry': {'enabled': True, 'params': {}}, 'client_selector': {'enabled': True, 'params': {'selection_strategy': 'Resource-Based', 'selection_criteria': 'CPU', 'selection_value': 2}}, 'client_cluster': {'enabled': False, 'params': {}}, 'message_compressor': {'enabled': False, 'params': {}}, 'model_co-versioning_registry': {'enabled': False, 'params': {}}, 'multi-task_model_trainer': {'enabled': False, 'params': {}}, 'heterogeneous_data_handler': {'enabled': False, 'params': {}}}
{'client_selector': {'enabled': True}, 'client_cluster': {'enabled': False}, 'message_compressor': {'enabled': False}, 'model_co-versioning_registry': {'enabled': False}, 'multi-task_model_trainer': {'enabled': False}, 'heterogeneous_data_handler': {'enabled': False}, 'client_registry': {'enabled': True, 'params': {}}}
0.0-iid clients, predicted wo:0.0482 vs w:0.0482, client_selector activated ✅
Client Client 7 has insufficient CPU (1). Will not participate in the next FL round.
Client Client 6 has insufficient CPU (1). Will not participate in the next FL round.
Client Client 10 has insufficient CPU (1). Will not participate in the next FL round.
Client Client 1 participates in this round. (CPU: 2, RAM: 4)
Client Client 12 has insufficient CPU (1). Will not participate in the next FL round.
Client Client 11 has insufficient CPU (1). Will not participate in the next FL round.
Client Client 2 participates in this round. (CPU: 2, RAM: 4)
Client Client 5 has insufficient CPU (1). Will not participate in the next FL round.
Client Client 8 has insufficient CPU (1). Will not participate in the next FL round.
Client Client 9 has insufficient CPU (1). Will not participate in the next FL round.
Client Client 3 participates in this round. (CPU: 2, RAM: 4)
Client Client 4 participates in this round. (CPU: 2, RAM: 4)
Results Aggregated in 11.55 seconds.
{'TextMLP': {'train_loss': [0.32424755962193014, 0.27893770068784557, 0.26349558704197407, 0.25338057452837626, 0.24471645671576261, 0.2429290641799569, 0.24050634206086396], 'train_accuracy': [0.8792270833333333, 0.895675, 0.9006375, 0.90413125, 0.9072916666666667, 0.9083479166666667, 0.9095020833333334], 'train_f1': [0.8226068813593979, 0.8510081561502505, 0.8589413149154251, 0.8659740021582968, 0.8701250142778612, 0.871162007742802, 0.8728454168296997], 'train_mae': [0.1822625, 0.16050625, 0.15298541666666668, 0.14839583333333334, 0.14364375, 0.14192916666666666, 0.13909375], 'val_loss': [2.8719968942592016, 4.2949706470338915, 5.567108674551312, 5.898899560727571, 5.936022361705177, 5.877825392421923, 5.791108399692335], 'val_accuracy': [0.5942434210526315, 0.6214144736842104, 0.6275, 0.6379276315789474, 0.6375986842105263, 0.6382894736842105, 0.639375], 'val_f1': [0.5154210025109712, 0.539151341627317, 0.5441364304669768, 0.5531754107801684, 0.5529189203666106, 0.5533010649272226, 0.5537322772871692], 'val_mae': [0.7277302631578947, 0.6756907894736842, 0.6652960526315789, 0.630328947368421, 0.6391776315789474, 0.6440460526315789, 0.6401315789473685], 'jsd': [(0, 0, 0, 0, 0, 0.22129893392959865, 0.22129893392959865, 0.22129893392959865, 0.22129893392959865, 0, 0, 0), (0, 0, 0, 0, 0, 0.22129893392959865, 0.22129893392959865, 0.22129893392959865, 0.22129893392959865, 0, 0, 0), (0, 0, 0, 0, 0, 0.22129893392959865, 0.22129893392959865, 0.22129893392959865, 0.22129893392959865, 0, 0, 0), (0, 0, 0, 0, 0, 0.22129893392959865, 0.22129893392959865, 0.22129893392959865, 0.22129893392959865, 0, 0, 0), (0, 0, 0, 0, 0, 0.22129893392959865, 0.22129893392959865, 0.22129893392959865, 0.22129893392959865, 0, 0, 0), (0, 0, 0, 0, 0, 0.22129893392959865, 0.22129893392959865, 0.22129893392959865, 0.22129893392959865, 0, 0, 0), (0, 0, 0, 0, 0, 0.22129893392959865, 0.22129893392959865, 0.22129893392959865, 0.22129893392959865, 0, 0, 0)]}}
AdaptationManager: Configuring next round...
{'client_registry': {'enabled': True, 'params': {}}, 'client_selector': {'enabled': True, 'params': {'selection_strategy': 'Resource-Based', 'selection_criteria': 'CPU', 'selection_value': 2}}, 'client_cluster': {'enabled': False, 'params': {}}, 'message_compressor': {'enabled': False, 'params': {}}, 'model_co-versioning_registry': {'enabled': False, 'params': {}}, 'multi-task_model_trainer': {'enabled': False, 'params': {}}, 'heterogeneous_data_handler': {'enabled': False, 'params': {}}}
{'client_selector': {'enabled': True}, 'client_cluster': {'enabled': False}, 'message_compressor': {'enabled': False}, 'model_co-versioning_registry': {'enabled': False}, 'multi-task_model_trainer': {'enabled': False}, 'heterogeneous_data_handler': {'enabled': False}, 'client_registry': {'enabled': True, 'params': {}}}
0.0-iid clients, predicted wo:0.0472 vs w:0.0472, client_selector activated ✅
Client Client 10 has insufficient CPU (1). Will not participate in the next FL round.
Client Client 2 participates in this round. (CPU: 2, RAM: 4)
Client Client 7 has insufficient CPU (1). Will not participate in the next FL round.
Client Client 1 participates in this round. (CPU: 2, RAM: 4)
Client Client 11 has insufficient CPU (1). Will not participate in the next FL round.
Client Client 4 participates in this round. (CPU: 2, RAM: 4)
Client Client 6 has insufficient CPU (1). Will not participate in the next FL round.
Client Client 5 has insufficient CPU (1). Will not participate in the next FL round.
Client Client 3 participates in this round. (CPU: 2, RAM: 4)
Client Client 12 has insufficient CPU (1). Will not participate in the next FL round.
Client Client 8 has insufficient CPU (1). Will not participate in the next FL round.
Client Client 9 has insufficient CPU (1). Will not participate in the next FL round.
Results Aggregated in 10.53 seconds.
{'TextMLP': {'train_loss': [0.32424755962193014, 0.27893770068784557, 0.26349558704197407, 0.25338057452837626, 0.24471645671576261, 0.2429290641799569, 0.24050634206086396, 0.23584058172305425], 'train_accuracy': [0.8792270833333333, 0.895675, 0.9006375, 0.90413125, 0.9072916666666667, 0.9083479166666667, 0.9095020833333334, 0.9121770833333334], 'train_f1': [0.8226068813593979, 0.8510081561502505, 0.8589413149154251, 0.8659740021582968, 0.8701250142778612, 0.871162007742802, 0.8728454168296997, 0.8782669183685704], 'train_mae': [0.1822625, 0.16050625, 0.15298541666666668, 0.14839583333333334, 0.14364375, 0.14192916666666666, 0.13909375, 0.13570625], 'val_loss': [2.8719968942592016, 4.2949706470338915, 5.567108674551312, 5.898899560727571, 5.936022361705177, 5.877825392421923, 5.791108399692335, 5.754606821411535], 'val_accuracy': [0.5942434210526315, 0.6214144736842104, 0.6275, 0.6379276315789474, 0.6375986842105263, 0.6382894736842105, 0.639375, 0.6478618421052631], 'val_f1': [0.5154210025109712, 0.539151341627317, 0.5441364304669768, 0.5531754107801684, 0.5529189203666106, 0.5533010649272226, 0.5537322772871692, 0.5613807259356438], 'val_mae': [0.7277302631578947, 0.6756907894736842, 0.6652960526315789, 0.630328947368421, 0.6391776315789474, 0.6440460526315789, 0.6401315789473685, 0.5961184210526316], 'jsd': [(0, 0, 0, 0, 0, 0.22129893392959865, 0.22129893392959865, 0.22129893392959865, 0.22129893392959865, 0, 0, 0), (0, 0, 0, 0, 0, 0.22129893392959865, 0.22129893392959865, 0.22129893392959865, 0.22129893392959865, 0, 0, 0), (0, 0, 0, 0, 0, 0.22129893392959865, 0.22129893392959865, 0.22129893392959865, 0.22129893392959865, 0, 0, 0), (0, 0, 0, 0, 0, 0.22129893392959865, 0.22129893392959865, 0.22129893392959865, 0.22129893392959865, 0, 0, 0), (0, 0, 0, 0, 0, 0.22129893392959865, 0.22129893392959865, 0.22129893392959865, 0.22129893392959865, 0, 0, 0), (0, 0, 0, 0, 0, 0.22129893392959865, 0.22129893392959865, 0.22129893392959865, 0.22129893392959865, 0, 0, 0), (0, 0, 0, 0, 0, 0.22129893392959865, 0.22129893392959865, 0.22129893392959865, 0.22129893392959865, 0, 0, 0), (0, 0, 0, 0, 0, 0.22129893392959865, 0.22129893392959865, 0.22129893392959865, 0.22129893392959865, 0, 0, 0)]}}
AdaptationManager: Configuring next round...
{'client_registry': {'enabled': True, 'params': {}}, 'client_selector': {'enabled': True, 'params': {'selection_strategy': 'Resource-Based', 'selection_criteria': 'CPU', 'selection_value': 2}}, 'client_cluster': {'enabled': False, 'params': {}}, 'message_compressor': {'enabled': False, 'params': {}}, 'model_co-versioning_registry': {'enabled': False, 'params': {}}, 'multi-task_model_trainer': {'enabled': False, 'params': {}}, 'heterogeneous_data_handler': {'enabled': False, 'params': {}}}
{'client_selector': {'enabled': True}, 'client_cluster': {'enabled': False}, 'message_compressor': {'enabled': False}, 'model_co-versioning_registry': {'enabled': False}, 'multi-task_model_trainer': {'enabled': False}, 'heterogeneous_data_handler': {'enabled': False}, 'client_registry': {'enabled': True, 'params': {}}}
0.0-iid clients, predicted wo:0.0480 vs w:0.0480, client_selector activated ✅
Client Client 9 has insufficient CPU (1). Will not participate in the next FL round.
Client Client 12 has insufficient CPU (1). Will not participate in the next FL round.
Client Client 4 participates in this round. (CPU: 2, RAM: 4)
Client Client 8 has insufficient CPU (1). Will not participate in the next FL round.
Client Client 2 participates in this round. (CPU: 2, RAM: 4)
Client Client 1 participates in this round. (CPU: 2, RAM: 4)
Client Client 10 has insufficient CPU (1). Will not participate in the next FL round.
Client Client 5 has insufficient CPU (1). Will not participate in the next FL round.
Client Client 7 has insufficient CPU (1). Will not participate in the next FL round.
Client Client 11 has insufficient CPU (1). Will not participate in the next FL round.
Client Client 6 has insufficient CPU (1). Will not participate in the next FL round.
Client Client 3 participates in this round. (CPU: 2, RAM: 4)
Results Aggregated in 10.90 seconds.
{'TextMLP': {'train_loss': [0.32424755962193014, 0.27893770068784557, 0.26349558704197407, 0.25338057452837626, 0.24471645671576261, 0.2429290641799569, 0.24050634206086396, 0.23584058172305425, 0.23536871774643658], 'train_accuracy': [0.8792270833333333, 0.895675, 0.9006375, 0.90413125, 0.9072916666666667, 0.9083479166666667, 0.9095020833333334, 0.9121770833333334, 0.9120125], 'train_f1': [0.8226068813593979, 0.8510081561502505, 0.8589413149154251, 0.8659740021582968, 0.8701250142778612, 0.871162007742802, 0.8728454168296997, 0.8782669183685704, 0.8787656577663863], 'train_mae': [0.1822625, 0.16050625, 0.15298541666666668, 0.14839583333333334, 0.14364375, 0.14192916666666666, 0.13909375, 0.13570625, 0.13566458333333334], 'val_loss': [2.8719968942592016, 4.2949706470338915, 5.567108674551312, 5.898899560727571, 5.936022361705177, 5.877825392421923, 5.791108399692335, 5.754606821411535, 5.65688432567998], 'val_accuracy': [0.5942434210526315, 0.6214144736842104, 0.6275, 0.6379276315789474, 0.6375986842105263, 0.6382894736842105, 0.639375, 0.6478618421052631, 0.6514144736842106], 'val_f1': [0.5154210025109712, 0.539151341627317, 0.5441364304669768, 0.5531754107801684, 0.5529189203666106, 0.5533010649272226, 0.5537322772871692, 0.5613807259356438, 0.5643442993756733], 'val_mae': [0.7277302631578947, 0.6756907894736842, 0.6652960526315789, 0.630328947368421, 0.6391776315789474, 0.6440460526315789, 0.6401315789473685, 0.5961184210526316, 0.5835526315789473], 'jsd': [(0, 0, 0, 0, 0, 0.22129893392959865, 0.22129893392959865, 0.22129893392959865, 0.22129893392959865, 0, 0, 0), (0, 0, 0, 0, 0, 0.22129893392959865, 0.22129893392959865, 0.22129893392959865, 0.22129893392959865, 0, 0, 0), (0, 0, 0, 0, 0, 0.22129893392959865, 0.22129893392959865, 0.22129893392959865, 0.22129893392959865, 0, 0, 0), (0, 0, 0, 0, 0, 0.22129893392959865, 0.22129893392959865, 0.22129893392959865, 0.22129893392959865, 0, 0, 0), (0, 0, 0, 0, 0, 0.22129893392959865, 0.22129893392959865, 0.22129893392959865, 0.22129893392959865, 0, 0, 0), (0, 0, 0, 0, 0, 0.22129893392959865, 0.22129893392959865, 0.22129893392959865, 0.22129893392959865, 0, 0, 0), (0, 0, 0, 0, 0, 0.22129893392959865, 0.22129893392959865, 0.22129893392959865, 0.22129893392959865, 0, 0, 0), (0, 0, 0, 0, 0, 0.22129893392959865, 0.22129893392959865, 0.22129893392959865, 0.22129893392959865, 0, 0, 0), (0, 0, 0, 0, 0, 0.22129893392959865, 0.22129893392959865, 0.22129893392959865, 0.22129893392959865, 0, 0, 0)]}}
AdaptationManager: Configuring next round...
{'client_registry': {'enabled': True, 'params': {}}, 'client_selector': {'enabled': True, 'params': {'selection_strategy': 'Resource-Based', 'selection_criteria': 'CPU', 'selection_value': 2}}, 'client_cluster': {'enabled': False, 'params': {}}, 'message_compressor': {'enabled': False, 'params': {}}, 'model_co-versioning_registry': {'enabled': False, 'params': {}}, 'multi-task_model_trainer': {'enabled': False, 'params': {}}, 'heterogeneous_data_handler': {'enabled': False, 'params': {}}}
{'client_selector': {'enabled': True}, 'client_cluster': {'enabled': False}, 'message_compressor': {'enabled': False}, 'model_co-versioning_registry': {'enabled': False}, 'multi-task_model_trainer': {'enabled': False}, 'heterogeneous_data_handler': {'enabled': False}, 'client_registry': {'enabled': True, 'params': {}}}
0.0-iid clients, predicted wo:0.0481 vs w:0.0481, client_selector activated ✅
Client Client 6 has insufficient CPU (1). Will not participate in the next FL round.
Client Client 1 participates in this round. (CPU: 2, RAM: 4)
Client Client 9 has insufficient CPU (1). Will not participate in the next FL round.
Client Client 8 has insufficient CPU (1). Will not participate in the next FL round.
Client Client 7 has insufficient CPU (1). Will not participate in the next FL round.
Client Client 12 has insufficient CPU (1). Will not participate in the next FL round.
Client Client 3 participates in this round. (CPU: 2, RAM: 4)
Client Client 2 participates in this round. (CPU: 2, RAM: 4)
Client Client 10 has insufficient CPU (1). Will not participate in the next FL round.
Client Client 4 participates in this round. (CPU: 2, RAM: 4)
Client Client 11 has insufficient CPU (1). Will not participate in the next FL round.
Client Client 5 has insufficient CPU (1). Will not participate in the next FL round.
Results Aggregated in 12.49 seconds.
{'TextMLP': {'train_loss': [0.32424755962193014, 0.27893770068784557, 0.26349558704197407, 0.25338057452837626, 0.24471645671576261, 0.2429290641799569, 0.24050634206086396, 0.23584058172305425, 0.23536871774643658, 0.2345092582176129], 'train_accuracy': [0.8792270833333333, 0.895675, 0.9006375, 0.90413125, 0.9072916666666667, 0.9083479166666667, 0.9095020833333334, 0.9121770833333334, 0.9120125, 0.9126854166666667], 'train_f1': [0.8226068813593979, 0.8510081561502505, 0.8589413149154251, 0.8659740021582968, 0.8701250142778612, 0.871162007742802, 0.8728454168296997, 0.8782669183685704, 0.8787656577663863, 0.8777468367625748], 'train_mae': [0.1822625, 0.16050625, 0.15298541666666668, 0.14839583333333334, 0.14364375, 0.14192916666666666, 0.13909375, 0.13570625, 0.13566458333333334, 0.13532083333333333], 'val_loss': [2.8719968942592016, 4.2949706470338915, 5.567108674551312, 5.898899560727571, 5.936022361705177, 5.877825392421923, 5.791108399692335, 5.754606821411535, 5.65688432567998, 5.902774902142976], 'val_accuracy': [0.5942434210526315, 0.6214144736842104, 0.6275, 0.6379276315789474, 0.6375986842105263, 0.6382894736842105, 0.639375, 0.6478618421052631, 0.6514144736842106, 0.6399342105263158], 'val_f1': [0.5154210025109712, 0.539151341627317, 0.5441364304669768, 0.5531754107801684, 0.5529189203666106, 0.5533010649272226, 0.5537322772871692, 0.5613807259356438, 0.5643442993756733, 0.5557887643346735], 'val_mae': [0.7277302631578947, 0.6756907894736842, 0.6652960526315789, 0.630328947368421, 0.6391776315789474, 0.6440460526315789, 0.6401315789473685, 0.5961184210526316, 0.5835526315789473, 0.6130592105263157], 'jsd': [(0, 0, 0, 0, 0, 0.22129893392959865, 0.22129893392959865, 0.22129893392959865, 0.22129893392959865, 0, 0, 0), (0, 0, 0, 0, 0, 0.22129893392959865, 0.22129893392959865, 0.22129893392959865, 0.22129893392959865, 0, 0, 0), (0, 0, 0, 0, 0, 0.22129893392959865, 0.22129893392959865, 0.22129893392959865, 0.22129893392959865, 0, 0, 0), (0, 0, 0, 0, 0, 0.22129893392959865, 0.22129893392959865, 0.22129893392959865, 0.22129893392959865, 0, 0, 0), (0, 0, 0, 0, 0, 0.22129893392959865, 0.22129893392959865, 0.22129893392959865, 0.22129893392959865, 0, 0, 0), (0, 0, 0, 0, 0, 0.22129893392959865, 0.22129893392959865, 0.22129893392959865, 0.22129893392959865, 0, 0, 0), (0, 0, 0, 0, 0, 0.22129893392959865, 0.22129893392959865, 0.22129893392959865, 0.22129893392959865, 0, 0, 0), (0, 0, 0, 0, 0, 0.22129893392959865, 0.22129893392959865, 0.22129893392959865, 0.22129893392959865, 0, 0, 0), (0, 0, 0, 0, 0, 0.22129893392959865, 0.22129893392959865, 0.22129893392959865, 0.22129893392959865, 0, 0, 0), (0, 0, 0, 0, 0, 0.22129893392959865, 0.22129893392959865, 0.22129893392959865, 0.22129893392959865, 0, 0, 0)]}}
AdaptationManager: Configuring next round...
{'client_registry': {'enabled': True, 'params': {}}, 'client_selector': {'enabled': True, 'params': {'selection_strategy': 'Resource-Based', 'selection_criteria': 'CPU', 'selection_value': 2}}, 'client_cluster': {'enabled': False, 'params': {}}, 'message_compressor': {'enabled': False, 'params': {}}, 'model_co-versioning_registry': {'enabled': False, 'params': {}}, 'multi-task_model_trainer': {'enabled': False, 'params': {}}, 'heterogeneous_data_handler': {'enabled': False, 'params': {}}}
{'client_selector': {'enabled': True}, 'client_cluster': {'enabled': False}, 'message_compressor': {'enabled': False}, 'model_co-versioning_registry': {'enabled': False}, 'multi-task_model_trainer': {'enabled': False}, 'heterogeneous_data_handler': {'enabled': False}, 'client_registry': {'enabled': True, 'params': {}}}
0.0-iid clients, predicted wo:0.0469 vs w:0.0469, client_selector activated ✅
Client Client 8 has insufficient CPU (1). Will not participate in the next FL round.
Client Client 7 has insufficient CPU (1). Will not participate in the next FL round.
Client Client 4 participates in this round. (CPU: 2, RAM: 4)
Client Client 9 has insufficient CPU (1). Will not participate in the next FL round.
Client Client 12 has insufficient CPU (1). Will not participate in the next FL round.
Client Client 3 participates in this round. (CPU: 2, RAM: 4)
Client Client 2 participates in this round. (CPU: 2, RAM: 4)
Client Client 5 has insufficient CPU (1). Will not participate in the next FL round.
Client Client 11 has insufficient CPU (1). Will not participate in the next FL round.
Client Client 1 participates in this round. (CPU: 2, RAM: 4)
Client Client 10 has insufficient CPU (1). Will not participate in the next FL round.
Client Client 6 has insufficient CPU (1). Will not participate in the next FL round.
Results Aggregated in 12.40 seconds.
{'TextMLP': {'train_loss': [0.32424755962193014, 0.27893770068784557, 0.26349558704197407, 0.25338057452837626, 0.24471645671576261, 0.2429290641799569, 0.24050634206086396, 0.23584058172305425, 0.23536871774643658, 0.2345092582176129, 0.22731618640025456], 'train_accuracy': [0.8792270833333333, 0.895675, 0.9006375, 0.90413125, 0.9072916666666667, 0.9083479166666667, 0.9095020833333334, 0.9121770833333334, 0.9120125, 0.9126854166666667, 0.91495625], 'train_f1': [0.8226068813593979, 0.8510081561502505, 0.8589413149154251, 0.8659740021582968, 0.8701250142778612, 0.871162007742802, 0.8728454168296997, 0.8782669183685704, 0.8787656577663863, 0.8777468367625748, 0.8807576838509618], 'train_mae': [0.1822625, 0.16050625, 0.15298541666666668, 0.14839583333333334, 0.14364375, 0.14192916666666666, 0.13909375, 0.13570625, 0.13566458333333334, 0.13532083333333333, 0.13182708333333334], 'val_loss': [2.8719968942592016, 4.2949706470338915, 5.567108674551312, 5.898899560727571, 5.936022361705177, 5.877825392421923, 5.791108399692335, 5.754606821411535, 5.65688432567998, 5.902774902142976, 5.962157267520302], 'val_accuracy': [0.5942434210526315, 0.6214144736842104, 0.6275, 0.6379276315789474, 0.6375986842105263, 0.6382894736842105, 0.639375, 0.6478618421052631, 0.6514144736842106, 0.6399342105263158, 0.6426644736842105], 'val_f1': [0.5154210025109712, 0.539151341627317, 0.5441364304669768, 0.5531754107801684, 0.5529189203666106, 0.5533010649272226, 0.5537322772871692, 0.5613807259356438, 0.5643442993756733, 0.5557887643346735, 0.5574863070085643], 'val_mae': [0.7277302631578947, 0.6756907894736842, 0.6652960526315789, 0.630328947368421, 0.6391776315789474, 0.6440460526315789, 0.6401315789473685, 0.5961184210526316, 0.5835526315789473, 0.6130592105263157, 0.6250328947368421], 'jsd': [(0, 0, 0, 0, 0, 0.22129893392959865, 0.22129893392959865, 0.22129893392959865, 0.22129893392959865, 0, 0, 0), (0, 0, 0, 0, 0, 0.22129893392959865, 0.22129893392959865, 0.22129893392959865, 0.22129893392959865, 0, 0, 0), (0, 0, 0, 0, 0, 0.22129893392959865, 0.22129893392959865, 0.22129893392959865, 0.22129893392959865, 0, 0, 0), (0, 0, 0, 0, 0, 0.22129893392959865, 0.22129893392959865, 0.22129893392959865, 0.22129893392959865, 0, 0, 0), (0, 0, 0, 0, 0, 0.22129893392959865, 0.22129893392959865, 0.22129893392959865, 0.22129893392959865, 0, 0, 0), (0, 0, 0, 0, 0, 0.22129893392959865, 0.22129893392959865, 0.22129893392959865, 0.22129893392959865, 0, 0, 0), (0, 0, 0, 0, 0, 0.22129893392959865, 0.22129893392959865, 0.22129893392959865, 0.22129893392959865, 0, 0, 0), (0, 0, 0, 0, 0, 0.22129893392959865, 0.22129893392959865, 0.22129893392959865, 0.22129893392959865, 0, 0, 0), (0, 0, 0, 0, 0, 0.22129893392959865, 0.22129893392959865, 0.22129893392959865, 0.22129893392959865, 0, 0, 0), (0, 0, 0, 0, 0, 0.22129893392959865, 0.22129893392959865, 0.22129893392959865, 0.22129893392959865, 0, 0, 0), (0, 0, 0, 0, 0, 0.22129893392959865, 0.22129893392959865, 0.22129893392959865, 0.22129893392959865, 0, 0, 0)]}}
AdaptationManager: Configuring next round...
{'client_registry': {'enabled': True, 'params': {}}, 'client_selector': {'enabled': True, 'params': {'selection_strategy': 'Resource-Based', 'selection_criteria': 'CPU', 'selection_value': 2}}, 'client_cluster': {'enabled': False, 'params': {}}, 'message_compressor': {'enabled': False, 'params': {}}, 'model_co-versioning_registry': {'enabled': False, 'params': {}}, 'multi-task_model_trainer': {'enabled': False, 'params': {}}, 'heterogeneous_data_handler': {'enabled': False, 'params': {}}}
{'client_selector': {'enabled': True}, 'client_cluster': {'enabled': False}, 'message_compressor': {'enabled': False}, 'model_co-versioning_registry': {'enabled': False}, 'multi-task_model_trainer': {'enabled': False}, 'heterogeneous_data_handler': {'enabled': False}, 'client_registry': {'enabled': True, 'params': {}}}
0.0-iid clients, predicted wo:0.0465 vs w:0.0465, client_selector activated ✅
Client Client 4 participates in this round. (CPU: 2, RAM: 4)
Client Client 5 has insufficient CPU (1). Will not participate in the next FL round.
Client Client 10 has insufficient CPU (1). Will not participate in the next FL round.
Client Client 7 has insufficient CPU (1). Will not participate in the next FL round.
Client Client 9 has insufficient CPU (1). Will not participate in the next FL round.
Client Client 2 participates in this round. (CPU: 2, RAM: 4)
Client Client 6 has insufficient CPU (1). Will not participate in the next FL round.
Client Client 8 has insufficient CPU (1). Will not participate in the next FL round.
Client Client 1 participates in this round. (CPU: 2, RAM: 4)
Client Client 11 has insufficient CPU (1). Will not participate in the next FL round.
Client Client 12 has insufficient CPU (1). Will not participate in the next FL round.
Client Client 3 participates in this round. (CPU: 2, RAM: 4)
Results Aggregated in 11.57 seconds.
{'TextMLP': {'train_loss': [0.32424755962193014, 0.27893770068784557, 0.26349558704197407, 0.25338057452837626, 0.24471645671576261, 0.2429290641799569, 0.24050634206086396, 0.23584058172305425, 0.23536871774643658, 0.2345092582176129, 0.22731618640025456, 0.22897823121299346], 'train_accuracy': [0.8792270833333333, 0.895675, 0.9006375, 0.90413125, 0.9072916666666667, 0.9083479166666667, 0.9095020833333334, 0.9121770833333334, 0.9120125, 0.9126854166666667, 0.91495625, 0.91429375], 'train_f1': [0.8226068813593979, 0.8510081561502505, 0.8589413149154251, 0.8659740021582968, 0.8701250142778612, 0.871162007742802, 0.8728454168296997, 0.8782669183685704, 0.8787656577663863, 0.8777468367625748, 0.8807576838509618, 0.8790664520037722], 'train_mae': [0.1822625, 0.16050625, 0.15298541666666668, 0.14839583333333334, 0.14364375, 0.14192916666666666, 0.13909375, 0.13570625, 0.13566458333333334, 0.13532083333333333, 0.13182708333333334, 0.132125], 'val_loss': [2.8719968942592016, 4.2949706470338915, 5.567108674551312, 5.898899560727571, 5.936022361705177, 5.877825392421923, 5.791108399692335, 5.754606821411535, 5.65688432567998, 5.902774902142976, 5.962157267520302, 5.990961596338372], 'val_accuracy': [0.5942434210526315, 0.6214144736842104, 0.6275, 0.6379276315789474, 0.6375986842105263, 0.6382894736842105, 0.639375, 0.6478618421052631, 0.6514144736842106, 0.6399342105263158, 0.6426644736842105, 0.6407565789473685], 'val_f1': [0.5154210025109712, 0.539151341627317, 0.5441364304669768, 0.5531754107801684, 0.5529189203666106, 0.5533010649272226, 0.5537322772871692, 0.5613807259356438, 0.5643442993756733, 0.5557887643346735, 0.5574863070085643, 0.5558547707841177], 'val_mae': [0.7277302631578947, 0.6756907894736842, 0.6652960526315789, 0.630328947368421, 0.6391776315789474, 0.6440460526315789, 0.6401315789473685, 0.5961184210526316, 0.5835526315789473, 0.6130592105263157, 0.6250328947368421, 0.6329605263157895], 'jsd': [(0, 0, 0, 0, 0, 0.22129893392959865, 0.22129893392959865, 0.22129893392959865, 0.22129893392959865, 0, 0, 0), (0, 0, 0, 0, 0, 0.22129893392959865, 0.22129893392959865, 0.22129893392959865, 0.22129893392959865, 0, 0, 0), (0, 0, 0, 0, 0, 0.22129893392959865, 0.22129893392959865, 0.22129893392959865, 0.22129893392959865, 0, 0, 0), (0, 0, 0, 0, 0, 0.22129893392959865, 0.22129893392959865, 0.22129893392959865, 0.22129893392959865, 0, 0, 0), (0, 0, 0, 0, 0, 0.22129893392959865, 0.22129893392959865, 0.22129893392959865, 0.22129893392959865, 0, 0, 0), (0, 0, 0, 0, 0, 0.22129893392959865, 0.22129893392959865, 0.22129893392959865, 0.22129893392959865, 0, 0, 0), (0, 0, 0, 0, 0, 0.22129893392959865, 0.22129893392959865, 0.22129893392959865, 0.22129893392959865, 0, 0, 0), (0, 0, 0, 0, 0, 0.22129893392959865, 0.22129893392959865, 0.22129893392959865, 0.22129893392959865, 0, 0, 0), (0, 0, 0, 0, 0, 0.22129893392959865, 0.22129893392959865, 0.22129893392959865, 0.22129893392959865, 0, 0, 0), (0, 0, 0, 0, 0, 0.22129893392959865, 0.22129893392959865, 0.22129893392959865, 0.22129893392959865, 0, 0, 0), (0, 0, 0, 0, 0, 0.22129893392959865, 0.22129893392959865, 0.22129893392959865, 0.22129893392959865, 0, 0, 0), (0, 0, 0, 0, 0, 0.22129893392959865, 0.22129893392959865, 0.22129893392959865, 0.22129893392959865, 0, 0, 0)]}}
AdaptationManager: Configuring next round...
{'client_registry': {'enabled': True, 'params': {}}, 'client_selector': {'enabled': True, 'params': {'selection_strategy': 'Resource-Based', 'selection_criteria': 'CPU', 'selection_value': 2}}, 'client_cluster': {'enabled': False, 'params': {}}, 'message_compressor': {'enabled': False, 'params': {}}, 'model_co-versioning_registry': {'enabled': False, 'params': {}}, 'multi-task_model_trainer': {'enabled': False, 'params': {}}, 'heterogeneous_data_handler': {'enabled': False, 'params': {}}}
{'client_selector': {'enabled': True}, 'client_cluster': {'enabled': False}, 'message_compressor': {'enabled': False}, 'model_co-versioning_registry': {'enabled': False}, 'multi-task_model_trainer': {'enabled': False}, 'heterogeneous_data_handler': {'enabled': False}, 'client_registry': {'enabled': True, 'params': {}}}
0.0-iid clients, predicted wo:0.0472 vs w:0.0472, client_selector activated ✅
Client Client 3 participates in this round. (CPU: 2, RAM: 4)
Client Client 5 has insufficient CPU (1). Will not participate in the next FL round.
Client Client 1 participates in this round. (CPU: 2, RAM: 4)
Client Client 10 has insufficient CPU (1). Will not participate in the next FL round.
Client Client 6 has insufficient CPU (1). Will not participate in the next FL round.
Client Client 7 has insufficient CPU (1). Will not participate in the next FL round.
Client Client 2 participates in this round. (CPU: 2, RAM: 4)
Client Client 9 has insufficient CPU (1). Will not participate in the next FL round.
Client Client 12 has insufficient CPU (1). Will not participate in the next FL round.
Client Client 11 has insufficient CPU (1). Will not participate in the next FL round.
Client Client 4 participates in this round. (CPU: 2, RAM: 4)
Client Client 8 has insufficient CPU (1). Will not participate in the next FL round.
Results Aggregated in 10.49 seconds.
{'TextMLP': {'train_loss': [0.32424755962193014, 0.27893770068784557, 0.26349558704197407, 0.25338057452837626, 0.24471645671576261, 0.2429290641799569, 0.24050634206086396, 0.23584058172305425, 0.23536871774643658, 0.2345092582176129, 0.22731618640025456, 0.22897823121299346, 0.22280732126881678], 'train_accuracy': [0.8792270833333333, 0.895675, 0.9006375, 0.90413125, 0.9072916666666667, 0.9083479166666667, 0.9095020833333334, 0.9121770833333334, 0.9120125, 0.9126854166666667, 0.91495625, 0.91429375, 0.9174916666666667], 'train_f1': [0.8226068813593979, 0.8510081561502505, 0.8589413149154251, 0.8659740021582968, 0.8701250142778612, 0.871162007742802, 0.8728454168296997, 0.8782669183685704, 0.8787656577663863, 0.8777468367625748, 0.8807576838509618, 0.8790664520037722, 0.8844916742038605], 'train_mae': [0.1822625, 0.16050625, 0.15298541666666668, 0.14839583333333334, 0.14364375, 0.14192916666666666, 0.13909375, 0.13570625, 0.13566458333333334, 0.13532083333333333, 0.13182708333333334, 0.132125, 0.128175], 'val_loss': [2.8719968942592016, 4.2949706470338915, 5.567108674551312, 5.898899560727571, 5.936022361705177, 5.877825392421923, 5.791108399692335, 5.754606821411535, 5.65688432567998, 5.902774902142976, 5.962157267520302, 5.990961596338372, 6.153585749174419], 'val_accuracy': [0.5942434210526315, 0.6214144736842104, 0.6275, 0.6379276315789474, 0.6375986842105263, 0.6382894736842105, 0.639375, 0.6478618421052631, 0.6514144736842106, 0.6399342105263158, 0.6426644736842105, 0.6407565789473685, 0.6464802631578948], 'val_f1': [0.5154210025109712, 0.539151341627317, 0.5441364304669768, 0.5531754107801684, 0.5529189203666106, 0.5533010649272226, 0.5537322772871692, 0.5613807259356438, 0.5643442993756733, 0.5557887643346735, 0.5574863070085643, 0.5558547707841177, 0.5608721626913483], 'val_mae': [0.7277302631578947, 0.6756907894736842, 0.6652960526315789, 0.630328947368421, 0.6391776315789474, 0.6440460526315789, 0.6401315789473685, 0.5961184210526316, 0.5835526315789473, 0.6130592105263157, 0.6250328947368421, 0.6329605263157895, 0.5988486842105263], 'jsd': [(0, 0, 0, 0, 0, 0.22129893392959865, 0.22129893392959865, 0.22129893392959865, 0.22129893392959865, 0, 0, 0), (0, 0, 0, 0, 0, 0.22129893392959865, 0.22129893392959865, 0.22129893392959865, 0.22129893392959865, 0, 0, 0), (0, 0, 0, 0, 0, 0.22129893392959865, 0.22129893392959865, 0.22129893392959865, 0.22129893392959865, 0, 0, 0), (0, 0, 0, 0, 0, 0.22129893392959865, 0.22129893392959865, 0.22129893392959865, 0.22129893392959865, 0, 0, 0), (0, 0, 0, 0, 0, 0.22129893392959865, 0.22129893392959865, 0.22129893392959865, 0.22129893392959865, 0, 0, 0), (0, 0, 0, 0, 0, 0.22129893392959865, 0.22129893392959865, 0.22129893392959865, 0.22129893392959865, 0, 0, 0), (0, 0, 0, 0, 0, 0.22129893392959865, 0.22129893392959865, 0.22129893392959865, 0.22129893392959865, 0, 0, 0), (0, 0, 0, 0, 0, 0.22129893392959865, 0.22129893392959865, 0.22129893392959865, 0.22129893392959865, 0, 0, 0), (0, 0, 0, 0, 0, 0.22129893392959865, 0.22129893392959865, 0.22129893392959865, 0.22129893392959865, 0, 0, 0), (0, 0, 0, 0, 0, 0.22129893392959865, 0.22129893392959865, 0.22129893392959865, 0.22129893392959865, 0, 0, 0), (0, 0, 0, 0, 0, 0.22129893392959865, 0.22129893392959865, 0.22129893392959865, 0.22129893392959865, 0, 0, 0), (0, 0, 0, 0, 0, 0.22129893392959865, 0.22129893392959865, 0.22129893392959865, 0.22129893392959865, 0, 0, 0), (0, 0, 0, 0, 0, 0.22129893392959865, 0.22129893392959865, 0.22129893392959865, 0.22129893392959865, 0, 0, 0)]}}
AdaptationManager: Configuring next round...
{'client_registry': {'enabled': True, 'params': {}}, 'client_selector': {'enabled': True, 'params': {'selection_strategy': 'Resource-Based', 'selection_criteria': 'CPU', 'selection_value': 2}}, 'client_cluster': {'enabled': False, 'params': {}}, 'message_compressor': {'enabled': False, 'params': {}}, 'model_co-versioning_registry': {'enabled': False, 'params': {}}, 'multi-task_model_trainer': {'enabled': False, 'params': {}}, 'heterogeneous_data_handler': {'enabled': False, 'params': {}}}
{'client_selector': {'enabled': True}, 'client_cluster': {'enabled': False}, 'message_compressor': {'enabled': False}, 'model_co-versioning_registry': {'enabled': False}, 'multi-task_model_trainer': {'enabled': False}, 'heterogeneous_data_handler': {'enabled': False}, 'client_registry': {'enabled': True, 'params': {}}}
0.0-iid clients, predicted wo:0.0480 vs w:0.0480, client_selector activated ✅
Client Client 1 participates in this round. (CPU: 2, RAM: 4)
Client Client 8 has insufficient CPU (1). Will not participate in the next FL round.
Client Client 5 has insufficient CPU (1). Will not participate in the next FL round.
Client Client 11 has insufficient CPU (1). Will not participate in the next FL round.
Client Client 9 has insufficient CPU (1). Will not participate in the next FL round.
Client Client 7 has insufficient CPU (1). Will not participate in the next FL round.
Client Client 4 participates in this round. (CPU: 2, RAM: 4)
Client Client 6 has insufficient CPU (1). Will not participate in the next FL round.
Client Client 3 participates in this round. (CPU: 2, RAM: 4)
Client Client 2 participates in this round. (CPU: 2, RAM: 4)
Client Client 12 has insufficient CPU (1). Will not participate in the next FL round.
Client Client 10 has insufficient CPU (1). Will not participate in the next FL round.
Results Aggregated in 10.52 seconds.
{'TextMLP': {'train_loss': [0.32424755962193014, 0.27893770068784557, 0.26349558704197407, 0.25338057452837626, 0.24471645671576261, 0.2429290641799569, 0.24050634206086396, 0.23584058172305425, 0.23536871774643658, 0.2345092582176129, 0.22731618640025456, 0.22897823121299346, 0.22280732126881678, 0.21859631314526], 'train_accuracy': [0.8792270833333333, 0.895675, 0.9006375, 0.90413125, 0.9072916666666667, 0.9083479166666667, 0.9095020833333334, 0.9121770833333334, 0.9120125, 0.9126854166666667, 0.91495625, 0.91429375, 0.9174916666666667, 0.9191354166666666], 'train_f1': [0.8226068813593979, 0.8510081561502505, 0.8589413149154251, 0.8659740021582968, 0.8701250142778612, 0.871162007742802, 0.8728454168296997, 0.8782669183685704, 0.8787656577663863, 0.8777468367625748, 0.8807576838509618, 0.8790664520037722, 0.8844916742038605, 0.886022615667202], 'train_mae': [0.1822625, 0.16050625, 0.15298541666666668, 0.14839583333333334, 0.14364375, 0.14192916666666666, 0.13909375, 0.13570625, 0.13566458333333334, 0.13532083333333333, 0.13182708333333334, 0.132125, 0.128175, 0.12558125], 'val_loss': [2.8719968942592016, 4.2949706470338915, 5.567108674551312, 5.898899560727571, 5.936022361705177, 5.877825392421923, 5.791108399692335, 5.754606821411535, 5.65688432567998, 5.902774902142976, 5.962157267520302, 5.990961596338372, 6.153585749174419, 6.185370998131601], 'val_accuracy': [0.5942434210526315, 0.6214144736842104, 0.6275, 0.6379276315789474, 0.6375986842105263, 0.6382894736842105, 0.639375, 0.6478618421052631, 0.6514144736842106, 0.6399342105263158, 0.6426644736842105, 0.6407565789473685, 0.6464802631578948, 0.6433552631578948], 'val_f1': [0.5154210025109712, 0.539151341627317, 0.5441364304669768, 0.5531754107801684, 0.5529189203666106, 0.5533010649272226, 0.5537322772871692, 0.5613807259356438, 0.5643442993756733, 0.5557887643346735, 0.5574863070085643, 0.5558547707841177, 0.5608721626913483, 0.5582893565111384], 'val_mae': [0.7277302631578947, 0.6756907894736842, 0.6652960526315789, 0.630328947368421, 0.6391776315789474, 0.6440460526315789, 0.6401315789473685, 0.5961184210526316, 0.5835526315789473, 0.6130592105263157, 0.6250328947368421, 0.6329605263157895, 0.5988486842105263, 0.6202631578947368], 'jsd': [(0, 0, 0, 0, 0, 0.22129893392959865, 0.22129893392959865, 0.22129893392959865, 0.22129893392959865, 0, 0, 0), (0, 0, 0, 0, 0, 0.22129893392959865, 0.22129893392959865, 0.22129893392959865, 0.22129893392959865, 0, 0, 0), (0, 0, 0, 0, 0, 0.22129893392959865, 0.22129893392959865, 0.22129893392959865, 0.22129893392959865, 0, 0, 0), (0, 0, 0, 0, 0, 0.22129893392959865, 0.22129893392959865, 0.22129893392959865, 0.22129893392959865, 0, 0, 0), (0, 0, 0, 0, 0, 0.22129893392959865, 0.22129893392959865, 0.22129893392959865, 0.22129893392959865, 0, 0, 0), (0, 0, 0, 0, 0, 0.22129893392959865, 0.22129893392959865, 0.22129893392959865, 0.22129893392959865, 0, 0, 0), (0, 0, 0, 0, 0, 0.22129893392959865, 0.22129893392959865, 0.22129893392959865, 0.22129893392959865, 0, 0, 0), (0, 0, 0, 0, 0, 0.22129893392959865, 0.22129893392959865, 0.22129893392959865, 0.22129893392959865, 0, 0, 0), (0, 0, 0, 0, 0, 0.22129893392959865, 0.22129893392959865, 0.22129893392959865, 0.22129893392959865, 0, 0, 0), (0, 0, 0, 0, 0, 0.22129893392959865, 0.22129893392959865, 0.22129893392959865, 0.22129893392959865, 0, 0, 0), (0, 0, 0, 0, 0, 0.22129893392959865, 0.22129893392959865, 0.22129893392959865, 0.22129893392959865, 0, 0, 0), (0, 0, 0, 0, 0, 0.22129893392959865, 0.22129893392959865, 0.22129893392959865, 0.22129893392959865, 0, 0, 0), (0, 0, 0, 0, 0, 0.22129893392959865, 0.22129893392959865, 0.22129893392959865, 0.22129893392959865, 0, 0, 0), (0, 0, 0, 0, 0, 0.22129893392959865, 0.22129893392959865, 0.22129893392959865, 0.22129893392959865, 0, 0, 0)]}}
AdaptationManager: Configuring next round...
{'client_registry': {'enabled': True, 'params': {}}, 'client_selector': {'enabled': True, 'params': {'selection_strategy': 'Resource-Based', 'selection_criteria': 'CPU', 'selection_value': 2}}, 'client_cluster': {'enabled': False, 'params': {}}, 'message_compressor': {'enabled': False, 'params': {}}, 'model_co-versioning_registry': {'enabled': False, 'params': {}}, 'multi-task_model_trainer': {'enabled': False, 'params': {}}, 'heterogeneous_data_handler': {'enabled': False, 'params': {}}}
{'client_selector': {'enabled': True}, 'client_cluster': {'enabled': False}, 'message_compressor': {'enabled': False}, 'model_co-versioning_registry': {'enabled': False}, 'multi-task_model_trainer': {'enabled': False}, 'heterogeneous_data_handler': {'enabled': False}, 'client_registry': {'enabled': True, 'params': {}}}
0.0-iid clients, predicted wo:0.0482 vs w:0.0482, client_selector activated ✅
Client Client 6 has insufficient CPU (1). Will not participate in the next FL round.
Client Client 11 has insufficient CPU (1). Will not participate in the next FL round.
Client Client 5 has insufficient CPU (1). Will not participate in the next FL round.
Client Client 12 has insufficient CPU (1). Will not participate in the next FL round.
Client Client 8 has insufficient CPU (1). Will not participate in the next FL round.
Client Client 4 participates in this round. (CPU: 2, RAM: 4)
Client Client 1 participates in this round. (CPU: 2, RAM: 4)
Client Client 3 participates in this round. (CPU: 2, RAM: 4)
Client Client 10 has insufficient CPU (1). Will not participate in the next FL round.
Client Client 9 has insufficient CPU (1). Will not participate in the next FL round.
Client Client 7 has insufficient CPU (1). Will not participate in the next FL round.
Client Client 2 participates in this round. (CPU: 2, RAM: 4)
Results Aggregated in 10.99 seconds.
{'TextMLP': {'train_loss': [0.32424755962193014, 0.27893770068784557, 0.26349558704197407, 0.25338057452837626, 0.24471645671576261, 0.2429290641799569, 0.24050634206086396, 0.23584058172305425, 0.23536871774643658, 0.2345092582176129, 0.22731618640025456, 0.22897823121299346, 0.22280732126881678, 0.21859631314526, 0.21593337953935066], 'train_accuracy': [0.8792270833333333, 0.895675, 0.9006375, 0.90413125, 0.9072916666666667, 0.9083479166666667, 0.9095020833333334, 0.9121770833333334, 0.9120125, 0.9126854166666667, 0.91495625, 0.91429375, 0.9174916666666667, 0.9191354166666666, 0.9203708333333334], 'train_f1': [0.8226068813593979, 0.8510081561502505, 0.8589413149154251, 0.8659740021582968, 0.8701250142778612, 0.871162007742802, 0.8728454168296997, 0.8782669183685704, 0.8787656577663863, 0.8777468367625748, 0.8807576838509618, 0.8790664520037722, 0.8844916742038605, 0.886022615667202, 0.888277963854197], 'train_mae': [0.1822625, 0.16050625, 0.15298541666666668, 0.14839583333333334, 0.14364375, 0.14192916666666666, 0.13909375, 0.13570625, 0.13566458333333334, 0.13532083333333333, 0.13182708333333334, 0.132125, 0.128175, 0.12558125, 0.12360833333333333], 'val_loss': [2.8719968942592016, 4.2949706470338915, 5.567108674551312, 5.898899560727571, 5.936022361705177, 5.877825392421923, 5.791108399692335, 5.754606821411535, 5.65688432567998, 5.902774902142976, 5.962157267520302, 5.990961596338372, 6.153585749174419, 6.185370998131601, 6.1147483386491475], 'val_accuracy': [0.5942434210526315, 0.6214144736842104, 0.6275, 0.6379276315789474, 0.6375986842105263, 0.6382894736842105, 0.639375, 0.6478618421052631, 0.6514144736842106, 0.6399342105263158, 0.6426644736842105, 0.6407565789473685, 0.6464802631578948, 0.6433552631578948, 0.6498684210526315], 'val_f1': [0.5154210025109712, 0.539151341627317, 0.5441364304669768, 0.5531754107801684, 0.5529189203666106, 0.5533010649272226, 0.5537322772871692, 0.5613807259356438, 0.5643442993756733, 0.5557887643346735, 0.5574863070085643, 0.5558547707841177, 0.5608721626913483, 0.5582893565111384, 0.5631148096209939], 'val_mae': [0.7277302631578947, 0.6756907894736842, 0.6652960526315789, 0.630328947368421, 0.6391776315789474, 0.6440460526315789, 0.6401315789473685, 0.5961184210526316, 0.5835526315789473, 0.6130592105263157, 0.6250328947368421, 0.6329605263157895, 0.5988486842105263, 0.6202631578947368, 0.6001973684210526], 'jsd': [(0, 0, 0, 0, 0, 0.22129893392959865, 0.22129893392959865, 0.22129893392959865, 0.22129893392959865, 0, 0, 0), (0, 0, 0, 0, 0, 0.22129893392959865, 0.22129893392959865, 0.22129893392959865, 0.22129893392959865, 0, 0, 0), (0, 0, 0, 0, 0, 0.22129893392959865, 0.22129893392959865, 0.22129893392959865, 0.22129893392959865, 0, 0, 0), (0, 0, 0, 0, 0, 0.22129893392959865, 0.22129893392959865, 0.22129893392959865, 0.22129893392959865, 0, 0, 0), (0, 0, 0, 0, 0, 0.22129893392959865, 0.22129893392959865, 0.22129893392959865, 0.22129893392959865, 0, 0, 0), (0, 0, 0, 0, 0, 0.22129893392959865, 0.22129893392959865, 0.22129893392959865, 0.22129893392959865, 0, 0, 0), (0, 0, 0, 0, 0, 0.22129893392959865, 0.22129893392959865, 0.22129893392959865, 0.22129893392959865, 0, 0, 0), (0, 0, 0, 0, 0, 0.22129893392959865, 0.22129893392959865, 0.22129893392959865, 0.22129893392959865, 0, 0, 0), (0, 0, 0, 0, 0, 0.22129893392959865, 0.22129893392959865, 0.22129893392959865, 0.22129893392959865, 0, 0, 0), (0, 0, 0, 0, 0, 0.22129893392959865, 0.22129893392959865, 0.22129893392959865, 0.22129893392959865, 0, 0, 0), (0, 0, 0, 0, 0, 0.22129893392959865, 0.22129893392959865, 0.22129893392959865, 0.22129893392959865, 0, 0, 0), (0, 0, 0, 0, 0, 0.22129893392959865, 0.22129893392959865, 0.22129893392959865, 0.22129893392959865, 0, 0, 0), (0, 0, 0, 0, 0, 0.22129893392959865, 0.22129893392959865, 0.22129893392959865, 0.22129893392959865, 0, 0, 0), (0, 0, 0, 0, 0, 0.22129893392959865, 0.22129893392959865, 0.22129893392959865, 0.22129893392959865, 0, 0, 0), (0, 0, 0, 0, 0, 0.22129893392959865, 0.22129893392959865, 0.22129893392959865, 0.22129893392959865, 0, 0, 0)]}}
AdaptationManager: Configuring next round...
{'client_registry': {'enabled': True, 'params': {}}, 'client_selector': {'enabled': True, 'params': {'selection_strategy': 'Resource-Based', 'selection_criteria': 'CPU', 'selection_value': 2}}, 'client_cluster': {'enabled': False, 'params': {}}, 'message_compressor': {'enabled': False, 'params': {}}, 'model_co-versioning_registry': {'enabled': False, 'params': {}}, 'multi-task_model_trainer': {'enabled': False, 'params': {}}, 'heterogeneous_data_handler': {'enabled': False, 'params': {}}}
{'client_selector': {'enabled': True}, 'client_cluster': {'enabled': False}, 'message_compressor': {'enabled': False}, 'model_co-versioning_registry': {'enabled': False}, 'multi-task_model_trainer': {'enabled': False}, 'heterogeneous_data_handler': {'enabled': False}, 'client_registry': {'enabled': True, 'params': {}}}
0.0-iid clients, predicted wo:0.0474 vs w:0.0474, client_selector activated ✅
Client Client 2 participates in this round. (CPU: 2, RAM: 4)
Client Client 4 participates in this round. (CPU: 2, RAM: 4)
Client Client 1 participates in this round. (CPU: 2, RAM: 4)
Client Client 3 participates in this round. (CPU: 2, RAM: 4)
Client Client 5 has insufficient CPU (1). Will not participate in the next FL round.
Client Client 12 has insufficient CPU (1). Will not participate in the next FL round.
Client Client 6 has insufficient CPU (1). Will not participate in the next FL round.
Client Client 8 has insufficient CPU (1). Will not participate in the next FL round.
Client Client 10 has insufficient CPU (1). Will not participate in the next FL round.
Client Client 9 has insufficient CPU (1). Will not participate in the next FL round.
Client Client 11 has insufficient CPU (1). Will not participate in the next FL round.
Client Client 7 has insufficient CPU (1). Will not participate in the next FL round.
Results Aggregated in 11.62 seconds.
{'TextMLP': {'train_loss': [0.32424755962193014, 0.27893770068784557, 0.26349558704197407, 0.25338057452837626, 0.24471645671576261, 0.2429290641799569, 0.24050634206086396, 0.23584058172305425, 0.23536871774643658, 0.2345092582176129, 0.22731618640025456, 0.22897823121299346, 0.22280732126881678, 0.21859631314526, 0.21593337953935066, 0.21501075247377158], 'train_accuracy': [0.8792270833333333, 0.895675, 0.9006375, 0.90413125, 0.9072916666666667, 0.9083479166666667, 0.9095020833333334, 0.9121770833333334, 0.9120125, 0.9126854166666667, 0.91495625, 0.91429375, 0.9174916666666667, 0.9191354166666666, 0.9203708333333334, 0.9206270833333333], 'train_f1': [0.8226068813593979, 0.8510081561502505, 0.8589413149154251, 0.8659740021582968, 0.8701250142778612, 0.871162007742802, 0.8728454168296997, 0.8782669183685704, 0.8787656577663863, 0.8777468367625748, 0.8807576838509618, 0.8790664520037722, 0.8844916742038605, 0.886022615667202, 0.888277963854197, 0.8879419710301732], 'train_mae': [0.1822625, 0.16050625, 0.15298541666666668, 0.14839583333333334, 0.14364375, 0.14192916666666666, 0.13909375, 0.13570625, 0.13566458333333334, 0.13532083333333333, 0.13182708333333334, 0.132125, 0.128175, 0.12558125, 0.12360833333333333, 0.12305208333333334], 'val_loss': [2.8719968942592016, 4.2949706470338915, 5.567108674551312, 5.898899560727571, 5.936022361705177, 5.877825392421923, 5.791108399692335, 5.754606821411535, 5.65688432567998, 5.902774902142976, 5.962157267520302, 5.990961596338372, 6.153585749174419, 6.185370998131601, 6.1147483386491475, 6.21301034776788], 'val_accuracy': [0.5942434210526315, 0.6214144736842104, 0.6275, 0.6379276315789474, 0.6375986842105263, 0.6382894736842105, 0.639375, 0.6478618421052631, 0.6514144736842106, 0.6399342105263158, 0.6426644736842105, 0.6407565789473685, 0.6464802631578948, 0.6433552631578948, 0.6498684210526315, 0.6457565789473685], 'val_f1': [0.5154210025109712, 0.539151341627317, 0.5441364304669768, 0.5531754107801684, 0.5529189203666106, 0.5533010649272226, 0.5537322772871692, 0.5613807259356438, 0.5643442993756733, 0.5557887643346735, 0.5574863070085643, 0.5558547707841177, 0.5608721626913483, 0.5582893565111384, 0.5631148096209939, 0.560033720105103], 'val_mae': [0.7277302631578947, 0.6756907894736842, 0.6652960526315789, 0.630328947368421, 0.6391776315789474, 0.6440460526315789, 0.6401315789473685, 0.5961184210526316, 0.5835526315789473, 0.6130592105263157, 0.6250328947368421, 0.6329605263157895, 0.5988486842105263, 0.6202631578947368, 0.6001973684210526, 0.6103289473684211], 'jsd': [(0, 0, 0, 0, 0, 0.22129893392959865, 0.22129893392959865, 0.22129893392959865, 0.22129893392959865, 0, 0, 0), (0, 0, 0, 0, 0, 0.22129893392959865, 0.22129893392959865, 0.22129893392959865, 0.22129893392959865, 0, 0, 0), (0, 0, 0, 0, 0, 0.22129893392959865, 0.22129893392959865, 0.22129893392959865, 0.22129893392959865, 0, 0, 0), (0, 0, 0, 0, 0, 0.22129893392959865, 0.22129893392959865, 0.22129893392959865, 0.22129893392959865, 0, 0, 0), (0, 0, 0, 0, 0, 0.22129893392959865, 0.22129893392959865, 0.22129893392959865, 0.22129893392959865, 0, 0, 0), (0, 0, 0, 0, 0, 0.22129893392959865, 0.22129893392959865, 0.22129893392959865, 0.22129893392959865, 0, 0, 0), (0, 0, 0, 0, 0, 0.22129893392959865, 0.22129893392959865, 0.22129893392959865, 0.22129893392959865, 0, 0, 0), (0, 0, 0, 0, 0, 0.22129893392959865, 0.22129893392959865, 0.22129893392959865, 0.22129893392959865, 0, 0, 0), (0, 0, 0, 0, 0, 0.22129893392959865, 0.22129893392959865, 0.22129893392959865, 0.22129893392959865, 0, 0, 0), (0, 0, 0, 0, 0, 0.22129893392959865, 0.22129893392959865, 0.22129893392959865, 0.22129893392959865, 0, 0, 0), (0, 0, 0, 0, 0, 0.22129893392959865, 0.22129893392959865, 0.22129893392959865, 0.22129893392959865, 0, 0, 0), (0, 0, 0, 0, 0, 0.22129893392959865, 0.22129893392959865, 0.22129893392959865, 0.22129893392959865, 0, 0, 0), (0, 0, 0, 0, 0, 0.22129893392959865, 0.22129893392959865, 0.22129893392959865, 0.22129893392959865, 0, 0, 0), (0, 0, 0, 0, 0, 0.22129893392959865, 0.22129893392959865, 0.22129893392959865, 0.22129893392959865, 0, 0, 0), (0, 0, 0, 0, 0, 0.22129893392959865, 0.22129893392959865, 0.22129893392959865, 0.22129893392959865, 0, 0, 0), (0, 0, 0, 0, 0, 0.22129893392959865, 0.22129893392959865, 0.22129893392959865, 0.22129893392959865, 0, 0, 0)]}}
AdaptationManager: Configuring next round...
{'client_registry': {'enabled': True, 'params': {}}, 'client_selector': {'enabled': True, 'params': {'selection_strategy': 'Resource-Based', 'selection_criteria': 'CPU', 'selection_value': 2}}, 'client_cluster': {'enabled': False, 'params': {}}, 'message_compressor': {'enabled': False, 'params': {}}, 'model_co-versioning_registry': {'enabled': False, 'params': {}}, 'multi-task_model_trainer': {'enabled': False, 'params': {}}, 'heterogeneous_data_handler': {'enabled': False, 'params': {}}}
{'client_selector': {'enabled': True}, 'client_cluster': {'enabled': False}, 'message_compressor': {'enabled': False}, 'model_co-versioning_registry': {'enabled': False}, 'multi-task_model_trainer': {'enabled': False}, 'heterogeneous_data_handler': {'enabled': False}, 'client_registry': {'enabled': True, 'params': {}}}
0.0-iid clients, predicted wo:0.0472 vs w:0.0472, client_selector activated ✅
Client Client 4 participates in this round. (CPU: 2, RAM: 4)
Client Client 9 has insufficient CPU (1). Will not participate in the next FL round.
Client Client 1 participates in this round. (CPU: 2, RAM: 4)
Client Client 5 has insufficient CPU (1). Will not participate in the next FL round.
Client Client 2 participates in this round. (CPU: 2, RAM: 4)
Client Client 10 has insufficient CPU (1). Will not participate in the next FL round.
Client Client 8 has insufficient CPU (1). Will not participate in the next FL round.
Client Client 3 participates in this round. (CPU: 2, RAM: 4)
Client Client 12 has insufficient CPU (1). Will not participate in the next FL round.
Client Client 7 has insufficient CPU (1). Will not participate in the next FL round.
Client Client 11 has insufficient CPU (1). Will not participate in the next FL round.
Client Client 6 has insufficient CPU (1). Will not participate in the next FL round.
Results Aggregated in 11.45 seconds.
{'TextMLP': {'train_loss': [0.32424755962193014, 0.27893770068784557, 0.26349558704197407, 0.25338057452837626, 0.24471645671576261, 0.2429290641799569, 0.24050634206086396, 0.23584058172305425, 0.23536871774643658, 0.2345092582176129, 0.22731618640025456, 0.22897823121299346, 0.22280732126881678, 0.21859631314526, 0.21593337953935066, 0.21501075247377158, 0.21367582584967215], 'train_accuracy': [0.8792270833333333, 0.895675, 0.9006375, 0.90413125, 0.9072916666666667, 0.9083479166666667, 0.9095020833333334, 0.9121770833333334, 0.9120125, 0.9126854166666667, 0.91495625, 0.91429375, 0.9174916666666667, 0.9191354166666666, 0.9203708333333334, 0.9206270833333333, 0.92056875], 'train_f1': [0.8226068813593979, 0.8510081561502505, 0.8589413149154251, 0.8659740021582968, 0.8701250142778612, 0.871162007742802, 0.8728454168296997, 0.8782669183685704, 0.8787656577663863, 0.8777468367625748, 0.8807576838509618, 0.8790664520037722, 0.8844916742038605, 0.886022615667202, 0.888277963854197, 0.8879419710301732, 0.8893201583764787], 'train_mae': [0.1822625, 0.16050625, 0.15298541666666668, 0.14839583333333334, 0.14364375, 0.14192916666666666, 0.13909375, 0.13570625, 0.13566458333333334, 0.13532083333333333, 0.13182708333333334, 0.132125, 0.128175, 0.12558125, 0.12360833333333333, 0.12305208333333334, 0.12195], 'val_loss': [2.8719968942592016, 4.2949706470338915, 5.567108674551312, 5.898899560727571, 5.936022361705177, 5.877825392421923, 5.791108399692335, 5.754606821411535, 5.65688432567998, 5.902774902142976, 5.962157267520302, 5.990961596338372, 6.153585749174419, 6.185370998131601, 6.1147483386491475, 6.21301034776788, 6.163194320076391], 'val_accuracy': [0.5942434210526315, 0.6214144736842104, 0.6275, 0.6379276315789474, 0.6375986842105263, 0.6382894736842105, 0.639375, 0.6478618421052631, 0.6514144736842106, 0.6399342105263158, 0.6426644736842105, 0.6407565789473685, 0.6464802631578948, 0.6433552631578948, 0.6498684210526315, 0.6457565789473685, 0.6575657894736843], 'val_f1': [0.5154210025109712, 0.539151341627317, 0.5441364304669768, 0.5531754107801684, 0.5529189203666106, 0.5533010649272226, 0.5537322772871692, 0.5613807259356438, 0.5643442993756733, 0.5557887643346735, 0.5574863070085643, 0.5558547707841177, 0.5608721626913483, 0.5582893565111384, 0.5631148096209939, 0.560033720105103, 0.5690621209861194], 'val_mae': [0.7277302631578947, 0.6756907894736842, 0.6652960526315789, 0.630328947368421, 0.6391776315789474, 0.6440460526315789, 0.6401315789473685, 0.5961184210526316, 0.5835526315789473, 0.6130592105263157, 0.6250328947368421, 0.6329605263157895, 0.5988486842105263, 0.6202631578947368, 0.6001973684210526, 0.6103289473684211, 0.5784868421052631], 'jsd': [(0, 0, 0, 0, 0, 0.22129893392959865, 0.22129893392959865, 0.22129893392959865, 0.22129893392959865, 0, 0, 0), (0, 0, 0, 0, 0, 0.22129893392959865, 0.22129893392959865, 0.22129893392959865, 0.22129893392959865, 0, 0, 0), (0, 0, 0, 0, 0, 0.22129893392959865, 0.22129893392959865, 0.22129893392959865, 0.22129893392959865, 0, 0, 0), (0, 0, 0, 0, 0, 0.22129893392959865, 0.22129893392959865, 0.22129893392959865, 0.22129893392959865, 0, 0, 0), (0, 0, 0, 0, 0, 0.22129893392959865, 0.22129893392959865, 0.22129893392959865, 0.22129893392959865, 0, 0, 0), (0, 0, 0, 0, 0, 0.22129893392959865, 0.22129893392959865, 0.22129893392959865, 0.22129893392959865, 0, 0, 0), (0, 0, 0, 0, 0, 0.22129893392959865, 0.22129893392959865, 0.22129893392959865, 0.22129893392959865, 0, 0, 0), (0, 0, 0, 0, 0, 0.22129893392959865, 0.22129893392959865, 0.22129893392959865, 0.22129893392959865, 0, 0, 0), (0, 0, 0, 0, 0, 0.22129893392959865, 0.22129893392959865, 0.22129893392959865, 0.22129893392959865, 0, 0, 0), (0, 0, 0, 0, 0, 0.22129893392959865, 0.22129893392959865, 0.22129893392959865, 0.22129893392959865, 0, 0, 0), (0, 0, 0, 0, 0, 0.22129893392959865, 0.22129893392959865, 0.22129893392959865, 0.22129893392959865, 0, 0, 0), (0, 0, 0, 0, 0, 0.22129893392959865, 0.22129893392959865, 0.22129893392959865, 0.22129893392959865, 0, 0, 0), (0, 0, 0, 0, 0, 0.22129893392959865, 0.22129893392959865, 0.22129893392959865, 0.22129893392959865, 0, 0, 0), (0, 0, 0, 0, 0, 0.22129893392959865, 0.22129893392959865, 0.22129893392959865, 0.22129893392959865, 0, 0, 0), (0, 0, 0, 0, 0, 0.22129893392959865, 0.22129893392959865, 0.22129893392959865, 0.22129893392959865, 0, 0, 0), (0, 0, 0, 0, 0, 0.22129893392959865, 0.22129893392959865, 0.22129893392959865, 0.22129893392959865, 0, 0, 0), (0, 0, 0, 0, 0, 0.22129893392959865, 0.22129893392959865, 0.22129893392959865, 0.22129893392959865, 0, 0, 0)]}}
AdaptationManager: Configuring next round...
{'client_registry': {'enabled': True, 'params': {}}, 'client_selector': {'enabled': True, 'params': {'selection_strategy': 'Resource-Based', 'selection_criteria': 'CPU', 'selection_value': 2}}, 'client_cluster': {'enabled': False, 'params': {}}, 'message_compressor': {'enabled': False, 'params': {}}, 'model_co-versioning_registry': {'enabled': False, 'params': {}}, 'multi-task_model_trainer': {'enabled': False, 'params': {}}, 'heterogeneous_data_handler': {'enabled': False, 'params': {}}}
{'client_selector': {'enabled': True}, 'client_cluster': {'enabled': False}, 'message_compressor': {'enabled': False}, 'model_co-versioning_registry': {'enabled': False}, 'multi-task_model_trainer': {'enabled': False}, 'heterogeneous_data_handler': {'enabled': False}, 'client_registry': {'enabled': True, 'params': {}}}
0.0-iid clients, predicted wo:0.0475 vs w:0.0475, client_selector activated ✅
Client Client 10 has insufficient CPU (1). Will not participate in the next FL round.
Client Client 7 has insufficient CPU (1). Will not participate in the next FL round.
Client Client 11 has insufficient CPU (1). Will not participate in the next FL round.
Client Client 12 has insufficient CPU (1). Will not participate in the next FL round.
Client Client 6 has insufficient CPU (1). Will not participate in the next FL round.
Client Client 2 participates in this round. (CPU: 2, RAM: 4)
Client Client 4 participates in this round. (CPU: 2, RAM: 4)
Client Client 9 has insufficient CPU (1). Will not participate in the next FL round.
Client Client 8 has insufficient CPU (1). Will not participate in the next FL round.
Client Client 5 has insufficient CPU (1). Will not participate in the next FL round.
Client Client 3 participates in this round. (CPU: 2, RAM: 4)
Client Client 1 participates in this round. (CPU: 2, RAM: 4)
Results Aggregated in 10.54 seconds.
{'TextMLP': {'train_loss': [0.32424755962193014, 0.27893770068784557, 0.26349558704197407, 0.25338057452837626, 0.24471645671576261, 0.2429290641799569, 0.24050634206086396, 0.23584058172305425, 0.23536871774643658, 0.2345092582176129, 0.22731618640025456, 0.22897823121299346, 0.22280732126881678, 0.21859631314526, 0.21593337953935066, 0.21501075247377158, 0.21367582584967215, 0.21296228395501773], 'train_accuracy': [0.8792270833333333, 0.895675, 0.9006375, 0.90413125, 0.9072916666666667, 0.9083479166666667, 0.9095020833333334, 0.9121770833333334, 0.9120125, 0.9126854166666667, 0.91495625, 0.91429375, 0.9174916666666667, 0.9191354166666666, 0.9203708333333334, 0.9206270833333333, 0.92056875, 0.9211291666666667], 'train_f1': [0.8226068813593979, 0.8510081561502505, 0.8589413149154251, 0.8659740021582968, 0.8701250142778612, 0.871162007742802, 0.8728454168296997, 0.8782669183685704, 0.8787656577663863, 0.8777468367625748, 0.8807576838509618, 0.8790664520037722, 0.8844916742038605, 0.886022615667202, 0.888277963854197, 0.8879419710301732, 0.8893201583764787, 0.8885220806839496], 'train_mae': [0.1822625, 0.16050625, 0.15298541666666668, 0.14839583333333334, 0.14364375, 0.14192916666666666, 0.13909375, 0.13570625, 0.13566458333333334, 0.13532083333333333, 0.13182708333333334, 0.132125, 0.128175, 0.12558125, 0.12360833333333333, 0.12305208333333334, 0.12195, 0.12101458333333333], 'val_loss': [2.8719968942592016, 4.2949706470338915, 5.567108674551312, 5.898899560727571, 5.936022361705177, 5.877825392421923, 5.791108399692335, 5.754606821411535, 5.65688432567998, 5.902774902142976, 5.962157267520302, 5.990961596338372, 6.153585749174419, 6.185370998131601, 6.1147483386491475, 6.21301034776788, 6.163194320076391, 6.221024371699283], 'val_accuracy': [0.5942434210526315, 0.6214144736842104, 0.6275, 0.6379276315789474, 0.6375986842105263, 0.6382894736842105, 0.639375, 0.6478618421052631, 0.6514144736842106, 0.6399342105263158, 0.6426644736842105, 0.6407565789473685, 0.6464802631578948, 0.6433552631578948, 0.6498684210526315, 0.6457565789473685, 0.6575657894736843, 0.6477631578947369], 'val_f1': [0.5154210025109712, 0.539151341627317, 0.5441364304669768, 0.5531754107801684, 0.5529189203666106, 0.5533010649272226, 0.5537322772871692, 0.5613807259356438, 0.5643442993756733, 0.5557887643346735, 0.5574863070085643, 0.5558547707841177, 0.5608721626913483, 0.5582893565111384, 0.5631148096209939, 0.560033720105103, 0.5690621209861194, 0.5614676299894177], 'val_mae': [0.7277302631578947, 0.6756907894736842, 0.6652960526315789, 0.630328947368421, 0.6391776315789474, 0.6440460526315789, 0.6401315789473685, 0.5961184210526316, 0.5835526315789473, 0.6130592105263157, 0.6250328947368421, 0.6329605263157895, 0.5988486842105263, 0.6202631578947368, 0.6001973684210526, 0.6103289473684211, 0.5784868421052631, 0.6027302631578947], 'jsd': [(0, 0, 0, 0, 0, 0.22129893392959865, 0.22129893392959865, 0.22129893392959865, 0.22129893392959865, 0, 0, 0), (0, 0, 0, 0, 0, 0.22129893392959865, 0.22129893392959865, 0.22129893392959865, 0.22129893392959865, 0, 0, 0), (0, 0, 0, 0, 0, 0.22129893392959865, 0.22129893392959865, 0.22129893392959865, 0.22129893392959865, 0, 0, 0), (0, 0, 0, 0, 0, 0.22129893392959865, 0.22129893392959865, 0.22129893392959865, 0.22129893392959865, 0, 0, 0), (0, 0, 0, 0, 0, 0.22129893392959865, 0.22129893392959865, 0.22129893392959865, 0.22129893392959865, 0, 0, 0), (0, 0, 0, 0, 0, 0.22129893392959865, 0.22129893392959865, 0.22129893392959865, 0.22129893392959865, 0, 0, 0), (0, 0, 0, 0, 0, 0.22129893392959865, 0.22129893392959865, 0.22129893392959865, 0.22129893392959865, 0, 0, 0), (0, 0, 0, 0, 0, 0.22129893392959865, 0.22129893392959865, 0.22129893392959865, 0.22129893392959865, 0, 0, 0), (0, 0, 0, 0, 0, 0.22129893392959865, 0.22129893392959865, 0.22129893392959865, 0.22129893392959865, 0, 0, 0), (0, 0, 0, 0, 0, 0.22129893392959865, 0.22129893392959865, 0.22129893392959865, 0.22129893392959865, 0, 0, 0), (0, 0, 0, 0, 0, 0.22129893392959865, 0.22129893392959865, 0.22129893392959865, 0.22129893392959865, 0, 0, 0), (0, 0, 0, 0, 0, 0.22129893392959865, 0.22129893392959865, 0.22129893392959865, 0.22129893392959865, 0, 0, 0), (0, 0, 0, 0, 0, 0.22129893392959865, 0.22129893392959865, 0.22129893392959865, 0.22129893392959865, 0, 0, 0), (0, 0, 0, 0, 0, 0.22129893392959865, 0.22129893392959865, 0.22129893392959865, 0.22129893392959865, 0, 0, 0), (0, 0, 0, 0, 0, 0.22129893392959865, 0.22129893392959865, 0.22129893392959865, 0.22129893392959865, 0, 0, 0), (0, 0, 0, 0, 0, 0.22129893392959865, 0.22129893392959865, 0.22129893392959865, 0.22129893392959865, 0, 0, 0), (0, 0, 0, 0, 0, 0.22129893392959865, 0.22129893392959865, 0.22129893392959865, 0.22129893392959865, 0, 0, 0), (0, 0, 0, 0, 0, 0.22129893392959865, 0.22129893392959865, 0.22129893392959865, 0.22129893392959865, 0, 0, 0)]}}
AdaptationManager: Configuring next round...
{'client_registry': {'enabled': True, 'params': {}}, 'client_selector': {'enabled': True, 'params': {'selection_strategy': 'Resource-Based', 'selection_criteria': 'CPU', 'selection_value': 2}}, 'client_cluster': {'enabled': False, 'params': {}}, 'message_compressor': {'enabled': False, 'params': {}}, 'model_co-versioning_registry': {'enabled': False, 'params': {}}, 'multi-task_model_trainer': {'enabled': False, 'params': {}}, 'heterogeneous_data_handler': {'enabled': False, 'params': {}}}
{'client_selector': {'enabled': True}, 'client_cluster': {'enabled': False}, 'message_compressor': {'enabled': False}, 'model_co-versioning_registry': {'enabled': False}, 'multi-task_model_trainer': {'enabled': False}, 'heterogeneous_data_handler': {'enabled': False}, 'client_registry': {'enabled': True, 'params': {}}}
0.0-iid clients, predicted wo:0.0477 vs w:0.0477, client_selector activated ✅
Client Client 11 has insufficient CPU (1). Will not participate in the next FL round.
Client Client 12 has insufficient CPU (1). Will not participate in the next FL round.
Client Client 4 participates in this round. (CPU: 2, RAM: 4)
Client Client 10 has insufficient CPU (1). Will not participate in the next FL round.
Client Client 9 has insufficient CPU (1). Will not participate in the next FL round.
Client Client 2 participates in this round. (CPU: 2, RAM: 4)
Client Client 7 has insufficient CPU (1). Will not participate in the next FL round.
Client Client 1 participates in this round. (CPU: 2, RAM: 4)
Client Client 3 participates in this round. (CPU: 2, RAM: 4)
Client Client 8 has insufficient CPU (1). Will not participate in the next FL round.
Client Client 6 has insufficient CPU (1). Will not participate in the next FL round.
Client Client 5 has insufficient CPU (1). Will not participate in the next FL round.
Results Aggregated in 10.76 seconds.
{'TextMLP': {'train_loss': [0.32424755962193014, 0.27893770068784557, 0.26349558704197407, 0.25338057452837626, 0.24471645671576261, 0.2429290641799569, 0.24050634206086396, 0.23584058172305425, 0.23536871774643658, 0.2345092582176129, 0.22731618640025456, 0.22897823121299346, 0.22280732126881678, 0.21859631314526, 0.21593337953935066, 0.21501075247377158, 0.21367582584967215, 0.21296228395501773, 0.20858467675844827], 'train_accuracy': [0.8792270833333333, 0.895675, 0.9006375, 0.90413125, 0.9072916666666667, 0.9083479166666667, 0.9095020833333334, 0.9121770833333334, 0.9120125, 0.9126854166666667, 0.91495625, 0.91429375, 0.9174916666666667, 0.9191354166666666, 0.9203708333333334, 0.9206270833333333, 0.92056875, 0.9211291666666667, 0.92266875], 'train_f1': [0.8226068813593979, 0.8510081561502505, 0.8589413149154251, 0.8659740021582968, 0.8701250142778612, 0.871162007742802, 0.8728454168296997, 0.8782669183685704, 0.8787656577663863, 0.8777468367625748, 0.8807576838509618, 0.8790664520037722, 0.8844916742038605, 0.886022615667202, 0.888277963854197, 0.8879419710301732, 0.8893201583764787, 0.8885220806839496, 0.8907845209760484], 'train_mae': [0.1822625, 0.16050625, 0.15298541666666668, 0.14839583333333334, 0.14364375, 0.14192916666666666, 0.13909375, 0.13570625, 0.13566458333333334, 0.13532083333333333, 0.13182708333333334, 0.132125, 0.128175, 0.12558125, 0.12360833333333333, 0.12305208333333334, 0.12195, 0.12101458333333333, 0.120025], 'val_loss': [2.8719968942592016, 4.2949706470338915, 5.567108674551312, 5.898899560727571, 5.936022361705177, 5.877825392421923, 5.791108399692335, 5.754606821411535, 5.65688432567998, 5.902774902142976, 5.962157267520302, 5.990961596338372, 6.153585749174419, 6.185370998131601, 6.1147483386491475, 6.21301034776788, 6.163194320076391, 6.221024371699283, 6.131124581537748], 'val_accuracy': [0.5942434210526315, 0.6214144736842104, 0.6275, 0.6379276315789474, 0.6375986842105263, 0.6382894736842105, 0.639375, 0.6478618421052631, 0.6514144736842106, 0.6399342105263158, 0.6426644736842105, 0.6407565789473685, 0.6464802631578948, 0.6433552631578948, 0.6498684210526315, 0.6457565789473685, 0.6575657894736843, 0.6477631578947369, 0.6507236842105263], 'val_f1': [0.5154210025109712, 0.539151341627317, 0.5441364304669768, 0.5531754107801684, 0.5529189203666106, 0.5533010649272226, 0.5537322772871692, 0.5613807259356438, 0.5643442993756733, 0.5557887643346735, 0.5574863070085643, 0.5558547707841177, 0.5608721626913483, 0.5582893565111384, 0.5631148096209939, 0.560033720105103, 0.5690621209861194, 0.5614676299894177, 0.5639410370274068], 'val_mae': [0.7277302631578947, 0.6756907894736842, 0.6652960526315789, 0.630328947368421, 0.6391776315789474, 0.6440460526315789, 0.6401315789473685, 0.5961184210526316, 0.5835526315789473, 0.6130592105263157, 0.6250328947368421, 0.6329605263157895, 0.5988486842105263, 0.6202631578947368, 0.6001973684210526, 0.6103289473684211, 0.5784868421052631, 0.6027302631578947, 0.6068092105263158], 'jsd': [(0, 0, 0, 0, 0, 0.22129893392959865, 0.22129893392959865, 0.22129893392959865, 0.22129893392959865, 0, 0, 0), (0, 0, 0, 0, 0, 0.22129893392959865, 0.22129893392959865, 0.22129893392959865, 0.22129893392959865, 0, 0, 0), (0, 0, 0, 0, 0, 0.22129893392959865, 0.22129893392959865, 0.22129893392959865, 0.22129893392959865, 0, 0, 0), (0, 0, 0, 0, 0, 0.22129893392959865, 0.22129893392959865, 0.22129893392959865, 0.22129893392959865, 0, 0, 0), (0, 0, 0, 0, 0, 0.22129893392959865, 0.22129893392959865, 0.22129893392959865, 0.22129893392959865, 0, 0, 0), (0, 0, 0, 0, 0, 0.22129893392959865, 0.22129893392959865, 0.22129893392959865, 0.22129893392959865, 0, 0, 0), (0, 0, 0, 0, 0, 0.22129893392959865, 0.22129893392959865, 0.22129893392959865, 0.22129893392959865, 0, 0, 0), (0, 0, 0, 0, 0, 0.22129893392959865, 0.22129893392959865, 0.22129893392959865, 0.22129893392959865, 0, 0, 0), (0, 0, 0, 0, 0, 0.22129893392959865, 0.22129893392959865, 0.22129893392959865, 0.22129893392959865, 0, 0, 0), (0, 0, 0, 0, 0, 0.22129893392959865, 0.22129893392959865, 0.22129893392959865, 0.22129893392959865, 0, 0, 0), (0, 0, 0, 0, 0, 0.22129893392959865, 0.22129893392959865, 0.22129893392959865, 0.22129893392959865, 0, 0, 0), (0, 0, 0, 0, 0, 0.22129893392959865, 0.22129893392959865, 0.22129893392959865, 0.22129893392959865, 0, 0, 0), (0, 0, 0, 0, 0, 0.22129893392959865, 0.22129893392959865, 0.22129893392959865, 0.22129893392959865, 0, 0, 0), (0, 0, 0, 0, 0, 0.22129893392959865, 0.22129893392959865, 0.22129893392959865, 0.22129893392959865, 0, 0, 0), (0, 0, 0, 0, 0, 0.22129893392959865, 0.22129893392959865, 0.22129893392959865, 0.22129893392959865, 0, 0, 0), (0, 0, 0, 0, 0, 0.22129893392959865, 0.22129893392959865, 0.22129893392959865, 0.22129893392959865, 0, 0, 0), (0, 0, 0, 0, 0, 0.22129893392959865, 0.22129893392959865, 0.22129893392959865, 0.22129893392959865, 0, 0, 0), (0, 0, 0, 0, 0, 0.22129893392959865, 0.22129893392959865, 0.22129893392959865, 0.22129893392959865, 0, 0, 0), (0, 0, 0, 0, 0, 0.22129893392959865, 0.22129893392959865, 0.22129893392959865, 0.22129893392959865, 0, 0, 0)]}}
AdaptationManager: Configuring next round...
{'client_registry': {'enabled': True, 'params': {}}, 'client_selector': {'enabled': True, 'params': {'selection_strategy': 'Resource-Based', 'selection_criteria': 'CPU', 'selection_value': 2}}, 'client_cluster': {'enabled': False, 'params': {}}, 'message_compressor': {'enabled': False, 'params': {}}, 'model_co-versioning_registry': {'enabled': False, 'params': {}}, 'multi-task_model_trainer': {'enabled': False, 'params': {}}, 'heterogeneous_data_handler': {'enabled': False, 'params': {}}}
{'client_selector': {'enabled': True}, 'client_cluster': {'enabled': False}, 'message_compressor': {'enabled': False}, 'model_co-versioning_registry': {'enabled': False}, 'multi-task_model_trainer': {'enabled': False}, 'heterogeneous_data_handler': {'enabled': False}, 'client_registry': {'enabled': True, 'params': {}}}
0.0-iid clients, predicted wo:0.0481 vs w:0.0481, client_selector activated ✅
Client Client 6 has insufficient CPU (1). Will not participate in the next FL round.
Client Client 12 has insufficient CPU (1). Will not participate in the next FL round.
Client Client 9 has insufficient CPU (1). Will not participate in the next FL round.
Client Client 10 has insufficient CPU (1). Will not participate in the next FL round.
Client Client 7 has insufficient CPU (1). Will not participate in the next FL round.
Client Client 1 participates in this round. (CPU: 2, RAM: 4)
Client Client 4 participates in this round. (CPU: 2, RAM: 4)
Client Client 5 has insufficient CPU (1). Will not participate in the next FL round.
Client Client 8 has insufficient CPU (1). Will not participate in the next FL round.
Client Client 2 participates in this round. (CPU: 2, RAM: 4)
Client Client 11 has insufficient CPU (1). Will not participate in the next FL round.
Client Client 3 participates in this round. (CPU: 2, RAM: 4)
Results Aggregated in 10.42 seconds.
{'TextMLP': {'train_loss': [0.32424755962193014, 0.27893770068784557, 0.26349558704197407, 0.25338057452837626, 0.24471645671576261, 0.2429290641799569, 0.24050634206086396, 0.23584058172305425, 0.23536871774643658, 0.2345092582176129, 0.22731618640025456, 0.22897823121299346, 0.22280732126881678, 0.21859631314526, 0.21593337953935066, 0.21501075247377158, 0.21367582584967215, 0.21296228395501773, 0.20858467675844827, 0.2040049997334679], 'train_accuracy': [0.8792270833333333, 0.895675, 0.9006375, 0.90413125, 0.9072916666666667, 0.9083479166666667, 0.9095020833333334, 0.9121770833333334, 0.9120125, 0.9126854166666667, 0.91495625, 0.91429375, 0.9174916666666667, 0.9191354166666666, 0.9203708333333334, 0.9206270833333333, 0.92056875, 0.9211291666666667, 0.92266875, 0.9247854166666667], 'train_f1': [0.8226068813593979, 0.8510081561502505, 0.8589413149154251, 0.8659740021582968, 0.8701250142778612, 0.871162007742802, 0.8728454168296997, 0.8782669183685704, 0.8787656577663863, 0.8777468367625748, 0.8807576838509618, 0.8790664520037722, 0.8844916742038605, 0.886022615667202, 0.888277963854197, 0.8879419710301732, 0.8893201583764787, 0.8885220806839496, 0.8907845209760484, 0.894692430637202], 'train_mae': [0.1822625, 0.16050625, 0.15298541666666668, 0.14839583333333334, 0.14364375, 0.14192916666666666, 0.13909375, 0.13570625, 0.13566458333333334, 0.13532083333333333, 0.13182708333333334, 0.132125, 0.128175, 0.12558125, 0.12360833333333333, 0.12305208333333334, 0.12195, 0.12101458333333333, 0.120025, 0.11642291666666667], 'val_loss': [2.8719968942592016, 4.2949706470338915, 5.567108674551312, 5.898899560727571, 5.936022361705177, 5.877825392421923, 5.791108399692335, 5.754606821411535, 5.65688432567998, 5.902774902142976, 5.962157267520302, 5.990961596338372, 6.153585749174419, 6.185370998131601, 6.1147483386491475, 6.21301034776788, 6.163194320076391, 6.221024371699283, 6.131124581537748, 6.101776597374363], 'val_accuracy': [0.5942434210526315, 0.6214144736842104, 0.6275, 0.6379276315789474, 0.6375986842105263, 0.6382894736842105, 0.639375, 0.6478618421052631, 0.6514144736842106, 0.6399342105263158, 0.6426644736842105, 0.6407565789473685, 0.6464802631578948, 0.6433552631578948, 0.6498684210526315, 0.6457565789473685, 0.6575657894736843, 0.6477631578947369, 0.6507236842105263, 0.6592434210526316], 'val_f1': [0.5154210025109712, 0.539151341627317, 0.5441364304669768, 0.5531754107801684, 0.5529189203666106, 0.5533010649272226, 0.5537322772871692, 0.5613807259356438, 0.5643442993756733, 0.5557887643346735, 0.5574863070085643, 0.5558547707841177, 0.5608721626913483, 0.5582893565111384, 0.5631148096209939, 0.560033720105103, 0.5690621209861194, 0.5614676299894177, 0.5639410370274068, 0.5710070838710548], 'val_mae': [0.7277302631578947, 0.6756907894736842, 0.6652960526315789, 0.630328947368421, 0.6391776315789474, 0.6440460526315789, 0.6401315789473685, 0.5961184210526316, 0.5835526315789473, 0.6130592105263157, 0.6250328947368421, 0.6329605263157895, 0.5988486842105263, 0.6202631578947368, 0.6001973684210526, 0.6103289473684211, 0.5784868421052631, 0.6027302631578947, 0.6068092105263158, 0.574078947368421], 'jsd': [(0, 0, 0, 0, 0, 0.22129893392959865, 0.22129893392959865, 0.22129893392959865, 0.22129893392959865, 0, 0, 0), (0, 0, 0, 0, 0, 0.22129893392959865, 0.22129893392959865, 0.22129893392959865, 0.22129893392959865, 0, 0, 0), (0, 0, 0, 0, 0, 0.22129893392959865, 0.22129893392959865, 0.22129893392959865, 0.22129893392959865, 0, 0, 0), (0, 0, 0, 0, 0, 0.22129893392959865, 0.22129893392959865, 0.22129893392959865, 0.22129893392959865, 0, 0, 0), (0, 0, 0, 0, 0, 0.22129893392959865, 0.22129893392959865, 0.22129893392959865, 0.22129893392959865, 0, 0, 0), (0, 0, 0, 0, 0, 0.22129893392959865, 0.22129893392959865, 0.22129893392959865, 0.22129893392959865, 0, 0, 0), (0, 0, 0, 0, 0, 0.22129893392959865, 0.22129893392959865, 0.22129893392959865, 0.22129893392959865, 0, 0, 0), (0, 0, 0, 0, 0, 0.22129893392959865, 0.22129893392959865, 0.22129893392959865, 0.22129893392959865, 0, 0, 0), (0, 0, 0, 0, 0, 0.22129893392959865, 0.22129893392959865, 0.22129893392959865, 0.22129893392959865, 0, 0, 0), (0, 0, 0, 0, 0, 0.22129893392959865, 0.22129893392959865, 0.22129893392959865, 0.22129893392959865, 0, 0, 0), (0, 0, 0, 0, 0, 0.22129893392959865, 0.22129893392959865, 0.22129893392959865, 0.22129893392959865, 0, 0, 0), (0, 0, 0, 0, 0, 0.22129893392959865, 0.22129893392959865, 0.22129893392959865, 0.22129893392959865, 0, 0, 0), (0, 0, 0, 0, 0, 0.22129893392959865, 0.22129893392959865, 0.22129893392959865, 0.22129893392959865, 0, 0, 0), (0, 0, 0, 0, 0, 0.22129893392959865, 0.22129893392959865, 0.22129893392959865, 0.22129893392959865, 0, 0, 0), (0, 0, 0, 0, 0, 0.22129893392959865, 0.22129893392959865, 0.22129893392959865, 0.22129893392959865, 0, 0, 0), (0, 0, 0, 0, 0, 0.22129893392959865, 0.22129893392959865, 0.22129893392959865, 0.22129893392959865, 0, 0, 0), (0, 0, 0, 0, 0, 0.22129893392959865, 0.22129893392959865, 0.22129893392959865, 0.22129893392959865, 0, 0, 0), (0, 0, 0, 0, 0, 0.22129893392959865, 0.22129893392959865, 0.22129893392959865, 0.22129893392959865, 0, 0, 0), (0, 0, 0, 0, 0, 0.22129893392959865, 0.22129893392959865, 0.22129893392959865, 0.22129893392959865, 0, 0, 0), (0, 0, 0, 0, 0, 0.22129893392959865, 0.22129893392959865, 0.22129893392959865, 0.22129893392959865, 0, 0, 0)]}}
AdaptationManager: Configuring next round...
{'client_registry': {'enabled': True, 'params': {}}, 'client_selector': {'enabled': True, 'params': {'selection_strategy': 'Resource-Based', 'selection_criteria': 'CPU', 'selection_value': 2}}, 'client_cluster': {'enabled': False, 'params': {}}, 'message_compressor': {'enabled': False, 'params': {}}, 'model_co-versioning_registry': {'enabled': False, 'params': {}}, 'multi-task_model_trainer': {'enabled': False, 'params': {}}, 'heterogeneous_data_handler': {'enabled': False, 'params': {}}}
{'client_selector': {'enabled': True}, 'client_cluster': {'enabled': False}, 'message_compressor': {'enabled': False}, 'model_co-versioning_registry': {'enabled': False}, 'multi-task_model_trainer': {'enabled': False}, 'heterogeneous_data_handler': {'enabled': False}, 'client_registry': {'enabled': True, 'params': {}}}
0.0-iid clients, predicted wo:0.0471 vs w:0.0471, client_selector activated ✅
