==========================================
  ___  ______  ___ ______       _ 
 / _ \ | ___ \/   ||  ___|     | |
/ /_\ \| |_/ / /| || |_ ___  __| |
|  _  ||  __/ /_| ||  _/ _ \/ _` |
| | | || |  \___  || ||  __/ (_| |
\_| |_/\_|      |_/\_| \___|\__,_| v.1.5.0

==========================================
Simulation Started!
List of the Architectural Patterns enabled:
Adaptation Enabled ✅
Random activation criterion
Client Registry ✅
Client Selector ✅
 AP Parameters: {'selection_strategy': 'Resource-Based', 'selection_criteria': 'CPU', 'selection_value': 2}
==========================================
Client Client 4 has insufficient CPU (1). Will not participate in the next FL round.
Client Client 2 participates in this round. (CPU: 2, RAM: 4)
Client Client 6 has insufficient CPU (1). Will not participate in the next FL round.
Client Client 5 has insufficient CPU (1). Will not participate in the next FL round.
Client Client 3 participates in this round. (CPU: 2, RAM: 4)
Client Client 1 participates in this round. (CPU: 2, RAM: 4)
Results Aggregated in 18.11 seconds.
{'TextMLP': {'train_loss': [0.8313097700013055], 'train_accuracy': [0.5825555555555556], 'train_f1': [0.2006911141053543], 'train_mae': [0.6500555555555556], 'val_loss': [2.419497633398625], 'val_accuracy': [0.25], 'val_f1': [0.10000350914131312], 'val_mae': [1.3332894736842105], 'jsd': [(0, 0, 0.10574191233842169, 0.3011341189272117, 0.2839893455420802, 0)]}}
AdaptationManager: Configuring next round...
{'client_registry': {'enabled': True, 'params': {}}, 'client_selector': {'enabled': True, 'params': {'selection_strategy': 'Resource-Based', 'selection_criteria': 'CPU', 'selection_value': 2}}, 'client_cluster': {'enabled': False, 'params': {}}, 'message_compressor': {'enabled': False, 'params': {}}, 'model_co-versioning_registry': {'enabled': False, 'params': {}}, 'multi-task_model_trainer': {'enabled': False, 'params': {}}, 'heterogeneous_data_handler': {'enabled': False, 'params': {}}}
{'client_selector': {'enabled': True}, 'client_cluster': {'enabled': False}, 'message_compressor': {'enabled': False}, 'model_co-versioning_registry': {'enabled': False}, 'multi-task_model_trainer': {'enabled': False}, 'heterogeneous_data_handler': {'enabled': False}, 'client_registry': {'enabled': True, 'params': {}}}
client_selector de-activated ❌
Results Aggregated in 18.77 seconds.
{'TextMLP': {'train_loss': [0.8313097700013055, 1.0535737533039518], 'train_accuracy': [0.5825555555555556, 0.5391666666666667], 'train_f1': [0.2006911141053543, 0.18630581227990653], 'train_mae': [0.6500555555555556, 0.6724629629629629], 'val_loss': [2.419497633398625, 1.913427315204464], 'val_accuracy': [0.25, 0.25], 'val_f1': [0.10000350914131312, 0.1], 'val_mae': [1.3332894736842105, 1.0555555555555556], 'jsd': [(0, 0, 0.10574191233842169, 0.3011341189272117, 0.2839893455420802, 0), (0.03519975631486401, 0.1987678729146596, 0.010190618812288565, 0.15992533717092694, 0.3392564881963688, 0.16153560565208136)]}}
AdaptationManager: Configuring next round...
{'client_registry': {'enabled': True, 'params': {}}, 'client_selector': {'enabled': True, 'params': {'selection_strategy': 'Resource-Based', 'selection_criteria': 'CPU', 'selection_value': 2}}, 'client_cluster': {'enabled': False, 'params': {}}, 'message_compressor': {'enabled': False, 'params': {}}, 'model_co-versioning_registry': {'enabled': False, 'params': {}}, 'multi-task_model_trainer': {'enabled': False, 'params': {}}, 'heterogeneous_data_handler': {'enabled': False, 'params': {}}}
{'client_selector': {'enabled': False}, 'client_cluster': {'enabled': False}, 'message_compressor': {'enabled': False}, 'model_co-versioning_registry': {'enabled': False}, 'multi-task_model_trainer': {'enabled': False}, 'heterogeneous_data_handler': {'enabled': False}, 'client_registry': {'enabled': True, 'params': {}}}
client_selector de-activated ❌
Results Aggregated in 19.96 seconds.
{'TextMLP': {'train_loss': [0.8313097700013055, 1.0535737533039518, 1.0019221286137898], 'train_accuracy': [0.5825555555555556, 0.5391666666666667, 0.5693], 'train_f1': [0.2006911141053543, 0.18630581227990653, 0.21774075144672353], 'train_mae': [0.6500555555555556, 0.6724629629629629, 0.659], 'val_loss': [2.419497633398625, 1.913427315204464, 1.8537320161451372], 'val_accuracy': [0.25, 0.25, 0.2694649122807018], 'val_f1': [0.10000350914131312, 0.1, 0.13967984480500364], 'val_mae': [1.3332894736842105, 1.0555555555555556, 1.3313684210526315], 'jsd': [(0, 0, 0.10574191233842169, 0.3011341189272117, 0.2839893455420802, 0), (0.03519975631486401, 0.1987678729146596, 0.010190618812288565, 0.15992533717092694, 0.3392564881963688, 0.16153560565208136), (0.053246964067424594, 0.14383534620231264, 0.051266517253749935, 0.16010030233107841, 0.27953370960010826, 0.17963458317401598)]}}
AdaptationManager: Configuring next round...
{'client_registry': {'enabled': True, 'params': {}}, 'client_selector': {'enabled': True, 'params': {'selection_strategy': 'Resource-Based', 'selection_criteria': 'CPU', 'selection_value': 2}}, 'client_cluster': {'enabled': False, 'params': {}}, 'message_compressor': {'enabled': False, 'params': {}}, 'model_co-versioning_registry': {'enabled': False, 'params': {}}, 'multi-task_model_trainer': {'enabled': False, 'params': {}}, 'heterogeneous_data_handler': {'enabled': False, 'params': {}}}
{'client_selector': {'enabled': False}, 'client_cluster': {'enabled': False}, 'message_compressor': {'enabled': False}, 'model_co-versioning_registry': {'enabled': False}, 'multi-task_model_trainer': {'enabled': False}, 'heterogeneous_data_handler': {'enabled': False}, 'client_registry': {'enabled': True, 'params': {}}}
client_selector activated ✅
Client Client 4 participates in this round. (CPU: 1, RAM: 4)
Client Client 3 participates in this round. (CPU: 2, RAM: 4)
Client Client 1 participates in this round. (CPU: 2, RAM: 4)
Client Client 6 participates in this round. (CPU: 1, RAM: 4)
Client Client 5 participates in this round. (CPU: 1, RAM: 4)
Client Client 2 participates in this round. (CPU: 2, RAM: 4)
Results Aggregated in 19.40 seconds.
{'TextMLP': {'train_loss': [0.8313097700013055, 1.0535737533039518, 1.0019221286137898, 0.8969425505532159], 'train_accuracy': [0.5825555555555556, 0.5391666666666667, 0.5693, 0.6484444444444445], 'train_f1': [0.2006911141053543, 0.18630581227990653, 0.21774075144672353, 0.3492938708703576], 'train_mae': [0.6500555555555556, 0.6724629629629629, 0.659, 0.5499761904761905], 'val_loss': [2.419497633398625, 1.913427315204464, 1.8537320161451372, 1.5774059079822744], 'val_accuracy': [0.25, 0.25, 0.2694649122807018, 0.3725375939849624], 'val_f1': [0.10000350914131312, 0.1, 0.13967984480500364, 0.2693853235391925], 'val_mae': [1.3332894736842105, 1.0555555555555556, 1.3313684210526315, 1.0028822055137845], 'jsd': [(0, 0, 0.10574191233842169, 0.3011341189272117, 0.2839893455420802, 0), (0.03519975631486401, 0.1987678729146596, 0.010190618812288565, 0.15992533717092694, 0.3392564881963688, 0.16153560565208136), (0.053246964067424594, 0.14383534620231264, 0.051266517253749935, 0.16010030233107841, 0.27953370960010826, 0.17963458317401598), (0.033723876184748466, 0.09070894650480413, 0.0513948304121902, 0.20539558801127922, 0.23773014473443313, 0.1142088133536725)]}}
AdaptationManager: Configuring next round...
{'client_registry': {'enabled': True, 'params': {}}, 'client_selector': {'enabled': True, 'params': {'selection_strategy': 'Resource-Based', 'selection_criteria': 'CPU', 'selection_value': 2}}, 'client_cluster': {'enabled': False, 'params': {}}, 'message_compressor': {'enabled': False, 'params': {}}, 'model_co-versioning_registry': {'enabled': False, 'params': {}}, 'multi-task_model_trainer': {'enabled': False, 'params': {}}, 'heterogeneous_data_handler': {'enabled': False, 'params': {}}}
{'client_selector': {'enabled': True, 'params': {'enabled_clients': ['Client 2', 'Client 4', 'Client 6']}}, 'client_cluster': {'enabled': False}, 'message_compressor': {'enabled': False}, 'model_co-versioning_registry': {'enabled': False}, 'multi-task_model_trainer': {'enabled': False}, 'heterogeneous_data_handler': {'enabled': False}, 'client_registry': {'enabled': True, 'params': {}}}
client_selector activated ✅
Client Client 1 participates in this round. (CPU: 2, RAM: 4)
Client Client 5 participates in this round. (CPU: 1, RAM: 4)
Client Client 6 participates in this round. (CPU: 1, RAM: 4)
Client Client 2 participates in this round. (CPU: 2, RAM: 4)
Client Client 4 participates in this round. (CPU: 1, RAM: 4)
Client Client 3 participates in this round. (CPU: 2, RAM: 4)
Results Aggregated in 22.04 seconds.
{'TextMLP': {'train_loss': [0.8313097700013055, 1.0535737533039518, 1.0019221286137898, 0.8969425505532159, 0.7355583039507454], 'train_accuracy': [0.5825555555555556, 0.5391666666666667, 0.5693, 0.6484444444444445, 0.716679012345679], 'train_f1': [0.2006911141053543, 0.18630581227990653, 0.21774075144672353, 0.3492938708703576, 0.48419663600713275], 'train_mae': [0.6500555555555556, 0.6724629629629629, 0.659, 0.5499761904761905, 0.43435802469135804], 'val_loss': [2.419497633398625, 1.913427315204464, 1.8537320161451372, 1.5774059079822744, 1.3010280572508277], 'val_accuracy': [0.25, 0.25, 0.2694649122807018, 0.3725375939849624, 0.48203703703703704], 'val_f1': [0.10000350914131312, 0.1, 0.13967984480500364, 0.2693853235391925, 0.40345141839054155], 'val_mae': [1.3332894736842105, 1.0555555555555556, 1.3313684210526315, 1.0028822055137845, 0.7817738791423002], 'jsd': [(0, 0, 0.10574191233842169, 0.3011341189272117, 0.2839893455420802, 0), (0.03519975631486401, 0.1987678729146596, 0.010190618812288565, 0.15992533717092694, 0.3392564881963688, 0.16153560565208136), (0.053246964067424594, 0.14383534620231264, 0.051266517253749935, 0.16010030233107841, 0.27953370960010826, 0.17963458317401598), (0.033723876184748466, 0.09070894650480413, 0.0513948304121902, 0.20539558801127922, 0.23773014473443313, 0.1142088133536725), (0.04238511083062148, 0.09299065952512559, 0.03176490796206424, 0.18287156816188813, 0.21027240953994275, 0.11386830108126206)]}}
AdaptationManager: Configuring next round...
{'client_registry': {'enabled': True, 'params': {}}, 'client_selector': {'enabled': True, 'params': {'selection_strategy': 'Resource-Based', 'selection_criteria': 'CPU', 'selection_value': 2}}, 'client_cluster': {'enabled': False, 'params': {}}, 'message_compressor': {'enabled': False, 'params': {}}, 'model_co-versioning_registry': {'enabled': False, 'params': {}}, 'multi-task_model_trainer': {'enabled': False, 'params': {}}, 'heterogeneous_data_handler': {'enabled': False, 'params': {}}}
{'client_selector': {'enabled': True, 'params': {'enabled_clients': ['Client 1', 'Client 2', 'Client 4', 'Client 6']}}, 'client_cluster': {'enabled': False}, 'message_compressor': {'enabled': False}, 'model_co-versioning_registry': {'enabled': False}, 'multi-task_model_trainer': {'enabled': False}, 'heterogeneous_data_handler': {'enabled': False}, 'client_registry': {'enabled': True, 'params': {}}}
client_selector activated ✅
Client Client 6 participates in this round. (CPU: 1, RAM: 4)
Client Client 2 participates in this round. (CPU: 2, RAM: 4)
Client Client 4 participates in this round. (CPU: 1, RAM: 4)
Client Client 1 participates in this round. (CPU: 2, RAM: 4)
Client Client 5 participates in this round. (CPU: 1, RAM: 4)
Client Client 3 participates in this round. (CPU: 2, RAM: 4)
Results Aggregated in 21.66 seconds.
{'TextMLP': {'train_loss': [0.8313097700013055, 1.0535737533039518, 1.0019221286137898, 0.8969425505532159, 0.7355583039507454, 0.6988307562211548], 'train_accuracy': [0.5825555555555556, 0.5391666666666667, 0.5693, 0.6484444444444445, 0.716679012345679, 0.7338383838383838], 'train_f1': [0.2006911141053543, 0.18630581227990653, 0.21774075144672353, 0.3492938708703576, 0.48419663600713275, 0.628708798571773], 'train_mae': [0.6500555555555556, 0.6724629629629629, 0.659, 0.5499761904761905, 0.43435802469135804, 0.4194141414141414], 'val_loss': [2.419497633398625, 1.913427315204464, 1.8537320161451372, 1.5774059079822744, 1.3010280572508277, 0.9454522322429614], 'val_accuracy': [0.25, 0.25, 0.2694649122807018, 0.3725375939849624, 0.48203703703703704, 0.616774322169059], 'val_f1': [0.10000350914131312, 0.1, 0.13967984480500364, 0.2693853235391925, 0.40345141839054155, 0.5847327804352007], 'val_mae': [1.3332894736842105, 1.0555555555555556, 1.3313684210526315, 1.0028822055137845, 0.7817738791423002, 0.5792862838915471], 'jsd': [(0, 0, 0.10574191233842169, 0.3011341189272117, 0.2839893455420802, 0), (0.03519975631486401, 0.1987678729146596, 0.010190618812288565, 0.15992533717092694, 0.3392564881963688, 0.16153560565208136), (0.053246964067424594, 0.14383534620231264, 0.051266517253749935, 0.16010030233107841, 0.27953370960010826, 0.17963458317401598), (0.033723876184748466, 0.09070894650480413, 0.0513948304121902, 0.20539558801127922, 0.23773014473443313, 0.1142088133536725), (0.04238511083062148, 0.09299065952512559, 0.03176490796206424, 0.18287156816188813, 0.21027240953994275, 0.11386830108126206), (0.008706713915014198, 0.0026199583771477596, 0.03269305786261023, 0.14032434525993667, 0.12990889390425944, 0.06600914200269734)]}}
AdaptationManager: Configuring next round...
{'client_registry': {'enabled': True, 'params': {}}, 'client_selector': {'enabled': True, 'params': {'selection_strategy': 'Resource-Based', 'selection_criteria': 'CPU', 'selection_value': 2}}, 'client_cluster': {'enabled': False, 'params': {}}, 'message_compressor': {'enabled': False, 'params': {}}, 'model_co-versioning_registry': {'enabled': False, 'params': {}}, 'multi-task_model_trainer': {'enabled': False, 'params': {}}, 'heterogeneous_data_handler': {'enabled': False, 'params': {}}}
{'client_selector': {'enabled': True, 'params': {'enabled_clients': ['Client 1', 'Client 3', 'Client 5']}}, 'client_cluster': {'enabled': False}, 'message_compressor': {'enabled': False}, 'model_co-versioning_registry': {'enabled': False}, 'multi-task_model_trainer': {'enabled': False}, 'heterogeneous_data_handler': {'enabled': False}, 'client_registry': {'enabled': True, 'params': {}}}
client_selector de-activated ❌
Results Aggregated in 24.64 seconds.
{'TextMLP': {'train_loss': [0.8313097700013055, 1.0535737533039518, 1.0019221286137898, 0.8969425505532159, 0.7355583039507454, 0.6988307562211548, 0.6505366926274748], 'train_accuracy': [0.5825555555555556, 0.5391666666666667, 0.5693, 0.6484444444444445, 0.716679012345679, 0.7338383838383838, 0.7477350427350428], 'train_f1': [0.2006911141053543, 0.18630581227990653, 0.21774075144672353, 0.3492938708703576, 0.48419663600713275, 0.628708798571773, 0.675635487822054], 'train_mae': [0.6500555555555556, 0.6724629629629629, 0.659, 0.5499761904761905, 0.43435802469135804, 0.4194141414141414, 0.3786837606837607], 'val_loss': [2.419497633398625, 1.913427315204464, 1.8537320161451372, 1.5774059079822744, 1.3010280572508277, 0.9454522322429614, 0.8037086159851548], 'val_accuracy': [0.25, 0.25, 0.2694649122807018, 0.3725375939849624, 0.48203703703703704, 0.616774322169059, 0.6691363022941971], 'val_f1': [0.10000350914131312, 0.1, 0.13967984480500364, 0.2693853235391925, 0.40345141839054155, 0.5847327804352007, 0.6429784993411719], 'val_mae': [1.3332894736842105, 1.0555555555555556, 1.3313684210526315, 1.0028822055137845, 0.7817738791423002, 0.5792862838915471, 0.4847672064777328], 'jsd': [(0, 0, 0.10574191233842169, 0.3011341189272117, 0.2839893455420802, 0), (0.03519975631486401, 0.1987678729146596, 0.010190618812288565, 0.15992533717092694, 0.3392564881963688, 0.16153560565208136), (0.053246964067424594, 0.14383534620231264, 0.051266517253749935, 0.16010030233107841, 0.27953370960010826, 0.17963458317401598), (0.033723876184748466, 0.09070894650480413, 0.0513948304121902, 0.20539558801127922, 0.23773014473443313, 0.1142088133536725), (0.04238511083062148, 0.09299065952512559, 0.03176490796206424, 0.18287156816188813, 0.21027240953994275, 0.11386830108126206), (0.008706713915014198, 0.0026199583771477596, 0.03269305786261023, 0.14032434525993667, 0.12990889390425944, 0.06600914200269734), (0.00839612695428878, 0.0057772818032826335, 0.03314651863306636, 0.09109564093565752, 0.0740986692079128, 0.06637410167000284)]}}
AdaptationManager: Configuring next round...
{'client_registry': {'enabled': True, 'params': {}}, 'client_selector': {'enabled': True, 'params': {'selection_strategy': 'Resource-Based', 'selection_criteria': 'CPU', 'selection_value': 2}}, 'client_cluster': {'enabled': False, 'params': {}}, 'message_compressor': {'enabled': False, 'params': {}}, 'model_co-versioning_registry': {'enabled': False, 'params': {}}, 'multi-task_model_trainer': {'enabled': False, 'params': {}}, 'heterogeneous_data_handler': {'enabled': False, 'params': {}}}
{'client_selector': {'enabled': False, 'params': {'enabled_clients': ['Client 1', 'Client 3', 'Client 5']}}, 'client_cluster': {'enabled': False}, 'message_compressor': {'enabled': False}, 'model_co-versioning_registry': {'enabled': False}, 'multi-task_model_trainer': {'enabled': False}, 'heterogeneous_data_handler': {'enabled': False}, 'client_registry': {'enabled': True, 'params': {}}}
client_selector de-activated ❌
Results Aggregated in 23.43 seconds.
{'TextMLP': {'train_loss': [0.8313097700013055, 1.0535737533039518, 1.0019221286137898, 0.8969425505532159, 0.7355583039507454, 0.6988307562211548, 0.6505366926274748, 0.5807076592304088], 'train_accuracy': [0.5825555555555556, 0.5391666666666667, 0.5693, 0.6484444444444445, 0.716679012345679, 0.7338383838383838, 0.7477350427350428, 0.7845407407407408], 'train_f1': [0.2006911141053543, 0.18630581227990653, 0.21774075144672353, 0.3492938708703576, 0.48419663600713275, 0.628708798571773, 0.675635487822054, 0.7378909318907084], 'train_mae': [0.6500555555555556, 0.6724629629629629, 0.659, 0.5499761904761905, 0.43435802469135804, 0.4194141414141414, 0.3786837606837607, 0.32911851851851853], 'val_loss': [2.419497633398625, 1.913427315204464, 1.8537320161451372, 1.5774059079822744, 1.3010280572508277, 0.9454522322429614, 0.8037086159851548, 0.6865154985517089], 'val_accuracy': [0.25, 0.25, 0.2694649122807018, 0.3725375939849624, 0.48203703703703704, 0.616774322169059, 0.6691363022941971, 0.7312076023391814], 'val_f1': [0.10000350914131312, 0.1, 0.13967984480500364, 0.2693853235391925, 0.40345141839054155, 0.5847327804352007, 0.6429784993411719, 0.7153438799632891], 'val_mae': [1.3332894736842105, 1.0555555555555556, 1.3313684210526315, 1.0028822055137845, 0.7817738791423002, 0.5792862838915471, 0.4847672064777328, 0.40026608187134505], 'jsd': [(0, 0, 0.10574191233842169, 0.3011341189272117, 0.2839893455420802, 0), (0.03519975631486401, 0.1987678729146596, 0.010190618812288565, 0.15992533717092694, 0.3392564881963688, 0.16153560565208136), (0.053246964067424594, 0.14383534620231264, 0.051266517253749935, 0.16010030233107841, 0.27953370960010826, 0.17963458317401598), (0.033723876184748466, 0.09070894650480413, 0.0513948304121902, 0.20539558801127922, 0.23773014473443313, 0.1142088133536725), (0.04238511083062148, 0.09299065952512559, 0.03176490796206424, 0.18287156816188813, 0.21027240953994275, 0.11386830108126206), (0.008706713915014198, 0.0026199583771477596, 0.03269305786261023, 0.14032434525993667, 0.12990889390425944, 0.06600914200269734), (0.00839612695428878, 0.0057772818032826335, 0.03314651863306636, 0.09109564093565752, 0.0740986692079128, 0.06637410167000284), (0.005830722549430407, 0.00581044063851756, 0.0010314238346594501, 0.07334658794150878, 0.05356513860031016, 0.05849394368112112)]}}
AdaptationManager: Configuring next round...
{'client_registry': {'enabled': True, 'params': {}}, 'client_selector': {'enabled': True, 'params': {'selection_strategy': 'Resource-Based', 'selection_criteria': 'CPU', 'selection_value': 2}}, 'client_cluster': {'enabled': False, 'params': {}}, 'message_compressor': {'enabled': False, 'params': {}}, 'model_co-versioning_registry': {'enabled': False, 'params': {}}, 'multi-task_model_trainer': {'enabled': False, 'params': {}}, 'heterogeneous_data_handler': {'enabled': False, 'params': {}}}
{'client_selector': {'enabled': False, 'params': {'enabled_clients': ['Client 1', 'Client 3', 'Client 5']}}, 'client_cluster': {'enabled': False}, 'message_compressor': {'enabled': False}, 'model_co-versioning_registry': {'enabled': False}, 'multi-task_model_trainer': {'enabled': False}, 'heterogeneous_data_handler': {'enabled': False}, 'client_registry': {'enabled': True, 'params': {}}}
client_selector de-activated ❌
Results Aggregated in 23.56 seconds.
{'TextMLP': {'train_loss': [0.8313097700013055, 1.0535737533039518, 1.0019221286137898, 0.8969425505532159, 0.7355583039507454, 0.6988307562211548, 0.6505366926274748, 0.5807076592304088, 0.5402845562564003], 'train_accuracy': [0.5825555555555556, 0.5391666666666667, 0.5693, 0.6484444444444445, 0.716679012345679, 0.7338383838383838, 0.7477350427350428, 0.7845407407407408, 0.8013692810457517], 'train_f1': [0.2006911141053543, 0.18630581227990653, 0.21774075144672353, 0.3492938708703576, 0.48419663600713275, 0.628708798571773, 0.675635487822054, 0.7378909318907084, 0.7790456830493271], 'train_mae': [0.6500555555555556, 0.6724629629629629, 0.659, 0.5499761904761905, 0.43435802469135804, 0.4194141414141414, 0.3786837606837607, 0.32911851851851853, 0.31172222222222223], 'val_loss': [2.419497633398625, 1.913427315204464, 1.8537320161451372, 1.5774059079822744, 1.3010280572508277, 0.9454522322429614, 0.8037086159851548, 0.6865154985517089, 0.6041602940185398], 'val_accuracy': [0.25, 0.25, 0.2694649122807018, 0.3725375939849624, 0.48203703703703704, 0.616774322169059, 0.6691363022941971, 0.7312076023391814, 0.7699277605779153], 'val_f1': [0.10000350914131312, 0.1, 0.13967984480500364, 0.2693853235391925, 0.40345141839054155, 0.5847327804352007, 0.6429784993411719, 0.7153438799632891, 0.7655407764252949], 'val_mae': [1.3332894736842105, 1.0555555555555556, 1.3313684210526315, 1.0028822055137845, 0.7817738791423002, 0.5792862838915471, 0.4847672064777328, 0.40026608187134505, 0.35855263157894735], 'jsd': [(0, 0, 0.10574191233842169, 0.3011341189272117, 0.2839893455420802, 0), (0.03519975631486401, 0.1987678729146596, 0.010190618812288565, 0.15992533717092694, 0.3392564881963688, 0.16153560565208136), (0.053246964067424594, 0.14383534620231264, 0.051266517253749935, 0.16010030233107841, 0.27953370960010826, 0.17963458317401598), (0.033723876184748466, 0.09070894650480413, 0.0513948304121902, 0.20539558801127922, 0.23773014473443313, 0.1142088133536725), (0.04238511083062148, 0.09299065952512559, 0.03176490796206424, 0.18287156816188813, 0.21027240953994275, 0.11386830108126206), (0.008706713915014198, 0.0026199583771477596, 0.03269305786261023, 0.14032434525993667, 0.12990889390425944, 0.06600914200269734), (0.00839612695428878, 0.0057772818032826335, 0.03314651863306636, 0.09109564093565752, 0.0740986692079128, 0.06637410167000284), (0.005830722549430407, 0.00581044063851756, 0.0010314238346594501, 0.07334658794150878, 0.05356513860031016, 0.05849394368112112), (0.0031245604405910656, 0.0011719747115187837, 0.006340103655706992, 0.06558905567403822, 0.031214344153867698, 0.05098242393361204)]}}
AdaptationManager: Configuring next round...
{'client_registry': {'enabled': True, 'params': {}}, 'client_selector': {'enabled': True, 'params': {'selection_strategy': 'Resource-Based', 'selection_criteria': 'CPU', 'selection_value': 2}}, 'client_cluster': {'enabled': False, 'params': {}}, 'message_compressor': {'enabled': False, 'params': {}}, 'model_co-versioning_registry': {'enabled': False, 'params': {}}, 'multi-task_model_trainer': {'enabled': False, 'params': {}}, 'heterogeneous_data_handler': {'enabled': False, 'params': {}}}
{'client_selector': {'enabled': False, 'params': {'enabled_clients': ['Client 1', 'Client 3', 'Client 5']}}, 'client_cluster': {'enabled': False}, 'message_compressor': {'enabled': False}, 'model_co-versioning_registry': {'enabled': False}, 'multi-task_model_trainer': {'enabled': False}, 'heterogeneous_data_handler': {'enabled': False}, 'client_registry': {'enabled': True, 'params': {}}}
client_selector activated ✅
Client Client 5 participates in this round. (CPU: 1, RAM: 4)
Client Client 4 participates in this round. (CPU: 1, RAM: 4)
Client Client 6 participates in this round. (CPU: 1, RAM: 4)
Client Client 1 participates in this round. (CPU: 2, RAM: 4)
Client Client 2 participates in this round. (CPU: 2, RAM: 4)
Client Client 3 participates in this round. (CPU: 2, RAM: 4)
Results Aggregated in 23.31 seconds.
{'TextMLP': {'train_loss': [0.8313097700013055, 1.0535737533039518, 1.0019221286137898, 0.8969425505532159, 0.7355583039507454, 0.6988307562211548, 0.6505366926274748, 0.5807076592304088, 0.5402845562564003, 0.5034731013537848], 'train_accuracy': [0.5825555555555556, 0.5391666666666667, 0.5693, 0.6484444444444445, 0.716679012345679, 0.7338383838383838, 0.7477350427350428, 0.7845407407407408, 0.8013692810457517, 0.8152368421052631], 'train_f1': [0.2006911141053543, 0.18630581227990653, 0.21774075144672353, 0.3492938708703576, 0.48419663600713275, 0.628708798571773, 0.675635487822054, 0.7378909318907084, 0.7790456830493271, 0.798058148816029], 'train_mae': [0.6500555555555556, 0.6724629629629629, 0.659, 0.5499761904761905, 0.43435802469135804, 0.4194141414141414, 0.3786837606837607, 0.32911851851851853, 0.31172222222222223, 0.28765497076023394], 'val_loss': [2.419497633398625, 1.913427315204464, 1.8537320161451372, 1.5774059079822744, 1.3010280572508277, 0.9454522322429614, 0.8037086159851548, 0.6865154985517089, 0.6041602940185398, 0.5749810640193309], 'val_accuracy': [0.25, 0.25, 0.2694649122807018, 0.3725375939849624, 0.48203703703703704, 0.616774322169059, 0.6691363022941971, 0.7312076023391814, 0.7699277605779153, 0.7853393351800554], 'val_f1': [0.10000350914131312, 0.1, 0.13967984480500364, 0.2693853235391925, 0.40345141839054155, 0.5847327804352007, 0.6429784993411719, 0.7153438799632891, 0.7655407764252949, 0.783913410700787], 'val_mae': [1.3332894736842105, 1.0555555555555556, 1.3313684210526315, 1.0028822055137845, 0.7817738791423002, 0.5792862838915471, 0.4847672064777328, 0.40026608187134505, 0.35855263157894735, 0.33094644506001847], 'jsd': [(0, 0, 0.10574191233842169, 0.3011341189272117, 0.2839893455420802, 0), (0.03519975631486401, 0.1987678729146596, 0.010190618812288565, 0.15992533717092694, 0.3392564881963688, 0.16153560565208136), (0.053246964067424594, 0.14383534620231264, 0.051266517253749935, 0.16010030233107841, 0.27953370960010826, 0.17963458317401598), (0.033723876184748466, 0.09070894650480413, 0.0513948304121902, 0.20539558801127922, 0.23773014473443313, 0.1142088133536725), (0.04238511083062148, 0.09299065952512559, 0.03176490796206424, 0.18287156816188813, 0.21027240953994275, 0.11386830108126206), (0.008706713915014198, 0.0026199583771477596, 0.03269305786261023, 0.14032434525993667, 0.12990889390425944, 0.06600914200269734), (0.00839612695428878, 0.0057772818032826335, 0.03314651863306636, 0.09109564093565752, 0.0740986692079128, 0.06637410167000284), (0.005830722549430407, 0.00581044063851756, 0.0010314238346594501, 0.07334658794150878, 0.05356513860031016, 0.05849394368112112), (0.0031245604405910656, 0.0011719747115187837, 0.006340103655706992, 0.06558905567403822, 0.031214344153867698, 0.05098242393361204), (0.0033399659926519436, 0.0006123111840049241, 0.017341396228755735, 0.054918809831941695, 0.022183447918441682, 0.04113376704258194)]}}
AdaptationManager: Configuring next round...
{'client_registry': {'enabled': True, 'params': {}}, 'client_selector': {'enabled': True, 'params': {'selection_strategy': 'Resource-Based', 'selection_criteria': 'CPU', 'selection_value': 2}}, 'client_cluster': {'enabled': False, 'params': {}}, 'message_compressor': {'enabled': False, 'params': {}}, 'model_co-versioning_registry': {'enabled': False, 'params': {}}, 'multi-task_model_trainer': {'enabled': False, 'params': {}}, 'heterogeneous_data_handler': {'enabled': False, 'params': {}}}
{'client_selector': {'enabled': True, 'params': {'enabled_clients': ['Client 1', 'Client 2', 'Client 4', 'Client 5', 'Client 6']}}, 'client_cluster': {'enabled': False}, 'message_compressor': {'enabled': False}, 'model_co-versioning_registry': {'enabled': False}, 'multi-task_model_trainer': {'enabled': False}, 'heterogeneous_data_handler': {'enabled': False}, 'client_registry': {'enabled': True, 'params': {}}}
client_selector activated ✅
Client Client 4 participates in this round. (CPU: 1, RAM: 4)
Client Client 5 participates in this round. (CPU: 1, RAM: 4)
Client Client 6 participates in this round. (CPU: 1, RAM: 4)
Client Client 2 participates in this round. (CPU: 2, RAM: 4)
Client Client 1 participates in this round. (CPU: 2, RAM: 4)
Client Client 3 participates in this round. (CPU: 2, RAM: 4)
Results Aggregated in 25.84 seconds.
{'TextMLP': {'train_loss': [0.8313097700013055, 1.0535737533039518, 1.0019221286137898, 0.8969425505532159, 0.7355583039507454, 0.6988307562211548, 0.6505366926274748, 0.5807076592304088, 0.5402845562564003, 0.5034731013537848, 0.4867189459031221], 'train_accuracy': [0.5825555555555556, 0.5391666666666667, 0.5693, 0.6484444444444445, 0.716679012345679, 0.7338383838383838, 0.7477350427350428, 0.7845407407407408, 0.8013692810457517, 0.8152368421052631, 0.8209973544973544], 'train_f1': [0.2006911141053543, 0.18630581227990653, 0.21774075144672353, 0.3492938708703576, 0.48419663600713275, 0.628708798571773, 0.675635487822054, 0.7378909318907084, 0.7790456830493271, 0.798058148816029, 0.8055294169819531], 'train_mae': [0.6500555555555556, 0.6724629629629629, 0.659, 0.5499761904761905, 0.43435802469135804, 0.4194141414141414, 0.3786837606837607, 0.32911851851851853, 0.31172222222222223, 0.28765497076023394, 0.27846031746031746], 'val_loss': [2.419497633398625, 1.913427315204464, 1.8537320161451372, 1.5774059079822744, 1.3010280572508277, 0.9454522322429614, 0.8037086159851548, 0.6865154985517089, 0.6041602940185398, 0.5749810640193309, 0.550743169012723], 'val_accuracy': [0.25, 0.25, 0.2694649122807018, 0.3725375939849624, 0.48203703703703704, 0.616774322169059, 0.6691363022941971, 0.7312076023391814, 0.7699277605779153, 0.7853393351800554, 0.7961319966583126], 'val_f1': [0.10000350914131312, 0.1, 0.13967984480500364, 0.2693853235391925, 0.40345141839054155, 0.5847327804352007, 0.6429784993411719, 0.7153438799632891, 0.7655407764252949, 0.783913410700787, 0.7936635727273592], 'val_mae': [1.3332894736842105, 1.0555555555555556, 1.3313684210526315, 1.0028822055137845, 0.7817738791423002, 0.5792862838915471, 0.4847672064777328, 0.40026608187134505, 0.35855263157894735, 0.33094644506001847, 0.31186090225563906], 'jsd': [(0, 0, 0.10574191233842169, 0.3011341189272117, 0.2839893455420802, 0), (0.03519975631486401, 0.1987678729146596, 0.010190618812288565, 0.15992533717092694, 0.3392564881963688, 0.16153560565208136), (0.053246964067424594, 0.14383534620231264, 0.051266517253749935, 0.16010030233107841, 0.27953370960010826, 0.17963458317401598), (0.033723876184748466, 0.09070894650480413, 0.0513948304121902, 0.20539558801127922, 0.23773014473443313, 0.1142088133536725), (0.04238511083062148, 0.09299065952512559, 0.03176490796206424, 0.18287156816188813, 0.21027240953994275, 0.11386830108126206), (0.008706713915014198, 0.0026199583771477596, 0.03269305786261023, 0.14032434525993667, 0.12990889390425944, 0.06600914200269734), (0.00839612695428878, 0.0057772818032826335, 0.03314651863306636, 0.09109564093565752, 0.0740986692079128, 0.06637410167000284), (0.005830722549430407, 0.00581044063851756, 0.0010314238346594501, 0.07334658794150878, 0.05356513860031016, 0.05849394368112112), (0.0031245604405910656, 0.0011719747115187837, 0.006340103655706992, 0.06558905567403822, 0.031214344153867698, 0.05098242393361204), (0.0033399659926519436, 0.0006123111840049241, 0.017341396228755735, 0.054918809831941695, 0.022183447918441682, 0.04113376704258194), (0.004636665059341568, 0.0018629081951948793, 0.01564801800472277, 0.05010994743356443, 0.019430539957944755, 0.030827563511244507)]}}
AdaptationManager: Configuring next round...
{'client_registry': {'enabled': True, 'params': {}}, 'client_selector': {'enabled': True, 'params': {'selection_strategy': 'Resource-Based', 'selection_criteria': 'CPU', 'selection_value': 2}}, 'client_cluster': {'enabled': False, 'params': {}}, 'message_compressor': {'enabled': False, 'params': {}}, 'model_co-versioning_registry': {'enabled': False, 'params': {}}, 'multi-task_model_trainer': {'enabled': False, 'params': {}}, 'heterogeneous_data_handler': {'enabled': False, 'params': {}}}
{'client_selector': {'enabled': True, 'params': {'enabled_clients': ['Client 1', 'Client 4', 'Client 5']}}, 'client_cluster': {'enabled': False}, 'message_compressor': {'enabled': False}, 'model_co-versioning_registry': {'enabled': False}, 'multi-task_model_trainer': {'enabled': False}, 'heterogeneous_data_handler': {'enabled': False}, 'client_registry': {'enabled': True, 'params': {}}}
client_selector activated ✅
Client Client 3 participates in this round. (CPU: 2, RAM: 4)
Client Client 4 participates in this round. (CPU: 1, RAM: 4)
Client Client 6 participates in this round. (CPU: 1, RAM: 4)
Client Client 1 participates in this round. (CPU: 2, RAM: 4)
Client Client 5 participates in this round. (CPU: 1, RAM: 4)
Client Client 2 participates in this round. (CPU: 2, RAM: 4)
Results Aggregated in 27.69 seconds.
{'TextMLP': {'train_loss': [0.8313097700013055, 1.0535737533039518, 1.0019221286137898, 0.8969425505532159, 0.7355583039507454, 0.6988307562211548, 0.6505366926274748, 0.5807076592304088, 0.5402845562564003, 0.5034731013537848, 0.4867189459031221, 0.4649286690714279], 'train_accuracy': [0.5825555555555556, 0.5391666666666667, 0.5693, 0.6484444444444445, 0.716679012345679, 0.7338383838383838, 0.7477350427350428, 0.7845407407407408, 0.8013692810457517, 0.8152368421052631, 0.8209973544973544, 0.8290700483091787], 'train_f1': [0.2006911141053543, 0.18630581227990653, 0.21774075144672353, 0.3492938708703576, 0.48419663600713275, 0.628708798571773, 0.675635487822054, 0.7378909318907084, 0.7790456830493271, 0.798058148816029, 0.8055294169819531, 0.818324052076774], 'train_mae': [0.6500555555555556, 0.6724629629629629, 0.659, 0.5499761904761905, 0.43435802469135804, 0.4194141414141414, 0.3786837606837607, 0.32911851851851853, 0.31172222222222223, 0.28765497076023394, 0.27846031746031746, 0.26657729468599034], 'val_loss': [2.419497633398625, 1.913427315204464, 1.8537320161451372, 1.5774059079822744, 1.3010280572508277, 0.9454522322429614, 0.8037086159851548, 0.6865154985517089, 0.6041602940185398, 0.5749810640193309, 0.550743169012723, 0.5153680203617483], 'val_accuracy': [0.25, 0.25, 0.2694649122807018, 0.3725375939849624, 0.48203703703703704, 0.616774322169059, 0.6691363022941971, 0.7312076023391814, 0.7699277605779153, 0.7853393351800554, 0.7961319966583126, 0.8093993135011441], 'val_f1': [0.10000350914131312, 0.1, 0.13967984480500364, 0.2693853235391925, 0.40345141839054155, 0.5847327804352007, 0.6429784993411719, 0.7153438799632891, 0.7655407764252949, 0.783913410700787, 0.7936635727273592, 0.8092540043245771], 'val_mae': [1.3332894736842105, 1.0555555555555556, 1.3313684210526315, 1.0028822055137845, 0.7817738791423002, 0.5792862838915471, 0.4847672064777328, 0.40026608187134505, 0.35855263157894735, 0.33094644506001847, 0.31186090225563906, 0.2951659038901602], 'jsd': [(0, 0, 0.10574191233842169, 0.3011341189272117, 0.2839893455420802, 0), (0.03519975631486401, 0.1987678729146596, 0.010190618812288565, 0.15992533717092694, 0.3392564881963688, 0.16153560565208136), (0.053246964067424594, 0.14383534620231264, 0.051266517253749935, 0.16010030233107841, 0.27953370960010826, 0.17963458317401598), (0.033723876184748466, 0.09070894650480413, 0.0513948304121902, 0.20539558801127922, 0.23773014473443313, 0.1142088133536725), (0.04238511083062148, 0.09299065952512559, 0.03176490796206424, 0.18287156816188813, 0.21027240953994275, 0.11386830108126206), (0.008706713915014198, 0.0026199583771477596, 0.03269305786261023, 0.14032434525993667, 0.12990889390425944, 0.06600914200269734), (0.00839612695428878, 0.0057772818032826335, 0.03314651863306636, 0.09109564093565752, 0.0740986692079128, 0.06637410167000284), (0.005830722549430407, 0.00581044063851756, 0.0010314238346594501, 0.07334658794150878, 0.05356513860031016, 0.05849394368112112), (0.0031245604405910656, 0.0011719747115187837, 0.006340103655706992, 0.06558905567403822, 0.031214344153867698, 0.05098242393361204), (0.0033399659926519436, 0.0006123111840049241, 0.017341396228755735, 0.054918809831941695, 0.022183447918441682, 0.04113376704258194), (0.004636665059341568, 0.0018629081951948793, 0.01564801800472277, 0.05010994743356443, 0.019430539957944755, 0.030827563511244507), (0.0042271986342742075, 0.004365921989985779, 0.013055311537747347, 0.049034608248431415, 0.025198364243511323, 0.0387452460007873)]}}
AdaptationManager: Configuring next round...
{'client_registry': {'enabled': True, 'params': {}}, 'client_selector': {'enabled': True, 'params': {'selection_strategy': 'Resource-Based', 'selection_criteria': 'CPU', 'selection_value': 2}}, 'client_cluster': {'enabled': False, 'params': {}}, 'message_compressor': {'enabled': False, 'params': {}}, 'model_co-versioning_registry': {'enabled': False, 'params': {}}, 'multi-task_model_trainer': {'enabled': False, 'params': {}}, 'heterogeneous_data_handler': {'enabled': False, 'params': {}}}
{'client_selector': {'enabled': True, 'params': {'enabled_clients': ['Client 2', 'Client 5', 'Client 6']}}, 'client_cluster': {'enabled': False}, 'message_compressor': {'enabled': False}, 'model_co-versioning_registry': {'enabled': False}, 'multi-task_model_trainer': {'enabled': False}, 'heterogeneous_data_handler': {'enabled': False}, 'client_registry': {'enabled': True, 'params': {}}}
client_selector activated ✅
Client Client 5 participates in this round. (CPU: 1, RAM: 4)
Client Client 1 participates in this round. (CPU: 2, RAM: 4)
Client Client 6 participates in this round. (CPU: 1, RAM: 4)
Client Client 3 participates in this round. (CPU: 2, RAM: 4)
Client Client 4 participates in this round. (CPU: 1, RAM: 4)
Client Client 2 participates in this round. (CPU: 2, RAM: 4)
Results Aggregated in 26.33 seconds.
{'TextMLP': {'train_loss': [0.8313097700013055, 1.0535737533039518, 1.0019221286137898, 0.8969425505532159, 0.7355583039507454, 0.6988307562211548, 0.6505366926274748, 0.5807076592304088, 0.5402845562564003, 0.5034731013537848, 0.4867189459031221, 0.4649286690714279, 0.44992753794987994], 'train_accuracy': [0.5825555555555556, 0.5391666666666667, 0.5693, 0.6484444444444445, 0.716679012345679, 0.7338383838383838, 0.7477350427350428, 0.7845407407407408, 0.8013692810457517, 0.8152368421052631, 0.8209973544973544, 0.8290700483091787, 0.8356777777777777], 'train_f1': [0.2006911141053543, 0.18630581227990653, 0.21774075144672353, 0.3492938708703576, 0.48419663600713275, 0.628708798571773, 0.675635487822054, 0.7378909318907084, 0.7790456830493271, 0.798058148816029, 0.8055294169819531, 0.818324052076774, 0.8254648085704055], 'train_mae': [0.6500555555555556, 0.6724629629629629, 0.659, 0.5499761904761905, 0.43435802469135804, 0.4194141414141414, 0.3786837606837607, 0.32911851851851853, 0.31172222222222223, 0.28765497076023394, 0.27846031746031746, 0.26657729468599034, 0.25331777777777775], 'val_loss': [2.419497633398625, 1.913427315204464, 1.8537320161451372, 1.5774059079822744, 1.3010280572508277, 0.9454522322429614, 0.8037086159851548, 0.6865154985517089, 0.6041602940185398, 0.5749810640193309, 0.550743169012723, 0.5153680203617483, 0.49723457766834056], 'val_accuracy': [0.25, 0.25, 0.2694649122807018, 0.3725375939849624, 0.48203703703703704, 0.616774322169059, 0.6691363022941971, 0.7312076023391814, 0.7699277605779153, 0.7853393351800554, 0.7961319966583126, 0.8093993135011441, 0.8160947368421052], 'val_f1': [0.10000350914131312, 0.1, 0.13967984480500364, 0.2693853235391925, 0.40345141839054155, 0.5847327804352007, 0.6429784993411719, 0.7153438799632891, 0.7655407764252949, 0.783913410700787, 0.7936635727273592, 0.8092540043245771, 0.8153664304048935], 'val_mae': [1.3332894736842105, 1.0555555555555556, 1.3313684210526315, 1.0028822055137845, 0.7817738791423002, 0.5792862838915471, 0.4847672064777328, 0.40026608187134505, 0.35855263157894735, 0.33094644506001847, 0.31186090225563906, 0.2951659038901602, 0.2845824561403509], 'jsd': [(0, 0, 0.10574191233842169, 0.3011341189272117, 0.2839893455420802, 0), (0.03519975631486401, 0.1987678729146596, 0.010190618812288565, 0.15992533717092694, 0.3392564881963688, 0.16153560565208136), (0.053246964067424594, 0.14383534620231264, 0.051266517253749935, 0.16010030233107841, 0.27953370960010826, 0.17963458317401598), (0.033723876184748466, 0.09070894650480413, 0.0513948304121902, 0.20539558801127922, 0.23773014473443313, 0.1142088133536725), (0.04238511083062148, 0.09299065952512559, 0.03176490796206424, 0.18287156816188813, 0.21027240953994275, 0.11386830108126206), (0.008706713915014198, 0.0026199583771477596, 0.03269305786261023, 0.14032434525993667, 0.12990889390425944, 0.06600914200269734), (0.00839612695428878, 0.0057772818032826335, 0.03314651863306636, 0.09109564093565752, 0.0740986692079128, 0.06637410167000284), (0.005830722549430407, 0.00581044063851756, 0.0010314238346594501, 0.07334658794150878, 0.05356513860031016, 0.05849394368112112), (0.0031245604405910656, 0.0011719747115187837, 0.006340103655706992, 0.06558905567403822, 0.031214344153867698, 0.05098242393361204), (0.0033399659926519436, 0.0006123111840049241, 0.017341396228755735, 0.054918809831941695, 0.022183447918441682, 0.04113376704258194), (0.004636665059341568, 0.0018629081951948793, 0.01564801800472277, 0.05010994743356443, 0.019430539957944755, 0.030827563511244507), (0.0042271986342742075, 0.004365921989985779, 0.013055311537747347, 0.049034608248431415, 0.025198364243511323, 0.0387452460007873), (0.004154402690328931, 0.0040501761006039895, 0.011001636635763059, 0.034905500002043205, 0.010903731407904935, 0.03979004937943689)]}}
AdaptationManager: Configuring next round...
{'client_registry': {'enabled': True, 'params': {}}, 'client_selector': {'enabled': True, 'params': {'selection_strategy': 'Resource-Based', 'selection_criteria': 'CPU', 'selection_value': 2}}, 'client_cluster': {'enabled': False, 'params': {}}, 'message_compressor': {'enabled': False, 'params': {}}, 'model_co-versioning_registry': {'enabled': False, 'params': {}}, 'multi-task_model_trainer': {'enabled': False, 'params': {}}, 'heterogeneous_data_handler': {'enabled': False, 'params': {}}}
{'client_selector': {'enabled': True, 'params': {'enabled_clients': ['Client 1']}}, 'client_cluster': {'enabled': False}, 'message_compressor': {'enabled': False}, 'model_co-versioning_registry': {'enabled': False}, 'multi-task_model_trainer': {'enabled': False}, 'heterogeneous_data_handler': {'enabled': False}, 'client_registry': {'enabled': True, 'params': {}}}
client_selector de-activated ❌
Results Aggregated in 25.63 seconds.
{'TextMLP': {'train_loss': [0.8313097700013055, 1.0535737533039518, 1.0019221286137898, 0.8969425505532159, 0.7355583039507454, 0.6988307562211548, 0.6505366926274748, 0.5807076592304088, 0.5402845562564003, 0.5034731013537848, 0.4867189459031221, 0.4649286690714279, 0.44992753794987994, 0.44462317723403744], 'train_accuracy': [0.5825555555555556, 0.5391666666666667, 0.5693, 0.6484444444444445, 0.716679012345679, 0.7338383838383838, 0.7477350427350428, 0.7845407407407408, 0.8013692810457517, 0.8152368421052631, 0.8209973544973544, 0.8290700483091787, 0.8356777777777777, 0.8381275720164609], 'train_f1': [0.2006911141053543, 0.18630581227990653, 0.21774075144672353, 0.3492938708703576, 0.48419663600713275, 0.628708798571773, 0.675635487822054, 0.7378909318907084, 0.7790456830493271, 0.798058148816029, 0.8055294169819531, 0.818324052076774, 0.8254648085704055, 0.8303404226493818], 'train_mae': [0.6500555555555556, 0.6724629629629629, 0.659, 0.5499761904761905, 0.43435802469135804, 0.4194141414141414, 0.3786837606837607, 0.32911851851851853, 0.31172222222222223, 0.28765497076023394, 0.27846031746031746, 0.26657729468599034, 0.25331777777777775, 0.24986213991769549], 'val_loss': [2.419497633398625, 1.913427315204464, 1.8537320161451372, 1.5774059079822744, 1.3010280572508277, 0.9454522322429614, 0.8037086159851548, 0.6865154985517089, 0.6041602940185398, 0.5749810640193309, 0.550743169012723, 0.5153680203617483, 0.49723457766834056, 0.4870723332291381], 'val_accuracy': [0.25, 0.25, 0.2694649122807018, 0.3725375939849624, 0.48203703703703704, 0.616774322169059, 0.6691363022941971, 0.7312076023391814, 0.7699277605779153, 0.7853393351800554, 0.7961319966583126, 0.8093993135011441, 0.8160947368421052, 0.8206416504223522], 'val_f1': [0.10000350914131312, 0.1, 0.13967984480500364, 0.2693853235391925, 0.40345141839054155, 0.5847327804352007, 0.6429784993411719, 0.7153438799632891, 0.7655407764252949, 0.783913410700787, 0.7936635727273592, 0.8092540043245771, 0.8153664304048935, 0.8199128779140334], 'val_mae': [1.3332894736842105, 1.0555555555555556, 1.3313684210526315, 1.0028822055137845, 0.7817738791423002, 0.5792862838915471, 0.4847672064777328, 0.40026608187134505, 0.35855263157894735, 0.33094644506001847, 0.31186090225563906, 0.2951659038901602, 0.2845824561403509, 0.2769314489928525], 'jsd': [(0, 0, 0.10574191233842169, 0.3011341189272117, 0.2839893455420802, 0), (0.03519975631486401, 0.1987678729146596, 0.010190618812288565, 0.15992533717092694, 0.3392564881963688, 0.16153560565208136), (0.053246964067424594, 0.14383534620231264, 0.051266517253749935, 0.16010030233107841, 0.27953370960010826, 0.17963458317401598), (0.033723876184748466, 0.09070894650480413, 0.0513948304121902, 0.20539558801127922, 0.23773014473443313, 0.1142088133536725), (0.04238511083062148, 0.09299065952512559, 0.03176490796206424, 0.18287156816188813, 0.21027240953994275, 0.11386830108126206), (0.008706713915014198, 0.0026199583771477596, 0.03269305786261023, 0.14032434525993667, 0.12990889390425944, 0.06600914200269734), (0.00839612695428878, 0.0057772818032826335, 0.03314651863306636, 0.09109564093565752, 0.0740986692079128, 0.06637410167000284), (0.005830722549430407, 0.00581044063851756, 0.0010314238346594501, 0.07334658794150878, 0.05356513860031016, 0.05849394368112112), (0.0031245604405910656, 0.0011719747115187837, 0.006340103655706992, 0.06558905567403822, 0.031214344153867698, 0.05098242393361204), (0.0033399659926519436, 0.0006123111840049241, 0.017341396228755735, 0.054918809831941695, 0.022183447918441682, 0.04113376704258194), (0.004636665059341568, 0.0018629081951948793, 0.01564801800472277, 0.05010994743356443, 0.019430539957944755, 0.030827563511244507), (0.0042271986342742075, 0.004365921989985779, 0.013055311537747347, 0.049034608248431415, 0.025198364243511323, 0.0387452460007873), (0.004154402690328931, 0.0040501761006039895, 0.011001636635763059, 0.034905500002043205, 0.010903731407904935, 0.03979004937943689), (0.003642070292872418, 0.005442493550184325, 0.007797144208205722, 0.0025163188360388736, 0.00847317851892383, 0.03163780434998852)]}}
AdaptationManager: Configuring next round...
{'client_registry': {'enabled': True, 'params': {}}, 'client_selector': {'enabled': True, 'params': {'selection_strategy': 'Resource-Based', 'selection_criteria': 'CPU', 'selection_value': 2}}, 'client_cluster': {'enabled': False, 'params': {}}, 'message_compressor': {'enabled': False, 'params': {}}, 'model_co-versioning_registry': {'enabled': False, 'params': {}}, 'multi-task_model_trainer': {'enabled': False, 'params': {}}, 'heterogeneous_data_handler': {'enabled': False, 'params': {}}}
{'client_selector': {'enabled': False, 'params': {'enabled_clients': ['Client 1']}}, 'client_cluster': {'enabled': False}, 'message_compressor': {'enabled': False}, 'model_co-versioning_registry': {'enabled': False}, 'multi-task_model_trainer': {'enabled': False}, 'heterogeneous_data_handler': {'enabled': False}, 'client_registry': {'enabled': True, 'params': {}}}
client_selector activated ✅
Client Client 6 participates in this round. (CPU: 1, RAM: 4)
Client Client 1 participates in this round. (CPU: 2, RAM: 4)
Client Client 5 participates in this round. (CPU: 1, RAM: 4)
Client Client 4 participates in this round. (CPU: 1, RAM: 4)
Client Client 3 participates in this round. (CPU: 2, RAM: 4)
Client Client 2 participates in this round. (CPU: 2, RAM: 4)
Results Aggregated in 26.99 seconds.
{'TextMLP': {'train_loss': [0.8313097700013055, 1.0535737533039518, 1.0019221286137898, 0.8969425505532159, 0.7355583039507454, 0.6988307562211548, 0.6505366926274748, 0.5807076592304088, 0.5402845562564003, 0.5034731013537848, 0.4867189459031221, 0.4649286690714279, 0.44992753794987994, 0.44462317723403744, 0.4380974358388747], 'train_accuracy': [0.5825555555555556, 0.5391666666666667, 0.5693, 0.6484444444444445, 0.716679012345679, 0.7338383838383838, 0.7477350427350428, 0.7845407407407408, 0.8013692810457517, 0.8152368421052631, 0.8209973544973544, 0.8290700483091787, 0.8356777777777777, 0.8381275720164609, 0.8400210727969348], 'train_f1': [0.2006911141053543, 0.18630581227990653, 0.21774075144672353, 0.3492938708703576, 0.48419663600713275, 0.628708798571773, 0.675635487822054, 0.7378909318907084, 0.7790456830493271, 0.798058148816029, 0.8055294169819531, 0.818324052076774, 0.8254648085704055, 0.8303404226493818, 0.8312353003505106], 'train_mae': [0.6500555555555556, 0.6724629629629629, 0.659, 0.5499761904761905, 0.43435802469135804, 0.4194141414141414, 0.3786837606837607, 0.32911851851851853, 0.31172222222222223, 0.28765497076023394, 0.27846031746031746, 0.26657729468599034, 0.25331777777777775, 0.24986213991769549, 0.24805938697318008], 'val_loss': [2.419497633398625, 1.913427315204464, 1.8537320161451372, 1.5774059079822744, 1.3010280572508277, 0.9454522322429614, 0.8037086159851548, 0.6865154985517089, 0.6041602940185398, 0.5749810640193309, 0.550743169012723, 0.5153680203617483, 0.49723457766834056, 0.4870723332291381, 0.4833421958300538], 'val_accuracy': [0.25, 0.25, 0.2694649122807018, 0.3725375939849624, 0.48203703703703704, 0.616774322169059, 0.6691363022941971, 0.7312076023391814, 0.7699277605779153, 0.7853393351800554, 0.7961319966583126, 0.8093993135011441, 0.8160947368421052, 0.8206416504223522, 0.8209240774349668], 'val_f1': [0.10000350914131312, 0.1, 0.13967984480500364, 0.2693853235391925, 0.40345141839054155, 0.5847327804352007, 0.6429784993411719, 0.7153438799632891, 0.7655407764252949, 0.783913410700787, 0.7936635727273592, 0.8092540043245771, 0.8153664304048935, 0.8199128779140334, 0.8193932763824696], 'val_mae': [1.3332894736842105, 1.0555555555555556, 1.3313684210526315, 1.0028822055137845, 0.7817738791423002, 0.5792862838915471, 0.4847672064777328, 0.40026608187134505, 0.35855263157894735, 0.33094644506001847, 0.31186090225563906, 0.2951659038901602, 0.2845824561403509, 0.2769314489928525, 0.27697973381730184], 'jsd': [(0, 0, 0.10574191233842169, 0.3011341189272117, 0.2839893455420802, 0), (0.03519975631486401, 0.1987678729146596, 0.010190618812288565, 0.15992533717092694, 0.3392564881963688, 0.16153560565208136), (0.053246964067424594, 0.14383534620231264, 0.051266517253749935, 0.16010030233107841, 0.27953370960010826, 0.17963458317401598), (0.033723876184748466, 0.09070894650480413, 0.0513948304121902, 0.20539558801127922, 0.23773014473443313, 0.1142088133536725), (0.04238511083062148, 0.09299065952512559, 0.03176490796206424, 0.18287156816188813, 0.21027240953994275, 0.11386830108126206), (0.008706713915014198, 0.0026199583771477596, 0.03269305786261023, 0.14032434525993667, 0.12990889390425944, 0.06600914200269734), (0.00839612695428878, 0.0057772818032826335, 0.03314651863306636, 0.09109564093565752, 0.0740986692079128, 0.06637410167000284), (0.005830722549430407, 0.00581044063851756, 0.0010314238346594501, 0.07334658794150878, 0.05356513860031016, 0.05849394368112112), (0.0031245604405910656, 0.0011719747115187837, 0.006340103655706992, 0.06558905567403822, 0.031214344153867698, 0.05098242393361204), (0.0033399659926519436, 0.0006123111840049241, 0.017341396228755735, 0.054918809831941695, 0.022183447918441682, 0.04113376704258194), (0.004636665059341568, 0.0018629081951948793, 0.01564801800472277, 0.05010994743356443, 0.019430539957944755, 0.030827563511244507), (0.0042271986342742075, 0.004365921989985779, 0.013055311537747347, 0.049034608248431415, 0.025198364243511323, 0.0387452460007873), (0.004154402690328931, 0.0040501761006039895, 0.011001636635763059, 0.034905500002043205, 0.010903731407904935, 0.03979004937943689), (0.003642070292872418, 0.005442493550184325, 0.007797144208205722, 0.0025163188360388736, 0.00847317851892383, 0.03163780434998852), (0.0036394401889819177, 0.00654912452961811, 0.006846883140791883, 0.003597705285710651, 0.0035757893846302766, 0.02668893058029964)]}}
AdaptationManager: Configuring next round...
{'client_registry': {'enabled': True, 'params': {}}, 'client_selector': {'enabled': True, 'params': {'selection_strategy': 'Resource-Based', 'selection_criteria': 'CPU', 'selection_value': 2}}, 'client_cluster': {'enabled': False, 'params': {}}, 'message_compressor': {'enabled': False, 'params': {}}, 'model_co-versioning_registry': {'enabled': False, 'params': {}}, 'multi-task_model_trainer': {'enabled': False, 'params': {}}, 'heterogeneous_data_handler': {'enabled': False, 'params': {}}}
{'client_selector': {'enabled': True, 'params': {'enabled_clients': ['Client 1', 'Client 5']}}, 'client_cluster': {'enabled': False}, 'message_compressor': {'enabled': False}, 'model_co-versioning_registry': {'enabled': False}, 'multi-task_model_trainer': {'enabled': False}, 'heterogeneous_data_handler': {'enabled': False}, 'client_registry': {'enabled': True, 'params': {}}}
client_selector de-activated ❌
Results Aggregated in 27.52 seconds.
{'TextMLP': {'train_loss': [0.8313097700013055, 1.0535737533039518, 1.0019221286137898, 0.8969425505532159, 0.7355583039507454, 0.6988307562211548, 0.6505366926274748, 0.5807076592304088, 0.5402845562564003, 0.5034731013537848, 0.4867189459031221, 0.4649286690714279, 0.44992753794987994, 0.44462317723403744, 0.4380974358388747, 0.435401568185044], 'train_accuracy': [0.5825555555555556, 0.5391666666666667, 0.5693, 0.6484444444444445, 0.716679012345679, 0.7338383838383838, 0.7477350427350428, 0.7845407407407408, 0.8013692810457517, 0.8152368421052631, 0.8209973544973544, 0.8290700483091787, 0.8356777777777777, 0.8381275720164609, 0.8400210727969348, 0.8409641577060932], 'train_f1': [0.2006911141053543, 0.18630581227990653, 0.21774075144672353, 0.3492938708703576, 0.48419663600713275, 0.628708798571773, 0.675635487822054, 0.7378909318907084, 0.7790456830493271, 0.798058148816029, 0.8055294169819531, 0.818324052076774, 0.8254648085704055, 0.8303404226493818, 0.8312353003505106, 0.8318217955875624], 'train_mae': [0.6500555555555556, 0.6724629629629629, 0.659, 0.5499761904761905, 0.43435802469135804, 0.4194141414141414, 0.3786837606837607, 0.32911851851851853, 0.31172222222222223, 0.28765497076023394, 0.27846031746031746, 0.26657729468599034, 0.25331777777777775, 0.24986213991769549, 0.24805938697318008, 0.2447777777777778], 'val_loss': [2.419497633398625, 1.913427315204464, 1.8537320161451372, 1.5774059079822744, 1.3010280572508277, 0.9454522322429614, 0.8037086159851548, 0.6865154985517089, 0.6041602940185398, 0.5749810640193309, 0.550743169012723, 0.5153680203617483, 0.49723457766834056, 0.4870723332291381, 0.4833421958300538, 0.48330387550150533], 'val_accuracy': [0.25, 0.25, 0.2694649122807018, 0.3725375939849624, 0.48203703703703704, 0.616774322169059, 0.6691363022941971, 0.7312076023391814, 0.7699277605779153, 0.7853393351800554, 0.7961319966583126, 0.8093993135011441, 0.8160947368421052, 0.8206416504223522, 0.8209240774349668, 0.8207710809281268], 'val_f1': [0.10000350914131312, 0.1, 0.13967984480500364, 0.2693853235391925, 0.40345141839054155, 0.5847327804352007, 0.6429784993411719, 0.7153438799632891, 0.7655407764252949, 0.783913410700787, 0.7936635727273592, 0.8092540043245771, 0.8153664304048935, 0.8199128779140334, 0.8193932763824696, 0.819052293505952], 'val_mae': [1.3332894736842105, 1.0555555555555556, 1.3313684210526315, 1.0028822055137845, 0.7817738791423002, 0.5792862838915471, 0.4847672064777328, 0.40026608187134505, 0.35855263157894735, 0.33094644506001847, 0.31186090225563906, 0.2951659038901602, 0.2845824561403509, 0.2769314489928525, 0.27697973381730184, 0.27397566496887377], 'jsd': [(0, 0, 0.10574191233842169, 0.3011341189272117, 0.2839893455420802, 0), (0.03519975631486401, 0.1987678729146596, 0.010190618812288565, 0.15992533717092694, 0.3392564881963688, 0.16153560565208136), (0.053246964067424594, 0.14383534620231264, 0.051266517253749935, 0.16010030233107841, 0.27953370960010826, 0.17963458317401598), (0.033723876184748466, 0.09070894650480413, 0.0513948304121902, 0.20539558801127922, 0.23773014473443313, 0.1142088133536725), (0.04238511083062148, 0.09299065952512559, 0.03176490796206424, 0.18287156816188813, 0.21027240953994275, 0.11386830108126206), (0.008706713915014198, 0.0026199583771477596, 0.03269305786261023, 0.14032434525993667, 0.12990889390425944, 0.06600914200269734), (0.00839612695428878, 0.0057772818032826335, 0.03314651863306636, 0.09109564093565752, 0.0740986692079128, 0.06637410167000284), (0.005830722549430407, 0.00581044063851756, 0.0010314238346594501, 0.07334658794150878, 0.05356513860031016, 0.05849394368112112), (0.0031245604405910656, 0.0011719747115187837, 0.006340103655706992, 0.06558905567403822, 0.031214344153867698, 0.05098242393361204), (0.0033399659926519436, 0.0006123111840049241, 0.017341396228755735, 0.054918809831941695, 0.022183447918441682, 0.04113376704258194), (0.004636665059341568, 0.0018629081951948793, 0.01564801800472277, 0.05010994743356443, 0.019430539957944755, 0.030827563511244507), (0.0042271986342742075, 0.004365921989985779, 0.013055311537747347, 0.049034608248431415, 0.025198364243511323, 0.0387452460007873), (0.004154402690328931, 0.0040501761006039895, 0.011001636635763059, 0.034905500002043205, 0.010903731407904935, 0.03979004937943689), (0.003642070292872418, 0.005442493550184325, 0.007797144208205722, 0.0025163188360388736, 0.00847317851892383, 0.03163780434998852), (0.0036394401889819177, 0.00654912452961811, 0.006846883140791883, 0.003597705285710651, 0.0035757893846302766, 0.02668893058029964), (0.001901276772278573, 0.00859118062840939, 0.00017725484866924074, 0.0036012479695012208, 0.004035060490223161, 0.025882185415791244)]}}
AdaptationManager: Configuring next round...
{'client_registry': {'enabled': True, 'params': {}}, 'client_selector': {'enabled': True, 'params': {'selection_strategy': 'Resource-Based', 'selection_criteria': 'CPU', 'selection_value': 2}}, 'client_cluster': {'enabled': False, 'params': {}}, 'message_compressor': {'enabled': False, 'params': {}}, 'model_co-versioning_registry': {'enabled': False, 'params': {}}, 'multi-task_model_trainer': {'enabled': False, 'params': {}}, 'heterogeneous_data_handler': {'enabled': False, 'params': {}}}
{'client_selector': {'enabled': False, 'params': {'enabled_clients': ['Client 1', 'Client 5']}}, 'client_cluster': {'enabled': False}, 'message_compressor': {'enabled': False}, 'model_co-versioning_registry': {'enabled': False}, 'multi-task_model_trainer': {'enabled': False}, 'heterogeneous_data_handler': {'enabled': False}, 'client_registry': {'enabled': True, 'params': {}}}
client_selector activated ✅
Client Client 3 participates in this round. (CPU: 2, RAM: 4)
Client Client 1 participates in this round. (CPU: 2, RAM: 4)
Client Client 5 participates in this round. (CPU: 1, RAM: 4)
Client Client 4 participates in this round. (CPU: 1, RAM: 4)
Client Client 6 participates in this round. (CPU: 1, RAM: 4)
Client Client 2 participates in this round. (CPU: 2, RAM: 4)
Results Aggregated in 28.12 seconds.
{'TextMLP': {'train_loss': [0.8313097700013055, 1.0535737533039518, 1.0019221286137898, 0.8969425505532159, 0.7355583039507454, 0.6988307562211548, 0.6505366926274748, 0.5807076592304088, 0.5402845562564003, 0.5034731013537848, 0.4867189459031221, 0.4649286690714279, 0.44992753794987994, 0.44462317723403744, 0.4380974358388747, 0.435401568185044, 0.44839835676601036], 'train_accuracy': [0.5825555555555556, 0.5391666666666667, 0.5693, 0.6484444444444445, 0.716679012345679, 0.7338383838383838, 0.7477350427350428, 0.7845407407407408, 0.8013692810457517, 0.8152368421052631, 0.8209973544973544, 0.8290700483091787, 0.8356777777777777, 0.8381275720164609, 0.8400210727969348, 0.8409641577060932, 0.8352996632996633], 'train_f1': [0.2006911141053543, 0.18630581227990653, 0.21774075144672353, 0.3492938708703576, 0.48419663600713275, 0.628708798571773, 0.675635487822054, 0.7378909318907084, 0.7790456830493271, 0.798058148816029, 0.8055294169819531, 0.818324052076774, 0.8254648085704055, 0.8303404226493818, 0.8312353003505106, 0.8318217955875624, 0.8360129712101619], 'train_mae': [0.6500555555555556, 0.6724629629629629, 0.659, 0.5499761904761905, 0.43435802469135804, 0.4194141414141414, 0.3786837606837607, 0.32911851851851853, 0.31172222222222223, 0.28765497076023394, 0.27846031746031746, 0.26657729468599034, 0.25331777777777775, 0.24986213991769549, 0.24805938697318008, 0.2447777777777778, 0.2633939393939394], 'val_loss': [2.419497633398625, 1.913427315204464, 1.8537320161451372, 1.5774059079822744, 1.3010280572508277, 0.9454522322429614, 0.8037086159851548, 0.6865154985517089, 0.6041602940185398, 0.5749810640193309, 0.550743169012723, 0.5153680203617483, 0.49723457766834056, 0.4870723332291381, 0.4833421958300538, 0.48330387550150533, 0.4671821830052128], 'val_accuracy': [0.25, 0.25, 0.2694649122807018, 0.3725375939849624, 0.48203703703703704, 0.616774322169059, 0.6691363022941971, 0.7312076023391814, 0.7699277605779153, 0.7853393351800554, 0.7961319966583126, 0.8093993135011441, 0.8160947368421052, 0.8206416504223522, 0.8209240774349668, 0.8207710809281268, 0.8268234981392877], 'val_f1': [0.10000350914131312, 0.1, 0.13967984480500364, 0.2693853235391925, 0.40345141839054155, 0.5847327804352007, 0.6429784993411719, 0.7153438799632891, 0.7655407764252949, 0.783913410700787, 0.7936635727273592, 0.8092540043245771, 0.8153664304048935, 0.8199128779140334, 0.8193932763824696, 0.819052293505952, 0.827025711326067], 'val_mae': [1.3332894736842105, 1.0555555555555556, 1.3313684210526315, 1.0028822055137845, 0.7817738791423002, 0.5792862838915471, 0.4847672064777328, 0.40026608187134505, 0.35855263157894735, 0.33094644506001847, 0.31186090225563906, 0.2951659038901602, 0.2845824561403509, 0.2769314489928525, 0.27697973381730184, 0.27397566496887377, 0.2767982456140351], 'jsd': [(0, 0, 0.10574191233842169, 0.3011341189272117, 0.2839893455420802, 0), (0.03519975631486401, 0.1987678729146596, 0.010190618812288565, 0.15992533717092694, 0.3392564881963688, 0.16153560565208136), (0.053246964067424594, 0.14383534620231264, 0.051266517253749935, 0.16010030233107841, 0.27953370960010826, 0.17963458317401598), (0.033723876184748466, 0.09070894650480413, 0.0513948304121902, 0.20539558801127922, 0.23773014473443313, 0.1142088133536725), (0.04238511083062148, 0.09299065952512559, 0.03176490796206424, 0.18287156816188813, 0.21027240953994275, 0.11386830108126206), (0.008706713915014198, 0.0026199583771477596, 0.03269305786261023, 0.14032434525993667, 0.12990889390425944, 0.06600914200269734), (0.00839612695428878, 0.0057772818032826335, 0.03314651863306636, 0.09109564093565752, 0.0740986692079128, 0.06637410167000284), (0.005830722549430407, 0.00581044063851756, 0.0010314238346594501, 0.07334658794150878, 0.05356513860031016, 0.05849394368112112), (0.0031245604405910656, 0.0011719747115187837, 0.006340103655706992, 0.06558905567403822, 0.031214344153867698, 0.05098242393361204), (0.0033399659926519436, 0.0006123111840049241, 0.017341396228755735, 0.054918809831941695, 0.022183447918441682, 0.04113376704258194), (0.004636665059341568, 0.0018629081951948793, 0.01564801800472277, 0.05010994743356443, 0.019430539957944755, 0.030827563511244507), (0.0042271986342742075, 0.004365921989985779, 0.013055311537747347, 0.049034608248431415, 0.025198364243511323, 0.0387452460007873), (0.004154402690328931, 0.0040501761006039895, 0.011001636635763059, 0.034905500002043205, 0.010903731407904935, 0.03979004937943689), (0.003642070292872418, 0.005442493550184325, 0.007797144208205722, 0.0025163188360388736, 0.00847317851892383, 0.03163780434998852), (0.0036394401889819177, 0.00654912452961811, 0.006846883140791883, 0.003597705285710651, 0.0035757893846302766, 0.02668893058029964), (0.001901276772278573, 0.00859118062840939, 0.00017725484866924074, 0.0036012479695012208, 0.004035060490223161, 0.025882185415791244), (0.0009280568573482115, 0.00014638267524801616, 5.736078310393999e-05, 0.0022263101214771795, 0.0022405829447129603, 0.002446102356461652)]}}
AdaptationManager: Configuring next round...
{'client_registry': {'enabled': True, 'params': {}}, 'client_selector': {'enabled': True, 'params': {'selection_strategy': 'Resource-Based', 'selection_criteria': 'CPU', 'selection_value': 2}}, 'client_cluster': {'enabled': False, 'params': {}}, 'message_compressor': {'enabled': False, 'params': {}}, 'model_co-versioning_registry': {'enabled': False, 'params': {}}, 'multi-task_model_trainer': {'enabled': False, 'params': {}}, 'heterogeneous_data_handler': {'enabled': False, 'params': {}}}
{'client_selector': {'enabled': True, 'params': {'enabled_clients': ['Client 4', 'Client 5']}}, 'client_cluster': {'enabled': False}, 'message_compressor': {'enabled': False}, 'model_co-versioning_registry': {'enabled': False}, 'multi-task_model_trainer': {'enabled': False}, 'heterogeneous_data_handler': {'enabled': False}, 'client_registry': {'enabled': True, 'params': {}}}
client_selector de-activated ❌
Results Aggregated in 29.32 seconds.
{'TextMLP': {'train_loss': [0.8313097700013055, 1.0535737533039518, 1.0019221286137898, 0.8969425505532159, 0.7355583039507454, 0.6988307562211548, 0.6505366926274748, 0.5807076592304088, 0.5402845562564003, 0.5034731013537848, 0.4867189459031221, 0.4649286690714279, 0.44992753794987994, 0.44462317723403744, 0.4380974358388747, 0.435401568185044, 0.44839835676601036, 0.43742065468364294], 'train_accuracy': [0.5825555555555556, 0.5391666666666667, 0.5693, 0.6484444444444445, 0.716679012345679, 0.7338383838383838, 0.7477350427350428, 0.7845407407407408, 0.8013692810457517, 0.8152368421052631, 0.8209973544973544, 0.8290700483091787, 0.8356777777777777, 0.8381275720164609, 0.8400210727969348, 0.8409641577060932, 0.8352996632996633, 0.8397873015873016], 'train_f1': [0.2006911141053543, 0.18630581227990653, 0.21774075144672353, 0.3492938708703576, 0.48419663600713275, 0.628708798571773, 0.675635487822054, 0.7378909318907084, 0.7790456830493271, 0.798058148816029, 0.8055294169819531, 0.818324052076774, 0.8254648085704055, 0.8303404226493818, 0.8312353003505106, 0.8318217955875624, 0.8360129712101619, 0.8388586505027081], 'train_mae': [0.6500555555555556, 0.6724629629629629, 0.659, 0.5499761904761905, 0.43435802469135804, 0.4194141414141414, 0.3786837606837607, 0.32911851851851853, 0.31172222222222223, 0.28765497076023394, 0.27846031746031746, 0.26657729468599034, 0.25331777777777775, 0.24986213991769549, 0.24805938697318008, 0.2447777777777778, 0.2633939393939394, 0.2512015873015873], 'val_loss': [2.419497633398625, 1.913427315204464, 1.8537320161451372, 1.5774059079822744, 1.3010280572508277, 0.9454522322429614, 0.8037086159851548, 0.6865154985517089, 0.6041602940185398, 0.5749810640193309, 0.550743169012723, 0.5153680203617483, 0.49723457766834056, 0.4870723332291381, 0.4833421958300538, 0.48330387550150533, 0.4671821830052128, 0.4573911224092756], 'val_accuracy': [0.25, 0.25, 0.2694649122807018, 0.3725375939849624, 0.48203703703703704, 0.616774322169059, 0.6691363022941971, 0.7312076023391814, 0.7699277605779153, 0.7853393351800554, 0.7961319966583126, 0.8093993135011441, 0.8160947368421052, 0.8206416504223522, 0.8209240774349668, 0.8207710809281268, 0.8268234981392877, 0.8314962406015038], 'val_f1': [0.10000350914131312, 0.1, 0.13967984480500364, 0.2693853235391925, 0.40345141839054155, 0.5847327804352007, 0.6429784993411719, 0.7153438799632891, 0.7655407764252949, 0.783913410700787, 0.7936635727273592, 0.8092540043245771, 0.8153664304048935, 0.8199128779140334, 0.8193932763824696, 0.819052293505952, 0.827025711326067, 0.8311113485560411], 'val_mae': [1.3332894736842105, 1.0555555555555556, 1.3313684210526315, 1.0028822055137845, 0.7817738791423002, 0.5792862838915471, 0.4847672064777328, 0.40026608187134505, 0.35855263157894735, 0.33094644506001847, 0.31186090225563906, 0.2951659038901602, 0.2845824561403509, 0.2769314489928525, 0.27697973381730184, 0.27397566496887377, 0.2767982456140351, 0.2625538847117795], 'jsd': [(0, 0, 0.10574191233842169, 0.3011341189272117, 0.2839893455420802, 0), (0.03519975631486401, 0.1987678729146596, 0.010190618812288565, 0.15992533717092694, 0.3392564881963688, 0.16153560565208136), (0.053246964067424594, 0.14383534620231264, 0.051266517253749935, 0.16010030233107841, 0.27953370960010826, 0.17963458317401598), (0.033723876184748466, 0.09070894650480413, 0.0513948304121902, 0.20539558801127922, 0.23773014473443313, 0.1142088133536725), (0.04238511083062148, 0.09299065952512559, 0.03176490796206424, 0.18287156816188813, 0.21027240953994275, 0.11386830108126206), (0.008706713915014198, 0.0026199583771477596, 0.03269305786261023, 0.14032434525993667, 0.12990889390425944, 0.06600914200269734), (0.00839612695428878, 0.0057772818032826335, 0.03314651863306636, 0.09109564093565752, 0.0740986692079128, 0.06637410167000284), (0.005830722549430407, 0.00581044063851756, 0.0010314238346594501, 0.07334658794150878, 0.05356513860031016, 0.05849394368112112), (0.0031245604405910656, 0.0011719747115187837, 0.006340103655706992, 0.06558905567403822, 0.031214344153867698, 0.05098242393361204), (0.0033399659926519436, 0.0006123111840049241, 0.017341396228755735, 0.054918809831941695, 0.022183447918441682, 0.04113376704258194), (0.004636665059341568, 0.0018629081951948793, 0.01564801800472277, 0.05010994743356443, 0.019430539957944755, 0.030827563511244507), (0.0042271986342742075, 0.004365921989985779, 0.013055311537747347, 0.049034608248431415, 0.025198364243511323, 0.0387452460007873), (0.004154402690328931, 0.0040501761006039895, 0.011001636635763059, 0.034905500002043205, 0.010903731407904935, 0.03979004937943689), (0.003642070292872418, 0.005442493550184325, 0.007797144208205722, 0.0025163188360388736, 0.00847317851892383, 0.03163780434998852), (0.0036394401889819177, 0.00654912452961811, 0.006846883140791883, 0.003597705285710651, 0.0035757893846302766, 0.02668893058029964), (0.001901276772278573, 0.00859118062840939, 0.00017725484866924074, 0.0036012479695012208, 0.004035060490223161, 0.025882185415791244), (0.0009280568573482115, 0.00014638267524801616, 5.736078310393999e-05, 0.0022263101214771795, 0.0022405829447129603, 0.002446102356461652), (0.0008177506884514546, 0.00015116487499068198, 0.00021554393618948044, 0.0008887119752668711, 0.00236815833813641, 0.0031808036722378785)]}}
AdaptationManager: Configuring next round...
{'client_registry': {'enabled': True, 'params': {}}, 'client_selector': {'enabled': True, 'params': {'selection_strategy': 'Resource-Based', 'selection_criteria': 'CPU', 'selection_value': 2}}, 'client_cluster': {'enabled': False, 'params': {}}, 'message_compressor': {'enabled': False, 'params': {}}, 'model_co-versioning_registry': {'enabled': False, 'params': {}}, 'multi-task_model_trainer': {'enabled': False, 'params': {}}, 'heterogeneous_data_handler': {'enabled': False, 'params': {}}}
{'client_selector': {'enabled': False, 'params': {'enabled_clients': ['Client 4', 'Client 5']}}, 'client_cluster': {'enabled': False}, 'message_compressor': {'enabled': False}, 'model_co-versioning_registry': {'enabled': False}, 'multi-task_model_trainer': {'enabled': False}, 'heterogeneous_data_handler': {'enabled': False}, 'client_registry': {'enabled': True, 'params': {}}}
client_selector de-activated ❌
Results Aggregated in 29.77 seconds.
{'TextMLP': {'train_loss': [0.8313097700013055, 1.0535737533039518, 1.0019221286137898, 0.8969425505532159, 0.7355583039507454, 0.6988307562211548, 0.6505366926274748, 0.5807076592304088, 0.5402845562564003, 0.5034731013537848, 0.4867189459031221, 0.4649286690714279, 0.44992753794987994, 0.44462317723403744, 0.4380974358388747, 0.435401568185044, 0.44839835676601036, 0.43742065468364294, 0.44118805543617445], 'train_accuracy': [0.5825555555555556, 0.5391666666666667, 0.5693, 0.6484444444444445, 0.716679012345679, 0.7338383838383838, 0.7477350427350428, 0.7845407407407408, 0.8013692810457517, 0.8152368421052631, 0.8209973544973544, 0.8290700483091787, 0.8356777777777777, 0.8381275720164609, 0.8400210727969348, 0.8409641577060932, 0.8352996632996633, 0.8397873015873016, 0.8382882882882883], 'train_f1': [0.2006911141053543, 0.18630581227990653, 0.21774075144672353, 0.3492938708703576, 0.48419663600713275, 0.628708798571773, 0.675635487822054, 0.7378909318907084, 0.7790456830493271, 0.798058148816029, 0.8055294169819531, 0.818324052076774, 0.8254648085704055, 0.8303404226493818, 0.8312353003505106, 0.8318217955875624, 0.8360129712101619, 0.8388586505027081, 0.8380306474271872], 'train_mae': [0.6500555555555556, 0.6724629629629629, 0.659, 0.5499761904761905, 0.43435802469135804, 0.4194141414141414, 0.3786837606837607, 0.32911851851851853, 0.31172222222222223, 0.28765497076023394, 0.27846031746031746, 0.26657729468599034, 0.25331777777777775, 0.24986213991769549, 0.24805938697318008, 0.2447777777777778, 0.2633939393939394, 0.2512015873015873, 0.2575780780780781], 'val_loss': [2.419497633398625, 1.913427315204464, 1.8537320161451372, 1.5774059079822744, 1.3010280572508277, 0.9454522322429614, 0.8037086159851548, 0.6865154985517089, 0.6041602940185398, 0.5749810640193309, 0.550743169012723, 0.5153680203617483, 0.49723457766834056, 0.4870723332291381, 0.4833421958300538, 0.48330387550150533, 0.4671821830052128, 0.4573911224092756, 0.4612591998601988], 'val_accuracy': [0.25, 0.25, 0.2694649122807018, 0.3725375939849624, 0.48203703703703704, 0.616774322169059, 0.6691363022941971, 0.7312076023391814, 0.7699277605779153, 0.7853393351800554, 0.7961319966583126, 0.8093993135011441, 0.8160947368421052, 0.8206416504223522, 0.8209240774349668, 0.8207710809281268, 0.8268234981392877, 0.8314962406015038, 0.8301529160739687], 'val_f1': [0.10000350914131312, 0.1, 0.13967984480500364, 0.2693853235391925, 0.40345141839054155, 0.5847327804352007, 0.6429784993411719, 0.7153438799632891, 0.7655407764252949, 0.783913410700787, 0.7936635727273592, 0.8092540043245771, 0.8153664304048935, 0.8199128779140334, 0.8193932763824696, 0.819052293505952, 0.827025711326067, 0.8311113485560411, 0.8302612874971474], 'val_mae': [1.3332894736842105, 1.0555555555555556, 1.3313684210526315, 1.0028822055137845, 0.7817738791423002, 0.5792862838915471, 0.4847672064777328, 0.40026608187134505, 0.35855263157894735, 0.33094644506001847, 0.31186090225563906, 0.2951659038901602, 0.2845824561403509, 0.2769314489928525, 0.27697973381730184, 0.27397566496887377, 0.2767982456140351, 0.2625538847117795, 0.2691050260787103], 'jsd': [(0, 0, 0.10574191233842169, 0.3011341189272117, 0.2839893455420802, 0), (0.03519975631486401, 0.1987678729146596, 0.010190618812288565, 0.15992533717092694, 0.3392564881963688, 0.16153560565208136), (0.053246964067424594, 0.14383534620231264, 0.051266517253749935, 0.16010030233107841, 0.27953370960010826, 0.17963458317401598), (0.033723876184748466, 0.09070894650480413, 0.0513948304121902, 0.20539558801127922, 0.23773014473443313, 0.1142088133536725), (0.04238511083062148, 0.09299065952512559, 0.03176490796206424, 0.18287156816188813, 0.21027240953994275, 0.11386830108126206), (0.008706713915014198, 0.0026199583771477596, 0.03269305786261023, 0.14032434525993667, 0.12990889390425944, 0.06600914200269734), (0.00839612695428878, 0.0057772818032826335, 0.03314651863306636, 0.09109564093565752, 0.0740986692079128, 0.06637410167000284), (0.005830722549430407, 0.00581044063851756, 0.0010314238346594501, 0.07334658794150878, 0.05356513860031016, 0.05849394368112112), (0.0031245604405910656, 0.0011719747115187837, 0.006340103655706992, 0.06558905567403822, 0.031214344153867698, 0.05098242393361204), (0.0033399659926519436, 0.0006123111840049241, 0.017341396228755735, 0.054918809831941695, 0.022183447918441682, 0.04113376704258194), (0.004636665059341568, 0.0018629081951948793, 0.01564801800472277, 0.05010994743356443, 0.019430539957944755, 0.030827563511244507), (0.0042271986342742075, 0.004365921989985779, 0.013055311537747347, 0.049034608248431415, 0.025198364243511323, 0.0387452460007873), (0.004154402690328931, 0.0040501761006039895, 0.011001636635763059, 0.034905500002043205, 0.010903731407904935, 0.03979004937943689), (0.003642070292872418, 0.005442493550184325, 0.007797144208205722, 0.0025163188360388736, 0.00847317851892383, 0.03163780434998852), (0.0036394401889819177, 0.00654912452961811, 0.006846883140791883, 0.003597705285710651, 0.0035757893846302766, 0.02668893058029964), (0.001901276772278573, 0.00859118062840939, 0.00017725484866924074, 0.0036012479695012208, 0.004035060490223161, 0.025882185415791244), (0.0009280568573482115, 0.00014638267524801616, 5.736078310393999e-05, 0.0022263101214771795, 0.0022405829447129603, 0.002446102356461652), (0.0008177506884514546, 0.00015116487499068198, 0.00021554393618948044, 0.0008887119752668711, 0.00236815833813641, 0.0031808036722378785), (0.0001685472290207258, 4.2389295246478514e-05, 0.00021840714033242656, 0.00043830766131598784, 0.002454251809688262, 0.002133330510782268)]}}
AdaptationManager: Configuring next round...
{'client_registry': {'enabled': True, 'params': {}}, 'client_selector': {'enabled': True, 'params': {'selection_strategy': 'Resource-Based', 'selection_criteria': 'CPU', 'selection_value': 2}}, 'client_cluster': {'enabled': False, 'params': {}}, 'message_compressor': {'enabled': False, 'params': {}}, 'model_co-versioning_registry': {'enabled': False, 'params': {}}, 'multi-task_model_trainer': {'enabled': False, 'params': {}}, 'heterogeneous_data_handler': {'enabled': False, 'params': {}}}
{'client_selector': {'enabled': False, 'params': {'enabled_clients': ['Client 4', 'Client 5']}}, 'client_cluster': {'enabled': False}, 'message_compressor': {'enabled': False}, 'model_co-versioning_registry': {'enabled': False}, 'multi-task_model_trainer': {'enabled': False}, 'heterogeneous_data_handler': {'enabled': False}, 'client_registry': {'enabled': True, 'params': {}}}
client_selector activated ✅
Client Client 1 participates in this round. (CPU: 2, RAM: 4)
Client Client 5 participates in this round. (CPU: 1, RAM: 4)
Client Client 3 participates in this round. (CPU: 2, RAM: 4)
Client Client 4 participates in this round. (CPU: 1, RAM: 4)
Client Client 6 participates in this round. (CPU: 1, RAM: 4)
Client Client 2 participates in this round. (CPU: 2, RAM: 4)
Results Aggregated in 30.08 seconds.
{'TextMLP': {'train_loss': [0.8313097700013055, 1.0535737533039518, 1.0019221286137898, 0.8969425505532159, 0.7355583039507454, 0.6988307562211548, 0.6505366926274748, 0.5807076592304088, 0.5402845562564003, 0.5034731013537848, 0.4867189459031221, 0.4649286690714279, 0.44992753794987994, 0.44462317723403744, 0.4380974358388747, 0.435401568185044, 0.44839835676601036, 0.43742065468364294, 0.44118805543617445, 0.4352936600837273], 'train_accuracy': [0.5825555555555556, 0.5391666666666667, 0.5693, 0.6484444444444445, 0.716679012345679, 0.7338383838383838, 0.7477350427350428, 0.7845407407407408, 0.8013692810457517, 0.8152368421052631, 0.8209973544973544, 0.8290700483091787, 0.8356777777777777, 0.8381275720164609, 0.8400210727969348, 0.8409641577060932, 0.8352996632996633, 0.8397873015873016, 0.8382882882882883, 0.8403048433048433], 'train_f1': [0.2006911141053543, 0.18630581227990653, 0.21774075144672353, 0.3492938708703576, 0.48419663600713275, 0.628708798571773, 0.675635487822054, 0.7378909318907084, 0.7790456830493271, 0.798058148816029, 0.8055294169819531, 0.818324052076774, 0.8254648085704055, 0.8303404226493818, 0.8312353003505106, 0.8318217955875624, 0.8360129712101619, 0.8388586505027081, 0.8380306474271872, 0.8397180602584179], 'train_mae': [0.6500555555555556, 0.6724629629629629, 0.659, 0.5499761904761905, 0.43435802469135804, 0.4194141414141414, 0.3786837606837607, 0.32911851851851853, 0.31172222222222223, 0.28765497076023394, 0.27846031746031746, 0.26657729468599034, 0.25331777777777775, 0.24986213991769549, 0.24805938697318008, 0.2447777777777778, 0.2633939393939394, 0.2512015873015873, 0.2575780780780781, 0.2509900284900285], 'val_loss': [2.419497633398625, 1.913427315204464, 1.8537320161451372, 1.5774059079822744, 1.3010280572508277, 0.9454522322429614, 0.8037086159851548, 0.6865154985517089, 0.6041602940185398, 0.5749810640193309, 0.550743169012723, 0.5153680203617483, 0.49723457766834056, 0.4870723332291381, 0.4833421958300538, 0.48330387550150533, 0.4671821830052128, 0.4573911224092756, 0.4612591998601988, 0.45357535601412985], 'val_accuracy': [0.25, 0.25, 0.2694649122807018, 0.3725375939849624, 0.48203703703703704, 0.616774322169059, 0.6691363022941971, 0.7312076023391814, 0.7699277605779153, 0.7853393351800554, 0.7961319966583126, 0.8093993135011441, 0.8160947368421052, 0.8206416504223522, 0.8209240774349668, 0.8207710809281268, 0.8268234981392877, 0.8314962406015038, 0.8301529160739687, 0.832829509671615], 'val_f1': [0.10000350914131312, 0.1, 0.13967984480500364, 0.2693853235391925, 0.40345141839054155, 0.5847327804352007, 0.6429784993411719, 0.7153438799632891, 0.7655407764252949, 0.783913410700787, 0.7936635727273592, 0.8092540043245771, 0.8153664304048935, 0.8199128779140334, 0.8193932763824696, 0.819052293505952, 0.827025711326067, 0.8311113485560411, 0.8302612874971474, 0.8322537135217246], 'val_mae': [1.3332894736842105, 1.0555555555555556, 1.3313684210526315, 1.0028822055137845, 0.7817738791423002, 0.5792862838915471, 0.4847672064777328, 0.40026608187134505, 0.35855263157894735, 0.33094644506001847, 0.31186090225563906, 0.2951659038901602, 0.2845824561403509, 0.2769314489928525, 0.27697973381730184, 0.27397566496887377, 0.2767982456140351, 0.2625538847117795, 0.2691050260787103, 0.2617993702204229], 'jsd': [(0, 0, 0.10574191233842169, 0.3011341189272117, 0.2839893455420802, 0), (0.03519975631486401, 0.1987678729146596, 0.010190618812288565, 0.15992533717092694, 0.3392564881963688, 0.16153560565208136), (0.053246964067424594, 0.14383534620231264, 0.051266517253749935, 0.16010030233107841, 0.27953370960010826, 0.17963458317401598), (0.033723876184748466, 0.09070894650480413, 0.0513948304121902, 0.20539558801127922, 0.23773014473443313, 0.1142088133536725), (0.04238511083062148, 0.09299065952512559, 0.03176490796206424, 0.18287156816188813, 0.21027240953994275, 0.11386830108126206), (0.008706713915014198, 0.0026199583771477596, 0.03269305786261023, 0.14032434525993667, 0.12990889390425944, 0.06600914200269734), (0.00839612695428878, 0.0057772818032826335, 0.03314651863306636, 0.09109564093565752, 0.0740986692079128, 0.06637410167000284), (0.005830722549430407, 0.00581044063851756, 0.0010314238346594501, 0.07334658794150878, 0.05356513860031016, 0.05849394368112112), (0.0031245604405910656, 0.0011719747115187837, 0.006340103655706992, 0.06558905567403822, 0.031214344153867698, 0.05098242393361204), (0.0033399659926519436, 0.0006123111840049241, 0.017341396228755735, 0.054918809831941695, 0.022183447918441682, 0.04113376704258194), (0.004636665059341568, 0.0018629081951948793, 0.01564801800472277, 0.05010994743356443, 0.019430539957944755, 0.030827563511244507), (0.0042271986342742075, 0.004365921989985779, 0.013055311537747347, 0.049034608248431415, 0.025198364243511323, 0.0387452460007873), (0.004154402690328931, 0.0040501761006039895, 0.011001636635763059, 0.034905500002043205, 0.010903731407904935, 0.03979004937943689), (0.003642070292872418, 0.005442493550184325, 0.007797144208205722, 0.0025163188360388736, 0.00847317851892383, 0.03163780434998852), (0.0036394401889819177, 0.00654912452961811, 0.006846883140791883, 0.003597705285710651, 0.0035757893846302766, 0.02668893058029964), (0.001901276772278573, 0.00859118062840939, 0.00017725484866924074, 0.0036012479695012208, 0.004035060490223161, 0.025882185415791244), (0.0009280568573482115, 0.00014638267524801616, 5.736078310393999e-05, 0.0022263101214771795, 0.0022405829447129603, 0.002446102356461652), (0.0008177506884514546, 0.00015116487499068198, 0.00021554393618948044, 0.0008887119752668711, 0.00236815833813641, 0.0031808036722378785), (0.0001685472290207258, 4.2389295246478514e-05, 0.00021840714033242656, 0.00043830766131598784, 0.002454251809688262, 0.002133330510782268), (0, 0, 0, 1.322421741049146e-06, 0.0015869178618248166, 0.0015869178618248166)]}}
AdaptationManager: Configuring next round...
{'client_registry': {'enabled': True, 'params': {}}, 'client_selector': {'enabled': True, 'params': {'selection_strategy': 'Resource-Based', 'selection_criteria': 'CPU', 'selection_value': 2}}, 'client_cluster': {'enabled': False, 'params': {}}, 'message_compressor': {'enabled': False, 'params': {}}, 'model_co-versioning_registry': {'enabled': False, 'params': {}}, 'multi-task_model_trainer': {'enabled': False, 'params': {}}, 'heterogeneous_data_handler': {'enabled': False, 'params': {}}}
{'client_selector': {'enabled': True, 'params': {'enabled_clients': ['Client 1']}}, 'client_cluster': {'enabled': False}, 'message_compressor': {'enabled': False}, 'model_co-versioning_registry': {'enabled': False}, 'multi-task_model_trainer': {'enabled': False}, 'heterogeneous_data_handler': {'enabled': False}, 'client_registry': {'enabled': True, 'params': {}}}
client_selector activated ✅
