==========================================
  ___  ______  ___ ______       _ 
 / _ \ | ___ \/   ||  ___|     | |
/ /_\ \| |_/ / /| || |_ ___  __| |
|  _  ||  __/ /_| ||  _/ _ \/ _` |
| | | || |  \___  || ||  __/ (_| |
\_| |_/\_|      |_/\_| \___|\__,_| v.1.5.0

==========================================
Simulation Started!
List of the Architectural Patterns enabled:
Client Registry ✅
Message Compressor ✅
==========================================
client Client 29 injecting delay of 1 seconds
client Client 23 injecting delay of 4 seconds
client Client 28 injecting delay of 6 seconds
client Client 30 injecting delay of 4 seconds
Local parameters compressed: reduced 5252 bytes (7.12%)
client Client 31 injecting delay of 9 seconds
client Client 24 injecting delay of 3 seconds
client Client 26 injecting delay of 5 seconds
Local parameters compressed: reduced 5275 bytes (7.15%)
client Client 25 injecting delay of 4 seconds
client Client 32 injecting delay of 5 seconds
client Client 27 injecting delay of 0 seconds
Local parameters compressed: reduced 5285 bytes (7.16%)
Local parameters compressed: reduced 5276 bytes (7.15%)
Local parameters compressed: reduced 5277 bytes (7.15%)
Local parameters compressed: reduced 5253 bytes (7.12%)
Local parameters compressed: reduced 5312 bytes (7.20%)
Local parameters compressed: reduced 5220 bytes (7.07%)
Local parameters compressed: reduced 5254 bytes (7.12%)
Local parameters compressed: reduced 5290 bytes (7.17%)
Results Aggregated in 38.90 seconds.
{'TextMLP': {'train_loss': [0.6157915395228069], 'train_accuracy': [0.7754841666666666], 'train_f1': [0.7753055348253876], 'train_mae': [0.3437633333333333], 'val_loss': [0.6248085508221074], 'val_accuracy': [0.7686052631578948], 'val_f1': [0.768348353604746], 'val_mae': [0.35397368421052633], 'jsd': [(0, 0, 0, 0, 0, 0, 0, 0, 0, 0)]}}
client Client 23 injecting delay of 6 seconds
client Client 29 injecting delay of 0 seconds
Local parameters compressed: reduced 5254 bytes (7.12%)
client Client 31 injecting delay of 3 seconds
client Client 30 injecting delay of 2 seconds
client Client 24 injecting delay of 0 seconds
Local parameters compressed: reduced 5264 bytes (7.13%)
client Client 32 injecting delay of 0 seconds
Local parameters compressed: reduced 5244 bytes (7.11%)
client Client 25 injecting delay of 2 seconds
client Client 26 injecting delay of 5 seconds
client Client 28 injecting delay of 10 seconds
client Client 27 injecting delay of 0 seconds
Local parameters compressed: reduced 5295 bytes (7.18%)
Local parameters compressed: reduced 5253 bytes (7.12%)
Local parameters compressed: reduced 5222 bytes (7.08%)
Local parameters compressed: reduced 5264 bytes (7.13%)
Local parameters compressed: reduced 5249 bytes (7.11%)
Local parameters compressed: reduced 5234 bytes (7.09%)
Local parameters compressed: reduced 5277 bytes (7.15%)
Results Aggregated in 20.53 seconds.
{'TextMLP': {'train_loss': [0.6157915395228069, 0.5083470685156186], 'train_accuracy': [0.7754841666666666, 0.81561], 'train_f1': [0.7753055348253876, 0.8156049808752844], 'train_mae': [0.3437633333333333, 0.2896283333333333], 'val_loss': [0.6248085508221074, 0.5237250713737388], 'val_accuracy': [0.7686052631578948, 0.8061578947368422], 'val_f1': [0.768348353604746, 0.8060437406802267], 'val_mae': [0.35397368421052633, 0.3035], 'jsd': [(0, 0, 0, 0, 0, 0, 0, 0, 0, 0), (0, 0, 0, 0, 0, 0, 0, 0, 0, 0)]}}
client Client 24 injecting delay of 7 seconds
client Client 30 injecting delay of 0 seconds
Local parameters compressed: reduced 5249 bytes (7.11%)
client Client 23 injecting delay of 5 seconds
client Client 32 injecting delay of 6 seconds
client Client 31 injecting delay of 4 seconds
client Client 25 injecting delay of 9 seconds
client Client 26 injecting delay of 3 seconds
client Client 28 injecting delay of 0 seconds
Local parameters compressed: reduced 5228 bytes (7.09%)
client Client 27 injecting delay of 10 seconds
client Client 29 injecting delay of 0 seconds
Local parameters compressed: reduced 5247 bytes (7.11%)
Local parameters compressed: reduced 5177 bytes (7.02%)
Local parameters compressed: reduced 5249 bytes (7.11%)
Local parameters compressed: reduced 5267 bytes (7.14%)
Local parameters compressed: reduced 5235 bytes (7.09%)
Local parameters compressed: reduced 5270 bytes (7.14%)
Local parameters compressed: reduced 5251 bytes (7.12%)
Local parameters compressed: reduced 5249 bytes (7.11%)
Results Aggregated in 20.68 seconds.
{'TextMLP': {'train_loss': [0.6157915395228069, 0.5083470685156186, 0.4733809124596914], 'train_accuracy': [0.7754841666666666, 0.81561, 0.8283416666666666], 'train_f1': [0.7753055348253876, 0.8156049808752844, 0.8278852474174693], 'train_mae': [0.3437633333333333, 0.2896283333333333, 0.27126833333333333], 'val_loss': [0.6248085508221074, 0.5237250713737388, 0.4906438358018273], 'val_accuracy': [0.7686052631578948, 0.8061578947368422, 0.8183815789473684], 'val_f1': [0.768348353604746, 0.8060437406802267, 0.8179047411181511], 'val_mae': [0.35397368421052633, 0.3035, 0.2859210526315789], 'jsd': [(0, 0, 0, 0, 0, 0, 0, 0, 0, 0), (0, 0, 0, 0, 0, 0, 0, 0, 0, 0), (0, 0, 0, 0, 0, 0, 0, 0, 0, 0)]}}
client Client 26 injecting delay of 7 seconds
client Client 24 injecting delay of 7 seconds
client Client 23 injecting delay of 8 seconds
client Client 28 injecting delay of 3 seconds
client Client 29 injecting delay of 0 seconds
Local parameters compressed: reduced 5239 bytes (7.10%)
client Client 30 injecting delay of 1 seconds
client Client 25 injecting delay of 10 seconds
client Client 27 injecting delay of 0 seconds
Local parameters compressed: reduced 5203 bytes (7.05%)
client Client 32 injecting delay of 2 seconds
Local parameters compressed: reduced 5239 bytes (7.10%)
client Client 31 injecting delay of 0 seconds
Local parameters compressed: reduced 5224 bytes (7.08%)
Local parameters compressed: reduced 5227 bytes (7.08%)
Local parameters compressed: reduced 5239 bytes (7.10%)
Local parameters compressed: reduced 5224 bytes (7.08%)
Local parameters compressed: reduced 5193 bytes (7.04%)
Local parameters compressed: reduced 5204 bytes (7.05%)
Local parameters compressed: reduced 5252 bytes (7.12%)
Results Aggregated in 19.68 seconds.
{'TextMLP': {'train_loss': [0.6157915395228069, 0.5083470685156186, 0.4733809124596914, 0.4599036934550603], 'train_accuracy': [0.7754841666666666, 0.81561, 0.8283416666666666, 0.8322375], 'train_f1': [0.7753055348253876, 0.8156049808752844, 0.8278852474174693, 0.8318835563043387], 'train_mae': [0.3437633333333333, 0.2896283333333333, 0.27126833333333333, 0.267625], 'val_loss': [0.6248085508221074, 0.5237250713737388, 0.4906438358018273, 0.4788225402079131], 'val_accuracy': [0.7686052631578948, 0.8061578947368422, 0.8183815789473684, 0.8218947368421052], 'val_f1': [0.768348353604746, 0.8060437406802267, 0.8179047411181511, 0.8215144640300679], 'val_mae': [0.35397368421052633, 0.3035, 0.2859210526315789, 0.28251315789473685], 'jsd': [(0, 0, 0, 0, 0, 0, 0, 0, 0, 0), (0, 0, 0, 0, 0, 0, 0, 0, 0, 0), (0, 0, 0, 0, 0, 0, 0, 0, 0, 0), (0, 0, 0, 0, 0, 0, 0, 0, 0, 0)]}}
client Client 23 injecting delay of 3 seconds
client Client 30 injecting delay of 7 seconds
client Client 26 injecting delay of 1 seconds
client Client 24 injecting delay of 5 seconds
client Client 32 injecting delay of 10 seconds
client Client 27 injecting delay of 3 seconds
client Client 25 injecting delay of 7 seconds
client Client 29 injecting delay of 6 seconds
client Client 31 injecting delay of 0 seconds
Local parameters compressed: reduced 5207 bytes (7.06%)
Local parameters compressed: reduced 5232 bytes (7.09%)
client Client 28 injecting delay of 5 seconds
Local parameters compressed: reduced 5188 bytes (7.03%)
Local parameters compressed: reduced 5200 bytes (7.05%)
Local parameters compressed: reduced 5194 bytes (7.04%)
Local parameters compressed: reduced 5223 bytes (7.08%)
Local parameters compressed: reduced 5209 bytes (7.06%)
Local parameters compressed: reduced 5201 bytes (7.05%)
Local parameters compressed: reduced 5206 bytes (7.06%)
Local parameters compressed: reduced 5210 bytes (7.06%)
Results Aggregated in 19.29 seconds.
{'TextMLP': {'train_loss': [0.6157915395228069, 0.5083470685156186, 0.4733809124596914, 0.4599036934550603, 0.4494779153339068], 'train_accuracy': [0.7754841666666666, 0.81561, 0.8283416666666666, 0.8322375, 0.8360016666666666], 'train_f1': [0.7753055348253876, 0.8156049808752844, 0.8278852474174693, 0.8318835563043387, 0.8355301388710914], 'train_mae': [0.3437633333333333, 0.2896283333333333, 0.27126833333333333, 0.267625, 0.2592625], 'val_loss': [0.6248085508221074, 0.5237250713737388, 0.4906438358018273, 0.4788225402079131, 0.46846367701103814], 'val_accuracy': [0.7686052631578948, 0.8061578947368422, 0.8183815789473684, 0.8218947368421052, 0.8257105263157896], 'val_f1': [0.768348353604746, 0.8060437406802267, 0.8179047411181511, 0.8215144640300679, 0.8251851981668414], 'val_mae': [0.35397368421052633, 0.3035, 0.2859210526315789, 0.28251315789473685, 0.2733947368421053], 'jsd': [(0, 0, 0, 0, 0, 0, 0, 0, 0, 0), (0, 0, 0, 0, 0, 0, 0, 0, 0, 0), (0, 0, 0, 0, 0, 0, 0, 0, 0, 0), (0, 0, 0, 0, 0, 0, 0, 0, 0, 0), (0, 0, 0, 0, 0, 0, 0, 0, 0, 0)]}}
client Client 24 injecting delay of 2 seconds
client Client 28 injecting delay of 5 seconds
client Client 23 injecting delay of 5 seconds
client Client 31 injecting delay of 6 seconds
client Client 27 injecting delay of 4 seconds
client Client 26 injecting delay of 7 seconds
client Client 32 injecting delay of 6 seconds
client Client 25 injecting delay of 9 seconds
client Client 30 injecting delay of 9 seconds
client Client 29 injecting delay of 8 seconds
Local parameters compressed: reduced 5180 bytes (7.02%)
Local parameters compressed: reduced 5182 bytes (7.02%)
Local parameters compressed: reduced 5174 bytes (7.01%)
Local parameters compressed: reduced 5166 bytes (7.00%)
Local parameters compressed: reduced 5172 bytes (7.01%)
Local parameters compressed: reduced 5199 bytes (7.05%)
Local parameters compressed: reduced 5169 bytes (7.01%)
Local parameters compressed: reduced 5176 bytes (7.01%)
Local parameters compressed: reduced 5227 bytes (7.08%)
Local parameters compressed: reduced 5175 bytes (7.01%)
Results Aggregated in 18.61 seconds.
{'TextMLP': {'train_loss': [0.6157915395228069, 0.5083470685156186, 0.4733809124596914, 0.4599036934550603, 0.4494779153339068, 0.44504097860892616], 'train_accuracy': [0.7754841666666666, 0.81561, 0.8283416666666666, 0.8322375, 0.8360016666666666, 0.837275], 'train_f1': [0.7753055348253876, 0.8156049808752844, 0.8278852474174693, 0.8318835563043387, 0.8355301388710914, 0.8366350571216368], 'train_mae': [0.3437633333333333, 0.2896283333333333, 0.27126833333333333, 0.267625, 0.2592625, 0.2559708333333333], 'val_loss': [0.6248085508221074, 0.5237250713737388, 0.4906438358018273, 0.4788225402079131, 0.46846367701103814, 0.4646332649808181], 'val_accuracy': [0.7686052631578948, 0.8061578947368422, 0.8183815789473684, 0.8218947368421052, 0.8257105263157896, 0.8282763157894737], 'val_f1': [0.768348353604746, 0.8060437406802267, 0.8179047411181511, 0.8215144640300679, 0.8251851981668414, 0.8275730851107757], 'val_mae': [0.35397368421052633, 0.3035, 0.2859210526315789, 0.28251315789473685, 0.2733947368421053, 0.2691184210526316], 'jsd': [(0, 0, 0, 0, 0, 0, 0, 0, 0, 0), (0, 0, 0, 0, 0, 0, 0, 0, 0, 0), (0, 0, 0, 0, 0, 0, 0, 0, 0, 0), (0, 0, 0, 0, 0, 0, 0, 0, 0, 0), (0, 0, 0, 0, 0, 0, 0, 0, 0, 0), (0, 0, 0, 0, 0, 0, 0, 0, 0, 0)]}}
client Client 24 injecting delay of 2 seconds
client Client 23 injecting delay of 6 seconds
client Client 26 injecting delay of 6 seconds
client Client 25 injecting delay of 9 seconds
client Client 31 injecting delay of 0 seconds
Local parameters compressed: reduced 5193 bytes (7.04%)
client Client 28 injecting delay of 0 seconds
Local parameters compressed: reduced 5193 bytes (7.04%)
client Client 32 injecting delay of 3 seconds
client Client 29 injecting delay of 6 seconds
client Client 27 injecting delay of 10 seconds
client Client 30 injecting delay of 1 seconds
Local parameters compressed: reduced 5147 bytes (6.98%)
Local parameters compressed: reduced 5178 bytes (7.02%)
Local parameters compressed: reduced 5149 bytes (6.98%)
Local parameters compressed: reduced 5202 bytes (7.05%)
Local parameters compressed: reduced 5125 bytes (6.95%)
Local parameters compressed: reduced 5156 bytes (6.99%)
Local parameters compressed: reduced 5159 bytes (6.99%)
Local parameters compressed: reduced 5190 bytes (7.03%)
Results Aggregated in 19.97 seconds.
{'TextMLP': {'train_loss': [0.6157915395228069, 0.5083470685156186, 0.4733809124596914, 0.4599036934550603, 0.4494779153339068, 0.44504097860892616, 0.44030142557382584], 'train_accuracy': [0.7754841666666666, 0.81561, 0.8283416666666666, 0.8322375, 0.8360016666666666, 0.837275, 0.8391091666666667], 'train_f1': [0.7753055348253876, 0.8156049808752844, 0.8278852474174693, 0.8318835563043387, 0.8355301388710914, 0.8366350571216368, 0.8387099384543677], 'train_mae': [0.3437633333333333, 0.2896283333333333, 0.27126833333333333, 0.267625, 0.2592625, 0.2559708333333333, 0.2558425], 'val_loss': [0.6248085508221074, 0.5237250713737388, 0.4906438358018273, 0.4788225402079131, 0.46846367701103814, 0.4646332649808181, 0.4593929909718664], 'val_accuracy': [0.7686052631578948, 0.8061578947368422, 0.8183815789473684, 0.8218947368421052, 0.8257105263157896, 0.8282763157894737, 0.8298026315789474], 'val_f1': [0.768348353604746, 0.8060437406802267, 0.8179047411181511, 0.8215144640300679, 0.8251851981668414, 0.8275730851107757, 0.8293483720453909], 'val_mae': [0.35397368421052633, 0.3035, 0.2859210526315789, 0.28251315789473685, 0.2733947368421053, 0.2691184210526316, 0.2690789473684211], 'jsd': [(0, 0, 0, 0, 0, 0, 0, 0, 0, 0), (0, 0, 0, 0, 0, 0, 0, 0, 0, 0), (0, 0, 0, 0, 0, 0, 0, 0, 0, 0), (0, 0, 0, 0, 0, 0, 0, 0, 0, 0), (0, 0, 0, 0, 0, 0, 0, 0, 0, 0), (0, 0, 0, 0, 0, 0, 0, 0, 0, 0), (0, 0, 0, 0, 0, 0, 0, 0, 0, 0)]}}
client Client 23 injecting delay of 4 seconds
client Client 27 injecting delay of 3 seconds
client Client 31 injecting delay of 7 seconds
client Client 24 injecting delay of 3 seconds
client Client 26 injecting delay of 5 seconds
client Client 29 injecting delay of 7 seconds
client Client 30 injecting delay of 1 seconds
client Client 25 injecting delay of 0 seconds
Local parameters compressed: reduced 5166 bytes (7.00%)
client Client 32 injecting delay of 3 seconds
client Client 28 injecting delay of 7 seconds
Local parameters compressed: reduced 5171 bytes (7.01%)
Local parameters compressed: reduced 5169 bytes (7.01%)
Local parameters compressed: reduced 5157 bytes (6.99%)
Local parameters compressed: reduced 5207 bytes (7.06%)
Local parameters compressed: reduced 5133 bytes (6.96%)
Local parameters compressed: reduced 5162 bytes (7.00%)
Local parameters compressed: reduced 5193 bytes (7.04%)
Local parameters compressed: reduced 5201 bytes (7.05%)
Local parameters compressed: reduced 5161 bytes (6.99%)
Results Aggregated in 16.93 seconds.
{'TextMLP': {'train_loss': [0.6157915395228069, 0.5083470685156186, 0.4733809124596914, 0.4599036934550603, 0.4494779153339068, 0.44504097860892616, 0.44030142557382584, 0.4354753116250038], 'train_accuracy': [0.7754841666666666, 0.81561, 0.8283416666666666, 0.8322375, 0.8360016666666666, 0.837275, 0.8391091666666667, 0.8406075], 'train_f1': [0.7753055348253876, 0.8156049808752844, 0.8278852474174693, 0.8318835563043387, 0.8355301388710914, 0.8366350571216368, 0.8387099384543677, 0.8400792475171763], 'train_mae': [0.3437633333333333, 0.2896283333333333, 0.27126833333333333, 0.267625, 0.2592625, 0.2559708333333333, 0.2558425, 0.2540541666666667], 'val_loss': [0.6248085508221074, 0.5237250713737388, 0.4906438358018273, 0.4788225402079131, 0.46846367701103814, 0.4646332649808181, 0.4593929909718664, 0.4554695817922291], 'val_accuracy': [0.7686052631578948, 0.8061578947368422, 0.8183815789473684, 0.8218947368421052, 0.8257105263157896, 0.8282763157894737, 0.8298026315789474, 0.8316447368421053], 'val_f1': [0.768348353604746, 0.8060437406802267, 0.8179047411181511, 0.8215144640300679, 0.8251851981668414, 0.8275730851107757, 0.8293483720453909, 0.8310558506238228], 'val_mae': [0.35397368421052633, 0.3035, 0.2859210526315789, 0.28251315789473685, 0.2733947368421053, 0.2691184210526316, 0.2690789473684211, 0.2660526315789474], 'jsd': [(0, 0, 0, 0, 0, 0, 0, 0, 0, 0), (0, 0, 0, 0, 0, 0, 0, 0, 0, 0), (0, 0, 0, 0, 0, 0, 0, 0, 0, 0), (0, 0, 0, 0, 0, 0, 0, 0, 0, 0), (0, 0, 0, 0, 0, 0, 0, 0, 0, 0), (0, 0, 0, 0, 0, 0, 0, 0, 0, 0), (0, 0, 0, 0, 0, 0, 0, 0, 0, 0), (0, 0, 0, 0, 0, 0, 0, 0, 0, 0)]}}
client Client 32 injecting delay of 10 seconds
client Client 24 injecting delay of 4 seconds
client Client 23 injecting delay of 6 seconds
client Client 31 injecting delay of 6 seconds
client Client 28 injecting delay of 0 seconds
Local parameters compressed: reduced 5141 bytes (6.97%)
client Client 30 injecting delay of 8 seconds
client Client 27 injecting delay of 4 seconds
client Client 29 injecting delay of 2 seconds
client Client 26 injecting delay of 6 seconds
client Client 25 injecting delay of 9 seconds
Local parameters compressed: reduced 5148 bytes (6.98%)
Local parameters compressed: reduced 5133 bytes (6.96%)
Local parameters compressed: reduced 5146 bytes (6.97%)
Local parameters compressed: reduced 5175 bytes (7.01%)
Local parameters compressed: reduced 5147 bytes (6.98%)
Local parameters compressed: reduced 5154 bytes (6.98%)
Local parameters compressed: reduced 5169 bytes (7.01%)
Local parameters compressed: reduced 5158 bytes (6.99%)
Local parameters compressed: reduced 5156 bytes (6.99%)
Results Aggregated in 20.53 seconds.
{'TextMLP': {'train_loss': [0.6157915395228069, 0.5083470685156186, 0.4733809124596914, 0.4599036934550603, 0.4494779153339068, 0.44504097860892616, 0.44030142557382584, 0.4354753116250038, 0.4351270634365082], 'train_accuracy': [0.7754841666666666, 0.81561, 0.8283416666666666, 0.8322375, 0.8360016666666666, 0.837275, 0.8391091666666667, 0.8406075, 0.8407141666666667], 'train_f1': [0.7753055348253876, 0.8156049808752844, 0.8278852474174693, 0.8318835563043387, 0.8355301388710914, 0.8366350571216368, 0.8387099384543677, 0.8400792475171763, 0.8401087158684922], 'train_mae': [0.3437633333333333, 0.2896283333333333, 0.27126833333333333, 0.267625, 0.2592625, 0.2559708333333333, 0.2558425, 0.2540541666666667, 0.25212666666666667], 'val_loss': [0.6248085508221074, 0.5237250713737388, 0.4906438358018273, 0.4788225402079131, 0.46846367701103814, 0.4646332649808181, 0.4593929909718664, 0.4554695817922291, 0.4556461456637634], 'val_accuracy': [0.7686052631578948, 0.8061578947368422, 0.8183815789473684, 0.8218947368421052, 0.8257105263157896, 0.8282763157894737, 0.8298026315789474, 0.8316447368421053, 0.8325263157894737], 'val_f1': [0.768348353604746, 0.8060437406802267, 0.8179047411181511, 0.8215144640300679, 0.8251851981668414, 0.8275730851107757, 0.8293483720453909, 0.8310558506238228, 0.8318022700673928], 'val_mae': [0.35397368421052633, 0.3035, 0.2859210526315789, 0.28251315789473685, 0.2733947368421053, 0.2691184210526316, 0.2690789473684211, 0.2660526315789474, 0.26340789473684206], 'jsd': [(0, 0, 0, 0, 0, 0, 0, 0, 0, 0), (0, 0, 0, 0, 0, 0, 0, 0, 0, 0), (0, 0, 0, 0, 0, 0, 0, 0, 0, 0), (0, 0, 0, 0, 0, 0, 0, 0, 0, 0), (0, 0, 0, 0, 0, 0, 0, 0, 0, 0), (0, 0, 0, 0, 0, 0, 0, 0, 0, 0), (0, 0, 0, 0, 0, 0, 0, 0, 0, 0), (0, 0, 0, 0, 0, 0, 0, 0, 0, 0), (0, 0, 0, 0, 0, 0, 0, 0, 0, 0)]}}
client Client 23 injecting delay of 10 seconds
client Client 24 injecting delay of 9 seconds
client Client 32 injecting delay of 4 seconds
client Client 30 injecting delay of 1 seconds
client Client 29 injecting delay of 3 seconds
client Client 31 injecting delay of 0 seconds
Local parameters compressed: reduced 5157 bytes (6.99%)
client Client 28 injecting delay of 4 seconds
client Client 27 injecting delay of 1 seconds
client Client 26 injecting delay of 2 seconds
client Client 25 injecting delay of 6 seconds
Local parameters compressed: reduced 5147 bytes (6.98%)
Local parameters compressed: reduced 5135 bytes (6.96%)
Local parameters compressed: reduced 5132 bytes (6.96%)
Local parameters compressed: reduced 5167 bytes (7.00%)
Local parameters compressed: reduced 5158 bytes (6.99%)
Local parameters compressed: reduced 5154 bytes (6.98%)
Local parameters compressed: reduced 5173 bytes (7.01%)
Local parameters compressed: reduced 5144 bytes (6.97%)
Local parameters compressed: reduced 5165 bytes (7.00%)
Results Aggregated in 18.95 seconds.
{'TextMLP': {'train_loss': [0.6157915395228069, 0.5083470685156186, 0.4733809124596914, 0.4599036934550603, 0.4494779153339068, 0.44504097860892616, 0.44030142557382584, 0.4354753116250038, 0.4351270634365082, 0.4339381823174159], 'train_accuracy': [0.7754841666666666, 0.81561, 0.8283416666666666, 0.8322375, 0.8360016666666666, 0.837275, 0.8391091666666667, 0.8406075, 0.8407141666666667, 0.8410841666666666], 'train_f1': [0.7753055348253876, 0.8156049808752844, 0.8278852474174693, 0.8318835563043387, 0.8355301388710914, 0.8366350571216368, 0.8387099384543677, 0.8400792475171763, 0.8401087158684922, 0.8405722637639946], 'train_mae': [0.3437633333333333, 0.2896283333333333, 0.27126833333333333, 0.267625, 0.2592625, 0.2559708333333333, 0.2558425, 0.2540541666666667, 0.25212666666666667, 0.2509308333333333], 'val_loss': [0.6248085508221074, 0.5237250713737388, 0.4906438358018273, 0.4788225402079131, 0.46846367701103814, 0.4646332649808181, 0.4593929909718664, 0.4554695817922291, 0.4556461456637634, 0.4543155700282046], 'val_accuracy': [0.7686052631578948, 0.8061578947368422, 0.8183815789473684, 0.8218947368421052, 0.8257105263157896, 0.8282763157894737, 0.8298026315789474, 0.8316447368421053, 0.8325263157894737, 0.8326052631578947], 'val_f1': [0.768348353604746, 0.8060437406802267, 0.8179047411181511, 0.8215144640300679, 0.8251851981668414, 0.8275730851107757, 0.8293483720453909, 0.8310558506238228, 0.8318022700673928, 0.8320207370143543], 'val_mae': [0.35397368421052633, 0.3035, 0.2859210526315789, 0.28251315789473685, 0.2733947368421053, 0.2691184210526316, 0.2690789473684211, 0.2660526315789474, 0.26340789473684206, 0.2636710526315789], 'jsd': [(0, 0, 0, 0, 0, 0, 0, 0, 0, 0), (0, 0, 0, 0, 0, 0, 0, 0, 0, 0), (0, 0, 0, 0, 0, 0, 0, 0, 0, 0), (0, 0, 0, 0, 0, 0, 0, 0, 0, 0), (0, 0, 0, 0, 0, 0, 0, 0, 0, 0), (0, 0, 0, 0, 0, 0, 0, 0, 0, 0), (0, 0, 0, 0, 0, 0, 0, 0, 0, 0), (0, 0, 0, 0, 0, 0, 0, 0, 0, 0), (0, 0, 0, 0, 0, 0, 0, 0, 0, 0), (0, 0, 0, 0, 0, 0, 0, 0, 0, 0)]}}
client Client 29 injecting delay of 3 seconds
client Client 30 injecting delay of 2 seconds
client Client 28 injecting delay of 10 seconds
client Client 31 injecting delay of 9 seconds
client Client 32 injecting delay of 1 seconds
client Client 27 injecting delay of 2 seconds
client Client 23 injecting delay of 6 seconds
client Client 26 injecting delay of 6 seconds
client Client 24 injecting delay of 3 seconds
client Client 25 injecting delay of 4 seconds
Local parameters compressed: reduced 5136 bytes (6.96%)
Local parameters compressed: reduced 5156 bytes (6.99%)
Local parameters compressed: reduced 5105 bytes (6.92%)
Local parameters compressed: reduced 5131 bytes (6.95%)
Local parameters compressed: reduced 5156 bytes (6.99%)
Local parameters compressed: reduced 5165 bytes (7.00%)
Local parameters compressed: reduced 5148 bytes (6.98%)
Local parameters compressed: reduced 5148 bytes (6.98%)
Local parameters compressed: reduced 5133 bytes (6.96%)
Local parameters compressed: reduced 5160 bytes (6.99%)
Results Aggregated in 19.21 seconds.
{'TextMLP': {'train_loss': [0.6157915395228069, 0.5083470685156186, 0.4733809124596914, 0.4599036934550603, 0.4494779153339068, 0.44504097860892616, 0.44030142557382584, 0.4354753116250038, 0.4351270634365082, 0.4339381823174159, 0.43490255168279013], 'train_accuracy': [0.7754841666666666, 0.81561, 0.8283416666666666, 0.8322375, 0.8360016666666666, 0.837275, 0.8391091666666667, 0.8406075, 0.8407141666666667, 0.8410841666666666, 0.840795], 'train_f1': [0.7753055348253876, 0.8156049808752844, 0.8278852474174693, 0.8318835563043387, 0.8355301388710914, 0.8366350571216368, 0.8387099384543677, 0.8400792475171763, 0.8401087158684922, 0.8405722637639946, 0.8404593780797848], 'train_mae': [0.3437633333333333, 0.2896283333333333, 0.27126833333333333, 0.267625, 0.2592625, 0.2559708333333333, 0.2558425, 0.2540541666666667, 0.25212666666666667, 0.2509308333333333, 0.2527325], 'val_loss': [0.6248085508221074, 0.5237250713737388, 0.4906438358018273, 0.4788225402079131, 0.46846367701103814, 0.4646332649808181, 0.4593929909718664, 0.4554695817922291, 0.4556461456637634, 0.4543155700282046, 0.4554106492117831], 'val_accuracy': [0.7686052631578948, 0.8061578947368422, 0.8183815789473684, 0.8218947368421052, 0.8257105263157896, 0.8282763157894737, 0.8298026315789474, 0.8316447368421053, 0.8325263157894737, 0.8326052631578947, 0.8321973684210526], 'val_f1': [0.768348353604746, 0.8060437406802267, 0.8179047411181511, 0.8215144640300679, 0.8251851981668414, 0.8275730851107757, 0.8293483720453909, 0.8310558506238228, 0.8318022700673928, 0.8320207370143543, 0.8318018872607513], 'val_mae': [0.35397368421052633, 0.3035, 0.2859210526315789, 0.28251315789473685, 0.2733947368421053, 0.2691184210526316, 0.2690789473684211, 0.2660526315789474, 0.26340789473684206, 0.2636710526315789, 0.26525], 'jsd': [(0, 0, 0, 0, 0, 0, 0, 0, 0, 0), (0, 0, 0, 0, 0, 0, 0, 0, 0, 0), (0, 0, 0, 0, 0, 0, 0, 0, 0, 0), (0, 0, 0, 0, 0, 0, 0, 0, 0, 0), (0, 0, 0, 0, 0, 0, 0, 0, 0, 0), (0, 0, 0, 0, 0, 0, 0, 0, 0, 0), (0, 0, 0, 0, 0, 0, 0, 0, 0, 0), (0, 0, 0, 0, 0, 0, 0, 0, 0, 0), (0, 0, 0, 0, 0, 0, 0, 0, 0, 0), (0, 0, 0, 0, 0, 0, 0, 0, 0, 0), (0, 0, 0, 0, 0, 0, 0, 0, 0, 0)]}}
client Client 23 injecting delay of 10 seconds
client Client 24 injecting delay of 2 seconds
client Client 31 injecting delay of 7 seconds
client Client 30 injecting delay of 2 seconds
client Client 26 injecting delay of 6 seconds
client Client 29 injecting delay of 0 seconds
Local parameters compressed: reduced 5161 bytes (6.99%)
client Client 32 injecting delay of 0 seconds
Local parameters compressed: reduced 5132 bytes (6.96%)
client Client 27 injecting delay of 3 seconds
client Client 28 injecting delay of 5 seconds
client Client 25 injecting delay of 0 seconds
Local parameters compressed: reduced 5138 bytes (6.96%)
Local parameters compressed: reduced 5160 bytes (6.99%)
Local parameters compressed: reduced 5158 bytes (6.99%)
Local parameters compressed: reduced 5173 bytes (7.01%)
Local parameters compressed: reduced 5122 bytes (6.94%)
Local parameters compressed: reduced 5174 bytes (7.01%)
Local parameters compressed: reduced 5162 bytes (7.00%)
Local parameters compressed: reduced 5131 bytes (6.95%)
Results Aggregated in 18.64 seconds.
{'TextMLP': {'train_loss': [0.6157915395228069, 0.5083470685156186, 0.4733809124596914, 0.4599036934550603, 0.4494779153339068, 0.44504097860892616, 0.44030142557382584, 0.4354753116250038, 0.4351270634365082, 0.4339381823174159, 0.43490255168279013, 0.4297943705455462], 'train_accuracy': [0.7754841666666666, 0.81561, 0.8283416666666666, 0.8322375, 0.8360016666666666, 0.837275, 0.8391091666666667, 0.8406075, 0.8407141666666667, 0.8410841666666666, 0.840795, 0.8426783333333333], 'train_f1': [0.7753055348253876, 0.8156049808752844, 0.8278852474174693, 0.8318835563043387, 0.8355301388710914, 0.8366350571216368, 0.8387099384543677, 0.8400792475171763, 0.8401087158684922, 0.8405722637639946, 0.8404593780797848, 0.842217645104391], 'train_mae': [0.3437633333333333, 0.2896283333333333, 0.27126833333333333, 0.267625, 0.2592625, 0.2559708333333333, 0.2558425, 0.2540541666666667, 0.25212666666666667, 0.2509308333333333, 0.2527325, 0.2504633333333333], 'val_loss': [0.6248085508221074, 0.5237250713737388, 0.4906438358018273, 0.4788225402079131, 0.46846367701103814, 0.4646332649808181, 0.4593929909718664, 0.4554695817922291, 0.4556461456637634, 0.4543155700282046, 0.4554106492117831, 0.4509161513604616], 'val_accuracy': [0.7686052631578948, 0.8061578947368422, 0.8183815789473684, 0.8218947368421052, 0.8257105263157896, 0.8282763157894737, 0.8298026315789474, 0.8316447368421053, 0.8325263157894737, 0.8326052631578947, 0.8321973684210526, 0.8337894736842105], 'val_f1': [0.768348353604746, 0.8060437406802267, 0.8179047411181511, 0.8215144640300679, 0.8251851981668414, 0.8275730851107757, 0.8293483720453909, 0.8310558506238228, 0.8318022700673928, 0.8320207370143543, 0.8318018872607513, 0.8332307278457657], 'val_mae': [0.35397368421052633, 0.3035, 0.2859210526315789, 0.28251315789473685, 0.2733947368421053, 0.2691184210526316, 0.2690789473684211, 0.2660526315789474, 0.26340789473684206, 0.2636710526315789, 0.26525, 0.26282894736842105], 'jsd': [(0, 0, 0, 0, 0, 0, 0, 0, 0, 0), (0, 0, 0, 0, 0, 0, 0, 0, 0, 0), (0, 0, 0, 0, 0, 0, 0, 0, 0, 0), (0, 0, 0, 0, 0, 0, 0, 0, 0, 0), (0, 0, 0, 0, 0, 0, 0, 0, 0, 0), (0, 0, 0, 0, 0, 0, 0, 0, 0, 0), (0, 0, 0, 0, 0, 0, 0, 0, 0, 0), (0, 0, 0, 0, 0, 0, 0, 0, 0, 0), (0, 0, 0, 0, 0, 0, 0, 0, 0, 0), (0, 0, 0, 0, 0, 0, 0, 0, 0, 0), (0, 0, 0, 0, 0, 0, 0, 0, 0, 0), (0, 0, 0, 0, 0, 0, 0, 0, 0, 0)]}}
client Client 23 injecting delay of 7 seconds
client Client 24 injecting delay of 7 seconds
client Client 25 injecting delay of 5 seconds
client Client 30 injecting delay of 6 seconds
client Client 28 injecting delay of 4 seconds
client Client 31 injecting delay of 4 seconds
client Client 27 injecting delay of 2 seconds
client Client 26 injecting delay of 1 seconds
client Client 32 injecting delay of 4 seconds
client Client 29 injecting delay of 10 seconds
Local parameters compressed: reduced 5149 bytes (6.98%)
Local parameters compressed: reduced 5111 bytes (6.93%)
Local parameters compressed: reduced 5136 bytes (6.96%)
Local parameters compressed: reduced 5141 bytes (6.97%)
Local parameters compressed: reduced 5139 bytes (6.96%)
Local parameters compressed: reduced 5157 bytes (6.99%)
Local parameters compressed: reduced 5158 bytes (6.99%)
Local parameters compressed: reduced 5134 bytes (6.96%)
Local parameters compressed: reduced 5157 bytes (6.99%)
Local parameters compressed: reduced 5153 bytes (6.98%)
Results Aggregated in 19.89 seconds.
{'TextMLP': {'train_loss': [0.6157915395228069, 0.5083470685156186, 0.4733809124596914, 0.4599036934550603, 0.4494779153339068, 0.44504097860892616, 0.44030142557382584, 0.4354753116250038, 0.4351270634365082, 0.4339381823174159, 0.43490255168279013, 0.4297943705455462, 0.4290194124325116], 'train_accuracy': [0.7754841666666666, 0.81561, 0.8283416666666666, 0.8322375, 0.8360016666666666, 0.837275, 0.8391091666666667, 0.8406075, 0.8407141666666667, 0.8410841666666666, 0.840795, 0.8426783333333333, 0.8429666666666666], 'train_f1': [0.7753055348253876, 0.8156049808752844, 0.8278852474174693, 0.8318835563043387, 0.8355301388710914, 0.8366350571216368, 0.8387099384543677, 0.8400792475171763, 0.8401087158684922, 0.8405722637639946, 0.8404593780797848, 0.842217645104391, 0.8425418371882683], 'train_mae': [0.3437633333333333, 0.2896283333333333, 0.27126833333333333, 0.267625, 0.2592625, 0.2559708333333333, 0.2558425, 0.2540541666666667, 0.25212666666666667, 0.2509308333333333, 0.2527325, 0.2504633333333333, 0.24855166666666667], 'val_loss': [0.6248085508221074, 0.5237250713737388, 0.4906438358018273, 0.4788225402079131, 0.46846367701103814, 0.4646332649808181, 0.4593929909718664, 0.4554695817922291, 0.4556461456637634, 0.4543155700282046, 0.4554106492117831, 0.4509161513604616, 0.45027113648464806], 'val_accuracy': [0.7686052631578948, 0.8061578947368422, 0.8183815789473684, 0.8218947368421052, 0.8257105263157896, 0.8282763157894737, 0.8298026315789474, 0.8316447368421053, 0.8325263157894737, 0.8326052631578947, 0.8321973684210526, 0.8337894736842105, 0.8354736842105263], 'val_f1': [0.768348353604746, 0.8060437406802267, 0.8179047411181511, 0.8215144640300679, 0.8251851981668414, 0.8275730851107757, 0.8293483720453909, 0.8310558506238228, 0.8318022700673928, 0.8320207370143543, 0.8318018872607513, 0.8332307278457657, 0.8349965776605909], 'val_mae': [0.35397368421052633, 0.3035, 0.2859210526315789, 0.28251315789473685, 0.2733947368421053, 0.2691184210526316, 0.2690789473684211, 0.2660526315789474, 0.26340789473684206, 0.2636710526315789, 0.26525, 0.26282894736842105, 0.2595921052631579], 'jsd': [(0, 0, 0, 0, 0, 0, 0, 0, 0, 0), (0, 0, 0, 0, 0, 0, 0, 0, 0, 0), (0, 0, 0, 0, 0, 0, 0, 0, 0, 0), (0, 0, 0, 0, 0, 0, 0, 0, 0, 0), (0, 0, 0, 0, 0, 0, 0, 0, 0, 0), (0, 0, 0, 0, 0, 0, 0, 0, 0, 0), (0, 0, 0, 0, 0, 0, 0, 0, 0, 0), (0, 0, 0, 0, 0, 0, 0, 0, 0, 0), (0, 0, 0, 0, 0, 0, 0, 0, 0, 0), (0, 0, 0, 0, 0, 0, 0, 0, 0, 0), (0, 0, 0, 0, 0, 0, 0, 0, 0, 0), (0, 0, 0, 0, 0, 0, 0, 0, 0, 0), (0, 0, 0, 0, 0, 0, 0, 0, 0, 0)]}}
client Client 23 injecting delay of 7 seconds
client Client 32 injecting delay of 1 seconds
client Client 31 injecting delay of 4 seconds
client Client 24 injecting delay of 7 seconds
client Client 27 injecting delay of 1 seconds
client Client 25 injecting delay of 8 seconds
client Client 28 injecting delay of 2 seconds
client Client 30 injecting delay of 10 seconds
client Client 29 injecting delay of 2 seconds
Local parameters compressed: reduced 5130 bytes (6.95%)
Local parameters compressed: reduced 5138 bytes (6.96%)
Local parameters compressed: reduced 5150 bytes (6.98%)
client Client 26 injecting delay of 9 seconds
Local parameters compressed: reduced 5148 bytes (6.98%)
Local parameters compressed: reduced 5110 bytes (6.93%)
Local parameters compressed: reduced 5138 bytes (6.96%)
Local parameters compressed: reduced 5132 bytes (6.96%)
Local parameters compressed: reduced 5136 bytes (6.96%)
Local parameters compressed: reduced 5162 bytes (7.00%)
Local parameters compressed: reduced 5147 bytes (6.98%)
Results Aggregated in 20.75 seconds.
{'TextMLP': {'train_loss': [0.6157915395228069, 0.5083470685156186, 0.4733809124596914, 0.4599036934550603, 0.4494779153339068, 0.44504097860892616, 0.44030142557382584, 0.4354753116250038, 0.4351270634365082, 0.4339381823174159, 0.43490255168279013, 0.4297943705455462, 0.4290194124325116, 0.42882246869484586], 'train_accuracy': [0.7754841666666666, 0.81561, 0.8283416666666666, 0.8322375, 0.8360016666666666, 0.837275, 0.8391091666666667, 0.8406075, 0.8407141666666667, 0.8410841666666666, 0.840795, 0.8426783333333333, 0.8429666666666666, 0.8426041666666667], 'train_f1': [0.7753055348253876, 0.8156049808752844, 0.8278852474174693, 0.8318835563043387, 0.8355301388710914, 0.8366350571216368, 0.8387099384543677, 0.8400792475171763, 0.8401087158684922, 0.8405722637639946, 0.8404593780797848, 0.842217645104391, 0.8425418371882683, 0.8422324820672039], 'train_mae': [0.3437633333333333, 0.2896283333333333, 0.27126833333333333, 0.267625, 0.2592625, 0.2559708333333333, 0.2558425, 0.2540541666666667, 0.25212666666666667, 0.2509308333333333, 0.2527325, 0.2504633333333333, 0.24855166666666667, 0.2512041666666667], 'val_loss': [0.6248085508221074, 0.5237250713737388, 0.4906438358018273, 0.4788225402079131, 0.46846367701103814, 0.4646332649808181, 0.4593929909718664, 0.4554695817922291, 0.4556461456637634, 0.4543155700282046, 0.4554106492117831, 0.4509161513604616, 0.45027113648464806, 0.4510068335909592], 'val_accuracy': [0.7686052631578948, 0.8061578947368422, 0.8183815789473684, 0.8218947368421052, 0.8257105263157896, 0.8282763157894737, 0.8298026315789474, 0.8316447368421053, 0.8325263157894737, 0.8326052631578947, 0.8321973684210526, 0.8337894736842105, 0.8354736842105263, 0.8344605263157894], 'val_f1': [0.768348353604746, 0.8060437406802267, 0.8179047411181511, 0.8215144640300679, 0.8251851981668414, 0.8275730851107757, 0.8293483720453909, 0.8310558506238228, 0.8318022700673928, 0.8320207370143543, 0.8318018872607513, 0.8332307278457657, 0.8349965776605909, 0.8339805907713554], 'val_mae': [0.35397368421052633, 0.3035, 0.2859210526315789, 0.28251315789473685, 0.2733947368421053, 0.2691184210526316, 0.2690789473684211, 0.2660526315789474, 0.26340789473684206, 0.2636710526315789, 0.26525, 0.26282894736842105, 0.2595921052631579, 0.263], 'jsd': [(0, 0, 0, 0, 0, 0, 0, 0, 0, 0), (0, 0, 0, 0, 0, 0, 0, 0, 0, 0), (0, 0, 0, 0, 0, 0, 0, 0, 0, 0), (0, 0, 0, 0, 0, 0, 0, 0, 0, 0), (0, 0, 0, 0, 0, 0, 0, 0, 0, 0), (0, 0, 0, 0, 0, 0, 0, 0, 0, 0), (0, 0, 0, 0, 0, 0, 0, 0, 0, 0), (0, 0, 0, 0, 0, 0, 0, 0, 0, 0), (0, 0, 0, 0, 0, 0, 0, 0, 0, 0), (0, 0, 0, 0, 0, 0, 0, 0, 0, 0), (0, 0, 0, 0, 0, 0, 0, 0, 0, 0), (0, 0, 0, 0, 0, 0, 0, 0, 0, 0), (0, 0, 0, 0, 0, 0, 0, 0, 0, 0), (0, 0, 0, 0, 0, 0, 0, 0, 0, 0)]}}
client Client 25 injecting delay of 2 seconds
client Client 26 injecting delay of 10 seconds
client Client 32 injecting delay of 10 seconds
client Client 27 injecting delay of 1 seconds
client Client 30 injecting delay of 9 seconds
client Client 31 injecting delay of 10 seconds
client Client 28 injecting delay of 10 seconds
client Client 23 injecting delay of 0 seconds
Local parameters compressed: reduced 5140 bytes (6.97%)
client Client 24 injecting delay of 6 seconds
client Client 29 injecting delay of 8 seconds
Local parameters compressed: reduced 5132 bytes (6.96%)
Local parameters compressed: reduced 5116 bytes (6.93%)
Local parameters compressed: reduced 5112 bytes (6.93%)
Local parameters compressed: reduced 5154 bytes (6.98%)
Local parameters compressed: reduced 5141 bytes (6.97%)
Local parameters compressed: reduced 5115 bytes (6.93%)
Local parameters compressed: reduced 5108 bytes (6.92%)
Local parameters compressed: reduced 5176 bytes (7.01%)
Local parameters compressed: reduced 5099 bytes (6.91%)
Results Aggregated in 19.89 seconds.
{'TextMLP': {'train_loss': [0.6157915395228069, 0.5083470685156186, 0.4733809124596914, 0.4599036934550603, 0.4494779153339068, 0.44504097860892616, 0.44030142557382584, 0.4354753116250038, 0.4351270634365082, 0.4339381823174159, 0.43490255168279013, 0.4297943705455462, 0.4290194124325116, 0.42882246869484586, 0.42738605686068537], 'train_accuracy': [0.7754841666666666, 0.81561, 0.8283416666666666, 0.8322375, 0.8360016666666666, 0.837275, 0.8391091666666667, 0.8406075, 0.8407141666666667, 0.8410841666666666, 0.840795, 0.8426783333333333, 0.8429666666666666, 0.8426041666666667, 0.8433275], 'train_f1': [0.7753055348253876, 0.8156049808752844, 0.8278852474174693, 0.8318835563043387, 0.8355301388710914, 0.8366350571216368, 0.8387099384543677, 0.8400792475171763, 0.8401087158684922, 0.8405722637639946, 0.8404593780797848, 0.842217645104391, 0.8425418371882683, 0.8422324820672039, 0.8428671094794226], 'train_mae': [0.3437633333333333, 0.2896283333333333, 0.27126833333333333, 0.267625, 0.2592625, 0.2559708333333333, 0.2558425, 0.2540541666666667, 0.25212666666666667, 0.2509308333333333, 0.2527325, 0.2504633333333333, 0.24855166666666667, 0.2512041666666667, 0.24731833333333333], 'val_loss': [0.6248085508221074, 0.5237250713737388, 0.4906438358018273, 0.4788225402079131, 0.46846367701103814, 0.4646332649808181, 0.4593929909718664, 0.4554695817922291, 0.4556461456637634, 0.4543155700282046, 0.4554106492117831, 0.4509161513604616, 0.45027113648464806, 0.4510068335909592, 0.4488089045850854], 'val_accuracy': [0.7686052631578948, 0.8061578947368422, 0.8183815789473684, 0.8218947368421052, 0.8257105263157896, 0.8282763157894737, 0.8298026315789474, 0.8316447368421053, 0.8325263157894737, 0.8326052631578947, 0.8321973684210526, 0.8337894736842105, 0.8354736842105263, 0.8344605263157894, 0.8353815789473684], 'val_f1': [0.768348353604746, 0.8060437406802267, 0.8179047411181511, 0.8215144640300679, 0.8251851981668414, 0.8275730851107757, 0.8293483720453909, 0.8310558506238228, 0.8318022700673928, 0.8320207370143543, 0.8318018872607513, 0.8332307278457657, 0.8349965776605909, 0.8339805907713554, 0.8348608821468081], 'val_mae': [0.35397368421052633, 0.3035, 0.2859210526315789, 0.28251315789473685, 0.2733947368421053, 0.2691184210526316, 0.2690789473684211, 0.2660526315789474, 0.26340789473684206, 0.2636710526315789, 0.26525, 0.26282894736842105, 0.2595921052631579, 0.263, 0.2594078947368421], 'jsd': [(0, 0, 0, 0, 0, 0, 0, 0, 0, 0), (0, 0, 0, 0, 0, 0, 0, 0, 0, 0), (0, 0, 0, 0, 0, 0, 0, 0, 0, 0), (0, 0, 0, 0, 0, 0, 0, 0, 0, 0), (0, 0, 0, 0, 0, 0, 0, 0, 0, 0), (0, 0, 0, 0, 0, 0, 0, 0, 0, 0), (0, 0, 0, 0, 0, 0, 0, 0, 0, 0), (0, 0, 0, 0, 0, 0, 0, 0, 0, 0), (0, 0, 0, 0, 0, 0, 0, 0, 0, 0), (0, 0, 0, 0, 0, 0, 0, 0, 0, 0), (0, 0, 0, 0, 0, 0, 0, 0, 0, 0), (0, 0, 0, 0, 0, 0, 0, 0, 0, 0), (0, 0, 0, 0, 0, 0, 0, 0, 0, 0), (0, 0, 0, 0, 0, 0, 0, 0, 0, 0), (0, 0, 0, 0, 0, 0, 0, 0, 0, 0)]}}
client Client 23 injecting delay of 3 seconds
client Client 31 injecting delay of 8 seconds
client Client 24 injecting delay of 7 seconds
client Client 26 injecting delay of 1 seconds
client Client 28 injecting delay of 1 seconds
client Client 29 injecting delay of 8 seconds
client Client 25 injecting delay of 7 seconds
client Client 32 injecting delay of 10 seconds
client Client 27 injecting delay of 6 seconds
client Client 30 injecting delay of 9 seconds
Local parameters compressed: reduced 5124 bytes (6.94%)
Local parameters compressed: reduced 5112 bytes (6.93%)
Local parameters compressed: reduced 5142 bytes (6.97%)
Local parameters compressed: reduced 5113 bytes (6.93%)
Local parameters compressed: reduced 5148 bytes (6.98%)
Local parameters compressed: reduced 5146 bytes (6.97%)
Local parameters compressed: reduced 5117 bytes (6.93%)
Local parameters compressed: reduced 5141 bytes (6.97%)
Local parameters compressed: reduced 5139 bytes (6.96%)
Local parameters compressed: reduced 5141 bytes (6.97%)
Results Aggregated in 19.95 seconds.
{'TextMLP': {'train_loss': [0.6157915395228069, 0.5083470685156186, 0.4733809124596914, 0.4599036934550603, 0.4494779153339068, 0.44504097860892616, 0.44030142557382584, 0.4354753116250038, 0.4351270634365082, 0.4339381823174159, 0.43490255168279013, 0.4297943705455462, 0.4290194124325116, 0.42882246869484586, 0.42738605686068537, 0.4248259898217519], 'train_accuracy': [0.7754841666666666, 0.81561, 0.8283416666666666, 0.8322375, 0.8360016666666666, 0.837275, 0.8391091666666667, 0.8406075, 0.8407141666666667, 0.8410841666666666, 0.840795, 0.8426783333333333, 0.8429666666666666, 0.8426041666666667, 0.8433275, 0.8441233333333333], 'train_f1': [0.7753055348253876, 0.8156049808752844, 0.8278852474174693, 0.8318835563043387, 0.8355301388710914, 0.8366350571216368, 0.8387099384543677, 0.8400792475171763, 0.8401087158684922, 0.8405722637639946, 0.8404593780797848, 0.842217645104391, 0.8425418371882683, 0.8422324820672039, 0.8428671094794226, 0.8433966327886225], 'train_mae': [0.3437633333333333, 0.2896283333333333, 0.27126833333333333, 0.267625, 0.2592625, 0.2559708333333333, 0.2558425, 0.2540541666666667, 0.25212666666666667, 0.2509308333333333, 0.2527325, 0.2504633333333333, 0.24855166666666667, 0.2512041666666667, 0.24731833333333333, 0.24627833333333332], 'val_loss': [0.6248085508221074, 0.5237250713737388, 0.4906438358018273, 0.4788225402079131, 0.46846367701103814, 0.4646332649808181, 0.4593929909718664, 0.4554695817922291, 0.4556461456637634, 0.4543155700282046, 0.4554106492117831, 0.4509161513604616, 0.45027113648464806, 0.4510068335909592, 0.4488089045850854, 0.4473325261755994], 'val_accuracy': [0.7686052631578948, 0.8061578947368422, 0.8183815789473684, 0.8218947368421052, 0.8257105263157896, 0.8282763157894737, 0.8298026315789474, 0.8316447368421053, 0.8325263157894737, 0.8326052631578947, 0.8321973684210526, 0.8337894736842105, 0.8354736842105263, 0.8344605263157894, 0.8353815789473684, 0.8364868421052631], 'val_f1': [0.768348353604746, 0.8060437406802267, 0.8179047411181511, 0.8215144640300679, 0.8251851981668414, 0.8275730851107757, 0.8293483720453909, 0.8310558506238228, 0.8318022700673928, 0.8320207370143543, 0.8318018872607513, 0.8332307278457657, 0.8349965776605909, 0.8339805907713554, 0.8348608821468081, 0.8356566058943826], 'val_mae': [0.35397368421052633, 0.3035, 0.2859210526315789, 0.28251315789473685, 0.2733947368421053, 0.2691184210526316, 0.2690789473684211, 0.2660526315789474, 0.26340789473684206, 0.2636710526315789, 0.26525, 0.26282894736842105, 0.2595921052631579, 0.263, 0.2594078947368421, 0.25744736842105265], 'jsd': [(0, 0, 0, 0, 0, 0, 0, 0, 0, 0), (0, 0, 0, 0, 0, 0, 0, 0, 0, 0), (0, 0, 0, 0, 0, 0, 0, 0, 0, 0), (0, 0, 0, 0, 0, 0, 0, 0, 0, 0), (0, 0, 0, 0, 0, 0, 0, 0, 0, 0), (0, 0, 0, 0, 0, 0, 0, 0, 0, 0), (0, 0, 0, 0, 0, 0, 0, 0, 0, 0), (0, 0, 0, 0, 0, 0, 0, 0, 0, 0), (0, 0, 0, 0, 0, 0, 0, 0, 0, 0), (0, 0, 0, 0, 0, 0, 0, 0, 0, 0), (0, 0, 0, 0, 0, 0, 0, 0, 0, 0), (0, 0, 0, 0, 0, 0, 0, 0, 0, 0), (0, 0, 0, 0, 0, 0, 0, 0, 0, 0), (0, 0, 0, 0, 0, 0, 0, 0, 0, 0), (0, 0, 0, 0, 0, 0, 0, 0, 0, 0), (0, 0, 0, 0, 0, 0, 0, 0, 0, 0)]}}
client Client 24 injecting delay of 2 seconds
client Client 26 injecting delay of 2 seconds
client Client 25 injecting delay of 8 seconds
client Client 30 injecting delay of 10 seconds
client Client 31 injecting delay of 6 seconds
client Client 29 injecting delay of 3 seconds
client Client 27 injecting delay of 5 seconds
client Client 23 injecting delay of 6 seconds
client Client 28 injecting delay of 0 seconds
Local parameters compressed: reduced 5119 bytes (6.94%)
Local parameters compressed: reduced 5129 bytes (6.95%)
Local parameters compressed: reduced 5122 bytes (6.94%)
client Client 32 injecting delay of 2 seconds
Local parameters compressed: reduced 5126 bytes (6.95%)
Local parameters compressed: reduced 5170 bytes (7.01%)
Local parameters compressed: reduced 5108 bytes (6.92%)
Local parameters compressed: reduced 5084 bytes (6.89%)
Local parameters compressed: reduced 5120 bytes (6.94%)
Local parameters compressed: reduced 5145 bytes (6.97%)
Local parameters compressed: reduced 5135 bytes (6.96%)
Results Aggregated in 19.44 seconds.
{'TextMLP': {'train_loss': [0.6157915395228069, 0.5083470685156186, 0.4733809124596914, 0.4599036934550603, 0.4494779153339068, 0.44504097860892616, 0.44030142557382584, 0.4354753116250038, 0.4351270634365082, 0.4339381823174159, 0.43490255168279013, 0.4297943705455462, 0.4290194124325116, 0.42882246869484586, 0.42738605686068537, 0.4248259898217519, 0.4263707888237635], 'train_accuracy': [0.7754841666666666, 0.81561, 0.8283416666666666, 0.8322375, 0.8360016666666666, 0.837275, 0.8391091666666667, 0.8406075, 0.8407141666666667, 0.8410841666666666, 0.840795, 0.8426783333333333, 0.8429666666666666, 0.8426041666666667, 0.8433275, 0.8441233333333333, 0.8435516666666667], 'train_f1': [0.7753055348253876, 0.8156049808752844, 0.8278852474174693, 0.8318835563043387, 0.8355301388710914, 0.8366350571216368, 0.8387099384543677, 0.8400792475171763, 0.8401087158684922, 0.8405722637639946, 0.8404593780797848, 0.842217645104391, 0.8425418371882683, 0.8422324820672039, 0.8428671094794226, 0.8433966327886225, 0.8432287982884645], 'train_mae': [0.3437633333333333, 0.2896283333333333, 0.27126833333333333, 0.267625, 0.2592625, 0.2559708333333333, 0.2558425, 0.2540541666666667, 0.25212666666666667, 0.2509308333333333, 0.2527325, 0.2504633333333333, 0.24855166666666667, 0.2512041666666667, 0.24731833333333333, 0.24627833333333332, 0.246705], 'val_loss': [0.6248085508221074, 0.5237250713737388, 0.4906438358018273, 0.4788225402079131, 0.46846367701103814, 0.4646332649808181, 0.4593929909718664, 0.4554695817922291, 0.4556461456637634, 0.4543155700282046, 0.4554106492117831, 0.4509161513604616, 0.45027113648464806, 0.4510068335909592, 0.4488089045850854, 0.4473325261755994, 0.4479257663362905], 'val_accuracy': [0.7686052631578948, 0.8061578947368422, 0.8183815789473684, 0.8218947368421052, 0.8257105263157896, 0.8282763157894737, 0.8298026315789474, 0.8316447368421053, 0.8325263157894737, 0.8326052631578947, 0.8321973684210526, 0.8337894736842105, 0.8354736842105263, 0.8344605263157894, 0.8353815789473684, 0.8364868421052631, 0.8355657894736842], 'val_f1': [0.768348353604746, 0.8060437406802267, 0.8179047411181511, 0.8215144640300679, 0.8251851981668414, 0.8275730851107757, 0.8293483720453909, 0.8310558506238228, 0.8318022700673928, 0.8320207370143543, 0.8318018872607513, 0.8332307278457657, 0.8349965776605909, 0.8339805907713554, 0.8348608821468081, 0.8356566058943826, 0.8351305093315948], 'val_mae': [0.35397368421052633, 0.3035, 0.2859210526315789, 0.28251315789473685, 0.2733947368421053, 0.2691184210526316, 0.2690789473684211, 0.2660526315789474, 0.26340789473684206, 0.2636710526315789, 0.26525, 0.26282894736842105, 0.2595921052631579, 0.263, 0.2594078947368421, 0.25744736842105265, 0.2589078947368421], 'jsd': [(0, 0, 0, 0, 0, 0, 0, 0, 0, 0), (0, 0, 0, 0, 0, 0, 0, 0, 0, 0), (0, 0, 0, 0, 0, 0, 0, 0, 0, 0), (0, 0, 0, 0, 0, 0, 0, 0, 0, 0), (0, 0, 0, 0, 0, 0, 0, 0, 0, 0), (0, 0, 0, 0, 0, 0, 0, 0, 0, 0), (0, 0, 0, 0, 0, 0, 0, 0, 0, 0), (0, 0, 0, 0, 0, 0, 0, 0, 0, 0), (0, 0, 0, 0, 0, 0, 0, 0, 0, 0), (0, 0, 0, 0, 0, 0, 0, 0, 0, 0), (0, 0, 0, 0, 0, 0, 0, 0, 0, 0), (0, 0, 0, 0, 0, 0, 0, 0, 0, 0), (0, 0, 0, 0, 0, 0, 0, 0, 0, 0), (0, 0, 0, 0, 0, 0, 0, 0, 0, 0), (0, 0, 0, 0, 0, 0, 0, 0, 0, 0), (0, 0, 0, 0, 0, 0, 0, 0, 0, 0), (0, 0, 0, 0, 0, 0, 0, 0, 0, 0)]}}
client Client 32 injecting delay of 6 seconds
client Client 27 injecting delay of 4 seconds
client Client 25 injecting delay of 2 seconds
client Client 26 injecting delay of 8 seconds
client Client 23 injecting delay of 1 seconds
client Client 24 injecting delay of 6 seconds
client Client 28 injecting delay of 4 seconds
client Client 31 injecting delay of 7 seconds
client Client 29 injecting delay of 2 seconds
client Client 30 injecting delay of 0 seconds
Local parameters compressed: reduced 5120 bytes (6.94%)
Local parameters compressed: reduced 5122 bytes (6.94%)
Local parameters compressed: reduced 5115 bytes (6.93%)
Local parameters compressed: reduced 5093 bytes (6.90%)
Local parameters compressed: reduced 5095 bytes (6.91%)
Local parameters compressed: reduced 5127 bytes (6.95%)
Local parameters compressed: reduced 5123 bytes (6.94%)
Local parameters compressed: reduced 5128 bytes (6.95%)
Local parameters compressed: reduced 5118 bytes (6.94%)
Local parameters compressed: reduced 5123 bytes (6.94%)
Results Aggregated in 17.92 seconds.
{'TextMLP': {'train_loss': [0.6157915395228069, 0.5083470685156186, 0.4733809124596914, 0.4599036934550603, 0.4494779153339068, 0.44504097860892616, 0.44030142557382584, 0.4354753116250038, 0.4351270634365082, 0.4339381823174159, 0.43490255168279013, 0.4297943705455462, 0.4290194124325116, 0.42882246869484586, 0.42738605686068537, 0.4248259898217519, 0.4263707888237635, 0.4240872453173002], 'train_accuracy': [0.7754841666666666, 0.81561, 0.8283416666666666, 0.8322375, 0.8360016666666666, 0.837275, 0.8391091666666667, 0.8406075, 0.8407141666666667, 0.8410841666666666, 0.840795, 0.8426783333333333, 0.8429666666666666, 0.8426041666666667, 0.8433275, 0.8441233333333333, 0.8435516666666667, 0.8441858333333333], 'train_f1': [0.7753055348253876, 0.8156049808752844, 0.8278852474174693, 0.8318835563043387, 0.8355301388710914, 0.8366350571216368, 0.8387099384543677, 0.8400792475171763, 0.8401087158684922, 0.8405722637639946, 0.8404593780797848, 0.842217645104391, 0.8425418371882683, 0.8422324820672039, 0.8428671094794226, 0.8433966327886225, 0.8432287982884645, 0.8436275628306409], 'train_mae': [0.3437633333333333, 0.2896283333333333, 0.27126833333333333, 0.267625, 0.2592625, 0.2559708333333333, 0.2558425, 0.2540541666666667, 0.25212666666666667, 0.2509308333333333, 0.2527325, 0.2504633333333333, 0.24855166666666667, 0.2512041666666667, 0.24731833333333333, 0.24627833333333332, 0.246705, 0.2474575], 'val_loss': [0.6248085508221074, 0.5237250713737388, 0.4906438358018273, 0.4788225402079131, 0.46846367701103814, 0.4646332649808181, 0.4593929909718664, 0.4554695817922291, 0.4556461456637634, 0.4543155700282046, 0.4554106492117831, 0.4509161513604616, 0.45027113648464806, 0.4510068335909592, 0.4488089045850854, 0.4473325261755994, 0.4479257663362905, 0.447356028782694], 'val_accuracy': [0.7686052631578948, 0.8061578947368422, 0.8183815789473684, 0.8218947368421052, 0.8257105263157896, 0.8282763157894737, 0.8298026315789474, 0.8316447368421053, 0.8325263157894737, 0.8326052631578947, 0.8321973684210526, 0.8337894736842105, 0.8354736842105263, 0.8344605263157894, 0.8353815789473684, 0.8364868421052631, 0.8355657894736842, 0.8353289473684211], 'val_f1': [0.768348353604746, 0.8060437406802267, 0.8179047411181511, 0.8215144640300679, 0.8251851981668414, 0.8275730851107757, 0.8293483720453909, 0.8310558506238228, 0.8318022700673928, 0.8320207370143543, 0.8318018872607513, 0.8332307278457657, 0.8349965776605909, 0.8339805907713554, 0.8348608821468081, 0.8356566058943826, 0.8351305093315948, 0.8346791521071178], 'val_mae': [0.35397368421052633, 0.3035, 0.2859210526315789, 0.28251315789473685, 0.2733947368421053, 0.2691184210526316, 0.2690789473684211, 0.2660526315789474, 0.26340789473684206, 0.2636710526315789, 0.26525, 0.26282894736842105, 0.2595921052631579, 0.263, 0.2594078947368421, 0.25744736842105265, 0.2589078947368421, 0.26042105263157894], 'jsd': [(0, 0, 0, 0, 0, 0, 0, 0, 0, 0), (0, 0, 0, 0, 0, 0, 0, 0, 0, 0), (0, 0, 0, 0, 0, 0, 0, 0, 0, 0), (0, 0, 0, 0, 0, 0, 0, 0, 0, 0), (0, 0, 0, 0, 0, 0, 0, 0, 0, 0), (0, 0, 0, 0, 0, 0, 0, 0, 0, 0), (0, 0, 0, 0, 0, 0, 0, 0, 0, 0), (0, 0, 0, 0, 0, 0, 0, 0, 0, 0), (0, 0, 0, 0, 0, 0, 0, 0, 0, 0), (0, 0, 0, 0, 0, 0, 0, 0, 0, 0), (0, 0, 0, 0, 0, 0, 0, 0, 0, 0), (0, 0, 0, 0, 0, 0, 0, 0, 0, 0), (0, 0, 0, 0, 0, 0, 0, 0, 0, 0), (0, 0, 0, 0, 0, 0, 0, 0, 0, 0), (0, 0, 0, 0, 0, 0, 0, 0, 0, 0), (0, 0, 0, 0, 0, 0, 0, 0, 0, 0), (0, 0, 0, 0, 0, 0, 0, 0, 0, 0), (0, 0, 0, 0, 0, 0, 0, 0, 0, 0)]}}
client Client 26 injecting delay of 5 seconds
client Client 25 injecting delay of 3 seconds
client Client 27 injecting delay of 8 seconds
client Client 32 injecting delay of 8 seconds
client Client 23 injecting delay of 2 seconds
client Client 24 injecting delay of 0 seconds
Local parameters compressed: reduced 5128 bytes (6.95%)
client Client 31 injecting delay of 3 seconds
client Client 30 injecting delay of 7 seconds
client Client 29 injecting delay of 1 seconds
client Client 28 injecting delay of 2 seconds
Local parameters compressed: reduced 5111 bytes (6.93%)
Local parameters compressed: reduced 5121 bytes (6.94%)
Local parameters compressed: reduced 5124 bytes (6.94%)
Local parameters compressed: reduced 5088 bytes (6.90%)
Local parameters compressed: reduced 5135 bytes (6.96%)
Local parameters compressed: reduced 5097 bytes (6.91%)
Local parameters compressed: reduced 5120 bytes (6.94%)
Local parameters compressed: reduced 5095 bytes (6.91%)
Local parameters compressed: reduced 5113 bytes (6.93%)
Results Aggregated in 17.81 seconds.
{'TextMLP': {'train_loss': [0.6157915395228069, 0.5083470685156186, 0.4733809124596914, 0.4599036934550603, 0.4494779153339068, 0.44504097860892616, 0.44030142557382584, 0.4354753116250038, 0.4351270634365082, 0.4339381823174159, 0.43490255168279013, 0.4297943705455462, 0.4290194124325116, 0.42882246869484586, 0.42738605686068537, 0.4248259898217519, 0.4263707888237635, 0.4240872453173002, 0.42604942600568135], 'train_accuracy': [0.7754841666666666, 0.81561, 0.8283416666666666, 0.8322375, 0.8360016666666666, 0.837275, 0.8391091666666667, 0.8406075, 0.8407141666666667, 0.8410841666666666, 0.840795, 0.8426783333333333, 0.8429666666666666, 0.8426041666666667, 0.8433275, 0.8441233333333333, 0.8435516666666667, 0.8441858333333333, 0.8433833333333334], 'train_f1': [0.7753055348253876, 0.8156049808752844, 0.8278852474174693, 0.8318835563043387, 0.8355301388710914, 0.8366350571216368, 0.8387099384543677, 0.8400792475171763, 0.8401087158684922, 0.8405722637639946, 0.8404593780797848, 0.842217645104391, 0.8425418371882683, 0.8422324820672039, 0.8428671094794226, 0.8433966327886225, 0.8432287982884645, 0.8436275628306409, 0.8432470546403733], 'train_mae': [0.3437633333333333, 0.2896283333333333, 0.27126833333333333, 0.267625, 0.2592625, 0.2559708333333333, 0.2558425, 0.2540541666666667, 0.25212666666666667, 0.2509308333333333, 0.2527325, 0.2504633333333333, 0.24855166666666667, 0.2512041666666667, 0.24731833333333333, 0.24627833333333332, 0.246705, 0.2474575, 0.248335], 'val_loss': [0.6248085508221074, 0.5237250713737388, 0.4906438358018273, 0.4788225402079131, 0.46846367701103814, 0.4646332649808181, 0.4593929909718664, 0.4554695817922291, 0.4556461456637634, 0.4543155700282046, 0.4554106492117831, 0.4509161513604616, 0.45027113648464806, 0.4510068335909592, 0.4488089045850854, 0.4473325261755994, 0.4479257663362905, 0.447356028782694, 0.4492287527197286], 'val_accuracy': [0.7686052631578948, 0.8061578947368422, 0.8183815789473684, 0.8218947368421052, 0.8257105263157896, 0.8282763157894737, 0.8298026315789474, 0.8316447368421053, 0.8325263157894737, 0.8326052631578947, 0.8321973684210526, 0.8337894736842105, 0.8354736842105263, 0.8344605263157894, 0.8353815789473684, 0.8364868421052631, 0.8355657894736842, 0.8353289473684211, 0.8356710526315789], 'val_f1': [0.768348353604746, 0.8060437406802267, 0.8179047411181511, 0.8215144640300679, 0.8251851981668414, 0.8275730851107757, 0.8293483720453909, 0.8310558506238228, 0.8318022700673928, 0.8320207370143543, 0.8318018872607513, 0.8332307278457657, 0.8349965776605909, 0.8339805907713554, 0.8348608821468081, 0.8356566058943826, 0.8351305093315948, 0.8346791521071178, 0.8354178269583814], 'val_mae': [0.35397368421052633, 0.3035, 0.2859210526315789, 0.28251315789473685, 0.2733947368421053, 0.2691184210526316, 0.2690789473684211, 0.2660526315789474, 0.26340789473684206, 0.2636710526315789, 0.26525, 0.26282894736842105, 0.2595921052631579, 0.263, 0.2594078947368421, 0.25744736842105265, 0.2589078947368421, 0.26042105263157894, 0.25938157894736846], 'jsd': [(0, 0, 0, 0, 0, 0, 0, 0, 0, 0), (0, 0, 0, 0, 0, 0, 0, 0, 0, 0), (0, 0, 0, 0, 0, 0, 0, 0, 0, 0), (0, 0, 0, 0, 0, 0, 0, 0, 0, 0), (0, 0, 0, 0, 0, 0, 0, 0, 0, 0), (0, 0, 0, 0, 0, 0, 0, 0, 0, 0), (0, 0, 0, 0, 0, 0, 0, 0, 0, 0), (0, 0, 0, 0, 0, 0, 0, 0, 0, 0), (0, 0, 0, 0, 0, 0, 0, 0, 0, 0), (0, 0, 0, 0, 0, 0, 0, 0, 0, 0), (0, 0, 0, 0, 0, 0, 0, 0, 0, 0), (0, 0, 0, 0, 0, 0, 0, 0, 0, 0), (0, 0, 0, 0, 0, 0, 0, 0, 0, 0), (0, 0, 0, 0, 0, 0, 0, 0, 0, 0), (0, 0, 0, 0, 0, 0, 0, 0, 0, 0), (0, 0, 0, 0, 0, 0, 0, 0, 0, 0), (0, 0, 0, 0, 0, 0, 0, 0, 0, 0), (0, 0, 0, 0, 0, 0, 0, 0, 0, 0), (0, 0, 0, 0, 0, 0, 0, 0, 0, 0)]}}
client Client 24 injecting delay of 6 seconds
client Client 28 injecting delay of 10 seconds
client Client 31 injecting delay of 0 seconds
Local parameters compressed: reduced 5128 bytes (6.95%)
client Client 23 injecting delay of 5 seconds
client Client 32 injecting delay of 9 seconds
client Client 26 injecting delay of 5 seconds
client Client 27 injecting delay of 5 seconds
client Client 30 injecting delay of 5 seconds
client Client 29 injecting delay of 8 seconds
client Client 25 injecting delay of 5 seconds
Local parameters compressed: reduced 5144 bytes (6.97%)
Local parameters compressed: reduced 5110 bytes (6.93%)
Local parameters compressed: reduced 5132 bytes (6.96%)
Local parameters compressed: reduced 5114 bytes (6.93%)
Local parameters compressed: reduced 5128 bytes (6.95%)
Local parameters compressed: reduced 5128 bytes (6.95%)
Local parameters compressed: reduced 5123 bytes (6.94%)
Local parameters compressed: reduced 5113 bytes (6.93%)
Local parameters compressed: reduced 5133 bytes (6.96%)
Results Aggregated in 19.43 seconds.
{'TextMLP': {'train_loss': [0.6157915395228069, 0.5083470685156186, 0.4733809124596914, 0.4599036934550603, 0.4494779153339068, 0.44504097860892616, 0.44030142557382584, 0.4354753116250038, 0.4351270634365082, 0.4339381823174159, 0.43490255168279013, 0.4297943705455462, 0.4290194124325116, 0.42882246869484586, 0.42738605686068537, 0.4248259898217519, 0.4263707888237635, 0.4240872453173002, 0.42604942600568135, 0.42675747859477997], 'train_accuracy': [0.7754841666666666, 0.81561, 0.8283416666666666, 0.8322375, 0.8360016666666666, 0.837275, 0.8391091666666667, 0.8406075, 0.8407141666666667, 0.8410841666666666, 0.840795, 0.8426783333333333, 0.8429666666666666, 0.8426041666666667, 0.8433275, 0.8441233333333333, 0.8435516666666667, 0.8441858333333333, 0.8433833333333334, 0.8428091666666667], 'train_f1': [0.7753055348253876, 0.8156049808752844, 0.8278852474174693, 0.8318835563043387, 0.8355301388710914, 0.8366350571216368, 0.8387099384543677, 0.8400792475171763, 0.8401087158684922, 0.8405722637639946, 0.8404593780797848, 0.842217645104391, 0.8425418371882683, 0.8422324820672039, 0.8428671094794226, 0.8433966327886225, 0.8432287982884645, 0.8436275628306409, 0.8432470546403733, 0.8420036970305349], 'train_mae': [0.3437633333333333, 0.2896283333333333, 0.27126833333333333, 0.267625, 0.2592625, 0.2559708333333333, 0.2558425, 0.2540541666666667, 0.25212666666666667, 0.2509308333333333, 0.2527325, 0.2504633333333333, 0.24855166666666667, 0.2512041666666667, 0.24731833333333333, 0.24627833333333332, 0.246705, 0.2474575, 0.248335, 0.24745083333333334], 'val_loss': [0.6248085508221074, 0.5237250713737388, 0.4906438358018273, 0.4788225402079131, 0.46846367701103814, 0.4646332649808181, 0.4593929909718664, 0.4554695817922291, 0.4556461456637634, 0.4543155700282046, 0.4554106492117831, 0.4509161513604616, 0.45027113648464806, 0.4510068335909592, 0.4488089045850854, 0.4473325261755994, 0.4479257663362905, 0.447356028782694, 0.4492287527197286, 0.4505100262667003], 'val_accuracy': [0.7686052631578948, 0.8061578947368422, 0.8183815789473684, 0.8218947368421052, 0.8257105263157896, 0.8282763157894737, 0.8298026315789474, 0.8316447368421053, 0.8325263157894737, 0.8326052631578947, 0.8321973684210526, 0.8337894736842105, 0.8354736842105263, 0.8344605263157894, 0.8353815789473684, 0.8364868421052631, 0.8355657894736842, 0.8353289473684211, 0.8356710526315789, 0.8346052631578947], 'val_f1': [0.768348353604746, 0.8060437406802267, 0.8179047411181511, 0.8215144640300679, 0.8251851981668414, 0.8275730851107757, 0.8293483720453909, 0.8310558506238228, 0.8318022700673928, 0.8320207370143543, 0.8318018872607513, 0.8332307278457657, 0.8349965776605909, 0.8339805907713554, 0.8348608821468081, 0.8356566058943826, 0.8351305093315948, 0.8346791521071178, 0.8354178269583814, 0.8336929018482908], 'val_mae': [0.35397368421052633, 0.3035, 0.2859210526315789, 0.28251315789473685, 0.2733947368421053, 0.2691184210526316, 0.2690789473684211, 0.2660526315789474, 0.26340789473684206, 0.2636710526315789, 0.26525, 0.26282894736842105, 0.2595921052631579, 0.263, 0.2594078947368421, 0.25744736842105265, 0.2589078947368421, 0.26042105263157894, 0.25938157894736846, 0.2594868421052632], 'jsd': [(0, 0, 0, 0, 0, 0, 0, 0, 0, 0), (0, 0, 0, 0, 0, 0, 0, 0, 0, 0), (0, 0, 0, 0, 0, 0, 0, 0, 0, 0), (0, 0, 0, 0, 0, 0, 0, 0, 0, 0), (0, 0, 0, 0, 0, 0, 0, 0, 0, 0), (0, 0, 0, 0, 0, 0, 0, 0, 0, 0), (0, 0, 0, 0, 0, 0, 0, 0, 0, 0), (0, 0, 0, 0, 0, 0, 0, 0, 0, 0), (0, 0, 0, 0, 0, 0, 0, 0, 0, 0), (0, 0, 0, 0, 0, 0, 0, 0, 0, 0), (0, 0, 0, 0, 0, 0, 0, 0, 0, 0), (0, 0, 0, 0, 0, 0, 0, 0, 0, 0), (0, 0, 0, 0, 0, 0, 0, 0, 0, 0), (0, 0, 0, 0, 0, 0, 0, 0, 0, 0), (0, 0, 0, 0, 0, 0, 0, 0, 0, 0), (0, 0, 0, 0, 0, 0, 0, 0, 0, 0), (0, 0, 0, 0, 0, 0, 0, 0, 0, 0), (0, 0, 0, 0, 0, 0, 0, 0, 0, 0), (0, 0, 0, 0, 0, 0, 0, 0, 0, 0), (0, 0, 0, 0, 0, 0, 0, 0, 0, 0)]}}
