==========================================
  ___  ______  ___ ______       _ 
 / _ \ | ___ \/   ||  ___|     | |
/ /_\ \| |_/ / /| || |_ ___  __| |
|  _  ||  __/ /_| ||  _/ _ \/ _` |
| | | || |  \___  || ||  __/ (_| |
\_| |_/\_|      |_/\_| \___|\__,_| v.1.5.0

==========================================
Simulation Started!
List of the Architectural Patterns enabled:
Adaptation Enabled ✅
Metric: val_f1, predictor-based: predictors/f1overtime_tree_selector_1720.pkl
Client Registry ✅
Client Selector ✅
 AP Parameters: {'selection_strategy': 'Resource-Based', 'selection_criteria': 'CPU', 'selection_value': 2}
==========================================
Client Client 8 has insufficient CPU (1). Will not participate in the next FL round.
Client Client 6 has insufficient CPU (1). Will not participate in the next FL round.
Client Client 5 has insufficient CPU (1). Will not participate in the next FL round.
Client Client 10 has insufficient CPU (1). Will not participate in the next FL round.
Client Client 9 has insufficient CPU (1). Will not participate in the next FL round.
Client Client 3 has insufficient CPU (1). Will not participate in the next FL round.
Client Client 1 participates in this round. (CPU: 2, RAM: 2)
Client Client 2 participates in this round. (CPU: 2, RAM: 2)
Client Client 4 has insufficient CPU (1). Will not participate in the next FL round.
Client Client 7 has insufficient CPU (1). Will not participate in the next FL round.
Results Aggregated in 27.01 seconds.
{'CNN 16k': {'train_loss': [2.1253644527435305], 'train_accuracy': [0.2286], 'train_f1': [0.16842363495545248], 'train_mae': [3.0174], 'val_loss': [2.1391260009765625], 'val_accuracy': [0.2175], 'val_f1': [0.15975528755455135], 'val_mae': [3.09405], 'jsd': [(0, 0, 0, 0, 0, 0, 0, 0, 0, 0)]}}
AdaptationManager: Configuring next round...
{'client_registry': {'enabled': True, 'params': {}}, 'client_selector': {'enabled': True, 'params': {'selection_strategy': 'Resource-Based', 'selection_criteria': 'CPU', 'selection_value': 2}}, 'client_cluster': {'enabled': False, 'params': {}}, 'message_compressor': {'enabled': False, 'params': {}}, 'model_co-versioning_registry': {'enabled': False, 'params': {}}, 'multi-task_model_trainer': {'enabled': False, 'params': {}}, 'heterogeneous_data_handler': {'enabled': False, 'params': {}}}
{'client_selector': {'enabled': True}, 'client_cluster': {'enabled': False}, 'message_compressor': {'enabled': False}, 'model_co-versioning_registry': {'enabled': False}, 'multi-task_model_trainer': {'enabled': False}, 'heterogeneous_data_handler': {'enabled': False}, 'client_registry': {'enabled': True, 'params': {}}}
100.0-iid clients, predicted wo:0.0057 vs w:0.0059, client_selector activated ✅
Client Client 5 has insufficient CPU (1). Will not participate in the next FL round.
Client Client 9 has insufficient CPU (1). Will not participate in the next FL round.
Client Client 8 has insufficient CPU (1). Will not participate in the next FL round.
Client Client 2 participates in this round. (CPU: 2, RAM: 2)
Client Client 10 has insufficient CPU (1). Will not participate in the next FL round.
Client Client 6 has insufficient CPU (1). Will not participate in the next FL round.
Client Client 3 has insufficient CPU (1). Will not participate in the next FL round.
Client Client 1 participates in this round. (CPU: 2, RAM: 2)
Client Client 4 has insufficient CPU (1). Will not participate in the next FL round.
Client Client 7 has insufficient CPU (1). Will not participate in the next FL round.
Results Aggregated in 28.96 seconds.
{'CNN 16k': {'train_loss': [2.1253644527435305, 1.9258411012649537], 'train_accuracy': [0.2286, 0.2991], 'train_f1': [0.16842363495545248, 0.2693232269222803], 'train_mae': [3.0174, 2.6257], 'val_loss': [2.1391260009765625, 1.932121164226532], 'val_accuracy': [0.2175, 0.2954], 'val_f1': [0.15975528755455135, 0.26666187981236805], 'val_mae': [3.09405, 2.62355], 'jsd': [(0, 0, 0, 0, 0, 0, 0, 0, 0, 0), (0, 0, 0, 0, 0, 0, 0, 0, 0, 0)]}}
AdaptationManager: Configuring next round...
{'client_registry': {'enabled': True, 'params': {}}, 'client_selector': {'enabled': True, 'params': {'selection_strategy': 'Resource-Based', 'selection_criteria': 'CPU', 'selection_value': 2}}, 'client_cluster': {'enabled': False, 'params': {}}, 'message_compressor': {'enabled': False, 'params': {}}, 'model_co-versioning_registry': {'enabled': False, 'params': {}}, 'multi-task_model_trainer': {'enabled': False, 'params': {}}, 'heterogeneous_data_handler': {'enabled': False, 'params': {}}}
{'client_selector': {'enabled': True}, 'client_cluster': {'enabled': False}, 'message_compressor': {'enabled': False}, 'model_co-versioning_registry': {'enabled': False}, 'multi-task_model_trainer': {'enabled': False}, 'heterogeneous_data_handler': {'enabled': False}, 'client_registry': {'enabled': True, 'params': {}}}
100.0-iid clients, predicted wo:0.0089 vs w:0.0089, client_selector activated ✅
Client Client 7 has insufficient CPU (1). Will not participate in the next FL round.
Client Client 3 has insufficient CPU (1). Will not participate in the next FL round.
Client Client 10 has insufficient CPU (1). Will not participate in the next FL round.
Client Client 4 has insufficient CPU (1). Will not participate in the next FL round.
Client Client 6 has insufficient CPU (1). Will not participate in the next FL round.
Client Client 2 participates in this round. (CPU: 2, RAM: 2)
Client Client 1 participates in this round. (CPU: 2, RAM: 2)
Client Client 5 has insufficient CPU (1). Will not participate in the next FL round.
Client Client 9 has insufficient CPU (1). Will not participate in the next FL round.
Client Client 8 has insufficient CPU (1). Will not participate in the next FL round.
Results Aggregated in 32.39 seconds.
{'CNN 16k': {'train_loss': [2.1253644527435305, 1.9258411012649537, 1.815656318028768], 'train_accuracy': [0.2286, 0.2991, 0.3399333333333333], 'train_f1': [0.16842363495545248, 0.2693232269222803, 0.31991431784391516], 'train_mae': [3.0174, 2.6257, 2.5152], 'val_loss': [2.1391260009765625, 1.932121164226532, 1.8355497463226318], 'val_accuracy': [0.2175, 0.2954, 0.3375], 'val_f1': [0.15975528755455135, 0.26666187981236805, 0.3167802154488249], 'val_mae': [3.09405, 2.62355, 2.5148], 'jsd': [(0, 0, 0, 0, 0, 0, 0, 0, 0, 0), (0, 0, 0, 0, 0, 0, 0, 0, 0, 0), (0, 0, 0, 0, 0, 0, 0, 0, 0, 0)]}}
AdaptationManager: Configuring next round...
{'client_registry': {'enabled': True, 'params': {}}, 'client_selector': {'enabled': True, 'params': {'selection_strategy': 'Resource-Based', 'selection_criteria': 'CPU', 'selection_value': 2}}, 'client_cluster': {'enabled': False, 'params': {}}, 'message_compressor': {'enabled': False, 'params': {}}, 'model_co-versioning_registry': {'enabled': False, 'params': {}}, 'multi-task_model_trainer': {'enabled': False, 'params': {}}, 'heterogeneous_data_handler': {'enabled': False, 'params': {}}}
{'client_selector': {'enabled': True}, 'client_cluster': {'enabled': False}, 'message_compressor': {'enabled': False}, 'model_co-versioning_registry': {'enabled': False}, 'multi-task_model_trainer': {'enabled': False}, 'heterogeneous_data_handler': {'enabled': False}, 'client_registry': {'enabled': True, 'params': {}}}
100.0-iid clients, predicted wo:0.0090 vs w:0.0093, client_selector activated ✅
Client Client 7 has insufficient CPU (1). Will not participate in the next FL round.
Client Client 1 participates in this round. (CPU: 2, RAM: 2)
Client Client 6 has insufficient CPU (1). Will not participate in the next FL round.
Client Client 8 has insufficient CPU (1). Will not participate in the next FL round.
Client Client 9 has insufficient CPU (1). Will not participate in the next FL round.
Client Client 4 has insufficient CPU (1). Will not participate in the next FL round.
Client Client 5 has insufficient CPU (1). Will not participate in the next FL round.
Client Client 10 has insufficient CPU (1). Will not participate in the next FL round.
Client Client 3 has insufficient CPU (1). Will not participate in the next FL round.
Client Client 2 participates in this round. (CPU: 2, RAM: 2)
Results Aggregated in 38.48 seconds.
{'CNN 16k': {'train_loss': [2.1253644527435305, 1.9258411012649537, 1.815656318028768, 1.6994749947547914], 'train_accuracy': [0.2286, 0.2991, 0.3399333333333333, 0.38265], 'train_f1': [0.16842363495545248, 0.2693232269222803, 0.31991431784391516, 0.3648072732309388], 'train_mae': [3.0174, 2.6257, 2.5152, 2.28285], 'val_loss': [2.1391260009765625, 1.932121164226532, 1.8355497463226318, 1.7163400268554687], 'val_accuracy': [0.2175, 0.2954, 0.3375, 0.3807], 'val_f1': [0.15975528755455135, 0.26666187981236805, 0.3167802154488249, 0.362903371965073], 'val_mae': [3.09405, 2.62355, 2.5148, 2.2852], 'jsd': [(0, 0, 0, 0, 0, 0, 0, 0, 0, 0), (0, 0, 0, 0, 0, 0, 0, 0, 0, 0), (0, 0, 0, 0, 0, 0, 0, 0, 0, 0), (0, 0, 0, 0, 0, 0, 0, 0, 0, 0)]}}
AdaptationManager: Configuring next round...
{'client_registry': {'enabled': True, 'params': {}}, 'client_selector': {'enabled': True, 'params': {'selection_strategy': 'Resource-Based', 'selection_criteria': 'CPU', 'selection_value': 2}}, 'client_cluster': {'enabled': False, 'params': {}}, 'message_compressor': {'enabled': False, 'params': {}}, 'model_co-versioning_registry': {'enabled': False, 'params': {}}, 'multi-task_model_trainer': {'enabled': False, 'params': {}}, 'heterogeneous_data_handler': {'enabled': False, 'params': {}}}
{'client_selector': {'enabled': True}, 'client_cluster': {'enabled': False}, 'message_compressor': {'enabled': False}, 'model_co-versioning_registry': {'enabled': False}, 'multi-task_model_trainer': {'enabled': False}, 'heterogeneous_data_handler': {'enabled': False}, 'client_registry': {'enabled': True, 'params': {}}}
100.0-iid clients, predicted wo:0.0092 vs w:0.0092, client_selector activated ✅
Client Client 1 participates in this round. (CPU: 2, RAM: 2)
Client Client 4 has insufficient CPU (1). Will not participate in the next FL round.
Client Client 3 has insufficient CPU (1). Will not participate in the next FL round.
Client Client 9 has insufficient CPU (1). Will not participate in the next FL round.
Client Client 2 participates in this round. (CPU: 2, RAM: 2)
Client Client 10 has insufficient CPU (1). Will not participate in the next FL round.
Client Client 7 has insufficient CPU (1). Will not participate in the next FL round.
Client Client 6 has insufficient CPU (1). Will not participate in the next FL round.
Client Client 8 has insufficient CPU (1). Will not participate in the next FL round.
Client Client 5 has insufficient CPU (1). Will not participate in the next FL round.
Results Aggregated in 39.97 seconds.
{'CNN 16k': {'train_loss': [2.1253644527435305, 1.9258411012649537, 1.815656318028768, 1.6994749947547914, 1.6344871503829956], 'train_accuracy': [0.2286, 0.2991, 0.3399333333333333, 0.38265, 0.40368], 'train_f1': [0.16842363495545248, 0.2693232269222803, 0.31991431784391516, 0.3648072732309388, 0.39630649698974957], 'train_mae': [3.0174, 2.6257, 2.5152, 2.28285, 2.19308], 'val_loss': [2.1391260009765625, 1.932121164226532, 1.8355497463226318, 1.7163400268554687, 1.6567523439407348], 'val_accuracy': [0.2175, 0.2954, 0.3375, 0.3807, 0.3947], 'val_f1': [0.15975528755455135, 0.26666187981236805, 0.3167802154488249, 0.362903371965073, 0.3864956241451317], 'val_mae': [3.09405, 2.62355, 2.5148, 2.2852, 2.22005], 'jsd': [(0, 0, 0, 0, 0, 0, 0, 0, 0, 0), (0, 0, 0, 0, 0, 0, 0, 0, 0, 0), (0, 0, 0, 0, 0, 0, 0, 0, 0, 0), (0, 0, 0, 0, 0, 0, 0, 0, 0, 0), (0, 0, 0, 0, 0, 0, 0, 0, 0, 0)]}}
AdaptationManager: Configuring next round...
{'client_registry': {'enabled': True, 'params': {}}, 'client_selector': {'enabled': True, 'params': {'selection_strategy': 'Resource-Based', 'selection_criteria': 'CPU', 'selection_value': 2}}, 'client_cluster': {'enabled': False, 'params': {}}, 'message_compressor': {'enabled': False, 'params': {}}, 'model_co-versioning_registry': {'enabled': False, 'params': {}}, 'multi-task_model_trainer': {'enabled': False, 'params': {}}, 'heterogeneous_data_handler': {'enabled': False, 'params': {}}}
{'client_selector': {'enabled': True}, 'client_cluster': {'enabled': False}, 'message_compressor': {'enabled': False}, 'model_co-versioning_registry': {'enabled': False}, 'multi-task_model_trainer': {'enabled': False}, 'heterogeneous_data_handler': {'enabled': False}, 'client_registry': {'enabled': True, 'params': {}}}
100.0-iid clients, predicted wo:0.0090 vs w:0.0093, client_selector activated ✅
Client Client 8 has insufficient CPU (1). Will not participate in the next FL round.
Client Client 7 has insufficient CPU (1). Will not participate in the next FL round.
Client Client 6 has insufficient CPU (1). Will not participate in the next FL round.
Client Client 9 has insufficient CPU (1). Will not participate in the next FL round.
Client Client 5 has insufficient CPU (1). Will not participate in the next FL round.
Client Client 1 participates in this round. (CPU: 2, RAM: 2)
Client Client 10 has insufficient CPU (1). Will not participate in the next FL round.
Client Client 3 has insufficient CPU (1). Will not participate in the next FL round.
Client Client 2 participates in this round. (CPU: 2, RAM: 2)
Client Client 4 has insufficient CPU (1). Will not participate in the next FL round.
Results Aggregated in 43.09 seconds.
{'CNN 16k': {'train_loss': [2.1253644527435305, 1.9258411012649537, 1.815656318028768, 1.6994749947547914, 1.6344871503829956, 1.5515561641375224], 'train_accuracy': [0.2286, 0.2991, 0.3399333333333333, 0.38265, 0.40368, 0.43393333333333334], 'train_f1': [0.16842363495545248, 0.2693232269222803, 0.31991431784391516, 0.3648072732309388, 0.39630649698974957, 0.42317705135253647], 'train_mae': [3.0174, 2.6257, 2.5152, 2.28285, 2.19308, 2.112], 'val_loss': [2.1391260009765625, 1.932121164226532, 1.8355497463226318, 1.7163400268554687, 1.6567523439407348, 1.579114040184021], 'val_accuracy': [0.2175, 0.2954, 0.3375, 0.3807, 0.3947, 0.4238], 'val_f1': [0.15975528755455135, 0.26666187981236805, 0.3167802154488249, 0.362903371965073, 0.3864956241451317, 0.4124846559058334], 'val_mae': [3.09405, 2.62355, 2.5148, 2.2852, 2.22005, 2.14005], 'jsd': [(0, 0, 0, 0, 0, 0, 0, 0, 0, 0), (0, 0, 0, 0, 0, 0, 0, 0, 0, 0), (0, 0, 0, 0, 0, 0, 0, 0, 0, 0), (0, 0, 0, 0, 0, 0, 0, 0, 0, 0), (0, 0, 0, 0, 0, 0, 0, 0, 0, 0), (0, 0, 0, 0, 0, 0, 0, 0, 0, 0)]}}
AdaptationManager: Configuring next round...
{'client_registry': {'enabled': True, 'params': {}}, 'client_selector': {'enabled': True, 'params': {'selection_strategy': 'Resource-Based', 'selection_criteria': 'CPU', 'selection_value': 2}}, 'client_cluster': {'enabled': False, 'params': {}}, 'message_compressor': {'enabled': False, 'params': {}}, 'model_co-versioning_registry': {'enabled': False, 'params': {}}, 'multi-task_model_trainer': {'enabled': False, 'params': {}}, 'heterogeneous_data_handler': {'enabled': False, 'params': {}}}
{'client_selector': {'enabled': True}, 'client_cluster': {'enabled': False}, 'message_compressor': {'enabled': False}, 'model_co-versioning_registry': {'enabled': False}, 'multi-task_model_trainer': {'enabled': False}, 'heterogeneous_data_handler': {'enabled': False}, 'client_registry': {'enabled': True, 'params': {}}}
100.0-iid clients, predicted wo:0.0090 vs w:0.0093, client_selector activated ✅
Client Client 6 has insufficient CPU (1). Will not participate in the next FL round.
Client Client 10 has insufficient CPU (1). Will not participate in the next FL round.
Client Client 2 participates in this round. (CPU: 2, RAM: 2)
Client Client 9 has insufficient CPU (1). Will not participate in the next FL round.
Client Client 4 has insufficient CPU (1). Will not participate in the next FL round.
Client Client 3 has insufficient CPU (1). Will not participate in the next FL round.
Client Client 7 has insufficient CPU (1). Will not participate in the next FL round.
Client Client 8 has insufficient CPU (1). Will not participate in the next FL round.
Client Client 1 participates in this round. (CPU: 2, RAM: 2)
Client Client 5 has insufficient CPU (1). Will not participate in the next FL round.
Results Aggregated in 47.05 seconds.
{'CNN 16k': {'train_loss': [2.1253644527435305, 1.9258411012649537, 1.815656318028768, 1.6994749947547914, 1.6344871503829956, 1.5515561641375224, 1.5214350971494401], 'train_accuracy': [0.2286, 0.2991, 0.3399333333333333, 0.38265, 0.40368, 0.43393333333333334, 0.4432285714285714], 'train_f1': [0.16842363495545248, 0.2693232269222803, 0.31991431784391516, 0.3648072732309388, 0.39630649698974957, 0.42317705135253647, 0.43177708513005925], 'train_mae': [3.0174, 2.6257, 2.5152, 2.28285, 2.19308, 2.112, 2.1446285714285716], 'val_loss': [2.1391260009765625, 1.932121164226532, 1.8355497463226318, 1.7163400268554687, 1.6567523439407348, 1.579114040184021, 1.5525693759918213], 'val_accuracy': [0.2175, 0.2954, 0.3375, 0.3807, 0.3947, 0.4238, 0.42725], 'val_f1': [0.15975528755455135, 0.26666187981236805, 0.3167802154488249, 0.362903371965073, 0.3864956241451317, 0.4124846559058334, 0.4163299753584295], 'val_mae': [3.09405, 2.62355, 2.5148, 2.2852, 2.22005, 2.14005, 2.2088], 'jsd': [(0, 0, 0, 0, 0, 0, 0, 0, 0, 0), (0, 0, 0, 0, 0, 0, 0, 0, 0, 0), (0, 0, 0, 0, 0, 0, 0, 0, 0, 0), (0, 0, 0, 0, 0, 0, 0, 0, 0, 0), (0, 0, 0, 0, 0, 0, 0, 0, 0, 0), (0, 0, 0, 0, 0, 0, 0, 0, 0, 0), (0, 0, 0, 0, 0, 0, 0, 0, 0, 0)]}}
AdaptationManager: Configuring next round...
{'client_registry': {'enabled': True, 'params': {}}, 'client_selector': {'enabled': True, 'params': {'selection_strategy': 'Resource-Based', 'selection_criteria': 'CPU', 'selection_value': 2}}, 'client_cluster': {'enabled': False, 'params': {}}, 'message_compressor': {'enabled': False, 'params': {}}, 'model_co-versioning_registry': {'enabled': False, 'params': {}}, 'multi-task_model_trainer': {'enabled': False, 'params': {}}, 'heterogeneous_data_handler': {'enabled': False, 'params': {}}}
{'client_selector': {'enabled': True}, 'client_cluster': {'enabled': False}, 'message_compressor': {'enabled': False}, 'model_co-versioning_registry': {'enabled': False}, 'multi-task_model_trainer': {'enabled': False}, 'heterogeneous_data_handler': {'enabled': False}, 'client_registry': {'enabled': True, 'params': {}}}
100.0-iid clients, predicted wo:0.0084 vs w:0.0084, client_selector activated ✅
Client Client 10 has insufficient CPU (1). Will not participate in the next FL round.
Client Client 6 has insufficient CPU (1). Will not participate in the next FL round.
Client Client 4 has insufficient CPU (1). Will not participate in the next FL round.
Client Client 8 has insufficient CPU (1). Will not participate in the next FL round.
Client Client 9 has insufficient CPU (1). Will not participate in the next FL round.
Client Client 5 has insufficient CPU (1). Will not participate in the next FL round.
Client Client 1 participates in this round. (CPU: 2, RAM: 2)
Client Client 3 has insufficient CPU (1). Will not participate in the next FL round.
Client Client 7 has insufficient CPU (1). Will not participate in the next FL round.
Client Client 2 participates in this round. (CPU: 2, RAM: 2)
Results Aggregated in 53.81 seconds.
{'CNN 16k': {'train_loss': [2.1253644527435305, 1.9258411012649537, 1.815656318028768, 1.6994749947547914, 1.6344871503829956, 1.5515561641375224, 1.5214350971494401, 1.4671638021469116], 'train_accuracy': [0.2286, 0.2991, 0.3399333333333333, 0.38265, 0.40368, 0.43393333333333334, 0.4432285714285714, 0.4669], 'train_f1': [0.16842363495545248, 0.2693232269222803, 0.31991431784391516, 0.3648072732309388, 0.39630649698974957, 0.42317705135253647, 0.43177708513005925, 0.4617735536689714], 'train_mae': [3.0174, 2.6257, 2.5152, 2.28285, 2.19308, 2.112, 2.1446285714285716, 2.0008], 'val_loss': [2.1391260009765625, 1.932121164226532, 1.8355497463226318, 1.7163400268554687, 1.6567523439407348, 1.579114040184021, 1.5525693759918213, 1.4985509965896606], 'val_accuracy': [0.2175, 0.2954, 0.3375, 0.3807, 0.3947, 0.4238, 0.42725, 0.45175], 'val_f1': [0.15975528755455135, 0.26666187981236805, 0.3167802154488249, 0.362903371965073, 0.3864956241451317, 0.4124846559058334, 0.4163299753584295, 0.44634226668423616], 'val_mae': [3.09405, 2.62355, 2.5148, 2.2852, 2.22005, 2.14005, 2.2088, 2.0395], 'jsd': [(0, 0, 0, 0, 0, 0, 0, 0, 0, 0), (0, 0, 0, 0, 0, 0, 0, 0, 0, 0), (0, 0, 0, 0, 0, 0, 0, 0, 0, 0), (0, 0, 0, 0, 0, 0, 0, 0, 0, 0), (0, 0, 0, 0, 0, 0, 0, 0, 0, 0), (0, 0, 0, 0, 0, 0, 0, 0, 0, 0), (0, 0, 0, 0, 0, 0, 0, 0, 0, 0), (0, 0, 0, 0, 0, 0, 0, 0, 0, 0)]}}
AdaptationManager: Configuring next round...
{'client_registry': {'enabled': True, 'params': {}}, 'client_selector': {'enabled': True, 'params': {'selection_strategy': 'Resource-Based', 'selection_criteria': 'CPU', 'selection_value': 2}}, 'client_cluster': {'enabled': False, 'params': {}}, 'message_compressor': {'enabled': False, 'params': {}}, 'model_co-versioning_registry': {'enabled': False, 'params': {}}, 'multi-task_model_trainer': {'enabled': False, 'params': {}}, 'heterogeneous_data_handler': {'enabled': False, 'params': {}}}
{'client_selector': {'enabled': True}, 'client_cluster': {'enabled': False}, 'message_compressor': {'enabled': False}, 'model_co-versioning_registry': {'enabled': False}, 'multi-task_model_trainer': {'enabled': False}, 'heterogeneous_data_handler': {'enabled': False}, 'client_registry': {'enabled': True, 'params': {}}}
100.0-iid clients, predicted wo:0.0080 vs w:0.0080, client_selector activated ✅
Client Client 3 has insufficient CPU (1). Will not participate in the next FL round.
Client Client 6 has insufficient CPU (1). Will not participate in the next FL round.
Client Client 8 has insufficient CPU (1). Will not participate in the next FL round.
Client Client 4 has insufficient CPU (1). Will not participate in the next FL round.
Client Client 5 has insufficient CPU (1). Will not participate in the next FL round.
Client Client 9 has insufficient CPU (1). Will not participate in the next FL round.
Client Client 10 has insufficient CPU (1). Will not participate in the next FL round.
Client Client 7 has insufficient CPU (1). Will not participate in the next FL round.
Client Client 1 participates in this round. (CPU: 2, RAM: 2)
Client Client 2 participates in this round. (CPU: 2, RAM: 2)
Results Aggregated in 57.11 seconds.
{'CNN 16k': {'train_loss': [2.1253644527435305, 1.9258411012649537, 1.815656318028768, 1.6994749947547914, 1.6344871503829956, 1.5515561641375224, 1.5214350971494401, 1.4671638021469116, 1.4413366174379985], 'train_accuracy': [0.2286, 0.2991, 0.3399333333333333, 0.38265, 0.40368, 0.43393333333333334, 0.4432285714285714, 0.4669, 0.4789333333333333], 'train_f1': [0.16842363495545248, 0.2693232269222803, 0.31991431784391516, 0.3648072732309388, 0.39630649698974957, 0.42317705135253647, 0.43177708513005925, 0.4617735536689714, 0.47104183145733414], 'train_mae': [3.0174, 2.6257, 2.5152, 2.28285, 2.19308, 2.112, 2.1446285714285716, 2.0008, 1.9658444444444445], 'val_loss': [2.1391260009765625, 1.932121164226532, 1.8355497463226318, 1.7163400268554687, 1.6567523439407348, 1.579114040184021, 1.5525693759918213, 1.4985509965896606, 1.4788953887939453], 'val_accuracy': [0.2175, 0.2954, 0.3375, 0.3807, 0.3947, 0.4238, 0.42725, 0.45175, 0.4627], 'val_f1': [0.15975528755455135, 0.26666187981236805, 0.3167802154488249, 0.362903371965073, 0.3864956241451317, 0.4124846559058334, 0.4163299753584295, 0.44634226668423616, 0.45373159614099334], 'val_mae': [3.09405, 2.62355, 2.5148, 2.2852, 2.22005, 2.14005, 2.2088, 2.0395, 2.0186], 'jsd': [(0, 0, 0, 0, 0, 0, 0, 0, 0, 0), (0, 0, 0, 0, 0, 0, 0, 0, 0, 0), (0, 0, 0, 0, 0, 0, 0, 0, 0, 0), (0, 0, 0, 0, 0, 0, 0, 0, 0, 0), (0, 0, 0, 0, 0, 0, 0, 0, 0, 0), (0, 0, 0, 0, 0, 0, 0, 0, 0, 0), (0, 0, 0, 0, 0, 0, 0, 0, 0, 0), (0, 0, 0, 0, 0, 0, 0, 0, 0, 0), (0, 0, 0, 0, 0, 0, 0, 0, 0, 0)]}}
AdaptationManager: Configuring next round...
{'client_registry': {'enabled': True, 'params': {}}, 'client_selector': {'enabled': True, 'params': {'selection_strategy': 'Resource-Based', 'selection_criteria': 'CPU', 'selection_value': 2}}, 'client_cluster': {'enabled': False, 'params': {}}, 'message_compressor': {'enabled': False, 'params': {}}, 'model_co-versioning_registry': {'enabled': False, 'params': {}}, 'multi-task_model_trainer': {'enabled': False, 'params': {}}, 'heterogeneous_data_handler': {'enabled': False, 'params': {}}}
{'client_selector': {'enabled': True}, 'client_cluster': {'enabled': False}, 'message_compressor': {'enabled': False}, 'model_co-versioning_registry': {'enabled': False}, 'multi-task_model_trainer': {'enabled': False}, 'heterogeneous_data_handler': {'enabled': False}, 'client_registry': {'enabled': True, 'params': {}}}
100.0-iid clients, predicted wo:0.0077 vs w:0.0077, client_selector activated ✅
Client Client 6 has insufficient CPU (1). Will not participate in the next FL round.
Client Client 9 has insufficient CPU (1). Will not participate in the next FL round.
Client Client 2 participates in this round. (CPU: 2, RAM: 2)
Client Client 4 has insufficient CPU (1). Will not participate in the next FL round.
Client Client 10 has insufficient CPU (1). Will not participate in the next FL round.
Client Client 3 has insufficient CPU (1). Will not participate in the next FL round.
Client Client 5 has insufficient CPU (1). Will not participate in the next FL round.
Client Client 7 has insufficient CPU (1). Will not participate in the next FL round.
Client Client 8 has insufficient CPU (1). Will not participate in the next FL round.
Client Client 1 participates in this round. (CPU: 2, RAM: 2)
Results Aggregated in 58.70 seconds.
{'CNN 16k': {'train_loss': [2.1253644527435305, 1.9258411012649537, 1.815656318028768, 1.6994749947547914, 1.6344871503829956, 1.5515561641375224, 1.5214350971494401, 1.4671638021469116, 1.4413366174379985, 1.389468771018982], 'train_accuracy': [0.2286, 0.2991, 0.3399333333333333, 0.38265, 0.40368, 0.43393333333333334, 0.4432285714285714, 0.4669, 0.4789333333333333, 0.4952], 'train_f1': [0.16842363495545248, 0.2693232269222803, 0.31991431784391516, 0.3648072732309388, 0.39630649698974957, 0.42317705135253647, 0.43177708513005925, 0.4617735536689714, 0.47104183145733414, 0.48707009023426734], 'train_mae': [3.0174, 2.6257, 2.5152, 2.28285, 2.19308, 2.112, 2.1446285714285716, 2.0008, 1.9658444444444445, 1.8779], 'val_loss': [2.1391260009765625, 1.932121164226532, 1.8355497463226318, 1.7163400268554687, 1.6567523439407348, 1.579114040184021, 1.5525693759918213, 1.4985509965896606, 1.4788953887939453, 1.439379500579834], 'val_accuracy': [0.2175, 0.2954, 0.3375, 0.3807, 0.3947, 0.4238, 0.42725, 0.45175, 0.4627, 0.4758], 'val_f1': [0.15975528755455135, 0.26666187981236805, 0.3167802154488249, 0.362903371965073, 0.3864956241451317, 0.4124846559058334, 0.4163299753584295, 0.44634226668423616, 0.45373159614099334, 0.4665149466222754], 'val_mae': [3.09405, 2.62355, 2.5148, 2.2852, 2.22005, 2.14005, 2.2088, 2.0395, 2.0186, 1.94755], 'jsd': [(0, 0, 0, 0, 0, 0, 0, 0, 0, 0), (0, 0, 0, 0, 0, 0, 0, 0, 0, 0), (0, 0, 0, 0, 0, 0, 0, 0, 0, 0), (0, 0, 0, 0, 0, 0, 0, 0, 0, 0), (0, 0, 0, 0, 0, 0, 0, 0, 0, 0), (0, 0, 0, 0, 0, 0, 0, 0, 0, 0), (0, 0, 0, 0, 0, 0, 0, 0, 0, 0), (0, 0, 0, 0, 0, 0, 0, 0, 0, 0), (0, 0, 0, 0, 0, 0, 0, 0, 0, 0), (0, 0, 0, 0, 0, 0, 0, 0, 0, 0)]}}
AdaptationManager: Configuring next round...
{'client_registry': {'enabled': True, 'params': {}}, 'client_selector': {'enabled': True, 'params': {'selection_strategy': 'Resource-Based', 'selection_criteria': 'CPU', 'selection_value': 2}}, 'client_cluster': {'enabled': False, 'params': {}}, 'message_compressor': {'enabled': False, 'params': {}}, 'model_co-versioning_registry': {'enabled': False, 'params': {}}, 'multi-task_model_trainer': {'enabled': False, 'params': {}}, 'heterogeneous_data_handler': {'enabled': False, 'params': {}}}
{'client_selector': {'enabled': True}, 'client_cluster': {'enabled': False}, 'message_compressor': {'enabled': False}, 'model_co-versioning_registry': {'enabled': False}, 'multi-task_model_trainer': {'enabled': False}, 'heterogeneous_data_handler': {'enabled': False}, 'client_registry': {'enabled': True, 'params': {}}}
100.0-iid clients, predicted wo:0.0077 vs w:0.0077, client_selector activated ✅
Client Client 8 has insufficient CPU (1). Will not participate in the next FL round.
Client Client 6 has insufficient CPU (1). Will not participate in the next FL round.
Client Client 4 has insufficient CPU (1). Will not participate in the next FL round.
Client Client 3 has insufficient CPU (1). Will not participate in the next FL round.
Client Client 5 has insufficient CPU (1). Will not participate in the next FL round.
Client Client 7 has insufficient CPU (1). Will not participate in the next FL round.
Client Client 2 participates in this round. (CPU: 2, RAM: 2)
Client Client 10 has insufficient CPU (1). Will not participate in the next FL round.
Client Client 9 has insufficient CPU (1). Will not participate in the next FL round.
Client Client 1 participates in this round. (CPU: 2, RAM: 2)
Results Aggregated in 64.37 seconds.
{'CNN 16k': {'train_loss': [2.1253644527435305, 1.9258411012649537, 1.815656318028768, 1.6994749947547914, 1.6344871503829956, 1.5515561641375224, 1.5214350971494401, 1.4671638021469116, 1.4413366174379985, 1.389468771018982, 1.3565812673742121], 'train_accuracy': [0.2286, 0.2991, 0.3399333333333333, 0.38265, 0.40368, 0.43393333333333334, 0.4432285714285714, 0.4669, 0.4789333333333333, 0.4952, 0.5094181818181818], 'train_f1': [0.16842363495545248, 0.2693232269222803, 0.31991431784391516, 0.3648072732309388, 0.39630649698974957, 0.42317705135253647, 0.43177708513005925, 0.4617735536689714, 0.47104183145733414, 0.48707009023426734, 0.5073855688521434], 'train_mae': [3.0174, 2.6257, 2.5152, 2.28285, 2.19308, 2.112, 2.1446285714285716, 2.0008, 1.9658444444444445, 1.8779, 1.8045636363636364], 'val_loss': [2.1391260009765625, 1.932121164226532, 1.8355497463226318, 1.7163400268554687, 1.6567523439407348, 1.579114040184021, 1.5525693759918213, 1.4985509965896606, 1.4788953887939453, 1.439379500579834, 1.4120108797073365], 'val_accuracy': [0.2175, 0.2954, 0.3375, 0.3807, 0.3947, 0.4238, 0.42725, 0.45175, 0.4627, 0.4758, 0.4871], 'val_f1': [0.15975528755455135, 0.26666187981236805, 0.3167802154488249, 0.362903371965073, 0.3864956241451317, 0.4124846559058334, 0.4163299753584295, 0.44634226668423616, 0.45373159614099334, 0.4665149466222754, 0.484160466139863], 'val_mae': [3.09405, 2.62355, 2.5148, 2.2852, 2.22005, 2.14005, 2.2088, 2.0395, 2.0186, 1.94755, 1.9019], 'jsd': [(0, 0, 0, 0, 0, 0, 0, 0, 0, 0), (0, 0, 0, 0, 0, 0, 0, 0, 0, 0), (0, 0, 0, 0, 0, 0, 0, 0, 0, 0), (0, 0, 0, 0, 0, 0, 0, 0, 0, 0), (0, 0, 0, 0, 0, 0, 0, 0, 0, 0), (0, 0, 0, 0, 0, 0, 0, 0, 0, 0), (0, 0, 0, 0, 0, 0, 0, 0, 0, 0), (0, 0, 0, 0, 0, 0, 0, 0, 0, 0), (0, 0, 0, 0, 0, 0, 0, 0, 0, 0), (0, 0, 0, 0, 0, 0, 0, 0, 0, 0), (0, 0, 0, 0, 0, 0, 0, 0, 0, 0)]}}
AdaptationManager: Configuring next round...
{'client_registry': {'enabled': True, 'params': {}}, 'client_selector': {'enabled': True, 'params': {'selection_strategy': 'Resource-Based', 'selection_criteria': 'CPU', 'selection_value': 2}}, 'client_cluster': {'enabled': False, 'params': {}}, 'message_compressor': {'enabled': False, 'params': {}}, 'model_co-versioning_registry': {'enabled': False, 'params': {}}, 'multi-task_model_trainer': {'enabled': False, 'params': {}}, 'heterogeneous_data_handler': {'enabled': False, 'params': {}}}
{'client_selector': {'enabled': True}, 'client_cluster': {'enabled': False}, 'message_compressor': {'enabled': False}, 'model_co-versioning_registry': {'enabled': False}, 'multi-task_model_trainer': {'enabled': False}, 'heterogeneous_data_handler': {'enabled': False}, 'client_registry': {'enabled': True, 'params': {}}}
100.0-iid clients, predicted wo:0.0088 vs w:0.0088, client_selector activated ✅
Client Client 8 has insufficient CPU (1). Will not participate in the next FL round.
Client Client 7 has insufficient CPU (1). Will not participate in the next FL round.
Client Client 4 has insufficient CPU (1). Will not participate in the next FL round.
Client Client 5 has insufficient CPU (1). Will not participate in the next FL round.
Client Client 6 has insufficient CPU (1). Will not participate in the next FL round.
Client Client 9 has insufficient CPU (1). Will not participate in the next FL round.
Client Client 2 participates in this round. (CPU: 2, RAM: 2)
Client Client 10 has insufficient CPU (1). Will not participate in the next FL round.
Client Client 1 participates in this round. (CPU: 2, RAM: 2)
Client Client 3 has insufficient CPU (1). Will not participate in the next FL round.
Results Aggregated in 69.55 seconds.
{'CNN 16k': {'train_loss': [2.1253644527435305, 1.9258411012649537, 1.815656318028768, 1.6994749947547914, 1.6344871503829956, 1.5515561641375224, 1.5214350971494401, 1.4671638021469116, 1.4413366174379985, 1.389468771018982, 1.3565812673742121, 1.3209767049153647], 'train_accuracy': [0.2286, 0.2991, 0.3399333333333333, 0.38265, 0.40368, 0.43393333333333334, 0.4432285714285714, 0.4669, 0.4789333333333333, 0.4952, 0.5094181818181818, 0.5203333333333333], 'train_f1': [0.16842363495545248, 0.2693232269222803, 0.31991431784391516, 0.3648072732309388, 0.39630649698974957, 0.42317705135253647, 0.43177708513005925, 0.4617735536689714, 0.47104183145733414, 0.48707009023426734, 0.5073855688521434, 0.5127380278144061], 'train_mae': [3.0174, 2.6257, 2.5152, 2.28285, 2.19308, 2.112, 2.1446285714285716, 2.0008, 1.9658444444444445, 1.8779, 1.8045636363636364, 1.76565], 'val_loss': [2.1391260009765625, 1.932121164226532, 1.8355497463226318, 1.7163400268554687, 1.6567523439407348, 1.579114040184021, 1.5525693759918213, 1.4985509965896606, 1.4788953887939453, 1.439379500579834, 1.4120108797073365, 1.3785174780845642], 'val_accuracy': [0.2175, 0.2954, 0.3375, 0.3807, 0.3947, 0.4238, 0.42725, 0.45175, 0.4627, 0.4758, 0.4871, 0.4997], 'val_f1': [0.15975528755455135, 0.26666187981236805, 0.3167802154488249, 0.362903371965073, 0.3864956241451317, 0.4124846559058334, 0.4163299753584295, 0.44634226668423616, 0.45373159614099334, 0.4665149466222754, 0.484160466139863, 0.4907040544689016], 'val_mae': [3.09405, 2.62355, 2.5148, 2.2852, 2.22005, 2.14005, 2.2088, 2.0395, 2.0186, 1.94755, 1.9019, 1.844], 'jsd': [(0, 0, 0, 0, 0, 0, 0, 0, 0, 0), (0, 0, 0, 0, 0, 0, 0, 0, 0, 0), (0, 0, 0, 0, 0, 0, 0, 0, 0, 0), (0, 0, 0, 0, 0, 0, 0, 0, 0, 0), (0, 0, 0, 0, 0, 0, 0, 0, 0, 0), (0, 0, 0, 0, 0, 0, 0, 0, 0, 0), (0, 0, 0, 0, 0, 0, 0, 0, 0, 0), (0, 0, 0, 0, 0, 0, 0, 0, 0, 0), (0, 0, 0, 0, 0, 0, 0, 0, 0, 0), (0, 0, 0, 0, 0, 0, 0, 0, 0, 0), (0, 0, 0, 0, 0, 0, 0, 0, 0, 0), (0, 0, 0, 0, 0, 0, 0, 0, 0, 0)]}}
AdaptationManager: Configuring next round...
{'client_registry': {'enabled': True, 'params': {}}, 'client_selector': {'enabled': True, 'params': {'selection_strategy': 'Resource-Based', 'selection_criteria': 'CPU', 'selection_value': 2}}, 'client_cluster': {'enabled': False, 'params': {}}, 'message_compressor': {'enabled': False, 'params': {}}, 'model_co-versioning_registry': {'enabled': False, 'params': {}}, 'multi-task_model_trainer': {'enabled': False, 'params': {}}, 'heterogeneous_data_handler': {'enabled': False, 'params': {}}}
{'client_selector': {'enabled': True}, 'client_cluster': {'enabled': False}, 'message_compressor': {'enabled': False}, 'model_co-versioning_registry': {'enabled': False}, 'multi-task_model_trainer': {'enabled': False}, 'heterogeneous_data_handler': {'enabled': False}, 'client_registry': {'enabled': True, 'params': {}}}
100.0-iid clients, predicted wo:0.0070 vs w:0.0067, client_selector de-activated ❌
Results Aggregated in 71.43 seconds.
{'CNN 16k': {'train_loss': [2.1253644527435305, 1.9258411012649537, 1.815656318028768, 1.6994749947547914, 1.6344871503829956, 1.5515561641375224, 1.5214350971494401, 1.4671638021469116, 1.4413366174379985, 1.389468771018982, 1.3565812673742121, 1.3209767049153647, 1.2997506514647428], 'train_accuracy': [0.2286, 0.2991, 0.3399333333333333, 0.38265, 0.40368, 0.43393333333333334, 0.4432285714285714, 0.4669, 0.4789333333333333, 0.4952, 0.5094181818181818, 0.5203333333333333, 0.5319294117647059], 'train_f1': [0.16842363495545248, 0.2693232269222803, 0.31991431784391516, 0.3648072732309388, 0.39630649698974957, 0.42317705135253647, 0.43177708513005925, 0.4617735536689714, 0.47104183145733414, 0.48707009023426734, 0.5073855688521434, 0.5127380278144061, 0.5281185367938601], 'train_mae': [3.0174, 2.6257, 2.5152, 2.28285, 2.19308, 2.112, 2.1446285714285716, 2.0008, 1.9658444444444445, 1.8779, 1.8045636363636364, 1.76565, 1.7324117647058823], 'val_loss': [2.1391260009765625, 1.932121164226532, 1.8355497463226318, 1.7163400268554687, 1.6567523439407348, 1.579114040184021, 1.5525693759918213, 1.4985509965896606, 1.4788953887939453, 1.439379500579834, 1.4120108797073365, 1.3785174780845642, 1.3802460313628702], 'val_accuracy': [0.2175, 0.2954, 0.3375, 0.3807, 0.3947, 0.4238, 0.42725, 0.45175, 0.4627, 0.4758, 0.4871, 0.4997, 0.5041529411764706], 'val_f1': [0.15975528755455135, 0.26666187981236805, 0.3167802154488249, 0.362903371965073, 0.3864956241451317, 0.4124846559058334, 0.4163299753584295, 0.44634226668423616, 0.45373159614099334, 0.4665149466222754, 0.484160466139863, 0.4907040544689016, 0.49940337322368783], 'val_mae': [3.09405, 2.62355, 2.5148, 2.2852, 2.22005, 2.14005, 2.2088, 2.0395, 2.0186, 1.94755, 1.9019, 1.844, 1.8314970588235293], 'jsd': [(0, 0, 0, 0, 0, 0, 0, 0, 0, 0), (0, 0, 0, 0, 0, 0, 0, 0, 0, 0), (0, 0, 0, 0, 0, 0, 0, 0, 0, 0), (0, 0, 0, 0, 0, 0, 0, 0, 0, 0), (0, 0, 0, 0, 0, 0, 0, 0, 0, 0), (0, 0, 0, 0, 0, 0, 0, 0, 0, 0), (0, 0, 0, 0, 0, 0, 0, 0, 0, 0), (0, 0, 0, 0, 0, 0, 0, 0, 0, 0), (0, 0, 0, 0, 0, 0, 0, 0, 0, 0), (0, 0, 0, 0, 0, 0, 0, 0, 0, 0), (0, 0, 0, 0, 0, 0, 0, 0, 0, 0), (0, 0, 0, 0, 0, 0, 0, 0, 0, 0), (0, 0, 0, 0, 0, 0, 0, 0, 0, 0)]}}
AdaptationManager: Configuring next round...
{'client_registry': {'enabled': True, 'params': {}}, 'client_selector': {'enabled': True, 'params': {'selection_strategy': 'Resource-Based', 'selection_criteria': 'CPU', 'selection_value': 2}}, 'client_cluster': {'enabled': False, 'params': {}}, 'message_compressor': {'enabled': False, 'params': {}}, 'model_co-versioning_registry': {'enabled': False, 'params': {}}, 'multi-task_model_trainer': {'enabled': False, 'params': {}}, 'heterogeneous_data_handler': {'enabled': False, 'params': {}}}
{'client_selector': {'enabled': False}, 'client_cluster': {'enabled': False}, 'message_compressor': {'enabled': False}, 'model_co-versioning_registry': {'enabled': False}, 'multi-task_model_trainer': {'enabled': False}, 'heterogeneous_data_handler': {'enabled': False}, 'client_registry': {'enabled': True, 'params': {}}}
100.0-iid clients, predicted wo:0.0070 vs w:0.0067, client_selector de-activated ❌
Results Aggregated in 74.61 seconds.
{'CNN 16k': {'train_loss': [2.1253644527435305, 1.9258411012649537, 1.815656318028768, 1.6994749947547914, 1.6344871503829956, 1.5515561641375224, 1.5214350971494401, 1.4671638021469116, 1.4413366174379985, 1.389468771018982, 1.3565812673742121, 1.3209767049153647, 1.2997506514647428, 1.2733055330146443], 'train_accuracy': [0.2286, 0.2991, 0.3399333333333333, 0.38265, 0.40368, 0.43393333333333334, 0.4432285714285714, 0.4669, 0.4789333333333333, 0.4952, 0.5094181818181818, 0.5203333333333333, 0.5319294117647059, 0.5413], 'train_f1': [0.16842363495545248, 0.2693232269222803, 0.31991431784391516, 0.3648072732309388, 0.39630649698974957, 0.42317705135253647, 0.43177708513005925, 0.4617735536689714, 0.47104183145733414, 0.48707009023426734, 0.5073855688521434, 0.5127380278144061, 0.5281185367938601, 0.5354535584966427], 'train_mae': [3.0174, 2.6257, 2.5152, 2.28285, 2.19308, 2.112, 2.1446285714285716, 2.0008, 1.9658444444444445, 1.8779, 1.8045636363636364, 1.76565, 1.7324117647058823, 1.7087272727272727], 'val_loss': [2.1391260009765625, 1.932121164226532, 1.8355497463226318, 1.7163400268554687, 1.6567523439407348, 1.579114040184021, 1.5525693759918213, 1.4985509965896606, 1.4788953887939453, 1.439379500579834, 1.4120108797073365, 1.3785174780845642, 1.3802460313628702, 1.3637408191594211], 'val_accuracy': [0.2175, 0.2954, 0.3375, 0.3807, 0.3947, 0.4238, 0.42725, 0.45175, 0.4627, 0.4758, 0.4871, 0.4997, 0.5041529411764706, 0.5080318181818182], 'val_f1': [0.15975528755455135, 0.26666187981236805, 0.3167802154488249, 0.362903371965073, 0.3864956241451317, 0.4124846559058334, 0.4163299753584295, 0.44634226668423616, 0.45373159614099334, 0.4665149466222754, 0.484160466139863, 0.4907040544689016, 0.49940337322368783, 0.5003853530003829], 'val_mae': [3.09405, 2.62355, 2.5148, 2.2852, 2.22005, 2.14005, 2.2088, 2.0395, 2.0186, 1.94755, 1.9019, 1.844, 1.8314970588235293, 1.8209954545454545], 'jsd': [(0, 0, 0, 0, 0, 0, 0, 0, 0, 0), (0, 0, 0, 0, 0, 0, 0, 0, 0, 0), (0, 0, 0, 0, 0, 0, 0, 0, 0, 0), (0, 0, 0, 0, 0, 0, 0, 0, 0, 0), (0, 0, 0, 0, 0, 0, 0, 0, 0, 0), (0, 0, 0, 0, 0, 0, 0, 0, 0, 0), (0, 0, 0, 0, 0, 0, 0, 0, 0, 0), (0, 0, 0, 0, 0, 0, 0, 0, 0, 0), (0, 0, 0, 0, 0, 0, 0, 0, 0, 0), (0, 0, 0, 0, 0, 0, 0, 0, 0, 0), (0, 0, 0, 0, 0, 0, 0, 0, 0, 0), (0, 0, 0, 0, 0, 0, 0, 0, 0, 0), (0, 0, 0, 0, 0, 0, 0, 0, 0, 0), (0, 0, 0, 0, 0, 0, 0, 0, 0, 0)]}}
AdaptationManager: Configuring next round...
{'client_registry': {'enabled': True, 'params': {}}, 'client_selector': {'enabled': True, 'params': {'selection_strategy': 'Resource-Based', 'selection_criteria': 'CPU', 'selection_value': 2}}, 'client_cluster': {'enabled': False, 'params': {}}, 'message_compressor': {'enabled': False, 'params': {}}, 'model_co-versioning_registry': {'enabled': False, 'params': {}}, 'multi-task_model_trainer': {'enabled': False, 'params': {}}, 'heterogeneous_data_handler': {'enabled': False, 'params': {}}}
{'client_selector': {'enabled': False}, 'client_cluster': {'enabled': False}, 'message_compressor': {'enabled': False}, 'model_co-versioning_registry': {'enabled': False}, 'multi-task_model_trainer': {'enabled': False}, 'heterogeneous_data_handler': {'enabled': False}, 'client_registry': {'enabled': True, 'params': {}}}
100.0-iid clients, predicted wo:0.0066 vs w:0.0066, client_selector de-activated ❌
Results Aggregated in 80.17 seconds.
{'CNN 16k': {'train_loss': [2.1253644527435305, 1.9258411012649537, 1.815656318028768, 1.6994749947547914, 1.6344871503829956, 1.5515561641375224, 1.5214350971494401, 1.4671638021469116, 1.4413366174379985, 1.389468771018982, 1.3565812673742121, 1.3209767049153647, 1.2997506514647428, 1.2733055330146443, 1.247247979900572], 'train_accuracy': [0.2286, 0.2991, 0.3399333333333333, 0.38265, 0.40368, 0.43393333333333334, 0.4432285714285714, 0.4669, 0.4789333333333333, 0.4952, 0.5094181818181818, 0.5203333333333333, 0.5319294117647059, 0.5413, 0.5533481481481481], 'train_f1': [0.16842363495545248, 0.2693232269222803, 0.31991431784391516, 0.3648072732309388, 0.39630649698974957, 0.42317705135253647, 0.43177708513005925, 0.4617735536689714, 0.47104183145733414, 0.48707009023426734, 0.5073855688521434, 0.5127380278144061, 0.5281185367938601, 0.5354535584966427, 0.5490424017357846], 'train_mae': [3.0174, 2.6257, 2.5152, 2.28285, 2.19308, 2.112, 2.1446285714285716, 2.0008, 1.9658444444444445, 1.8779, 1.8045636363636364, 1.76565, 1.7324117647058823, 1.7087272727272727, 1.6629555555555555], 'val_loss': [2.1391260009765625, 1.932121164226532, 1.8355497463226318, 1.7163400268554687, 1.6567523439407348, 1.579114040184021, 1.5525693759918213, 1.4985509965896606, 1.4788953887939453, 1.439379500579834, 1.4120108797073365, 1.3785174780845642, 1.3802460313628702, 1.3637408191594211, 1.3425053944693672], 'val_accuracy': [0.2175, 0.2954, 0.3375, 0.3807, 0.3947, 0.4238, 0.42725, 0.45175, 0.4627, 0.4758, 0.4871, 0.4997, 0.5041529411764706, 0.5080318181818182, 0.5168722222222222], 'val_f1': [0.15975528755455135, 0.26666187981236805, 0.3167802154488249, 0.362903371965073, 0.3864956241451317, 0.4124846559058334, 0.4163299753584295, 0.44634226668423616, 0.45373159614099334, 0.4665149466222754, 0.484160466139863, 0.4907040544689016, 0.49940337322368783, 0.5003853530003829, 0.510989160761609], 'val_mae': [3.09405, 2.62355, 2.5148, 2.2852, 2.22005, 2.14005, 2.2088, 2.0395, 2.0186, 1.94755, 1.9019, 1.844, 1.8314970588235293, 1.8209954545454545, 1.7825333333333333], 'jsd': [(0, 0, 0, 0, 0, 0, 0, 0, 0, 0), (0, 0, 0, 0, 0, 0, 0, 0, 0, 0), (0, 0, 0, 0, 0, 0, 0, 0, 0, 0), (0, 0, 0, 0, 0, 0, 0, 0, 0, 0), (0, 0, 0, 0, 0, 0, 0, 0, 0, 0), (0, 0, 0, 0, 0, 0, 0, 0, 0, 0), (0, 0, 0, 0, 0, 0, 0, 0, 0, 0), (0, 0, 0, 0, 0, 0, 0, 0, 0, 0), (0, 0, 0, 0, 0, 0, 0, 0, 0, 0), (0, 0, 0, 0, 0, 0, 0, 0, 0, 0), (0, 0, 0, 0, 0, 0, 0, 0, 0, 0), (0, 0, 0, 0, 0, 0, 0, 0, 0, 0), (0, 0, 0, 0, 0, 0, 0, 0, 0, 0), (0, 0, 0, 0, 0, 0, 0, 0, 0, 0), (0, 0, 0, 0, 0, 0, 0, 0, 0, 0)]}}
AdaptationManager: Configuring next round...
{'client_registry': {'enabled': True, 'params': {}}, 'client_selector': {'enabled': True, 'params': {'selection_strategy': 'Resource-Based', 'selection_criteria': 'CPU', 'selection_value': 2}}, 'client_cluster': {'enabled': False, 'params': {}}, 'message_compressor': {'enabled': False, 'params': {}}, 'model_co-versioning_registry': {'enabled': False, 'params': {}}, 'multi-task_model_trainer': {'enabled': False, 'params': {}}, 'heterogeneous_data_handler': {'enabled': False, 'params': {}}}
{'client_selector': {'enabled': False}, 'client_cluster': {'enabled': False}, 'message_compressor': {'enabled': False}, 'model_co-versioning_registry': {'enabled': False}, 'multi-task_model_trainer': {'enabled': False}, 'heterogeneous_data_handler': {'enabled': False}, 'client_registry': {'enabled': True, 'params': {}}}
100.0-iid clients, predicted wo:0.0062 vs w:0.0062, client_selector activated ✅
Client Client 7 has insufficient CPU (1). Will not participate in the next FL round.
Client Client 8 has insufficient CPU (1). Will not participate in the next FL round.
Client Client 3 has insufficient CPU (1). Will not participate in the next FL round.
Client Client 6 has insufficient CPU (1). Will not participate in the next FL round.
Client Client 10 has insufficient CPU (1). Will not participate in the next FL round.
Client Client 4 has insufficient CPU (1). Will not participate in the next FL round.
Client Client 5 has insufficient CPU (1). Will not participate in the next FL round.
Client Client 2 participates in this round. (CPU: 2, RAM: 2)
Client Client 9 has insufficient CPU (1). Will not participate in the next FL round.
Client Client 1 participates in this round. (CPU: 2, RAM: 2)
Results Aggregated in 83.80 seconds.
{'CNN 16k': {'train_loss': [2.1253644527435305, 1.9258411012649537, 1.815656318028768, 1.6994749947547914, 1.6344871503829956, 1.5515561641375224, 1.5214350971494401, 1.4671638021469116, 1.4413366174379985, 1.389468771018982, 1.3565812673742121, 1.3209767049153647, 1.2997506514647428, 1.2733055330146443, 1.247247979900572, 1.2673291857242583], 'train_accuracy': [0.2286, 0.2991, 0.3399333333333333, 0.38265, 0.40368, 0.43393333333333334, 0.4432285714285714, 0.4669, 0.4789333333333333, 0.4952, 0.5094181818181818, 0.5203333333333333, 0.5319294117647059, 0.5413, 0.5533481481481481, 0.5463], 'train_f1': [0.16842363495545248, 0.2693232269222803, 0.31991431784391516, 0.3648072732309388, 0.39630649698974957, 0.42317705135253647, 0.43177708513005925, 0.4617735536689714, 0.47104183145733414, 0.48707009023426734, 0.5073855688521434, 0.5127380278144061, 0.5281185367938601, 0.5354535584966427, 0.5490424017357846, 0.5483641290624258], 'train_mae': [3.0174, 2.6257, 2.5152, 2.28285, 2.19308, 2.112, 2.1446285714285716, 2.0008, 1.9658444444444445, 1.8779, 1.8045636363636364, 1.76565, 1.7324117647058823, 1.7087272727272727, 1.6629555555555555, 1.634375], 'val_loss': [2.1391260009765625, 1.932121164226532, 1.8355497463226318, 1.7163400268554687, 1.6567523439407348, 1.579114040184021, 1.5525693759918213, 1.4985509965896606, 1.4788953887939453, 1.439379500579834, 1.4120108797073365, 1.3785174780845642, 1.3802460313628702, 1.3637408191594211, 1.3425053944693672, 1.3317701572418212], 'val_accuracy': [0.2175, 0.2954, 0.3375, 0.3807, 0.3947, 0.4238, 0.42725, 0.45175, 0.4627, 0.4758, 0.4871, 0.4997, 0.5041529411764706, 0.5080318181818182, 0.5168722222222222, 0.52225], 'val_f1': [0.15975528755455135, 0.26666187981236805, 0.3167802154488249, 0.362903371965073, 0.3864956241451317, 0.4124846559058334, 0.4163299753584295, 0.44634226668423616, 0.45373159614099334, 0.4665149466222754, 0.484160466139863, 0.4907040544689016, 0.49940337322368783, 0.5003853530003829, 0.510989160761609, 0.5233883717871644], 'val_mae': [3.09405, 2.62355, 2.5148, 2.2852, 2.22005, 2.14005, 2.2088, 2.0395, 2.0186, 1.94755, 1.9019, 1.844, 1.8314970588235293, 1.8209954545454545, 1.7825333333333333, 1.7251], 'jsd': [(0, 0, 0, 0, 0, 0, 0, 0, 0, 0), (0, 0, 0, 0, 0, 0, 0, 0, 0, 0), (0, 0, 0, 0, 0, 0, 0, 0, 0, 0), (0, 0, 0, 0, 0, 0, 0, 0, 0, 0), (0, 0, 0, 0, 0, 0, 0, 0, 0, 0), (0, 0, 0, 0, 0, 0, 0, 0, 0, 0), (0, 0, 0, 0, 0, 0, 0, 0, 0, 0), (0, 0, 0, 0, 0, 0, 0, 0, 0, 0), (0, 0, 0, 0, 0, 0, 0, 0, 0, 0), (0, 0, 0, 0, 0, 0, 0, 0, 0, 0), (0, 0, 0, 0, 0, 0, 0, 0, 0, 0), (0, 0, 0, 0, 0, 0, 0, 0, 0, 0), (0, 0, 0, 0, 0, 0, 0, 0, 0, 0), (0, 0, 0, 0, 0, 0, 0, 0, 0, 0), (0, 0, 0, 0, 0, 0, 0, 0, 0, 0), (0, 0, 0, 0, 0, 0, 0, 0, 0, 0)]}}
AdaptationManager: Configuring next round...
{'client_registry': {'enabled': True, 'params': {}}, 'client_selector': {'enabled': True, 'params': {'selection_strategy': 'Resource-Based', 'selection_criteria': 'CPU', 'selection_value': 2}}, 'client_cluster': {'enabled': False, 'params': {}}, 'message_compressor': {'enabled': False, 'params': {}}, 'model_co-versioning_registry': {'enabled': False, 'params': {}}, 'multi-task_model_trainer': {'enabled': False, 'params': {}}, 'heterogeneous_data_handler': {'enabled': False, 'params': {}}}
{'client_selector': {'enabled': True}, 'client_cluster': {'enabled': False}, 'message_compressor': {'enabled': False}, 'model_co-versioning_registry': {'enabled': False}, 'multi-task_model_trainer': {'enabled': False}, 'heterogeneous_data_handler': {'enabled': False}, 'client_registry': {'enabled': True, 'params': {}}}
100.0-iid clients, predicted wo:0.0060 vs w:0.0060, client_selector activated ✅
Client Client 3 has insufficient CPU (1). Will not participate in the next FL round.
Client Client 1 participates in this round. (CPU: 2, RAM: 2)
Client Client 4 has insufficient CPU (1). Will not participate in the next FL round.
Client Client 8 has insufficient CPU (1). Will not participate in the next FL round.
Client Client 10 has insufficient CPU (1). Will not participate in the next FL round.
Client Client 5 has insufficient CPU (1). Will not participate in the next FL round.
Client Client 9 has insufficient CPU (1). Will not participate in the next FL round.
Client Client 7 has insufficient CPU (1). Will not participate in the next FL round.
Client Client 6 has insufficient CPU (1). Will not participate in the next FL round.
Client Client 2 participates in this round. (CPU: 2, RAM: 2)
Results Aggregated in 85.94 seconds.
{'CNN 16k': {'train_loss': [2.1253644527435305, 1.9258411012649537, 1.815656318028768, 1.6994749947547914, 1.6344871503829956, 1.5515561641375224, 1.5214350971494401, 1.4671638021469116, 1.4413366174379985, 1.389468771018982, 1.3565812673742121, 1.3209767049153647, 1.2997506514647428, 1.2733055330146443, 1.247247979900572, 1.2673291857242583, 1.2342895386162926], 'train_accuracy': [0.2286, 0.2991, 0.3399333333333333, 0.38265, 0.40368, 0.43393333333333334, 0.4432285714285714, 0.4669, 0.4789333333333333, 0.4952, 0.5094181818181818, 0.5203333333333333, 0.5319294117647059, 0.5413, 0.5533481481481481, 0.5463, 0.5570235294117647], 'train_f1': [0.16842363495545248, 0.2693232269222803, 0.31991431784391516, 0.3648072732309388, 0.39630649698974957, 0.42317705135253647, 0.43177708513005925, 0.4617735536689714, 0.47104183145733414, 0.48707009023426734, 0.5073855688521434, 0.5127380278144061, 0.5281185367938601, 0.5354535584966427, 0.5490424017357846, 0.5483641290624258, 0.5549549723213268], 'train_mae': [3.0174, 2.6257, 2.5152, 2.28285, 2.19308, 2.112, 2.1446285714285716, 2.0008, 1.9658444444444445, 1.8779, 1.8045636363636364, 1.76565, 1.7324117647058823, 1.7087272727272727, 1.6629555555555555, 1.634375, 1.6139529411764706], 'val_loss': [2.1391260009765625, 1.932121164226532, 1.8355497463226318, 1.7163400268554687, 1.6567523439407348, 1.579114040184021, 1.5525693759918213, 1.4985509965896606, 1.4788953887939453, 1.439379500579834, 1.4120108797073365, 1.3785174780845642, 1.3802460313628702, 1.3637408191594211, 1.3425053944693672, 1.3317701572418212, 1.3030078149795532], 'val_accuracy': [0.2175, 0.2954, 0.3375, 0.3807, 0.3947, 0.4238, 0.42725, 0.45175, 0.4627, 0.4758, 0.4871, 0.4997, 0.5041529411764706, 0.5080318181818182, 0.5168722222222222, 0.52225, 0.5352], 'val_f1': [0.15975528755455135, 0.26666187981236805, 0.3167802154488249, 0.362903371965073, 0.3864956241451317, 0.4124846559058334, 0.4163299753584295, 0.44634226668423616, 0.45373159614099334, 0.4665149466222754, 0.484160466139863, 0.4907040544689016, 0.49940337322368783, 0.5003853530003829, 0.510989160761609, 0.5233883717871644, 0.5327061782841329], 'val_mae': [3.09405, 2.62355, 2.5148, 2.2852, 2.22005, 2.14005, 2.2088, 2.0395, 2.0186, 1.94755, 1.9019, 1.844, 1.8314970588235293, 1.8209954545454545, 1.7825333333333333, 1.7251, 1.68935], 'jsd': [(0, 0, 0, 0, 0, 0, 0, 0, 0, 0), (0, 0, 0, 0, 0, 0, 0, 0, 0, 0), (0, 0, 0, 0, 0, 0, 0, 0, 0, 0), (0, 0, 0, 0, 0, 0, 0, 0, 0, 0), (0, 0, 0, 0, 0, 0, 0, 0, 0, 0), (0, 0, 0, 0, 0, 0, 0, 0, 0, 0), (0, 0, 0, 0, 0, 0, 0, 0, 0, 0), (0, 0, 0, 0, 0, 0, 0, 0, 0, 0), (0, 0, 0, 0, 0, 0, 0, 0, 0, 0), (0, 0, 0, 0, 0, 0, 0, 0, 0, 0), (0, 0, 0, 0, 0, 0, 0, 0, 0, 0), (0, 0, 0, 0, 0, 0, 0, 0, 0, 0), (0, 0, 0, 0, 0, 0, 0, 0, 0, 0), (0, 0, 0, 0, 0, 0, 0, 0, 0, 0), (0, 0, 0, 0, 0, 0, 0, 0, 0, 0), (0, 0, 0, 0, 0, 0, 0, 0, 0, 0), (0, 0, 0, 0, 0, 0, 0, 0, 0, 0)]}}
AdaptationManager: Configuring next round...
{'client_registry': {'enabled': True, 'params': {}}, 'client_selector': {'enabled': True, 'params': {'selection_strategy': 'Resource-Based', 'selection_criteria': 'CPU', 'selection_value': 2}}, 'client_cluster': {'enabled': False, 'params': {}}, 'message_compressor': {'enabled': False, 'params': {}}, 'model_co-versioning_registry': {'enabled': False, 'params': {}}, 'multi-task_model_trainer': {'enabled': False, 'params': {}}, 'heterogeneous_data_handler': {'enabled': False, 'params': {}}}
{'client_selector': {'enabled': True}, 'client_cluster': {'enabled': False}, 'message_compressor': {'enabled': False}, 'model_co-versioning_registry': {'enabled': False}, 'multi-task_model_trainer': {'enabled': False}, 'heterogeneous_data_handler': {'enabled': False}, 'client_registry': {'enabled': True, 'params': {}}}
100.0-iid clients, predicted wo:0.0060 vs w:0.0060, client_selector activated ✅
Client Client 6 has insufficient CPU (1). Will not participate in the next FL round.
Client Client 5 has insufficient CPU (1). Will not participate in the next FL round.
Client Client 9 has insufficient CPU (1). Will not participate in the next FL round.
Client Client 3 has insufficient CPU (1). Will not participate in the next FL round.
Client Client 7 has insufficient CPU (1). Will not participate in the next FL round.
Client Client 4 has insufficient CPU (1). Will not participate in the next FL round.
Client Client 2 participates in this round. (CPU: 2, RAM: 2)
Client Client 8 has insufficient CPU (1). Will not participate in the next FL round.
Client Client 10 has insufficient CPU (1). Will not participate in the next FL round.
Client Client 1 participates in this round. (CPU: 2, RAM: 2)
Results Aggregated in 89.52 seconds.
{'CNN 16k': {'train_loss': [2.1253644527435305, 1.9258411012649537, 1.815656318028768, 1.6994749947547914, 1.6344871503829956, 1.5515561641375224, 1.5214350971494401, 1.4671638021469116, 1.4413366174379985, 1.389468771018982, 1.3565812673742121, 1.3209767049153647, 1.2997506514647428, 1.2733055330146443, 1.247247979900572, 1.2673291857242583, 1.2342895386162926, 1.2134454694430032], 'train_accuracy': [0.2286, 0.2991, 0.3399333333333333, 0.38265, 0.40368, 0.43393333333333334, 0.4432285714285714, 0.4669, 0.4789333333333333, 0.4952, 0.5094181818181818, 0.5203333333333333, 0.5319294117647059, 0.5413, 0.5533481481481481, 0.5463, 0.5570235294117647, 0.5658555555555556], 'train_f1': [0.16842363495545248, 0.2693232269222803, 0.31991431784391516, 0.3648072732309388, 0.39630649698974957, 0.42317705135253647, 0.43177708513005925, 0.4617735536689714, 0.47104183145733414, 0.48707009023426734, 0.5073855688521434, 0.5127380278144061, 0.5281185367938601, 0.5354535584966427, 0.5490424017357846, 0.5483641290624258, 0.5549549723213268, 0.5593848546404223], 'train_mae': [3.0174, 2.6257, 2.5152, 2.28285, 2.19308, 2.112, 2.1446285714285716, 2.0008, 1.9658444444444445, 1.8779, 1.8045636363636364, 1.76565, 1.7324117647058823, 1.7087272727272727, 1.6629555555555555, 1.634375, 1.6139529411764706, 1.5835444444444444], 'val_loss': [2.1391260009765625, 1.932121164226532, 1.8355497463226318, 1.7163400268554687, 1.6567523439407348, 1.579114040184021, 1.5525693759918213, 1.4985509965896606, 1.4788953887939453, 1.439379500579834, 1.4120108797073365, 1.3785174780845642, 1.3802460313628702, 1.3637408191594211, 1.3425053944693672, 1.3317701572418212, 1.3030078149795532, 1.2875910484313964], 'val_accuracy': [0.2175, 0.2954, 0.3375, 0.3807, 0.3947, 0.4238, 0.42725, 0.45175, 0.4627, 0.4758, 0.4871, 0.4997, 0.5041529411764706, 0.5080318181818182, 0.5168722222222222, 0.52225, 0.5352, 0.53475], 'val_f1': [0.15975528755455135, 0.26666187981236805, 0.3167802154488249, 0.362903371965073, 0.3864956241451317, 0.4124846559058334, 0.4163299753584295, 0.44634226668423616, 0.45373159614099334, 0.4665149466222754, 0.484160466139863, 0.4907040544689016, 0.49940337322368783, 0.5003853530003829, 0.510989160761609, 0.5233883717871644, 0.5327061782841329, 0.5271742230624757], 'val_mae': [3.09405, 2.62355, 2.5148, 2.2852, 2.22005, 2.14005, 2.2088, 2.0395, 2.0186, 1.94755, 1.9019, 1.844, 1.8314970588235293, 1.8209954545454545, 1.7825333333333333, 1.7251, 1.68935, 1.69655], 'jsd': [(0, 0, 0, 0, 0, 0, 0, 0, 0, 0), (0, 0, 0, 0, 0, 0, 0, 0, 0, 0), (0, 0, 0, 0, 0, 0, 0, 0, 0, 0), (0, 0, 0, 0, 0, 0, 0, 0, 0, 0), (0, 0, 0, 0, 0, 0, 0, 0, 0, 0), (0, 0, 0, 0, 0, 0, 0, 0, 0, 0), (0, 0, 0, 0, 0, 0, 0, 0, 0, 0), (0, 0, 0, 0, 0, 0, 0, 0, 0, 0), (0, 0, 0, 0, 0, 0, 0, 0, 0, 0), (0, 0, 0, 0, 0, 0, 0, 0, 0, 0), (0, 0, 0, 0, 0, 0, 0, 0, 0, 0), (0, 0, 0, 0, 0, 0, 0, 0, 0, 0), (0, 0, 0, 0, 0, 0, 0, 0, 0, 0), (0, 0, 0, 0, 0, 0, 0, 0, 0, 0), (0, 0, 0, 0, 0, 0, 0, 0, 0, 0), (0, 0, 0, 0, 0, 0, 0, 0, 0, 0), (0, 0, 0, 0, 0, 0, 0, 0, 0, 0), (0, 0, 0, 0, 0, 0, 0, 0, 0, 0)]}}
AdaptationManager: Configuring next round...
{'client_registry': {'enabled': True, 'params': {}}, 'client_selector': {'enabled': True, 'params': {'selection_strategy': 'Resource-Based', 'selection_criteria': 'CPU', 'selection_value': 2}}, 'client_cluster': {'enabled': False, 'params': {}}, 'message_compressor': {'enabled': False, 'params': {}}, 'model_co-versioning_registry': {'enabled': False, 'params': {}}, 'multi-task_model_trainer': {'enabled': False, 'params': {}}, 'heterogeneous_data_handler': {'enabled': False, 'params': {}}}
{'client_selector': {'enabled': True}, 'client_cluster': {'enabled': False}, 'message_compressor': {'enabled': False}, 'model_co-versioning_registry': {'enabled': False}, 'multi-task_model_trainer': {'enabled': False}, 'heterogeneous_data_handler': {'enabled': False}, 'client_registry': {'enabled': True, 'params': {}}}
100.0-iid clients, predicted wo:0.0056 vs w:0.0056, client_selector activated ✅
Client Client 2 participates in this round. (CPU: 2, RAM: 2)
Client Client 3 has insufficient CPU (1). Will not participate in the next FL round.
Client Client 7 has insufficient CPU (1). Will not participate in the next FL round.
Client Client 8 has insufficient CPU (1). Will not participate in the next FL round.
Client Client 6 has insufficient CPU (1). Will not participate in the next FL round.
Client Client 9 has insufficient CPU (1). Will not participate in the next FL round.
Client Client 10 has insufficient CPU (1). Will not participate in the next FL round.
Client Client 1 participates in this round. (CPU: 2, RAM: 2)
Client Client 4 has insufficient CPU (1). Will not participate in the next FL round.
Client Client 5 has insufficient CPU (1). Will not participate in the next FL round.
Results Aggregated in 91.72 seconds.
{'CNN 16k': {'train_loss': [2.1253644527435305, 1.9258411012649537, 1.815656318028768, 1.6994749947547914, 1.6344871503829956, 1.5515561641375224, 1.5214350971494401, 1.4671638021469116, 1.4413366174379985, 1.389468771018982, 1.3565812673742121, 1.3209767049153647, 1.2997506514647428, 1.2733055330146443, 1.247247979900572, 1.2673291857242583, 1.2342895386162926, 1.2134454694430032, 1.197026347649725], 'train_accuracy': [0.2286, 0.2991, 0.3399333333333333, 0.38265, 0.40368, 0.43393333333333334, 0.4432285714285714, 0.4669, 0.4789333333333333, 0.4952, 0.5094181818181818, 0.5203333333333333, 0.5319294117647059, 0.5413, 0.5533481481481481, 0.5463, 0.5570235294117647, 0.5658555555555556, 0.5716210526315789], 'train_f1': [0.16842363495545248, 0.2693232269222803, 0.31991431784391516, 0.3648072732309388, 0.39630649698974957, 0.42317705135253647, 0.43177708513005925, 0.4617735536689714, 0.47104183145733414, 0.48707009023426734, 0.5073855688521434, 0.5127380278144061, 0.5281185367938601, 0.5354535584966427, 0.5490424017357846, 0.5483641290624258, 0.5549549723213268, 0.5593848546404223, 0.5649134873901721], 'train_mae': [3.0174, 2.6257, 2.5152, 2.28285, 2.19308, 2.112, 2.1446285714285716, 2.0008, 1.9658444444444445, 1.8779, 1.8045636363636364, 1.76565, 1.7324117647058823, 1.7087272727272727, 1.6629555555555555, 1.634375, 1.6139529411764706, 1.5835444444444444, 1.5409368421052632], 'val_loss': [2.1391260009765625, 1.932121164226532, 1.8355497463226318, 1.7163400268554687, 1.6567523439407348, 1.579114040184021, 1.5525693759918213, 1.4985509965896606, 1.4788953887939453, 1.439379500579834, 1.4120108797073365, 1.3785174780845642, 1.3802460313628702, 1.3637408191594211, 1.3425053944693672, 1.3317701572418212, 1.3030078149795532, 1.2875910484313964, 1.2744761548042298], 'val_accuracy': [0.2175, 0.2954, 0.3375, 0.3807, 0.3947, 0.4238, 0.42725, 0.45175, 0.4627, 0.4758, 0.4871, 0.4997, 0.5041529411764706, 0.5080318181818182, 0.5168722222222222, 0.52225, 0.5352, 0.53475, 0.5422], 'val_f1': [0.15975528755455135, 0.26666187981236805, 0.3167802154488249, 0.362903371965073, 0.3864956241451317, 0.4124846559058334, 0.4163299753584295, 0.44634226668423616, 0.45373159614099334, 0.4665149466222754, 0.484160466139863, 0.4907040544689016, 0.49940337322368783, 0.5003853530003829, 0.510989160761609, 0.5233883717871644, 0.5327061782841329, 0.5271742230624757, 0.5344380460549991], 'val_mae': [3.09405, 2.62355, 2.5148, 2.2852, 2.22005, 2.14005, 2.2088, 2.0395, 2.0186, 1.94755, 1.9019, 1.844, 1.8314970588235293, 1.8209954545454545, 1.7825333333333333, 1.7251, 1.68935, 1.69655, 1.6328], 'jsd': [(0, 0, 0, 0, 0, 0, 0, 0, 0, 0), (0, 0, 0, 0, 0, 0, 0, 0, 0, 0), (0, 0, 0, 0, 0, 0, 0, 0, 0, 0), (0, 0, 0, 0, 0, 0, 0, 0, 0, 0), (0, 0, 0, 0, 0, 0, 0, 0, 0, 0), (0, 0, 0, 0, 0, 0, 0, 0, 0, 0), (0, 0, 0, 0, 0, 0, 0, 0, 0, 0), (0, 0, 0, 0, 0, 0, 0, 0, 0, 0), (0, 0, 0, 0, 0, 0, 0, 0, 0, 0), (0, 0, 0, 0, 0, 0, 0, 0, 0, 0), (0, 0, 0, 0, 0, 0, 0, 0, 0, 0), (0, 0, 0, 0, 0, 0, 0, 0, 0, 0), (0, 0, 0, 0, 0, 0, 0, 0, 0, 0), (0, 0, 0, 0, 0, 0, 0, 0, 0, 0), (0, 0, 0, 0, 0, 0, 0, 0, 0, 0), (0, 0, 0, 0, 0, 0, 0, 0, 0, 0), (0, 0, 0, 0, 0, 0, 0, 0, 0, 0), (0, 0, 0, 0, 0, 0, 0, 0, 0, 0), (0, 0, 0, 0, 0, 0, 0, 0, 0, 0)]}}
AdaptationManager: Configuring next round...
{'client_registry': {'enabled': True, 'params': {}}, 'client_selector': {'enabled': True, 'params': {'selection_strategy': 'Resource-Based', 'selection_criteria': 'CPU', 'selection_value': 2}}, 'client_cluster': {'enabled': False, 'params': {}}, 'message_compressor': {'enabled': False, 'params': {}}, 'model_co-versioning_registry': {'enabled': False, 'params': {}}, 'multi-task_model_trainer': {'enabled': False, 'params': {}}, 'heterogeneous_data_handler': {'enabled': False, 'params': {}}}
{'client_selector': {'enabled': True}, 'client_cluster': {'enabled': False}, 'message_compressor': {'enabled': False}, 'model_co-versioning_registry': {'enabled': False}, 'multi-task_model_trainer': {'enabled': False}, 'heterogeneous_data_handler': {'enabled': False}, 'client_registry': {'enabled': True, 'params': {}}}
100.0-iid clients, predicted wo:0.0056 vs w:0.0056, client_selector activated ✅
Client Client 7 has insufficient CPU (1). Will not participate in the next FL round.
Client Client 6 has insufficient CPU (1). Will not participate in the next FL round.
Client Client 3 has insufficient CPU (1). Will not participate in the next FL round.
Client Client 5 has insufficient CPU (1). Will not participate in the next FL round.
Client Client 4 has insufficient CPU (1). Will not participate in the next FL round.
Client Client 2 participates in this round. (CPU: 2, RAM: 2)
Client Client 9 has insufficient CPU (1). Will not participate in the next FL round.
Client Client 8 has insufficient CPU (1). Will not participate in the next FL round.
Client Client 1 participates in this round. (CPU: 2, RAM: 2)
Client Client 10 has insufficient CPU (1). Will not participate in the next FL round.
Results Aggregated in 98.71 seconds.
{'CNN 16k': {'train_loss': [2.1253644527435305, 1.9258411012649537, 1.815656318028768, 1.6994749947547914, 1.6344871503829956, 1.5515561641375224, 1.5214350971494401, 1.4671638021469116, 1.4413366174379985, 1.389468771018982, 1.3565812673742121, 1.3209767049153647, 1.2997506514647428, 1.2733055330146443, 1.247247979900572, 1.2673291857242583, 1.2342895386162926, 1.2134454694430032, 1.197026347649725, 1.179252143344879], 'train_accuracy': [0.2286, 0.2991, 0.3399333333333333, 0.38265, 0.40368, 0.43393333333333334, 0.4432285714285714, 0.4669, 0.4789333333333333, 0.4952, 0.5094181818181818, 0.5203333333333333, 0.5319294117647059, 0.5413, 0.5533481481481481, 0.5463, 0.5570235294117647, 0.5658555555555556, 0.5716210526315789, 0.57827], 'train_f1': [0.16842363495545248, 0.2693232269222803, 0.31991431784391516, 0.3648072732309388, 0.39630649698974957, 0.42317705135253647, 0.43177708513005925, 0.4617735536689714, 0.47104183145733414, 0.48707009023426734, 0.5073855688521434, 0.5127380278144061, 0.5281185367938601, 0.5354535584966427, 0.5490424017357846, 0.5483641290624258, 0.5549549723213268, 0.5593848546404223, 0.5649134873901721, 0.5738524801778105], 'train_mae': [3.0174, 2.6257, 2.5152, 2.28285, 2.19308, 2.112, 2.1446285714285716, 2.0008, 1.9658444444444445, 1.8779, 1.8045636363636364, 1.76565, 1.7324117647058823, 1.7087272727272727, 1.6629555555555555, 1.634375, 1.6139529411764706, 1.5835444444444444, 1.5409368421052632, 1.55299], 'val_loss': [2.1391260009765625, 1.932121164226532, 1.8355497463226318, 1.7163400268554687, 1.6567523439407348, 1.579114040184021, 1.5525693759918213, 1.4985509965896606, 1.4788953887939453, 1.439379500579834, 1.4120108797073365, 1.3785174780845642, 1.3802460313628702, 1.3637408191594211, 1.3425053944693672, 1.3317701572418212, 1.3030078149795532, 1.2875910484313964, 1.2744761548042298, 1.2718013803482058], 'val_accuracy': [0.2175, 0.2954, 0.3375, 0.3807, 0.3947, 0.4238, 0.42725, 0.45175, 0.4627, 0.4758, 0.4871, 0.4997, 0.5041529411764706, 0.5080318181818182, 0.5168722222222222, 0.52225, 0.5352, 0.53475, 0.5422, 0.5443], 'val_f1': [0.15975528755455135, 0.26666187981236805, 0.3167802154488249, 0.362903371965073, 0.3864956241451317, 0.4124846559058334, 0.4163299753584295, 0.44634226668423616, 0.45373159614099334, 0.4665149466222754, 0.484160466139863, 0.4907040544689016, 0.49940337322368783, 0.5003853530003829, 0.510989160761609, 0.5233883717871644, 0.5327061782841329, 0.5271742230624757, 0.5344380460549991, 0.5388807443688751], 'val_mae': [3.09405, 2.62355, 2.5148, 2.2852, 2.22005, 2.14005, 2.2088, 2.0395, 2.0186, 1.94755, 1.9019, 1.844, 1.8314970588235293, 1.8209954545454545, 1.7825333333333333, 1.7251, 1.68935, 1.69655, 1.6328, 1.6596], 'jsd': [(0, 0, 0, 0, 0, 0, 0, 0, 0, 0), (0, 0, 0, 0, 0, 0, 0, 0, 0, 0), (0, 0, 0, 0, 0, 0, 0, 0, 0, 0), (0, 0, 0, 0, 0, 0, 0, 0, 0, 0), (0, 0, 0, 0, 0, 0, 0, 0, 0, 0), (0, 0, 0, 0, 0, 0, 0, 0, 0, 0), (0, 0, 0, 0, 0, 0, 0, 0, 0, 0), (0, 0, 0, 0, 0, 0, 0, 0, 0, 0), (0, 0, 0, 0, 0, 0, 0, 0, 0, 0), (0, 0, 0, 0, 0, 0, 0, 0, 0, 0), (0, 0, 0, 0, 0, 0, 0, 0, 0, 0), (0, 0, 0, 0, 0, 0, 0, 0, 0, 0), (0, 0, 0, 0, 0, 0, 0, 0, 0, 0), (0, 0, 0, 0, 0, 0, 0, 0, 0, 0), (0, 0, 0, 0, 0, 0, 0, 0, 0, 0), (0, 0, 0, 0, 0, 0, 0, 0, 0, 0), (0, 0, 0, 0, 0, 0, 0, 0, 0, 0), (0, 0, 0, 0, 0, 0, 0, 0, 0, 0), (0, 0, 0, 0, 0, 0, 0, 0, 0, 0), (0, 0, 0, 0, 0, 0, 0, 0, 0, 0)]}}
AdaptationManager: Configuring next round...
{'client_registry': {'enabled': True, 'params': {}}, 'client_selector': {'enabled': True, 'params': {'selection_strategy': 'Resource-Based', 'selection_criteria': 'CPU', 'selection_value': 2}}, 'client_cluster': {'enabled': False, 'params': {}}, 'message_compressor': {'enabled': False, 'params': {}}, 'model_co-versioning_registry': {'enabled': False, 'params': {}}, 'multi-task_model_trainer': {'enabled': False, 'params': {}}, 'heterogeneous_data_handler': {'enabled': False, 'params': {}}}
{'client_selector': {'enabled': True}, 'client_cluster': {'enabled': False}, 'message_compressor': {'enabled': False}, 'model_co-versioning_registry': {'enabled': False}, 'multi-task_model_trainer': {'enabled': False}, 'heterogeneous_data_handler': {'enabled': False}, 'client_registry': {'enabled': True, 'params': {}}}
100.0-iid clients, predicted wo:0.0056 vs w:0.0056, client_selector activated ✅
