==========================================
  ___  ______  ___ ______       _ 
 / _ \ | ___ \/   ||  ___|     | |
/ /_\ \| |_/ / /| || |_ ___  __| |
|  _  ||  __/ /_| ||  _/ _ \/ _` |
| | | || |  \___  || ||  __/ (_| |
\_| |_/\_|      |_/\_| \___|\__,_| v.1.5.0

==========================================
Simulation Started!
List of the Architectural Patterns enabled:
Client Registry ✅
Message Compressor ✅
==========================================
client Client 26 injecting delay of 3 seconds
client Client 29 injecting delay of 4 seconds
client Client 30 injecting delay of 3 seconds
client Client 32 injecting delay of 6 seconds
client Client 24 injecting delay of 10 seconds
client Client 27 injecting delay of 7 seconds
client Client 31 injecting delay of 10 seconds
client Client 33 injecting delay of 8 seconds
client Client 25 injecting delay of 4 seconds
client Client 23 injecting delay of 8 seconds
client Client 34 injecting delay of 3 seconds
Local parameters compressed: reduced 5297 bytes (7.18%)
client Client 28 injecting delay of 9 seconds
Local parameters compressed: reduced 5315 bytes (7.20%)
Local parameters compressed: reduced 5292 bytes (7.17%)
Local parameters compressed: reduced 5320 bytes (7.21%)
Local parameters compressed: reduced 5282 bytes (7.16%)
Local parameters compressed: reduced 5285 bytes (7.16%)
Local parameters compressed: reduced 5300 bytes (7.18%)
Local parameters compressed: reduced 5253 bytes (7.12%)
Local parameters compressed: reduced 5265 bytes (7.14%)
Local parameters compressed: reduced 5313 bytes (7.20%)
Local parameters compressed: reduced 5265 bytes (7.14%)
Local parameters compressed: reduced 5321 bytes (7.21%)
Results Aggregated in 37.70 seconds.
{'TextMLP': {'train_loss': [0.5792891623179118], 'train_accuracy': [0.7896097222222223], 'train_f1': [0.7889478549870269], 'train_mae': [0.3333638888888889], 'val_loss': [0.5902598157577348], 'val_accuracy': [0.782390350877193], 'val_f1': [0.7814984716820766], 'val_mae': [0.3447258771929824], 'jsd': [(0, 0, 0, 0, 0, 0, 0, 0, 0, 0, 0, 0)]}}
client Client 26 injecting delay of 8 seconds
client Client 24 injecting delay of 7 seconds
client Client 32 injecting delay of 4 seconds
client Client 23 injecting delay of 8 seconds
client Client 25 injecting delay of 7 seconds
client Client 33 injecting delay of 0 seconds
Local parameters compressed: reduced 5299 bytes (7.18%)
client Client 31 injecting delay of 5 seconds
client Client 30 injecting delay of 9 seconds
client Client 27 injecting delay of 3 seconds
client Client 29 injecting delay of 1 seconds
client Client 34 injecting delay of 4 seconds
client Client 28 injecting delay of 9 seconds
Local parameters compressed: reduced 5282 bytes (7.16%)
Local parameters compressed: reduced 5292 bytes (7.17%)
Local parameters compressed: reduced 5265 bytes (7.14%)
Local parameters compressed: reduced 5275 bytes (7.15%)
Local parameters compressed: reduced 5314 bytes (7.20%)
Local parameters compressed: reduced 5293 bytes (7.17%)
Local parameters compressed: reduced 5248 bytes (7.11%)
Local parameters compressed: reduced 5265 bytes (7.14%)
Local parameters compressed: reduced 5299 bytes (7.18%)
Local parameters compressed: reduced 5298 bytes (7.18%)
Local parameters compressed: reduced 5279 bytes (7.15%)
Results Aggregated in 19.17 seconds.
{'TextMLP': {'train_loss': [0.5792891623179118, 0.5014467905435297], 'train_accuracy': [0.7896097222222223, 0.8186854166666667], 'train_f1': [0.7889478549870269, 0.8180144063453395], 'train_mae': [0.3333638888888889, 0.2868576388888889], 'val_loss': [0.5902598157577348, 0.5188216074255475], 'val_accuracy': [0.782390350877193, 0.8110087719298246], 'val_f1': [0.7814984716820766, 0.8102325557744391], 'val_mae': [0.3447258771929824, 0.29788377192982457], 'jsd': [(0, 0, 0, 0, 0, 0, 0, 0, 0, 0, 0, 0), (0, 0, 0, 0, 0, 0, 0, 0, 0, 0, 0, 0)]}}
client Client 26 injecting delay of 5 seconds
client Client 33 injecting delay of 3 seconds
client Client 27 injecting delay of 1 seconds
client Client 23 injecting delay of 4 seconds
client Client 25 injecting delay of 3 seconds
client Client 24 injecting delay of 1 seconds
client Client 34 injecting delay of 3 seconds
client Client 32 injecting delay of 7 seconds
client Client 31 injecting delay of 5 seconds
client Client 30 injecting delay of 6 seconds
client Client 29 injecting delay of 6 seconds
client Client 28 injecting delay of 4 seconds
Local parameters compressed: reduced 5259 bytes (7.13%)
Local parameters compressed: reduced 5250 bytes (7.12%)
Local parameters compressed: reduced 5252 bytes (7.12%)
Local parameters compressed: reduced 5252 bytes (7.12%)
Local parameters compressed: reduced 5266 bytes (7.14%)
Local parameters compressed: reduced 5260 bytes (7.13%)
Local parameters compressed: reduced 5254 bytes (7.12%)
Local parameters compressed: reduced 5260 bytes (7.13%)
Local parameters compressed: reduced 5248 bytes (7.11%)
Local parameters compressed: reduced 5249 bytes (7.11%)
Local parameters compressed: reduced 5267 bytes (7.14%)
Local parameters compressed: reduced 5259 bytes (7.13%)
Results Aggregated in 16.93 seconds.
{'TextMLP': {'train_loss': [0.5792891623179118, 0.5014467905435297, 0.47017436645560795], 'train_accuracy': [0.7896097222222223, 0.8186854166666667, 0.8303479166666666], 'train_f1': [0.7889478549870269, 0.8180144063453395, 0.8298666530267709], 'train_mae': [0.3333638888888889, 0.2868576388888889, 0.26668333333333333], 'val_loss': [0.5902598157577348, 0.5188216074255475, 0.4885135902281393], 'val_accuracy': [0.782390350877193, 0.8110087719298246, 0.8213925438596492], 'val_f1': [0.7814984716820766, 0.8102325557744391, 0.8208552372726166], 'val_mae': [0.3447258771929824, 0.29788377192982457, 0.27976973684210527], 'jsd': [(0, 0, 0, 0, 0, 0, 0, 0, 0, 0, 0, 0), (0, 0, 0, 0, 0, 0, 0, 0, 0, 0, 0, 0), (0, 0, 0, 0, 0, 0, 0, 0, 0, 0, 0, 0)]}}
client Client 32 injecting delay of 3 seconds
client Client 24 injecting delay of 0 seconds
Local parameters compressed: reduced 5290 bytes (7.17%)
client Client 29 injecting delay of 2 seconds
client Client 26 injecting delay of 2 seconds
client Client 33 injecting delay of 2 seconds
client Client 23 injecting delay of 0 seconds
Local parameters compressed: reduced 5238 bytes (7.10%)
client Client 25 injecting delay of 8 seconds
client Client 34 injecting delay of 7 seconds
client Client 31 injecting delay of 0 seconds
Local parameters compressed: reduced 5267 bytes (7.14%)
client Client 27 injecting delay of 9 seconds
client Client 30 injecting delay of 6 seconds
client Client 28 injecting delay of 3 seconds
Local parameters compressed: reduced 5247 bytes (7.11%)
Local parameters compressed: reduced 5278 bytes (7.15%)
Local parameters compressed: reduced 5224 bytes (7.08%)
Local parameters compressed: reduced 5265 bytes (7.14%)
Local parameters compressed: reduced 5254 bytes (7.12%)
Local parameters compressed: reduced 5245 bytes (7.11%)
Local parameters compressed: reduced 5273 bytes (7.15%)
Local parameters compressed: reduced 5247 bytes (7.11%)
Local parameters compressed: reduced 5246 bytes (7.11%)
Results Aggregated in 18.95 seconds.
{'TextMLP': {'train_loss': [0.5792891623179118, 0.5014467905435297, 0.47017436645560795, 0.45722746983038054], 'train_accuracy': [0.7896097222222223, 0.8186854166666667, 0.8303479166666666, 0.8338236111111111], 'train_f1': [0.7889478549870269, 0.8180144063453395, 0.8298666530267709, 0.8331930722634153], 'train_mae': [0.3333638888888889, 0.2868576388888889, 0.26668333333333333, 0.2635868055555556], 'val_loss': [0.5902598157577348, 0.5188216074255475, 0.4885135902281393, 0.476482908150606], 'val_accuracy': [0.782390350877193, 0.8110087719298246, 0.8213925438596492, 0.8251644736842105], 'val_f1': [0.7814984716820766, 0.8102325557744391, 0.8208552372726166, 0.8244275183504421], 'val_mae': [0.3447258771929824, 0.29788377192982457, 0.27976973684210527, 0.2754276315789474], 'jsd': [(0, 0, 0, 0, 0, 0, 0, 0, 0, 0, 0, 0), (0, 0, 0, 0, 0, 0, 0, 0, 0, 0, 0, 0), (0, 0, 0, 0, 0, 0, 0, 0, 0, 0, 0, 0), (0, 0, 0, 0, 0, 0, 0, 0, 0, 0, 0, 0)]}}
client Client 26 injecting delay of 4 seconds
client Client 32 injecting delay of 6 seconds
client Client 29 injecting delay of 0 seconds
Local parameters compressed: reduced 5252 bytes (7.12%)
client Client 23 injecting delay of 6 seconds
client Client 25 injecting delay of 3 seconds
client Client 34 injecting delay of 9 seconds
client Client 24 injecting delay of 9 seconds
client Client 31 injecting delay of 0 seconds
Local parameters compressed: reduced 5280 bytes (7.16%)
client Client 33 injecting delay of 3 seconds
client Client 27 injecting delay of 1 seconds
client Client 30 injecting delay of 0 seconds
Local parameters compressed: reduced 5262 bytes (7.13%)
client Client 28 injecting delay of 9 seconds
Local parameters compressed: reduced 5267 bytes (7.14%)
Local parameters compressed: reduced 5252 bytes (7.12%)
Local parameters compressed: reduced 5242 bytes (7.10%)
Local parameters compressed: reduced 5238 bytes (7.10%)
Local parameters compressed: reduced 5257 bytes (7.12%)
Local parameters compressed: reduced 5232 bytes (7.09%)
Local parameters compressed: reduced 5250 bytes (7.12%)
Local parameters compressed: reduced 5266 bytes (7.14%)
Local parameters compressed: reduced 5238 bytes (7.10%)
Results Aggregated in 19.00 seconds.
{'TextMLP': {'train_loss': [0.5792891623179118, 0.5014467905435297, 0.47017436645560795, 0.45722746983038054, 0.4521775260243151], 'train_accuracy': [0.7896097222222223, 0.8186854166666667, 0.8303479166666666, 0.8338236111111111, 0.8349347222222222], 'train_f1': [0.7889478549870269, 0.8180144063453395, 0.8298666530267709, 0.8331930722634153, 0.8342865661290465], 'train_mae': [0.3333638888888889, 0.2868576388888889, 0.26668333333333333, 0.2635868055555556, 0.2620604166666667], 'val_loss': [0.5902598157577348, 0.5188216074255475, 0.4885135902281393, 0.476482908150606, 0.4722556992424162], 'val_accuracy': [0.782390350877193, 0.8110087719298246, 0.8213925438596492, 0.8251644736842105, 0.8271162280701754], 'val_f1': [0.7814984716820766, 0.8102325557744391, 0.8208552372726166, 0.8244275183504421, 0.8264177466011202], 'val_mae': [0.3447258771929824, 0.29788377192982457, 0.27976973684210527, 0.2754276315789474, 0.27291666666666664], 'jsd': [(0, 0, 0, 0, 0, 0, 0, 0, 0, 0, 0, 0), (0, 0, 0, 0, 0, 0, 0, 0, 0, 0, 0, 0), (0, 0, 0, 0, 0, 0, 0, 0, 0, 0, 0, 0), (0, 0, 0, 0, 0, 0, 0, 0, 0, 0, 0, 0), (0, 0, 0, 0, 0, 0, 0, 0, 0, 0, 0, 0)]}}
client Client 26 injecting delay of 9 seconds
client Client 29 injecting delay of 3 seconds
client Client 32 injecting delay of 8 seconds
client Client 25 injecting delay of 7 seconds
client Client 30 injecting delay of 4 seconds
client Client 27 injecting delay of 3 seconds
client Client 31 injecting delay of 0 seconds
Local parameters compressed: reduced 5198 bytes (7.04%)
client Client 33 injecting delay of 4 seconds
client Client 34 injecting delay of 4 seconds
client Client 24 injecting delay of 10 seconds
client Client 28 injecting delay of 2 seconds
client Client 23 injecting delay of 7 seconds
Local parameters compressed: reduced 5230 bytes (7.09%)
Local parameters compressed: reduced 5220 bytes (7.07%)
Local parameters compressed: reduced 5220 bytes (7.07%)
Local parameters compressed: reduced 5209 bytes (7.06%)
Local parameters compressed: reduced 5223 bytes (7.08%)
Local parameters compressed: reduced 5226 bytes (7.08%)
Local parameters compressed: reduced 5205 bytes (7.05%)
Local parameters compressed: reduced 5244 bytes (7.11%)
Local parameters compressed: reduced 5231 bytes (7.09%)
Local parameters compressed: reduced 5204 bytes (7.05%)
Local parameters compressed: reduced 5215 bytes (7.07%)
Results Aggregated in 19.82 seconds.
{'TextMLP': {'train_loss': [0.5792891623179118, 0.5014467905435297, 0.47017436645560795, 0.45722746983038054, 0.4521775260243151, 0.44412024471229977], 'train_accuracy': [0.7896097222222223, 0.8186854166666667, 0.8303479166666666, 0.8338236111111111, 0.8349347222222222, 0.8374951388888889], 'train_f1': [0.7889478549870269, 0.8180144063453395, 0.8298666530267709, 0.8331930722634153, 0.8342865661290465, 0.8368662774940007], 'train_mae': [0.3333638888888889, 0.2868576388888889, 0.26668333333333333, 0.2635868055555556, 0.2620604166666667, 0.25825], 'val_loss': [0.5902598157577348, 0.5188216074255475, 0.4885135902281393, 0.476482908150606, 0.4722556992424162, 0.4641290686057325], 'val_accuracy': [0.782390350877193, 0.8110087719298246, 0.8213925438596492, 0.8251644736842105, 0.8271162280701754, 0.8289912280701754], 'val_f1': [0.7814984716820766, 0.8102325557744391, 0.8208552372726166, 0.8244275183504421, 0.8264177466011202, 0.8282988047223547], 'val_mae': [0.3447258771929824, 0.29788377192982457, 0.27976973684210527, 0.2754276315789474, 0.27291666666666664, 0.27035087719298245], 'jsd': [(0, 0, 0, 0, 0, 0, 0, 0, 0, 0, 0, 0), (0, 0, 0, 0, 0, 0, 0, 0, 0, 0, 0, 0), (0, 0, 0, 0, 0, 0, 0, 0, 0, 0, 0, 0), (0, 0, 0, 0, 0, 0, 0, 0, 0, 0, 0, 0), (0, 0, 0, 0, 0, 0, 0, 0, 0, 0, 0, 0), (0, 0, 0, 0, 0, 0, 0, 0, 0, 0, 0, 0)]}}
client Client 29 injecting delay of 5 seconds
client Client 34 injecting delay of 7 seconds
client Client 32 injecting delay of 8 seconds
client Client 26 injecting delay of 6 seconds
client Client 23 injecting delay of 8 seconds
client Client 25 injecting delay of 8 seconds
client Client 27 injecting delay of 8 seconds
client Client 33 injecting delay of 5 seconds
client Client 30 injecting delay of 2 seconds
client Client 31 injecting delay of 7 seconds
client Client 24 injecting delay of 9 seconds
client Client 28 injecting delay of 0 seconds
Local parameters compressed: reduced 5205 bytes (7.05%)
Local parameters compressed: reduced 5174 bytes (7.01%)
Local parameters compressed: reduced 5167 bytes (7.00%)
Local parameters compressed: reduced 5206 bytes (7.06%)
Local parameters compressed: reduced 5201 bytes (7.05%)
Local parameters compressed: reduced 5178 bytes (7.02%)
Local parameters compressed: reduced 5215 bytes (7.07%)
Local parameters compressed: reduced 5206 bytes (7.06%)
Local parameters compressed: reduced 5195 bytes (7.04%)
Local parameters compressed: reduced 5195 bytes (7.04%)
Local parameters compressed: reduced 5212 bytes (7.06%)
Local parameters compressed: reduced 5198 bytes (7.04%)
Results Aggregated in 19.22 seconds.
{'TextMLP': {'train_loss': [0.5792891623179118, 0.5014467905435297, 0.47017436645560795, 0.45722746983038054, 0.4521775260243151, 0.44412024471229977, 0.44242298454907203], 'train_accuracy': [0.7896097222222223, 0.8186854166666667, 0.8303479166666666, 0.8338236111111111, 0.8349347222222222, 0.8374951388888889, 0.8379090277777778], 'train_f1': [0.7889478549870269, 0.8180144063453395, 0.8298666530267709, 0.8331930722634153, 0.8342865661290465, 0.8368662774940007, 0.8376697873254763], 'train_mae': [0.3333638888888889, 0.2868576388888889, 0.26668333333333333, 0.2635868055555556, 0.2620604166666667, 0.25825, 0.2577215277777778], 'val_loss': [0.5902598157577348, 0.5188216074255475, 0.4885135902281393, 0.476482908150606, 0.4722556992424162, 0.4641290686057325, 0.46274158182374225], 'val_accuracy': [0.782390350877193, 0.8110087719298246, 0.8213925438596492, 0.8251644736842105, 0.8271162280701754, 0.8289912280701754, 0.8295723684210526], 'val_f1': [0.7814984716820766, 0.8102325557744391, 0.8208552372726166, 0.8244275183504421, 0.8264177466011202, 0.8282988047223547, 0.8292973089582156], 'val_mae': [0.3447258771929824, 0.29788377192982457, 0.27976973684210527, 0.2754276315789474, 0.27291666666666664, 0.27035087719298245, 0.2698245614035088], 'jsd': [(0, 0, 0, 0, 0, 0, 0, 0, 0, 0, 0, 0), (0, 0, 0, 0, 0, 0, 0, 0, 0, 0, 0, 0), (0, 0, 0, 0, 0, 0, 0, 0, 0, 0, 0, 0), (0, 0, 0, 0, 0, 0, 0, 0, 0, 0, 0, 0), (0, 0, 0, 0, 0, 0, 0, 0, 0, 0, 0, 0), (0, 0, 0, 0, 0, 0, 0, 0, 0, 0, 0, 0), (0, 0, 0, 0, 0, 0, 0, 0, 0, 0, 0, 0)]}}
client Client 26 injecting delay of 9 seconds
client Client 32 injecting delay of 8 seconds
client Client 33 injecting delay of 0 seconds
Local parameters compressed: reduced 5195 bytes (7.04%)
client Client 25 injecting delay of 8 seconds
client Client 24 injecting delay of 4 seconds
client Client 30 injecting delay of 0 seconds
Local parameters compressed: reduced 5212 bytes (7.06%)
client Client 29 injecting delay of 10 seconds
client Client 31 injecting delay of 0 seconds
Local parameters compressed: reduced 5174 bytes (7.01%)
client Client 34 injecting delay of 4 seconds
client Client 27 injecting delay of 10 seconds
client Client 23 injecting delay of 2 seconds
client Client 28 injecting delay of 2 seconds
Local parameters compressed: reduced 5176 bytes (7.01%)
Local parameters compressed: reduced 5159 bytes (6.99%)
Local parameters compressed: reduced 5198 bytes (7.04%)
Local parameters compressed: reduced 5156 bytes (6.99%)
Local parameters compressed: reduced 5152 bytes (6.98%)
Local parameters compressed: reduced 5175 bytes (7.01%)
Local parameters compressed: reduced 5152 bytes (6.98%)
Local parameters compressed: reduced 5177 bytes (7.02%)
Local parameters compressed: reduced 5185 bytes (7.03%)
Results Aggregated in 19.85 seconds.
{'TextMLP': {'train_loss': [0.5792891623179118, 0.5014467905435297, 0.47017436645560795, 0.45722746983038054, 0.4521775260243151, 0.44412024471229977, 0.44242298454907203, 0.43793900502522787], 'train_accuracy': [0.7896097222222223, 0.8186854166666667, 0.8303479166666666, 0.8338236111111111, 0.8349347222222222, 0.8374951388888889, 0.8379090277777778, 0.8394854166666667], 'train_f1': [0.7889478549870269, 0.8180144063453395, 0.8298666530267709, 0.8331930722634153, 0.8342865661290465, 0.8368662774940007, 0.8376697873254763, 0.8392387696701263], 'train_mae': [0.3333638888888889, 0.2868576388888889, 0.26668333333333333, 0.2635868055555556, 0.2620604166666667, 0.25825, 0.2577215277777778, 0.25643055555555555], 'val_loss': [0.5902598157577348, 0.5188216074255475, 0.4885135902281393, 0.476482908150606, 0.4722556992424162, 0.4641290686057325, 0.46274158182374225, 0.45799010778205435], 'val_accuracy': [0.782390350877193, 0.8110087719298246, 0.8213925438596492, 0.8251644736842105, 0.8271162280701754, 0.8289912280701754, 0.8295723684210526, 0.831655701754386], 'val_f1': [0.7814984716820766, 0.8102325557744391, 0.8208552372726166, 0.8244275183504421, 0.8264177466011202, 0.8282988047223547, 0.8292973089582156, 0.8313975418743816], 'val_mae': [0.3447258771929824, 0.29788377192982457, 0.27976973684210527, 0.2754276315789474, 0.27291666666666664, 0.27035087719298245, 0.2698245614035088, 0.2675657894736842], 'jsd': [(0, 0, 0, 0, 0, 0, 0, 0, 0, 0, 0, 0), (0, 0, 0, 0, 0, 0, 0, 0, 0, 0, 0, 0), (0, 0, 0, 0, 0, 0, 0, 0, 0, 0, 0, 0), (0, 0, 0, 0, 0, 0, 0, 0, 0, 0, 0, 0), (0, 0, 0, 0, 0, 0, 0, 0, 0, 0, 0, 0), (0, 0, 0, 0, 0, 0, 0, 0, 0, 0, 0, 0), (0, 0, 0, 0, 0, 0, 0, 0, 0, 0, 0, 0), (0, 0, 0, 0, 0, 0, 0, 0, 0, 0, 0, 0)]}}
client Client 26 injecting delay of 1 seconds
client Client 32 injecting delay of 5 seconds
client Client 30 injecting delay of 10 seconds
client Client 31 injecting delay of 3 seconds
client Client 24 injecting delay of 7 seconds
client Client 29 injecting delay of 6 seconds
client Client 27 injecting delay of 10 seconds
client Client 23 injecting delay of 0 seconds
Local parameters compressed: reduced 5162 bytes (7.00%)
client Client 25 injecting delay of 4 seconds
client Client 33 injecting delay of 4 seconds
Local parameters compressed: reduced 5172 bytes (7.01%)
client Client 34 injecting delay of 1 seconds
Local parameters compressed: reduced 5202 bytes (7.05%)
Local parameters compressed: reduced 5203 bytes (7.05%)
client Client 28 injecting delay of 9 seconds
Local parameters compressed: reduced 5166 bytes (7.00%)
Local parameters compressed: reduced 5193 bytes (7.04%)
Local parameters compressed: reduced 5187 bytes (7.03%)
Local parameters compressed: reduced 5179 bytes (7.02%)
Local parameters compressed: reduced 5175 bytes (7.01%)
Local parameters compressed: reduced 5179 bytes (7.02%)
Local parameters compressed: reduced 5174 bytes (7.01%)
Local parameters compressed: reduced 5161 bytes (6.99%)
Results Aggregated in 21.48 seconds.
{'TextMLP': {'train_loss': [0.5792891623179118, 0.5014467905435297, 0.47017436645560795, 0.45722746983038054, 0.4521775260243151, 0.44412024471229977, 0.44242298454907203, 0.43793900502522787, 0.4353147532555792], 'train_accuracy': [0.7896097222222223, 0.8186854166666667, 0.8303479166666666, 0.8338236111111111, 0.8349347222222222, 0.8374951388888889, 0.8379090277777778, 0.8394854166666667, 0.8407208333333334], 'train_f1': [0.7889478549870269, 0.8180144063453395, 0.8298666530267709, 0.8331930722634153, 0.8342865661290465, 0.8368662774940007, 0.8376697873254763, 0.8392387696701263, 0.840360405005597], 'train_mae': [0.3333638888888889, 0.2868576388888889, 0.26668333333333333, 0.2635868055555556, 0.2620604166666667, 0.25825, 0.2577215277777778, 0.25643055555555555, 0.25081319444444444], 'val_loss': [0.5902598157577348, 0.5188216074255475, 0.4885135902281393, 0.476482908150606, 0.4722556992424162, 0.4641290686057325, 0.46274158182374225, 0.45799010778205435, 0.4546242179473241], 'val_accuracy': [0.782390350877193, 0.8110087719298246, 0.8213925438596492, 0.8251644736842105, 0.8271162280701754, 0.8289912280701754, 0.8295723684210526, 0.831655701754386, 0.8325548245614035], 'val_f1': [0.7814984716820766, 0.8102325557744391, 0.8208552372726166, 0.8244275183504421, 0.8264177466011202, 0.8282988047223547, 0.8292973089582156, 0.8313975418743816, 0.8321471820844782], 'val_mae': [0.3447258771929824, 0.29788377192982457, 0.27976973684210527, 0.2754276315789474, 0.27291666666666664, 0.27035087719298245, 0.2698245614035088, 0.2675657894736842, 0.26264254385964914], 'jsd': [(0, 0, 0, 0, 0, 0, 0, 0, 0, 0, 0, 0), (0, 0, 0, 0, 0, 0, 0, 0, 0, 0, 0, 0), (0, 0, 0, 0, 0, 0, 0, 0, 0, 0, 0, 0), (0, 0, 0, 0, 0, 0, 0, 0, 0, 0, 0, 0), (0, 0, 0, 0, 0, 0, 0, 0, 0, 0, 0, 0), (0, 0, 0, 0, 0, 0, 0, 0, 0, 0, 0, 0), (0, 0, 0, 0, 0, 0, 0, 0, 0, 0, 0, 0), (0, 0, 0, 0, 0, 0, 0, 0, 0, 0, 0, 0), (0, 0, 0, 0, 0, 0, 0, 0, 0, 0, 0, 0)]}}
client Client 26 injecting delay of 7 seconds
client Client 29 injecting delay of 4 seconds
client Client 24 injecting delay of 8 seconds
client Client 32 injecting delay of 4 seconds
client Client 23 injecting delay of 0 seconds
Local parameters compressed: reduced 5186 bytes (7.03%)
client Client 27 injecting delay of 6 seconds
client Client 31 injecting delay of 6 seconds
client Client 34 injecting delay of 7 seconds
client Client 25 injecting delay of 5 seconds
client Client 30 injecting delay of 3 seconds
client Client 28 injecting delay of 10 seconds
client Client 33 injecting delay of 5 seconds
Local parameters compressed: reduced 5158 bytes (6.99%)
Local parameters compressed: reduced 5163 bytes (7.00%)
Local parameters compressed: reduced 5178 bytes (7.02%)
Local parameters compressed: reduced 5179 bytes (7.02%)
Local parameters compressed: reduced 5222 bytes (7.08%)
Local parameters compressed: reduced 5175 bytes (7.01%)
Local parameters compressed: reduced 5157 bytes (6.99%)
Local parameters compressed: reduced 5165 bytes (7.00%)
Local parameters compressed: reduced 5170 bytes (7.01%)
Local parameters compressed: reduced 5193 bytes (7.04%)
Local parameters compressed: reduced 5169 bytes (7.01%)
Results Aggregated in 20.31 seconds.
{'TextMLP': {'train_loss': [0.5792891623179118, 0.5014467905435297, 0.47017436645560795, 0.45722746983038054, 0.4521775260243151, 0.44412024471229977, 0.44242298454907203, 0.43793900502522787, 0.4353147532555792, 0.43124763536585703], 'train_accuracy': [0.7896097222222223, 0.8186854166666667, 0.8303479166666666, 0.8338236111111111, 0.8349347222222222, 0.8374951388888889, 0.8379090277777778, 0.8394854166666667, 0.8407208333333334, 0.8422791666666667], 'train_f1': [0.7889478549870269, 0.8180144063453395, 0.8298666530267709, 0.8331930722634153, 0.8342865661290465, 0.8368662774940007, 0.8376697873254763, 0.8392387696701263, 0.840360405005597, 0.8417628030966672], 'train_mae': [0.3333638888888889, 0.2868576388888889, 0.26668333333333333, 0.2635868055555556, 0.2620604166666667, 0.25825, 0.2577215277777778, 0.25643055555555555, 0.25081319444444444, 0.25072222222222224], 'val_loss': [0.5902598157577348, 0.5188216074255475, 0.4885135902281393, 0.476482908150606, 0.4722556992424162, 0.4641290686057325, 0.46274158182374225, 0.45799010778205435, 0.4546242179473241, 0.4515024325251579], 'val_accuracy': [0.782390350877193, 0.8110087719298246, 0.8213925438596492, 0.8251644736842105, 0.8271162280701754, 0.8289912280701754, 0.8295723684210526, 0.831655701754386, 0.8325548245614035, 0.8345175438596492], 'val_f1': [0.7814984716820766, 0.8102325557744391, 0.8208552372726166, 0.8244275183504421, 0.8264177466011202, 0.8282988047223547, 0.8292973089582156, 0.8313975418743816, 0.8321471820844782, 0.8339599654457455], 'val_mae': [0.3447258771929824, 0.29788377192982457, 0.27976973684210527, 0.2754276315789474, 0.27291666666666664, 0.27035087719298245, 0.2698245614035088, 0.2675657894736842, 0.26264254385964914, 0.26168859649122805], 'jsd': [(0, 0, 0, 0, 0, 0, 0, 0, 0, 0, 0, 0), (0, 0, 0, 0, 0, 0, 0, 0, 0, 0, 0, 0), (0, 0, 0, 0, 0, 0, 0, 0, 0, 0, 0, 0), (0, 0, 0, 0, 0, 0, 0, 0, 0, 0, 0, 0), (0, 0, 0, 0, 0, 0, 0, 0, 0, 0, 0, 0), (0, 0, 0, 0, 0, 0, 0, 0, 0, 0, 0, 0), (0, 0, 0, 0, 0, 0, 0, 0, 0, 0, 0, 0), (0, 0, 0, 0, 0, 0, 0, 0, 0, 0, 0, 0), (0, 0, 0, 0, 0, 0, 0, 0, 0, 0, 0, 0), (0, 0, 0, 0, 0, 0, 0, 0, 0, 0, 0, 0)]}}
client Client 26 injecting delay of 10 seconds
client Client 25 injecting delay of 1 seconds
client Client 24 injecting delay of 2 seconds
client Client 32 injecting delay of 1 seconds
client Client 34 injecting delay of 8 seconds
client Client 27 injecting delay of 5 seconds
client Client 29 injecting delay of 8 seconds
client Client 23 injecting delay of 2 seconds
client Client 31 injecting delay of 7 seconds
client Client 28 injecting delay of 2 seconds
client Client 33 injecting delay of 7 seconds
Local parameters compressed: reduced 5205 bytes (7.05%)
client Client 30 injecting delay of 5 seconds
Local parameters compressed: reduced 5183 bytes (7.02%)
Local parameters compressed: reduced 5125 bytes (6.95%)
Local parameters compressed: reduced 5157 bytes (6.99%)
Local parameters compressed: reduced 5167 bytes (7.00%)
Local parameters compressed: reduced 5190 bytes (7.03%)
Local parameters compressed: reduced 5210 bytes (7.06%)
Local parameters compressed: reduced 5185 bytes (7.03%)
Local parameters compressed: reduced 5197 bytes (7.04%)
Local parameters compressed: reduced 5154 bytes (6.98%)
Local parameters compressed: reduced 5188 bytes (7.03%)
Local parameters compressed: reduced 5205 bytes (7.05%)
Results Aggregated in 19.17 seconds.
{'TextMLP': {'train_loss': [0.5792891623179118, 0.5014467905435297, 0.47017436645560795, 0.45722746983038054, 0.4521775260243151, 0.44412024471229977, 0.44242298454907203, 0.43793900502522787, 0.4353147532555792, 0.43124763536585703, 0.4302068508111768], 'train_accuracy': [0.7896097222222223, 0.8186854166666667, 0.8303479166666666, 0.8338236111111111, 0.8349347222222222, 0.8374951388888889, 0.8379090277777778, 0.8394854166666667, 0.8407208333333334, 0.8422791666666667, 0.8427347222222222], 'train_f1': [0.7889478549870269, 0.8180144063453395, 0.8298666530267709, 0.8331930722634153, 0.8342865661290465, 0.8368662774940007, 0.8376697873254763, 0.8392387696701263, 0.840360405005597, 0.8417628030966672, 0.8423460636096772], 'train_mae': [0.3333638888888889, 0.2868576388888889, 0.26668333333333333, 0.2635868055555556, 0.2620604166666667, 0.25825, 0.2577215277777778, 0.25643055555555555, 0.25081319444444444, 0.25072222222222224, 0.25088194444444445], 'val_loss': [0.5902598157577348, 0.5188216074255475, 0.4885135902281393, 0.476482908150606, 0.4722556992424162, 0.4641290686057325, 0.46274158182374225, 0.45799010778205435, 0.4546242179473241, 0.4515024325251579, 0.45070271485207375], 'val_accuracy': [0.782390350877193, 0.8110087719298246, 0.8213925438596492, 0.8251644736842105, 0.8271162280701754, 0.8289912280701754, 0.8295723684210526, 0.831655701754386, 0.8325548245614035, 0.8345175438596492, 0.8349013157894736], 'val_f1': [0.7814984716820766, 0.8102325557744391, 0.8208552372726166, 0.8244275183504421, 0.8264177466011202, 0.8282988047223547, 0.8292973089582156, 0.8313975418743816, 0.8321471820844782, 0.8339599654457455, 0.8344607309385762], 'val_mae': [0.3447258771929824, 0.29788377192982457, 0.27976973684210527, 0.2754276315789474, 0.27291666666666664, 0.27035087719298245, 0.2698245614035088, 0.2675657894736842, 0.26264254385964914, 0.26168859649122805, 0.26207236842105264], 'jsd': [(0, 0, 0, 0, 0, 0, 0, 0, 0, 0, 0, 0), (0, 0, 0, 0, 0, 0, 0, 0, 0, 0, 0, 0), (0, 0, 0, 0, 0, 0, 0, 0, 0, 0, 0, 0), (0, 0, 0, 0, 0, 0, 0, 0, 0, 0, 0, 0), (0, 0, 0, 0, 0, 0, 0, 0, 0, 0, 0, 0), (0, 0, 0, 0, 0, 0, 0, 0, 0, 0, 0, 0), (0, 0, 0, 0, 0, 0, 0, 0, 0, 0, 0, 0), (0, 0, 0, 0, 0, 0, 0, 0, 0, 0, 0, 0), (0, 0, 0, 0, 0, 0, 0, 0, 0, 0, 0, 0), (0, 0, 0, 0, 0, 0, 0, 0, 0, 0, 0, 0), (0, 0, 0, 0, 0, 0, 0, 0, 0, 0, 0, 0)]}}
client Client 26 injecting delay of 5 seconds
client Client 25 injecting delay of 10 seconds
client Client 29 injecting delay of 10 seconds
client Client 24 injecting delay of 9 seconds
client Client 32 injecting delay of 7 seconds
client Client 27 injecting delay of 6 seconds
client Client 31 injecting delay of 6 seconds
client Client 23 injecting delay of 1 seconds
client Client 30 injecting delay of 5 seconds
client Client 28 injecting delay of 3 seconds
client Client 33 injecting delay of 10 seconds
Local parameters compressed: reduced 5203 bytes (7.05%)
client Client 34 injecting delay of 2 seconds
Local parameters compressed: reduced 5183 bytes (7.02%)
Local parameters compressed: reduced 5141 bytes (6.97%)
Local parameters compressed: reduced 5179 bytes (7.02%)
Local parameters compressed: reduced 5169 bytes (7.01%)
Local parameters compressed: reduced 5117 bytes (6.93%)
Local parameters compressed: reduced 5189 bytes (7.03%)
Local parameters compressed: reduced 5165 bytes (7.00%)
Local parameters compressed: reduced 5160 bytes (6.99%)
Local parameters compressed: reduced 5181 bytes (7.02%)
Local parameters compressed: reduced 5174 bytes (7.01%)
Local parameters compressed: reduced 5178 bytes (7.02%)
Results Aggregated in 20.09 seconds.
{'TextMLP': {'train_loss': [0.5792891623179118, 0.5014467905435297, 0.47017436645560795, 0.45722746983038054, 0.4521775260243151, 0.44412024471229977, 0.44242298454907203, 0.43793900502522787, 0.4353147532555792, 0.43124763536585703, 0.4302068508111768, 0.42961622921129067], 'train_accuracy': [0.7896097222222223, 0.8186854166666667, 0.8303479166666666, 0.8338236111111111, 0.8349347222222222, 0.8374951388888889, 0.8379090277777778, 0.8394854166666667, 0.8407208333333334, 0.8422791666666667, 0.8427347222222222, 0.84290625], 'train_f1': [0.7889478549870269, 0.8180144063453395, 0.8298666530267709, 0.8331930722634153, 0.8342865661290465, 0.8368662774940007, 0.8376697873254763, 0.8392387696701263, 0.840360405005597, 0.8417628030966672, 0.8423460636096772, 0.842612701200727], 'train_mae': [0.3333638888888889, 0.2868576388888889, 0.26668333333333333, 0.2635868055555556, 0.2620604166666667, 0.25825, 0.2577215277777778, 0.25643055555555555, 0.25081319444444444, 0.25072222222222224, 0.25088194444444445, 0.24842916666666667], 'val_loss': [0.5902598157577348, 0.5188216074255475, 0.4885135902281393, 0.476482908150606, 0.4722556992424162, 0.4641290686057325, 0.46274158182374225, 0.45799010778205435, 0.4546242179473241, 0.4515024325251579, 0.45070271485207375, 0.4495276066033464], 'val_accuracy': [0.782390350877193, 0.8110087719298246, 0.8213925438596492, 0.8251644736842105, 0.8271162280701754, 0.8289912280701754, 0.8295723684210526, 0.831655701754386, 0.8325548245614035, 0.8345175438596492, 0.8349013157894736, 0.8357127192982456], 'val_f1': [0.7814984716820766, 0.8102325557744391, 0.8208552372726166, 0.8244275183504421, 0.8264177466011202, 0.8282988047223547, 0.8292973089582156, 0.8313975418743816, 0.8321471820844782, 0.8339599654457455, 0.8344607309385762, 0.8353450722446742], 'val_mae': [0.3447258771929824, 0.29788377192982457, 0.27976973684210527, 0.2754276315789474, 0.27291666666666664, 0.27035087719298245, 0.2698245614035088, 0.2675657894736842, 0.26264254385964914, 0.26168859649122805, 0.26207236842105264, 0.2588486842105263], 'jsd': [(0, 0, 0, 0, 0, 0, 0, 0, 0, 0, 0, 0), (0, 0, 0, 0, 0, 0, 0, 0, 0, 0, 0, 0), (0, 0, 0, 0, 0, 0, 0, 0, 0, 0, 0, 0), (0, 0, 0, 0, 0, 0, 0, 0, 0, 0, 0, 0), (0, 0, 0, 0, 0, 0, 0, 0, 0, 0, 0, 0), (0, 0, 0, 0, 0, 0, 0, 0, 0, 0, 0, 0), (0, 0, 0, 0, 0, 0, 0, 0, 0, 0, 0, 0), (0, 0, 0, 0, 0, 0, 0, 0, 0, 0, 0, 0), (0, 0, 0, 0, 0, 0, 0, 0, 0, 0, 0, 0), (0, 0, 0, 0, 0, 0, 0, 0, 0, 0, 0, 0), (0, 0, 0, 0, 0, 0, 0, 0, 0, 0, 0, 0), (0, 0, 0, 0, 0, 0, 0, 0, 0, 0, 0, 0)]}}
client Client 26 injecting delay of 5 seconds
client Client 24 injecting delay of 2 seconds
client Client 32 injecting delay of 4 seconds
client Client 29 injecting delay of 9 seconds
client Client 27 injecting delay of 5 seconds
client Client 23 injecting delay of 4 seconds
client Client 25 injecting delay of 1 seconds
client Client 31 injecting delay of 10 seconds
client Client 34 injecting delay of 9 seconds
client Client 33 injecting delay of 5 seconds
client Client 28 injecting delay of 5 seconds
client Client 30 injecting delay of 9 seconds
Local parameters compressed: reduced 5190 bytes (7.03%)
Local parameters compressed: reduced 5158 bytes (6.99%)
Local parameters compressed: reduced 5161 bytes (6.99%)
Local parameters compressed: reduced 5170 bytes (7.01%)
Local parameters compressed: reduced 5217 bytes (7.07%)
Local parameters compressed: reduced 5149 bytes (6.98%)
Local parameters compressed: reduced 5197 bytes (7.04%)
Local parameters compressed: reduced 5172 bytes (7.01%)
Local parameters compressed: reduced 5166 bytes (7.00%)
Local parameters compressed: reduced 5154 bytes (6.98%)
Local parameters compressed: reduced 5159 bytes (6.99%)
Local parameters compressed: reduced 5189 bytes (7.03%)
Results Aggregated in 19.80 seconds.
{'TextMLP': {'train_loss': [0.5792891623179118, 0.5014467905435297, 0.47017436645560795, 0.45722746983038054, 0.4521775260243151, 0.44412024471229977, 0.44242298454907203, 0.43793900502522787, 0.4353147532555792, 0.43124763536585703, 0.4302068508111768, 0.42961622921129067, 0.42993484500050544], 'train_accuracy': [0.7896097222222223, 0.8186854166666667, 0.8303479166666666, 0.8338236111111111, 0.8349347222222222, 0.8374951388888889, 0.8379090277777778, 0.8394854166666667, 0.8407208333333334, 0.8422791666666667, 0.8427347222222222, 0.84290625, 0.8424465277777777], 'train_f1': [0.7889478549870269, 0.8180144063453395, 0.8298666530267709, 0.8331930722634153, 0.8342865661290465, 0.8368662774940007, 0.8376697873254763, 0.8392387696701263, 0.840360405005597, 0.8417628030966672, 0.8423460636096772, 0.842612701200727, 0.8421148579976526], 'train_mae': [0.3333638888888889, 0.2868576388888889, 0.26668333333333333, 0.2635868055555556, 0.2620604166666667, 0.25825, 0.2577215277777778, 0.25643055555555555, 0.25081319444444444, 0.25072222222222224, 0.25088194444444445, 0.24842916666666667, 0.2529361111111111], 'val_loss': [0.5902598157577348, 0.5188216074255475, 0.4885135902281393, 0.476482908150606, 0.4722556992424162, 0.4641290686057325, 0.46274158182374225, 0.45799010778205435, 0.4546242179473241, 0.4515024325251579, 0.45070271485207375, 0.4495276066033464, 0.4504055368325166], 'val_accuracy': [0.782390350877193, 0.8110087719298246, 0.8213925438596492, 0.8251644736842105, 0.8271162280701754, 0.8289912280701754, 0.8295723684210526, 0.831655701754386, 0.8325548245614035, 0.8345175438596492, 0.8349013157894736, 0.8357127192982456, 0.835186403508772], 'val_f1': [0.7814984716820766, 0.8102325557744391, 0.8208552372726166, 0.8244275183504421, 0.8264177466011202, 0.8282988047223547, 0.8292973089582156, 0.8313975418743816, 0.8321471820844782, 0.8339599654457455, 0.8344607309385762, 0.8353450722446742, 0.8347940403110444], 'val_mae': [0.3447258771929824, 0.29788377192982457, 0.27976973684210527, 0.2754276315789474, 0.27291666666666664, 0.27035087719298245, 0.2698245614035088, 0.2675657894736842, 0.26264254385964914, 0.26168859649122805, 0.26207236842105264, 0.2588486842105263, 0.2631140350877193], 'jsd': [(0, 0, 0, 0, 0, 0, 0, 0, 0, 0, 0, 0), (0, 0, 0, 0, 0, 0, 0, 0, 0, 0, 0, 0), (0, 0, 0, 0, 0, 0, 0, 0, 0, 0, 0, 0), (0, 0, 0, 0, 0, 0, 0, 0, 0, 0, 0, 0), (0, 0, 0, 0, 0, 0, 0, 0, 0, 0, 0, 0), (0, 0, 0, 0, 0, 0, 0, 0, 0, 0, 0, 0), (0, 0, 0, 0, 0, 0, 0, 0, 0, 0, 0, 0), (0, 0, 0, 0, 0, 0, 0, 0, 0, 0, 0, 0), (0, 0, 0, 0, 0, 0, 0, 0, 0, 0, 0, 0), (0, 0, 0, 0, 0, 0, 0, 0, 0, 0, 0, 0), (0, 0, 0, 0, 0, 0, 0, 0, 0, 0, 0, 0), (0, 0, 0, 0, 0, 0, 0, 0, 0, 0, 0, 0), (0, 0, 0, 0, 0, 0, 0, 0, 0, 0, 0, 0)]}}
client Client 26 injecting delay of 6 seconds
client Client 25 injecting delay of 0 seconds
Local parameters compressed: reduced 5179 bytes (7.02%)
client Client 24 injecting delay of 1 seconds
client Client 29 injecting delay of 5 seconds
client Client 32 injecting delay of 7 seconds
client Client 34 injecting delay of 2 seconds
client Client 23 injecting delay of 8 seconds
client Client 31 injecting delay of 0 seconds
Local parameters compressed: reduced 5159 bytes (6.99%)
client Client 30 injecting delay of 3 seconds
client Client 27 injecting delay of 2 seconds
Local parameters compressed: reduced 5166 bytes (7.00%)
client Client 28 injecting delay of 10 seconds
client Client 33 injecting delay of 3 seconds
Local parameters compressed: reduced 5216 bytes (7.07%)
Local parameters compressed: reduced 5192 bytes (7.04%)
Local parameters compressed: reduced 5184 bytes (7.03%)
Local parameters compressed: reduced 5155 bytes (6.99%)
Local parameters compressed: reduced 5188 bytes (7.03%)
Local parameters compressed: reduced 5162 bytes (7.00%)
Local parameters compressed: reduced 5157 bytes (6.99%)
Local parameters compressed: reduced 5224 bytes (7.08%)
Local parameters compressed: reduced 5213 bytes (7.06%)
Results Aggregated in 20.34 seconds.
{'TextMLP': {'train_loss': [0.5792891623179118, 0.5014467905435297, 0.47017436645560795, 0.45722746983038054, 0.4521775260243151, 0.44412024471229977, 0.44242298454907203, 0.43793900502522787, 0.4353147532555792, 0.43124763536585703, 0.4302068508111768, 0.42961622921129067, 0.42993484500050544, 0.4257875705182552], 'train_accuracy': [0.7896097222222223, 0.8186854166666667, 0.8303479166666666, 0.8338236111111111, 0.8349347222222222, 0.8374951388888889, 0.8379090277777778, 0.8394854166666667, 0.8407208333333334, 0.8422791666666667, 0.8427347222222222, 0.84290625, 0.8424465277777777, 0.8442381944444445], 'train_f1': [0.7889478549870269, 0.8180144063453395, 0.8298666530267709, 0.8331930722634153, 0.8342865661290465, 0.8368662774940007, 0.8376697873254763, 0.8392387696701263, 0.840360405005597, 0.8417628030966672, 0.8423460636096772, 0.842612701200727, 0.8421148579976526, 0.8437472480354166], 'train_mae': [0.3333638888888889, 0.2868576388888889, 0.26668333333333333, 0.2635868055555556, 0.2620604166666667, 0.25825, 0.2577215277777778, 0.25643055555555555, 0.25081319444444444, 0.25072222222222224, 0.25088194444444445, 0.24842916666666667, 0.2529361111111111, 0.24759722222222222], 'val_loss': [0.5902598157577348, 0.5188216074255475, 0.4885135902281393, 0.476482908150606, 0.4722556992424162, 0.4641290686057325, 0.46274158182374225, 0.45799010778205435, 0.4546242179473241, 0.4515024325251579, 0.45070271485207375, 0.4495276066033464, 0.4504055368325166, 0.44625930105907874], 'val_accuracy': [0.782390350877193, 0.8110087719298246, 0.8213925438596492, 0.8251644736842105, 0.8271162280701754, 0.8289912280701754, 0.8295723684210526, 0.831655701754386, 0.8325548245614035, 0.8345175438596492, 0.8349013157894736, 0.8357127192982456, 0.835186403508772, 0.8364364035087718], 'val_f1': [0.7814984716820766, 0.8102325557744391, 0.8208552372726166, 0.8244275183504421, 0.8264177466011202, 0.8282988047223547, 0.8292973089582156, 0.8313975418743816, 0.8321471820844782, 0.8339599654457455, 0.8344607309385762, 0.8353450722446742, 0.8347940403110444, 0.8358807634071295], 'val_mae': [0.3447258771929824, 0.29788377192982457, 0.27976973684210527, 0.2754276315789474, 0.27291666666666664, 0.27035087719298245, 0.2698245614035088, 0.2675657894736842, 0.26264254385964914, 0.26168859649122805, 0.26207236842105264, 0.2588486842105263, 0.2631140350877193, 0.2588157894736842], 'jsd': [(0, 0, 0, 0, 0, 0, 0, 0, 0, 0, 0, 0), (0, 0, 0, 0, 0, 0, 0, 0, 0, 0, 0, 0), (0, 0, 0, 0, 0, 0, 0, 0, 0, 0, 0, 0), (0, 0, 0, 0, 0, 0, 0, 0, 0, 0, 0, 0), (0, 0, 0, 0, 0, 0, 0, 0, 0, 0, 0, 0), (0, 0, 0, 0, 0, 0, 0, 0, 0, 0, 0, 0), (0, 0, 0, 0, 0, 0, 0, 0, 0, 0, 0, 0), (0, 0, 0, 0, 0, 0, 0, 0, 0, 0, 0, 0), (0, 0, 0, 0, 0, 0, 0, 0, 0, 0, 0, 0), (0, 0, 0, 0, 0, 0, 0, 0, 0, 0, 0, 0), (0, 0, 0, 0, 0, 0, 0, 0, 0, 0, 0, 0), (0, 0, 0, 0, 0, 0, 0, 0, 0, 0, 0, 0), (0, 0, 0, 0, 0, 0, 0, 0, 0, 0, 0, 0), (0, 0, 0, 0, 0, 0, 0, 0, 0, 0, 0, 0)]}}
client Client 26 injecting delay of 4 seconds
client Client 29 injecting delay of 8 seconds
client Client 32 injecting delay of 10 seconds
client Client 23 injecting delay of 4 seconds
client Client 25 injecting delay of 6 seconds
client Client 31 injecting delay of 0 seconds
Local parameters compressed: reduced 5148 bytes (6.98%)
client Client 30 injecting delay of 9 seconds
client Client 27 injecting delay of 5 seconds
client Client 33 injecting delay of 2 seconds
client Client 34 injecting delay of 5 seconds
client Client 24 injecting delay of 5 seconds
client Client 28 injecting delay of 8 seconds
Local parameters compressed: reduced 5173 bytes (7.01%)
Local parameters compressed: reduced 5156 bytes (6.99%)
Local parameters compressed: reduced 5171 bytes (7.01%)
Local parameters compressed: reduced 5172 bytes (7.01%)
Local parameters compressed: reduced 5176 bytes (7.01%)
Local parameters compressed: reduced 5195 bytes (7.04%)
Local parameters compressed: reduced 5173 bytes (7.01%)
Local parameters compressed: reduced 5141 bytes (6.97%)
Local parameters compressed: reduced 5149 bytes (6.98%)
Local parameters compressed: reduced 5147 bytes (6.98%)
Local parameters compressed: reduced 5170 bytes (7.01%)
Results Aggregated in 19.13 seconds.
{'TextMLP': {'train_loss': [0.5792891623179118, 0.5014467905435297, 0.47017436645560795, 0.45722746983038054, 0.4521775260243151, 0.44412024471229977, 0.44242298454907203, 0.43793900502522787, 0.4353147532555792, 0.43124763536585703, 0.4302068508111768, 0.42961622921129067, 0.42993484500050544, 0.4257875705182552, 0.42570198925269975], 'train_accuracy': [0.7896097222222223, 0.8186854166666667, 0.8303479166666666, 0.8338236111111111, 0.8349347222222222, 0.8374951388888889, 0.8379090277777778, 0.8394854166666667, 0.8407208333333334, 0.8422791666666667, 0.8427347222222222, 0.84290625, 0.8424465277777777, 0.8442381944444445, 0.8440541666666667], 'train_f1': [0.7889478549870269, 0.8180144063453395, 0.8298666530267709, 0.8331930722634153, 0.8342865661290465, 0.8368662774940007, 0.8376697873254763, 0.8392387696701263, 0.840360405005597, 0.8417628030966672, 0.8423460636096772, 0.842612701200727, 0.8421148579976526, 0.8437472480354166, 0.8434725040848905], 'train_mae': [0.3333638888888889, 0.2868576388888889, 0.26668333333333333, 0.2635868055555556, 0.2620604166666667, 0.25825, 0.2577215277777778, 0.25643055555555555, 0.25081319444444444, 0.25072222222222224, 0.25088194444444445, 0.24842916666666667, 0.2529361111111111, 0.24759722222222222, 0.24837222222222222], 'val_loss': [0.5902598157577348, 0.5188216074255475, 0.4885135902281393, 0.476482908150606, 0.4722556992424162, 0.4641290686057325, 0.46274158182374225, 0.45799010778205435, 0.4546242179473241, 0.4515024325251579, 0.45070271485207375, 0.4495276066033464, 0.4504055368325166, 0.44625930105907874, 0.44698449183451505], 'val_accuracy': [0.782390350877193, 0.8110087719298246, 0.8213925438596492, 0.8251644736842105, 0.8271162280701754, 0.8289912280701754, 0.8295723684210526, 0.831655701754386, 0.8325548245614035, 0.8345175438596492, 0.8349013157894736, 0.8357127192982456, 0.835186403508772, 0.8364364035087718, 0.8367324561403509], 'val_f1': [0.7814984716820766, 0.8102325557744391, 0.8208552372726166, 0.8244275183504421, 0.8264177466011202, 0.8282988047223547, 0.8292973089582156, 0.8313975418743816, 0.8321471820844782, 0.8339599654457455, 0.8344607309385762, 0.8353450722446742, 0.8347940403110444, 0.8358807634071295, 0.836066434366744], 'val_mae': [0.3447258771929824, 0.29788377192982457, 0.27976973684210527, 0.2754276315789474, 0.27291666666666664, 0.27035087719298245, 0.2698245614035088, 0.2675657894736842, 0.26264254385964914, 0.26168859649122805, 0.26207236842105264, 0.2588486842105263, 0.2631140350877193, 0.2588157894736842, 0.25914473684210526], 'jsd': [(0, 0, 0, 0, 0, 0, 0, 0, 0, 0, 0, 0), (0, 0, 0, 0, 0, 0, 0, 0, 0, 0, 0, 0), (0, 0, 0, 0, 0, 0, 0, 0, 0, 0, 0, 0), (0, 0, 0, 0, 0, 0, 0, 0, 0, 0, 0, 0), (0, 0, 0, 0, 0, 0, 0, 0, 0, 0, 0, 0), (0, 0, 0, 0, 0, 0, 0, 0, 0, 0, 0, 0), (0, 0, 0, 0, 0, 0, 0, 0, 0, 0, 0, 0), (0, 0, 0, 0, 0, 0, 0, 0, 0, 0, 0, 0), (0, 0, 0, 0, 0, 0, 0, 0, 0, 0, 0, 0), (0, 0, 0, 0, 0, 0, 0, 0, 0, 0, 0, 0), (0, 0, 0, 0, 0, 0, 0, 0, 0, 0, 0, 0), (0, 0, 0, 0, 0, 0, 0, 0, 0, 0, 0, 0), (0, 0, 0, 0, 0, 0, 0, 0, 0, 0, 0, 0), (0, 0, 0, 0, 0, 0, 0, 0, 0, 0, 0, 0), (0, 0, 0, 0, 0, 0, 0, 0, 0, 0, 0, 0)]}}
client Client 26 injecting delay of 5 seconds
client Client 24 injecting delay of 0 seconds
Local parameters compressed: reduced 5180 bytes (7.02%)
client Client 32 injecting delay of 8 seconds
client Client 31 injecting delay of 6 seconds
client Client 29 injecting delay of 5 seconds
client Client 30 injecting delay of 6 seconds
client Client 23 injecting delay of 10 seconds
client Client 34 injecting delay of 1 seconds
client Client 33 injecting delay of 3 seconds
client Client 27 injecting delay of 10 seconds
client Client 25 injecting delay of 6 seconds
client Client 28 injecting delay of 8 seconds
Local parameters compressed: reduced 5182 bytes (7.02%)
Local parameters compressed: reduced 5205 bytes (7.05%)
Local parameters compressed: reduced 5149 bytes (6.98%)
Local parameters compressed: reduced 5173 bytes (7.01%)
Local parameters compressed: reduced 5164 bytes (7.00%)
Local parameters compressed: reduced 5161 bytes (6.99%)
Local parameters compressed: reduced 5187 bytes (7.03%)
Local parameters compressed: reduced 5162 bytes (7.00%)
Local parameters compressed: reduced 5174 bytes (7.01%)
Local parameters compressed: reduced 5139 bytes (6.96%)
Local parameters compressed: reduced 5190 bytes (7.03%)
Results Aggregated in 20.07 seconds.
{'TextMLP': {'train_loss': [0.5792891623179118, 0.5014467905435297, 0.47017436645560795, 0.45722746983038054, 0.4521775260243151, 0.44412024471229977, 0.44242298454907203, 0.43793900502522787, 0.4353147532555792, 0.43124763536585703, 0.4302068508111768, 0.42961622921129067, 0.42993484500050544, 0.4257875705182552, 0.42570198925269975, 0.42431768088936805], 'train_accuracy': [0.7896097222222223, 0.8186854166666667, 0.8303479166666666, 0.8338236111111111, 0.8349347222222222, 0.8374951388888889, 0.8379090277777778, 0.8394854166666667, 0.8407208333333334, 0.8422791666666667, 0.8427347222222222, 0.84290625, 0.8424465277777777, 0.8442381944444445, 0.8440541666666667, 0.8448319444444444], 'train_f1': [0.7889478549870269, 0.8180144063453395, 0.8298666530267709, 0.8331930722634153, 0.8342865661290465, 0.8368662774940007, 0.8376697873254763, 0.8392387696701263, 0.840360405005597, 0.8417628030966672, 0.8423460636096772, 0.842612701200727, 0.8421148579976526, 0.8437472480354166, 0.8434725040848905, 0.8445054963545789], 'train_mae': [0.3333638888888889, 0.2868576388888889, 0.26668333333333333, 0.2635868055555556, 0.2620604166666667, 0.25825, 0.2577215277777778, 0.25643055555555555, 0.25081319444444444, 0.25072222222222224, 0.25088194444444445, 0.24842916666666667, 0.2529361111111111, 0.24759722222222222, 0.24837222222222222, 0.24592777777777777], 'val_loss': [0.5902598157577348, 0.5188216074255475, 0.4885135902281393, 0.476482908150606, 0.4722556992424162, 0.4641290686057325, 0.46274158182374225, 0.45799010778205435, 0.4546242179473241, 0.4515024325251579, 0.45070271485207375, 0.4495276066033464, 0.4504055368325166, 0.44625930105907874, 0.44698449183451505, 0.444655088667284], 'val_accuracy': [0.782390350877193, 0.8110087719298246, 0.8213925438596492, 0.8251644736842105, 0.8271162280701754, 0.8289912280701754, 0.8295723684210526, 0.831655701754386, 0.8325548245614035, 0.8345175438596492, 0.8349013157894736, 0.8357127192982456, 0.835186403508772, 0.8364364035087718, 0.8367324561403509, 0.8378618421052632], 'val_f1': [0.7814984716820766, 0.8102325557744391, 0.8208552372726166, 0.8244275183504421, 0.8264177466011202, 0.8282988047223547, 0.8292973089582156, 0.8313975418743816, 0.8321471820844782, 0.8339599654457455, 0.8344607309385762, 0.8353450722446742, 0.8347940403110444, 0.8358807634071295, 0.836066434366744, 0.8375128887461545], 'val_mae': [0.3447258771929824, 0.29788377192982457, 0.27976973684210527, 0.2754276315789474, 0.27291666666666664, 0.27035087719298245, 0.2698245614035088, 0.2675657894736842, 0.26264254385964914, 0.26168859649122805, 0.26207236842105264, 0.2588486842105263, 0.2631140350877193, 0.2588157894736842, 0.25914473684210526, 0.2564144736842105], 'jsd': [(0, 0, 0, 0, 0, 0, 0, 0, 0, 0, 0, 0), (0, 0, 0, 0, 0, 0, 0, 0, 0, 0, 0, 0), (0, 0, 0, 0, 0, 0, 0, 0, 0, 0, 0, 0), (0, 0, 0, 0, 0, 0, 0, 0, 0, 0, 0, 0), (0, 0, 0, 0, 0, 0, 0, 0, 0, 0, 0, 0), (0, 0, 0, 0, 0, 0, 0, 0, 0, 0, 0, 0), (0, 0, 0, 0, 0, 0, 0, 0, 0, 0, 0, 0), (0, 0, 0, 0, 0, 0, 0, 0, 0, 0, 0, 0), (0, 0, 0, 0, 0, 0, 0, 0, 0, 0, 0, 0), (0, 0, 0, 0, 0, 0, 0, 0, 0, 0, 0, 0), (0, 0, 0, 0, 0, 0, 0, 0, 0, 0, 0, 0), (0, 0, 0, 0, 0, 0, 0, 0, 0, 0, 0, 0), (0, 0, 0, 0, 0, 0, 0, 0, 0, 0, 0, 0), (0, 0, 0, 0, 0, 0, 0, 0, 0, 0, 0, 0), (0, 0, 0, 0, 0, 0, 0, 0, 0, 0, 0, 0), (0, 0, 0, 0, 0, 0, 0, 0, 0, 0, 0, 0)]}}
client Client 26 injecting delay of 8 seconds
client Client 25 injecting delay of 4 seconds
client Client 24 injecting delay of 10 seconds
client Client 29 injecting delay of 4 seconds
client Client 32 injecting delay of 9 seconds
client Client 23 injecting delay of 8 seconds
client Client 34 injecting delay of 5 seconds
client Client 31 injecting delay of 6 seconds
client Client 27 injecting delay of 7 seconds
client Client 33 injecting delay of 8 seconds
client Client 28 injecting delay of 1 seconds
Local parameters compressed: reduced 5163 bytes (7.00%)
client Client 30 injecting delay of 1 seconds
Local parameters compressed: reduced 5132 bytes (6.96%)
Local parameters compressed: reduced 5132 bytes (6.96%)
Local parameters compressed: reduced 5165 bytes (7.00%)
Local parameters compressed: reduced 5161 bytes (6.99%)
Local parameters compressed: reduced 5168 bytes (7.00%)
Local parameters compressed: reduced 5131 bytes (6.95%)
Local parameters compressed: reduced 5154 bytes (6.98%)
Local parameters compressed: reduced 5176 bytes (7.01%)
Local parameters compressed: reduced 5193 bytes (7.04%)
Local parameters compressed: reduced 5158 bytes (6.99%)
Local parameters compressed: reduced 5132 bytes (6.96%)
Results Aggregated in 19.35 seconds.
{'TextMLP': {'train_loss': [0.5792891623179118, 0.5014467905435297, 0.47017436645560795, 0.45722746983038054, 0.4521775260243151, 0.44412024471229977, 0.44242298454907203, 0.43793900502522787, 0.4353147532555792, 0.43124763536585703, 0.4302068508111768, 0.42961622921129067, 0.42993484500050544, 0.4257875705182552, 0.42570198925269975, 0.42431768088936805, 0.4240135118358665], 'train_accuracy': [0.7896097222222223, 0.8186854166666667, 0.8303479166666666, 0.8338236111111111, 0.8349347222222222, 0.8374951388888889, 0.8379090277777778, 0.8394854166666667, 0.8407208333333334, 0.8422791666666667, 0.8427347222222222, 0.84290625, 0.8424465277777777, 0.8442381944444445, 0.8440541666666667, 0.8448319444444444, 0.8447], 'train_f1': [0.7889478549870269, 0.8180144063453395, 0.8298666530267709, 0.8331930722634153, 0.8342865661290465, 0.8368662774940007, 0.8376697873254763, 0.8392387696701263, 0.840360405005597, 0.8417628030966672, 0.8423460636096772, 0.842612701200727, 0.8421148579976526, 0.8437472480354166, 0.8434725040848905, 0.8445054963545789, 0.8444171936494425], 'train_mae': [0.3333638888888889, 0.2868576388888889, 0.26668333333333333, 0.2635868055555556, 0.2620604166666667, 0.25825, 0.2577215277777778, 0.25643055555555555, 0.25081319444444444, 0.25072222222222224, 0.25088194444444445, 0.24842916666666667, 0.2529361111111111, 0.24759722222222222, 0.24837222222222222, 0.24592777777777777, 0.24782916666666666], 'val_loss': [0.5902598157577348, 0.5188216074255475, 0.4885135902281393, 0.476482908150606, 0.4722556992424162, 0.4641290686057325, 0.46274158182374225, 0.45799010778205435, 0.4546242179473241, 0.4515024325251579, 0.45070271485207375, 0.4495276066033464, 0.4504055368325166, 0.44625930105907874, 0.44698449183451505, 0.444655088667284, 0.4446572044021205], 'val_accuracy': [0.782390350877193, 0.8110087719298246, 0.8213925438596492, 0.8251644736842105, 0.8271162280701754, 0.8289912280701754, 0.8295723684210526, 0.831655701754386, 0.8325548245614035, 0.8345175438596492, 0.8349013157894736, 0.8357127192982456, 0.835186403508772, 0.8364364035087718, 0.8367324561403509, 0.8378618421052632, 0.8380263157894736], 'val_f1': [0.7814984716820766, 0.8102325557744391, 0.8208552372726166, 0.8244275183504421, 0.8264177466011202, 0.8282988047223547, 0.8292973089582156, 0.8313975418743816, 0.8321471820844782, 0.8339599654457455, 0.8344607309385762, 0.8353450722446742, 0.8347940403110444, 0.8358807634071295, 0.836066434366744, 0.8375128887461545, 0.8376991334311977], 'val_mae': [0.3447258771929824, 0.29788377192982457, 0.27976973684210527, 0.2754276315789474, 0.27291666666666664, 0.27035087719298245, 0.2698245614035088, 0.2675657894736842, 0.26264254385964914, 0.26168859649122805, 0.26207236842105264, 0.2588486842105263, 0.2631140350877193, 0.2588157894736842, 0.25914473684210526, 0.2564144736842105, 0.2585087719298246], 'jsd': [(0, 0, 0, 0, 0, 0, 0, 0, 0, 0, 0, 0), (0, 0, 0, 0, 0, 0, 0, 0, 0, 0, 0, 0), (0, 0, 0, 0, 0, 0, 0, 0, 0, 0, 0, 0), (0, 0, 0, 0, 0, 0, 0, 0, 0, 0, 0, 0), (0, 0, 0, 0, 0, 0, 0, 0, 0, 0, 0, 0), (0, 0, 0, 0, 0, 0, 0, 0, 0, 0, 0, 0), (0, 0, 0, 0, 0, 0, 0, 0, 0, 0, 0, 0), (0, 0, 0, 0, 0, 0, 0, 0, 0, 0, 0, 0), (0, 0, 0, 0, 0, 0, 0, 0, 0, 0, 0, 0), (0, 0, 0, 0, 0, 0, 0, 0, 0, 0, 0, 0), (0, 0, 0, 0, 0, 0, 0, 0, 0, 0, 0, 0), (0, 0, 0, 0, 0, 0, 0, 0, 0, 0, 0, 0), (0, 0, 0, 0, 0, 0, 0, 0, 0, 0, 0, 0), (0, 0, 0, 0, 0, 0, 0, 0, 0, 0, 0, 0), (0, 0, 0, 0, 0, 0, 0, 0, 0, 0, 0, 0), (0, 0, 0, 0, 0, 0, 0, 0, 0, 0, 0, 0), (0, 0, 0, 0, 0, 0, 0, 0, 0, 0, 0, 0)]}}
client Client 30 injecting delay of 2 seconds
client Client 29 injecting delay of 0 seconds
Local parameters compressed: reduced 5147 bytes (6.98%)
client Client 32 injecting delay of 6 seconds
client Client 26 injecting delay of 4 seconds
client Client 34 injecting delay of 6 seconds
client Client 25 injecting delay of 10 seconds
client Client 24 injecting delay of 0 seconds
Local parameters compressed: reduced 5163 bytes (7.00%)
client Client 33 injecting delay of 5 seconds
client Client 31 injecting delay of 6 seconds
client Client 28 injecting delay of 9 seconds
client Client 27 injecting delay of 2 seconds
client Client 23 injecting delay of 1 seconds
Local parameters compressed: reduced 5159 bytes (6.99%)
Local parameters compressed: reduced 5145 bytes (6.97%)
Local parameters compressed: reduced 5155 bytes (6.99%)
Local parameters compressed: reduced 5142 bytes (6.97%)
Local parameters compressed: reduced 5162 bytes (7.00%)
Local parameters compressed: reduced 5186 bytes (7.03%)
Local parameters compressed: reduced 5141 bytes (6.97%)
Local parameters compressed: reduced 5143 bytes (6.97%)
Local parameters compressed: reduced 5159 bytes (6.99%)
Local parameters compressed: reduced 5138 bytes (6.96%)
Results Aggregated in 19.79 seconds.
{'TextMLP': {'train_loss': [0.5792891623179118, 0.5014467905435297, 0.47017436645560795, 0.45722746983038054, 0.4521775260243151, 0.44412024471229977, 0.44242298454907203, 0.43793900502522787, 0.4353147532555792, 0.43124763536585703, 0.4302068508111768, 0.42961622921129067, 0.42993484500050544, 0.4257875705182552, 0.42570198925269975, 0.42431768088936805, 0.4240135118358665, 0.42194025160537824], 'train_accuracy': [0.7896097222222223, 0.8186854166666667, 0.8303479166666666, 0.8338236111111111, 0.8349347222222222, 0.8374951388888889, 0.8379090277777778, 0.8394854166666667, 0.8407208333333334, 0.8422791666666667, 0.8427347222222222, 0.84290625, 0.8424465277777777, 0.8442381944444445, 0.8440541666666667, 0.8448319444444444, 0.8447, 0.8454979166666666], 'train_f1': [0.7889478549870269, 0.8180144063453395, 0.8298666530267709, 0.8331930722634153, 0.8342865661290465, 0.8368662774940007, 0.8376697873254763, 0.8392387696701263, 0.840360405005597, 0.8417628030966672, 0.8423460636096772, 0.842612701200727, 0.8421148579976526, 0.8437472480354166, 0.8434725040848905, 0.8445054963545789, 0.8444171936494425, 0.845277640508331], 'train_mae': [0.3333638888888889, 0.2868576388888889, 0.26668333333333333, 0.2635868055555556, 0.2620604166666667, 0.25825, 0.2577215277777778, 0.25643055555555555, 0.25081319444444444, 0.25072222222222224, 0.25088194444444445, 0.24842916666666667, 0.2529361111111111, 0.24759722222222222, 0.24837222222222222, 0.24592777777777777, 0.24782916666666666, 0.2474763888888889], 'val_loss': [0.5902598157577348, 0.5188216074255475, 0.4885135902281393, 0.476482908150606, 0.4722556992424162, 0.4641290686057325, 0.46274158182374225, 0.45799010778205435, 0.4546242179473241, 0.4515024325251579, 0.45070271485207375, 0.4495276066033464, 0.4504055368325166, 0.44625930105907874, 0.44698449183451505, 0.444655088667284, 0.4446572044021205, 0.44308624387833107], 'val_accuracy': [0.782390350877193, 0.8110087719298246, 0.8213925438596492, 0.8251644736842105, 0.8271162280701754, 0.8289912280701754, 0.8295723684210526, 0.831655701754386, 0.8325548245614035, 0.8345175438596492, 0.8349013157894736, 0.8357127192982456, 0.835186403508772, 0.8364364035087718, 0.8367324561403509, 0.8378618421052632, 0.8380263157894736, 0.8392324561403508], 'val_f1': [0.7814984716820766, 0.8102325557744391, 0.8208552372726166, 0.8244275183504421, 0.8264177466011202, 0.8282988047223547, 0.8292973089582156, 0.8313975418743816, 0.8321471820844782, 0.8339599654457455, 0.8344607309385762, 0.8353450722446742, 0.8347940403110444, 0.8358807634071295, 0.836066434366744, 0.8375128887461545, 0.8376991334311977, 0.8389606925707761], 'val_mae': [0.3447258771929824, 0.29788377192982457, 0.27976973684210527, 0.2754276315789474, 0.27291666666666664, 0.27035087719298245, 0.2698245614035088, 0.2675657894736842, 0.26264254385964914, 0.26168859649122805, 0.26207236842105264, 0.2588486842105263, 0.2631140350877193, 0.2588157894736842, 0.25914473684210526, 0.2564144736842105, 0.2585087719298246, 0.257905701754386], 'jsd': [(0, 0, 0, 0, 0, 0, 0, 0, 0, 0, 0, 0), (0, 0, 0, 0, 0, 0, 0, 0, 0, 0, 0, 0), (0, 0, 0, 0, 0, 0, 0, 0, 0, 0, 0, 0), (0, 0, 0, 0, 0, 0, 0, 0, 0, 0, 0, 0), (0, 0, 0, 0, 0, 0, 0, 0, 0, 0, 0, 0), (0, 0, 0, 0, 0, 0, 0, 0, 0, 0, 0, 0), (0, 0, 0, 0, 0, 0, 0, 0, 0, 0, 0, 0), (0, 0, 0, 0, 0, 0, 0, 0, 0, 0, 0, 0), (0, 0, 0, 0, 0, 0, 0, 0, 0, 0, 0, 0), (0, 0, 0, 0, 0, 0, 0, 0, 0, 0, 0, 0), (0, 0, 0, 0, 0, 0, 0, 0, 0, 0, 0, 0), (0, 0, 0, 0, 0, 0, 0, 0, 0, 0, 0, 0), (0, 0, 0, 0, 0, 0, 0, 0, 0, 0, 0, 0), (0, 0, 0, 0, 0, 0, 0, 0, 0, 0, 0, 0), (0, 0, 0, 0, 0, 0, 0, 0, 0, 0, 0, 0), (0, 0, 0, 0, 0, 0, 0, 0, 0, 0, 0, 0), (0, 0, 0, 0, 0, 0, 0, 0, 0, 0, 0, 0), (0, 0, 0, 0, 0, 0, 0, 0, 0, 0, 0, 0)]}}
client Client 26 injecting delay of 7 seconds
client Client 29 injecting delay of 4 seconds
client Client 30 injecting delay of 1 seconds
client Client 24 injecting delay of 8 seconds
client Client 25 injecting delay of 0 seconds
Local parameters compressed: reduced 5156 bytes (6.99%)
client Client 32 injecting delay of 10 seconds
client Client 33 injecting delay of 4 seconds
client Client 34 injecting delay of 6 seconds
client Client 31 injecting delay of 1 seconds
client Client 27 injecting delay of 8 seconds
client Client 28 injecting delay of 9 seconds
client Client 23 injecting delay of 7 seconds
Local parameters compressed: reduced 5136 bytes (6.96%)
Local parameters compressed: reduced 5115 bytes (6.93%)
Local parameters compressed: reduced 5166 bytes (7.00%)
Local parameters compressed: reduced 5148 bytes (6.98%)
Local parameters compressed: reduced 5127 bytes (6.95%)
Local parameters compressed: reduced 5152 bytes (6.98%)
Local parameters compressed: reduced 5139 bytes (6.96%)
Local parameters compressed: reduced 5166 bytes (7.00%)
Local parameters compressed: reduced 5128 bytes (6.95%)
Local parameters compressed: reduced 5170 bytes (7.01%)
Local parameters compressed: reduced 5132 bytes (6.96%)
Results Aggregated in 19.29 seconds.
{'TextMLP': {'train_loss': [0.5792891623179118, 0.5014467905435297, 0.47017436645560795, 0.45722746983038054, 0.4521775260243151, 0.44412024471229977, 0.44242298454907203, 0.43793900502522787, 0.4353147532555792, 0.43124763536585703, 0.4302068508111768, 0.42961622921129067, 0.42993484500050544, 0.4257875705182552, 0.42570198925269975, 0.42431768088936805, 0.4240135118358665, 0.42194025160537824, 0.42054339976741206], 'train_accuracy': [0.7896097222222223, 0.8186854166666667, 0.8303479166666666, 0.8338236111111111, 0.8349347222222222, 0.8374951388888889, 0.8379090277777778, 0.8394854166666667, 0.8407208333333334, 0.8422791666666667, 0.8427347222222222, 0.84290625, 0.8424465277777777, 0.8442381944444445, 0.8440541666666667, 0.8448319444444444, 0.8447, 0.8454979166666666, 0.8458777777777777], 'train_f1': [0.7889478549870269, 0.8180144063453395, 0.8298666530267709, 0.8331930722634153, 0.8342865661290465, 0.8368662774940007, 0.8376697873254763, 0.8392387696701263, 0.840360405005597, 0.8417628030966672, 0.8423460636096772, 0.842612701200727, 0.8421148579976526, 0.8437472480354166, 0.8434725040848905, 0.8445054963545789, 0.8444171936494425, 0.845277640508331, 0.8454290732886309], 'train_mae': [0.3333638888888889, 0.2868576388888889, 0.26668333333333333, 0.2635868055555556, 0.2620604166666667, 0.25825, 0.2577215277777778, 0.25643055555555555, 0.25081319444444444, 0.25072222222222224, 0.25088194444444445, 0.24842916666666667, 0.2529361111111111, 0.24759722222222222, 0.24837222222222222, 0.24592777777777777, 0.24782916666666666, 0.2474763888888889, 0.24448333333333333], 'val_loss': [0.5902598157577348, 0.5188216074255475, 0.4885135902281393, 0.476482908150606, 0.4722556992424162, 0.4641290686057325, 0.46274158182374225, 0.45799010778205435, 0.4546242179473241, 0.4515024325251579, 0.45070271485207375, 0.4495276066033464, 0.4504055368325166, 0.44625930105907874, 0.44698449183451505, 0.444655088667284, 0.4446572044021205, 0.44308624387833107, 0.4420237514219786], 'val_accuracy': [0.782390350877193, 0.8110087719298246, 0.8213925438596492, 0.8251644736842105, 0.8271162280701754, 0.8289912280701754, 0.8295723684210526, 0.831655701754386, 0.8325548245614035, 0.8345175438596492, 0.8349013157894736, 0.8357127192982456, 0.835186403508772, 0.8364364035087718, 0.8367324561403509, 0.8378618421052632, 0.8380263157894736, 0.8392324561403508, 0.839703947368421], 'val_f1': [0.7814984716820766, 0.8102325557744391, 0.8208552372726166, 0.8244275183504421, 0.8264177466011202, 0.8282988047223547, 0.8292973089582156, 0.8313975418743816, 0.8321471820844782, 0.8339599654457455, 0.8344607309385762, 0.8353450722446742, 0.8347940403110444, 0.8358807634071295, 0.836066434366744, 0.8375128887461545, 0.8376991334311977, 0.8389606925707761, 0.8392278155603012], 'val_mae': [0.3447258771929824, 0.29788377192982457, 0.27976973684210527, 0.2754276315789474, 0.27291666666666664, 0.27035087719298245, 0.2698245614035088, 0.2675657894736842, 0.26264254385964914, 0.26168859649122805, 0.26207236842105264, 0.2588486842105263, 0.2631140350877193, 0.2588157894736842, 0.25914473684210526, 0.2564144736842105, 0.2585087719298246, 0.257905701754386, 0.2543201754385965], 'jsd': [(0, 0, 0, 0, 0, 0, 0, 0, 0, 0, 0, 0), (0, 0, 0, 0, 0, 0, 0, 0, 0, 0, 0, 0), (0, 0, 0, 0, 0, 0, 0, 0, 0, 0, 0, 0), (0, 0, 0, 0, 0, 0, 0, 0, 0, 0, 0, 0), (0, 0, 0, 0, 0, 0, 0, 0, 0, 0, 0, 0), (0, 0, 0, 0, 0, 0, 0, 0, 0, 0, 0, 0), (0, 0, 0, 0, 0, 0, 0, 0, 0, 0, 0, 0), (0, 0, 0, 0, 0, 0, 0, 0, 0, 0, 0, 0), (0, 0, 0, 0, 0, 0, 0, 0, 0, 0, 0, 0), (0, 0, 0, 0, 0, 0, 0, 0, 0, 0, 0, 0), (0, 0, 0, 0, 0, 0, 0, 0, 0, 0, 0, 0), (0, 0, 0, 0, 0, 0, 0, 0, 0, 0, 0, 0), (0, 0, 0, 0, 0, 0, 0, 0, 0, 0, 0, 0), (0, 0, 0, 0, 0, 0, 0, 0, 0, 0, 0, 0), (0, 0, 0, 0, 0, 0, 0, 0, 0, 0, 0, 0), (0, 0, 0, 0, 0, 0, 0, 0, 0, 0, 0, 0), (0, 0, 0, 0, 0, 0, 0, 0, 0, 0, 0, 0), (0, 0, 0, 0, 0, 0, 0, 0, 0, 0, 0, 0), (0, 0, 0, 0, 0, 0, 0, 0, 0, 0, 0, 0)]}}
client Client 33 injecting delay of 1 seconds
client Client 32 injecting delay of 1 seconds
client Client 25 injecting delay of 4 seconds
client Client 26 injecting delay of 0 seconds
client Client 29 injecting delay of 3 seconds
Local parameters compressed: reduced 5099 bytes (6.91%)
client Client 30 injecting delay of 0 seconds
Local parameters compressed: reduced 5160 bytes (6.99%)
client Client 23 injecting delay of 6 seconds
client Client 34 injecting delay of 9 seconds
client Client 24 injecting delay of 6 seconds
client Client 28 injecting delay of 6 seconds
client Client 27 injecting delay of 6 seconds
client Client 31 injecting delay of 7 seconds
Local parameters compressed: reduced 5126 bytes (6.95%)
Local parameters compressed: reduced 5116 bytes (6.93%)
Local parameters compressed: reduced 5140 bytes (6.97%)
Local parameters compressed: reduced 5144 bytes (6.97%)
Local parameters compressed: reduced 5153 bytes (6.98%)
Local parameters compressed: reduced 5155 bytes (6.99%)
Local parameters compressed: reduced 5116 bytes (6.93%)
Local parameters compressed: reduced 5114 bytes (6.93%)
Local parameters compressed: reduced 5120 bytes (6.94%)
Local parameters compressed: reduced 5129 bytes (6.95%)
Results Aggregated in 18.40 seconds.
{'TextMLP': {'train_loss': [0.5792891623179118, 0.5014467905435297, 0.47017436645560795, 0.45722746983038054, 0.4521775260243151, 0.44412024471229977, 0.44242298454907203, 0.43793900502522787, 0.4353147532555792, 0.43124763536585703, 0.4302068508111768, 0.42961622921129067, 0.42993484500050544, 0.4257875705182552, 0.42570198925269975, 0.42431768088936805, 0.4240135118358665, 0.42194025160537824, 0.42054339976741206, 0.42003899914688536], 'train_accuracy': [0.7896097222222223, 0.8186854166666667, 0.8303479166666666, 0.8338236111111111, 0.8349347222222222, 0.8374951388888889, 0.8379090277777778, 0.8394854166666667, 0.8407208333333334, 0.8422791666666667, 0.8427347222222222, 0.84290625, 0.8424465277777777, 0.8442381944444445, 0.8440541666666667, 0.8448319444444444, 0.8447, 0.8454979166666666, 0.8458777777777777, 0.8464625], 'train_f1': [0.7889478549870269, 0.8180144063453395, 0.8298666530267709, 0.8331930722634153, 0.8342865661290465, 0.8368662774940007, 0.8376697873254763, 0.8392387696701263, 0.840360405005597, 0.8417628030966672, 0.8423460636096772, 0.842612701200727, 0.8421148579976526, 0.8437472480354166, 0.8434725040848905, 0.8445054963545789, 0.8444171936494425, 0.845277640508331, 0.8454290732886309, 0.8464053012690351], 'train_mae': [0.3333638888888889, 0.2868576388888889, 0.26668333333333333, 0.2635868055555556, 0.2620604166666667, 0.25825, 0.2577215277777778, 0.25643055555555555, 0.25081319444444444, 0.25072222222222224, 0.25088194444444445, 0.24842916666666667, 0.2529361111111111, 0.24759722222222222, 0.24837222222222222, 0.24592777777777777, 0.24782916666666666, 0.2474763888888889, 0.24448333333333333, 0.24506180555555557], 'val_loss': [0.5902598157577348, 0.5188216074255475, 0.4885135902281393, 0.476482908150606, 0.4722556992424162, 0.4641290686057325, 0.46274158182374225, 0.45799010778205435, 0.4546242179473241, 0.4515024325251579, 0.45070271485207375, 0.4495276066033464, 0.4504055368325166, 0.44625930105907874, 0.44698449183451505, 0.444655088667284, 0.4446572044021205, 0.44308624387833107, 0.4420237514219786, 0.44120086915137474], 'val_accuracy': [0.782390350877193, 0.8110087719298246, 0.8213925438596492, 0.8251644736842105, 0.8271162280701754, 0.8289912280701754, 0.8295723684210526, 0.831655701754386, 0.8325548245614035, 0.8345175438596492, 0.8349013157894736, 0.8357127192982456, 0.835186403508772, 0.8364364035087718, 0.8367324561403509, 0.8378618421052632, 0.8380263157894736, 0.8392324561403508, 0.839703947368421, 0.8403179824561403], 'val_f1': [0.7814984716820766, 0.8102325557744391, 0.8208552372726166, 0.8244275183504421, 0.8264177466011202, 0.8282988047223547, 0.8292973089582156, 0.8313975418743816, 0.8321471820844782, 0.8339599654457455, 0.8344607309385762, 0.8353450722446742, 0.8347940403110444, 0.8358807634071295, 0.836066434366744, 0.8375128887461545, 0.8376991334311977, 0.8389606925707761, 0.8392278155603012, 0.8402430817041268], 'val_mae': [0.3447258771929824, 0.29788377192982457, 0.27976973684210527, 0.2754276315789474, 0.27291666666666664, 0.27035087719298245, 0.2698245614035088, 0.2675657894736842, 0.26264254385964914, 0.26168859649122805, 0.26207236842105264, 0.2588486842105263, 0.2631140350877193, 0.2588157894736842, 0.25914473684210526, 0.2564144736842105, 0.2585087719298246, 0.257905701754386, 0.2543201754385965, 0.25456140350877193], 'jsd': [(0, 0, 0, 0, 0, 0, 0, 0, 0, 0, 0, 0), (0, 0, 0, 0, 0, 0, 0, 0, 0, 0, 0, 0), (0, 0, 0, 0, 0, 0, 0, 0, 0, 0, 0, 0), (0, 0, 0, 0, 0, 0, 0, 0, 0, 0, 0, 0), (0, 0, 0, 0, 0, 0, 0, 0, 0, 0, 0, 0), (0, 0, 0, 0, 0, 0, 0, 0, 0, 0, 0, 0), (0, 0, 0, 0, 0, 0, 0, 0, 0, 0, 0, 0), (0, 0, 0, 0, 0, 0, 0, 0, 0, 0, 0, 0), (0, 0, 0, 0, 0, 0, 0, 0, 0, 0, 0, 0), (0, 0, 0, 0, 0, 0, 0, 0, 0, 0, 0, 0), (0, 0, 0, 0, 0, 0, 0, 0, 0, 0, 0, 0), (0, 0, 0, 0, 0, 0, 0, 0, 0, 0, 0, 0), (0, 0, 0, 0, 0, 0, 0, 0, 0, 0, 0, 0), (0, 0, 0, 0, 0, 0, 0, 0, 0, 0, 0, 0), (0, 0, 0, 0, 0, 0, 0, 0, 0, 0, 0, 0), (0, 0, 0, 0, 0, 0, 0, 0, 0, 0, 0, 0), (0, 0, 0, 0, 0, 0, 0, 0, 0, 0, 0, 0), (0, 0, 0, 0, 0, 0, 0, 0, 0, 0, 0, 0), (0, 0, 0, 0, 0, 0, 0, 0, 0, 0, 0, 0), (0, 0, 0, 0, 0, 0, 0, 0, 0, 0, 0, 0)]}}
