==========================================
  ___  ______  ___ ______       _ 
 / _ \ | ___ \/   ||  ___|     | |
/ /_\ \| |_/ / /| || |_ ___  __| |
|  _  ||  __/ /_| ||  _/ _ \/ _` |
| | | || |  \___  || ||  __/ (_| |
\_| |_/\_|      |_/\_| \___|\__,_| v.1.5.0

==========================================
Simulation Started!
List of the Architectural Patterns enabled:
Adaptation Enabled ✅
Metric: time, predictor-based: predictors/f1overtime_randfor_compressor_text.pkl
Client Registry ✅
Message Compressor ✅
==========================================
client Client 27 injecting delay of 0 seconds
Local parameters compressed: reduced 5300 bytes (7.18%)
client Client 26 injecting delay of 8 seconds
client Client 23 injecting delay of 6 seconds
client Client 25 injecting delay of 8 seconds
client Client 24 injecting delay of 2 seconds
client Client 28 injecting delay of 9 seconds
Local parameters compressed: reduced 5287 bytes (7.17%)
Local parameters compressed: reduced 5315 bytes (7.20%)
Local parameters compressed: reduced 5280 bytes (7.16%)
Local parameters compressed: reduced 5304 bytes (7.19%)
Local parameters compressed: reduced 5299 bytes (7.18%)
Results Aggregated in 35.89 seconds.
{'TextMLP': {'train_loss': [0.5984592064142227], 'train_accuracy': [0.7828819444444445], 'train_f1': [0.7820040737346746], 'train_mae': [0.34205694444444446], 'val_loss': [0.6084578206873777], 'val_accuracy': [0.776578947368421], 'val_f1': [0.7756944478688245], 'val_mae': [0.34776315789473683], 'jsd': [(0, 0, 0, 0, 0, 0)]}}
AdaptationManager: Configuring next round...
{'client_registry': {'enabled': True, 'params': {}}, 'client_selector': {'enabled': False, 'params': {}}, 'client_cluster': {'enabled': False, 'params': {}}, 'message_compressor': {'enabled': True, 'params': {}}, 'model_co-versioning_registry': {'enabled': False, 'params': {}}, 'multi-task_model_trainer': {'enabled': False, 'params': {}}, 'heterogeneous_data_handler': {'enabled': False, 'params': {}}}
{'client_selector': {'enabled': False}, 'client_cluster': {'enabled': False}, 'message_compressor': {'enabled': True}, 'model_co-versioning_registry': {'enabled': False}, 'multi-task_model_trainer': {'enabled': False}, 'heterogeneous_data_handler': {'enabled': False}, 'client_registry': {'enabled': True, 'params': {}}}
100.0-iid clients, predicted wo:20.0824 vs w:18.4961, message_compressor activated ✅
client Client 23 injecting delay of 3 seconds
client Client 25 injecting delay of 2 seconds
client Client 24 injecting delay of 9 seconds
client Client 26 injecting delay of 6 seconds
client Client 28 injecting delay of 8 seconds
client Client 27 injecting delay of 4 seconds
Local parameters compressed: reduced 5261 bytes (7.13%)
Local parameters compressed: reduced 5225 bytes (7.08%)
Local parameters compressed: reduced 5268 bytes (7.14%)
Local parameters compressed: reduced 5253 bytes (7.12%)
Local parameters compressed: reduced 5220 bytes (7.07%)
Local parameters compressed: reduced 5235 bytes (7.09%)
Results Aggregated in 20.21 seconds.
{'TextMLP': {'train_loss': [0.5984592064142227, 0.5051343001405398], 'train_accuracy': [0.7828819444444445, 0.8172680555555556], 'train_f1': [0.7820040737346746, 0.816543126394982], 'train_mae': [0.34205694444444446, 0.2892125], 'val_loss': [0.6084578206873777, 0.5188067350994077], 'val_accuracy': [0.776578947368421, 0.8091885964912282], 'val_f1': [0.7756944478688245, 0.8083545948077496], 'val_mae': [0.34776315789473683, 0.2992982456140351], 'jsd': [(0, 0, 0, 0, 0, 0), (0, 0, 0, 0, 0, 0)]}}
AdaptationManager: Configuring next round...
{'client_registry': {'enabled': True, 'params': {}}, 'client_selector': {'enabled': False, 'params': {}}, 'client_cluster': {'enabled': False, 'params': {}}, 'message_compressor': {'enabled': True, 'params': {}}, 'model_co-versioning_registry': {'enabled': False, 'params': {}}, 'multi-task_model_trainer': {'enabled': False, 'params': {}}, 'heterogeneous_data_handler': {'enabled': False, 'params': {}}}
{'client_selector': {'enabled': False}, 'client_cluster': {'enabled': False}, 'message_compressor': {'enabled': True}, 'model_co-versioning_registry': {'enabled': False}, 'multi-task_model_trainer': {'enabled': False}, 'heterogeneous_data_handler': {'enabled': False}, 'client_registry': {'enabled': True, 'params': {}}}
100.0-iid clients, predicted wo:19.6704 vs w:19.2661, message_compressor activated ✅
client Client 23 injecting delay of 10 seconds
client Client 24 injecting delay of 5 seconds
client Client 28 injecting delay of 7 seconds
client Client 26 injecting delay of 8 seconds
client Client 27 injecting delay of 9 seconds
client Client 25 injecting delay of 10 seconds
Local parameters compressed: reduced 5251 bytes (7.12%)
Local parameters compressed: reduced 5208 bytes (7.06%)
Local parameters compressed: reduced 5228 bytes (7.09%)
Local parameters compressed: reduced 5221 bytes (7.08%)
Local parameters compressed: reduced 5209 bytes (7.06%)
Local parameters compressed: reduced 5247 bytes (7.11%)
Results Aggregated in 20.54 seconds.
{'TextMLP': {'train_loss': [0.5984592064142227, 0.5051343001405398, 0.4806788875420888], 'train_accuracy': [0.7828819444444445, 0.8172680555555556, 0.8249347222222222], 'train_f1': [0.7820040737346746, 0.816543126394982, 0.8248527527987553], 'train_mae': [0.34205694444444446, 0.2892125, 0.27786944444444445], 'val_loss': [0.6084578206873777, 0.5188067350994077, 0.49652315593602364], 'val_accuracy': [0.776578947368421, 0.8091885964912282, 0.8156140350877192], 'val_f1': [0.7756944478688245, 0.8083545948077496, 0.8155030916348517], 'val_mae': [0.34776315789473683, 0.2992982456140351, 0.28982456140350876], 'jsd': [(0, 0, 0, 0, 0, 0), (0, 0, 0, 0, 0, 0), (0, 0, 0, 0, 0, 0)]}}
AdaptationManager: Configuring next round...
{'client_registry': {'enabled': True, 'params': {}}, 'client_selector': {'enabled': False, 'params': {}}, 'client_cluster': {'enabled': False, 'params': {}}, 'message_compressor': {'enabled': True, 'params': {}}, 'model_co-versioning_registry': {'enabled': False, 'params': {}}, 'multi-task_model_trainer': {'enabled': False, 'params': {}}, 'heterogeneous_data_handler': {'enabled': False, 'params': {}}}
{'client_selector': {'enabled': False}, 'client_cluster': {'enabled': False}, 'message_compressor': {'enabled': True}, 'model_co-versioning_registry': {'enabled': False}, 'multi-task_model_trainer': {'enabled': False}, 'heterogeneous_data_handler': {'enabled': False}, 'client_registry': {'enabled': True, 'params': {}}}
100.0-iid clients, predicted wo:20.4008 vs w:19.0958, message_compressor activated ✅
client Client 25 injecting delay of 9 seconds
client Client 23 injecting delay of 6 seconds
client Client 27 injecting delay of 3 seconds
client Client 24 injecting delay of 5 seconds
client Client 26 injecting delay of 6 seconds
client Client 28 injecting delay of 9 seconds
Local parameters compressed: reduced 5193 bytes (7.04%)
Local parameters compressed: reduced 5196 bytes (7.04%)
Local parameters compressed: reduced 5157 bytes (6.99%)
Local parameters compressed: reduced 5195 bytes (7.04%)
Local parameters compressed: reduced 5208 bytes (7.06%)
Local parameters compressed: reduced 5213 bytes (7.06%)
Results Aggregated in 18.43 seconds.
{'TextMLP': {'train_loss': [0.5984592064142227, 0.5051343001405398, 0.4806788875420888, 0.4571356072439088], 'train_accuracy': [0.7828819444444445, 0.8172680555555556, 0.8249347222222222, 0.8338472222222222], 'train_f1': [0.7820040737346746, 0.816543126394982, 0.8248527527987553, 0.8329852980280095], 'train_mae': [0.34205694444444446, 0.2892125, 0.27786944444444445, 0.2649680555555556], 'val_loss': [0.6084578206873777, 0.5188067350994077, 0.49652315593602364, 0.47487401845162375], 'val_accuracy': [0.776578947368421, 0.8091885964912282, 0.8156140350877192, 0.823969298245614], 'val_f1': [0.7756944478688245, 0.8083545948077496, 0.8155030916348517, 0.8229994169345525], 'val_mae': [0.34776315789473683, 0.2992982456140351, 0.28982456140350876, 0.277719298245614], 'jsd': [(0, 0, 0, 0, 0, 0), (0, 0, 0, 0, 0, 0), (0, 0, 0, 0, 0, 0), (0, 0, 0, 0, 0, 0)]}}
AdaptationManager: Configuring next round...
{'client_registry': {'enabled': True, 'params': {}}, 'client_selector': {'enabled': False, 'params': {}}, 'client_cluster': {'enabled': False, 'params': {}}, 'message_compressor': {'enabled': True, 'params': {}}, 'model_co-versioning_registry': {'enabled': False, 'params': {}}, 'multi-task_model_trainer': {'enabled': False, 'params': {}}, 'heterogeneous_data_handler': {'enabled': False, 'params': {}}}
{'client_selector': {'enabled': False}, 'client_cluster': {'enabled': False}, 'message_compressor': {'enabled': True}, 'model_co-versioning_registry': {'enabled': False}, 'multi-task_model_trainer': {'enabled': False}, 'heterogeneous_data_handler': {'enabled': False}, 'client_registry': {'enabled': True, 'params': {}}}
100.0-iid clients, predicted wo:20.3445 vs w:19.5935, message_compressor activated ✅
client Client 28 injecting delay of 10 seconds
client Client 23 injecting delay of 3 seconds
client Client 26 injecting delay of 10 seconds
client Client 27 injecting delay of 0 seconds
Local parameters compressed: reduced 5170 bytes (7.01%)
client Client 25 injecting delay of 0 seconds
Local parameters compressed: reduced 5166 bytes (7.00%)
client Client 24 injecting delay of 9 seconds
Local parameters compressed: reduced 5158 bytes (6.99%)
Local parameters compressed: reduced 5211 bytes (7.06%)
Local parameters compressed: reduced 5152 bytes (6.98%)
Local parameters compressed: reduced 5190 bytes (7.03%)
Results Aggregated in 19.61 seconds.
{'TextMLP': {'train_loss': [0.5984592064142227, 0.5051343001405398, 0.4806788875420888, 0.4571356072439088, 0.45098572196563086], 'train_accuracy': [0.7828819444444445, 0.8172680555555556, 0.8249347222222222, 0.8338472222222222, 0.8356263888888888], 'train_f1': [0.7820040737346746, 0.816543126394982, 0.8248527527987553, 0.8329852980280095, 0.8351340656973492], 'train_mae': [0.34205694444444446, 0.2892125, 0.27786944444444445, 0.2649680555555556, 0.2629861111111111], 'val_loss': [0.6084578206873777, 0.5188067350994077, 0.49652315593602364, 0.47487401845162375, 0.46900793195816504], 'val_accuracy': [0.776578947368421, 0.8091885964912282, 0.8156140350877192, 0.823969298245614, 0.8263157894736841], 'val_f1': [0.7756944478688245, 0.8083545948077496, 0.8155030916348517, 0.8229994169345525, 0.8257982994695361], 'val_mae': [0.34776315789473683, 0.2992982456140351, 0.28982456140350876, 0.277719298245614, 0.2743640350877193], 'jsd': [(0, 0, 0, 0, 0, 0), (0, 0, 0, 0, 0, 0), (0, 0, 0, 0, 0, 0), (0, 0, 0, 0, 0, 0), (0, 0, 0, 0, 0, 0)]}}
AdaptationManager: Configuring next round...
{'client_registry': {'enabled': True, 'params': {}}, 'client_selector': {'enabled': False, 'params': {}}, 'client_cluster': {'enabled': False, 'params': {}}, 'message_compressor': {'enabled': True, 'params': {}}, 'model_co-versioning_registry': {'enabled': False, 'params': {}}, 'multi-task_model_trainer': {'enabled': False, 'params': {}}, 'heterogeneous_data_handler': {'enabled': False, 'params': {}}}
{'client_selector': {'enabled': False}, 'client_cluster': {'enabled': False}, 'message_compressor': {'enabled': True}, 'model_co-versioning_registry': {'enabled': False}, 'multi-task_model_trainer': {'enabled': False}, 'heterogeneous_data_handler': {'enabled': False}, 'client_registry': {'enabled': True, 'params': {}}}
100.0-iid clients, predicted wo:20.6996 vs w:18.6317, message_compressor activated ✅
client Client 28 injecting delay of 0 seconds
Local parameters compressed: reduced 5166 bytes (7.00%)
client Client 23 injecting delay of 8 seconds
client Client 26 injecting delay of 7 seconds
client Client 27 injecting delay of 8 seconds
client Client 25 injecting delay of 10 seconds
client Client 24 injecting delay of 3 seconds
Local parameters compressed: reduced 5157 bytes (6.99%)
Local parameters compressed: reduced 5156 bytes (6.99%)
Local parameters compressed: reduced 5171 bytes (7.01%)
Local parameters compressed: reduced 5139 bytes (6.96%)
Local parameters compressed: reduced 5144 bytes (6.97%)
Results Aggregated in 19.50 seconds.
{'TextMLP': {'train_loss': [0.5984592064142227, 0.5051343001405398, 0.4806788875420888, 0.4571356072439088, 0.45098572196563086, 0.44265883273945916], 'train_accuracy': [0.7828819444444445, 0.8172680555555556, 0.8249347222222222, 0.8338472222222222, 0.8356263888888888, 0.8387097222222222], 'train_f1': [0.7820040737346746, 0.816543126394982, 0.8248527527987553, 0.8329852980280095, 0.8351340656973492, 0.8381501313665944], 'train_mae': [0.34205694444444446, 0.2892125, 0.27786944444444445, 0.2649680555555556, 0.2629861111111111, 0.25605972222222223], 'val_loss': [0.6084578206873777, 0.5188067350994077, 0.49652315593602364, 0.47487401845162375, 0.46900793195816504, 0.46076562269737853], 'val_accuracy': [0.776578947368421, 0.8091885964912282, 0.8156140350877192, 0.823969298245614, 0.8263157894736841, 0.8292763157894736], 'val_f1': [0.7756944478688245, 0.8083545948077496, 0.8155030916348517, 0.8229994169345525, 0.8257982994695361, 0.8286140546984925], 'val_mae': [0.34776315789473683, 0.2992982456140351, 0.28982456140350876, 0.277719298245614, 0.2743640350877193, 0.2686184210526316], 'jsd': [(0, 0, 0, 0, 0, 0), (0, 0, 0, 0, 0, 0), (0, 0, 0, 0, 0, 0), (0, 0, 0, 0, 0, 0), (0, 0, 0, 0, 0, 0), (0, 0, 0, 0, 0, 0)]}}
AdaptationManager: Configuring next round...
{'client_registry': {'enabled': True, 'params': {}}, 'client_selector': {'enabled': False, 'params': {}}, 'client_cluster': {'enabled': False, 'params': {}}, 'message_compressor': {'enabled': True, 'params': {}}, 'model_co-versioning_registry': {'enabled': False, 'params': {}}, 'multi-task_model_trainer': {'enabled': False, 'params': {}}, 'heterogeneous_data_handler': {'enabled': False, 'params': {}}}
{'client_selector': {'enabled': False}, 'client_cluster': {'enabled': False}, 'message_compressor': {'enabled': True}, 'model_co-versioning_registry': {'enabled': False}, 'multi-task_model_trainer': {'enabled': False}, 'heterogeneous_data_handler': {'enabled': False}, 'client_registry': {'enabled': True, 'params': {}}}
100.0-iid clients, predicted wo:20.9964 vs w:18.6571, message_compressor activated ✅
client Client 23 injecting delay of 5 seconds
client Client 28 injecting delay of 6 seconds
client Client 24 injecting delay of 10 seconds
client Client 27 injecting delay of 4 seconds
client Client 26 injecting delay of 5 seconds
client Client 25 injecting delay of 9 seconds
Local parameters compressed: reduced 5164 bytes (7.00%)
Local parameters compressed: reduced 5163 bytes (7.00%)
Local parameters compressed: reduced 5170 bytes (7.01%)
Local parameters compressed: reduced 5118 bytes (6.94%)
Local parameters compressed: reduced 5168 bytes (7.00%)
Local parameters compressed: reduced 5129 bytes (6.95%)
Results Aggregated in 19.13 seconds.
{'TextMLP': {'train_loss': [0.5984592064142227, 0.5051343001405398, 0.4806788875420888, 0.4571356072439088, 0.45098572196563086, 0.44265883273945916, 0.4383304691751798], 'train_accuracy': [0.7828819444444445, 0.8172680555555556, 0.8249347222222222, 0.8338472222222222, 0.8356263888888888, 0.8387097222222222, 0.8397916666666667], 'train_f1': [0.7820040737346746, 0.816543126394982, 0.8248527527987553, 0.8329852980280095, 0.8351340656973492, 0.8381501313665944, 0.8391414536886177], 'train_mae': [0.34205694444444446, 0.2892125, 0.27786944444444445, 0.2649680555555556, 0.2629861111111111, 0.25605972222222223, 0.25505972222222223], 'val_loss': [0.6084578206873777, 0.5188067350994077, 0.49652315593602364, 0.47487401845162375, 0.46900793195816504, 0.46076562269737853, 0.4577423904025764], 'val_accuracy': [0.776578947368421, 0.8091885964912282, 0.8156140350877192, 0.823969298245614, 0.8263157894736841, 0.8292763157894736, 0.830657894736842], 'val_f1': [0.7756944478688245, 0.8083545948077496, 0.8155030916348517, 0.8229994169345525, 0.8257982994695361, 0.8286140546984925, 0.8299107967031376], 'val_mae': [0.34776315789473683, 0.2992982456140351, 0.28982456140350876, 0.277719298245614, 0.2743640350877193, 0.2686184210526316, 0.26710526315789473], 'jsd': [(0, 0, 0, 0, 0, 0), (0, 0, 0, 0, 0, 0), (0, 0, 0, 0, 0, 0), (0, 0, 0, 0, 0, 0), (0, 0, 0, 0, 0, 0), (0, 0, 0, 0, 0, 0), (0, 0, 0, 0, 0, 0)]}}
AdaptationManager: Configuring next round...
{'client_registry': {'enabled': True, 'params': {}}, 'client_selector': {'enabled': False, 'params': {}}, 'client_cluster': {'enabled': False, 'params': {}}, 'message_compressor': {'enabled': True, 'params': {}}, 'model_co-versioning_registry': {'enabled': False, 'params': {}}, 'multi-task_model_trainer': {'enabled': False, 'params': {}}, 'heterogeneous_data_handler': {'enabled': False, 'params': {}}}
{'client_selector': {'enabled': False}, 'client_cluster': {'enabled': False}, 'message_compressor': {'enabled': True}, 'model_co-versioning_registry': {'enabled': False}, 'multi-task_model_trainer': {'enabled': False}, 'heterogeneous_data_handler': {'enabled': False}, 'client_registry': {'enabled': True, 'params': {}}}
100.0-iid clients, predicted wo:20.4733 vs w:18.9655, message_compressor activated ✅
client Client 23 injecting delay of 7 seconds
client Client 26 injecting delay of 4 seconds
client Client 25 injecting delay of 5 seconds
client Client 28 injecting delay of 2 seconds
client Client 27 injecting delay of 3 seconds
Local parameters compressed: reduced 5147 bytes (6.98%)
client Client 24 injecting delay of 7 seconds
Local parameters compressed: reduced 5141 bytes (6.97%)
Local parameters compressed: reduced 5163 bytes (7.00%)
Local parameters compressed: reduced 5188 bytes (7.03%)
Local parameters compressed: reduced 5144 bytes (6.97%)
Local parameters compressed: reduced 5147 bytes (6.98%)
Results Aggregated in 18.42 seconds.
{'TextMLP': {'train_loss': [0.5984592064142227, 0.5051343001405398, 0.4806788875420888, 0.4571356072439088, 0.45098572196563086, 0.44265883273945916, 0.4383304691751798, 0.4355979375123978], 'train_accuracy': [0.7828819444444445, 0.8172680555555556, 0.8249347222222222, 0.8338472222222222, 0.8356263888888888, 0.8387097222222222, 0.8397916666666667, 0.8406708333333334], 'train_f1': [0.7820040737346746, 0.816543126394982, 0.8248527527987553, 0.8329852980280095, 0.8351340656973492, 0.8381501313665944, 0.8391414536886177, 0.8400690903383768], 'train_mae': [0.34205694444444446, 0.2892125, 0.27786944444444445, 0.2649680555555556, 0.2629861111111111, 0.25605972222222223, 0.25505972222222223, 0.2527041666666667], 'val_loss': [0.6084578206873777, 0.5188067350994077, 0.49652315593602364, 0.47487401845162375, 0.46900793195816504, 0.46076562269737853, 0.4577423904025764, 0.4551402724312063], 'val_accuracy': [0.776578947368421, 0.8091885964912282, 0.8156140350877192, 0.823969298245614, 0.8263157894736841, 0.8292763157894736, 0.830657894736842, 0.8315350877192982], 'val_f1': [0.7756944478688245, 0.8083545948077496, 0.8155030916348517, 0.8229994169345525, 0.8257982994695361, 0.8286140546984925, 0.8299107967031376, 0.8308341469102355], 'val_mae': [0.34776315789473683, 0.2992982456140351, 0.28982456140350876, 0.277719298245614, 0.2743640350877193, 0.2686184210526316, 0.26710526315789473, 0.2659429824561404], 'jsd': [(0, 0, 0, 0, 0, 0), (0, 0, 0, 0, 0, 0), (0, 0, 0, 0, 0, 0), (0, 0, 0, 0, 0, 0), (0, 0, 0, 0, 0, 0), (0, 0, 0, 0, 0, 0), (0, 0, 0, 0, 0, 0), (0, 0, 0, 0, 0, 0)]}}
AdaptationManager: Configuring next round...
{'client_registry': {'enabled': True, 'params': {}}, 'client_selector': {'enabled': False, 'params': {}}, 'client_cluster': {'enabled': False, 'params': {}}, 'message_compressor': {'enabled': True, 'params': {}}, 'model_co-versioning_registry': {'enabled': False, 'params': {}}, 'multi-task_model_trainer': {'enabled': False, 'params': {}}, 'heterogeneous_data_handler': {'enabled': False, 'params': {}}}
{'client_selector': {'enabled': False}, 'client_cluster': {'enabled': False}, 'message_compressor': {'enabled': True}, 'model_co-versioning_registry': {'enabled': False}, 'multi-task_model_trainer': {'enabled': False}, 'heterogeneous_data_handler': {'enabled': False}, 'client_registry': {'enabled': True, 'params': {}}}
100.0-iid clients, predicted wo:20.3445 vs w:19.5781, message_compressor activated ✅
client Client 26 injecting delay of 5 seconds
client Client 28 injecting delay of 0 seconds
Local parameters compressed: reduced 5131 bytes (6.95%)
client Client 23 injecting delay of 9 seconds
client Client 27 injecting delay of 1 seconds
client Client 24 injecting delay of 10 seconds
client Client 25 injecting delay of 2 seconds
Local parameters compressed: reduced 5157 bytes (6.99%)
Local parameters compressed: reduced 5186 bytes (7.03%)
Local parameters compressed: reduced 5154 bytes (6.98%)
Local parameters compressed: reduced 5115 bytes (6.93%)
Local parameters compressed: reduced 5136 bytes (6.96%)
Results Aggregated in 19.81 seconds.
{'TextMLP': {'train_loss': [0.5984592064142227, 0.5051343001405398, 0.4806788875420888, 0.4571356072439088, 0.45098572196563086, 0.44265883273945916, 0.4383304691751798, 0.4355979375123978, 0.44071236052513124], 'train_accuracy': [0.7828819444444445, 0.8172680555555556, 0.8249347222222222, 0.8338472222222222, 0.8356263888888888, 0.8387097222222222, 0.8397916666666667, 0.8406708333333334, 0.8381583333333333], 'train_f1': [0.7820040737346746, 0.816543126394982, 0.8248527527987553, 0.8329852980280095, 0.8351340656973492, 0.8381501313665944, 0.8391414536886177, 0.8400690903383768, 0.8380130790596516], 'train_mae': [0.34205694444444446, 0.2892125, 0.27786944444444445, 0.2649680555555556, 0.2629861111111111, 0.25605972222222223, 0.25505972222222223, 0.2527041666666667, 0.2611], 'val_loss': [0.6084578206873777, 0.5188067350994077, 0.49652315593602364, 0.47487401845162375, 0.46900793195816504, 0.46076562269737853, 0.4577423904025764, 0.4551402724312063, 0.4603535782140598], 'val_accuracy': [0.776578947368421, 0.8091885964912282, 0.8156140350877192, 0.823969298245614, 0.8263157894736841, 0.8292763157894736, 0.830657894736842, 0.8315350877192982, 0.8298464912280702], 'val_f1': [0.7756944478688245, 0.8083545948077496, 0.8155030916348517, 0.8229994169345525, 0.8257982994695361, 0.8286140546984925, 0.8299107967031376, 0.8308341469102355, 0.829663035829059], 'val_mae': [0.34776315789473683, 0.2992982456140351, 0.28982456140350876, 0.277719298245614, 0.2743640350877193, 0.2686184210526316, 0.26710526315789473, 0.2659429824561404, 0.2723684210526316], 'jsd': [(0, 0, 0, 0, 0, 0), (0, 0, 0, 0, 0, 0), (0, 0, 0, 0, 0, 0), (0, 0, 0, 0, 0, 0), (0, 0, 0, 0, 0, 0), (0, 0, 0, 0, 0, 0), (0, 0, 0, 0, 0, 0), (0, 0, 0, 0, 0, 0), (0, 0, 0, 0, 0, 0)]}}
AdaptationManager: Configuring next round...
{'client_registry': {'enabled': True, 'params': {}}, 'client_selector': {'enabled': False, 'params': {}}, 'client_cluster': {'enabled': False, 'params': {}}, 'message_compressor': {'enabled': True, 'params': {}}, 'model_co-versioning_registry': {'enabled': False, 'params': {}}, 'multi-task_model_trainer': {'enabled': False, 'params': {}}, 'heterogeneous_data_handler': {'enabled': False, 'params': {}}}
{'client_selector': {'enabled': False}, 'client_cluster': {'enabled': False}, 'message_compressor': {'enabled': True}, 'model_co-versioning_registry': {'enabled': False}, 'multi-task_model_trainer': {'enabled': False}, 'heterogeneous_data_handler': {'enabled': False}, 'client_registry': {'enabled': True, 'params': {}}}
100.0-iid clients, predicted wo:19.9712 vs w:19.8326, message_compressor activated ✅
client Client 23 injecting delay of 9 seconds
client Client 28 injecting delay of 10 seconds
client Client 27 injecting delay of 3 seconds
client Client 26 injecting delay of 9 seconds
client Client 24 injecting delay of 4 seconds
client Client 25 injecting delay of 5 seconds
Local parameters compressed: reduced 5154 bytes (6.98%)
Local parameters compressed: reduced 5169 bytes (7.01%)
Local parameters compressed: reduced 5171 bytes (7.01%)
Local parameters compressed: reduced 5166 bytes (7.00%)
Local parameters compressed: reduced 5161 bytes (6.99%)
Local parameters compressed: reduced 5124 bytes (6.94%)
Results Aggregated in 18.70 seconds.
{'TextMLP': {'train_loss': [0.5984592064142227, 0.5051343001405398, 0.4806788875420888, 0.4571356072439088, 0.45098572196563086, 0.44265883273945916, 0.4383304691751798, 0.4355979375123978, 0.44071236052513124, 0.4354989853673511], 'train_accuracy': [0.7828819444444445, 0.8172680555555556, 0.8249347222222222, 0.8338472222222222, 0.8356263888888888, 0.8387097222222222, 0.8397916666666667, 0.8406708333333334, 0.8381583333333333, 0.8403875], 'train_f1': [0.7820040737346746, 0.816543126394982, 0.8248527527987553, 0.8329852980280095, 0.8351340656973492, 0.8381501313665944, 0.8391414536886177, 0.8400690903383768, 0.8380130790596516, 0.8400320987298993], 'train_mae': [0.34205694444444446, 0.2892125, 0.27786944444444445, 0.2649680555555556, 0.2629861111111111, 0.25605972222222223, 0.25505972222222223, 0.2527041666666667, 0.2611, 0.2556819444444444], 'val_loss': [0.6084578206873777, 0.5188067350994077, 0.49652315593602364, 0.47487401845162375, 0.46900793195816504, 0.46076562269737853, 0.4577423904025764, 0.4551402724312063, 0.4603535782140598, 0.4558254250308924], 'val_accuracy': [0.776578947368421, 0.8091885964912282, 0.8156140350877192, 0.823969298245614, 0.8263157894736841, 0.8292763157894736, 0.830657894736842, 0.8315350877192982, 0.8298464912280702, 0.8315789473684211], 'val_f1': [0.7756944478688245, 0.8083545948077496, 0.8155030916348517, 0.8229994169345525, 0.8257982994695361, 0.8286140546984925, 0.8299107967031376, 0.8308341469102355, 0.829663035829059, 0.8311380099512213], 'val_mae': [0.34776315789473683, 0.2992982456140351, 0.28982456140350876, 0.277719298245614, 0.2743640350877193, 0.2686184210526316, 0.26710526315789473, 0.2659429824561404, 0.2723684210526316, 0.2683333333333333], 'jsd': [(0, 0, 0, 0, 0, 0), (0, 0, 0, 0, 0, 0), (0, 0, 0, 0, 0, 0), (0, 0, 0, 0, 0, 0), (0, 0, 0, 0, 0, 0), (0, 0, 0, 0, 0, 0), (0, 0, 0, 0, 0, 0), (0, 0, 0, 0, 0, 0), (0, 0, 0, 0, 0, 0), (0, 0, 0, 0, 0, 0)]}}
AdaptationManager: Configuring next round...
{'client_registry': {'enabled': True, 'params': {}}, 'client_selector': {'enabled': False, 'params': {}}, 'client_cluster': {'enabled': False, 'params': {}}, 'message_compressor': {'enabled': True, 'params': {}}, 'model_co-versioning_registry': {'enabled': False, 'params': {}}, 'multi-task_model_trainer': {'enabled': False, 'params': {}}, 'heterogeneous_data_handler': {'enabled': False, 'params': {}}}
{'client_selector': {'enabled': False}, 'client_cluster': {'enabled': False}, 'message_compressor': {'enabled': True}, 'model_co-versioning_registry': {'enabled': False}, 'multi-task_model_trainer': {'enabled': False}, 'heterogeneous_data_handler': {'enabled': False}, 'client_registry': {'enabled': True, 'params': {}}}
100.0-iid clients, predicted wo:20.7012 vs w:18.8155, message_compressor activated ✅
client Client 28 injecting delay of 7 seconds
client Client 23 injecting delay of 1 seconds
client Client 26 injecting delay of 1 seconds
client Client 24 injecting delay of 2 seconds
client Client 25 injecting delay of 7 seconds
Local parameters compressed: reduced 5120 bytes (6.94%)
Local parameters compressed: reduced 5144 bytes (6.97%)
Local parameters compressed: reduced 5153 bytes (6.98%)
client Client 27 injecting delay of 0 seconds
Local parameters compressed: reduced 5132 bytes (6.96%)
Local parameters compressed: reduced 5139 bytes (6.96%)
Local parameters compressed: reduced 5116 bytes (6.93%)
Results Aggregated in 17.00 seconds.
{'TextMLP': {'train_loss': [0.5984592064142227, 0.5051343001405398, 0.4806788875420888, 0.4571356072439088, 0.45098572196563086, 0.44265883273945916, 0.4383304691751798, 0.4355979375123978, 0.44071236052513124, 0.4354989853673511, 0.433369255428844], 'train_accuracy': [0.7828819444444445, 0.8172680555555556, 0.8249347222222222, 0.8338472222222222, 0.8356263888888888, 0.8387097222222222, 0.8397916666666667, 0.8406708333333334, 0.8381583333333333, 0.8403875, 0.8409402777777778], 'train_f1': [0.7820040737346746, 0.816543126394982, 0.8248527527987553, 0.8329852980280095, 0.8351340656973492, 0.8381501313665944, 0.8391414536886177, 0.8400690903383768, 0.8380130790596516, 0.8400320987298993, 0.8404656546434152], 'train_mae': [0.34205694444444446, 0.2892125, 0.27786944444444445, 0.2649680555555556, 0.2629861111111111, 0.25605972222222223, 0.25505972222222223, 0.2527041666666667, 0.2611, 0.2556819444444444, 0.2541597222222222], 'val_loss': [0.6084578206873777, 0.5188067350994077, 0.49652315593602364, 0.47487401845162375, 0.46900793195816504, 0.46076562269737853, 0.4577423904025764, 0.4551402724312063, 0.4603535782140598, 0.4558254250308924, 0.45342061332443306], 'val_accuracy': [0.776578947368421, 0.8091885964912282, 0.8156140350877192, 0.823969298245614, 0.8263157894736841, 0.8292763157894736, 0.830657894736842, 0.8315350877192982, 0.8298464912280702, 0.8315789473684211, 0.8321491228070175], 'val_f1': [0.7756944478688245, 0.8083545948077496, 0.8155030916348517, 0.8229994169345525, 0.8257982994695361, 0.8286140546984925, 0.8299107967031376, 0.8308341469102355, 0.829663035829059, 0.8311380099512213, 0.8316044357869122], 'val_mae': [0.34776315789473683, 0.2992982456140351, 0.28982456140350876, 0.277719298245614, 0.2743640350877193, 0.2686184210526316, 0.26710526315789473, 0.2659429824561404, 0.2723684210526316, 0.2683333333333333, 0.26600877192982453], 'jsd': [(0, 0, 0, 0, 0, 0), (0, 0, 0, 0, 0, 0), (0, 0, 0, 0, 0, 0), (0, 0, 0, 0, 0, 0), (0, 0, 0, 0, 0, 0), (0, 0, 0, 0, 0, 0), (0, 0, 0, 0, 0, 0), (0, 0, 0, 0, 0, 0), (0, 0, 0, 0, 0, 0), (0, 0, 0, 0, 0, 0), (0, 0, 0, 0, 0, 0)]}}
AdaptationManager: Configuring next round...
{'client_registry': {'enabled': True, 'params': {}}, 'client_selector': {'enabled': False, 'params': {}}, 'client_cluster': {'enabled': False, 'params': {}}, 'message_compressor': {'enabled': True, 'params': {}}, 'model_co-versioning_registry': {'enabled': False, 'params': {}}, 'multi-task_model_trainer': {'enabled': False, 'params': {}}, 'heterogeneous_data_handler': {'enabled': False, 'params': {}}}
{'client_selector': {'enabled': False}, 'client_cluster': {'enabled': False}, 'message_compressor': {'enabled': True}, 'model_co-versioning_registry': {'enabled': False}, 'multi-task_model_trainer': {'enabled': False}, 'heterogeneous_data_handler': {'enabled': False}, 'client_registry': {'enabled': True, 'params': {}}}
100.0-iid clients, predicted wo:19.6535 vs w:18.4454, message_compressor activated ✅
client Client 23 injecting delay of 8 seconds
client Client 26 injecting delay of 0 seconds
Local parameters compressed: reduced 5137 bytes (6.96%)
client Client 28 injecting delay of 6 seconds
client Client 24 injecting delay of 7 seconds
client Client 25 injecting delay of 3 seconds
client Client 27 injecting delay of 10 seconds
Local parameters compressed: reduced 5156 bytes (6.99%)
Local parameters compressed: reduced 5115 bytes (6.93%)
Local parameters compressed: reduced 5137 bytes (6.96%)
Local parameters compressed: reduced 5137 bytes (6.96%)
Local parameters compressed: reduced 5114 bytes (6.93%)
Results Aggregated in 19.24 seconds.
{'TextMLP': {'train_loss': [0.5984592064142227, 0.5051343001405398, 0.4806788875420888, 0.4571356072439088, 0.45098572196563086, 0.44265883273945916, 0.4383304691751798, 0.4355979375123978, 0.44071236052513124, 0.4354989853673511, 0.433369255428844, 0.43126512297789255], 'train_accuracy': [0.7828819444444445, 0.8172680555555556, 0.8249347222222222, 0.8338472222222222, 0.8356263888888888, 0.8387097222222222, 0.8397916666666667, 0.8406708333333334, 0.8381583333333333, 0.8403875, 0.8409402777777778, 0.8418097222222222], 'train_f1': [0.7820040737346746, 0.816543126394982, 0.8248527527987553, 0.8329852980280095, 0.8351340656973492, 0.8381501313665944, 0.8391414536886177, 0.8400690903383768, 0.8380130790596516, 0.8400320987298993, 0.8404656546434152, 0.8412680559878403], 'train_mae': [0.34205694444444446, 0.2892125, 0.27786944444444445, 0.2649680555555556, 0.2629861111111111, 0.25605972222222223, 0.25505972222222223, 0.2527041666666667, 0.2611, 0.2556819444444444, 0.2541597222222222, 0.2511486111111111], 'val_loss': [0.6084578206873777, 0.5188067350994077, 0.49652315593602364, 0.47487401845162375, 0.46900793195816504, 0.46076562269737853, 0.4577423904025764, 0.4551402724312063, 0.4603535782140598, 0.4558254250308924, 0.45342061332443306, 0.4517172119282839], 'val_accuracy': [0.776578947368421, 0.8091885964912282, 0.8156140350877192, 0.823969298245614, 0.8263157894736841, 0.8292763157894736, 0.830657894736842, 0.8315350877192982, 0.8298464912280702, 0.8315789473684211, 0.8321491228070175, 0.8328289473684211], 'val_f1': [0.7756944478688245, 0.8083545948077496, 0.8155030916348517, 0.8229994169345525, 0.8257982994695361, 0.8286140546984925, 0.8299107967031376, 0.8308341469102355, 0.829663035829059, 0.8311380099512213, 0.8316044357869122, 0.8322127940644348], 'val_mae': [0.34776315789473683, 0.2992982456140351, 0.28982456140350876, 0.277719298245614, 0.2743640350877193, 0.2686184210526316, 0.26710526315789473, 0.2659429824561404, 0.2723684210526316, 0.2683333333333333, 0.26600877192982453, 0.2643201754385965], 'jsd': [(0, 0, 0, 0, 0, 0), (0, 0, 0, 0, 0, 0), (0, 0, 0, 0, 0, 0), (0, 0, 0, 0, 0, 0), (0, 0, 0, 0, 0, 0), (0, 0, 0, 0, 0, 0), (0, 0, 0, 0, 0, 0), (0, 0, 0, 0, 0, 0), (0, 0, 0, 0, 0, 0), (0, 0, 0, 0, 0, 0), (0, 0, 0, 0, 0, 0), (0, 0, 0, 0, 0, 0)]}}
AdaptationManager: Configuring next round...
{'client_registry': {'enabled': True, 'params': {}}, 'client_selector': {'enabled': False, 'params': {}}, 'client_cluster': {'enabled': False, 'params': {}}, 'message_compressor': {'enabled': True, 'params': {}}, 'model_co-versioning_registry': {'enabled': False, 'params': {}}, 'multi-task_model_trainer': {'enabled': False, 'params': {}}, 'heterogeneous_data_handler': {'enabled': False, 'params': {}}}
{'client_selector': {'enabled': False}, 'client_cluster': {'enabled': False}, 'message_compressor': {'enabled': True}, 'model_co-versioning_registry': {'enabled': False}, 'multi-task_model_trainer': {'enabled': False}, 'heterogeneous_data_handler': {'enabled': False}, 'client_registry': {'enabled': True, 'params': {}}}
100.0-iid clients, predicted wo:20.3547 vs w:19.2846, message_compressor activated ✅
client Client 26 injecting delay of 3 seconds
client Client 28 injecting delay of 10 seconds
client Client 23 injecting delay of 0 seconds
Local parameters compressed: reduced 5139 bytes (6.96%)
client Client 24 injecting delay of 0 seconds
Local parameters compressed: reduced 5153 bytes (6.98%)
client Client 27 injecting delay of 0 seconds
Local parameters compressed: reduced 5124 bytes (6.94%)
client Client 25 injecting delay of 1 seconds
Local parameters compressed: reduced 5146 bytes (6.97%)
Local parameters compressed: reduced 5126 bytes (6.95%)
Local parameters compressed: reduced 5078 bytes (6.88%)
Results Aggregated in 19.62 seconds.
{'TextMLP': {'train_loss': [0.5984592064142227, 0.5051343001405398, 0.4806788875420888, 0.4571356072439088, 0.45098572196563086, 0.44265883273945916, 0.4383304691751798, 0.4355979375123978, 0.44071236052513124, 0.4354989853673511, 0.433369255428844, 0.43126512297789255, 0.43143967243300546], 'train_accuracy': [0.7828819444444445, 0.8172680555555556, 0.8249347222222222, 0.8338472222222222, 0.8356263888888888, 0.8387097222222222, 0.8397916666666667, 0.8406708333333334, 0.8381583333333333, 0.8403875, 0.8409402777777778, 0.8418097222222222, 0.8417902777777778], 'train_f1': [0.7820040737346746, 0.816543126394982, 0.8248527527987553, 0.8329852980280095, 0.8351340656973492, 0.8381501313665944, 0.8391414536886177, 0.8400690903383768, 0.8380130790596516, 0.8400320987298993, 0.8404656546434152, 0.8412680559878403, 0.8413960814577441], 'train_mae': [0.34205694444444446, 0.2892125, 0.27786944444444445, 0.2649680555555556, 0.2629861111111111, 0.25605972222222223, 0.25505972222222223, 0.2527041666666667, 0.2611, 0.2556819444444444, 0.2541597222222222, 0.2511486111111111, 0.24965833333333334], 'val_loss': [0.6084578206873777, 0.5188067350994077, 0.49652315593602364, 0.47487401845162375, 0.46900793195816504, 0.46076562269737853, 0.4577423904025764, 0.4551402724312063, 0.4603535782140598, 0.4558254250308924, 0.45342061332443306, 0.4517172119282839, 0.45222364941187065], 'val_accuracy': [0.776578947368421, 0.8091885964912282, 0.8156140350877192, 0.823969298245614, 0.8263157894736841, 0.8292763157894736, 0.830657894736842, 0.8315350877192982, 0.8298464912280702, 0.8315789473684211, 0.8321491228070175, 0.8328289473684211, 0.8335526315789474], 'val_f1': [0.7756944478688245, 0.8083545948077496, 0.8155030916348517, 0.8229994169345525, 0.8257982994695361, 0.8286140546984925, 0.8299107967031376, 0.8308341469102355, 0.829663035829059, 0.8311380099512213, 0.8316044357869122, 0.8322127940644348, 0.8331280412893146], 'val_mae': [0.34776315789473683, 0.2992982456140351, 0.28982456140350876, 0.277719298245614, 0.2743640350877193, 0.2686184210526316, 0.26710526315789473, 0.2659429824561404, 0.2723684210526316, 0.2683333333333333, 0.26600877192982453, 0.2643201754385965, 0.26208333333333333], 'jsd': [(0, 0, 0, 0, 0, 0), (0, 0, 0, 0, 0, 0), (0, 0, 0, 0, 0, 0), (0, 0, 0, 0, 0, 0), (0, 0, 0, 0, 0, 0), (0, 0, 0, 0, 0, 0), (0, 0, 0, 0, 0, 0), (0, 0, 0, 0, 0, 0), (0, 0, 0, 0, 0, 0), (0, 0, 0, 0, 0, 0), (0, 0, 0, 0, 0, 0), (0, 0, 0, 0, 0, 0), (0, 0, 0, 0, 0, 0)]}}
AdaptationManager: Configuring next round...
{'client_registry': {'enabled': True, 'params': {}}, 'client_selector': {'enabled': False, 'params': {}}, 'client_cluster': {'enabled': False, 'params': {}}, 'message_compressor': {'enabled': True, 'params': {}}, 'model_co-versioning_registry': {'enabled': False, 'params': {}}, 'multi-task_model_trainer': {'enabled': False, 'params': {}}, 'heterogeneous_data_handler': {'enabled': False, 'params': {}}}
{'client_selector': {'enabled': False}, 'client_cluster': {'enabled': False}, 'message_compressor': {'enabled': True}, 'model_co-versioning_registry': {'enabled': False}, 'multi-task_model_trainer': {'enabled': False}, 'heterogeneous_data_handler': {'enabled': False}, 'client_registry': {'enabled': True, 'params': {}}}
100.0-iid clients, predicted wo:20.7011 vs w:18.5198, message_compressor activated ✅
client Client 26 injecting delay of 3 seconds
client Client 28 injecting delay of 1 seconds
client Client 23 injecting delay of 4 seconds
client Client 24 injecting delay of 8 seconds
Local parameters compressed: reduced 5116 bytes (6.93%)
client Client 25 injecting delay of 0 seconds
Local parameters compressed: reduced 5122 bytes (6.94%)
client Client 27 injecting delay of 0 seconds
Local parameters compressed: reduced 5174 bytes (7.01%)
Local parameters compressed: reduced 5144 bytes (6.97%)
Local parameters compressed: reduced 5159 bytes (6.99%)
Local parameters compressed: reduced 5119 bytes (6.94%)
Results Aggregated in 17.82 seconds.
{'TextMLP': {'train_loss': [0.5984592064142227, 0.5051343001405398, 0.4806788875420888, 0.4571356072439088, 0.45098572196563086, 0.44265883273945916, 0.4383304691751798, 0.4355979375123978, 0.44071236052513124, 0.4354989853673511, 0.433369255428844, 0.43126512297789255, 0.43143967243300546, 0.4255719811644819], 'train_accuracy': [0.7828819444444445, 0.8172680555555556, 0.8249347222222222, 0.8338472222222222, 0.8356263888888888, 0.8387097222222222, 0.8397916666666667, 0.8406708333333334, 0.8381583333333333, 0.8403875, 0.8409402777777778, 0.8418097222222222, 0.8417902777777778, 0.8440166666666666], 'train_f1': [0.7820040737346746, 0.816543126394982, 0.8248527527987553, 0.8329852980280095, 0.8351340656973492, 0.8381501313665944, 0.8391414536886177, 0.8400690903383768, 0.8380130790596516, 0.8400320987298993, 0.8404656546434152, 0.8412680559878403, 0.8413960814577441, 0.8434373822222694], 'train_mae': [0.34205694444444446, 0.2892125, 0.27786944444444445, 0.2649680555555556, 0.2629861111111111, 0.25605972222222223, 0.25505972222222223, 0.2527041666666667, 0.2611, 0.2556819444444444, 0.2541597222222222, 0.2511486111111111, 0.24965833333333334, 0.24524722222222223], 'val_loss': [0.6084578206873777, 0.5188067350994077, 0.49652315593602364, 0.47487401845162375, 0.46900793195816504, 0.46076562269737853, 0.4577423904025764, 0.4551402724312063, 0.4603535782140598, 0.4558254250308924, 0.45342061332443306, 0.4517172119282839, 0.45222364941187065, 0.4462666157149432], 'val_accuracy': [0.776578947368421, 0.8091885964912282, 0.8156140350877192, 0.823969298245614, 0.8263157894736841, 0.8292763157894736, 0.830657894736842, 0.8315350877192982, 0.8298464912280702, 0.8315789473684211, 0.8321491228070175, 0.8328289473684211, 0.8335526315789474, 0.8360526315789474], 'val_f1': [0.7756944478688245, 0.8083545948077496, 0.8155030916348517, 0.8229994169345525, 0.8257982994695361, 0.8286140546984925, 0.8299107967031376, 0.8308341469102355, 0.829663035829059, 0.8311380099512213, 0.8316044357869122, 0.8322127940644348, 0.8331280412893146, 0.8353811086778712], 'val_mae': [0.34776315789473683, 0.2992982456140351, 0.28982456140350876, 0.277719298245614, 0.2743640350877193, 0.2686184210526316, 0.26710526315789473, 0.2659429824561404, 0.2723684210526316, 0.2683333333333333, 0.26600877192982453, 0.2643201754385965, 0.26208333333333333, 0.25728070175438594], 'jsd': [(0, 0, 0, 0, 0, 0), (0, 0, 0, 0, 0, 0), (0, 0, 0, 0, 0, 0), (0, 0, 0, 0, 0, 0), (0, 0, 0, 0, 0, 0), (0, 0, 0, 0, 0, 0), (0, 0, 0, 0, 0, 0), (0, 0, 0, 0, 0, 0), (0, 0, 0, 0, 0, 0), (0, 0, 0, 0, 0, 0), (0, 0, 0, 0, 0, 0), (0, 0, 0, 0, 0, 0), (0, 0, 0, 0, 0, 0), (0, 0, 0, 0, 0, 0)]}}
AdaptationManager: Configuring next round...
{'client_registry': {'enabled': True, 'params': {}}, 'client_selector': {'enabled': False, 'params': {}}, 'client_cluster': {'enabled': False, 'params': {}}, 'message_compressor': {'enabled': True, 'params': {}}, 'model_co-versioning_registry': {'enabled': False, 'params': {}}, 'multi-task_model_trainer': {'enabled': False, 'params': {}}, 'heterogeneous_data_handler': {'enabled': False, 'params': {}}}
{'client_selector': {'enabled': False}, 'client_cluster': {'enabled': False}, 'message_compressor': {'enabled': True}, 'model_co-versioning_registry': {'enabled': False}, 'multi-task_model_trainer': {'enabled': False}, 'heterogeneous_data_handler': {'enabled': False}, 'client_registry': {'enabled': True, 'params': {}}}
100.0-iid clients, predicted wo:19.9485 vs w:18.2380, message_compressor activated ✅
client Client 25 injecting delay of 5 seconds
client Client 23 injecting delay of 10 seconds
client Client 26 injecting delay of 9 seconds
client Client 28 injecting delay of 0 seconds
Local parameters compressed: reduced 5158 bytes (6.99%)
client Client 24 injecting delay of 10 seconds
client Client 27 injecting delay of 9 seconds
Local parameters compressed: reduced 5128 bytes (6.95%)
Local parameters compressed: reduced 5128 bytes (6.95%)
Local parameters compressed: reduced 5142 bytes (6.97%)
Local parameters compressed: reduced 5194 bytes (7.04%)
Local parameters compressed: reduced 5148 bytes (6.98%)
Results Aggregated in 20.20 seconds.
{'TextMLP': {'train_loss': [0.5984592064142227, 0.5051343001405398, 0.4806788875420888, 0.4571356072439088, 0.45098572196563086, 0.44265883273945916, 0.4383304691751798, 0.4355979375123978, 0.44071236052513124, 0.4354989853673511, 0.433369255428844, 0.43126512297789255, 0.43143967243300546, 0.4255719811644819, 0.42583828758531145], 'train_accuracy': [0.7828819444444445, 0.8172680555555556, 0.8249347222222222, 0.8338472222222222, 0.8356263888888888, 0.8387097222222222, 0.8397916666666667, 0.8406708333333334, 0.8381583333333333, 0.8403875, 0.8409402777777778, 0.8418097222222222, 0.8417902777777778, 0.8440166666666666, 0.8435916666666666], 'train_f1': [0.7820040737346746, 0.816543126394982, 0.8248527527987553, 0.8329852980280095, 0.8351340656973492, 0.8381501313665944, 0.8391414536886177, 0.8400690903383768, 0.8380130790596516, 0.8400320987298993, 0.8404656546434152, 0.8412680559878403, 0.8413960814577441, 0.8434373822222694, 0.8429259901982522], 'train_mae': [0.34205694444444446, 0.2892125, 0.27786944444444445, 0.2649680555555556, 0.2629861111111111, 0.25605972222222223, 0.25505972222222223, 0.2527041666666667, 0.2611, 0.2556819444444444, 0.2541597222222222, 0.2511486111111111, 0.24965833333333334, 0.24524722222222223, 0.24718194444444444], 'val_loss': [0.6084578206873777, 0.5188067350994077, 0.49652315593602364, 0.47487401845162375, 0.46900793195816504, 0.46076562269737853, 0.4577423904025764, 0.4551402724312063, 0.4603535782140598, 0.4558254250308924, 0.45342061332443306, 0.4517172119282839, 0.45222364941187065, 0.4462666157149432, 0.44731694609449624], 'val_accuracy': [0.776578947368421, 0.8091885964912282, 0.8156140350877192, 0.823969298245614, 0.8263157894736841, 0.8292763157894736, 0.830657894736842, 0.8315350877192982, 0.8298464912280702, 0.8315789473684211, 0.8321491228070175, 0.8328289473684211, 0.8335526315789474, 0.8360526315789474, 0.835767543859649], 'val_f1': [0.7756944478688245, 0.8083545948077496, 0.8155030916348517, 0.8229994169345525, 0.8257982994695361, 0.8286140546984925, 0.8299107967031376, 0.8308341469102355, 0.829663035829059, 0.8311380099512213, 0.8316044357869122, 0.8322127940644348, 0.8331280412893146, 0.8353811086778712, 0.8350200375702241], 'val_mae': [0.34776315789473683, 0.2992982456140351, 0.28982456140350876, 0.277719298245614, 0.2743640350877193, 0.2686184210526316, 0.26710526315789473, 0.2659429824561404, 0.2723684210526316, 0.2683333333333333, 0.26600877192982453, 0.2643201754385965, 0.26208333333333333, 0.25728070175438594, 0.2590789473684211], 'jsd': [(0, 0, 0, 0, 0, 0), (0, 0, 0, 0, 0, 0), (0, 0, 0, 0, 0, 0), (0, 0, 0, 0, 0, 0), (0, 0, 0, 0, 0, 0), (0, 0, 0, 0, 0, 0), (0, 0, 0, 0, 0, 0), (0, 0, 0, 0, 0, 0), (0, 0, 0, 0, 0, 0), (0, 0, 0, 0, 0, 0), (0, 0, 0, 0, 0, 0), (0, 0, 0, 0, 0, 0), (0, 0, 0, 0, 0, 0), (0, 0, 0, 0, 0, 0), (0, 0, 0, 0, 0, 0)]}}
AdaptationManager: Configuring next round...
{'client_registry': {'enabled': True, 'params': {}}, 'client_selector': {'enabled': False, 'params': {}}, 'client_cluster': {'enabled': False, 'params': {}}, 'message_compressor': {'enabled': True, 'params': {}}, 'model_co-versioning_registry': {'enabled': False, 'params': {}}, 'multi-task_model_trainer': {'enabled': False, 'params': {}}, 'heterogeneous_data_handler': {'enabled': False, 'params': {}}}
{'client_selector': {'enabled': False}, 'client_cluster': {'enabled': False}, 'message_compressor': {'enabled': True}, 'model_co-versioning_registry': {'enabled': False}, 'multi-task_model_trainer': {'enabled': False}, 'heterogeneous_data_handler': {'enabled': False}, 'client_registry': {'enabled': True, 'params': {}}}
100.0-iid clients, predicted wo:19.6876 vs w:19.2661, message_compressor activated ✅
client Client 23 injecting delay of 7 seconds
client Client 28 injecting delay of 7 seconds
client Client 24 injecting delay of 5 seconds
client Client 27 injecting delay of 0 seconds
Local parameters compressed: reduced 5160 bytes (6.99%)
client Client 26 injecting delay of 9 seconds
client Client 25 injecting delay of 0 seconds
Local parameters compressed: reduced 5113 bytes (6.93%)
Local parameters compressed: reduced 5163 bytes (7.00%)
Local parameters compressed: reduced 5114 bytes (6.93%)
Local parameters compressed: reduced 5130 bytes (6.95%)
Local parameters compressed: reduced 5152 bytes (6.98%)
Results Aggregated in 17.86 seconds.
{'TextMLP': {'train_loss': [0.5984592064142227, 0.5051343001405398, 0.4806788875420888, 0.4571356072439088, 0.45098572196563086, 0.44265883273945916, 0.4383304691751798, 0.4355979375123978, 0.44071236052513124, 0.4354989853673511, 0.433369255428844, 0.43126512297789255, 0.43143967243300546, 0.4255719811644819, 0.42583828758531145, 0.4235120118167665], 'train_accuracy': [0.7828819444444445, 0.8172680555555556, 0.8249347222222222, 0.8338472222222222, 0.8356263888888888, 0.8387097222222222, 0.8397916666666667, 0.8406708333333334, 0.8381583333333333, 0.8403875, 0.8409402777777778, 0.8418097222222222, 0.8417902777777778, 0.8440166666666666, 0.8435916666666666, 0.8444986111111111], 'train_f1': [0.7820040737346746, 0.816543126394982, 0.8248527527987553, 0.8329852980280095, 0.8351340656973492, 0.8381501313665944, 0.8391414536886177, 0.8400690903383768, 0.8380130790596516, 0.8400320987298993, 0.8404656546434152, 0.8412680559878403, 0.8413960814577441, 0.8434373822222694, 0.8429259901982522, 0.844223378863669], 'train_mae': [0.34205694444444446, 0.2892125, 0.27786944444444445, 0.2649680555555556, 0.2629861111111111, 0.25605972222222223, 0.25505972222222223, 0.2527041666666667, 0.2611, 0.2556819444444444, 0.2541597222222222, 0.2511486111111111, 0.24965833333333334, 0.24524722222222223, 0.24718194444444444, 0.2476625], 'val_loss': [0.6084578206873777, 0.5188067350994077, 0.49652315593602364, 0.47487401845162375, 0.46900793195816504, 0.46076562269737853, 0.4577423904025764, 0.4551402724312063, 0.4603535782140598, 0.4558254250308924, 0.45342061332443306, 0.4517172119282839, 0.45222364941187065, 0.4462666157149432, 0.44731694609449624, 0.44488188028335574], 'val_accuracy': [0.776578947368421, 0.8091885964912282, 0.8156140350877192, 0.823969298245614, 0.8263157894736841, 0.8292763157894736, 0.830657894736842, 0.8315350877192982, 0.8298464912280702, 0.8315789473684211, 0.8321491228070175, 0.8328289473684211, 0.8335526315789474, 0.8360526315789474, 0.835767543859649, 0.8383771929824562], 'val_f1': [0.7756944478688245, 0.8083545948077496, 0.8155030916348517, 0.8229994169345525, 0.8257982994695361, 0.8286140546984925, 0.8299107967031376, 0.8308341469102355, 0.829663035829059, 0.8311380099512213, 0.8316044357869122, 0.8322127940644348, 0.8331280412893146, 0.8353811086778712, 0.8350200375702241, 0.8380770743398507], 'val_mae': [0.34776315789473683, 0.2992982456140351, 0.28982456140350876, 0.277719298245614, 0.2743640350877193, 0.2686184210526316, 0.26710526315789473, 0.2659429824561404, 0.2723684210526316, 0.2683333333333333, 0.26600877192982453, 0.2643201754385965, 0.26208333333333333, 0.25728070175438594, 0.2590789473684211, 0.25760964912280704], 'jsd': [(0, 0, 0, 0, 0, 0), (0, 0, 0, 0, 0, 0), (0, 0, 0, 0, 0, 0), (0, 0, 0, 0, 0, 0), (0, 0, 0, 0, 0, 0), (0, 0, 0, 0, 0, 0), (0, 0, 0, 0, 0, 0), (0, 0, 0, 0, 0, 0), (0, 0, 0, 0, 0, 0), (0, 0, 0, 0, 0, 0), (0, 0, 0, 0, 0, 0), (0, 0, 0, 0, 0, 0), (0, 0, 0, 0, 0, 0), (0, 0, 0, 0, 0, 0), (0, 0, 0, 0, 0, 0), (0, 0, 0, 0, 0, 0)]}}
AdaptationManager: Configuring next round...
{'client_registry': {'enabled': True, 'params': {}}, 'client_selector': {'enabled': False, 'params': {}}, 'client_cluster': {'enabled': False, 'params': {}}, 'message_compressor': {'enabled': True, 'params': {}}, 'model_co-versioning_registry': {'enabled': False, 'params': {}}, 'multi-task_model_trainer': {'enabled': False, 'params': {}}, 'heterogeneous_data_handler': {'enabled': False, 'params': {}}}
{'client_selector': {'enabled': False}, 'client_cluster': {'enabled': False}, 'message_compressor': {'enabled': True}, 'model_co-versioning_registry': {'enabled': False}, 'multi-task_model_trainer': {'enabled': False}, 'heterogeneous_data_handler': {'enabled': False}, 'client_registry': {'enabled': True, 'params': {}}}
100.0-iid clients, predicted wo:20.0459 vs w:17.9822, message_compressor activated ✅
client Client 23 injecting delay of 4 seconds
client Client 28 injecting delay of 8 seconds
client Client 25 injecting delay of 3 seconds
client Client 26 injecting delay of 4 seconds
client Client 27 injecting delay of 0 seconds
Local parameters compressed: reduced 5174 bytes (7.01%)
client Client 24 injecting delay of 5 seconds
Local parameters compressed: reduced 5113 bytes (6.93%)
Local parameters compressed: reduced 5116 bytes (6.93%)
Local parameters compressed: reduced 5130 bytes (6.95%)
Local parameters compressed: reduced 5123 bytes (6.94%)
Local parameters compressed: reduced 5138 bytes (6.96%)
Results Aggregated in 17.79 seconds.
{'TextMLP': {'train_loss': [0.5984592064142227, 0.5051343001405398, 0.4806788875420888, 0.4571356072439088, 0.45098572196563086, 0.44265883273945916, 0.4383304691751798, 0.4355979375123978, 0.44071236052513124, 0.4354989853673511, 0.433369255428844, 0.43126512297789255, 0.43143967243300546, 0.4255719811644819, 0.42583828758531145, 0.4235120118167665, 0.4258436778081788], 'train_accuracy': [0.7828819444444445, 0.8172680555555556, 0.8249347222222222, 0.8338472222222222, 0.8356263888888888, 0.8387097222222222, 0.8397916666666667, 0.8406708333333334, 0.8381583333333333, 0.8403875, 0.8409402777777778, 0.8418097222222222, 0.8417902777777778, 0.8440166666666666, 0.8435916666666666, 0.8444986111111111, 0.8435555555555555], 'train_f1': [0.7820040737346746, 0.816543126394982, 0.8248527527987553, 0.8329852980280095, 0.8351340656973492, 0.8381501313665944, 0.8391414536886177, 0.8400690903383768, 0.8380130790596516, 0.8400320987298993, 0.8404656546434152, 0.8412680559878403, 0.8413960814577441, 0.8434373822222694, 0.8429259901982522, 0.844223378863669, 0.8429839934262757], 'train_mae': [0.34205694444444446, 0.2892125, 0.27786944444444445, 0.2649680555555556, 0.2629861111111111, 0.25605972222222223, 0.25505972222222223, 0.2527041666666667, 0.2611, 0.2556819444444444, 0.2541597222222222, 0.2511486111111111, 0.24965833333333334, 0.24524722222222223, 0.24718194444444444, 0.2476625, 0.24784444444444445], 'val_loss': [0.6084578206873777, 0.5188067350994077, 0.49652315593602364, 0.47487401845162375, 0.46900793195816504, 0.46076562269737853, 0.4577423904025764, 0.4551402724312063, 0.4603535782140598, 0.4558254250308924, 0.45342061332443306, 0.4517172119282839, 0.45222364941187065, 0.4462666157149432, 0.44731694609449624, 0.44488188028335574, 0.4476203107938432], 'val_accuracy': [0.776578947368421, 0.8091885964912282, 0.8156140350877192, 0.823969298245614, 0.8263157894736841, 0.8292763157894736, 0.830657894736842, 0.8315350877192982, 0.8298464912280702, 0.8315789473684211, 0.8321491228070175, 0.8328289473684211, 0.8335526315789474, 0.8360526315789474, 0.835767543859649, 0.8383771929824562, 0.8355701754385965], 'val_f1': [0.7756944478688245, 0.8083545948077496, 0.8155030916348517, 0.8229994169345525, 0.8257982994695361, 0.8286140546984925, 0.8299107967031376, 0.8308341469102355, 0.829663035829059, 0.8311380099512213, 0.8316044357869122, 0.8322127940644348, 0.8331280412893146, 0.8353811086778712, 0.8350200375702241, 0.8380770743398507, 0.8348673418659092], 'val_mae': [0.34776315789473683, 0.2992982456140351, 0.28982456140350876, 0.277719298245614, 0.2743640350877193, 0.2686184210526316, 0.26710526315789473, 0.2659429824561404, 0.2723684210526316, 0.2683333333333333, 0.26600877192982453, 0.2643201754385965, 0.26208333333333333, 0.25728070175438594, 0.2590789473684211, 0.25760964912280704, 0.26085526315789476], 'jsd': [(0, 0, 0, 0, 0, 0), (0, 0, 0, 0, 0, 0), (0, 0, 0, 0, 0, 0), (0, 0, 0, 0, 0, 0), (0, 0, 0, 0, 0, 0), (0, 0, 0, 0, 0, 0), (0, 0, 0, 0, 0, 0), (0, 0, 0, 0, 0, 0), (0, 0, 0, 0, 0, 0), (0, 0, 0, 0, 0, 0), (0, 0, 0, 0, 0, 0), (0, 0, 0, 0, 0, 0), (0, 0, 0, 0, 0, 0), (0, 0, 0, 0, 0, 0), (0, 0, 0, 0, 0, 0), (0, 0, 0, 0, 0, 0), (0, 0, 0, 0, 0, 0)]}}
AdaptationManager: Configuring next round...
{'client_registry': {'enabled': True, 'params': {}}, 'client_selector': {'enabled': False, 'params': {}}, 'client_cluster': {'enabled': False, 'params': {}}, 'message_compressor': {'enabled': True, 'params': {}}, 'model_co-versioning_registry': {'enabled': False, 'params': {}}, 'multi-task_model_trainer': {'enabled': False, 'params': {}}, 'heterogeneous_data_handler': {'enabled': False, 'params': {}}}
{'client_selector': {'enabled': False}, 'client_cluster': {'enabled': False}, 'message_compressor': {'enabled': True}, 'model_co-versioning_registry': {'enabled': False}, 'multi-task_model_trainer': {'enabled': False}, 'heterogeneous_data_handler': {'enabled': False}, 'client_registry': {'enabled': True, 'params': {}}}
100.0-iid clients, predicted wo:19.8240 vs w:18.3015, message_compressor activated ✅
client Client 23 injecting delay of 6 seconds
client Client 24 injecting delay of 7 seconds
client Client 28 injecting delay of 2 seconds
client Client 26 injecting delay of 1 seconds
client Client 27 injecting delay of 2 seconds
Local parameters compressed: reduced 5141 bytes (6.97%)
Local parameters compressed: reduced 5135 bytes (6.96%)
client Client 25 injecting delay of 1 seconds
Local parameters compressed: reduced 5127 bytes (6.95%)
Local parameters compressed: reduced 5126 bytes (6.95%)
Local parameters compressed: reduced 5148 bytes (6.98%)
Local parameters compressed: reduced 5156 bytes (6.99%)
Results Aggregated in 15.71 seconds.
{'TextMLP': {'train_loss': [0.5984592064142227, 0.5051343001405398, 0.4806788875420888, 0.4571356072439088, 0.45098572196563086, 0.44265883273945916, 0.4383304691751798, 0.4355979375123978, 0.44071236052513124, 0.4354989853673511, 0.433369255428844, 0.43126512297789255, 0.43143967243300546, 0.4255719811644819, 0.42583828758531145, 0.4235120118167665, 0.4258436778081788, 0.4221219156861305], 'train_accuracy': [0.7828819444444445, 0.8172680555555556, 0.8249347222222222, 0.8338472222222222, 0.8356263888888888, 0.8387097222222222, 0.8397916666666667, 0.8406708333333334, 0.8381583333333333, 0.8403875, 0.8409402777777778, 0.8418097222222222, 0.8417902777777778, 0.8440166666666666, 0.8435916666666666, 0.8444986111111111, 0.8435555555555555, 0.8452347222222222], 'train_f1': [0.7820040737346746, 0.816543126394982, 0.8248527527987553, 0.8329852980280095, 0.8351340656973492, 0.8381501313665944, 0.8391414536886177, 0.8400690903383768, 0.8380130790596516, 0.8400320987298993, 0.8404656546434152, 0.8412680559878403, 0.8413960814577441, 0.8434373822222694, 0.8429259901982522, 0.844223378863669, 0.8429839934262757, 0.8447255860968661], 'train_mae': [0.34205694444444446, 0.2892125, 0.27786944444444445, 0.2649680555555556, 0.2629861111111111, 0.25605972222222223, 0.25505972222222223, 0.2527041666666667, 0.2611, 0.2556819444444444, 0.2541597222222222, 0.2511486111111111, 0.24965833333333334, 0.24524722222222223, 0.24718194444444444, 0.2476625, 0.24784444444444445, 0.24359027777777778], 'val_loss': [0.6084578206873777, 0.5188067350994077, 0.49652315593602364, 0.47487401845162375, 0.46900793195816504, 0.46076562269737853, 0.4577423904025764, 0.4551402724312063, 0.4603535782140598, 0.4558254250308924, 0.45342061332443306, 0.4517172119282839, 0.45222364941187065, 0.4462666157149432, 0.44731694609449624, 0.44488188028335574, 0.4476203107938432, 0.44389178779041555], 'val_accuracy': [0.776578947368421, 0.8091885964912282, 0.8156140350877192, 0.823969298245614, 0.8263157894736841, 0.8292763157894736, 0.830657894736842, 0.8315350877192982, 0.8298464912280702, 0.8315789473684211, 0.8321491228070175, 0.8328289473684211, 0.8335526315789474, 0.8360526315789474, 0.835767543859649, 0.8383771929824562, 0.8355701754385965, 0.8373684210526315], 'val_f1': [0.7756944478688245, 0.8083545948077496, 0.8155030916348517, 0.8229994169345525, 0.8257982994695361, 0.8286140546984925, 0.8299107967031376, 0.8308341469102355, 0.829663035829059, 0.8311380099512213, 0.8316044357869122, 0.8322127940644348, 0.8331280412893146, 0.8353811086778712, 0.8350200375702241, 0.8380770743398507, 0.8348673418659092, 0.836807496692065], 'val_mae': [0.34776315789473683, 0.2992982456140351, 0.28982456140350876, 0.277719298245614, 0.2743640350877193, 0.2686184210526316, 0.26710526315789473, 0.2659429824561404, 0.2723684210526316, 0.2683333333333333, 0.26600877192982453, 0.2643201754385965, 0.26208333333333333, 0.25728070175438594, 0.2590789473684211, 0.25760964912280704, 0.26085526315789476, 0.25629385964912277], 'jsd': [(0, 0, 0, 0, 0, 0), (0, 0, 0, 0, 0, 0), (0, 0, 0, 0, 0, 0), (0, 0, 0, 0, 0, 0), (0, 0, 0, 0, 0, 0), (0, 0, 0, 0, 0, 0), (0, 0, 0, 0, 0, 0), (0, 0, 0, 0, 0, 0), (0, 0, 0, 0, 0, 0), (0, 0, 0, 0, 0, 0), (0, 0, 0, 0, 0, 0), (0, 0, 0, 0, 0, 0), (0, 0, 0, 0, 0, 0), (0, 0, 0, 0, 0, 0), (0, 0, 0, 0, 0, 0), (0, 0, 0, 0, 0, 0), (0, 0, 0, 0, 0, 0), (0, 0, 0, 0, 0, 0)]}}
AdaptationManager: Configuring next round...
{'client_registry': {'enabled': True, 'params': {}}, 'client_selector': {'enabled': False, 'params': {}}, 'client_cluster': {'enabled': False, 'params': {}}, 'message_compressor': {'enabled': True, 'params': {}}, 'model_co-versioning_registry': {'enabled': False, 'params': {}}, 'multi-task_model_trainer': {'enabled': False, 'params': {}}, 'heterogeneous_data_handler': {'enabled': False, 'params': {}}}
{'client_selector': {'enabled': False}, 'client_cluster': {'enabled': False}, 'message_compressor': {'enabled': True}, 'model_co-versioning_registry': {'enabled': False}, 'multi-task_model_trainer': {'enabled': False}, 'heterogeneous_data_handler': {'enabled': False}, 'client_registry': {'enabled': True, 'params': {}}}
100.0-iid clients, predicted wo:19.9232 vs w:18.1617, message_compressor activated ✅
client Client 23 injecting delay of 6 seconds
client Client 28 injecting delay of 3 seconds
client Client 27 injecting delay of 10 seconds
client Client 24 injecting delay of 10 seconds
client Client 25 injecting delay of 5 seconds
client Client 26 injecting delay of 10 seconds
Local parameters compressed: reduced 5126 bytes (6.95%)
Local parameters compressed: reduced 5166 bytes (7.00%)
Local parameters compressed: reduced 5137 bytes (6.96%)
Local parameters compressed: reduced 5138 bytes (6.96%)
Local parameters compressed: reduced 5152 bytes (6.98%)
Local parameters compressed: reduced 5110 bytes (6.93%)
Results Aggregated in 20.23 seconds.
{'TextMLP': {'train_loss': [0.5984592064142227, 0.5051343001405398, 0.4806788875420888, 0.4571356072439088, 0.45098572196563086, 0.44265883273945916, 0.4383304691751798, 0.4355979375123978, 0.44071236052513124, 0.4354989853673511, 0.433369255428844, 0.43126512297789255, 0.43143967243300546, 0.4255719811644819, 0.42583828758531145, 0.4235120118167665, 0.4258436778081788, 0.4221219156861305, 0.4210884519484308], 'train_accuracy': [0.7828819444444445, 0.8172680555555556, 0.8249347222222222, 0.8338472222222222, 0.8356263888888888, 0.8387097222222222, 0.8397916666666667, 0.8406708333333334, 0.8381583333333333, 0.8403875, 0.8409402777777778, 0.8418097222222222, 0.8417902777777778, 0.8440166666666666, 0.8435916666666666, 0.8444986111111111, 0.8435555555555555, 0.8452347222222222, 0.84525], 'train_f1': [0.7820040737346746, 0.816543126394982, 0.8248527527987553, 0.8329852980280095, 0.8351340656973492, 0.8381501313665944, 0.8391414536886177, 0.8400690903383768, 0.8380130790596516, 0.8400320987298993, 0.8404656546434152, 0.8412680559878403, 0.8413960814577441, 0.8434373822222694, 0.8429259901982522, 0.844223378863669, 0.8429839934262757, 0.8447255860968661, 0.8446504677889286], 'train_mae': [0.34205694444444446, 0.2892125, 0.27786944444444445, 0.2649680555555556, 0.2629861111111111, 0.25605972222222223, 0.25505972222222223, 0.2527041666666667, 0.2611, 0.2556819444444444, 0.2541597222222222, 0.2511486111111111, 0.24965833333333334, 0.24524722222222223, 0.24718194444444444, 0.2476625, 0.24784444444444445, 0.24359027777777778, 0.24318194444444444], 'val_loss': [0.6084578206873777, 0.5188067350994077, 0.49652315593602364, 0.47487401845162375, 0.46900793195816504, 0.46076562269737853, 0.4577423904025764, 0.4551402724312063, 0.4603535782140598, 0.4558254250308924, 0.45342061332443306, 0.4517172119282839, 0.45222364941187065, 0.4462666157149432, 0.44731694609449624, 0.44488188028335574, 0.4476203107938432, 0.44389178779041555, 0.44293423075425], 'val_accuracy': [0.776578947368421, 0.8091885964912282, 0.8156140350877192, 0.823969298245614, 0.8263157894736841, 0.8292763157894736, 0.830657894736842, 0.8315350877192982, 0.8298464912280702, 0.8315789473684211, 0.8321491228070175, 0.8328289473684211, 0.8335526315789474, 0.8360526315789474, 0.835767543859649, 0.8383771929824562, 0.8355701754385965, 0.8373684210526315, 0.837171052631579], 'val_f1': [0.7756944478688245, 0.8083545948077496, 0.8155030916348517, 0.8229994169345525, 0.8257982994695361, 0.8286140546984925, 0.8299107967031376, 0.8308341469102355, 0.829663035829059, 0.8311380099512213, 0.8316044357869122, 0.8322127940644348, 0.8331280412893146, 0.8353811086778712, 0.8350200375702241, 0.8380770743398507, 0.8348673418659092, 0.836807496692065, 0.8365262471857337], 'val_mae': [0.34776315789473683, 0.2992982456140351, 0.28982456140350876, 0.277719298245614, 0.2743640350877193, 0.2686184210526316, 0.26710526315789473, 0.2659429824561404, 0.2723684210526316, 0.2683333333333333, 0.26600877192982453, 0.2643201754385965, 0.26208333333333333, 0.25728070175438594, 0.2590789473684211, 0.25760964912280704, 0.26085526315789476, 0.25629385964912277, 0.25546052631578947], 'jsd': [(0, 0, 0, 0, 0, 0), (0, 0, 0, 0, 0, 0), (0, 0, 0, 0, 0, 0), (0, 0, 0, 0, 0, 0), (0, 0, 0, 0, 0, 0), (0, 0, 0, 0, 0, 0), (0, 0, 0, 0, 0, 0), (0, 0, 0, 0, 0, 0), (0, 0, 0, 0, 0, 0), (0, 0, 0, 0, 0, 0), (0, 0, 0, 0, 0, 0), (0, 0, 0, 0, 0, 0), (0, 0, 0, 0, 0, 0), (0, 0, 0, 0, 0, 0), (0, 0, 0, 0, 0, 0), (0, 0, 0, 0, 0, 0), (0, 0, 0, 0, 0, 0), (0, 0, 0, 0, 0, 0), (0, 0, 0, 0, 0, 0)]}}
AdaptationManager: Configuring next round...
{'client_registry': {'enabled': True, 'params': {}}, 'client_selector': {'enabled': False, 'params': {}}, 'client_cluster': {'enabled': False, 'params': {}}, 'message_compressor': {'enabled': True, 'params': {}}, 'model_co-versioning_registry': {'enabled': False, 'params': {}}, 'multi-task_model_trainer': {'enabled': False, 'params': {}}, 'heterogeneous_data_handler': {'enabled': False, 'params': {}}}
{'client_selector': {'enabled': False}, 'client_cluster': {'enabled': False}, 'message_compressor': {'enabled': True}, 'model_co-versioning_registry': {'enabled': False}, 'multi-task_model_trainer': {'enabled': False}, 'heterogeneous_data_handler': {'enabled': False}, 'client_registry': {'enabled': True, 'params': {}}}
100.0-iid clients, predicted wo:19.9570 vs w:19.2530, message_compressor activated ✅
client Client 23 injecting delay of 2 seconds
client Client 26 injecting delay of 0 seconds
Local parameters compressed: reduced 5135 bytes (6.96%)
client Client 24 injecting delay of 10 seconds
client Client 28 injecting delay of 5 seconds
client Client 27 injecting delay of 3 seconds
Local parameters compressed: reduced 5124 bytes (6.94%)
client Client 25 injecting delay of 3 seconds
Local parameters compressed: reduced 5140 bytes (6.97%)
Local parameters compressed: reduced 5153 bytes (6.98%)
Local parameters compressed: reduced 5138 bytes (6.96%)
Local parameters compressed: reduced 5112 bytes (6.93%)
Results Aggregated in 19.15 seconds.
{'TextMLP': {'train_loss': [0.5984592064142227, 0.5051343001405398, 0.4806788875420888, 0.4571356072439088, 0.45098572196563086, 0.44265883273945916, 0.4383304691751798, 0.4355979375123978, 0.44071236052513124, 0.4354989853673511, 0.433369255428844, 0.43126512297789255, 0.43143967243300546, 0.4255719811644819, 0.42583828758531145, 0.4235120118167665, 0.4258436778081788, 0.4221219156861305, 0.4210884519484308, 0.41802031324704486], 'train_accuracy': [0.7828819444444445, 0.8172680555555556, 0.8249347222222222, 0.8338472222222222, 0.8356263888888888, 0.8387097222222222, 0.8397916666666667, 0.8406708333333334, 0.8381583333333333, 0.8403875, 0.8409402777777778, 0.8418097222222222, 0.8417902777777778, 0.8440166666666666, 0.8435916666666666, 0.8444986111111111, 0.8435555555555555, 0.8452347222222222, 0.84525, 0.8467416666666666], 'train_f1': [0.7820040737346746, 0.816543126394982, 0.8248527527987553, 0.8329852980280095, 0.8351340656973492, 0.8381501313665944, 0.8391414536886177, 0.8400690903383768, 0.8380130790596516, 0.8400320987298993, 0.8404656546434152, 0.8412680559878403, 0.8413960814577441, 0.8434373822222694, 0.8429259901982522, 0.844223378863669, 0.8429839934262757, 0.8447255860968661, 0.8446504677889286, 0.8463205432857243], 'train_mae': [0.34205694444444446, 0.2892125, 0.27786944444444445, 0.2649680555555556, 0.2629861111111111, 0.25605972222222223, 0.25505972222222223, 0.2527041666666667, 0.2611, 0.2556819444444444, 0.2541597222222222, 0.2511486111111111, 0.24965833333333334, 0.24524722222222223, 0.24718194444444444, 0.2476625, 0.24784444444444445, 0.24359027777777778, 0.24318194444444444, 0.24284027777777778], 'val_loss': [0.6084578206873777, 0.5188067350994077, 0.49652315593602364, 0.47487401845162375, 0.46900793195816504, 0.46076562269737853, 0.4577423904025764, 0.4551402724312063, 0.4603535782140598, 0.4558254250308924, 0.45342061332443306, 0.4517172119282839, 0.45222364941187065, 0.4462666157149432, 0.44731694609449624, 0.44488188028335574, 0.4476203107938432, 0.44389178779041555, 0.44293423075425, 0.4407989442662189], 'val_accuracy': [0.776578947368421, 0.8091885964912282, 0.8156140350877192, 0.823969298245614, 0.8263157894736841, 0.8292763157894736, 0.830657894736842, 0.8315350877192982, 0.8298464912280702, 0.8315789473684211, 0.8321491228070175, 0.8328289473684211, 0.8335526315789474, 0.8360526315789474, 0.835767543859649, 0.8383771929824562, 0.8355701754385965, 0.8373684210526315, 0.837171052631579, 0.8382017543859649], 'val_f1': [0.7756944478688245, 0.8083545948077496, 0.8155030916348517, 0.8229994169345525, 0.8257982994695361, 0.8286140546984925, 0.8299107967031376, 0.8308341469102355, 0.829663035829059, 0.8311380099512213, 0.8316044357869122, 0.8322127940644348, 0.8331280412893146, 0.8353811086778712, 0.8350200375702241, 0.8380770743398507, 0.8348673418659092, 0.836807496692065, 0.8365262471857337, 0.8376926620538818], 'val_mae': [0.34776315789473683, 0.2992982456140351, 0.28982456140350876, 0.277719298245614, 0.2743640350877193, 0.2686184210526316, 0.26710526315789473, 0.2659429824561404, 0.2723684210526316, 0.2683333333333333, 0.26600877192982453, 0.2643201754385965, 0.26208333333333333, 0.25728070175438594, 0.2590789473684211, 0.25760964912280704, 0.26085526315789476, 0.25629385964912277, 0.25546052631578947, 0.25589912280701754], 'jsd': [(0, 0, 0, 0, 0, 0), (0, 0, 0, 0, 0, 0), (0, 0, 0, 0, 0, 0), (0, 0, 0, 0, 0, 0), (0, 0, 0, 0, 0, 0), (0, 0, 0, 0, 0, 0), (0, 0, 0, 0, 0, 0), (0, 0, 0, 0, 0, 0), (0, 0, 0, 0, 0, 0), (0, 0, 0, 0, 0, 0), (0, 0, 0, 0, 0, 0), (0, 0, 0, 0, 0, 0), (0, 0, 0, 0, 0, 0), (0, 0, 0, 0, 0, 0), (0, 0, 0, 0, 0, 0), (0, 0, 0, 0, 0, 0), (0, 0, 0, 0, 0, 0), (0, 0, 0, 0, 0, 0), (0, 0, 0, 0, 0, 0), (0, 0, 0, 0, 0, 0)]}}
AdaptationManager: Configuring next round...
{'client_registry': {'enabled': True, 'params': {}}, 'client_selector': {'enabled': False, 'params': {}}, 'client_cluster': {'enabled': False, 'params': {}}, 'message_compressor': {'enabled': True, 'params': {}}, 'model_co-versioning_registry': {'enabled': False, 'params': {}}, 'multi-task_model_trainer': {'enabled': False, 'params': {}}, 'heterogeneous_data_handler': {'enabled': False, 'params': {}}}
{'client_selector': {'enabled': False}, 'client_cluster': {'enabled': False}, 'message_compressor': {'enabled': True}, 'model_co-versioning_registry': {'enabled': False}, 'multi-task_model_trainer': {'enabled': False}, 'heterogeneous_data_handler': {'enabled': False}, 'client_registry': {'enabled': True, 'params': {}}}
100.0-iid clients, predicted wo:20.7079 vs w:18.7322, message_compressor activated ✅
