==========================================
  ___  ______  ___ ______       _ 
 / _ \ | ___ \/   ||  ___|     | |
/ /_\ \| |_/ / /| || |_ ___  __| |
|  _  ||  __/ /_| ||  _/ _ \/ _` |
| | | || |  \___  || ||  __/ (_| |
\_| |_/\_|      |_/\_| \___|\__,_| v.1.5.0

==========================================
Simulation Started!
List of the Architectural Patterns enabled:
Adaptation Enabled ✅
Random activation criterion
Client Registry ✅
Client Selector ✅
 AP Parameters: {'selection_strategy': 'Resource-Based', 'selection_criteria': 'CPU', 'selection_value': 2}
==========================================
Client Client 1 participates in this round. (CPU: 2, RAM: 2)
Client Client 2 participates in this round. (CPU: 2, RAM: 2)
Client Client 6 has insufficient CPU (1). Will not participate in the next FL round.
Client Client 4 participates in this round. (CPU: 2, RAM: 2)
Client Client 3 participates in this round. (CPU: 2, RAM: 2)
Client Client 5 has insufficient CPU (1). Will not participate in the next FL round.
Results Aggregated in 57.30 seconds.
{'CNN 16k': {'train_loss': [3234.6178244948387], 'train_accuracy': [0.24761], 'train_f1': [0.2111814096570015], 'train_mae': [2.9238399863243103], 'val_loss': [648.1060453951359], 'val_accuracy': [0.2533], 'val_f1': [0.2170945666730404], 'val_mae': [2.925200045108795]}}
AdaptationManager: Configuring next round...
{'client_registry': {'enabled': True, 'params': {}}, 'client_selector': {'enabled': True, 'params': {'selection_strategy': 'Resource-Based', 'selection_criteria': 'CPU', 'selection_value': 2}}, 'client_cluster': {'enabled': False, 'params': {}}, 'message_compressor': {'enabled': False, 'params': {}}, 'model_co-versioning_registry': {'enabled': False, 'params': {}}, 'multi-task_model_trainer': {'enabled': False, 'params': {}}, 'heterogeneous_data_handler': {'enabled': False, 'params': {}}}
{'client_selector': {'enabled': True}, 'client_cluster': {'enabled': False}, 'message_compressor': {'enabled': False}, 'model_co-versioning_registry': {'enabled': False}, 'multi-task_model_trainer': {'enabled': False}, 'heterogeneous_data_handler': {'enabled': False}, 'client_registry': {'enabled': True}}
AdaptationManager: Less than 2 rounds completed. Keeping default config.
Client Client 5 has insufficient CPU (1). Will not participate in the next FL round.
Client Client 2 participates in this round. (CPU: 2, RAM: 2)
Client Client 6 has insufficient CPU (1). Will not participate in the next FL round.
Client Client 3 participates in this round. (CPU: 2, RAM: 2)
Client Client 4 participates in this round. (CPU: 2, RAM: 2)
Client Client 1 participates in this round. (CPU: 2, RAM: 2)
Results Aggregated in 57.77 seconds.
{'CNN 16k': {'train_loss': [3234.6178244948387, 2841.55280777812], 'train_accuracy': [0.24761, 0.343715], 'train_f1': [0.2111814096570015, 0.3303152248263359], 'train_mae': [2.9238399863243103, 2.408674955368042], 'val_loss': [648.1060453951359, 567.9294245541096], 'val_accuracy': [0.2533, 0.346675], 'val_f1': [0.2170945666730404, 0.33269283920526505], 'val_mae': [2.925200045108795, 2.3917499780654907]}}
AdaptationManager: Configuring next round...
{'client_registry': {'enabled': True, 'params': {}}, 'client_selector': {'enabled': True, 'params': {'selection_strategy': 'Resource-Based', 'selection_criteria': 'CPU', 'selection_value': 2}}, 'client_cluster': {'enabled': False, 'params': {}}, 'message_compressor': {'enabled': False, 'params': {}}, 'model_co-versioning_registry': {'enabled': False, 'params': {}}, 'multi-task_model_trainer': {'enabled': False, 'params': {}}, 'heterogeneous_data_handler': {'enabled': False, 'params': {}}}
{'client_selector': {'enabled': True}, 'client_cluster': {'enabled': False}, 'message_compressor': {'enabled': False}, 'model_co-versioning_registry': {'enabled': False}, 'multi-task_model_trainer': {'enabled': False}, 'heterogeneous_data_handler': {'enabled': False}, 'client_registry': {'enabled': True}}
Selector activated ✅
Selector de-activated ❌
Results Aggregated in 61.79 seconds.
{'CNN 16k': {'train_loss': [3234.6178244948387, 2841.55280777812, 2574.7069484988847], 'train_accuracy': [0.24761, 0.343715, 0.39551], 'train_f1': [0.2111814096570015, 0.3303152248263359, 0.38030185798803967], 'train_mae': [2.9238399863243103, 2.408674955368042, 2.2334266901016235], 'val_loss': [648.1060453951359, 567.9294245541096, 516.0660323500633], 'val_accuracy': [0.2533, 0.346675, 0.3944], 'val_f1': [0.2170945666730404, 0.33269283920526505, 0.3791503955920537], 'val_mae': [2.925200045108795, 2.3917499780654907, 2.232349952061971]}}
AdaptationManager: Configuring next round...
{'client_registry': {'enabled': True, 'params': {}}, 'client_selector': {'enabled': True, 'params': {'selection_strategy': 'Resource-Based', 'selection_criteria': 'CPU', 'selection_value': 2}}, 'client_cluster': {'enabled': False, 'params': {}}, 'message_compressor': {'enabled': False, 'params': {}}, 'model_co-versioning_registry': {'enabled': False, 'params': {}}, 'multi-task_model_trainer': {'enabled': False, 'params': {}}, 'heterogeneous_data_handler': {'enabled': False, 'params': {}}}
{'client_selector': {'enabled': False}, 'client_cluster': {'enabled': False}, 'message_compressor': {'enabled': False}, 'model_co-versioning_registry': {'enabled': False}, 'multi-task_model_trainer': {'enabled': False}, 'heterogeneous_data_handler': {'enabled': False}, 'client_registry': {'enabled': True}}
Selector activated ✅
Selector de-activated ❌
Results Aggregated in 57.75 seconds.
{'CNN 16k': {'train_loss': [3234.6178244948387, 2841.55280777812, 2574.7069484988847, 2441.4841187993684], 'train_accuracy': [0.24761, 0.343715, 0.39551, 0.43178666666666665], 'train_f1': [0.2111814096570015, 0.3303152248263359, 0.38030185798803967, 0.422965943813324], 'train_mae': [2.9238399863243103, 2.408674955368042, 2.2334266901016235, 2.120633284250895], 'val_loss': [648.1060453951359, 567.9294245541096, 516.0660323500633, 491.7522028485934], 'val_accuracy': [0.2533, 0.346675, 0.3944, 0.4255], 'val_f1': [0.2170945666730404, 0.33269283920526505, 0.3791503955920537, 0.4169447322686513], 'val_mae': [2.925200045108795, 2.3917499780654907, 2.232349952061971, 2.1453166405359902]}}
AdaptationManager: Configuring next round...
{'client_registry': {'enabled': True, 'params': {}}, 'client_selector': {'enabled': True, 'params': {'selection_strategy': 'Resource-Based', 'selection_criteria': 'CPU', 'selection_value': 2}}, 'client_cluster': {'enabled': False, 'params': {}}, 'message_compressor': {'enabled': False, 'params': {}}, 'model_co-versioning_registry': {'enabled': False, 'params': {}}, 'multi-task_model_trainer': {'enabled': False, 'params': {}}, 'heterogeneous_data_handler': {'enabled': False, 'params': {}}}
{'client_selector': {'enabled': False}, 'client_cluster': {'enabled': False}, 'message_compressor': {'enabled': False}, 'model_co-versioning_registry': {'enabled': False}, 'multi-task_model_trainer': {'enabled': False}, 'heterogeneous_data_handler': {'enabled': False}, 'client_registry': {'enabled': True}}
Selector activated ✅
Selector de-activated ❌
Results Aggregated in 60.63 seconds.
{'CNN 16k': {'train_loss': [3234.6178244948387, 2841.55280777812, 2574.7069484988847, 2441.4841187993684, 2331.452174613873], 'train_accuracy': [0.24761, 0.343715, 0.39551, 0.43178666666666665, 0.45614], 'train_f1': [0.2111814096570015, 0.3303152248263359, 0.38030185798803967, 0.422965943813324, 0.44761208196481067], 'train_mae': [2.9238399863243103, 2.408674955368042, 2.2334266901016235, 2.120633284250895, 2.021530012289683], 'val_loss': [648.1060453951359, 567.9294245541096, 516.0660323500633, 491.7522028485934, 471.8703411221504], 'val_accuracy': [0.2533, 0.346675, 0.3944, 0.4255, 0.4524], 'val_f1': [0.2170945666730404, 0.33269283920526505, 0.3791503955920537, 0.4169447322686513, 0.44400833050409955], 'val_mae': [2.925200045108795, 2.3917499780654907, 2.232349952061971, 2.1453166405359902, 2.0385166803995767]}}
AdaptationManager: Configuring next round...
{'client_registry': {'enabled': True, 'params': {}}, 'client_selector': {'enabled': True, 'params': {'selection_strategy': 'Resource-Based', 'selection_criteria': 'CPU', 'selection_value': 2}}, 'client_cluster': {'enabled': False, 'params': {}}, 'message_compressor': {'enabled': False, 'params': {}}, 'model_co-versioning_registry': {'enabled': False, 'params': {}}, 'multi-task_model_trainer': {'enabled': False, 'params': {}}, 'heterogeneous_data_handler': {'enabled': False, 'params': {}}}
{'client_selector': {'enabled': False}, 'client_cluster': {'enabled': False}, 'message_compressor': {'enabled': False}, 'model_co-versioning_registry': {'enabled': False}, 'multi-task_model_trainer': {'enabled': False}, 'heterogeneous_data_handler': {'enabled': False}, 'client_registry': {'enabled': True}}
Selector activated ✅
Selector de-activated ❌
Results Aggregated in 60.15 seconds.
{'CNN 16k': {'train_loss': [3234.6178244948387, 2841.55280777812, 2574.7069484988847, 2441.4841187993684, 2331.452174613873, 2240.132465670506], 'train_accuracy': [0.24761, 0.343715, 0.39551, 0.43178666666666665, 0.45614, 0.4813866666666667], 'train_f1': [0.2111814096570015, 0.3303152248263359, 0.38030185798803967, 0.422965943813324, 0.44761208196481067, 0.4729821979999542], 'train_mae': [2.9238399863243103, 2.408674955368042, 2.2334266901016235, 2.120633284250895, 2.021530012289683, 1.9249500036239624], 'val_loss': [648.1060453951359, 567.9294245541096, 516.0660323500633, 491.7522028485934, 471.8703411221504, 456.53226721286774], 'val_accuracy': [0.2533, 0.346675, 0.3944, 0.4255, 0.4524, 0.4712], 'val_f1': [0.2170945666730404, 0.33269283920526505, 0.3791503955920537, 0.4169447322686513, 0.44400833050409955, 0.46273382504781085], 'val_mae': [2.925200045108795, 2.3917499780654907, 2.232349952061971, 2.1453166405359902, 2.0385166803995767, 1.9693666696548462]}}
AdaptationManager: Configuring next round...
{'client_registry': {'enabled': True, 'params': {}}, 'client_selector': {'enabled': True, 'params': {'selection_strategy': 'Resource-Based', 'selection_criteria': 'CPU', 'selection_value': 2}}, 'client_cluster': {'enabled': False, 'params': {}}, 'message_compressor': {'enabled': False, 'params': {}}, 'model_co-versioning_registry': {'enabled': False, 'params': {}}, 'multi-task_model_trainer': {'enabled': False, 'params': {}}, 'heterogeneous_data_handler': {'enabled': False, 'params': {}}}
{'client_selector': {'enabled': False}, 'client_cluster': {'enabled': False}, 'message_compressor': {'enabled': False}, 'model_co-versioning_registry': {'enabled': False}, 'multi-task_model_trainer': {'enabled': False}, 'heterogeneous_data_handler': {'enabled': False}, 'client_registry': {'enabled': True}}
Selector de-activated ❌
Selector de-activated ❌
Results Aggregated in 57.31 seconds.
{'CNN 16k': {'train_loss': [3234.6178244948387, 2841.55280777812, 2574.7069484988847, 2441.4841187993684, 2331.452174613873, 2240.132465670506, 2183.82051863273], 'train_accuracy': [0.24761, 0.343715, 0.39551, 0.43178666666666665, 0.45614, 0.4813866666666667, 0.49601666666666666], 'train_f1': [0.2111814096570015, 0.3303152248263359, 0.38030185798803967, 0.422965943813324, 0.44761208196481067, 0.4729821979999542, 0.48920971651872], 'train_mae': [2.9238399863243103, 2.408674955368042, 2.2334266901016235, 2.120633284250895, 2.021530012289683, 1.9249500036239624, 1.8673933347066243], 'val_loss': [648.1060453951359, 567.9294245541096, 516.0660323500633, 491.7522028485934, 471.8703411221504, 456.53226721286774, 447.6963717242082], 'val_accuracy': [0.2533, 0.346675, 0.3944, 0.4255, 0.4524, 0.4712, 0.48346666666666666], 'val_f1': [0.2170945666730404, 0.33269283920526505, 0.3791503955920537, 0.4169447322686513, 0.44400833050409955, 0.46273382504781085, 0.4761048158009847], 'val_mae': [2.925200045108795, 2.3917499780654907, 2.232349952061971, 2.1453166405359902, 2.0385166803995767, 1.9693666696548462, 1.9187666575113933]}}
AdaptationManager: Configuring next round...
{'client_registry': {'enabled': True, 'params': {}}, 'client_selector': {'enabled': True, 'params': {'selection_strategy': 'Resource-Based', 'selection_criteria': 'CPU', 'selection_value': 2}}, 'client_cluster': {'enabled': False, 'params': {}}, 'message_compressor': {'enabled': False, 'params': {}}, 'model_co-versioning_registry': {'enabled': False, 'params': {}}, 'multi-task_model_trainer': {'enabled': False, 'params': {}}, 'heterogeneous_data_handler': {'enabled': False, 'params': {}}}
{'client_selector': {'enabled': False}, 'client_cluster': {'enabled': False}, 'message_compressor': {'enabled': False}, 'model_co-versioning_registry': {'enabled': False}, 'multi-task_model_trainer': {'enabled': False}, 'heterogeneous_data_handler': {'enabled': False}, 'client_registry': {'enabled': False}}
Selector activated ✅
Selector de-activated ❌
Results Aggregated in 58.15 seconds.
{'CNN 16k': {'train_loss': [3234.6178244948387, 2841.55280777812, 2574.7069484988847, 2441.4841187993684, 2331.452174613873, 2240.132465670506, 2183.82051863273, 2134.0504039128623], 'train_accuracy': [0.24761, 0.343715, 0.39551, 0.43178666666666665, 0.45614, 0.4813866666666667, 0.49601666666666666, 0.5089266666666666], 'train_f1': [0.2111814096570015, 0.3303152248263359, 0.38030185798803967, 0.422965943813324, 0.44761208196481067, 0.4729821979999542, 0.48920971651872, 0.5034620513518652], 'train_mae': [2.9238399863243103, 2.408674955368042, 2.2334266901016235, 2.120633284250895, 2.021530012289683, 1.9249500036239624, 1.8673933347066243, 1.8084299961725872], 'val_loss': [648.1060453951359, 567.9294245541096, 516.0660323500633, 491.7522028485934, 471.8703411221504, 456.53226721286774, 447.6963717242082, 439.6365471978982], 'val_accuracy': [0.2533, 0.346675, 0.3944, 0.4255, 0.4524, 0.4712, 0.48346666666666666, 0.49488333333333334], 'val_f1': [0.2170945666730404, 0.33269283920526505, 0.3791503955920537, 0.4169447322686513, 0.44400833050409955, 0.46273382504781085, 0.4761048158009847, 0.48880475262800854], 'val_mae': [2.925200045108795, 2.3917499780654907, 2.232349952061971, 2.1453166405359902, 2.0385166803995767, 1.9693666696548462, 1.9187666575113933, 1.867549995581309]}}
AdaptationManager: Configuring next round...
{'client_registry': {'enabled': True, 'params': {}}, 'client_selector': {'enabled': True, 'params': {'selection_strategy': 'Resource-Based', 'selection_criteria': 'CPU', 'selection_value': 2}}, 'client_cluster': {'enabled': False, 'params': {}}, 'message_compressor': {'enabled': False, 'params': {}}, 'model_co-versioning_registry': {'enabled': False, 'params': {}}, 'multi-task_model_trainer': {'enabled': False, 'params': {}}, 'heterogeneous_data_handler': {'enabled': False, 'params': {}}}
{'client_selector': {'enabled': False}, 'client_cluster': {'enabled': False}, 'message_compressor': {'enabled': False}, 'model_co-versioning_registry': {'enabled': False}, 'multi-task_model_trainer': {'enabled': False}, 'heterogeneous_data_handler': {'enabled': False}, 'client_registry': {'enabled': True}}
Selector activated ✅
Selector activated ✅
Client Client 4 participates in this round. (CPU: 2, RAM: 2)
Client Client 1 participates in this round. (CPU: 2, RAM: 2)
Client Client 6 has insufficient CPU (1). Will not participate in the next FL round.
Client Client 2 participates in this round. (CPU: 2, RAM: 2)
Client Client 5 has insufficient CPU (1). Will not participate in the next FL round.
Client Client 3 participates in this round. (CPU: 2, RAM: 2)
Results Aggregated in 58.20 seconds.
{'CNN 16k': {'train_loss': [3234.6178244948387, 2841.55280777812, 2574.7069484988847, 2441.4841187993684, 2331.452174613873, 2240.132465670506, 2183.82051863273, 2134.0504039128623, 2085.677754610777], 'train_accuracy': [0.24761, 0.343715, 0.39551, 0.43178666666666665, 0.45614, 0.4813866666666667, 0.49601666666666666, 0.5089266666666666, 0.521305], 'train_f1': [0.2111814096570015, 0.3303152248263359, 0.38030185798803967, 0.422965943813324, 0.44761208196481067, 0.4729821979999542, 0.48920971651872, 0.5034620513518652, 0.512947291135788], 'train_mae': [2.9238399863243103, 2.408674955368042, 2.2334266901016235, 2.120633284250895, 2.021530012289683, 1.9249500036239624, 1.8673933347066243, 1.8084299961725872, 1.7721849977970123], 'val_loss': [648.1060453951359, 567.9294245541096, 516.0660323500633, 491.7522028485934, 471.8703411221504, 456.53226721286774, 447.6963717242082, 439.6365471978982, 432.0326454490423], 'val_accuracy': [0.2533, 0.346675, 0.3944, 0.4255, 0.4524, 0.4712, 0.48346666666666666, 0.49488333333333334, 0.5039], 'val_f1': [0.2170945666730404, 0.33269283920526505, 0.3791503955920537, 0.4169447322686513, 0.44400833050409955, 0.46273382504781085, 0.4761048158009847, 0.48880475262800854, 0.49548566341400146], 'val_mae': [2.925200045108795, 2.3917499780654907, 2.232349952061971, 2.1453166405359902, 2.0385166803995767, 1.9693666696548462, 1.9187666575113933, 1.867549995581309, 1.8406749665737152]}}
AdaptationManager: Configuring next round...
{'client_registry': {'enabled': True, 'params': {}}, 'client_selector': {'enabled': True, 'params': {'selection_strategy': 'Resource-Based', 'selection_criteria': 'CPU', 'selection_value': 2}}, 'client_cluster': {'enabled': False, 'params': {}}, 'message_compressor': {'enabled': False, 'params': {}}, 'model_co-versioning_registry': {'enabled': False, 'params': {}}, 'multi-task_model_trainer': {'enabled': False, 'params': {}}, 'heterogeneous_data_handler': {'enabled': False, 'params': {}}}
{'client_selector': {'enabled': True}, 'client_cluster': {'enabled': False}, 'message_compressor': {'enabled': False}, 'model_co-versioning_registry': {'enabled': False}, 'multi-task_model_trainer': {'enabled': False}, 'heterogeneous_data_handler': {'enabled': False}, 'client_registry': {'enabled': True}}
Selector activated ✅
Selector de-activated ❌
Results Aggregated in 65.67 seconds.
{'CNN 16k': {'train_loss': [3234.6178244948387, 2841.55280777812, 2574.7069484988847, 2441.4841187993684, 2331.452174613873, 2240.132465670506, 2183.82051863273, 2134.0504039128623, 2085.677754610777, 2021.009412477414], 'train_accuracy': [0.24761, 0.343715, 0.39551, 0.43178666666666665, 0.45614, 0.4813866666666667, 0.49601666666666666, 0.5089266666666666, 0.521305, 0.53822], 'train_f1': [0.2111814096570015, 0.3303152248263359, 0.38030185798803967, 0.422965943813324, 0.44761208196481067, 0.4729821979999542, 0.48920971651872, 0.5034620513518652, 0.512947291135788, 0.5327843427658081], 'train_mae': [2.9238399863243103, 2.408674955368042, 2.2334266901016235, 2.120633284250895, 2.021530012289683, 1.9249500036239624, 1.8673933347066243, 1.8084299961725872, 1.7721849977970123, 1.6721967061360676], 'val_loss': [648.1060453951359, 567.9294245541096, 516.0660323500633, 491.7522028485934, 471.8703411221504, 456.53226721286774, 447.6963717242082, 439.6365471978982, 432.0326454490423, 421.3639156917731], 'val_accuracy': [0.2533, 0.346675, 0.3944, 0.4255, 0.4524, 0.4712, 0.48346666666666666, 0.49488333333333334, 0.5039, 0.5185833333333333], 'val_f1': [0.2170945666730404, 0.33269283920526505, 0.3791503955920537, 0.4169447322686513, 0.44400833050409955, 0.46273382504781085, 0.4761048158009847, 0.48880475262800854, 0.49548566341400146, 0.5123004019260406], 'val_mae': [2.925200045108795, 2.3917499780654907, 2.232349952061971, 2.1453166405359902, 2.0385166803995767, 1.9693666696548462, 1.9187666575113933, 1.867549995581309, 1.8406749665737152, 1.743749996026357]}}
AdaptationManager: Configuring next round...
{'client_registry': {'enabled': True, 'params': {}}, 'client_selector': {'enabled': True, 'params': {'selection_strategy': 'Resource-Based', 'selection_criteria': 'CPU', 'selection_value': 2}}, 'client_cluster': {'enabled': False, 'params': {}}, 'message_compressor': {'enabled': False, 'params': {}}, 'model_co-versioning_registry': {'enabled': False, 'params': {}}, 'multi-task_model_trainer': {'enabled': False, 'params': {}}, 'heterogeneous_data_handler': {'enabled': False, 'params': {}}}
{'client_selector': {'enabled': False}, 'client_cluster': {'enabled': False}, 'message_compressor': {'enabled': False}, 'model_co-versioning_registry': {'enabled': False}, 'multi-task_model_trainer': {'enabled': False}, 'heterogeneous_data_handler': {'enabled': False}, 'client_registry': {'enabled': True}}
Selector activated ✅
Selector activated ✅
Client Client 2 participates in this round. (CPU: 2, RAM: 2)
Client Client 5 has insufficient CPU (1). Will not participate in the next FL round.
Client Client 3 participates in this round. (CPU: 2, RAM: 2)
Client Client 4 participates in this round. (CPU: 2, RAM: 2)
Client Client 1 participates in this round. (CPU: 2, RAM: 2)
Client Client 6 has insufficient CPU (1). Will not participate in the next FL round.
Results Aggregated in 56.62 seconds.
{'CNN 16k': {'train_loss': [3234.6178244948387, 2841.55280777812, 2574.7069484988847, 2441.4841187993684, 2331.452174613873, 2240.132465670506, 2183.82051863273, 2134.0504039128623, 2085.677754610777, 2021.009412477414, 1984.2724761515856], 'train_accuracy': [0.24761, 0.343715, 0.39551, 0.43178666666666665, 0.45614, 0.4813866666666667, 0.49601666666666666, 0.5089266666666666, 0.521305, 0.53822, 0.5459], 'train_f1': [0.2111814096570015, 0.3303152248263359, 0.38030185798803967, 0.422965943813324, 0.44761208196481067, 0.4729821979999542, 0.48920971651872, 0.5034620513518652, 0.512947291135788, 0.5327843427658081, 0.5415814220905304], 'train_mae': [2.9238399863243103, 2.408674955368042, 2.2334266901016235, 2.120633284250895, 2.021530012289683, 1.9249500036239624, 1.8673933347066243, 1.8084299961725872, 1.7721849977970123, 1.6721967061360676, 1.677304983139038], 'val_loss': [648.1060453951359, 567.9294245541096, 516.0660323500633, 491.7522028485934, 471.8703411221504, 456.53226721286774, 447.6963717242082, 439.6365471978982, 432.0326454490423, 421.3639156917731, 415.9038598239422], 'val_accuracy': [0.2533, 0.346675, 0.3944, 0.4255, 0.4524, 0.4712, 0.48346666666666666, 0.49488333333333334, 0.5039, 0.5185833333333333, 0.522175], 'val_f1': [0.2170945666730404, 0.33269283920526505, 0.3791503955920537, 0.4169447322686513, 0.44400833050409955, 0.46273382504781085, 0.4761048158009847, 0.48880475262800854, 0.49548566341400146, 0.5123004019260406, 0.517104759812355], 'val_mae': [2.925200045108795, 2.3917499780654907, 2.232349952061971, 2.1453166405359902, 2.0385166803995767, 1.9693666696548462, 1.9187666575113933, 1.867549995581309, 1.8406749665737152, 1.743749996026357, 1.7660750150680542]}}
AdaptationManager: Configuring next round...
{'client_registry': {'enabled': True, 'params': {}}, 'client_selector': {'enabled': True, 'params': {'selection_strategy': 'Resource-Based', 'selection_criteria': 'CPU', 'selection_value': 2}}, 'client_cluster': {'enabled': False, 'params': {}}, 'message_compressor': {'enabled': False, 'params': {}}, 'model_co-versioning_registry': {'enabled': False, 'params': {}}, 'multi-task_model_trainer': {'enabled': False, 'params': {}}, 'heterogeneous_data_handler': {'enabled': False, 'params': {}}}
{'client_selector': {'enabled': True}, 'client_cluster': {'enabled': False}, 'message_compressor': {'enabled': False}, 'model_co-versioning_registry': {'enabled': False}, 'multi-task_model_trainer': {'enabled': False}, 'heterogeneous_data_handler': {'enabled': False}, 'client_registry': {'enabled': True}}
Selector de-activated ❌
Selector activated ✅
Client Client 1 participates in this round. (CPU: 2, RAM: 2)
Client Client 3 participates in this round. (CPU: 2, RAM: 2)
Client Client 5 has insufficient CPU (1). Will not participate in the next FL round.
Client Client 2 participates in this round. (CPU: 2, RAM: 2)
Client Client 6 has insufficient CPU (1). Will not participate in the next FL round.
Client Client 4 participates in this round. (CPU: 2, RAM: 2)
Results Aggregated in 59.50 seconds.
{'CNN 16k': {'train_loss': [3234.6178244948387, 2841.55280777812, 2574.7069484988847, 2441.4841187993684, 2331.452174613873, 2240.132465670506, 2183.82051863273, 2134.0504039128623, 2085.677754610777, 2021.009412477414, 1984.2724761515856, 1966.2608972787857], 'train_accuracy': [0.24761, 0.343715, 0.39551, 0.43178666666666665, 0.45614, 0.4813866666666667, 0.49601666666666666, 0.5089266666666666, 0.521305, 0.53822, 0.5459, 0.5537], 'train_f1': [0.2111814096570015, 0.3303152248263359, 0.38030185798803967, 0.422965943813324, 0.44761208196481067, 0.4729821979999542, 0.48920971651872, 0.5034620513518652, 0.512947291135788, 0.5327843427658081, 0.5415814220905304, 0.546341598033905], 'train_mae': [2.9238399863243103, 2.408674955368042, 2.2334266901016235, 2.120633284250895, 2.021530012289683, 1.9249500036239624, 1.8673933347066243, 1.8084299961725872, 1.7721849977970123, 1.6721967061360676, 1.677304983139038, 1.634645015001297], 'val_loss': [648.1060453951359, 567.9294245541096, 516.0660323500633, 491.7522028485934, 471.8703411221504, 456.53226721286774, 447.6963717242082, 439.6365471978982, 432.0326454490423, 421.3639156917731, 415.9038598239422, 414.13191667199135], 'val_accuracy': [0.2533, 0.346675, 0.3944, 0.4255, 0.4524, 0.4712, 0.48346666666666666, 0.49488333333333334, 0.5039, 0.5185833333333333, 0.522175, 0.52825], 'val_f1': [0.2170945666730404, 0.33269283920526505, 0.3791503955920537, 0.4169447322686513, 0.44400833050409955, 0.46273382504781085, 0.4761048158009847, 0.48880475262800854, 0.49548566341400146, 0.5123004019260406, 0.517104759812355, 0.5204394906759262], 'val_mae': [2.925200045108795, 2.3917499780654907, 2.232349952061971, 2.1453166405359902, 2.0385166803995767, 1.9693666696548462, 1.9187666575113933, 1.867549995581309, 1.8406749665737152, 1.743749996026357, 1.7660750150680542, 1.7336499989032745]}}
AdaptationManager: Configuring next round...
{'client_registry': {'enabled': True, 'params': {}}, 'client_selector': {'enabled': True, 'params': {'selection_strategy': 'Resource-Based', 'selection_criteria': 'CPU', 'selection_value': 2}}, 'client_cluster': {'enabled': False, 'params': {}}, 'message_compressor': {'enabled': False, 'params': {}}, 'model_co-versioning_registry': {'enabled': False, 'params': {}}, 'multi-task_model_trainer': {'enabled': False, 'params': {}}, 'heterogeneous_data_handler': {'enabled': False, 'params': {}}}
{'client_selector': {'enabled': True}, 'client_cluster': {'enabled': False}, 'message_compressor': {'enabled': False}, 'model_co-versioning_registry': {'enabled': False}, 'multi-task_model_trainer': {'enabled': False}, 'heterogeneous_data_handler': {'enabled': False}, 'client_registry': {'enabled': False}}
Selector activated ✅
Selector activated ✅
Client Client 3 participates in this round. (CPU: 2, RAM: 2)
Client Client 4 participates in this round. (CPU: 2, RAM: 2)
Client Client 5 has insufficient CPU (1). Will not participate in the next FL round.
Client Client 2 participates in this round. (CPU: 2, RAM: 2)
Client Client 1 participates in this round. (CPU: 2, RAM: 2)
Client Client 6 has insufficient CPU (1). Will not participate in the next FL round.
Results Aggregated in 58.53 seconds.
{'CNN 16k': {'train_loss': [3234.6178244948387, 2841.55280777812, 2574.7069484988847, 2441.4841187993684, 2331.452174613873, 2240.132465670506, 2183.82051863273, 2134.0504039128623, 2085.677754610777, 2021.009412477414, 1984.2724761515856, 1966.2608972787857, 1903.50867035985], 'train_accuracy': [0.24761, 0.343715, 0.39551, 0.43178666666666665, 0.45614, 0.4813866666666667, 0.49601666666666666, 0.5089266666666666, 0.521305, 0.53822, 0.5459, 0.5537, 0.568375], 'train_f1': [0.2111814096570015, 0.3303152248263359, 0.38030185798803967, 0.422965943813324, 0.44761208196481067, 0.4729821979999542, 0.48920971651872, 0.5034620513518652, 0.512947291135788, 0.5327843427658081, 0.5415814220905304, 0.546341598033905, 0.5667238086462021], 'train_mae': [2.9238399863243103, 2.408674955368042, 2.2334266901016235, 2.120633284250895, 2.021530012289683, 1.9249500036239624, 1.8673933347066243, 1.8084299961725872, 1.7721849977970123, 1.6721967061360676, 1.677304983139038, 1.634645015001297, 1.555860012769699], 'val_loss': [648.1060453951359, 567.9294245541096, 516.0660323500633, 491.7522028485934, 471.8703411221504, 456.53226721286774, 447.6963717242082, 439.6365471978982, 432.0326454490423, 421.3639156917731, 415.9038598239422, 414.13191667199135, 403.5271639227867], 'val_accuracy': [0.2533, 0.346675, 0.3944, 0.4255, 0.4524, 0.4712, 0.48346666666666666, 0.49488333333333334, 0.5039, 0.5185833333333333, 0.522175, 0.52825, 0.541075], 'val_f1': [0.2170945666730404, 0.33269283920526505, 0.3791503955920537, 0.4169447322686513, 0.44400833050409955, 0.46273382504781085, 0.4761048158009847, 0.48880475262800854, 0.49548566341400146, 0.5123004019260406, 0.517104759812355, 0.5204394906759262, 0.5390331000089645], 'val_mae': [2.925200045108795, 2.3917499780654907, 2.232349952061971, 2.1453166405359902, 2.0385166803995767, 1.9693666696548462, 1.9187666575113933, 1.867549995581309, 1.8406749665737152, 1.743749996026357, 1.7660750150680542, 1.7336499989032745, 1.6664499938488007]}}
AdaptationManager: Configuring next round...
{'client_registry': {'enabled': True, 'params': {}}, 'client_selector': {'enabled': True, 'params': {'selection_strategy': 'Resource-Based', 'selection_criteria': 'CPU', 'selection_value': 2}}, 'client_cluster': {'enabled': False, 'params': {}}, 'message_compressor': {'enabled': False, 'params': {}}, 'model_co-versioning_registry': {'enabled': False, 'params': {}}, 'multi-task_model_trainer': {'enabled': False, 'params': {}}, 'heterogeneous_data_handler': {'enabled': False, 'params': {}}}
{'client_selector': {'enabled': True}, 'client_cluster': {'enabled': False}, 'message_compressor': {'enabled': False}, 'model_co-versioning_registry': {'enabled': False}, 'multi-task_model_trainer': {'enabled': False}, 'heterogeneous_data_handler': {'enabled': False}, 'client_registry': {'enabled': True}}
Selector activated ✅
Selector de-activated ❌
Results Aggregated in 64.50 seconds.
{'CNN 16k': {'train_loss': [3234.6178244948387, 2841.55280777812, 2574.7069484988847, 2441.4841187993684, 2331.452174613873, 2240.132465670506, 2183.82051863273, 2134.0504039128623, 2085.677754610777, 2021.009412477414, 1984.2724761515856, 1966.2608972787857, 1903.50867035985, 1893.173193971316], 'train_accuracy': [0.24761, 0.343715, 0.39551, 0.43178666666666665, 0.45614, 0.4813866666666667, 0.49601666666666666, 0.5089266666666666, 0.521305, 0.53822, 0.5459, 0.5537, 0.568375, 0.56949], 'train_f1': [0.2111814096570015, 0.3303152248263359, 0.38030185798803967, 0.422965943813324, 0.44761208196481067, 0.4729821979999542, 0.48920971651872, 0.5034620513518652, 0.512947291135788, 0.5327843427658081, 0.5415814220905304, 0.546341598033905, 0.5667238086462021, 0.5620295802752177], 'train_mae': [2.9238399863243103, 2.408674955368042, 2.2334266901016235, 2.120633284250895, 2.021530012289683, 1.9249500036239624, 1.8673933347066243, 1.8084299961725872, 1.7721849977970123, 1.6721967061360676, 1.677304983139038, 1.634645015001297, 1.555860012769699, 1.5667933424313862], 'val_loss': [648.1060453951359, 567.9294245541096, 516.0660323500633, 491.7522028485934, 471.8703411221504, 456.53226721286774, 447.6963717242082, 439.6365471978982, 432.0326454490423, 421.3639156917731, 415.9038598239422, 414.13191667199135, 403.5271639227867, 403.943192889293], 'val_accuracy': [0.2533, 0.346675, 0.3944, 0.4255, 0.4524, 0.4712, 0.48346666666666666, 0.49488333333333334, 0.5039, 0.5185833333333333, 0.522175, 0.52825, 0.541075, 0.5422333333333333], 'val_f1': [0.2170945666730404, 0.33269283920526505, 0.3791503955920537, 0.4169447322686513, 0.44400833050409955, 0.46273382504781085, 0.4761048158009847, 0.48880475262800854, 0.49548566341400146, 0.5123004019260406, 0.517104759812355, 0.5204394906759262, 0.5390331000089645, 0.5345209836959839], 'val_mae': [2.925200045108795, 2.3917499780654907, 2.232349952061971, 2.1453166405359902, 2.0385166803995767, 1.9693666696548462, 1.9187666575113933, 1.867549995581309, 1.8406749665737152, 1.743749996026357, 1.7660750150680542, 1.7336499989032745, 1.6664499938488007, 1.670966645081838]}}
AdaptationManager: Configuring next round...
{'client_registry': {'enabled': True, 'params': {}}, 'client_selector': {'enabled': True, 'params': {'selection_strategy': 'Resource-Based', 'selection_criteria': 'CPU', 'selection_value': 2}}, 'client_cluster': {'enabled': False, 'params': {}}, 'message_compressor': {'enabled': False, 'params': {}}, 'model_co-versioning_registry': {'enabled': False, 'params': {}}, 'multi-task_model_trainer': {'enabled': False, 'params': {}}, 'heterogeneous_data_handler': {'enabled': False, 'params': {}}}
{'client_selector': {'enabled': False}, 'client_cluster': {'enabled': False}, 'message_compressor': {'enabled': False}, 'model_co-versioning_registry': {'enabled': False}, 'multi-task_model_trainer': {'enabled': False}, 'heterogeneous_data_handler': {'enabled': False}, 'client_registry': {'enabled': True}}
Selector activated ✅
Selector de-activated ❌
Results Aggregated in 69.53 seconds.
{'CNN 16k': {'train_loss': [3234.6178244948387, 2841.55280777812, 2574.7069484988847, 2441.4841187993684, 2331.452174613873, 2240.132465670506, 2183.82051863273, 2134.0504039128623, 2085.677754610777, 2021.009412477414, 1984.2724761515856, 1966.2608972787857, 1903.50867035985, 1893.173193971316, 1858.4654133419197], 'train_accuracy': [0.24761, 0.343715, 0.39551, 0.43178666666666665, 0.45614, 0.4813866666666667, 0.49601666666666666, 0.5089266666666666, 0.521305, 0.53822, 0.5459, 0.5537, 0.568375, 0.56949, 0.5779366666666667], 'train_f1': [0.2111814096570015, 0.3303152248263359, 0.38030185798803967, 0.422965943813324, 0.44761208196481067, 0.4729821979999542, 0.48920971651872, 0.5034620513518652, 0.512947291135788, 0.5327843427658081, 0.5415814220905304, 0.546341598033905, 0.5667238086462021, 0.5620295802752177, 0.5756859381993612], 'train_mae': [2.9238399863243103, 2.408674955368042, 2.2334266901016235, 2.120633284250895, 2.021530012289683, 1.9249500036239624, 1.8673933347066243, 1.8084299961725872, 1.7721849977970123, 1.6721967061360676, 1.677304983139038, 1.634645015001297, 1.555860012769699, 1.5667933424313862, 1.50982666015625], 'val_loss': [648.1060453951359, 567.9294245541096, 516.0660323500633, 491.7522028485934, 471.8703411221504, 456.53226721286774, 447.6963717242082, 439.6365471978982, 432.0326454490423, 421.3639156917731, 415.9038598239422, 414.13191667199135, 403.5271639227867, 403.943192889293, 399.1761746605237], 'val_accuracy': [0.2533, 0.346675, 0.3944, 0.4255, 0.4524, 0.4712, 0.48346666666666666, 0.49488333333333334, 0.5039, 0.5185833333333333, 0.522175, 0.52825, 0.541075, 0.5422333333333333, 0.5472166666666667], 'val_f1': [0.2170945666730404, 0.33269283920526505, 0.3791503955920537, 0.4169447322686513, 0.44400833050409955, 0.46273382504781085, 0.4761048158009847, 0.48880475262800854, 0.49548566341400146, 0.5123004019260406, 0.517104759812355, 0.5204394906759262, 0.5390331000089645, 0.5345209836959839, 0.5446008543173472], 'val_mae': [2.925200045108795, 2.3917499780654907, 2.232349952061971, 2.1453166405359902, 2.0385166803995767, 1.9693666696548462, 1.9187666575113933, 1.867549995581309, 1.8406749665737152, 1.743749996026357, 1.7660750150680542, 1.7336499989032745, 1.6664499938488007, 1.670966645081838, 1.6372499863306682]}}
AdaptationManager: Configuring next round...
{'client_registry': {'enabled': True, 'params': {}}, 'client_selector': {'enabled': True, 'params': {'selection_strategy': 'Resource-Based', 'selection_criteria': 'CPU', 'selection_value': 2}}, 'client_cluster': {'enabled': False, 'params': {}}, 'message_compressor': {'enabled': False, 'params': {}}, 'model_co-versioning_registry': {'enabled': False, 'params': {}}, 'multi-task_model_trainer': {'enabled': False, 'params': {}}, 'heterogeneous_data_handler': {'enabled': False, 'params': {}}}
{'client_selector': {'enabled': False}, 'client_cluster': {'enabled': False}, 'message_compressor': {'enabled': False}, 'model_co-versioning_registry': {'enabled': False}, 'multi-task_model_trainer': {'enabled': False}, 'heterogeneous_data_handler': {'enabled': False}, 'client_registry': {'enabled': True}}
Selector activated ✅
Selector de-activated ❌
Results Aggregated in 57.75 seconds.
{'CNN 16k': {'train_loss': [3234.6178244948387, 2841.55280777812, 2574.7069484988847, 2441.4841187993684, 2331.452174613873, 2240.132465670506, 2183.82051863273, 2134.0504039128623, 2085.677754610777, 2021.009412477414, 1984.2724761515856, 1966.2608972787857, 1903.50867035985, 1893.173193971316, 1858.4654133419197, 1841.621076355378], 'train_accuracy': [0.24761, 0.343715, 0.39551, 0.43178666666666665, 0.45614, 0.4813866666666667, 0.49601666666666666, 0.5089266666666666, 0.521305, 0.53822, 0.5459, 0.5537, 0.568375, 0.56949, 0.5779366666666667, 0.5826833333333333], 'train_f1': [0.2111814096570015, 0.3303152248263359, 0.38030185798803967, 0.422965943813324, 0.44761208196481067, 0.4729821979999542, 0.48920971651872, 0.5034620513518652, 0.512947291135788, 0.5327843427658081, 0.5415814220905304, 0.546341598033905, 0.5667238086462021, 0.5620295802752177, 0.5756859381993612, 0.577772448460261], 'train_mae': [2.9238399863243103, 2.408674955368042, 2.2334266901016235, 2.120633284250895, 2.021530012289683, 1.9249500036239624, 1.8673933347066243, 1.8084299961725872, 1.7721849977970123, 1.6721967061360676, 1.677304983139038, 1.634645015001297, 1.555860012769699, 1.5667933424313862, 1.50982666015625, 1.5276866555213928], 'val_loss': [648.1060453951359, 567.9294245541096, 516.0660323500633, 491.7522028485934, 471.8703411221504, 456.53226721286774, 447.6963717242082, 439.6365471978982, 432.0326454490423, 421.3639156917731, 415.9038598239422, 414.13191667199135, 403.5271639227867, 403.943192889293, 399.1761746605237, 397.3435723880927], 'val_accuracy': [0.2533, 0.346675, 0.3944, 0.4255, 0.4524, 0.4712, 0.48346666666666666, 0.49488333333333334, 0.5039, 0.5185833333333333, 0.522175, 0.52825, 0.541075, 0.5422333333333333, 0.5472166666666667, 0.5506], 'val_f1': [0.2170945666730404, 0.33269283920526505, 0.3791503955920537, 0.4169447322686513, 0.44400833050409955, 0.46273382504781085, 0.4761048158009847, 0.48880475262800854, 0.49548566341400146, 0.5123004019260406, 0.517104759812355, 0.5204394906759262, 0.5390331000089645, 0.5345209836959839, 0.5446008543173472, 0.5453446706136068], 'val_mae': [2.925200045108795, 2.3917499780654907, 2.232349952061971, 2.1453166405359902, 2.0385166803995767, 1.9693666696548462, 1.9187666575113933, 1.867549995581309, 1.8406749665737152, 1.743749996026357, 1.7660750150680542, 1.7336499989032745, 1.6664499938488007, 1.670966645081838, 1.6372499863306682, 1.6464333534240723]}}
AdaptationManager: Configuring next round...
{'client_registry': {'enabled': True, 'params': {}}, 'client_selector': {'enabled': True, 'params': {'selection_strategy': 'Resource-Based', 'selection_criteria': 'CPU', 'selection_value': 2}}, 'client_cluster': {'enabled': False, 'params': {}}, 'message_compressor': {'enabled': False, 'params': {}}, 'model_co-versioning_registry': {'enabled': False, 'params': {}}, 'multi-task_model_trainer': {'enabled': False, 'params': {}}, 'heterogeneous_data_handler': {'enabled': False, 'params': {}}}
{'client_selector': {'enabled': False}, 'client_cluster': {'enabled': False}, 'message_compressor': {'enabled': False}, 'model_co-versioning_registry': {'enabled': False}, 'multi-task_model_trainer': {'enabled': False}, 'heterogeneous_data_handler': {'enabled': False}, 'client_registry': {'enabled': True}}
Selector de-activated ❌
Selector activated ✅
Client Client 3 participates in this round. (CPU: 2, RAM: 2)
Client Client 5 has insufficient CPU (1). Will not participate in the next FL round.
Client Client 6 has insufficient CPU (1). Will not participate in the next FL round.
Client Client 2 participates in this round. (CPU: 2, RAM: 2)
Client Client 1 participates in this round. (CPU: 2, RAM: 2)
Client Client 4 participates in this round. (CPU: 2, RAM: 2)
Results Aggregated in 56.87 seconds.
{'CNN 16k': {'train_loss': [3234.6178244948387, 2841.55280777812, 2574.7069484988847, 2441.4841187993684, 2331.452174613873, 2240.132465670506, 2183.82051863273, 2134.0504039128623, 2085.677754610777, 2021.009412477414, 1984.2724761515856, 1966.2608972787857, 1903.50867035985, 1893.173193971316, 1858.4654133419197, 1841.621076355378, 1827.935787409544], 'train_accuracy': [0.24761, 0.343715, 0.39551, 0.43178666666666665, 0.45614, 0.4813866666666667, 0.49601666666666666, 0.5089266666666666, 0.521305, 0.53822, 0.5459, 0.5537, 0.568375, 0.56949, 0.5779366666666667, 0.5826833333333333, 0.58764], 'train_f1': [0.2111814096570015, 0.3303152248263359, 0.38030185798803967, 0.422965943813324, 0.44761208196481067, 0.4729821979999542, 0.48920971651872, 0.5034620513518652, 0.512947291135788, 0.5327843427658081, 0.5415814220905304, 0.546341598033905, 0.5667238086462021, 0.5620295802752177, 0.5756859381993612, 0.577772448460261, 0.5843913555145264], 'train_mae': [2.9238399863243103, 2.408674955368042, 2.2334266901016235, 2.120633284250895, 2.021530012289683, 1.9249500036239624, 1.8673933347066243, 1.8084299961725872, 1.7721849977970123, 1.6721967061360676, 1.677304983139038, 1.634645015001297, 1.555860012769699, 1.5667933424313862, 1.50982666015625, 1.5276866555213928, 1.4993299841880798], 'val_loss': [648.1060453951359, 567.9294245541096, 516.0660323500633, 491.7522028485934, 471.8703411221504, 456.53226721286774, 447.6963717242082, 439.6365471978982, 432.0326454490423, 421.3639156917731, 415.9038598239422, 414.13191667199135, 403.5271639227867, 403.943192889293, 399.1761746605237, 397.3435723880927, 395.9106810390949], 'val_accuracy': [0.2533, 0.346675, 0.3944, 0.4255, 0.4524, 0.4712, 0.48346666666666666, 0.49488333333333334, 0.5039, 0.5185833333333333, 0.522175, 0.52825, 0.541075, 0.5422333333333333, 0.5472166666666667, 0.5506, 0.5524], 'val_f1': [0.2170945666730404, 0.33269283920526505, 0.3791503955920537, 0.4169447322686513, 0.44400833050409955, 0.46273382504781085, 0.4761048158009847, 0.48880475262800854, 0.49548566341400146, 0.5123004019260406, 0.517104759812355, 0.5204394906759262, 0.5390331000089645, 0.5345209836959839, 0.5446008543173472, 0.5453446706136068, 0.5484448224306107], 'val_mae': [2.925200045108795, 2.3917499780654907, 2.232349952061971, 2.1453166405359902, 2.0385166803995767, 1.9693666696548462, 1.9187666575113933, 1.867549995581309, 1.8406749665737152, 1.743749996026357, 1.7660750150680542, 1.7336499989032745, 1.6664499938488007, 1.670966645081838, 1.6372499863306682, 1.6464333534240723, 1.6401000022888184]}}
AdaptationManager: Configuring next round...
{'client_registry': {'enabled': True, 'params': {}}, 'client_selector': {'enabled': True, 'params': {'selection_strategy': 'Resource-Based', 'selection_criteria': 'CPU', 'selection_value': 2}}, 'client_cluster': {'enabled': False, 'params': {}}, 'message_compressor': {'enabled': False, 'params': {}}, 'model_co-versioning_registry': {'enabled': False, 'params': {}}, 'multi-task_model_trainer': {'enabled': False, 'params': {}}, 'heterogeneous_data_handler': {'enabled': False, 'params': {}}}
{'client_selector': {'enabled': True}, 'client_cluster': {'enabled': False}, 'message_compressor': {'enabled': False}, 'model_co-versioning_registry': {'enabled': False}, 'multi-task_model_trainer': {'enabled': False}, 'heterogeneous_data_handler': {'enabled': False}, 'client_registry': {'enabled': False}}
Selector de-activated ❌
Selector de-activated ❌
Results Aggregated in 62.26 seconds.
{'CNN 16k': {'train_loss': [3234.6178244948387, 2841.55280777812, 2574.7069484988847, 2441.4841187993684, 2331.452174613873, 2240.132465670506, 2183.82051863273, 2134.0504039128623, 2085.677754610777, 2021.009412477414, 1984.2724761515856, 1966.2608972787857, 1903.50867035985, 1893.173193971316, 1858.4654133419197, 1841.621076355378, 1827.935787409544, 1790.5612967908382], 'train_accuracy': [0.24761, 0.343715, 0.39551, 0.43178666666666665, 0.45614, 0.4813866666666667, 0.49601666666666666, 0.5089266666666666, 0.521305, 0.53822, 0.5459, 0.5537, 0.568375, 0.56949, 0.5779366666666667, 0.5826833333333333, 0.58764, 0.5950666666666666], 'train_f1': [0.2111814096570015, 0.3303152248263359, 0.38030185798803967, 0.422965943813324, 0.44761208196481067, 0.4729821979999542, 0.48920971651872, 0.5034620513518652, 0.512947291135788, 0.5327843427658081, 0.5415814220905304, 0.546341598033905, 0.5667238086462021, 0.5620295802752177, 0.5756859381993612, 0.577772448460261, 0.5843913555145264, 0.5917201936244965], 'train_mae': [2.9238399863243103, 2.408674955368042, 2.2334266901016235, 2.120633284250895, 2.021530012289683, 1.9249500036239624, 1.8673933347066243, 1.8084299961725872, 1.7721849977970123, 1.6721967061360676, 1.677304983139038, 1.634645015001297, 1.555860012769699, 1.5667933424313862, 1.50982666015625, 1.5276866555213928, 1.4993299841880798, 1.4554233352343242], 'val_loss': [648.1060453951359, 567.9294245541096, 516.0660323500633, 491.7522028485934, 471.8703411221504, 456.53226721286774, 447.6963717242082, 439.6365471978982, 432.0326454490423, 421.3639156917731, 415.9038598239422, 414.13191667199135, 403.5271639227867, 403.943192889293, 399.1761746605237, 397.3435723880927, 395.9106810390949, 392.29783282677334], 'val_accuracy': [0.2533, 0.346675, 0.3944, 0.4255, 0.4524, 0.4712, 0.48346666666666666, 0.49488333333333334, 0.5039, 0.5185833333333333, 0.522175, 0.52825, 0.541075, 0.5422333333333333, 0.5472166666666667, 0.5506, 0.5524, 0.5577], 'val_f1': [0.2170945666730404, 0.33269283920526505, 0.3791503955920537, 0.4169447322686513, 0.44400833050409955, 0.46273382504781085, 0.4761048158009847, 0.48880475262800854, 0.49548566341400146, 0.5123004019260406, 0.517104759812355, 0.5204394906759262, 0.5390331000089645, 0.5345209836959839, 0.5446008543173472, 0.5453446706136068, 0.5484448224306107, 0.5536021888256073], 'val_mae': [2.925200045108795, 2.3917499780654907, 2.232349952061971, 2.1453166405359902, 2.0385166803995767, 1.9693666696548462, 1.9187666575113933, 1.867549995581309, 1.8406749665737152, 1.743749996026357, 1.7660750150680542, 1.7336499989032745, 1.6664499938488007, 1.670966645081838, 1.6372499863306682, 1.6464333534240723, 1.6401000022888184, 1.6007999976476033]}}
AdaptationManager: Configuring next round...
{'client_registry': {'enabled': True, 'params': {}}, 'client_selector': {'enabled': True, 'params': {'selection_strategy': 'Resource-Based', 'selection_criteria': 'CPU', 'selection_value': 2}}, 'client_cluster': {'enabled': False, 'params': {}}, 'message_compressor': {'enabled': False, 'params': {}}, 'model_co-versioning_registry': {'enabled': False, 'params': {}}, 'multi-task_model_trainer': {'enabled': False, 'params': {}}, 'heterogeneous_data_handler': {'enabled': False, 'params': {}}}
{'client_selector': {'enabled': False}, 'client_cluster': {'enabled': False}, 'message_compressor': {'enabled': False}, 'model_co-versioning_registry': {'enabled': False}, 'multi-task_model_trainer': {'enabled': False}, 'heterogeneous_data_handler': {'enabled': False}, 'client_registry': {'enabled': False}}
Selector activated ✅
Selector de-activated ❌
Results Aggregated in 62.85 seconds.
{'CNN 16k': {'train_loss': [3234.6178244948387, 2841.55280777812, 2574.7069484988847, 2441.4841187993684, 2331.452174613873, 2240.132465670506, 2183.82051863273, 2134.0504039128623, 2085.677754610777, 2021.009412477414, 1984.2724761515856, 1966.2608972787857, 1903.50867035985, 1893.173193971316, 1858.4654133419197, 1841.621076355378, 1827.935787409544, 1790.5612967908382, 1768.2494182735682], 'train_accuracy': [0.24761, 0.343715, 0.39551, 0.43178666666666665, 0.45614, 0.4813866666666667, 0.49601666666666666, 0.5089266666666666, 0.521305, 0.53822, 0.5459, 0.5537, 0.568375, 0.56949, 0.5779366666666667, 0.5826833333333333, 0.58764, 0.5950666666666666, 0.6005166666666667], 'train_f1': [0.2111814096570015, 0.3303152248263359, 0.38030185798803967, 0.422965943813324, 0.44761208196481067, 0.4729821979999542, 0.48920971651872, 0.5034620513518652, 0.512947291135788, 0.5327843427658081, 0.5415814220905304, 0.546341598033905, 0.5667238086462021, 0.5620295802752177, 0.5756859381993612, 0.577772448460261, 0.5843913555145264, 0.5917201936244965, 0.5997191170851389], 'train_mae': [2.9238399863243103, 2.408674955368042, 2.2334266901016235, 2.120633284250895, 2.021530012289683, 1.9249500036239624, 1.8673933347066243, 1.8084299961725872, 1.7721849977970123, 1.6721967061360676, 1.677304983139038, 1.634645015001297, 1.555860012769699, 1.5667933424313862, 1.50982666015625, 1.5276866555213928, 1.4993299841880798, 1.4554233352343242, 1.426163335641225], 'val_loss': [648.1060453951359, 567.9294245541096, 516.0660323500633, 491.7522028485934, 471.8703411221504, 456.53226721286774, 447.6963717242082, 439.6365471978982, 432.0326454490423, 421.3639156917731, 415.9038598239422, 414.13191667199135, 403.5271639227867, 403.943192889293, 399.1761746605237, 397.3435723880927, 395.9106810390949, 392.29783282677334, 388.66964053114253], 'val_accuracy': [0.2533, 0.346675, 0.3944, 0.4255, 0.4524, 0.4712, 0.48346666666666666, 0.49488333333333334, 0.5039, 0.5185833333333333, 0.522175, 0.52825, 0.541075, 0.5422333333333333, 0.5472166666666667, 0.5506, 0.5524, 0.5577, 0.5606666666666666], 'val_f1': [0.2170945666730404, 0.33269283920526505, 0.3791503955920537, 0.4169447322686513, 0.44400833050409955, 0.46273382504781085, 0.4761048158009847, 0.48880475262800854, 0.49548566341400146, 0.5123004019260406, 0.517104759812355, 0.5204394906759262, 0.5390331000089645, 0.5345209836959839, 0.5446008543173472, 0.5453446706136068, 0.5484448224306107, 0.5536021888256073, 0.5592939356962839], 'val_mae': [2.925200045108795, 2.3917499780654907, 2.232349952061971, 2.1453166405359902, 2.0385166803995767, 1.9693666696548462, 1.9187666575113933, 1.867549995581309, 1.8406749665737152, 1.743749996026357, 1.7660750150680542, 1.7336499989032745, 1.6664499938488007, 1.670966645081838, 1.6372499863306682, 1.6464333534240723, 1.6401000022888184, 1.6007999976476033, 1.5765333374341328]}}
AdaptationManager: Configuring next round...
{'client_registry': {'enabled': True, 'params': {}}, 'client_selector': {'enabled': True, 'params': {'selection_strategy': 'Resource-Based', 'selection_criteria': 'CPU', 'selection_value': 2}}, 'client_cluster': {'enabled': False, 'params': {}}, 'message_compressor': {'enabled': False, 'params': {}}, 'model_co-versioning_registry': {'enabled': False, 'params': {}}, 'multi-task_model_trainer': {'enabled': False, 'params': {}}, 'heterogeneous_data_handler': {'enabled': False, 'params': {}}}
{'client_selector': {'enabled': False}, 'client_cluster': {'enabled': False}, 'message_compressor': {'enabled': False}, 'model_co-versioning_registry': {'enabled': False}, 'multi-task_model_trainer': {'enabled': False}, 'heterogeneous_data_handler': {'enabled': False}, 'client_registry': {'enabled': True}}
Selector de-activated ❌
Selector de-activated ❌
Results Aggregated in 63.58 seconds.
{'CNN 16k': {'train_loss': [3234.6178244948387, 2841.55280777812, 2574.7069484988847, 2441.4841187993684, 2331.452174613873, 2240.132465670506, 2183.82051863273, 2134.0504039128623, 2085.677754610777, 2021.009412477414, 1984.2724761515856, 1966.2608972787857, 1903.50867035985, 1893.173193971316, 1858.4654133419197, 1841.621076355378, 1827.935787409544, 1790.5612967908382, 1768.2494182735682, 1752.8635922769706], 'train_accuracy': [0.24761, 0.343715, 0.39551, 0.43178666666666665, 0.45614, 0.4813866666666667, 0.49601666666666666, 0.5089266666666666, 0.521305, 0.53822, 0.5459, 0.5537, 0.568375, 0.56949, 0.5779366666666667, 0.5826833333333333, 0.58764, 0.5950666666666666, 0.6005166666666667, 0.60383], 'train_f1': [0.2111814096570015, 0.3303152248263359, 0.38030185798803967, 0.422965943813324, 0.44761208196481067, 0.4729821979999542, 0.48920971651872, 0.5034620513518652, 0.512947291135788, 0.5327843427658081, 0.5415814220905304, 0.546341598033905, 0.5667238086462021, 0.5620295802752177, 0.5756859381993612, 0.577772448460261, 0.5843913555145264, 0.5917201936244965, 0.5997191170851389, 0.5990757743517557], 'train_mae': [2.9238399863243103, 2.408674955368042, 2.2334266901016235, 2.120633284250895, 2.021530012289683, 1.9249500036239624, 1.8673933347066243, 1.8084299961725872, 1.7721849977970123, 1.6721967061360676, 1.677304983139038, 1.634645015001297, 1.555860012769699, 1.5667933424313862, 1.50982666015625, 1.5276866555213928, 1.4993299841880798, 1.4554233352343242, 1.426163335641225, 1.4401866793632507], 'val_loss': [648.1060453951359, 567.9294245541096, 516.0660323500633, 491.7522028485934, 471.8703411221504, 456.53226721286774, 447.6963717242082, 439.6365471978982, 432.0326454490423, 421.3639156917731, 415.9038598239422, 414.13191667199135, 403.5271639227867, 403.943192889293, 399.1761746605237, 397.3435723880927, 395.9106810390949, 392.29783282677334, 388.66964053114253, 387.41346923013526], 'val_accuracy': [0.2533, 0.346675, 0.3944, 0.4255, 0.4524, 0.4712, 0.48346666666666666, 0.49488333333333334, 0.5039, 0.5185833333333333, 0.522175, 0.52825, 0.541075, 0.5422333333333333, 0.5472166666666667, 0.5506, 0.5524, 0.5577, 0.5606666666666666, 0.5651833333333334], 'val_f1': [0.2170945666730404, 0.33269283920526505, 0.3791503955920537, 0.4169447322686513, 0.44400833050409955, 0.46273382504781085, 0.4761048158009847, 0.48880475262800854, 0.49548566341400146, 0.5123004019260406, 0.517104759812355, 0.5204394906759262, 0.5390331000089645, 0.5345209836959839, 0.5446008543173472, 0.5453446706136068, 0.5484448224306107, 0.5536021888256073, 0.5592939356962839, 0.5598943332831064], 'val_mae': [2.925200045108795, 2.3917499780654907, 2.232349952061971, 2.1453166405359902, 2.0385166803995767, 1.9693666696548462, 1.9187666575113933, 1.867549995581309, 1.8406749665737152, 1.743749996026357, 1.7660750150680542, 1.7336499989032745, 1.6664499938488007, 1.670966645081838, 1.6372499863306682, 1.6464333534240723, 1.6401000022888184, 1.6007999976476033, 1.5765333374341328, 1.5904499888420105]}}
AdaptationManager: Configuring next round...
{'client_registry': {'enabled': True, 'params': {}}, 'client_selector': {'enabled': True, 'params': {'selection_strategy': 'Resource-Based', 'selection_criteria': 'CPU', 'selection_value': 2}}, 'client_cluster': {'enabled': False, 'params': {}}, 'message_compressor': {'enabled': False, 'params': {}}, 'model_co-versioning_registry': {'enabled': False, 'params': {}}, 'multi-task_model_trainer': {'enabled': False, 'params': {}}, 'heterogeneous_data_handler': {'enabled': False, 'params': {}}}
{'client_selector': {'enabled': False}, 'client_cluster': {'enabled': False}, 'message_compressor': {'enabled': False}, 'model_co-versioning_registry': {'enabled': False}, 'multi-task_model_trainer': {'enabled': False}, 'heterogeneous_data_handler': {'enabled': False}, 'client_registry': {'enabled': False}}
Selector de-activated ❌
Selector de-activated ❌
