==========================================
  ___  ______  ___ ______       _ 
 / _ \ | ___ \/   ||  ___|     | |
/ /_\ \| |_/ / /| || |_ ___  __| |
|  _  ||  __/ /_| ||  _/ _ \/ _` |
| | | || |  \___  || ||  __/ (_| |
\_| |_/\_|      |_/\_| \___|\__,_| v.1.5.0

==========================================
Simulation Started!
List of the Architectural Patterns enabled:
Adaptation Enabled ✅
Metric: val_f1, bo-based: predictors/bo_model.pkl
Metric: val_f1,jsd, bo-based: predictors/bo_model_hdh.pkl
Client Registry ✅
Client Selector ✅
 AP Parameters: {'selection_strategy': 'Resource-Based', 'selection_criteria': 'CPU', 'selection_value': 2}
Heterogeneous Data Handler ✅
 AP Parameters: {'enabled_clients': []}
==========================================
Client Client 23 participates in this round. (CPU: 2, RAM: 4)
Client Client 28 has insufficient CPU (1). Will not participate in the next FL round.
Client Client 26 has insufficient CPU (1). Will not participate in the next FL round.
Client Client 25 participates in this round. (CPU: 2, RAM: 4)
Client Client 24 participates in this round. (CPU: 2, RAM: 4)
Client Client 27 has insufficient CPU (1). Will not participate in the next FL round.
Results Aggregated in 70.38 seconds.
{'CNN 16k': {'train_loss': [1.5108716221173604], 'train_accuracy': [0.44866666666666666], 'train_f1': [0.09492520646129035], 'train_mae': [2.1876], 'val_loss': [3.2523579486846925], 'val_accuracy': [0.10876666666666666], 'val_f1': [0.029524682922225584], 'val_mae': [2.821633333333333], 'jsd': [(0, 0.31037237167577497, 0.28120069329109243, 0.33412025379574817, 0, 0)]}}
AdaptationManager: Configuring next round...
{'client_registry': {'enabled': True, 'params': {}}, 'client_selector': {'enabled': True, 'params': {'selection_strategy': 'Resource-Based', 'selection_criteria': 'CPU', 'selection_value': 2}}, 'client_cluster': {'enabled': False, 'params': {}}, 'message_compressor': {'enabled': False, 'params': {}}, 'model_co-versioning_registry': {'enabled': False, 'params': {}}, 'multi-task_model_trainer': {'enabled': False, 'params': {}}, 'heterogeneous_data_handler': {'enabled': True, 'params': {'enabled_clients': []}}}
{'client_selector': {'enabled': True}, 'client_cluster': {'enabled': False}, 'message_compressor': {'enabled': False}, 'model_co-versioning_registry': {'enabled': False}, 'multi-task_model_trainer': {'enabled': False}, 'heterogeneous_data_handler': {'enabled': True}, 'client_registry': {'enabled': True, 'params': {}}}
round 2, 3 high, 3 low, 0.0-iid clients, predicted best policy: client_selector activated ✅
heterogeneous_data_handler activated ✅ for clients: ['Client 23', 'Client 27', 'Client 28']
Client Client 24 participates in this round. (CPU: 2, RAM: 4)
Client Client 25 participates in this round. (CPU: 2, RAM: 4)
Client Client 26 has insufficient CPU (1). Will not participate in the next FL round.
Client Client 27 has insufficient CPU (1). Will not participate in the next FL round.
Client Client 28 has insufficient CPU (1). Will not participate in the next FL round.
Client Client 23 participates in this round. (CPU: 2, RAM: 4)
Results Aggregated in 75.64 seconds.
{'CNN 16k': {'train_loss': [1.5108716221173604, 1.4053415297221032], 'train_accuracy': [0.44866666666666666, 0.4892950082801041], 'train_f1': [0.09492520646129035, 0.1292655468104597], 'train_mae': [2.1876, 1.882540809084457], 'val_loss': [3.2523579486846925, 3.436755955056127], 'val_accuracy': [0.10876666666666666, 0.13258511947007334], 'val_f1': [0.029524682922225584, 0.050496384477036325], 'val_mae': [2.821633333333333, 2.762383487106695], 'jsd': [(0, 0.31037237167577497, 0.28120069329109243, 0.33412025379574817, 0, 0), (0, 0.11831595591413498, 0.30441027996679115, 0.3497408940224168, 0, 0)]}}
AdaptationManager: Configuring next round...
{'client_registry': {'enabled': True, 'params': {}}, 'client_selector': {'enabled': True, 'params': {'selection_strategy': 'Resource-Based', 'selection_criteria': 'CPU', 'selection_value': 2}}, 'client_cluster': {'enabled': False, 'params': {}}, 'message_compressor': {'enabled': False, 'params': {}}, 'model_co-versioning_registry': {'enabled': False, 'params': {}}, 'multi-task_model_trainer': {'enabled': False, 'params': {}}, 'heterogeneous_data_handler': {'enabled': True, 'params': {'enabled_clients': []}}}
{'client_selector': {'enabled': True}, 'client_cluster': {'enabled': False}, 'message_compressor': {'enabled': False}, 'model_co-versioning_registry': {'enabled': False}, 'multi-task_model_trainer': {'enabled': False}, 'heterogeneous_data_handler': {'enabled': True, 'params': {'enabled_clients': ['Client 23', 'Client 27', 'Client 28']}}, 'client_registry': {'enabled': True, 'params': {}}}
round 3, 3 high, 3 low, 0.0-iid clients, predicted best policy: client_selector activated ✅
heterogeneous_data_handler activated ✅ for clients: ['Client 24', 'Client 25', 'Client 26']
Client Client 27 has insufficient CPU (1). Will not participate in the next FL round.
Client Client 23 participates in this round. (CPU: 2, RAM: 4)
Client Client 28 has insufficient CPU (1). Will not participate in the next FL round.
Client Client 26 has insufficient CPU (1). Will not participate in the next FL round.
Client Client 25 participates in this round. (CPU: 2, RAM: 4)
Client Client 24 participates in this round. (CPU: 2, RAM: 4)
Results Aggregated in 79.80 seconds.
{'CNN 16k': {'train_loss': [1.5108716221173604, 1.4053415297221032, 1.4785152623112374], 'train_accuracy': [0.44866666666666666, 0.4892950082801041, 0.4473036554469779], 'train_f1': [0.09492520646129035, 0.1292655468104597, 0.22618047260634175], 'train_mae': [2.1876, 1.882540809084457, 1.919833514296055], 'val_loss': [3.2523579486846925, 3.436755955056127, 3.330226634603577], 'val_accuracy': [0.10876666666666666, 0.13258511947007334, 0.19924421281216068], 'val_f1': [0.029524682922225584, 0.050496384477036325, 0.12190054126441544], 'val_mae': [2.821633333333333, 2.762383487106695, 2.861099218241042], 'jsd': [(0, 0.31037237167577497, 0.28120069329109243, 0.33412025379574817, 0, 0), (0, 0.11831595591413498, 0.30441027996679115, 0.3497408940224168, 0, 0), (0, 0.22174075790083844, 0.1148495516799718, 0.07065310240642222, 0, 0)]}}
AdaptationManager: Configuring next round...
{'client_registry': {'enabled': True, 'params': {}}, 'client_selector': {'enabled': True, 'params': {'selection_strategy': 'Resource-Based', 'selection_criteria': 'CPU', 'selection_value': 2}}, 'client_cluster': {'enabled': False, 'params': {}}, 'message_compressor': {'enabled': False, 'params': {}}, 'model_co-versioning_registry': {'enabled': False, 'params': {}}, 'multi-task_model_trainer': {'enabled': False, 'params': {}}, 'heterogeneous_data_handler': {'enabled': True, 'params': {'enabled_clients': []}}}
{'client_selector': {'enabled': True}, 'client_cluster': {'enabled': False}, 'message_compressor': {'enabled': False}, 'model_co-versioning_registry': {'enabled': False}, 'multi-task_model_trainer': {'enabled': False}, 'heterogeneous_data_handler': {'enabled': True, 'params': {'enabled_clients': ['Client 24', 'Client 25', 'Client 26']}}, 'client_registry': {'enabled': True, 'params': {}}}
round 4, 3 high, 3 low, 0.0-iid clients, predicted best policy: client_selector activated ✅
heterogeneous_data_handler activated ✅ for clients: ['Client 24']
Client Client 25 participates in this round. (CPU: 2, RAM: 4)
Client Client 28 has insufficient CPU (1). Will not participate in the next FL round.
Client Client 26 has insufficient CPU (1). Will not participate in the next FL round.
Client Client 23 participates in this round. (CPU: 2, RAM: 4)
Client Client 27 has insufficient CPU (1). Will not participate in the next FL round.
Client Client 24 participates in this round. (CPU: 2, RAM: 4)
Results Aggregated in 85.00 seconds.
{'CNN 16k': {'train_loss': [1.5108716221173604, 1.4053415297221032, 1.4785152623112374, 1.5177377663542053], 'train_accuracy': [0.44866666666666666, 0.4892950082801041, 0.4473036554469779, 0.43695911440017127], 'train_f1': [0.09492520646129035, 0.1292655468104597, 0.22618047260634175, 0.340227703657884], 'train_mae': [2.1876, 1.882540809084457, 1.919833514296055, 2.1008531849178924], 'val_loss': [3.2523579486846925, 3.436755955056127, 3.330226634603577, 2.446247732143671], 'val_accuracy': [0.10876666666666666, 0.13258511947007334, 0.19924421281216068, 0.3115098345616342], 'val_f1': [0.029524682922225584, 0.050496384477036325, 0.12190054126441544, 0.25427600908260156], 'val_mae': [2.821633333333333, 2.762383487106695, 2.861099218241042, 2.6077488792391668], 'jsd': [(0, 0.31037237167577497, 0.28120069329109243, 0.33412025379574817, 0, 0), (0, 0.11831595591413498, 0.30441027996679115, 0.3497408940224168, 0, 0), (0, 0.22174075790083844, 0.1148495516799718, 0.07065310240642222, 0, 0), (0, 0.10043697045871877, 0.07044001006946746, 0.09215384179737574, 0, 0)]}}
AdaptationManager: Configuring next round...
{'client_registry': {'enabled': True, 'params': {}}, 'client_selector': {'enabled': True, 'params': {'selection_strategy': 'Resource-Based', 'selection_criteria': 'CPU', 'selection_value': 2}}, 'client_cluster': {'enabled': False, 'params': {}}, 'message_compressor': {'enabled': False, 'params': {}}, 'model_co-versioning_registry': {'enabled': False, 'params': {}}, 'multi-task_model_trainer': {'enabled': False, 'params': {}}, 'heterogeneous_data_handler': {'enabled': True, 'params': {'enabled_clients': []}}}
{'client_selector': {'enabled': True}, 'client_cluster': {'enabled': False}, 'message_compressor': {'enabled': False}, 'model_co-versioning_registry': {'enabled': False}, 'multi-task_model_trainer': {'enabled': False}, 'heterogeneous_data_handler': {'enabled': True, 'params': {'enabled_clients': ['Client 24']}}, 'client_registry': {'enabled': True, 'params': {}}}
round 5, 3 high, 3 low, 0.0-iid clients, predicted best policy: client_selector de-activated ❌
heterogeneous_data_handler activated ✅ for clients: ['Client 23', 'Client 27', 'Client 28']
Results Aggregated in 87.60 seconds.
{'CNN 16k': {'train_loss': [1.5108716221173604, 1.4053415297221032, 1.4785152623112374, 1.5177377663542053, 1.2549803369925667], 'train_accuracy': [0.44866666666666666, 0.4892950082801041, 0.4473036554469779, 0.43695911440017127, 0.5444238218205294], 'train_f1': [0.09492520646129035, 0.1292655468104597, 0.22618047260634175, 0.340227703657884, 0.30749936632060343], 'train_mae': [2.1876, 1.882540809084457, 1.919833514296055, 2.1008531849178924, 1.7488702388637831], 'val_loss': [3.2523579486846925, 3.436755955056127, 3.330226634603577, 2.446247732143671, 2.7732016980553382], 'val_accuracy': [0.10876666666666666, 0.13258511947007334, 0.19924421281216068, 0.3115098345616342, 0.27301149733699165], 'val_f1': [0.029524682922225584, 0.050496384477036325, 0.12190054126441544, 0.25427600908260156, 0.19829404284654437], 'val_mae': [2.821633333333333, 2.762383487106695, 2.861099218241042, 2.6077488792391668, 2.758699326178179], 'jsd': [(0, 0.31037237167577497, 0.28120069329109243, 0.33412025379574817, 0, 0), (0, 0.11831595591413498, 0.30441027996679115, 0.3497408940224168, 0, 0), (0, 0.22174075790083844, 0.1148495516799718, 0.07065310240642222, 0, 0), (0, 0.10043697045871877, 0.07044001006946746, 0.09215384179737574, 0, 0), (0.10218538017028003, 0.2720287281301968, 0.2004517493303869, 0.2515178906870974, 0.23548335962010625, 0.17300697387830682)]}}
AdaptationManager: Configuring next round...
{'client_registry': {'enabled': True, 'params': {}}, 'client_selector': {'enabled': True, 'params': {'selection_strategy': 'Resource-Based', 'selection_criteria': 'CPU', 'selection_value': 2}}, 'client_cluster': {'enabled': False, 'params': {}}, 'message_compressor': {'enabled': False, 'params': {}}, 'model_co-versioning_registry': {'enabled': False, 'params': {}}, 'multi-task_model_trainer': {'enabled': False, 'params': {}}, 'heterogeneous_data_handler': {'enabled': True, 'params': {'enabled_clients': []}}}
{'client_selector': {'enabled': False}, 'client_cluster': {'enabled': False}, 'message_compressor': {'enabled': False}, 'model_co-versioning_registry': {'enabled': False}, 'multi-task_model_trainer': {'enabled': False}, 'heterogeneous_data_handler': {'enabled': True, 'params': {'enabled_clients': ['Client 23', 'Client 27', 'Client 28']}}, 'client_registry': {'enabled': True, 'params': {}}}
round 6, 3 high, 3 low, 0.0-iid clients, predicted best policy: client_selector activated ✅
heterogeneous_data_handler activated ✅ for clients: ['Client 24', 'Client 25', 'Client 26', 'Client 27']
Client Client 28 has insufficient CPU (1). Will not participate in the next FL round.
Client Client 23 participates in this round. (CPU: 2, RAM: 4)
Client Client 26 has insufficient CPU (1). Will not participate in the next FL round.
Client Client 27 has insufficient CPU (1). Will not participate in the next FL round.
Client Client 24 participates in this round. (CPU: 2, RAM: 4)
Client Client 25 participates in this round. (CPU: 2, RAM: 4)
Results Aggregated in 93.82 seconds.
{'CNN 16k': {'train_loss': [1.5108716221173604, 1.4053415297221032, 1.4785152623112374, 1.5177377663542053, 1.2549803369925667, 1.3011022611230887], 'train_accuracy': [0.44866666666666666, 0.4892950082801041, 0.4473036554469779, 0.43695911440017127, 0.5444238218205294, 0.5035072336694433], 'train_f1': [0.09492520646129035, 0.1292655468104597, 0.22618047260634175, 0.340227703657884, 0.30749936632060343, 0.36807693672345543], 'train_mae': [2.1876, 1.882540809084457, 1.919833514296055, 2.1008531849178924, 1.7488702388637831, 1.6947062691801842], 'val_loss': [3.2523579486846925, 3.436755955056127, 3.330226634603577, 2.446247732143671, 2.7732016980553382, 2.5804751854778925], 'val_accuracy': [0.10876666666666666, 0.13258511947007334, 0.19924421281216068, 0.3115098345616342, 0.27301149733699165, 0.3037124689463685], 'val_f1': [0.029524682922225584, 0.050496384477036325, 0.12190054126441544, 0.25427600908260156, 0.19829404284654437, 0.229254472478445], 'val_mae': [2.821633333333333, 2.762383487106695, 2.861099218241042, 2.6077488792391668, 2.758699326178179, 2.6152107226362706], 'jsd': [(0, 0.31037237167577497, 0.28120069329109243, 0.33412025379574817, 0, 0), (0, 0.11831595591413498, 0.30441027996679115, 0.3497408940224168, 0, 0), (0, 0.22174075790083844, 0.1148495516799718, 0.07065310240642222, 0, 0), (0, 0.10043697045871877, 0.07044001006946746, 0.09215384179737574, 0, 0), (0.10218538017028003, 0.2720287281301968, 0.2004517493303869, 0.2515178906870974, 0.23548335962010625, 0.17300697387830682), (0, 0.15407646647314943, 0.07170991155179787, 0.08251932222540631, 0, 0)]}}
AdaptationManager: Configuring next round...
{'client_registry': {'enabled': True, 'params': {}}, 'client_selector': {'enabled': True, 'params': {'selection_strategy': 'Resource-Based', 'selection_criteria': 'CPU', 'selection_value': 2}}, 'client_cluster': {'enabled': False, 'params': {}}, 'message_compressor': {'enabled': False, 'params': {}}, 'model_co-versioning_registry': {'enabled': False, 'params': {}}, 'multi-task_model_trainer': {'enabled': False, 'params': {}}, 'heterogeneous_data_handler': {'enabled': True, 'params': {'enabled_clients': []}}}
{'client_selector': {'enabled': True}, 'client_cluster': {'enabled': False}, 'message_compressor': {'enabled': False}, 'model_co-versioning_registry': {'enabled': False}, 'multi-task_model_trainer': {'enabled': False}, 'heterogeneous_data_handler': {'enabled': True, 'params': {'enabled_clients': ['Client 24', 'Client 25', 'Client 26', 'Client 27']}}, 'client_registry': {'enabled': True, 'params': {}}}
round 7, 3 high, 3 low, 0.0-iid clients, predicted best policy: client_selector activated ✅
heterogeneous_data_handler activated ✅ for clients: ['Client 24']
Client Client 27 has insufficient CPU (1). Will not participate in the next FL round.
Client Client 28 has insufficient CPU (1). Will not participate in the next FL round.
Client Client 25 participates in this round. (CPU: 2, RAM: 4)
Client Client 23 participates in this round. (CPU: 2, RAM: 4)
Client Client 26 has insufficient CPU (1). Will not participate in the next FL round.
Client Client 24 participates in this round. (CPU: 2, RAM: 4)
Results Aggregated in 98.13 seconds.
{'CNN 16k': {'train_loss': [1.5108716221173604, 1.4053415297221032, 1.4785152623112374, 1.5177377663542053, 1.2549803369925667, 1.3011022611230887, 1.345261934491658], 'train_accuracy': [0.44866666666666666, 0.4892950082801041, 0.4473036554469779, 0.43695911440017127, 0.5444238218205294, 0.5035072336694433, 0.5012921259427245], 'train_f1': [0.09492520646129035, 0.1292655468104597, 0.22618047260634175, 0.340227703657884, 0.30749936632060343, 0.36807693672345543, 0.3654214223431346], 'train_mae': [2.1876, 1.882540809084457, 1.919833514296055, 2.1008531849178924, 1.7488702388637831, 1.6947062691801842, 1.521456322627147], 'val_loss': [3.2523579486846925, 3.436755955056127, 3.330226634603577, 2.446247732143671, 2.7732016980553382, 2.5804751854778925, 2.4310282093480846], 'val_accuracy': [0.10876666666666666, 0.13258511947007334, 0.19924421281216068, 0.3115098345616342, 0.27301149733699165, 0.3037124689463685, 0.3280911133379041], 'val_f1': [0.029524682922225584, 0.050496384477036325, 0.12190054126441544, 0.25427600908260156, 0.19829404284654437, 0.229254472478445, 0.2556359919703577], 'val_mae': [2.821633333333333, 2.762383487106695, 2.861099218241042, 2.6077488792391668, 2.758699326178179, 2.6152107226362706, 2.589911755709087], 'jsd': [(0, 0.31037237167577497, 0.28120069329109243, 0.33412025379574817, 0, 0), (0, 0.11831595591413498, 0.30441027996679115, 0.3497408940224168, 0, 0), (0, 0.22174075790083844, 0.1148495516799718, 0.07065310240642222, 0, 0), (0, 0.10043697045871877, 0.07044001006946746, 0.09215384179737574, 0, 0), (0.10218538017028003, 0.2720287281301968, 0.2004517493303869, 0.2515178906870974, 0.23548335962010625, 0.17300697387830682), (0, 0.15407646647314943, 0.07170991155179787, 0.08251932222540631, 0, 0), (0, 0.19059226141841865, 0.08150394813585263, 0.0836896934581679, 0, 0)]}}
AdaptationManager: Configuring next round...
{'client_registry': {'enabled': True, 'params': {}}, 'client_selector': {'enabled': True, 'params': {'selection_strategy': 'Resource-Based', 'selection_criteria': 'CPU', 'selection_value': 2}}, 'client_cluster': {'enabled': False, 'params': {}}, 'message_compressor': {'enabled': False, 'params': {}}, 'model_co-versioning_registry': {'enabled': False, 'params': {}}, 'multi-task_model_trainer': {'enabled': False, 'params': {}}, 'heterogeneous_data_handler': {'enabled': True, 'params': {'enabled_clients': []}}}
{'client_selector': {'enabled': True}, 'client_cluster': {'enabled': False}, 'message_compressor': {'enabled': False}, 'model_co-versioning_registry': {'enabled': False}, 'multi-task_model_trainer': {'enabled': False}, 'heterogeneous_data_handler': {'enabled': True, 'params': {'enabled_clients': ['Client 24']}}, 'client_registry': {'enabled': True, 'params': {}}}
round 8, 3 high, 3 low, 0.0-iid clients, predicted best policy: client_selector activated ✅
heterogeneous_data_handler activated ✅ for clients: ['Client 23', 'Client 24', 'Client 25', 'Client 26', 'Client 27', 'Client 28']
Client Client 28 has insufficient CPU (1). Will not participate in the next FL round.
Client Client 26 has insufficient CPU (1). Will not participate in the next FL round.
Client Client 25 participates in this round. (CPU: 2, RAM: 4)
Client Client 24 participates in this round. (CPU: 2, RAM: 4)
Client Client 23 participates in this round. (CPU: 2, RAM: 4)
Client Client 27 has insufficient CPU (1). Will not participate in the next FL round.
Results Aggregated in 90.89 seconds.
{'CNN 16k': {'train_loss': [1.5108716221173604, 1.4053415297221032, 1.4785152623112374, 1.5177377663542053, 1.2549803369925667, 1.3011022611230887, 1.345261934491658, 1.2955845016116525], 'train_accuracy': [0.44866666666666666, 0.4892950082801041, 0.4473036554469779, 0.43695911440017127, 0.5444238218205294, 0.5035072336694433, 0.5012921259427245, 0.513790595541134], 'train_f1': [0.09492520646129035, 0.1292655468104597, 0.22618047260634175, 0.340227703657884, 0.30749936632060343, 0.36807693672345543, 0.3654214223431346, 0.4336020852769965], 'train_mae': [2.1876, 1.882540809084457, 1.919833514296055, 2.1008531849178924, 1.7488702388637831, 1.6947062691801842, 1.521456322627147, 1.5385605191753615], 'val_loss': [3.2523579486846925, 3.436755955056127, 3.330226634603577, 2.446247732143671, 2.7732016980553382, 2.5804751854778925, 2.4310282093480846, 2.354464358540483], 'val_accuracy': [0.10876666666666666, 0.13258511947007334, 0.19924421281216068, 0.3115098345616342, 0.27301149733699165, 0.3037124689463685, 0.3280911133379041, 0.3489498699264315], 'val_f1': [0.029524682922225584, 0.050496384477036325, 0.12190054126441544, 0.25427600908260156, 0.19829404284654437, 0.229254472478445, 0.2556359919703577, 0.28235093125370114], 'val_mae': [2.821633333333333, 2.762383487106695, 2.861099218241042, 2.6077488792391668, 2.758699326178179, 2.6152107226362706, 2.589911755709087, 2.381835931074995], 'jsd': [(0, 0.31037237167577497, 0.28120069329109243, 0.33412025379574817, 0, 0), (0, 0.11831595591413498, 0.30441027996679115, 0.3497408940224168, 0, 0), (0, 0.22174075790083844, 0.1148495516799718, 0.07065310240642222, 0, 0), (0, 0.10043697045871877, 0.07044001006946746, 0.09215384179737574, 0, 0), (0.10218538017028003, 0.2720287281301968, 0.2004517493303869, 0.2515178906870974, 0.23548335962010625, 0.17300697387830682), (0, 0.15407646647314943, 0.07170991155179787, 0.08251932222540631, 0, 0), (0, 0.19059226141841865, 0.08150394813585263, 0.0836896934581679, 0, 0), (0, 0.08188211617520993, 0.06537166679910283, 0.06894077441167386, 0, 0)]}}
AdaptationManager: Configuring next round...
{'client_registry': {'enabled': True, 'params': {}}, 'client_selector': {'enabled': True, 'params': {'selection_strategy': 'Resource-Based', 'selection_criteria': 'CPU', 'selection_value': 2}}, 'client_cluster': {'enabled': False, 'params': {}}, 'message_compressor': {'enabled': False, 'params': {}}, 'model_co-versioning_registry': {'enabled': False, 'params': {}}, 'multi-task_model_trainer': {'enabled': False, 'params': {}}, 'heterogeneous_data_handler': {'enabled': True, 'params': {'enabled_clients': []}}}
{'client_selector': {'enabled': True}, 'client_cluster': {'enabled': False}, 'message_compressor': {'enabled': False}, 'model_co-versioning_registry': {'enabled': False}, 'multi-task_model_trainer': {'enabled': False}, 'heterogeneous_data_handler': {'enabled': True, 'params': {'enabled_clients': ['Client 23', 'Client 24', 'Client 25', 'Client 26', 'Client 27', 'Client 28']}}, 'client_registry': {'enabled': True, 'params': {}}}
round 9, 3 high, 3 low, 0.0-iid clients, predicted best policy: client_selector activated ✅
heterogeneous_data_handler activated ✅ for clients: ['Client 24']
Client Client 26 has insufficient CPU (1). Will not participate in the next FL round.
Client Client 23 participates in this round. (CPU: 2, RAM: 4)
Client Client 28 has insufficient CPU (1). Will not participate in the next FL round.
Client Client 25 participates in this round. (CPU: 2, RAM: 4)
Client Client 27 has insufficient CPU (1). Will not participate in the next FL round.
Client Client 24 participates in this round. (CPU: 2, RAM: 4)
Results Aggregated in 105.21 seconds.
{'CNN 16k': {'train_loss': [1.5108716221173604, 1.4053415297221032, 1.4785152623112374, 1.5177377663542053, 1.2549803369925667, 1.3011022611230887, 1.345261934491658, 1.2955845016116525, 1.2334700397986365], 'train_accuracy': [0.44866666666666666, 0.4892950082801041, 0.4473036554469779, 0.43695911440017127, 0.5444238218205294, 0.5035072336694433, 0.5012921259427245, 0.513790595541134, 0.5394878687331122], 'train_f1': [0.09492520646129035, 0.1292655468104597, 0.22618047260634175, 0.340227703657884, 0.30749936632060343, 0.36807693672345543, 0.3654214223431346, 0.4336020852769965, 0.41720176716942053], 'train_mae': [2.1876, 1.882540809084457, 1.919833514296055, 2.1008531849178924, 1.7488702388637831, 1.6947062691801842, 1.521456322627147, 1.5385605191753615, 1.5461800159603512], 'val_loss': [3.2523579486846925, 3.436755955056127, 3.330226634603577, 2.446247732143671, 2.7732016980553382, 2.5804751854778925, 2.4310282093480846, 2.354464358540483, 2.2470703749649186], 'val_accuracy': [0.10876666666666666, 0.13258511947007334, 0.19924421281216068, 0.3115098345616342, 0.27301149733699165, 0.3037124689463685, 0.3280911133379041, 0.3489498699264315, 0.3687069847536646], 'val_f1': [0.029524682922225584, 0.050496384477036325, 0.12190054126441544, 0.25427600908260156, 0.19829404284654437, 0.229254472478445, 0.2556359919703577, 0.28235093125370114, 0.3067958252673966], 'val_mae': [2.821633333333333, 2.762383487106695, 2.861099218241042, 2.6077488792391668, 2.758699326178179, 2.6152107226362706, 2.589911755709087, 2.381835931074995, 2.397876492082826], 'jsd': [(0, 0.31037237167577497, 0.28120069329109243, 0.33412025379574817, 0, 0), (0, 0.11831595591413498, 0.30441027996679115, 0.3497408940224168, 0, 0), (0, 0.22174075790083844, 0.1148495516799718, 0.07065310240642222, 0, 0), (0, 0.10043697045871877, 0.07044001006946746, 0.09215384179737574, 0, 0), (0.10218538017028003, 0.2720287281301968, 0.2004517493303869, 0.2515178906870974, 0.23548335962010625, 0.17300697387830682), (0, 0.15407646647314943, 0.07170991155179787, 0.08251932222540631, 0, 0), (0, 0.19059226141841865, 0.08150394813585263, 0.0836896934581679, 0, 0), (0, 0.08188211617520993, 0.06537166679910283, 0.06894077441167386, 0, 0), (0, 0.12878513354388516, 0.0683840006728624, 0.14826281751034603, 0, 0)]}}
AdaptationManager: Configuring next round...
{'client_registry': {'enabled': True, 'params': {}}, 'client_selector': {'enabled': True, 'params': {'selection_strategy': 'Resource-Based', 'selection_criteria': 'CPU', 'selection_value': 2}}, 'client_cluster': {'enabled': False, 'params': {}}, 'message_compressor': {'enabled': False, 'params': {}}, 'model_co-versioning_registry': {'enabled': False, 'params': {}}, 'multi-task_model_trainer': {'enabled': False, 'params': {}}, 'heterogeneous_data_handler': {'enabled': True, 'params': {'enabled_clients': []}}}
{'client_selector': {'enabled': True}, 'client_cluster': {'enabled': False}, 'message_compressor': {'enabled': False}, 'model_co-versioning_registry': {'enabled': False}, 'multi-task_model_trainer': {'enabled': False}, 'heterogeneous_data_handler': {'enabled': True, 'params': {'enabled_clients': ['Client 24']}}, 'client_registry': {'enabled': True, 'params': {}}}
round 10, 3 high, 3 low, 0.0-iid clients, predicted best policy: client_selector activated ✅
heterogeneous_data_handler activated ✅ for clients: ['Client 24', 'Client 25']
Client Client 28 has insufficient CPU (1). Will not participate in the next FL round.
Client Client 26 has insufficient CPU (1). Will not participate in the next FL round.
Client Client 27 has insufficient CPU (1). Will not participate in the next FL round.
Client Client 23 participates in this round. (CPU: 2, RAM: 4)
Client Client 25 participates in this round. (CPU: 2, RAM: 4)
Client Client 24 participates in this round. (CPU: 2, RAM: 4)
Results Aggregated in 113.07 seconds.
{'CNN 16k': {'train_loss': [1.5108716221173604, 1.4053415297221032, 1.4785152623112374, 1.5177377663542053, 1.2549803369925667, 1.3011022611230887, 1.345261934491658, 1.2955845016116525, 1.2334700397986365, 1.1770378188075177], 'train_accuracy': [0.44866666666666666, 0.4892950082801041, 0.4473036554469779, 0.43695911440017127, 0.5444238218205294, 0.5035072336694433, 0.5012921259427245, 0.513790595541134, 0.5394878687331122, 0.5484050768141018], 'train_f1': [0.09492520646129035, 0.1292655468104597, 0.22618047260634175, 0.340227703657884, 0.30749936632060343, 0.36807693672345543, 0.3654214223431346, 0.4336020852769965, 0.41720176716942053, 0.44563720792392675], 'train_mae': [2.1876, 1.882540809084457, 1.919833514296055, 2.1008531849178924, 1.7488702388637831, 1.6947062691801842, 1.521456322627147, 1.5385605191753615, 1.5461800159603512, 1.5589488718836002], 'val_loss': [3.2523579486846925, 3.436755955056127, 3.330226634603577, 2.446247732143671, 2.7732016980553382, 2.5804751854778925, 2.4310282093480846, 2.354464358540483, 2.2470703749649186, 2.180971974489357], 'val_accuracy': [0.10876666666666666, 0.13258511947007334, 0.19924421281216068, 0.3115098345616342, 0.27301149733699165, 0.3037124689463685, 0.3280911133379041, 0.3489498699264315, 0.3687069847536646, 0.38155582753695555], 'val_f1': [0.029524682922225584, 0.050496384477036325, 0.12190054126441544, 0.25427600908260156, 0.19829404284654437, 0.229254472478445, 0.2556359919703577, 0.28235093125370114, 0.3067958252673966, 0.321399745183626], 'val_mae': [2.821633333333333, 2.762383487106695, 2.861099218241042, 2.6077488792391668, 2.758699326178179, 2.6152107226362706, 2.589911755709087, 2.381835931074995, 2.397876492082826, 2.376351668079473], 'jsd': [(0, 0.31037237167577497, 0.28120069329109243, 0.33412025379574817, 0, 0), (0, 0.11831595591413498, 0.30441027996679115, 0.3497408940224168, 0, 0), (0, 0.22174075790083844, 0.1148495516799718, 0.07065310240642222, 0, 0), (0, 0.10043697045871877, 0.07044001006946746, 0.09215384179737574, 0, 0), (0.10218538017028003, 0.2720287281301968, 0.2004517493303869, 0.2515178906870974, 0.23548335962010625, 0.17300697387830682), (0, 0.15407646647314943, 0.07170991155179787, 0.08251932222540631, 0, 0), (0, 0.19059226141841865, 0.08150394813585263, 0.0836896934581679, 0, 0), (0, 0.08188211617520993, 0.06537166679910283, 0.06894077441167386, 0, 0), (0, 0.12878513354388516, 0.0683840006728624, 0.14826281751034603, 0, 0), (0, 0.18711065625583562, 0.06949098900495174, 0.06481236682368777, 0, 0)]}}
AdaptationManager: Configuring next round...
{'client_registry': {'enabled': True, 'params': {}}, 'client_selector': {'enabled': True, 'params': {'selection_strategy': 'Resource-Based', 'selection_criteria': 'CPU', 'selection_value': 2}}, 'client_cluster': {'enabled': False, 'params': {}}, 'message_compressor': {'enabled': False, 'params': {}}, 'model_co-versioning_registry': {'enabled': False, 'params': {}}, 'multi-task_model_trainer': {'enabled': False, 'params': {}}, 'heterogeneous_data_handler': {'enabled': True, 'params': {'enabled_clients': []}}}
{'client_selector': {'enabled': True}, 'client_cluster': {'enabled': False}, 'message_compressor': {'enabled': False}, 'model_co-versioning_registry': {'enabled': False}, 'multi-task_model_trainer': {'enabled': False}, 'heterogeneous_data_handler': {'enabled': True, 'params': {'enabled_clients': ['Client 24', 'Client 25']}}, 'client_registry': {'enabled': True, 'params': {}}}
round 11, 3 high, 3 low, 0.0-iid clients, predicted best policy: client_selector activated ✅
heterogeneous_data_handler activated ✅ for clients: ['Client 23', 'Client 27', 'Client 28']
Client Client 24 participates in this round. (CPU: 2, RAM: 4)
Client Client 25 participates in this round. (CPU: 2, RAM: 4)
Client Client 26 has insufficient CPU (1). Will not participate in the next FL round.
Client Client 28 has insufficient CPU (1). Will not participate in the next FL round.
Client Client 27 has insufficient CPU (1). Will not participate in the next FL round.
Client Client 23 participates in this round. (CPU: 2, RAM: 4)
Results Aggregated in 111.89 seconds.
{'CNN 16k': {'train_loss': [1.5108716221173604, 1.4053415297221032, 1.4785152623112374, 1.5177377663542053, 1.2549803369925667, 1.3011022611230887, 1.345261934491658, 1.2955845016116525, 1.2334700397986365, 1.1770378188075177, 1.0953809625930984], 'train_accuracy': [0.44866666666666666, 0.4892950082801041, 0.4473036554469779, 0.43695911440017127, 0.5444238218205294, 0.5035072336694433, 0.5012921259427245, 0.513790595541134, 0.5394878687331122, 0.5484050768141018, 0.5953710070273986], 'train_f1': [0.09492520646129035, 0.1292655468104597, 0.22618047260634175, 0.340227703657884, 0.30749936632060343, 0.36807693672345543, 0.3654214223431346, 0.4336020852769965, 0.41720176716942053, 0.44563720792392675, 0.4599215989371874], 'train_mae': [2.1876, 1.882540809084457, 1.919833514296055, 2.1008531849178924, 1.7488702388637831, 1.6947062691801842, 1.521456322627147, 1.5385605191753615, 1.5461800159603512, 1.5589488718836002, 1.5686598995419954], 'val_loss': [3.2523579486846925, 3.436755955056127, 3.330226634603577, 2.446247732143671, 2.7732016980553382, 2.5804751854778925, 2.4310282093480846, 2.354464358540483, 2.2470703749649186, 2.180971974489357, 2.189049724083601], 'val_accuracy': [0.10876666666666666, 0.13258511947007334, 0.19924421281216068, 0.3115098345616342, 0.27301149733699165, 0.3037124689463685, 0.3280911133379041, 0.3489498699264315, 0.3687069847536646, 0.38155582753695555, 0.39614606500635147], 'val_f1': [0.029524682922225584, 0.050496384477036325, 0.12190054126441544, 0.25427600908260156, 0.19829404284654437, 0.229254472478445, 0.2556359919703577, 0.28235093125370114, 0.3067958252673966, 0.321399745183626, 0.3517835186445813], 'val_mae': [2.821633333333333, 2.762383487106695, 2.861099218241042, 2.6077488792391668, 2.758699326178179, 2.6152107226362706, 2.589911755709087, 2.381835931074995, 2.397876492082826, 2.376351668079473, 2.213898122530796], 'jsd': [(0, 0.31037237167577497, 0.28120069329109243, 0.33412025379574817, 0, 0), (0, 0.11831595591413498, 0.30441027996679115, 0.3497408940224168, 0, 0), (0, 0.22174075790083844, 0.1148495516799718, 0.07065310240642222, 0, 0), (0, 0.10043697045871877, 0.07044001006946746, 0.09215384179737574, 0, 0), (0.10218538017028003, 0.2720287281301968, 0.2004517493303869, 0.2515178906870974, 0.23548335962010625, 0.17300697387830682), (0, 0.15407646647314943, 0.07170991155179787, 0.08251932222540631, 0, 0), (0, 0.19059226141841865, 0.08150394813585263, 0.0836896934581679, 0, 0), (0, 0.08188211617520993, 0.06537166679910283, 0.06894077441167386, 0, 0), (0, 0.12878513354388516, 0.0683840006728624, 0.14826281751034603, 0, 0), (0, 0.18711065625583562, 0.06949098900495174, 0.06481236682368777, 0, 0), (0, 0.061263689470418166, 0.21383025475976783, 0.15342961818477072, 0, 0)]}}
AdaptationManager: Configuring next round...
{'client_registry': {'enabled': True, 'params': {}}, 'client_selector': {'enabled': True, 'params': {'selection_strategy': 'Resource-Based', 'selection_criteria': 'CPU', 'selection_value': 2}}, 'client_cluster': {'enabled': False, 'params': {}}, 'message_compressor': {'enabled': False, 'params': {}}, 'model_co-versioning_registry': {'enabled': False, 'params': {}}, 'multi-task_model_trainer': {'enabled': False, 'params': {}}, 'heterogeneous_data_handler': {'enabled': True, 'params': {'enabled_clients': []}}}
{'client_selector': {'enabled': True}, 'client_cluster': {'enabled': False}, 'message_compressor': {'enabled': False}, 'model_co-versioning_registry': {'enabled': False}, 'multi-task_model_trainer': {'enabled': False}, 'heterogeneous_data_handler': {'enabled': True, 'params': {'enabled_clients': ['Client 23', 'Client 27', 'Client 28']}}, 'client_registry': {'enabled': True, 'params': {}}}
round 12, 3 high, 3 low, 0.0-iid clients, predicted best policy: client_selector activated ✅
heterogeneous_data_handler activated ✅ for clients: ['Client 25', 'Client 26']
Client Client 28 has insufficient CPU (1). Will not participate in the next FL round.
Client Client 24 participates in this round. (CPU: 2, RAM: 4)
Client Client 23 participates in this round. (CPU: 2, RAM: 4)
Client Client 27 has insufficient CPU (1). Will not participate in the next FL round.
Client Client 26 has insufficient CPU (1). Will not participate in the next FL round.
Client Client 25 participates in this round. (CPU: 2, RAM: 4)
Results Aggregated in 117.49 seconds.
{'CNN 16k': {'train_loss': [1.5108716221173604, 1.4053415297221032, 1.4785152623112374, 1.5177377663542053, 1.2549803369925667, 1.3011022611230887, 1.345261934491658, 1.2955845016116525, 1.2334700397986365, 1.1770378188075177, 1.0953809625930984, 1.2332737558118758], 'train_accuracy': [0.44866666666666666, 0.4892950082801041, 0.4473036554469779, 0.43695911440017127, 0.5444238218205294, 0.5035072336694433, 0.5012921259427245, 0.513790595541134, 0.5394878687331122, 0.5484050768141018, 0.5953710070273986, 0.5226559139784946], 'train_f1': [0.09492520646129035, 0.1292655468104597, 0.22618047260634175, 0.340227703657884, 0.30749936632060343, 0.36807693672345543, 0.3654214223431346, 0.4336020852769965, 0.41720176716942053, 0.44563720792392675, 0.4599215989371874, 0.4537950030962789], 'train_mae': [2.1876, 1.882540809084457, 1.919833514296055, 2.1008531849178924, 1.7488702388637831, 1.6947062691801842, 1.521456322627147, 1.5385605191753615, 1.5461800159603512, 1.5589488718836002, 1.5686598995419954, 1.6224086021505377], 'val_loss': [3.2523579486846925, 3.436755955056127, 3.330226634603577, 2.446247732143671, 2.7732016980553382, 2.5804751854778925, 2.4310282093480846, 2.354464358540483, 2.2470703749649186, 2.180971974489357, 2.189049724083601, 2.3239590995665522], 'val_accuracy': [0.10876666666666666, 0.13258511947007334, 0.19924421281216068, 0.3115098345616342, 0.27301149733699165, 0.3037124689463685, 0.3280911133379041, 0.3489498699264315, 0.3687069847536646, 0.38155582753695555, 0.39614606500635147, 0.39245161290322583], 'val_f1': [0.029524682922225584, 0.050496384477036325, 0.12190054126441544, 0.25427600908260156, 0.19829404284654437, 0.229254472478445, 0.2556359919703577, 0.28235093125370114, 0.3067958252673966, 0.321399745183626, 0.3517835186445813, 0.3401524575034469], 'val_mae': [2.821633333333333, 2.762383487106695, 2.861099218241042, 2.6077488792391668, 2.758699326178179, 2.6152107226362706, 2.589911755709087, 2.381835931074995, 2.397876492082826, 2.376351668079473, 2.213898122530796, 2.30428064516129], 'jsd': [(0, 0.31037237167577497, 0.28120069329109243, 0.33412025379574817, 0, 0), (0, 0.11831595591413498, 0.30441027996679115, 0.3497408940224168, 0, 0), (0, 0.22174075790083844, 0.1148495516799718, 0.07065310240642222, 0, 0), (0, 0.10043697045871877, 0.07044001006946746, 0.09215384179737574, 0, 0), (0.10218538017028003, 0.2720287281301968, 0.2004517493303869, 0.2515178906870974, 0.23548335962010625, 0.17300697387830682), (0, 0.15407646647314943, 0.07170991155179787, 0.08251932222540631, 0, 0), (0, 0.19059226141841865, 0.08150394813585263, 0.0836896934581679, 0, 0), (0, 0.08188211617520993, 0.06537166679910283, 0.06894077441167386, 0, 0), (0, 0.12878513354388516, 0.0683840006728624, 0.14826281751034603, 0, 0), (0, 0.18711065625583562, 0.06949098900495174, 0.06481236682368777, 0, 0), (0, 0.061263689470418166, 0.21383025475976783, 0.15342961818477072, 0, 0), (0, 0.09697357759734725, 0.105507726554257, 0.06243509035886362, 0, 0)]}}
AdaptationManager: Configuring next round...
{'client_registry': {'enabled': True, 'params': {}}, 'client_selector': {'enabled': True, 'params': {'selection_strategy': 'Resource-Based', 'selection_criteria': 'CPU', 'selection_value': 2}}, 'client_cluster': {'enabled': False, 'params': {}}, 'message_compressor': {'enabled': False, 'params': {}}, 'model_co-versioning_registry': {'enabled': False, 'params': {}}, 'multi-task_model_trainer': {'enabled': False, 'params': {}}, 'heterogeneous_data_handler': {'enabled': True, 'params': {'enabled_clients': []}}}
{'client_selector': {'enabled': True}, 'client_cluster': {'enabled': False}, 'message_compressor': {'enabled': False}, 'model_co-versioning_registry': {'enabled': False}, 'multi-task_model_trainer': {'enabled': False}, 'heterogeneous_data_handler': {'enabled': True, 'params': {'enabled_clients': ['Client 25', 'Client 26']}}, 'client_registry': {'enabled': True, 'params': {}}}
round 13, 3 high, 3 low, 0.0-iid clients, predicted best policy: client_selector activated ✅
heterogeneous_data_handler de-activated ❌
Client Client 26 has insufficient CPU (1). Will not participate in the next FL round.
Client Client 24 participates in this round. (CPU: 2, RAM: 4)
Client Client 28 has insufficient CPU (1). Will not participate in the next FL round.
Client Client 25 participates in this round. (CPU: 2, RAM: 4)
Client Client 27 has insufficient CPU (1). Will not participate in the next FL round.
Client Client 23 participates in this round. (CPU: 2, RAM: 4)
Results Aggregated in 124.57 seconds.
{'CNN 16k': {'train_loss': [1.5108716221173604, 1.4053415297221032, 1.4785152623112374, 1.5177377663542053, 1.2549803369925667, 1.3011022611230887, 1.345261934491658, 1.2955845016116525, 1.2334700397986365, 1.1770378188075177, 1.0953809625930984, 1.2332737558118758, 0.88722657055488], 'train_accuracy': [0.44866666666666666, 0.4892950082801041, 0.4473036554469779, 0.43695911440017127, 0.5444238218205294, 0.5035072336694433, 0.5012921259427245, 0.513790595541134, 0.5394878687331122, 0.5484050768141018, 0.5953710070273986, 0.5226559139784946, 0.6933025641025641], 'train_f1': [0.09492520646129035, 0.1292655468104597, 0.22618047260634175, 0.340227703657884, 0.30749936632060343, 0.36807693672345543, 0.3654214223431346, 0.4336020852769965, 0.41720176716942053, 0.44563720792392675, 0.4599215989371874, 0.4537950030962789, 0.43239652446424404], 'train_mae': [2.1876, 1.882540809084457, 1.919833514296055, 2.1008531849178924, 1.7488702388637831, 1.6947062691801842, 1.521456322627147, 1.5385605191753615, 1.5461800159603512, 1.5589488718836002, 1.5686598995419954, 1.6224086021505377, 1.059774358974359], 'val_loss': [3.2523579486846925, 3.436755955056127, 3.330226634603577, 2.446247732143671, 2.7732016980553382, 2.5804751854778925, 2.4310282093480846, 2.354464358540483, 2.2470703749649186, 2.180971974489357, 2.189049724083601, 2.3239590995665522, 2.3726349524180095], 'val_accuracy': [0.10876666666666666, 0.13258511947007334, 0.19924421281216068, 0.3115098345616342, 0.27301149733699165, 0.3037124689463685, 0.3280911133379041, 0.3489498699264315, 0.3687069847536646, 0.38155582753695555, 0.39614606500635147, 0.39245161290322583, 0.3603], 'val_f1': [0.029524682922225584, 0.050496384477036325, 0.12190054126441544, 0.25427600908260156, 0.19829404284654437, 0.229254472478445, 0.2556359919703577, 0.28235093125370114, 0.3067958252673966, 0.321399745183626, 0.3517835186445813, 0.3401524575034469, 0.2865486403762631], 'val_mae': [2.821633333333333, 2.762383487106695, 2.861099218241042, 2.6077488792391668, 2.758699326178179, 2.6152107226362706, 2.589911755709087, 2.381835931074995, 2.397876492082826, 2.376351668079473, 2.213898122530796, 2.30428064516129, 2.5963], 'jsd': [(0, 0.31037237167577497, 0.28120069329109243, 0.33412025379574817, 0, 0), (0, 0.11831595591413498, 0.30441027996679115, 0.3497408940224168, 0, 0), (0, 0.22174075790083844, 0.1148495516799718, 0.07065310240642222, 0, 0), (0, 0.10043697045871877, 0.07044001006946746, 0.09215384179737574, 0, 0), (0.10218538017028003, 0.2720287281301968, 0.2004517493303869, 0.2515178906870974, 0.23548335962010625, 0.17300697387830682), (0, 0.15407646647314943, 0.07170991155179787, 0.08251932222540631, 0, 0), (0, 0.19059226141841865, 0.08150394813585263, 0.0836896934581679, 0, 0), (0, 0.08188211617520993, 0.06537166679910283, 0.06894077441167386, 0, 0), (0, 0.12878513354388516, 0.0683840006728624, 0.14826281751034603, 0, 0), (0, 0.18711065625583562, 0.06949098900495174, 0.06481236682368777, 0, 0), (0, 0.061263689470418166, 0.21383025475976783, 0.15342961818477072, 0, 0), (0, 0.09697357759734725, 0.105507726554257, 0.06243509035886362, 0, 0), (0, 0.21474785760620418, 0.181094197073897, 0.21851891158775047, 0, 0)]}}
AdaptationManager: Configuring next round...
{'client_registry': {'enabled': True, 'params': {}}, 'client_selector': {'enabled': True, 'params': {'selection_strategy': 'Resource-Based', 'selection_criteria': 'CPU', 'selection_value': 2}}, 'client_cluster': {'enabled': False, 'params': {}}, 'message_compressor': {'enabled': False, 'params': {}}, 'model_co-versioning_registry': {'enabled': False, 'params': {}}, 'multi-task_model_trainer': {'enabled': False, 'params': {}}, 'heterogeneous_data_handler': {'enabled': True, 'params': {'enabled_clients': []}}}
{'client_selector': {'enabled': True}, 'client_cluster': {'enabled': False}, 'message_compressor': {'enabled': False}, 'model_co-versioning_registry': {'enabled': False}, 'multi-task_model_trainer': {'enabled': False}, 'heterogeneous_data_handler': {'enabled': False, 'params': {'enabled_clients': ['Client 25', 'Client 26']}}, 'client_registry': {'enabled': True, 'params': {}}}
round 14, 3 high, 3 low, 0.0-iid clients, predicted best policy: client_selector activated ✅
heterogeneous_data_handler activated ✅ for clients: ['Client 23', 'Client 27', 'Client 28']
Client Client 24 participates in this round. (CPU: 2, RAM: 4)
Client Client 26 has insufficient CPU (1). Will not participate in the next FL round.
Client Client 25 participates in this round. (CPU: 2, RAM: 4)
Client Client 28 has insufficient CPU (1). Will not participate in the next FL round.
Client Client 27 has insufficient CPU (1). Will not participate in the next FL round.
Client Client 23 participates in this round. (CPU: 2, RAM: 4)
Results Aggregated in 124.55 seconds.
{'CNN 16k': {'train_loss': [1.5108716221173604, 1.4053415297221032, 1.4785152623112374, 1.5177377663542053, 1.2549803369925667, 1.3011022611230887, 1.345261934491658, 1.2955845016116525, 1.2334700397986365, 1.1770378188075177, 1.0953809625930984, 1.2332737558118758, 0.88722657055488, 1.0398543456609606], 'train_accuracy': [0.44866666666666666, 0.4892950082801041, 0.4473036554469779, 0.43695911440017127, 0.5444238218205294, 0.5035072336694433, 0.5012921259427245, 0.513790595541134, 0.5394878687331122, 0.5484050768141018, 0.5953710070273986, 0.5226559139784946, 0.6933025641025641, 0.5995382055452727], 'train_f1': [0.09492520646129035, 0.1292655468104597, 0.22618047260634175, 0.340227703657884, 0.30749936632060343, 0.36807693672345543, 0.3654214223431346, 0.4336020852769965, 0.41720176716942053, 0.44563720792392675, 0.4599215989371874, 0.4537950030962789, 0.43239652446424404, 0.4780997236651844], 'train_mae': [2.1876, 1.882540809084457, 1.919833514296055, 2.1008531849178924, 1.7488702388637831, 1.6947062691801842, 1.521456322627147, 1.5385605191753615, 1.5461800159603512, 1.5589488718836002, 1.5686598995419954, 1.6224086021505377, 1.059774358974359, 1.4401256380054968], 'val_loss': [3.2523579486846925, 3.436755955056127, 3.330226634603577, 2.446247732143671, 2.7732016980553382, 2.5804751854778925, 2.4310282093480846, 2.354464358540483, 2.2470703749649186, 2.180971974489357, 2.189049724083601, 2.3239590995665522, 2.3726349524180095, 2.1956962509046436], 'val_accuracy': [0.10876666666666666, 0.13258511947007334, 0.19924421281216068, 0.3115098345616342, 0.27301149733699165, 0.3037124689463685, 0.3280911133379041, 0.3489498699264315, 0.3687069847536646, 0.38155582753695555, 0.39614606500635147, 0.39245161290322583, 0.3603, 0.4142244863237796], 'val_f1': [0.029524682922225584, 0.050496384477036325, 0.12190054126441544, 0.25427600908260156, 0.19829404284654437, 0.229254472478445, 0.2556359919703577, 0.28235093125370114, 0.3067958252673966, 0.321399745183626, 0.3517835186445813, 0.3401524575034469, 0.2865486403762631, 0.35855175654853355], 'val_mae': [2.821633333333333, 2.762383487106695, 2.861099218241042, 2.6077488792391668, 2.758699326178179, 2.6152107226362706, 2.589911755709087, 2.381835931074995, 2.397876492082826, 2.376351668079473, 2.213898122530796, 2.30428064516129, 2.5963, 2.2169769663656593], 'jsd': [(0, 0.31037237167577497, 0.28120069329109243, 0.33412025379574817, 0, 0), (0, 0.11831595591413498, 0.30441027996679115, 0.3497408940224168, 0, 0), (0, 0.22174075790083844, 0.1148495516799718, 0.07065310240642222, 0, 0), (0, 0.10043697045871877, 0.07044001006946746, 0.09215384179737574, 0, 0), (0.10218538017028003, 0.2720287281301968, 0.2004517493303869, 0.2515178906870974, 0.23548335962010625, 0.17300697387830682), (0, 0.15407646647314943, 0.07170991155179787, 0.08251932222540631, 0, 0), (0, 0.19059226141841865, 0.08150394813585263, 0.0836896934581679, 0, 0), (0, 0.08188211617520993, 0.06537166679910283, 0.06894077441167386, 0, 0), (0, 0.12878513354388516, 0.0683840006728624, 0.14826281751034603, 0, 0), (0, 0.18711065625583562, 0.06949098900495174, 0.06481236682368777, 0, 0), (0, 0.061263689470418166, 0.21383025475976783, 0.15342961818477072, 0, 0), (0, 0.09697357759734725, 0.105507726554257, 0.06243509035886362, 0, 0), (0, 0.21474785760620418, 0.181094197073897, 0.21851891158775047, 0, 0), (0, 0.05671585210309029, 0.19231381819137267, 0.20947637334808267, 0, 0)]}}
AdaptationManager: Configuring next round...
{'client_registry': {'enabled': True, 'params': {}}, 'client_selector': {'enabled': True, 'params': {'selection_strategy': 'Resource-Based', 'selection_criteria': 'CPU', 'selection_value': 2}}, 'client_cluster': {'enabled': False, 'params': {}}, 'message_compressor': {'enabled': False, 'params': {}}, 'model_co-versioning_registry': {'enabled': False, 'params': {}}, 'multi-task_model_trainer': {'enabled': False, 'params': {}}, 'heterogeneous_data_handler': {'enabled': True, 'params': {'enabled_clients': []}}}
{'client_selector': {'enabled': True}, 'client_cluster': {'enabled': False}, 'message_compressor': {'enabled': False}, 'model_co-versioning_registry': {'enabled': False}, 'multi-task_model_trainer': {'enabled': False}, 'heterogeneous_data_handler': {'enabled': True, 'params': {'enabled_clients': ['Client 23', 'Client 27', 'Client 28']}}, 'client_registry': {'enabled': True, 'params': {}}}
round 15, 3 high, 3 low, 0.0-iid clients, predicted best policy: client_selector activated ✅
heterogeneous_data_handler activated ✅ for clients: ['Client 23', 'Client 25', 'Client 26', 'Client 27', 'Client 28']
Client Client 24 participates in this round. (CPU: 2, RAM: 4)
Client Client 28 has insufficient CPU (1). Will not participate in the next FL round.
Client Client 27 has insufficient CPU (1). Will not participate in the next FL round.
Client Client 26 has insufficient CPU (1). Will not participate in the next FL round.
Client Client 23 participates in this round. (CPU: 2, RAM: 4)
Client Client 25 participates in this round. (CPU: 2, RAM: 4)
Results Aggregated in 127.55 seconds.
{'CNN 16k': {'train_loss': [1.5108716221173604, 1.4053415297221032, 1.4785152623112374, 1.5177377663542053, 1.2549803369925667, 1.3011022611230887, 1.345261934491658, 1.2955845016116525, 1.2334700397986365, 1.1770378188075177, 1.0953809625930984, 1.2332737558118758, 0.88722657055488, 1.0398543456609606, 1.1773853186939074], 'train_accuracy': [0.44866666666666666, 0.4892950082801041, 0.4473036554469779, 0.43695911440017127, 0.5444238218205294, 0.5035072336694433, 0.5012921259427245, 0.513790595541134, 0.5394878687331122, 0.5484050768141018, 0.5953710070273986, 0.5226559139784946, 0.6933025641025641, 0.5995382055452727, 0.5238956521739131], 'train_f1': [0.09492520646129035, 0.1292655468104597, 0.22618047260634175, 0.340227703657884, 0.30749936632060343, 0.36807693672345543, 0.3654214223431346, 0.4336020852769965, 0.41720176716942053, 0.44563720792392675, 0.4599215989371874, 0.4537950030962789, 0.43239652446424404, 0.4780997236651844, 0.4459392066836635], 'train_mae': [2.1876, 1.882540809084457, 1.919833514296055, 2.1008531849178924, 1.7488702388637831, 1.6947062691801842, 1.521456322627147, 1.5385605191753615, 1.5461800159603512, 1.5589488718836002, 1.5686598995419954, 1.6224086021505377, 1.059774358974359, 1.4401256380054968, 1.5400260869565217], 'val_loss': [3.2523579486846925, 3.436755955056127, 3.330226634603577, 2.446247732143671, 2.7732016980553382, 2.5804751854778925, 2.4310282093480846, 2.354464358540483, 2.2470703749649186, 2.180971974489357, 2.189049724083601, 2.3239590995665522, 2.3726349524180095, 2.1956962509046436, 2.1562058368309684], 'val_accuracy': [0.10876666666666666, 0.13258511947007334, 0.19924421281216068, 0.3115098345616342, 0.27301149733699165, 0.3037124689463685, 0.3280911133379041, 0.3489498699264315, 0.3687069847536646, 0.38155582753695555, 0.39614606500635147, 0.39245161290322583, 0.3603, 0.4142244863237796, 0.40621521739130434], 'val_f1': [0.029524682922225584, 0.050496384477036325, 0.12190054126441544, 0.25427600908260156, 0.19829404284654437, 0.229254472478445, 0.2556359919703577, 0.28235093125370114, 0.3067958252673966, 0.321399745183626, 0.3517835186445813, 0.3401524575034469, 0.2865486403762631, 0.35855175654853355, 0.3562169130471891], 'val_mae': [2.821633333333333, 2.762383487106695, 2.861099218241042, 2.6077488792391668, 2.758699326178179, 2.6152107226362706, 2.589911755709087, 2.381835931074995, 2.397876492082826, 2.376351668079473, 2.213898122530796, 2.30428064516129, 2.5963, 2.2169769663656593, 2.2921239130434783], 'jsd': [(0, 0.31037237167577497, 0.28120069329109243, 0.33412025379574817, 0, 0), (0, 0.11831595591413498, 0.30441027996679115, 0.3497408940224168, 0, 0), (0, 0.22174075790083844, 0.1148495516799718, 0.07065310240642222, 0, 0), (0, 0.10043697045871877, 0.07044001006946746, 0.09215384179737574, 0, 0), (0.10218538017028003, 0.2720287281301968, 0.2004517493303869, 0.2515178906870974, 0.23548335962010625, 0.17300697387830682), (0, 0.15407646647314943, 0.07170991155179787, 0.08251932222540631, 0, 0), (0, 0.19059226141841865, 0.08150394813585263, 0.0836896934581679, 0, 0), (0, 0.08188211617520993, 0.06537166679910283, 0.06894077441167386, 0, 0), (0, 0.12878513354388516, 0.0683840006728624, 0.14826281751034603, 0, 0), (0, 0.18711065625583562, 0.06949098900495174, 0.06481236682368777, 0, 0), (0, 0.061263689470418166, 0.21383025475976783, 0.15342961818477072, 0, 0), (0, 0.09697357759734725, 0.105507726554257, 0.06243509035886362, 0, 0), (0, 0.21474785760620418, 0.181094197073897, 0.21851891158775047, 0, 0), (0, 0.05671585210309029, 0.19231381819137267, 0.20947637334808267, 0, 0), (0, 0.055310632742683115, 0.14510829272979842, 0.055170152388012, 0, 0)]}}
AdaptationManager: Configuring next round...
{'client_registry': {'enabled': True, 'params': {}}, 'client_selector': {'enabled': True, 'params': {'selection_strategy': 'Resource-Based', 'selection_criteria': 'CPU', 'selection_value': 2}}, 'client_cluster': {'enabled': False, 'params': {}}, 'message_compressor': {'enabled': False, 'params': {}}, 'model_co-versioning_registry': {'enabled': False, 'params': {}}, 'multi-task_model_trainer': {'enabled': False, 'params': {}}, 'heterogeneous_data_handler': {'enabled': True, 'params': {'enabled_clients': []}}}
{'client_selector': {'enabled': True}, 'client_cluster': {'enabled': False}, 'message_compressor': {'enabled': False}, 'model_co-versioning_registry': {'enabled': False}, 'multi-task_model_trainer': {'enabled': False}, 'heterogeneous_data_handler': {'enabled': True, 'params': {'enabled_clients': ['Client 23', 'Client 25', 'Client 26', 'Client 27', 'Client 28']}}, 'client_registry': {'enabled': True, 'params': {}}}
round 16, 3 high, 3 low, 0.0-iid clients, predicted best policy: client_selector activated ✅
heterogeneous_data_handler activated ✅ for clients: ['Client 23', 'Client 27', 'Client 28']
Client Client 24 participates in this round. (CPU: 2, RAM: 4)
Client Client 26 has insufficient CPU (1). Will not participate in the next FL round.
Client Client 25 participates in this round. (CPU: 2, RAM: 4)
Client Client 28 has insufficient CPU (1). Will not participate in the next FL round.
Client Client 27 has insufficient CPU (1). Will not participate in the next FL round.
Client Client 23 participates in this round. (CPU: 2, RAM: 4)
Results Aggregated in 131.09 seconds.
{'CNN 16k': {'train_loss': [1.5108716221173604, 1.4053415297221032, 1.4785152623112374, 1.5177377663542053, 1.2549803369925667, 1.3011022611230887, 1.345261934491658, 1.2955845016116525, 1.2334700397986365, 1.1770378188075177, 1.0953809625930984, 1.2332737558118758, 0.88722657055488, 1.0398543456609606, 1.1773853186939074, 1.0585102061022902], 'train_accuracy': [0.44866666666666666, 0.4892950082801041, 0.4473036554469779, 0.43695911440017127, 0.5444238218205294, 0.5035072336694433, 0.5012921259427245, 0.513790595541134, 0.5394878687331122, 0.5484050768141018, 0.5953710070273986, 0.5226559139784946, 0.6933025641025641, 0.5995382055452727, 0.5238956521739131, 0.6047161339674726], 'train_f1': [0.09492520646129035, 0.1292655468104597, 0.22618047260634175, 0.340227703657884, 0.30749936632060343, 0.36807693672345543, 0.3654214223431346, 0.4336020852769965, 0.41720176716942053, 0.44563720792392675, 0.4599215989371874, 0.4537950030962789, 0.43239652446424404, 0.4780997236651844, 0.4459392066836635, 0.5096695674832763], 'train_mae': [2.1876, 1.882540809084457, 1.919833514296055, 2.1008531849178924, 1.7488702388637831, 1.6947062691801842, 1.521456322627147, 1.5385605191753615, 1.5461800159603512, 1.5589488718836002, 1.5686598995419954, 1.6224086021505377, 1.059774358974359, 1.4401256380054968, 1.5400260869565217, 1.280174277447035], 'val_loss': [3.2523579486846925, 3.436755955056127, 3.330226634603577, 2.446247732143671, 2.7732016980553382, 2.5804751854778925, 2.4310282093480846, 2.354464358540483, 2.2470703749649186, 2.180971974489357, 2.189049724083601, 2.3239590995665522, 2.3726349524180095, 2.1956962509046436, 2.1562058368309684, 2.0577228432993038], 'val_accuracy': [0.10876666666666666, 0.13258511947007334, 0.19924421281216068, 0.3115098345616342, 0.27301149733699165, 0.3037124689463685, 0.3280911133379041, 0.3489498699264315, 0.3687069847536646, 0.38155582753695555, 0.39614606500635147, 0.39245161290322583, 0.3603, 0.4142244863237796, 0.40621521739130434, 0.43543637875411584], 'val_f1': [0.029524682922225584, 0.050496384477036325, 0.12190054126441544, 0.25427600908260156, 0.19829404284654437, 0.229254472478445, 0.2556359919703577, 0.28235093125370114, 0.3067958252673966, 0.321399745183626, 0.3517835186445813, 0.3401524575034469, 0.2865486403762631, 0.35855175654853355, 0.3562169130471891, 0.38800751110274373], 'val_mae': [2.821633333333333, 2.762383487106695, 2.861099218241042, 2.6077488792391668, 2.758699326178179, 2.6152107226362706, 2.589911755709087, 2.381835931074995, 2.397876492082826, 2.376351668079473, 2.213898122530796, 2.30428064516129, 2.5963, 2.2169769663656593, 2.2921239130434783, 2.156348741144777], 'jsd': [(0, 0.31037237167577497, 0.28120069329109243, 0.33412025379574817, 0, 0), (0, 0.11831595591413498, 0.30441027996679115, 0.3497408940224168, 0, 0), (0, 0.22174075790083844, 0.1148495516799718, 0.07065310240642222, 0, 0), (0, 0.10043697045871877, 0.07044001006946746, 0.09215384179737574, 0, 0), (0.10218538017028003, 0.2720287281301968, 0.2004517493303869, 0.2515178906870974, 0.23548335962010625, 0.17300697387830682), (0, 0.15407646647314943, 0.07170991155179787, 0.08251932222540631, 0, 0), (0, 0.19059226141841865, 0.08150394813585263, 0.0836896934581679, 0, 0), (0, 0.08188211617520993, 0.06537166679910283, 0.06894077441167386, 0, 0), (0, 0.12878513354388516, 0.0683840006728624, 0.14826281751034603, 0, 0), (0, 0.18711065625583562, 0.06949098900495174, 0.06481236682368777, 0, 0), (0, 0.061263689470418166, 0.21383025475976783, 0.15342961818477072, 0, 0), (0, 0.09697357759734725, 0.105507726554257, 0.06243509035886362, 0, 0), (0, 0.21474785760620418, 0.181094197073897, 0.21851891158775047, 0, 0), (0, 0.05671585210309029, 0.19231381819137267, 0.20947637334808267, 0, 0), (0, 0.055310632742683115, 0.14510829272979842, 0.055170152388012, 0, 0), (0, 0.05383246034157609, 0.12001911667629953, 0.14643012596799798, 0, 0)]}}
AdaptationManager: Configuring next round...
{'client_registry': {'enabled': True, 'params': {}}, 'client_selector': {'enabled': True, 'params': {'selection_strategy': 'Resource-Based', 'selection_criteria': 'CPU', 'selection_value': 2}}, 'client_cluster': {'enabled': False, 'params': {}}, 'message_compressor': {'enabled': False, 'params': {}}, 'model_co-versioning_registry': {'enabled': False, 'params': {}}, 'multi-task_model_trainer': {'enabled': False, 'params': {}}, 'heterogeneous_data_handler': {'enabled': True, 'params': {'enabled_clients': []}}}
{'client_selector': {'enabled': True}, 'client_cluster': {'enabled': False}, 'message_compressor': {'enabled': False}, 'model_co-versioning_registry': {'enabled': False}, 'multi-task_model_trainer': {'enabled': False}, 'heterogeneous_data_handler': {'enabled': True, 'params': {'enabled_clients': ['Client 23', 'Client 27', 'Client 28']}}, 'client_registry': {'enabled': True, 'params': {}}}
round 17, 3 high, 3 low, 0.0-iid clients, predicted best policy: client_selector activated ✅
heterogeneous_data_handler activated ✅ for clients: ['Client 24', 'Client 25']
Client Client 27 has insufficient CPU (1). Will not participate in the next FL round.
Client Client 28 has insufficient CPU (1). Will not participate in the next FL round.
Client Client 23 participates in this round. (CPU: 2, RAM: 4)
Client Client 26 has insufficient CPU (1). Will not participate in the next FL round.
Client Client 24 participates in this round. (CPU: 2, RAM: 4)
Client Client 25 participates in this round. (CPU: 2, RAM: 4)
Results Aggregated in 136.18 seconds.
{'CNN 16k': {'train_loss': [1.5108716221173604, 1.4053415297221032, 1.4785152623112374, 1.5177377663542053, 1.2549803369925667, 1.3011022611230887, 1.345261934491658, 1.2955845016116525, 1.2334700397986365, 1.1770378188075177, 1.0953809625930984, 1.2332737558118758, 0.88722657055488, 1.0398543456609606, 1.1773853186939074, 1.0585102061022902, 1.1705319640798333], 'train_accuracy': [0.44866666666666666, 0.4892950082801041, 0.4473036554469779, 0.43695911440017127, 0.5444238218205294, 0.5035072336694433, 0.5012921259427245, 0.513790595541134, 0.5394878687331122, 0.5484050768141018, 0.5953710070273986, 0.5226559139784946, 0.6933025641025641, 0.5995382055452727, 0.5238956521739131, 0.6047161339674726, 0.5475162677666395], 'train_f1': [0.09492520646129035, 0.1292655468104597, 0.22618047260634175, 0.340227703657884, 0.30749936632060343, 0.36807693672345543, 0.3654214223431346, 0.4336020852769965, 0.41720176716942053, 0.44563720792392675, 0.4599215989371874, 0.4537950030962789, 0.43239652446424404, 0.4780997236651844, 0.4459392066836635, 0.5096695674832763, 0.5071129487377211], 'train_mae': [2.1876, 1.882540809084457, 1.919833514296055, 2.1008531849178924, 1.7488702388637831, 1.6947062691801842, 1.521456322627147, 1.5385605191753615, 1.5461800159603512, 1.5589488718836002, 1.5686598995419954, 1.6224086021505377, 1.059774358974359, 1.4401256380054968, 1.5400260869565217, 1.280174277447035, 1.6368091195421044], 'val_loss': [3.2523579486846925, 3.436755955056127, 3.330226634603577, 2.446247732143671, 2.7732016980553382, 2.5804751854778925, 2.4310282093480846, 2.354464358540483, 2.2470703749649186, 2.180971974489357, 2.189049724083601, 2.3239590995665522, 2.3726349524180095, 2.1956962509046436, 2.1562058368309684, 2.0577228432993038, 2.0921368425175775], 'val_accuracy': [0.10876666666666666, 0.13258511947007334, 0.19924421281216068, 0.3115098345616342, 0.27301149733699165, 0.3037124689463685, 0.3280911133379041, 0.3489498699264315, 0.3687069847536646, 0.38155582753695555, 0.39614606500635147, 0.39245161290322583, 0.3603, 0.4142244863237796, 0.40621521739130434, 0.43543637875411584, 0.45729032247749685], 'val_f1': [0.029524682922225584, 0.050496384477036325, 0.12190054126441544, 0.25427600908260156, 0.19829404284654437, 0.229254472478445, 0.2556359919703577, 0.28235093125370114, 0.3067958252673966, 0.321399745183626, 0.3517835186445813, 0.3401524575034469, 0.2865486403762631, 0.35855175654853355, 0.3562169130471891, 0.38800751110274373, 0.42284741944723225], 'val_mae': [2.821633333333333, 2.762383487106695, 2.861099218241042, 2.6077488792391668, 2.758699326178179, 2.6152107226362706, 2.589911755709087, 2.381835931074995, 2.397876492082826, 2.376351668079473, 2.213898122530796, 2.30428064516129, 2.5963, 2.2169769663656593, 2.2921239130434783, 2.156348741144777, 1.946371170479799], 'jsd': [(0, 0.31037237167577497, 0.28120069329109243, 0.33412025379574817, 0, 0), (0, 0.11831595591413498, 0.30441027996679115, 0.3497408940224168, 0, 0), (0, 0.22174075790083844, 0.1148495516799718, 0.07065310240642222, 0, 0), (0, 0.10043697045871877, 0.07044001006946746, 0.09215384179737574, 0, 0), (0.10218538017028003, 0.2720287281301968, 0.2004517493303869, 0.2515178906870974, 0.23548335962010625, 0.17300697387830682), (0, 0.15407646647314943, 0.07170991155179787, 0.08251932222540631, 0, 0), (0, 0.19059226141841865, 0.08150394813585263, 0.0836896934581679, 0, 0), (0, 0.08188211617520993, 0.06537166679910283, 0.06894077441167386, 0, 0), (0, 0.12878513354388516, 0.0683840006728624, 0.14826281751034603, 0, 0), (0, 0.18711065625583562, 0.06949098900495174, 0.06481236682368777, 0, 0), (0, 0.061263689470418166, 0.21383025475976783, 0.15342961818477072, 0, 0), (0, 0.09697357759734725, 0.105507726554257, 0.06243509035886362, 0, 0), (0, 0.21474785760620418, 0.181094197073897, 0.21851891158775047, 0, 0), (0, 0.05671585210309029, 0.19231381819137267, 0.20947637334808267, 0, 0), (0, 0.055310632742683115, 0.14510829272979842, 0.055170152388012, 0, 0), (0, 0.05383246034157609, 0.12001911667629953, 0.14643012596799798, 0, 0), (0, 0.15448244996823807, 0.052934420443222246, 0.05292672602334509, 0, 0)]}}
AdaptationManager: Configuring next round...
{'client_registry': {'enabled': True, 'params': {}}, 'client_selector': {'enabled': True, 'params': {'selection_strategy': 'Resource-Based', 'selection_criteria': 'CPU', 'selection_value': 2}}, 'client_cluster': {'enabled': False, 'params': {}}, 'message_compressor': {'enabled': False, 'params': {}}, 'model_co-versioning_registry': {'enabled': False, 'params': {}}, 'multi-task_model_trainer': {'enabled': False, 'params': {}}, 'heterogeneous_data_handler': {'enabled': True, 'params': {'enabled_clients': []}}}
{'client_selector': {'enabled': True}, 'client_cluster': {'enabled': False}, 'message_compressor': {'enabled': False}, 'model_co-versioning_registry': {'enabled': False}, 'multi-task_model_trainer': {'enabled': False}, 'heterogeneous_data_handler': {'enabled': True, 'params': {'enabled_clients': ['Client 24', 'Client 25']}}, 'client_registry': {'enabled': True, 'params': {}}}
round 18, 3 high, 3 low, 0.0-iid clients, predicted best policy: client_selector activated ✅
heterogeneous_data_handler activated ✅ for clients: ['Client 23', 'Client 25', 'Client 26', 'Client 27', 'Client 28']
Client Client 24 participates in this round. (CPU: 2, RAM: 4)
Client Client 28 has insufficient CPU (1). Will not participate in the next FL round.
Client Client 26 has insufficient CPU (1). Will not participate in the next FL round.
Client Client 27 has insufficient CPU (1). Will not participate in the next FL round.
Client Client 23 participates in this round. (CPU: 2, RAM: 4)
Client Client 25 participates in this round. (CPU: 2, RAM: 4)
Results Aggregated in 139.79 seconds.
{'CNN 16k': {'train_loss': [1.5108716221173604, 1.4053415297221032, 1.4785152623112374, 1.5177377663542053, 1.2549803369925667, 1.3011022611230887, 1.345261934491658, 1.2955845016116525, 1.2334700397986365, 1.1770378188075177, 1.0953809625930984, 1.2332737558118758, 0.88722657055488, 1.0398543456609606, 1.1773853186939074, 1.0585102061022902, 1.1705319640798333, 1.2684521037521066], 'train_accuracy': [0.44866666666666666, 0.4892950082801041, 0.4473036554469779, 0.43695911440017127, 0.5444238218205294, 0.5035072336694433, 0.5012921259427245, 0.513790595541134, 0.5394878687331122, 0.5484050768141018, 0.5953710070273986, 0.5226559139784946, 0.6933025641025641, 0.5995382055452727, 0.5238956521739131, 0.6047161339674726, 0.5475162677666395, 0.5067704280155642], 'train_f1': [0.09492520646129035, 0.1292655468104597, 0.22618047260634175, 0.340227703657884, 0.30749936632060343, 0.36807693672345543, 0.3654214223431346, 0.4336020852769965, 0.41720176716942053, 0.44563720792392675, 0.4599215989371874, 0.4537950030962789, 0.43239652446424404, 0.4780997236651844, 0.4459392066836635, 0.5096695674832763, 0.5071129487377211, 0.4595483755371808], 'train_mae': [2.1876, 1.882540809084457, 1.919833514296055, 2.1008531849178924, 1.7488702388637831, 1.6947062691801842, 1.521456322627147, 1.5385605191753615, 1.5461800159603512, 1.5589488718836002, 1.5686598995419954, 1.6224086021505377, 1.059774358974359, 1.4401256380054968, 1.5400260869565217, 1.280174277447035, 1.6368091195421044, 1.8263346303501946], 'val_loss': [3.2523579486846925, 3.436755955056127, 3.330226634603577, 2.446247732143671, 2.7732016980553382, 2.5804751854778925, 2.4310282093480846, 2.354464358540483, 2.2470703749649186, 2.180971974489357, 2.189049724083601, 2.3239590995665522, 2.3726349524180095, 2.1956962509046436, 2.1562058368309684, 2.0577228432993038, 2.0921368425175775, 2.0195097044013353], 'val_accuracy': [0.10876666666666666, 0.13258511947007334, 0.19924421281216068, 0.3115098345616342, 0.27301149733699165, 0.3037124689463685, 0.3280911133379041, 0.3489498699264315, 0.3687069847536646, 0.38155582753695555, 0.39614606500635147, 0.39245161290322583, 0.3603, 0.4142244863237796, 0.40621521739130434, 0.43543637875411584, 0.45729032247749685, 0.44098326848249025], 'val_f1': [0.029524682922225584, 0.050496384477036325, 0.12190054126441544, 0.25427600908260156, 0.19829404284654437, 0.229254472478445, 0.2556359919703577, 0.28235093125370114, 0.3067958252673966, 0.321399745183626, 0.3517835186445813, 0.3401524575034469, 0.2865486403762631, 0.35855175654853355, 0.3562169130471891, 0.38800751110274373, 0.42284741944723225, 0.4063204395824656], 'val_mae': [2.821633333333333, 2.762383487106695, 2.861099218241042, 2.6077488792391668, 2.758699326178179, 2.6152107226362706, 2.589911755709087, 2.381835931074995, 2.397876492082826, 2.376351668079473, 2.213898122530796, 2.30428064516129, 2.5963, 2.2169769663656593, 2.2921239130434783, 2.156348741144777, 1.946371170479799, 2.0362618677042805], 'jsd': [(0, 0.31037237167577497, 0.28120069329109243, 0.33412025379574817, 0, 0), (0, 0.11831595591413498, 0.30441027996679115, 0.3497408940224168, 0, 0), (0, 0.22174075790083844, 0.1148495516799718, 0.07065310240642222, 0, 0), (0, 0.10043697045871877, 0.07044001006946746, 0.09215384179737574, 0, 0), (0.10218538017028003, 0.2720287281301968, 0.2004517493303869, 0.2515178906870974, 0.23548335962010625, 0.17300697387830682), (0, 0.15407646647314943, 0.07170991155179787, 0.08251932222540631, 0, 0), (0, 0.19059226141841865, 0.08150394813585263, 0.0836896934581679, 0, 0), (0, 0.08188211617520993, 0.06537166679910283, 0.06894077441167386, 0, 0), (0, 0.12878513354388516, 0.0683840006728624, 0.14826281751034603, 0, 0), (0, 0.18711065625583562, 0.06949098900495174, 0.06481236682368777, 0, 0), (0, 0.061263689470418166, 0.21383025475976783, 0.15342961818477072, 0, 0), (0, 0.09697357759734725, 0.105507726554257, 0.06243509035886362, 0, 0), (0, 0.21474785760620418, 0.181094197073897, 0.21851891158775047, 0, 0), (0, 0.05671585210309029, 0.19231381819137267, 0.20947637334808267, 0, 0), (0, 0.055310632742683115, 0.14510829272979842, 0.055170152388012, 0, 0), (0, 0.05383246034157609, 0.12001911667629953, 0.14643012596799798, 0, 0), (0, 0.15448244996823807, 0.052934420443222246, 0.05292672602334509, 0, 0), (0, 0.05232755426288169, 0.117869061753963, 0.05223627673419271, 0, 0)]}}
AdaptationManager: Configuring next round...
{'client_registry': {'enabled': True, 'params': {}}, 'client_selector': {'enabled': True, 'params': {'selection_strategy': 'Resource-Based', 'selection_criteria': 'CPU', 'selection_value': 2}}, 'client_cluster': {'enabled': False, 'params': {}}, 'message_compressor': {'enabled': False, 'params': {}}, 'model_co-versioning_registry': {'enabled': False, 'params': {}}, 'multi-task_model_trainer': {'enabled': False, 'params': {}}, 'heterogeneous_data_handler': {'enabled': True, 'params': {'enabled_clients': []}}}
{'client_selector': {'enabled': True}, 'client_cluster': {'enabled': False}, 'message_compressor': {'enabled': False}, 'model_co-versioning_registry': {'enabled': False}, 'multi-task_model_trainer': {'enabled': False}, 'heterogeneous_data_handler': {'enabled': True, 'params': {'enabled_clients': ['Client 23', 'Client 25', 'Client 26', 'Client 27', 'Client 28']}}, 'client_registry': {'enabled': True, 'params': {}}}
round 19, 3 high, 3 low, 0.0-iid clients, predicted best policy: client_selector activated ✅
heterogeneous_data_handler de-activated ❌
Client Client 23 participates in this round. (CPU: 2, RAM: 4)
Client Client 26 has insufficient CPU (1). Will not participate in the next FL round.
Client Client 28 has insufficient CPU (1). Will not participate in the next FL round.
Client Client 24 participates in this round. (CPU: 2, RAM: 4)
Client Client 27 has insufficient CPU (1). Will not participate in the next FL round.
Client Client 25 participates in this round. (CPU: 2, RAM: 4)
Results Aggregated in 149.73 seconds.
{'CNN 16k': {'train_loss': [1.5108716221173604, 1.4053415297221032, 1.4785152623112374, 1.5177377663542053, 1.2549803369925667, 1.3011022611230887, 1.345261934491658, 1.2955845016116525, 1.2334700397986365, 1.1770378188075177, 1.0953809625930984, 1.2332737558118758, 0.88722657055488, 1.0398543456609606, 1.1773853186939074, 1.0585102061022902, 1.1705319640798333, 1.2684521037521066, 0.9811686698696069], 'train_accuracy': [0.44866666666666666, 0.4892950082801041, 0.4473036554469779, 0.43695911440017127, 0.5444238218205294, 0.5035072336694433, 0.5012921259427245, 0.513790595541134, 0.5394878687331122, 0.5484050768141018, 0.5953710070273986, 0.5226559139784946, 0.6933025641025641, 0.5995382055452727, 0.5238956521739131, 0.6047161339674726, 0.5475162677666395, 0.5067704280155642, 0.6479578947368421], 'train_f1': [0.09492520646129035, 0.1292655468104597, 0.22618047260634175, 0.340227703657884, 0.30749936632060343, 0.36807693672345543, 0.3654214223431346, 0.4336020852769965, 0.41720176716942053, 0.44563720792392675, 0.4599215989371874, 0.4537950030962789, 0.43239652446424404, 0.4780997236651844, 0.4459392066836635, 0.5096695674832763, 0.5071129487377211, 0.4595483755371808, 0.5421889927144112], 'train_mae': [2.1876, 1.882540809084457, 1.919833514296055, 2.1008531849178924, 1.7488702388637831, 1.6947062691801842, 1.521456322627147, 1.5385605191753615, 1.5461800159603512, 1.5589488718836002, 1.5686598995419954, 1.6224086021505377, 1.059774358974359, 1.4401256380054968, 1.5400260869565217, 1.280174277447035, 1.6368091195421044, 1.8263346303501946, 1.212463157894737], 'val_loss': [3.2523579486846925, 3.436755955056127, 3.330226634603577, 2.446247732143671, 2.7732016980553382, 2.5804751854778925, 2.4310282093480846, 2.354464358540483, 2.2470703749649186, 2.180971974489357, 2.189049724083601, 2.3239590995665522, 2.3726349524180095, 2.1956962509046436, 2.1562058368309684, 2.0577228432993038, 2.0921368425175775, 2.0195097044013353, 2.0483593299865723], 'val_accuracy': [0.10876666666666666, 0.13258511947007334, 0.19924421281216068, 0.3115098345616342, 0.27301149733699165, 0.3037124689463685, 0.3280911133379041, 0.3489498699264315, 0.3687069847536646, 0.38155582753695555, 0.39614606500635147, 0.39245161290322583, 0.3603, 0.4142244863237796, 0.40621521739130434, 0.43543637875411584, 0.45729032247749685, 0.44098326848249025, 0.4421], 'val_f1': [0.029524682922225584, 0.050496384477036325, 0.12190054126441544, 0.25427600908260156, 0.19829404284654437, 0.229254472478445, 0.2556359919703577, 0.28235093125370114, 0.3067958252673966, 0.321399745183626, 0.3517835186445813, 0.3401524575034469, 0.2865486403762631, 0.35855175654853355, 0.3562169130471891, 0.38800751110274373, 0.42284741944723225, 0.4063204395824656, 0.3992490947015513], 'val_mae': [2.821633333333333, 2.762383487106695, 2.861099218241042, 2.6077488792391668, 2.758699326178179, 2.6152107226362706, 2.589911755709087, 2.381835931074995, 2.397876492082826, 2.376351668079473, 2.213898122530796, 2.30428064516129, 2.5963, 2.2169769663656593, 2.2921239130434783, 2.156348741144777, 1.946371170479799, 2.0362618677042805, 2.0934666666666666], 'jsd': [(0, 0.31037237167577497, 0.28120069329109243, 0.33412025379574817, 0, 0), (0, 0.11831595591413498, 0.30441027996679115, 0.3497408940224168, 0, 0), (0, 0.22174075790083844, 0.1148495516799718, 0.07065310240642222, 0, 0), (0, 0.10043697045871877, 0.07044001006946746, 0.09215384179737574, 0, 0), (0.10218538017028003, 0.2720287281301968, 0.2004517493303869, 0.2515178906870974, 0.23548335962010625, 0.17300697387830682), (0, 0.15407646647314943, 0.07170991155179787, 0.08251932222540631, 0, 0), (0, 0.19059226141841865, 0.08150394813585263, 0.0836896934581679, 0, 0), (0, 0.08188211617520993, 0.06537166679910283, 0.06894077441167386, 0, 0), (0, 0.12878513354388516, 0.0683840006728624, 0.14826281751034603, 0, 0), (0, 0.18711065625583562, 0.06949098900495174, 0.06481236682368777, 0, 0), (0, 0.061263689470418166, 0.21383025475976783, 0.15342961818477072, 0, 0), (0, 0.09697357759734725, 0.105507726554257, 0.06243509035886362, 0, 0), (0, 0.21474785760620418, 0.181094197073897, 0.21851891158775047, 0, 0), (0, 0.05671585210309029, 0.19231381819137267, 0.20947637334808267, 0, 0), (0, 0.055310632742683115, 0.14510829272979842, 0.055170152388012, 0, 0), (0, 0.05383246034157609, 0.12001911667629953, 0.14643012596799798, 0, 0), (0, 0.15448244996823807, 0.052934420443222246, 0.05292672602334509, 0, 0), (0, 0.05232755426288169, 0.117869061753963, 0.05223627673419271, 0, 0), (0, 0.12471544455742206, 0.12697400811731174, 0.14168877090401574, 0, 0)]}}
AdaptationManager: Configuring next round...
{'client_registry': {'enabled': True, 'params': {}}, 'client_selector': {'enabled': True, 'params': {'selection_strategy': 'Resource-Based', 'selection_criteria': 'CPU', 'selection_value': 2}}, 'client_cluster': {'enabled': False, 'params': {}}, 'message_compressor': {'enabled': False, 'params': {}}, 'model_co-versioning_registry': {'enabled': False, 'params': {}}, 'multi-task_model_trainer': {'enabled': False, 'params': {}}, 'heterogeneous_data_handler': {'enabled': True, 'params': {'enabled_clients': []}}}
{'client_selector': {'enabled': True}, 'client_cluster': {'enabled': False}, 'message_compressor': {'enabled': False}, 'model_co-versioning_registry': {'enabled': False}, 'multi-task_model_trainer': {'enabled': False}, 'heterogeneous_data_handler': {'enabled': False, 'params': {'enabled_clients': ['Client 23', 'Client 25', 'Client 26', 'Client 27', 'Client 28']}}, 'client_registry': {'enabled': True, 'params': {}}}
round 20, 3 high, 3 low, 0.0-iid clients, predicted best policy: client_selector activated ✅
heterogeneous_data_handler activated ✅ for clients: ['Client 26']
Client Client 28 has insufficient CPU (1). Will not participate in the next FL round.
Client Client 24 participates in this round. (CPU: 2, RAM: 4)
Client Client 23 participates in this round. (CPU: 2, RAM: 4)
Client Client 25 participates in this round. (CPU: 2, RAM: 4)
Client Client 27 has insufficient CPU (1). Will not participate in the next FL round.
Client Client 26 has insufficient CPU (1). Will not participate in the next FL round.
Results Aggregated in 151.43 seconds.
{'CNN 16k': {'train_loss': [1.5108716221173604, 1.4053415297221032, 1.4785152623112374, 1.5177377663542053, 1.2549803369925667, 1.3011022611230887, 1.345261934491658, 1.2955845016116525, 1.2334700397986365, 1.1770378188075177, 1.0953809625930984, 1.2332737558118758, 0.88722657055488, 1.0398543456609606, 1.1773853186939074, 1.0585102061022902, 1.1705319640798333, 1.2684521037521066, 0.9811686698696069, 0.9782647414271036], 'train_accuracy': [0.44866666666666666, 0.4892950082801041, 0.4473036554469779, 0.43695911440017127, 0.5444238218205294, 0.5035072336694433, 0.5012921259427245, 0.513790595541134, 0.5394878687331122, 0.5484050768141018, 0.5953710070273986, 0.5226559139784946, 0.6933025641025641, 0.5995382055452727, 0.5238956521739131, 0.6047161339674726, 0.5475162677666395, 0.5067704280155642, 0.6479578947368421, 0.63938], 'train_f1': [0.09492520646129035, 0.1292655468104597, 0.22618047260634175, 0.340227703657884, 0.30749936632060343, 0.36807693672345543, 0.3654214223431346, 0.4336020852769965, 0.41720176716942053, 0.44563720792392675, 0.4599215989371874, 0.4537950030962789, 0.43239652446424404, 0.4780997236651844, 0.4459392066836635, 0.5096695674832763, 0.5071129487377211, 0.4595483755371808, 0.5421889927144112, 0.5509889346866952], 'train_mae': [2.1876, 1.882540809084457, 1.919833514296055, 2.1008531849178924, 1.7488702388637831, 1.6947062691801842, 1.521456322627147, 1.5385605191753615, 1.5461800159603512, 1.5589488718836002, 1.5686598995419954, 1.6224086021505377, 1.059774358974359, 1.4401256380054968, 1.5400260869565217, 1.280174277447035, 1.6368091195421044, 1.8263346303501946, 1.212463157894737, 1.2503266666666666], 'val_loss': [3.2523579486846925, 3.436755955056127, 3.330226634603577, 2.446247732143671, 2.7732016980553382, 2.5804751854778925, 2.4310282093480846, 2.354464358540483, 2.2470703749649186, 2.180971974489357, 2.189049724083601, 2.3239590995665522, 2.3726349524180095, 2.1956962509046436, 2.1562058368309684, 2.0577228432993038, 2.0921368425175775, 2.0195097044013353, 2.0483593299865723, 2.0743642787297567], 'val_accuracy': [0.10876666666666666, 0.13258511947007334, 0.19924421281216068, 0.3115098345616342, 0.27301149733699165, 0.3037124689463685, 0.3280911133379041, 0.3489498699264315, 0.3687069847536646, 0.38155582753695555, 0.39614606500635147, 0.39245161290322583, 0.3603, 0.4142244863237796, 0.40621521739130434, 0.43543637875411584, 0.45729032247749685, 0.44098326848249025, 0.4421, 0.44583333333333336], 'val_f1': [0.029524682922225584, 0.050496384477036325, 0.12190054126441544, 0.25427600908260156, 0.19829404284654437, 0.229254472478445, 0.2556359919703577, 0.28235093125370114, 0.3067958252673966, 0.321399745183626, 0.3517835186445813, 0.3401524575034469, 0.2865486403762631, 0.35855175654853355, 0.3562169130471891, 0.38800751110274373, 0.42284741944723225, 0.4063204395824656, 0.3992490947015513, 0.4050512431331599], 'val_mae': [2.821633333333333, 2.762383487106695, 2.861099218241042, 2.6077488792391668, 2.758699326178179, 2.6152107226362706, 2.589911755709087, 2.381835931074995, 2.397876492082826, 2.376351668079473, 2.213898122530796, 2.30428064516129, 2.5963, 2.2169769663656593, 2.2921239130434783, 2.156348741144777, 1.946371170479799, 2.0362618677042805, 2.0934666666666666, 2.0302], 'jsd': [(0, 0.31037237167577497, 0.28120069329109243, 0.33412025379574817, 0, 0), (0, 0.11831595591413498, 0.30441027996679115, 0.3497408940224168, 0, 0), (0, 0.22174075790083844, 0.1148495516799718, 0.07065310240642222, 0, 0), (0, 0.10043697045871877, 0.07044001006946746, 0.09215384179737574, 0, 0), (0.10218538017028003, 0.2720287281301968, 0.2004517493303869, 0.2515178906870974, 0.23548335962010625, 0.17300697387830682), (0, 0.15407646647314943, 0.07170991155179787, 0.08251932222540631, 0, 0), (0, 0.19059226141841865, 0.08150394813585263, 0.0836896934581679, 0, 0), (0, 0.08188211617520993, 0.06537166679910283, 0.06894077441167386, 0, 0), (0, 0.12878513354388516, 0.0683840006728624, 0.14826281751034603, 0, 0), (0, 0.18711065625583562, 0.06949098900495174, 0.06481236682368777, 0, 0), (0, 0.061263689470418166, 0.21383025475976783, 0.15342961818477072, 0, 0), (0, 0.09697357759734725, 0.105507726554257, 0.06243509035886362, 0, 0), (0, 0.21474785760620418, 0.181094197073897, 0.21851891158775047, 0, 0), (0, 0.05671585210309029, 0.19231381819137267, 0.20947637334808267, 0, 0), (0, 0.055310632742683115, 0.14510829272979842, 0.055170152388012, 0, 0), (0, 0.05383246034157609, 0.12001911667629953, 0.14643012596799798, 0, 0), (0, 0.15448244996823807, 0.052934420443222246, 0.05292672602334509, 0, 0), (0, 0.05232755426288169, 0.117869061753963, 0.05223627673419271, 0, 0), (0, 0.12471544455742206, 0.12697400811731174, 0.14168877090401574, 0, 0), (0, 0.14177048873670306, 0.12965165340281096, 0.15202248228801296, 0, 0)]}}
AdaptationManager: Configuring next round...
{'client_registry': {'enabled': True, 'params': {}}, 'client_selector': {'enabled': True, 'params': {'selection_strategy': 'Resource-Based', 'selection_criteria': 'CPU', 'selection_value': 2}}, 'client_cluster': {'enabled': False, 'params': {}}, 'message_compressor': {'enabled': False, 'params': {}}, 'model_co-versioning_registry': {'enabled': False, 'params': {}}, 'multi-task_model_trainer': {'enabled': False, 'params': {}}, 'heterogeneous_data_handler': {'enabled': True, 'params': {'enabled_clients': []}}}
{'client_selector': {'enabled': True}, 'client_cluster': {'enabled': False}, 'message_compressor': {'enabled': False}, 'model_co-versioning_registry': {'enabled': False}, 'multi-task_model_trainer': {'enabled': False}, 'heterogeneous_data_handler': {'enabled': True, 'params': {'enabled_clients': ['Client 26']}}, 'client_registry': {'enabled': True, 'params': {}}}
round 21, 3 high, 3 low, 0.0-iid clients, predicted best policy: client_selector activated ✅
heterogeneous_data_handler activated ✅ for clients: ['Client 23', 'Client 24', 'Client 26', 'Client 27', 'Client 28']
